0;16;8048;0x71c64c51f9c842fe867cc6bb89742713886e1f762c3c4cf51c4dd8627803f8e9;0xa5c90379f84e40393a4774b32dad5563009ccd010a4ec3f806c24e5267da8ba1;0x9af85eb8;0xd012800dL;0.500000;1503123116;1503123116
0;16;8048;0x71c64c51f9c842fe867cc6bb89742713886e1f762c3c4cf51c4dd8627803f8e9;0xa5c90379f84e40393a4774b32dad5563009ccd010a4ec3f806c24e5267da8ba1;0x9af85eb8;0xd012800dL;0.500000;1503123116;1503123116
0;16;8048;0x71c64c51f9c842fe867cc6bb89742713886e1f762c3c4cf51c4dd8627803f8e9;0xa5c90379f84e40393a4774b32dad5563009ccd010a4ec3f806c24e5267da8ba1;0x9af85eb8;0xd012800dL;0.500000;1503123116;1503123117
0;16;8048;0x3ab20fd5fef5bdd75516fd831c3e9934e01bcde24e15e06dd02aceef99e922d3;0x73453ba266840cab2443cb5ee38fe50ded3e3cd1d51e5ecedfe9aa5f7d291b83;0xda2a21ab;0xc7817808L;0.500000;1503123117;1503123117
0;16;8048;0x3ab20fd5fef5bdd75516fd831c3e9934e01bcde24e15e06dd02aceef99e922d3;0x73453ba266840cab2443cb5ee38fe50ded3e3cd1d51e5ecedfe9aa5f7d291b83;0xda2a21ab;0xc7817808L;0.500000;1503123117;1503123117
0;16;8048;0x3ab20fd5fef5bdd75516fd831c3e9934e01bcde24e15e06dd02aceef99e922d3;0x73453ba266840cab2443cb5ee38fe50ded3e3cd1d51e5ecedfe9aa5f7d291b83;0xda2a21ab;0xc7817808L;0.500000;1503123117;1503123117
0;16;8048;0x3ab20fd5fef5bdd75516fd831c3e9934e01bcde24e15e06dd02aceef99e922d3;0x73453ba266840cab2443cb5ee38fe50ded3e3cd1d51e5ecedfe9aa5f7d291b83;0xda2a21ab;0xc7817808L;0.500000;1503123117;1503123117
0;16;8048;0x3ab20fd5fef5bdd75516fd831c3e9934e01bcde24e15e06dd02aceef99e922d3;0x73453ba266840cab2443cb5ee38fe50ded3e3cd1d51e5ecedfe9aa5f7d291b83;0xda2a21ab;0xc7817808L;0.500000;1503123117;1503123118
0;16;8048;0x5f3b110d60392b5a7fc41786558b018cff29723c3850e27d559b4b2690112aef;0xa541c9fe007c6b36fff1bf82256b9b2b39d07773b05b385ad1f407c8b8ccea15;0xb6870cd6;0x348a9109L;0.500000;1503123118;1503123118
0;16;8048;0x5f3b110d60392b5a7fc41786558b018cff29723c3850e27d559b4b2690112aef;0xa541c9fe007c6b36fff1bf82256b9b2b39d07773b05b385ad1f407c8b8ccea15;0xb6870cd6;0x348a9109L;0.500000;1503123118;1503123118
0;16;8048;0x5f3b110d60392b5a7fc41786558b018cff29723c3850e27d559b4b2690112aef;0xa541c9fe007c6b36fff1bf82256b9b2b39d07773b05b385ad1f407c8b8ccea15;0xb6870cd6;0x348a9109L;0.500000;1503123118;1503123118
0;16;8048;0x5f3b110d60392b5a7fc41786558b018cff29723c3850e27d559b4b2690112aef;0xa541c9fe007c6b36fff1bf82256b9b2b39d07773b05b385ad1f407c8b8ccea15;0xb6870cd6;0x348a9109L;0.500000;1503123118;1503123119
0;16;8048;0x5ed76fc4a9027ec78610eb8af0e84bcbf55bca25febcd2dc7fdeef19e340f842;0xba64136376dbef36971cbb0e646d83303a0cb0ed9ca3b1c7d80a27ae5ebb0174;0x285eee9b;0x11c4818dL;0.500000;1503123119;1503123119
0;16;8048;0x5ed76fc4a9027ec78610eb8af0e84bcbf55bca25febcd2dc7fdeef19e340f842;0xba64136376dbef36971cbb0e646d83303a0cb0ed9ca3b1c7d80a27ae5ebb0174;0x285eee9b;0x11c4818dL;0.500000;1503123119;1503123119
0;16;8048;0x5ed76fc4a9027ec78610eb8af0e84bcbf55bca25febcd2dc7fdeef19e340f842;0xba64136376dbef36971cbb0e646d83303a0cb0ed9ca3b1c7d80a27ae5ebb0174;0x285eee9b;0x11c4818dL;0.500000;1503123119;1503123119
0;16;8048;0x5ed76fc4a9027ec78610eb8af0e84bcbf55bca25febcd2dc7fdeef19e340f842;0xba64136376dbef36971cbb0e646d83303a0cb0ed9ca3b1c7d80a27ae5ebb0174;0x285eee9b;0x11c4818dL;0.500000;1503123119;1503123120
0;16;8048;0x37e617ad7297573883966c359d2ad363217077e90f784312c649c71ec0daecf7;0x8373ec6339edca50b4809de0ec727dc7b3c179d0806d0c4193ca093254086658;0xaf4333e3;0xba23eca4L;0.500000;1503123120;1503123120
0;16;8048;0x37e617ad7297573883966c359d2ad363217077e90f784312c649c71ec0daecf7;0x8373ec6339edca50b4809de0ec727dc7b3c179d0806d0c4193ca093254086658;0xaf4333e3;0xba23eca4L;0.500000;1503123120;1503123120
0;16;8048;0x37e617ad7297573883966c359d2ad363217077e90f784312c649c71ec0daecf7;0x8373ec6339edca50b4809de0ec727dc7b3c179d0806d0c4193ca093254086658;0xaf4333e3;0xba23eca4L;0.500000;1503123120;1503123120
0;16;8048;0x37e617ad7297573883966c359d2ad363217077e90f784312c649c71ec0daecf7;0x8373ec6339edca50b4809de0ec727dc7b3c179d0806d0c4193ca093254086658;0xaf4333e3;0xba23eca4L;0.500000;1503123120;1503123121
