0;16;8048;0xa1c2036ccb0a4ba95159b92b6225e8ec456538e1ff0d1aa3e65f7b8664bb1e05;0xf9570a64808b88ea5b82a0e8b08ed2e8946dcadee89506a7f419754e0fe2a860;0x49e86556;0x96064b6L;0.500000;1503116789;1503116789
0;16;8048;0xa1c2036ccb0a4ba95159b92b6225e8ec456538e1ff0d1aa3e65f7b8664bb1e05;0xf9570a64808b88ea5b82a0e8b08ed2e8946dcadee89506a7f419754e0fe2a860;0x49e86556;0x96064b6L;0.500000;1503116789;1503116789
0;16;8048;0xa1c2036ccb0a4ba95159b92b6225e8ec456538e1ff0d1aa3e65f7b8664bb1e05;0xf9570a64808b88ea5b82a0e8b08ed2e8946dcadee89506a7f419754e0fe2a860;0x49e86556;0x96064b6L;0.500000;1503116789;1503116790
0;16;8048;0xaeab77776f3ce254ae2f325672bda80015ceaa85c75983ddf8586ec50fc59ebd;0x3f5eee068b332e1ef2fd1f47c3c70765602fe648411878cc7baf084472f120de;0x10835717;0x9c630a2cL;0.500000;1503116790;1503116790
0;16;8048;0xaeab77776f3ce254ae2f325672bda80015ceaa85c75983ddf8586ec50fc59ebd;0x3f5eee068b332e1ef2fd1f47c3c70765602fe648411878cc7baf084472f120de;0x10835717;0x9c630a2cL;0.500000;1503116790;1503116790
0;16;8048;0xaeab77776f3ce254ae2f325672bda80015ceaa85c75983ddf8586ec50fc59ebd;0x3f5eee068b332e1ef2fd1f47c3c70765602fe648411878cc7baf084472f120de;0x10835717;0x9c630a2cL;0.500000;1503116790;1503116790
0;16;8048;0xaeab77776f3ce254ae2f325672bda80015ceaa85c75983ddf8586ec50fc59ebd;0x3f5eee068b332e1ef2fd1f47c3c70765602fe648411878cc7baf084472f120de;0x10835717;0x9c630a2cL;0.500000;1503116790;1503116790
0;16;8048;0xaeab77776f3ce254ae2f325672bda80015ceaa85c75983ddf8586ec50fc59ebd;0x3f5eee068b332e1ef2fd1f47c3c70765602fe648411878cc7baf084472f120de;0x10835717;0x9c630a2cL;0.500000;1503116791;1503116791
0;16;8048;0x958da8738634ad5df899941730dc8519f1a91032c0f68daa923c0b7ce6a81c7b;0x65c5098713cb31615911b6c0ebe0f7fb383fc92459c72c225514673343a4a44c;0x8eb96cd8;0xa4809615L;0.500000;1503116791;1503116791
0;16;8048;0x958da8738634ad5df899941730dc8519f1a91032c0f68daa923c0b7ce6a81c7b;0x65c5098713cb31615911b6c0ebe0f7fb383fc92459c72c225514673343a4a44c;0x8eb96cd8;0xa4809615L;0.500000;1503116791;1503116791
0;16;8048;0x958da8738634ad5df899941730dc8519f1a91032c0f68daa923c0b7ce6a81c7b;0x65c5098713cb31615911b6c0ebe0f7fb383fc92459c72c225514673343a4a44c;0x8eb96cd8;0xa4809615L;0.500000;1503116791;1503116791
0;16;8048;0x958da8738634ad5df899941730dc8519f1a91032c0f68daa923c0b7ce6a81c7b;0x65c5098713cb31615911b6c0ebe0f7fb383fc92459c72c225514673343a4a44c;0x8eb96cd8;0xa4809615L;0.500000;1503116791;1503116792
0;16;8048;0xb2beaaca596fb419e60a72744c80b6ed710d08d23b057fdece80ca2de72fad99;0x603fb4e00bc86990acee23c899f1cbaac65f254fb87485b920d6e4f68cba3455;0x298c3a38;0x88893180L;0.500000;1503116792;1503116792
0;16;8048;0xb2beaaca596fb419e60a72744c80b6ed710d08d23b057fdece80ca2de72fad99;0x603fb4e00bc86990acee23c899f1cbaac65f254fb87485b920d6e4f68cba3455;0x298c3a38;0x88893180L;0.500000;1503116792;1503116792
0;16;8048;0xb2beaaca596fb419e60a72744c80b6ed710d08d23b057fdece80ca2de72fad99;0x603fb4e00bc86990acee23c899f1cbaac65f254fb87485b920d6e4f68cba3455;0x298c3a38;0x88893180L;0.500000;1503116792;1503116792
0;16;8048;0xb2beaaca596fb419e60a72744c80b6ed710d08d23b057fdece80ca2de72fad99;0x603fb4e00bc86990acee23c899f1cbaac65f254fb87485b920d6e4f68cba3455;0x298c3a38;0x88893180L;0.500000;1503116792;1503116793
0;16;8048;0x5b51adf9f0c38bfc162a71f8acc4bb138867ef2f2e09d698503c254eb1d34a0c;0xf0dfd3d8f6d7eb0d5630db2f80b5d21942d4ebad32340fcd61391089ae6a544a;0xbf087f01;0x85d54d82L;0.500000;1503116793;1503116793
0;16;8048;0x5b51adf9f0c38bfc162a71f8acc4bb138867ef2f2e09d698503c254eb1d34a0c;0xf0dfd3d8f6d7eb0d5630db2f80b5d21942d4ebad32340fcd61391089ae6a544a;0xbf087f01;0x85d54d82L;0.500000;1503116793;1503116793
0;16;8048;0x5b51adf9f0c38bfc162a71f8acc4bb138867ef2f2e09d698503c254eb1d34a0c;0xf0dfd3d8f6d7eb0d5630db2f80b5d21942d4ebad32340fcd61391089ae6a544a;0xbf087f01;0x85d54d82L;0.500000;1503116793;1503116793
0;16;8048;0x5b51adf9f0c38bfc162a71f8acc4bb138867ef2f2e09d698503c254eb1d34a0c;0xf0dfd3d8f6d7eb0d5630db2f80b5d21942d4ebad32340fcd61391089ae6a544a;0xbf087f01;0x85d54d82L;0.500000;1503116793;1503116794
