0;16;8048;0xf9cdf3060ef20c2c8162b404458fcd7e0c34b47f0ade635936851233b7e651b0;0xc016709c68fbf5ad22536a10b653c60228b8ea4a4ed73589ef5105f524a57551;0x74939c46;0x31101e08L;0.500000;1503185086;1503185086
0;16;8048;0xf9cdf3060ef20c2c8162b404458fcd7e0c34b47f0ade635936851233b7e651b0;0xc016709c68fbf5ad22536a10b653c60228b8ea4a4ed73589ef5105f524a57551;0x74939c46;0x31101e08L;0.500000;1503185086;1503185087
0;16;8048;0xf973a8d9716e85fee75477db996f309b9efcf2ed6d7ab7d3a78919b3be7ecfb7;0xf580a1607292a20989fdc02c12909b78e51facbaae091705de6e7231afdcd5ae;0xa3eedb7c;0x4da2a836L;0.500000;1503185087;1503185087
0;16;8048;0xf973a8d9716e85fee75477db996f309b9efcf2ed6d7ab7d3a78919b3be7ecfb7;0xf580a1607292a20989fdc02c12909b78e51facbaae091705de6e7231afdcd5ae;0xa3eedb7c;0x4da2a836L;0.500000;1503185087;1503185087
0;16;8048;0xf973a8d9716e85fee75477db996f309b9efcf2ed6d7ab7d3a78919b3be7ecfb7;0xf580a1607292a20989fdc02c12909b78e51facbaae091705de6e7231afdcd5ae;0xa3eedb7c;0x4da2a836L;0.500000;1503185087;1503185087
0;16;8048;0xf973a8d9716e85fee75477db996f309b9efcf2ed6d7ab7d3a78919b3be7ecfb7;0xf580a1607292a20989fdc02c12909b78e51facbaae091705de6e7231afdcd5ae;0xa3eedb7c;0x4da2a836L;0.500000;1503185087;1503185087
0;16;8048;0xf973a8d9716e85fee75477db996f309b9efcf2ed6d7ab7d3a78919b3be7ecfb7;0xf580a1607292a20989fdc02c12909b78e51facbaae091705de6e7231afdcd5ae;0xa3eedb7c;0x4da2a836L;0.500000;1503185088;1503185088
0;16;8048;0x80d38d21e405023a53f8e804202df3c3097e9b0a91c300c692f6e6587ea5a7fe;0x1ebea2cc02dfa4ae9bc9d78eb0b26e0211007ab811462f9743c58ac804bf6277;0xd28abacc;0x284c1280L;0.500000;1503185088;1503185088
0;16;8048;0x80d38d21e405023a53f8e804202df3c3097e9b0a91c300c692f6e6587ea5a7fe;0x1ebea2cc02dfa4ae9bc9d78eb0b26e0211007ab811462f9743c58ac804bf6277;0xd28abacc;0x284c1280L;0.500000;1503185088;1503185088
0;16;8048;0x80d38d21e405023a53f8e804202df3c3097e9b0a91c300c692f6e6587ea5a7fe;0x1ebea2cc02dfa4ae9bc9d78eb0b26e0211007ab811462f9743c58ac804bf6277;0xd28abacc;0x284c1280L;0.500000;1503185088;1503185088
0;16;8048;0x80d38d21e405023a53f8e804202df3c3097e9b0a91c300c692f6e6587ea5a7fe;0x1ebea2cc02dfa4ae9bc9d78eb0b26e0211007ab811462f9743c58ac804bf6277;0xd28abacc;0x284c1280L;0.500000;1503185088;1503185089
0;16;8048;0x74b36bae331ec80bbac71ad52a6c4885fbdf15ac7a9801d5fe8b7c61b3f9a427;0xeaed1bd7932fbb3e45b0fd3c9a709073e5eea1f077eb0c89ad2cc84cb9c0f1d9;0x7511691e;0x102ecc13L;0.500000;1503185089;1503185089
0;16;8048;0x74b36bae331ec80bbac71ad52a6c4885fbdf15ac7a9801d5fe8b7c61b3f9a427;0xeaed1bd7932fbb3e45b0fd3c9a709073e5eea1f077eb0c89ad2cc84cb9c0f1d9;0x7511691e;0x102ecc13L;0.500000;1503185089;1503185089
0;16;8048;0x74b36bae331ec80bbac71ad52a6c4885fbdf15ac7a9801d5fe8b7c61b3f9a427;0xeaed1bd7932fbb3e45b0fd3c9a709073e5eea1f077eb0c89ad2cc84cb9c0f1d9;0x7511691e;0x102ecc13L;0.500000;1503185089;1503185089
0;16;8048;0x74b36bae331ec80bbac71ad52a6c4885fbdf15ac7a9801d5fe8b7c61b3f9a427;0xeaed1bd7932fbb3e45b0fd3c9a709073e5eea1f077eb0c89ad2cc84cb9c0f1d9;0x7511691e;0x102ecc13L;0.500000;1503185089;1503185090
0;16;8048;0x1d7b992c07b6041f7ecac4ba17355ca23c69b52726103780c9700674cf3713ed;0x5778ba4dad36e5e6db71f00e53565d00fde87f299d184f32936dac258ada8c64;0x236a132d;0xce28033L;0.500000;1503185090;1503185090
0;16;8048;0x1d7b992c07b6041f7ecac4ba17355ca23c69b52726103780c9700674cf3713ed;0x5778ba4dad36e5e6db71f00e53565d00fde87f299d184f32936dac258ada8c64;0x236a132d;0xce28033L;0.500000;1503185090;1503185090
0;16;8048;0x1d7b992c07b6041f7ecac4ba17355ca23c69b52726103780c9700674cf3713ed;0x5778ba4dad36e5e6db71f00e53565d00fde87f299d184f32936dac258ada8c64;0x236a132d;0xce28033L;0.500000;1503185090;1503185090
0;16;8048;0x1d7b992c07b6041f7ecac4ba17355ca23c69b52726103780c9700674cf3713ed;0x5778ba4dad36e5e6db71f00e53565d00fde87f299d184f32936dac258ada8c64;0x236a132d;0xce28033L;0.500000;1503185090;1503185091
0;16;8048;0xaa3dbeaf600ad478b42dc2a038113db855326cb2ba50ad02b3d0cb135ef13908;0xc2226ad0a62c7acf87b2600d80662acc352281ccbd26070c125216487d991d98;0x8fa82c89;0x9c25041eL;0.500000;1503185091;1503185091
