0;16;8048;0xd8c02eb26378c7d28a9a6c6aa8e4400e7ac7d13c7a614a1c10b241f218c925f0;0xf592116e64792d6e023873dfcbb2b2d7748f6d18cd856b2c1c1db7b74a7e1248;0x5f085df2;0xe3058489L;0.500000;1503161308;1503161309
0;16;8048;0x572e884fb71fb3443d5de660b3a29ab0e1566c73e32567262d121422e77e5b3e;0x6d7592264ef321a2d7861383fc4a6ac50577a9e8fe46718dd29b8c7a8910a23a;0xc92a7bbc;0xe8241809L;0.500000;1503161309;1503161309
0;16;8048;0x572e884fb71fb3443d5de660b3a29ab0e1566c73e32567262d121422e77e5b3e;0x6d7592264ef321a2d7861383fc4a6ac50577a9e8fe46718dd29b8c7a8910a23a;0xc92a7bbc;0xe8241809L;0.500000;1503161309;1503161309
0;16;8048;0x572e884fb71fb3443d5de660b3a29ab0e1566c73e32567262d121422e77e5b3e;0x6d7592264ef321a2d7861383fc4a6ac50577a9e8fe46718dd29b8c7a8910a23a;0xc92a7bbc;0xe8241809L;0.500000;1503161309;1503161309
0;16;8048;0x572e884fb71fb3443d5de660b3a29ab0e1566c73e32567262d121422e77e5b3e;0x6d7592264ef321a2d7861383fc4a6ac50577a9e8fe46718dd29b8c7a8910a23a;0xc92a7bbc;0xe8241809L;0.500000;1503161309;1503161310
0;16;8048;0x0aee4e0f4e107acb1e8b40936b6e48d8fe4a2964ca574af9cd11d28633ecd83e;0xffa73d1bfe7886e291f5e4a85fc97c186a88f46c61bb6911a8e13db523457b48;0xbf16596b;0x30018805L;0.500000;1503161310;1503161310
0;16;8048;0x0aee4e0f4e107acb1e8b40936b6e48d8fe4a2964ca574af9cd11d28633ecd83e;0xffa73d1bfe7886e291f5e4a85fc97c186a88f46c61bb6911a8e13db523457b48;0xbf16596b;0x30018805L;0.500000;1503161310;1503161310
0;16;8048;0x0aee4e0f4e107acb1e8b40936b6e48d8fe4a2964ca574af9cd11d28633ecd83e;0xffa73d1bfe7886e291f5e4a85fc97c186a88f46c61bb6911a8e13db523457b48;0xbf16596b;0x30018805L;0.500000;1503161310;1503161310
0;16;8048;0x0aee4e0f4e107acb1e8b40936b6e48d8fe4a2964ca574af9cd11d28633ecd83e;0xffa73d1bfe7886e291f5e4a85fc97c186a88f46c61bb6911a8e13db523457b48;0xbf16596b;0x30018805L;0.500000;1503161310;1503161310
0;16;8048;0xb66eadbdffb22bf71a3d165a0a2b730b8214f2cf672425ceac0c8429a83b345e;0x0357084e4402758f6bdf5e9909bf63b61458ea2ea5b644d70a08ca615b7eeaeb;0x7e005a89;0xc1c1a393L;0.500000;1503161311;1503161311
0;16;8048;0xb66eadbdffb22bf71a3d165a0a2b730b8214f2cf672425ceac0c8429a83b345e;0x0357084e4402758f6bdf5e9909bf63b61458ea2ea5b644d70a08ca615b7eeaeb;0x7e005a89;0xc1c1a393L;0.500000;1503161311;1503161311
0;16;8048;0xb66eadbdffb22bf71a3d165a0a2b730b8214f2cf672425ceac0c8429a83b345e;0x0357084e4402758f6bdf5e9909bf63b61458ea2ea5b644d70a08ca615b7eeaeb;0x7e005a89;0xc1c1a393L;0.500000;1503161311;1503161311
0;16;8048;0xb66eadbdffb22bf71a3d165a0a2b730b8214f2cf672425ceac0c8429a83b345e;0x0357084e4402758f6bdf5e9909bf63b61458ea2ea5b644d70a08ca615b7eeaeb;0x7e005a89;0xc1c1a393L;0.500000;1503161311;1503161311
0;16;8048;0xb66eadbdffb22bf71a3d165a0a2b730b8214f2cf672425ceac0c8429a83b345e;0x0357084e4402758f6bdf5e9909bf63b61458ea2ea5b644d70a08ca615b7eeaeb;0x7e005a89;0xc1c1a393L;0.500000;1503161312;1503161312
0;16;8048;0xd4869fb37e5bfb6743aae88e1b08e381d62fc25023ee3293ab37f59f85403859;0xeedf14d95388768336e567f083f87c565148a8bc89f1d0f21c09e209f38fce6d;0x85f71655;0x66bc425L;0.500000;1503161312;1503161312
0;16;8048;0xd4869fb37e5bfb6743aae88e1b08e381d62fc25023ee3293ab37f59f85403859;0xeedf14d95388768336e567f083f87c565148a8bc89f1d0f21c09e209f38fce6d;0x85f71655;0x66bc425L;0.500000;1503161312;1503161312
0;16;8048;0xd4869fb37e5bfb6743aae88e1b08e381d62fc25023ee3293ab37f59f85403859;0xeedf14d95388768336e567f083f87c565148a8bc89f1d0f21c09e209f38fce6d;0x85f71655;0x66bc425L;0.500000;1503161312;1503161312
0;16;8048;0xd4869fb37e5bfb6743aae88e1b08e381d62fc25023ee3293ab37f59f85403859;0xeedf14d95388768336e567f083f87c565148a8bc89f1d0f21c09e209f38fce6d;0x85f71655;0x66bc425L;0.500000;1503161313;1503161313
0;16;8048;0x5662380a46cf6d5122a6e14eb0b2d242335f0e05c0a93589e3b97242714ed6c7;0x1c0408e09a7a9ece91211de359f0aa51c88fdbc68a50110d3affb6abea1043b0;0x0b217665;0xa2b1998L;0.500000;1503161313;1503161313
0;16;8048;0x5662380a46cf6d5122a6e14eb0b2d242335f0e05c0a93589e3b97242714ed6c7;0x1c0408e09a7a9ece91211de359f0aa51c88fdbc68a50110d3affb6abea1043b0;0x0b217665;0xa2b1998L;0.500000;1503161313;1503161313
