0;16;8048;0x921f15689814c2e24ae5cb361f811616546c4d636463f9f79b1e0ca780f72212;0x2f83d353218ed7dd56d33b84fc9f563cf2da1798381907c4a0aa21d046ec4882;0xb78d9f3f;0x1cddc02dL;0.500000;1503191058;1503191058
0;16;8048;0x921f15689814c2e24ae5cb361f811616546c4d636463f9f79b1e0ca780f72212;0x2f83d353218ed7dd56d33b84fc9f563cf2da1798381907c4a0aa21d046ec4882;0xb78d9f3f;0x1cddc02dL;0.500000;1503191058;1503191058
0;16;8048;0x921f15689814c2e24ae5cb361f811616546c4d636463f9f79b1e0ca780f72212;0x2f83d353218ed7dd56d33b84fc9f563cf2da1798381907c4a0aa21d046ec4882;0xb78d9f3f;0x1cddc02dL;0.500000;1503191058;1503191058
0;16;8048;0x921f15689814c2e24ae5cb361f811616546c4d636463f9f79b1e0ca780f72212;0x2f83d353218ed7dd56d33b84fc9f563cf2da1798381907c4a0aa21d046ec4882;0xb78d9f3f;0x1cddc02dL;0.500000;1503191059;1503191059
0;16;8048;0xdb665c62e6e796d057fedaa834134bf4522154fb5477eaa1b0d16786b111d58d;0x5805419117e4ee5f34c25a9ec2eb27a193ee1c4f072eef0408f9959160e54f4d;0xef62eef4;0x10d484eL;0.500000;1503191059;1503191059
0;16;8048;0xdb665c62e6e796d057fedaa834134bf4522154fb5477eaa1b0d16786b111d58d;0x5805419117e4ee5f34c25a9ec2eb27a193ee1c4f072eef0408f9959160e54f4d;0xef62eef4;0x10d484eL;0.500000;1503191059;1503191059
0;16;8048;0xdb665c62e6e796d057fedaa834134bf4522154fb5477eaa1b0d16786b111d58d;0x5805419117e4ee5f34c25a9ec2eb27a193ee1c4f072eef0408f9959160e54f4d;0xef62eef4;0x10d484eL;0.500000;1503191059;1503191059
0;16;8048;0xdb665c62e6e796d057fedaa834134bf4522154fb5477eaa1b0d16786b111d58d;0x5805419117e4ee5f34c25a9ec2eb27a193ee1c4f072eef0408f9959160e54f4d;0xef62eef4;0x10d484eL;0.500000;1503191059;1503191060
0;16;8048;0xefb42e253ec24deb802124b758a6bb1105ff23a03c4509376bfc9ce82fb4091e;0x2e3cd7923cabd822a2a05471709f437a7ac732f047c6aff14dce7ec46484a5d7;0xeb5a8073;0x3426a7a1L;0.500000;1503191060;1503191060
0;16;8048;0xefb42e253ec24deb802124b758a6bb1105ff23a03c4509376bfc9ce82fb4091e;0x2e3cd7923cabd822a2a05471709f437a7ac732f047c6aff14dce7ec46484a5d7;0xeb5a8073;0x3426a7a1L;0.500000;1503191060;1503191060
0;16;8048;0xefb42e253ec24deb802124b758a6bb1105ff23a03c4509376bfc9ce82fb4091e;0x2e3cd7923cabd822a2a05471709f437a7ac732f047c6aff14dce7ec46484a5d7;0xeb5a8073;0x3426a7a1L;0.500000;1503191060;1503191060
0;16;8048;0xefb42e253ec24deb802124b758a6bb1105ff23a03c4509376bfc9ce82fb4091e;0x2e3cd7923cabd822a2a05471709f437a7ac732f047c6aff14dce7ec46484a5d7;0xeb5a8073;0x3426a7a1L;0.500000;1503191060;1503191061
0;16;8048;0xa6d1d7a557fbf2853cc45bb49a1eb08177d933dbfa1c8e24f33354c8e6867e8c;0x2ce1c7795ec897e3a76c23212b76242a1d7da0a60a4eae6e4429ed423be4ecce;0xf9221404;0x80316442L;0.500000;1503191061;1503191061
0;16;8048;0xa6d1d7a557fbf2853cc45bb49a1eb08177d933dbfa1c8e24f33354c8e6867e8c;0x2ce1c7795ec897e3a76c23212b76242a1d7da0a60a4eae6e4429ed423be4ecce;0xf9221404;0x80316442L;0.500000;1503191061;1503191061
0;16;8048;0xa6d1d7a557fbf2853cc45bb49a1eb08177d933dbfa1c8e24f33354c8e6867e8c;0x2ce1c7795ec897e3a76c23212b76242a1d7da0a60a4eae6e4429ed423be4ecce;0xf9221404;0x80316442L;0.500000;1503191061;1503191061
0;16;8048;0xa6d1d7a557fbf2853cc45bb49a1eb08177d933dbfa1c8e24f33354c8e6867e8c;0x2ce1c7795ec897e3a76c23212b76242a1d7da0a60a4eae6e4429ed423be4ecce;0xf9221404;0x80316442L;0.500000;1503191061;1503191061
0;16;8048;0xa6d1d7a557fbf2853cc45bb49a1eb08177d933dbfa1c8e24f33354c8e6867e8c;0x2ce1c7795ec897e3a76c23212b76242a1d7da0a60a4eae6e4429ed423be4ecce;0xf9221404;0x80316442L;0.500000;1503191062;1503191062
0;16;8048;0x5aa977abfa4cc2644273cc2614b480da7285a71a14f0885d9d3a2bc28ad976e4;0xdd5dd7e7dddfe185173a7c23bad36a10bc850bde8e54a2ace78344f081c0ed2e;0xd6f1cf42;0x14120960L;0.500000;1503191062;1503191062
0;16;8048;0x5aa977abfa4cc2644273cc2614b480da7285a71a14f0885d9d3a2bc28ad976e4;0xdd5dd7e7dddfe185173a7c23bad36a10bc850bde8e54a2ace78344f081c0ed2e;0xd6f1cf42;0x14120960L;0.500000;1503191062;1503191062
0;16;8048;0x5aa977abfa4cc2644273cc2614b480da7285a71a14f0885d9d3a2bc28ad976e4;0xdd5dd7e7dddfe185173a7c23bad36a10bc850bde8e54a2ace78344f081c0ed2e;0xd6f1cf42;0x14120960L;0.500000;1503191062;1503191062
