0;16;8048;0x1235e220c623de7929a959aec89983eb8dd1f863f2fb5e0f123c992e62c2f375;0x4d4ac98d7de34ca789a8fc1100cfd7a8cf983ae004ac8d7c0a9419fd9974e851;0xf3c604f1;0x1885164aL;0.500000;1503120588;1503120588
0;16;8048;0x1235e220c623de7929a959aec89983eb8dd1f863f2fb5e0f123c992e62c2f375;0x4d4ac98d7de34ca789a8fc1100cfd7a8cf983ae004ac8d7c0a9419fd9974e851;0xf3c604f1;0x1885164aL;0.500000;1503120588;1503120588
0;16;8048;0x1235e220c623de7929a959aec89983eb8dd1f863f2fb5e0f123c992e62c2f375;0x4d4ac98d7de34ca789a8fc1100cfd7a8cf983ae004ac8d7c0a9419fd9974e851;0xf3c604f1;0x1885164aL;0.500000;1503120588;1503120589
0;16;8048;0x8490bf5d81d6e6fc553a674fed6418781b025a49df22ca2527d1899ecde33b51;0x741d6be2208718a8e878a894ffef2255143b72b1fabec76acc82860533410c2f;0xde513419;0x802204a8L;0.500000;1503120589;1503120589
0;16;8048;0x8490bf5d81d6e6fc553a674fed6418781b025a49df22ca2527d1899ecde33b51;0x741d6be2208718a8e878a894ffef2255143b72b1fabec76acc82860533410c2f;0xde513419;0x802204a8L;0.500000;1503120589;1503120589
0;16;8048;0x8490bf5d81d6e6fc553a674fed6418781b025a49df22ca2527d1899ecde33b51;0x741d6be2208718a8e878a894ffef2255143b72b1fabec76acc82860533410c2f;0xde513419;0x802204a8L;0.500000;1503120589;1503120589
0;16;8048;0x8490bf5d81d6e6fc553a674fed6418781b025a49df22ca2527d1899ecde33b51;0x741d6be2208718a8e878a894ffef2255143b72b1fabec76acc82860533410c2f;0xde513419;0x802204a8L;0.500000;1503120589;1503120590
0;16;8048;0xe4c22b40b6a7d1b0e9ece930da3e2b0355b89633a7ae8e431634a7a881c02c65;0xd863bad6d7b163624cf001408fc2d5e7566ec32e9bd124788ae2bf4891b8efd7;0x5af63dd6;0x308047a1L;0.500000;1503120590;1503120590
0;16;8048;0xe4c22b40b6a7d1b0e9ece930da3e2b0355b89633a7ae8e431634a7a881c02c65;0xd863bad6d7b163624cf001408fc2d5e7566ec32e9bd124788ae2bf4891b8efd7;0x5af63dd6;0x308047a1L;0.500000;1503120590;1503120590
0;16;8048;0xe4c22b40b6a7d1b0e9ece930da3e2b0355b89633a7ae8e431634a7a881c02c65;0xd863bad6d7b163624cf001408fc2d5e7566ec32e9bd124788ae2bf4891b8efd7;0x5af63dd6;0x308047a1L;0.500000;1503120590;1503120590
0;16;8048;0xe4c22b40b6a7d1b0e9ece930da3e2b0355b89633a7ae8e431634a7a881c02c65;0xd863bad6d7b163624cf001408fc2d5e7566ec32e9bd124788ae2bf4891b8efd7;0x5af63dd6;0x308047a1L;0.500000;1503120590;1503120591
0;16;8048;0x56f816b1c59a8f39c414d4684abb7a7067574e1330762665de73d06aa2efd5f8;0x7a7641915cc7c4a3b89197d905ff1eaf741d7dde7ef319b24fbb943037901e7a;0xc66e0126;0xb9d85c9eL;0.500000;1503120591;1503120591
0;16;8048;0x56f816b1c59a8f39c414d4684abb7a7067574e1330762665de73d06aa2efd5f8;0x7a7641915cc7c4a3b89197d905ff1eaf741d7dde7ef319b24fbb943037901e7a;0xc66e0126;0xb9d85c9eL;0.500000;1503120591;1503120591
0;16;8048;0x56f816b1c59a8f39c414d4684abb7a7067574e1330762665de73d06aa2efd5f8;0x7a7641915cc7c4a3b89197d905ff1eaf741d7dde7ef319b24fbb943037901e7a;0xc66e0126;0xb9d85c9eL;0.500000;1503120591;1503120591
0;16;8048;0x56f816b1c59a8f39c414d4684abb7a7067574e1330762665de73d06aa2efd5f8;0x7a7641915cc7c4a3b89197d905ff1eaf741d7dde7ef319b24fbb943037901e7a;0xc66e0126;0xb9d85c9eL;0.500000;1503120591;1503120591
0;16;8048;0x56f816b1c59a8f39c414d4684abb7a7067574e1330762665de73d06aa2efd5f8;0x7a7641915cc7c4a3b89197d905ff1eaf741d7dde7ef319b24fbb943037901e7a;0xc66e0126;0xb9d85c9eL;0.500000;1503120591;1503120592
0;16;8048;0x093463c818e57fb3d1aa74c16a11a2f3626205482793ac8c6ef309e5705a3d79;0x30ac5762c68b9e40968b26a8a4360d90a89a7190647b17ad92a419ba29ff6c84;0xdc5768a2;0x2c996120L;0.500000;1503120592;1503120592
0;16;8048;0x093463c818e57fb3d1aa74c16a11a2f3626205482793ac8c6ef309e5705a3d79;0x30ac5762c68b9e40968b26a8a4360d90a89a7190647b17ad92a419ba29ff6c84;0xdc5768a2;0x2c996120L;0.500000;1503120592;1503120592
0;16;8048;0x093463c818e57fb3d1aa74c16a11a2f3626205482793ac8c6ef309e5705a3d79;0x30ac5762c68b9e40968b26a8a4360d90a89a7190647b17ad92a419ba29ff6c84;0xdc5768a2;0x2c996120L;0.500000;1503120592;1503120592
0;16;8048;0x093463c818e57fb3d1aa74c16a11a2f3626205482793ac8c6ef309e5705a3d79;0x30ac5762c68b9e40968b26a8a4360d90a89a7190647b17ad92a419ba29ff6c84;0xdc5768a2;0x2c996120L;0.500000;1503120592;1503120593
