0;16;8048;0x5d4510ffeb4557874a8a3df36c3b859d5a223ecfce343fe55f316df1c4256c21;0x818056c9e4c1f9bc2e8f13db27ae73ee30fa1f6286bc5f6f949c409a57db9382;0x38ac693a;0xc025d108L;0.500000;1503093902;1503093902
0;16;8048;0x5d4510ffeb4557874a8a3df36c3b859d5a223ecfce343fe55f316df1c4256c21;0x818056c9e4c1f9bc2e8f13db27ae73ee30fa1f6286bc5f6f949c409a57db9382;0x38ac693a;0xc025d108L;0.500000;1503093902;1503093903
0;16;8048;0x73a950f4a06d54d28f5fdea7f72364a8ddad2c7c44e0b176071f5125eb32185f;0xaf918d1824487a7c00751edee7a9c1e1065bf51a8f281810a2b03875856b4c20;0x5540bdd6;0x50028339L;0.500000;1503093903;1503093903
0;16;8048;0x73a950f4a06d54d28f5fdea7f72364a8ddad2c7c44e0b176071f5125eb32185f;0xaf918d1824487a7c00751edee7a9c1e1065bf51a8f281810a2b03875856b4c20;0x5540bdd6;0x50028339L;0.500000;1503093903;1503093903
0;16;8048;0x73a950f4a06d54d28f5fdea7f72364a8ddad2c7c44e0b176071f5125eb32185f;0xaf918d1824487a7c00751edee7a9c1e1065bf51a8f281810a2b03875856b4c20;0x5540bdd6;0x50028339L;0.500000;1503093903;1503093903
0;16;8048;0x73a950f4a06d54d28f5fdea7f72364a8ddad2c7c44e0b176071f5125eb32185f;0xaf918d1824487a7c00751edee7a9c1e1065bf51a8f281810a2b03875856b4c20;0x5540bdd6;0x50028339L;0.500000;1503093903;1503093904
0;16;8048;0xae8f3185d83786aff589abc14136a10fd79576b9be34d78c693827cbe848a296;0x0ef1b04ad2bff61c3ad6b4fc7e2500d60d318d778dae7614d1227f8495d0de13;0x9f915fc1;0x2809208L;0.500000;1503093904;1503093904
0;16;8048;0xae8f3185d83786aff589abc14136a10fd79576b9be34d78c693827cbe848a296;0x0ef1b04ad2bff61c3ad6b4fc7e2500d60d318d778dae7614d1227f8495d0de13;0x9f915fc1;0x2809208L;0.500000;1503093904;1503093904
0;16;8048;0xae8f3185d83786aff589abc14136a10fd79576b9be34d78c693827cbe848a296;0x0ef1b04ad2bff61c3ad6b4fc7e2500d60d318d778dae7614d1227f8495d0de13;0x9f915fc1;0x2809208L;0.500000;1503093904;1503093904
0;16;8048;0xae8f3185d83786aff589abc14136a10fd79576b9be34d78c693827cbe848a296;0x0ef1b04ad2bff61c3ad6b4fc7e2500d60d318d778dae7614d1227f8495d0de13;0x9f915fc1;0x2809208L;0.500000;1503093904;1503093904
0;16;8048;0xae8f3185d83786aff589abc14136a10fd79576b9be34d78c693827cbe848a296;0x0ef1b04ad2bff61c3ad6b4fc7e2500d60d318d778dae7614d1227f8495d0de13;0x9f915fc1;0x2809208L;0.500000;1503093905;1503093905
0;16;8048;0xf2401dd15b555b2cb9a2559eb23550054ea0b2211fe7e35b160aa0eec50cfbb7;0x63d491b53438314e38a6730b09ac2f3b0dedafdbc8c4e1b09a843a956474ea68;0xa345b220;0xe48a180dL;0.500000;1503093905;1503093905
0;16;8048;0xf2401dd15b555b2cb9a2559eb23550054ea0b2211fe7e35b160aa0eec50cfbb7;0x63d491b53438314e38a6730b09ac2f3b0dedafdbc8c4e1b09a843a956474ea68;0xa345b220;0xe48a180dL;0.500000;1503093905;1503093905
0;16;8048;0xf2401dd15b555b2cb9a2559eb23550054ea0b2211fe7e35b160aa0eec50cfbb7;0x63d491b53438314e38a6730b09ac2f3b0dedafdbc8c4e1b09a843a956474ea68;0xa345b220;0xe48a180dL;0.500000;1503093905;1503093906
0;16;8048;0xf72dbcb1e6702ac4e71dd4f4e129d2e6fec577fea0c45ced71d2a07d3a464831;0x80c3c573656d58bae50bd4acd1dcc421eba120b1b943f892fe1556c11d733d3e;0x1e168bf9;0xa4640482L;0.500000;1503093906;1503093906
0;16;8048;0xf72dbcb1e6702ac4e71dd4f4e129d2e6fec577fea0c45ced71d2a07d3a464831;0x80c3c573656d58bae50bd4acd1dcc421eba120b1b943f892fe1556c11d733d3e;0x1e168bf9;0xa4640482L;0.500000;1503093906;1503093906
0;16;8048;0xf72dbcb1e6702ac4e71dd4f4e129d2e6fec577fea0c45ced71d2a07d3a464831;0x80c3c573656d58bae50bd4acd1dcc421eba120b1b943f892fe1556c11d733d3e;0x1e168bf9;0xa4640482L;0.500000;1503093906;1503093906
0;16;8048;0xf72dbcb1e6702ac4e71dd4f4e129d2e6fec577fea0c45ced71d2a07d3a464831;0x80c3c573656d58bae50bd4acd1dcc421eba120b1b943f892fe1556c11d733d3e;0x1e168bf9;0xa4640482L;0.500000;1503093906;1503093907
0;16;8048;0x0a591fa35222702663a73c31c977163b9a7a1af420a2c7f045d1dbedd5b319e0;0x5626676ccfda4987fb7fcec54c1872a6e8e497aea62e14651b09f64c847f83cc;0xb66c8180;0x8146908L;0.500000;1503093907;1503093907
0;16;8048;0x0a591fa35222702663a73c31c977163b9a7a1af420a2c7f045d1dbedd5b319e0;0x5626676ccfda4987fb7fcec54c1872a6e8e497aea62e14651b09f64c847f83cc;0xb66c8180;0x8146908L;0.500000;1503093907;1503093907
