0;16;8048;0x6512b9394236be0b3f8eecffc0fae8f8fc83f7c308581c63e61dd3e86c59aed1;0x8a8f8dbf42ea33871fc5ff794045e56a0684804034c30259644af7d42520835e;0x16d00d5c;0x5102ee88L;0.500000;1503148273;1503148273
0;16;8048;0x6512b9394236be0b3f8eecffc0fae8f8fc83f7c308581c63e61dd3e86c59aed1;0x8a8f8dbf42ea33871fc5ff794045e56a0684804034c30259644af7d42520835e;0x16d00d5c;0x5102ee88L;0.500000;1503148273;1503148273
0;16;8048;0x6512b9394236be0b3f8eecffc0fae8f8fc83f7c308581c63e61dd3e86c59aed1;0x8a8f8dbf42ea33871fc5ff794045e56a0684804034c30259644af7d42520835e;0x16d00d5c;0x5102ee88L;0.500000;1503148273;1503148274
0;16;8048;0x2b31d93449ab41c4694580c64d8802011a69f5085731f12bb1e05275bd71c4e8;0x4fb453de9f36d0cc8618f12be517506935ee06348f25fc11ebf4d099d297abb7;0xc5a8cfaa;0x40215615L;0.500000;1503148274;1503148274
0;16;8048;0x2b31d93449ab41c4694580c64d8802011a69f5085731f12bb1e05275bd71c4e8;0x4fb453de9f36d0cc8618f12be517506935ee06348f25fc11ebf4d099d297abb7;0xc5a8cfaa;0x40215615L;0.500000;1503148274;1503148274
0;16;8048;0x2b31d93449ab41c4694580c64d8802011a69f5085731f12bb1e05275bd71c4e8;0x4fb453de9f36d0cc8618f12be517506935ee06348f25fc11ebf4d099d297abb7;0xc5a8cfaa;0x40215615L;0.500000;1503148274;1503148274
0;16;8048;0x2b31d93449ab41c4694580c64d8802011a69f5085731f12bb1e05275bd71c4e8;0x4fb453de9f36d0cc8618f12be517506935ee06348f25fc11ebf4d099d297abb7;0xc5a8cfaa;0x40215615L;0.500000;1503148274;1503148275
0;16;8048;0x1054c1ba710e3c6e2b33797d32e05ab3478dada184c01079b899d5d11ae0b12a;0xdd794d3ec83e60a4d586c31ca10f9e75288ffa2d497ca25f6e74f99002a7d8e2;0x4aa8e49a;0x3482dc03L;0.500000;1503148275;1503148275
0;16;8048;0x1054c1ba710e3c6e2b33797d32e05ab3478dada184c01079b899d5d11ae0b12a;0xdd794d3ec83e60a4d586c31ca10f9e75288ffa2d497ca25f6e74f99002a7d8e2;0x4aa8e49a;0x3482dc03L;0.500000;1503148275;1503148275
0;16;8048;0x1054c1ba710e3c6e2b33797d32e05ab3478dada184c01079b899d5d11ae0b12a;0xdd794d3ec83e60a4d586c31ca10f9e75288ffa2d497ca25f6e74f99002a7d8e2;0x4aa8e49a;0x3482dc03L;0.500000;1503148275;1503148275
0;16;8048;0x1054c1ba710e3c6e2b33797d32e05ab3478dada184c01079b899d5d11ae0b12a;0xdd794d3ec83e60a4d586c31ca10f9e75288ffa2d497ca25f6e74f99002a7d8e2;0x4aa8e49a;0x3482dc03L;0.500000;1503148275;1503148275
0;16;8048;0x1054c1ba710e3c6e2b33797d32e05ab3478dada184c01079b899d5d11ae0b12a;0xdd794d3ec83e60a4d586c31ca10f9e75288ffa2d497ca25f6e74f99002a7d8e2;0x4aa8e49a;0x3482dc03L;0.500000;1503148275;1503148276
0;16;8048;0x07e97d15b983faa226e78f3ae02cb543b3ef0ea9bcbd928afc13d22e5de27365;0x24f932559c0f88fbf7c121436fab3ca972076ad6d49b092402572f759a649638;0x2df50974;0x61813091L;0.500000;1503148276;1503148276
0;16;8048;0x07e97d15b983faa226e78f3ae02cb543b3ef0ea9bcbd928afc13d22e5de27365;0x24f932559c0f88fbf7c121436fab3ca972076ad6d49b092402572f759a649638;0x2df50974;0x61813091L;0.500000;1503148276;1503148276
0;16;8048;0x07e97d15b983faa226e78f3ae02cb543b3ef0ea9bcbd928afc13d22e5de27365;0x24f932559c0f88fbf7c121436fab3ca972076ad6d49b092402572f759a649638;0x2df50974;0x61813091L;0.500000;1503148276;1503148276
0;16;8048;0x07e97d15b983faa226e78f3ae02cb543b3ef0ea9bcbd928afc13d22e5de27365;0x24f932559c0f88fbf7c121436fab3ca972076ad6d49b092402572f759a649638;0x2df50974;0x61813091L;0.500000;1503148276;1503148277
0;16;8048;0x25f10373f138f4f385f1a90a24c0bdb4ee8f9f75b001f7ff5b5e1cccba3ef4e0;0x1a0f6a129201194c472d6fc63b66b99d7a0c6839479dcc1e20047d50fb89dfac;0x6513d92c;0x4c02c489L;0.500000;1503148277;1503148277
0;16;8048;0x25f10373f138f4f385f1a90a24c0bdb4ee8f9f75b001f7ff5b5e1cccba3ef4e0;0x1a0f6a129201194c472d6fc63b66b99d7a0c6839479dcc1e20047d50fb89dfac;0x6513d92c;0x4c02c489L;0.500000;1503148277;1503148277
0;16;8048;0x25f10373f138f4f385f1a90a24c0bdb4ee8f9f75b001f7ff5b5e1cccba3ef4e0;0x1a0f6a129201194c472d6fc63b66b99d7a0c6839479dcc1e20047d50fb89dfac;0x6513d92c;0x4c02c489L;0.500000;1503148277;1503148277
0;16;8048;0x25f10373f138f4f385f1a90a24c0bdb4ee8f9f75b001f7ff5b5e1cccba3ef4e0;0x1a0f6a129201194c472d6fc63b66b99d7a0c6839479dcc1e20047d50fb89dfac;0x6513d92c;0x4c02c489L;0.500000;1503148277;1503148277
