0;16;8048;0x89eff1472bdd2f0cbdcfb66618c37418dbdd97e94d5190e3947fac30f6065c7f;0xa957a0257144ca8dda82b46ce78f52f6758307bd7ff5d3d6016d32fe864a69b2;0x02bd2fe4;0x2662b422L;0.500000;1503168442;1503168442
0;16;8048;0x89eff1472bdd2f0cbdcfb66618c37418dbdd97e94d5190e3947fac30f6065c7f;0xa957a0257144ca8dda82b46ce78f52f6758307bd7ff5d3d6016d32fe864a69b2;0x02bd2fe4;0x2662b422L;0.500000;1503168442;1503168443
0;16;8048;0x5e106f21a7638aa3954316b07255d5b8371fc66b07b10c30b1012d093c880b9a;0x41f08ff0f2f4aa7927cf27e78a9a9f203b9789e6d690979b3e73d34c18008662;0xe169694f;0x34397203L;0.500000;1503168443;1503168443
0;16;8048;0x5e106f21a7638aa3954316b07255d5b8371fc66b07b10c30b1012d093c880b9a;0x41f08ff0f2f4aa7927cf27e78a9a9f203b9789e6d690979b3e73d34c18008662;0xe169694f;0x34397203L;0.500000;1503168443;1503168443
0;16;8048;0x5e106f21a7638aa3954316b07255d5b8371fc66b07b10c30b1012d093c880b9a;0x41f08ff0f2f4aa7927cf27e78a9a9f203b9789e6d690979b3e73d34c18008662;0xe169694f;0x34397203L;0.500000;1503168443;1503168443
0;16;8048;0x5e106f21a7638aa3954316b07255d5b8371fc66b07b10c30b1012d093c880b9a;0x41f08ff0f2f4aa7927cf27e78a9a9f203b9789e6d690979b3e73d34c18008662;0xe169694f;0x34397203L;0.500000;1503168443;1503168443
0;16;8048;0x5e106f21a7638aa3954316b07255d5b8371fc66b07b10c30b1012d093c880b9a;0x41f08ff0f2f4aa7927cf27e78a9a9f203b9789e6d690979b3e73d34c18008662;0xe169694f;0x34397203L;0.500000;1503168444;1503168444
0;16;8048;0x84b17b6141b70bfd18034f4daaf5c113058de6d5a2b016dff294c6a6757302f9;0x9dc2a9c7fdd21150a0193cc7477e8d22147b3f030423556781f74d40b3130c78;0x4cf17364;0x819d008L;0.500000;1503168444;1503168444
0;16;8048;0x84b17b6141b70bfd18034f4daaf5c113058de6d5a2b016dff294c6a6757302f9;0x9dc2a9c7fdd21150a0193cc7477e8d22147b3f030423556781f74d40b3130c78;0x4cf17364;0x819d008L;0.500000;1503168444;1503168444
0;16;8048;0x84b17b6141b70bfd18034f4daaf5c113058de6d5a2b016dff294c6a6757302f9;0x9dc2a9c7fdd21150a0193cc7477e8d22147b3f030423556781f74d40b3130c78;0x4cf17364;0x819d008L;0.500000;1503168444;1503168444
0;16;8048;0x84b17b6141b70bfd18034f4daaf5c113058de6d5a2b016dff294c6a6757302f9;0x9dc2a9c7fdd21150a0193cc7477e8d22147b3f030423556781f74d40b3130c78;0x4cf17364;0x819d008L;0.500000;1503168444;1503168445
0;16;8048;0xae311747718ba52000de9fcda95403cfccd16730923fa8d087fbbcd9b2583f61;0x092b2b3a324ccb69373a9d7ccbef42f81e747617eb686effea7dfe64cf52043c;0xa0e73724;0xb1c2a1a4L;0.500000;1503168445;1503168445
0;16;8048;0xae311747718ba52000de9fcda95403cfccd16730923fa8d087fbbcd9b2583f61;0x092b2b3a324ccb69373a9d7ccbef42f81e747617eb686effea7dfe64cf52043c;0xa0e73724;0xb1c2a1a4L;0.500000;1503168445;1503168445
0;16;8048;0xae311747718ba52000de9fcda95403cfccd16730923fa8d087fbbcd9b2583f61;0x092b2b3a324ccb69373a9d7ccbef42f81e747617eb686effea7dfe64cf52043c;0xa0e73724;0xb1c2a1a4L;0.500000;1503168445;1503168445
0;16;8048;0xae311747718ba52000de9fcda95403cfccd16730923fa8d087fbbcd9b2583f61;0x092b2b3a324ccb69373a9d7ccbef42f81e747617eb686effea7dfe64cf52043c;0xa0e73724;0xb1c2a1a4L;0.500000;1503168445;1503168446
0;16;8048;0x2a913da3a4498345a08cea286e31477198cfb49b16956e9d8cae0ad125af5c4f;0x9f011d86159cf99b319b64c9369d12d86c43ec14699cbb16ddb9404b20705ba8;0x4f7dc19a;0x5225d5e0L;0.500000;1503168446;1503168446
0;16;8048;0x2a913da3a4498345a08cea286e31477198cfb49b16956e9d8cae0ad125af5c4f;0x9f011d86159cf99b319b64c9369d12d86c43ec14699cbb16ddb9404b20705ba8;0x4f7dc19a;0x5225d5e0L;0.500000;1503168446;1503168446
0;16;8048;0x2a913da3a4498345a08cea286e31477198cfb49b16956e9d8cae0ad125af5c4f;0x9f011d86159cf99b319b64c9369d12d86c43ec14699cbb16ddb9404b20705ba8;0x4f7dc19a;0x5225d5e0L;0.500000;1503168446;1503168446
0;16;8048;0x2a913da3a4498345a08cea286e31477198cfb49b16956e9d8cae0ad125af5c4f;0x9f011d86159cf99b319b64c9369d12d86c43ec14699cbb16ddb9404b20705ba8;0x4f7dc19a;0x5225d5e0L;0.500000;1503168446;1503168446
0;16;8048;0x2a913da3a4498345a08cea286e31477198cfb49b16956e9d8cae0ad125af5c4f;0x9f011d86159cf99b319b64c9369d12d86c43ec14699cbb16ddb9404b20705ba8;0x4f7dc19a;0x5225d5e0L;0.500000;1503168446;1503168447
