0;16;8048;0x8d41154e1f80be084d796177609a1f50b36e3ed270819c96c88d5c4b1669ffa3;0x6afc48e47b607a4240865956982c5b94d7cc10bba16140c1a95886be424b703b;0x4c53ba83;0x88b4908L;0.500000;1503174406;1503174406
0;16;8048;0xeedbacdb59a5f8a939b356061d3ecbc2b0048f032d804710f5788d9678fb2d66;0xcbc506407630ab69ee4d0bc1a1f7c58b7564961ca9bdf65d8c58cd327ebb2ce5;0x6a926cab;0x14332e18L;0.500000;1503174406;1503174406
0;16;8048;0xeedbacdb59a5f8a939b356061d3ecbc2b0048f032d804710f5788d9678fb2d66;0xcbc506407630ab69ee4d0bc1a1f7c58b7564961ca9bdf65d8c58cd327ebb2ce5;0x6a926cab;0x14332e18L;0.500000;1503174406;1503174406
0;16;8048;0xeedbacdb59a5f8a939b356061d3ecbc2b0048f032d804710f5788d9678fb2d66;0xcbc506407630ab69ee4d0bc1a1f7c58b7564961ca9bdf65d8c58cd327ebb2ce5;0x6a926cab;0x14332e18L;0.500000;1503174406;1503174406
0;16;8048;0xeedbacdb59a5f8a939b356061d3ecbc2b0048f032d804710f5788d9678fb2d66;0xcbc506407630ab69ee4d0bc1a1f7c58b7564961ca9bdf65d8c58cd327ebb2ce5;0x6a926cab;0x14332e18L;0.500000;1503174406;1503174407
0;16;8048;0xa71f13e570a3cecfeaec14c0aecd9b9e69ade610dbe2c2784fec22ec2ec429d5;0xd3dad9b4ed6463d50ffc92e0cf41ce6bcf2c88a302f77a2d2fefd4ab682ed648;0xdaa1685d;0x728a2808L;0.500000;1503174407;1503174407
0;16;8048;0xa71f13e570a3cecfeaec14c0aecd9b9e69ade610dbe2c2784fec22ec2ec429d5;0xd3dad9b4ed6463d50ffc92e0cf41ce6bcf2c88a302f77a2d2fefd4ab682ed648;0xdaa1685d;0x728a2808L;0.500000;1503174407;1503174407
0;16;8048;0xa71f13e570a3cecfeaec14c0aecd9b9e69ade610dbe2c2784fec22ec2ec429d5;0xd3dad9b4ed6463d50ffc92e0cf41ce6bcf2c88a302f77a2d2fefd4ab682ed648;0xdaa1685d;0x728a2808L;0.500000;1503174407;1503174407
0;16;8048;0xa71f13e570a3cecfeaec14c0aecd9b9e69ade610dbe2c2784fec22ec2ec429d5;0xd3dad9b4ed6463d50ffc92e0cf41ce6bcf2c88a302f77a2d2fefd4ab682ed648;0xdaa1685d;0x728a2808L;0.500000;1503174407;1503174408
0;16;8048;0xc44a4bc63b7749c257f65a319d4c63eccbe22c46dcf0fd64b3ff735c0efd78d3;0xaa2f8ad88ce0f6ff86ab577167d32ea2f3215a6580d38ddbb5cdb758ea046848;0xfd3c18f4;0xab63018L;0.500000;1503174408;1503174408
0;16;8048;0xc44a4bc63b7749c257f65a319d4c63eccbe22c46dcf0fd64b3ff735c0efd78d3;0xaa2f8ad88ce0f6ff86ab577167d32ea2f3215a6580d38ddbb5cdb758ea046848;0xfd3c18f4;0xab63018L;0.500000;1503174408;1503174408
0;16;8048;0xc44a4bc63b7749c257f65a319d4c63eccbe22c46dcf0fd64b3ff735c0efd78d3;0xaa2f8ad88ce0f6ff86ab577167d32ea2f3215a6580d38ddbb5cdb758ea046848;0xfd3c18f4;0xab63018L;0.500000;1503174408;1503174408
0;16;8048;0xc44a4bc63b7749c257f65a319d4c63eccbe22c46dcf0fd64b3ff735c0efd78d3;0xaa2f8ad88ce0f6ff86ab577167d32ea2f3215a6580d38ddbb5cdb758ea046848;0xfd3c18f4;0xab63018L;0.500000;1503174408;1503174408
0;16;8048;0xc44a4bc63b7749c257f65a319d4c63eccbe22c46dcf0fd64b3ff735c0efd78d3;0xaa2f8ad88ce0f6ff86ab577167d32ea2f3215a6580d38ddbb5cdb758ea046848;0xfd3c18f4;0xab63018L;0.500000;1503174408;1503174409
0;16;8048;0x88929451ec58aadd4cfbf95bc38bd8f1c775671e12468d6f6d7b6e7fd4f5dc5c;0xf1a17315b514e9b64c4cb33c9df43b45417206c392d3060965ccc503849ed664;0x587654f8;0x1802c081L;0.500000;1503174409;1503174409
0;16;8048;0x88929451ec58aadd4cfbf95bc38bd8f1c775671e12468d6f6d7b6e7fd4f5dc5c;0xf1a17315b514e9b64c4cb33c9df43b45417206c392d3060965ccc503849ed664;0x587654f8;0x1802c081L;0.500000;1503174409;1503174409
0;16;8048;0x88929451ec58aadd4cfbf95bc38bd8f1c775671e12468d6f6d7b6e7fd4f5dc5c;0xf1a17315b514e9b64c4cb33c9df43b45417206c392d3060965ccc503849ed664;0x587654f8;0x1802c081L;0.500000;1503174409;1503174409
0;16;8048;0x88929451ec58aadd4cfbf95bc38bd8f1c775671e12468d6f6d7b6e7fd4f5dc5c;0xf1a17315b514e9b64c4cb33c9df43b45417206c392d3060965ccc503849ed664;0x587654f8;0x1802c081L;0.500000;1503174409;1503174410
0;16;8048;0x1700d325cfbd943cb4c85695e8cf30453cc1ac9acfcb0ea6fa7a8da24877af5f;0x339345462eb57e619e67c22e4ab9de4d31038f5f2de1099679fe105c549ce466;0x1809aee8;0x8c1c03fL;0.500000;1503174410;1503174410
0;16;8048;0x1700d325cfbd943cb4c85695e8cf30453cc1ac9acfcb0ea6fa7a8da24877af5f;0x339345462eb57e619e67c22e4ab9de4d31038f5f2de1099679fe105c549ce466;0x1809aee8;0x8c1c03fL;0.500000;1503174410;1503174410
