0;16;8048;0xf5e745b1bda8da508858ef0ab28becbfdcd276ffdeffbfa0c462ddfa4a5f353f;0x2c9ce2c73656946d33f6af5dce6f6c35460b9a8a6425963d035e909db795f4e1;0xbd1360d0;0x143ba54eL;0.500000;1503198193;1503198194
0;16;8048;0xabb68ae87a3f3dab734d1396811ed1a515193bf63c09f0268bf1548dd82b9984;0x03ee3173dece743100880da3edb305981f08897e6d391e43a590e5f4b71fc367;0xfb3ddbfc;0x21059824L;0.500000;1503198194;1503198194
0;16;8048;0xabb68ae87a3f3dab734d1396811ed1a515193bf63c09f0268bf1548dd82b9984;0x03ee3173dece743100880da3edb305981f08897e6d391e43a590e5f4b71fc367;0xfb3ddbfc;0x21059824L;0.500000;1503198194;1503198194
0;16;8048;0xabb68ae87a3f3dab734d1396811ed1a515193bf63c09f0268bf1548dd82b9984;0x03ee3173dece743100880da3edb305981f08897e6d391e43a590e5f4b71fc367;0xfb3ddbfc;0x21059824L;0.500000;1503198194;1503198194
0;16;8048;0xabb68ae87a3f3dab734d1396811ed1a515193bf63c09f0268bf1548dd82b9984;0x03ee3173dece743100880da3edb305981f08897e6d391e43a590e5f4b71fc367;0xfb3ddbfc;0x21059824L;0.500000;1503198194;1503198195
0;16;8048;0x3eef4545e5d93d67cbbbc6f04e87c09421ab92b97edec3f1dd69270598aab2d6;0x2261abbc1492969e0becd5d8a7339f36a8d35c125ff8a6b10d254c40c09ed5be;0xb27567f5;0x83153025L;0.500000;1503198195;1503198195
0;16;8048;0x3eef4545e5d93d67cbbbc6f04e87c09421ab92b97edec3f1dd69270598aab2d6;0x2261abbc1492969e0becd5d8a7339f36a8d35c125ff8a6b10d254c40c09ed5be;0xb27567f5;0x83153025L;0.500000;1503198195;1503198195
0;16;8048;0x3eef4545e5d93d67cbbbc6f04e87c09421ab92b97edec3f1dd69270598aab2d6;0x2261abbc1492969e0becd5d8a7339f36a8d35c125ff8a6b10d254c40c09ed5be;0xb27567f5;0x83153025L;0.500000;1503198195;1503198195
0;16;8048;0x3eef4545e5d93d67cbbbc6f04e87c09421ab92b97edec3f1dd69270598aab2d6;0x2261abbc1492969e0becd5d8a7339f36a8d35c125ff8a6b10d254c40c09ed5be;0xb27567f5;0x83153025L;0.500000;1503198195;1503198195
0;16;8048;0x3eef4545e5d93d67cbbbc6f04e87c09421ab92b97edec3f1dd69270598aab2d6;0x2261abbc1492969e0becd5d8a7339f36a8d35c125ff8a6b10d254c40c09ed5be;0xb27567f5;0x83153025L;0.500000;1503198195;1503198196
0;16;8048;0x2e3f2bc9e834425a0424ef18d48d1501ed7ea638b970812ebf3b60d0915790bf;0x18fe309cac3ca222a91900ac84ec42c3ebd35d0b2f24872d9db9effd21daabca;0x0b0a3649;0x9022aa1cL;0.500000;1503198196;1503198196
0;16;8048;0x2e3f2bc9e834425a0424ef18d48d1501ed7ea638b970812ebf3b60d0915790bf;0x18fe309cac3ca222a91900ac84ec42c3ebd35d0b2f24872d9db9effd21daabca;0x0b0a3649;0x9022aa1cL;0.500000;1503198196;1503198196
0;16;8048;0x2e3f2bc9e834425a0424ef18d48d1501ed7ea638b970812ebf3b60d0915790bf;0x18fe309cac3ca222a91900ac84ec42c3ebd35d0b2f24872d9db9effd21daabca;0x0b0a3649;0x9022aa1cL;0.500000;1503198196;1503198196
0;16;8048;0x2e3f2bc9e834425a0424ef18d48d1501ed7ea638b970812ebf3b60d0915790bf;0x18fe309cac3ca222a91900ac84ec42c3ebd35d0b2f24872d9db9effd21daabca;0x0b0a3649;0x9022aa1cL;0.500000;1503198196;1503198197
0;16;8048;0x398aa1d1dad4f991438a33d878f3fea8fc3aeeeefec3f160c6f15cc119f3b453;0x3df4f52c0c402a5a5e978654b2f05ded4580fb10127d689a9a41ff167e63d876;0x3e92aff5;0x8c24180L;0.500000;1503198197;1503198197
0;16;8048;0x398aa1d1dad4f991438a33d878f3fea8fc3aeeeefec3f160c6f15cc119f3b453;0x3df4f52c0c402a5a5e978654b2f05ded4580fb10127d689a9a41ff167e63d876;0x3e92aff5;0x8c24180L;0.500000;1503198197;1503198197
0;16;8048;0x398aa1d1dad4f991438a33d878f3fea8fc3aeeeefec3f160c6f15cc119f3b453;0x3df4f52c0c402a5a5e978654b2f05ded4580fb10127d689a9a41ff167e63d876;0x3e92aff5;0x8c24180L;0.500000;1503198197;1503198197
0;16;8048;0x398aa1d1dad4f991438a33d878f3fea8fc3aeeeefec3f160c6f15cc119f3b453;0x3df4f52c0c402a5a5e978654b2f05ded4580fb10127d689a9a41ff167e63d876;0x3e92aff5;0x8c24180L;0.500000;1503198197;1503198198
0;16;8048;0x011da098e5662f5f90118648151324320da5c5b42d8e237db1da6476b6eabbb7;0x5069d2a9eff30e8948829f1440031d072e974bca6ecd91afb90ea32ccdf52bbc;0xea6767d3;0x5302b622L;0.500000;1503198198;1503198198
0;16;8048;0x011da098e5662f5f90118648151324320da5c5b42d8e237db1da6476b6eabbb7;0x5069d2a9eff30e8948829f1440031d072e974bca6ecd91afb90ea32ccdf52bbc;0xea6767d3;0x5302b622L;0.500000;1503198198;1503198198
