0;16;8048;0xb8a1b8af5812005b0f7585bce96a2305ff77d1b6a22d6bb9583ebe9273d31d2b;0xee518eca2b27f157419611d13bd94ca13c5dcf009255797aab900750477120cd;0xebe21650;0x44d69433L;0.500000;1503245659;1503245659
0;16;8048;0xb8a1b8af5812005b0f7585bce96a2305ff77d1b6a22d6bb9583ebe9273d31d2b;0xee518eca2b27f157419611d13bd94ca13c5dcf009255797aab900750477120cd;0xebe21650;0x44d69433L;0.500000;1503245659;1503245659
0;16;8048;0xb8a1b8af5812005b0f7585bce96a2305ff77d1b6a22d6bb9583ebe9273d31d2b;0xee518eca2b27f157419611d13bd94ca13c5dcf009255797aab900750477120cd;0xebe21650;0x44d69433L;0.500000;1503245659;1503245660
0;16;8048;0x64588d6dd43df83de30578c850ad7a7f7401b44a19589eca7d2deb324fcb7ab4;0x931db12501005463237806859d97ac2b52683150e7313ffb0186261856bd7e13;0x3c492aed;0x8045d508L;0.500000;1503245660;1503245660
0;16;8048;0x64588d6dd43df83de30578c850ad7a7f7401b44a19589eca7d2deb324fcb7ab4;0x931db12501005463237806859d97ac2b52683150e7313ffb0186261856bd7e13;0x3c492aed;0x8045d508L;0.500000;1503245660;1503245660
0;16;8048;0x64588d6dd43df83de30578c850ad7a7f7401b44a19589eca7d2deb324fcb7ab4;0x931db12501005463237806859d97ac2b52683150e7313ffb0186261856bd7e13;0x3c492aed;0x8045d508L;0.500000;1503245660;1503245660
0;16;8048;0x64588d6dd43df83de30578c850ad7a7f7401b44a19589eca7d2deb324fcb7ab4;0x931db12501005463237806859d97ac2b52683150e7313ffb0186261856bd7e13;0x3c492aed;0x8045d508L;0.500000;1503245660;1503245660
0;16;8048;0x64588d6dd43df83de30578c850ad7a7f7401b44a19589eca7d2deb324fcb7ab4;0x931db12501005463237806859d97ac2b52683150e7313ffb0186261856bd7e13;0x3c492aed;0x8045d508L;0.500000;1503245660;1503245661
0;16;8048;0x2cc8c9ee3f13906e7d915a652d1a246c78b93e5949b8ac4fa17edb40638bea8f;0x97899e0783fdc9151a2410ce9403bf34b548daa084a33ac3384cfd187b3a8be4;0xbc77d53f;0x1cb2c635L;0.500000;1503245661;1503245661
0;16;8048;0x2cc8c9ee3f13906e7d915a652d1a246c78b93e5949b8ac4fa17edb40638bea8f;0x97899e0783fdc9151a2410ce9403bf34b548daa084a33ac3384cfd187b3a8be4;0xbc77d53f;0x1cb2c635L;0.500000;1503245661;1503245661
0;16;8048;0x2cc8c9ee3f13906e7d915a652d1a246c78b93e5949b8ac4fa17edb40638bea8f;0x97899e0783fdc9151a2410ce9403bf34b548daa084a33ac3384cfd187b3a8be4;0xbc77d53f;0x1cb2c635L;0.500000;1503245661;1503245661
0;16;8048;0x2cc8c9ee3f13906e7d915a652d1a246c78b93e5949b8ac4fa17edb40638bea8f;0x97899e0783fdc9151a2410ce9403bf34b548daa084a33ac3384cfd187b3a8be4;0xbc77d53f;0x1cb2c635L;0.500000;1503245661;1503245662
0;16;8048;0x55bf0013c5d34de3060400daeadfa9e3747fc5e9133c4872765d62e4d6f3622b;0x3ec7e64ee796641a3f44b87ecf4aa5fdae7b35b93a78f20a7cbcb2ba2f356a8a;0x58d34b93;0x440be0c0L;0.500000;1503245662;1503245662
0;16;8048;0x55bf0013c5d34de3060400daeadfa9e3747fc5e9133c4872765d62e4d6f3622b;0x3ec7e64ee796641a3f44b87ecf4aa5fdae7b35b93a78f20a7cbcb2ba2f356a8a;0x58d34b93;0x440be0c0L;0.500000;1503245662;1503245662
0;16;8048;0x55bf0013c5d34de3060400daeadfa9e3747fc5e9133c4872765d62e4d6f3622b;0x3ec7e64ee796641a3f44b87ecf4aa5fdae7b35b93a78f20a7cbcb2ba2f356a8a;0x58d34b93;0x440be0c0L;0.500000;1503245662;1503245662
0;16;8048;0x55bf0013c5d34de3060400daeadfa9e3747fc5e9133c4872765d62e4d6f3622b;0x3ec7e64ee796641a3f44b87ecf4aa5fdae7b35b93a78f20a7cbcb2ba2f356a8a;0x58d34b93;0x440be0c0L;0.500000;1503245662;1503245662
0;16;8048;0x55bf0013c5d34de3060400daeadfa9e3747fc5e9133c4872765d62e4d6f3622b;0x3ec7e64ee796641a3f44b87ecf4aa5fdae7b35b93a78f20a7cbcb2ba2f356a8a;0x58d34b93;0x440be0c0L;0.500000;1503245662;1503245663
0;16;8048;0xac2aefe44715a180353229f5d3ef2ee1a294a401f0461212ca857576261955d2;0xb033d13bfd1de51581664aa73652e8fc5388e7a427ccb3f6bc838f8ac9a77ae2;0x5d74d6d3;0xdc18091L;0.500000;1503245663;1503245663
0;16;8048;0xac2aefe44715a180353229f5d3ef2ee1a294a401f0461212ca857576261955d2;0xb033d13bfd1de51581664aa73652e8fc5388e7a427ccb3f6bc838f8ac9a77ae2;0x5d74d6d3;0xdc18091L;0.500000;1503245663;1503245663
0;16;8048;0xac2aefe44715a180353229f5d3ef2ee1a294a401f0461212ca857576261955d2;0xb033d13bfd1de51581664aa73652e8fc5388e7a427ccb3f6bc838f8ac9a77ae2;0x5d74d6d3;0xdc18091L;0.500000;1503245663;1503245663
