0;16;8048;0x85e63ffbbf3a87e58336ace581f57c69df83a3dceb3413efa1deb9d2598e63de;0x31d589f4df9b044113949a2a5c61304c47a1a9e37d30f1044344cdaeffc09ffd;0xe95237d2;0x29a59d90L;0.500000;1503128227;1503128227
0;16;8048;0x85e63ffbbf3a87e58336ace581f57c69df83a3dceb3413efa1deb9d2598e63de;0x31d589f4df9b044113949a2a5c61304c47a1a9e37d30f1044344cdaeffc09ffd;0xe95237d2;0x29a59d90L;0.500000;1503128228;1503128228
0;16;8048;0xfb0d33140cfeaf6abba10b60f96198c2b0cb391b3888b50180351e873f7bdc3a;0xa65dbbdd41d58c185706aef9ad8c43e85f207126dddca9d146198a8d731233e0;0x404605e6;0x81072822L;0.500000;1503128228;1503128228
0;16;8048;0xfb0d33140cfeaf6abba10b60f96198c2b0cb391b3888b50180351e873f7bdc3a;0xa65dbbdd41d58c185706aef9ad8c43e85f207126dddca9d146198a8d731233e0;0x404605e6;0x81072822L;0.500000;1503128228;1503128228
0;16;8048;0xfb0d33140cfeaf6abba10b60f96198c2b0cb391b3888b50180351e873f7bdc3a;0xa65dbbdd41d58c185706aef9ad8c43e85f207126dddca9d146198a8d731233e0;0x404605e6;0x81072822L;0.500000;1503128228;1503128228
0;16;8048;0xfb0d33140cfeaf6abba10b60f96198c2b0cb391b3888b50180351e873f7bdc3a;0xa65dbbdd41d58c185706aef9ad8c43e85f207126dddca9d146198a8d731233e0;0x404605e6;0x81072822L;0.500000;1503128228;1503128229
0;16;8048;0xd23ffa7ba80b734ca8ce923a83617ddf5ee215980088d0e92ea7952815dbafe7;0x83c19f05f8c335319c2ed6f1093bd2a500f7ed94b8f63b490ac4754583b619e7;0x6aab8e0b;0x2c181dd6L;0.500000;1503128229;1503128229
0;16;8048;0xd23ffa7ba80b734ca8ce923a83617ddf5ee215980088d0e92ea7952815dbafe7;0x83c19f05f8c335319c2ed6f1093bd2a500f7ed94b8f63b490ac4754583b619e7;0x6aab8e0b;0x2c181dd6L;0.500000;1503128229;1503128229
0;16;8048;0xd23ffa7ba80b734ca8ce923a83617ddf5ee215980088d0e92ea7952815dbafe7;0x83c19f05f8c335319c2ed6f1093bd2a500f7ed94b8f63b490ac4754583b619e7;0x6aab8e0b;0x2c181dd6L;0.500000;1503128229;1503128229
0;16;8048;0xd23ffa7ba80b734ca8ce923a83617ddf5ee215980088d0e92ea7952815dbafe7;0x83c19f05f8c335319c2ed6f1093bd2a500f7ed94b8f63b490ac4754583b619e7;0x6aab8e0b;0x2c181dd6L;0.500000;1503128229;1503128230
0;16;8048;0x034f0db35b5c376f57e05a78b04cc3354376baf8a2e5987f0f3da489b79425ba;0x04256c881657f68f7144df4233e221f06c2e4ec56ace6272e3c41f6c0b419c2c;0x13d47d70;0x81c8b4c0L;0.500000;1503128230;1503128230
0;16;8048;0x034f0db35b5c376f57e05a78b04cc3354376baf8a2e5987f0f3da489b79425ba;0x04256c881657f68f7144df4233e221f06c2e4ec56ace6272e3c41f6c0b419c2c;0x13d47d70;0x81c8b4c0L;0.500000;1503128230;1503128230
0;16;8048;0x034f0db35b5c376f57e05a78b04cc3354376baf8a2e5987f0f3da489b79425ba;0x04256c881657f68f7144df4233e221f06c2e4ec56ace6272e3c41f6c0b419c2c;0x13d47d70;0x81c8b4c0L;0.500000;1503128230;1503128230
0;16;8048;0x034f0db35b5c376f57e05a78b04cc3354376baf8a2e5987f0f3da489b79425ba;0x04256c881657f68f7144df4233e221f06c2e4ec56ace6272e3c41f6c0b419c2c;0x13d47d70;0x81c8b4c0L;0.500000;1503128230;1503128231
0;16;8048;0xc2b1ffe5090147528c3affabbcb282594bcec141ec0ed52760ed8f5312e836d4;0xcb92928abdea0a1b5612e4e2ffcc3cff1a3c489b3f5f439af5e8fc716c461c16;0x0fdd3bce;0x1011aa96L;0.500000;1503128231;1503128231
0;16;8048;0xc2b1ffe5090147528c3affabbcb282594bcec141ec0ed52760ed8f5312e836d4;0xcb92928abdea0a1b5612e4e2ffcc3cff1a3c489b3f5f439af5e8fc716c461c16;0x0fdd3bce;0x1011aa96L;0.500000;1503128231;1503128231
0;16;8048;0xc2b1ffe5090147528c3affabbcb282594bcec141ec0ed52760ed8f5312e836d4;0xcb92928abdea0a1b5612e4e2ffcc3cff1a3c489b3f5f439af5e8fc716c461c16;0x0fdd3bce;0x1011aa96L;0.500000;1503128231;1503128231
0;16;8048;0xc2b1ffe5090147528c3affabbcb282594bcec141ec0ed52760ed8f5312e836d4;0xcb92928abdea0a1b5612e4e2ffcc3cff1a3c489b3f5f439af5e8fc716c461c16;0x0fdd3bce;0x1011aa96L;0.500000;1503128231;1503128232
0;16;8048;0x0c241959b331448cab052b2c26ca91da74d19c583380524b0b733513a96df3b5;0x1578fafcfbc4fd37d69f19d16aee0a57992445895c0acd6906a81cb9d077678a;0x36ff65ad;0x4a6c813cL;0.500000;1503128232;1503128232
0;16;8048;0x0c241959b331448cab052b2c26ca91da74d19c583380524b0b733513a96df3b5;0x1578fafcfbc4fd37d69f19d16aee0a57992445895c0acd6906a81cb9d077678a;0x36ff65ad;0x4a6c813cL;0.500000;1503128232;1503128232
