0;16;8048;0xb89325f9bad12397f3cb57a797840b4227886ff1dc598fdbdad9f079878fd13f;0x71de191d6e4189af37a3a8d21cd53fa381a95c9e9f328aaad6e18663570cddf2;0xae70778e;0x91538033L;0.500000;1503242094;1503242094
0;16;8048;0xb89325f9bad12397f3cb57a797840b4227886ff1dc598fdbdad9f079878fd13f;0x71de191d6e4189af37a3a8d21cd53fa381a95c9e9f328aaad6e18663570cddf2;0xae70778e;0x91538033L;0.500000;1503242094;1503242095
0;16;8048;0xa837b63ccb378d3e89302f6eaac7ecda7708e50fb8937c6247b776b8660fca0f;0x8aff1d4af8b1e355f0c14f87ffd8c431662cb8098fbf90e3dee80704e9b86502;0xfe179f63;0x212a9924L;0.500000;1503242095;1503242095
0;16;8048;0xa837b63ccb378d3e89302f6eaac7ecda7708e50fb8937c6247b776b8660fca0f;0x8aff1d4af8b1e355f0c14f87ffd8c431662cb8098fbf90e3dee80704e9b86502;0xfe179f63;0x212a9924L;0.500000;1503242095;1503242095
0;16;8048;0xa837b63ccb378d3e89302f6eaac7ecda7708e50fb8937c6247b776b8660fca0f;0x8aff1d4af8b1e355f0c14f87ffd8c431662cb8098fbf90e3dee80704e9b86502;0xfe179f63;0x212a9924L;0.500000;1503242095;1503242095
0;16;8048;0xa837b63ccb378d3e89302f6eaac7ecda7708e50fb8937c6247b776b8660fca0f;0x8aff1d4af8b1e355f0c14f87ffd8c431662cb8098fbf90e3dee80704e9b86502;0xfe179f63;0x212a9924L;0.500000;1503242095;1503242096
0;16;8048;0x812ebb05d66137ad87f9b3cd90a85d4fc7ee8c13a13dd4846672ee5b99f0581a;0x182c85277fd7391ea9baf361a9f7e41ed09e3759fe0696a99be9d218afe556f3;0x913b2487;0x505e7aceL;0.500000;1503242096;1503242096
0;16;8048;0x812ebb05d66137ad87f9b3cd90a85d4fc7ee8c13a13dd4846672ee5b99f0581a;0x182c85277fd7391ea9baf361a9f7e41ed09e3759fe0696a99be9d218afe556f3;0x913b2487;0x505e7aceL;0.500000;1503242096;1503242096
0;16;8048;0x812ebb05d66137ad87f9b3cd90a85d4fc7ee8c13a13dd4846672ee5b99f0581a;0x182c85277fd7391ea9baf361a9f7e41ed09e3759fe0696a99be9d218afe556f3;0x913b2487;0x505e7aceL;0.500000;1503242096;1503242096
0;16;8048;0x812ebb05d66137ad87f9b3cd90a85d4fc7ee8c13a13dd4846672ee5b99f0581a;0x182c85277fd7391ea9baf361a9f7e41ed09e3759fe0696a99be9d218afe556f3;0x913b2487;0x505e7aceL;0.500000;1503242096;1503242097
0;16;8048;0x35e2820cfecae217970d7b2be7b25e8208cacf1d374b3959975095293ba01970;0x8e951e781fc1c26f722367af7c4638569b89090b0807a9f4da8cfa45c9853781;0x1faf3325;0x7261812dL;0.500000;1503242097;1503242097
0;16;8048;0x35e2820cfecae217970d7b2be7b25e8208cacf1d374b3959975095293ba01970;0x8e951e781fc1c26f722367af7c4638569b89090b0807a9f4da8cfa45c9853781;0x1faf3325;0x7261812dL;0.500000;1503242097;1503242097
0;16;8048;0x35e2820cfecae217970d7b2be7b25e8208cacf1d374b3959975095293ba01970;0x8e951e781fc1c26f722367af7c4638569b89090b0807a9f4da8cfa45c9853781;0x1faf3325;0x7261812dL;0.500000;1503242097;1503242097
0;16;8048;0x35e2820cfecae217970d7b2be7b25e8208cacf1d374b3959975095293ba01970;0x8e951e781fc1c26f722367af7c4638569b89090b0807a9f4da8cfa45c9853781;0x1faf3325;0x7261812dL;0.500000;1503242097;1503242097
0;16;8048;0x35e2820cfecae217970d7b2be7b25e8208cacf1d374b3959975095293ba01970;0x8e951e781fc1c26f722367af7c4638569b89090b0807a9f4da8cfa45c9853781;0x1faf3325;0x7261812dL;0.500000;1503242098;1503242098
0;16;8048;0x70858cadf47ecad0d770e4d678de29e17ba61fb6ad0e36a75413d4d65fb291cf;0x83c7d276d776d0a260a8023ee848c93e98be80fd31289a565ec752e2f1058a84;0x408b1f91;0x31c4d191L;0.500000;1503242098;1503242098
0;16;8048;0x70858cadf47ecad0d770e4d678de29e17ba61fb6ad0e36a75413d4d65fb291cf;0x83c7d276d776d0a260a8023ee848c93e98be80fd31289a565ec752e2f1058a84;0x408b1f91;0x31c4d191L;0.500000;1503242098;1503242098
0;16;8048;0x70858cadf47ecad0d770e4d678de29e17ba61fb6ad0e36a75413d4d65fb291cf;0x83c7d276d776d0a260a8023ee848c93e98be80fd31289a565ec752e2f1058a84;0x408b1f91;0x31c4d191L;0.500000;1503242098;1503242098
0;16;8048;0x70858cadf47ecad0d770e4d678de29e17ba61fb6ad0e36a75413d4d65fb291cf;0x83c7d276d776d0a260a8023ee848c93e98be80fd31289a565ec752e2f1058a84;0x408b1f91;0x31c4d191L;0.500000;1503242098;1503242099
0;16;8048;0xbc4d238ae41b76d128f4f3783e4f427488763f7a1f2acc95d18b61f53da04ef9;0x16cc9d509e7938e1db045364373518e338c084eeefc185d6efd495a8627c255c;0xda4157d9;0x180280acL;0.500000;1503242099;1503242099
