0;16;8048;0xdc8d16af49190ce806329fd924aa91af935fb6e1b1645d343984e79aa735fe83;0xaf13b2bfad9a681425ab59c7957ccd384e8114e987f5e47dbbb2e09cecbae700;0x5f929beb;0xa1b9205L;0.500000;1503212468;1503212468
0;16;8048;0xdc8d16af49190ce806329fd924aa91af935fb6e1b1645d343984e79aa735fe83;0xaf13b2bfad9a681425ab59c7957ccd384e8114e987f5e47dbbb2e09cecbae700;0x5f929beb;0xa1b9205L;0.500000;1503212468;1503212469
0;16;8048;0xc790620980f68f84c62edcf08aa961592b01a4699bc36b8dac42cde00f3a14d6;0x8b5c5f6bf7d6eda91f02cb7a661e3503d858045eb60c0d1830293ac9f6c45b45;0xc6300df3;0x1093418L;0.500000;1503212469;1503212469
0;16;8048;0xc790620980f68f84c62edcf08aa961592b01a4699bc36b8dac42cde00f3a14d6;0x8b5c5f6bf7d6eda91f02cb7a661e3503d858045eb60c0d1830293ac9f6c45b45;0xc6300df3;0x1093418L;0.500000;1503212469;1503212469
0;16;8048;0xc790620980f68f84c62edcf08aa961592b01a4699bc36b8dac42cde00f3a14d6;0x8b5c5f6bf7d6eda91f02cb7a661e3503d858045eb60c0d1830293ac9f6c45b45;0xc6300df3;0x1093418L;0.500000;1503212469;1503212469
0;16;8048;0xc790620980f68f84c62edcf08aa961592b01a4699bc36b8dac42cde00f3a14d6;0x8b5c5f6bf7d6eda91f02cb7a661e3503d858045eb60c0d1830293ac9f6c45b45;0xc6300df3;0x1093418L;0.500000;1503212469;1503212470
0;16;8048;0xe2ede4ea4605f08bfc9d43ba97ccb86c6e1ff7ced26a83007c2f77ea124867f4;0xbe687bec09bb9ff36776af73bd306a71c7926b72be468097c1086bada024d932;0xd52c0bec;0x152a181L;0.500000;1503212470;1503212470
0;16;8048;0xe2ede4ea4605f08bfc9d43ba97ccb86c6e1ff7ced26a83007c2f77ea124867f4;0xbe687bec09bb9ff36776af73bd306a71c7926b72be468097c1086bada024d932;0xd52c0bec;0x152a181L;0.500000;1503212470;1503212470
0;16;8048;0xe2ede4ea4605f08bfc9d43ba97ccb86c6e1ff7ced26a83007c2f77ea124867f4;0xbe687bec09bb9ff36776af73bd306a71c7926b72be468097c1086bada024d932;0xd52c0bec;0x152a181L;0.500000;1503212470;1503212470
0;16;8048;0xe2ede4ea4605f08bfc9d43ba97ccb86c6e1ff7ced26a83007c2f77ea124867f4;0xbe687bec09bb9ff36776af73bd306a71c7926b72be468097c1086bada024d932;0xd52c0bec;0x152a181L;0.500000;1503212470;1503212471
0;16;8048;0x9ffc36cef1920c7e34dfacc1b9db3b77b01fcf8d6fb39d8497b01316c773aa66;0x32ce97dd4cb6a9440b5cf19bfb14d24d76e50a26fc4a2d8c380315d63891ad96;0xa6ee56b4;0x4b2a1a09L;0.500000;1503212471;1503212471
0;16;8048;0x9ffc36cef1920c7e34dfacc1b9db3b77b01fcf8d6fb39d8497b01316c773aa66;0x32ce97dd4cb6a9440b5cf19bfb14d24d76e50a26fc4a2d8c380315d63891ad96;0xa6ee56b4;0x4b2a1a09L;0.500000;1503212471;1503212471
0;16;8048;0x9ffc36cef1920c7e34dfacc1b9db3b77b01fcf8d6fb39d8497b01316c773aa66;0x32ce97dd4cb6a9440b5cf19bfb14d24d76e50a26fc4a2d8c380315d63891ad96;0xa6ee56b4;0x4b2a1a09L;0.500000;1503212471;1503212471
0;16;8048;0x9ffc36cef1920c7e34dfacc1b9db3b77b01fcf8d6fb39d8497b01316c773aa66;0x32ce97dd4cb6a9440b5cf19bfb14d24d76e50a26fc4a2d8c380315d63891ad96;0xa6ee56b4;0x4b2a1a09L;0.500000;1503212471;1503212472
0;16;8048;0x97c6703758928dbeeb9505835489adf9494f21f9b8ed215105943f39d173b869;0x4b949744a9e481fb702d910f495678eeca89de69722e436c17498741c2a25c66;0x8b71120d;0x98d1c42dL;0.500000;1503212472;1503212472
0;16;8048;0x97c6703758928dbeeb9505835489adf9494f21f9b8ed215105943f39d173b869;0x4b949744a9e481fb702d910f495678eeca89de69722e436c17498741c2a25c66;0x8b71120d;0x98d1c42dL;0.500000;1503212472;1503212472
0;16;8048;0x97c6703758928dbeeb9505835489adf9494f21f9b8ed215105943f39d173b869;0x4b949744a9e481fb702d910f495678eeca89de69722e436c17498741c2a25c66;0x8b71120d;0x98d1c42dL;0.500000;1503212472;1503212472
0;16;8048;0x97c6703758928dbeeb9505835489adf9494f21f9b8ed215105943f39d173b869;0x4b949744a9e481fb702d910f495678eeca89de69722e436c17498741c2a25c66;0x8b71120d;0x98d1c42dL;0.500000;1503212472;1503212473
0;16;8048;0xb1fd4908ca751888e8268096a72c332895bb37f9055bef8df8a9ac8f2bb627dd;0xbf14751e5655d08e1de9936751ba7128b7bbea29ad1f0478c6f832bb1dfb7e80;0x83fdcae0;0x88216a08L;0.500000;1503212473;1503212473
0;16;8048;0xb1fd4908ca751888e8268096a72c332895bb37f9055bef8df8a9ac8f2bb627dd;0xbf14751e5655d08e1de9936751ba7128b7bbea29ad1f0478c6f832bb1dfb7e80;0x83fdcae0;0x88216a08L;0.500000;1503212473;1503212473
