0;16;8048;0x0e4de9b0d84febde4273d758de22b9ca058acd24a63fe80cd28a6961bd275fcb;0x398d6611771c713b94819bffe83deca52015eb23c05ea81db3c31d54d78e9d12;0x90014d80;0x568260eL;0.500000;1503231428;1503231428
0;16;8048;0x0e4de9b0d84febde4273d758de22b9ca058acd24a63fe80cd28a6961bd275fcb;0x398d6611771c713b94819bffe83deca52015eb23c05ea81db3c31d54d78e9d12;0x90014d80;0x568260eL;0.500000;1503231428;1503231428
0;16;8048;0x0e4de9b0d84febde4273d758de22b9ca058acd24a63fe80cd28a6961bd275fcb;0x398d6611771c713b94819bffe83deca52015eb23c05ea81db3c31d54d78e9d12;0x90014d80;0x568260eL;0.500000;1503231428;1503231428
0;16;8048;0x0e4de9b0d84febde4273d758de22b9ca058acd24a63fe80cd28a6961bd275fcb;0x398d6611771c713b94819bffe83deca52015eb23c05ea81db3c31d54d78e9d12;0x90014d80;0x568260eL;0.500000;1503231428;1503231429
0;16;8048;0x424a3252c7d42bc97155f445bd12d951477c540feadd0f3c73c27e0ef60ceb38;0x6e0f4f76dada0fca86ff480dfbbe74b423173b73a13941ebf96c42127f1096d6;0xe4898f6c;0xa0b50a40L;0.500000;1503231429;1503231429
0;16;8048;0x424a3252c7d42bc97155f445bd12d951477c540feadd0f3c73c27e0ef60ceb38;0x6e0f4f76dada0fca86ff480dfbbe74b423173b73a13941ebf96c42127f1096d6;0xe4898f6c;0xa0b50a40L;0.500000;1503231429;1503231429
0;16;8048;0x424a3252c7d42bc97155f445bd12d951477c540feadd0f3c73c27e0ef60ceb38;0x6e0f4f76dada0fca86ff480dfbbe74b423173b73a13941ebf96c42127f1096d6;0xe4898f6c;0xa0b50a40L;0.500000;1503231429;1503231429
0;16;8048;0x424a3252c7d42bc97155f445bd12d951477c540feadd0f3c73c27e0ef60ceb38;0x6e0f4f76dada0fca86ff480dfbbe74b423173b73a13941ebf96c42127f1096d6;0xe4898f6c;0xa0b50a40L;0.500000;1503231429;1503231430
0;16;8048;0x1844d411cd84cfee571e839f8a7cdfc1a33f95e47f915d24cafb440b42e6625b;0xfe5de47844ccc433d87424ab4832acbb1a2a216929aaf4ea8b0191f96c735b06;0xd48494e2;0x3201835L;0.500000;1503231430;1503231430
0;16;8048;0x1844d411cd84cfee571e839f8a7cdfc1a33f95e47f915d24cafb440b42e6625b;0xfe5de47844ccc433d87424ab4832acbb1a2a216929aaf4ea8b0191f96c735b06;0xd48494e2;0x3201835L;0.500000;1503231430;1503231430
0;16;8048;0x1844d411cd84cfee571e839f8a7cdfc1a33f95e47f915d24cafb440b42e6625b;0xfe5de47844ccc433d87424ab4832acbb1a2a216929aaf4ea8b0191f96c735b06;0xd48494e2;0x3201835L;0.500000;1503231430;1503231430
0;16;8048;0x1844d411cd84cfee571e839f8a7cdfc1a33f95e47f915d24cafb440b42e6625b;0xfe5de47844ccc433d87424ab4832acbb1a2a216929aaf4ea8b0191f96c735b06;0xd48494e2;0x3201835L;0.500000;1503231430;1503231430
0;16;8048;0x1844d411cd84cfee571e839f8a7cdfc1a33f95e47f915d24cafb440b42e6625b;0xfe5de47844ccc433d87424ab4832acbb1a2a216929aaf4ea8b0191f96c735b06;0xd48494e2;0x3201835L;0.500000;1503231431;1503231431
0;16;8048;0x0d3da000074b8eb6c89a353f753374bf7bb5081fdf0728f9b4a0b4c37a8f9c87;0xf6355b30549015698e8c1e2a0a667cccb163faa2ffd88f129b2da61eb8d8f0d6;0x261ea159;0xd812040eL;0.500000;1503231431;1503231431
0;16;8048;0x0d3da000074b8eb6c89a353f753374bf7bb5081fdf0728f9b4a0b4c37a8f9c87;0xf6355b30549015698e8c1e2a0a667cccb163faa2ffd88f129b2da61eb8d8f0d6;0x261ea159;0xd812040eL;0.500000;1503231431;1503231431
0;16;8048;0x0d3da000074b8eb6c89a353f753374bf7bb5081fdf0728f9b4a0b4c37a8f9c87;0xf6355b30549015698e8c1e2a0a667cccb163faa2ffd88f129b2da61eb8d8f0d6;0x261ea159;0xd812040eL;0.500000;1503231431;1503231432
0;16;8048;0xf6d47c424bbda2574dc3aee94ec774772ef9bd789a506a376aae6941e51aecdb;0x58ffaff7746d4bc072244f9e7cecaec6a70349101b50de9bdedb53dc8c8ede0d;0x0c1dcd9f;0xc102af0eL;0.500000;1503231432;1503231432
0;16;8048;0xf6d47c424bbda2574dc3aee94ec774772ef9bd789a506a376aae6941e51aecdb;0x58ffaff7746d4bc072244f9e7cecaec6a70349101b50de9bdedb53dc8c8ede0d;0x0c1dcd9f;0xc102af0eL;0.500000;1503231432;1503231432
0;16;8048;0xf6d47c424bbda2574dc3aee94ec774772ef9bd789a506a376aae6941e51aecdb;0x58ffaff7746d4bc072244f9e7cecaec6a70349101b50de9bdedb53dc8c8ede0d;0x0c1dcd9f;0xc102af0eL;0.500000;1503231432;1503231432
0;16;8048;0xf6d47c424bbda2574dc3aee94ec774772ef9bd789a506a376aae6941e51aecdb;0x58ffaff7746d4bc072244f9e7cecaec6a70349101b50de9bdedb53dc8c8ede0d;0x0c1dcd9f;0xc102af0eL;0.500000;1503231432;1503231433
