0;16;8048;0x6f579cb720dba2e589acc11b563aea0d980ae6a1a0fbd6733516d6f608524778;0x4db4742955dc3ad1eff186903a0ad0133000660cce13645ac2d4c80a98ad83a4;0x8f81a6d2;0x282a88eL;0.500000;1503244502;1503244503
0;16;8048;0x40c99451c86092780ebf3a45ec51966ccb266afa4da91e0a5842ad8ba66d55e6;0xec1439433f5f2c510f9bbcfbdd14de94786c7a9ea9f61a0ff4d6717c1ecd176b;0x2a6155ca;0x3e8c3044L;0.500000;1503244503;1503244503
0;16;8048;0x40c99451c86092780ebf3a45ec51966ccb266afa4da91e0a5842ad8ba66d55e6;0xec1439433f5f2c510f9bbcfbdd14de94786c7a9ea9f61a0ff4d6717c1ecd176b;0x2a6155ca;0x3e8c3044L;0.500000;1503244503;1503244503
0;16;8048;0x40c99451c86092780ebf3a45ec51966ccb266afa4da91e0a5842ad8ba66d55e6;0xec1439433f5f2c510f9bbcfbdd14de94786c7a9ea9f61a0ff4d6717c1ecd176b;0x2a6155ca;0x3e8c3044L;0.500000;1503244503;1503244503
0;16;8048;0x40c99451c86092780ebf3a45ec51966ccb266afa4da91e0a5842ad8ba66d55e6;0xec1439433f5f2c510f9bbcfbdd14de94786c7a9ea9f61a0ff4d6717c1ecd176b;0x2a6155ca;0x3e8c3044L;0.500000;1503244503;1503244504
0;16;8048;0x2e4bd2fd79f609c2cfe5613a760d295b573c5ce686084c11b5438e8a62dbd990;0xfb33be3031356bf4accfaee1549bc7ac7f0171dd6296574e9ff7741c00becebc;0xf52a5ef6;0x39518a0L;0.500000;1503244504;1503244504
0;16;8048;0x2e4bd2fd79f609c2cfe5613a760d295b573c5ce686084c11b5438e8a62dbd990;0xfb33be3031356bf4accfaee1549bc7ac7f0171dd6296574e9ff7741c00becebc;0xf52a5ef6;0x39518a0L;0.500000;1503244504;1503244504
0;16;8048;0x2e4bd2fd79f609c2cfe5613a760d295b573c5ce686084c11b5438e8a62dbd990;0xfb33be3031356bf4accfaee1549bc7ac7f0171dd6296574e9ff7741c00becebc;0xf52a5ef6;0x39518a0L;0.500000;1503244504;1503244504
0;16;8048;0x2e4bd2fd79f609c2cfe5613a760d295b573c5ce686084c11b5438e8a62dbd990;0xfb33be3031356bf4accfaee1549bc7ac7f0171dd6296574e9ff7741c00becebc;0xf52a5ef6;0x39518a0L;0.500000;1503244504;1503244505
0;16;8048;0x98ce79d117f82bcac6b2baf63a04734b3333c4d6e30c48ed240b877a03f72e9b;0x365d95968dad7ba15155992fcf51a6842c0dedf3ce4e3f2b85b760b6ad63a955;0xf1cf55b0;0xb05e536L;0.500000;1503244505;1503244505
0;16;8048;0x98ce79d117f82bcac6b2baf63a04734b3333c4d6e30c48ed240b877a03f72e9b;0x365d95968dad7ba15155992fcf51a6842c0dedf3ce4e3f2b85b760b6ad63a955;0xf1cf55b0;0xb05e536L;0.500000;1503244505;1503244505
0;16;8048;0x98ce79d117f82bcac6b2baf63a04734b3333c4d6e30c48ed240b877a03f72e9b;0x365d95968dad7ba15155992fcf51a6842c0dedf3ce4e3f2b85b760b6ad63a955;0xf1cf55b0;0xb05e536L;0.500000;1503244505;1503244505
0;16;8048;0x98ce79d117f82bcac6b2baf63a04734b3333c4d6e30c48ed240b877a03f72e9b;0x365d95968dad7ba15155992fcf51a6842c0dedf3ce4e3f2b85b760b6ad63a955;0xf1cf55b0;0xb05e536L;0.500000;1503244505;1503244506
0;16;8048;0xe655fca0bc35a22189fa5eca3cf3a804d03d74d70312306c3ccd6cf3288bb50f;0xd3d8a1fe2d523bc0cb1e83ee1b4aa159993149b8b99a107ea02da171c6453d43;0x0fbf4c97;0x40561714L;0.500000;1503244506;1503244506
0;16;8048;0xe655fca0bc35a22189fa5eca3cf3a804d03d74d70312306c3ccd6cf3288bb50f;0xd3d8a1fe2d523bc0cb1e83ee1b4aa159993149b8b99a107ea02da171c6453d43;0x0fbf4c97;0x40561714L;0.500000;1503244506;1503244506
0;16;8048;0xe655fca0bc35a22189fa5eca3cf3a804d03d74d70312306c3ccd6cf3288bb50f;0xd3d8a1fe2d523bc0cb1e83ee1b4aa159993149b8b99a107ea02da171c6453d43;0x0fbf4c97;0x40561714L;0.500000;1503244506;1503244506
0;16;8048;0xe655fca0bc35a22189fa5eca3cf3a804d03d74d70312306c3ccd6cf3288bb50f;0xd3d8a1fe2d523bc0cb1e83ee1b4aa159993149b8b99a107ea02da171c6453d43;0x0fbf4c97;0x40561714L;0.500000;1503244506;1503244507
0;16;8048;0xef366d692f1b8cd1ad6efaf6b1596f0a9c05101b7a8e3fb121bbbf795f98c94e;0x23fb6da2335c08b63298861918abf71432ecb6b025c1cc6a7628cd427aa2bbe6;0x82847035;0x86589808L;0.500000;1503244507;1503244507
0;16;8048;0xef366d692f1b8cd1ad6efaf6b1596f0a9c05101b7a8e3fb121bbbf795f98c94e;0x23fb6da2335c08b63298861918abf71432ecb6b025c1cc6a7628cd427aa2bbe6;0x82847035;0x86589808L;0.500000;1503244507;1503244507
0;16;8048;0xef366d692f1b8cd1ad6efaf6b1596f0a9c05101b7a8e3fb121bbbf795f98c94e;0x23fb6da2335c08b63298861918abf71432ecb6b025c1cc6a7628cd427aa2bbe6;0x82847035;0x86589808L;0.500000;1503244507;1503244507
