0;16;8048;0x4d391ad61040d621b66e82d5afcd16d14343b807113b87aad23a0d10dd44cc2a;0x15b815f907f61af9e7170103e4770acf7e040dd253c0cf41bb95f4e7d402bb65;0xdbd021eb;0x3140b42L;0.500000;1503177974;1503177975
0;16;8048;0xf456f3b3b300508cafe8d4257f921f8d43e2952d359b12f6f067b67c21ee3d15;0x5e8fb09cd548b14346984d0718598e7989115cbc5a24f84ac9e4d51c79adb354;0xf237f511;0x908998c0L;0.500000;1503177975;1503177975
0;16;8048;0xf456f3b3b300508cafe8d4257f921f8d43e2952d359b12f6f067b67c21ee3d15;0x5e8fb09cd548b14346984d0718598e7989115cbc5a24f84ac9e4d51c79adb354;0xf237f511;0x908998c0L;0.500000;1503177975;1503177975
0;16;8048;0xf456f3b3b300508cafe8d4257f921f8d43e2952d359b12f6f067b67c21ee3d15;0x5e8fb09cd548b14346984d0718598e7989115cbc5a24f84ac9e4d51c79adb354;0xf237f511;0x908998c0L;0.500000;1503177975;1503177975
0;16;8048;0xf456f3b3b300508cafe8d4257f921f8d43e2952d359b12f6f067b67c21ee3d15;0x5e8fb09cd548b14346984d0718598e7989115cbc5a24f84ac9e4d51c79adb354;0xf237f511;0x908998c0L;0.500000;1503177975;1503177976
0;16;8048;0xd49062b035103bc531bbda3570fb2a340aaad91e075f6d7814640e3d6c127740;0x4e76b529a30e607f07cbb04026d6ff17e4e3a220d83f9ddf623ab51595fd7731;0x51213e6c;0x1e697005L;0.500000;1503177976;1503177976
0;16;8048;0xd49062b035103bc531bbda3570fb2a340aaad91e075f6d7814640e3d6c127740;0x4e76b529a30e607f07cbb04026d6ff17e4e3a220d83f9ddf623ab51595fd7731;0x51213e6c;0x1e697005L;0.500000;1503177976;1503177976
0;16;8048;0xd49062b035103bc531bbda3570fb2a340aaad91e075f6d7814640e3d6c127740;0x4e76b529a30e607f07cbb04026d6ff17e4e3a220d83f9ddf623ab51595fd7731;0x51213e6c;0x1e697005L;0.500000;1503177976;1503177976
0;16;8048;0xd49062b035103bc531bbda3570fb2a340aaad91e075f6d7814640e3d6c127740;0x4e76b529a30e607f07cbb04026d6ff17e4e3a220d83f9ddf623ab51595fd7731;0x51213e6c;0x1e697005L;0.500000;1503177976;1503177977
0;16;8048;0x02c7219d7f5f93c7bbcbc519816b02b5e98c00660a05e4706851a6ca38de223b;0x6eb1a033022da81b1eec36ff9555354d3a16e111c247111856a3e65f55d83dde;0x4cc90699;0xa0d1788L;0.500000;1503177977;1503177977
0;16;8048;0x02c7219d7f5f93c7bbcbc519816b02b5e98c00660a05e4706851a6ca38de223b;0x6eb1a033022da81b1eec36ff9555354d3a16e111c247111856a3e65f55d83dde;0x4cc90699;0xa0d1788L;0.500000;1503177977;1503177977
0;16;8048;0x02c7219d7f5f93c7bbcbc519816b02b5e98c00660a05e4706851a6ca38de223b;0x6eb1a033022da81b1eec36ff9555354d3a16e111c247111856a3e65f55d83dde;0x4cc90699;0xa0d1788L;0.500000;1503177977;1503177977
0;16;8048;0x02c7219d7f5f93c7bbcbc519816b02b5e98c00660a05e4706851a6ca38de223b;0x6eb1a033022da81b1eec36ff9555354d3a16e111c247111856a3e65f55d83dde;0x4cc90699;0xa0d1788L;0.500000;1503177977;1503177977
0;16;8048;0x02c7219d7f5f93c7bbcbc519816b02b5e98c00660a05e4706851a6ca38de223b;0x6eb1a033022da81b1eec36ff9555354d3a16e111c247111856a3e65f55d83dde;0x4cc90699;0xa0d1788L;0.500000;1503177978;1503177978
0;16;8048;0x62db2ae4f809ebeeee50de8ae6d6195927860397c468d681fb7eb562ed4f3e50;0x19cf51ea74a17142fcfa639ba7c71ca86ea7dbf4a56e3f6950a1cc155c5c8081;0xcfe7811d;0x18a8c58cL;0.500000;1503177978;1503177978
0;16;8048;0x62db2ae4f809ebeeee50de8ae6d6195927860397c468d681fb7eb562ed4f3e50;0x19cf51ea74a17142fcfa639ba7c71ca86ea7dbf4a56e3f6950a1cc155c5c8081;0xcfe7811d;0x18a8c58cL;0.500000;1503177978;1503177978
0;16;8048;0x62db2ae4f809ebeeee50de8ae6d6195927860397c468d681fb7eb562ed4f3e50;0x19cf51ea74a17142fcfa639ba7c71ca86ea7dbf4a56e3f6950a1cc155c5c8081;0xcfe7811d;0x18a8c58cL;0.500000;1503177978;1503177978
0;16;8048;0x62db2ae4f809ebeeee50de8ae6d6195927860397c468d681fb7eb562ed4f3e50;0x19cf51ea74a17142fcfa639ba7c71ca86ea7dbf4a56e3f6950a1cc155c5c8081;0xcfe7811d;0x18a8c58cL;0.500000;1503177978;1503177979
0;16;8048;0x5b3e741198552552d4a8b723bb10f93f7b62d8589502a2c9d8e17aa59455d4ef;0x474deb2dc473ef2ba46b83460f969f032caaec8bf7a013637c7c6026b474791f;0x54942457;0x8e0430f1L;0.500000;1503177979;1503177979
0;16;8048;0x5b3e741198552552d4a8b723bb10f93f7b62d8589502a2c9d8e17aa59455d4ef;0x474deb2dc473ef2ba46b83460f969f032caaec8bf7a013637c7c6026b474791f;0x54942457;0x8e0430f1L;0.500000;1503177979;1503177979
