0;16;8048;0xe78cf6de2921112373074ae1f5ea4ceee200060af05dc7d68cad1d67b73e869e;0xdb96a663742185e87592d2694cb69d43d8b5020191972a0cff0cd556394fb8af;0x515081e1;0x21195d9cL;0.500000;1503151845;1503151845
0;16;8048;0xe78cf6de2921112373074ae1f5ea4ceee200060af05dc7d68cad1d67b73e869e;0xdb96a663742185e87592d2694cb69d43d8b5020191972a0cff0cd556394fb8af;0x515081e1;0x21195d9cL;0.500000;1503151845;1503151845
0;16;8048;0xe78cf6de2921112373074ae1f5ea4ceee200060af05dc7d68cad1d67b73e869e;0xdb96a663742185e87592d2694cb69d43d8b5020191972a0cff0cd556394fb8af;0x515081e1;0x21195d9cL;0.500000;1503151846;1503151846
0;16;8048;0x10b8e5190c67a0205d2139cec523c84934c1ab4eaad7b967df758179e8e365f8;0xa0ece862062414cd3b64ebeaa0f6cf29255fcd7a7b1e74aabb1d83120148d4ee;0xe728b48e;0xd40ab739L;0.500000;1503151846;1503151846
0;16;8048;0x10b8e5190c67a0205d2139cec523c84934c1ab4eaad7b967df758179e8e365f8;0xa0ece862062414cd3b64ebeaa0f6cf29255fcd7a7b1e74aabb1d83120148d4ee;0xe728b48e;0xd40ab739L;0.500000;1503151846;1503151846
0;16;8048;0x10b8e5190c67a0205d2139cec523c84934c1ab4eaad7b967df758179e8e365f8;0xa0ece862062414cd3b64ebeaa0f6cf29255fcd7a7b1e74aabb1d83120148d4ee;0xe728b48e;0xd40ab739L;0.500000;1503151846;1503151846
0;16;8048;0x10b8e5190c67a0205d2139cec523c84934c1ab4eaad7b967df758179e8e365f8;0xa0ece862062414cd3b64ebeaa0f6cf29255fcd7a7b1e74aabb1d83120148d4ee;0xe728b48e;0xd40ab739L;0.500000;1503151846;1503151847
0;16;8048;0xc9d003f12ac324b02ceb77217a35da7c61ed8d7574312becabbae8714586f40e;0xac08eed67dc17d1858275069f90d1748f542b717cf58cadc8ca90fc4c46e1518;0xf151f8f4;0x26e1042cL;0.500000;1503151847;1503151847
0;16;8048;0xc9d003f12ac324b02ceb77217a35da7c61ed8d7574312becabbae8714586f40e;0xac08eed67dc17d1858275069f90d1748f542b717cf58cadc8ca90fc4c46e1518;0xf151f8f4;0x26e1042cL;0.500000;1503151847;1503151847
0;16;8048;0xc9d003f12ac324b02ceb77217a35da7c61ed8d7574312becabbae8714586f40e;0xac08eed67dc17d1858275069f90d1748f542b717cf58cadc8ca90fc4c46e1518;0xf151f8f4;0x26e1042cL;0.500000;1503151847;1503151847
0;16;8048;0xc9d003f12ac324b02ceb77217a35da7c61ed8d7574312becabbae8714586f40e;0xac08eed67dc17d1858275069f90d1748f542b717cf58cadc8ca90fc4c46e1518;0xf151f8f4;0x26e1042cL;0.500000;1503151847;1503151847
0;16;8048;0xc9d003f12ac324b02ceb77217a35da7c61ed8d7574312becabbae8714586f40e;0xac08eed67dc17d1858275069f90d1748f542b717cf58cadc8ca90fc4c46e1518;0xf151f8f4;0x26e1042cL;0.500000;1503151848;1503151848
0;16;8048;0x12e5ad07e350ea2f8aa9b8b8a2d405db8934f68b90494813bf697b36f1a26503;0xe8cdffe34d0b55a0c87b9116d00e9ad532814195f42cd5a998bcfca9ffd38d73;0x21675a6b;0x6f63aa60L;0.500000;1503151848;1503151848
0;16;8048;0x12e5ad07e350ea2f8aa9b8b8a2d405db8934f68b90494813bf697b36f1a26503;0xe8cdffe34d0b55a0c87b9116d00e9ad532814195f42cd5a998bcfca9ffd38d73;0x21675a6b;0x6f63aa60L;0.500000;1503151848;1503151848
0;16;8048;0x12e5ad07e350ea2f8aa9b8b8a2d405db8934f68b90494813bf697b36f1a26503;0xe8cdffe34d0b55a0c87b9116d00e9ad532814195f42cd5a998bcfca9ffd38d73;0x21675a6b;0x6f63aa60L;0.500000;1503151848;1503151848
0;16;8048;0x12e5ad07e350ea2f8aa9b8b8a2d405db8934f68b90494813bf697b36f1a26503;0xe8cdffe34d0b55a0c87b9116d00e9ad532814195f42cd5a998bcfca9ffd38d73;0x21675a6b;0x6f63aa60L;0.500000;1503151848;1503151849
0;16;8048;0x8625bec4ae81ee4f58ccc0968d3450b12e6b406bf48b3211aed9b61015e8aa9b;0x17c7bf9f033c94aa9f186100e6228376c3f90aed6438dffd44038c2fc763062c;0x645ab29e;0x86882924L;0.500000;1503151849;1503151849
0;16;8048;0x8625bec4ae81ee4f58ccc0968d3450b12e6b406bf48b3211aed9b61015e8aa9b;0x17c7bf9f033c94aa9f186100e6228376c3f90aed6438dffd44038c2fc763062c;0x645ab29e;0x86882924L;0.500000;1503151849;1503151849
0;16;8048;0x8625bec4ae81ee4f58ccc0968d3450b12e6b406bf48b3211aed9b61015e8aa9b;0x17c7bf9f033c94aa9f186100e6228376c3f90aed6438dffd44038c2fc763062c;0x645ab29e;0x86882924L;0.500000;1503151849;1503151849
0;16;8048;0x8625bec4ae81ee4f58ccc0968d3450b12e6b406bf48b3211aed9b61015e8aa9b;0x17c7bf9f033c94aa9f186100e6228376c3f90aed6438dffd44038c2fc763062c;0x645ab29e;0x86882924L;0.500000;1503151849;1503151850
