0;16;8048;0xf0c9304dd69bec0509f4ac3a4dc6dbe71c69a74dd1d6c0c3fcd84605ca38b2ba;0x9ae75fde4ac3e036ce411820bab4e4f5c0ec9308179bb34d5b4ad8b568a50884;0xfb0c3f97;0xffe0181cL;0.500000;1503225524;1503225524
0;16;8048;0xf0c9304dd69bec0509f4ac3a4dc6dbe71c69a74dd1d6c0c3fcd84605ca38b2ba;0x9ae75fde4ac3e036ce411820bab4e4f5c0ec9308179bb34d5b4ad8b568a50884;0xfb0c3f97;0xffe0181cL;0.500000;1503225524;1503225524
0;16;8048;0xf0c9304dd69bec0509f4ac3a4dc6dbe71c69a74dd1d6c0c3fcd84605ca38b2ba;0x9ae75fde4ac3e036ce411820bab4e4f5c0ec9308179bb34d5b4ad8b568a50884;0xfb0c3f97;0xffe0181cL;0.500000;1503225524;1503225524
0;16;8048;0xf0c9304dd69bec0509f4ac3a4dc6dbe71c69a74dd1d6c0c3fcd84605ca38b2ba;0x9ae75fde4ac3e036ce411820bab4e4f5c0ec9308179bb34d5b4ad8b568a50884;0xfb0c3f97;0xffe0181cL;0.500000;1503225524;1503225525
0;16;8048;0xc05f475e08eaa31e03b75e7ffeac117775d1dd326b6c4d04d8b8caf68142f641;0x6aa4b8692a04ee117a3fab61d78d237f84c393d1475d89303a4c8316266512a2;0x0527424f;0x4a49a80L;0.500000;1503225525;1503225525
0;16;8048;0xc05f475e08eaa31e03b75e7ffeac117775d1dd326b6c4d04d8b8caf68142f641;0x6aa4b8692a04ee117a3fab61d78d237f84c393d1475d89303a4c8316266512a2;0x0527424f;0x4a49a80L;0.500000;1503225525;1503225525
0;16;8048;0xc05f475e08eaa31e03b75e7ffeac117775d1dd326b6c4d04d8b8caf68142f641;0x6aa4b8692a04ee117a3fab61d78d237f84c393d1475d89303a4c8316266512a2;0x0527424f;0x4a49a80L;0.500000;1503225525;1503225525
0;16;8048;0xc05f475e08eaa31e03b75e7ffeac117775d1dd326b6c4d04d8b8caf68142f641;0x6aa4b8692a04ee117a3fab61d78d237f84c393d1475d89303a4c8316266512a2;0x0527424f;0x4a49a80L;0.500000;1503225525;1503225525
0;16;8048;0xc05f475e08eaa31e03b75e7ffeac117775d1dd326b6c4d04d8b8caf68142f641;0x6aa4b8692a04ee117a3fab61d78d237f84c393d1475d89303a4c8316266512a2;0x0527424f;0x4a49a80L;0.500000;1503225526;1503225526
0;16;8048;0xc981f862d0b37263e2fd876ce1d4b0dd3503fa1b9e8fd4e452a7bc98fe0485c8;0xaced5b8ef3c365e95a39f9c5838204f750653ddef00a841941ec5dfc57d4feb7;0xdbfce9ff;0xc082ca18L;0.500000;1503225526;1503225526
0;16;8048;0xc981f862d0b37263e2fd876ce1d4b0dd3503fa1b9e8fd4e452a7bc98fe0485c8;0xaced5b8ef3c365e95a39f9c5838204f750653ddef00a841941ec5dfc57d4feb7;0xdbfce9ff;0xc082ca18L;0.500000;1503225526;1503225526
0;16;8048;0xc981f862d0b37263e2fd876ce1d4b0dd3503fa1b9e8fd4e452a7bc98fe0485c8;0xaced5b8ef3c365e95a39f9c5838204f750653ddef00a841941ec5dfc57d4feb7;0xdbfce9ff;0xc082ca18L;0.500000;1503225526;1503225526
0;16;8048;0xc981f862d0b37263e2fd876ce1d4b0dd3503fa1b9e8fd4e452a7bc98fe0485c8;0xaced5b8ef3c365e95a39f9c5838204f750653ddef00a841941ec5dfc57d4feb7;0xdbfce9ff;0xc082ca18L;0.500000;1503225526;1503225527
0;16;8048;0xd53c7389e2414e6ea0c9f280123fc8ab250aeee90759dc8e96725416e85fbcbd;0x2fd46685af2d0b59107cb0f163ac9b30e68640a05feb86df897ecf713bb53b68;0xa2e0948a;0x88314c42L;0.500000;1503225527;1503225527
0;16;8048;0xd53c7389e2414e6ea0c9f280123fc8ab250aeee90759dc8e96725416e85fbcbd;0x2fd46685af2d0b59107cb0f163ac9b30e68640a05feb86df897ecf713bb53b68;0xa2e0948a;0x88314c42L;0.500000;1503225527;1503225527
0;16;8048;0xd53c7389e2414e6ea0c9f280123fc8ab250aeee90759dc8e96725416e85fbcbd;0x2fd46685af2d0b59107cb0f163ac9b30e68640a05feb86df897ecf713bb53b68;0xa2e0948a;0x88314c42L;0.500000;1503225527;1503225527
0;16;8048;0xd53c7389e2414e6ea0c9f280123fc8ab250aeee90759dc8e96725416e85fbcbd;0x2fd46685af2d0b59107cb0f163ac9b30e68640a05feb86df897ecf713bb53b68;0xa2e0948a;0x88314c42L;0.500000;1503225527;1503225528
0;16;8048;0xd43dc3f234df25032b71c3b3f4a94be804a57f2dac9c081996fca31265150f39;0x3b4fe91e274fb0397825aa51b94242c4a4805edc1bdc28b92e40a070dde43561;0x14590cd3;0x5a90408L;0.500000;1503225528;1503225528
0;16;8048;0xd43dc3f234df25032b71c3b3f4a94be804a57f2dac9c081996fca31265150f39;0x3b4fe91e274fb0397825aa51b94242c4a4805edc1bdc28b92e40a070dde43561;0x14590cd3;0x5a90408L;0.500000;1503225528;1503225528
0;16;8048;0xd43dc3f234df25032b71c3b3f4a94be804a57f2dac9c081996fca31265150f39;0x3b4fe91e274fb0397825aa51b94242c4a4805edc1bdc28b92e40a070dde43561;0x14590cd3;0x5a90408L;0.500000;1503225528;1503225528
