0;16;8048;0x78a67ea33a4f3e98b508fa7e9331e0fef4f70db4ceb28419f5b7749a4e7ba5c6;0x7166d161f1d44a282255415e2b2a0fdceea43df1cc6ecfc1a29c2e0744aa98dc;0x7f0a94c2;0x53249880L;0.500000;1503234986;1503234986
0;16;8048;0x78a67ea33a4f3e98b508fa7e9331e0fef4f70db4ceb28419f5b7749a4e7ba5c6;0x7166d161f1d44a282255415e2b2a0fdceea43df1cc6ecfc1a29c2e0744aa98dc;0x7f0a94c2;0x53249880L;0.500000;1503234986;1503234986
0;16;8048;0x78a67ea33a4f3e98b508fa7e9331e0fef4f70db4ceb28419f5b7749a4e7ba5c6;0x7166d161f1d44a282255415e2b2a0fdceea43df1cc6ecfc1a29c2e0744aa98dc;0x7f0a94c2;0x53249880L;0.500000;1503234986;1503234986
0;16;8048;0x78a67ea33a4f3e98b508fa7e9331e0fef4f70db4ceb28419f5b7749a4e7ba5c6;0x7166d161f1d44a282255415e2b2a0fdceea43df1cc6ecfc1a29c2e0744aa98dc;0x7f0a94c2;0x53249880L;0.500000;1503234986;1503234987
0;16;8048;0x20df7cdbea0315175c8aa3407c17917acb849c99038a6b65e278873e3abcec5b;0x84ae0c00ae34598ae519f1805aa4c741586c955ae9725689a2d823a95333bd15;0x750e3641;0x104fc8c0L;0.500000;1503234987;1503234987
0;16;8048;0x20df7cdbea0315175c8aa3407c17917acb849c99038a6b65e278873e3abcec5b;0x84ae0c00ae34598ae519f1805aa4c741586c955ae9725689a2d823a95333bd15;0x750e3641;0x104fc8c0L;0.500000;1503234987;1503234987
0;16;8048;0x20df7cdbea0315175c8aa3407c17917acb849c99038a6b65e278873e3abcec5b;0x84ae0c00ae34598ae519f1805aa4c741586c955ae9725689a2d823a95333bd15;0x750e3641;0x104fc8c0L;0.500000;1503234987;1503234987
0;16;8048;0x20df7cdbea0315175c8aa3407c17917acb849c99038a6b65e278873e3abcec5b;0x84ae0c00ae34598ae519f1805aa4c741586c955ae9725689a2d823a95333bd15;0x750e3641;0x104fc8c0L;0.500000;1503234987;1503234988
0;16;8048;0x14e527bd2a2795e3b353cfbd828c4a8a4288d14ff4d60520ed3394eb2a9af23f;0x62bdffd276807c7fe26fa2ff7f78374316dc5afaf0eef802a400aa72ab83209a;0x780f201f;0xac500d48L;0.500000;1503234988;1503234988
0;16;8048;0x14e527bd2a2795e3b353cfbd828c4a8a4288d14ff4d60520ed3394eb2a9af23f;0x62bdffd276807c7fe26fa2ff7f78374316dc5afaf0eef802a400aa72ab83209a;0x780f201f;0xac500d48L;0.500000;1503234988;1503234988
0;16;8048;0x14e527bd2a2795e3b353cfbd828c4a8a4288d14ff4d60520ed3394eb2a9af23f;0x62bdffd276807c7fe26fa2ff7f78374316dc5afaf0eef802a400aa72ab83209a;0x780f201f;0xac500d48L;0.500000;1503234988;1503234988
0;16;8048;0x14e527bd2a2795e3b353cfbd828c4a8a4288d14ff4d60520ed3394eb2a9af23f;0x62bdffd276807c7fe26fa2ff7f78374316dc5afaf0eef802a400aa72ab83209a;0x780f201f;0xac500d48L;0.500000;1503234988;1503234988
0;16;8048;0x14e527bd2a2795e3b353cfbd828c4a8a4288d14ff4d60520ed3394eb2a9af23f;0x62bdffd276807c7fe26fa2ff7f78374316dc5afaf0eef802a400aa72ab83209a;0x780f201f;0xac500d48L;0.500000;1503234988;1503234989
0;16;8048;0x3fc4d6912d49ef2df0a167775730ed0cbfa900334c92e72f27b7c408c8ea7607;0x1093d99518a8e01802321b3de015742a01468e205f41fe9f62162be83a7686fb;0xc7938944;0x2817b0a8L;0.500000;1503234989;1503234989
0;16;8048;0x3fc4d6912d49ef2df0a167775730ed0cbfa900334c92e72f27b7c408c8ea7607;0x1093d99518a8e01802321b3de015742a01468e205f41fe9f62162be83a7686fb;0xc7938944;0x2817b0a8L;0.500000;1503234989;1503234989
0;16;8048;0x3fc4d6912d49ef2df0a167775730ed0cbfa900334c92e72f27b7c408c8ea7607;0x1093d99518a8e01802321b3de015742a01468e205f41fe9f62162be83a7686fb;0xc7938944;0x2817b0a8L;0.500000;1503234989;1503234989
0;16;8048;0x3fc4d6912d49ef2df0a167775730ed0cbfa900334c92e72f27b7c408c8ea7607;0x1093d99518a8e01802321b3de015742a01468e205f41fe9f62162be83a7686fb;0xc7938944;0x2817b0a8L;0.500000;1503234989;1503234990
0;16;8048;0x95c2cc5cc3d1fd2965762d1d2b091d1bb35a70f3ac3032a7643e8e91a8b79b3e;0x3738b446483c9b6005e94a6c40b2db52713297a141177dfaa06b747ac3550ca3;0xafdbeee9;0x1836a42dL;0.500000;1503234990;1503234990
0;16;8048;0x95c2cc5cc3d1fd2965762d1d2b091d1bb35a70f3ac3032a7643e8e91a8b79b3e;0x3738b446483c9b6005e94a6c40b2db52713297a141177dfaa06b747ac3550ca3;0xafdbeee9;0x1836a42dL;0.500000;1503234990;1503234990
0;16;8048;0x95c2cc5cc3d1fd2965762d1d2b091d1bb35a70f3ac3032a7643e8e91a8b79b3e;0x3738b446483c9b6005e94a6c40b2db52713297a141177dfaa06b747ac3550ca3;0xafdbeee9;0x1836a42dL;0.500000;1503234990;1503234990
