0;16;8048;0xecc04418c72fbdfb6653235ed3c9101df9c0e8bdb3479aa801612d189e2dce8a;0xf0df2535512fb145d3618a7e6c1717f3d4f6734de633e8b1559e05cdf5ae4e90;0x2343c492;0x9042164eL;0.500000;1503149470;1503149470
0;16;8048;0xecc04418c72fbdfb6653235ed3c9101df9c0e8bdb3479aa801612d189e2dce8a;0xf0df2535512fb145d3618a7e6c1717f3d4f6734de633e8b1559e05cdf5ae4e90;0x2343c492;0x9042164eL;0.500000;1503149470;1503149470
0;16;8048;0xecc04418c72fbdfb6653235ed3c9101df9c0e8bdb3479aa801612d189e2dce8a;0xf0df2535512fb145d3618a7e6c1717f3d4f6734de633e8b1559e05cdf5ae4e90;0x2343c492;0x9042164eL;0.500000;1503149470;1503149470
0;16;8048;0xecc04418c72fbdfb6653235ed3c9101df9c0e8bdb3479aa801612d189e2dce8a;0xf0df2535512fb145d3618a7e6c1717f3d4f6734de633e8b1559e05cdf5ae4e90;0x2343c492;0x9042164eL;0.500000;1503149470;1503149471
0;16;8048;0x078efb3767136c44f375d3424d172b72065c6ebc05f8d3f9bf59b526ad27a7b4;0xc1b000bfa1b0ba046621e5f36523a8d36d25d3716d51808f14af633e91c14103;0x8b479beb;0x21953654L;0.500000;1503149471;1503149471
0;16;8048;0x078efb3767136c44f375d3424d172b72065c6ebc05f8d3f9bf59b526ad27a7b4;0xc1b000bfa1b0ba046621e5f36523a8d36d25d3716d51808f14af633e91c14103;0x8b479beb;0x21953654L;0.500000;1503149471;1503149471
0;16;8048;0x078efb3767136c44f375d3424d172b72065c6ebc05f8d3f9bf59b526ad27a7b4;0xc1b000bfa1b0ba046621e5f36523a8d36d25d3716d51808f14af633e91c14103;0x8b479beb;0x21953654L;0.500000;1503149471;1503149471
0;16;8048;0x078efb3767136c44f375d3424d172b72065c6ebc05f8d3f9bf59b526ad27a7b4;0xc1b000bfa1b0ba046621e5f36523a8d36d25d3716d51808f14af633e91c14103;0x8b479beb;0x21953654L;0.500000;1503149471;1503149472
0;16;8048;0xb8029ca37e2fca07983332a719c909ab05bcd06d8e92687a4d3f349fcf77bb87;0x3873fdef28a338417e2212a079395598f16a4f960035904008ccd59c73b46c5d;0xdb1f7b0c;0x4e5c55cL;0.500000;1503149472;1503149472
0;16;8048;0xb8029ca37e2fca07983332a719c909ab05bcd06d8e92687a4d3f349fcf77bb87;0x3873fdef28a338417e2212a079395598f16a4f960035904008ccd59c73b46c5d;0xdb1f7b0c;0x4e5c55cL;0.500000;1503149472;1503149472
0;16;8048;0xb8029ca37e2fca07983332a719c909ab05bcd06d8e92687a4d3f349fcf77bb87;0x3873fdef28a338417e2212a079395598f16a4f960035904008ccd59c73b46c5d;0xdb1f7b0c;0x4e5c55cL;0.500000;1503149472;1503149472
0;16;8048;0xb8029ca37e2fca07983332a719c909ab05bcd06d8e92687a4d3f349fcf77bb87;0x3873fdef28a338417e2212a079395598f16a4f960035904008ccd59c73b46c5d;0xdb1f7b0c;0x4e5c55cL;0.500000;1503149472;1503149473
0;16;8048;0xa9f3f59884e11330482970703aba0f659de0ce317717debd4aeb6352968dc13f;0x6e9934a325b4931045dbef072d85099a0823891912ec6c5223c6dc4e53ecab0d;0x11203dcc;0x64143008L;0.500000;1503149473;1503149473
0;16;8048;0xa9f3f59884e11330482970703aba0f659de0ce317717debd4aeb6352968dc13f;0x6e9934a325b4931045dbef072d85099a0823891912ec6c5223c6dc4e53ecab0d;0x11203dcc;0x64143008L;0.500000;1503149473;1503149473
0;16;8048;0xa9f3f59884e11330482970703aba0f659de0ce317717debd4aeb6352968dc13f;0x6e9934a325b4931045dbef072d85099a0823891912ec6c5223c6dc4e53ecab0d;0x11203dcc;0x64143008L;0.500000;1503149473;1503149473
0;16;8048;0xa9f3f59884e11330482970703aba0f659de0ce317717debd4aeb6352968dc13f;0x6e9934a325b4931045dbef072d85099a0823891912ec6c5223c6dc4e53ecab0d;0x11203dcc;0x64143008L;0.500000;1503149473;1503149474
0;16;8048;0x2de2aa194101dcfd1300d54baf0c909b5388db4ed670c40e72453bbe43ebe470;0xe1c868db996226aa8e27a7a21783446ff0707c2d4a7c845259b2bd138a17c48b;0x20d6523c;0x5443c825L;0.500000;1503149474;1503149474
0;16;8048;0x2de2aa194101dcfd1300d54baf0c909b5388db4ed670c40e72453bbe43ebe470;0xe1c868db996226aa8e27a7a21783446ff0707c2d4a7c845259b2bd138a17c48b;0x20d6523c;0x5443c825L;0.500000;1503149474;1503149474
0;16;8048;0x2de2aa194101dcfd1300d54baf0c909b5388db4ed670c40e72453bbe43ebe470;0xe1c868db996226aa8e27a7a21783446ff0707c2d4a7c845259b2bd138a17c48b;0x20d6523c;0x5443c825L;0.500000;1503149474;1503149474
0;16;8048;0x2de2aa194101dcfd1300d54baf0c909b5388db4ed670c40e72453bbe43ebe470;0xe1c868db996226aa8e27a7a21783446ff0707c2d4a7c845259b2bd138a17c48b;0x20d6523c;0x5443c825L;0.500000;1503149474;1503149475
