0;16;8048;0x6ad2fcd45c6364a757a3fd67d27a882b559bc359398c318cacbbc0256451a9ce;0xda65dff81a50f26817fc9339e8e8359beb13d527818037e158d05f2c43eee757;0xcaf4f4f3;0x698c04c0L;0.500000;1503118044;1503118044
0;16;8048;0x6ad2fcd45c6364a757a3fd67d27a882b559bc359398c318cacbbc0256451a9ce;0xda65dff81a50f26817fc9339e8e8359beb13d527818037e158d05f2c43eee757;0xcaf4f4f3;0x698c04c0L;0.500000;1503118044;1503118045
0;16;8048;0x1bfcc59143b8d2065803d2f20a299d68a40e2332cbd3e49c55e7fb50d01be7ec;0x89840e75356a773593ab11e1b3e5dd00311ab6177ba564249137837a49fc0849;0x51249f63;0x2a02af05L;0.500000;1503118045;1503118045
0;16;8048;0x1bfcc59143b8d2065803d2f20a299d68a40e2332cbd3e49c55e7fb50d01be7ec;0x89840e75356a773593ab11e1b3e5dd00311ab6177ba564249137837a49fc0849;0x51249f63;0x2a02af05L;0.500000;1503118045;1503118045
0;16;8048;0x1bfcc59143b8d2065803d2f20a299d68a40e2332cbd3e49c55e7fb50d01be7ec;0x89840e75356a773593ab11e1b3e5dd00311ab6177ba564249137837a49fc0849;0x51249f63;0x2a02af05L;0.500000;1503118045;1503118045
0;16;8048;0x1bfcc59143b8d2065803d2f20a299d68a40e2332cbd3e49c55e7fb50d01be7ec;0x89840e75356a773593ab11e1b3e5dd00311ab6177ba564249137837a49fc0849;0x51249f63;0x2a02af05L;0.500000;1503118045;1503118046
0;16;8048;0xfbd4e54a9315a4c77292e219e814383a3d51d1d128001865971c520cf5e340f1;0x7b1498403356e0f07a8c0b9b8e2733cb12c003761ff60829bd5bf33601c51334;0xdab415f0;0x950c282dL;0.500000;1503118046;1503118046
0;16;8048;0xfbd4e54a9315a4c77292e219e814383a3d51d1d128001865971c520cf5e340f1;0x7b1498403356e0f07a8c0b9b8e2733cb12c003761ff60829bd5bf33601c51334;0xdab415f0;0x950c282dL;0.500000;1503118046;1503118046
0;16;8048;0xfbd4e54a9315a4c77292e219e814383a3d51d1d128001865971c520cf5e340f1;0x7b1498403356e0f07a8c0b9b8e2733cb12c003761ff60829bd5bf33601c51334;0xdab415f0;0x950c282dL;0.500000;1503118046;1503118046
0;16;8048;0xfbd4e54a9315a4c77292e219e814383a3d51d1d128001865971c520cf5e340f1;0x7b1498403356e0f07a8c0b9b8e2733cb12c003761ff60829bd5bf33601c51334;0xdab415f0;0x950c282dL;0.500000;1503118046;1503118047
0;16;8048;0x362076e2b97143a6455e6affda71ddcf114930c3f769caca072982f3f70b562e;0x1ba305dcfd738e3f360dace906ed732f7da919259857ba1da8ac7ad877217c63;0xb786aad1;0x10186a0L;0.500000;1503118047;1503118047
0;16;8048;0x362076e2b97143a6455e6affda71ddcf114930c3f769caca072982f3f70b562e;0x1ba305dcfd738e3f360dace906ed732f7da919259857ba1da8ac7ad877217c63;0xb786aad1;0x10186a0L;0.500000;1503118047;1503118047
0;16;8048;0x362076e2b97143a6455e6affda71ddcf114930c3f769caca072982f3f70b562e;0x1ba305dcfd738e3f360dace906ed732f7da919259857ba1da8ac7ad877217c63;0xb786aad1;0x10186a0L;0.500000;1503118047;1503118047
0;16;8048;0x362076e2b97143a6455e6affda71ddcf114930c3f769caca072982f3f70b562e;0x1ba305dcfd738e3f360dace906ed732f7da919259857ba1da8ac7ad877217c63;0xb786aad1;0x10186a0L;0.500000;1503118047;1503118048
0;16;8048;0x5018f4a0229ab15c888e60e15f5f389aa9ed85f9f516cd62f520b6f919b4206a;0xbc089bb26d9fa5e781faa292b7e9df69d6c7057b07d9f372096f05943f2f49c9;0xb545f475;0x2189ab36L;0.500000;1503118048;1503118048
0;16;8048;0x5018f4a0229ab15c888e60e15f5f389aa9ed85f9f516cd62f520b6f919b4206a;0xbc089bb26d9fa5e781faa292b7e9df69d6c7057b07d9f372096f05943f2f49c9;0xb545f475;0x2189ab36L;0.500000;1503118048;1503118048
0;16;8048;0x5018f4a0229ab15c888e60e15f5f389aa9ed85f9f516cd62f520b6f919b4206a;0xbc089bb26d9fa5e781faa292b7e9df69d6c7057b07d9f372096f05943f2f49c9;0xb545f475;0x2189ab36L;0.500000;1503118048;1503118048
0;16;8048;0x5018f4a0229ab15c888e60e15f5f389aa9ed85f9f516cd62f520b6f919b4206a;0xbc089bb26d9fa5e781faa292b7e9df69d6c7057b07d9f372096f05943f2f49c9;0xb545f475;0x2189ab36L;0.500000;1503118048;1503118049
0;16;8048;0x0dcf4393d5d5d78685c8866024961c0d91b78452181618d23acd0d745312f960;0x29e424431d6c83ae4e4f28ed22f9b2dba0decd7cdc3f6bb183014fda04d9cce7;0xfcf526ed;0x4011d408L;0.500000;1503118049;1503118049
0;16;8048;0x0dcf4393d5d5d78685c8866024961c0d91b78452181618d23acd0d745312f960;0x29e424431d6c83ae4e4f28ed22f9b2dba0decd7cdc3f6bb183014fda04d9cce7;0xfcf526ed;0x4011d408L;0.500000;1503118049;1503118049
