0;16;8048;0xd584630221efc29ff5d02ac4a5604bcf31dae280e6e5096a8f385295dfcbf7b5;0x315cc2f25c0ee815546eaa0dc575f072ac405fae6241491396251947012ddb9a;0xe568b298;0x71c89cbaL;0.500000;1503157751;1503157751
0;16;8048;0xd584630221efc29ff5d02ac4a5604bcf31dae280e6e5096a8f385295dfcbf7b5;0x315cc2f25c0ee815546eaa0dc575f072ac405fae6241491396251947012ddb9a;0xe568b298;0x71c89cbaL;0.500000;1503157751;1503157751
0;16;8048;0xd584630221efc29ff5d02ac4a5604bcf31dae280e6e5096a8f385295dfcbf7b5;0x315cc2f25c0ee815546eaa0dc575f072ac405fae6241491396251947012ddb9a;0xe568b298;0x71c89cbaL;0.500000;1503157751;1503157752
0;16;8048;0x29d15f3ff821a4811e0bde7a1096f7a0f23157026a6b1763a98c65f4a919b0d2;0xfc0b4532b83cade5b4536ed6a287c57c7775652cdd2aaae61267ec7e43930592;0x8a218aa3;0x488e0413L;0.500000;1503157752;1503157752
0;16;8048;0x29d15f3ff821a4811e0bde7a1096f7a0f23157026a6b1763a98c65f4a919b0d2;0xfc0b4532b83cade5b4536ed6a287c57c7775652cdd2aaae61267ec7e43930592;0x8a218aa3;0x488e0413L;0.500000;1503157752;1503157752
0;16;8048;0x29d15f3ff821a4811e0bde7a1096f7a0f23157026a6b1763a98c65f4a919b0d2;0xfc0b4532b83cade5b4536ed6a287c57c7775652cdd2aaae61267ec7e43930592;0x8a218aa3;0x488e0413L;0.500000;1503157752;1503157752
0;16;8048;0x29d15f3ff821a4811e0bde7a1096f7a0f23157026a6b1763a98c65f4a919b0d2;0xfc0b4532b83cade5b4536ed6a287c57c7775652cdd2aaae61267ec7e43930592;0x8a218aa3;0x488e0413L;0.500000;1503157752;1503157752
0;16;8048;0xef5286f80df947aca781ea054a5f234edc17b5869468758f5b0748d01e57d40d;0x438d064038cdcf22496fdab817150d8e9bc62ad8a116c66b6daabc3ccd376bce;0xcf593df5;0x80432a05L;0.500000;1503157753;1503157753
0;16;8048;0xef5286f80df947aca781ea054a5f234edc17b5869468758f5b0748d01e57d40d;0x438d064038cdcf22496fdab817150d8e9bc62ad8a116c66b6daabc3ccd376bce;0xcf593df5;0x80432a05L;0.500000;1503157753;1503157753
0;16;8048;0xef5286f80df947aca781ea054a5f234edc17b5869468758f5b0748d01e57d40d;0x438d064038cdcf22496fdab817150d8e9bc62ad8a116c66b6daabc3ccd376bce;0xcf593df5;0x80432a05L;0.500000;1503157753;1503157753
0;16;8048;0xef5286f80df947aca781ea054a5f234edc17b5869468758f5b0748d01e57d40d;0x438d064038cdcf22496fdab817150d8e9bc62ad8a116c66b6daabc3ccd376bce;0xcf593df5;0x80432a05L;0.500000;1503157753;1503157753
0;16;8048;0xef5286f80df947aca781ea054a5f234edc17b5869468758f5b0748d01e57d40d;0x438d064038cdcf22496fdab817150d8e9bc62ad8a116c66b6daabc3ccd376bce;0xcf593df5;0x80432a05L;0.500000;1503157753;1503157754
0;16;8048;0x00d1c412fcb0dd3e951a2f4cabc390408394f6648be271b17ab5c49d6a3d5c6a;0xea3391b93043077bbf3be3ea865b1246e3879bd526931a68d4d6a8a5f750c4c8;0x5fadb32d;0x2a3bb035L;0.500000;1503157754;1503157754
0;16;8048;0x00d1c412fcb0dd3e951a2f4cabc390408394f6648be271b17ab5c49d6a3d5c6a;0xea3391b93043077bbf3be3ea865b1246e3879bd526931a68d4d6a8a5f750c4c8;0x5fadb32d;0x2a3bb035L;0.500000;1503157754;1503157754
0;16;8048;0x00d1c412fcb0dd3e951a2f4cabc390408394f6648be271b17ab5c49d6a3d5c6a;0xea3391b93043077bbf3be3ea865b1246e3879bd526931a68d4d6a8a5f750c4c8;0x5fadb32d;0x2a3bb035L;0.500000;1503157754;1503157754
0;16;8048;0x00d1c412fcb0dd3e951a2f4cabc390408394f6648be271b17ab5c49d6a3d5c6a;0xea3391b93043077bbf3be3ea865b1246e3879bd526931a68d4d6a8a5f750c4c8;0x5fadb32d;0x2a3bb035L;0.500000;1503157754;1503157754
0;16;8048;0x00d1c412fcb0dd3e951a2f4cabc390408394f6648be271b17ab5c49d6a3d5c6a;0xea3391b93043077bbf3be3ea865b1246e3879bd526931a68d4d6a8a5f750c4c8;0x5fadb32d;0x2a3bb035L;0.500000;1503157755;1503157755
0;16;8048;0x9883d67f73de002081084eea80444131adde1165ab3b2cba84ea8a30c7d2b95f;0xa2f245bdbb0905f0f69c6c85dbb1444afc864c1de99b2f71ab581c884d641d27;0x3333f057;0x1942541L;0.500000;1503157755;1503157755
0;16;8048;0x9883d67f73de002081084eea80444131adde1165ab3b2cba84ea8a30c7d2b95f;0xa2f245bdbb0905f0f69c6c85dbb1444afc864c1de99b2f71ab581c884d641d27;0x3333f057;0x1942541L;0.500000;1503157755;1503157755
0;16;8048;0x9883d67f73de002081084eea80444131adde1165ab3b2cba84ea8a30c7d2b95f;0xa2f245bdbb0905f0f69c6c85dbb1444afc864c1de99b2f71ab581c884d641d27;0x3333f057;0x1942541L;0.500000;1503157755;1503157755
