0;16;8048;0x3e2863c13eb769287b344d7e9641dee6c6806e06b78739a7762e4a423508fc74;0x9e820f5481cb4006210dbfa5f30ca01dbfa4bd446efff77b83bb094fe9f747ff;0xc378f11f;0x4d80d02cL;0.500000;1503239749;1503239749
0;16;8048;0x3e2863c13eb769287b344d7e9641dee6c6806e06b78739a7762e4a423508fc74;0x9e820f5481cb4006210dbfa5f30ca01dbfa4bd446efff77b83bb094fe9f747ff;0xc378f11f;0x4d80d02cL;0.500000;1503239749;1503239749
0;16;8048;0x3e2863c13eb769287b344d7e9641dee6c6806e06b78739a7762e4a423508fc74;0x9e820f5481cb4006210dbfa5f30ca01dbfa4bd446efff77b83bb094fe9f747ff;0xc378f11f;0x4d80d02cL;0.500000;1503239749;1503239749
0;16;8048;0x3e2863c13eb769287b344d7e9641dee6c6806e06b78739a7762e4a423508fc74;0x9e820f5481cb4006210dbfa5f30ca01dbfa4bd446efff77b83bb094fe9f747ff;0xc378f11f;0x4d80d02cL;0.500000;1503239749;1503239750
0;16;8048;0xaeef16fb1aea6acdee822fcdc53dd14769508731eb97d810862fb45c246089d2;0xdfb4d584385c51a22031ed857677f0c34ce0915a2fef1436c4f3041c7ee160f9;0x80915818;0xac5e3a8dL;0.500000;1503239750;1503239750
0;16;8048;0xaeef16fb1aea6acdee822fcdc53dd14769508731eb97d810862fb45c246089d2;0xdfb4d584385c51a22031ed857677f0c34ce0915a2fef1436c4f3041c7ee160f9;0x80915818;0xac5e3a8dL;0.500000;1503239750;1503239750
0;16;8048;0xaeef16fb1aea6acdee822fcdc53dd14769508731eb97d810862fb45c246089d2;0xdfb4d584385c51a22031ed857677f0c34ce0915a2fef1436c4f3041c7ee160f9;0x80915818;0xac5e3a8dL;0.500000;1503239750;1503239750
0;16;8048;0xaeef16fb1aea6acdee822fcdc53dd14769508731eb97d810862fb45c246089d2;0xdfb4d584385c51a22031ed857677f0c34ce0915a2fef1436c4f3041c7ee160f9;0x80915818;0xac5e3a8dL;0.500000;1503239750;1503239751
0;16;8048;0x65872ad4e9e83b88566e3ab88c1dbc3cda74af35450899ef19d15ec8c5081f2a;0x037d216ba7b8e3921c50244953f5d1db291df12979d370dc2ea6199dcc13d850;0x4dcb4172;0x4cf00a13L;0.500000;1503239751;1503239751
0;16;8048;0x65872ad4e9e83b88566e3ab88c1dbc3cda74af35450899ef19d15ec8c5081f2a;0x037d216ba7b8e3921c50244953f5d1db291df12979d370dc2ea6199dcc13d850;0x4dcb4172;0x4cf00a13L;0.500000;1503239751;1503239751
0;16;8048;0x65872ad4e9e83b88566e3ab88c1dbc3cda74af35450899ef19d15ec8c5081f2a;0x037d216ba7b8e3921c50244953f5d1db291df12979d370dc2ea6199dcc13d850;0x4dcb4172;0x4cf00a13L;0.500000;1503239751;1503239751
0;16;8048;0x65872ad4e9e83b88566e3ab88c1dbc3cda74af35450899ef19d15ec8c5081f2a;0x037d216ba7b8e3921c50244953f5d1db291df12979d370dc2ea6199dcc13d850;0x4dcb4172;0x4cf00a13L;0.500000;1503239751;1503239751
0;16;8048;0x65872ad4e9e83b88566e3ab88c1dbc3cda74af35450899ef19d15ec8c5081f2a;0x037d216ba7b8e3921c50244953f5d1db291df12979d370dc2ea6199dcc13d850;0x4dcb4172;0x4cf00a13L;0.500000;1503239752;1503239752
0;16;8048;0xceac71ce15af3a2b5ffabffd94f5c160ffc187d812cd8c5d4fac4c67032d2bd1;0x6647279bb5bd5a8f8199f99bd14c31a702cf730886feb95c65885307ee6e9f2b;0xbf79dff5;0x37dc0c24L;0.500000;1503239752;1503239752
0;16;8048;0xceac71ce15af3a2b5ffabffd94f5c160ffc187d812cd8c5d4fac4c67032d2bd1;0x6647279bb5bd5a8f8199f99bd14c31a702cf730886feb95c65885307ee6e9f2b;0xbf79dff5;0x37dc0c24L;0.500000;1503239752;1503239752
0;16;8048;0xceac71ce15af3a2b5ffabffd94f5c160ffc187d812cd8c5d4fac4c67032d2bd1;0x6647279bb5bd5a8f8199f99bd14c31a702cf730886feb95c65885307ee6e9f2b;0xbf79dff5;0x37dc0c24L;0.500000;1503239752;1503239752
0;16;8048;0xceac71ce15af3a2b5ffabffd94f5c160ffc187d812cd8c5d4fac4c67032d2bd1;0x6647279bb5bd5a8f8199f99bd14c31a702cf730886feb95c65885307ee6e9f2b;0xbf79dff5;0x37dc0c24L;0.500000;1503239752;1503239753
0;16;8048;0x2efad7382dd0a5fe3f374a8c59cac3b7bb96e2a6c52a456c3c5a055ea2fd76d0;0x1ecf8bf124ac21e7e1bbb32be2f6ae3dfe5c7ea5fb4ac0529546375a732ba7ea;0x1e7a0166;0x8188005L;0.500000;1503239753;1503239753
0;16;8048;0x2efad7382dd0a5fe3f374a8c59cac3b7bb96e2a6c52a456c3c5a055ea2fd76d0;0x1ecf8bf124ac21e7e1bbb32be2f6ae3dfe5c7ea5fb4ac0529546375a732ba7ea;0x1e7a0166;0x8188005L;0.500000;1503239753;1503239753
0;16;8048;0x2efad7382dd0a5fe3f374a8c59cac3b7bb96e2a6c52a456c3c5a055ea2fd76d0;0x1ecf8bf124ac21e7e1bbb32be2f6ae3dfe5c7ea5fb4ac0529546375a732ba7ea;0x1e7a0166;0x8188005L;0.500000;1503239753;1503239753
