0;16;8048;0x034809913b4bb03851416c8d93333c3990d6b74eb723d3033c87e46c308be933;0x4b988bd1d1f2d4f7f1367621b47117aebdd2c36077f223390a8db24857e52808;0xd9cfcbd3;0x92601909L;0.500000;1503119285;1503119285
0;16;8048;0x034809913b4bb03851416c8d93333c3990d6b74eb723d3033c87e46c308be933;0x4b988bd1d1f2d4f7f1367621b47117aebdd2c36077f223390a8db24857e52808;0xd9cfcbd3;0x92601909L;0.500000;1503119285;1503119285
0;16;8048;0x034809913b4bb03851416c8d93333c3990d6b74eb723d3033c87e46c308be933;0x4b988bd1d1f2d4f7f1367621b47117aebdd2c36077f223390a8db24857e52808;0xd9cfcbd3;0x92601909L;0.500000;1503119285;1503119285
0;16;8048;0x034809913b4bb03851416c8d93333c3990d6b74eb723d3033c87e46c308be933;0x4b988bd1d1f2d4f7f1367621b47117aebdd2c36077f223390a8db24857e52808;0xd9cfcbd3;0x92601909L;0.500000;1503119285;1503119286
0;16;8048;0x28d4cd716be855c87fa4004d242a7b0f688a0b0325763dede2ebc17d533f427c;0xd318f2b01e65bdb6a93dff9dec4923e0c464e97e7409bbbac7c37ae086f78ee7;0xf7c31a93;0x8012a35L;0.500000;1503119286;1503119286
0;16;8048;0x28d4cd716be855c87fa4004d242a7b0f688a0b0325763dede2ebc17d533f427c;0xd318f2b01e65bdb6a93dff9dec4923e0c464e97e7409bbbac7c37ae086f78ee7;0xf7c31a93;0x8012a35L;0.500000;1503119286;1503119286
0;16;8048;0x28d4cd716be855c87fa4004d242a7b0f688a0b0325763dede2ebc17d533f427c;0xd318f2b01e65bdb6a93dff9dec4923e0c464e97e7409bbbac7c37ae086f78ee7;0xf7c31a93;0x8012a35L;0.500000;1503119286;1503119286
0;16;8048;0x28d4cd716be855c87fa4004d242a7b0f688a0b0325763dede2ebc17d533f427c;0xd318f2b01e65bdb6a93dff9dec4923e0c464e97e7409bbbac7c37ae086f78ee7;0xf7c31a93;0x8012a35L;0.500000;1503119286;1503119286
0;16;8048;0x28d4cd716be855c87fa4004d242a7b0f688a0b0325763dede2ebc17d533f427c;0xd318f2b01e65bdb6a93dff9dec4923e0c464e97e7409bbbac7c37ae086f78ee7;0xf7c31a93;0x8012a35L;0.500000;1503119286;1503119287
0;16;8048;0x22d615e8b4a8c8c6089d5e658bd9e9d28a6fca4978c0d5fc195eb4fce0a74402;0xbe4731c9e49e82af34b3c7e33508a35f3caa31c4264c86ce4da6a15407ad7051;0x2cb2005c;0xbd4192dL;0.500000;1503119287;1503119287
0;16;8048;0x22d615e8b4a8c8c6089d5e658bd9e9d28a6fca4978c0d5fc195eb4fce0a74402;0xbe4731c9e49e82af34b3c7e33508a35f3caa31c4264c86ce4da6a15407ad7051;0x2cb2005c;0xbd4192dL;0.500000;1503119287;1503119287
0;16;8048;0x22d615e8b4a8c8c6089d5e658bd9e9d28a6fca4978c0d5fc195eb4fce0a74402;0xbe4731c9e49e82af34b3c7e33508a35f3caa31c4264c86ce4da6a15407ad7051;0x2cb2005c;0xbd4192dL;0.500000;1503119287;1503119287
0;16;8048;0x22d615e8b4a8c8c6089d5e658bd9e9d28a6fca4978c0d5fc195eb4fce0a74402;0xbe4731c9e49e82af34b3c7e33508a35f3caa31c4264c86ce4da6a15407ad7051;0x2cb2005c;0xbd4192dL;0.500000;1503119287;1503119288
0;16;8048;0x05d04d2ba0221bce9a0caaaf5b7783580bad8e2e10ae40107291cb7de417b9ea;0xb40e15a7a39f0b55fe1e70e95eb4b0fbe5e4d2d043f33700c71322838ec29e9c;0x012247da;0xc041e19eL;0.500000;1503119288;1503119288
0;16;8048;0x05d04d2ba0221bce9a0caaaf5b7783580bad8e2e10ae40107291cb7de417b9ea;0xb40e15a7a39f0b55fe1e70e95eb4b0fbe5e4d2d043f33700c71322838ec29e9c;0x012247da;0xc041e19eL;0.500000;1503119288;1503119288
0;16;8048;0x05d04d2ba0221bce9a0caaaf5b7783580bad8e2e10ae40107291cb7de417b9ea;0xb40e15a7a39f0b55fe1e70e95eb4b0fbe5e4d2d043f33700c71322838ec29e9c;0x012247da;0xc041e19eL;0.500000;1503119288;1503119288
0;16;8048;0x05d04d2ba0221bce9a0caaaf5b7783580bad8e2e10ae40107291cb7de417b9ea;0xb40e15a7a39f0b55fe1e70e95eb4b0fbe5e4d2d043f33700c71322838ec29e9c;0x012247da;0xc041e19eL;0.500000;1503119288;1503119289
0;16;8048;0xb47ea81d4f530a8e914de1b7bdc258f57cca456b6eef5eab7095945f9e760252;0x2673e2863ba3436115c1e5f9f746895bccd8828564ea2b3d368847aeac94f487;0x91b3274a;0x810289ceL;0.500000;1503119289;1503119289
0;16;8048;0xb47ea81d4f530a8e914de1b7bdc258f57cca456b6eef5eab7095945f9e760252;0x2673e2863ba3436115c1e5f9f746895bccd8828564ea2b3d368847aeac94f487;0x91b3274a;0x810289ceL;0.500000;1503119289;1503119289
0;16;8048;0xb47ea81d4f530a8e914de1b7bdc258f57cca456b6eef5eab7095945f9e760252;0x2673e2863ba3436115c1e5f9f746895bccd8828564ea2b3d368847aeac94f487;0x91b3274a;0x810289ceL;0.500000;1503119289;1503119289
