0;16;8048;0xec1decd009f025ddfa26adbfdd1cef6ab056b2149f5cb9cf5ef9d924d1df63bd;0x064e46894726656e07116bc9afb4732127fe80b0c0774134bdb2c184dc082f64;0xe0e3fdf1;0xca08082L;0.500000;1503084982;1503084982
0;16;8048;0xec1decd009f025ddfa26adbfdd1cef6ab056b2149f5cb9cf5ef9d924d1df63bd;0x064e46894726656e07116bc9afb4732127fe80b0c0774134bdb2c184dc082f64;0xe0e3fdf1;0xca08082L;0.500000;1503084982;1503084982
0;16;8048;0xec1decd009f025ddfa26adbfdd1cef6ab056b2149f5cb9cf5ef9d924d1df63bd;0x064e46894726656e07116bc9afb4732127fe80b0c0774134bdb2c184dc082f64;0xe0e3fdf1;0xca08082L;0.500000;1503084983;1503084983
0;16;8048;0xbe26bb541bd1d54de0fd622971b1d637a7d32f7d46eb7a4c1b6f1744d197b28f;0x1b42bfcecafb34303aa8bb28d3947e7b8f6a269e85eafd8dceb4a45fc7a3846f;0xed2b636d;0xc8c09c88L;0.500000;1503084983;1503084983
0;16;8048;0xbe26bb541bd1d54de0fd622971b1d637a7d32f7d46eb7a4c1b6f1744d197b28f;0x1b42bfcecafb34303aa8bb28d3947e7b8f6a269e85eafd8dceb4a45fc7a3846f;0xed2b636d;0xc8c09c88L;0.500000;1503084983;1503084983
0;16;8048;0xbe26bb541bd1d54de0fd622971b1d637a7d32f7d46eb7a4c1b6f1744d197b28f;0x1b42bfcecafb34303aa8bb28d3947e7b8f6a269e85eafd8dceb4a45fc7a3846f;0xed2b636d;0xc8c09c88L;0.500000;1503084983;1503084984
0;16;8048;0xbcd8e7f950439ac9e786917856b67da2417873ecc92ff5b1a4b5b4b25ad96d17;0xfa6d18847a643e7a07a50362ff4140f8833f3cd2e972da1074cb6a2e4e44921b;0xd6840e44;0x13702a2cL;0.500000;1503084984;1503084984
0;16;8048;0xbcd8e7f950439ac9e786917856b67da2417873ecc92ff5b1a4b5b4b25ad96d17;0xfa6d18847a643e7a07a50362ff4140f8833f3cd2e972da1074cb6a2e4e44921b;0xd6840e44;0x13702a2cL;0.500000;1503084984;1503084984
0;16;8048;0xbcd8e7f950439ac9e786917856b67da2417873ecc92ff5b1a4b5b4b25ad96d17;0xfa6d18847a643e7a07a50362ff4140f8833f3cd2e972da1074cb6a2e4e44921b;0xd6840e44;0x13702a2cL;0.500000;1503084984;1503084984
0;16;8048;0x05f81766756785abcd3c483088ac18da4a89d570841670ee8cd68876a0b9a7a6;0x81eeaf1086eab0c6274ec7b0ba1ca55c4796a61b6809b5a93b6c1171d7b14c9d;0xf7c9d78d;0x5a929688L;0.500000;1503084985;1503084985
0;16;8048;0x05f81766756785abcd3c483088ac18da4a89d570841670ee8cd68876a0b9a7a6;0x81eeaf1086eab0c6274ec7b0ba1ca55c4796a61b6809b5a93b6c1171d7b14c9d;0xf7c9d78d;0x5a929688L;0.500000;1503084985;1503084985
0;16;8048;0x05f81766756785abcd3c483088ac18da4a89d570841670ee8cd68876a0b9a7a6;0x81eeaf1086eab0c6274ec7b0ba1ca55c4796a61b6809b5a93b6c1171d7b14c9d;0xf7c9d78d;0x5a929688L;0.500000;1503084985;1503084985
0;16;8048;0x05f81766756785abcd3c483088ac18da4a89d570841670ee8cd68876a0b9a7a6;0x81eeaf1086eab0c6274ec7b0ba1ca55c4796a61b6809b5a93b6c1171d7b14c9d;0xf7c9d78d;0x5a929688L;0.500000;1503084985;1503084986
0;16;8048;0xe0499a02bf9f88d60ba692202f435ad8ca31143e4227a6b039d27d0f7cd0bd5d;0x18f10150b11c74f1ed9b94ce5852a35ec3b6cbc02a919ab15c5c531eadd242e1;0xafa85aae;0x80a3c81cL;0.500000;1503084986;1503084986
0;16;8048;0xe0499a02bf9f88d60ba692202f435ad8ca31143e4227a6b039d27d0f7cd0bd5d;0x18f10150b11c74f1ed9b94ce5852a35ec3b6cbc02a919ab15c5c531eadd242e1;0xafa85aae;0x80a3c81cL;0.500000;1503084986;1503084986
0;16;8048;0xe0499a02bf9f88d60ba692202f435ad8ca31143e4227a6b039d27d0f7cd0bd5d;0x18f10150b11c74f1ed9b94ce5852a35ec3b6cbc02a919ab15c5c531eadd242e1;0xafa85aae;0x80a3c81cL;0.500000;1503084986;1503084986
0;16;8048;0xe0499a02bf9f88d60ba692202f435ad8ca31143e4227a6b039d27d0f7cd0bd5d;0x18f10150b11c74f1ed9b94ce5852a35ec3b6cbc02a919ab15c5c531eadd242e1;0xafa85aae;0x80a3c81cL;0.500000;1503084986;1503084987
0;16;8048;0x182fc45b0238f76a42be9e9116b027b0ea8b81706404f8066b50e90e6e164d86;0x21e56e50fd7b93da2d343059dfa216d313dbfb5b714c19b6f1efabb9e90da3ee;0x07d4a653;0x2109f108L;0.500000;1503084987;1503084987
0;16;8048;0x182fc45b0238f76a42be9e9116b027b0ea8b81706404f8066b50e90e6e164d86;0x21e56e50fd7b93da2d343059dfa216d313dbfb5b714c19b6f1efabb9e90da3ee;0x07d4a653;0x2109f108L;0.500000;1503084987;1503084987
0;16;8048;0x182fc45b0238f76a42be9e9116b027b0ea8b81706404f8066b50e90e6e164d86;0x21e56e50fd7b93da2d343059dfa216d313dbfb5b714c19b6f1efabb9e90da3ee;0x07d4a653;0x2109f108L;0.500000;1503084987;1503084988
