0;16;8048;0x53ba12d3991dd2fe202dd2baefb5f998975e10a00a7413d953f37717ba23e30d;0x58604779653d70359d4dd151401a5fa6a17422799b152d7a18ade109d9e06a9c;0xc9a93e89;0x3c1c003L;0.500000;1503107918;1503107918
0;16;8048;0x53ba12d3991dd2fe202dd2baefb5f998975e10a00a7413d953f37717ba23e30d;0x58604779653d70359d4dd151401a5fa6a17422799b152d7a18ade109d9e06a9c;0xc9a93e89;0x3c1c003L;0.500000;1503107918;1503107918
0;16;8048;0x53ba12d3991dd2fe202dd2baefb5f998975e10a00a7413d953f37717ba23e30d;0x58604779653d70359d4dd151401a5fa6a17422799b152d7a18ade109d9e06a9c;0xc9a93e89;0x3c1c003L;0.500000;1503107919;1503107919
0;16;8048;0x7edfa4fddcb26090984f27a178f517c317a4b4b4d3f95b7502b734aa4f06bbcd;0xc0196f4beb621b940bee52edc8ab2272d900487b4940dcd14b62c445d3d89be0;0xc200b491;0x95854205L;0.500000;1503107919;1503107919
0;16;8048;0x7edfa4fddcb26090984f27a178f517c317a4b4b4d3f95b7502b734aa4f06bbcd;0xc0196f4beb621b940bee52edc8ab2272d900487b4940dcd14b62c445d3d89be0;0xc200b491;0x95854205L;0.500000;1503107919;1503107919
0;16;8048;0x7edfa4fddcb26090984f27a178f517c317a4b4b4d3f95b7502b734aa4f06bbcd;0xc0196f4beb621b940bee52edc8ab2272d900487b4940dcd14b62c445d3d89be0;0xc200b491;0x95854205L;0.500000;1503107919;1503107919
0;16;8048;0x7edfa4fddcb26090984f27a178f517c317a4b4b4d3f95b7502b734aa4f06bbcd;0xc0196f4beb621b940bee52edc8ab2272d900487b4940dcd14b62c445d3d89be0;0xc200b491;0x95854205L;0.500000;1503107919;1503107920
0;16;8048;0x754262ffc375da3fc0945598dfde3141c7d8e4a1a70c35e857d911053fdc90b4;0xf433b3d335fb1cb70fc4c560b2a9f34a6eca26e4a42bea55b7250a6f561d9996;0x75fc7765;0x64028cf1L;0.500000;1503107920;1503107920
0;16;8048;0x754262ffc375da3fc0945598dfde3141c7d8e4a1a70c35e857d911053fdc90b4;0xf433b3d335fb1cb70fc4c560b2a9f34a6eca26e4a42bea55b7250a6f561d9996;0x75fc7765;0x64028cf1L;0.500000;1503107920;1503107920
0;16;8048;0x754262ffc375da3fc0945598dfde3141c7d8e4a1a70c35e857d911053fdc90b4;0xf433b3d335fb1cb70fc4c560b2a9f34a6eca26e4a42bea55b7250a6f561d9996;0x75fc7765;0x64028cf1L;0.500000;1503107920;1503107920
0;16;8048;0x754262ffc375da3fc0945598dfde3141c7d8e4a1a70c35e857d911053fdc90b4;0xf433b3d335fb1cb70fc4c560b2a9f34a6eca26e4a42bea55b7250a6f561d9996;0x75fc7765;0x64028cf1L;0.500000;1503107920;1503107921
0;16;8048;0x39c19b05d24d948655e92e728d94885032a7a7972fd32602fbb0827c2ab9e463;0xbc3f3894cb45a850a0e1f0bb20160d4a6bf485ddb5e4e59ab93ce638178e43f1;0x40459d73;0x54496a1L;0.500000;1503107921;1503107921
0;16;8048;0x39c19b05d24d948655e92e728d94885032a7a7972fd32602fbb0827c2ab9e463;0xbc3f3894cb45a850a0e1f0bb20160d4a6bf485ddb5e4e59ab93ce638178e43f1;0x40459d73;0x54496a1L;0.500000;1503107921;1503107921
0;16;8048;0x39c19b05d24d948655e92e728d94885032a7a7972fd32602fbb0827c2ab9e463;0xbc3f3894cb45a850a0e1f0bb20160d4a6bf485ddb5e4e59ab93ce638178e43f1;0x40459d73;0x54496a1L;0.500000;1503107921;1503107921
0;16;8048;0x39c19b05d24d948655e92e728d94885032a7a7972fd32602fbb0827c2ab9e463;0xbc3f3894cb45a850a0e1f0bb20160d4a6bf485ddb5e4e59ab93ce638178e43f1;0x40459d73;0x54496a1L;0.500000;1503107921;1503107922
0;16;8048;0xc92ac61d3d56fddf44309d44625a68fd10b0d3acf4339a8c7c3c012a3083bbf9;0xe97770d313090818479a283382468094a500d43e5f4c1454e74d655c2e7d4139;0xb57f623d;0x51d29c93L;0.500000;1503107922;1503107922
0;16;8048;0xc92ac61d3d56fddf44309d44625a68fd10b0d3acf4339a8c7c3c012a3083bbf9;0xe97770d313090818479a283382468094a500d43e5f4c1454e74d655c2e7d4139;0xb57f623d;0x51d29c93L;0.500000;1503107922;1503107922
0;16;8048;0xc92ac61d3d56fddf44309d44625a68fd10b0d3acf4339a8c7c3c012a3083bbf9;0xe97770d313090818479a283382468094a500d43e5f4c1454e74d655c2e7d4139;0xb57f623d;0x51d29c93L;0.500000;1503107922;1503107922
0;16;8048;0xc92ac61d3d56fddf44309d44625a68fd10b0d3acf4339a8c7c3c012a3083bbf9;0xe97770d313090818479a283382468094a500d43e5f4c1454e74d655c2e7d4139;0xb57f623d;0x51d29c93L;0.500000;1503107922;1503107923
0;16;8048;0x62404935fd8aa8bd50bd9dabdb65afec2da33d62b5bac8a5668affb5eecb3f50;0xd3eeda8a2dd294dfc46c31dd63912654b52dd31850aff4490d8110de506570e0;0x42c90ff2;0xce432b08L;0.500000;1503107923;1503107923
