0;16;8048;0xbb28d3ccd4472b5e6a6e4788dce5b8270c1a9a230c0261046abf25a1a9051364;0x4f20b0aa94dd1ea9daa5a68cbe6beec6c3e94ad58e28f077aad5811b7b0b35f7;0x60e4d9d1;0x80583208L;0.500000;1503250440;1503250440
0;16;8048;0xbb28d3ccd4472b5e6a6e4788dce5b8270c1a9a230c0261046abf25a1a9051364;0x4f20b0aa94dd1ea9daa5a68cbe6beec6c3e94ad58e28f077aad5811b7b0b35f7;0x60e4d9d1;0x80583208L;0.500000;1503250440;1503250440
0;16;8048;0xbb28d3ccd4472b5e6a6e4788dce5b8270c1a9a230c0261046abf25a1a9051364;0x4f20b0aa94dd1ea9daa5a68cbe6beec6c3e94ad58e28f077aad5811b7b0b35f7;0x60e4d9d1;0x80583208L;0.500000;1503250441;1503250441
0;16;8048;0x43715ab110fa85c84860015f2dbc3b77ed1d3f97cf420da62457dc9a04878a47;0x00acff61b14f973a8fd921ced5e35ce267f8fef9cc2bc0556314c0714d455742;0x9ac8a782;0x2c85359cL;0.500000;1503250441;1503250441
0;16;8048;0x43715ab110fa85c84860015f2dbc3b77ed1d3f97cf420da62457dc9a04878a47;0x00acff61b14f973a8fd921ced5e35ce267f8fef9cc2bc0556314c0714d455742;0x9ac8a782;0x2c85359cL;0.500000;1503250441;1503250441
0;16;8048;0x43715ab110fa85c84860015f2dbc3b77ed1d3f97cf420da62457dc9a04878a47;0x00acff61b14f973a8fd921ced5e35ce267f8fef9cc2bc0556314c0714d455742;0x9ac8a782;0x2c85359cL;0.500000;1503250441;1503250441
0;16;8048;0x43715ab110fa85c84860015f2dbc3b77ed1d3f97cf420da62457dc9a04878a47;0x00acff61b14f973a8fd921ced5e35ce267f8fef9cc2bc0556314c0714d455742;0x9ac8a782;0x2c85359cL;0.500000;1503250441;1503250442
0;16;8048;0x38edfffc3815e3f3c03f0b40348f430fa69ebb7bee86d9a82d3daab90d17c446;0x6a8326d29097a0754dc1f54a93720e4f4006aeff0e59ba07d2e7d41948057d7b;0x3f310ce8;0x80540b39L;0.500000;1503250442;1503250442
0;16;8048;0x38edfffc3815e3f3c03f0b40348f430fa69ebb7bee86d9a82d3daab90d17c446;0x6a8326d29097a0754dc1f54a93720e4f4006aeff0e59ba07d2e7d41948057d7b;0x3f310ce8;0x80540b39L;0.500000;1503250442;1503250442
0;16;8048;0x38edfffc3815e3f3c03f0b40348f430fa69ebb7bee86d9a82d3daab90d17c446;0x6a8326d29097a0754dc1f54a93720e4f4006aeff0e59ba07d2e7d41948057d7b;0x3f310ce8;0x80540b39L;0.500000;1503250442;1503250442
0;16;8048;0x38edfffc3815e3f3c03f0b40348f430fa69ebb7bee86d9a82d3daab90d17c446;0x6a8326d29097a0754dc1f54a93720e4f4006aeff0e59ba07d2e7d41948057d7b;0x3f310ce8;0x80540b39L;0.500000;1503250442;1503250442
0;16;8048;0x38edfffc3815e3f3c03f0b40348f430fa69ebb7bee86d9a82d3daab90d17c446;0x6a8326d29097a0754dc1f54a93720e4f4006aeff0e59ba07d2e7d41948057d7b;0x3f310ce8;0x80540b39L;0.500000;1503250443;1503250443
0;16;8048;0xa0b34654c32300530fdfc64103a10b6b7191f2d38bcae56797c514ecbf11fe5f;0x17042ee66b49a6d77f113f491b1d42a77a7c7ea0a828e7c2e5988469f46c7c75;0x5079811e;0xb480a78cL;0.500000;1503250443;1503250443
0;16;8048;0xa0b34654c32300530fdfc64103a10b6b7191f2d38bcae56797c514ecbf11fe5f;0x17042ee66b49a6d77f113f491b1d42a77a7c7ea0a828e7c2e5988469f46c7c75;0x5079811e;0xb480a78cL;0.500000;1503250443;1503250443
0;16;8048;0xa0b34654c32300530fdfc64103a10b6b7191f2d38bcae56797c514ecbf11fe5f;0x17042ee66b49a6d77f113f491b1d42a77a7c7ea0a828e7c2e5988469f46c7c75;0x5079811e;0xb480a78cL;0.500000;1503250443;1503250443
0;16;8048;0xa0b34654c32300530fdfc64103a10b6b7191f2d38bcae56797c514ecbf11fe5f;0x17042ee66b49a6d77f113f491b1d42a77a7c7ea0a828e7c2e5988469f46c7c75;0x5079811e;0xb480a78cL;0.500000;1503250443;1503250444
0;16;8048;0x11b76133cfa5811bb46798c9318f5ab830899e522d9fb9ba426aadf04d5eaf5f;0xebbe09057e6360eb18792d23e0ab8e600e1c4001e722c969242497d90bc1ec07;0x7ea6a587;0x30b50988L;0.500000;1503250444;1503250444
0;16;8048;0x11b76133cfa5811bb46798c9318f5ab830899e522d9fb9ba426aadf04d5eaf5f;0xebbe09057e6360eb18792d23e0ab8e600e1c4001e722c969242497d90bc1ec07;0x7ea6a587;0x30b50988L;0.500000;1503250444;1503250444
0;16;8048;0x11b76133cfa5811bb46798c9318f5ab830899e522d9fb9ba426aadf04d5eaf5f;0xebbe09057e6360eb18792d23e0ab8e600e1c4001e722c969242497d90bc1ec07;0x7ea6a587;0x30b50988L;0.500000;1503250444;1503250444
0;16;8048;0x11b76133cfa5811bb46798c9318f5ab830899e522d9fb9ba426aadf04d5eaf5f;0xebbe09057e6360eb18792d23e0ab8e600e1c4001e722c969242497d90bc1ec07;0x7ea6a587;0x30b50988L;0.500000;1503250444;1503250444
