0;16;8048;0xf3acdc4dbe8eeeb619bc729005b9aee95abe4b9bdcf1ffa2c0ff7a617273ba65;0xc72e1ae42a1109108c99c02b59285f1af3ce2cc1b0e957c6a4aec2052ec78f73;0x9f21a75e;0x5617808L;0.500000;1503121870;1503121871
0;16;8048;0x15eefba0706185ad0f2bdf42fa7f3711fa59f6108fe1f6fc427fcd81949670a9;0x19563b9cbaeadc1fa929421be9fab0e0d8ed9dc00b81cd6724e570aef0e5acec;0x2da8159a;0x9d08b8e8L;0.500000;1503121871;1503121871
0;16;8048;0x15eefba0706185ad0f2bdf42fa7f3711fa59f6108fe1f6fc427fcd81949670a9;0x19563b9cbaeadc1fa929421be9fab0e0d8ed9dc00b81cd6724e570aef0e5acec;0x2da8159a;0x9d08b8e8L;0.500000;1503121871;1503121871
0;16;8048;0x15eefba0706185ad0f2bdf42fa7f3711fa59f6108fe1f6fc427fcd81949670a9;0x19563b9cbaeadc1fa929421be9fab0e0d8ed9dc00b81cd6724e570aef0e5acec;0x2da8159a;0x9d08b8e8L;0.500000;1503121871;1503121871
0;16;8048;0x15eefba0706185ad0f2bdf42fa7f3711fa59f6108fe1f6fc427fcd81949670a9;0x19563b9cbaeadc1fa929421be9fab0e0d8ed9dc00b81cd6724e570aef0e5acec;0x2da8159a;0x9d08b8e8L;0.500000;1503121871;1503121872
0;16;8048;0xd821aa2a2ca2fea81747c5ad2df7f3e30f6c0bf12704c151092ab46d41d8fb19;0x48ea607d8c824609160a24e857563d615253dc74a23762a5ce69e6e6445f9dc5;0x8b526f26;0xd138408L;0.500000;1503121872;1503121872
0;16;8048;0xd821aa2a2ca2fea81747c5ad2df7f3e30f6c0bf12704c151092ab46d41d8fb19;0x48ea607d8c824609160a24e857563d615253dc74a23762a5ce69e6e6445f9dc5;0x8b526f26;0xd138408L;0.500000;1503121872;1503121872
0;16;8048;0xd821aa2a2ca2fea81747c5ad2df7f3e30f6c0bf12704c151092ab46d41d8fb19;0x48ea607d8c824609160a24e857563d615253dc74a23762a5ce69e6e6445f9dc5;0x8b526f26;0xd138408L;0.500000;1503121872;1503121872
0;16;8048;0xd821aa2a2ca2fea81747c5ad2df7f3e30f6c0bf12704c151092ab46d41d8fb19;0x48ea607d8c824609160a24e857563d615253dc74a23762a5ce69e6e6445f9dc5;0x8b526f26;0xd138408L;0.500000;1503121872;1503121873
0;16;8048;0xd40c6dfe74f54384721a124e23c830dcd7f46b4903aab44eb766df9bef9ab5c4;0x8c438319c21e22c7539d269f2306402308ec80a85624a4815fd92eb36a8889ec;0xc7ab63ad;0x30899880L;0.500000;1503121873;1503121873
0;16;8048;0xd40c6dfe74f54384721a124e23c830dcd7f46b4903aab44eb766df9bef9ab5c4;0x8c438319c21e22c7539d269f2306402308ec80a85624a4815fd92eb36a8889ec;0xc7ab63ad;0x30899880L;0.500000;1503121873;1503121873
0;16;8048;0xd40c6dfe74f54384721a124e23c830dcd7f46b4903aab44eb766df9bef9ab5c4;0x8c438319c21e22c7539d269f2306402308ec80a85624a4815fd92eb36a8889ec;0xc7ab63ad;0x30899880L;0.500000;1503121873;1503121873
0;16;8048;0xd40c6dfe74f54384721a124e23c830dcd7f46b4903aab44eb766df9bef9ab5c4;0x8c438319c21e22c7539d269f2306402308ec80a85624a4815fd92eb36a8889ec;0xc7ab63ad;0x30899880L;0.500000;1503121873;1503121874
0;16;8048;0x75269987a92784a63e0cc5a009efb7676b88a948bae55d9e4743f55503f47678;0x40b70897852e532dc86c47b190fc23e1cbb8d2a7902302ad4645ad41867047b5;0x651e6ee7;0x1802c408L;0.500000;1503121874;1503121874
0;16;8048;0x75269987a92784a63e0cc5a009efb7676b88a948bae55d9e4743f55503f47678;0x40b70897852e532dc86c47b190fc23e1cbb8d2a7902302ad4645ad41867047b5;0x651e6ee7;0x1802c408L;0.500000;1503121874;1503121874
0;16;8048;0x75269987a92784a63e0cc5a009efb7676b88a948bae55d9e4743f55503f47678;0x40b70897852e532dc86c47b190fc23e1cbb8d2a7902302ad4645ad41867047b5;0x651e6ee7;0x1802c408L;0.500000;1503121874;1503121874
0;16;8048;0x75269987a92784a63e0cc5a009efb7676b88a948bae55d9e4743f55503f47678;0x40b70897852e532dc86c47b190fc23e1cbb8d2a7902302ad4645ad41867047b5;0x651e6ee7;0x1802c408L;0.500000;1503121874;1503121875
0;16;8048;0x0d87232f092ca20e96c35142d9cfd951f2190a8fb303e087b74b5cd03191193e;0xd114e42acffaeaf509cf4748751c3acff9859d106b3210df777a1b146758a033;0x3c94909a;0x5a58a608L;0.500000;1503121875;1503121875
0;16;8048;0x0d87232f092ca20e96c35142d9cfd951f2190a8fb303e087b74b5cd03191193e;0xd114e42acffaeaf509cf4748751c3acff9859d106b3210df777a1b146758a033;0x3c94909a;0x5a58a608L;0.500000;1503121875;1503121875
0;16;8048;0x0d87232f092ca20e96c35142d9cfd951f2190a8fb303e087b74b5cd03191193e;0xd114e42acffaeaf509cf4748751c3acff9859d106b3210df777a1b146758a033;0x3c94909a;0x5a58a608L;0.500000;1503121875;1503121875
