0;16;8048;0x7cce20ef2fb7716d1bdd6d08265047147e545e40a2db73ca92fabf36e7791664;0x5a564d801cfc2e1da56f91f681bd11a769da0225cd8422dc11af0a80e8334a7f;0xc06dc697;0x8e0504b6L;0.500000;1503142209;1503142209
0;16;8048;0x7cce20ef2fb7716d1bdd6d08265047147e545e40a2db73ca92fabf36e7791664;0x5a564d801cfc2e1da56f91f681bd11a769da0225cd8422dc11af0a80e8334a7f;0xc06dc697;0x8e0504b6L;0.500000;1503142209;1503142209
0;16;8048;0x7cce20ef2fb7716d1bdd6d08265047147e545e40a2db73ca92fabf36e7791664;0x5a564d801cfc2e1da56f91f681bd11a769da0225cd8422dc11af0a80e8334a7f;0xc06dc697;0x8e0504b6L;0.500000;1503142209;1503142209
0;16;8048;0x097008d219299cc69cefdc43e18a7b872a337f26b2b1667cd6fab1fede4abfe7;0x0f815008a2dcd09a619245a8d9a38df14dc476d29388ceb082de672e6a0ec90c;0xa17900d3;0x1112c084L;0.500000;1503142210;1503142210
0;16;8048;0x097008d219299cc69cefdc43e18a7b872a337f26b2b1667cd6fab1fede4abfe7;0x0f815008a2dcd09a619245a8d9a38df14dc476d29388ceb082de672e6a0ec90c;0xa17900d3;0x1112c084L;0.500000;1503142210;1503142210
0;16;8048;0x097008d219299cc69cefdc43e18a7b872a337f26b2b1667cd6fab1fede4abfe7;0x0f815008a2dcd09a619245a8d9a38df14dc476d29388ceb082de672e6a0ec90c;0xa17900d3;0x1112c084L;0.500000;1503142210;1503142210
0;16;8048;0x097008d219299cc69cefdc43e18a7b872a337f26b2b1667cd6fab1fede4abfe7;0x0f815008a2dcd09a619245a8d9a38df14dc476d29388ceb082de672e6a0ec90c;0xa17900d3;0x1112c084L;0.500000;1503142210;1503142210
0;16;8048;0x097008d219299cc69cefdc43e18a7b872a337f26b2b1667cd6fab1fede4abfe7;0x0f815008a2dcd09a619245a8d9a38df14dc476d29388ceb082de672e6a0ec90c;0xa17900d3;0x1112c084L;0.500000;1503142211;1503142211
0;16;8048;0xb5af32e55ccf842887db0249eb112e389a071afa50bfdbdab83fb1c7f5bf30aa;0x72a356813dcbb885b5b54c4676b9166445ad05a8ff6bba174fac6969c1bc069c;0x160c7409;0x11d39733L;0.500000;1503142211;1503142211
0;16;8048;0xb5af32e55ccf842887db0249eb112e389a071afa50bfdbdab83fb1c7f5bf30aa;0x72a356813dcbb885b5b54c4676b9166445ad05a8ff6bba174fac6969c1bc069c;0x160c7409;0x11d39733L;0.500000;1503142211;1503142211
0;16;8048;0xb5af32e55ccf842887db0249eb112e389a071afa50bfdbdab83fb1c7f5bf30aa;0x72a356813dcbb885b5b54c4676b9166445ad05a8ff6bba174fac6969c1bc069c;0x160c7409;0x11d39733L;0.500000;1503142211;1503142211
0;16;8048;0xb5af32e55ccf842887db0249eb112e389a071afa50bfdbdab83fb1c7f5bf30aa;0x72a356813dcbb885b5b54c4676b9166445ad05a8ff6bba174fac6969c1bc069c;0x160c7409;0x11d39733L;0.500000;1503142211;1503142212
0;16;8048;0x646a0464cb81f97b9cd75fa9c141db24111705749ac699f1cde81dd02ebb5e92;0x7e9edc9c61bbd827a6bf41e646e670c8ac76561b3989c123aa56c0495921b398;0x5c9bfdb7;0x48808013L;0.500000;1503142212;1503142212
0;16;8048;0x646a0464cb81f97b9cd75fa9c141db24111705749ac699f1cde81dd02ebb5e92;0x7e9edc9c61bbd827a6bf41e646e670c8ac76561b3989c123aa56c0495921b398;0x5c9bfdb7;0x48808013L;0.500000;1503142212;1503142212
0;16;8048;0x646a0464cb81f97b9cd75fa9c141db24111705749ac699f1cde81dd02ebb5e92;0x7e9edc9c61bbd827a6bf41e646e670c8ac76561b3989c123aa56c0495921b398;0x5c9bfdb7;0x48808013L;0.500000;1503142212;1503142212
0;16;8048;0x646a0464cb81f97b9cd75fa9c141db24111705749ac699f1cde81dd02ebb5e92;0x7e9edc9c61bbd827a6bf41e646e670c8ac76561b3989c123aa56c0495921b398;0x5c9bfdb7;0x48808013L;0.500000;1503142212;1503142213
0;16;8048;0x222200c48619317513963a4104b60f032ac730026823fe6dbfc0c896572d2979;0x88e05c4e22d6a7beb62e985f192c9788fe6451a2030c35c7501892ad36f831cf;0x092d81a9;0xb3954833L;0.500000;1503142213;1503142213
0;16;8048;0x222200c48619317513963a4104b60f032ac730026823fe6dbfc0c896572d2979;0x88e05c4e22d6a7beb62e985f192c9788fe6451a2030c35c7501892ad36f831cf;0x092d81a9;0xb3954833L;0.500000;1503142213;1503142213
0;16;8048;0x222200c48619317513963a4104b60f032ac730026823fe6dbfc0c896572d2979;0x88e05c4e22d6a7beb62e985f192c9788fe6451a2030c35c7501892ad36f831cf;0x092d81a9;0xb3954833L;0.500000;1503142213;1503142213
0;16;8048;0x222200c48619317513963a4104b60f032ac730026823fe6dbfc0c896572d2979;0x88e05c4e22d6a7beb62e985f192c9788fe6451a2030c35c7501892ad36f831cf;0x092d81a9;0xb3954833L;0.500000;1503142213;1503142214
