0;16;8048;0x4175aee45708085f3e0328c4741096255803b24ea1e3bd8640664246d5772d16;0x285e5ffd968ab51491cb970c256a9169648edc7eb0cb8a9e97e1ecbf281427b8;0x4fba9587;0xb243b314L;0.500000;1503096476;1503096476
0;16;8048;0x4175aee45708085f3e0328c4741096255803b24ea1e3bd8640664246d5772d16;0x285e5ffd968ab51491cb970c256a9169648edc7eb0cb8a9e97e1ecbf281427b8;0x4fba9587;0xb243b314L;0.500000;1503096476;1503096476
0;16;8048;0x4175aee45708085f3e0328c4741096255803b24ea1e3bd8640664246d5772d16;0x285e5ffd968ab51491cb970c256a9169648edc7eb0cb8a9e97e1ecbf281427b8;0x4fba9587;0xb243b314L;0.500000;1503096477;1503096477
0;16;8048;0x9ea05839c473029666d6981c429b3ee1df6121a5d179968e0f65607a3921f9d7;0x2d04f473ef1551431048847d5fb40881e41c05e3791a8a6a357db000bd363de7;0xaf282046;0x11951289L;0.500000;1503096477;1503096477
0;16;8048;0x9ea05839c473029666d6981c429b3ee1df6121a5d179968e0f65607a3921f9d7;0x2d04f473ef1551431048847d5fb40881e41c05e3791a8a6a357db000bd363de7;0xaf282046;0x11951289L;0.500000;1503096477;1503096477
0;16;8048;0x9ea05839c473029666d6981c429b3ee1df6121a5d179968e0f65607a3921f9d7;0x2d04f473ef1551431048847d5fb40881e41c05e3791a8a6a357db000bd363de7;0xaf282046;0x11951289L;0.500000;1503096477;1503096477
0;16;8048;0x9ea05839c473029666d6981c429b3ee1df6121a5d179968e0f65607a3921f9d7;0x2d04f473ef1551431048847d5fb40881e41c05e3791a8a6a357db000bd363de7;0xaf282046;0x11951289L;0.500000;1503096477;1503096478
0;16;8048;0x29c1faf3f64b02e2b74e76b9ea213788d9681d98a93ca4e551a4029d82e786ab;0x71da9236d8eefc5fd1b0e8b9c88e2ed37ad4eb1da6a93d7d4d2a8b0e7bb6bdd4;0x621c9e17;0x3005a480L;0.500000;1503096478;1503096478
0;16;8048;0x29c1faf3f64b02e2b74e76b9ea213788d9681d98a93ca4e551a4029d82e786ab;0x71da9236d8eefc5fd1b0e8b9c88e2ed37ad4eb1da6a93d7d4d2a8b0e7bb6bdd4;0x621c9e17;0x3005a480L;0.500000;1503096478;1503096478
0;16;8048;0x29c1faf3f64b02e2b74e76b9ea213788d9681d98a93ca4e551a4029d82e786ab;0x71da9236d8eefc5fd1b0e8b9c88e2ed37ad4eb1da6a93d7d4d2a8b0e7bb6bdd4;0x621c9e17;0x3005a480L;0.500000;1503096478;1503096478
0;16;8048;0x29c1faf3f64b02e2b74e76b9ea213788d9681d98a93ca4e551a4029d82e786ab;0x71da9236d8eefc5fd1b0e8b9c88e2ed37ad4eb1da6a93d7d4d2a8b0e7bb6bdd4;0x621c9e17;0x3005a480L;0.500000;1503096478;1503096479
0;16;8048;0x8c47b32cccd17aeb18503513d0ba430f07b0fe18b4c699a5df50dfc438f835c4;0x21a5671680b00acc4b09d9c40b4a59125b144dbe1af6a5df056c4e7c06d7a7c2;0x2c5fcbca;0x5483188cL;0.500000;1503096479;1503096479
0;16;8048;0x8c47b32cccd17aeb18503513d0ba430f07b0fe18b4c699a5df50dfc438f835c4;0x21a5671680b00acc4b09d9c40b4a59125b144dbe1af6a5df056c4e7c06d7a7c2;0x2c5fcbca;0x5483188cL;0.500000;1503096479;1503096479
0;16;8048;0x8c47b32cccd17aeb18503513d0ba430f07b0fe18b4c699a5df50dfc438f835c4;0x21a5671680b00acc4b09d9c40b4a59125b144dbe1af6a5df056c4e7c06d7a7c2;0x2c5fcbca;0x5483188cL;0.500000;1503096479;1503096479
0;16;8048;0x8c47b32cccd17aeb18503513d0ba430f07b0fe18b4c699a5df50dfc438f835c4;0x21a5671680b00acc4b09d9c40b4a59125b144dbe1af6a5df056c4e7c06d7a7c2;0x2c5fcbca;0x5483188cL;0.500000;1503096480;1503096480
0;16;8048;0xdfb3ebca9815656580a1aa5cd331698e4021f13ef2b6cb350a70ffd7b6dca195;0xf7548a0cfac3ecb1e179a87ac8801baedecc74c37130131afd39bfcd05cffb0b;0xaac64f63;0x2db0c813L;0.500000;1503096480;1503096480
0;16;8048;0xdfb3ebca9815656580a1aa5cd331698e4021f13ef2b6cb350a70ffd7b6dca195;0xf7548a0cfac3ecb1e179a87ac8801baedecc74c37130131afd39bfcd05cffb0b;0xaac64f63;0x2db0c813L;0.500000;1503096480;1503096480
0;16;8048;0xdfb3ebca9815656580a1aa5cd331698e4021f13ef2b6cb350a70ffd7b6dca195;0xf7548a0cfac3ecb1e179a87ac8801baedecc74c37130131afd39bfcd05cffb0b;0xaac64f63;0x2db0c813L;0.500000;1503096480;1503096480
0;16;8048;0xdfb3ebca9815656580a1aa5cd331698e4021f13ef2b6cb350a70ffd7b6dca195;0xf7548a0cfac3ecb1e179a87ac8801baedecc74c37130131afd39bfcd05cffb0b;0xaac64f63;0x2db0c813L;0.500000;1503096480;1503096481
0;16;8048;0x36120fb57dca05bed84c61a3349369ab339c806819e2bcb3e089e9c1f0bc7126;0xb848cca8316bea281c25a7ceba37d7bbf43bd65f3ba7a87472dafab13e9bdf3d;0x5dceffa2;0x38b7d281L;0.500000;1503096481;1503096481
