0;16;8048;0x55982331d299d2f622c54b4c492b265e32610ac12b8a04b6344f462b6b9292c0;0xf12ee217a0d46b527f9edbe183ccd776b5f22e8da319291c8cab0b4e624a7483;0x6c63fd8e;0x18d8d53cL;0.500000;1503233834;1503233834
0;16;8048;0x55982331d299d2f622c54b4c492b265e32610ac12b8a04b6344f462b6b9292c0;0xf12ee217a0d46b527f9edbe183ccd776b5f22e8da319291c8cab0b4e624a7483;0x6c63fd8e;0x18d8d53cL;0.500000;1503233834;1503233834
0;16;8048;0x55982331d299d2f622c54b4c492b265e32610ac12b8a04b6344f462b6b9292c0;0xf12ee217a0d46b527f9edbe183ccd776b5f22e8da319291c8cab0b4e624a7483;0x6c63fd8e;0x18d8d53cL;0.500000;1503233834;1503233835
0;16;8048;0x49f8a4339c0faf7c3a96fbe193b580c17859a2d0c2a82b6618b7394fcbc53315;0x11a86d2742ca16eb7d5483d3204fc3bdb584beb6b73dc6926d02f9ca619449f0;0x6f853a99;0x9041e318L;0.500000;1503233835;1503233835
0;16;8048;0x49f8a4339c0faf7c3a96fbe193b580c17859a2d0c2a82b6618b7394fcbc53315;0x11a86d2742ca16eb7d5483d3204fc3bdb584beb6b73dc6926d02f9ca619449f0;0x6f853a99;0x9041e318L;0.500000;1503233835;1503233835
0;16;8048;0x49f8a4339c0faf7c3a96fbe193b580c17859a2d0c2a82b6618b7394fcbc53315;0x11a86d2742ca16eb7d5483d3204fc3bdb584beb6b73dc6926d02f9ca619449f0;0x6f853a99;0x9041e318L;0.500000;1503233835;1503233835
0;16;8048;0x49f8a4339c0faf7c3a96fbe193b580c17859a2d0c2a82b6618b7394fcbc53315;0x11a86d2742ca16eb7d5483d3204fc3bdb584beb6b73dc6926d02f9ca619449f0;0x6f853a99;0x9041e318L;0.500000;1503233835;1503233836
0;16;8048;0xdcf85f39d9a2ed521857ab450dab9c6c88ea132041c873765f05532b4e99792a;0x0c4e232af9c9eaa2fccda17097eb15864f2cdc1a14e34a4e62a5f37ecddeeefa;0xb125e5cc;0x81746460L;0.500000;1503233836;1503233836
0;16;8048;0xdcf85f39d9a2ed521857ab450dab9c6c88ea132041c873765f05532b4e99792a;0x0c4e232af9c9eaa2fccda17097eb15864f2cdc1a14e34a4e62a5f37ecddeeefa;0xb125e5cc;0x81746460L;0.500000;1503233836;1503233836
0;16;8048;0xdcf85f39d9a2ed521857ab450dab9c6c88ea132041c873765f05532b4e99792a;0x0c4e232af9c9eaa2fccda17097eb15864f2cdc1a14e34a4e62a5f37ecddeeefa;0xb125e5cc;0x81746460L;0.500000;1503233836;1503233836
0;16;8048;0xdcf85f39d9a2ed521857ab450dab9c6c88ea132041c873765f05532b4e99792a;0x0c4e232af9c9eaa2fccda17097eb15864f2cdc1a14e34a4e62a5f37ecddeeefa;0xb125e5cc;0x81746460L;0.500000;1503233836;1503233836
0;16;8048;0xdcf85f39d9a2ed521857ab450dab9c6c88ea132041c873765f05532b4e99792a;0x0c4e232af9c9eaa2fccda17097eb15864f2cdc1a14e34a4e62a5f37ecddeeefa;0xb125e5cc;0x81746460L;0.500000;1503233836;1503233837
0;16;8048;0x148a9e3c016422141f4c7c3eed2fdeae1447893918d5351e22a01e7ef6a9bf0a;0x941f2234a2e254705d5f0412c5146b4005e62ba2f391b23d314f05c90ebabc34;0x9211079e;0x1811a436L;0.500000;1503233837;1503233837
0;16;8048;0x148a9e3c016422141f4c7c3eed2fdeae1447893918d5351e22a01e7ef6a9bf0a;0x941f2234a2e254705d5f0412c5146b4005e62ba2f391b23d314f05c90ebabc34;0x9211079e;0x1811a436L;0.500000;1503233837;1503233837
0;16;8048;0x148a9e3c016422141f4c7c3eed2fdeae1447893918d5351e22a01e7ef6a9bf0a;0x941f2234a2e254705d5f0412c5146b4005e62ba2f391b23d314f05c90ebabc34;0x9211079e;0x1811a436L;0.500000;1503233837;1503233837
0;16;8048;0x148a9e3c016422141f4c7c3eed2fdeae1447893918d5351e22a01e7ef6a9bf0a;0x941f2234a2e254705d5f0412c5146b4005e62ba2f391b23d314f05c90ebabc34;0x9211079e;0x1811a436L;0.500000;1503233837;1503233838
0;16;8048;0x3067d05736d95f904a58308221aedd41c1e3eb67246ed9899b2374cf78fab2a8;0xeabf44f51b0084a01ffe27fe8b55a0dd6ee587450cb89e8bb0287577a1f50dcf;0x10fe1bb4;0x1688013L;0.500000;1503233838;1503233838
0;16;8048;0x3067d05736d95f904a58308221aedd41c1e3eb67246ed9899b2374cf78fab2a8;0xeabf44f51b0084a01ffe27fe8b55a0dd6ee587450cb89e8bb0287577a1f50dcf;0x10fe1bb4;0x1688013L;0.500000;1503233838;1503233838
0;16;8048;0x3067d05736d95f904a58308221aedd41c1e3eb67246ed9899b2374cf78fab2a8;0xeabf44f51b0084a01ffe27fe8b55a0dd6ee587450cb89e8bb0287577a1f50dcf;0x10fe1bb4;0x1688013L;0.500000;1503233838;1503233838
0;16;8048;0x3067d05736d95f904a58308221aedd41c1e3eb67246ed9899b2374cf78fab2a8;0xeabf44f51b0084a01ffe27fe8b55a0dd6ee587450cb89e8bb0287577a1f50dcf;0x10fe1bb4;0x1688013L;0.500000;1503233838;1503233839
