0;16;8048;0xc67375a6817040ae3bd9d93d40b12fa3c9277efb920217f9b8c6046c1d4799e4;0x277e9c1e089c40caf495004517d045e8dce3601be3a54dd69609cb5b5bb46520;0x7ea07c0c;0x6dfa1436L;0.500000;1503129505;1503129506
0;16;8048;0xd3031bf123f2a35c8fb8af7760d04b6481c9cadcfd77b1fa3cc443d70a2681dd;0xfdd901ac9d80a7758bf03aeed88c678c80c783f024afa2d4e89393080a63e589;0x9558a6b8;0x98127cfcL;0.500000;1503129506;1503129506
0;16;8048;0xd3031bf123f2a35c8fb8af7760d04b6481c9cadcfd77b1fa3cc443d70a2681dd;0xfdd901ac9d80a7758bf03aeed88c678c80c783f024afa2d4e89393080a63e589;0x9558a6b8;0x98127cfcL;0.500000;1503129506;1503129506
0;16;8048;0xd3031bf123f2a35c8fb8af7760d04b6481c9cadcfd77b1fa3cc443d70a2681dd;0xfdd901ac9d80a7758bf03aeed88c678c80c783f024afa2d4e89393080a63e589;0x9558a6b8;0x98127cfcL;0.500000;1503129506;1503129506
0;16;8048;0xd3031bf123f2a35c8fb8af7760d04b6481c9cadcfd77b1fa3cc443d70a2681dd;0xfdd901ac9d80a7758bf03aeed88c678c80c783f024afa2d4e89393080a63e589;0x9558a6b8;0x98127cfcL;0.500000;1503129506;1503129507
0;16;8048;0xe6700337a26071158ffe1e0d66e4966ca0626c41a72fe8b2d7efb0b823593409;0x46ca8af50c14eac02207078078417bf3daa4d6549aa9ab82cf76fa49237cea78;0xd194b1c7;0xc4031742L;0.500000;1503129507;1503129507
0;16;8048;0xe6700337a26071158ffe1e0d66e4966ca0626c41a72fe8b2d7efb0b823593409;0x46ca8af50c14eac02207078078417bf3daa4d6549aa9ab82cf76fa49237cea78;0xd194b1c7;0xc4031742L;0.500000;1503129507;1503129507
0;16;8048;0xe6700337a26071158ffe1e0d66e4966ca0626c41a72fe8b2d7efb0b823593409;0x46ca8af50c14eac02207078078417bf3daa4d6549aa9ab82cf76fa49237cea78;0xd194b1c7;0xc4031742L;0.500000;1503129507;1503129507
0;16;8048;0xe6700337a26071158ffe1e0d66e4966ca0626c41a72fe8b2d7efb0b823593409;0x46ca8af50c14eac02207078078417bf3daa4d6549aa9ab82cf76fa49237cea78;0xd194b1c7;0xc4031742L;0.500000;1503129507;1503129508
0;16;8048;0x64e05d063828c32a30874a0e1463d0c4add4e4ef4aab1114d6b1a109f4b8d358;0xc29eefa2dd352514827e7ceb6e28a70ba257209f9426e46e3dec010ea8cee2a5;0xcff48d02;0x430c2956L;0.500000;1503129508;1503129508
0;16;8048;0x64e05d063828c32a30874a0e1463d0c4add4e4ef4aab1114d6b1a109f4b8d358;0xc29eefa2dd352514827e7ceb6e28a70ba257209f9426e46e3dec010ea8cee2a5;0xcff48d02;0x430c2956L;0.500000;1503129508;1503129508
0;16;8048;0x64e05d063828c32a30874a0e1463d0c4add4e4ef4aab1114d6b1a109f4b8d358;0xc29eefa2dd352514827e7ceb6e28a70ba257209f9426e46e3dec010ea8cee2a5;0xcff48d02;0x430c2956L;0.500000;1503129508;1503129508
0;16;8048;0x64e05d063828c32a30874a0e1463d0c4add4e4ef4aab1114d6b1a109f4b8d358;0xc29eefa2dd352514827e7ceb6e28a70ba257209f9426e46e3dec010ea8cee2a5;0xcff48d02;0x430c2956L;0.500000;1503129508;1503129509
0;16;8048;0x0f719a755a0bfaaf3a0fb0567a6bafa22b92eb985944707c4356ae4a9feaafae;0x5455009b9728fef3fa5f798073ce2ddb96f59b6fcc02aa4a71a8fcf603b08f36;0xd4a86cbd;0x88228208L;0.500000;1503129509;1503129509
0;16;8048;0x0f719a755a0bfaaf3a0fb0567a6bafa22b92eb985944707c4356ae4a9feaafae;0x5455009b9728fef3fa5f798073ce2ddb96f59b6fcc02aa4a71a8fcf603b08f36;0xd4a86cbd;0x88228208L;0.500000;1503129509;1503129509
0;16;8048;0x0f719a755a0bfaaf3a0fb0567a6bafa22b92eb985944707c4356ae4a9feaafae;0x5455009b9728fef3fa5f798073ce2ddb96f59b6fcc02aa4a71a8fcf603b08f36;0xd4a86cbd;0x88228208L;0.500000;1503129509;1503129509
0;16;8048;0x0f719a755a0bfaaf3a0fb0567a6bafa22b92eb985944707c4356ae4a9feaafae;0x5455009b9728fef3fa5f798073ce2ddb96f59b6fcc02aa4a71a8fcf603b08f36;0xd4a86cbd;0x88228208L;0.500000;1503129509;1503129509
0;16;8048;0x0f719a755a0bfaaf3a0fb0567a6bafa22b92eb985944707c4356ae4a9feaafae;0x5455009b9728fef3fa5f798073ce2ddb96f59b6fcc02aa4a71a8fcf603b08f36;0xd4a86cbd;0x88228208L;0.500000;1503129509;1503129510
0;16;8048;0xa7e6c68361af398ed7f6b6edf9f98728cde9d1d001e757eaf248c00661aaed08;0x0ddd076581e3eb29298792981d12d4de53c0863bffeedeaec680b3c919523cbb;0xfe038bde;0x370219acL;0.500000;1503129510;1503129510
0;16;8048;0xa7e6c68361af398ed7f6b6edf9f98728cde9d1d001e757eaf248c00661aaed08;0x0ddd076581e3eb29298792981d12d4de53c0863bffeedeaec680b3c919523cbb;0xfe038bde;0x370219acL;0.500000;1503129510;1503129510
