0;16;8048;0xc0fb74289d20da3262abecf9585d5f575e850e3e247988dafceaf7263128d0f1;0x50afec6aaaca79516b6738cf14f22afed0873a66d63abafefc2f6825f5a41848;0xc85e01ad;0x80990b25L;0.500000;1503140915;1503140915
0;16;8048;0xb817f62f8b2ca418fd6c0208ee6bab95e77ffb1afc36506a5dce3e8ab91e6a71;0x57102da23d41f92506b561cdb00659fe01b9728f7fb0db66e00e3ed20ae1aba3;0xe081cef5;0x4c831a35L;0.500000;1503140915;1503140915
0;16;8048;0xb817f62f8b2ca418fd6c0208ee6bab95e77ffb1afc36506a5dce3e8ab91e6a71;0x57102da23d41f92506b561cdb00659fe01b9728f7fb0db66e00e3ed20ae1aba3;0xe081cef5;0x4c831a35L;0.500000;1503140915;1503140915
0;16;8048;0xb817f62f8b2ca418fd6c0208ee6bab95e77ffb1afc36506a5dce3e8ab91e6a71;0x57102da23d41f92506b561cdb00659fe01b9728f7fb0db66e00e3ed20ae1aba3;0xe081cef5;0x4c831a35L;0.500000;1503140915;1503140915
0;16;8048;0xb817f62f8b2ca418fd6c0208ee6bab95e77ffb1afc36506a5dce3e8ab91e6a71;0x57102da23d41f92506b561cdb00659fe01b9728f7fb0db66e00e3ed20ae1aba3;0xe081cef5;0x4c831a35L;0.500000;1503140915;1503140916
0;16;8048;0x23e76abb6ccf0f2c465130fe2110c4defdf17c08b623f9db9a54219273a1c397;0x21bf094bfef0afdd1d7d2e2ed1e7f7d052071228fbc8b7a39027be5a5c5edd68;0x58d513f5;0xe30c478cL;0.500000;1503140916;1503140916
0;16;8048;0x23e76abb6ccf0f2c465130fe2110c4defdf17c08b623f9db9a54219273a1c397;0x21bf094bfef0afdd1d7d2e2ed1e7f7d052071228fbc8b7a39027be5a5c5edd68;0x58d513f5;0xe30c478cL;0.500000;1503140916;1503140916
0;16;8048;0x23e76abb6ccf0f2c465130fe2110c4defdf17c08b623f9db9a54219273a1c397;0x21bf094bfef0afdd1d7d2e2ed1e7f7d052071228fbc8b7a39027be5a5c5edd68;0x58d513f5;0xe30c478cL;0.500000;1503140916;1503140916
0;16;8048;0x23e76abb6ccf0f2c465130fe2110c4defdf17c08b623f9db9a54219273a1c397;0x21bf094bfef0afdd1d7d2e2ed1e7f7d052071228fbc8b7a39027be5a5c5edd68;0x58d513f5;0xe30c478cL;0.500000;1503140916;1503140917
0;16;8048;0xf1a73866cce52aef3814e245f0f52ffc75efb34affbf8388298815bb96c7c087;0x0b262486978f86ae8ca7569d4c2c7279dc2af26cf209301a26384607dd58fe40;0xfd8d7adc;0x8740811eL;0.500000;1503140917;1503140917
0;16;8048;0xf1a73866cce52aef3814e245f0f52ffc75efb34affbf8388298815bb96c7c087;0x0b262486978f86ae8ca7569d4c2c7279dc2af26cf209301a26384607dd58fe40;0xfd8d7adc;0x8740811eL;0.500000;1503140917;1503140917
0;16;8048;0xf1a73866cce52aef3814e245f0f52ffc75efb34affbf8388298815bb96c7c087;0x0b262486978f86ae8ca7569d4c2c7279dc2af26cf209301a26384607dd58fe40;0xfd8d7adc;0x8740811eL;0.500000;1503140917;1503140917
0;16;8048;0xf1a73866cce52aef3814e245f0f52ffc75efb34affbf8388298815bb96c7c087;0x0b262486978f86ae8ca7569d4c2c7279dc2af26cf209301a26384607dd58fe40;0xfd8d7adc;0x8740811eL;0.500000;1503140917;1503140918
0;16;8048;0xaecccee3c9a1a2ef8fc80bed5ebc0167a24626e05bcc8d2f224789eb00ee08ae;0xf563c5a32e1643858bfd836d28baa5b0c202c040dccd90d0b33677b51fb74e02;0x5de6a0c7;0x7c803839L;0.500000;1503140918;1503140918
0;16;8048;0xaecccee3c9a1a2ef8fc80bed5ebc0167a24626e05bcc8d2f224789eb00ee08ae;0xf563c5a32e1643858bfd836d28baa5b0c202c040dccd90d0b33677b51fb74e02;0x5de6a0c7;0x7c803839L;0.500000;1503140918;1503140918
0;16;8048;0xaecccee3c9a1a2ef8fc80bed5ebc0167a24626e05bcc8d2f224789eb00ee08ae;0xf563c5a32e1643858bfd836d28baa5b0c202c040dccd90d0b33677b51fb74e02;0x5de6a0c7;0x7c803839L;0.500000;1503140918;1503140918
0;16;8048;0xaecccee3c9a1a2ef8fc80bed5ebc0167a24626e05bcc8d2f224789eb00ee08ae;0xf563c5a32e1643858bfd836d28baa5b0c202c040dccd90d0b33677b51fb74e02;0x5de6a0c7;0x7c803839L;0.500000;1503140918;1503140919
0;16;8048;0x92e1e1b52ee84fa5d54cf68aa4724ca54c6e5f4d346d2b38b0c50f4a42e0e2d4;0x5d286236e588a76c33e69d1ab0f4ed1a9fb931131a73979e59efdf0aad34b474;0xfacc5d53;0x91e01733L;0.500000;1503140919;1503140919
0;16;8048;0x92e1e1b52ee84fa5d54cf68aa4724ca54c6e5f4d346d2b38b0c50f4a42e0e2d4;0x5d286236e588a76c33e69d1ab0f4ed1a9fb931131a73979e59efdf0aad34b474;0xfacc5d53;0x91e01733L;0.500000;1503140919;1503140919
0;16;8048;0x92e1e1b52ee84fa5d54cf68aa4724ca54c6e5f4d346d2b38b0c50f4a42e0e2d4;0x5d286236e588a76c33e69d1ab0f4ed1a9fb931131a73979e59efdf0aad34b474;0xfacc5d53;0x91e01733L;0.500000;1503140919;1503140919
