0;16;8048;0x3c9a2bd085214bc43ba59266af2c2e441034ddd7fc772ce023f5ec9ffea1b33b;0x974771dbcbfc05dca6d194735aaac3ae9452ffcdc4bc36b42afec37354e22ab4;0x2cc4b86c;0x881b8082L;0.500000;1503176808;1503176808
0;16;8048;0x3c9a2bd085214bc43ba59266af2c2e441034ddd7fc772ce023f5ec9ffea1b33b;0x974771dbcbfc05dca6d194735aaac3ae9452ffcdc4bc36b42afec37354e22ab4;0x2cc4b86c;0x881b8082L;0.500000;1503176808;1503176808
0;16;8048;0x3c9a2bd085214bc43ba59266af2c2e441034ddd7fc772ce023f5ec9ffea1b33b;0x974771dbcbfc05dca6d194735aaac3ae9452ffcdc4bc36b42afec37354e22ab4;0x2cc4b86c;0x881b8082L;0.500000;1503176808;1503176808
0;16;8048;0x3c9a2bd085214bc43ba59266af2c2e441034ddd7fc772ce023f5ec9ffea1b33b;0x974771dbcbfc05dca6d194735aaac3ae9452ffcdc4bc36b42afec37354e22ab4;0x2cc4b86c;0x881b8082L;0.500000;1503176808;1503176809
0;16;8048;0x8901749f6e87d3be1478902dcdb330a5905900cd252a3723064fe2ffcdcdef56;0x97cd2e1fa04314d853227ad3c0e245a8b4c4a3a5b26e8115a4b2692749bcbbf5;0xbcf20d54;0xa085522cL;0.500000;1503176809;1503176809
0;16;8048;0x8901749f6e87d3be1478902dcdb330a5905900cd252a3723064fe2ffcdcdef56;0x97cd2e1fa04314d853227ad3c0e245a8b4c4a3a5b26e8115a4b2692749bcbbf5;0xbcf20d54;0xa085522cL;0.500000;1503176809;1503176809
0;16;8048;0x8901749f6e87d3be1478902dcdb330a5905900cd252a3723064fe2ffcdcdef56;0x97cd2e1fa04314d853227ad3c0e245a8b4c4a3a5b26e8115a4b2692749bcbbf5;0xbcf20d54;0xa085522cL;0.500000;1503176809;1503176809
0;16;8048;0x8901749f6e87d3be1478902dcdb330a5905900cd252a3723064fe2ffcdcdef56;0x97cd2e1fa04314d853227ad3c0e245a8b4c4a3a5b26e8115a4b2692749bcbbf5;0xbcf20d54;0xa085522cL;0.500000;1503176809;1503176809
0;16;8048;0x8901749f6e87d3be1478902dcdb330a5905900cd252a3723064fe2ffcdcdef56;0x97cd2e1fa04314d853227ad3c0e245a8b4c4a3a5b26e8115a4b2692749bcbbf5;0xbcf20d54;0xa085522cL;0.500000;1503176809;1503176810
0;16;8048;0xd664e76a8887eaf8b959de3e461eb7e4f06d04a62413e89e9088ca6cffbb91d5;0xa188b986eeb1a6da42e8f5793b490c9b8fc4503e101616e3076e08c2b21296e4;0x1491d5eb;0x10c3da08L;0.500000;1503176810;1503176810
0;16;8048;0xd664e76a8887eaf8b959de3e461eb7e4f06d04a62413e89e9088ca6cffbb91d5;0xa188b986eeb1a6da42e8f5793b490c9b8fc4503e101616e3076e08c2b21296e4;0x1491d5eb;0x10c3da08L;0.500000;1503176810;1503176810
0;16;8048;0xd664e76a8887eaf8b959de3e461eb7e4f06d04a62413e89e9088ca6cffbb91d5;0xa188b986eeb1a6da42e8f5793b490c9b8fc4503e101616e3076e08c2b21296e4;0x1491d5eb;0x10c3da08L;0.500000;1503176810;1503176810
0;16;8048;0xd664e76a8887eaf8b959de3e461eb7e4f06d04a62413e89e9088ca6cffbb91d5;0xa188b986eeb1a6da42e8f5793b490c9b8fc4503e101616e3076e08c2b21296e4;0x1491d5eb;0x10c3da08L;0.500000;1503176810;1503176811
0;16;8048;0x43c265c74888231585ac7ac8b172dad2413b42d3fadd512ecaeee44d791089bc;0xfef8f145ec426a514a20712fdef997eb0da8c3e18b16061b794260a55c1a755c;0x445dad8a;0x4840303fL;0.500000;1503176811;1503176811
0;16;8048;0x43c265c74888231585ac7ac8b172dad2413b42d3fadd512ecaeee44d791089bc;0xfef8f145ec426a514a20712fdef997eb0da8c3e18b16061b794260a55c1a755c;0x445dad8a;0x4840303fL;0.500000;1503176811;1503176811
0;16;8048;0x43c265c74888231585ac7ac8b172dad2413b42d3fadd512ecaeee44d791089bc;0xfef8f145ec426a514a20712fdef997eb0da8c3e18b16061b794260a55c1a755c;0x445dad8a;0x4840303fL;0.500000;1503176811;1503176811
0;16;8048;0x43c265c74888231585ac7ac8b172dad2413b42d3fadd512ecaeee44d791089bc;0xfef8f145ec426a514a20712fdef997eb0da8c3e18b16061b794260a55c1a755c;0x445dad8a;0x4840303fL;0.500000;1503176811;1503176811
0;16;8048;0x43c265c74888231585ac7ac8b172dad2413b42d3fadd512ecaeee44d791089bc;0xfef8f145ec426a514a20712fdef997eb0da8c3e18b16061b794260a55c1a755c;0x445dad8a;0x4840303fL;0.500000;1503176812;1503176812
0;16;8048;0x2994cdce7fa104ab601fadfc40dd20fb4290aaecc9fce66867fecc3b336d335c;0xee2c541c120cdb8d96995fac8406b84c0fd8c67813af92403c3ce7ab6a986d87;0xa42ce4e8;0x536c036L;0.500000;1503176812;1503176812
0;16;8048;0x2994cdce7fa104ab601fadfc40dd20fb4290aaecc9fce66867fecc3b336d335c;0xee2c541c120cdb8d96995fac8406b84c0fd8c67813af92403c3ce7ab6a986d87;0xa42ce4e8;0x536c036L;0.500000;1503176812;1503176812
