0;16;8048;0x1dfc946813f440a9245e84b77e496a1fecb07b63dc299bf4a9ca40a12b359548;0x5c21cba06afad05f50a2c4cc74883378352098bda91fd28c439034a1c2160be6;0xdb6f68f5;0x260f8533L;0.500000;1503166101;1503166102
0;16;8048;0x6d8b09d930f1e92956f6501762640859383b40300a544e3a21d0b0c3bf9d072d;0x535df7ec94e2c1c858d45731f28d72f060bf3c80d02365da5b173280011ada23;0x6cd8db60;0x30132470L;0.500000;1503166102;1503166102
0;16;8048;0x6d8b09d930f1e92956f6501762640859383b40300a544e3a21d0b0c3bf9d072d;0x535df7ec94e2c1c858d45731f28d72f060bf3c80d02365da5b173280011ada23;0x6cd8db60;0x30132470L;0.500000;1503166102;1503166102
0;16;8048;0x6d8b09d930f1e92956f6501762640859383b40300a544e3a21d0b0c3bf9d072d;0x535df7ec94e2c1c858d45731f28d72f060bf3c80d02365da5b173280011ada23;0x6cd8db60;0x30132470L;0.500000;1503166102;1503166102
0;16;8048;0x6d8b09d930f1e92956f6501762640859383b40300a544e3a21d0b0c3bf9d072d;0x535df7ec94e2c1c858d45731f28d72f060bf3c80d02365da5b173280011ada23;0x6cd8db60;0x30132470L;0.500000;1503166102;1503166102
0;16;8048;0x6d8b09d930f1e92956f6501762640859383b40300a544e3a21d0b0c3bf9d072d;0x535df7ec94e2c1c858d45731f28d72f060bf3c80d02365da5b173280011ada23;0x6cd8db60;0x30132470L;0.500000;1503166102;1503166103
0;16;8048;0x954176bc8a5024fb7b5391a4d04cdf92fd5086b159d543ce1d31f14c0882289d;0x51042dc6f024687dc50c736b9e5eedecf13b939782015e6ce8b050c68d212171;0x091fa611;0x4488c763L;0.500000;1503166103;1503166103
0;16;8048;0x954176bc8a5024fb7b5391a4d04cdf92fd5086b159d543ce1d31f14c0882289d;0x51042dc6f024687dc50c736b9e5eedecf13b939782015e6ce8b050c68d212171;0x091fa611;0x4488c763L;0.500000;1503166103;1503166103
0;16;8048;0x954176bc8a5024fb7b5391a4d04cdf92fd5086b159d543ce1d31f14c0882289d;0x51042dc6f024687dc50c736b9e5eedecf13b939782015e6ce8b050c68d212171;0x091fa611;0x4488c763L;0.500000;1503166103;1503166103
0;16;8048;0x954176bc8a5024fb7b5391a4d04cdf92fd5086b159d543ce1d31f14c0882289d;0x51042dc6f024687dc50c736b9e5eedecf13b939782015e6ce8b050c68d212171;0x091fa611;0x4488c763L;0.500000;1503166103;1503166104
0;16;8048;0x73f1801a216ffb484c67254d53a9f6905d9c0f380eeca4b50f36ca8f9dbd9710;0x2897724fa0cd909bf6ea916554797a6933117fff2dc4fa4a3c68b4bdaab71670;0xa640189b;0x2480c43cL;0.500000;1503166104;1503166104
0;16;8048;0x73f1801a216ffb484c67254d53a9f6905d9c0f380eeca4b50f36ca8f9dbd9710;0x2897724fa0cd909bf6ea916554797a6933117fff2dc4fa4a3c68b4bdaab71670;0xa640189b;0x2480c43cL;0.500000;1503166104;1503166104
0;16;8048;0x73f1801a216ffb484c67254d53a9f6905d9c0f380eeca4b50f36ca8f9dbd9710;0x2897724fa0cd909bf6ea916554797a6933117fff2dc4fa4a3c68b4bdaab71670;0xa640189b;0x2480c43cL;0.500000;1503166104;1503166104
0;16;8048;0x73f1801a216ffb484c67254d53a9f6905d9c0f380eeca4b50f36ca8f9dbd9710;0x2897724fa0cd909bf6ea916554797a6933117fff2dc4fa4a3c68b4bdaab71670;0xa640189b;0x2480c43cL;0.500000;1503166104;1503166104
0;16;8048;0x73f1801a216ffb484c67254d53a9f6905d9c0f380eeca4b50f36ca8f9dbd9710;0x2897724fa0cd909bf6ea916554797a6933117fff2dc4fa4a3c68b4bdaab71670;0xa640189b;0x2480c43cL;0.500000;1503166105;1503166105
0;16;8048;0x2127ee2b2f6c290c2a63c1c0ee6111464811ea0c8ed344635ef9317d7f380aa0;0x5ce9e02f6d2fea00702c978668285e4d4b9ca56fbb2b4c885cb653cfac6b699d;0xecb5a661;0x8cf3ea0L;0.500000;1503166105;1503166105
0;16;8048;0x2127ee2b2f6c290c2a63c1c0ee6111464811ea0c8ed344635ef9317d7f380aa0;0x5ce9e02f6d2fea00702c978668285e4d4b9ca56fbb2b4c885cb653cfac6b699d;0xecb5a661;0x8cf3ea0L;0.500000;1503166105;1503166105
0;16;8048;0x2127ee2b2f6c290c2a63c1c0ee6111464811ea0c8ed344635ef9317d7f380aa0;0x5ce9e02f6d2fea00702c978668285e4d4b9ca56fbb2b4c885cb653cfac6b699d;0xecb5a661;0x8cf3ea0L;0.500000;1503166105;1503166105
0;16;8048;0x2127ee2b2f6c290c2a63c1c0ee6111464811ea0c8ed344635ef9317d7f380aa0;0x5ce9e02f6d2fea00702c978668285e4d4b9ca56fbb2b4c885cb653cfac6b699d;0xecb5a661;0x8cf3ea0L;0.500000;1503166105;1503166106
0;16;8048;0x56622eb1911e0fb0f19678cc45f16f9de654c4d849f1b343339dddafe1367d37;0xa5372b1866895d48d03c08a68fa97900c94c841a82cc436c293b9fb7e9f92ce4;0x1b408f0d;0x43033356L;0.500000;1503166106;1503166106
