0;16;8048;0x66c75aa252287da555983e04ee3c6664b961481070edca3a76efe408fe168b64;0x68d0a82fc39844862d950e43dea21f7cd381f7ecf70df05857a51dc1695f13c5;0x113ebd2e;0x20c0d5a4L;0.500000;1503240938;1503240938
0;16;8048;0x66c75aa252287da555983e04ee3c6664b961481070edca3a76efe408fe168b64;0x68d0a82fc39844862d950e43dea21f7cd381f7ecf70df05857a51dc1695f13c5;0x113ebd2e;0x20c0d5a4L;0.500000;1503240938;1503240938
0;16;8048;0x66c75aa252287da555983e04ee3c6664b961481070edca3a76efe408fe168b64;0x68d0a82fc39844862d950e43dea21f7cd381f7ecf70df05857a51dc1695f13c5;0x113ebd2e;0x20c0d5a4L;0.500000;1503240939;1503240939
0;16;8048;0xd9f3710c253cc3b06b7770213418ae9c9984b33f8b235144059bce37b1e65c8a;0xf7fe06f8a78e6861ab24c6b0f6abadc378a47c43072c34a58b8014b39bb14459;0x39134d64;0x10e1f608L;0.500000;1503240939;1503240939
0;16;8048;0xd9f3710c253cc3b06b7770213418ae9c9984b33f8b235144059bce37b1e65c8a;0xf7fe06f8a78e6861ab24c6b0f6abadc378a47c43072c34a58b8014b39bb14459;0x39134d64;0x10e1f608L;0.500000;1503240939;1503240939
0;16;8048;0xd9f3710c253cc3b06b7770213418ae9c9984b33f8b235144059bce37b1e65c8a;0xf7fe06f8a78e6861ab24c6b0f6abadc378a47c43072c34a58b8014b39bb14459;0x39134d64;0x10e1f608L;0.500000;1503240939;1503240939
0;16;8048;0xd9f3710c253cc3b06b7770213418ae9c9984b33f8b235144059bce37b1e65c8a;0xf7fe06f8a78e6861ab24c6b0f6abadc378a47c43072c34a58b8014b39bb14459;0x39134d64;0x10e1f608L;0.500000;1503240939;1503240940
0;16;8048;0x32ff0514af7ac3c4acf3a5e3405e4fa8f305b114d15d95fbf094d65219f14d4b;0x464856670b985275b9ae95934262e05a3c8d5c5c12b4f7521733ce0facafe239;0xc0cc72e8;0xd8880aa2L;0.500000;1503240940;1503240940
0;16;8048;0x32ff0514af7ac3c4acf3a5e3405e4fa8f305b114d15d95fbf094d65219f14d4b;0x464856670b985275b9ae95934262e05a3c8d5c5c12b4f7521733ce0facafe239;0xc0cc72e8;0xd8880aa2L;0.500000;1503240940;1503240940
0;16;8048;0x32ff0514af7ac3c4acf3a5e3405e4fa8f305b114d15d95fbf094d65219f14d4b;0x464856670b985275b9ae95934262e05a3c8d5c5c12b4f7521733ce0facafe239;0xc0cc72e8;0xd8880aa2L;0.500000;1503240940;1503240940
0;16;8048;0x32ff0514af7ac3c4acf3a5e3405e4fa8f305b114d15d95fbf094d65219f14d4b;0x464856670b985275b9ae95934262e05a3c8d5c5c12b4f7521733ce0facafe239;0xc0cc72e8;0xd8880aa2L;0.500000;1503240940;1503240941
0;16;8048;0x02e232859d07b0d1dfc314ec515a91f6625eb5eb89d3b2e042142b9620bd0e22;0xcfd2e9d853b2c01a8bfaaf20fb908655bce372bc614a43dc529a395e4cc9f98d;0xc68bc4fd;0x4cc53922L;0.500000;1503240941;1503240941
0;16;8048;0x02e232859d07b0d1dfc314ec515a91f6625eb5eb89d3b2e042142b9620bd0e22;0xcfd2e9d853b2c01a8bfaaf20fb908655bce372bc614a43dc529a395e4cc9f98d;0xc68bc4fd;0x4cc53922L;0.500000;1503240941;1503240941
0;16;8048;0x02e232859d07b0d1dfc314ec515a91f6625eb5eb89d3b2e042142b9620bd0e22;0xcfd2e9d853b2c01a8bfaaf20fb908655bce372bc614a43dc529a395e4cc9f98d;0xc68bc4fd;0x4cc53922L;0.500000;1503240941;1503240941
0;16;8048;0x02e232859d07b0d1dfc314ec515a91f6625eb5eb89d3b2e042142b9620bd0e22;0xcfd2e9d853b2c01a8bfaaf20fb908655bce372bc614a43dc529a395e4cc9f98d;0xc68bc4fd;0x4cc53922L;0.500000;1503240941;1503240942
0;16;8048;0xb2733cf72224d6325a25d10109b3f8e78dd496fe388013935e13842621037dd3;0x60ae7ab71afce66a55a2d1538aec28cb9d9d4eb7f3aabf704e689b4cba48e519;0x96de5186;0xbf26513L;0.500000;1503240942;1503240942
0;16;8048;0xb2733cf72224d6325a25d10109b3f8e78dd496fe388013935e13842621037dd3;0x60ae7ab71afce66a55a2d1538aec28cb9d9d4eb7f3aabf704e689b4cba48e519;0x96de5186;0xbf26513L;0.500000;1503240942;1503240942
0;16;8048;0xb2733cf72224d6325a25d10109b3f8e78dd496fe388013935e13842621037dd3;0x60ae7ab71afce66a55a2d1538aec28cb9d9d4eb7f3aabf704e689b4cba48e519;0x96de5186;0xbf26513L;0.500000;1503240942;1503240942
0;16;8048;0xb2733cf72224d6325a25d10109b3f8e78dd496fe388013935e13842621037dd3;0x60ae7ab71afce66a55a2d1538aec28cb9d9d4eb7f3aabf704e689b4cba48e519;0x96de5186;0xbf26513L;0.500000;1503240942;1503240943
0;16;8048;0x8aec6bd4932b8ae64d974f0de047c958ab394c1d640ebefaa9b44edfa6d3c730;0xa0987cb7a1ac884b867693bc3eb507319c9fa4ce6b893ee46c890eb022c739f7;0xba4e22ac;0x231d4486L;0.500000;1503240943;1503240943
