0;16;8048;0x30b5c871fdee9fc62269ed44e7a3dfa7372ed01b665100d41c735fde6f9f229f;0x3ff62a07db107491428f18444a67f3eef509c38ba695d8c1a4a6f2abd2efca7e;0x946d2e83;0x41c41e33L;0.500000;1503186272;1503186272
0;16;8048;0x30b5c871fdee9fc62269ed44e7a3dfa7372ed01b665100d41c735fde6f9f229f;0x3ff62a07db107491428f18444a67f3eef509c38ba695d8c1a4a6f2abd2efca7e;0x946d2e83;0x41c41e33L;0.500000;1503186272;1503186272
0;16;8048;0x30b5c871fdee9fc62269ed44e7a3dfa7372ed01b665100d41c735fde6f9f229f;0x3ff62a07db107491428f18444a67f3eef509c38ba695d8c1a4a6f2abd2efca7e;0x946d2e83;0x41c41e33L;0.500000;1503186272;1503186273
0;16;8048;0x2716dfab85b75f9e9792e89934c6e9aa293c826328f5b7c6a87e63c1a15de7c8;0x3cc48fd80147074ebc83f6bc58e1f45fc724aa03cd7b8564c8de6346683f98bc;0x55f60176;0x4481c09eL;0.500000;1503186273;1503186273
0;16;8048;0x2716dfab85b75f9e9792e89934c6e9aa293c826328f5b7c6a87e63c1a15de7c8;0x3cc48fd80147074ebc83f6bc58e1f45fc724aa03cd7b8564c8de6346683f98bc;0x55f60176;0x4481c09eL;0.500000;1503186273;1503186273
0;16;8048;0x2716dfab85b75f9e9792e89934c6e9aa293c826328f5b7c6a87e63c1a15de7c8;0x3cc48fd80147074ebc83f6bc58e1f45fc724aa03cd7b8564c8de6346683f98bc;0x55f60176;0x4481c09eL;0.500000;1503186273;1503186273
0;16;8048;0x2716dfab85b75f9e9792e89934c6e9aa293c826328f5b7c6a87e63c1a15de7c8;0x3cc48fd80147074ebc83f6bc58e1f45fc724aa03cd7b8564c8de6346683f98bc;0x55f60176;0x4481c09eL;0.500000;1503186273;1503186273
0;16;8048;0x2716dfab85b75f9e9792e89934c6e9aa293c826328f5b7c6a87e63c1a15de7c8;0x3cc48fd80147074ebc83f6bc58e1f45fc724aa03cd7b8564c8de6346683f98bc;0x55f60176;0x4481c09eL;0.500000;1503186274;1503186274
0;16;8048;0xd070d148be85266b97f3600fb5d757c4be434f2e47c981e9706931660210b1d2;0xc142aefe481cfb98b2dd41b64397f6645ea886e05540a0b2044f155cabb83624;0x4bbbfe9c;0x904166a0L;0.500000;1503186274;1503186274
0;16;8048;0xd070d148be85266b97f3600fb5d757c4be434f2e47c981e9706931660210b1d2;0xc142aefe481cfb98b2dd41b64397f6645ea886e05540a0b2044f155cabb83624;0x4bbbfe9c;0x904166a0L;0.500000;1503186274;1503186274
0;16;8048;0xd070d148be85266b97f3600fb5d757c4be434f2e47c981e9706931660210b1d2;0xc142aefe481cfb98b2dd41b64397f6645ea886e05540a0b2044f155cabb83624;0x4bbbfe9c;0x904166a0L;0.500000;1503186274;1503186274
0;16;8048;0x7857b030940534d3322cf38c5429fc6808254a604499c9e4fc0156521f3ce797;0x371a08aacbb96f0f6d89d1b4f80c8f1936634f7509da86d3eecf4cea246b7c66;0x3b9caea8;0x8c1570a2L;0.500000;1503186275;1503186275
0;16;8048;0x7857b030940534d3322cf38c5429fc6808254a604499c9e4fc0156521f3ce797;0x371a08aacbb96f0f6d89d1b4f80c8f1936634f7509da86d3eecf4cea246b7c66;0x3b9caea8;0x8c1570a2L;0.500000;1503186275;1503186275
0;16;8048;0x7857b030940534d3322cf38c5429fc6808254a604499c9e4fc0156521f3ce797;0x371a08aacbb96f0f6d89d1b4f80c8f1936634f7509da86d3eecf4cea246b7c66;0x3b9caea8;0x8c1570a2L;0.500000;1503186275;1503186275
0;16;8048;0x7857b030940534d3322cf38c5429fc6808254a604499c9e4fc0156521f3ce797;0x371a08aacbb96f0f6d89d1b4f80c8f1936634f7509da86d3eecf4cea246b7c66;0x3b9caea8;0x8c1570a2L;0.500000;1503186275;1503186275
0;16;8048;0x7857b030940534d3322cf38c5429fc6808254a604499c9e4fc0156521f3ce797;0x371a08aacbb96f0f6d89d1b4f80c8f1936634f7509da86d3eecf4cea246b7c66;0x3b9caea8;0x8c1570a2L;0.500000;1503186275;1503186276
0;16;8048;0xd82fce1ea1fe52f8a8af3e0344432c99479369e4ae5fa420c0d4846a8b67c563;0x0222c9722e6870c0a83e0e05891bca4f34ae6454bbdaeab99135b2ec8e09da68;0x0f9602ff;0x37073722L;0.500000;1503186276;1503186276
0;16;8048;0xd82fce1ea1fe52f8a8af3e0344432c99479369e4ae5fa420c0d4846a8b67c563;0x0222c9722e6870c0a83e0e05891bca4f34ae6454bbdaeab99135b2ec8e09da68;0x0f9602ff;0x37073722L;0.500000;1503186276;1503186276
0;16;8048;0xd82fce1ea1fe52f8a8af3e0344432c99479369e4ae5fa420c0d4846a8b67c563;0x0222c9722e6870c0a83e0e05891bca4f34ae6454bbdaeab99135b2ec8e09da68;0x0f9602ff;0x37073722L;0.500000;1503186276;1503186276
0;16;8048;0xd82fce1ea1fe52f8a8af3e0344432c99479369e4ae5fa420c0d4846a8b67c563;0x0222c9722e6870c0a83e0e05891bca4f34ae6454bbdaeab99135b2ec8e09da68;0x0f9602ff;0x37073722L;0.500000;1503186276;1503186276
