0;16;8048;0x645263cacf11b062fcbb2024b53adba89f59d78a42d94bfc986d45a15f6d1ac3;0xbeb1b46fed0ac0f17e351c16653ee3f201d23f4d295fd53d1adc2943a3e7c7d4;0x3688e0b5;0x81c1a608L;0.500000;1503210053;1503210054
0;16;8048;0x8a63a2d66c78e63fddacd23426e5b98ade091045ba3774387a2bd6d7b3abc73d;0xd62ad1dcde1e362c23d97197970dc9af76783c7f9c4471f80519227a96eb2301;0x3cdf955e;0x9c6c9056L;0.500000;1503210054;1503210054
0;16;8048;0x8a63a2d66c78e63fddacd23426e5b98ade091045ba3774387a2bd6d7b3abc73d;0xd62ad1dcde1e362c23d97197970dc9af76783c7f9c4471f80519227a96eb2301;0x3cdf955e;0x9c6c9056L;0.500000;1503210054;1503210054
0;16;8048;0x8a63a2d66c78e63fddacd23426e5b98ade091045ba3774387a2bd6d7b3abc73d;0xd62ad1dcde1e362c23d97197970dc9af76783c7f9c4471f80519227a96eb2301;0x3cdf955e;0x9c6c9056L;0.500000;1503210054;1503210054
0;16;8048;0x8a63a2d66c78e63fddacd23426e5b98ade091045ba3774387a2bd6d7b3abc73d;0xd62ad1dcde1e362c23d97197970dc9af76783c7f9c4471f80519227a96eb2301;0x3cdf955e;0x9c6c9056L;0.500000;1503210054;1503210055
0;16;8048;0xf8ac8a6c3927fb3ff5a888addc5aed6b2ba4f9b2a012ec43d357365b85a7897e;0x181f241c40ec6bdf5da7e7377eab55a31bd38fca8412feb8751d07949cb89efd;0x7c4d2e74;0x762d908L;0.500000;1503210055;1503210055
0;16;8048;0xf8ac8a6c3927fb3ff5a888addc5aed6b2ba4f9b2a012ec43d357365b85a7897e;0x181f241c40ec6bdf5da7e7377eab55a31bd38fca8412feb8751d07949cb89efd;0x7c4d2e74;0x762d908L;0.500000;1503210055;1503210055
0;16;8048;0xf8ac8a6c3927fb3ff5a888addc5aed6b2ba4f9b2a012ec43d357365b85a7897e;0x181f241c40ec6bdf5da7e7377eab55a31bd38fca8412feb8751d07949cb89efd;0x7c4d2e74;0x762d908L;0.500000;1503210055;1503210055
0;16;8048;0xf8ac8a6c3927fb3ff5a888addc5aed6b2ba4f9b2a012ec43d357365b85a7897e;0x181f241c40ec6bdf5da7e7377eab55a31bd38fca8412feb8751d07949cb89efd;0x7c4d2e74;0x762d908L;0.500000;1503210055;1503210056
0;16;8048;0x20b6e9a23eae36dd6327c3e57a2aec76762ae97a33d62ed977d0f296b3dee5d3;0x8f111c7c0519fe9b9883677f40669cf61431e50c1c1604cd8c064e0f0b08b335;0x72c9b87e;0x2d990536L;0.500000;1503210056;1503210056
0;16;8048;0x20b6e9a23eae36dd6327c3e57a2aec76762ae97a33d62ed977d0f296b3dee5d3;0x8f111c7c0519fe9b9883677f40669cf61431e50c1c1604cd8c064e0f0b08b335;0x72c9b87e;0x2d990536L;0.500000;1503210056;1503210056
0;16;8048;0x20b6e9a23eae36dd6327c3e57a2aec76762ae97a33d62ed977d0f296b3dee5d3;0x8f111c7c0519fe9b9883677f40669cf61431e50c1c1604cd8c064e0f0b08b335;0x72c9b87e;0x2d990536L;0.500000;1503210056;1503210056
0;16;8048;0x20b6e9a23eae36dd6327c3e57a2aec76762ae97a33d62ed977d0f296b3dee5d3;0x8f111c7c0519fe9b9883677f40669cf61431e50c1c1604cd8c064e0f0b08b335;0x72c9b87e;0x2d990536L;0.500000;1503210056;1503210056
0;16;8048;0x20b6e9a23eae36dd6327c3e57a2aec76762ae97a33d62ed977d0f296b3dee5d3;0x8f111c7c0519fe9b9883677f40669cf61431e50c1c1604cd8c064e0f0b08b335;0x72c9b87e;0x2d990536L;0.500000;1503210057;1503210057
0;16;8048;0x604fb662e68efa79831251001ace9e14e7c1e1cc322b706aaaff9bdb6017e1c1;0xf290e1b2173547ccfbda65a05a273790173f2d6005e1cca1d2df26548ee9744a;0x4b1d5d71;0xcc40c609L;0.500000;1503210057;1503210057
0;16;8048;0x604fb662e68efa79831251001ace9e14e7c1e1cc322b706aaaff9bdb6017e1c1;0xf290e1b2173547ccfbda65a05a273790173f2d6005e1cca1d2df26548ee9744a;0x4b1d5d71;0xcc40c609L;0.500000;1503210057;1503210057
0;16;8048;0x604fb662e68efa79831251001ace9e14e7c1e1cc322b706aaaff9bdb6017e1c1;0xf290e1b2173547ccfbda65a05a273790173f2d6005e1cca1d2df26548ee9744a;0x4b1d5d71;0xcc40c609L;0.500000;1503210057;1503210057
0;16;8048;0x604fb662e68efa79831251001ace9e14e7c1e1cc322b706aaaff9bdb6017e1c1;0xf290e1b2173547ccfbda65a05a273790173f2d6005e1cca1d2df26548ee9744a;0x4b1d5d71;0xcc40c609L;0.500000;1503210057;1503210058
0;16;8048;0x6cbd302d3f73f204191a1b2d55bda6c5cc387b9d75aa2b111da2bfa7669965d3;0xadcd1e03202170b4d7a84ded3d427df99020612eefcaef6d02863af6a2b34925;0xf7660779;0xd81690e0L;0.500000;1503210058;1503210058
0;16;8048;0x6cbd302d3f73f204191a1b2d55bda6c5cc387b9d75aa2b111da2bfa7669965d3;0xadcd1e03202170b4d7a84ded3d427df99020612eefcaef6d02863af6a2b34925;0xf7660779;0xd81690e0L;0.500000;1503210058;1503210058
