0;16;8048;0x233eca9a41d492df46363e118af33ab8df9dfff15acf3c3074bcae885e1ddf81;0xe320cc642a55bf30fd63c8e2b342553878cdc4f3fdb26942d9d34d4479f4708b;0xeb7f4080;0x149c508L;0.500000;1503246876;1503246876
0;16;8048;0x233eca9a41d492df46363e118af33ab8df9dfff15acf3c3074bcae885e1ddf81;0xe320cc642a55bf30fd63c8e2b342553878cdc4f3fdb26942d9d34d4479f4708b;0xeb7f4080;0x149c508L;0.500000;1503246876;1503246876
0;16;8048;0x233eca9a41d492df46363e118af33ab8df9dfff15acf3c3074bcae885e1ddf81;0xe320cc642a55bf30fd63c8e2b342553878cdc4f3fdb26942d9d34d4479f4708b;0xeb7f4080;0x149c508L;0.500000;1503246876;1503246877
0;16;8048;0x1ed34a920fed9d68d1ee17396e6ed8c82d6093dd6b94d503fc4c0580028abb20;0xcb8ebfb29c497777cf2a65cdb6f48c7bb98d3ef0601aa0bf12981bd4594017f7;0x9850e643;0x1071a454L;0.500000;1503246877;1503246877
0;16;8048;0x1ed34a920fed9d68d1ee17396e6ed8c82d6093dd6b94d503fc4c0580028abb20;0xcb8ebfb29c497777cf2a65cdb6f48c7bb98d3ef0601aa0bf12981bd4594017f7;0x9850e643;0x1071a454L;0.500000;1503246877;1503246877
0;16;8048;0x1ed34a920fed9d68d1ee17396e6ed8c82d6093dd6b94d503fc4c0580028abb20;0xcb8ebfb29c497777cf2a65cdb6f48c7bb98d3ef0601aa0bf12981bd4594017f7;0x9850e643;0x1071a454L;0.500000;1503246877;1503246877
0;16;8048;0x1ed34a920fed9d68d1ee17396e6ed8c82d6093dd6b94d503fc4c0580028abb20;0xcb8ebfb29c497777cf2a65cdb6f48c7bb98d3ef0601aa0bf12981bd4594017f7;0x9850e643;0x1071a454L;0.500000;1503246877;1503246877
0;16;8048;0x1ed34a920fed9d68d1ee17396e6ed8c82d6093dd6b94d503fc4c0580028abb20;0xcb8ebfb29c497777cf2a65cdb6f48c7bb98d3ef0601aa0bf12981bd4594017f7;0x9850e643;0x1071a454L;0.500000;1503246878;1503246878
0;16;8048;0xc4d41565ef5b401a159367fcc318fbb70fb69ef240d658f88d76a4a2a7cedf6b;0x0c0b3a149ccff3cc1abc4f96e1d97497aedea16c3a258badb046bd7b820741d3;0xef1425b0;0xdd938408L;0.500000;1503246878;1503246878
0;16;8048;0xc4d41565ef5b401a159367fcc318fbb70fb69ef240d658f88d76a4a2a7cedf6b;0x0c0b3a149ccff3cc1abc4f96e1d97497aedea16c3a258badb046bd7b820741d3;0xef1425b0;0xdd938408L;0.500000;1503246878;1503246878
0;16;8048;0xc4d41565ef5b401a159367fcc318fbb70fb69ef240d658f88d76a4a2a7cedf6b;0x0c0b3a149ccff3cc1abc4f96e1d97497aedea16c3a258badb046bd7b820741d3;0xef1425b0;0xdd938408L;0.500000;1503246878;1503246878
0;16;8048;0xc4d41565ef5b401a159367fcc318fbb70fb69ef240d658f88d76a4a2a7cedf6b;0x0c0b3a149ccff3cc1abc4f96e1d97497aedea16c3a258badb046bd7b820741d3;0xef1425b0;0xdd938408L;0.500000;1503246878;1503246879
0;16;8048;0xd1b5046134dd10f99713280e3996d1412d8323495e330a0c6ea43b334f4acb20;0x3923398826bc70f6a6467156d203141a0ea017cd69e2e8457179178818db440b;0x72ef26c2;0x2821248cL;0.500000;1503246879;1503246879
0;16;8048;0xd1b5046134dd10f99713280e3996d1412d8323495e330a0c6ea43b334f4acb20;0x3923398826bc70f6a6467156d203141a0ea017cd69e2e8457179178818db440b;0x72ef26c2;0x2821248cL;0.500000;1503246879;1503246879
0;16;8048;0xd1b5046134dd10f99713280e3996d1412d8323495e330a0c6ea43b334f4acb20;0x3923398826bc70f6a6467156d203141a0ea017cd69e2e8457179178818db440b;0x72ef26c2;0x2821248cL;0.500000;1503246879;1503246879
0;16;8048;0xd1b5046134dd10f99713280e3996d1412d8323495e330a0c6ea43b334f4acb20;0x3923398826bc70f6a6467156d203141a0ea017cd69e2e8457179178818db440b;0x72ef26c2;0x2821248cL;0.500000;1503246879;1503246880
0;16;8048;0xdc429a8a6421987596e64aa353f8a082365568ae98b03bbbe14f42ff73329450;0x4b70a7014f92f80666617fb69580957381b932d48523428441cbc11c7e7c41dc;0x5679eead;0x81640a40L;0.500000;1503246880;1503246880
0;16;8048;0xdc429a8a6421987596e64aa353f8a082365568ae98b03bbbe14f42ff73329450;0x4b70a7014f92f80666617fb69580957381b932d48523428441cbc11c7e7c41dc;0x5679eead;0x81640a40L;0.500000;1503246880;1503246880
0;16;8048;0xdc429a8a6421987596e64aa353f8a082365568ae98b03bbbe14f42ff73329450;0x4b70a7014f92f80666617fb69580957381b932d48523428441cbc11c7e7c41dc;0x5679eead;0x81640a40L;0.500000;1503246880;1503246880
0;16;8048;0xdc429a8a6421987596e64aa353f8a082365568ae98b03bbbe14f42ff73329450;0x4b70a7014f92f80666617fb69580957381b932d48523428441cbc11c7e7c41dc;0x5679eead;0x81640a40L;0.500000;1503246880;1503246880
