0;16;8048;0xce20f4ae68faba71783b2982b9609630b1a52c69642ed8e5c92dab455fcb6c2d;0x1b8dcc46daba4fc698b334a713049c385dc07b2dce1af4d279727c40d0f31df0;0xb090f115;0x8880c013L;0.500000;1503144706;1503144706
0;16;8048;0xce20f4ae68faba71783b2982b9609630b1a52c69642ed8e5c92dab455fcb6c2d;0x1b8dcc46daba4fc698b334a713049c385dc07b2dce1af4d279727c40d0f31df0;0xb090f115;0x8880c013L;0.500000;1503144706;1503144706
0;16;8048;0xce20f4ae68faba71783b2982b9609630b1a52c69642ed8e5c92dab455fcb6c2d;0x1b8dcc46daba4fc698b334a713049c385dc07b2dce1af4d279727c40d0f31df0;0xb090f115;0x8880c013L;0.500000;1503144706;1503144706
0;16;8048;0xce20f4ae68faba71783b2982b9609630b1a52c69642ed8e5c92dab455fcb6c2d;0x1b8dcc46daba4fc698b334a713049c385dc07b2dce1af4d279727c40d0f31df0;0xb090f115;0x8880c013L;0.500000;1503144706;1503144706
0;16;8048;0xce20f4ae68faba71783b2982b9609630b1a52c69642ed8e5c92dab455fcb6c2d;0x1b8dcc46daba4fc698b334a713049c385dc07b2dce1af4d279727c40d0f31df0;0xb090f115;0x8880c013L;0.500000;1503144706;1503144707
0;16;8048;0x99a5bd43c3d6b51c64b3c3363bf2fcf2a265406ddf50f6c2b99115db156f20ae;0x4b9f862177964ae7c9696a1c0c669fcf4550b3f62518cf73a554af031b8863b7;0x12ab36bd;0x232ec21cL;0.500000;1503144707;1503144707
0;16;8048;0x99a5bd43c3d6b51c64b3c3363bf2fcf2a265406ddf50f6c2b99115db156f20ae;0x4b9f862177964ae7c9696a1c0c669fcf4550b3f62518cf73a554af031b8863b7;0x12ab36bd;0x232ec21cL;0.500000;1503144707;1503144707
0;16;8048;0x99a5bd43c3d6b51c64b3c3363bf2fcf2a265406ddf50f6c2b99115db156f20ae;0x4b9f862177964ae7c9696a1c0c669fcf4550b3f62518cf73a554af031b8863b7;0x12ab36bd;0x232ec21cL;0.500000;1503144707;1503144707
0;16;8048;0x99a5bd43c3d6b51c64b3c3363bf2fcf2a265406ddf50f6c2b99115db156f20ae;0x4b9f862177964ae7c9696a1c0c669fcf4550b3f62518cf73a554af031b8863b7;0x12ab36bd;0x232ec21cL;0.500000;1503144707;1503144708
0;16;8048;0x615addd76f670c7c2f223cea8791027763286121a0262c628367291541be16a2;0x1e3e3ebce523554b054c8f29c8eb469cd979bda1237e4ccd03ce73f1100fd000;0xe6186796;0x61188020L;0.500000;1503144708;1503144708
0;16;8048;0x615addd76f670c7c2f223cea8791027763286121a0262c628367291541be16a2;0x1e3e3ebce523554b054c8f29c8eb469cd979bda1237e4ccd03ce73f1100fd000;0xe6186796;0x61188020L;0.500000;1503144708;1503144708
0;16;8048;0x615addd76f670c7c2f223cea8791027763286121a0262c628367291541be16a2;0x1e3e3ebce523554b054c8f29c8eb469cd979bda1237e4ccd03ce73f1100fd000;0xe6186796;0x61188020L;0.500000;1503144708;1503144708
0;16;8048;0x615addd76f670c7c2f223cea8791027763286121a0262c628367291541be16a2;0x1e3e3ebce523554b054c8f29c8eb469cd979bda1237e4ccd03ce73f1100fd000;0xe6186796;0x61188020L;0.500000;1503144708;1503144708
0;16;8048;0x615addd76f670c7c2f223cea8791027763286121a0262c628367291541be16a2;0x1e3e3ebce523554b054c8f29c8eb469cd979bda1237e4ccd03ce73f1100fd000;0xe6186796;0x61188020L;0.500000;1503144708;1503144709
0;16;8048;0x6194d56ed52ed5bed3a7b69d7710e4b2099d8014ba0e3536e3fb5818921f38f3;0xd8f19653bdff8f9df02c81215e5f306550823b2f3188595fef6daba3b63b96cc;0x5268eef6;0x3f585d0dL;0.500000;1503144709;1503144709
0;16;8048;0x6194d56ed52ed5bed3a7b69d7710e4b2099d8014ba0e3536e3fb5818921f38f3;0xd8f19653bdff8f9df02c81215e5f306550823b2f3188595fef6daba3b63b96cc;0x5268eef6;0x3f585d0dL;0.500000;1503144709;1503144709
0;16;8048;0x6194d56ed52ed5bed3a7b69d7710e4b2099d8014ba0e3536e3fb5818921f38f3;0xd8f19653bdff8f9df02c81215e5f306550823b2f3188595fef6daba3b63b96cc;0x5268eef6;0x3f585d0dL;0.500000;1503144709;1503144709
0;16;8048;0x6194d56ed52ed5bed3a7b69d7710e4b2099d8014ba0e3536e3fb5818921f38f3;0xd8f19653bdff8f9df02c81215e5f306550823b2f3188595fef6daba3b63b96cc;0x5268eef6;0x3f585d0dL;0.500000;1503144709;1503144710
0;16;8048;0x77e99160ea378dfae409e7f4397a2d2a7d7d21ccd5969da80c92c919d8c0ed4f;0x71d49f6727ff3b6c092a53795dd1705870221e86e70754057737b076ec5d240f;0x6e00d71c;0x85113136L;0.500000;1503144710;1503144710
0;16;8048;0x77e99160ea378dfae409e7f4397a2d2a7d7d21ccd5969da80c92c919d8c0ed4f;0x71d49f6727ff3b6c092a53795dd1705870221e86e70754057737b076ec5d240f;0x6e00d71c;0x85113136L;0.500000;1503144710;1503144710
