0;16;8048;0x6bb27013000b90b241020482fe664be108283120821feed540fef087306ec19c;0x749ea12429cfd5183d34898066a6dd036bdd029ae0867b52729d8be0960d7b07;0x1d7f78b0;0x50d00535L;0.500000;1503158976;1503158976
0;16;8048;0x6bb27013000b90b241020482fe664be108283120821feed540fef087306ec19c;0x749ea12429cfd5183d34898066a6dd036bdd029ae0867b52729d8be0960d7b07;0x1d7f78b0;0x50d00535L;0.500000;1503158976;1503158977
0;16;8048;0x5a1b11c1ed87a01e80fd3af47ba59a7bd2e777cd9f6d331a08f08b030551db5f;0x3b018cd27a503def63767f9310354d320fdc26a06dfd85fecdbcafb172dd8801;0x3d922063;0x3e2854eL;0.500000;1503158977;1503158977
0;16;8048;0x5a1b11c1ed87a01e80fd3af47ba59a7bd2e777cd9f6d331a08f08b030551db5f;0x3b018cd27a503def63767f9310354d320fdc26a06dfd85fecdbcafb172dd8801;0x3d922063;0x3e2854eL;0.500000;1503158977;1503158977
0;16;8048;0x5a1b11c1ed87a01e80fd3af47ba59a7bd2e777cd9f6d331a08f08b030551db5f;0x3b018cd27a503def63767f9310354d320fdc26a06dfd85fecdbcafb172dd8801;0x3d922063;0x3e2854eL;0.500000;1503158977;1503158977
0;16;8048;0x5a1b11c1ed87a01e80fd3af47ba59a7bd2e777cd9f6d331a08f08b030551db5f;0x3b018cd27a503def63767f9310354d320fdc26a06dfd85fecdbcafb172dd8801;0x3d922063;0x3e2854eL;0.500000;1503158977;1503158977
0;16;8048;0x5a1b11c1ed87a01e80fd3af47ba59a7bd2e777cd9f6d331a08f08b030551db5f;0x3b018cd27a503def63767f9310354d320fdc26a06dfd85fecdbcafb172dd8801;0x3d922063;0x3e2854eL;0.500000;1503158978;1503158978
0;16;8048;0x2312823197924ca3fd60fd21ce4a8cccb0e3972983c88e746e1ec70c1f0d8443;0x2bdae1116b85cb6854521f0c8062827765625bbca813fcd51fa50bdc42d70c4e;0xf71d8fd1;0x6d910408L;0.500000;1503158978;1503158978
0;16;8048;0x2312823197924ca3fd60fd21ce4a8cccb0e3972983c88e746e1ec70c1f0d8443;0x2bdae1116b85cb6854521f0c8062827765625bbca813fcd51fa50bdc42d70c4e;0xf71d8fd1;0x6d910408L;0.500000;1503158978;1503158978
0;16;8048;0x2312823197924ca3fd60fd21ce4a8cccb0e3972983c88e746e1ec70c1f0d8443;0x2bdae1116b85cb6854521f0c8062827765625bbca813fcd51fa50bdc42d70c4e;0xf71d8fd1;0x6d910408L;0.500000;1503158978;1503158978
0;16;8048;0x2312823197924ca3fd60fd21ce4a8cccb0e3972983c88e746e1ec70c1f0d8443;0x2bdae1116b85cb6854521f0c8062827765625bbca813fcd51fa50bdc42d70c4e;0xf71d8fd1;0x6d910408L;0.500000;1503158978;1503158979
0;16;8048;0xe302159845dc5cecff19f9e207948c9a99a768ea993c2a3123f0b7e83adf851e;0x41244e6951f076b1ead5d9fbcc5e283ee7e4ea75232744721be585c7d9daa11c;0xc2e06c6d;0x9068c625L;0.500000;1503158979;1503158979
0;16;8048;0xe302159845dc5cecff19f9e207948c9a99a768ea993c2a3123f0b7e83adf851e;0x41244e6951f076b1ead5d9fbcc5e283ee7e4ea75232744721be585c7d9daa11c;0xc2e06c6d;0x9068c625L;0.500000;1503158979;1503158979
0;16;8048;0xe302159845dc5cecff19f9e207948c9a99a768ea993c2a3123f0b7e83adf851e;0x41244e6951f076b1ead5d9fbcc5e283ee7e4ea75232744721be585c7d9daa11c;0xc2e06c6d;0x9068c625L;0.500000;1503158979;1503158979
0;16;8048;0xe302159845dc5cecff19f9e207948c9a99a768ea993c2a3123f0b7e83adf851e;0x41244e6951f076b1ead5d9fbcc5e283ee7e4ea75232744721be585c7d9daa11c;0xc2e06c6d;0x9068c625L;0.500000;1503158979;1503158980
0;16;8048;0x5d47ec73c12a47cfadc73b55e4260cce41a051fe692e1f688ef76f623b51eb98;0xb1e853e27f266e02c1ff0a7e2df5ad3c4aa34dc7b5187f2ed64d6fb15e1ca7d4;0x2958819d;0x187a0a89L;0.500000;1503158980;1503158980
0;16;8048;0x5d47ec73c12a47cfadc73b55e4260cce41a051fe692e1f688ef76f623b51eb98;0xb1e853e27f266e02c1ff0a7e2df5ad3c4aa34dc7b5187f2ed64d6fb15e1ca7d4;0x2958819d;0x187a0a89L;0.500000;1503158980;1503158980
0;16;8048;0x5d47ec73c12a47cfadc73b55e4260cce41a051fe692e1f688ef76f623b51eb98;0xb1e853e27f266e02c1ff0a7e2df5ad3c4aa34dc7b5187f2ed64d6fb15e1ca7d4;0x2958819d;0x187a0a89L;0.500000;1503158980;1503158980
0;16;8048;0x5d47ec73c12a47cfadc73b55e4260cce41a051fe692e1f688ef76f623b51eb98;0xb1e853e27f266e02c1ff0a7e2df5ad3c4aa34dc7b5187f2ed64d6fb15e1ca7d4;0x2958819d;0x187a0a89L;0.500000;1503158980;1503158980
0;16;8048;0x5d47ec73c12a47cfadc73b55e4260cce41a051fe692e1f688ef76f623b51eb98;0xb1e853e27f266e02c1ff0a7e2df5ad3c4aa34dc7b5187f2ed64d6fb15e1ca7d4;0x2958819d;0x187a0a89L;0.500000;1503158980;1503158981
