0;16;8048;0x148c2bbfdbd8ed0a52a913b8f9b27fdc09200a6696b56102d1829c066eb48482;0xc69c13c3a1f062f7843dce7b278d77e1427a566117edeb70a6eb7e16fff47539;0x5d72a5f9;0x6a2b4522L;0.500000;1503095173;1503095173
0;16;8048;0x148c2bbfdbd8ed0a52a913b8f9b27fdc09200a6696b56102d1829c066eb48482;0xc69c13c3a1f062f7843dce7b278d77e1427a566117edeb70a6eb7e16fff47539;0x5d72a5f9;0x6a2b4522L;0.500000;1503095173;1503095173
0;16;8048;0x148c2bbfdbd8ed0a52a913b8f9b27fdc09200a6696b56102d1829c066eb48482;0xc69c13c3a1f062f7843dce7b278d77e1427a566117edeb70a6eb7e16fff47539;0x5d72a5f9;0x6a2b4522L;0.500000;1503095173;1503095173
0;16;8048;0x148c2bbfdbd8ed0a52a913b8f9b27fdc09200a6696b56102d1829c066eb48482;0xc69c13c3a1f062f7843dce7b278d77e1427a566117edeb70a6eb7e16fff47539;0x5d72a5f9;0x6a2b4522L;0.500000;1503095173;1503095174
0;16;8048;0x739f2d1b9c80bb53f6d8df105b180a0a1bda9c713f74a4271486a3b92b1f429e;0x209acd7a07b5716efbb54bc2a4bb836bccfabfb2059788ab293c0f337102aa0c;0x19590f16;0x6125c409L;0.500000;1503095174;1503095174
0;16;8048;0x739f2d1b9c80bb53f6d8df105b180a0a1bda9c713f74a4271486a3b92b1f429e;0x209acd7a07b5716efbb54bc2a4bb836bccfabfb2059788ab293c0f337102aa0c;0x19590f16;0x6125c409L;0.500000;1503095174;1503095174
0;16;8048;0x739f2d1b9c80bb53f6d8df105b180a0a1bda9c713f74a4271486a3b92b1f429e;0x209acd7a07b5716efbb54bc2a4bb836bccfabfb2059788ab293c0f337102aa0c;0x19590f16;0x6125c409L;0.500000;1503095174;1503095174
0;16;8048;0x739f2d1b9c80bb53f6d8df105b180a0a1bda9c713f74a4271486a3b92b1f429e;0x209acd7a07b5716efbb54bc2a4bb836bccfabfb2059788ab293c0f337102aa0c;0x19590f16;0x6125c409L;0.500000;1503095174;1503095175
0;16;8048;0x082070adcffb003a0a0fd11476983892eb635c60d254749434b3bc7d974a829f;0x8849cbe120c6cf530c322aa59f6dff350725487e1d326c20b4da9272f779a4c1;0x5576fd04;0x894e529L;0.500000;1503095175;1503095175
0;16;8048;0x082070adcffb003a0a0fd11476983892eb635c60d254749434b3bc7d974a829f;0x8849cbe120c6cf530c322aa59f6dff350725487e1d326c20b4da9272f779a4c1;0x5576fd04;0x894e529L;0.500000;1503095175;1503095175
0;16;8048;0x082070adcffb003a0a0fd11476983892eb635c60d254749434b3bc7d974a829f;0x8849cbe120c6cf530c322aa59f6dff350725487e1d326c20b4da9272f779a4c1;0x5576fd04;0x894e529L;0.500000;1503095175;1503095175
0;16;8048;0x082070adcffb003a0a0fd11476983892eb635c60d254749434b3bc7d974a829f;0x8849cbe120c6cf530c322aa59f6dff350725487e1d326c20b4da9272f779a4c1;0x5576fd04;0x894e529L;0.500000;1503095175;1503095176
0;16;8048;0x773fb38cea8f168e6daf7588c0533e773abf69fb18ce4a1c18a5f7df3f8edbb6;0x517eb184dce81257d55670f74e9dae5e5d318d42a3f3b98e73eaa8aa92c70e54;0x3346a8c0;0x84180490L;0.500000;1503095176;1503095176
0;16;8048;0x773fb38cea8f168e6daf7588c0533e773abf69fb18ce4a1c18a5f7df3f8edbb6;0x517eb184dce81257d55670f74e9dae5e5d318d42a3f3b98e73eaa8aa92c70e54;0x3346a8c0;0x84180490L;0.500000;1503095176;1503095176
0;16;8048;0x773fb38cea8f168e6daf7588c0533e773abf69fb18ce4a1c18a5f7df3f8edbb6;0x517eb184dce81257d55670f74e9dae5e5d318d42a3f3b98e73eaa8aa92c70e54;0x3346a8c0;0x84180490L;0.500000;1503095176;1503095176
0;16;8048;0x773fb38cea8f168e6daf7588c0533e773abf69fb18ce4a1c18a5f7df3f8edbb6;0x517eb184dce81257d55670f74e9dae5e5d318d42a3f3b98e73eaa8aa92c70e54;0x3346a8c0;0x84180490L;0.500000;1503095176;1503095177
0;16;8048;0x921c6a4fc2a47fedecb0fa9ff49613f0ce2297d0ed1bc21be24f678dc69df658;0x4d87a7cf226bef08c9d4f581ada08323f6cb9037d9690c9a6d0bdd46cf02296c;0xa7c3931f;0x85104a2L;0.500000;1503095177;1503095177
0;16;8048;0x921c6a4fc2a47fedecb0fa9ff49613f0ce2297d0ed1bc21be24f678dc69df658;0x4d87a7cf226bef08c9d4f581ada08323f6cb9037d9690c9a6d0bdd46cf02296c;0xa7c3931f;0x85104a2L;0.500000;1503095177;1503095177
0;16;8048;0x921c6a4fc2a47fedecb0fa9ff49613f0ce2297d0ed1bc21be24f678dc69df658;0x4d87a7cf226bef08c9d4f581ada08323f6cb9037d9690c9a6d0bdd46cf02296c;0xa7c3931f;0x85104a2L;0.500000;1503095177;1503095177
0;16;8048;0x921c6a4fc2a47fedecb0fa9ff49613f0ce2297d0ed1bc21be24f678dc69df658;0x4d87a7cf226bef08c9d4f581ada08323f6cb9037d9690c9a6d0bdd46cf02296c;0xa7c3931f;0x85104a2L;0.500000;1503095177;1503095178
