0;16;8048;0xf8ad1000069ba91d32310dc18be26b83494dcbbd914fb20ff3833f7b51becb4a;0x113cfac4a1fa8982e631da9e296a98f123360363c0fc273012da0d243dd8bb82;0x0d48099a;0x524c8a0dL;0.500000;1503218393;1503218393
0;16;8048;0xf8ad1000069ba91d32310dc18be26b83494dcbbd914fb20ff3833f7b51becb4a;0x113cfac4a1fa8982e631da9e296a98f123360363c0fc273012da0d243dd8bb82;0x0d48099a;0x524c8a0dL;0.500000;1503218393;1503218393
0;16;8048;0xf8ad1000069ba91d32310dc18be26b83494dcbbd914fb20ff3833f7b51becb4a;0x113cfac4a1fa8982e631da9e296a98f123360363c0fc273012da0d243dd8bb82;0x0d48099a;0x524c8a0dL;0.500000;1503218393;1503218394
0;16;8048;0xac272357bb9e1e5092bfa096b1906ce9c433aed07bf75fcbeb6d289aee6e789a;0x8ef347dade640cdaad9d808f89789da8f8235512ac80f29af216c42d6823dac8;0x4cd7dae1;0x8d0a8208L;0.500000;1503218394;1503218394
0;16;8048;0xac272357bb9e1e5092bfa096b1906ce9c433aed07bf75fcbeb6d289aee6e789a;0x8ef347dade640cdaad9d808f89789da8f8235512ac80f29af216c42d6823dac8;0x4cd7dae1;0x8d0a8208L;0.500000;1503218394;1503218394
0;16;8048;0xac272357bb9e1e5092bfa096b1906ce9c433aed07bf75fcbeb6d289aee6e789a;0x8ef347dade640cdaad9d808f89789da8f8235512ac80f29af216c42d6823dac8;0x4cd7dae1;0x8d0a8208L;0.500000;1503218394;1503218394
0;16;8048;0xac272357bb9e1e5092bfa096b1906ce9c433aed07bf75fcbeb6d289aee6e789a;0x8ef347dade640cdaad9d808f89789da8f8235512ac80f29af216c42d6823dac8;0x4cd7dae1;0x8d0a8208L;0.500000;1503218394;1503218395
0;16;8048;0xe5997409882aa54c2fa14480113d7b62b1f3392b1168f165c5d09f4fb1988b96;0x2f35f81fa3b14bb9c3b8b5b2cec0c6a10ff1c64bb4a96b90aee3fd7b01b77314;0x06a23a82;0x198bc805L;0.500000;1503218395;1503218395
0;16;8048;0xe5997409882aa54c2fa14480113d7b62b1f3392b1168f165c5d09f4fb1988b96;0x2f35f81fa3b14bb9c3b8b5b2cec0c6a10ff1c64bb4a96b90aee3fd7b01b77314;0x06a23a82;0x198bc805L;0.500000;1503218395;1503218395
0;16;8048;0xe5997409882aa54c2fa14480113d7b62b1f3392b1168f165c5d09f4fb1988b96;0x2f35f81fa3b14bb9c3b8b5b2cec0c6a10ff1c64bb4a96b90aee3fd7b01b77314;0x06a23a82;0x198bc805L;0.500000;1503218395;1503218395
0;16;8048;0xe5997409882aa54c2fa14480113d7b62b1f3392b1168f165c5d09f4fb1988b96;0x2f35f81fa3b14bb9c3b8b5b2cec0c6a10ff1c64bb4a96b90aee3fd7b01b77314;0x06a23a82;0x198bc805L;0.500000;1503218395;1503218395
0;16;8048;0xe5997409882aa54c2fa14480113d7b62b1f3392b1168f165c5d09f4fb1988b96;0x2f35f81fa3b14bb9c3b8b5b2cec0c6a10ff1c64bb4a96b90aee3fd7b01b77314;0x06a23a82;0x198bc805L;0.500000;1503218395;1503218396
0;16;8048;0xa2b1ef620e4b0685bcd8d4036a14b718c1e903f48e107ca39eac65cd42e23ee4;0x330be6bd9f366da7b97c87a13d75694031f2d49d54c5099ec4e2eac7060c7387;0x3b62898d;0x103ee96L;0.500000;1503218396;1503218396
0;16;8048;0xa2b1ef620e4b0685bcd8d4036a14b718c1e903f48e107ca39eac65cd42e23ee4;0x330be6bd9f366da7b97c87a13d75694031f2d49d54c5099ec4e2eac7060c7387;0x3b62898d;0x103ee96L;0.500000;1503218396;1503218396
0;16;8048;0xa2b1ef620e4b0685bcd8d4036a14b718c1e903f48e107ca39eac65cd42e23ee4;0x330be6bd9f366da7b97c87a13d75694031f2d49d54c5099ec4e2eac7060c7387;0x3b62898d;0x103ee96L;0.500000;1503218396;1503218396
0;16;8048;0xa2b1ef620e4b0685bcd8d4036a14b718c1e903f48e107ca39eac65cd42e23ee4;0x330be6bd9f366da7b97c87a13d75694031f2d49d54c5099ec4e2eac7060c7387;0x3b62898d;0x103ee96L;0.500000;1503218396;1503218397
0;16;8048;0x01c9cd0feab9fab0fb7c6c35f9ec476c24545dfb88b6958dd92d39f34550b246;0xf99fe752acbdb979df04021856d5d169fb7a72e8ea5b07dc0d14f81635aad4b5;0xaa5f8223;0x45c4111cL;0.500000;1503218397;1503218397
0;16;8048;0x01c9cd0feab9fab0fb7c6c35f9ec476c24545dfb88b6958dd92d39f34550b246;0xf99fe752acbdb979df04021856d5d169fb7a72e8ea5b07dc0d14f81635aad4b5;0xaa5f8223;0x45c4111cL;0.500000;1503218397;1503218397
0;16;8048;0x01c9cd0feab9fab0fb7c6c35f9ec476c24545dfb88b6958dd92d39f34550b246;0xf99fe752acbdb979df04021856d5d169fb7a72e8ea5b07dc0d14f81635aad4b5;0xaa5f8223;0x45c4111cL;0.500000;1503218397;1503218397
0;16;8048;0x01c9cd0feab9fab0fb7c6c35f9ec476c24545dfb88b6958dd92d39f34550b246;0xf99fe752acbdb979df04021856d5d169fb7a72e8ea5b07dc0d14f81635aad4b5;0xaa5f8223;0x45c4111cL;0.500000;1503218397;1503218397
