0;16;8048;0x4684e5d370696e2566928c0a9f5cd145816f97e909e00ead10e2fdfb912f80d7;0x12bc44d8cd1af2a0fe3e3cff80a0eaf0751814f27d086509bad7789f45432c98;0x632d82a8;0xd088508L;0.500000;1503126952;1503126953
0;16;8048;0xf69db2e30b75fb261276226d225ca02a5865c772bf85b4b8e93300a4efc356e5;0x0dad951fe030990a1023d147571bbea26276cd74ca7d6713ddd50cb2a8d84e69;0x0fbaf370;0xa9c08a82L;0.500000;1503126953;1503126953
0;16;8048;0xf69db2e30b75fb261276226d225ca02a5865c772bf85b4b8e93300a4efc356e5;0x0dad951fe030990a1023d147571bbea26276cd74ca7d6713ddd50cb2a8d84e69;0x0fbaf370;0xa9c08a82L;0.500000;1503126953;1503126953
0;16;8048;0xf69db2e30b75fb261276226d225ca02a5865c772bf85b4b8e93300a4efc356e5;0x0dad951fe030990a1023d147571bbea26276cd74ca7d6713ddd50cb2a8d84e69;0x0fbaf370;0xa9c08a82L;0.500000;1503126953;1503126953
0;16;8048;0xf69db2e30b75fb261276226d225ca02a5865c772bf85b4b8e93300a4efc356e5;0x0dad951fe030990a1023d147571bbea26276cd74ca7d6713ddd50cb2a8d84e69;0x0fbaf370;0xa9c08a82L;0.500000;1503126953;1503126954
0;16;8048;0x9d2176f018b050936ebe6340fbb76914bdf038e10b59d4d0c84a6173b7188755;0xbd94a020179e8ca8a04418db01a358fe06819fb67a9186f20519070d9af05468;0x4f291809;0x8c48008L;0.500000;1503126954;1503126954
0;16;8048;0x9d2176f018b050936ebe6340fbb76914bdf038e10b59d4d0c84a6173b7188755;0xbd94a020179e8ca8a04418db01a358fe06819fb67a9186f20519070d9af05468;0x4f291809;0x8c48008L;0.500000;1503126954;1503126954
0;16;8048;0x9d2176f018b050936ebe6340fbb76914bdf038e10b59d4d0c84a6173b7188755;0xbd94a020179e8ca8a04418db01a358fe06819fb67a9186f20519070d9af05468;0x4f291809;0x8c48008L;0.500000;1503126954;1503126954
0;16;8048;0x9d2176f018b050936ebe6340fbb76914bdf038e10b59d4d0c84a6173b7188755;0xbd94a020179e8ca8a04418db01a358fe06819fb67a9186f20519070d9af05468;0x4f291809;0x8c48008L;0.500000;1503126954;1503126955
0;16;8048;0x269f84c883b824ee77959c150787a7ac14124581ea52932c917728c2404e0966;0xeea76800a15399984dfa83e9afafc7c8bd86c8b7262bab87c567af57a9848b44;0x5bd85ac8;0x14811cc0L;0.500000;1503126955;1503126955
0;16;8048;0x269f84c883b824ee77959c150787a7ac14124581ea52932c917728c2404e0966;0xeea76800a15399984dfa83e9afafc7c8bd86c8b7262bab87c567af57a9848b44;0x5bd85ac8;0x14811cc0L;0.500000;1503126955;1503126955
0;16;8048;0x269f84c883b824ee77959c150787a7ac14124581ea52932c917728c2404e0966;0xeea76800a15399984dfa83e9afafc7c8bd86c8b7262bab87c567af57a9848b44;0x5bd85ac8;0x14811cc0L;0.500000;1503126955;1503126955
0;16;8048;0x269f84c883b824ee77959c150787a7ac14124581ea52932c917728c2404e0966;0xeea76800a15399984dfa83e9afafc7c8bd86c8b7262bab87c567af57a9848b44;0x5bd85ac8;0x14811cc0L;0.500000;1503126955;1503126956
0;16;8048;0xcab8e18de103f856a8d1cbb80696c25fb4a9c1b2a7c48e445b7779426796be31;0xd180cf6a097e88dc8efafc4159889ac651990e8ddab8b611c2385ba1a8b9588d;0xe666f0f9;0x486bc781L;0.500000;1503126956;1503126956
0;16;8048;0xcab8e18de103f856a8d1cbb80696c25fb4a9c1b2a7c48e445b7779426796be31;0xd180cf6a097e88dc8efafc4159889ac651990e8ddab8b611c2385ba1a8b9588d;0xe666f0f9;0x486bc781L;0.500000;1503126956;1503126956
0;16;8048;0xcab8e18de103f856a8d1cbb80696c25fb4a9c1b2a7c48e445b7779426796be31;0xd180cf6a097e88dc8efafc4159889ac651990e8ddab8b611c2385ba1a8b9588d;0xe666f0f9;0x486bc781L;0.500000;1503126956;1503126956
0;16;8048;0xcab8e18de103f856a8d1cbb80696c25fb4a9c1b2a7c48e445b7779426796be31;0xd180cf6a097e88dc8efafc4159889ac651990e8ddab8b611c2385ba1a8b9588d;0xe666f0f9;0x486bc781L;0.500000;1503126956;1503126957
0;16;8048;0x67c8444b55d48de685f9d1342f31e63168f445686ec1f64ea7991310ff944966;0x470a0eb1d5bf18fd83cd9fa179530c31c3040818c79e6c00b49e81fd8c4eeb48;0xa8882185;0x8e0c1798L;0.500000;1503126957;1503126957
0;16;8048;0x67c8444b55d48de685f9d1342f31e63168f445686ec1f64ea7991310ff944966;0x470a0eb1d5bf18fd83cd9fa179530c31c3040818c79e6c00b49e81fd8c4eeb48;0xa8882185;0x8e0c1798L;0.500000;1503126957;1503126957
0;16;8048;0x67c8444b55d48de685f9d1342f31e63168f445686ec1f64ea7991310ff944966;0x470a0eb1d5bf18fd83cd9fa179530c31c3040818c79e6c00b49e81fd8c4eeb48;0xa8882185;0x8e0c1798L;0.500000;1503126957;1503126957
