0;16;8048;0x47c2bf7e69abf0c9fb78eb0d13498cc5230ae8d43bc71fd09c35d38c2630816e;0x226acff547853976c9d42895cf685a0537bbe906095f853d88f9b1444769f67a;0xf93c5318;0x80148091L;0.500000;1503079028;1503079029
0;16;8048;0x8980b963ffab36bcd817ade3ff7b3c79451370279eec91b12ad6ef0d588f76e1;0xcef6aac6120a5397e72289798fac5d0a922056a96753f6c1b3149835ac2c96ce;0x751d3694;0x28d18980L;0.500000;1503079029;1503079029
0;16;8048;0x8980b963ffab36bcd817ade3ff7b3c79451370279eec91b12ad6ef0d588f76e1;0xcef6aac6120a5397e72289798fac5d0a922056a96753f6c1b3149835ac2c96ce;0x751d3694;0x28d18980L;0.500000;1503079029;1503079029
0;16;8048;0x8980b963ffab36bcd817ade3ff7b3c79451370279eec91b12ad6ef0d588f76e1;0xcef6aac6120a5397e72289798fac5d0a922056a96753f6c1b3149835ac2c96ce;0x751d3694;0x28d18980L;0.500000;1503079029;1503079029
0;16;8048;0x8980b963ffab36bcd817ade3ff7b3c79451370279eec91b12ad6ef0d588f76e1;0xcef6aac6120a5397e72289798fac5d0a922056a96753f6c1b3149835ac2c96ce;0x751d3694;0x28d18980L;0.500000;1503079029;1503079030
0;16;8048;0x91d5f437d4ce3961e6b3ec0fc0a579cbbab754992a94aa96b4da3e9f46893ed7;0x827c9758f91347a8bcf5e251d73c8da099bb0709f5cf0d9c543c9aa524165098;0x57067d8c;0xd2dd811cL;0.500000;1503079030;1503079030
0;16;8048;0x91d5f437d4ce3961e6b3ec0fc0a579cbbab754992a94aa96b4da3e9f46893ed7;0x827c9758f91347a8bcf5e251d73c8da099bb0709f5cf0d9c543c9aa524165098;0x57067d8c;0xd2dd811cL;0.500000;1503079030;1503079030
0;16;8048;0x91d5f437d4ce3961e6b3ec0fc0a579cbbab754992a94aa96b4da3e9f46893ed7;0x827c9758f91347a8bcf5e251d73c8da099bb0709f5cf0d9c543c9aa524165098;0x57067d8c;0xd2dd811cL;0.500000;1503079030;1503079031
0;16;8048;0x134872d849378d2c3b5cbe41465b204bbbc67a551dd72b78e745b6eae101e1f4;0x01bede8b4f9f4af74a4f843fa7e503c3a3c0903a8756fa272eee611175d5c9cf;0x5562518d;0x21b00570L;0.500000;1503079031;1503079031
0;16;8048;0x134872d849378d2c3b5cbe41465b204bbbc67a551dd72b78e745b6eae101e1f4;0x01bede8b4f9f4af74a4f843fa7e503c3a3c0903a8756fa272eee611175d5c9cf;0x5562518d;0x21b00570L;0.500000;1503079031;1503079031
0;16;8048;0x134872d849378d2c3b5cbe41465b204bbbc67a551dd72b78e745b6eae101e1f4;0x01bede8b4f9f4af74a4f843fa7e503c3a3c0903a8756fa272eee611175d5c9cf;0x5562518d;0x21b00570L;0.500000;1503079031;1503079032
0;16;8048;0x84bf7727548d190e4c77e3353f95754d8860bb88617b3fd809755c8a9763dc1b;0xb594f0cf902bc8054512fbd1d02171b85657a12832a694e0bef3b427069e2444;0xb351e85e;0xd087418L;0.500000;1503079032;1503079032
0;16;8048;0x84bf7727548d190e4c77e3353f95754d8860bb88617b3fd809755c8a9763dc1b;0xb594f0cf902bc8054512fbd1d02171b85657a12832a694e0bef3b427069e2444;0xb351e85e;0xd087418L;0.500000;1503079032;1503079032
0;16;8048;0x84bf7727548d190e4c77e3353f95754d8860bb88617b3fd809755c8a9763dc1b;0xb594f0cf902bc8054512fbd1d02171b85657a12832a694e0bef3b427069e2444;0xb351e85e;0xd087418L;0.500000;1503079032;1503079032
0;16;8048;0x84bf7727548d190e4c77e3353f95754d8860bb88617b3fd809755c8a9763dc1b;0xb594f0cf902bc8054512fbd1d02171b85657a12832a694e0bef3b427069e2444;0xb351e85e;0xd087418L;0.500000;1503079033;1503079033
0;16;8048;0x068f5b7d02a76d5f951c273a891d35b16de087bebbfdddd623af39e71de43f23;0x7d287c4f2473d0b9a6506a0ab9bfbd924e4fa972e88f4859eb40c9000720723f;0xf35e389e;0x27324182L;0.500000;1503079033;1503079033
0;16;8048;0x068f5b7d02a76d5f951c273a891d35b16de087bebbfdddd623af39e71de43f23;0x7d287c4f2473d0b9a6506a0ab9bfbd924e4fa972e88f4859eb40c9000720723f;0xf35e389e;0x27324182L;0.500000;1503079033;1503079033
0;16;8048;0x068f5b7d02a76d5f951c273a891d35b16de087bebbfdddd623af39e71de43f23;0x7d287c4f2473d0b9a6506a0ab9bfbd924e4fa972e88f4859eb40c9000720723f;0xf35e389e;0x27324182L;0.500000;1503079033;1503079034
0;16;8048;0x46d1720686d4fbcd0f24363825bc8d0b1e2c297c4ee67645848fb22fa7d70eed;0xac924f4d86611cf27818f8e14e8fec0854791e67d7445872f3114a2392c43d9e;0x39c31e88;0x955a04c0L;0.500000;1503079034;1503079034
0;16;8048;0x46d1720686d4fbcd0f24363825bc8d0b1e2c297c4ee67645848fb22fa7d70eed;0xac924f4d86611cf27818f8e14e8fec0854791e67d7445872f3114a2392c43d9e;0x39c31e88;0x955a04c0L;0.500000;1503079034;1503079034
