0;16;8048;0x110e8268bf9da5d3ed047f41b0830c69bfbe99897a0bfe73a361144d21c15232;0xe479517f9af704391eb68dc133667056876631ceb083aba7d3330bccd536ef5c;0x98a9ddbc;0xb1f13682L;0.500000;1503163708;1503163708
0;16;8048;0x110e8268bf9da5d3ed047f41b0830c69bfbe99897a0bfe73a361144d21c15232;0xe479517f9af704391eb68dc133667056876631ceb083aba7d3330bccd536ef5c;0x98a9ddbc;0xb1f13682L;0.500000;1503163708;1503163709
0;16;8048;0xdc7ac1ec48e9f73e2fad9d641ee3f23ce0e7265d153f2a4bb60370fe08d7d9e4;0x1aa8d7d2da795efd54e65f6321162864362d21bd4d6a2011929eee1f70a1c125;0x0dd58e89;0xc41980a1L;0.500000;1503163709;1503163709
0;16;8048;0xdc7ac1ec48e9f73e2fad9d641ee3f23ce0e7265d153f2a4bb60370fe08d7d9e4;0x1aa8d7d2da795efd54e65f6321162864362d21bd4d6a2011929eee1f70a1c125;0x0dd58e89;0xc41980a1L;0.500000;1503163709;1503163709
0;16;8048;0xdc7ac1ec48e9f73e2fad9d641ee3f23ce0e7265d153f2a4bb60370fe08d7d9e4;0x1aa8d7d2da795efd54e65f6321162864362d21bd4d6a2011929eee1f70a1c125;0x0dd58e89;0xc41980a1L;0.500000;1503163709;1503163709
0;16;8048;0xdc7ac1ec48e9f73e2fad9d641ee3f23ce0e7265d153f2a4bb60370fe08d7d9e4;0x1aa8d7d2da795efd54e65f6321162864362d21bd4d6a2011929eee1f70a1c125;0x0dd58e89;0xc41980a1L;0.500000;1503163709;1503163710
0;16;8048;0x7fc5ef57b631586e7df163e58fdf7cdc5e69c3391401788b14c73234bc826b3b;0xacb07b5625cddfbca8a5bd8e1f72eb22c77d3aa48c4796020e4925b1e0a69a33;0x288e2a0a;0x2b64451cL;0.500000;1503163710;1503163710
0;16;8048;0x7fc5ef57b631586e7df163e58fdf7cdc5e69c3391401788b14c73234bc826b3b;0xacb07b5625cddfbca8a5bd8e1f72eb22c77d3aa48c4796020e4925b1e0a69a33;0x288e2a0a;0x2b64451cL;0.500000;1503163710;1503163710
0;16;8048;0x7fc5ef57b631586e7df163e58fdf7cdc5e69c3391401788b14c73234bc826b3b;0xacb07b5625cddfbca8a5bd8e1f72eb22c77d3aa48c4796020e4925b1e0a69a33;0x288e2a0a;0x2b64451cL;0.500000;1503163710;1503163710
0;16;8048;0x7fc5ef57b631586e7df163e58fdf7cdc5e69c3391401788b14c73234bc826b3b;0xacb07b5625cddfbca8a5bd8e1f72eb22c77d3aa48c4796020e4925b1e0a69a33;0x288e2a0a;0x2b64451cL;0.500000;1503163710;1503163711
0;16;8048;0x1acfb9e8536c06f6f3d359704e9d4e0244e751999bf613922530ceca1097182a;0x75a7d2da8a6ad08365df878e464ec4ce19f8d198adcbfaf2b9a4afb2db1a504a;0x767d8ee4;0x60ce0ba0L;0.500000;1503163711;1503163711
0;16;8048;0x1acfb9e8536c06f6f3d359704e9d4e0244e751999bf613922530ceca1097182a;0x75a7d2da8a6ad08365df878e464ec4ce19f8d198adcbfaf2b9a4afb2db1a504a;0x767d8ee4;0x60ce0ba0L;0.500000;1503163711;1503163711
0;16;8048;0x1acfb9e8536c06f6f3d359704e9d4e0244e751999bf613922530ceca1097182a;0x75a7d2da8a6ad08365df878e464ec4ce19f8d198adcbfaf2b9a4afb2db1a504a;0x767d8ee4;0x60ce0ba0L;0.500000;1503163711;1503163711
0;16;8048;0x1acfb9e8536c06f6f3d359704e9d4e0244e751999bf613922530ceca1097182a;0x75a7d2da8a6ad08365df878e464ec4ce19f8d198adcbfaf2b9a4afb2db1a504a;0x767d8ee4;0x60ce0ba0L;0.500000;1503163711;1503163712
0;16;8048;0xf91b2d40fbe4ebf459b0ddc61bc2d7be4a429a8c90667780996cdebb44163d3d;0x03eea6864771a25556d78895852fbb6c37557cca146b3852acbf831dacf1c689;0xa78d8bbf;0x74c03025L;0.500000;1503163712;1503163712
0;16;8048;0xf91b2d40fbe4ebf459b0ddc61bc2d7be4a429a8c90667780996cdebb44163d3d;0x03eea6864771a25556d78895852fbb6c37557cca146b3852acbf831dacf1c689;0xa78d8bbf;0x74c03025L;0.500000;1503163712;1503163712
0;16;8048;0xf91b2d40fbe4ebf459b0ddc61bc2d7be4a429a8c90667780996cdebb44163d3d;0x03eea6864771a25556d78895852fbb6c37557cca146b3852acbf831dacf1c689;0xa78d8bbf;0x74c03025L;0.500000;1503163712;1503163712
0;16;8048;0xf91b2d40fbe4ebf459b0ddc61bc2d7be4a429a8c90667780996cdebb44163d3d;0x03eea6864771a25556d78895852fbb6c37557cca146b3852acbf831dacf1c689;0xa78d8bbf;0x74c03025L;0.500000;1503163712;1503163713
0;16;8048;0xf397c2f68187a2df038c80219eab7b89a865b9dd50740950721b47f3cfb454c3;0x9a85dca32a44c63e3aa35fd8b8c7202b250d21b29dae54c147227cb2a1eb3a5b;0xa3e412a3;0x4152780L;0.500000;1503163713;1503163713
0;16;8048;0xf397c2f68187a2df038c80219eab7b89a865b9dd50740950721b47f3cfb454c3;0x9a85dca32a44c63e3aa35fd8b8c7202b250d21b29dae54c147227cb2a1eb3a5b;0xa3e412a3;0x4152780L;0.500000;1503163713;1503163713
