0;16;8048;0x0331324614c0ea7acd131df77651ebaf771b9071f1173b7b0d607ae411349914;0x09e94cea4670a2273d83d816458018515d7b308a5aa95b90af436b2c19506d49;0xdba9ff0f;0x8d070dc0L;0.500000;1503192213;1503192213
0;16;8048;0x0331324614c0ea7acd131df77651ebaf771b9071f1173b7b0d607ae411349914;0x09e94cea4670a2273d83d816458018515d7b308a5aa95b90af436b2c19506d49;0xdba9ff0f;0x8d070dc0L;0.500000;1503192214;1503192214
0;16;8048;0x66bb0d42d0ebbb9f190aba75a34a9b0c8a99343c741b6311a69138fb4ee5a9b4;0xeaa6014ac62a86e868c87247bf06d61b5bf54a6f27685fbd3374cf57b1af40cd;0x21bbdbcf;0x8788480L;0.500000;1503192214;1503192214
0;16;8048;0x66bb0d42d0ebbb9f190aba75a34a9b0c8a99343c741b6311a69138fb4ee5a9b4;0xeaa6014ac62a86e868c87247bf06d61b5bf54a6f27685fbd3374cf57b1af40cd;0x21bbdbcf;0x8788480L;0.500000;1503192214;1503192214
0;16;8048;0x66bb0d42d0ebbb9f190aba75a34a9b0c8a99343c741b6311a69138fb4ee5a9b4;0xeaa6014ac62a86e868c87247bf06d61b5bf54a6f27685fbd3374cf57b1af40cd;0x21bbdbcf;0x8788480L;0.500000;1503192214;1503192214
0;16;8048;0x66bb0d42d0ebbb9f190aba75a34a9b0c8a99343c741b6311a69138fb4ee5a9b4;0xeaa6014ac62a86e868c87247bf06d61b5bf54a6f27685fbd3374cf57b1af40cd;0x21bbdbcf;0x8788480L;0.500000;1503192214;1503192215
0;16;8048;0x67fd592ccf64d05f22eb7a1ece4655731ced426ed8c2f2428f3cfb65be81a125;0x897647b66347f7f8015170879ba2d2c95b517459505cce742ccbb39a6ab60411;0x6916fecd;0x80408818L;0.500000;1503192215;1503192215
0;16;8048;0x67fd592ccf64d05f22eb7a1ece4655731ced426ed8c2f2428f3cfb65be81a125;0x897647b66347f7f8015170879ba2d2c95b517459505cce742ccbb39a6ab60411;0x6916fecd;0x80408818L;0.500000;1503192215;1503192215
0;16;8048;0x67fd592ccf64d05f22eb7a1ece4655731ced426ed8c2f2428f3cfb65be81a125;0x897647b66347f7f8015170879ba2d2c95b517459505cce742ccbb39a6ab60411;0x6916fecd;0x80408818L;0.500000;1503192215;1503192215
0;16;8048;0x67fd592ccf64d05f22eb7a1ece4655731ced426ed8c2f2428f3cfb65be81a125;0x897647b66347f7f8015170879ba2d2c95b517459505cce742ccbb39a6ab60411;0x6916fecd;0x80408818L;0.500000;1503192215;1503192216
0;16;8048;0xb0b66e110f9d08c98294f6bd3e5704fc002c2647258c4821b294aead91141d41;0x1830aa33aab8d12059e232653e657c7cde17f1590ad065f886ba03097792803a;0x0c9044fe;0x2063fce8L;0.500000;1503192216;1503192216
0;16;8048;0xb0b66e110f9d08c98294f6bd3e5704fc002c2647258c4821b294aead91141d41;0x1830aa33aab8d12059e232653e657c7cde17f1590ad065f886ba03097792803a;0x0c9044fe;0x2063fce8L;0.500000;1503192216;1503192216
0;16;8048;0xb0b66e110f9d08c98294f6bd3e5704fc002c2647258c4821b294aead91141d41;0x1830aa33aab8d12059e232653e657c7cde17f1590ad065f886ba03097792803a;0x0c9044fe;0x2063fce8L;0.500000;1503192216;1503192216
0;16;8048;0xb0b66e110f9d08c98294f6bd3e5704fc002c2647258c4821b294aead91141d41;0x1830aa33aab8d12059e232653e657c7cde17f1590ad065f886ba03097792803a;0x0c9044fe;0x2063fce8L;0.500000;1503192216;1503192216
0;16;8048;0x4379b30a0b3e17823beb42848511977918edec8359c5854fdd7eb24c7a1b17bd;0x0660adc16cb19d48ef94eaa9043b3ae8abcb3b9e5210877f5d09444c2a502cdf;0xafc23eb1;0x5808804aL;0.500000;1503192217;1503192217
0;16;8048;0x4379b30a0b3e17823beb42848511977918edec8359c5854fdd7eb24c7a1b17bd;0x0660adc16cb19d48ef94eaa9043b3ae8abcb3b9e5210877f5d09444c2a502cdf;0xafc23eb1;0x5808804aL;0.500000;1503192217;1503192217
0;16;8048;0x4379b30a0b3e17823beb42848511977918edec8359c5854fdd7eb24c7a1b17bd;0x0660adc16cb19d48ef94eaa9043b3ae8abcb3b9e5210877f5d09444c2a502cdf;0xafc23eb1;0x5808804aL;0.500000;1503192217;1503192217
0;16;8048;0x4379b30a0b3e17823beb42848511977918edec8359c5854fdd7eb24c7a1b17bd;0x0660adc16cb19d48ef94eaa9043b3ae8abcb3b9e5210877f5d09444c2a502cdf;0xafc23eb1;0x5808804aL;0.500000;1503192217;1503192218
0;16;8048;0x43312d55b9ef6cb4c813e611cc64663c923dbe8111537fbaf03888573feefb82;0xd8cc464652a42122ffbd77a72adcd0c3b66d4882d232857154bcbabe7468a36b;0xb5cebf0f;0xc858084L;0.500000;1503192218;1503192218
0;16;8048;0x43312d55b9ef6cb4c813e611cc64663c923dbe8111537fbaf03888573feefb82;0xd8cc464652a42122ffbd77a72adcd0c3b66d4882d232857154bcbabe7468a36b;0xb5cebf0f;0xc858084L;0.500000;1503192218;1503192218
