0;16;8048;0x2596a4f4ceda5f7e0be2d59e1d67e64fe8297eeb9c817288d87c67e441834666;0x99a9a89fddd272e291f9049460e09273f2cbcb89aba542b522b02208a7b6a43f;0xc002e906;0x48859729L;0.500000;1503187493;1503187493
0;16;8048;0x2596a4f4ceda5f7e0be2d59e1d67e64fe8297eeb9c817288d87c67e441834666;0x99a9a89fddd272e291f9049460e09273f2cbcb89aba542b522b02208a7b6a43f;0xc002e906;0x48859729L;0.500000;1503187493;1503187494
0;16;8048;0xd94dad96f506a7ac6be09ba3116258ee2b0885488b98264c477f4e1e34c1050e;0xb19c7937ff38b8309e1ed02fa40e3efbd7705a82d96c18b00c0d97f1b9fc5a63;0xb91e95f6;0x12080633L;0.500000;1503187494;1503187494
0;16;8048;0xd94dad96f506a7ac6be09ba3116258ee2b0885488b98264c477f4e1e34c1050e;0xb19c7937ff38b8309e1ed02fa40e3efbd7705a82d96c18b00c0d97f1b9fc5a63;0xb91e95f6;0x12080633L;0.500000;1503187494;1503187494
0;16;8048;0xd94dad96f506a7ac6be09ba3116258ee2b0885488b98264c477f4e1e34c1050e;0xb19c7937ff38b8309e1ed02fa40e3efbd7705a82d96c18b00c0d97f1b9fc5a63;0xb91e95f6;0x12080633L;0.500000;1503187494;1503187494
0;16;8048;0xd94dad96f506a7ac6be09ba3116258ee2b0885488b98264c477f4e1e34c1050e;0xb19c7937ff38b8309e1ed02fa40e3efbd7705a82d96c18b00c0d97f1b9fc5a63;0xb91e95f6;0x12080633L;0.500000;1503187494;1503187495
0;16;8048;0xf12f113f1b0aa6b3e8d291c5c470563236429861bedf1bdf1fd87d99d34ac5c4;0x945204f99af39100a0856b7dd3fbca7d15488a18209f001a27b39b2321a9d3ef;0x0e019bf5;0x806018e0L;0.500000;1503187495;1503187495
0;16;8048;0xf12f113f1b0aa6b3e8d291c5c470563236429861bedf1bdf1fd87d99d34ac5c4;0x945204f99af39100a0856b7dd3fbca7d15488a18209f001a27b39b2321a9d3ef;0x0e019bf5;0x806018e0L;0.500000;1503187495;1503187495
0;16;8048;0xf12f113f1b0aa6b3e8d291c5c470563236429861bedf1bdf1fd87d99d34ac5c4;0x945204f99af39100a0856b7dd3fbca7d15488a18209f001a27b39b2321a9d3ef;0x0e019bf5;0x806018e0L;0.500000;1503187495;1503187495
0;16;8048;0xf12f113f1b0aa6b3e8d291c5c470563236429861bedf1bdf1fd87d99d34ac5c4;0x945204f99af39100a0856b7dd3fbca7d15488a18209f001a27b39b2321a9d3ef;0x0e019bf5;0x806018e0L;0.500000;1503187495;1503187495
0;16;8048;0xf12f113f1b0aa6b3e8d291c5c470563236429861bedf1bdf1fd87d99d34ac5c4;0x945204f99af39100a0856b7dd3fbca7d15488a18209f001a27b39b2321a9d3ef;0x0e019bf5;0x806018e0L;0.500000;1503187496;1503187496
0;16;8048;0x02f668da0a2f90af5f1292ba7ceaf57f02dadc9e4f67a37b57be7e29bf0f67c1;0x4c9c7bac407529f8b5b4815037ecf609286ef4f3f117b56620df341a6b54dd75;0x34359110;0x340ad84aL;0.500000;1503187496;1503187496
0;16;8048;0x02f668da0a2f90af5f1292ba7ceaf57f02dadc9e4f67a37b57be7e29bf0f67c1;0x4c9c7bac407529f8b5b4815037ecf609286ef4f3f117b56620df341a6b54dd75;0x34359110;0x340ad84aL;0.500000;1503187496;1503187496
0;16;8048;0x02f668da0a2f90af5f1292ba7ceaf57f02dadc9e4f67a37b57be7e29bf0f67c1;0x4c9c7bac407529f8b5b4815037ecf609286ef4f3f117b56620df341a6b54dd75;0x34359110;0x340ad84aL;0.500000;1503187496;1503187496
0;16;8048;0x02f668da0a2f90af5f1292ba7ceaf57f02dadc9e4f67a37b57be7e29bf0f67c1;0x4c9c7bac407529f8b5b4815037ecf609286ef4f3f117b56620df341a6b54dd75;0x34359110;0x340ad84aL;0.500000;1503187496;1503187497
0;16;8048;0x069d6f74cd8d56cbec4096fbf116c0daae12d4ce01dfc66caec83614fb4b9502;0xf9fde40a047caf2961c097699cc02e15a6601f8962d79336ce216a64866a99f2;0x1ad8c59c;0xfca06433L;0.500000;1503187497;1503187497
0;16;8048;0x069d6f74cd8d56cbec4096fbf116c0daae12d4ce01dfc66caec83614fb4b9502;0xf9fde40a047caf2961c097699cc02e15a6601f8962d79336ce216a64866a99f2;0x1ad8c59c;0xfca06433L;0.500000;1503187497;1503187497
0;16;8048;0x069d6f74cd8d56cbec4096fbf116c0daae12d4ce01dfc66caec83614fb4b9502;0xf9fde40a047caf2961c097699cc02e15a6601f8962d79336ce216a64866a99f2;0x1ad8c59c;0xfca06433L;0.500000;1503187497;1503187497
0;16;8048;0x069d6f74cd8d56cbec4096fbf116c0daae12d4ce01dfc66caec83614fb4b9502;0xf9fde40a047caf2961c097699cc02e15a6601f8962d79336ce216a64866a99f2;0x1ad8c59c;0xfca06433L;0.500000;1503187497;1503187498
0;16;8048;0xb88a71922309d44f80862551e21d36149fe294d7efea2ac1d60be836e7146ca0;0xb1f1775916ef4625fe14105e752ac864dad367f954668f83be40ba1d2f29cf60;0x57da899b;0x13160a13L;0.500000;1503187498;1503187498
