0;16;8048;0x65eb5b81be49294e8b3f3216b5ce3b9e84aefde995541e017494b25cdb455e40;0xf101889391e79caf62c003a3fba2b155a188efcbdeb7f64960ee5d746eaf9b36;0x85a6b8bd;0x50bd4482L;0.500000;1503224315;1503224315
0;16;8048;0x65eb5b81be49294e8b3f3216b5ce3b9e84aefde995541e017494b25cdb455e40;0xf101889391e79caf62c003a3fba2b155a188efcbdeb7f64960ee5d746eaf9b36;0x85a6b8bd;0x50bd4482L;0.500000;1503224315;1503224315
0;16;8048;0x65eb5b81be49294e8b3f3216b5ce3b9e84aefde995541e017494b25cdb455e40;0xf101889391e79caf62c003a3fba2b155a188efcbdeb7f64960ee5d746eaf9b36;0x85a6b8bd;0x50bd4482L;0.500000;1503224315;1503224316
0;16;8048;0x17cdf6b9e66b684e0cc08c49eaf91503ba9062e2a0a81868ab14556d34a3564b;0xc2010bb174bb59ef23fb22fb2a0b38dc2c2340191f580c04befb2fd620d59d92;0x786d02ee;0x4b931760L;0.500000;1503224316;1503224316
0;16;8048;0x17cdf6b9e66b684e0cc08c49eaf91503ba9062e2a0a81868ab14556d34a3564b;0xc2010bb174bb59ef23fb22fb2a0b38dc2c2340191f580c04befb2fd620d59d92;0x786d02ee;0x4b931760L;0.500000;1503224316;1503224316
0;16;8048;0x17cdf6b9e66b684e0cc08c49eaf91503ba9062e2a0a81868ab14556d34a3564b;0xc2010bb174bb59ef23fb22fb2a0b38dc2c2340191f580c04befb2fd620d59d92;0x786d02ee;0x4b931760L;0.500000;1503224316;1503224316
0;16;8048;0x17cdf6b9e66b684e0cc08c49eaf91503ba9062e2a0a81868ab14556d34a3564b;0xc2010bb174bb59ef23fb22fb2a0b38dc2c2340191f580c04befb2fd620d59d92;0x786d02ee;0x4b931760L;0.500000;1503224316;1503224317
0;16;8048;0x6eaad2d4310f6e656dd81920bb89b0c2c7fa1a54df04dd22bc9de806c578e133;0xa9b6a419a63f6617ff52d268ce6a733f619b3af9df070ca59c0c3f2266a6806a;0xfd6ee0e1;0xd8220a40L;0.500000;1503224317;1503224317
0;16;8048;0x6eaad2d4310f6e656dd81920bb89b0c2c7fa1a54df04dd22bc9de806c578e133;0xa9b6a419a63f6617ff52d268ce6a733f619b3af9df070ca59c0c3f2266a6806a;0xfd6ee0e1;0xd8220a40L;0.500000;1503224317;1503224317
0;16;8048;0x6eaad2d4310f6e656dd81920bb89b0c2c7fa1a54df04dd22bc9de806c578e133;0xa9b6a419a63f6617ff52d268ce6a733f619b3af9df070ca59c0c3f2266a6806a;0xfd6ee0e1;0xd8220a40L;0.500000;1503224317;1503224317
0;16;8048;0x6eaad2d4310f6e656dd81920bb89b0c2c7fa1a54df04dd22bc9de806c578e133;0xa9b6a419a63f6617ff52d268ce6a733f619b3af9df070ca59c0c3f2266a6806a;0xfd6ee0e1;0xd8220a40L;0.500000;1503224317;1503224318
0;16;8048;0xeafb628219ab4f51ff9117ff221ba51b0e4c9251f6a3645ff44096245b11d145;0x9fa0053424b419fc7f2eebf42d1d1f9b9e41cf54f9953d3b9c32b7ce9c906f51;0x0f5b41ce;0x50821808L;0.500000;1503224318;1503224318
0;16;8048;0xeafb628219ab4f51ff9117ff221ba51b0e4c9251f6a3645ff44096245b11d145;0x9fa0053424b419fc7f2eebf42d1d1f9b9e41cf54f9953d3b9c32b7ce9c906f51;0x0f5b41ce;0x50821808L;0.500000;1503224318;1503224318
0;16;8048;0xeafb628219ab4f51ff9117ff221ba51b0e4c9251f6a3645ff44096245b11d145;0x9fa0053424b419fc7f2eebf42d1d1f9b9e41cf54f9953d3b9c32b7ce9c906f51;0x0f5b41ce;0x50821808L;0.500000;1503224318;1503224318
0;16;8048;0xeafb628219ab4f51ff9117ff221ba51b0e4c9251f6a3645ff44096245b11d145;0x9fa0053424b419fc7f2eebf42d1d1f9b9e41cf54f9953d3b9c32b7ce9c906f51;0x0f5b41ce;0x50821808L;0.500000;1503224318;1503224318
0;16;8048;0xeafb628219ab4f51ff9117ff221ba51b0e4c9251f6a3645ff44096245b11d145;0x9fa0053424b419fc7f2eebf42d1d1f9b9e41cf54f9953d3b9c32b7ce9c906f51;0x0f5b41ce;0x50821808L;0.500000;1503224319;1503224319
0;16;8048;0x62862308b0f1821dec92a3aef72a675319923aa71cbea42f5fda163db3d9c915;0xf008b06c491e68621d174b63397b8c8bbad0da564a6d9e87cdf9807081dc4464;0x8c214051;0xe8aca58cL;0.500000;1503224319;1503224319
0;16;8048;0x62862308b0f1821dec92a3aef72a675319923aa71cbea42f5fda163db3d9c915;0xf008b06c491e68621d174b63397b8c8bbad0da564a6d9e87cdf9807081dc4464;0x8c214051;0xe8aca58cL;0.500000;1503224319;1503224319
0;16;8048;0x62862308b0f1821dec92a3aef72a675319923aa71cbea42f5fda163db3d9c915;0xf008b06c491e68621d174b63397b8c8bbad0da564a6d9e87cdf9807081dc4464;0x8c214051;0xe8aca58cL;0.500000;1503224319;1503224319
0;16;8048;0x62862308b0f1821dec92a3aef72a675319923aa71cbea42f5fda163db3d9c915;0xf008b06c491e68621d174b63397b8c8bbad0da564a6d9e87cdf9807081dc4464;0x8c214051;0xe8aca58cL;0.500000;1503224319;1503224320
