0;16;8048;0x78c2162f43f138133c181483c1dff0400d190da6d0433a7beb014b6d12709b8a;0x01e91cdcb5edf678e8345a4ea2b7ac516c5d3417a5f8e0f7a65a1bdcf8eb7bb1;0xd396cbe8;0xd08ab29L;0.500000;1503213625;1503213625
0;16;8048;0xeeb83b964660ef27f07aef784817e1d6583f6ca7bc3ca4b03bbec16fdded59cb;0xff44c648d183e984a76db4f7e1d68b977e6b431a3b8bfe318045abe5ea8be49f;0x263dec87;0xd940a990L;0.500000;1503213625;1503213625
0;16;8048;0xeeb83b964660ef27f07aef784817e1d6583f6ca7bc3ca4b03bbec16fdded59cb;0xff44c648d183e984a76db4f7e1d68b977e6b431a3b8bfe318045abe5ea8be49f;0x263dec87;0xd940a990L;0.500000;1503213625;1503213625
0;16;8048;0xeeb83b964660ef27f07aef784817e1d6583f6ca7bc3ca4b03bbec16fdded59cb;0xff44c648d183e984a76db4f7e1d68b977e6b431a3b8bfe318045abe5ea8be49f;0x263dec87;0xd940a990L;0.500000;1503213625;1503213625
0;16;8048;0xeeb83b964660ef27f07aef784817e1d6583f6ca7bc3ca4b03bbec16fdded59cb;0xff44c648d183e984a76db4f7e1d68b977e6b431a3b8bfe318045abe5ea8be49f;0x263dec87;0xd940a990L;0.500000;1503213625;1503213626
0;16;8048;0xe99fcdc69aa7db264ebe7361be9db831a8e75029b792f761a3236f04eef874d7;0x8f2b644a6b6069c53f68f8332e17d78fb5d5e75a6fdd83d20c874a856ed57bf9;0x4aa977e3;0x15c04e0L;0.500000;1503213626;1503213626
0;16;8048;0xe99fcdc69aa7db264ebe7361be9db831a8e75029b792f761a3236f04eef874d7;0x8f2b644a6b6069c53f68f8332e17d78fb5d5e75a6fdd83d20c874a856ed57bf9;0x4aa977e3;0x15c04e0L;0.500000;1503213626;1503213626
0;16;8048;0xe99fcdc69aa7db264ebe7361be9db831a8e75029b792f761a3236f04eef874d7;0x8f2b644a6b6069c53f68f8332e17d78fb5d5e75a6fdd83d20c874a856ed57bf9;0x4aa977e3;0x15c04e0L;0.500000;1503213626;1503213626
0;16;8048;0xe99fcdc69aa7db264ebe7361be9db831a8e75029b792f761a3236f04eef874d7;0x8f2b644a6b6069c53f68f8332e17d78fb5d5e75a6fdd83d20c874a856ed57bf9;0x4aa977e3;0x15c04e0L;0.500000;1503213626;1503213627
0;16;8048;0x4cc096ef93feda53f7c3d962944bcef55b696e8aec6c7cb716ff6177bcbeb308;0x84afb9a2e19ba03765442af9edc62ee0cde04d9ae922858fd32f2f0b3d3641aa;0x83388926;0x1e088008L;0.500000;1503213627;1503213627
0;16;8048;0x4cc096ef93feda53f7c3d962944bcef55b696e8aec6c7cb716ff6177bcbeb308;0x84afb9a2e19ba03765442af9edc62ee0cde04d9ae922858fd32f2f0b3d3641aa;0x83388926;0x1e088008L;0.500000;1503213627;1503213627
0;16;8048;0x4cc096ef93feda53f7c3d962944bcef55b696e8aec6c7cb716ff6177bcbeb308;0x84afb9a2e19ba03765442af9edc62ee0cde04d9ae922858fd32f2f0b3d3641aa;0x83388926;0x1e088008L;0.500000;1503213627;1503213627
0;16;8048;0x4cc096ef93feda53f7c3d962944bcef55b696e8aec6c7cb716ff6177bcbeb308;0x84afb9a2e19ba03765442af9edc62ee0cde04d9ae922858fd32f2f0b3d3641aa;0x83388926;0x1e088008L;0.500000;1503213627;1503213628
0;16;8048;0xae81fa4a6b4e293e382919393a412a47d8d1d383a411b0ce5e73c1a2d5526d83;0x5d7c80a4114ef6d6c97d5abb0ca1e9d0259cf03c45eb1b172d1bc9358605f98a;0x0f862083;0x3bd10415L;0.500000;1503213628;1503213628
0;16;8048;0xae81fa4a6b4e293e382919393a412a47d8d1d383a411b0ce5e73c1a2d5526d83;0x5d7c80a4114ef6d6c97d5abb0ca1e9d0259cf03c45eb1b172d1bc9358605f98a;0x0f862083;0x3bd10415L;0.500000;1503213628;1503213628
0;16;8048;0xae81fa4a6b4e293e382919393a412a47d8d1d383a411b0ce5e73c1a2d5526d83;0x5d7c80a4114ef6d6c97d5abb0ca1e9d0259cf03c45eb1b172d1bc9358605f98a;0x0f862083;0x3bd10415L;0.500000;1503213628;1503213628
0;16;8048;0xae81fa4a6b4e293e382919393a412a47d8d1d383a411b0ce5e73c1a2d5526d83;0x5d7c80a4114ef6d6c97d5abb0ca1e9d0259cf03c45eb1b172d1bc9358605f98a;0x0f862083;0x3bd10415L;0.500000;1503213628;1503213628
0;16;8048;0xae81fa4a6b4e293e382919393a412a47d8d1d383a411b0ce5e73c1a2d5526d83;0x5d7c80a4114ef6d6c97d5abb0ca1e9d0259cf03c45eb1b172d1bc9358605f98a;0x0f862083;0x3bd10415L;0.500000;1503213629;1503213629
0;16;8048;0x24a9928a3dd98c87051ed4c09feadb0f4edb94d70806394bdd08b19b80f36ca4;0xa676119a6a448c8c770fa163d363515675149476fd2adf0d5f5d8d7af26afc45;0x918f94e2;0x88ada08L;0.500000;1503213629;1503213629
0;16;8048;0x24a9928a3dd98c87051ed4c09feadb0f4edb94d70806394bdd08b19b80f36ca4;0xa676119a6a448c8c770fa163d363515675149476fd2adf0d5f5d8d7af26afc45;0x918f94e2;0x88ada08L;0.500000;1503213629;1503213629
