0;16;8048;0x59026fe7b53bb3c2524e3a90d8af7b3f3b4c703d12a6cc867a1c7e86ffa09158;0x352df0118411f5cbbc131294ea10756ffea10c6625bbbb96d5d8db9eca4429c0;0x7a6b9865;0x8b34184L;0.500000;1503211261;1503211262
0;16;8048;0x3ef17f86b3018be69d09128bc95df3958d0e81b7024208b0530139c53695f575;0x6e95b2ce94d95d0260414c92d67925c1df3aa45181edce14228b31352a749c17;0x5ebd860d;0xfb098080L;0.500000;1503211262;1503211262
0;16;8048;0x3ef17f86b3018be69d09128bc95df3958d0e81b7024208b0530139c53695f575;0x6e95b2ce94d95d0260414c92d67925c1df3aa45181edce14228b31352a749c17;0x5ebd860d;0xfb098080L;0.500000;1503211262;1503211262
0;16;8048;0x3ef17f86b3018be69d09128bc95df3958d0e81b7024208b0530139c53695f575;0x6e95b2ce94d95d0260414c92d67925c1df3aa45181edce14228b31352a749c17;0x5ebd860d;0xfb098080L;0.500000;1503211262;1503211262
0;16;8048;0x3ef17f86b3018be69d09128bc95df3958d0e81b7024208b0530139c53695f575;0x6e95b2ce94d95d0260414c92d67925c1df3aa45181edce14228b31352a749c17;0x5ebd860d;0xfb098080L;0.500000;1503211262;1503211262
0;16;8048;0x3ef17f86b3018be69d09128bc95df3958d0e81b7024208b0530139c53695f575;0x6e95b2ce94d95d0260414c92d67925c1df3aa45181edce14228b31352a749c17;0x5ebd860d;0xfb098080L;0.500000;1503211262;1503211263
0;16;8048;0x8a21053dc01228451f4ce7216e2f61a225ef90eb00167c80b69e1644d82cfe62;0xf242f248f802c8049372d1e1677f87d102e8d9a600aa10008e9e4eb4489837f6;0xf087ab1a;0x383624a5L;0.500000;1503211263;1503211263
0;16;8048;0x8a21053dc01228451f4ce7216e2f61a225ef90eb00167c80b69e1644d82cfe62;0xf242f248f802c8049372d1e1677f87d102e8d9a600aa10008e9e4eb4489837f6;0xf087ab1a;0x383624a5L;0.500000;1503211263;1503211263
0;16;8048;0x8a21053dc01228451f4ce7216e2f61a225ef90eb00167c80b69e1644d82cfe62;0xf242f248f802c8049372d1e1677f87d102e8d9a600aa10008e9e4eb4489837f6;0xf087ab1a;0x383624a5L;0.500000;1503211263;1503211263
0;16;8048;0x8a21053dc01228451f4ce7216e2f61a225ef90eb00167c80b69e1644d82cfe62;0xf242f248f802c8049372d1e1677f87d102e8d9a600aa10008e9e4eb4489837f6;0xf087ab1a;0x383624a5L;0.500000;1503211263;1503211264
0;16;8048;0x111511a602f4faf7888b6ea276cda28c370c2dfe367b0254d8a730985d58e56e;0x21d2cb44291a7b80ff7c473d0ff57c5cd7bc60a41fbe2d959c10c6c25c46d400;0x1881fec3;0x5582b613L;0.500000;1503211264;1503211264
0;16;8048;0x111511a602f4faf7888b6ea276cda28c370c2dfe367b0254d8a730985d58e56e;0x21d2cb44291a7b80ff7c473d0ff57c5cd7bc60a41fbe2d959c10c6c25c46d400;0x1881fec3;0x5582b613L;0.500000;1503211264;1503211264
0;16;8048;0x111511a602f4faf7888b6ea276cda28c370c2dfe367b0254d8a730985d58e56e;0x21d2cb44291a7b80ff7c473d0ff57c5cd7bc60a41fbe2d959c10c6c25c46d400;0x1881fec3;0x5582b613L;0.500000;1503211264;1503211264
0;16;8048;0x111511a602f4faf7888b6ea276cda28c370c2dfe367b0254d8a730985d58e56e;0x21d2cb44291a7b80ff7c473d0ff57c5cd7bc60a41fbe2d959c10c6c25c46d400;0x1881fec3;0x5582b613L;0.500000;1503211264;1503211264
0;16;8048;0x111511a602f4faf7888b6ea276cda28c370c2dfe367b0254d8a730985d58e56e;0x21d2cb44291a7b80ff7c473d0ff57c5cd7bc60a41fbe2d959c10c6c25c46d400;0x1881fec3;0x5582b613L;0.500000;1503211264;1503211265
0;16;8048;0x325c56dbb5f89d4097e5cf633a53ec42fc01ffdbc36754f84945dd78570c588a;0x4ed9d1cad95023465b3665674c18985c4cc7c72aea17ec8bab53afe0d85f7231;0x359aa155;0xa056433L;0.500000;1503211265;1503211265
0;16;8048;0x325c56dbb5f89d4097e5cf633a53ec42fc01ffdbc36754f84945dd78570c588a;0x4ed9d1cad95023465b3665674c18985c4cc7c72aea17ec8bab53afe0d85f7231;0x359aa155;0xa056433L;0.500000;1503211265;1503211265
0;16;8048;0x325c56dbb5f89d4097e5cf633a53ec42fc01ffdbc36754f84945dd78570c588a;0x4ed9d1cad95023465b3665674c18985c4cc7c72aea17ec8bab53afe0d85f7231;0x359aa155;0xa056433L;0.500000;1503211265;1503211265
0;16;8048;0x325c56dbb5f89d4097e5cf633a53ec42fc01ffdbc36754f84945dd78570c588a;0x4ed9d1cad95023465b3665674c18985c4cc7c72aea17ec8bab53afe0d85f7231;0x359aa155;0xa056433L;0.500000;1503211265;1503211266
0;16;8048;0xf4a102f1cd99b3ee2efd3a16015aac8e4793ba84608529253499ae07e3032fd7;0x6b570514eb8a48f4eb68158fb5a380a43b4cbca600ed40bf807d5c608a2fb3da;0xf7ab2cd0;0xe4588036L;0.500000;1503211266;1503211266
