1;2048;8048;0xe050e228895c68b29c3e2f8fb38efbdd2b28d6d6398dda959a6f83bbe4fd28c4;0x270a4e7d9fe621deaa7168b0c80916a2b9fc450b69610f271ccc0571bdfd47da;0x9f99c825;0x69610f27L;0.500000;1503154327;1503154332
1;2048;8048;0x1921c5642c4e866cde4df386a93e39be49b1aa4682c181330895e2068ca3aea5;0x5e7c73632f71c8ee26378d7b3720775c73166dc1e519d4bb4516e3caaafdfb17;0x896dccfd;0xe519d4bbL;0.500000;1503154333;1503154338
1;2048;8048;0xd20c1d8b04b31843a3be3b1f0757c7616a7be1ec205233e4cd3552e9c0d54b92;0xf42ea656747d18b039b24f7db85ee5f02ca3d6bccb990fc63ed1b2479785540f;0x6bbcefa4;0xcb990fc6L;0.500000;1503154339;1503154344
1;2048;8048;0x844606135a01440707fdfd658f114a5245908d01a2ec231efec6180fefeebc73;0xba0126b6cc0734791e9a13262fedc602ea040def0f2fc87c3068184e56b9aea5;0xb4039dec;0xf2fc87cL;0.500000;1503154344;1503154350
1;2048;8048;0xd19637d12915e92283b5922cb162175d670f204943d3a2d6e4d060a3d86b4fa9;0x3127c3e440c78e8621c310940e2fdc1799780dd81ae8383a47f6af509fdb223b;0xa6c41f65;0x1ae8383aL;0.500000;1503154350;1503154356
0;2048;8048;0xd66bcfeade911675ff865d83ec97548e0daf6d74382435a945874734a35ae879;0x2446a7fd6eab1c4a0425608fd1ada8d1ebc6b922a6001110d05ddcccf5625b43;0x36b4d3ed;0x40211110L;0.500000;1503154356;1503154362
1;2048;8048;0x140afdda3ddcc51a71c897d6608c5c3648ffa78fc1e7ed389eee410e79025a8d;0xf3d8aedc01a462b82e9e5e0f51a3e89e1e1ae658494d46addbd2e2be85684050;0x37c33b60;0x494d46adL;0.500000;1503154362;1503154368
1;2048;8048;0x2b3f1f70d4f5b97447171db6308819cd5a4f66d53928265520b1320c58141183;0xac43885ebf871a89e2ba9321c89f0ee2f679a5f24d6ec0b66ee5d6655025d67d;0x28f2a9a4;0x4d6ec0b6L;0.500000;1503154369;1503154374
1;2048;8048;0x01ce3a08d3a9d175aeccf9cbb55f0a0dbda3fae7221d35903d1529e782ca1983;0x8f4b25bde609bdd7f82ecb9de945c30d291412e66b20ff48019ad0a72510f4e9;0xdf8df89f;0x6b20ff48L;0.500000;1503154375;1503154380
1;2048;8048;0xea21f0ba00d483c0f2ee00161f2639a5af633c9bee6bdaa25132450173c59e5d;0x1743daa44211164777e5905dc1594797be6cd6a7f88d1e9da355df17a095dcbd;0x18a25909;0xf88d1e9dL;0.500000;1503154380;1503154386
1;2048;8048;0xb63b6b58ece1f911341426af165dc8a130fc12f18bbc1b15b8a0650fcef55284;0xd70c73661e1072266749e69c9e6b530e2e9480fce776e49ece4c4228cfc84d01;0x9e2f3db9;0xe776e49eL;0.500000;1503154386;1503154392
1;2048;8048;0xcbc0645125b30340be9687b9ddd6a612d8349993a0367862eba8bb413b2f3306;0x15f2fedfead06735585e4ee077b1f09858a9a207e15aec25a49bffb579207d45;0xa91e5aa2;0xe15aec25L;0.500000;1503154392;1503154398
0;2048;8048;0xf0e47ae9fc5ed1e8e4284fad8bfd8e91094520090ec5d16c1b415875817bc772;0xdd2ad0ea21950a55bc0f2861af0bc7c2c9f20d21d7d0162028739ab17b81f669;0x79f62342;0x8850a41L;0.500000;1503154398;1503154404
1;2048;8048;0x042ff2570d48a898fa857ee6f84b08521ae72b8eb127c81558a0f75c74742b78;0x9ef076a9f189e9fbb3a197aa84f96b50990168e34b06add934b79095fb760e3f;0x7e5a4aee;0x4b06add9L;0.500000;1503154404;1503154409
1;2048;8048;0x7d6456aee394c7e1bc2b5b1f2982305c26a42da138e42fbd420ce28394a9be12;0xbf68715f66e800a7f62d5f365aa03c12764cdf7f4ed4460f537ca2da269a8911;0xe4f16495;0x4ed4460fL;0.500000;1503154410;1503154416
1;2048;8048;0x54753d62dc3d5456e41fca52af493d484e5303e2574b5354e4a175475a0382af;0x51ed01c29545dec4b7dd23e77c8943790440f482b0e0c9dc1aaeeb631fedd5d7;0x35929c1e;0xb0e0c9dcL;0.500000;1503154416;1503154422
1;2048;8048;0xa62f2b1eec0ed186f8bd5e88bbd03c4c81b43c76d2460247976981128d9cf033;0x9bb1f95c2097b562fa08da522f4f9761451016c5d1ace01dfd3f0f429e90c1a2;0x20017b3c;0xd1ace01dL;0.500000;1503154422;1503154427
1;2048;8048;0x5de8a5d733de1612b9685486d4e61e80ed9ebe8bfd93d6c8f1c3939f3e33a89b;0x5818bce82e9b39a2c6a10e4aa0611724e1ed68c0fa5c2235773fd79d20a83306;0x46c10239;0xfa5c2235L;0.500000;1503154428;1503154433
1;2048;8048;0xc06ba318dafdd3444323e5a73ce69839a7c6eb8d7c04a2942b009828a3d52163;0xb87e799687f822e6eec9d4e5045e3e98704583981999459751604bcfe6b12448;0x6a6b703d;0x19994597L;0.500000;1503154434;1503154439
1;2048;8048;0x9e6b5c113823a01c9a265b58c822b883384b78a5d3e7ea38e0afad1f670d4806;0xea5cfa93e2f2665a786dea4aecd55dcc20e410fd9339dde66be01aaedb0ff5d1;0x01ea32a0;0x9339dde6L;0.500000;1503154440;1503154445
