1;2048;8048;0x3a3d7be1b45abbb13911d784c549bd06e10d8607d27ea2adaa199691882ae0c2;0xae89c1fbf209014be536faf8cb26d869f7cfb2464e21dacaf7b6d8c396f660c2;0xd48b4f61;0x4e21dacaL;0.500000;1503188790;1503188796
1;2048;8048;0x9c72ad1364e35b31c32f7f9b18dcfe5ec7388a1c96c312c00736b755f8b35c95;0x49ad738833c5c53837d1fd56d524bfde7c7b1285a4fa2109a7732223cf3673b7;0x3211e508;0xa4fa2109L;0.500000;1503188796;1503188802
1;2048;8048;0xef76d8891c9db50b19a99f013cfd40d4fdafe021dd05658d3e0a1adb5f4d4c4e;0xa3b2f8cab7065b51d08557233ed8ee1494469974ca625f1bdd2ed9b17694384c;0x6217ea71;0xca625f1bL;0.500000;1503188802;1503188808
0;2048;8048;0x2137bf6d37b47026423e2e7b8a854a1fc4a976846557e241bd72a27c0d1b642e;0xb6bed0f5ad5b6f7f674e61ddeca34c929a4077e4d9680b28af570e764a0675e4;0x98a96c4a;0xffffffffL;0.500000;1503188808;1503188814
1;2048;8048;0xeba1d99bb9b4def69eb950c8d2b4a21bf72af32d18e8c0e6461874d258c43c43;0x81e99f05db8434b3c0f09a701a10ad144577c3f4a1477c2e3a69d3af07473e53;0x999d49ef;0xa1477c2eL;0.500000;1503188814;1503188820
1;2048;8048;0x891f2dc40399228bc71780a42a9fcd7d0d4f78a695acd08052b9bb74a0bd4d29;0xe843eacce3f615329365a5ca3bfc28e271d1a0c339552b441ec1c9682cf6e632;0xac4b9c41;0x39552b44L;0.500000;1503188820;1503188826
1;2048;8048;0x952002b521f0fce3e6dcc842ab484f1efac57f03516a91e82515d8106dd59102;0x14f0f885de9dc29c380e4a00c588cd9806d3ed8d99e42ad8163c9d3cce03105b;0x0dc6cbf3;0x99e42ad8L;0.500000;1503188827;1503188832
1;2048;8048;0xbd51c60cc074919b81045587434bff21a976e97902142b84cca5600e55610412;0xd129874e28c5344b83ea6e9ab39b847cda916ef7dc6f4574629751a250db71a1;0xd4936328;0xdc6f4574L;0.500000;1503188833;1503188838
1;2048;8048;0xbac2e37c08bc34619cabbaa6e8de63522edfd99abd50e5e63697eb4656c3fd10;0xa9106d87788378c240e7478ea85b836d33434e67e4a2cba95396a7a244f1f378;0xd99f657a;0xe4a2cba9L;0.500000;1503188839;1503188844
0;2048;8048;0xee87e089f9ae513ff4fd6abd2e0dff725981e58f5849b114e29f3eeae425c9d2;0x659633616a33885331ee362a9a88a7ac968278f2f978bb00a65661ee92d9a927;0x1aecb2b2;0xa2515102L;0.500000;1503188845;1503188850
1;2048;8048;0x0e399e63443c999711645edf800888a82ebbc2fce557a635a76f5d5ddef847ec;0xd96a1afb447ed475f2d707a05929dc1cad54fb3fbb531f8ea487ae6726bd931e;0x465848a9;0xbb531f8eL;0.500000;1503188851;1503188856
1;2048;8048;0xa130a8e592cf5265c2b51e7107dfb8c8874d00eeb7f5e4581658d7a1e1341882;0x7f57f40d250fda5fa4f42536705f1035238b6c19c3e7064b18f29cf8cb1040c7;0x4baa5594;0xc3e7064bL;0.500000;1503188857;1503188862
1;2048;8048;0x15be0c6e625a05b53d3d1dda8c127e991ce6d8310e99d0eed387e4fd804ef496;0xab0bf136cca9cfa1587b654e6a719be1495f736566962aea42cb65fa036b8753;0xdec1c26c;0x66962aeaL;0.500000;1503188863;1503188868
1;2048;8048;0x3ab4081882c53a8f73a683e9d00143a10c83c785d91fd5c665f79bdfc041c4fa;0x8e45a762d231dc73d1f788a19713fdd74d0bcd3115c4619a5fd3d988f038b533;0x318e4d4e;0x15c4619aL;0.500000;1503188869;1503188874
1;2048;8048;0x1cc75d4cc5ed83c03d3a5f29b67aa6e0f9a3091f2df4fe1411cedfe046dbcc62;0x52faf5be3d94826053fbb420ecf1e276c805e152dd50535e5af7519af76130b2;0x78677081;0xdd50535eL;0.500000;1503188875;1503188880
1;2048;8048;0xd7d4a4638e4167f3e0fb0dc9d081c943f1bc2c816687b079d29769c40ab791e1;0x57cb21d0ce94f7d6318362b0ce55c58efae2ecbc8798a4f8f900485f11b60b02;0xecc36927;0x8798a4f8L;0.500000;1503188881;1503188886
1;2048;8048;0x418a5f4815250ffab21e19bfc013adc690bb3613dfd99883ae34a10e4b61328c;0x05f8ab1eedb0d3da3a0b4ea0c9c850c0bc87b7d9b367765ccc46584cd1bcc79a;0xe2acd885;0xb367765cL;0.500000;1503188887;1503188892
1;2048;8048;0xf680796bae71dfe2a4ea0a52ceff0b867aa2a2bde4871e8e4ebe4ae5f7d1daed;0xbfd6765815657500454855fd8e5d81ca33be75c5c8965224a7f6bbc620875805;0x5b3ace23;0xc8965224L;0.500000;1503188893;1503188898
1;2048;8048;0x048f46f77d45165acf031402785c126362ec79b49c7e341233bd0de76535d569;0xe8c0ed12ede62c1d7d8a7fbaee7d45bab9b7d8bdec1d9f266f24f072384c44ba;0xa3a9e3fd;0xec1d9f26L;0.500000;1503188899;1503188904
1;2048;8048;0xf3bcbfc7943b2307e070c5db5bb9a9086aaf59374d9d55a2b529a1b186fe3b79;0x1353a018cd5a3deafc8720d7ece60e81d407358bec36847729c8a87d91b57df8;0x5fbe93e1;0xec368477L;0.500000;1503188904;1503188910
