1;2048;8048;0x58d80ca8a7b90fec0f4882e836e21492c577197a1c6827f1de06463ccae74122;0xceae4d45ab09e6d3ef9d87a95643a46bbfb2be45e124845353895a3bb1099f1d;0xdbd3b1a1;0xe1248453L;0.500000;1503198331;1503198335
1;2048;8048;0x8536396caf2242bdabcfe6ddea1c925632f6055aea863f6f0d38a6872ea5a8b3;0x674c2c9d678e597825088af5562cc0a47a65d39b0a838b56a11cd1aad3f13cf5;0xce040608;0xa838b56L;0.500000;1503198336;1503198341
1;2048;8048;0xf5ab3fb92936567ea70289bf2e88321185db0fd435ec2bf7789f9009e28e00d8;0xd27fd41afdc1b6a66e2c1cfc25e593a9fa45d3ccc30206b4c7713640d760e80d;0x49baf7b1;0xc30206b4L;0.500000;1503198341;1503198346
1;2048;8048;0x2cc0bce71b08e0f1bdcad29529751a4f16dca061534a76dd997cefc66a7dbb96;0x304c8144d711e032b0c69ab70d1b615804cd27d33b02a90ad82ca0cfdc5c02fb;0xc7e7185a;0x3b02a90aL;0.500000;1503198347;1503198352
1;2048;8048;0xf97b7d81646d32cf62b1ec031f803973fffa86d4829a3115439118fbe2129cdb;0xea61e2e244040f35d145279568e340c9a135591443133b1ba591f28002d44c9e;0x35acb165;0x43133b1bL;0.500000;1503198352;1503198357
1;2048;8048;0x72b6edfbb9799ccb9b088f249ead7f15624112e5c56ae81a927047a71478a987;0x222f23ea203a6983abb30b46fbeeebeacd052bcc0218976df86dea2c0d13a846;0x483eedb6;0x218976dL;0.500000;1503198357;1503198362
1;2048;8048;0x99a532a24c70b6f45b4712dcc026695770f95fa5e962253f9c078650a391673c;0x6e8b122f2cfe784c584350a39e1e37e39173b988fb47964e1d24ffee30258187;0xba82ac66;0xfb47964eL;0.500000;1503198363;1503198368
1;2048;8048;0xa88f6edaca0666b8d62ee7d2b8fd76b950197e84d4cee3d746c1ceab532cd3fb;0x053b1985eb877fbe98caa4fd35422a2c3dd2d44bb8e76dc8adee3bcfd17e85fa;0x19f1f9f3;0xb8e76dc8L;0.500000;1503198368;1503198373
0;2048;8048;0x374b6d3265d4abc9a01802a9fcc949d0a2af143c585a75e6fabc6c71b7257bee;0xf0743b86a7f4b873d94db2e549c09dd1ef27a3f1d1d2fc0851f85e4e92c83073;0xd17ddea5;0xa88914a9L;0.500000;1503198373;1503198378
1;2048;8048;0x3d0d6e467402eefecd1f079488ffc7bc6ef1ee29a51fbb6f23e64bd049bde487;0xa764bd14fe9591ead7f37e14ac796773d92293be6076ba9393d3500a509b7e5f;0xf40ff1f9;0x6076ba93L;0.500000;1503198379;1503198384
1;2048;8048;0x6c95db55c184ac80107d7e2576bf78ebe8a13b8dca99aac199f14bebb7ed2f23;0x88dae82d92d5353da2d5e9dda1c62d8a71aa071b3bcd1ff5d3d2416be982220d;0x3b8fa9fa;0x3bcd1ff5L;0.500000;1503198384;1503198389
1;2048;8048;0x5504cd50f26b6d21d798a0297295818ac71541f18e389cf1f7047940a2c0c6f7;0x208566f9431f4411c593d19dd8e4b567764210f4c8ff64cd7603e99c41e1f618;0xb30fc9b6;0xc8ff64cdL;0.500000;1503198390;1503198395
1;2048;8048;0x1a9903a657a7d42141fde06125a6616b2ae6383a05274273d59391a30108311c;0x74f7601b208c0d21761e4a8c852143202163293985ad52821a7cee5dd935332d;0xa932655a;0x85ad5282L;0.500000;1503198395;1503198400
1;2048;8048;0x181f5a111171276d303e881d85bc857efe0d1571102b13c6813597d96b74ec83;0x86d819a2e4fd76de9dc7ea740d5c4ad3aeede7702fed86493c5d6021c4edc96f;0xa0d351be;0x2fed8649L;0.500000;1503198401;1503198406
1;2048;8048;0x70d59344c282fd4e395f58e69e50e20566489b1eaf1bb23b67dfbf2df2ea4962;0x50e1831a4e9e4d5557f1d26dd3e1ce636d3a770a89af3124ce9897bdc90b015a;0xed02ae4b;0x89af3124L;0.500000;1503198406;1503198411
1;2048;8048;0x30abc997a781269c34679f1e0a2793247d5d63e0811958d508b9152c30568060;0x1ad5b29d5d4da952b9ecf4037e18fd9d880fad2ffc535a8e5024d9ea5385c963;0x8a3afa4e;0xfc535a8eL;0.500000;1503198411;1503198416
1;2048;8048;0x0874843972d6cf375bbaf060e52f95992873fcd851fe448a03c98ba651a11759;0xd0f57181e197e35e0319ef4d30ad28643897f9af87070c57a57d5503d04ca99f;0x5b3f7fc3;0x87070c57L;0.500000;1503198417;1503198421
1;2048;8048;0xee58ccb0f5cb7b5cf55eb34c9aa940f193a323bedbb10f8db5368b7bb776a4a5;0xd588b93f11e704867af21b1a9a3bb40c1ab936b9c12c201873355466fe1b2416;0x11a4a37d;0xc12c2018L;0.500000;1503198422;1503198427
1;2048;8048;0x58de19285b532f2fdc21bd08f6f0e7d722a782efa7408811e38b67cd7ef419d6;0xf71eae9653d1e216c1f0ffb9a7db5ae84170458fff754a56c8318bd82172eb38;0x623e0de4;0xff754a56L;0.500000;1503198428;1503198432
1;2048;8048;0x0328a0fbd90a04224f2b56c9bbd04380a57ff3a81af30edaa765c3bad7892bdb;0x58040d5233908a4a3a572b6d57e83cd7221c05f731f75dfca534969b7bba06d0;0xcfe7966a;0x31f75dfcL;0.500000;1503198433;1503198438
