1;2048;8048;0xbea714ad7eb9c709bbe46eb69f5bb56b657ebcc3d88f2ec3328c049207f1fec5;0x63bae8f7fe59e210aea2da4e6feaed205d5b9dad0844043fe362eada2a19da2f;0xc41483f1;0x844043fL;0.500000;1503249354;1503249360
1;2048;8048;0xc8612e776ae3b0d8536d0145e435a1f94628cd7de150770984f7e92b991b6c61;0x882d64f9efc94a4739c7b003300946e78c0ad8d502a999eaf1252efc6152fe37;0x5ef8adb5;0x2a999eaL;0.500000;1503249361;1503249366
0;2048;8048;0x634be5fcfed7dc2cfec7b45aed9ea2e0f32dd9da89043ae634c230609b6f1efe;0x75d3eadfafeee304884242faab75c461674d44fe313457c3f840134e59ec5c49;0x166e872b;0xffffffffL;0.500000;1503249367;1503249372
1;2048;8048;0x4ccb912479bca40f74f5eabce9337de94c4006c9b7595dd2893537efc8aeea14;0xe2db0a9b055ca157c6c11ebd2146c2865df10e7a41bd27a6e6f3932d570a3558;0x5c03434d;0x41bd27a6L;0.500000;1503249372;1503249378
1;2048;8048;0xcb41a367bfff04c1c96fd3fd59b5f5f6c1a86603e21f73ed30d88a9d4a1c4516;0x58987f7515bcc11f430bba3454ef7217353026857f77c045940c7d496c17167a;0xc03ec363;0x7f77c045L;0.500000;1503249378;1503249384
1;2048;8048;0x75fe56ab0f82992fd0973013f0daf9516da33f330460118a2bbecc8e8ee78d03;0x15a985956edb50cc107539ebc0c3cda399087ce12d45f54f2a913e3ffac39d61;0x0748b388;0x2d45f54fL;0.500000;1503249384;1503249390
1;2048;8048;0xcb30fa06fe657af19ee88b6790eabc5f8cb1eb7d9dd628a6e09a47c4172ea5e3;0x1845171a821baf97e8ef065bc270c552b8a41cc873237c392116b1f430a2ac7d;0x8e5b79fd;0x73237c39L;0.500000;1503249390;1503249396
1;2048;8048;0x2d3a5df2d9b2d796edc3c91e1c4aa211a2cbb714ba1f45677873ba981bd85948;0xf8b163db9d9358d2a60ef0df9da5927b9fbaf2dcc18309b13fa5f626e307fbaf;0xbbada2d3;0xc18309b1L;0.500000;1503249396;1503249402
1;2048;8048;0x2fd84fea8a52fe49f5542676ec54eef11bcb78cab6b2a73a23d75b78208a9850;0xa861524ce4a99c4d7a19e9bc017c4114b20073975226b9d4b045a2363531d870;0xb60943d5;0x5226b9d4L;0.500000;1503249402;1503249408
1;2048;8048;0xddb700aa62cd2da8634a3e61363c67340b1b036282f21e6d5c41e2596422bb41;0xf3a31f10d798172c423f4724a392827ae816870a8d7e86b5c8b1c8e6e0dc5250;0x6ddd2e84;0x8d7e86b5L;0.500000;1503249408;1503249414
0;2048;8048;0x2a73e5f3c988219452c5752e2607cba8ed944f584a69f834f6a316e7cab1f7f5;0x1343b8285b6a04fb255e86a3f369a8e2f6839eb7fd242a905f898d7f25129a97;0xad905bf9;0x35d21025L;0.500000;1503249414;1503249420
0;2048;8048;0xe2daba3bbcdea099f69a41e381f77fa34ef27b0923078c7a4d78a567b6534098;0x7637384f4b876bf8d7e774dfea82cd71a2eb1e16cf3ff6d4890385b45e1cfa73;0x19a3bc09;0xffffffffL;0.500000;1503249420;1503249426
1;2048;8048;0xbbd36b617701cf013227cf0d6b1ff1efb9b9a0d230fce9939c26b545384e93f4;0x717a7d9a0646446df66a3c9d427582622f7ad31c925de21857462283f4939d30;0x37cc3964;0x925de218L;0.500000;1503249426;1503249432
1;2048;8048;0x9256418781793bc16f46b481966c3a360764cb57ef4cb10d9096e0343b035bcd;0xbcdaa478f6947b173890d16527c83353803339a1d35ca4b1552d4d13726d102a;0x35bfbeb6;0xd35ca4b1L;0.500000;1503249432;1503249438
1;2048;8048;0xe77cf2f7018201e57a927d0daa36cf7749439792bff46bff4fe4c2ecdb802cc3;0xfe35be5172711acf86a71f9494779f8c3b9a24cddccce2c00f961b277bf24cbc;0x3b643580;0xdccce2c0L;0.500000;1503249438;1503249444
1;2048;8048;0x72aae2fc14cf4f4e54918e5f0d4c5262e3a8ee3f0e99f696824ff434bcc6c72e;0x74e3c543e04a45c84f3f3ab1ec9dfe63d1bcdee4c1547f3f137a4b74bae1916d;0x5275d6c1;0xc1547f3fL;0.500000;1503249444;1503249450
0;2048;8048;0x7767e459301fe34fc162a077a2f6c699dfb38faa86d473c925e5e12569dfe0e1;0x4e1fa5afd7b029b68a9687930aedb20105c7512dabfd95e31ffdbf1f4df179b1;0x1e989ba8;0xffffffffL;0.500000;1503249450;1503249456
1;2048;8048;0x4b559692fa8073afadcd87cd86bbd480bc088ef22fceb9c220b576e6853345d0;0x3c79aba3fa7ebdd6cbc804874dd4e1c18dfa14d4255eced2c7659700d23be339;0x91d1d7f8;0x255eced2L;0.500000;1503249456;1503249462
1;2048;8048;0xbcf5b4e3b8ea8a0c145a2e9f9bc36a9a1b6dc5fe9bebe4dd7becca08a47a9c61;0xf1ca17ad49932b27ba60b75dd4a932333faf61c73b5f74da6cbd5281ca9adb88;0x7bee29d6;0x3b5f74daL;0.500000;1503249462;1503249467
1;2048;8048;0xbf798de85b7623b4b1b8c80a9e7d231bfd27957448f511ceb10fefe22f0aeeee;0x137cf9d18f39e743772c079cf08cf975349c83be8c31fbb3b67d335755f3371a;0xe0445929;0x8c31fbb3L;0.500000;1503249468;1503249473
