1;2048;8048;0x4001bc7d23e05ce29dcb9fbda98a2e20aaa6cf1866519a0597a15d516da8c5ad;0x6f674cee4f3b98b39535f9ff72e56269d5f4936efc7b279da1f44b7a498d3cb3;0xad4c931c;0xfc7b279dL;0.500000;1503141054;1503141060
1;2048;8048;0x6b9694b6a17cb2955889d773e70bd5ec9208d6a6ae6f1bfcdcfecdd6c087092b;0x4d043ef2d666b7998b0b5d2c4182c55f0d943b6fe3ed93777cbbaa61b850ed18;0x88550603;0xe3ed9377L;0.500000;1503141060;1503141067
1;2048;8048;0xfd92e6ed02b31375c1544902445ef366a53d56d78fb4fd11b8a9b977111ed20e;0xafcd534d9927acfb57c5bbc0fb691f84acb9d805aa3fd12584d12d51fd8ea613;0x337e3d8d;0xaa3fd125L;0.500000;1503141067;1503141073
1;2048;8048;0x24cc8006861a30d7e6c2f1222b8ce0a445e9d9047942ef5dc9a9f11b779c249c;0xd5ca39033cdac0f2016a9a5ade2400eb609d4e47e91a10f6ca8f378dbbbc31ce;0x8429d854;0xe91a10f6L;0.500000;1503141073;1503141079
1;2048;8048;0x9f49ae587e402e6c7fb7d7fe7d5287b686481957cc96fd960d228f8e493937e9;0xdc3600f16a57e40af143f31ff7447d430c98a6497858e7e0a535e8acdac98f21;0x67d282a8;0x7858e7e0L;0.500000;1503141080;1503141085
1;2048;8048;0xce307c3deeeb067aea78df80655d5e43b152a142faec87c6e5aa913c2de069fb;0xfa2e244c076c431819656f269fcfa011e60c99ef551df31da1d4bb671a5a1d3f;0x26e903eb;0x551df31dL;0.500000;1503141086;1503141092
1;2048;8048;0xf09248f3d136c3662e130bff8ee6749bb08379df7eaa62e85e6f44af869e8f76;0x31bc96c7c8019cc3e152f2b12f9021ccaebfa3d0ec7b08b5becaca64ff2565ab;0x65a99f23;0xec7b08b5L;0.500000;1503141093;1503141098
1;2048;8048;0x2fc29fd045c7965eaed3c403c4e2be3e3d62fdd876bf1dc54a6df7d40f08b73e;0xb2c8fd1f6ecf01c71551647943869a2122f7d0dd956b83a0ad49c2bc5ca40278;0x4161a3d8;0x956b83a0L;0.500000;1503141099;1503141105
1;2048;8048;0x83546ae15847b708365a25d1ceee96f57506dd9278c765490a3b5b0ce47c6a67;0x7f58d9f5965b18e083b670cfe85cdb864bb6200eab839f23da3bf73959bc3ab4;0x1bc9eae0;0xab839f23L;0.500000;1503141105;1503141111
1;2048;8048;0xa0295fc3177b791feddce1f430f301597a7132764a58f7536a6889e1197f83ba;0xaa96977a949399af82dcc408f99e7f76cbdd182694b8f122735817195e1a95d6;0xc2b6f94f;0x94b8f122L;0.500000;1503141111;1503141117
1;2048;8048;0xe35cf5da4dca6ed987bbf3cc1efc55d4fc6655142d4ece12b94996122678df09;0xbe575e4d917533aba2edaf1b378fd5b44a2a04fad137a653200bff3c4c17f4b0;0x5229b414;0xd137a653L;0.500000;1503141117;1503141123
1;2048;8048;0x702030f85e3b37aeedda1db75bb8ff679f29795326d63b45ee9fe8705090f2c1;0x2f7d6765dc85b732c4f4ca25631fe91eaa807bec35a9ac16955bd0b4ddc9ee55;0xe5326db6;0x35a9ac16L;0.500000;1503141124;1503141130
1;2048;8048;0x3ebd03143acb643739a2ff6f06d1146482650c1d88bf85e1f6be60b40096ca3e;0x0044de0cd63e59075ace72410e9accc2847f1fe5a9eadb97e9bcfe35c011596b;0x41b505f6;0xa9eadb97L;0.500000;1503141131;1503141136
1;2048;8048;0x94b3cdde2ecf148f104a56097c62244cac58e692904e64f78773c9fb25ad71b9;0x11b4ecfd9f8f7bd74bcd286a496f3fd18b872ce6f6ae96d014af1d3420276b14;0xbec8cf8f;0xf6ae96d0L;0.500000;1503141136;1503141142
1;2048;8048;0x4d83840360e5ec5ed8c5d1c317642dcfc29f3ca9fdc032b4ad62a18394c1d5e2;0xa9aeabcac61756246a337e55eebd938266c0b975e5da7d6cfa0375dde3c25f19;0xbe7b6cde;0xe5da7d6cL;0.500000;1503141142;1503141148
1;2048;8048;0x1b28c0971e4703cf656c10056412bcbf1def3e2176832fd4d8e6d7a0d72286f2;0xb7846df0768744575d2f7970579fcd060ad6310f4967b4c35cf170d4dd1cc354;0xf2e0e946;0x4967b4c3L;0.500000;1503141149;1503141154
1;2048;8048;0xced244fd3bac5edff504e3948c0519cd825c02d37484d52688bd951a18773be7;0x9d58e73b10253a2db9c24e8628fc046c9d80f390b811384fc57e5c1e593fe390;0x6464cad4;0xb811384fL;0.500000;1503141155;1503141161
1;2048;8048;0xa22e3ce8ed3bd47e12aec030da638c75902884f36165a22161337cbc3963e0db;0x4107ab5af66f48d9d26b3d97ff8a070f9cda771a57d96d58c1a2d2aa2ec335a7;0xab61cad3;0x57d96d58L;0.500000;1503141161;1503141167
1;2048;8048;0x68592f11ad197d605c2669ba234bf2a56e946737af4ef71e5e79ea84b6fabf1f;0xa22e5cb1ca5f361030a6022793ff1eda7291f3440101196bc8f0a165624cddd7;0x5ef5d69a;0x101196bL;0.500000;1503141167;1503141173
0;2048;8048;0x7c7fd671e15e2955c2f77f538dc8e5377e3bd6d412a918690ed57e8041aa6cbd;0xb987ce497c2a60b496473ce8972e55c66451bde3df634453832059cae3e8425f;0x06f6f3b4;0xffffffffL;0.500000;1503141174;1503141179
