1;2048;8048;0x7e9a0e2d8937fe9533c0860ec0b9e03b5b588c1a37476eb4113ce555ba10a338;0xd13ba92ae02c3e71c1f9d2e148e759ebae00792ebb11284f9263bbc36edb0407;0x0b1a352a;0xbb11284fL;0.500000;1503248205;1503248210
0;2048;8048;0x8d4be8bab97ce7f442aadbee1b5ac1bf5e349e8119fd4a9131fc7ba7ec5f6e7a;0xbf20300ce18c0dcd34944b5f021cbdcea2c5d236b98ddd41973b2f9074b9c6a8;0x6bba4863;0x19080d41L;0.500000;1503248210;1503248216
1;2048;8048;0xb8b41b09ce944318a5d4daa052ab36e18823a50ed483f5be45b89bd46213461a;0x15b15053d459b0cc19505533ed4520e46db1cb04ffcdea68ff34f04f91d77665;0x7dc6936b;0xffcdea68L;0.500000;1503248216;1503248221
1;2048;8048;0xcd6ae6b0969d9912b72146b22d7611c011229116ecbf60593fb2fb152ed583fb;0x0e168893a53207170960455ac16f58096072e44d3f4353e3e6a4ae099135403f;0xffe59d95;0x3f4353e3L;0.500000;1503248222;1503248227
1;2048;8048;0xeba34872153269e3630618a652b328e83cd71a0fd54b8d15be23e205d8db6dc4;0x9a24b716534d82eba6f5a998b8b9d644e976b1b55c2a21e638229caf7cf56fa5;0x71e1fbcf;0x5c2a21e6L;0.500000;1503248227;1503248232
1;2048;8048;0x3ae904a0ab9456c225193ac33e4b0ee82730575cd9a713b820596d198171aabc;0xbed8f1c6e90b0f9aae6ed1e6e208dc1fbff11f1128b1c9a9a10c114f285d32c4;0xefec1e2b;0x28b1c9a9L;0.500000;1503248233;1503248238
1;2048;8048;0x3905611cb950073459c558fb7eb1700e167117563bca322a6c6d0636a26ddddc;0xf0e52acce80c2eede46699ccf43f56238e4f25b7ec2802e02e482e670ed19255;0x4cbdfb82;0xec2802e0L;0.500000;1503248239;1503248244
1;2048;8048;0x60d6aee814de59adc3fb3117606c94a2e71b119338e1f27662b2ebaa328d3293;0x804ca81a4fcb827944b7eba118fa96da96043e0ce7b8d15c1f99a88dc1f04c92;0x85e9e2eb;0xe7b8d15cL;0.500000;1503248244;1503248249
1;2048;8048;0x9c6c16add3f73de3e1e5de848ee9273eaa2d951295910feabb89e8f59bdcaf37;0x539101fc4fb89665f903af0b658dfc4d8870ee51a6e6dcd05b8b44648d60f2eb;0x583ed457;0xa6e6dcd0L;0.500000;1503248250;1503248255
1;2048;8048;0x901d8f9cc02aab5792ec1ffe47069c974376f3200e4dd54d40a06784a8af7238;0xdf9ee6ffdae36f0dbec8b6ba6f5ce4dd405a0f93f32c19aa8610134ab065f087;0x4b66e4c8;0xf32c19aaL;0.500000;1503248255;1503248260
1;2048;8048;0xb6636a99da256b650303b13a548ee4caf1fe64fd4f8b294eca044fe58d81a443;0xfa70ad17b6dcabaf3884050468b6ac422c31c38b71f5642aaed96a1c2471508e;0x4f296ce4;0x71f5642aL;0.500000;1503248261;1503248266
1;2048;8048;0x1d2bb176c2a83bb414283063d084419af619393087e01e6bcd52af1a64bceb81;0x16ef72b00b6c32126785991c4f5c75cd3ab1e67eca7a97a6d1cd88915949213e;0xd72e8e35;0xca7a97a6L;0.500000;1503248267;1503248271
0;2048;8048;0xa5c7212c906661183475fc6c6298b4c0ec71cbac0db05294f3451bda85f8de2a;0xa0268895b11ea59190f585b6c11fe880e730e9b8af8e3f1104dac08b78cb0721;0xb0145994;0xaaa217aaL;0.500000;1503248272;1503248277
1;2048;8048;0xaf74c2e68b6bc34f441e777592ad12c729f451f37c1cf12f301b860c74c76124;0x5a57120de2cbf8be3fd95011993f16927c51efe5749476159675f85818e71d6a;0x934f025b;0x74947615L;0.500000;1503248278;1503248283
0;2048;8048;0x0f96b4aae7d0a9476ab92a1c39606fd09957f986274407ccbf67c08d3a911b49;0x4ec5432d466c4d57ec4ce81fbbe377afaf201c29f8907d81241b8eedd170ea8a;0x6f9e298b;0x12400e4aL;0.500000;1503248283;1503248288
1;2048;8048;0x16dfe790ab579195c4948039e51ba0b99276b8aec26473ea16f689518a6dc0a1;0x96e1ee3010095144e158ded851196abb81381191f38180e9bcb95b721f46f5f5;0x078e7ff4;0xf38180e9L;0.500000;1503248289;1503248293
1;2048;8048;0x000904269d0d09009df05dacdd75d49069b04d82277b8ef60e5a98935b56625b;0x09916730baa083e76eaffe99e61200de1d62c9bfe5319aa72ad613e25e8b5a6d;0x43bd1ddd;0xe5319aa7L;0.500000;1503248294;1503248299
1;2048;8048;0x4976c852f45f2881064135d7472f09344371c6320ab181daface5172c8c4ea11;0x1d1ba1396d35a48afa98f5475f7f339cbca0f895669b438618bcaddf5da715bf;0xd906e848;0x669b4386L;0.500000;1503248299;1503248304
1;2048;8048;0x4fff1939a702b149bdfa6d1bef0688e107aa050595637db9bf3e7660c7b28816;0x9a6a1f1a91ade4993a469272a3ce81c801143dabd9df351dad4e949730ec2a0b;0xb44fb6b1;0xd9df351dL;0.500000;1503248305;1503248310
1;2048;8048;0xd60436332d6a82c1d8478d6a26bc1e6c66f291730e49526947a5fb023fd5b215;0x196d9085dff7433d13988f883ced917f37a1c1649039772c22c95d1d56b364d4;0x165fb2cf;0x9039772cL;0.500000;1503248310;1503248315
