1;2048;8048;0xa6b79309ce4a251543a98e420c8d6581c345097c2d8cabbee38dce36e0375286;0x7abaf445b49930de4b64a9b029acf54faf62719ccdd0aac25c52127943cd075d;0x53b805b5;0xcdd0aac2L;0.500000;1503138505;1503138511
1;2048;8048;0x9e26d00250897abff239785191a7c9b53b38b73056091df9064a0c18d149896f;0x9a1ae2cc9a3cd31074e53caed6f0bb1d78d39af2ba7047149486ae7203198c61;0x00590f2d;0xba704714L;0.500000;1503138511;1503138517
1;2048;8048;0x5febcd5822939485cf2786bafb5edd0bdea0bcbff7bd0b7b16f2fc0a69fe24c8;0xfaa268c04e920901377bd6af1b7cc0075fb1418d4bdb4973dcc4c4d4550238ed;0x3fd82357;0x4bdb4973L;0.500000;1503138517;1503138522
1;2048;8048;0xcc9ea977a7293f5be1a68f72cacea3e3c38fb3004446005109f49af003f01acf;0x952fcc16da1e2d3f7d5814fa27c4c0328fce8e5ee7526e57fcd780e0c2d69df1;0x535dc92e;0xe7526e57L;0.500000;1503138523;1503138529
1;2048;8048;0xe3d89797f7acc9de22264e2bd8588c0cc252d000a1344186e00debd1d9abfabc;0x55a2500785f13f448ab8e0e6df662b750e75e8701bf828a110d4c0835e152277;0xb05b9bcd;0x1bf828a1L;0.500000;1503138530;1503138535
1;2048;8048;0xf6aa5632aadf3254fae1eb753c830543a6bec0820229cedb294519733d25d933;0x1b24c4407f63fc83aa8ad41264d557403bc4136e8776eaece2787ea87b5260ed;0xb87adf43;0x8776eaecL;0.500000;1503138535;1503138540
0;2048;8048;0x5ac65aa3f7650feaf565f27c97e1a9518dea7a67f6f4b2a4c8b2c7a3ed11e147;0xe7ac6085c4cd55ccf14f86b0a43cfa94f921a2fe9fb65838a1e66f1d771b0dba;0x8876684e;0xffffffffL;0.500000;1503138541;1503138546
1;2048;8048;0xfaba4d98b0728397ef7ebf4a54666e929b3b3248b1930235f5ebe93da02d3f9b;0x5e7ffd08570ba1f01f3c72bc36e65abcf721b6afe54c23eeba482331f31220d2;0x1ddda93f;0xe54c23eeL;0.500000;1503138547;1503138552
1;2048;8048;0xf5bd26af2ae46c1cb9fef460a51116556056631f240597a2a61a83a83c9ba031;0x12be2244a97f5f19880d081c3741480bb6f8a3eee6580390feba2efcc02d67f0;0xac6e71d8;0xe6580390L;0.500000;1503138553;1503138559
1;2048;8048;0x033a4a7ae2df698f38fbd0cc4e47eb729fb1f4f91d3c8caf52cd05bbf1a320f4;0x0636881fd0ad943ce48ab80fbef6e1018a4b2365ff948c3cbd35cbeaed20fac4;0xcde9ca36;0xff948c3cL;0.500000;1503138559;1503138565
1;2048;8048;0x7e466ddb737f9c756c9e7c765ebb00cd2750f72a7299b1a31566e1f11c9f599a;0x7938e9141981f6bb31995bb10985ab7030b7f8feea925447fa40e0eb5974e76f;0x43ca1d52;0xea925447L;0.500000;1503138565;1503138570
1;2048;8048;0xab4ee10c2a660bb0452871af68ec46aee8e24aaccdf3602628ac478bbd311568;0x204d7e1303fc32a0e136f7b8a35a3173031a701d7fa405df52bc1577ae49323b;0x3f0b6b61;0x7fa405dfL;0.500000;1503138571;1503138577
1;2048;8048;0x0c2efd9aa8694a33a9b681d9f996dd2d6bca4511b83cd0a92363ea8a982b57a4;0xdc8ce795e6edfb6f4afdf3e0ca2427b8ae02c85e632176b7d84a1095afd78b2a;0xd4b3ef88;0x632176b7L;0.500000;1503138578;1503138584
1;2048;8048;0x6f725853e7bc10b9a1d82b38d756b21fc26b41298c632f64c211a870f5533b64;0x190552c728d983824cc88c851f1d8ea5dd02b6ed128b8afdbd455448f5cf3924;0x5436080c;0x128b8afdL;0.500000;1503138584;1503138590
1;2048;8048;0x9813ba013596b8eeaa0fb35fd561475052698bb9db4a64b3fa0dd162df041077;0xdf532d84066c6f62fd6c801e7147501eec3b2dc3c1a59ab488837336e5ba00a4;0x93411514;0xc1a59ab4L;0.500000;1503138590;1503138596
1;2048;8048;0x13817a456c6438cf3310f283401a7f2199a2c2ed701535c2a6f6c25fac842abf;0x188d86f71d87bf1f60df6965530d8369ac2f0c8648e080a1fa1c477cc391940b;0xfe2f8220;0x48e080a1L;0.500000;1503138596;1503138601
1;2048;8048;0x121233da770b57a00b7de325dc1cf91a317e04079d606b801e5f91a781d17094;0x2a2f5c78f5c7adbc6c245cce01e501849a4b56c3066c9eaa14b131fe7eedc1a8;0xbc212efa;0x66c9eaaL;0.500000;1503138602;1503138607
1;2048;8048;0x3834d70cf2496a7587d8cbdd5dd427d1d4eab53f7a9e9956eaed5d4ab70639ef;0xaa12368d273c006cbc5b1741d88963b25223836e5d8c44f545a2133340c169a5;0x9e0f2706;0x5d8c44f5L;0.500000;1503138608;1503138614
1;2048;8048;0x04e923824d24a13a3be246a12809ce8af56cdd38c7174db410e5ea4ce1ad90e5;0xf1ab328f65c7844547b3344ab5ed8cdc4984a6f3e2d34f4ce3b1ceb1108a3e47;0x06e217ca;0xe2d34f4cL;0.500000;1503138614;1503138620
0;2048;8048;0x7eb79d673ab7ad1d31bb66c9bc2d7fb8da0cae40751f5d80a94cf8a7faa81378;0xc00f52ed94bae1caf80ee36ae99ec81fbdf047a8d82a898a0078647245ab1138;0xd0210df2;0xffffffffL;0.500000;1503138620;1503138625
