1;2048;8048;0xf132384fc29855a97fb82d030dbf43779a9a7515a8dfdce96f4d4d7bd23630c3;0x51f70c5be473b789085da26c1512a6820eb4d349e8aa3e6684da7b4eecab9336;0xcf929e64;0xe8aa3e66L;0.500000;1503104224;1503104230
1;2048;8048;0xef432701222a3941095f61bcd0d8a3c4083a72f27c749b2a8c45172ccc5902bb;0xedcabd218ef15466d426a1b264550deab55f7e4165abe74cb1f0582f994909c0;0x62db9692;0x65abe74cL;0.500000;1503104230;1503104235
1;2048;8048;0x2ab64c309ef815dd99a48236b615dd03e98a222555d64b18f73dcb332628a850;0xfc8f38e863c2219542f81ba86a60e31a4a7688b9e0ad25df690b79838578aee3;0xf275186c;0xe0ad25dfL;0.500000;1503104236;1503104242
0;2048;8048;0x88a6f00cbff9eef035a1c0fed998c0bc9f8142f19769ca69f6e658f2654575ed;0xb39ab818ebfbe1b82453cfe279e1969ddc74d6b57f2f2b85b1be07fd2711503a;0x22ea8acd;0xffffffffL;0.500000;1503104242;1503104248
1;2048;8048;0xe74c45aa3a9a9e7d4e37a9ecd19f32820ee9be77633c5866779df8736842cd50;0x4b601e2f86637bab43e795841c94ff4a9b2016dfcaa7b5f2ad0f263d83135de6;0xa9614e04;0xcaa7b5f2L;0.500000;1503104249;1503104255
1;2048;8048;0xd52970f92c289f7bdd5113633dbf9011971cd2de8756b4038fe359b5b0611485;0xaa2f13e8e05adc0b611b727a6712414033ff70d67da6f4f91085cb1d26ead808;0x58cdecad;0x7da6f4f9L;0.500000;1503104255;1503104261
1;2048;8048;0xdefb6fde9b125cfea2f2c1c49c452e394c110143b37a7844e0d832b872684b50;0x99039828f74cb556c14a266c18fd93320be1e8d643b0cbd2cad89b5c8b6d666f;0x43cb027c;0x43b0cbd2L;0.500000;1503104262;1503104267
1;2048;8048;0xc7525a30139cbd6f06218ca9195e76b6faf1e5ceda64350cf62e2eee75af803c;0xe7d3ff34dda63de5bd46f5bddc1316cf012359094da66479123d6db17afa95b4;0x654b5794;0x4da66479L;0.500000;1503104268;1503104273
1;2048;8048;0x61575b14c22c96193b6f1f101c4912c0801be3440147f7106f0efa9873bb56d5;0x91cc639aeac34b9fa8a22720c36d94b957001b6d9ef91f2c672488844cd742ac;0x1e8164b5;0x9ef91f2cL;0.500000;1503104274;1503104279
1;2048;8048;0xedf3490f4fb50a7519ccd3ed6cad56c61146b378447baed1c0392b02ddc859ca;0x9e81811ed3f1da773d229af61cfecf3078c5cecdc39425eb753417b5a300f6b0;0xb9eaa57f;0xc39425ebL;0.500000;1503104280;1503104285
0;2048;8048;0xac9e1ca4850cef9e4bbca189ef9c00d93f71b23e9f67ea71ca70a3e56c28fd18;0x2f22f3d0c25094ac8e4c1fbed5604fbbc752ab5bfe4b9b0121377b72acb4eb50;0x82d70324;0x282214a0L;0.500000;1503104286;1503104291
1;2048;8048;0x1bcd44e72071a9c1bff3750ac0f66d4c04cb32a74210d7ef8bef5dec6ce79d87;0x4fddb7db3d6fdd729426d260f6d4e7bf6e09ee2f47868e698377aae955d8330f;0xdc7be2c2;0x47868e69L;0.500000;1503104292;1503104298
1;2048;8048;0xce43fadd06780c24e1861e63acb14c7e4401bebec540a1fe3fb73763508dc81e;0x878c76c7d19161974d6a145abd5c254f23f9016154c6a9f8029a95480173db76;0x98ebcc2a;0x54c6a9f8L;0.500000;1503104298;1503104304
1;2048;8048;0xbbb322992ff819455566bc49d7bc263364a4903dc0fc611854a31e5f7cebce37;0xd9e790861286ee00cd4e7eaabb7292bc66e08bda7fb6ae29d7cb7a6e72d31e01;0x0f9bfad2;0x7fb6ae29L;0.500000;1503104305;1503104310
1;2048;8048;0x31b91e2472dcdbee69449c55302421478bbd269043be3b2085be78593ebcd46f;0x35940e09b626edaeb4d1dfb07a52d3aee039db04dcee650fb7a497d9ca15acc1;0x543d845d;0xdcee650fL;0.500000;1503104311;1503104316
1;2048;8048;0x7ff2f8bae429c0d5fa25543bb694cb275a5b868733db85fba4a828c9d49eaf53;0x1780b14a83298d0763822cbe45ee20291aa8fed7f09ed5b1344747c91010a4cf;0x5a614769;0xf09ed5b1L;0.500000;1503104316;1503104322
1;2048;8048;0xcff9f910ab6c2468c9623a68223210ec7cfcc7af54bfd8831f47d79b4a58c119;0xaa8cc64771d44c83f1e9e7a912772a16c1f030725db840717ff8ad4b1eaf26a2;0x1e39ab5a;0x5db84071L;0.500000;1503104322;1503104328
1;2048;8048;0x39a7c163c982be9fa24e676550143d607c72c367626078c9972ee3c28c97bbc5;0x7d575bc0ab1c24234235a04427e7239feec17054d315b424c046ff8a6066fb20;0x9e97e1de;0xd315b424L;0.500000;1503104328;1503104334
1;2048;8048;0xbe0f513dfd8f281a63ef37772e6e402087913c8993f35773fd3566e537e422f5;0x8ebfe5c3a6aaaf8ce5d449b7ae74ddb5927ed0da055da633b0c7e8964de1823f;0xffbd33bd;0x55da633L;0.500000;1503104334;1503104339
1;2048;8048;0xfa02a78bd13b55303aa0003160c2f2c28a54e8c958cf20a5637b26c70851b102;0x9f331b879fd9194ea44837cec92e261b71a863efeb0a21f6db2c398ad7b69040;0x19665cf9;0xeb0a21f6L;0.500000;1503104340;1503104345
