1;2048;8048;0xaad4bff0139979b2e29c5861c592be8a3d68e21978ad80f9d58729352fe340da;0x7d6ce3c310017feb948452632312d9cacacd7d45b483267e8e702bf809853f7c;0xa9ed64cf;0xb483267eL;0.500000;1503077760;1503077765
1;2048;8048;0x1619c1088357c827e1eec9aa2dafb8906be8865471013ef112a667c7eccdf103;0x9b9d84a68afa596a42d6a3ed9cae6f2fb4637a10180dfd17e5c6a74e4f633a48;0x14ed711b;0x180dfd17L;0.500000;1503077766;1503077771
0;2048;8048;0xe79d25db7c42edf4ce27ea05e8da45ffde7083a8673fcb0389209e933f093226;0x068038ba893fab591a68321dcd422c7aeece7e46bae6bb00a72f8393baf94eb5;0x5dc4fd1f;0x82892014L;0.500000;1503077771;1503077777
1;2048;8048;0x7a0d7a93c0638ae83950fa00e3843a5445adc339a078857d886e9a5bc4a0bf3f;0x3697a79e8f13c3d8554447df4f0800d4bae145398379276445975eead5138916;0x10931e71;0x83792764L;0.500000;1503077778;1503077784
1;2048;8048;0x9b39cd1b0c305375b8d1d49afdfbf415c54fa3f5f47ab4270fc9a9853a3089d5;0x710ad58fa2e7690299712e7df692a004cb18c9baf41c9a838b469ed35c70d9e9;0xaf6b859e;0xf41c9a83L;0.500000;1503077784;1503077790
1;2048;8048;0x30d22f22d73cc16d1ebd30f277e367d09bef5f852a874367a9076ce42cab915d;0x621f352478a566607518f8271324e763a6a1d993290c02eb6651e57609bcdc02;0xd899cb0f;0x290c02ebL;0.500000;1503077791;1503077796
1;2048;8048;0x5f46b9275eb23486b6e41f084e80148674cbae5842791813b763906e0d894a6c;0x295ec6fd23ff55784658d4ecdcb10b27777e66769f536d86548857a8357eb434;0x37fb86c8;0x9f536d86L;0.500000;1503077797;1503077802
1;2048;8048;0x714cc8ad25b1b149d588a5e046c03aad859349f2b21ea9e4df6d193fe2461b53;0x75a901b20211170e4f0270ad6a5fe61df393a33a12d8bdfcc9bd1b39bc938e94;0x5f1c18e6;0x12d8bdfcL;0.500000;1503077803;1503077808
1;2048;8048;0x80edc1992ed172dd58c0fe9fe8bd1616855762a5d0d591dfeb4d2a9ed939665a;0x38b9e6702ee0ebf7c3150b33da85e7383ff673742696af6bd3fa829b92ca556a;0x0134c609;0x2696af6bL;0.500000;1503077809;1503077815
1;2048;8048;0xb42f41df423907c68068d9118e9477ba893fac7c95287b94ee7cfa1eaf26ba64;0xdb5f5e064af9bca418614d7b39a4eb687707fe4be4f81e1d860fb7c69cac355f;0x2a8c5f41;0xe4f81e1dL;0.500000;1503077816;1503077822
1;2048;8048;0xb3f5c8b7719d8beb8a3a63c5e8828d6695d2c382089b9678cd7c081166340f19;0x91e5505cace6ea205a3f9690127e1d40ef9426cc71570e3ce6d10ccd17762a4d;0xdb862c5a;0x71570e3cL;0.500000;1503077822;1503077828
1;2048;8048;0x05d73a06f80498eadff906bb667f70f30632a81879a2f067d9f78def546ff459;0x1a75632ac4672089f259af478292b9d7e4339bb5cd17ef3a1868390bf7fa1408;0xcfc181c9;0xcd17ef3aL;0.500000;1503077829;1503077835
1;2048;8048;0xe40ea8594f4e01891a3ebe9c7861e0534042577dc7c7e59d037458ebf9b89bdd;0x53dfe71693631341c0e5e8a90cb0ce0852c216e1b65999692f2551beeaa49722;0xa4fe38e9;0xb6599969L;0.500000;1503077835;1503077843
1;2048;8048;0xdc98b48e9c70eb5fa2fc10d3a0bc802ba8ebf38e9db7e5ac84989989947ce070;0xec31f6d3f17dd78fbe6d5e0dbe18d76695d07b829dd693e48cfb75d80f1a813b;0x81d80356;0x9dd693e4L;0.500000;1503077844;1503077852
1;2048;8048;0xb22542227bbbf3d3021aff00d99735e2c0efdb6960b95b32b2a0bebbda680c8d;0x2593a9d9f7e027012c2bd450a94b4425902c1f45880bce19ee5f67566990a7bc;0x83735c9d;0x880bce19L;0.500000;1503077852;1503077859
1;2048;8048;0xf95d52e6b1cf1a12b90c1fc50c3f398b5ed70b1bb083817dcbe3e58b501eff49;0x90608b14624d6a78adb6a0c26f89024622ed310a4b3d4bd93b75951c4d879f77;0x2aa6c09e;0x4b3d4bd9L;0.500000;1503077860;1503077865
1;2048;8048;0x34a5d0bee37439154c97cc7a9bc929ef50aa1ba22638135ffd2bf6b33792ae6c;0xa4fca30d68d831bbd584c969581426140d9c206772defef61c15fed7279e9add;0xd98eb9ee;0x72defef6L;0.500000;1503077866;1503077873
1;2048;8048;0xcc01c864987829f7aa48318120e695c020a7bd43813cb904bcdd149fd47bbaa1;0xeaf63b961705ed05ff8571307cb77848f929767a1be25fdefacf58798f98747d;0x9e09bffb;0x1be25fdeL;0.500000;1503077873;1503077879
1;2048;8048;0x713f79e5f94622178c02aa050518c3a9fb38cc67cd3263b94e10b87124696d95;0xbef785b630843b0d155685342a9635393c1d5c66b71b77cb13a7482fd7dd6a51;0x6cbcb3f8;0xb71b77cbL;0.500000;1503077880;1503077886
1;2048;8048;0x593e275874940d4a7d2620f1ff6e5e2172b366ce6f0675ef4c494a5fcb07ae24;0x1d180bc6761bb5622074f763cc8a11c7864621bc41efdeb1d2c2a04a0e1794aa;0x88015335;0x41efdeb1L;0.500000;1503077887;1503077893
