1;2048;8048;0xd52b17167aef1fed7a4feba68a836fba9e08c36e7ca36abd4b54d59085980f5a;0x600b05cb74d62252a6e7203a8f6a11f508a2533467b8eadf9d0530d94c85fe25;0x0c3f979c;0x67b8eadfL;0.500000;1503086677;1503086684
1;2048;8048;0xf99790f4ed3f2c3a810bb727bd19aa3a9f85078a1ca56c5f6011facd181f4211;0xa683d76afd460e34e83ffcb44802ae9338c1b3c2e1c63d1a7b47c8eccc7ceb5c;0x834b9407;0xe1c63d1aL;0.500000;1503086684;1503086693
1;2048;8048;0x42e8dade250c8c5a5e5ca7b46ce0e94941a9c3df4998d769a725736ca10040e4;0x612c220e00e1afa3cacbe3aac64e2a073b962d3dfdfb0642f19369dd6768e6fb;0x3be6103f;0xfdfb0642L;0.500000;1503086694;1503086702
1;2048;8048;0x01431085fe7e6c85429014ab889c1a06a6078cfa748975c2da20e92e78a18c79;0xf39167eade1ae086516ab13cc18822c3227d935947746d2a3872058f38ad72a8;0xc711bd3c;0x47746d2aL;0.500000;1503086703;1503086710
1;2048;8048;0x5576c26cb659a57ad6fa32f2b546d2cce18ecc350f02c50c5fc183cad24bcb28;0xb9ac37ed52f8f55f96dcc249d87fbef7a0724b93d43387f53d954c1e0e387cbc;0xf449c2a8;0xd43387f5L;0.500000;1503086711;1503086717
1;2048;8048;0x6e34a95fc376042d0e7345526b7d17b04299fa5e27fd5039965922235394afc2;0x661a2750627be0842279779e7caba3694a3499b8deb06d7e2106607897a10165;0x11cae345;0xdeb06d7eL;0.500000;1503086718;1503086724
1;2048;8048;0x7017611564dc00fe88cc933f564e0e8ef1b3f402c5a6f91fe6a09bb0b4dbfb25;0x72d41c4a74a046883c78f8b318046d5c7864b297dbd51f6f5b3023ab59cdeb4e;0x350403f5;0xdbd51f6fL;0.500000;1503086725;1503086732
1;2048;8048;0xfeeda574804d81b0bcb25648c75526107083527b0aa00333a49cac145d889e5b;0xf32ca25a0859bd18c20500ddc386e789e253615004093b7393bf9a6ac73c2770;0x5b99c21a;0x4093b73L;0.500000;1503086732;1503086739
1;2048;8048;0x913224626a02bca72a86b370b61406b7e7b13a8c124408260d9b9df2198ad3ab;0x014643ff5207649b84162c165b2effddf75d8284fb2e0518095172e3754a812b;0xa06400e7;0xfb2e0518L;0.500000;1503086740;1503086747
1;2048;8048;0x28c20df6af910c58eb0fc3dcd66430d5f466cb50068020292e8caa82d73bfdff;0x5e2b5db53ff22c5fc0402d6f7461c62a65141111903d757f3e138cfbb8766eba;0x02c8b6c1;0x903d757fL;0.500000;1503086747;1503086754
1;2048;8048;0x5f4827dea9e9310f95386707d0898f5643b6991fdc521a4d6d71a48dfebc435e;0x7d126b403ab2fe1cb1bb2a56a9bc50517e4433372a7b7e273d282760c1685f33;0xc86a0927;0x2a7b7e27L;0.500000;1503086754;1503086761
1;2048;8048;0xed080b63a3d2bf5fb17a6be68e95706320bf6ce51bc2a670ea93a99b00f901ed;0x678be88fca82b495565f4dad58e5c34b1782846de232d82c562007e5e14f7fd3;0x5ebaffe1;0xe232d82cL;0.500000;1503086762;1503086769
1;2048;8048;0x229198f2943f9d0583969905c686fa76538db113a28639324652914a697cd08c;0x5ee97b24045b11bfbb79a8d65d87bd7eebf440cf2208c9cbd5edb200ba865f6d;0x0f8d4a4e;0x2208c9cbL;0.500000;1503086770;1503086777
1;2048;8048;0x415c5d8770a27af9490e9070994e169af0f789b6c126625c55d09ed2b95c7cfb;0x542951e164e3eb5bbfb41a01c728cc8f212920aef623bafffbbf11ac0bca6cc5;0x82dca4c1;0xf623baffL;0.500000;1503086777;1503086784
1;2048;8048;0x639415469bbb246e5ec42bd7602de8a7b6b59cc74e03001664a2097f9de41600;0x1a532a7b8d957d113974ae94565f2cd3627833e6b90ebd4bf2d6a76919ced2bd;0xe6441498;0xb90ebd4bL;0.500000;1503086785;1503086792
1;2048;8048;0x50dd68fc8a9477655ac737390f5014a48c2ae6cd7fb08fb99bd231d0deba9c2f;0xe882f670650db8c30218f2a49f8a526d14c928eac9b16cce2e1e22c9ea468e74;0x28edb163;0xc9b16cceL;0.500000;1503086792;1503086799
1;2048;8048;0x032dd64474c34cc15c141c8d885b3ca603625ebeeea7a0bc218fecf1da6c82dd;0x7d045f4053b19aeff86d66d700aa141fab84b5bfaee7645a429b254605f23621;0xbe1d47a8;0xaee7645aL;0.500000;1503086800;1503086806
1;2048;8048;0x7d35a2822daac292ee485e2d4d68266e1b1b6c9f17743e0f640e502e6bc4ebe8;0x607334dbffcd855dbf7a445f2de9ee8da72cce59dc84c0136884e34b25b4fe2c;0x7093894a;0xdc84c013L;0.500000;1503086807;1503086813
1;2048;8048;0x718d899304bf26a56a0e1855bb52ae3dadcc1d9feee2abdb52ee15ebe4ccd256;0xbaba89ebe1cd6fcaeb5d1cd4aa50bcdcc96b87d098201e0ac03e936880870bc9;0x5844bc94;0x98201e0aL;0.500000;1503086813;1503086821
1;2048;8048;0x8e813cccc2884b9c20fcfce7fc5b365c932438f6cac4583309312b2de8889476;0xdc35c5af2491456c0c53acd2e7d9c239473433e9adaada15dd4f6585e33049cd;0x05539254;0xadaada15L;0.500000;1503086821;1503086828
