1;2048;8048;0x78f11d45947f88e5975ca3b8060c39b9d354ab13feeb3e9b803c446e1a326092;0x6ebf61c1dc5e0885e2f84798f8609b9484fd9406e891d738e1deb89a878ad15b;0x8fb2282b;0xe891d738L;0.500000;1503082193;1503082200
1;2048;8048;0x99e87a2d9d40140954ed0281eb55253fe56df4b2a06cbb1f3e093cdbe78eb080;0x20b43a2da33039eafa5f4dcb0e76727d43f9a6c980e04d21ed7c524bb9085bb7;0xa96bdc60;0x80e04d21L;0.500000;1503082200;1503082207
0;2048;8048;0xc8c6692e59572005fdbbea312e7c74a7f859c21337c05e57ef88b6cc109909d8;0xa114f0d3c9e854ba8628a44566f861b10bda9eb9170067c27afdafe030fa6285;0xc4eb0789;0xc94067c2L;0.500000;1503082208;1503082215
1;2048;8048;0x5e24dd14f31f65869d76caa2a78afdf55b821747c6a4716da46d00fd3be01599;0x45802c42299fbc9ac44fd3398926a5feaa1e7123dab2b9629707709aea8b485a;0x720e558b;0xdab2b962L;0.500000;1503082215;1503082222
1;2048;8048;0x16690f1e14dd6044193e8e6a0c041c18104873d0c6f7e47e89989847f783a70e;0x43d390b3316b68fcb32fef8461cc4abb8bf6ab339d584048d327c70652f149ca;0xc1d7fb22;0x9d584048L;0.500000;1503082222;1503082229
1;2048;8048;0x3eff616f9aad907b76b3027f4eceda2ab575472f442d930e47c1091a4c6fb68a;0xfc39a8b2476b28ed8736c3ecc7d1cffd0dc65658745cc8a450906ab6fe8f1c08;0xdd8b41db;0x745cc8a4L;0.500000;1503082230;1503082237
1;2048;8048;0x67ebeec03957e4be14e26dc4d6c55bb7404539f80c43b6d7b0d2dbec42ba2da9;0x9a08f244e6102500d766f6cc3a81e589e2b70b1c804937f7cf6f521ae1db8de7;0xfd421551;0x804937f7L;0.500000;1503082237;1503082244
1;2048;8048;0x6641b4b9fda624603c02264131f9c35e693f774167dfbf0af9f514555117c7b8;0x6a899d07f25eaa58a1464c286aa662e001b16fa97671991cfb488aa0b7cdabb3;0x7e628b66;0x7671991cL;0.500000;1503082245;1503082252
1;2048;8048;0xbcc90f212bc75ee088bd710db70f6b4a60f5c829a64b7efea2bffac9d6e17f93;0x02dd8c86ac645dddaa6856926e88e514806f1e831ff601e228532d4fac4663aa;0x0145a569;0x1ff601e2L;0.500000;1503082252;1503082260
1;2048;8048;0xb073de80caa5a902d12cab2aa6460dafb1a63c4e77164f35753c4a8a7a3cf02a;0x57dfdaa2e8950a0a6d514d8c782cdfcd114ae6df177bd091cfb810e12abdc3b3;0x5017314b;0x177bd091L;0.500000;1503082260;1503082267
1;2048;8048;0x8e4ec0bf09d407317e06cf64b82a53ea6ee62b34c7f6e28a38e2ce0326cd94b5;0x46f0eda4796508cb0527c024cb7e3f854bc56959139d845e3f0f54f08d9e09cd;0xb46a100a;0x139d845eL;0.500000;1503082268;1503082275
1;2048;8048;0xe6d1dc60201a9f2641af07e64b3b441dedba8dfe3a397f0f9f9292a661d39e47;0xdfcc5e7041347cd6fff1d9896c51d63d6227eea3579e9b34088391011fdd17a1;0xf7016d4f;0x579e9b34L;0.500000;1503082275;1503082282
0;2048;8048;0xe9b47db9c419be1d48268964c80e02a17a68706115d038cd239b4649150f83fe;0x5bc439cd2e99f154a4a87d5a68703c817d064ec24aabed8f9e0a6aa5cc065a96;0x2b37cfa1;0xffffffffL;0.500000;1503082283;1503082290
0;2048;8048;0x5d829ed394d309308bb06deda32feda3d3bc88b7d0e8ccf65ce04517633b89c0;0xfd6e77a9143cb5b52efd854e5593b51df7d8f9d9d4b5efbcf58cf4530954b54d;0xd1114682;0xffffffffL;0.500000;1503082290;1503082298
1;2048;8048;0x528bd456a6a9b3851b7a42a903a02fe0c6cface22b0cec1046fb71010a8e2a5c;0x4d44f44dead9bd4e74e43d05491862872696a97fcbfeecc65695a05b02a9a106;0x2ff5b0c7;0xcbfeecc6L;0.500000;1503082298;1503082306
1;2048;8048;0x455cdb00e8f6d7c04cd25e82ff2fc3df4cd8a65b35258c5c6a017df619e1af5e;0xffa88460bf58bc6c81269d099ff3931bdd5515929f30b9f89d5ed40f3f86bf4b;0x72cff81a;0x9f30b9f8L;0.500000;1503082306;1503082313
1;2048;8048;0x0ad72d3624f23a6a618aa9101b0111d38451eb3dce3606cc0262f99c54bb245e;0x227e4f63724543f04ea481d50dd3e4a7f731075c062222770d477aa6569d6b63;0xa84fa237;0x6222277L;0.500000;1503082314;1503082321
1;2048;8048;0xd543abfa9d50cbb0776b68c71bd0ca877e9d4dd9fe95c8157fc3b616bef3ac94;0x515d016a0fa90a5ebb65853de1debddcc2353e8c818fa3a96fb2e870ffeec464;0xe810ab30;0x818fa3a9L;0.500000;1503082321;1503082328
1;2048;8048;0xf62451923c88c11d84f89b76c8a58861d63385512308521869ef078a8c9b4882;0xd0f3e3c658601743fd8acb7f548961aa4fd5d1d5ebdb719f263e9b44658037b2;0x99840a39;0xebdb719fL;0.500000;1503082328;1503082335
1;2048;8048;0xe5bdf39fd7ddcd070a01fdc977ab55f99ef24f33e0020a3047619850fa0e5bdf;0x2bfce8b6fe1992c20f864c94a36bbefa482ca0740c6dd3c311ec14dc138b1e89;0x39fb701a;0xc6dd3c3L;0.500000;1503082336;1503082343
