1;2048;8048;0x5a5f75da60fcf76b48131c523d70d6e56c08b835703d3cfdd847ab2bc964fe23;0x7e23542250559405024207dc2a93fe14c961fa9fadfcb1bbd017b9504a983860;0xc2bafe04;0xadfcb1bbL;0.500000;1503207828;1503207833
1;2048;8048;0xc1a2864321c8c4fb33c11edb4c5ff5bcc7d75405992cc9ab13f2ef0829302ceb;0x3bf0613488cdc552559538d42141c8886f296c158dc22f870917b0e0372bc6c6;0xca73fd6d;0x8dc22f87L;0.500000;1503207834;1503207839
0;2048;8048;0x075825ddc8ff1d1e31c3b5cf107ec0ff36a223bdbb30f91f18aef75661d0a369;0xbc969e3c332f7e4c33cf8370ecd971913a4be0b6cbcb37d4d9411e9d01405131;0xfaf3fd49;0xffffffffL;0.500000;1503207839;1503207844
1;2048;8048;0xd893b6c3b571a5f4a7efa0f8fe124eefb10bc163773c7aca213ad4c7caf8cea3;0xde77e337f534cae4e6f7791292152cfb25d6b84a9990a8d467adcaf37a0a1e2e;0xcaddfddb;0x9990a8d4L;0.500000;1503207845;1503207849
0;2048;8048;0xb9bd22f9eac83b66a30269981e4a29d7475c80a53730227720dec383affe6969;0xaab21bda676c2dc4a8c712e42ba0fe13051b35c5dfad3400955e1c57a138efd4;0x9a3e88b1;0x45240881L;0.500000;1503207850;1503207854
1;2048;8048;0xf8c845e7dca23ae07c22a256a6926319571ea748f37f42c459bcb505cc1213c4;0xadf1936b535a2300f7d392debfa9da50f7f26baa8049f27bafdfff08b024d08a;0xa2b1d8e4;0x8049f27bL;0.500000;1503207855;1503207860
1;2048;8048;0x4c4e29c6250c017645796be1c555d036bffd9057f32d46dc0ca4861c6952deb5;0xbeb47c3d559b51e4d4457967eacf12d1d3b314e6bd43f7799b64b03737d1d641;0xf1c283a2;0xbd43f779L;0.500000;1503207860;1503207865
1;2048;8048;0x2f4f09111520f5184b73ad825896d3a1db76648d452c36848eb6d83df34af723;0xfb842fdc7fd21169eef546c47c1c6890fc121a0dfbdbf9e0e6e6c9c5e7b57e72;0xa479549f;0xfbdbf9e0L;0.500000;1503207866;1503207871
1;2048;8048;0x0671a9859e112686504bcb59ca6a9223e0efb38635fc7f10055aa7d351bf1c58;0x9b7ec91e8f269a52ab8da994e55d6763f9e36562eff71fdde9841aa678991c58;0x7b146c39;0xeff71fddL;0.500000;1503207871;1503207876
1;2048;8048;0x9afcf81c5f58f8ff53eaa39870e2fcfa66db63354ccba9d454ff3d38f3c19b8e;0xc4b488c9f8e165db2d520f05f997d5cc6e4e1f4fdf5df0a382327cd6c1770a6b;0xc5d9009f;0xdf5df0a3L;0.500000;1503207877;1503207882
0;2048;8048;0x96d437c10c9de440446cef47db6c85fcc1484ec15ab1d376e4f21b1ed1f65068;0x2ef716788ef9511d60e9866c254785a1001738580f2797ce905cd35b39428019;0x6cb8f502;0xffffff88L;0.500000;1503207882;1503207887
1;2048;8048;0x3d6d7433a026f0792bb86cdb42166620a2dd6fd114356d64a30996feb8141af5;0xb6b98a1b15535031ee052aae5d8bdc8e12ceceb1fd2715c3866de139395ca948;0x851c38d3;0xfd2715c3L;0.500000;1503207887;1503207892
1;2048;8048;0x672b0a3ec5aa917dabf78bee713b891577d8fdb769aebef87368bd749ab26e01;0x27d1d144b5302f8d19601d52faf9b5b6beb412a9dcfbbe96f19d9cfe269a3a18;0xf0a25a9d;0xdcfbbe96L;0.500000;1503207893;1503207898
1;2048;8048;0x6d7bb6427dd0db20cb8f5d24ec05f4e14f94ed61018f0381be88834798377f05;0x9d69ffbd64ecc614e6effd112f0193da5f2d90fc83123341a4255af2e2463e9c;0x400ff654;0x83123341L;0.500000;1503207899;1503207904
1;2048;8048;0xd446e04771809540d39d8509fe9d6ab3356f7691f265fa66b7626215c1fe8e95;0xc330efb355a0c38d92a4dfc309cb62ac829a3ee88cb2044756dfbef2a100f910;0xea67fcf7;0x8cb20447L;0.500000;1503207904;1503207909
1;2048;8048;0x6b88d685f9ce488da04a55fd8e4337dc8be1c2f94af2dd24e108f8decbed6d36;0x122a2ed91f4de2f1eda8e977062e8e618bbd8a8719b4288f38b9d2c3cfc73a58;0xdc208515;0x19b4288fL;0.500000;1503207910;1503207915
1;2048;8048;0x8aadfbae4513aee956a893ab3d6072dfe7e57146cdd52d0be86df69153663bdd;0xa0226686e8f50bfbb3e871383df78519bc41b4a12fccf295f829f096e82728d1;0xc937273a;0x2fccf295L;0.500000;1503207915;1503207920
1;2048;8048;0x90d02a8c9bb8ec32b0c3900fbf0fc7ad6a52afae0e72b28b643988d23be3bccb;0xb79b5491984f8c62fac86531ed4abece3369db0e0f08470d3b24b087bf6dadef;0xfaea8e62;0xf08470dL;0.500000;1503207921;1503207926
1;2048;8048;0x3d30330bbdccfef4c5ca08f622b0f45e1c92c27f80c6cd61a0938cec09c37246;0x2a4545d511ab3f0f10ffa7b71f0c72bb2054f8e719faefb89b1e36b4fc7ee8bd;0x847d31f1;0x19faefb8L;0.500000;1503207926;1503207931
1;2048;8048;0x24168b38e4abfe52ed86772e4f4789ce8610289f45b65cfc34ee1ae110a8ef34;0x42d090ca40420992fd2e186bcb6da07a2861db5a6ad5f20df8fcc00c86938082;0xf504a868;0x6ad5f20dL;0.500000;1503207932;1503207937
