1;2048;8048;0x786f37a17505d0b829350583dac0c938e3b856106ba3acc5e2cdc7ec4431f2bc;0xdc02eb3d48e39d017fd2159e32324e4c02fc16e53dd8586eb3a8db33103b91dd;0x3b3f7843;0x3dd8586eL;0.500000;1503194763;1503194768
1;2048;8048;0xe0688a50966c693e94bd88ebbe8ac7b95c8e2fc22b839ef6e4dbbfd3e5b56bc5;0xd28ff3f1b9927e0510bbc8a579ea37d89a385ae8fe2f20911450251b7d124b71;0x415b72c9;0xfe2f2091L;0.500000;1503194768;1503194773
0;2048;8048;0x8e11c36838fb595f472ebcbd2f5e1bac044f82f6ffb99d71e0272e1b07cf7e96;0x9887fdd234d38345135197ce995d257194720f800575cd005857784c161db2c5;0x7061e5de;0x53490482L;0.500000;1503194773;1503194778
1;2048;8048;0x61a3735898e5d22addad60bdc5bce04dd08f2b0569f4ef3d32717dc4986cd9f9;0x3e5020c80e0e6fa84483ff4dc08f83f78ad0eb158f30e249959351d89660c590;0xd4ee7b65;0x8f30e249L;0.500000;1503194779;1503194784
1;2048;8048;0x91aae29c146f78c5835bd8df884bfa7e55936e4c220d30b4f17111751dc52dae;0x4838e2c3853a58350575f7d3412c14e7857053c0c131b0da616ec8c037dd3bd5;0x1dd29334;0xc131b0daL;0.500000;1503194784;1503194789
1;2048;8048;0xb5e2ff557f952c7ecad1214b692b5664561f24770dbd7f35d0f780b37e455333;0x0f5231bddf4bfc91f0bbfb9ce455cac22633504d139d0b2fe551edc0eed8a398;0x1948ae75;0x139d0b2fL;0.500000;1503194789;1503194794
0;2048;8048;0x2e93a825823dafde63f52856dc85a5360bf5e9d3de994fce835d1091333f9261;0x2c450078a64f21533766412ae13cdd994191daad630bfdb9f83661472a5b0ba4;0x8e505918;0xffffffa8L;0.500000;1503194795;1503194799
0;2048;8048;0xe6345c4f0510e0a8fb02b8c9a25037f71777d7c6ff088368f6576b229bd1ea81;0x9a436dac564f0db42d8130d619e565965bb9328ecb12ed4024c72e1004c41847;0x6ae148b0;0xdf200549L;0.500000;1503194800;1503194805
1;2048;8048;0xfbc0ef062f1bded390a6514c19c01b62b2781b4147573de99ff35260d5679fd0;0x6649fdac8481c3ceb118a3fd64473ad41fa11c08045e31e62445adf0d39fe51f;0xac623b03;0x45e31e6L;0.500000;1503194805;1503194810
1;2048;8048;0xdef51457d8ffdd1e2ee34dd75c5f9e6944482be71ed727d86bed69dc4263ca20;0xc9b5179f9e19b2467042fe92c490380722ee135b52f4fc8804944a7aa5772fb3;0x5fdbff91;0x52f4fc88L;0.500000;1503194811;1503194816
1;2048;8048;0x48cbe6a09510a86b2c91fea030ffeab8b5e2c749fb930e7b697b4fbc22267e6b;0x70cf5b1912e79d4048636e45484138257739eaf188f3c58161c5f0929c014bae;0xe688c3f6;0x88f3c581L;0.500000;1503194816;1503194821
1;2048;8048;0xf3215c75d4db73231a0b3b1737900edee54337e45764bcda6eab16792936be1d;0x427936c0bda8a9d59632b22a5cb17b38b4db2294a18d5b92143be7d9840d68ee;0xd5161e13;0xa18d5b92L;0.500000;1503194821;1503194826
1;2048;8048;0xebc8dd81469a5df3e25b21037e99315f6a218c720aa8f475a623aff946290e31;0x075490e773b8fd7961ff4c928475dca26205bb9073242cb13dcb53e70925ea5a;0xfcd82151;0x73242cb1L;0.500000;1503194827;1503194832
0;2048;8048;0xa47d63832c6d1863febac98384deaef29bd9dc59e19069b441076381f5112499;0x769d49a5475f04615951ed3b940549b829d6268d26460c04acb03736f2ca4640;0xe7cbafd8;0x9060942L;0.500000;1503194832;1503194838
1;2048;8048;0x8bd18daf993be8c7df4928b1c6e808eddb7cce5a17d3af22a151f462c5937850;0xed601a2fa25d618fc900e1c489ee646377b0694f9c88e1697d0d6bd828e21236;0x53fe35ba;0x9c88e169L;0.500000;1503194839;1503194844
1;2048;8048;0x71a53354cdf8d6a8f1e0b21fc32c982ef0f63dfa1a94e0bd426363dba1223313;0x3fd640fd7a9bb0bcf65bbded14c29e1e00373bb96d1bd37aae1c75974ed1303d;0xc833bd9c;0x6d1bd37aL;0.500000;1503194844;1503194849
1;2048;8048;0x025dfc052748629fd9ea0be7b87b4a42a5b180b2aa808dae0b138b991b10031d;0x565ac0b45b5104ef36bde77680ebe52b724b6d57b70c67d23923caefdb30af0c;0x2b7595ff;0xb70c67d2L;0.500000;1503194849;1503194854
1;2048;8048;0x881ded1a340e0cc45cfe5e1381d65aedc4edc00a439f1ea6961888d82ce223b5;0x50228f6f02f09e82aa7af048ecd8776e0c6bcedb8fe4ff664d67ff382dc57399;0x406bf257;0x8fe4ff66L;0.500000;1503194855;1503194859
1;2048;8048;0xb0ad3bf86b83332044f0fd50c1a3ad631c27dd641a5511fa6f00063480b59830;0x58f5dafffebffa3f8b5d5d4a65d26b3cfa472dfb26ce974e424cc20d2af023e1;0x02c9c476;0x26ce974eL;0.500000;1503194860;1503194865
0;2048;8048;0x00dfb0aa70662fd3533e2edf1436b4f51c065dfb048ce0d58175e93f103acc11;0x9a4b2504bdb180e384ab010a0fb566c24ee8dd7a4427fb4035ea5dd869a2da12;0x536ca6b3;0x51080451L;0.500000;1503194865;1503194870
