1;2048;8048;0x56945c96860b68302fa72555fab97b53802fd9e266001552cd73b6aca2b3b1f8;0xe9a12bf9705d6bfce930f778640ee9c2468b88472c875334f86533b10cea9d4d;0x5c92dd8c;0x2c875334L;0.500000;1503128366;1503128372
1;2048;8048;0xe89e6db190690284c0363e8ea7802a857cef7c0c2a81dfcf5705e272bbc08aa3;0x690c156bf00674560d7afa9d576d18249bf23a1dc91ee8468587eba81fb73cdb;0xbc1b0e79;0xc91ee846L;0.500000;1503128372;1503128377
1;2048;8048;0x382c57dfd5a5e87b6dee4650eb3d4fdf7d0a9656cbe4ab92a52ed290a38ac8db;0xebcbda8210cdaf8118832d9ba04afebcc790a58baa2b7d1856f5a4126220b4d3;0x8d447ee4;0xaa2b7d18L;0.500000;1503128378;1503128383
1;2048;8048;0x922881a2dd21db783225f459eefb92394187580259c4ce5b8ccec288381e68ca;0x5dc12ab50ae7e0d76d7f99a7a9b92024a4c3311bdac3976fce4591a0409134c0;0x7a620f73;0xdac3976fL;0.500000;1503128383;1503128389
1;2048;8048;0x68c3cb3948b2f80923207d03b5d08d9cde1c1dd9537c6c5968fba67be9411852;0x0012164954225e498f56928b298ece02cde65068e6f991df1438c6a3060335dd;0x7a8c0e2d;0xe6f991dfL;0.500000;1503128389;1503128395
1;2048;8048;0x69d8fe95ceae739f0739228f899809d2bd3e56692ca8c46d67a7ad0c0a060773;0x3c649227267dee04e4e82a26d745bd199784fc8b6b4f380c146359270c55d58b;0xcf99e4f5;0x6b4f380cL;0.500000;1503128396;1503128401
1;2048;8048;0x2e7693ce8bab63094b71fb5205b3b954d932846a26f09d06fdccde7ab01bbfde;0x0dee1a103e2e9d910f6d266e09d0ae3537908e71a23c2f54bd252ac659297338;0x08a85a59;0xa23c2f54L;0.500000;1503128402;1503128406
1;2048;8048;0x3530926ce7e963aa2a1365fd45594bf9387acbd31964f9229c560c5a4a4fa37f;0x1c4a15552bf57812cfe061163a138571bc85bd5e456413f21131af1195b62426;0x716f902d;0x456413f2L;0.500000;1503128407;1503128412
1;2048;8048;0x598d73b6acad1f01ef781b6dca48329114d48c497a7c0cccd9b189000cd3e765;0x29900d6104077821ffc03f322b69f8837c544c07616e942e0ca9f58132d8a150;0x8d895e75;0x616e942eL;0.500000;1503128413;1503128418
1;2048;8048;0xe6e7c5bff44b6ef10d9d230538448446aebd61e8717c1c4a41c4aa3fdac5e5c0;0x09eedaeec06c1c3e0044a037f35c9667211a2b90d5aedf317d9ad4b0a98836dd;0x0932c9a0;0xd5aedf31L;0.500000;1503128418;1503128424
1;2048;8048;0x6a374809295acafd01e971b722f3e31fc537af46b0eaee220eeaaa8a144a937e;0x3f3efc7d4403924c530042aef7706de4d79e77ecdb7bc896ba25dbbca0ab792d;0x6070edd3;0xdb7bc896L;0.500000;1503128424;1503128430
1;2048;8048;0x99f1df68d39351bc25ce56fc052083d45a32972384f3a610a975acd70e1539a7;0x5409e520fd45c3322259fd65d5d42cc56db8d77fa2821521105aa6523a4404e6;0x7bc15590;0xa2821521L;0.500000;1503128430;1503128436
1;2048;8048;0xc2a9018383837f412edf68b0cca8fe31814417d665ef25c4da520f577e0c2040;0xe27f496bc59dfe85005d5bcb33d893ded786dabfe4a4480703145f8923a0edee;0x96891ee7;0xe4a44807L;0.500000;1503128436;1503128442
1;2048;8048;0xdf974cb4d4d8ea4e017cd3abe158603fea24847ad947653326876d2541fd4b21;0x238a00f111524334308f97e8544413ccca02b524f725cbcb463c3d972b363cb0;0x6ae8cec2;0xf725cbcbL;0.500000;1503128443;1503128449
1;2048;8048;0xc2d87fe9836354304a272fad2fdd193a026e982e43d1378bf424e67cf4c4c7b6;0xedc7e7c6deab5ad2d7c956b77a0b4e05d657d0c5fed0f8ea6f9b028c2bfc4ca1;0x926b4653;0xfed0f8eaL;0.500000;1503128449;1503128454
1;2048;8048;0x8bc5d33e0c61a4c22613b1598eaea2d38bbc18a842a5dc1a4ec58c1dc38c6c4e;0x1099084dc63f9e887021a4c825404369f824849578e84677db7e38cb43d75009;0xd8f9987e;0x78e84677L;0.500000;1503128455;1503128460
1;2048;8048;0x83484cd38d70861612fde2c1715f4251db8959e937557b51a971cb9f9db0c220;0xd5866e82a46f7011abd5f92435f92c85252c728f2fb5efdbd0681d9839b7e23b;0x6cefd544;0x2fb5efdbL;0.500000;1503128460;1503128466
1;2048;8048;0xf015a5a4f7c2aaba95a2df08c26fb7ebace1b8957a2ac62133ee9c512c51851d;0xce8e2c4136f6a0e98a54227a921c3f531a729486d452529543411ae5f2420fc6;0x38002150;0xd4525295L;0.500000;1503128466;1503128471
1;2048;8048;0xd90618fe2b6406616237949dbd544a5ecd8fa1819928357e3a4b7705daca68b4;0x593b2be70c70240be6c215c940989c65bb271f0a95ee68859f59683ac41a96b9;0xf457ac43;0x95ee6885L;0.500000;1503128472;1503128477
1;2048;8048;0x7523e208848c431b3d481ba043fcece5da2c2c139d2fa10f588a2aae9522850a;0x47d81679c1a4ddf5e50f56a29011f79c1ac713ca9c514799b57fc0edd7b57045;0x0a5b052a;0x9c514799L;0.500000;1503128478;1503128483
