1;2048;8048;0x2f4e55a7831b5a09149ceb442838b79247bf05fceb77781cccbc20afeb970c1a;0x2eab3aea41a94cd134f8a25cb7d914cbcaa33b28e9997347f88b45a19849dc91;0x6b0bd098;0xe9997347L;0.500000;1503137224;1503137230
1;2048;8048;0xd4690d5139f9b1b04031024e45217e7ee1fa8324e09a8a13469b78475074c424;0x0a3c3e5a1b7b39b07c68ef9cbd41890e0eb68c80654d6bfebc068e0b1192286d;0xd39daf74;0x654d6bfeL;0.500000;1503137230;1503137236
1;2048;8048;0xf7c4a42701c10ab7e5c5df20d0dbf1e131cbe2c7797b0410a8bbc2886a9d3161;0x48ef312c614b23dabe9a4732c224010c3c56b25a7795f8d6c7c71073840bf22c;0xc71bcf38;0x7795f8d6L;0.500000;1503137237;1503137242
1;2048;8048;0xe0ec5ed3dba1236095b1ec78c1a1d1f83c8aa2a6c862809262f44870bc4a759c;0xcaa78713650918b8f7ec8701cc37dc5c350b39388ffec0f9473fb43dd3d5e68e;0x9fecabfc;0x8ffec0f9L;0.500000;1503137242;1503137247
1;2048;8048;0x4a00d81b304d86d3202e82031639a38f2c931f7acd6ab5eaaf83d580fcd13146;0xf84a1777f6568d174d160648f0fcf640e1d12c2c785c17dc5fca363b1a3f4934;0xb9b0f7d0;0x785c17dcL;0.500000;1503137248;1503137253
1;2048;8048;0x8b1b5ce32b55f9f37ff83f7fc77fc489523b7090f14d4a2ebf2a89f8434b12ce;0xb400886971a0a017d19822e0a522e3db1e5a1f5fefb0eeb45995accf95c81010;0xe27cfaed;0xefb0eeb4L;0.500000;1503137254;1503137260
1;2048;8048;0xcceaf7169944d10ae359797e8ae6334c71cbaf5e000bb499b3a18a7e0ecad2da;0xa92b10ce7b555cbe13edb33d403a3d4b6e760aad3f54e9b041a1819596a60edb;0xe417087f;0x3f54e9b0L;0.500000;1503137260;1503137266
1;2048;8048;0xa38c7a86baf6990f4e36f2eb599304ee2e4e6f79323e6fe262a614a3a59fc048;0xb1d62035aa20a5680010e01323945f2fe22c94f63a22ee064c2354530859918c;0xcc2611db;0x3a22ee06L;0.500000;1503137267;1503137273
1;2048;8048;0x05eae07995bd07b7cb9cd98f963dbba9c50e2827485a29fe5cd9092ca860aaad;0xc6184ada46e2a7c49f75c71a385c3c2585213aa1200f42634c6ae1d0cff67797;0x9d85daaf;0x200f4263L;0.500000;1503137273;1503137279
1;2048;8048;0xffcd8ec475f74eb74f38e2d6871c927e5d4aadaf7bdd72e774bc8ca5818b4280;0xd6029931e2fddd7978fe5029ae1cf14a81f597de2e7ee4077f63ad9ceb42c541;0x275fa88c;0x2e7ee407L;0.500000;1503137280;1503137286
1;2048;8048;0x32a53d64786e5b78b084ca77f4d6b1dc70a5077dfffc6ad48c5ebe1c66b38799;0x1862a9d2f77c8d0f3aae264de3e9ebecdb7922b3f9852f0fab1894ef9682b1c1;0xf79669eb;0xf9852f0fL;0.500000;1503137286;1503137292
1;2048;8048;0x58e0cefe047325d039a5f11b159653c8ffcab0fc6185dfd80378b012268f947e;0x726c1b4e717b02ac0a53e6679fd891ea619d088367fe708ea474eb1538c6adb1;0x34bbc712;0x67fe708eL;0.500000;1503137292;1503137298
1;2048;8048;0xaaf494a9bc939924670b19c4432fa65095d2c522709df93068631eb3b957dd63;0xd025569d48023acd062fcc90cb6ca9907c4c938dd6049e229b4251a910bf8278;0x8c680192;0xd6049e22L;0.500000;1503137298;1503137303
1;2048;8048;0x076fa11e4fca80fa42e2ad1e0c0f713c0aa1277b01cc64524a62836f75cfd87d;0xc8b9333ee63a180bb0c54f19cc4ce5f1a9c16f9b279060fd1d7dfc830e3fd53e;0x03ece5b6;0x279060fdL;0.500000;1503137304;1503137309
1;2048;8048;0x4a9511737001c4924c696ca6cdfe995dd9e90a41ec79ee8cc2bf8904f2234f3c;0x5166ef2aef8eb034781a4b01a3eccffc727f7005829816b553841a0461518ac2;0xd25384f6;0x829816b5L;0.500000;1503137310;1503137315
1;2048;8048;0x7da069aa37d6bb6a3c3dbbd3d358f8dabc3581cc77cbc044c29dc34109a7ff86;0xbfcf22555f988921949333200061b6320b0c7629f3acf52e45969f06a99845aa;0x1af7b743;0xf3acf52eL;0.500000;1503137315;1503137321
1;2048;8048;0xd3e192413667e2d86922bb9c1858d3a090fc8258dfd56833825f01a1ab2edd7f;0xc9c17ea437297a0a63c89a2a83518973b8e8babcea9bca11735f73088ff07020;0x8f444c69;0xea9bca11L;0.500000;1503137321;1503137326
1;2048;8048;0xa388be3afaa55ededfaade697f0b220a585e620a5846bcb29d2b6959f5a74298;0x7fde8f836ed75a1a799b04d471bb0953a323efb9e97d2f4cbb4318d1c6b11c55;0x42ebc247;0xe97d2f4cL;0.500000;1503137327;1503137333
0;2048;8048;0x43c1b7cabe03e07ed4ba77b512022e4c1573cd0a9b02e866be687bc88e5d69d2;0x75053d1f544ea442f39e004062bf5ae04915c6321fc52600d80b877829499a9b;0x8a713dff;0xffffffffL;0.500000;1503137333;1503137339
0;2048;8048;0xa67706be1da4203cc83934e18406ed0746c113e66bf564da6264d6786b805111;0xd26b471286317896c81e217929b9384d064fecf688ab39141618fcea84803d9b;0x3855329c;0xffffffffL;0.500000;1503137340;1503137345
