1;2048;8048;0xd5df2b505ff0eb0bb3cebb2af500a1e1459ff2387f514202e6169564f36a37c9;0x087f5dabe8b93c3f34d5955bcdb47af1044b1f3de3a3b1116dac7fbcca7fcdaa;0xacefaa70;0xe3a3b111L;0.500000;1503200684;1503200688
0;2048;8048;0xbbfe130dacbeb0fd737808bb866d90d2e8965780cbc4cad583d0be4cf30e23ae;0xe361b8c95ff1ba030a9030a4d6938fc4d82bb7d98064d9047908af0015432ace;0x826e3aab;0xd2560491L;0.500000;1503200689;1503200694
1;2048;8048;0x8549fcf76030d2c9a41fb62f0ac399fc022b3df72e652553b1e11232a2c0a127;0x04609efa3cbd3a636aff269f09fb8fdc81de0f6b056885ce8360f1753d52d38a;0x2fb6eebc;0x56885ceL;0.500000;1503200694;1503200699
0;2048;8048;0x4d0b4c6446a4018f7e9d85c27673d7217bf089209406dd3bb489cddde8546735;0x9f4e996af026403b73a7dbc297d079a1fd4c355bf489eab58c1346a3ac040ec5;0x4539d5bb;0xffffffffL;0.500000;1503200700;1503200705
1;2048;8048;0xeaad3ed74a24701d80665b91bbe1b086dca63a35be6237da6ba891c636b6dc20;0x8633b4ac489e43003399cb6e5cfef7f30c0f5efb2cbf2f366235407fabed75df;0x91b574c3;0x2cbf2f36L;0.500000;1503200706;1503200710
1;2048;8048;0x7320712b8c22f342f6adda7a77c54d6f34a08086008617ea1837bc8ca1afc314;0xdb48dca8b064a61a8dc91656f177ef499a0ccb8d48d41e2d80b1042bf1618bf8;0x7e5f7e39;0x48d41e2dL;0.500000;1503200711;1503200716
1;2048;8048;0xac9e3df2aa6f1516bd7ab37a8b36842996dd11cb874de583eb1a4b46f4db5ea0;0x6bf7e5d2cbdb8dc141c424071d95b25a9cdbb7782913356f902be06ff2c764d7;0x9e4053c3;0x2913356fL;0.500000;1503200716;1503200721
0;2048;8048;0x69a8786de98ec7ed282ddd2740e080bff8897ffe58c8dc714dd83bce7e52dce7;0xb0626273d2be29c024634bb900e4ab77a5511aed5974c64c179fe5a2bcd398d9;0x56e94859;0xffffffffL;0.500000;1503200722;1503200727
0;2048;8048;0xc5febfca24217778d67c90eedf35ef97863c93f95a27fcc18f8736d45420e019;0xb2f10df99ad1db06636231518d3ea6ba7220cc5a7eb2bb70778ca0d2a793f22b;0x54abb4a4;0xffffffffL;0.500000;1503200727;1503200732
1;2048;8048;0x1a032102bd73cea8a584b449516fa7cfd5156dc61f54826377238bb3bafa71d4;0xf84e8f6d2bd9ccbbc9ace0394a69fda537a4cef061721f4ffa286ea9f66d8ed2;0xeedf0c6c;0x61721f4fL;0.500000;1503200733;1503200738
1;2048;8048;0x230b917a76944bd9d538129bae1b10ebd7eda946961c36cb39e46e0574f06b97;0x73fa5c716359d18b7b53422f096379e511fd4edae1872db36c8722a719a3b995;0x1757bd7e;0xe1872db3L;0.500000;1503200738;1503200743
1;2048;8048;0xc8378bf5c03e4d4b6b1593e72d634ee22472137556e705051c84ffaa1fc023e7;0x16637e0408f89aa0b081c50ad81fe0d75dca94743d38a9e80d3c9169681e6e30;0x829bc85e;0x3d38a9e8L;0.500000;1503200744;1503200748
1;2048;8048;0x51f2f562e45ee41790fd2e7e8983a5d95030cfe53c996254a832a6ff0121c253;0xaa476041f2afe713189458377e5f997a708bbf0b136936de2714c19da554cf35;0x88702f9e;0x136936deL;0.500000;1503200749;1503200754
1;2048;8048;0x9e63e801bfa0be076f000e8b6bb0253652b1fbda3449741b78e7059bc5045963;0x261793716489014d1116a05c1a003dbe02e99f1f2a372316edfef1550814efa0;0x24faf75c;0x2a372316L;0.500000;1503200754;1503200759
1;2048;8048;0x3cc146cbf51e1e14ba10c4c9d60cd59beb37fa1c2e0df549b4a1eba46874bba5;0x1701f9a1e5edfae06946a26ef63827779b59776e15cc4d67c8c5622b1a5dede4;0xa9ba1ca1;0x15cc4d67L;0.500000;1503200760;1503200765
1;2048;8048;0x011e3fb0eafb15ef863531495e08f5e905896122d7d17f141304cd93ca1626cb;0xe218ec38be5a01f2c984f79dabe2bffe829b4268171e3d588371809c25b18c66;0x0e7146fa;0x171e3d58L;0.500000;1503200765;1503200770
1;2048;8048;0xdcf079dc6df7ee59feef247f020d5c91c7335c9a4cb9ba3aab0aa309164a26f2;0xde5d8f6ec99593ec5d64958f545c1297f3a389eea86caed4080047df9d0381e2;0xdf828d7e;0xa86caed4L;0.500000;1503200771;1503200775
1;2048;8048;0x606d13db467d714c167dd8fadeb3026c4bed2d083d0dc28d1bab1c3dc7b4aa27;0x5dbbfff6eeedcdf0658c6c53a833856eff453ddd6476ec7f00e7225a1c1ac172;0x32673218;0x6476ec7fL;0.500000;1503200776;1503200781
1;2048;8048;0xf1d8dfa013ba394d801abdfdcee51b476e21494c188eabea3827d9157ecb6470;0x3018838394ef29e508579877180052618824a2725f14aaf62361d42d3e2c6bfa;0x421d416a;0x5f14aaf6L;0.500000;1503200781;1503200787
1;2048;8048;0x2ee56c2dc2b21dc9ac5cdc6ced5e2871ec1f5333795c77f621599834e5069a13;0x5cd267c00cf1fde0cf0df025d78da88390bad05683fba62b0b56368693b1f35f;0x7033a0cc;0x83fba62bL;0.500000;1503200787;1503200792
