1;2048;8048;0x99b8f5ac94d7d254a41a739eda6e2157332b76afcac71137524383c5ed984c86;0xa575a026b468c36c04aa159611667920e7ef6cb009746b28db841adcb4f61ca6;0xb319ded6;0x9746b28L;0.500000;1503213765;1503213770
1;2048;8048;0xe21246fc80c9eae3caae806913238238ac42da3f4ceecc020a4b012a7a28ec5c;0xc50edff2b4d1cb769898ae60c0bab051bf928ba0535fdfeb4106fd8103a4b966;0xd8f250bf;0x535fdfebL;0.500000;1503213770;1503213776
1;2048;8048;0xbec0d7c1e34f8013f770ead2df4dabc5bca20e25713679d10fe9058716cd08d4;0x3dc328f1cd127953338486970877eaabbdb397facde8c8e96b9d4ae121e0e592;0x00826386;0xcde8c8e9L;0.500000;1503213776;1503213781
1;2048;8048;0x22312e495b2cfae0afe64b4ec140802c300c189a9963e4d3f12f233c58cb0b7b;0x6409d33df238f8968a5d51b214d87f7856d04db495c77151f0cdf165f1126f9f;0xf861d19c;0x95c77151L;0.500000;1503213782;1503213787
0;2048;8048;0x429229e7ddb6134ec974b4ad41cb8b0f9c84dd878d54d412b0ce26dbe7814129;0xce6c4a88b865520cc533dd16d22128095a2e6fd47c00e5c62ac718ab606f1b01;0xd88ed6e7;0x1044e5c6L;0.500000;1503213787;1503213792
1;2048;8048;0xe86eb0bf6a3a074315744af83cce9b3fa800574ad198173e4f03c9df48e47c30;0x0cf3a52916445e5269cc2c00be1f42154e1448269e052381188c7f3632130d57;0x2afef48d;0x9e052381L;0.500000;1503213793;1503213798
1;2048;8048;0x59de2340e79489836f50d033f8baf3f1113864b3615d78966d9e53923108a68a;0x4da06affef4658313960b1d1be0b5413b832430cc7fe47d41e0b3e1231c41fac;0x44e01772;0xc7fe47d4L;0.500000;1503213798;1503213804
1;2048;8048;0xe9d1c7bb0f70a1be89c1b26ac7e0262ad250a6c93e9d5b34623fafd12d0d0416;0xcc42baaf11f325f6fa497b036a6e1b35123b7f767e8b709a18e1f8be2b9ebdad;0xb429ef7a;0x7e8b709aL;0.500000;1503213804;1503213809
0;2048;8048;0x3cfb7bc4b743f456fc4dd217a2d38e86f1576597a17ba20b7ad4fc20891253c5;0xb8bf970094dd86225e62b09324492731c0812aa6c09ce604b52b042d9653a466;0x5dd741fa;0x21741251L;0.500000;1503213810;1503213815
1;2048;8048;0x46293476b9311bd571785058249e87560479b71f10e51d9290b3c23f33336179;0x8aa7e3421a8f811bfd6d7d6d135424857806813954c8f7fb8c778c69e8d443ef;0xc15f8768;0x54c8f7fbL;0.500000;1503213815;1503213821
1;2048;8048;0xda6a33a4137da983f7046587f65ee1953b401803ef896b28a9ac4d6bfcaa6dd7;0x383ef92afa510fa756689afbcf913b8a9108f81c054cf2416e7e4cfd95dddc6f;0x3d910d9f;0x54cf241L;0.500000;1503213821;1503213826
1;2048;8048;0x971f40cf46d56c118b0556cb40609e7b2ad5eababffef7747bf33416f14f4e88;0x5542d5fb9f4f1ed470ade850f9eff7ace0b8a4955118cd8c35150bb524db01ca;0x55ef807c;0x5118cd8cL;0.500000;1503213827;1503213832
1;2048;8048;0xc7caf1c3847fa43a9c07807f19c5ca281811364e76eab6776eb1c42ad579269c;0x2ca0df71b32714c28c661ca6c993d7b10b8acd650f955aa5f34fdcfe2e943182;0x6acda2c2;0xf955aa5L;0.500000;1503213833;1503213838
1;2048;8048;0x7a75d5630e370e27864b13b62bbbf2764b2ca3cb1ccc0c587f29e57b331c74ad;0x1b4ae5501cd5ce84dfb41c3f7696431dfd9f6de8556205d09a9e53e19844ded2;0x0330604f;0x556205d0L;0.500000;1503213839;1503213844
1;2048;8048;0x38d755a58087c222e9f97d29e68825d87f9fa5dab5b5a1f3b846b82748ef0c80;0x49baf1a783f3c582ba3730e66c3b27c44474f8125f7d2c3db814a3fa48f6b3a4;0xf91a6391;0x5f7d2c3dL;0.500000;1503213845;1503213850
1;2048;8048;0x06a856b2f1470ad9d2f6ad2780096e68c60f528af81135272cadbb2f9ceadfa2;0xf9e8e4429e9a636c42cdc106bac72f1d3abbe6c5d9941177f25e67f0ae7dea3a;0x5b9af5c1;0xd9941177L;0.500000;1503213850;1503213855
1;2048;8048;0x121c3831aecad6ae99f3e5381f961aad6e9886c0c163319922ab9f1d1c3c142e;0x776da2c1484fe56ba9dcf69cd9aed76284a3f3f47bb0334933a65497851e5397;0xf8c89c65;0x7bb03349L;0.500000;1503213856;1503213861
1;2048;8048;0xad4d245dd23cdeebee4169fa449bf9e7e4cfcce467703315870a265ff588f2a2;0x1df4f8215e3e7dd2a83095f2de213ba63bd59bb67f7406d39f21e9662805cf05;0x6eea592f;0x7f7406d3L;0.500000;1503213862;1503213867
1;2048;8048;0x11095199d99691c89cd1d629b7600a49e3b93b0ed82b7a62ce81ec5d61bdf472;0xcca11574c0aed4b5dee03115f924e220965710b1f58dfdfe285598971dacec35;0x182082ee;0xf58dfdfeL;0.500000;1503213867;1503213872
1;2048;8048;0xb11f42202345e17178945d74b81a875008e49bd7e6f580c0f9527b2409f97dba;0xb2c90e52c5ab1a3f502f9c95ef30c8a069d15de8400b0589ea91d3cd02adc58e;0xfb3e081b;0x400b0589L;0.500000;1503213873;1503213878
