1;2048;8048;0xe9f99d0c1624fa36272d5c9c81058b455ef818086f90fe37d0565bfb74e8795d;0x28cd1cf06aab3c3dc36b312ac83c9f706bbd9c6f813a24529f3a8af66fb8f8a5;0x360ae586;0x813a2452L;0.500000;1503182843;1503182848
1;2048;8048;0xced476c23dc084ca7f84f77285160abb48dab3aabd3091734202b42097b4b965;0x040da2b6e3012670f81e3aa8373f7dad22f8cfcaa2a56b36f998e39ac244dde3;0xae17d1c4;0xa2a56b36L;0.500000;1503182848;1503182853
1;2048;8048;0x66337ae2db4dc7209cef01c461aeee7e77eb9bfab6c7c72ddebf6d1f8efcb1f5;0x435ce2bc24e083a394af54cf76fd2cff28236d6cabeacb7aa016c25740328ee5;0x3786c9c4;0xabeacb7aL;0.500000;1503182854;1503182859
1;2048;8048;0xde196a49aa3720636a8989a17cdf13ec7efcc4e1bbae949ee6f6d55f5f46e03e;0xe7bfaa10a43fec3daa3ecf0d5e355158d959ab573d1cc54f5f85e43058781662;0x53eaf1d5;0x3d1cc54fL;0.500000;1503182859;1503182864
1;2048;8048;0x82ff108a4abd64ae1c94f373c6715dccd4fad7ae3c82c25368ff893f5711fcd9;0x6b23c6a0d1f456fef642b31faedd6e8d1fc0cc4bff130122e422d4c65fdade49;0xe701fd0e;0xff130122L;0.500000;1503182864;1503182870
1;2048;8048;0x51cf429bdeb3b788bc8912cb48181a2f007a2eefa5f8d45fc6f6366f6d78eebe;0x47350b0a415e2c142f6d2abcd5ef5b0de5cb13e01c5f9dc3828bdbc33641b33e;0x991a21f8;0x1c5f9dc3L;0.500000;1503182870;1503182875
1;2048;8048;0x23217647de6938b50996b588eef4b92cdceeafbb9caf1cd230640be73f781962;0xba75e0aff2f5cb35ca6a02c4b62658f10631ea85c2087eab228fc960d008379c;0x916e1629;0xc2087eabL;0.500000;1503182876;1503182881
1;2048;8048;0xc473921c1163a26c0c7d061568b56c5f5ec7dcb96cfa6783685d950e6420df28;0xf1dfba51e1eefaaf36b172a426c1fc32ee6f0b352a5e779246b5e094a3dd4cfd;0x97c84b5f;0x2a5e7792L;0.500000;1503182881;1503182886
1;2048;8048;0xfbe912c1ff7f5e7a2c033073f9ef3a36c6970c676a2226f2b9b2fee89842ef93;0xe9f29745dff810e594fc55606ced9f9266ca0a6ffda86fd3e5ad76fe4dc64042;0x0b70b588;0xfda86fd3L;0.500000;1503182886;1503182891
1;2048;8048;0x6a9048bbb6d2932c0f03b6de299749f215f745fad7613f3aff1f2433e7aaaf52;0xe4d8c384e7b7c54f89f521e63b19fd0bb5efca867d5a8e3dfc814df7829e835f;0x005783f5;0x7d5a8e3dL;0.500000;1503182892;1503182897
1;2048;8048;0x19b3819be82e3468e3bb7297d718be7b86dcbdba82e4fe43a340006082a9c49c;0x2dec9d95a869ac9660263546677231168c5b724a5ed569077257b737fef7f892;0x0eb1d142;0x5ed56907L;0.500000;1503182897;1503182902
0;2048;8048;0x1524ed19de7c0e0e7921eadb578443d05adeabb220e93431061c9ca160818f75;0x47d5797d5e1900c6cc010ff6c6639870576353520823bd80313fe1226fac50d1;0x6534f995;0x8080891L;0.500000;1503182903;1503182908
1;2048;8048;0x10b925240b8749825887b742fd21002f1cace0e633d9babb66c5dcc1c5a7e6d5;0xa893131777ddba2eea7ce3a8907ac364f0cbc3164e8b45a3941e39f1beb8342f;0xa2de9ab6;0x4e8b45a3L;0.500000;1503182909;1503182913
1;2048;8048;0xa72ae9c120a1a389672d1d5c5668effebdd0a73614a9fa19797b86d08bde0632;0x4496227a8d3cb4ec655fbd94bba81a9577f8de92ff43400f40cd778127090cf9;0x48d6f2ee;0xff43400fL;0.500000;1503182914;1503182919
1;2048;8048;0x0b0935e65ebd4456ceb43ac7e4d782c333f44f0a2c388c6d5b756b1d707b167b;0xc432bb4f86d6d42c3dfb177deb346d7020f2ab80ceb2e293215d1edd8e201b94;0xdc3c16f4;0xceb2e293L;0.500000;1503182919;1503182924
1;2048;8048;0xe9764dde26ff7912948a62e6e058fb0ffa0c57b5b19e53d0e92df4507526c35e;0x58e8ac1768d96827be97fdf02bdc16ae24be397c0a5cd96f22344ead2efc1a03;0xf3ad7ab8;0xa5cd96fL;0.500000;1503182925;1503182930
1;2048;8048;0xfc511238b1e22a7adb35c9c5bd22a1aa3a9b37c98c42c0b2c36086d3c4fb4bc0;0xad26da7049c3f13dfc0cc6fb075bb49e7b16dffb7d89a8eec100fd3b819d98c0;0x5715355b;0x7d89a8eeL;0.500000;1503182930;1503182935
1;2048;8048;0x429b7c894e564d98ea5915e87997466f309cefe81dbb6ceed959b03fb845d9fb;0x9877dcdbd882ba7311ccdaa8c806007b8feed2055b85482bd3f1c24a9817473a;0xd81dfb72;0x5b85482bL;0.500000;1503182936;1503182941
1;2048;8048;0x64478fcda4ce89f105a0fe22925827dd64ec9d81890184248f175df7663a31ca;0x502fa6aad7aa17e5ac9979801594764ccab1a48ff70b44ba0f6397f23ad0510f;0x3a9f6fe4;0xf70b44baL;0.500000;1503182941;1503182946
1;2048;8048;0x5ef39434930c234cfabb304a304cd8b17025bee89d3479e8314213e4c7090b26;0xaadcab03fd67acd9dd3a0f3d7f00bbd1e27cb1d3b7682f2bdc08d2b2bf14ca70;0x0bb4b1cb;0xb7682f2bL;0.500000;1503182947;1503182952
