1;2048;8048;0xe52c25a9ee7a7c6879a4e65fdac5773452c536480a77190f325c351f3c5e1822;0x8ab6d55d02fbdbc997ae424f148bbf68b63e04e23923a32b71a02750119912b1;0xcf51b403;0x3923a32bL;0.500000;1503089654;1503089661
1;2048;8048;0x997a79c30a2f79a32953cb58e2c99d515bd78a08001360a408ec835ebd116a56;0x8b85dcf36d80bbd2d2382dbc7aeca0501b00baed2b335729daa9cc9832b82313;0xaa7dbd55;0x2b335729L;0.500000;1503089662;1503089668
0;2048;8048;0x9636e9415c52d8cdd9f79f99bb07950639852a2b620e1e198c88af27bfa95d55;0x52056d194919764b8669a0b4e14b3293ef11e0257f3cd4847c45e4d7d8607e2f;0xb63129e8;0x9f422001L;0.500000;1503089669;1503089676
1;2048;8048;0x3fd5316c60fb4a65039c8b9df51b47e06cc76105b9e333db345f0c46fd03183c;0xf3b7bea54ab267ffe13e9acbb097260b6e5a8fb0bd49c0a24bec86befa43bc96;0x85ade634;0xbd49c0a2L;0.500000;1503089676;1503089683
1;2048;8048;0xd9ed42fde59de9782a9385fb745374c2b62297e5695449bb048b0a1123e1fffc;0xd61bd530cd2a874e8d561893af17a2b0bd51403cbffe0d1d0e364b74fc700533;0x5c33319d;0xbffe0d1dL;0.500000;1503089683;1503089690
1;2048;8048;0x6cdc8c3315236cc7c1f56973019645945e0ad9307a11043be0c7bcf8d328e540;0x4c36caf239634c2f747c96107f1b8aceaff57b0b8e5da949049867d5094ad240;0x8fa9de49;0x8e5da949L;0.500000;1503089690;1503089697
1;2048;8048;0xc39b11cae60c48cb46dab4748db6b8b0a13a647882ff254c90c514eb6fe58c32;0x31d271e97306712c58c04358f885a29f1391c69ad52d1686d4b2c33d608ea782;0xec2b56ec;0xd52d1686L;0.500000;1503089698;1503089704
1;2048;8048;0xb2e4f6bf329d46b05b7e2bfb0c54215000cf19bcd6811993f02958b920f671d3;0x7df4f7343dfa2f3e15ea8cfe659594f57a407f422a05aa65f3c522dd789fef86;0x284932ca;0x2a05aa65L;0.500000;1503089705;1503089712
1;2048;8048;0x3a62bf4ab160489e5610b6adfa0dc8b35aa9e55d0a2dd5aee437fda5fe92b239;0xae2778545c96cbb55cb4cb5a732799035c2e10866338258e0550efc2ca746fac;0x6d2b0db8;0x6338258eL;0.500000;1503089713;1503089720
0;2048;8048;0x9db6bc3d87ef21f7b3b471061c6f321c47cea5be72d86f9b781e7dd16397e300;0x8a26a8f68598753c0ee5d06496afec4167deeacae1f96a0130641aad60fb6700;0xb524f602;0x88950f55L;0.500000;1503089720;1503089728
1;2048;8048;0x6f19a047105ced2d89176cf1327778af18e93032412ba736c67f5e3e9d1e540c;0x702eac66b63533a0c92430b439ab7000897fcc5cede70d96628de113ad9c94ac;0x2260efe7;0xede70d96L;0.500000;1503089728;1503089735
1;2048;8048;0x9d60a4bdae27e745e405577cb620221792240d4c75cc46640d06da9fbe048f5b;0x64d54695327e56b91a6692558ed254fe1c4df4f2d322dc26c04739fd8ee286e3;0x12385b0d;0xd322dc26L;0.500000;1503089736;1503089743
1;2048;8048;0x70adfe9370900b947a426115365d4de07c3a79808efe09260d39ee26aa487d1b;0x116c43a1bf14f987923a63df2effaaddf267a4a89016a9f216b87a148a2c9f76;0x665b4fe1;0x9016a9f2L;0.500000;1503089743;1503089750
1;2048;8048;0x1282ee340f07519d9364285aa76ba88dd497573ac643aa2a705dc60d91a0d3a3;0xba034f5079f5948b6151e62a21db386787cca781acb6be55973194f736ce051b;0x1e89f6f3;0xacb6be55L;0.500000;1503089751;1503089759
1;2048;8048;0x4cdb9e5cf37d566a3a967d0c24b09ef9144d35878ca0da4e6c091c4abbef1707;0xa2f42ff4d3a8fac0e63a1e9e4bd0269c06c89567e69c1ecf51f7e32de49559c6;0xd3904871;0xe69c1ecfL;0.500000;1503089759;1503089768
1;2048;8048;0x15c4e2692cba5d6029d6441287a4c779672c34080af0cdb6ad37a0b08d9244a2;0xaa62e960e1b6bdd4e6c63b770805957faf2e1f7e7246084ea01cc801d224c0a6;0xb92c9b76;0x7246084eL;0.500000;1503089768;1503089776
1;2048;8048;0xdc2b21591e2e56d20af290cf58598ee71744ebdc52c42494f2f74fad8eea7c6b;0xd789141212c94f5709582f70bf0633054ddc5f3ad9221ef6f023ed0396de8361;0xb2ddc8fd;0xd9221ef6L;0.500000;1503089776;1503089784
1;2048;8048;0x84cf094efe3688011d442082993de9b1fef2a2fea42f74ac07824e19cef6e452;0x98d36c3ee3431d9c715b6035201b381ceb6bf1ce627aca7258fceba798edfbd1;0x05ff1b98;0x627aca72L;0.500000;1503089785;1503089793
1;2048;8048;0xc68de55f58311b3cf25cbdbd0c28a1bf61ae2d197bcb3ee987eede3bd97aac9f;0x0392920e5105f4a664dcdfea2b512d46ec25daa12c019634b6921b5544ddf9e6;0x875c0019;0x2c019634L;0.500000;1503089794;1503089801
0;2048;8048;0x06a8e2b5f203903dd619066f10da1437cbd5003c577e64cb22522beb575a6e5d;0x56fae419d8c4b7147f9c222c801c81a6247e82fce4e253e8e432cb68bfcb656d;0x770becb6;0xffffffffL;0.500000;1503089802;1503089809
