1;2048;8048;0x108873e8f299da1b96cea71a139cb03899d4c9f19f3ffcb504483b2e84f26094;0x0328cec78d335697ee98278a91ed9afb7902e93b9461087b8dca3778e0bcbe19;0x040ec271;0x9461087bL;0.500000;1503113134;1503113141
1;2048;8048;0x5c56e1ce5d81360e9da20af9da0835febbf707bcd8c5f39028af5e5a55aa5fb1;0xb1d145104a5c494b7be1c913096effd7123153106d06da225b6c2ed2f476f14d;0xbb30ab16;0x6d06da22L;0.500000;1503113141;1503113147
1;2048;8048;0xdad6f3baa6870631f658e716fdf01c375f7b279b36dbc8ce1629c6c16041503a;0x1f2951ef7baf51e2cb4bc4a4de91a5a50a951c6bc6f110ea2bb957811abb949d;0xecc44b76;0xc6f110eaL;0.500000;1503113148;1503113153
1;2048;8048;0x08c1af1476af8ce0b97c95075ff5225bc2f97743d19ffdf98d0c158bce8c9fd7;0xcb2456bbd365164fd674e6c9390cd00f573994c8bfbb51e3b187da7167a4c75c;0x868ab72f;0xbfbb51e3L;0.500000;1503113153;1503113160
1;2048;8048;0x089891617365139162d0588dc6882f321715965e20f81b938c5ab9c295dfde9d;0xd1442d63fc3cad9f02a5f0e43fec07ff6ae1d1a33448a358788327ec61d84449;0x9dd325f6;0x3448a358L;0.500000;1503113160;1503113165
0;2048;8048;0x727e889eda9a0072a69108cb580eb8834851ef4ad6dede6bdd112e6c134f0686;0x079086fc4c19125c199e9265110ff800c7645d7a0bc24b02fbdcbd848ae59b78;0xffb47533;0x90e808a1L;0.500000;1503113166;1503113171
1;2048;8048;0x7534a7512738d67f399df0752466c9c659653db375aace92be81ca7570b527e5;0x42141c00822c144c530e980309e9a7c460396e0fbf2812a8f8361be6381a5f36;0x13ae87db;0xbf2812a8L;0.500000;1503113171;1503113177
1;2048;8048;0x40a7faa4340006f847c7dd10d27ed6473f47c01b27f38a6a16d485235988c19a;0x0e3ef02848ae07a89d9a3dd5f53b92e242bb69455155efb4a545d17cfb701a3a;0x83665b77;0x5155efb4L;0.500000;1503113178;1503113182
1;2048;8048;0xe19f638ccdec9ca9ccfec7b978cde033e664f23d20567f719da3a6f275e50e56;0xaf14a011895918a39b97f7831ed66553d132fdb9142f2123d28d17be2d392666;0x4b72aa66;0x142f2123L;0.500000;1503113183;1503113188
1;2048;8048;0xb1c56b11ba12d1bf1868639c112d86b70a17ac81670ba9a7d1bfbeea660c2c18;0xdf7baa61f02d36071fcb25f68f7afce80e94528aa2a18a789bb158a573c39bee;0x7d419c7a;0xa2a18a78L;0.500000;1503113189;1503113194
1;2048;8048;0x8f2f49fb3044f599e6f2ee70c9c7bfe74785b09f49b2fd4f88096e4708b07c97;0xf08460e2f14784f8c2c8bd1f4623746092940d59099a86e60c34f535366276ce;0x0d1c4947;0x99a86e6L;0.500000;1503113195;1503113200
0;2048;8048;0xdf5f298b336ec27e00fce65ae847c1dcff5c0fb0a4a63088bfa8ee77d19be5b0;0x889c3b67ef46edcdc3143f46c01f77a8f21b866573fbe7841dcedd68c37aea5d;0xdc9a1891;0xd5140449L;0.500000;1503113201;1503113206
1;2048;8048;0x16f567d2f6ac3ded22304a9e1f711b34a592a68ee74530c154465773ddd470f3;0x7c675d88db1ad5c2cf254fe7703780740563e3210e772fcc90ec82e5ec487d9e;0x1586846c;0xe772fccL;0.500000;1503113207;1503113212
1;2048;8048;0x2e310e207a90739675d42b9e1069e95a513f5877429f4f75a6095020d3d25301;0x6dcd780c0cd2d91bf3ed9c80e85940cfea6d699f5ff8d145b67080fc62eb5b4d;0x7ece8448;0x5ff8d145L;0.500000;1503113213;1503113218
1;2048;8048;0x84cdbc4d3c8cea13c8b8511a865509bc7d02aa05865cc29c75e89eb09e101b22;0x1ad1d7b22773c03c8e9058df1504a4101250ff18f8e21ddef8342413fc7c7f19;0xe29f51b6;0xf8e21ddeL;0.500000;1503113219;1503113224
1;2048;8048;0x12338319ff9e6b7d4c57e807b70360570c04c646836aa4f400866713e5a3e6f7;0xe745cf59ec17bc68c7d88ce8c905f087912ad450adb7e4e7db2d3c93d0d8423e;0x3bc704dc;0xadb7e4e7L;0.500000;1503113224;1503113230
1;2048;8048;0xec47f4715f368be6f05315ad898c42bb6cb6495a3a360878bf207931aebf419b;0x4f334f07367c8654f46dd75c8b75fcaa21ee38fd921ddeec774ddf2fdd11090e;0x91e91448;0x921ddeecL;0.500000;1503113231;1503113236
1;2048;8048;0x56cab1e6f7f05509125e746ee335cd2a621deb8bac8244aa0100f6b6a73916fe;0xf24631d2f6657048de6f97f5835075cdaed5978889d0846b22b07a82300f30f6;0xb4ef9553;0x89d0846bL;0.500000;1503113236;1503113241
0;2048;8048;0xf15049812098a64d7bb174e76f87d8c3c42a66edbabf793a96628360a7ed2698;0x9f609383696a4ced6a90df1936dc3acb435825304c7f3d301b963cd7ae99d2e2;0x1519d422;0x52108a01L;0.500000;1503113242;1503113247
1;2048;8048;0x2809f09e898e1ce474723810e948985760af39f1ed2827b2f19ce90d43ddd86c;0xfa29d019f773445e452009ba40dc482eb0bbb8743a15446c61e383b7c94b6fed;0xfeaf673a;0x3a15446cL;0.500000;1503113247;1503113253
