1;2048;8048;0xc87316c0f31c7c255d90f7dd43c7909e1b1421b7fb7506db1b760a20f29825ba;0xda7f054089d9255be53f3f20ddaf529e3c73d594a15ebada85c3a131cc0f4ce2;0x8c08b85d;0xa15ebadaL;0.500000;1503166238;1503166243
0;2048;8048;0xabcd0460c99a9d54869b739370242cf88f3108b1cf5c61f04e387e5264299c0f;0xbf1e43e453bfbabcfca35980886f7d8fb47a0535745f39e52a42e8ea9f261b49;0x6d71325e;0xffffffffL;0.500000;1503166243;1503166248
1;2048;8048;0x4657e668660f1689af815a0aaf4a7fcc4999822b5ef7c6cc50640b22ce0fe115;0xd121ccd313d4f700804011fec8505032677b625e2d2cf7c45444f21501f6f474;0x098e4427;0x2d2cf7c4L;0.500000;1503166248;1503166253
0;2048;8048;0x720cb6ed5594f78edc693a7eabab780150a319b78f7617510032cf4ac6e39138;0x2e07d508afd1a35a35378411f094f3a40d7fa8a7f74700dfaa43d3117e63f2b6;0x9f3578b6;0xc0141dfL;0.500000;1503166254;1503166259
1;2048;8048;0xd2369f04348e0c058f892ac558cbaa58b0833cc0a26bd48a9b4810d9e60b2eb9;0x99522d16010734abd0cd4eafed407df27b7b4d8bc14edac77d5ecd7372808538;0x1b7dc5a5;0xc14edac7L;0.500000;1503166259;1503166264
1;2048;8048;0x8f4ee0e6c0d1cbb78a4230ae4a4a29ccdc86ed74ab3e35109693af4d90323b1f;0x6bf21c15911e3b276573fd2fe8982ae3e56ac0a6e9efaa4e552daebbce74652e;0x3c97980d;0xe9efaa4eL;0.500000;1503166265;1503166270
1;2048;8048;0x2b8ca7f9693f7a82d19fddfe39320d35fe0a12d82baaaeaa95f9841d73c85b9f;0x8f8217e6ce8d0ca8268c6d11b257d98edc3fc209d8e78a4764da1eaf4ca44b9f;0x01c095fc;0xd8e78a47L;0.500000;1503166270;1503166275
1;2048;8048;0xab7854b7104ff783dbf4f9def04be60c5490d0336125eb60643ddc9611c092bd;0x472e20f5381954da6081bc4924eb6a1352c911f6b21f8ccbd690534bfda26538;0x594f5de7;0xb21f8ccbL;0.500000;1503166275;1503166280
1;2048;8048;0xad57934ffdae8a7af08357fec9b35fb8d2c05ba4554cc9537b33a3f22db98ada;0xb095203f979484b26567eb4608ec87144a5a1226e71fe99fd4ea95631f825e35;0x29b04343;0xe71fe99fL;0.500000;1503166281;1503166286
0;2048;8048;0x5ff57ff756c7af2e3f26963faa2818fb7a5faca674304918f9ce26d162e576c1;0x3970a4605058410600acb3ebb7bda4c77bb218cc8d87ea00aac1551bc8c4b0aa;0x86800572;0x4889a101L;0.500000;1503166286;1503166291
1;2048;8048;0xbb8ea0d245316fc4890388dfd5b4c015752405023332282ea0bc2e51efc36eaa;0x552b08313c4a2eab3f3c8a33fc11f12d1560a15a221d6a9aa41782f721e28ff4;0xf7cb65e6;0x221d6a9aL;0.500000;1503166292;1503166297
0;2048;8048;0x36f0dd1f28515501845f827b2a44f8f71b4eba8e94fc9a1a354b3b105ccf3b92;0x919d7733d2684647bdd50fa794e84b04e7ad46fcf520c382e84d6fc638786e89;0x63044863;0xffffffffL;0.500000;1503166297;1503166302
1;2048;8048;0xc7345eaebb5cb2b1caffdd6105efd624221a8fe3b8ec24dfd14fe4532910f3f0;0x1b70f18d4279599b17714bc9f321e4be060bd03cd781232e5cea2dda963d973a;0x2a19e4f9;0xd781232eL;0.500000;1503166303;1503166307
1;2048;8048;0xf1ae711fb0ee1eefcbfc2798a91787d5b1901c6e85a0c6b5325dfc05fbbe0eec;0xba5af1678e63196757c7d657bfde875fba64fe0f53ddfa175d283e79379e2ce3;0x9ed72fac;0x53ddfa17L;0.500000;1503166308;1503166313
1;2048;8048;0x320d96b3316c35b5782389d53510b6c4fc150259dfbd3e375dcccb51818674b4;0xe473e6497d7b747865105598c60e3fc4947d60813084ed7635a1baa224548d0c;0xc136f1aa;0x3084ed76L;0.500000;1503166313;1503166318
1;2048;8048;0x16a6145eb9ea50a5fd2245b9e53257c1f3c938c51f85eddc0aad63f9b0a61cc7;0xa5d22eabc6c36c63df5d0342709f4d8b7542b20fe76a3ea27b48d394beca6246;0x4e01aa94;0xe76a3ea2L;0.500000;1503166319;1503166324
1;2048;8048;0x22ab35e705f603b11a7fa8b43927464ff9b3602b8c14f0593563218f44518566;0x54d9240687d8bb7fe2b9a363c5d73c2688917cebc0e057b4e0d703777a05bb7f;0x194364e3;0xc0e057b4L;0.500000;1503166324;1503166329
1;2048;8048;0x3f7e39389104f8c4d320e44a459459cd1b056083d121420f30ff1fe9723ef0b1;0x05e7f44b74305ca97a126e6f2c684a4b0d7dca7c610ce64c0ac8d7260dc062ce;0x5528d04a;0x610ce64cL;0.500000;1503166329;1503166334
1;2048;8048;0x297cdf85f0288b5b9d06f1cce38d9f425d4a25e848b375b1a711d63119673b42;0xc4963185a33ef3a9b944ad42df0ace52d556d7de1e289d0a8426daa872b21bb5;0xf5410766;0x1e289d0aL;0.500000;1503166335;1503166339
1;2048;8048;0x1d1dd077cd58d924d077a4e0e10fa79181074bab7c0a4617a0f5d16ba48819c1;0x53bf7b3051cc344de3d23e10b24b271bbaac1055acff22e3365cedfee61ba519;0xdff891ba;0xacff22e3L;0.500000;1503166340;1503166345
