1;2048;8048;0xa4bea0a818ff693558b8cd740a68c48660b20ec3d6ef89d983c8aa5c260c94cb;0xf19480a7a1fa05b5c4e3215b3044673e394dae1370c7cb8717d0438313bc7cf5;0xb5718ea1;0x70c7cb87L;0.500000;1503106759;1503106764
0;2048;8048;0xa5b02e7ee6cdc12316ae1b4bb3a7e8a2711637c168865758b560487b2cf8ffd2;0xa9d87978e8a200e0b42bdd0362832f962f51377234347fd34ef08c389ca3e45b;0xd241eb39;0xffffffffL;0.500000;1503106764;1503106769
0;2048;8048;0xdaaf605dd2c7a67e73c721df2ca60d8a2add14e0d0400178b8a8bbbc1f2b38f9;0x89869abb0c981ffa950e3f04526ce970ccd38dd628f5fe022986ef0c242ce740;0x18b94402;0xa9084502L;0.500000;1503106770;1503106775
1;2048;8048;0x93178069feefe4e2ad2f00caaf8a6a6826238f5ed07809988dc4f13af852348c;0xde11374d4f8a0a2d5e8158f9cf001aff3c8c1b3674ef4897ed2471c51d0db2ac;0x4d7c860c;0x74ef4897L;0.500000;1503106776;1503106781
1;2048;8048;0xfb21ce8a699bae254c7f09548a72d7d006f41ff974a812f70b322640aef82aa9;0x472fbc365ecd2409570b5b318aeb8e698432a99cc6e1d3dba5b367ba5c012acb;0x9d01a4ce;0xc6e1d3dbL;0.500000;1503106782;1503106787
1;2048;8048;0x048025b62a388070acc8e1e5527a1d4b1b0096550d12725e16ee0b5bcdab36d1;0xc02eb2865d03c0cedd8efa5560e9fefb003fcbad60ff73a3cb00060a74f01ac0;0x60fec052;0x60ff73a3L;0.500000;1503106787;1503106793
1;2048;8048;0x360ca0bd6cefdbe738f7cb9873dddd0bc50323a3337a5be1667d313cb8d69bee;0x5f76afe9b9a1e783c129fd4b56422b4b93f5520b89e402525588de81b3627f25;0x516deb6a;0x89e40252L;0.500000;1503106793;1503106798
1;2048;8048;0x7cfb84498f9d3ad7179b0b9e9a7b5135649029f3205b36e25d11dee4595f33d6;0xfd6a5fe6e2a1305f9bf59187cf17e9e24c33819981011ff3deb7ba775a673e02;0x7f502e61;0x81011ff3L;0.500000;1503106799;1503106805
1;2048;8048;0xf5f209d739b5893fcfd468ae7448ba5ca8a4bcc01b9c913b72ee1d16a482d399;0x7e84da874a97a46e2ea61d1ba90969467d625ba73d8064223c5aa24a1705926f;0xeee0990c;0x3d806422L;0.500000;1503106806;1503106813
1;2048;8048;0x8bfc8c8286276ef8de59271a42aa825278d3b252e6cd55d06cacada3d9b16564;0x39ec38ea690b0c6ad0ae43785c4cd4857a68f515fc38ebeab26d0e4e07a953e5;0x059dd33e;0xfc38ebeaL;0.500000;1503106813;1503106820
1;2048;8048;0x3748ee70125c087579bff6aa8126b9dd18dd8a23293e701e5adb5162d0fe8307;0x842c89c0ab811188d45d2a8ae6e02e9a75e8e18cf18e137fc8d026409402dc3e;0xc44eebc2;0xf18e137fL;0.500000;1503106820;1503106826
1;2048;8048;0x246d805657e6329a7ec367d6d578b4542c7992455f498c1d7e42d3426aa7048f;0x464b4fd46935839b5ab14238272069c7253d867f1d7b096ceb941b7c0172fabe;0xc169b1fd;0x1d7b096cL;0.500000;1503106827;1503106834
1;2048;8048;0xc7f7141b06a1c9ff716b24b2902bff0ff17b28e5b229c8956ef7c15b256ccfec;0x191656b18471f54419969e739b66372602a242cd74fb4748e937b0d6817a01ba;0xea47df6e;0x74fb4748L;0.500000;1503106834;1503106841
1;2048;8048;0x78b1d4edb301f9b8201fbf989aca73edd7517c93fd587e84276ce84d999a0f11;0xbfa2e8311d4511ae8b3f42edb0aa8f3de0b779d331f4a8f0d57a5b96c3ab5bfb;0x6a73d95f;0x31f4a8f0L;0.500000;1503106842;1503106848
1;2048;8048;0x005ceb5232d3ba586df6b5577ae09c8353811992687661b3b5820ea05d32755e;0xded8afaaca93c6d516015906cf0623154386cc0bbba3c24f41861d84b833f9b0;0x6d41691f;0xbba3c24fL;0.500000;1503106849;1503106855
1;2048;8048;0xb763a9a51af63497014e153d3271442aabfc6f1457274be459ee6874a60d565d;0xed7e2298378592e0b29bea3a68e1793a2834f09cbbbd06bf1736177a5047f569;0x4b65c847;0xbbbd06bfL;0.500000;1503106856;1503106862
1;2048;8048;0xd3643e28322d25869e779f72219789da28a95f8f24a2fdf51a286dd2c1666894;0xf4d0109d37da415b1e588aea89c70734e351093c7704db25cfd95e6004b7aaa7;0x335fea17;0x7704db25L;0.500000;1503106862;1503106869
1;2048;8048;0x5b590b4c877d42918ad21dd8558c8de57388ccf5be1f6f1d343ce7d38e3a22e9;0xff21529c22de1815d4c1d637e96e2fb8dac2f7bc8a082858dea2da34bb577879;0xf18d5e16;0x8a082858L;0.500000;1503106870;1503106876
1;2048;8048;0xc8ad41f42aa917dfa3ac49724344e34dafea32b7047189723c28749aa1d8ae69;0x42dfbd4b4e3759b48f947ef18e34dddca6f7269c943a4ccc343c6874f078403a;0xa1d908eb;0x943a4cccL;0.500000;1503106877;1503106883
1;2048;8048;0x16d1991d69ee7005b8767737037c8678fd20752908bd6712dc693fb934fc1f4b;0x247679ba709430ac3ea2676f62cea167c4e83d24712469b0a3736f36460e8ae8;0x2f61d543;0x712469b0L;0.500000;1503106884;1503106890
