1;2048;8048;0x189e4883e0acdba34611147fdf743d014e4c7d36c1b1b119d5e6ce5cccbbe7e4;0x67cc85f94d266fc37262552e6ac166513ec84a46e220751103ee458b3ee52a5f;0xd8af7abf;0xe2207511L;0.500000;1503100404;1503100409
1;2048;8048;0xd0b2c0c63c984d579d27c28b9aa7cc3a230c89de82ff4bb67a576455407cbb11;0x985c9b1377647a9b5cb2c35ede9236653e245aced5d6a096cd3285b18692bda9;0x1145a5f7;0xd5d6a096L;0.500000;1503100410;1503100416
1;2048;8048;0xe963dd94230275e4bebee8ee2dc698ee884a776655bf157f853c025e8aec0973;0x04a1f770be4d33bb79f9edbbed9dc0dbca59d0c9e414f4142a0147e69f032eec;0xd4967e46;0xe414f414L;0.500000;1503100416;1503100422
1;2048;8048;0xd3ac64ebe7bad339a7f4c8d87b39086a3ca179aae9986642267b609d7c28984f;0x95acaed1cb6f7b5e5eba3db1a40e3af3be95201920c860a7a3da369dae16ffcf;0x41c8f0e7;0x20c860a7L;0.500000;1503100422;1503100428
1;2048;8048;0x9b89052ae87db090f0f2c46db0685b2a5d41e1465deeb9ab7a0b66562e9ed7c9;0x14b55a5150a23b6caa8971bd252ec2a55ba56c665c78785df1e3d6f2731d7282;0x751e6f1f;0x5c78785dL;0.500000;1503100428;1503100433
1;2048;8048;0x76e94076eb4c58526acf9a98a4085ef74bb7845c5d35d640d5586af7e901fc5f;0x85672ba72b262567d10a2f7e20943b32cbddc6ac55ade9bef6b4aa6d46d465f7;0x8761d943;0x55ade9beL;0.500000;1503100434;1503100439
1;2048;8048;0x5832fcf15572a31c880c86e335680a418bdfeb6e333635049418b4b146b85f9e;0x9f58cafdb36c0df48e41d9ec0e7d07c378d0df63a6e4c7926ffbd2b091e44b57;0x063e2b5b;0xa6e4c792L;0.500000;1503100440;1503100445
1;2048;8048;0x29d0d2f37f09d1e8e6b62987d3a7efb0899f935b0545164f213effe24d846577;0x580b6a7f97898582031696af1bdd4f4e8c8fdf22d3b31935f98df01ee7142645;0x44adceda;0xd3b31935L;0.500000;1503100446;1503100452
1;2048;8048;0x8db2538631bceb04d4feecd63ca534f1697fcfd514c907ebc0f9fac40e428c9b;0x4b9db8d9a22f2e75f925ef2b53045fa09df1f31398d9f12d3c3f798b83e4783b;0x544c9198;0x98d9f12dL;0.500000;1503100453;1503100457
0;2048;8048;0x7aba6d4af8e7cf2e8dde361d1090ded7b24bc11e25c8bdc15256c1f0f9e1e573;0xe6e4837dfb4d58029a6cde0ca9be5bdf3d1500c77e00dffc4bfe259759ffb6d3;0xaa07a17c;0x4108dffcL;0.500000;1503100458;1503100464
1;2048;8048;0x9df4bf47b34320fc35071a6e87ab02f7b0e9b9813088ac9b24641b77ea738487;0xee3e05767b182581aeb7ef870bd658eb5de1e38adf554aba42081691b2c710b1;0xfd689580;0xdf554abaL;0.500000;1503100464;1503100470
1;2048;8048;0x3938a7e0167bb7756d2ab54a74364fb072ce3e2d887c06ac2a2cf32a50128389;0x1ac0eade71aa0a737bb67528acf5eb42da2409f944b00331be224b2f7f176739;0xf01b0253;0x44b00331L;0.500000;1503100470;1503100475
1;2048;8048;0x96463d6e03b9e9f301c95e1c72d01f515f3a4cd2b4b55c8338faea65380a01ce;0x6b1e5d04732039bf543342b90357347272d341aa07fa9b2a4908bff3fce8eaa7;0x40739c11;0x7fa9b2aL;0.500000;1503100476;1503100481
1;2048;8048;0xccae50dae99741b91601a25ff2e41e53baa3e50c7c50c4888712e006af4f897b;0xaa073975103336ea901d3dec3260e09ba7509df4a97cb846efba6ecf6de14a4b;0x5eadc669;0xa97cb846L;0.500000;1503100482;1503100487
1;2048;8048;0x7e49efef9689734c94d0068bb5ec70f979cfc97854df7d7c080b11ce403215be;0xf84d40938ec7cd584c7b36f510897e3e7f521d8df332d8869783bf60b5315448;0x18aba34e;0xf332d886L;0.500000;1503100487;1503100493
1;2048;8048;0x0132b51d39ce5019298a45ee1aabb397daca2d47dae8ed72c92982aa11872112;0x3b351d878c8be9a755d80cb99ae71621812ea2625180c3bc3b293149c8f95120;0x978ac1fe;0x5180c3bcL;0.500000;1503100493;1503100499
1;2048;8048;0xefbe934012bd703ba133e32c20de0b5447c867d4ac5370852e76d7ad4e89ce3d;0xe00c1c75b2fc6aa0eb159326da534ff4a7bae90d6e63f2b429d9567634a2cdf8;0x6fef8e30;0x6e63f2b4L;0.500000;1503100500;1503100505
1;2048;8048;0x991731aa5ab82e9d4d63a1ee81f884d67b56d401744be57724045af2eda50986;0xc9a13f7c90de1fdca348546444dc46d26924044568c072ca5aa272a68baf0066;0x57c73905;0x68c072caL;0.500000;1503100506;1503100512
1;2048;8048;0x45d61efea5d99a839f9dc46349cd01fbbd688920045cb50ed69b471a5ec537a4;0xcab7eeff26f1d4dba1640118e3c179aa595dd8016ebcad1969c055675f9b989c;0xb664b212;0x6ebcad19L;0.500000;1503100512;1503100518
1;2048;8048;0x42c52348884c43ca391a14fa66e7f75d7ca24712f4ef4b7f5f4af56008d67f4a;0xf5de90180841b15a3c6f5261cfe7616a9aa692d5275822968d380cea201220ab;0xc9450355;0x27582296L;0.500000;1503100519;1503100524
