1;2048;8048;0xb9f89d90d7286f4e6533d8c549e1535207c9e0dfc41c7bfd43b23e4b88c2bb41;0x4e4291aa014dcd8e21caa529fa272bd7e5b10259a1992fd5160531b7a5761f5e;0x8fc0e1c8;0xa1992fd5L;0.500000;1503225663;1503225668
1;2048;8048;0x202ef407f45293676863eaaf30fa0f20c8321e08d07a23842a27b72c0005a020;0x718dc66ee00808e5b2dee0108810a93d11a61cfdf286cb709e922544c84c0884;0x625733c4;0xf286cb70L;0.500000;1503225668;1503225673
1;2048;8048;0x7318c36f2d7b8a9fa0f87ba8b0b25e1d6b4a07b6ba202c0e3b89fa18a3f17e16;0x6bb01fb7a9d3e8982c36ec5638c37c6f2d8158c50cf6af6beb13c1172c99f821;0x0a7688ea;0xcf6af6bL;0.500000;1503225673;1503225678
1;2048;8048;0x0b5fdd90ad59da629135f9805fae64003bfd6d52468e34ed075fc16bb1ac71bc;0x149c5e4542fb395e63667ea566b37936dca77c14b27ef5f9a2a95c221f514b23;0x9660f25e;0xb27ef5f9L;0.500000;1503225679;1503225684
1;2048;8048;0xeab65a6bcbb48be2e0359a3f064facf25bdc312a61bd3b94f483c258d5f491c0;0x1d2b465703cdfde4ebc92930a186251e9be6b747d4f3a01540283f7400c17faa;0x19fd9d3d;0xd4f3a015L;0.500000;1503225684;1503225689
1;2048;8048;0xd1cf104407d2611f93d3c6896b52094146be19ba494cf60122e89dcf68743f39;0xe4fc99c0b3c1d6fb8740e4bee79a79aae0f3be9ebd40a81a36e36a60f2df1006;0xbd2ac815;0xbd40a81aL;0.500000;1503225690;1503225694
1;2048;8048;0x11e4c87e863a3de7175da90436b6fa7929b23bd63840df903bfc5d80ac1dd2bd;0xfb078e6ea956093250b9e86e35972a35bff340ad6d60a77a72578122481ceded;0x52f40464;0x6d60a77aL;0.500000;1503225695;1503225700
1;2048;8048;0x30c6e5ab841b5b75c2409779b523fe0dfab434b5c6b024b7d73c75aee7856e17;0xa53eb42b940921f343020d0b175f6497a492b53d071b4153f42770f8dcbed691;0x8bfc8e4a;0x71b4153L;0.500000;1503225700;1503225706
1;2048;8048;0xc9010ed864d5ef56e857fb5e5a4e09ea8f498452d081c22a91d11d703d448806;0x9749ce16773296435a66070cfa608e94d916112a5f7b76c83bd5cc3033b336be;0xf7493258;0x5f7b76c8L;0.500000;1503225706;1503225711
0;2048;8048;0xe096e87b347f7a4292cd7107796afc04b84c68914fdcab0679378023a13e7781;0xe4f6154cabd1bdcb9124676e9648edeba1a636ba7fffc840d52cf38c90ed633c;0x37f04524;0xa9452901L;0.500000;1503225711;1503225716
1;2048;8048;0x294d3ae489a7aa8875bfe77ae4d1a9d131a580614453e92790f4038792b838bb;0x69c40f4890bd825cffa9a2d97d85ed125a9ff952b3ea9d568fcafcb8aae4b187;0xb2170450;0xb3ea9d56L;0.500000;1503225717;1503225721
0;2048;8048;0x41f973e37efa61331d588ed95e3e6b80de91cb75bf897ceaf29ffbccde44f01f;0x4fbc9786236d2a82665e0f1ca4fe0a3d73d05c9e2da7d6346bd6323a20f672f1;0x8f368cfd;0xffffff84L;0.500000;1503225722;1503225727
1;2048;8048;0x64c1614a0acd0ffd096ce0b067b9471b9a1eb0632897c3244560e7f870de06d4;0x4ca07b55c6a74e3ac05e532e431be7bdd0002789dac3dd4a622af8d92f8c97ec;0x3aab694e;0xdac3dd4aL;0.500000;1503225728;1503225733
1;2048;8048;0xa43d504b292a7020c01f2afdc6fe71a5319ea3d9a716fa63ffaa578615062ab9;0x4d57668942ed8151717ba871092f9677ca23848161ff3877c2fed5dfbb027adf;0xc55f865d;0x61ff3877L;0.500000;1503225733;1503225738
1;2048;8048;0x36aee5ee8369ccb5e38a9216565d0484e2f2446e0b643d64de7de7cd35706e6b;0xc5fda08bc9395e6093360feb415303efe66f24f66f78abb342e047e428d997d6;0x45233524;0x6f78abb3L;0.500000;1503225738;1503225743
0;2048;8048;0x508fe2b6fb7a0405ffbc347793e1d7be12deb06fcc27a91d45e8532ef9796f49;0xe33164114e8465f83bb236add25c8f739456fc79c7d7db06818d8e7982542d27;0x8cdc24a3;0x49292449L;0.500000;1503225744;1503225749
1;2048;8048;0xe694198184330292df6c8cacac23d7cf01868c391e811bb0b85491396b4b9251;0x233d0795adddff0b61875ab698bb61082acae8e22642e1f097df82bb4c311557;0x37ad2bd3;0x2642e1f0L;0.500000;1503225749;1503225754
1;2048;8048;0x640f169c218065a5ef0abe752fbbf5a694643245c4c6dc477aa7d0765b0830bf;0x671b5493b170832bac52b879b58e867363dfbb35b6470d198e94ee2962f047f6;0xb0c06451;0xb6470d19L;0.500000;1503225755;1503225760
1;2048;8048;0x219d1443f972f79de8ecf8b0d16cd4e04940455bb7bbd5405d08959787d92aa8;0x52e573ba6a0d55a64e1b091f98a95ebbe9d106eecc040cce9eb826c46720abf2;0x16cc09a7;0xcc040cceL;0.500000;1503225761;1503225765
1;2048;8048;0x6d4f967ec687ff9d3abcf8c55298244277c0e16cf704626d8eab40d618a51a85;0xeb46080eb3ccd2c794086d16048893b83a6d5c2c0c6646e9cb30423f335aaa0e;0x431a0ea7;0xc6646e9L;0.500000;1503225766;1503225771
