1;2048;8048;0xf7ca5f817525af39ca4f53889be65eb77b0dc5cd5150d85a8d1f031e4a594842;0xd3fff3612083ff44ff31a9aa233af1a68ca02ee7466c01d93ef54d0dce1ae70e;0x59eebfe7;0x466c01d9L;0.500000;1503130877;1503130883
1;2048;8048;0x56518ec2a890464637228e32c26d5fcbfbd55fdc4a175584b6148cf24d08cfa4;0x20813b5ca80c4b0f9308e1f5ce60ad2307b87d9a1b85b40c67a302a75bbab230;0x0928f3ef;0x1b85b40cL;0.500000;1503130884;1503130890
1;2048;8048;0x3af6d1c2cfa38493fefb5b5613658a468d3fb5be2eba1a64ad849a4bf8680933;0x5fd55a0a442c0f133bd666748a65b25ec44b3c77b2e799348f235b9370cb4101;0xb3306ac1;0xb2e79934L;0.500000;1503130890;1503130896
1;2048;8048;0x3a9b879e17ca71aef2730128673752cea6ba8b7166b783b10955f6ac4d3e1a87;0x2b0a5f873527f9e43e074336684b362906fc6736fe167a511ab5400fe6a30a8b;0x882b514f;0xfe167a51L;0.500000;1503130897;1503130903
1;2048;8048;0xd2bf737fe2ef9e74337ac67a287cacfd701d970000f3cb95bb0e903ff94196cb;0xf5155f86f87e70e3229e0fd7eb1291c6acc9ed81f925c9ae937a827125a90562;0xf5d77f47;0xf925c9aeL;0.500000;1503130904;1503130909
1;2048;8048;0x72342a01eff68cee82b9cdda2023c443dfe3f2929646b2b036a3e6938a5da7fc;0x187ea3ddd1e79b46ffbe39e33f2d1f109cc4e0611aa933f2aa9e21c9f58e5027;0x5ae35d7a;0x1aa933f2L;0.500000;1503130910;1503130915
1;2048;8048;0xadad74d562d130570de09f7b7a6a917d5b190e609f415de52fc752ca3cb40be9;0x72c767526a3daf1ef4dbcbc2a504ce80ece493316df6fd36dd36a52004679439;0x98b00f29;0x6df6fd36L;0.500000;1503130916;1503130921
1;2048;8048;0x8cef356cc1c4a5735aeac181f0e1f365fec0c479dcfc41e9e9f559b9790a7506;0x1a0e3cf30fec9929aed4f7f0ae53aec27a1ee44174ac4e578f53e4bf47a659e1;0x0232e768;0x74ac4e57L;0.500000;1503130922;1503130927
1;2048;8048;0x5ea2467d87ad705ae99c5abedf180e1d4da21083299d9c72f87777cf7b85bbd9;0xa6b194f6c42028863acf9d59f6710955069fdab086383472d4285293f2fb0c5d;0xe5b540ba;0x86383472L;0.500000;1503130928;1503130934
1;2048;8048;0x5a7028edf97bae1d888f61131a35708527344d1171ebc79aa252d214030ca85e;0x320d364a203772668e389abc38c0f7fe8cde2c8140f2e8663dfb5534189aa34e;0x862cefcb;0x40f2e866L;0.500000;1503130934;1503130940
1;2048;8048;0x416edaa0212db5b18be220e0527d3f793593f270a0191adf657ac1e57415e4b5;0xb1218c4d856760db6af16fddd3a4be2e604a429e105af094f773ff4bf0d3486c;0xda45e54b;0x105af094L;0.500000;1503130940;1503130946
1;2048;8048;0x570dd078e94b92a2b201895ccd269d72941db90aad3403f7ad6d94a54014e897;0x4270d8c09b7c6406dee839ee8cdc072577e10553cf9fc7f9d81e27829c49b344;0xc5a6dc3b;0xcf9fc7f9L;0.500000;1503130946;1503130953
1;2048;8048;0x90f56319797f62fcd1b1b00df8e6cfb0eaced06f0f20def268355bb2db050f6b;0xc8ee6b1657b375c5720940465878bc45aa1f1711ce8d01c6d714a4db897f6174;0x562dea41;0xce8d01c6L;0.500000;1503130953;1503130959
0;2048;8048;0x3cc38b74d96fbe377bc61a4e491f07328e5a3fab865887ffd7bf638269864fa5;0xb8f965061fd1949ebfb5e42446056e835c0cfd686c25afb13853517564848921;0x1d6b6c32;0xffffffffL;0.500000;1503130959;1503130965
1;2048;8048;0x4371d691f5af4bdc14da2b1d6b91f830bd8598d3ec76ef07779320884ed6a791;0xbb50042c317486aa7da903fff1a02e43e3ee033cee7ded1c7c2d52e658c99e05;0xfcd37b38;0xee7ded1cL;0.500000;1503130965;1503130971
0;2048;8048;0x34b444064ce277f8957428ac7a6a592066c44529838db96d4f890dda18f6fd4d;0x0f1de5682909055b238b85cde098d5d7e0113cf46e9b0740e5aa939ea8de9ca2;0x96a69028;0xaa855101L;0.500000;1503130971;1503130977
1;2048;8048;0xea96bbe8730b2f91940659ae4bbc04ef1c95756747ba0582708595864881a532;0x06deeed31407b746c057ff5101027119cb257d32a974ff373900a107edc2d0ed;0xe93d65fa;0xa974ff37L;0.500000;1503130978;1503130983
1;2048;8048;0x455f1a1f62c76c8d544ffcc680857a967f89376f416017dc4c6aeee75291ee97;0x4ee8e4e30d546fd51e97379cab6fbf22e905e47d345feb8a43cb88ab0143d76a;0x6188f965;0x345feb8aL;0.500000;1503130983;1503130989
1;2048;8048;0x12934eeb0ba25f137b51e212afef0d4854911150fcfd674e0259e1286c4a087e;0x8f5b50d3570daab54a7e6f0543d939904ce58972649ddd34619cc1a0bc2a9095;0xfa113d8f;0x649ddd34L;0.500000;1503130990;1503130995
1;2048;8048;0x31a00981b50d47258dff8b2a143dd7338166fe8cd98f524dbbe50ae30d36a23e;0x1265fc782df1428176f88c5e4e91522fe80903b28ea040fe11d4bd0274b1aa5d;0x0a8d9301;0x8ea040feL;0.500000;1503130995;1503131001
