1;2048;8048;0x2d882e31b43cd5934aeaeb6889d53c26e3ad2cb12837bb73412b439d35c75e63;0x3e71759e94a1ecddeabcaf6e20463d8980329efeb5eead454348e3a7c53b099d;0x07cfd9e2;0xb5eead45L;0.500000;1503132136;1503132142
1;2048;8048;0xacd0cad0eebab9285589f9e06adc866177f0d6bfd7e419003ab2a787b0ea4e5d;0x1813cb316c62a78efb0c4aac0008c95b5e52b307d612cff99e2473530c556f5b;0x79e16579;0xd612cff9L;0.500000;1503132143;1503132148
1;2048;8048;0x67ad56807e6a82037fd87b1951b9b7782b1c606746c174ec02f56fe1b3485a1a;0x87d19efa4bf66d0e66d9bd58d52e77915982163739315366fa78460a5731c27d;0x2fba67f9;0x39315366L;0.500000;1503132148;1503132154
0;2048;8048;0xb3c10fdcc1a6f5400d0e9d4972fb3e36f153fece69a64c5619641481f4d120a7;0xdba2228610096f04034affb00ed0d9b8068cd0bdf7003acb95f275437d9b798f;0xfd6a9b4d;0x12823acbL;0.500000;1503132155;1503132161
1;2048;8048;0x22e33290d83bf19a587d7e122afdb81d9ca8b44162b71add7c790319999a40bb;0x29bba55a10ff319dd5687f9c4f1a04c9f12f33d9b32fd13b8d332bdfc282a933;0x4daf67bb;0xb32fd13bL;0.500000;1503132161;1503132167
1;2048;8048;0xa747fba41ccc5766ee68c5412a174e27d814c6c8f89789502697a44fcafaf571;0xf3546b0d3bc022fe09136452a72ddebe67fc139421f408fd6ea3e778794b2fd2;0xc2e80a65;0x21f408fdL;0.500000;1503132168;1503132173
1;2048;8048;0xeb5bbc2e282b76f96fa362a2245ed7f53a5af22f98ecd08043151ca07c3b6067;0x0f916d15b46fec86c3aa4018a283d0edcba5ae43955f8aaa9cee120ca84036c7;0x959ac456;0x955f8aaaL;0.500000;1503132174;1503132179
1;2048;8048;0x25c12d4b021a1b45b936386b51682f64b1181a95b2af774cb00545b19b312bc1;0x34c84a7f7342a5689879b2bb1c65e3718b296b188b4347496970aba33c4cffd7;0xffb13fde;0x8b434749L;0.500000;1503132180;1503132185
1;2048;8048;0x6b19a32d9ebd653e36177d2ea53757754266fa4e78ac6d86e29b10c208cddd73;0xd882c2fe2d5382394b6c415a7647430218466be0874ec41d32d5cafca50ed313;0xe9c8a435;0x874ec41dL;0.500000;1503132186;1503132191
0;2048;8048;0x8d2f773ff262a06c02f0b38225843999bde6c99b13e6f7bf4b5ce520446af0d1;0xbcc52f4664459719025dc387304c091a63140a91fef580d145aab8d943f9c1b3;0x8ae81c3e;0xffffffffL;0.500000;1503132192;1503132197
1;2048;8048;0x44154be33a2b168511261a3c5241ddea5b4a2afa1662fc109d649dabc1135005;0x9562c9f3ad7cf2fc688a110225e0a2e44f4f60783fbbbc8f84354a2667f8e058;0x83432248;0x3fbbbc8fL;0.500000;1503132197;1503132203
1;2048;8048;0x8ad23cf5d84a3f73ee98401679668724c070709a34f58b9348380878c609f750;0xbc8647fa555a6e6533afa83692ae09676b06ce4e2aebb52b3f38ab768bae4d42;0x7f797ee9;0x2aebb52bL;0.500000;1503132204;1503132209
1;2048;8048;0xe627348585e47d02af836255bfd5e0494d2dcb3fd319403448e7550948d2552e;0xc2d189caa85c732f590e8209d9c8960b447957f120c662e6259d884a6142c3a6;0xcd2450ff;0x20c662e6L;0.500000;1503132210;1503132215
1;2048;8048;0x6915e2db40bb1172270c6be3d36ace708659fe4c395fe2addeb092d369c9dad2;0xb86c7487c86438943d1d915c4935114a03e90fee08160bddeb8d2332c77b8b86;0xa3521519;0x8160bddL;0.500000;1503132216;1503132222
1;2048;8048;0x3ea4742b5af29fcede8e330020f14bd7b32dae00c7d43f79f50fb17051a1c48f;0x4d60ce9578f6267c4d885b8775828a9258912ba7790fe81f2299e5860cf000e0;0x6aa0a1a6;0x790fe81fL;0.500000;1503132222;1503132227
1;2048;8048;0x830d1ef88d79f91bad54d688cbdb44a95a5bfb8fcd8900185264bbd566bc20e9;0x12c14cd5d3a4af0c3c8813a3eb5cd3b74c75196c72d3bb09778e8c22caaacd8f;0x27458711;0x72d3bb09L;0.500000;1503132228;1503132234
1;2048;8048;0xd66971f0035038d606709af78103e75fe01cafa14b470613e66e6b5356d73a2c;0xd02c93577ebfee30fb73cf91fce88e8454a0c75b5fe12c2a3adf5496d07fe081;0x6864df56;0x5fe12c2aL;0.500000;1503132234;1503132240
1;2048;8048;0x33649cbc8a0bdf0a4d8cefe9e40249e3887aeef5987e8b82954f5079ea129c1d;0x03dff230cdc7f421b26e6b9c071114584eb27931ebb943429ca7b4cca5ce413d;0x7d3dbdad;0xebb94342L;0.500000;1503132241;1503132247
0;2048;8048;0x501c474454bf9ae0a4254444f16787fd6e2f4f0b0e550976385e7c2a01835651;0xecb96f4aacac85aa0d87daa00742bd8d3011c9596f8c841e1d2f401bf9c72a17;0xb082c34d;0xffffffffL;0.500000;1503132247;1503132253
1;2048;8048;0x8e5107c4a14cd70a3ad48f8c5042e257a907926bb6a2c07c9c63d79fa015922e;0x6f8d126c779b920da45eb784bcfc9c1eabad06e2ae7685751e5aa48fa9aa9724;0x2b241c17;0xae768575L;0.500000;1503132253;1503132259
