1;2048;8048;0x534ddb9e4a91d6a491b2979d950601e1db21979edf442ec650302aeaf192c244;0x292b23aa6528ced43c7c8717a61423c61b468ba3371a4cec5e4c9750f73b137b;0xec1b0375;0x371a4cecL;0.500000;1503197110;1503197116
1;2048;8048;0x362f47cd2580fa1ebb3407b63e22da9ae079ff74c2939f3db8ba2a03f9e43130;0x7e54356ce5fa390745376ee047c49c21b60672bcf4641c1544cb4fff1f1bf875;0xfceaccc3;0xf4641c15L;0.500000;1503197116;1503197121
1;2048;8048;0x0e101dea47c9764226362c9226c3eb9d9970c529e1618e11eb435cd46041816e;0xba4ee8f92b857ad08606b47c3e26943ea657a981950bbd829d23bb6126f4c5d6;0x241c05ce;0x950bbd82L;0.500000;1503197122;1503197127
1;2048;8048;0x1d06029ac5fb7388c8e591577940b77af2c8e4378c159fd71fe4ded52fb4de4c;0x93f3d49b9362ffa824605526c6c84a46ebac3dce7a1715921a81cb3a9a68373b;0xab65608a;0x7a171592L;0.500000;1503197127;1503197132
1;2048;8048;0xa25450f178b5a1b43b7bb07c2a01cba9b4a45ed628cd23c5e9ac8e3365332407;0xedb609bfdad6c81bd07f86c76f452a64fe4288715d6859a07c171396a8f66e80;0x3058b44d;0x5d6859a0L;0.500000;1503197133;1503197138
0;2048;8048;0xf14977a11fde71e4fbfb720034b3e60300bed61e33c00941e815d0b2e2f2b1d3;0xb004f0bf7a801fa0e993bfa05aa2875c6e4dffe5b658c80042eb0d4bb0056169;0x69656602;0xffffffffL;0.500000;1503197138;1503197143
1;2048;8048;0x052b61d30a1bb09f1301872c448f8698d078a576d7498c9b3d6ca37388405a8d;0x68348d246ffbcfeb59907a2208c535ae37c1494cf164aad1da468d39c90f3706;0xfedd4e26;0xf164aad1L;0.500000;1503197144;1503197149
1;2048;8048;0x070e0e392df09a0e996c37dfa6d07da4c0b11b9095b341455c53cddf3468c13c;0x5cd3d0da9d0ab1e6c3907d5dae057bac7766f197d83d8c54b80704e413d2091a;0x0acd79c9;0xd83d8c54L;0.500000;1503197149;1503197154
1;2048;8048;0x528abc2b04f4a6acd047695200a4c423716af00b5f6c59ac3d81966ac3856215;0xdd871667187cf8cd97d45ff4f6e44fb20774423ef7bf3ffd2126ac362c30eb5e;0x9bede9b5;0xf7bf3ffdL;0.500000;1503197155;1503197160
1;2048;8048;0xabf1336e0f5ef773cda45adb2558b479e411ef624d61fdb513b21d93bff0ca6a;0xf08c0fb68940e4040e9e639ba2f7cd2ede80da966244e1c522fe358679882e9d;0x685ddbd7;0x6244e1c5L;0.500000;1503197160;1503197165
1;2048;8048;0xb1b2ac8beea933226e0754c95012cf2c3add8b9581ac94874d8e6f91e66a6397;0xc5fb7abdc58f1a7b6d48eb4a9eef67e032ff3fc5c8dce5ad98338263384ba1de;0x97a4b89e;0xc8dce5adL;0.500000;1503197166;1503197171
1;2048;8048;0xdb8b03522398f91ac68d6b1df61fa21412274b53cf07960a0d0583fdb3383d8e;0x0cc59f3eca31ba14c3934e2435c916b0a327ce4038141d2f7621ebd483a9bcea;0x93b7f5a7;0x38141d2fL;0.500000;1503197171;1503197176
1;2048;8048;0x9f16f430c311a16f901453344b4b1275465cbfaee0c81a72498d8c648bcaeb2a;0x90d4f49381adba28f5ed1e00a42163ee275f569f0cad6030f77df57539777422;0x51025e4d;0xcad6030L;0.500000;1503197177;1503197182
1;2048;8048;0xa3b71257f2218175d5476a7cd1dab37768b51167fdedb4d6615cd093ec4b5090;0x3110b5e373408cc04c087142f63a56833f08b7f96824b7eb28b928fe1f0dc5b8;0x29c9f495;0x6824b7ebL;0.500000;1503197182;1503197187
1;2048;8048;0xa9c736eab20db8711160f344e4b3df60252e400c6b05c3c9183256c5335884dc;0x2c28096058519a837790dd14c173bb462e25ee01b546292399fb6c38da2f7f55;0xa9022ab8;0xb5462923L;0.500000;1503197187;1503197192
1;2048;8048;0x02ba95e0dee79941ad13374abd8b03c7f988ac0d5ccd21892c3286a925d93128;0xf6b73544ee3c7e6b6b72b33b644f08b03755b33aad37f0a0df2c865559555d4a;0xae5f62a8;0xad37f0a0L;0.500000;1503197193;1503197197
1;2048;8048;0x41a5d4ade689689cedf5f489e869dad51e87fdf58d092b726b18d3f40913a14a;0xb54d941f833dc57d60af4264a2c7156866904e69015ae6c29164be6273280b04;0x67b8d861;0x15ae6c2L;0.500000;1503197198;1503197203
0;2048;8048;0x178f9ca22e2aaa4df684e42b91e58fc2cfb448240f5db176347a0adc16e35c2d;0xd35f1cc0f73e4b938a6ee5f3a13359c1283a0fab00e0bf48a1c013129d71ecc9;0xa69e7664;0x21e0bf48L;0.500000;1503197204;1503197209
1;2048;8048;0x5f05dfb358b9f8955bae98eb068f9ee44b9a400286cd7ac4dc43ff2e6dd9f3cc;0x174ce28195a193632a9b5f2150dad61ac42a0e9db4f61516fe1825b215a1ee55;0xc80da6bc;0xb4f61516L;0.500000;1503197209;1503197214
1;2048;8048;0xfe2025a11a39f9c0de2c6aadc421f50195ab3e05096d56c739267fd1c59ed7c3;0xfbecdf7ed819320f5df93708afed5f77d541fc46b9240d98c9e3915a34182920;0x43b5f274;0xb9240d98L;0.500000;1503197215;1503197220
