1;2048;8048;0x54c66560192c642b05957229d3d3c5712fa5f7e97d1e52101b096ca0e8b73e3c;0xf22200098637f58e969f8100bb40d9be86527eb1c5934c6274dd2ed5ba55452f;0x2a959ca1;0xc5934c62L;0.500000;1503244643;1503244648
0;2048;8048;0xbe729c248283b885adb182ef573f414a91e7b6a0eb3500ebe239351cf9429cb7;0xdd1d61d879ab1fbd36dabeed46c167838406923685522b0831a25ff790264b0e;0x27dc4c3f;0x852114a5L;0.500000;1503244648;1503244654
1;2048;8048;0x9115cb25ddf99cc1b91c71da089d0ade05667f9830fcd1f516c8a437d3cc3c64;0xa5b7bbf391ef4d80ba0446d8fb5eab38eb7be7569c30dbb506af89afb62689e3;0x91e8b0cc;0x9c30dbb5L;0.500000;1503244654;1503244659
1;2048;8048;0x1fff131c533aa6743c597f4bee63b0367da3eef0bcf36d9eebe384b40bf88c2a;0x5c5dc0f19ce227157ec8efc84a79a2c0de10ba73fb6ebe7cc033c71daa13ff70;0x5020e795;0xfb6ebe7cL;0.500000;1503244660;1503244665
1;2048;8048;0x5b3ec7c8659dbfb379cf893abe71e91b2e4265af83f57076293802875fbd3cbb;0x295f724415cd1e75dd5496fd229784c9106e92e63ec5192a5aa88da1228948a3;0xb3a259ef;0x3ec5192aL;0.500000;1503244665;1503244670
1;2048;8048;0x4e97615e9930d32033b21a647f953a0f9dc84dedb323b580d40413d1e3e7e231;0xdbdcec4ad469cacce7243f04d03762cb07fe39e268a959cb45d9d613b30b7f48;0x818384d6;0x68a959cbL;0.500000;1503244671;1503244676
0;2048;8048;0x8fe3df7cc2e0915a33f36ff6127e6b7d14f590bf969c24716913494f80df240f;0x2fe48e08ee2e4f1b4cfc9baeaeb3bbcc860d17049a2d00f484e9646f499d8e58;0x0318961c;0xea0841f4L;0.500000;1503244677;1503244682
1;2048;8048;0x70ce855958ad2f99709eda1a62f8f99cdba309d268ea7ccf98f69c1a325f20a2;0x84f6be166a0405a3e9778e4d0d37b654aba00f5b073782b507b85e4b4d5b37c1;0xecfa1353;0x73782b5L;0.500000;1503244682;1503244687
1;2048;8048;0x644e2313156c78bc971c9e8886036117646eb5847e4149df6c5ef693e6b0794a;0x8ba5b5e3f97cb9c197f190cb5141a8f1d97ea0ce9631021428910be8a88d9f40;0x39b78c37;0x96310214L;0.500000;1503244688;1503244693
1;2048;8048;0xdfb772343b9d19441c2b0cb4fafda3df22733144e33ebae5e89c51bc26c17e05;0xf84f1c9bebd59216faa104eb6512a159ddb2dc643898af0d4d587b38d69fc371;0xf885f169;0x3898af0dL;0.500000;1503244694;1503244698
1;2048;8048;0x02d17ac4231f2fab1d6e82ef3c3856437a55b5519dd0ad0541ed5bd53f9b3541;0x17b2bee4a97d5f1b3c0b66c075310e865b435bd303abb5fba62b99bad877bf4e;0x58d90d8a;0x3abb5fbL;0.500000;1503244699;1503244704
0;2048;8048;0x640fcff85e4a0acd8a1e14194ad269e287422b43c453eefaefe3f9ba933581f7;0x20d39ef7553fbac7c7b635de1671d679fe6c450b8b42250be7cc7761b54b4948;0x3c3aa9ae;0xffffffffL;0.500000;1503244705;1503244710
1;2048;8048;0xb6cbe7abbea2efcb0e512bb3718a81619eb07f6d165f1950ec7339f3969bc94c;0x359fc36328ec3719cf4b814b480c67a36712b17e7705dfccf91251ad72f1b993;0x1384d298;0x7705dfccL;0.500000;1503244710;1503244715
1;2048;8048;0x6305a3bd86226422e74e7838e4ba605e0be52fcae15a2ac072c2d0c0c3e69526;0x31ad18fe4c052a4b98f486ed54f7f1a0680dc25ef6f862a2104ce047b866224d;0x9fc4cd6d;0xf6f862a2L;0.500000;1503244716;1503244721
0;2048;8048;0xc48b43108a490bc279484ba0de1b0daea47c67aa63ebd44d67a43805769fbf3a;0x0d7caffc57364046dc96cc688b34757f86b20bf00bbcfc943bbb05280c295c2b;0x6f7c7e88;0xffffffffL;0.500000;1503244721;1503244727
1;2048;8048;0xe68857b900ef4e4f1ef45f5f41d89a714665c0d2b8a60a36a24ccba228b22f0f;0xb4ec0e78fdfc26a6df90b9e713b4122b24d0cf27d5050d58bcd50db8b7519e41;0xa5f12628;0xd5050d58L;0.500000;1503244727;1503244732
1;2048;8048;0x92455617e6f4c8a39ce000c6d35ef8dc9b93fd39104f39c938f1340620b8b5b2;0x7a967771ff726170dc02947eb83823f16aab76911b96d087318a3e3fafc0a1b3;0xd009d9fb;0x1b96d087L;0.500000;1503244733;1503244737
1;2048;8048;0x1f3c00c68a726ed7dc9e3594b353605723efe83d902c6683bbcf900f7e81299d;0x569057cb3a685d654db0b5e4a0a16fca685b5fdf7cbb6196fc66770db54ecc22;0x9ffbe6f0;0x7cbb6196L;0.500000;1503244738;1503244743
1;2048;8048;0x2c16c2a1dc1ea5ac7cfbbdc0165f208b63e2ef7244dd0d96bddbe581dc75a408;0xa13fe412cf30c23725697b778b37e99490f2bd44ec1f16d55ac0eb7604289dfc;0xd4549af4;0xec1f16d5L;0.500000;1503244743;1503244748
1;2048;8048;0x54e5fdb26f871468c52cb3cfc5e24671e4c38acb2815cad4a06e307b2fe7eb83;0x804bea0af7dde46e803baf0a71baae911a57ec576c1613f48680d5f35a3ddec0;0x26da5f0d;0x6c1613f4L;0.500000;1503244749;1503244754
