1;2048;8048;0x40140415b5c19b750832d3f2cb9987540ce7e9abd1bd3d323db4aebb5939589a;0x06b34ec5a963a02df4e5ee077f4c4618cd9ab73cfeafc2b6eab5dac7699d2aba;0x74cb6d35;0xfeafc2b6L;0.500000;1503247012;1503247017
1;2048;8048;0xc6fd3b6b94fc05e38e10da94364644354b59c71a249edd99c8a58e2f414b6707;0xc3db5685f66653b43726207602a6c159804779853ff895a605f0294410fd70a9;0x5e8589ce;0x3ff895a6L;0.500000;1503247018;1503247023
1;2048;8048;0x421d1a1815e5a27148cdd12fd38fbfd0daf17798b93e4c9ac4aa1276b4df4cf7;0x90f5ef107edc6c5b71df6c78cb231da851ddaa1252c13baf2a852a197b76bc86;0x1e9a5a5e;0x52c13bafL;0.500000;1503247023;1503247028
1;2048;8048;0xf83742f1d6fef5974fabd6d7416653f358031b9572b36887e2eba7283600562f;0x2a6b34172285f16b9ea5ee80886b3b8d6e2dcfb0c6e0063212c31f52fc96f8dd;0xb755e997;0xc6e00632L;0.500000;1503247029;1503247034
1;2048;8048;0x738381759566cc5f4e3586054eaf5a0fec8a53d0cb1b5008feddbafb2ed0bca1;0x2e0e4172e7d369bf10d28d8ec62fe1cb0955495f8dc54e35f15ebc3b8658b20d;0xbf93ade2;0x8dc54e35L;0.500000;1503247034;1503247039
1;2048;8048;0xd8e17a0d846aa1d25f38b4f0120262a69b2f7423ca62a91d5653f63e2298cffa;0x136d444def810723f118fc1b340820362a68cc8795af696f84abd3d0c4b6dc5a;0x44171507;0x95af696fL;0.500000;1503247040;1503247045
1;2048;8048;0x7b7b34ef7d38da15a5b3f02a7b72f5b385a7892363e0cf8f4753bf0236de63b1;0xaabc171e3a1e74af5985bd024fe89584b54517136438edffef1df11d6479e9c8;0x234533a3;0x6438edffL;0.500000;1503247045;1503247050
1;2048;8048;0xf4f2b6fb95c7a9b005ff7f9e9b08725a9e50f35c0926332d22a9f99a464b503b;0xc7f1f2f841245411ff9c140b759f095f52c9b80438490a54f8077472618817cb;0xd17f11d7;0x38490a54L;0.500000;1503247050;1503247055
1;2048;8048;0x12b5c2207171d7e4623233f6c6bbfa333ea34a8524232c8eecc8b107d4d54ce6;0x7aa8c6bddf3f427bd035eaf72d177fecd147543aa79c61b06409984b0a26105e;0xc1723139;0xa79c61b0L;0.500000;1503247056;1503247061
1;2048;8048;0x46a7c5b2688e5b6d34fceb941a59a7939464eb5752ed5771b6b018c54f42c695;0x083915423669a5c21df3c9192f26f8fcd4e5577154688fe9c993b9803bd6d091;0x37966127;0x54688fe9L;0.500000;1503247061;1503247066
1;2048;8048;0x22ce2626487660cb4f70a2c9d4a5fd6656d343e49f00bf1267beff161a5eea3c;0xc8a4f82a8c4ac162beddf02bd6ca87035be99926ab4920d899c8c6c4aa3e3026;0xc179eef8;0xab4920d8L;0.500000;1503247067;1503247071
1;2048;8048;0x753348e635ee4603e10a3fda728e1d2a9866c26efde6d675bb9e9ad82e8f9ca3;0xedcc366c8f202cdbf9db47c0b5df60e812073f0d82103be97d9ae006e518fc83;0x6db201b8;0x82103be9L;0.500000;1503247072;1503247077
1;2048;8048;0x14126b0baa3d52f1adf3069f55f22077d01f9d0ee4db9bf880329c12e8fedefd;0xbb1ce8aff9817058a2c39ab4a5ce0149942314f757c770e2c05e85e864e7f80b;0x4cfa2d88;0x57c770e2L;0.500000;1503247077;1503247082
0;2048;8048;0xe9ef99c42f168fe1d8a7faad4329361fcc404e828ec529db42ba02695b3c7545;0x4220cb24256fdaeea61b4cad3b225f0fbd0f3ff5d499052a8089dd49007aa546;0x876b01cc;0xffffffffL;0.500000;1503247083;1503247087
1;2048;8048;0xbdbf734d8e7fda3d03f3109d3a9ec359e7e10d741a9624564a81acfd62eef91f;0x9df67bd0c0d06acf8df2051d093ae41580b52bc3c8106414f946f01ba521a1c0;0x0de5e53a;0xc8106414L;0.500000;1503247088;1503247093
1;2048;8048;0x5c57891232064853375bf858ab0ab1b364ffa8229819d556f8b4e363ce73732b;0x382f1c2db01e11e784f38512a5a981285bd4dc3a32fff29b8222f50b45ad163a;0x9f786bb3;0x32fff29bL;0.500000;1503247093;1503247098
1;2048;8048;0xfd48998b9c099da16091766df10d8eab8c35d316a543de17c8a0b00aa31227a0;0x2af8ebf3d0c3f443cc61c18150aa5d9cad3cf6d0f7aa909200cf5dba2493382c;0x13e33d91;0xf7aa9092L;0.500000;1503247099;1503247103
1;2048;8048;0x56288bb44660f8b92f336390d67ab701f669129de29fad7619c8fcc9fa05d250;0x93bede08a9cc860cb15844049b73cfae12b2fa4222e7081105df4e5f9df13ff4;0x01e03868;0x22e70811L;0.500000;1503247104;1503247109
1;2048;8048;0x799e742fc2c5079af0ba444a562d6db697e6cd5f714748f3ec46f555624ea5db;0x88e1f269b193e6c66c1d88797a1d4ebbebc45fd41d3295a16c502a4e019b8d13;0x9c5375b6;0x1d3295a1L;0.500000;1503247110;1503247114
1;2048;8048;0xc251091381b08ef1b516fa859a2fd3ebfc8b46dddf04b8b250294f8eeaf80bac;0x029a2662f4e480667ad7ea74ef514f8ad899d6a348105b11d72702762fb30d94;0xd965b50d;0x48105b11L;0.500000;1503247115;1503247120
