1;2048;8048;0x69271c8b1e53949bfdc08af93ed8f1afd35e2bf285112f4b1ebdcfedd49df83e;0x5ec1f87bf8870cae0b3b79d78e8e530e9203ba8f972f82de1c6b4e5e969a2390;0xe5f7235a;0x972f82deL;0.500000;1503149610;1503149615
1;2048;8048;0x6b40f115c313a47b78ea0a0418d041320dc59ad57f0a10122f42454c0a5b8b75;0xa7b44564c2e7d48d11796d3d4eac72f363618f8e82d0fbda580b1c6a9681a12b;0x6bdc99eb;0x82d0fbdaL;0.500000;1503149616;1503149621
1;2048;8048;0x3be7df0f0d50a8c1e2469c7f5567224d84ca7a821cada4ad8f9405485ccd5297;0x37bb1e9a55aa7116d5321cc6e4d19157d6b093280393aee81a7d1eef706a88bf;0x5bdbc77b;0x393aee8L;0.500000;1503149622;1503149627
1;2048;8048;0x4ec8693ecbd6bd829ab120549a2bc9c0b5c065b85017fa9f192b73afae269cfd;0x540b253e0de55952c9d14d73e1f497ba4f52e167ebc8bfd69974913d8450552c;0xbae348a0;0xebc8bfd6L;0.500000;1503149627;1503149632
1;2048;8048;0x063b78b2824d9be97c3fe720855ce08db7123320f647ce14c4e4d106446a424a;0x026ea1b6256fd7b2b0344af86dbb9009227f6e3a075350a5d8ccf659efaa2180;0x1d82d0bd;0x75350a5L;0.500000;1503149633;1503149637
1;2048;8048;0x8aef1cd8a1a4c784e86ad8a00069a4a9dfbc1bc547d08836779b56cfb5a17e3f;0xb44b096bda442d20e37ac1e721cef899eb34ebd7c72e2970e33c83a7c103f9c2;0x85deb191;0xc72e2970L;0.500000;1503149638;1503149643
1;2048;8048;0xd8528b287783595504b4bf3dba3d17e0c2972b3838962cd31203fef2f95e43d1;0x785b7be9fda750a416b12ddebcfdcd44ee2f636a1ec73b9764880d36d37257bc;0xf5d88380;0x1ec73b97L;0.500000;1503149644;1503149649
1;2048;8048;0x03796b7d86b049044490723900a9e7818c60d260cc6ae8c1006630c31dd92f21;0x36fa0269c0d2381f87e6c0f2d72dbd59a62c3f03072f1518c180f6a6edb255aa;0x70dd4f8e;0x72f1518L;0.500000;1503149649;1503149654
1;2048;8048;0xab0c75393738bb582f2b58c94787108310b0b568e41e29d9ebebb4ef7b781026;0x2296eb4b4a8e5cca183cd56e40c66c3835735d0bf9b15a8571632bb4de447140;0xc61e0212;0xf9b15a85L;0.500000;1503149655;1503149660
1;2048;8048;0x1e06b88ae26aa7e8b357cb1c5d9cc8e79f697debc76cfac66c128689f1355e0f;0x6ee98d9b0f9f566c375e4067327192210d3ed63c9f36a13b58f565a564bcf8d8;0xae1d0cad;0x9f36a13bL;0.500000;1503149660;1503149665
1;2048;8048;0x6d3fe9c877d0da60f897b8da8a650016b9cafa25109cfcb99ec708676e1611db;0xeb96bee24cd9ee06858df30490e6a075d6d09162d96a8062fff7124c5438da6e;0x5f73b5b0;0xd96a8062L;0.500000;1503149666;1503149671
1;2048;8048;0xa8312526af07bf4fee0cb6370fd59a4be06883493f43b24e635d356d23980ccc;0xdd75c0c398dd45236479fd47b1e1f5c924de0e9b698236156956f241fcb9da40;0x79b7ae92;0x69823615L;0.500000;1503149671;1503149676
1;2048;8048;0x18298c36ec60b147fbe49e264c3297c750bb034ec562f2fd48ac3e52a6c428be;0x21287f6bf305d239234565fd478baf8d56b44f892a8edc85245b9548bdba76f0;0xb16c4665;0x2a8edc85L;0.500000;1503149677;1503149682
1;2048;8048;0xe3ae82c40cd447fea115e7e42ecc18e12424453399fa588aaf25462aa24bef85;0xeee8d9dc56dbbe632f8c20f5ab89a0c84109eda647de129a3ef83f50ed503e15;0x590d562a;0x47de129aL;0.500000;1503149682;1503149687
1;2048;8048;0x328706a77bd0ff047b62323d027de5a73720b25ebea6c582674213552974d35c;0x98ba91a5bb73fd80d1e491c2f8c6631f26ec267821f41ee50b37b196ccb3ed85;0x92c20611;0x21f41ee5L;0.500000;1503149688;1503149693
0;2048;8048;0xdf9f37e90902c5a03f18fb1cf60c56793bf2671ba54a10b1878a4ec6d2fc88b1;0xb369fd0fa86560669cac2ecf737a69bb1634bd133fe21308f5539370c9aab7b4;0xf7fc9894;0x284907f5L;0.500000;1503149693;1503149698
0;2048;8048;0xdddfdf60abebbd39867fb9914864923dfb63af18bbdf14bc6ed1dc8a36d27c13;0xf8e99c8ace57e488e46164a8e02f7e9dbb4eac94fd78952990d28486ef79a720;0x530873f4;0xffffffffL;0.500000;1503149699;1503149704
1;2048;8048;0xfb0fc3808f1486a97f8fdb8db77277a91e680a89621626540a8e8d2a75ae0570;0x11697d12da23f42066d0c271e1ffad1df5def89731892472d410425d209cc85b;0x3704a614;0x31892472L;0.500000;1503149704;1503149709
1;2048;8048;0x3a9513cab7d732002927ef32efe483d041c2a3c2fc6cb3884ceea61c1baf0b55;0x2343d904fa017c4f903cca331a02648950766fd2e03e0887afba2b5f0605b1e4;0xc08a2865;0xe03e0887L;0.500000;1503149710;1503149715
1;2048;8048;0x2f48f19f95d8c6ead891da39df15df115c9f3b232f97cfa93fa131dbdea9f20d;0x4ae84663ff4e1b54087d7e3c621d57d7415669009ec8db96f204c945dfa5e76f;0x5eaad395;0x9ec8db96L;0.500000;1503149715;1503149720
