1;2048;8048;0x124f0cc3e62d94b7e5bb140a5647cdb19310d170184dd593f92a536df2bb4d04;0xbddcc50d927675c838287e1f6d862aae665dad4f13e87635a29e1dcbd6253b24;0x561cb9f4;0x13e87635L;0.500000;1503181665;1503181671
1;2048;8048;0xcd1094e402922da5d385886e4d9faae36dae87eee9503f6a56d5bb6f709fc13d;0x88d42e301c1cdc5c691f6bd12a5ed58309fb2859b66db7660ace0b1dfad26e78;0xd25cc094;0xb66db766L;0.500000;1503181671;1503181677
1;2048;8048;0x88d08db71f8ed20e5171d27233c1a0d8906d606bd0959ac5ecc9eb9b2d5613b5;0xd9b144b342d8a9d4d6ed06d4c2b97fcc6ffe1c1b135d6237686740f55bf3acb2;0xb3b72745;0x135d6237L;0.500000;1503181677;1503181683
1;2048;8048;0x6bb279b2e869178e2fb590510623f4edb851a772451b16a7b3c8ee9a1b9cb686;0x851117d05284dc2deaf9dcdf05a6514fa060e7cd78e17476ba4d68925a749515;0xd6b29a56;0x78e17476L;0.500000;1503181683;1503181689
1;2048;8048;0xd7d0a4ed157c02b2fd11dad8c208dc888b7325a4a0818d4e2fb796917676fa4e;0xb6023a9e8a24852aa1f1641d7149a8c62b0ee222bd6417445ec2d118e25e2abb;0xee44b8ac;0xbd641744L;0.500000;1503181690;1503181695
1;2048;8048;0x9a8a6a856f3a093931a8567c186b886d8b8baa6514d8b35d6fca3da6f0ed2d8a;0x7e2d4f2628f3c69e891aa639d3311a2ca2817df85568021f66cea26a27472bc9;0xcb408704;0x5568021fL;0.500000;1503181696;1503181701
1;2048;8048;0xc272a34b9bcd02c16547ae0e2b42a71d4985de9786622896debca149033577c5;0x5107d7c7fca91137fe36dd5c43adb1999d167a9145d206af5bda1734e145799c;0x0b2464c4;0x45d206afL;0.500000;1503181702;1503181707
1;2048;8048;0x5bd1f5d72f0b316d65eecaa945d2dc25a85a73a8c3adcb4ac48956827f3c13da;0xeb72c868f8e544f6432ce0820326beeda89dae2494d6c49740571acbcda69fb5;0xe9e7db75;0x94d6c497L;0.500000;1503181708;1503181713
1;2048;8048;0x5fa773127dab62c6e23747537b325ceacff1d01075fb186fdd8924dde7bb4b46;0xfb097aad255e41c98b2a63d599fd4f0bac0daa302570b8e8d69c0773b21a7c3d;0xeda60883;0x2570b8e8L;0.500000;1503181714;1503181719
1;2048;8048;0x0bf02bc77a5bdc4cd9c5981376b3f7ca861c16bc8ee6904301b906db9c4a7ea8;0xa2d7459f1ce59e7219b942583fe807850952ec4140a47d5f324f02ca367a3b35;0xd0841b00;0x40a47d5fL;0.500000;1503181719;1503181725
1;2048;8048;0xf217a5f05d3b7ae7f826e1966b442029abc2bf01be1a6e74023068cc6c68605e;0xc32ad1258029fdfb5d6afa6a841da1a85ebe29680e74da3d27960d7a9fc1f173;0xe4e5c894;0xe74da3dL;0.500000;1503181725;1503181731
1;2048;8048;0x5e84ea0c11a4ad034dc31673e484580b0f6c5517f581952379f81eb843a563a1;0x47c80d37423412c4e0a415fb9f320ea7e1a5d1e09b8b5f1d1439dcd2b07701ef;0xf60ce226;0x9b8b5f1dL;0.500000;1503181731;1503181736
1;2048;8048;0xdda729babeade623e1b378677f9aa51c5e1c7356a41ef75f27b32b1ec713a3a4;0xd1bb6f001126a529a7bc10a6f59b14e6a3a2d703d3705b835dd350b2b4126db3;0x159f6fd5;0xd3705b83L;0.500000;1503181737;1503181742
0;2048;8048;0x8ec1f6717f04a9aa80ab7e12efc1f6c6d6ae5c48c800892732d194f531f505bf;0xbaeb399af4b0fae9e6174fd382357a770173eae3e164258ab14eea99d23ee462;0x2fc5c4ea;0xffffffffL;0.500000;1503181743;1503181748
1;2048;8048;0xfbab57bc4aa7c308149620755f7340250375b0e3e03a9c23a0bda99d9ce72b97;0xee9bb3a3c3bb2df5a5912f62f73b646a7d27833607380a289c31d70c4b3a07be;0x3fef2f40;0x7380a28L;0.500000;1503181749;1503181754
1;2048;8048;0x69216d83e4dd1f7b1727c9625fd585cfb5116b10e117a6016ecddb438fa22bf8;0x66f5ed02504f8afc90f2e76c4309cd5075cbead285feeb78d65df760c0ebe6a7;0x81c2159b;0x85feeb78L;0.500000;1503181754;1503181760
1;2048;8048;0xd830879627da376174cb6bd44841bfcf2c3312e07897d37c69e189b022d4a5fa;0xf02a65b9edd5108f24576ee8948cdcde14eba97a8977a5fbf5aef638be7f39bf;0x9536efab;0x8977a5fbL;0.500000;1503181760;1503181766
1;2048;8048;0x57758660141389188136f3992a7ded485f82f92fbf0d9efb87022b96557bf1ac;0x2cf47ed3994e4375712a35c6b157c4b90454745dbcf78d0d6c564005b1929e24;0x35fec7a6;0xbcf78d0dL;0.500000;1503181766;1503181771
1;2048;8048;0xa193aadb4a64de6b880226c7626f3af25453712794214062541c968274afbc15;0xa24885e7ba2f7d2c65ce0c0edc6af3073e6cc1fb02346ea5dd45b323a3e774b2;0x8f9599eb;0x2346ea5L;0.500000;1503181772;1503181777
1;2048;8048;0xe937ef2f64a491470e1c08055efcec346dcdf5a86285e1291150d865a39e048c;0x1f623e71d392d915a56e94f687109db6525313207e853bdae47421b7a7a69132;0xad208a68;0x7e853bdaL;0.500000;1503181778;1503181783
