0;2048;8048;0xa8dd8e551d48bbbe57ebe73beac4cb8b6be385e5aa6b7a7e755eb52c8c709335;0x54d1be09d3ae1b8e2ddeae025652298a08db9226f27e79c028ae7c9fbf3e0de2;0xd3722051;0xffffffffL;0.500000;1503239885;1503239890
1;2048;8048;0x973c84c0fe2c03dc50a75abed98d0026a19127ed9f0e384ccdefad4dcdcfe764;0x444de3920bcca6328c4ca1b8a43a737f4888e61b1ea918ea370e569402ab3ae3;0x6efbba29;0x1ea918eaL;0.500000;1503239891;1503239896
1;2048;8048;0x56497aa2d7ee7cd5044054fff405c36dc3a8051e43ca499105612637b3ba7f09;0x7685886d9efb7a7b02e64ed0f44d7f842f53a735d8f01d74da00e9deb0701ead;0x6715dac2;0xd8f01d74L;0.500000;1503239896;1503239901
1;2048;8048;0x0828694ea2e8d2656d013ee691a201af12f05122a519d13994ab82e8f51d91fd;0xc176039d950bb599c7892a1fe6ade02c90eec4bd0d739bc41799b57b3a81a74c;0x9b1380ac;0xd739bc4L;0.500000;1503239902;1503239906
0;2048;8048;0x7f4e562582c5faf91deac0f06afe6eaa6a078b7a9b3573e9dd8251a70f2e1b8e;0x566e54baf9fc853eb6cae21cbd92ba9768ba5d9544d7ba076a665bc61d264994;0x5ca7c7fc;0xffffffffL;0.500000;1503239907;1503239912
1;2048;8048;0x5fb1f6ba62263ba5fcdbf285669f62b8042ef2587a1c879e971037b3a469a903;0x9bbbe5edafbca22a0b2e12167421e8e173455a83e192a3575b2995e5302e5c47;0xdaef4fbe;0xe192a357L;0.500000;1503239912;1503239917
0;2048;8048;0x9875dc765c5c23ba5e7542c9a8852b0725a9e0ea61297356e0fb48a170aeff08;0xab62fd3566830be0c1f9cd6c250c5f0cb890805ba69ca380d1da6e151a6695cb;0x6ca13134;0x49a80351L;0.500000;1503239918;1503239922
1;2048;8048;0x194b59ccac28f628cba18f02838e37cd91769ea6b4c89a429a75d9b568491381;0xed1d91b67ee9c054135e3101315a3308ea2455bd3c2e4c5af5fa52ea7d146481;0x4fdbe59c;0x3c2e4c5aL;0.500000;1503239923;1503239928
1;2048;8048;0x4c5aca3216504a43c50b1c334b23309f8c99deeabb687c22e810e97261b30dae;0x6f8dbfac457303e710ed846a9657af3b5088eca2523d51c56f1e137f2ab9655b;0x45e04c57;0x523d51c5L;0.500000;1503239928;1503239933
1;2048;8048;0xf0f10f7c032abc75006f711eefe86e6aa020ee5134d33ac1ca66a589d08345c1;0xaa2fea90572206664d3628d5d5cacaa98eee0d00bd1cd4da60f49c9979f4b0d6;0x7dc85ab9;0xbd1cd4daL;0.500000;1503239933;1503239939
1;2048;8048;0x35a5fa1ec7ab6140982a488ed2fedc1f24de4563bae25997dd45769cef7f5624;0xc92db190d15d9c7f7009a18b1e639cc9b05754b1eae1cd090fd64be07a04bd6e;0xe7ad4ba7;0xeae1cd09L;0.500000;1503239939;1503239944
1;2048;8048;0x861317c610fc67b6cbbe5d01e13783a248905ae7e6d8365e1e9233e2dbd46161;0x1bc8dfa45e7f34be2d38829a42c486d443090057aa01695b4324c63740b4faa2;0x58c95f2d;0xaa01695bL;0.500000;1503239945;1503239949
1;2048;8048;0xcdbc98b2381676181d2872cecf2a192d80369eb5f298991800a320d5f36311c0;0x27d940da3610ee5d164bc9d481d18ae47cf21a3e662147e457d7245a9b501820;0x0c30b731;0x662147e4L;0.500000;1503239950;1503239955
1;2048;8048;0x6fd91f418759059b5e24570621d436222fea9f682df9bc546cb39fa5cc56b83b;0xca2052f46969afa9afa59387abe02c6a8e52d2da6a2b136b4870d9d7d26e2c01;0x771c633e;0x6a2b136bL;0.500000;1503239955;1503239960
1;2048;8048;0xe7cc170f041a527461af1a84ee0f7403269eb6837766877a0a13b70fbbd453a2;0xf594819357df123376eb9af1dab4db4b2d3470a746596560e6c1f5493999c515;0x555efeef;0x46596560L;0.500000;1503239960;1503239965
0;2048;8048;0x8eae0c608a5de7c089ce0792c8243e6e0623942951bd245126473e5d0b80e499;0x740b79b9b3420722b405bb1e5943de75579a8e90de28b9028ea01720c49c96b2;0x436330aa;0x28110802L;0.500000;1503239966;1503239971
1;2048;8048;0x99af921751eabddd2841f264e253e8418a25076f923a12f80f1cbbfd77ffa211;0xdaf08652af2924350787afae651884c4f19afea4f998f9a6090a2c40932ac442;0x5974f79b;0xf998f9a6L;0.500000;1503239971;1503239976
1;2048;8048;0x28dca4acbb1cb84e92cd17aea15edbd1a0af85a1a7fec3737df326c241d81d69;0x2d67f6e39fee7881c73dd5d4343838a49383c1f90b8ed328e3042bb663b5cd95;0x22636c11;0xb8ed328L;0.500000;1503239976;1503239981
1;2048;8048;0x7dc92e4b0e496918eb45018468cb8699e4b0af659570ce4c25d06b0caf63eb2c;0xc7851c3fa7620eab6d698be60745f1e52b943556ace6f3b73e2bc7c04b94f0cd;0x03409d41;0xace6f3b7L;0.500000;1503239982;1503239986
0;2048;8048;0x22797dc05b67d9caa88f4591511510be6d497896c209bec982ffafa422144544;0x7783c85b9b0569c5c89baf8a0b0cdeedeec718d8e1531e00e17aaa85be55157f;0xfd85a813;0x20016144L;0.500000;1503239987;1503239992
