1;2048;8048;0xc1514c725f6f5261c08d421c889b6027902c9426bfb595700107917165c99a26;0x48899289ba6184a7b655b0ced71cd034de83fe482f1361ba270693e800f58867;0x1e261590;0x2f1361baL;0.500000;1503218530;1503218534
1;2048;8048;0x6a61399bfc9b4f0dfb5d202a6eb81c086d6ce2c9400e114dac3c38bdb7cf4c21;0xffd66165b70a1cdbed42b94dd7fe54d677b664dc6b35d3d9474c093ce05ca116;0xb7c55c0a;0x6b35d3d9L;0.500000;1503218535;1503218540
1;2048;8048;0x8d2641073d9566d5eacbff8a73bb008b86700b729ebb9229d95618688fb5d71c;0x5caef19d7d78507e79d9d1518908ec42f546a17de8a4a97c62189fd9f4876d66;0x946969a5;0xe8a4a97cL;0.500000;1503218540;1503218545
1;2048;8048;0x750f937f522cb3d398201aa8b62bcb46321763e1ef6c5baad36718fed2901648;0x7e41253386553d6e092916ed2d2eb9368d05c508e9307abb22105427b230ac27;0xa1925fd8;0xe9307abbL;0.500000;1503218546;1503218551
1;2048;8048;0xc4e8742176638db1457cfe7a0dbdfd5defae0f0d43bf0522ecf434cd4e2f7613;0x77a396c999170664116620dbe39559d21227b8f3a03e43557b47c8d748cc18af;0xb6b32c39;0xa03e4355L;0.500000;1503218551;1503218556
1;2048;8048;0x279652d8810a2627131e5ce566101120bcdfa47ace6bfe9dbe92379582fc04a9;0x650e590d36cc85821f32fb50ca55338b84958b75fd7115acf8837ba6dc067f65;0x0d0b9f01;0xfd7115acL;0.500000;1503218557;1503218561
1;2048;8048;0x6d974c14755eb1c417c3881f2cf755192e03ba40b585b6c4392d7f32d2f3f43f;0x9a4c3dcde00ae09178c1cbfb841c678443d382de49d391daa56d40c5802d63ac;0x73bdaf79;0x49d391daL;0.500000;1503218562;1503218567
1;2048;8048;0x37873a4faa569b69f8aa6668264ff15f0aa66659ccca6280e5430f0af94c0331;0x267e6ea266d8c8dc9050b402cdda9bc8bd4de83ce13180e69c2a1746d09b730e;0x07dfba4f;0xe13180e6L;0.500000;1503218568;1503218572
1;2048;8048;0x0fd574ba787760fc619ce205fb1dbd91df9f189551c76f9765d8a25043ac5b52;0x634104f22319d97717944566624b344164af03748573b029142cac09a51a96b9;0xe4680659;0x8573b029L;0.500000;1503218573;1503218578
1;2048;8048;0x288f3acb13fab823fee87853f2959a18b0ee3a95d87ed965e6327becd8c87601;0x191db7044ceacba59279f5ef8064a4a0a68fba2572445f483236cbd01ada9bee;0x258d2522;0x72445f48L;0.500000;1503218578;1503218583
0;2048;8048;0x0590e7688fac582da4fd6fa1b52294ae2e7f64d4992a15b59d1ae5aec64cffcb;0x094ae47b2006919bf56d40484373a078bbef2fc4eb5b77247778fd27a5856858;0xf55ab21e;0x80a4011L;0.500000;1503218583;1503218588
1;2048;8048;0x5a77e2c4b577239910f366f0002950b2cd022aa5d75142fb7c5593a586d49ee1;0x32e40536d335c185b1303c5494ca2ab7c3410741c2ebcd8447f8e5f39ce0f4c8;0xf61bd6ee;0xc2ebcd84L;0.500000;1503218589;1503218594
1;2048;8048;0x3bea0fbf6b0b628f17ff3762baa0e50079dc5af4ddf42ab9418ba8674395a17e;0x9331a5a4adfdaddd7990379ec1ec9dce4639f4e73e6e2459139cf950717e25b6;0xe8bed5ed;0x3e6e2459L;0.500000;1503218594;1503218599
0;2048;8048;0x2687c3b22b4dce37b3d0f5cf64dcf95faa4c314496caddb3f1743bd3dcc73e03;0x2faee05d5025a175227f3f51da16f8e81fcd88808769740192f86d5f1baf9243;0xdc6bb6d6;0x4024a055L;0.500000;1503218599;1503218604
1;2048;8048;0xfb4d82ec61b79e803d12ff7acd4a944b274d5e86df95654f5304e0c610158c0b;0xaded58e21e6858ff399388e77c7b7a56e99e9c63575acd2bc6c0a24225726763;0x7becbd74;0x575acd2bL;0.500000;1503218605;1503218609
1;2048;8048;0x6bc1028f94cc720821f6b3619582c063d7e54ce5079c02baee53c9fca2506c0e;0x355ccceac9a0798e8d013dcdf2fc6ac238726023e10f6669cd0f4efbf081d875;0xc9d24d56;0xe10f6669L;0.500000;1503218610;1503218615
1;2048;8048;0x5376fb9c3328e806cd5f37a8a115e087fb8f89ffb03ce66699a4e4a1d49c9c27;0x784e92b82f8be21f42b0d0448dae10412ebf7e1b6178298a516567021cc26798;0xc124e7ba;0x6178298aL;0.500000;1503218615;1503218620
1;2048;8048;0x9ca1a89502c2d6b16405e1c7c312d693ecf94db3bd2c6720fe4ca9fbe8b26785;0x145fe28995208adc90d6d8a77685cc5b27be5db0e00a591199c45c6226f296b9;0xcb7bf651;0xe00a5911L;0.500000;1503218621;1503218625
1;2048;8048;0x05471a5f1bf5586b295ce5916e0b0c0c3cf1886b72260fe7a6d8367f191f0b1e;0x3b0e4dd2bd9ad1f7cbb8cfdba527ba152572cd1a34cbe88cf063906a927bc9f9;0x3c01ba78;0x34cbe88cL;0.500000;1503218626;1503218631
1;2048;8048;0xee893b1d74daea969680e6e4019a4b6ad6e373b4fd15618aa39e24d7fa8313e8;0x90b3192ba3b1e4aadd1652758e9e827c04ef272d6fc5bf5dbff71dc9f52956d0;0x1da97e2f;0x6fc5bf5dL;0.500000;1503218631;1503218636
