1;2048;8048;0xb47410017cd7c852ce698aee59116dafb38106e38973f2868808158d664f081a;0xf9dbefb276d6904789198774d7076694ad9080f7119d3bc5aac7174724442b91;0x72a8feb3;0x119d3bc5L;0.500000;1503236330;1503236335
1;2048;8048;0x30539accdbdc84bad02e86cc5014f14a4f67e3b46ccf9cac2c5d8aca8f2a60bf;0xb7ecfc4d3f60104bc81f8128854cd8eb9a69c8d8746de66ecb821c890ae0ad22;0xecf5375a;0x746de66eL;0.500000;1503236335;1503236340
1;2048;8048;0x36e725839515763b7a9fdbae00294509da97be315e20010ccb26c425a3e7c0d9;0xc50d48d3f73fb75f3d70be4bb11e849a65ec3c120ea1d365fd85ecc6dd3e83a9;0xfa2f884a;0xea1d365L;0.500000;1503236341;1503236346
1;2048;8048;0x0cba419bb90550e62c71c34eb25263de30964de7282acb62786a0ed8afb79dbb;0x47aaca65e3fb2c7c0a8ec41e3740a7b7c7a37e3daaa3bde93a94f4c1aef2a651;0x8d4dfa46;0xaaa3bde9L;0.500000;1503236346;1503236351
1;2048;8048;0x2af8021d4d93989ae2a44b5fec48a8346b28fb8b778a21a31e80ece4a3c5e9cd;0xdb5078e493498da4799b8085a9b3e1d6b728851d0981f3d61725c3216450ba92;0xe909773d;0x981f3d6L;0.500000;1503236352;1503236356
1;2048;8048;0x8c85ff669ad34af027b0fbfdf5fb02cd1262e221c5dbae61013534653000f7bc;0x05176200f0b64c38aa386fb02b6355ffc32e151cba06a7222ff5bd6d60cd6248;0x99cd9338;0xba06a722L;0.500000;1503236357;1503236362
1;2048;8048;0x3f163d07fc9dbdb7882b301d8c61a937b53528df1fe02a4b1daafe17e1689520;0x92e325cd0a98f54142668c2cb0583e87172dd809d07317115174edc9f9611a64;0x3feed60d;0xd0731711L;0.500000;1503236362;1503236367
1;2048;8048;0x01e0adedf58e8a07e536c8aac382df16b1355d52aafaf093026cf45387bf1788;0xaa8749f6bf1d4547558eaded485d50c1a0537354756ef107881490b9426ea1ed;0xbeecb125;0x756ef107L;0.500000;1503236368;1503236372
1;2048;8048;0x4f46261a1d5ab7b6bd9d71443b2a7c8a0558cbd6cfa2e9f8e4ff03558ae846da;0x6e997f2c05d0af4f807acddfa3889416909326d6e3d9b88df02e25da6fde6f50;0x5c28f62b;0xe3d9b88dL;0.500000;1503236373;1503236378
1;2048;8048;0xadb256c93b68873521042910d2ad4000ba51fdc348a0af39f58fbd0f5375f500;0xb15950baa9fcaed291ccba4e1ffeeb45f2722c561d923c4445be05f392cfa4d3;0xd2f9afdd;0x1d923c44L;0.500000;1503236378;1503236383
0;2048;8048;0xe95ba412611fd672967ca1f443957ef27acff1bafe27c00092d9f20d6fc39258;0xc92b2f96343395fbac47789b0ba61416de86734d8b4c7b801282945e9c93420e;0x871ad8a4;0x7400525L;0.500000;1503236384;1503236389
1;2048;8048;0xfc6ef3d32d54b0fa18ac24a069902c4016dda3d041b8175f2071fd0004cd9f00;0x72f7083b1bae009ceb6a20c869562f784f1572a3f7326262d99eee088c4d8119;0xfa5f859e;0xf7326262L;0.500000;1503236389;1503236394
1;2048;8048;0x618ca8570f40fabd8a876e286e80553eaffc5049f10f520413d26e1eba880c1c;0x8d97d4c0ae55a17cd06446261265efa06f715155b639c8e876a9d363b2a21a8e;0xf39e8e60;0xb639c8e8L;0.500000;1503236395;1503236400
0;2048;8048;0x29bf1eed60695a234a02c220cd66f7949572d1ae33fccc6b7e762de8609d4a89;0xef8404f06f290a3bc34af36064f5ffd0fa9cdc1c0e219801e61dd20877713dab;0x861835d9;0xaa884102L;0.500000;1503236400;1503236405
1;2048;8048;0x3c8740f49443b3a93d55609bcc6f0e633bb29c593690b2d29e941acd19a78856;0x5e3854659147543a1d9283148b0ce6b020993deb92b050d91e3f7bcdc7e63c00;0x869f40a5;0x92b050d9L;0.500000;1503236406;1503236410
0;2048;8048;0xd6314a19f9dc6a6c4e3fb589f8cd4380d83501a7515835e7378fdb1ebcce7993;0x8085a692dc15ca2bbd032d3fd46eb91761797621798a2a40aee88d6dce7b7241;0xfda1276b;0x5a4a2451L;0.500000;1503236411;1503236416
1;2048;8048;0x3836a75d5812f4a3fe2cb6dea740c4ff542fd0cf7cb881ea001e708a15f8074d;0xb35f91ff3b2ff2ec3162e1180df01b1f40e1aee30a9bdc2f3e7ce1ddec734b6b;0x8f583370;0xa9bdc2fL;0.500000;1503236416;1503236421
1;2048;8048;0xb44f41d4756e39b094d8b26972ec77123ece3dd9462c17d66d7fc8e154d87908;0xa472009df816f42eebc98d98c0c7bf3fe1ea578f55e00b0a3810d7efae28b5da;0x85f3bcc0;0x55e00b0aL;0.500000;1503236421;1503236426
1;2048;8048;0x92383cb569f6316b40274e29734c912996eb84a6753627ebae09df57c9f15b5b;0x4a157d89ff964fae9ffd33333cdd311f14a8984e479158770fc69e709a40cc96;0x526d2b1c;0x47915877L;0.500000;1503236427;1503236432
1;2048;8048;0x7a58391561592bda9e06875357cdc2b14692d47e6346170b1ecd3916fe41af78;0xde1d7607e51d9712de0402be42099f3805146538ec34f01edf951219b88f5569;0xa6d56634;0xec34f01eL;0.500000;1503236432;1503236437
