1;2048;8048;0x482d6804a5ea086c24161c08b790e3353a4f974240558a43be27233cc5764b0d;0x6d98406543c6fef4f38227fb1c871f13c0eed0feb293e97985ef1af508b0d07b;0x6472a485;0xb293e979L;0.500000;1503153177;1503153182
1;2048;8048;0xab5748b79cd5c3a54a836e113fa181b0175498c55759107d0cc5889e95cd0140;0x97a0e82d484aa6d6857cac51c1808ee8187ebc573a0e2dd89a9595a89bb422c6;0x62aa5f00;0x3a0e2dd8L;0.500000;1503153182;1503153187
1;2048;8048;0x71378ae981fc1d3ccc717f9b9f2a5d4ab4c02e24807d50b5ebf469c5c1be5132;0x607a69db25fdb2f6fc56fa3d18c178059a328d1015b6951b1c4d187a33312aea;0x8377f424;0x15b6951bL;0.500000;1503153188;1503153193
1;2048;8048;0x27ac927985a4deb0d46a5813700ec917e207778036f1968a2f2303ead68199fe;0xbd28f927831da40a4f4d285f34a0ca7688e5c54a0172b24e66854278f9df7a16;0x945a5b11;0x172b24eL;0.500000;1503153194;1503153199
1;2048;8048;0x913e318cbdba8be35c6d0dfecde220e2705cea31296126913e3e01bd980a852a;0xe9920c5c3dcafc4843e137bb7663922fd9fe12a874ece4357280dbf54c162195;0x0b02ae86;0x74ece435L;0.500000;1503153200;1503153205
1;2048;8048;0x7f633d49a5b28e185ddc0b11a3f6df89966b851b4a32cf93a024a5f751066cd0;0x684737dbea41da0ff45ac0c3d20704d60663d4c761ef69c2aba48fa9bfcb82b9;0x61501ee5;0x61ef69c2L;0.500000;1503153205;1503153210
1;2048;8048;0xba8a4d1b490731d7634c8199e474949535ee6eddf12c155b798a4ecddcc4fd97;0x4f9d9df3eee900894dd96c00004d96b8809041061408dbc55c2472b1f34c7192;0x04ede52b;0x1408dbc5L;0.500000;1503153211;1503153216
1;2048;8048;0xb75c0db3f90e94de55595bcdfaa8a52c75e13d7eabf1a464eea591c5dca08493;0xd10d13f6b1a7d765f00180936f80c394c3ddb618f25a95eeb9298865b8c8dbd7;0x4497a8eb;0xf25a95eeL;0.500000;1503153217;1503153222
1;2048;8048;0x855f1d5c6fae745993c5a7c11159b8bc8ee10cabb3340e1802d5c04e337c02b8;0xd0ecf3f48fd0578d09a91087a30653bd5be54c61960880e7562d79d538b3945c;0x8d28cf1e;0x960880e7L;0.500000;1503153222;1503153227
1;2048;8048;0x1f15b7ef2f1a519ad1fbff59c4da519c73bbb53585cb58eb7cf45870d1a4d9f0;0xf2f781f341a6b16141316a6c698d0611ed2ce1a80377566cf7883a54bce9ddf1;0x13f22a71;0x377566cL;0.500000;1503153228;1503153233
1;2048;8048;0xcdacdad7e3b47144270e0c90e9394bfc73a416b06bdf38b9869889784ca83819;0x0a6dee060f3fb00e197a59a2631d59cb232ebd97ac5ac81b594f0f1cb21645b1;0xe6221414;0xac5ac81bL;0.500000;1503153233;1503153238
0;2048;8048;0x29cf146d681868e1f9ec467418acd201b487a23ce6e96df54761d359d2a725fb;0x184b22feaf6519071caaff7bd15ff492744ba609cfc3a4c9c46a2fe0b4364b08;0x7c50cbdf;0xffffffffL;0.500000;1503153239;1503153244
1;2048;8048;0x199e7171c07c709e5f138ba96fc377559b685a06622376dd62cff0374da4d466;0x1c5071407aa24e043499eaf94a41b561f3a36ad321b3681df9e1f296586cad81;0x88e0656d;0x21b3681dL;0.500000;1503153244;1503153249
1;2048;8048;0x3e4c5438d85bcab6c20a5c852e3676d90eaca1f4dc8192cc2dd4622ec302c702;0xacaf31870f998109b6da472e6d12e38d3ac693b085394cee660c5ac4e4ad6fe3;0x40e582e0;0x85394ceeL;0.500000;1503153250;1503153255
1;2048;8048;0xd8f3d7925f11b93f4ce3c581f1cd7bdf1ffca8f8f87be42d7fb7be1e2f9cd207;0x8e780a70e327e869dc9e8ad2e06abfb98f544777cf0bf67f2b0ec5aaefc5dd67;0x7c49d450;0xcf0bf67fL;0.500000;1503153256;1503153260
1;2048;8048;0x900d960bffc42b8764e2bb829a396e17c83f387aa5367e8ee0e4c2808f347d1f;0xc0bac42b14a02cba04b079bdc70b92871e79e17e8b3c28b1ce0864af979fe6e8;0x8facd2e7;0x8b3c28b1L;0.500000;1503153261;1503153266
1;2048;8048;0x0bac618443dcd2e6f724d9d6fa9ccc47caceea7a25c3ee7b76e2e823c418e7cf;0xe6ce692e9b2a3568cc75ee9b51b787e8d4501500663dead64bb336cd9011dee5;0xad907b86;0x663dead6L;0.500000;1503153266;1503153271
1;2048;8048;0xdd7fcf9fc77df937bbf25a6184a9af1d325cdf5fb17c6a31d8aef98e2f67140c;0xb4f8f0605264efd1ec4150aa986961a6b6c1a4c1389ffd36dd886b769df81173;0x584beebd;0x389ffd36L;0.500000;1503153272;1503153277
1;2048;8048;0x6df96486d323cdbf517eebb6be2ce112d9378ed0ee3dea5bbd94078455dc2dc2;0x2dcde87a30057decc186cdbff196fcf635f615b9c92ea29a0704d4eb2ebf1fe5;0x1d6bca65;0xc92ea29aL;0.500000;1503153277;1503153282
1;2048;8048;0x14042e6a092583ac81d690f7c05060b33cf1658a95a4900e43126e020120da16;0x65c809b713ab113c93fa18bccbdd316ccd8b9cef3ee5b193baffb617cf40a561;0x37c27072;0x3ee5b193L;0.500000;1503153283;1503153288
