1;2048;8048;0x6b0423d6636e3e038f1fca161a55718b3303fe1128273decb4ac0700669a82d1;0x6f5bddb106c6a438bcfedd9c6930a79bc56094cee3945266e51c58e7507ed5af;0x86aca6d1;0xe3945266L;0.500000;1503193542;1503193547
1;2048;8048;0xb899a6e8fe9a55dbf6cbfdbc6cea7886f0d133883278f86a04e30ef68707ef40;0x08b449661936a4f397ebce33200a0c11cb30985b9490ce2a353083e6eeeb1809;0xe19f5ce6;0x9490ce2aL;0.500000;1503193548;1503193553
1;2048;8048;0x9e6b1f1799af37b48b11fa0beaf926eed087dcce032546c757f48bc3359e55d4;0xbf6533f2766a94a61261b21b9579704673cb8b5bc33706a887cfa43584a603f8;0x719c54a1;0xc33706a8L;0.500000;1503193553;1503193558
1;2048;8048;0x62e54cd02f62abc54955104d9ba583aa039779a32c5832f34271938d31bba693;0x34d740fa51e0c88b1990c2024c9fd17426552db7432d5abb693f4469c0b1bef9;0x8f567d0c;0x432d5abbL;0.500000;1503193559;1503193564
1;2048;8048;0x31dea5dfc85a6a75ee9c53ddf3f5b71c507cb238fab8f94b477a9a7c0275fd34;0xde8afde8b4503c5980a2cd290a552f1438078b99aceae575a99fb246576065fa;0x5788192c;0xaceae575L;0.500000;1503193565;1503193569
1;2048;8048;0x63b2b8ec672182b7f87c0f1c1dcd3da97b40d18386f973eb76249d2431b64895;0x13e2a243dd8925d51fcfeb40ac77f587c9c2138f94cca5f20375a4e7856fee70;0xfac7bbd2;0x94cca5f2L;0.500000;1503193570;1503193575
1;2048;8048;0xc33b0c138237925435036c2b014d593c0ee86ef9c104e08f0b55661ba2256166;0xe96a4d2d447dc53134ec88a7acf2737b1553ece979bfb2b89fd01e599e73bd4d;0x0d1330e1;0x79bfb2b8L;0.500000;1503193576;1503193580
1;2048;8048;0x1621fa09f51e42e3773b48ac086c69792dbfe2b3d3a939420b0bb651df9f38f5;0xb71334bb0e5b82e7bcb195ca70d05d165ada8be7beb5e834a698a9c9a75c4687;0x353ce11e;0xbeb5e834L;0.500000;1503193581;1503193586
1;2048;8048;0xdfd45d0b8f42af3f55f51355b1775e7f8c0bd443c4d93edd46b7a2b78eb1da6d;0x71b7776a9d2310f1efcefdb88a1a92275f4b3d0fb4de3af6629cd9d9ce7e7175;0x7eefdc1f;0xb4de3af6L;0.500000;1503193587;1503193592
1;2048;8048;0x1d2f44b25ed69f1c5cd910bc73094557fffcd68c3cd34ef98976974d80478f9d;0x0b5ebcec8427e248742e837ed47531ed47a1651293a4261927ff9b532c1551a2;0xce833826;0x93a42619L;0.500000;1503193592;1503193597
1;2048;8048;0x7b50bcb18c2f696861607859f5fbec98a39eb85ff284daeec53204dc0134e47c;0xbd03d02a2882243f828ded4536ad719a00ac23971c7e75797d2fd88a9dafc2dc;0xd65d5a17;0x1c7e7579L;0.500000;1503193598;1503193602
1;2048;8048;0x3431b7f9a6e971226d42baac79216ff36182af153be8a9574a033c28ff169733;0x852dcef64fa75aff595627a10e41f3e95787626e119572f3dde9a568b7ae70fb;0xcb4c6243;0x119572f3L;0.500000;1503193603;1503193608
1;2048;8048;0xa793e53581b234c44598def47a81a0f3d1bd3ffb1fd16fb952cd51284f5a49f6;0x49c18faef3ca4653ebe3e9465ae12a97ba4cc3a5039662c5089afb63a438a109;0xad98f3b3;0x39662c5L;0.500000;1503193608;1503193613
1;2048;8048;0x041d8787c99f834529efa0479af45654b188d44869d17ec8957457aa32525937;0xd13dd70418f8cfc71f753cf489437fefe60709bd8f591abce3a6882c53b042a9;0xe17bfd31;0x8f591abcL;0.500000;1503193614;1503193619
1;2048;8048;0x7d7e87cd34e4b8be87ac1814cbba581e3848395ae8093cfb488430ee31e93eae;0x1b9a0ab5704821ddf43eababf8e1f1b4a6ba08ac33781c427759fe2ce8f49e69;0x99033531;0x33781c42L;0.500000;1503193620;1503193625
1;2048;8048;0x86b434256edcb6d31a9b0269e690fa9308994f8bfce5ba488896c3cc6d12d3f3;0x14068ce095d205557146a2806dfb4c8f10cbc3ba8a09f48b1c9046df25c75e35;0x6f4c3e1a;0x8a09f48bL;0.500000;1503193625;1503193630
1;2048;8048;0x7c3b624293e77e63c19570df9ad0d6055e17adbfd4544eefc5917ef3a6944c22;0x6c3b902bab9b514b7a2c635245a6fd0da25179288cc10fd10a92a0c72908d469;0xa3782962;0x8cc10fd1L;0.500000;1503193630;1503193635
1;2048;8048;0x78ad95b1c7ca9918582876a9bae95621fc1bdf6d68444ce2531d203f02d3f37a;0xf06dfb82f6771e0baf3857c876a287e36591fcf62c347c1d1c9b1bacb6fc3a66;0xc5457818;0x2c347c1dL;0.500000;1503193636;1503193641
1;2048;8048;0x328788faf83e42a5f27fdaee2cab69cea32fdc50248fdf7cce7d9c518051c3b2;0x700f472c9c5b2ca1ddfc8faeeaebc59afffd30c70dd33c2c982146d6de41a9e8;0x2835b82e;0xdd33c2cL;0.500000;1503193641;1503193646
1;2048;8048;0xbd98f3bdaf3b7e2909621522b3227900d1eec20e76d1236ee9333256649bad21;0xedfed2e0ddc9c4b6c8d918b441f9a0a23591fa07b36a4f6bc00286f10d469ff5;0xd5a114cd;0xb36a4f6bL;0.500000;1503193647;1503193652
