1;2048;8048;0xf5e5ac0e34573b06b5b9b014f5844fab7de8232f78a1df87682fba715cc45f52;0x773e0a124d1f9c14dc4a31766eb956fed21beba270135f228019079ca6324c61;0x2bb7c8f1;0x70135f22L;0.500000;1503179282;1503179287
1;2048;8048;0x9d2b8563275980737edda07390f2d5b91c110f56f0caf6960de7855df5be3e92;0x5cc58c63b2f65ced96d106902bb232a866ccb30b23af5a06e24a6460d8bde2e6;0xe884d7c9;0x23af5a06L;0.500000;1503179287;1503179292
1;2048;8048;0x5fd70e83eb3202d1f7a01ef7136e24d2500617bf7dc43b3fe9c462d3ae5d3a0d;0xcd0731a472e1b238a338a1d9635c8676839ec4fc57c05d1ee16825bb6b3e841e;0xb4a58f5f;0x57c05d1eL;0.500000;1503179293;1503179298
1;2048;8048;0xadd0d17e29c87eb76ba79e20d8fce717738079c0af5372ea45fad282b6beb164;0x08c2ac519fd9fee86a52a0ae9157bab43fdebc71b532936efa100408a42a8b2e;0x814e04e7;0xb532936eL;0.500000;1503179298;1503179303
1;2048;8048;0x9eb1df058038a14172f37181cf10fcd36bc45c58809cedf5fa3538a2ab9a1b49;0xc8c85e0827974e0d6a56843766e6e1b4459683756e1b4b8f04b3ec60fbaa9a39;0xf3678b55;0x6e1b4b8fL;0.500000;1503179304;1503179308
1;2048;8048;0xd736e4eb614fa2a750f2c88141ac0ff2134a5bb8dbeb632166c77b9498c3b26f;0x95774ed6a546c4ec4cbf220298e8ce6e361f1081dc6d75e1af41301a73484516;0x6e96a484;0xdc6d75e1L;0.500000;1503179309;1503179314
1;2048;8048;0x2c0034a07a14cd86028c8d3895218c04d3e39dd1272c56d85402c7457e86e3aa;0x789dd69eebd642b34776fecff0e8560ab42a17b62b999631bca1570c61bf367a;0x05e0b290;0x2b999631L;0.500000;1503179314;1503179319
1;2048;8048;0xc4133b3c1bbae76db8b482d2d4244098c49f5f94781a841d9bb1debd265ca2ea;0x130d9ccf5ca9d846c428a66bf1f2bf9e9a71adba28280692034019a5710baf02;0x22a248ff;0x28280692L;0.500000;1503179320;1503179325
1;2048;8048;0xd5f331eb026d665ff8f1623f56fe67125356ebfe9327790edfae627b74b2d049;0x32bd22e3e7f5425552ab4de101620404e096c9c2460bda1e78a70c40202099ae;0x33893dd6;0x460bda1eL;0.500000;1503179325;1503179330
1;2048;8048;0xbf0dd27b2f6f5abdb9fa131aa7ba212d5b1507a9daa39d9fd55c2de3c62d2085;0xdb46f3dd73da1bb7cc5e5255f8197876008a96921f8b35dbdd430ae15959c82e;0x58b886c1;0x1f8b35dbL;0.500000;1503179331;1503179335
1;2048;8048;0xaecfc5e4223aa81014f883a5dcd21ccafce01c50510ad7a25008edd8b5c71064;0xfc3142ccf3d88422b2059bdb031a1f7859c5bc76c3bbd6f0e4739d26f1acfefb;0xcf5cd96d;0xc3bbd6f0L;0.500000;1503179336;1503179341
1;2048;8048;0xd17d4d6b042ca17c2214cb17f594bfc33decc423fce35d235882f491565c3d27;0xf6d89446343892d24da5d3ca6f76a58e05134d6236f75ed5e3319590c06fa502;0x97200fc8;0x36f75ed5L;0.500000;1503179341;1503179346
1;2048;8048;0xec45a32188ecde425cc90c12bc5d005971daa74d2f9dfae13b48df670ce3a3f8;0xe1a9cb0ecc6acad0be18240f673fef24513e77f9db35176da45d8ebe09ecd120;0xc741c2e0;0xdb35176dL;0.500000;1503179347;1503179352
1;2048;8048;0x183085e856ed81bb8d6c203254aa286499ba1687e9cffe03db21cecf9e5b17b7;0x56cd27de17b3bf6ca272339ba92c564be57762edfe59239ab7ad5361930a8c00;0x1e05f4b5;0xfe59239aL;0.500000;1503179353;1503179357
1;2048;8048;0xe0e6436216c1cb9f11d6339f073762ea4b237917771ede717e69de9646015626;0xc8c3f9fa83dd3b710119834f660b1dd3736fee0051f7f8139bc52f75bd25a316;0x4fcc8e9f;0x51f7f813L;0.500000;1503179358;1503179363
1;2048;8048;0x9c7e8ec8e1898be3d28f50dd292939638e574707cf960e75e051a30daf17234b;0xa30033536479863ea7798aa98b1e4a0e8b68519f62eb862884fbc2e2b6d17a3a;0xfa4b2fc3;0x62eb8628L;0.500000;1503179363;1503179368
1;2048;8048;0xc2a294d83fa462b91172b4fe12cd4726f746ed202e152709adf656faf45105b6;0x3f43b73f51e9834045ed9a8ac61c6a2f02c1248f140a3760b4cbc2ba636dd68a;0x277c0789;0x140a3760L;0.500000;1503179368;1503179374
1;2048;8048;0x5a57808ebe4dfc5be1d7840ac01bba349c15866272503fe1f232dc265f8adcba;0x51a99c3077b276e6002003af1c06f1a14106da6e997030c58c5dd0f1c6f6379e;0x0e7a849d;0x997030c5L;0.500000;1503179374;1503179379
1;2048;8048;0xaaba9675e6b65f4074bf728c94ef91c8d0ea6176c300a40400618c9a3a2951e4;0xd4ed45f14d0c6d56fec9c33569777cc231a57cccf3e9cd72031ec6e082041ceb;0x7448e227;0xf3e9cd72L;0.500000;1503179379;1503179384
1;2048;8048;0x390b4e861ef8aa0cd431fc87bfb20b3cd53aa564735911702fc0788008ff4441;0x5edd87210460c66c48f9917a05ed65d45b55d4ec83215b19710fd59a18a0549e;0x04422114;0x83215b19L;0.500000;1503179385;1503179389
