1;2048;8048;0xad6a8fae08575462217670c57f45c84181ed2591d1802d319807f4e3f8c7c5a5;0x9c5483c3191309d3427b0d3738ebf05227976dc0f8fb8297078ba1180b95ce6e;0xe1e7cde7;0xf8fb8297L;0.500000;1503168579;1503168584
1;2048;8048;0x37e7e6fd9f9f57a66af27553890c5dc9f4d187f430ff0e34ec5fe9c8098b0040;0x1bacfa9f9d8fbe2a7c02ee5b4b1204474e73f6642466ee7d634cc70f38f14ec2;0x05359949;0x2466ee7dL;0.500000;1503168585;1503168590
1;2048;8048;0x74574cb0cf81018498e21c7e5b0bd621770d16cefe9bbdb8112bbc422d8ec0a1;0xf00bbe1515234f3987afd40a392e3cd3b0be7bc3899c2ac9b4416328a685bb00;0x97762579;0x899c2ac9L;0.500000;1503168590;1503168595
1;2048;8048;0x37033419849573dd9380143a9e58867d8e8ccfcc140d594e55c5396e2639715d;0x0cc5fe421aa55344e0c4f561660066688e0eed4784200de855d5429ad06fd8cc;0x9a8a71eb;0x84200de8L;0.500000;1503168596;1503168601
1;2048;8048;0xb852b3948c581960ad9262202128aff7b6ba92d11a5f76d9979ecc208522f43e;0x2a27c37ac8fff429fba9489f7052554e60c1704ec376211d2986541c4fb28cc7;0x2c7a1b5a;0xc376211dL;0.500000;1503168601;1503168606
1;2048;8048;0xef65d29027a8ea7892b1a0714de6a81bac5cc81427190e7587bac56c6aa42f59;0xfe4658d0ec89dab7caf1fbeab87012cb229a71a35f12193a5378d0d07ec4dc43;0x0a988866;0x5f12193aL;0.500000;1503168606;1503168612
1;2048;8048;0xd3d214e8386c98e65c45a7d1975cfca301e899db03398a837aa4ef1c7b47d44e;0x9c77e903bbe5b2dd32378936f86dc0a0f7dee3b9fe2fdd5ab6e2152bf3bec7bf;0xac08291a;0xfe2fdd5aL;0.500000;1503168612;1503168617
1;2048;8048;0x7c8d78ef60059d948af647f02e9c5a2a53e3036356773a41541ff00868e253e4;0xc1197c86cd8e55480766ef99b02264ffeb91f541838131b0d70c0bfc5f96780d;0xa117787f;0x838131b0L;0.500000;1503168618;1503168622
1;2048;8048;0x489fdd72e7936e02928d1cd5656218247abce3ff13fe925b7ece087cb38b2bfb;0x2cb2632f77f175f29700c0b6e308b69f3b5656986d65f02f172a43d5937a3eec;0x1c323f5e;0x6d65f02fL;0.500000;1503168623;1503168628
1;2048;8048;0x9f72713eac3f86be08566fe054a5ab5d8bc2587bc22083839ae38a8822e395c2;0x84ae87f2c023b7ef7cb6fb975230d2be3fc95d7fd57b529e2a8833aa6e0afa45;0x7d95003c;0xd57b529eL;0.500000;1503168628;1503168633
1;2048;8048;0xe677031cfa16f863f93cf089dc36300eea74d6be070a3576932ae3e6f380adda;0x66024dbb3c084ab096f97b4e3256ec9c8d0898a23754a2e4525cbb7c2a352944;0xde3dcf0f;0x3754a2e4L;0.500000;1503168634;1503168639
1;2048;8048;0x289d287fddd6a1182d428e0d918a1f081f2a1672695f7174306b0adbf5fce91e;0xd72953f2c6c0c82f58590db63f616676f40c4c15c162b8b470503de01af7dc3e;0xf11b000d;0xc162b8b4L;0.500000;1503168639;1503168644
1;2048;8048;0x1724f028c5622c3d5c3e2ce84cbbce0e22dfc6cbe03fad05d3e98002d2676fe9;0xcba22981bf2eb9d18bac01f921b39c84346a40b951b6824d561f62aaf574345a;0x510cfecd;0x51b6824dL;0.500000;1503168644;1503168649
1;2048;8048;0x78ae560048b1d81dff0131f0be6d706698a898d3f1d4bc338f0cab5bceca0647;0x433c044a50d5794562256a1ec6c93d83b26e56805d25234690478b1e62d4263f;0x9b7895be;0x5d252346L;0.500000;1503168650;1503168655
1;2048;8048;0x308729ed5ca07add50b800ff1739500db7793fc38e186c277914b76cab6d29dc;0xd79a67bfdc37bd00b1a00fc0dd55af26935cc5bc9b9ce9ae227384bf4df04d92;0x2f7805a0;0x9b9ce9aeL;0.500000;1503168655;1503168660
1;2048;8048;0xebec549d2590e1d7e7faf100ec13a0d76ff195ab8b03d5d4c1ecde20c52653b0;0xe2c77f5e8589c717bfd3a2b93449510ee40331dc79c4f066a205f9ca3db083bf;0x2bd40e70;0x79c4f066L;0.500000;1503168661;1503168666
1;2048;8048;0x5fbfa31567f24f5746d6eed329a4e86fd5aa71f023f7436978b962ffeecbac4e;0x66efc8a9173a14a59a943016607564cc89a2d20d9db7c63cefbea9b7115bc03e;0xeaa3956a;0x9db7c63cL;0.500000;1503168667;1503168672
1;2048;8048;0x948ca5f1fe666cacf5514260b72c81c01f5b466b37722300513254137c686510;0x8cb4d3ba48a3281a4a3c3fcb92eb6f4e31796b80bd39cfb96b6104b67177d449;0xfbb15e32;0xbd39cfb9L;0.500000;1503168673;1503168678
1;2048;8048;0x0b98d0bdfb0359a0832db2184473c0a0883cd9c132393abed86876c0692fef74;0x5e10acf07f7bf06eb90e7cb7f287234183ea17955161fbf87790aa136de530e7;0x77943bee;0x5161fbf8L;0.500000;1503168679;1503168684
1;2048;8048;0xbb5753374d5e0fa8cbdf697efe874d1185eef03e51a30c33dd3c304058bbcc13;0x86fcb3d9aa69f42ceb0a810e0ecaac4b99deba7e15ee286b012a97dc9fddf47c;0x4f3fd070;0x15ee286bL;0.500000;1503168684;1503168690
