1;2048;8048;0xeb37d8989df3e92c8576fe919c1389d9515503abf358423496ca8d4155788040;0x54f3c785365fed094f427db865c28d284f3744330fb50574c85aa6087ec6d802;0x21c5d031;0xfb50574L;0.500000;1503205476;1503205481
1;2048;8048;0xeb42f4f1b21559ee43cfd1c9f3f16a2df96b451bf817543894d9dfe2f2c4dade;0x8e2da5b40cb2ba60f7fd474e66815ed54d264a19d66b8a7869ea3b33f0c6eb89;0x4d7387a2;0xd66b8a78L;0.500000;1503205482;1503205487
1;2048;8048;0x569280e835400517c13613978a443be6a4677173535ce797200103b73f141195;0x54ae1c93c12f5c12f6b10ee9e449d95b465c113a53823bc9673c50cf343237a5;0xba35dfef;0x53823bc9L;0.500000;1503205487;1503205492
1;2048;8048;0x7004f0c490b976c0c6e5ad95da6105383675792ac30ae91a270112c69cc9fe0c;0xe81eddb0ed413bd6e04affe9b37c519a50f8c0dc1e52d0fda65ff0511555cac8;0x24e17d70;0x1e52d0fdL;0.500000;1503205493;1503205498
1;2048;8048;0x8745039108f08fcfdf2d99b3d24cdd9e481497e2f4db13b624240bc78ff11f17;0xbea160a06a713b81aec271821348a2c7531a8dd4d6556f782a0dd87d740e39b4;0x972eaa14;0xd6556f78L;0.500000;1503205498;1503205503
1;2048;8048;0x2fe4e1617d73b0e9c537348fcb0627abf165273c9c65d6f837a15aa0195b6f48;0x6276f8585440aedc97b49b30db1ae8507c00b4b22481203dc1f670452b09a5ba;0x737011c1;0x2481203dL;0.500000;1503205503;1503205508
0;2048;8048;0xefd03cf0f505e8309eee0e6ebd4254fd3acdec0429b8136f3fec626dab36319a;0x4b2ba883b428746f6c0e1cb27ad2be2fa4695c39bff7c742b5e2cb546f72446c;0xbceb6fd1;0x4a0a4445L;0.500000;1503205509;1503205513
0;2048;8048;0x9aae22e9bfd1c18ba2b59c7db05f49664554869527e7dc44f9c11fe5cfbdc069;0x867016e34be88598e8b805dbf1e706457d86b867420017861d8c7d2d57d82eed;0x2cb04d1b;0x80101786L;0.500000;1503205514;1503205519
1;2048;8048;0xbfb3cd4d0f20b78ad54383d8bb1e161ddc81bf270a08fa4b0577a60b078999c7;0x9865f262f655dbace85e2e5deeac266a1d6d6578ab5dddda9302884b75a6afab;0x3d4550d5;0xab5ddddaL;0.500000;1503205519;1503205524
1;2048;8048;0x3b50b71625f9f87273fc29e76edefa16507e917141b6d756920ab24bf98b2135;0xd734def7b8bb59ea994ec6b27899f3d6e572f0c331c7e760b635b522fe3ceb7d;0x22a004e4;0x31c7e760L;0.500000;1503205525;1503205530
1;2048;8048;0x8740793441cbfcfcdd7ad7acb507f3089579d0992fd68f3ceb082499c690f84d;0xdd9518702bb855e7689ba28769143ed988e7ba9a9bc3d413940d10f87a767b3f;0xa47c0aa2;0x9bc3d413L;0.500000;1503205530;1503205535
1;2048;8048;0xbd647198aa38b61b82be11db289bde5630dc1bfb66788d644f3d3f0326e62ee3;0xb02d01f122e38cf2e368ecb5f227e82feabbe43f661fb550d537b40e51941896;0x30e3a357;0x661fb550L;0.500000;1503205535;1503205540
0;2048;8048;0x4abb834f79859c786f8c95df09e1e97c8fd1e1164d13a742e9a3e2b69809fce2;0xd2117228d78a192400a3fd4d3ac104897c2d7aa1baa9ef817ff18817cef1fc89;0x14d877b3;0xffffffffL;0.500000;1503205541;1503205546
1;2048;8048;0x3a976894d145ab782ed29e2f54b10e3499688866f709eda830fe41f59e4b8ad8;0xa7e4e9888a1b4ba6e0b5924fcf4e748409485c0d1855871cb3496f0259aa75de;0x681fdb83;0x1855871cL;0.500000;1503205546;1503205551
1;2048;8048;0x59040c7592eaedebdd04ae098e68f880b472204788a10485289ba9b7fe0ae457;0x9ae937c3fd01392e70a0c600f80dc18ca997bd5f30ed315cbf34496917a22428;0xaf5f8912;0x30ed315cL;0.500000;1503205552;1503205557
1;2048;8048;0x1fab4ad7e51f9aa551a81516001449bccf0c21b62809f9088fe4be0b2f7e034e;0x3f4785d61533fb61bb02f17cc20fdf194bfbd1dc2cd5ace2f44cd19df6f8c730;0xada6f5a1;0x2cd5ace2L;0.500000;1503205557;1503205562
1;2048;8048;0x35a9a6edcd05cc467177d93c056b4d6acb3b6ab22aea55dc4b31a28c72f670a7;0xf13a01c8489f91f165df100bd69ef98b0a15288e7451094e1249d621b6710b1f;0x2cd269e8;0x7451094eL;0.500000;1503205563;1503205567
1;2048;8048;0xd946acefd976861633f5f8b080e546116bd713e18c0148d67a5a9d4c6b377144;0x84e9c13534aa3a898d7693620bbf385385a7b78bc94fc08da5163503b320b11c;0xa3805127;0xc94fc08dL;0.500000;1503205568;1503205573
1;2048;8048;0x6f96fb8a934134f89a6d1af608b95b5a5f278d5ee04f4ad919c4b3b76b4195db;0x65d4f3850a5cf4da7685be91bbb1c9e5691a3cdbb912802a0cfbb139ad286621;0x997d3ce3;0xb912802aL;0.500000;1503205574;1503205578
1;2048;8048;0x0fa469937e79b835e6b436417641bb584e6d9b322855a26e858adb1c599fdb68;0xc1dde016b891ea32494a9d19fadd9ef4881c5b299970efd219401cf3021af35c;0xab3258e9;0x9970efd2L;0.500000;1503205579;1503205583
