1;2048;8048;0x46248dec0ca4f61990e10940d644be3c17ec047e4d0cd18a70a43fc56831d8af;0x05a13dec726a3bb88a8f89128eba1372581525efd70f57367295e28fe29fef8b;0xa1c987e8;0xd70f5736L;0.500000;1503151981;1503151986
1;2048;8048;0x3825e30cb419fefafedea7f229ed3311b29d42e951585740374c330fe69e801f;0x6766c8ec080aecf3e7b5afe2ac1e95aaee39b7fa9aeb3a513b88107a55f814d9;0x3c6a535f;0x9aeb3a51L;0.500000;1503151987;1503151992
1;2048;8048;0xe4a120712f77426257ffc5e992444d2524669c0a78c291a7bda358e114ed16f8;0x17315bd9e7a8f195849b88abb6264c8e6ddc9f514937d33ab37b3a07755f0bce;0xd4f64fd4;0x4937d33aL;0.500000;1503151992;1503151997
1;2048;8048;0x8c87067d5afefdb3f02a5e53451d84850abfedcee480bde1e18a7aea971ca723;0x03640c0f5d7260d36a40f95ed30ce68cb33eb53a43df756573bedf839926a4af;0xf20f5443;0x43df7565L;0.500000;1503151997;1503152002
1;2048;8048;0x341ea70b7d1d00b0bd2037b50351e4bbafd96bdf823a6c189df8c825ea92ec1f;0xdd7a82f1b5f9872f35fff8ce0a02be8511c5a420e35aead06c66ea8b6129f579;0xf7ae4dc8;0xe35aead0L;0.500000;1503152003;1503152008
1;2048;8048;0x033fbf360bf38ad5bc59c7dfb992c1fddf716b7e46520e1afcbc38bef0f0bbf3;0x4a0d7730881bdfb24970b70161c85232832fadacf7dfb1cc6f08cc7b0f5e283e;0xd14246b7;0xf7dfb1ccL;0.500000;1503152008;1503152013
1;2048;8048;0x0f679163565a94a30937f406552bb834d83656c9f40d8cddd0ca5a299f4532ae;0x60c901c71a7cc7d885cfc8e7fbf485d5feba2158faf11a0a05dc7e57064cf775;0x5ac118da;0xfaf11a0aL;0.500000;1503152014;1503152018
1;2048;8048;0xde73a555caf57a2c609191ac53dd327cdbad1f069cc254929e17f58d91e94e6f;0x5d935cda3a77e8ca2a76cb1b76115e1f0a3c17ef4a5ee53b075697902907a389;0xdab298b4;0x4a5ee53bL;0.500000;1503152019;1503152024
1;2048;8048;0x49c79bb22a99ae7dc1b2c5c219787c565aa5bc3623e7830885d27e2941c74f8b;0x25a2345d28b12f725e4eb265352e5418afc48963b2c062b53ed79e2d7e88beb7;0xb4745fdf;0xb2c062b5L;0.500000;1503152024;1503152029
1;2048;8048;0xd9f5b31a59cf49ee312061b57af86c4dfec99c4f0bed3a50dcb7094b85393c5e;0x2ad779bf39cdaf0862e35a16e6c8f9bac94639d84a03fc37a7b3b55d97e8a9ab;0x4447719c;0x4a03fc37L;0.500000;1503152030;1503152035
1;2048;8048;0x05cff143153e9ea10d359282d7e15404f484172ae268a9c5391b83b686e8f18b;0x42df16666757b63eece4d7992d987b83416df077637c1544751730864d5881d5;0x6a766410;0x637c1544L;0.500000;1503152035;1503152040
1;2048;8048;0x461d9fb56ab63ea0eaf824a9c8a3aa4bb047f58ffe485c45c267364dfff9b146;0xf4e93a49c6e75a3dc6cb65e350ece749929154ba454d15da85da85cc9b2e3cc3;0x18b64c6a;0x454d15daL;0.500000;1503152041;1503152046
1;2048;8048;0x09524e2160d4a6736bd3a9d62a81a50bc117795ba5ca9d83c042d97f6ca5bc76;0xc03a875b268af72b0535b1766aa02ce6847d3da1274e37bf6ae540be41165522;0xff2ca60c;0x274e37bfL;0.500000;1503152046;1503152051
1;2048;8048;0xf6d25f3ce5f419059d3dfffebcc7a6126230bac16ef90654e012c311a144bf98;0xe3d694b5689141ddc2e6bd8206c34a7eecbe219fe3f5b7ef90bc31337a5fc2d8;0xc0fdc4d3;0xe3f5b7efL;0.500000;1503152052;1503152056
1;2048;8048;0xa9e1887d23f89037f7b2c6cc0aea1e98f5efa4245bd46d11476614c978e8cd21;0xc4eb3f962463c71fa0e94db84ba43b19f5bfd0d0a0e95b9ff1b5730a87e6531a;0xf13a170f;0xa0e95b9fL;0.500000;1503152057;1503152062
1;2048;8048;0x99a63433a176037be4724b6a176ec8fb1129fbafd19eb31793e3953f5cc0c1f5;0x32c7ee0ee16db8defab97850d538f822d2ac50b2a533f0e8f6bf6c0f029279d3;0x7488e3b9;0xa533f0e8L;0.500000;1503152062;1503152067
0;2048;8048;0x7c448aa81f61187c72922596d10dc8934d6e5885b5604cc5911341071bd0e498;0x43ea401371a50fd24f68dc34fe98315ed4679f5e80a3bd102656053339d7d7ad;0xc1da625a;0x40410511L;0.500000;1503152068;1503152072
0;2048;8048;0xbe45de4f18846dd3a0d162bf5aed2389d90836bf5b3f99459d396a1276887435;0x160532666a19f68e64cfabbe638cf8152bbe4bb3ce30ff1212df44e836d91c6e;0xf9c2f2d2;0x5092081L;0.500000;1503152073;1503152078
1;2048;8048;0x9077c94aa302e0625ca5632506b3c3b48c719565b8cc7819dd662f8ac13c2c51;0xb83c795567ce8d4d4e3d85424458e943d4d7cb34764763da74dcd6a23f91df15;0xd497c5fe;0x764763daL;0.500000;1503152078;1503152083
1;2048;8048;0x073d308b1e2fe6f8a5000078052d6930ab1d146683e0367e70b07b5de42c6aec;0xc725fbff9fc56e0a12ddcd5580fb49d91e195bb2125a698ea8afcd15fe2e41f8;0xa60dbe61;0x125a698eL;0.500000;1503152083;1503152088
