1;2048;8048;0x6168d311361edaedc234567a742a523a93c10e6bf6691add7af56f8d4ddc8bae;0xbce5a7c301aece0b57a6c8b06b2397f24fa5141e8ede0221b488dec45801277e;0x819591ab;0x8ede0221L;0.500000;1503224455;1503224460
1;2048;8048;0x745094f60ffa32149eecf34e45fc2a21cddf67cfa7d95fc826047e412702a19c;0xde61951eee890d3093b7f99626e7968a37db6f0ae7db706d962f6eb5af678388;0xbe1f27a7;0xe7db706dL;0.500000;1503224461;1503224466
1;2048;8048;0xded90a902e239f0f808672e0f0ac3572dafd7fc7e1150f1089801eef107d42ee;0x460e2d1aa76f72f74769baf588222f824d3ad30ff5a7fa6e10cbc1a11f31eb44;0x7954b93a;0xf5a7fa6eL;0.500000;1503224467;1503224472
1;2048;8048;0x51765f843d0d9a1eb8eac11c3ccef9d643824ef1f5771bebdb237d0f54b227a5;0x38395dadb96cff2c249098b71fbe03c1fbcd12bf1936945f601929d314160512;0xbe4d801e;0x1936945fL;0.500000;1503224473;1503224478
0;2048;8048;0xde97b51d8b6b6a0fff9a34b597d59a42393af83d9e1dcb7a332c23baaae66788;0xd3a9c1f4adbe24be0f544915ea53640349e8edacedd8d182b2d0d83bc0fc4fa2;0xf037995c;0x42440452L;0.500000;1503224478;1503224484
1;2048;8048;0xd6e797ea51b28846f42461266771264ba192695593145f68d38e01377bcd3a51;0x1818703f5d2b1a8da4158dfc6932a0c92225981eacaa82658d1618e592f6e703;0xec347542;0xacaa8265L;0.500000;1503224484;1503224489
1;2048;8048;0xc5d6fdaaca90df5ba7d55bdf71cd3745b7ab79202f597da5216778d46d153b32;0x5ab632c7609d93db71dd722d0774ab20f04797ee9b7e327828c7860466c101ce;0xa7e625a3;0x9b7e3278L;0.500000;1503224490;1503224495
1;2048;8048;0xc52ad2bca185b3d7fb16468145e6f0d36896b48fc28e8db63a75da15c55f788a;0xbb3a4a7dc467372b438fc75a677d272f09067256b699ece604746b24b37cd540;0x8c538041;0xb699ece6L;0.500000;1503224496;1503224501
1;2048;8048;0x113d0069d3a6fcbf6aa55ed2658ea4cb00ab3caf7a462ce4e378302ef3f19e05;0xf52433bb7957840963f3debcddf33e97318208bfa60dd02a2b69ab1dd630b897;0x6d48f354;0xa60dd02aL;0.500000;1503224501;1503224507
1;2048;8048;0x4bfd455b498e646a436e77ceb4917682fa251e849b6cd89fb7232f2f20456e6b;0x605a2a4de8977038af68f7f1f1f7947caafd806d59419dc290eadbf6fa1a2c60;0x1ac6d72e;0x59419dc2L;0.500000;1503224507;1503224512
1;2048;8048;0x62dc064a1b9b23e9c2346419a94e3532ca022f3903a90085c127226722b63584;0xc75b1f38499d0bd2480e38dd50a81c75ea7dd9a4bdf675ecfb485b9e7c8da0ca;0x12648ec8;0xbdf675ecL;0.500000;1503224513;1503224518
0;2048;8048;0xf8d478c744ea14987402a74245526bd2e0a7bdb24cff4c875129a0287832ec70;0x883b7f0f7ca6da682d34f78ede54dc12ce606b8dffa8c8e99b40d77c99fc53e7;0x325cebbc;0xffffffffL;0.500000;1503224519;1503224524
1;2048;8048;0x1b694205690e1c594b62ae12130ba4697c93c10e0980eee683adcb2c7e319999;0x2561ef3d2930f05b28fa298618d0547eb8b63f3b914a5385ec4653e152a55ca9;0xbbfc33e9;0x914a5385L;0.500000;1503224524;1503224530
1;2048;8048;0xb29e0252d65f32d19fb7e4c4d277f66d480b099779111901b5c83b8de7fd9499;0x72dceae0c34d74d5abd7a66a7d3109d7392e96441fbf05a9c1ab7e6df7590cce;0x62bb6626;0x1fbf05a9L;0.500000;1503224530;1503224536
1;2048;8048;0x1889c0283d8588f9e9aea11cb5648458830634c3f43e4355b06e4fa5f9195d11;0x0434cbf59f1151c708498e0a6c9edebf87c112db7d4f36df00352dbc4b38825f;0x691e83a0;0x7d4f36dfL;0.500000;1503224536;1503224542
1;2048;8048;0x4c6360488f6198991cda00ef5a7b3184067cf6f227f4d40bb7c8e49cb4fa4200;0xcd36a60589a766cbd14d429d05e1cbf676e9d60a0158a1f336a5ac58c93f2dfc;0xa894853f;0x158a1f3L;0.500000;1503224542;1503224547
1;2048;8048;0x453822a3d23233719ad6387ebfc42753e9f5a13fc51efdf767877b2af84a403d;0xe6dc620979d86ca114c69a343925a5c446711c10babf024dd01c409a93af4874;0x6415bb06;0xbabf024dL;0.500000;1503224548;1503224553
1;2048;8048;0x9eaff3a52257272978cf87c3b422fcdf4be6f32c867e064b958ce58591205b2f;0xc421d822b1cf000163264cc5fb9ebb49dc495e42e1afd864b82dbbf023008f56;0x2d3e461a;0xe1afd864L;0.500000;1503224554;1503224559
1;2048;8048;0xc8376f710d62abd9a4c342e7b687f94055b9d29e2fd547b3f9a0a702aae31572;0x0ab69a4e12c68cc2fdecb0ea794e39c58c7cae4104d8447fb8b84a9be8424ec3;0x4ffc2120;0x4d8447fL;0.500000;1503224559;1503224565
1;2048;8048;0xe92e100846258d4b5723011543261ed63c98d1eb008650ce79848b1461210e4a;0x32469f36518862e0002c7c644687ad79655fd92fc1d767f24b2e55a3374bd1b0;0xfce28a17;0xc1d767f2L;0.500000;1503224565;1503224571
