1;2048;8048;0x8491ceb958ad1f546040fda6c5a03205d626525a939d2b259c4c0f41dc94e960;0x317b7baea693f006ba5ba310708e2d1061aace6709401fd133e96c413b555161;0x152e5d0a;0x9401fd1L;0.500000;1503238674;1503238680
1;2048;8048;0xd1225a170d047b72a60466cfde487e763ecc72424ebb7fe070cf9315657c0437;0x44ba18145aaf94bedc439ea284680866b160777f37a9dd5423274dcebbdeee7d;0xd2988df4;0x37a9dd54L;0.500000;1503238680;1503238686
1;2048;8048;0x042c4b6fc5e011ae339dcc5352d20a5a96f203f0fc9cc7f1b9f17d67891c0e8d;0x9b5c8809d8cd3ae55285351de882cd3a74c5a505a6dab9e1e3699ea6bfc4e3c4;0x81e6db99;0xa6dab9e1L;0.500000;1503238687;1503238692
1;2048;8048;0x27d0f128173c2a00c3f83689c98404d8ee0e7e00bb557b7bb038275c3777d85e;0xbdf6623c6a828e72649ef57afef1dce02852b4a5968872e864dede90d4a065cb;0x85152223;0x968872e8L;0.500000;1503238693;1503238698
1;2048;8048;0x9a47b285bc9ff046b94eb0d7a600ef7e53d8a90633caf39f32ebbef352177fec;0x0b456902c6383b66f16dbef269c45650e2ce77e8bfc5b7199c6c4cb227160a07;0x62310d19;0xbfc5b719L;0.500000;1503238699;1503238704
1;2048;8048;0xc5a29602fe58d778f5ac7f9e0b31cd0e779e8909a09bd48b0d620b055fcd0b25;0x48bd37ce6f92bf83368ec49423df4cbe00ee54cae12fc447bdddd4af008b3494;0xc6beea2c;0xe12fc447L;0.500000;1503238704;1503238710
1;2048;8048;0x5800e7effd065b45693a86de2994c183856a32b3b933f04336e967c94c3a04a4;0x0b0406de774f95a2d413a4ea9a2611d9dbb0120d803e362795c6557957a5bd53;0xcd82f507;0x803e3627L;0.500000;1503238710;1503238715
1;2048;8048;0x2733f95f8476e4e2e6873eadc780d019b28f9b9b62c9516c346440c4b76dd5de;0x16461675981d0576460c00b68ca14f86cf303f0eb4402f9adddb745b1a4615cc;0x3496565b;0xb4402f9aL;0.500000;1503238716;1503238721
1;2048;8048;0x982d305008f0f5d329563e02a1e6470876e94c89edecde722621717f2d287cc5;0x3bcd94f296cd1e93f85ed955939c4faf83fce211764e570fefbcf100aee92fc5;0x5a0e3733;0x764e570fL;0.500000;1503238722;1503238727
1;2048;8048;0x391f2f6dbc1977a7aed86a70e21834db37328afc15632e86016ed9a50c81a945;0xe1f5e8ff7f4fae98ce8282ab6acf79aa999dea6911162f504dff8656be5ff625;0x7c00c4eb;0x11162f50L;0.500000;1503238728;1503238733
0;2048;8048;0x9a0c7167be7ae17af65d94afa8effdbed8ed269c6935221ff9e14179fcdc7d97;0xe6c6a9ce95e0de2f5e3636c6603eb3f13f08b50d4f07fb60104f3ed3e29bbab7;0x456eeb7e;0x40074a60L;0.500000;1503238733;1503238739
1;2048;8048;0xad696ca70689232782869906551c761db530231ae98a64303cd9c672fcce4ba9;0xd47d2196716022e1b13170eac2f424c5477b9372b747c3a4531dc3bb0e47b9ba;0x82b66517;0xb747c3a4L;0.500000;1503238739;1503238745
1;2048;8048;0xc92284bca713686e3a1afa7196a746fc84624889d7b8c9752cbfbdac29373ef2;0x76a18b0e1e6d98a38c096cb3a91aa0657025781d8bd2c683d7a641af2fc02a67;0x5e9f3b99;0x8bd2c683L;0.500000;1503238745;1503238751
1;2048;8048;0xa0367c671844c41b002c958a0f5384646095494a45e948faa005a62de49dc885;0x7bf59c607f03fee7ffbfc2ee8f5e484ba2521af3a02c53c86b1dd8b55d08909d;0x42910ef2;0xa02c53c8L;0.500000;1503238751;1503238757
1;2048;8048;0x4b60af389bae625dcf3374008c1a9e7cf40c6eecf63e98a1813eb0e966a225b2;0xe1c630c14e416c5d77eff28ea1afe8f94b33ea4a9c64466cc82357bef1ee5ce5;0xb629716a;0x9c64466cL;0.500000;1503238757;1503238762
1;2048;8048;0x82546f0d57c1cc75a4a2e7d2a86fc7efd2b77d8d2e8a532e7432df43257018a7;0x14c7cf72140e6e2d7f8ac934fa127f52a75d18dd2083bf1d37004d5859fbc2fd;0x902d40c5;0x2083bf1dL;0.500000;1503238763;1503238768
1;2048;8048;0x1909c9d2ca570d0cb3329611d077bd81c26fd872b15cae2cdd9fe7a0e2b777fc;0xf3356a2a52a0844033027a41dd4afa3976a6b2545b5f4b8760d06e7ddfac4216;0xbc9a23ff;0x5b5f4b87L;0.500000;1503238768;1503238774
1;2048;8048;0x95a56f8293b9b015c49c99f175cdc5749d35f2e321014f3edfe6ff6a491c8ede;0xfd350ca9570385c690654a43b6c82525c577dd3017dd18fcfe4c67d1989abf8b;0xf9661401;0x17dd18fcL;0.500000;1503238774;1503238780
1;2048;8048;0xf41d7f71b4718ba995b85585c0b9060e0917ff64329b3f538d5114e1a1f7fb95;0x9d076b5544fc56e2057a0d9ce1e85ee277b4a45dc42a3dec5bb2376090e8955a;0x43b7071c;0xc42a3decL;0.500000;1503238780;1503238786
1;2048;8048;0x4809544dad70357f17e2191eb0c43b2c0be288b40fda2d74bbaa7a43bcc55f04;0x5925fe4c1cd445869731c53f30a4de7d64625a978c7177c382a55d899d0c3599;0xa4cc0b4f;0x8c7177c3L;0.500000;1503238786;1503238791
