1;2048;8048;0x5b62057574e6b02a90556b5c93358d3da9308010501e7c016e854eef318ca08c;0x117e291f5583c66024957d829471f92ab699dada3412618ccbfb34d54d59a658;0x8ab81388;0x3412618cL;0.500000;1503163849;1503163855
1;2048;8048;0xe44a4f02e4e1d8ce1348ff7ebfea490aceb97bd76a015d8a9b330b9e2cfd9f10;0xfdfee065722ba6e3a3d75e3a96ebf59d3a71c3327da01b922bdc24eda9a69ae8;0xbc2c0288;0x7da01b92L;0.500000;1503163855;1503163861
1;2048;8048;0x918b952a3612f089e23a4a9293b0601a5d53fcbd81972f386cc35ae78d57911f;0x020962e1f0f785cf77b99640fc6c1395f565bf97e39e078d4ba8e23522852fb2;0x709098a2;0xe39e078dL;0.500000;1503163861;1503163867
1;2048;8048;0x6ae3164b61e6ad8d2be4dd8305f46d632586a4d91fcf1780a98b0b666f3b81d9;0xf535d6db66cd4c02ac37fa1e899b3acf7fb5585e45a1a6e317f427b1494ba844;0x7a540cb4;0x45a1a6e3L;0.500000;1503163867;1503163873
1;2048;8048;0xe34bd7631477b9227b5b8d54795e596466641a5217cb96151daaac1bfe07c0e2;0xcf951807e7cd608aa42881288e0cf9fb98276719db84f7c9f1795f35387f577e;0x0b461bff;0xdb84f7c9L;0.500000;1503163873;1503163879
1;2048;8048;0x046bb45ee27c9eea2a6e300ca5aefe4fec6c0f88a3978ea58d9d2271dc5af1e0;0x981da8a545a3a447e794206859e47624a1b106fa25f3770b808ef5654b961e8b;0x9d31d49d;0x25f3770bL;0.500000;1503163879;1503163884
1;2048;8048;0x74aee424cea737b1e5a86fd5f3ab8d553fc98379456204de5b5013b72735419b;0xba58c157a6383711c8e4b6eda12192dde17b91c4fff365b20447d32a359fb9e0;0xf4725067;0xfff365b2L;0.500000;1503163885;1503163890
1;2048;8048;0xa886ca0fad2378b1cfe831db6b87205dd710c900cca73fcf56a8082c8df05c36;0x61c71e45c0460f4141136bbc668e9806f2f64ec7fc308617bc9d89ee2dc3b3d9;0x289a4eab;0xfc308617L;0.500000;1503163891;1503163896
1;2048;8048;0x1a3101f4f8c9c39d82f5229be3936474d744af6a3ca4acea6591baff4b88cd66;0x811ec6750e617d38e10ab19147f7e17f76ad0b2d1274ac2c18d62eb0d76addbf;0xbb5d3149;0x1274ac2cL;0.500000;1503163897;1503163902
1;2048;8048;0xa7857fe5bf8521883736fa6f22794d4bdfcb9897c104a48fa53c741d45b8edec;0x97fcb8cd3f63a4444b67f0d19c12ce935930e6e7df716023c71c63ca74149fcf;0x6fd7c6bd;0xdf716023L;0.500000;1503163902;1503163907
1;2048;8048;0x1630ff327f38be6c0ab520bf79a781a4218e2e9fd272a04fc0597de58b06e7a1;0xda1d9e431cb380b0a84bc62ff513af02b78a79abeaac0914fb413fbf98666c59;0x244db877;0xeaac0914L;0.500000;1503163908;1503163913
0;2048;8048;0x118927441516a76259658251d82dbcbc7a0cea258fbf4dbd265e38d095c710a6;0x58e8aa366ca3eb46de382661eab49f61d8715e77962b884536c2c7e1d641f64a;0xf8a5a065;0xffffffffL;0.500000;1503163914;1503163919
1;2048;8048;0x8e037ca1c7dbd275dd6a794f775b21c68b433686fb13f353f8954b169719bb25;0x5241366f522419046cad3c0409af587fe305facf0ea5823bcca7c659156c2d7a;0x4b2af3d2;0xea5823bL;0.500000;1503163920;1503163925
1;2048;8048;0x5d60cc9363a9c26c7b7d631639dd7ba4463aa8d67444cdd366b35eb6a8139205;0x1289acaa2b3ad767502760aa8329bc451b10c9f82e4fc9eb7b519ad6f19f451f;0xf5772dd8;0x2e4fc9ebL;0.500000;1503163925;1503163930
1;2048;8048;0x3ed281fc1d2873c3bd3046bf66a2315ac7051dff7319c0b4aea21fc5bb8dd9f9;0x9ba8673eee2fc06c3cc17fc47656eb9c643520b31b9bab9c6d02c02d56ff243c;0x64094004;0x1b9bab9cL;0.500000;1503163931;1503163936
1;2048;8048;0xc8eb8f45e93922921e857637c55823b8c95b531723e1dfc9aaa0727de94b14b2;0xdda24ce860b10316b1c983d7824bccef91565a5975bb9b6cb744bac7b66f1fec;0xb66669bc;0x75bb9b6cL;0.500000;1503163937;1503163942
1;2048;8048;0x0d8ce0f15eb7896a570f8aca9719e1f1a4f90e65c9e3f52f787883009f8d97ac;0xf407662a469397c549fe9ac448988389b0e7f36e3201af738d2062e77c53716a;0xa0cb7950;0x3201af73L;0.500000;1503163943;1503163948
1;2048;8048;0x7febb88a1d1c72f29c2f70e5dd17501932a05915e8da152d95b7326a7cd1b5fb;0x8916b4fb5fbb8dac500e6c69ba7889004ac1f200b581dfc6c340fe1e347d25b0;0x1a649339;0xb581dfc6L;0.500000;1503163948;1503163953
1;2048;8048;0xb286170fc498fab4be6d091323a3263e443f5162300aa4fdf94d17d7faecaaac;0x05334b9494f4e9e029ee9a889b39d97f3ffd02039c3e6ccf505f39833b29e690;0x8c0b59e2;0x9c3e6ccfL;0.500000;1503163954;1503163959
1;2048;8048;0xe9ead3cd37ba705ac66b146c8965614595375e566cfdb4ba3b05a3441df75706;0x5ac21aea8445c276fa1b62903109ddfe32af41431ce8016c86fb681f7a4bf451;0xc4da96b9;0x1ce8016cL;0.500000;1503163959;1503163965
