1;2048;8048;0x75eaca50c6b0af9f40468fffa6550e6c28e7c49e1512a8bf3bf1b39eb004cd26;0xb8977fbd7d2b7229ea3e76c4e6983358a55f47006822468fc14ff1d9573c8ec5;0x46ec0bdc;0x6822468fL;0.500000;1503162668;1503162673
1;2048;8048;0x18da8e19f124f8c908f4b427e7369ae59ca41a06257b08af76f95828c6b0cfde;0x2d330e98f3e5e0f06e41d6593b07bb3a330942a06de486ca9f10cce2e5731075;0x2578e30a;0x6de486caL;0.500000;1503162673;1503162678
1;2048;8048;0x14e284bb3a40e1226abd21d717d4381b1a76c647b36a0be2fff0c7d2d3f471e7;0xd61a3f971806702eeeab75359a47e44917fc3c794995a7dede4c21a074f02f5a;0x1671b8c7;0x4995a7deL;0.500000;1503162678;1503162683
1;2048;8048;0xc74599439fc2717eec335cf00e4f5274ef75d8e77335610b37e9f705f1c0b9b8;0xbfc56b3d4fa8a2a297ef224d142dfbb9ca999d37c5dded1385c4e133ed8f73e0;0x2b153f2d;0xc5dded13L;0.500000;1503162684;1503162689
1;2048;8048;0x74c0900867e38ac800af82fac388fd9ebb4749ab6bbcc1fb9f1dfdbafe09f072;0x1f9eca72d1bd4f80f1f0202b8f58aa4e65cde2bc53d00e59b2b5b5d83059eb07;0x87bf01fb;0x53d00e59L;0.500000;1503162690;1503162695
1;2048;8048;0x91e06f1c2232262b6c539dd6c5eccbd1308ad56b5d8e7c2f56c146e7f525f086;0x700ae63bb0dc8542ed32c77681ac0e5cebfaa8e2aa33a0db3d55d2ddf77d8e92;0x62e6958c;0xaa33a0dbL;0.500000;1503162695;1503162700
1;2048;8048;0x5fc3de1d13c086074165a07f46943d7d6ccc1b33fd2131c78622a1d3d7818537;0x58c86ef8bbc267601c1b5d12c0fc06e25d92043fc5ece8cebf99d105d4f5f650;0xb2a9dcf4;0xc5ece8ceL;0.500000;1503162700;1503162705
0;2048;8048;0x8d1a189d138dea16f2e5c57e2655f4faa4651adbd8c6cdad7243a2cee041946d;0xf6c31416ed42e8ca7a9b4a87c647949f918906b13eeb66000f2c11e1799bcddc;0xafca62a6;0x4a5505d5L;0.500000;1503162706;1503162711
1;2048;8048;0xf81bb6cb6880174812ee117d26504db9b241418abfa21d170e8639e091e0c089;0x26250fb6cfb87e8c74ee581f0c4c1bf9f63f2ff8a6016b825a5e6d6f070c272f;0xfb29896f;0xa6016b82L;0.500000;1503162711;1503162716
1;2048;8048;0x8986acb763f073f0dd2fcc41631166da3d4a54bedbdd9aeda26ce999b28fe13b;0xcb8d1d136d573ccbb018e4e576aaae834e2b384fd69f8bc3084f4e200a866434;0xb4ad3050;0xd69f8bc3L;0.500000;1503162717;1503162722
0;2048;8048;0xea02a69c8b4549e8f2267f7d23736b5a7ace3600e4ef640586d1a845766dc160;0xaae20cc07f087d79f0a8b6717659b277bfecfa9c95b4003df9e9d5a990815b10;0x7fc5900f;0x822203dL;0.500000;1503162722;1503162727
1;2048;8048;0xc6b281f81e43d6b09429673f66cd5cf3c7a4a660edd042050b58d0efa541ab6b;0xccb9ca584477061684161c0eb3b1276a1628fe18832c6442a2fabb2b8b7ee5b4;0x2828e55b;0x832c6442L;0.500000;1503162728;1503162732
1;2048;8048;0x5c95f1a189afc8e14cd49509ae09c6e860a32fe4f77f152d8f916a8ebd840a19;0xfcac6cec1dc8c6319bfb2520b96e6790b8bb2d2458dea09efddd8cb202199d52;0x0e65d70d;0x58dea09eL;0.500000;1503162733;1503162738
1;2048;8048;0xe7f6547d899cdfa9882190f027b26a2d01d8b7d526c303b1642d6e65e32561ca;0xb93b6ad7e9cb6b24b938575a80b743f96bfccf22e44f120eeb5a1f62d98fb292;0x8fed11fc;0xe44f120eL;0.500000;1503162738;1503162743
1;2048;8048;0x18e5ea0c69f21cbb012b5a2f78c85892ec6b02e509fbdd868d3600de12361a2a;0x52fe0a98e7ad60475c1fed532a7799f5f94e526c9a74ef7c978734611f485cb9;0x59eb19bd;0x9a74ef7cL;0.500000;1503162744;1503162749
1;2048;8048;0xb29397e16b89202bc5ec36ab922159fe7bef38136511aff1b6bffca5dba9be8e;0x4f6fad97c8b53d2a01bd2ad609e358eb1fc34b556c5f7bf93f8c1d457eb1c5e0;0xcd04b494;0x6c5f7bf9L;0.500000;1503162749;1503162754
1;2048;8048;0xc9b7ba8f0ab5ca36945f3ec66231f85f4d3d99518b052894969cc0f9359e52fe;0x11ec382a18a7dd7157ed49e80a72aeb1d433626c4ac315eb33a671e98f1b9710;0x1ca85620;0x4ac315ebL;0.500000;1503162755;1503162760
1;2048;8048;0x70b13fe7d58d0560a52cb9095b8c5011004ff41059143dc445322e5e793ca4e9;0x5b220a032081ef989019b508f5ad2d55c519b6cb3d20875fd0732fe36cbf264a;0x3f63855c;0x3d20875fL;0.500000;1503162760;1503162765
0;2048;8048;0x698c392e35f52e8b904b25348853ffd5a1359fd796c72586bc9699a34c43e6b5;0x3f1524b17076d69ed9b0800900157673c7650bb4dfbac4828a41b3240d201088;0x35cb938c;0x80c0421L;0.500000;1503162766;1503162771
1;2048;8048;0x1af0ce69cea787d106ca09cd05c06ad0908f142da53045d16f257c310119f11b;0xfdcd738eacf97136dcd74210516e5df885c595a9ecc00bcc43ff9756ce2f683b;0xc9a115d7;0xecc00bccL;0.500000;1503162771;1503162776
