1;2048;8048;0x4402e7b3920df26347c48835a35896d7267a956a01debded03ccc4bbab7ee8ef;0xaee672c5743916a0050851eb409ea297fad2de19d49870272388170ba8540ea0;0x8a31ad19;0xd4987027L;0.500000;1503134678;1503134683
1;2048;8048;0x0b58adf29608a357a6b39c2051f84af4e55841dd76e0a05e3ba74ceef37628fe;0xb1eae16dad8df3dc59f20247291dd82dbb5422baabb440ee8722af0cc312119e;0xcc7e3637;0xabb440eeL;0.500000;1503134684;1503134690
1;2048;8048;0xfefdb62865da01ef32c2fbeadb5b08cf20f3c3e3fd42c8c6b15ace261dd0581b;0x4ff63571ee10baf977fb1a9684e4f871188a63f503accf9f9cd2a3c0e53feb78;0x9c93a0f4;0x3accf9fL;0.500000;1503134690;1503134697
1;2048;8048;0xd40c9fa9c522f05d8a04c22df310d53005ff7ae1fa5a0f60f6153660da0fc8ae;0x7920b0bbf069fd078160d3c8475cca4d39ff7063fa370c90c0d7d40bdbe55c29;0x95e0037c;0xfa370c90L;0.500000;1503134698;1503134704
0;2048;8048;0x76ebd5b2bf41d236e491586520ee881089fa063670dae6fc9c42a9beed303d64;0xb809b0712e78babfb3dcd3b0da89b9f0b2a3eb9a28cc43106b498ea7871a89f9;0x7bd61750;0x35270492L;0.500000;1503134704;1503134710
1;2048;8048;0x2fb9ef419de0ead9af869278a89a15265177a606432c182738adca7603c6ee32;0x98d5b3d5506cc51f4310e169a8d08ae618b5df28292a901b531feec507085612;0xb44b8c42;0x292a901bL;0.500000;1503134710;1503134715
0;2048;8048;0x44a49004c49510373cc0c24818b07c03d31db829298fde1f2be278126f1bd0b3;0x3f4499c4dfaeac35dbd13ffeeefdde7e4a55eb2dca6b7c84b26a39686ba872be;0xa313a64e;0x44a35402L;0.500000;1503134716;1503134721
1;2048;8048;0x9e85f2b993f21f54cef155873f7acfd8a8d98140c81fa8c0ed6009e65cd3a6fa;0xed51156f23924f6e8c771cae4879c414074bf3e9bba1a7aec2a36807dbae3312;0x5e9e408a;0xbba1a7aeL;0.500000;1503134722;1503134727
1;2048;8048;0x8e31a413a7f5700bf8da89f443bbf4d62a7e4c6fa676aebafee746fa9d05222b;0x71187fd1b331441f84fe21293757f1db2bd5f3c5eb094c1e7333d4fe8224e9bc;0xc6c62d76;0xeb094c1eL;0.500000;1503134728;1503134733
1;2048;8048;0xfeac295816cbffc5724253e91056d0e890d877748d7cf7b8046840bfcb208cc9;0xc1ecff79d0f48ea858af252fbc18c61a2cf978962d8bb2838ed8990c72867700;0x9a6489fd;0x2d8bb283L;0.500000;1503134734;1503134740
0;2048;8048;0x2b191afbb8311d506cea17637f474180aa10877973fddc66453995300819a333;0x64d95feb63ac7f61ed1aba7c9ca85574f310d62f14d29ae0006ce9f74c9b2f1a;0x91fb515d;0xffffffffL;0.500000;1503134740;1503134746
1;2048;8048;0x04c1b3b65d4cefbfaec09f71e4deef06465835db30353d7ea65079d1e46827e8;0xb73ced6ead8a234a7fe129533dca759d5b7d60e7da0c01886a29f97fcfe4eb7d;0xcbb29e2f;0xda0c0188L;0.500000;1503134747;1503134753
1;2048;8048;0x36b13014e31573a48eff5e6a9e5c53116cd5962a9d9b104644a2ea4c053e2d3b;0x1246db53b6959992f956bdf0077ad9dc442d1cf4d64264f325bd29ef26b9ea43;0x27ea8bc8;0xd64264f3L;0.500000;1503134753;1503134759
1;2048;8048;0xf458919a87f77c6f927e6f8ec2a8101fa0673d67cbd1c43059f695b16cbdb260;0xd9017749c63f93df73c76f8bc170e987375e0517da9c7558ba0335478964c35c;0xb7454093;0xda9c7558L;0.500000;1503134759;1503134765
1;2048;8048;0x4fc9ef0634a67bafe399805429be81e1f878ed0cd5cccb9878fa69ad18417967;0x63c0cfd0e3d64db25803c5d4d7993ee5fedefefb050bb079b7548c00fe5dfdba;0xa5eebba6;0x50bb079L;0.500000;1503134765;1503134771
1;2048;8048;0xc17427eb7f4bc79b96a67114a1cac5f8f9abd37645c938b387e31b81d6d9ea97;0x76e6444ce27ba9cad980efe9ba85b5b246bb7b9a16e62c1122d6b422d7bcf1d2;0x891dc53c;0x16e62c11L;0.500000;1503134771;1503134777
0;2048;8048;0xbddec0fffdad662f72bdd054950a9d2c78377cf708fc45064805616a5aa4a218;0xa9863b0c27b76dad741d8754db6f3403baa160bd028f33009a2f08b10c9a04a0;0x03a0ebab;0x551104a1L;0.500000;1503134777;1503134783
1;2048;8048;0xd57862e960f30bac2deed5992bbc99b12a56bef24504c016a23f95d5025ad4d7;0x2d43e322a1020163b121f12ca4bec495c1801514f82d0484ab75b6b93c90bea0;0x9b254f1b;0xf82d0484L;0.500000;1503134783;1503134789
1;2048;8048;0x3280b1da1f04a365e5c18c4301d7dcc0bcb6e73aa3644ab4b7f733fd30d79962;0xfc332bc739811a3310bb06fb286fd61137a037108c4b625572c35c991e2b71c2;0x17bd08b4;0x8c4b6255L;0.500000;1503134790;1503134795
0;2048;8048;0x677cae284de8e85cc997e62da1aa966eb55e90ec86f7b75698b62f82bcc14424;0xf132bbddd26fb902f8068663270fea3152ba7976f9a11eb108af5422170410c7;0x5cef6212;0xffffffffL;0.500000;1503134796;1503134801
