1;2048;8048;0x4c4eeed9b5af3902d7180b78c614f0b390631d44ae8d7c84185da50e47727d93;0xe75cd02a1f2b478dd52438f872fc291975666aeedb58b775489e9e211d62297c;0x10f351d5;0xdb58b775L;0.500000;1503209041;1503209046
0;2048;8048;0x24e917fb8d19d19bbd317258b65941d37dd993e35dc54d747a6fbf1d8fdd60b3;0x298500ba61db2337448bdc26238d95b843b75907cbeafba02d57fca6e1fb1377;0x7ab268dd;0x2a500122L;0.500000;1503209046;1503209051
0;2048;8048;0x1bc36b8073306ae9086058365535854ad0278a4f80b16eaa817cb69df54f1e10;0x5779059bcf3b81e99d2d3b17195ca017c6d9f26c0028dd2cde13c00906fa2b76;0xf409b5cf;0x528dd2cL;0.500000;1503209052;1503209056
1;2048;8048;0x274356d8e34dd81b9e5f1c16d28788ae3192addc6e85cc00ee7ea98d99f82fc0;0xdff63dbc11c0414e419af434fc7a18c30e1325efaf42f5a5f38a0dea2927f9ca;0x7387d07b;0xaf42f5a5L;0.500000;1503209057;1503209062
1;2048;8048;0xe7dc84f8390417bd997f083b59780784ea696cf27c11d7bdc698c70429478610;0x9ae5afb622b46c5433f810169db63bdc53dc11e3e7fe20d5790f29972b43e1dd;0x38db34b6;0xe7fe20d5L;0.500000;1503209062;1503209067
1;2048;8048;0xd2d695089bda3df5e9f55165b7c83a5091006dccfbf092e5743e38e4d4a53ca6;0x12db5804feec21c4077d26ba7e564e18b76055dc92239c7cfe501b8b029f4f9e;0x98bb209b;0x92239c7cL;0.500000;1503209068;1503209073
1;2048;8048;0x3e4f648af771946cc291d9158a3f4739e8be06cfa2c2adfeaf42508136161375;0x73da656ace1556597a124e69cfeb18f181abe31a53efae262a4d70142092b65f;0x6bb3afad;0x53efae26L;0.500000;1503209073;1503209078
1;2048;8048;0x6b5f3011fa32500d0eadf7a03e20bb2d1d28c4568fe734b73eb6fd504991b2b4;0xe8172fd1fcb6f1a33013737d1da8cd1616a5eef01f387953845f778ee4e84f6a;0x0a9c336d;0x1f387953L;0.500000;1503209079;1503209083
0;2048;8048;0xb888b91d258aad86f32eec7ce24c89f9dbbfb6e9e83e0440ef97b5fb0df7edc5;0xb2e6f40c6db7ed3078e302b2ce3e0cbc621dbcbd91cfd318d787b399ec635628;0x317784cc;0x424a1095L;0.500000;1503209084;1503209089
1;2048;8048;0xefa3664223ceb07c67393180a1b3d8b8914320e200656e096f0c7eb94c423a3b;0x6ea66628931d2d0bf9776d9927080c39d15b905c15f0efded8b82db5457aba3d;0x770d032d;0x15f0efdeL;0.500000;1503209089;1503209094
1;2048;8048;0x468ca1dbf51ff7baaebdb4aed453beeeced72afbc41af985d1b0f86e17fe0b5d;0xdf593be46647f0a871791a621a92160f80fb2b9cb0af941a1aa0531a390eb6c0;0x924a73fd;0xb0af941aL;0.500000;1503209095;1503209099
1;2048;8048;0x3bd87dc1bdf159e3cc6931b64212a31a6848ca390e6ae36c48e21d7dfb480a36;0xc06a7b322ae7c2fe7da480a11984adcde62859ed5b8e043fcc47826eb742c71d;0xe2250b83;0x5b8e043fL;0.500000;1503209100;1503209105
1;2048;8048;0xecbed8378283538623392739c3094ada2100b030ee3df56f7f630caa09493bf5;0x66318eb7eb40cbd0211ffedb486079c8140185998901eb5d96762bbc7149c1e8;0x0dfbe769;0x8901eb5dL;0.500000;1503209106;1503209110
1;2048;8048;0xc2b974442b075e601feda681183ee8dee21e852d1cbe0095220227e9377b59f9;0x81be0709c4ba3306c1d3d5a8328e15dcc53154f6c918646be568406c5725b80e;0x586e442b;0xc918646bL;0.500000;1503209111;1503209116
1;2048;8048;0x29f3252db093d8325fa3f52acd4b984b1da6215d127be17389ff853e00e4d029;0x386ea0400c9a0e72a7d8c45c13d73593a79fd38ec0f41cfd8e54d877bd631873;0x0d64acef;0xc0f41cfdL;0.500000;1503209116;1503209121
1;2048;8048;0x4ba7bc32d1e458fe66385694e5ad86bcfa657c2350c53f82815748af951d08e0;0xc37967154b5660ea7462c1b5b47d7810e461a1a1f6d70b0bd8deb5c70376dcbd;0xc65dfbdc;0xf6d70b0bL;0.500000;1503209122;1503209126
1;2048;8048;0x2b31c4302022b885137454ab295f1559c7dfd80037dbd98ee52c307586cf2db1;0x65f5580eae8368faaa295364ec7c95ecd3d71421ac28afc0c1cc819e7053fd0a;0x1be5e89b;0xac28afc0L;0.500000;1503209127;1503209132
1;2048;8048;0x748b29fceb4b973f2880763e01c4c7c351941d44df92c107b21b48b450ce3dc5;0x488d5dea0855fe80ad18dd71f361d2128df709ab0d959c246c78703950480090;0x61325f59;0xd959c24L;0.500000;1503209132;1503209137
1;2048;8048;0xc68c8203d52fa65c94ff2845c84db30782973311d6f39b282d12f5540ddd9bd3;0x8e0afe9864473f423764b2609e333f83e901a8910497b556c94374e44592e2d2;0x5dae7541;0x497b556L;0.500000;1503209138;1503209142
0;2048;8048;0x0def8f786d2a25fbc26eeec55e6336bbe3c96a3d4c0ff8c4e69eadac21797c2e;0x0ae593937cdde97a8f6ba832397612a717779f544e6ab611b3ed34d5d5dd151b;0xc06295c9;0x2210292L;0.500000;1503209143;1503209148
