1;2048;8048;0xa568d14639a25a1637b81f556cb901520e74a139722de424c452373a9fd55845;0x2dbd7ae545fc32aba116b1ddec3779b223fe6a22a7266fc79acb9a63e5d135f2;0x1781f741;0xa7266fc7L;0.500000;1503216174;1503216179
1;2048;8048;0x2f03a029d938b017a5f329f935773c64124bead4c6026b8eac6cff2d6c8fee9b;0xb3f8ede105848480c981cf695ca84aa55599fe120175c1bdad79589c33df5c60;0x67bf2a81;0x175c1bdL;0.500000;1503216179;1503216184
1;2048;8048;0x4837a856723b938b09c16717eb914a27c7ef9367eb89fb834b379f29bbb10a03;0x05d023b050ae8cbb3fb233b20261733daed81ee336e3483d0ef57a0113e44df2;0xbc15b05a;0x36e3483dL;0.500000;1503216185;1503216190
1;2048;8048;0x91ed539e39b829a7803c4cddcaf7533110a13227e96de8f5e5d71716e977667a;0xef46258c2d56ffbbaa6a62da2c04d59a889fc6b8d707ed6baad06f64670b6590;0xc6adb33a;0xd707ed6bL;0.500000;1503216190;1503216195
1;2048;8048;0x05f939eb8f621aaedcb9e02aee891d31cb1ae3b1f0a0c2be8ad924c704f2950a;0x76601543358272421d2a353586a09b17a7cdc901effa3f31b2dd0ee33f49b996;0xf9fb475f;0xeffa3f31L;0.500000;1503216196;1503216201
1;2048;8048;0x46698fac7426d862e116eada7c95b9addccf5a2e5981c5673c64c5bd1ffc3565;0x55724678d0f7f961844b3e94ffeb828d9bc087a874af557fb9377218920c9478;0xbc8de78b;0x74af557fL;0.500000;1503216201;1503216206
1;2048;8048;0x0f771ceba77b65666b7d1b3853271dcb75e6b7f2ed76ae8a701c14348beb739a;0x2fdebcf14d840741513f9a267f0b070677a91da94d76c8bc0be5105e82f9e6ee;0xd766a572;0x4d76c8bcL;0.500000;1503216207;1503216211
1;2048;8048;0xa22eeb766ae1726394302b0dd2ded2d51e20b6df7975e26196b2736c94303437;0xbadfb16df648d0567338480fadd4ccfadb1d7c8793230c4b970ec45ba503a4e8;0x7fbab68b;0x93230c4bL;0.500000;1503216212;1503216217
1;2048;8048;0x36366b5d2d91db6095c8bfe387539ef10eed659cb923dd956d61afc71cd94b52;0x615cae6c3de3ee55dad463900f31453e59da0ffa0ca9d3637720514f8bd8988b;0xf836c9dc;0xca9d363L;0.500000;1503216217;1503216222
0;2048;8048;0x585393d5b143592ed73cae83641948bf6f41e5e40a13fd13193aceb0bf270317;0x05aece6d9031cfb8f5444ec0d4d00ec93701671ffa3a00cd041481196d4d8301;0x01759cd1;0x4a1105cdL;0.500000;1503216223;1503216228
1;2048;8048;0x03d32cf6a48da265687b493629b3c47a3d3f56a1f203605e891a9ca9b7a298ba;0xbd9f992a134b94b2fe60fcda2117de933e564e27ed0f0162634ebbb73bbac287;0x5e8d243f;0xed0f0162L;0.500000;1503216228;1503216233
1;2048;8048;0x90a7d3276bdf6c742a1ce7fb9e80aa19c9e6327900e07652d25910645333eee3;0xbd19bb754c425b18bc66ff1ed06b46d38530c52b57745f5307057cdc0433aed8;0xe0fa4d15;0x57745f53L;0.500000;1503216233;1503216238
1;2048;8048;0xef20d76f6c5f7a1725374997541962977484846c521b8a953b2bf33f1124f600;0x56cc6381ebcc531f7c4747afae94897f4bb1ea00888c5078a1a9da2d14cff2da;0x99b5244f;0x888c5078L;0.500000;1503216239;1503216244
1;2048;8048;0x0ae14283ea1cc0aba0221ab0986bf8c5ef75eec50694b32b60a476b137d90f41;0x247c5e81165e50fd41507de1c4e505758c9ebdaf81d3b7d4ee80b490183dbff2;0x81f7e405;0x81d3b7d4L;0.500000;1503216244;1503216249
1;2048;8048;0x5cac242344b29cccbf9980e19354a9498a769581b3547799b64e2a9e51b3deae;0x96ca6138615190a5ed48310c23a601a7287d7776498379ffbd551d379c6d78f2;0x84d86368;0x498379ffL;0.500000;1503216250;1503216254
1;2048;8048;0x43f33c53a77ddaa6f30a6bfdb5f1d5890d71b9e0860a2ca8cc9cf69145fd4588;0xba87e68fbbea0bbb898720e1ffdd6f915d6e88f556d9117d38e76419ccbeb577;0x00acb6e8;0x56d9117dL;0.500000;1503216255;1503216260
1;2048;8048;0x864614bd88a0cc056621108d9e5b0b9f0feb4604f3eddf4c6b0379e346010dcd;0xff1b3800da8f52cf95e86186c94dcdb8b4898d6542f8ff2612403ab4b0e0e656;0x74d5db80;0x42f8ff26L;0.500000;1503216260;1503216265
0;2048;8048;0x3b0627025263fec7af5407face4abda9628e113ab54aafeee2c9fe107ac4afb5;0x9098c5ad0b51527442bb5a31d113c6e0e48be548cde28ee0ffd1e2047529cfef;0x6702a066;0xffffffffL;0.500000;1503216265;1503216270
1;2048;8048;0x598c167e545f74a675992132bbd7cd1fec2a6eb218ce6227200f821f87de46e0;0xe9245a9db5fadeaea6aa95606480843a22fd2ac694d044d0f62495ab2448db96;0x7a7e6936;0x94d044d0L;0.500000;1503216271;1503216276
1;2048;8048;0xea011f8775e49b7582d97c409add733e08cc94bcf14d1de85ff5677045a7c92f;0x4bbb2bc2a18ed71c8444a94c15972417f2a17cafc0b7a04647ba91064a270839;0xccf75efb;0xc0b7a046L;0.500000;1503216276;1503216281
