1;2048;8048;0xfcb2802274ff0a3edac3946d2dcae1c92cddb5b686bd94c137eb4f418132517d;0xeb00573a59b723f7138e0cb4b39d265f930b6e83ebba4e1e6ff2d43692adf624;0x20bc1110;0xebba4e1eL;0.500000;1503091161;1503091169
1;2048;8048;0x1de75828387e791fce8003a018858f7603076c60c50a8dd540270230d3ff40f0;0x017a783e069d5d0f257947f5f7459adb024875c53b5840ca48d872285d15250f;0x730b21e7;0x3b5840caL;0.500000;1503091169;1503091176
1;2048;8048;0x32c7c432cc65dd8f1c32a63029c14dbdde91100f7177512c0933486657afc189;0x10557e9c53ab9fb181e551c0f9dfc3dac6a8db788d30f98537ba8df08124572c;0x51512e59;0x8d30f985L;0.500000;1503091177;1503091184
1;2048;8048;0x4586aaec8dbfa3d9532a575ae32fae7ed4c2aa2d5fefc7e8bcffed2bbdb11402;0xf81938c5e51596df259b93540ddc1cd28a69c590f59187114d8971bc214997ee;0xee2f9f2d;0xf5918711L;0.500000;1503091185;1503091192
1;2048;8048;0x68f2ec74172d33c13b499e38845edefa0ab0c1ced9ebcf158eb91ad91efcef87;0x2b1878f66823acc454afa905b03201732c619efb57b2538beb49459c7fce1349;0x8c9c0e4e;0x57b2538bL;0.500000;1503091193;1503091199
0;2048;8048;0x4871222e9de4a4eff934dab0841cc09454f2f7e408dbd2c737b9535d0c123454;0x7f893e59b5fc2caf710d37e5f28e4d69d234388c9b8ead0888c766fc5cef2769;0x730f9585;0x155008a5L;0.500000;1503091200;1503091207
1;2048;8048;0xe20cd5f2791da3dc6de44c1695cacd7e4187f1788ae8e06efece952d214be603;0x14fa4b8c6221888aaada5f01b9fe12bea0100125f5c0b2ce8359263318498ae2;0xb851b164;0xf5c0b2ceL;0.500000;1503091208;1503091215
1;2048;8048;0xb961d60c5fe6ba15f8688d61f8708aff5e96016d4a4fdc1b04a0b1b07ab38b33;0x7674d1f8f96810683212028287d4f6ecb69e4f09678351346648bc0ce12dbfc0;0x13460e8a;0x67835134L;0.500000;1503091215;1503091221
0;2048;8048;0xa217b7c7257b0315a18cb251a681ad0add4fb017eb765087ab11528c7853391a;0xca1b17bdeae24f0bf50228aa846cb7f5cf2908ef6ec1cc116e4b963c7a34ea81;0x6143ef0f;0x9544a01L;0.500000;1503091222;1503091227
1;2048;8048;0x241506a12f23e6b5985ba5b337dc9bae69329ab46791067f9cc1105a131a3e37;0x06c2b49fa5f9ee3d21efed0f4227282d8ecfbeb1199d3ad230d24363839ebb1b;0x769c264f;0x199d3ad2L;0.500000;1503091228;1503091234
1;2048;8048;0xc41f39d1b9ede5a67d002d94f2ad6e613156a3d862dd6b053ebf7a49057148c9;0x67db10327cef935cab3548ddb99cf7df68bd54a9ea1a72f9fe51f647e57a0304;0x9482dbd7;0xea1a72f9L;0.500000;1503091235;1503091241
1;2048;8048;0x8599f0e3d058c094b1fbc1465f035ee2e822515c9a08edfb60de164b182b3b9d;0xc3adb29a66838d132f2573b0022150cbc74ceb37b24a25782a3f2e07d2c09352;0xdf5629ec;0xb24a2578L;0.500000;1503091242;1503091247
0;2048;8048;0xd64b42b12b4836e7523606c8201b3692f1f5fd098bd59cdf83d103fbdb765cb2;0x082515b63a1f0392ae3a4278b88f4a46a3e5a5b613bd932147c7f3de0c7297b5;0x352dcc28;0x72a01a11L;0.500000;1503091248;1503091255
0;2048;8048;0xdd6349eca1576569da6a1031b7792b6ba68a4dfaf654753c56ad6a15e4fd65c1;0x93b51c50670030c5bf292cdf7e19cf2ba5d1b94367fb7d4c2fd2654c2be6500f;0x6c8359f3;0xffffffffL;0.500000;1503091255;1503091262
1;2048;8048;0x214c677cd06f8397f007a6637ac09d419227dbe5dfd6904cf9d5c81e002ac021;0xeb078e421bf3fd83bf69bbd59357aa634b13174edec6d7fb6952f1ebd23760e9;0xd8731186;0xdec6d7fbL;0.500000;1503091262;1503091269
1;2048;8048;0xba2773b11fc2b7106bc3971dfdc2e423fa5fda6a8507c4172b6dda6c02b9fcbd;0xce02b9462a33e6f9eebbd42459927c831d899ee7ca83d32e63b6965f6481ddd7;0x961e8473;0xca83d32eL;0.500000;1503091269;1503091276
1;2048;8048;0xf54553597514172f75f302d90dab3cc22ac3878f027ae9841c579fc0eb60f5e1;0x2ebf4a168a4727cce13ccdfad88920f942a9fe24a61b49a9f736da8780d081ac;0x7bf7dacd;0xa61b49a9L;0.500000;1503091277;1503091283
1;2048;8048;0x136c1b8a8771c9100ba48b7fef65d3b4c91fe56d9d1f4a1c391ee4970c3f3c1f;0x573a3e724443c66088cabcfc0123991c98975a3e40c0a989ff5745a552f56b93;0xf35bf983;0x40c0a989L;0.500000;1503091284;1503091291
1;2048;8048;0x5635c99bd921b2345ee507dd75962d78752e3288f09b7d4bf0efabc92098cf77;0xe104417e8b356c41f947a6cf62fcfecd6deecf0bfd4decec5ab9fec6a3a2344a;0xa147e401;0xfd4dececL;0.500000;1503091291;1503091298
1;2048;8048;0xc978174374fe7886631449449364badd3d8bde84c29bef240e064b5962c5ca2b;0x4cd3140491ea6d61dd7df47fe1225ae260f32b27cda9d8659a73d3fe6addd4c7;0x09041ed5;0xcda9d865L;0.500000;1503091298;1503091305
