1;2048;8048;0x73ea7bce52973a4740b71b166a6d912bec2c54bd130369ed4e7b1123bd869f31;0xbce0ec9ad7fc2135c078055100552cfacaea07f07871bebb26a5bd78b34ddc5d;0xaa6ed7e7;0x7871bebbL;0.500000;1503206631;1503206636
1;2048;8048;0x6b348a9ca3d64b2468d786998daeb8247d4f72614df35c44eebbb8a4305b359c;0x4fd4a80dcb03f0f02d38c80bea9189025cd805dd70e41960b333eee5e16ece40;0xbab6fef1;0x70e41960L;0.500000;1503206637;1503206642
1;2048;8048;0x2d42fe262e528e6a04ba403e3445137051d209c09243a525b1f8bc8020ee534d;0xf8b7ee8a1d11745148827989bef57745def1ae9fc26abe652e4d9c0f634bcca9;0x5c9a11a6;0xc26abe65L;0.500000;1503206643;1503206648
1;2048;8048;0x45da9e93208295741b7ec90e11013942a21c5094241ff4d595edd83f127e1157;0x66a11f95e371a891dceffefd262a315cd0d73847f7d0f3e07a98b920333de584;0xecc62c6a;0xf7d0f3e0L;0.500000;1503206649;1503206654
1;2048;8048;0x74cdf477088fa75ed6c944e65108d36f3684aaf24d9d291ea82e7f7fd5713e49;0xae1c54cc901eb0ff9631d6a0f468f94849c61e1eefc9db26e1b18f54443642be;0xca933d3b;0xefc9db26L;0.500000;1503206654;1503206659
1;2048;8048;0x35bf1314189aa190aad38018a967578410026290240bcafef50e2e3facddc2e1;0x7f056d1d0260ff38813573812c942a7370fafd884fc94ca4ccc60f12070ba5c1;0x0415547c;0x4fc94ca4L;0.500000;1503206660;1503206665
1;2048;8048;0x5a3ba794e66c2567424eeb1947d96ae0c17e8f2748f7007b9e2ffd1fb37b1a0d;0xf1f01c34bab75c313c62f8184c03e725d3707def6864dfb296347e410d7265ec;0x4eea4d37;0x6864dfb2L;0.500000;1503206666;1503206671
1;2048;8048;0x3a11377076480ef2bce5b58552d2a56db2a5baa6acad7ea8e743922a5257fd8c;0xe6e80d7f786c112cb51902c2bdefae9fc906aca3946a4d6f1f8402eaa92868e7;0x1a40126d;0x946a4d6fL;0.500000;1503206671;1503206677
1;2048;8048;0xf4834eb2f5b14867db27974ed1fb04f680284ffd31b1302986319db742db6037;0x9465525d97d9788f019b99158f1dc80ed5908c6cddf8ac43ace0325ebd589369;0xf45e479d;0xddf8ac43L;0.500000;1503206677;1503206682
1;2048;8048;0x753f26622f3a480cce970b0cf52308fd7693988212c17513dd2d779ea5bdcd1b;0x63b2a1de15fffc99f999f58b16ca8ac0161fe7fa2c3a23a0bda294f633061cfd;0x3c33c1a1;0x2c3a23a0L;0.500000;1503206683;1503206688
1;2048;8048;0x626ca9759dacfcab490106f0e8f266058034bbe8c323b38c9fe7911447ea1ea9;0x62ef861d350a1db80ce2da81df8117064ac322e031a68b87b04d0379f7ab3c85;0xa7769480;0x31a68b87L;0.500000;1503206689;1503206694
1;2048;8048;0x99208bda3fc5835d1e048bfc0849bdf7f796b18059bff644a2691938430bdddd;0x3381459f46c90afeb2a1f712ef47377216f6ac3eed0fa0358970b6a5e8d9dd6e;0xbd39db29;0xed0fa035L;0.500000;1503206694;1503206699
1;2048;8048;0x3d087d0a9d60f7f476e431eb75c2f4f8867ba9dda755d5b27073bb67065aee44;0xd5cf742e5248ad3ce846da1d38c5a9ba70e7f6f0c60b4c48c4ffa9c97395c306;0xe6723b04;0xc60b4c48L;0.500000;1503206700;1503206705
1;2048;8048;0x67aa30c10f501adf80a551c2e91437bbc2d35fef34e43fdbe65f8f8cb7a1bc1e;0x50219dc6d08e17f5300efad5b659fb569e42ae7a82397dd6d7567b20ae764902;0xb892f58f;0x82397dd6L;0.500000;1503206705;1503206710
1;2048;8048;0x290fb312e0f5f96e6d949cbff3b8fa1b07a60be71bcc6e52b600cf6520e1f14a;0x8483fc05027d3e21a41caf62bd686c2cfafaf0b4bedf7116efedd625b8ae0805;0x73249c93;0xbedf7116L;0.500000;1503206710;1503206716
1;2048;8048;0xc30271b39f4d181df3099de2a6a4b428cdc7d3729a946bdfb854d52ad49cd498;0x3bc087ef75df4cb2f6cfe4a3dece0c7a36b1e4c8915d10d46767db78380235c8;0xad11f704;0x915d10d4L;0.500000;1503206716;1503206721
1;2048;8048;0xb119b0300475f947dd3d7679aa64b172a670777a457894f54d8de3fdd917d98a;0x38754440c32c82b805c33b99c88d3db44652e8a04d5315dd3035f8e47bf0a2b0;0xef57b4e8;0x4d5315ddL;0.500000;1503206722;1503206727
1;2048;8048;0xbaeb5f4400b0d0dbc6ffa7c7557c80b584a6cff6b5e4f653529093ecbd7e8d77;0xc7cf1628ffd0005d8273baf7a3e8a7804c6a0bb81af584d7201439c4a8e7b9a6;0xb724135b;0x1af584d7L;0.500000;1503206727;1503206732
1;2048;8048;0xa220e810a0f4476f8a1f61898f03b7febbd26c6bbaea75dfa843f816297131cb;0x9873283dada527040e3b581e6562421400a98f4b72e169baee68dc877d226a63;0x40330a15;0x72e169baL;0.500000;1503206733;1503206738
1;2048;8048;0x1ec4b11795841b2a84eef0f391c5e48cd8cbaf9cb3cf1d1ed52282a44fc6ff6d;0xa4a2db52bf8f2914c57e0f53e4d2c7ed77ddd9a9a342edda4b1360a570fd65ad;0x5ce7d737;0xa342eddaL;0.500000;1503206738;1503206743
