1;2048;8048;0xb39abf51d750340c77a1087093419cbaf8115c52ca0eca5530bc4059015029b4;0xb8cd515ef19672c2614c0305de66c921a3e0b2748c232eb86e7291d3b287437c;0x2d865b55;0x8c232eb8L;0.500000;1503167415;1503167420
1;2048;8048;0xedaee959f1fa7479df16078c4d91c657c6c689f42f8fafa47497deb18fa5407c;0x13a4ff9cc032008360c0121fdbe458abd7fc0e2e9bb0e43308b8488311144a2d;0x6fd0d73a;0x9bb0e433L;0.500000;1503167421;1503167426
1;2048;8048;0x433a508c87b260bda34adcf26ea3d5acec9f2071d185c25b07ec9fed7b3122be;0x4fa5d7b6de6c0e45c33374885bc4ba973695ce16e6cb6fb9acae6f3d26fee8fb;0xe9301666;0xe6cb6fb9L;0.500000;1503167427;1503167432
1;2048;8048;0x4a5b94b939f1900d0c8394b6c4ab01afcdc06cb726509c73efd4bcfcdccc0c26;0x69aa8b4de5a5f6c7cc4e26c16ef3bdfe6d725c07ba25a4abc73820783a56fd8e;0x4b7fb62e;0xba25a4abL;0.500000;1503167432;1503167437
1;2048;8048;0xf89e24d5a95f26fa71bb102c30a79b09274a49c9bc9495fa6d161a5b6521a15d;0xd467c94f671bf3eeb4d084a436ec325073c66f4ef64cb7e4dc0fb833e5af1ff6;0x59bdcd4c;0xf64cb7e4L;0.500000;1503167438;1503167443
1;2048;8048;0x00bca3c7e4c14c2def23ae65bafc015ca217ebff8d88f9c3216705ddf69894f6;0x3bcfa5ffe7c83e682ae8d59dbfbdf63eb4716ca6ea59bdafb9b7f9a3eaaa77c9;0x0dbd7dcd;0xea59bdafL;0.500000;1503167443;1503167449
1;2048;8048;0x8d7837de411f2ea047cfd812a09256df0ee1cf04dd8ea20a172dfbfd66edc2f3;0xa299dcc23734504cb08755cb936936c25ff2f8a9cb033abc6fdb09c7ee5ce237;0xe51aaccf;0xcb033abcL;0.500000;1503167450;1503167455
1;2048;8048;0x5d71e0bd4dc6d240c8f497b5ac5059363385de8267a6ca4468292b0015479d72;0x7d511141572d0639d46aa5c67a97d06b7f71098628d07f644b97b8e193fc0321;0x9113d556;0x28d07f64L;0.500000;1503167456;1503167461
1;2048;8048;0xfc5777bd93deda5aba5cd19b749903d5f111294bc2f6f5d72a1c0bbc11498a0d;0x17db700474c058d1c5c602613cc45fd81935ad61534e8e4287ba774b4e6a6d9f;0xdb14bc0d;0x534e8e42L;0.500000;1503167461;1503167467
1;2048;8048;0x48005c502592a37c54dac7bbe2d16f6ef4a027ca6b5d0636b86d2962766eebbe;0xf5f40f2341a21eefed7a8927470f16f014200c6efdfccbf72d6dd6d8f01eb50a;0x95aaf2d2;0xfdfccbf7L;0.500000;1503167467;1503167472
1;2048;8048;0x798118a1ac9deba08b737c000296681ab5037443da98c7ff5a87e79f7dcd94f6;0x30c9cf04dcb20a6d113d762d5756786ef29078c448975f36359c2093d233fe12;0x9dc2f756;0x48975f36L;0.500000;1503167473;1503167478
1;2048;8048;0x95bb6f0d2026d75f2e34cf625784994808091876fe14da9e4acfa8d1f81eaa8d;0xd8ff945b9444d4a544dcd1eab13d3bc9eb7d090d4d2c6681e898d3d913a2dd5e;0x486dfd37;0x4d2c6681L;0.500000;1503167479;1503167484
1;2048;8048;0xdbfd245b5625d6f8cacf2f6a8d6b587cfeee0b20046276e7d03b2fe86692c641;0xc04e4028c42e68fd1778360b3a123f105005838847fdae5e9ae654108646e89b;0xe644c0e1;0x47fdae5eL;0.500000;1503167484;1503167489
1;2048;8048;0x6ef87a30fb894c9c2dc9916b4c791daa25bd986b39b5b471269927b01c917f8b;0xc6eaa372bdb479cb4a479b742c4a2d82e599b14e40f79388aa6d7f8958f5fdc6;0xc5087f68;0x40f79388L;0.500000;1503167490;1503167495
1;2048;8048;0x48405778b18daa3a4e5830ab9841ac735ffd65daf0bc9e1b654a1c36cb6b3813;0xfbe7faf689af6e01a221732af568fbdce4c768b632bd19c2bdd2c1d9d6e20a3e;0x01fda1de;0x32bd19c2L;0.500000;1503167496;1503167501
1;2048;8048;0xe42cb9f918b5d88c8ab69d7349fcb595319e59df139916ac9d36bccbd69d73ba;0x269925533582ec644d55f41543102088fd8f96390b43042432f92cc9046bc204;0x396bb1d0;0xb430424L;0.500000;1503167501;1503167507
0;2048;8048;0xda4fc2f3db2e523c46b872add1387423295bdfeeea3941a332c56f9bdb4d1bb6;0xe092337f8380b29a38d074c1fee08b7ade7ced6a823d6700a5bd4686aa6c9e8f;0xc908bef2;0x554a2101L;0.500000;1503167507;1503167512
1;2048;8048;0xfecfb579d842cb9417c6b82ab556881b11b31dc017ce78b64e3eca3e72a71370;0x84d331fab5f152bbe2e8f7e6b02a80abdf9d2c15fffe9badb4f9478c61feef3d;0xbfd8f85c;0xfffe9badL;0.500000;1503167513;1503167518
1;2048;8048;0x3f820d9d9da099100e1fa0f888d1f3eb40dcd931406b3b1a560bf0f7ffa1603e;0xf609e6606cbe9ca06b71bf06903b2c7c3712177f08042ab2947b32c9e19cf811;0x3ec15fdf;0x8042ab2L;0.500000;1503167519;1503167524
1;2048;8048;0x4dfe262592e4acc7e03691fcddf304198be75dbf3d111cf5ed381bd754b8c6a1;0x846c71a6159eafa723cea7d3b4ea0f82a8237f39e2c6979c1ed12e1a7d93923e;0x8719ee37;0xe2c6979cL;0.500000;1503167524;1503167530
