1;2048;8048;0x4130166d45977bab555d7b261f166cb8d255bb02d8cbfcd65dedd12e972531d9;0xfdb5627b409d315d5d72391fa82501a709a60df6529783be9cbff2f628323842;0xb53db382;0x529783beL;0.500000;1503101681;1503101687
1;2048;8048;0x4864089570dc4adc60e3fbcb5b8d9f65895b5bab797b8f9f51c557b94bfcc793;0xda98543421928c7fe60d447889e96464ae8fda639e61f394365a22e544e305c5;0xaae20726;0x9e61f394L;0.500000;1503101688;1503101694
1;2048;8048;0x1444a7e70c48c034ccf7761f9042a14bf0893381e8bca3430c98948198848aac;0x2306818451c97c0edc1a495045818a63befa0466fd77d2395b50356b22183c43;0xcd42a112;0xfd77d239L;0.500000;1503101695;1503101700
1;2048;8048;0x3bdbb74558d3a764ffa7bbc8e2ffa8d547cbcad028c4e2d08ca12e3c07a1d142;0x1bedfe0d4efb5f04889d925f088e83ccc7f107eb6b6dc7ed1115ae96a0ae0555;0xe182b4c6;0x6b6dc7edL;0.500000;1503101701;1503101706
1;2048;8048;0xc499c8a90088018d17904f830e961ea74c44210779b5e5ef42cd7c490d9574d1;0xaa911acb60298aea6bee8ae2d214dabc95e832fa2d7e43d895d6c9f9a6fe7a41;0x3023d639;0x2d7e43d8L;0.500000;1503101707;1503101712
1;2048;8048;0xb1d9e401d3aa0e57bfbc2eb30f4a7d44060df102f19e31e502db4ec0d5031586;0x29e6cf258044fe294ac743e0eb05f72bdc17f699cebd17aea25b27e737cfcb06;0x2867a456;0xcebd17aeL;0.500000;1503101712;1503101718
1;2048;8048;0xb878499a5c7c1b89fd46a3552e5322fa8a4c83cffc49d468478ad1841223fccb;0x4bb8ccb20e5ddb0dbcc6cdbf38f01d0a00c2b25711d8d86345b256498ffe98f1;0x9033d5f3;0x11d8d863L;0.500000;1503101719;1503101724
1;2048;8048;0xac61fc169b56ba2750374ce41a029c0ae73ad894921fd9dfcd336f01e45aa590;0x8393d4191917b569af359a395ac671640f574baef703cc611b6ce1aede47330e;0x9e56ab86;0xf703cc61L;0.500000;1503101724;1503101729
1;2048;8048;0x199dbad17b12ed65601acff824cbe0ef5413d174b8eb3d13635c7d6a1a39e033;0x827e68c34b13ed7e9f79113604eae6bf0b75af49c22e34e6eb9ec9414a691322;0xe77cc387;0xc22e34e6L;0.500000;1503101730;1503101735
1;2048;8048;0x15aba52072dc7ca10c546de118a57946fe0dd537d2a77af7fec8915d915b8aa6;0xa41952260f4e7269458dbd4a82587592cac441d8232cc186b728aad6e1bb16fd;0x9584d805;0x232cc186L;0.500000;1503101735;1503101741
0;2048;8048;0x4c0ae2ddd03432afbb4f5efdcb79879e5ddf63adbd41d7585928bdbaff31a44b;0x9a9a8632f7f245b8a048561a3a135ac27f34aa782fef900561dd90ee5f0241df;0x06200a00;0x8a12ff02L;0.500000;1503101742;1503101747
1;2048;8048;0x78de404a5f70b4441c3871a15a5daab474adeb3423f0ecfc9c0d077eb0a96a29;0xa66a2be76c8a8c9292c86e74f5fce084f61eb911223a2d6273b476449f510335;0x704fd3d9;0x223a2d62L;0.500000;1503101748;1503101753
1;2048;8048;0xe4b786ad933441997c24bee23d498cbdac440e93d36ae658764e7fc980e55465;0x8358531d1cfb25485d7bae10e1391f8d500f42389539c139643e9b3604c28dbf;0x1d71b75d;0x9539c139L;0.500000;1503101754;1503101760
1;2048;8048;0xd095c35601f56c78d6a51d4c3fe4bef8aa25088e0430282fbb7af5d6b379d683;0x2c1ad5bf14307b57942a27eac167d7357f3fa68a476e142f9a0e2e387dee9a66;0xef073289;0x476e142fL;0.500000;1503101760;1503101766
1;2048;8048;0x6ef422b939e440534dda45dab3e39be2503ef2bc54563b33c468d1d1f4cb9662;0x39e215015983f52e4d12df37cfbf29f64e93c7f8a3dfdb4cb970a33b5ab9a5ff;0xa9081a22;0xa3dfdb4cL;0.500000;1503101766;1503101771
1;2048;8048;0xb89cfd26105c9bace1f11591301a673d3fc1c42735c5c634ef420a7ee140de99;0x0d395ee920bafac40d0ef5eca471aadcb70a1c53192e1bdbc19c9242884d692f;0x5e1b1403;0x192e1bdbL;0.500000;1503101772;1503101777
1;2048;8048;0x2424c52a64c06d6bbd1d37d060d7e3de0642a08b9a9b60730f7a405e2eafbc52;0xfc9b11406bab7b23f7e0d031132a7fa18c8b778ce8ce5154a04f07bae5331588;0x56a4114c;0xe8ce5154L;0.500000;1503101778;1503101783
0;2048;8048;0xe3da57dbc01760a45d3513f2ecc4ae216fc7faf3777b9dd10d1f04ddd33ea9b6;0xf7c376651e8e0d454e329ac242914462ecfa9ae00c76e8a4c1ce3f54bf752ddc;0xb2591076;0xffffffffL;0.500000;1503101784;1503101789
1;2048;8048;0x49451b2b5b8d7752f054b2c84f997ec6090f74b369e4bca4603d91ed2bfae774;0x754cc4d20e66aa5a42560f253df0a832c0ec04593616311ec2cd5a8bcc5ca1ff;0xab25ada2;0x3616311eL;0.500000;1503101789;1503101794
0;2048;8048;0x9b324f128acea575ec9887a29e64ca257062a3e79838a4954c0c6296edee1e88;0x1f0e619ad5bf41ba0f55ef5a25e946d643d0cd807314af4483d638685dd299f8;0xbcd58006;0x30042244L;0.500000;1503101795;1503101800
