1;2048;8048;0x21e4835bcb25a4903bdc9b28234b4a7654647e463b7dec07b8787b25bda381df;0x5cd0ed612073da91fb7e3af716d3de02870f7a25f38050df903ce27bd65ed740;0x012ba5fb;0xf38050dfL;0.500000;1503185225;1503185230
1;2048;8048;0x23996d54d661566bac86a1cf3ad8561982d5f79fe210d33f7698c2cd7ea594a1;0x90f7a170e428b87c11391f2bcfb4c2b95cd756bc47fa8dd4dc4a40e431341f41;0x85ebed4b;0x47fa8dd4L;0.500000;1503185231;1503185236
1;2048;8048;0xeaee6315eeb06098c041f6d8ecbd1dc1204e031f334a38615384509e7cc6ce67;0x701fc114a6068734241d37b1305aa2e4937e694feeb208ecc114e197615e82d6;0x0ea66ceb;0xeeb208ecL;0.500000;1503185237;1503185242
1;2048;8048;0x4fa335fc0d480019f0453fec7aad59373d7b1bebdef15a2fdab8b41256c38ca5;0xfd481852e5dd453daadb8f3cf6f9c92c64a20de6742246baeba598c99ce75bb2;0x42f20f39;0x742246baL;0.500000;1503185243;1503185249
1;2048;8048;0xb748f342c06dc166e7c2c50cbd0b3a2f289202336311a7f83131729abcfa8373;0xa54fdfa5beb3ff8b15715aa6e046c331647e26d6d2552fb89b5cdf54f8ed7dc8;0xd31ac95d;0xd2552fb8L;0.500000;1503185249;1503185255
1;2048;8048;0x8779e74b09135957e034fba2a059f87efda8958ea7b4095653d401db1cdbfca3;0x763b32d1b867ed7145251394741fe9c8f0587c8862dd80267caacadbe57e79dd;0x33e45a4d;0x62dd8026L;0.500000;1503185255;1503185261
1;2048;8048;0x6a4ac6ef4958618f4f2a236368aa56db61f47dba21fb294bc751d76e610e27cb;0x44f6ccb1639994b4528954250a174cc0da83e4e4ed2fcd83fcf1649341f4c927;0xbef5ead4;0xed2fcd83L;0.500000;1503185261;1503185267
1;2048;8048;0x801986feeef39cad8799580e8689d8c934819e552336704f3a389867492f65c9;0xd9fa35020dbfb150a486b75118085c7866dff776ebebb39d2809d6d0e2d56070;0xe8d762ac;0xebebb39dL;0.500000;1503185267;1503185273
0;2048;8048;0x04acba0c5bed58df3d6da7dd5d720f09280836e500d0d3919d7e50cdc5d2cbc9;0xe2a8a6c45d5ec8a4374f0299605c665155aba2163cb07901b5c2221557b328d1;0x1d6a8940;0x45081451L;0.500000;1503185273;1503185279
1;2048;8048;0x8cadef610ba0f429a2c97f563140d7bc211ba7f7885a6803f70d55db5ec502ea;0xe3d7dc25d3e637d85169a6911e413235b6328c571d3cf4efd4e7dc5c32edd3dd;0x97d5ff7f;0x1d3cf4efL;0.500000;1503185279;1503185285
0;2048;8048;0x0d744522cc4431f01753aff729b83b05c0fac76cfe611856e223d2849c6877a9;0x6f5fd7f58875a1c79eccae1cb9f739cf4526ee77ead16b69b5d7848a4cfe8cd4;0x00e52c1b;0xffffffffL;0.500000;1503185285;1503185291
1;2048;8048;0x1b64665140ff55df06b1f2ec646ab3d1eff155b6449b2d59a07bc7ead5aaf2f0;0x5b929a81d3fabdf17f3c57d6bec5aaf8d086925647bc43a6f89a27895101e7ec;0x4ef96106;0x47bc43a6L;0.500000;1503185292;1503185297
1;2048;8048;0x5e96c4e13e950b93b4bd5db47ad9cc897a3a37ad567d5b523d2a4047563edfb5;0xa54b72a48cb01fdf02bbb0c71046836ffb26f35784fed4abd598fc49bedb3858;0x2c8e98e9;0x84fed4abL;0.500000;1503185298;1503185303
1;2048;8048;0x1f6712706ee3e0beca9cd6fe6ac4ee36d4af577cc182ff854d2666092ee2634d;0x0603959bf3cddfee26f5ee9947ad43172625734cd34d55c8e914d7f6aed2546c;0x0818516e;0xd34d55c8L;0.500000;1503185304;1503185309
1;2048;8048;0x2d94bf36666626c15884292b31390c975bbdc05caacfe061654456de1f88574d;0xaf6777e9ffbccb72d54de9c030ea715ee5615f11f00705f2c230b03c51249922;0x8ac70f9b;0xf00705f2L;0.500000;1503185309;1503185315
1;2048;8048;0xec8f75a007c36157b07138b523ca731ba4330549755a6d53e5bb51eb93cc067f;0x3e222caaa079e3d9c2b8c57777175a467c8c5b816a1968d8020c0ccab67dfab3;0x9700d770;0x6a1968d8L;0.500000;1503185315;1503185321
1;2048;8048;0x90958f25d95c2f27e443e4ebd33eed76ea6f9727b8aa019affe9ea3c326bb4c2;0xba9dacc88d8c41ba35caef41c59ea118289dff47779d2fb5390302714b2df2ac;0x7a10194f;0x779d2fb5L;0.500000;1503185321;1503185327
1;2048;8048;0x04e130f846ceddb957858bac7ffd190e69cece127d2c8aa61f9e6b52f5c58af9;0x34a1abf96b8929e09f132cf9a1e40a9bdde21d776e0e03db444d427df94ef245;0x086af510;0x6e0e03dbL;0.500000;1503185327;1503185333
0;2048;8048;0xe86c1e9e1b6a20d566d2b1b864f0946ab28649b8a8b99c093ebf75948299be6a;0xe565075aad05109de06558a97ca57d6a83f6f384331365104677a0524778e12d;0x6afcd968;0x805214aaL;0.500000;1503185333;1503185338
1;2048;8048;0xd708546b8484576e53ff319c09541058ca738c7c219e9a3de8be19fb3ee35a16;0x6801f5f2d32999811ba3a43036d303118b2716c4ca9692efac5410b72a5589b9;0x746c6744;0xca9692efL;0.500000;1503185339;1503185344
