1;2048;8048;0xd07764dc0c8eb8fd9ed2efed57ca13f60d9dbebf528e9b3536bfd35768e90338;0xbce14dc78508a223addf0b2332dc18f471216b439c96dbf6b8def463a4dbbc43;0x7563cb75;0x9c96dbf6L;0.500000;1503243447;1503243451
1;2048;8048;0xf33fe6e533acbe39b1edb44a603c82e1352f3a15ef61b52f5208b606fa9802ed;0x5f2f1fd7ff12b1ebf6ccfc1609c7dc504444048fc74d195bf93632897cab39cd;0x4ba77aa0;0xc74d195bL;0.500000;1503243452;1503243457
1;2048;8048;0xc7f88471aa6daf63ccffc4da95340a49f81cae9a7fecc37d6a322ac2c647d28d;0xd7aab19bd3a6c3cdf055c9486d66fe9927b1a3f5b1f7978f6c8dd047a4aca62d;0xc3e07374;0xb1f7978fL;0.500000;1503243458;1503243462
1;2048;8048;0x2c5b6681a6c48423a5cc7f25080a27004a20f2c97018cb71ee4dc80922cbab4e;0x329549de3a2ee49e158563b7fb1ae57b042e17bdba9c4322815c0cddc1d0223c;0x9a724052;0xba9c4322L;0.500000;1503243463;1503243468
1;2048;8048;0x014897746c849d88fbd3e1c3f98314222f93745ee4616d85397541dea93dd2aa;0x44016442631a8b2bae56590ff9b3f3ffe0559d2ad84f4d183f68729e88665679;0xce71bf64;0xd84f4d18L;0.500000;1503243468;1503243473
1;2048;8048;0x73c1191d022623082b053d16d1cc2f8747ac3f24dcf7b45e5dfaa2ac1c5f3790;0xbc4acd9497a630514bd1849b3c6e39fe9427343c1ee698d0873c6c8153176c89;0x1337fb2e;0x1ee698d0L;0.500000;1503243473;1503243478
1;2048;8048;0x741f90e1e67b39eebd5401b028608235441af6b596ea5d2b7bb8e8b96a2c0bde;0x954d6c3983d05de978f97ccc4f22b018da2b6e51605d7eaff7f974712cc421f6;0x6e0c8fe8;0x605d7eafL;0.500000;1503243479;1503243484
1;2048;8048;0x0ccc22aaa37c6a7ae6c7ba20147b96bb6e6f36aa3a63296ec317c8909fba40ab;0xff522e70a98e2ef92530b803de0c2360ceac6b5fe9b29b6e6e04e23166ed32fd;0xd50eb9ca;0xe9b29b6eL;0.500000;1503243484;1503243489
1;2048;8048;0xd53a2f0319629c5326f057feb58b67a343b59ef1085c6df5f1f530d5e87784be;0xe6bd7af0f10f0c565510bf0d65fe4e120d29762a4d11199d172c312f3a766eb4;0x95d3c549;0x4d11199dL;0.500000;1503243490;1503243495
1;2048;8048;0x5df17c67e781576243352dd7d803aee9241a92fdea26a411e42f3f7c5def2eba;0xb29e502d6bcc2739b13f1794ae97a8a8ec31e4fb330bbcc6fd71b6f62c673b92;0x08725e49;0x330bbcc6L;0.500000;1503243495;1503243500
1;2048;8048;0xe79b306cf1b6facc3bf09b1ae348b46fa67e5979fb7e6c5768e645abf58357dd;0xd53b83eea96a82d25233a21333da27e937693337d3e0a8557aca8b3a5cfed7dc;0x0a0e8202;0xd3e0a855L;0.500000;1503243500;1503243505
0;2048;8048;0x02687cbf6dc1ba463e4d8616becd5a739cb6cf74edecf06dd41334175a5e665c;0x35d8e29cb29e3d968db3ee07759399a58d9ba7ba834adc42d25f7abb31b69d68;0x1843a9af;0xffffffffL;0.500000;1503243506;1503243510
1;2048;8048;0x23676949f45533a60d2cfb05e262cf06b4c1c6f0daac28989e1459a566d2f989;0x0f94a7ac562ba7ca8e8cdeeb50a54cc3a2b02b28d2a1fea50be5049fd0c4e300;0x3ebf4447;0xd2a1fea5L;0.500000;1503243511;1503243516
1;2048;8048;0xe144f82bcb723553d96b669c590eabcbdf1851834182e508c24ffcfc45da0c26;0x74aa14b11b09df32e67e640301ddd73b6daa9e442d6962734cef2d1ecf3bb58e;0x4ba7459c;0x2d696273L;0.500000;1503243517;1503243521
0;2048;8048;0x5823e53495fe3d7b36f9543a47a5d04db7d5e04787b55c188bc4831b622c94ba;0xb325817286a3c8d07967cc3de9f5921a49dee5fa1a7a9b01a20c5820056e147c;0xab6f9a83;0xf948a02L;0.500000;1503243522;1503243527
1;2048;8048;0x492ae8c23a89b10c16e2363716c336ab3145e07a6078367340e8ab17e2fc3d2b;0xac26bd1ee07571e7f2f1b34301a055cb4721da640147ef6d97cc2c9f3907f2ef;0x5ad962f7;0x147ef6dL;0.500000;1503243527;1503243532
0;2048;8048;0xc491c11e48215196b57d16f6e8213a757d3c10c16093b2f30c310240d13eb495;0x8c9bc0178877a7bde2865cd1f893cf0e2b68c27c7b6f1af327cee73711440abc;0x8f0651cb;0xffffffffL;0.500000;1503243533;1503243538
1;2048;8048;0xdc9adb6bd00d1445437a23a9cb35323e0c82ae6c6709e135966172a7311db90d;0x443a66e90dd040c85a984cbdd573f1421d2f26dc37447374802e31a2d310d331;0xe703adb0;0x37447374L;0.500000;1503243538;1503243544
1;2048;8048;0xecf896a83e36459059563fd17c3a93afb6b2e004507b711da9e18296f5f7b3e1;0x720eeb57b68e61d1e1331c3429d1268c6e8feaed21c3f4a6e1dc1ef39fc86741;0x34092470;0x21c3f4a6L;0.500000;1503243544;1503243549
1;2048;8048;0x6cf9a77bfcbdbe464d679dcae30f89798662a3a5e3095313d96b5f7c478125b3;0x347315abd9e40df52f00d2bfd28ecbcbf010c126376657cc7ed47e54ee97bfee;0x2765413e;0x376657ccL;0.500000;1503243550;1503243555
