1;2048;8048;0x7ce23be6b55e1adfb395c059a645e7b4aca1b02733cb2f577fabfb731cf0d199;0x01c46f92fad80989f6f3ebff3eccdbdc163ef7b7eed588176b1b2a06cd8768cc;0xb4e90806;0xeed58817L;0.500000;1503108062;1503108067
1;2048;8048;0x966fd9e7be298905192266e40c85fdef86cad53eed079c352069ea0a86511e1c;0x7cc868f4a88320878cc59863a5796deca4168812775826dd770fdc00dc7dc879;0xd9a21dc4;0x775826ddL;0.500000;1503108068;1503108073
1;2048;8048;0x8dee843a78f68726c1c92c971ee676ffdcc53558e256e4191b7bb6b612b9dfa0;0x6d512d55d8676e7d3b8e2bda567c54d8f0bd186b9d3cd498d5d37a2045a71954;0x19e0912e;0x9d3cd498L;0.500000;1503108073;1503108078
1;2048;8048;0x2fcd48fb87ff2f0f648218727be1f92c5d4c9e1e6b5f37903654b984d91f8308;0xf9a92e95e82648eb66830e6d0db6315c9165fce9c16fb14bbc5bb7ce9300892f;0x0c943b9a;0xc16fb14bL;0.500000;1503108079;1503108084
1;2048;8048;0x8a9fd0a2c64164b4a5a8c009f2bd9e825fa53eb930c5ef49cdd0f843acccab36;0xad7efd5afb591130ee0931626a2fc917d2a622d029d990079445c24a5e1c90c9;0xefaa2491;0x29d99007L;0.500000;1503108084;1503108089
1;2048;8048;0x1d70d69ff770f3913bc72407ddf4ed14d71fddd58ba90ea83e61b6eb54ea9b72;0x283e8b82f9770a8dce218e04ce50543f0cddc77515a3c3b735a06bb3410bc6c8;0x0da9383a;0x15a3c3b7L;0.500000;1503108090;1503108095
1;2048;8048;0xbf0bad2a01d247b47a0e5fe791d9a996f99321a6967fd64a7e322395134abfd3;0x75cde5d5197ece7d7f6fa52e8964f32da5ff8d673029c882d2722dbd272829dc;0xa981f424;0x3029c882L;0.500000;1503108095;1503108100
1;2048;8048;0x82065fb035e768234dac449fbdea301c19728d03304b91d55bc24e7d83cc6705;0x70c3d53d4080c98b7c55d7d988fcd1b1d6892948b3ec3b0b858416d03dbf1d24;0x62a9de3f;0xb3ec3b0bL;0.500000;1503108101;1503108106
1;2048;8048;0x55f2b66bea76a8db2d9c32a36c5056db636c6f30e65898dbafbba2b26e31ebc3;0x6232fbaa94ecf1754d74c2b55965192c78492e1d5a502cb2f265af5734692cab;0xe4312cb6;0x5a502cb2L;0.500000;1503108106;1503108111
1;2048;8048;0x5346fbcf38aebf32bd076faae0358d2377261c8cb033e4de1d23996ec63e9c1a;0xd030f96bf318f9e6ef54d34dcbe58fd9d754670dac90f651ab689ddddf96725d;0x4b2ddec1;0xac90f651L;0.500000;1503108112;1503108117
1;2048;8048;0xd5f32018c12a52f2516c9dd249b05af24d806f2cc846c726f24c959fdf20d8b4;0xe2058ca053be81b55d65fd967ca30b91450714414802296966aee016b3bfaa3a;0x67ab563a;0x48022969L;0.500000;1503108118;1503108123
1;2048;8048;0x263b1fe7f220f2f2d5d6792e29a2981c0820e95a796865d1a00127b29c4226c2;0xb3c483a0bee2149a78b55933454bffb5b281bb0a2889d548632b44ebcedf5851;0x7e573154;0x2889d548L;0.500000;1503108123;1503108129
1;2048;8048;0xa24d6e9c821fbbe1415eae949f3510672143aca04d1ad7bafddf4583c9b8476b;0xdf7ff2a4bc299e3e3a3d390dc4993fed9c7be9123f46a75a35f1d655dee401f1;0xb507d277;0x3f46a75aL;0.500000;1503108129;1503108134
1;2048;8048;0x8bb9573f1cd6866141721eaccd35cd67faf295cfebf70196b572683d1b8e65a6;0xa2c3e869c6b1bd3222279411ce2d625cf7a88d3eaf0665b5fb958ec8b5bfe986;0x2fa5e970;0xaf0665b5L;0.500000;1503108135;1503108140
1;2048;8048;0xbc18f08bbea441ab615a7b3a9d6378283f595f2a4ea857b53070eb7b0e96beca;0x19ffd76d40f962d2ffe15116ada2a7427b4dd9c5371cc1f370d19eebc90ce95f;0xcae29d43;0x371cc1f3L;0.500000;1503108141;1503108147
1;2048;8048;0x4f89b59b0b98b96bdb1895884a9e801b09f6ecd93c60b1a6e4148bdecaf5d11a;0xc3dd4872516d4df27c381f8f220a8799349c1882d01366a7537220f521edd49e;0x0e82c828;0xd01366a7L;0.500000;1503108148;1503108154
1;2048;8048;0x89b91680588b83f0e4ae2a9a6bdc00edbabf7ccf8c83f0294dcc8396e5c3e66e;0x32489bbea67fe1b79c5ba4c24be4ce3ae9c064700dad28741240afe286ff3590;0x92921303;0xdad2874L;0.500000;1503108154;1503108160
1;2048;8048;0x68d07705c99ffdf65100a3fbf107737541d3b671eb5cb054137ae877a8527011;0xe035dc865b4e0aa9f9ef7d00fed51f42d6bca5288c36cd5c5e8bf17bfbcff08e;0x22a4a6ec;0x8c36cd5cL;0.500000;1503108161;1503108167
1;2048;8048;0x0a58769a8d43b819083448e8327433d5c964c314583e942f655ca896f23e5bfc;0x9326168aca95d156397ff77ad8679bcbd92179cc09df449d583c0d32184e6d6f;0xfe392969;0x9df449dL;0.500000;1503108167;1503108173
1;2048;8048;0x7a3b08e9722e34879d98ae8d3e9999bbba5da8c7b9d78b9c8b1bb150b7b1be31;0x75e242ef9cc0d0467f9e2e6f84ab3c12c915ca8ad6490e6ae147f16d40f9f6fa;0x545f92f8;0xd6490e6aL;0.500000;1503108174;1503108180
