1;2048;8048;0x3d77cfb1f7762774d76f689109a6b03dbe28a657a409f06dd0f7ed47c2845eff;0x9c382f79a34d6d68e6190d986fba4edcd875f82250a4e8c579ea71010818d470;0x7218b53c;0x50a4e8c5L;0.500000;1503124565;1503124569
1;2048;8048;0xa05393ce027b28d2522dd14679f54ca25638668d8ae47cb5dd141f6683546624;0xbfa14f9387461881f9d23afe8deed1bcbcb529ef5a9a222b82625f68cd3e6228;0x042cbdc7;0x5a9a222bL;0.500000;1503124570;1503124575
1;2048;8048;0xbb72c1bbd3d23173061361f91f1cb1d7aa3afe1312bf1db5bc6a2f808f81774a;0x84437fc0b65e38b95eb1ac4ebc1b1dfe44692f9f9a1948fe9d2ff8f2de6b3e5b;0x74742d2a;0x9a1948feL;0.500000;1503124575;1503124580
1;2048;8048;0xa4dab01e5256a4127e27cb0d3aab3e0409338207ad4a8f94a226bfb4e4f05b88;0x6451b182f4c247895174338aa69d09ccab0d5e5b5b43321843270da20712f9d0;0xb836b627;0x5b433218L;0.500000;1503124581;1503124586
1;2048;8048;0xdcf0e7c326585784d2ee182d90af85162aa58a5986480c682e471ce0117269ed;0x8453e4f685c37357387e19a3e826930403c6f75a4643cfc867241d922a1ed204;0x33409f66;0x4643cfc8L;0.500000;1503124587;1503124592
1;2048;8048;0x7d76516a9971d5483e157cd00e022ee2ac4aa89cc8220f4126a9d5f2c118c73e;0xb5be4cf95de772957c9ad491c91f99766fc58949db1a45494434be6d5aa37479;0xd6b425a1;0xdb1a4549L;0.500000;1503124593;1503124598
1;2048;8048;0xc6096420947ff9b9cc2cbd1de81fc580a8dab8ffb393f947558c79b9970fbd5d;0x57e091b657a29e464108acc5d3b03e3f95e213635c269b38a58b523ecba0cd24;0x5582d5bd;0x5c269b38L;0.500000;1503124598;1503124603
1;2048;8048;0x8e3b751e2638d49129764fe835514704c1c811aa1e6092ccea5081a5a2344c30;0x07e6e60064fe81558757600a369359392f5e080829b2ef622892fe603d445266;0x381e1854;0x29b2ef62L;0.500000;1503124604;1503124609
0;2048;8048;0x968986fcb4be33e8a3a0d2d812dc620a7341575fb0da1f02b7ccf1f23b8043d1;0x53429851b96e789b44a674a8f90d2f75ad7986d92bce9e20943a8b5d110ba2d2;0x8e23876b;0x14344011L;0.500000;1503124610;1503124615
1;2048;8048;0xe757fb83cb6bc86adf1ff64efacb6f317efb878e0998a27a27e753ee44023e2b;0x87fa2239d7bccdf1b2a9638a65ff90e8a8d304a1abddfff25688ca708f325cc9;0x4baa61f7;0xabddfff2L;0.500000;1503124616;1503124622
1;2048;8048;0x709f00cad2bbcf72ebbeaa7cb1da5e427eede400f6cceb5f2752bf8039e68fa9;0x8bd55df36a210339afb9df268c5bc2631701b81788f17b67827cdf81f02c09cc;0x9196a647;0x88f17b67L;0.500000;1503124622;1503124628
1;2048;8048;0xac8b808a321fde45e9671ee59201c4363966fa63d3c7150aae3f519c594c9505;0x83c197f8b783ff3e5608553f8d6ccd146237e1c26f5781fe7c1230af734a9aa2;0x5e20d473;0x6f5781feL;0.500000;1503124629;1503124635
1;2048;8048;0x00c0fb847668129b43627fc9afdbc1800bfafbec57fc5604ead7ead2ded45cde;0xc2231df7223b881152f73152076cb76b6fa1db0441152a8a7f3c5aea1ba02fe0;0x51265bc2;0x41152a8aL;0.500000;1503124635;1503124641
1;2048;8048;0xef5dfcb7fc592eb9256e95476fb150b70a90d829f8e118397b4d477f6b46ec5a;0x7b979fa037d1872a66a19788927911cf62bd00cabae8aa985eebd011da7279a0;0xca2e4063;0xbae8aa98L;0.500000;1503124641;1503124647
1;2048;8048;0xa9318c457d5503d1281475bab7af14f560827f04270cadd96ec7d26ca676bc50;0xe4215cd37bf6f9b4426447701dfcee55771a0d7c8920456652e07ed4baa37a85;0xd2625750;0x89204566L;0.500000;1503124647;1503124653
1;2048;8048;0xba720c03785dfe16068df88cedb26a4895d4549aa7ce0483351921d19d656157;0x1dc56e83046b3209bb2059240c6b8c126a3e3a130b5ce0d43944e158ce47284c;0x3d06efd6;0xb5ce0d4L;0.500000;1503124654;1503124660
1;2048;8048;0x956e08c79dc898b8a002db01ee08a020c3f9d65cbf722f81e06e7bcbae6b8544;0xebbf93b4183d47bb8ffb994b7410af951f896c426be024a5b811b057d5a7af08;0x084e8848;0x6be024a5L;0.500000;1503124660;1503124666
1;2048;8048;0xe3ecba109d06fbb37e9af777c9e608d2bdb226574562313e3cd28ee0ce514cb1;0x7e4302ec2135cc22e45a5b51bab225c78aed2206e0d0465d0ccea0e79bf7e57d;0x8fb08263;0xe0d0465dL;0.500000;1503124667;1503124673
0;2048;8048;0x0ba8f6b6334363d80745b6a35bd23936a306919523f08fc461c010006b1b4e76;0x28961262f8c0632214548fe83c5a0283ed7a85cbff7eb31154adde70eded8965;0x5a0234df;0x42080aa9L;0.500000;1503124673;1503124679
1;2048;8048;0x1a9a48ecd0e9cbe855b1ddd65577777d2370bf4fbbe283890974b6409f8c93b9;0x87cf5362bbb389d59b1255d14f3de4c41f4286c6ba4ec425f9da1017581c1e92;0xf77e6383;0xba4ec425L;0.500000;1503124680;1503124685
