0;32;8048;0x5ccf624572a4444271c84211c458e074fbd8142099912ac3bf7c02352c7da589;0x42a210e8d49e8a5db570789e492bc20431932040799f0e50bc705218cc08eb67;0x8dd6cc54;0x4930c009L;0.500000;1503217189;1503217189
0;32;8048;0x5ccf624572a4444271c84211c458e074fbd8142099912ac3bf7c02352c7da589;0x42a210e8d49e8a5db570789e492bc20431932040799f0e50bc705218cc08eb67;0x8dd6cc54;0x4930c009L;0.500000;1503217189;1503217189
0;32;8048;0x5ccf624572a4444271c84211c458e074fbd8142099912ac3bf7c02352c7da589;0x42a210e8d49e8a5db570789e492bc20431932040799f0e50bc705218cc08eb67;0x8dd6cc54;0x4930c009L;0.500000;1503217190;1503217190
0;32;8048;0xdb15b0016001f509f3093f716a95984c24c06f09e3d014485b1d5efffbde9cd6;0x6e1f22668705c9bf235a5c81e15f74914def27504dd7d960d9aaa900810ba09f;0xfe0b02d6;0x40953f51L;0.500000;1503217190;1503217190
0;32;8048;0xdb15b0016001f509f3093f716a95984c24c06f09e3d014485b1d5efffbde9cd6;0x6e1f22668705c9bf235a5c81e15f74914def27504dd7d960d9aaa900810ba09f;0xfe0b02d6;0x40953f51L;0.500000;1503217190;1503217190
0;32;8048;0xdb15b0016001f509f3093f716a95984c24c06f09e3d014485b1d5efffbde9cd6;0x6e1f22668705c9bf235a5c81e15f74914def27504dd7d960d9aaa900810ba09f;0xfe0b02d6;0x40953f51L;0.500000;1503217190;1503217191
0;32;8048;0x6ad17d7245089017f74ec22f502b34d039206b197946046b14a3c7063a66cca4;0x0f24b1eea23bb736c69e9ab3d90db46fc840436e73d97eb7701e3be23145d790;0xdb08402f;0x12441214L;0.500000;1503217191;1503217191
0;32;8048;0x6ad17d7245089017f74ec22f502b34d039206b197946046b14a3c7063a66cca4;0x0f24b1eea23bb736c69e9ab3d90db46fc840436e73d97eb7701e3be23145d790;0xdb08402f;0x12441214L;0.500000;1503217191;1503217191
0;32;8048;0x6ad17d7245089017f74ec22f502b34d039206b197946046b14a3c7063a66cca4;0x0f24b1eea23bb736c69e9ab3d90db46fc840436e73d97eb7701e3be23145d790;0xdb08402f;0x12441214L;0.500000;1503217191;1503217191
0;32;8048;0x6ad17d7245089017f74ec22f502b34d039206b197946046b14a3c7063a66cca4;0x0f24b1eea23bb736c69e9ab3d90db46fc840436e73d97eb7701e3be23145d790;0xdb08402f;0x12441214L;0.500000;1503217192;1503217192
0;32;8048;0x144f670c378e8c21918cc6995fe17d2729f2d2716fb81112f9930631d7ef84eb;0x2995062b77a8cd581322afcf68132ebca3527e04504dad91c2d25b032fa8c59c;0x2e19441d;0x886a441L;0.500000;1503217192;1503217192
0;32;8048;0x144f670c378e8c21918cc6995fe17d2729f2d2716fb81112f9930631d7ef84eb;0x2995062b77a8cd581322afcf68132ebca3527e04504dad91c2d25b032fa8c59c;0x2e19441d;0x886a441L;0.500000;1503217192;1503217192
0;32;8048;0x144f670c378e8c21918cc6995fe17d2729f2d2716fb81112f9930631d7ef84eb;0x2995062b77a8cd581322afcf68132ebca3527e04504dad91c2d25b032fa8c59c;0x2e19441d;0x886a441L;0.500000;1503217192;1503217193
0;32;8048;0x2a8ec185e97bf612bff2ebae86f4dcaed591022888023b53c200be1c40c6fb6a;0x9762a2fe5bd236ff398b4ad22c70256a412977dc1acc34b6ee8771b3870cd34e;0x965ca66e;0x4581d289L;0.500000;1503217193;1503217193
0;32;8048;0x2a8ec185e97bf612bff2ebae86f4dcaed591022888023b53c200be1c40c6fb6a;0x9762a2fe5bd236ff398b4ad22c70256a412977dc1acc34b6ee8771b3870cd34e;0x965ca66e;0x4581d289L;0.500000;1503217193;1503217193
0;32;8048;0x2a8ec185e97bf612bff2ebae86f4dcaed591022888023b53c200be1c40c6fb6a;0x9762a2fe5bd236ff398b4ad22c70256a412977dc1acc34b6ee8771b3870cd34e;0x965ca66e;0x4581d289L;0.500000;1503217193;1503217194
0;32;8048;0x3bb8525f6a497eea67a1f10577b0b067d63b48d52ac087c66d768d7894b4e7d0;0x0ded2fd05d1767393d80c93e727083ecc9545453fa4b3d7376350586f52f3c59;0xa590d407;0x6325e60L;0.500000;1503217194;1503217194
0;32;8048;0x3bb8525f6a497eea67a1f10577b0b067d63b48d52ac087c66d768d7894b4e7d0;0x0ded2fd05d1767393d80c93e727083ecc9545453fa4b3d7376350586f52f3c59;0xa590d407;0x6325e60L;0.500000;1503217194;1503217194
0;32;8048;0x3bb8525f6a497eea67a1f10577b0b067d63b48d52ac087c66d768d7894b4e7d0;0x0ded2fd05d1767393d80c93e727083ecc9545453fa4b3d7376350586f52f3c59;0xa590d407;0x6325e60L;0.500000;1503217194;1503217194
0;32;8048;0x3bb8525f6a497eea67a1f10577b0b067d63b48d52ac087c66d768d7894b4e7d0;0x0ded2fd05d1767393d80c93e727083ecc9545453fa4b3d7376350586f52f3c59;0xa590d407;0x6325e60L;0.500000;1503217194;1503217195
