0;32;8048;0x69e600a4822a1637c67fa6939a52bc176288d2f58f9cbab0a6213d220e2bcb77;0xc1f764934fa794c3a02edc0e5cd15099027543d759cdd57f295fa598f2711497;0x7a9399b4;0x9014c425L;0.500000;1503147057;1503147057
0;32;8048;0x69e600a4822a1637c67fa6939a52bc176288d2f58f9cbab0a6213d220e2bcb77;0xc1f764934fa794c3a02edc0e5cd15099027543d759cdd57f295fa598f2711497;0x7a9399b4;0x9014c425L;0.500000;1503147057;1503147058
0;32;8048;0x9e41932f93bf3bd9f25b17b4a0bd34350d04f45d4b20a431a9fee8d04ab769e8;0xd0dabd4ba975bf9b4f53204b5b351bb8f12b7b6ff1b15118f56f625c44ed2263;0xc463e28d;0x3c8c500aL;0.500000;1503147058;1503147058
0;32;8048;0x9e41932f93bf3bd9f25b17b4a0bd34350d04f45d4b20a431a9fee8d04ab769e8;0xd0dabd4ba975bf9b4f53204b5b351bb8f12b7b6ff1b15118f56f625c44ed2263;0xc463e28d;0x3c8c500aL;0.500000;1503147058;1503147058
0;32;8048;0x9e41932f93bf3bd9f25b17b4a0bd34350d04f45d4b20a431a9fee8d04ab769e8;0xd0dabd4ba975bf9b4f53204b5b351bb8f12b7b6ff1b15118f56f625c44ed2263;0xc463e28d;0x3c8c500aL;0.500000;1503147058;1503147058
0;32;8048;0x9e41932f93bf3bd9f25b17b4a0bd34350d04f45d4b20a431a9fee8d04ab769e8;0xd0dabd4ba975bf9b4f53204b5b351bb8f12b7b6ff1b15118f56f625c44ed2263;0xc463e28d;0x3c8c500aL;0.500000;1503147059;1503147059
0;32;8048;0x2bbdbffcdaaa768c506ac3992252d1a5d0604b60dcdf78f8089f71193636c261;0x4be3ff151e3dfe14c35394142dea1c0419b22ecbe5d4b0f78df257c53e7282a7;0x32dfbf78;0xab8080a8L;0.500000;1503147059;1503147059
0;32;8048;0x2bbdbffcdaaa768c506ac3992252d1a5d0604b60dcdf78f8089f71193636c261;0x4be3ff151e3dfe14c35394142dea1c0419b22ecbe5d4b0f78df257c53e7282a7;0x32dfbf78;0xab8080a8L;0.500000;1503147059;1503147059
0;32;8048;0x2bbdbffcdaaa768c506ac3992252d1a5d0604b60dcdf78f8089f71193636c261;0x4be3ff151e3dfe14c35394142dea1c0419b22ecbe5d4b0f78df257c53e7282a7;0x32dfbf78;0xab8080a8L;0.500000;1503147059;1503147060
0;32;8048;0x6911080a0d243e0650cf2b4caa92f4c37307db7f4272839d42465c2a46c800af;0x53c4a1692a5d96607bd022866df238b929054487e1da5cb609f70f6d4d6c14a6;0xc0cc0a5a;0x541935bdL;0.500000;1503147060;1503147060
0;32;8048;0x6911080a0d243e0650cf2b4caa92f4c37307db7f4272839d42465c2a46c800af;0x53c4a1692a5d96607bd022866df238b929054487e1da5cb609f70f6d4d6c14a6;0xc0cc0a5a;0x541935bdL;0.500000;1503147060;1503147060
0;32;8048;0x6911080a0d243e0650cf2b4caa92f4c37307db7f4272839d42465c2a46c800af;0x53c4a1692a5d96607bd022866df238b929054487e1da5cb609f70f6d4d6c14a6;0xc0cc0a5a;0x541935bdL;0.500000;1503147060;1503147060
0;32;8048;0x6911080a0d243e0650cf2b4caa92f4c37307db7f4272839d42465c2a46c800af;0x53c4a1692a5d96607bd022866df238b929054487e1da5cb609f70f6d4d6c14a6;0xc0cc0a5a;0x541935bdL;0.500000;1503147060;1503147061
0;32;8048;0x6cf2b96b9d34275d1152f1dd1f986f00e3e554a212a28ec9a48a98b80169146d;0x3597648ca3319ee40c3658dede48aaf35fc7105815c31c1e626a16539f49534f;0xa1bb618e;0xe301322L;0.500000;1503147061;1503147061
0;32;8048;0x6cf2b96b9d34275d1152f1dd1f986f00e3e554a212a28ec9a48a98b80169146d;0x3597648ca3319ee40c3658dede48aaf35fc7105815c31c1e626a16539f49534f;0xa1bb618e;0xe301322L;0.500000;1503147061;1503147061
0;32;8048;0x6cf2b96b9d34275d1152f1dd1f986f00e3e554a212a28ec9a48a98b80169146d;0x3597648ca3319ee40c3658dede48aaf35fc7105815c31c1e626a16539f49534f;0xa1bb618e;0xe301322L;0.500000;1503147061;1503147062
0;32;8048;0x47d6c909a83e05e8ab4b0a85bdcbd747bc7977963ac0d80ff1109691a103f4e8;0xc59bad0d8a636c34e29a07c0d92730ae9f9eecef35496b5618011e023770905c;0x7c0039db;0x90633171L;0.500000;1503147062;1503147062
0;32;8048;0x47d6c909a83e05e8ab4b0a85bdcbd747bc7977963ac0d80ff1109691a103f4e8;0xc59bad0d8a636c34e29a07c0d92730ae9f9eecef35496b5618011e023770905c;0x7c0039db;0x90633171L;0.500000;1503147062;1503147062
0;32;8048;0x47d6c909a83e05e8ab4b0a85bdcbd747bc7977963ac0d80ff1109691a103f4e8;0xc59bad0d8a636c34e29a07c0d92730ae9f9eecef35496b5618011e023770905c;0x7c0039db;0x90633171L;0.500000;1503147062;1503147062
0;32;8048;0x47d6c909a83e05e8ab4b0a85bdcbd747bc7977963ac0d80ff1109691a103f4e8;0xc59bad0d8a636c34e29a07c0d92730ae9f9eecef35496b5618011e023770905c;0x7c0039db;0x90633171L;0.500000;1503147062;1503147063
