0;32;8048;0xd10c04bef07c49a20835f8bf371b0683cf30711cab7056cfc34f4c3056a48727;0x97f55af2277cc7399b1010aac5f778650038d949b4281674b663c571a80dd9f0;0xb24f5ef6;0x93108684L;0.500000;1503162536;1503162536
0;32;8048;0xd10c04bef07c49a20835f8bf371b0683cf30711cab7056cfc34f4c3056a48727;0x97f55af2277cc7399b1010aac5f778650038d949b4281674b663c571a80dd9f0;0xb24f5ef6;0x93108684L;0.500000;1503162536;1503162537
0;32;8048;0x9658ae4be1d175066b85c2f48684a8b1baf077c11a0adaf209f524b5f473fb8b;0x498c5df5ce8b925ab15613f15b528ce0fa9483130b3cf1fa47426ed24f17661f;0x08cd0cea;0x418859bL;0.500000;1503162537;1503162537
0;32;8048;0x9658ae4be1d175066b85c2f48684a8b1baf077c11a0adaf209f524b5f473fb8b;0x498c5df5ce8b925ab15613f15b528ce0fa9483130b3cf1fa47426ed24f17661f;0x08cd0cea;0x418859bL;0.500000;1503162537;1503162537
0;32;8048;0x9658ae4be1d175066b85c2f48684a8b1baf077c11a0adaf209f524b5f473fb8b;0x498c5df5ce8b925ab15613f15b528ce0fa9483130b3cf1fa47426ed24f17661f;0x08cd0cea;0x418859bL;0.500000;1503162537;1503162537
0;32;8048;0x9658ae4be1d175066b85c2f48684a8b1baf077c11a0adaf209f524b5f473fb8b;0x498c5df5ce8b925ab15613f15b528ce0fa9483130b3cf1fa47426ed24f17661f;0x08cd0cea;0x418859bL;0.500000;1503162537;1503162538
0;32;8048;0xa68762bde3bcd86d99e8404fd6ae407c922b2dd7df70a1d1c06736c8df9cc585;0xae4d7b931547d231d242aaacf4c114993ad5741439978a87354bc7857a3bd8e4;0xb33b9164;0x60048222L;0.500000;1503162538;1503162538
0;32;8048;0xa68762bde3bcd86d99e8404fd6ae407c922b2dd7df70a1d1c06736c8df9cc585;0xae4d7b931547d231d242aaacf4c114993ad5741439978a87354bc7857a3bd8e4;0xb33b9164;0x60048222L;0.500000;1503162538;1503162538
0;32;8048;0xa68762bde3bcd86d99e8404fd6ae407c922b2dd7df70a1d1c06736c8df9cc585;0xae4d7b931547d231d242aaacf4c114993ad5741439978a87354bc7857a3bd8e4;0xb33b9164;0x60048222L;0.500000;1503162538;1503162538
0;32;8048;0xa68762bde3bcd86d99e8404fd6ae407c922b2dd7df70a1d1c06736c8df9cc585;0xae4d7b931547d231d242aaacf4c114993ad5741439978a87354bc7857a3bd8e4;0xb33b9164;0x60048222L;0.500000;1503162539;1503162539
0;32;8048;0x3adf226140b609c2a32e96924a63f508a34db378f9ae2e14294c69b350c5da8a;0x8f150694815dea50d90f357366218e821946e585f0dcae6817ac5bb250ba762b;0xb1e655bb;0x6335805L;0.500000;1503162539;1503162539
0;32;8048;0x3adf226140b609c2a32e96924a63f508a34db378f9ae2e14294c69b350c5da8a;0x8f150694815dea50d90f357366218e821946e585f0dcae6817ac5bb250ba762b;0xb1e655bb;0x6335805L;0.500000;1503162539;1503162539
0;32;8048;0x3adf226140b609c2a32e96924a63f508a34db378f9ae2e14294c69b350c5da8a;0x8f150694815dea50d90f357366218e821946e585f0dcae6817ac5bb250ba762b;0xb1e655bb;0x6335805L;0.500000;1503162539;1503162540
0;32;8048;0xbde3acc4438735d898a03a9ea8bc907f4029bf946eaf03265007f30837a570f5;0x7a6d5d090e206195aa98fcaf9ad89bd693543ad802d4d513ecaec81b237843ff;0x684399cf;0x8940f3ceL;0.500000;1503162540;1503162540
0;32;8048;0xbde3acc4438735d898a03a9ea8bc907f4029bf946eaf03265007f30837a570f5;0x7a6d5d090e206195aa98fcaf9ad89bd693543ad802d4d513ecaec81b237843ff;0x684399cf;0x8940f3ceL;0.500000;1503162540;1503162540
0;32;8048;0xbde3acc4438735d898a03a9ea8bc907f4029bf946eaf03265007f30837a570f5;0x7a6d5d090e206195aa98fcaf9ad89bd693543ad802d4d513ecaec81b237843ff;0x684399cf;0x8940f3ceL;0.500000;1503162540;1503162540
0;32;8048;0xbde3acc4438735d898a03a9ea8bc907f4029bf946eaf03265007f30837a570f5;0x7a6d5d090e206195aa98fcaf9ad89bd693543ad802d4d513ecaec81b237843ff;0x684399cf;0x8940f3ceL;0.500000;1503162540;1503162541
0;32;8048;0x3b0cea50179f53d1d0b6157c2713319af8c0fdb5df20bebf094063705a84db95;0xf1b2b234042c1f05e505b0e9f12bf4543e07403b888213be909a336e8d32f0f3;0x40971480;0x9a3446f2L;0.500000;1503162541;1503162541
0;32;8048;0x3b0cea50179f53d1d0b6157c2713319af8c0fdb5df20bebf094063705a84db95;0xf1b2b234042c1f05e505b0e9f12bf4543e07403b888213be909a336e8d32f0f3;0x40971480;0x9a3446f2L;0.500000;1503162541;1503162541
0;32;8048;0x3b0cea50179f53d1d0b6157c2713319af8c0fdb5df20bebf094063705a84db95;0xf1b2b234042c1f05e505b0e9f12bf4543e07403b888213be909a336e8d32f0f3;0x40971480;0x9a3446f2L;0.500000;1503162541;1503162542
