0;32;8048;0xa7e6c68361af398ed7f6b6edf9f98728cde9d1d001e757eaf248c00661aaed08;0x0ddd076581e3eb29298792981d12d4de53c0863bffeedeaec680b3c919523cbb;0xfe038bde;0x5412fb0L;0.500000;1503129510;1503129510
0;32;8048;0xa7e6c68361af398ed7f6b6edf9f98728cde9d1d001e757eaf248c00661aaed08;0x0ddd076581e3eb29298792981d12d4de53c0863bffeedeaec680b3c919523cbb;0xfe038bde;0x5412fb0L;0.500000;1503129511;1503129511
0;32;8048;0x89d45dffc07fe0150983365a92678d55c7f50fc4a745279948c34f46f7676180;0x460398940a4d1b6e23ee7ee6cb06c029a9e758d3e445b1d5b49a28fc154ad74b;0xb3b1003c;0xa8703445L;0.500000;1503129511;1503129511
0;32;8048;0x89d45dffc07fe0150983365a92678d55c7f50fc4a745279948c34f46f7676180;0x460398940a4d1b6e23ee7ee6cb06c029a9e758d3e445b1d5b49a28fc154ad74b;0xb3b1003c;0xa8703445L;0.500000;1503129511;1503129511
0;32;8048;0x89d45dffc07fe0150983365a92678d55c7f50fc4a745279948c34f46f7676180;0x460398940a4d1b6e23ee7ee6cb06c029a9e758d3e445b1d5b49a28fc154ad74b;0xb3b1003c;0xa8703445L;0.500000;1503129511;1503129512
0;32;8048;0x8f5f90cca1983668ed701d1a1074e50f19a91ebfbd977a2cc3e5e0339b5f3c2a;0x361f00f3ae05b13dcaf0b5246e843644a289a7430d21ddd598b9b0339cdeea72;0x99c885f3;0xb0413038L;0.500000;1503129512;1503129512
0;32;8048;0x8f5f90cca1983668ed701d1a1074e50f19a91ebfbd977a2cc3e5e0339b5f3c2a;0x361f00f3ae05b13dcaf0b5246e843644a289a7430d21ddd598b9b0339cdeea72;0x99c885f3;0xb0413038L;0.500000;1503129512;1503129512
0;32;8048;0x8f5f90cca1983668ed701d1a1074e50f19a91ebfbd977a2cc3e5e0339b5f3c2a;0x361f00f3ae05b13dcaf0b5246e843644a289a7430d21ddd598b9b0339cdeea72;0x99c885f3;0xb0413038L;0.500000;1503129512;1503129513
0;32;8048;0x4229e74e93c0bf2ae8b4f679e2f702951b1f7f658eae0cc881661957741164b7;0xca9273b5c8dbfb2b3c9c98d5403bbec52f4526696203873d7a8e3f6d379f1d2b;0xb7c0349a;0xa418b109L;0.500000;1503129513;1503129513
0;32;8048;0x4229e74e93c0bf2ae8b4f679e2f702951b1f7f658eae0cc881661957741164b7;0xca9273b5c8dbfb2b3c9c98d5403bbec52f4526696203873d7a8e3f6d379f1d2b;0xb7c0349a;0xa418b109L;0.500000;1503129513;1503129513
0;32;8048;0x4229e74e93c0bf2ae8b4f679e2f702951b1f7f658eae0cc881661957741164b7;0xca9273b5c8dbfb2b3c9c98d5403bbec52f4526696203873d7a8e3f6d379f1d2b;0xb7c0349a;0xa418b109L;0.500000;1503129513;1503129513
0;32;8048;0x4229e74e93c0bf2ae8b4f679e2f702951b1f7f658eae0cc881661957741164b7;0xca9273b5c8dbfb2b3c9c98d5403bbec52f4526696203873d7a8e3f6d379f1d2b;0xb7c0349a;0xa418b109L;0.500000;1503129513;1503129514
0;32;8048;0x0f2ac6edb3a1e8f1be22dea47cd2a2d7a9068ab4229dbe8830f31258310f6240;0x43c0d50f0a714200c66dd443e51415a224e6b507a30948342ee38f54de9a8003;0x1a533f7f;0x4d80109L;0.500000;1503129514;1503129514
0;32;8048;0x0f2ac6edb3a1e8f1be22dea47cd2a2d7a9068ab4229dbe8830f31258310f6240;0x43c0d50f0a714200c66dd443e51415a224e6b507a30948342ee38f54de9a8003;0x1a533f7f;0x4d80109L;0.500000;1503129514;1503129514
0;32;8048;0x0f2ac6edb3a1e8f1be22dea47cd2a2d7a9068ab4229dbe8830f31258310f6240;0x43c0d50f0a714200c66dd443e51415a224e6b507a30948342ee38f54de9a8003;0x1a533f7f;0x4d80109L;0.500000;1503129514;1503129515
0;32;8048;0x602c88d2416237b066a9a6c6ddfd4bd39591e6ab42d7ac12fe68dba22d03818d;0x9d5053c0bf7bc298a26fc842c592dd36d4899ff15b2e108c58e012fcd86a2915;0xf103b8df;0x10028025L;0.500000;1503129515;1503129515
0;32;8048;0x602c88d2416237b066a9a6c6ddfd4bd39591e6ab42d7ac12fe68dba22d03818d;0x9d5053c0bf7bc298a26fc842c592dd36d4899ff15b2e108c58e012fcd86a2915;0xf103b8df;0x10028025L;0.500000;1503129515;1503129515
0;32;8048;0x602c88d2416237b066a9a6c6ddfd4bd39591e6ab42d7ac12fe68dba22d03818d;0x9d5053c0bf7bc298a26fc842c592dd36d4899ff15b2e108c58e012fcd86a2915;0xf103b8df;0x10028025L;0.500000;1503129515;1503129515
0;32;8048;0x602c88d2416237b066a9a6c6ddfd4bd39591e6ab42d7ac12fe68dba22d03818d;0x9d5053c0bf7bc298a26fc842c592dd36d4899ff15b2e108c58e012fcd86a2915;0xf103b8df;0x10028025L;0.500000;1503129515;1503129516
0;32;8048;0x7ca43a2128dfbca9a6a8147e25cf7cb1584c632c963ee4537ba9966f4410dec1;0x7fefcfec98a1c8eb5beaecfc14ae2fef7910ea6404207da2dc0b2e534fba4537;0x6b6e348a;0xa255841L;0.500000;1503129516;1503129516
