0;32;8048;0x29cbe538c26ea11afbbae2e4919befbc3aab96e523f585ba099e89e2a5f377cf;0x7056864aa46d0cbef9318f2809b0d874163341fc76c0a29a6006e59e835c138a;0x1265dd20;0xd518280L;0.500000;1503195785;1503195786
0;32;8048;0xf741336786c17a515105d5134aa6e35286f1dd52e0a9b60bda32284b80e9e777;0x2c1c6d339d25f30c3e9358b9a049c9539fe278462d319dd2da42817442b73262;0xb5f2524d;0x90f05010L;0.500000;1503195786;1503195786
0;32;8048;0xf741336786c17a515105d5134aa6e35286f1dd52e0a9b60bda32284b80e9e777;0x2c1c6d339d25f30c3e9358b9a049c9539fe278462d319dd2da42817442b73262;0xb5f2524d;0x90f05010L;0.500000;1503195786;1503195786
0;32;8048;0xf741336786c17a515105d5134aa6e35286f1dd52e0a9b60bda32284b80e9e777;0x2c1c6d339d25f30c3e9358b9a049c9539fe278462d319dd2da42817442b73262;0xb5f2524d;0x90f05010L;0.500000;1503195786;1503195787
0;32;8048;0x29feb0a837d067ab5251bbab0fba2f5985a57c9120482c62e80e811df305b71c;0x82b0144bb63bfd8fd45a7c96cd28c206253e8f916af74173219ddd662fa1e5c8;0xbcdafc54;0xb051a648L;0.500000;1503195787;1503195787
0;32;8048;0x29feb0a837d067ab5251bbab0fba2f5985a57c9120482c62e80e811df305b71c;0x82b0144bb63bfd8fd45a7c96cd28c206253e8f916af74173219ddd662fa1e5c8;0xbcdafc54;0xb051a648L;0.500000;1503195787;1503195787
0;32;8048;0x29feb0a837d067ab5251bbab0fba2f5985a57c9120482c62e80e811df305b71c;0x82b0144bb63bfd8fd45a7c96cd28c206253e8f916af74173219ddd662fa1e5c8;0xbcdafc54;0xb051a648L;0.500000;1503195787;1503195787
0;32;8048;0x29feb0a837d067ab5251bbab0fba2f5985a57c9120482c62e80e811df305b71c;0x82b0144bb63bfd8fd45a7c96cd28c206253e8f916af74173219ddd662fa1e5c8;0xbcdafc54;0xb051a648L;0.500000;1503195787;1503195788
0;32;8048;0xb17990ead3e1485f264ed233d0e62d5d483e34c487bdbde27524fe2580f4c432;0xc7059fc6a87ca701f4180d169102187a65180339ccbfbb44fa1adcab943a51f5;0xc398c0cd;0x4e25ddb1L;0.500000;1503195788;1503195788
0;32;8048;0xb17990ead3e1485f264ed233d0e62d5d483e34c487bdbde27524fe2580f4c432;0xc7059fc6a87ca701f4180d169102187a65180339ccbfbb44fa1adcab943a51f5;0xc398c0cd;0x4e25ddb1L;0.500000;1503195788;1503195788
0;32;8048;0xb17990ead3e1485f264ed233d0e62d5d483e34c487bdbde27524fe2580f4c432;0xc7059fc6a87ca701f4180d169102187a65180339ccbfbb44fa1adcab943a51f5;0xc398c0cd;0x4e25ddb1L;0.500000;1503195788;1503195789
0;32;8048;0xa017e4c0d693e5f9891484aa22d222ff012b2aaee0c5f3f438534508496667e9;0x9f97a04be9e8a43b3890714ab14e760964031ca752cd81bb843a625fdfaeff1f;0xeb657155;0x1fec1c04L;0.500000;1503195789;1503195789
0;32;8048;0xa017e4c0d693e5f9891484aa22d222ff012b2aaee0c5f3f438534508496667e9;0x9f97a04be9e8a43b3890714ab14e760964031ca752cd81bb843a625fdfaeff1f;0xeb657155;0x1fec1c04L;0.500000;1503195789;1503195789
0;32;8048;0xa017e4c0d693e5f9891484aa22d222ff012b2aaee0c5f3f438534508496667e9;0x9f97a04be9e8a43b3890714ab14e760964031ca752cd81bb843a625fdfaeff1f;0xeb657155;0x1fec1c04L;0.500000;1503195789;1503195789
0;32;8048;0xa017e4c0d693e5f9891484aa22d222ff012b2aaee0c5f3f438534508496667e9;0x9f97a04be9e8a43b3890714ab14e760964031ca752cd81bb843a625fdfaeff1f;0xeb657155;0x1fec1c04L;0.500000;1503195789;1503195790
0;32;8048;0x420cd2b3e48ec577f6f9f042fcbc0d5b37343e2746c1bffaa62876d7b3a382f6;0x53e4a42bd89b3fde018081b8ae1fa66016e2591ab74779ecf026d08225ddc5d1;0x98e4a715;0x3457313eL;0.500000;1503195790;1503195790
0;32;8048;0x420cd2b3e48ec577f6f9f042fcbc0d5b37343e2746c1bffaa62876d7b3a382f6;0x53e4a42bd89b3fde018081b8ae1fa66016e2591ab74779ecf026d08225ddc5d1;0x98e4a715;0x3457313eL;0.500000;1503195790;1503195790
0;32;8048;0x420cd2b3e48ec577f6f9f042fcbc0d5b37343e2746c1bffaa62876d7b3a382f6;0x53e4a42bd89b3fde018081b8ae1fa66016e2591ab74779ecf026d08225ddc5d1;0x98e4a715;0x3457313eL;0.500000;1503195790;1503195791
0;32;8048;0x3481a4c6e533af69aa78f15ddb939642e9da97547368c542f5717a60e31fac17;0x044f6d4116f9a5d70c871c588f4ad252cce7858376197f320e60be5673cbc113;0xc8dff301;0x224317dL;0.500000;1503195791;1503195791
0;32;8048;0x3481a4c6e533af69aa78f15ddb939642e9da97547368c542f5717a60e31fac17;0x044f6d4116f9a5d70c871c588f4ad252cce7858376197f320e60be5673cbc113;0xc8dff301;0x224317dL;0.500000;1503195791;1503195791
