0;32;8048;0xf4a102f1cd99b3ee2efd3a16015aac8e4793ba84608529253499ae07e3032fd7;0x6b570514eb8a48f4eb68158fb5a380a43b4cbca600ed40bf807d5c608a2fb3da;0xf7ab2cd0;0xe88c9590L;0.500000;1503211266;1503211266
0;32;8048;0xf4a102f1cd99b3ee2efd3a16015aac8e4793ba84608529253499ae07e3032fd7;0x6b570514eb8a48f4eb68158fb5a380a43b4cbca600ed40bf807d5c608a2fb3da;0xf7ab2cd0;0xe88c9590L;0.500000;1503211266;1503211266
0;32;8048;0xf4a102f1cd99b3ee2efd3a16015aac8e4793ba84608529253499ae07e3032fd7;0x6b570514eb8a48f4eb68158fb5a380a43b4cbca600ed40bf807d5c608a2fb3da;0xf7ab2cd0;0xe88c9590L;0.500000;1503211266;1503211267
0;32;8048;0x1d6f75fb0adcc4b21419211d17ba4148bdd88888e1cab81c3c02c5288b704aa8;0xea8b9df80b0d76b709d315865da21c6211cb978765c3cfddd1cbff4280f5cf49;0x8eb2c34a;0x146996b2L;0.500000;1503211267;1503211267
0;32;8048;0x1d6f75fb0adcc4b21419211d17ba4148bdd88888e1cab81c3c02c5288b704aa8;0xea8b9df80b0d76b709d315865da21c6211cb978765c3cfddd1cbff4280f5cf49;0x8eb2c34a;0x146996b2L;0.500000;1503211267;1503211267
0;32;8048;0x1d6f75fb0adcc4b21419211d17ba4148bdd88888e1cab81c3c02c5288b704aa8;0xea8b9df80b0d76b709d315865da21c6211cb978765c3cfddd1cbff4280f5cf49;0x8eb2c34a;0x146996b2L;0.500000;1503211267;1503211267
0;32;8048;0x1d6f75fb0adcc4b21419211d17ba4148bdd88888e1cab81c3c02c5288b704aa8;0xea8b9df80b0d76b709d315865da21c6211cb978765c3cfddd1cbff4280f5cf49;0x8eb2c34a;0x146996b2L;0.500000;1503211267;1503211268
0;32;8048;0x5384ce2d0d08ae278a2ebc5e0e971cae8a3de3e726fb5b4f96dbb9853e7bbd91;0x7218a22849c178c0c62aa53e1dbc4a0e7bcde9303efa150330d54032ddd989ce;0x5c50908c;0x440a2dedL;0.500000;1503211268;1503211268
0;32;8048;0x5384ce2d0d08ae278a2ebc5e0e971cae8a3de3e726fb5b4f96dbb9853e7bbd91;0x7218a22849c178c0c62aa53e1dbc4a0e7bcde9303efa150330d54032ddd989ce;0x5c50908c;0x440a2dedL;0.500000;1503211268;1503211268
0;32;8048;0x5384ce2d0d08ae278a2ebc5e0e971cae8a3de3e726fb5b4f96dbb9853e7bbd91;0x7218a22849c178c0c62aa53e1dbc4a0e7bcde9303efa150330d54032ddd989ce;0x5c50908c;0x440a2dedL;0.500000;1503211268;1503211269
0;32;8048;0x49807c22f257ddc16a028b37e234e4890f0160dd37e873fbe63f5d0a578e25a0;0x50b26ced4f4e79ac4dd8757e3d7de0eba0b15f54cb92442fcc5791e2a8eaa83e;0x99051582;0x481ce345L;0.500000;1503211269;1503211269
0;32;8048;0x49807c22f257ddc16a028b37e234e4890f0160dd37e873fbe63f5d0a578e25a0;0x50b26ced4f4e79ac4dd8757e3d7de0eba0b15f54cb92442fcc5791e2a8eaa83e;0x99051582;0x481ce345L;0.500000;1503211269;1503211269
0;32;8048;0x49807c22f257ddc16a028b37e234e4890f0160dd37e873fbe63f5d0a578e25a0;0x50b26ced4f4e79ac4dd8757e3d7de0eba0b15f54cb92442fcc5791e2a8eaa83e;0x99051582;0x481ce345L;0.500000;1503211269;1503211269
0;32;8048;0x49807c22f257ddc16a028b37e234e4890f0160dd37e873fbe63f5d0a578e25a0;0x50b26ced4f4e79ac4dd8757e3d7de0eba0b15f54cb92442fcc5791e2a8eaa83e;0x99051582;0x481ce345L;0.500000;1503211269;1503211270
0;32;8048;0x474ebc49f2cfc5714802800b1f4908bb128a610f49eda16c4657f49946022a8d;0xf0ba45968f2b3d97aef810be5cdd880a6d10a8c33c71704ab74814f02a476d78;0xc8b75282;0xa298fc0L;0.500000;1503211270;1503211270
0;32;8048;0x474ebc49f2cfc5714802800b1f4908bb128a610f49eda16c4657f49946022a8d;0xf0ba45968f2b3d97aef810be5cdd880a6d10a8c33c71704ab74814f02a476d78;0xc8b75282;0xa298fc0L;0.500000;1503211270;1503211270
0;32;8048;0x474ebc49f2cfc5714802800b1f4908bb128a610f49eda16c4657f49946022a8d;0xf0ba45968f2b3d97aef810be5cdd880a6d10a8c33c71704ab74814f02a476d78;0xc8b75282;0xa298fc0L;0.500000;1503211270;1503211270
0;32;8048;0x474ebc49f2cfc5714802800b1f4908bb128a610f49eda16c4657f49946022a8d;0xf0ba45968f2b3d97aef810be5cdd880a6d10a8c33c71704ab74814f02a476d78;0xc8b75282;0xa298fc0L;0.500000;1503211270;1503211271
0;32;8048;0x4d3cb68850e1399c82b5e2c087f589a3f1572455020707d7e8dd5b585f72aaac;0xabded0f76f2c85659fe868ed5851e9c3f7d5df48ff12d18bf510c3ba3c755b24;0x963e6633;0x9434f46L;0.500000;1503211271;1503211271
0;32;8048;0x4d3cb68850e1399c82b5e2c087f589a3f1572455020707d7e8dd5b585f72aaac;0xabded0f76f2c85659fe868ed5851e9c3f7d5df48ff12d18bf510c3ba3c755b24;0x963e6633;0x9434f46L;0.500000;1503211271;1503211271
