0;32;8048;0x3a13257e204fd4ed0f8b30eac34a5c8731249896876d50b4033107395386a88d;0xab728412b484104a2d51d285cfe26e06bd3b1a21e6eb0742bfd688ccf7d9ca2e;0x40a1d867;0x2e573045L;0.500000;1503132000;1503132000
0;32;8048;0x25043a69e2c6abc27127ac73347d87f69855ccb35400db631fb65763d53940fa;0x1b22fe318671a5750014e5a84f56d575dfe3cdf0146f88f42657b59efffe6b74;0x0382df2b;0xbc0a1210L;0.500000;1503132000;1503132000
0;32;8048;0x25043a69e2c6abc27127ac73347d87f69855ccb35400db631fb65763d53940fa;0x1b22fe318671a5750014e5a84f56d575dfe3cdf0146f88f42657b59efffe6b74;0x0382df2b;0xbc0a1210L;0.500000;1503132000;1503132000
0;32;8048;0x25043a69e2c6abc27127ac73347d87f69855ccb35400db631fb65763d53940fa;0x1b22fe318671a5750014e5a84f56d575dfe3cdf0146f88f42657b59efffe6b74;0x0382df2b;0xbc0a1210L;0.500000;1503132000;1503132001
0;32;8048;0x0829dd9436df721491721f333f3eecea3b9039b2d94725c8211d92efcf3bbcd7;0x134e9461073884a76758f705fb28045bb6cf662e5c58f226dba33691890f17cc;0x41c0ad4a;0x3292a9ceL;0.500000;1503132001;1503132001
0;32;8048;0x0829dd9436df721491721f333f3eecea3b9039b2d94725c8211d92efcf3bbcd7;0x134e9461073884a76758f705fb28045bb6cf662e5c58f226dba33691890f17cc;0x41c0ad4a;0x3292a9ceL;0.500000;1503132001;1503132001
0;32;8048;0x0829dd9436df721491721f333f3eecea3b9039b2d94725c8211d92efcf3bbcd7;0x134e9461073884a76758f705fb28045bb6cf662e5c58f226dba33691890f17cc;0x41c0ad4a;0x3292a9ceL;0.500000;1503132001;1503132002
0;32;8048;0x626a73dae980409874c775643e363a46af39299bbaff6a11a1d9a8dd7a0c58dc;0x3cb49816788909779046e3f4b7753b9677687907feac21df80449345b96f3fe2;0x7b35e211;0x8615313L;0.500000;1503132002;1503132002
0;32;8048;0x626a73dae980409874c775643e363a46af39299bbaff6a11a1d9a8dd7a0c58dc;0x3cb49816788909779046e3f4b7753b9677687907feac21df80449345b96f3fe2;0x7b35e211;0x8615313L;0.500000;1503132002;1503132002
0;32;8048;0x626a73dae980409874c775643e363a46af39299bbaff6a11a1d9a8dd7a0c58dc;0x3cb49816788909779046e3f4b7753b9677687907feac21df80449345b96f3fe2;0x7b35e211;0x8615313L;0.500000;1503132002;1503132003
0;32;8048;0x2d9af5f5797a5d82ae444b507718206e250e6e459a16d2f2c9667e290bfd0a38;0x034488f05ed412bde92060aeadcafae296a627593c066d895bb2ea643ca8fc80;0xbac5f9d7;0xa3c3f5baL;0.500000;1503132003;1503132003
0;32;8048;0x2d9af5f5797a5d82ae444b507718206e250e6e459a16d2f2c9667e290bfd0a38;0x034488f05ed412bde92060aeadcafae296a627593c066d895bb2ea643ca8fc80;0xbac5f9d7;0xa3c3f5baL;0.500000;1503132003;1503132003
0;32;8048;0x2d9af5f5797a5d82ae444b507718206e250e6e459a16d2f2c9667e290bfd0a38;0x034488f05ed412bde92060aeadcafae296a627593c066d895bb2ea643ca8fc80;0xbac5f9d7;0xa3c3f5baL;0.500000;1503132003;1503132003
0;32;8048;0x2d9af5f5797a5d82ae444b507718206e250e6e459a16d2f2c9667e290bfd0a38;0x034488f05ed412bde92060aeadcafae296a627593c066d895bb2ea643ca8fc80;0xbac5f9d7;0xa3c3f5baL;0.500000;1503132003;1503132004
0;32;8048;0x34a109908de20b1cbad2c7ef42274692ebce47e5cce34f6011e02623f2a33727;0x47de83a5b144d1c1c8c3c708ca623e283e19dab731b35026467c98560ea27b07;0x4894fad3;0x8d402520L;0.500000;1503132004;1503132004
0;32;8048;0x34a109908de20b1cbad2c7ef42274692ebce47e5cce34f6011e02623f2a33727;0x47de83a5b144d1c1c8c3c708ca623e283e19dab731b35026467c98560ea27b07;0x4894fad3;0x8d402520L;0.500000;1503132004;1503132004
0;32;8048;0x34a109908de20b1cbad2c7ef42274692ebce47e5cce34f6011e02623f2a33727;0x47de83a5b144d1c1c8c3c708ca623e283e19dab731b35026467c98560ea27b07;0x4894fad3;0x8d402520L;0.500000;1503132004;1503132005
0;32;8048;0x8153ab0cace4b5c32f0cf023095ae001917547667d4faea94e7b95e4ffafbd81;0xbf5054e44a6357400c44fa32a19896f8e7d55018f77b4c43e22e66261c9716ac;0xd0c85003;0x8abde20L;0.500000;1503132005;1503132005
0;32;8048;0x8153ab0cace4b5c32f0cf023095ae001917547667d4faea94e7b95e4ffafbd81;0xbf5054e44a6357400c44fa32a19896f8e7d55018f77b4c43e22e66261c9716ac;0xd0c85003;0x8abde20L;0.500000;1503132005;1503132005
0;32;8048;0x8153ab0cace4b5c32f0cf023095ae001917547667d4faea94e7b95e4ffafbd81;0xbf5054e44a6357400c44fa32a19896f8e7d55018f77b4c43e22e66261c9716ac;0xd0c85003;0x8abde20L;0.500000;1503132005;1503132005
