0;32;8048;0x2efad7382dd0a5fe3f374a8c59cac3b7bb96e2a6c52a456c3c5a055ea2fd76d0;0x1ecf8bf124ac21e7e1bbb32be2f6ae3dfe5c7ea5fb4ac0529546375a732ba7ea;0x1e7a0166;0x2640ee44L;0.500000;1503239753;1503239754
0;32;8048;0x39525ebc4d09bb2df20bb4fd47406695e0062eab170d7b973a29ff55a7aa84e1;0xeda85d4abdc723a554df8de7ba2b8c196c0bdf02119455ccf6a4304ee9a2ca6c;0xaae39e81;0xc224ed90L;0.500000;1503239754;1503239754
0;32;8048;0x39525ebc4d09bb2df20bb4fd47406695e0062eab170d7b973a29ff55a7aa84e1;0xeda85d4abdc723a554df8de7ba2b8c196c0bdf02119455ccf6a4304ee9a2ca6c;0xaae39e81;0xc224ed90L;0.500000;1503239754;1503239754
0;32;8048;0x39525ebc4d09bb2df20bb4fd47406695e0062eab170d7b973a29ff55a7aa84e1;0xeda85d4abdc723a554df8de7ba2b8c196c0bdf02119455ccf6a4304ee9a2ca6c;0xaae39e81;0xc224ed90L;0.500000;1503239754;1503239754
0;32;8048;0x39525ebc4d09bb2df20bb4fd47406695e0062eab170d7b973a29ff55a7aa84e1;0xeda85d4abdc723a554df8de7ba2b8c196c0bdf02119455ccf6a4304ee9a2ca6c;0xaae39e81;0xc224ed90L;0.500000;1503239754;1503239755
0;32;8048;0xb3b363ea52152b9a4370702556a08e73e032fe44d6783025429f8734653bb618;0x64334ea23a2887b48806d5a2bd4d04968dc03b0ac72a84e3ccb684db25d96fa4;0xd91561bc;0x8c15e27aL;0.500000;1503239755;1503239755
0;32;8048;0xb3b363ea52152b9a4370702556a08e73e032fe44d6783025429f8734653bb618;0x64334ea23a2887b48806d5a2bd4d04968dc03b0ac72a84e3ccb684db25d96fa4;0xd91561bc;0x8c15e27aL;0.500000;1503239755;1503239755
0;32;8048;0xb3b363ea52152b9a4370702556a08e73e032fe44d6783025429f8734653bb618;0x64334ea23a2887b48806d5a2bd4d04968dc03b0ac72a84e3ccb684db25d96fa4;0xd91561bc;0x8c15e27aL;0.500000;1503239755;1503239756
0;32;8048;0xe843300fd4c4fc610f8eae12acf08d8302dfe28cf188fb2c27a14323095ad6f1;0x3b076007527e68201e0d28453d77a0d75536fb3f810d80b47c00d3bf5e0f7869;0xcb620b4e;0x1342800dL;0.500000;1503239756;1503239756
0;32;8048;0xe843300fd4c4fc610f8eae12acf08d8302dfe28cf188fb2c27a14323095ad6f1;0x3b076007527e68201e0d28453d77a0d75536fb3f810d80b47c00d3bf5e0f7869;0xcb620b4e;0x1342800dL;0.500000;1503239756;1503239756
0;32;8048;0xe843300fd4c4fc610f8eae12acf08d8302dfe28cf188fb2c27a14323095ad6f1;0x3b076007527e68201e0d28453d77a0d75536fb3f810d80b47c00d3bf5e0f7869;0xcb620b4e;0x1342800dL;0.500000;1503239756;1503239757
0;32;8048;0x659af9a2beb4dc4cc861036de99413fa9e383b85687a0247a87266e84d8beeb2;0x3be72cb6c8668325e11a8e4d04adac3a217c6a35ac8d35c3ce66a510e9b56530;0x4662fe7e;0xd52385b8L;0.500000;1503239757;1503239757
0;32;8048;0x659af9a2beb4dc4cc861036de99413fa9e383b85687a0247a87266e84d8beeb2;0x3be72cb6c8668325e11a8e4d04adac3a217c6a35ac8d35c3ce66a510e9b56530;0x4662fe7e;0xd52385b8L;0.500000;1503239757;1503239757
0;32;8048;0x659af9a2beb4dc4cc861036de99413fa9e383b85687a0247a87266e84d8beeb2;0x3be72cb6c8668325e11a8e4d04adac3a217c6a35ac8d35c3ce66a510e9b56530;0x4662fe7e;0xd52385b8L;0.500000;1503239757;1503239757
0;32;8048;0x659af9a2beb4dc4cc861036de99413fa9e383b85687a0247a87266e84d8beeb2;0x3be72cb6c8668325e11a8e4d04adac3a217c6a35ac8d35c3ce66a510e9b56530;0x4662fe7e;0xd52385b8L;0.500000;1503239758;1503239758
0;32;8048;0xd7edd3bcb29779a221c65a8095788a66213f1f7aca2ce8fbafce3671d5bd8aad;0x310fca2631410e265895c0b51d7b6fc03f7b3a98259e88b7876d9f8fbb6e2bb7;0x317e3878;0x28448038L;0.500000;1503239758;1503239758
0;32;8048;0xd7edd3bcb29779a221c65a8095788a66213f1f7aca2ce8fbafce3671d5bd8aad;0x310fca2631410e265895c0b51d7b6fc03f7b3a98259e88b7876d9f8fbb6e2bb7;0x317e3878;0x28448038L;0.500000;1503239758;1503239758
0;32;8048;0xd7edd3bcb29779a221c65a8095788a66213f1f7aca2ce8fbafce3671d5bd8aad;0x310fca2631410e265895c0b51d7b6fc03f7b3a98259e88b7876d9f8fbb6e2bb7;0x317e3878;0x28448038L;0.500000;1503239758;1503239759
0;32;8048;0x10c3c2c7c58e2fac107e644a99f74697bacde36afd418b2e42c0efcbf3b28603;0x56e2e267adab72b89b33213bb09ce3777562472fdda22bd4dc9d204dcc055832;0xd5675dfc;0x81634e0L;0.500000;1503239759;1503239759
0;32;8048;0x10c3c2c7c58e2fac107e644a99f74697bacde36afd418b2e42c0efcbf3b28603;0x56e2e267adab72b89b33213bb09ce3777562472fdda22bd4dc9d204dcc055832;0xd5675dfc;0x81634e0L;0.500000;1503239759;1503239759
