0;32;8048;0x7fd6f318031cfbbf5ed6b642d1a00ed2836a8bba13e2a152590e72944b9ba1ca;0x1555f850499e975568cbf8b1e9f1b6fe4c7e8f1442a4a6242469158cf4e7dc24;0x2497a213;0xb0220d29L;0.500000;1503114238;1503114238
0;32;8048;0x7fd6f318031cfbbf5ed6b642d1a00ed2836a8bba13e2a152590e72944b9ba1ca;0x1555f850499e975568cbf8b1e9f1b6fe4c7e8f1442a4a6242469158cf4e7dc24;0x2497a213;0xb0220d29L;0.500000;1503114238;1503114239
0;32;8048;0xcb5e5f51803d9fc4275fd43a231d26674c6597dc61c93a6d8fb1365da71fa372;0xb1d372dd60ad4aabc6eaa3b43d265bb236a5c0a5a26aea2f728c7e1ea27f5278;0x19ce9170;0xc401520L;0.500000;1503114239;1503114239
0;32;8048;0xcb5e5f51803d9fc4275fd43a231d26674c6597dc61c93a6d8fb1365da71fa372;0xb1d372dd60ad4aabc6eaa3b43d265bb236a5c0a5a26aea2f728c7e1ea27f5278;0x19ce9170;0xc401520L;0.500000;1503114239;1503114239
0;32;8048;0xcb5e5f51803d9fc4275fd43a231d26674c6597dc61c93a6d8fb1365da71fa372;0xb1d372dd60ad4aabc6eaa3b43d265bb236a5c0a5a26aea2f728c7e1ea27f5278;0x19ce9170;0xc401520L;0.500000;1503114239;1503114240
0;32;8048;0xf166d33b7e9a8f85e28cf78cb8026a0cd0986e70af5d95ad08cc203dd5235dc6;0x92582ef97b6cd49b1bd7399fe947be2ed1ce729bbab832a29775d329e279dbd7;0x96c20cfd;0xe448b18L;0.500000;1503114240;1503114240
0;32;8048;0xf166d33b7e9a8f85e28cf78cb8026a0cd0986e70af5d95ad08cc203dd5235dc6;0x92582ef97b6cd49b1bd7399fe947be2ed1ce729bbab832a29775d329e279dbd7;0x96c20cfd;0xe448b18L;0.500000;1503114240;1503114240
0;32;8048;0xf166d33b7e9a8f85e28cf78cb8026a0cd0986e70af5d95ad08cc203dd5235dc6;0x92582ef97b6cd49b1bd7399fe947be2ed1ce729bbab832a29775d329e279dbd7;0x96c20cfd;0xe448b18L;0.500000;1503114240;1503114241
0;32;8048;0x1f7274111c08f3f79214977a11c93db456ec765a147e35d4a91d2d603c42ee5b;0xa520083dc927bf4fcf6a56f9e64f5acadfa4870de9e678ffda475fd7ac1d08f0;0xbd1571ca;0xa0149380L;0.500000;1503114241;1503114241
0;32;8048;0x1f7274111c08f3f79214977a11c93db456ec765a147e35d4a91d2d603c42ee5b;0xa520083dc927bf4fcf6a56f9e64f5acadfa4870de9e678ffda475fd7ac1d08f0;0xbd1571ca;0xa0149380L;0.500000;1503114241;1503114241
0;32;8048;0x1f7274111c08f3f79214977a11c93db456ec765a147e35d4a91d2d603c42ee5b;0xa520083dc927bf4fcf6a56f9e64f5acadfa4870de9e678ffda475fd7ac1d08f0;0xbd1571ca;0xa0149380L;0.500000;1503114241;1503114242
0;32;8048;0x8a43ae1d3640ec5924250de8016b1ffb6932b21c503f2cef2d64b159c65f8050;0x8252b934e03ed19e6e667b161a22cc1e0ec7b77a536f1121c5a8bd172ea72285;0x9941e66e;0xb81ea7c0L;0.500000;1503114242;1503114242
0;32;8048;0x8a43ae1d3640ec5924250de8016b1ffb6932b21c503f2cef2d64b159c65f8050;0x8252b934e03ed19e6e667b161a22cc1e0ec7b77a536f1121c5a8bd172ea72285;0x9941e66e;0xb81ea7c0L;0.500000;1503114242;1503114242
0;32;8048;0x8a43ae1d3640ec5924250de8016b1ffb6932b21c503f2cef2d64b159c65f8050;0x8252b934e03ed19e6e667b161a22cc1e0ec7b77a536f1121c5a8bd172ea72285;0x9941e66e;0xb81ea7c0L;0.500000;1503114242;1503114242
0;32;8048;0x8a43ae1d3640ec5924250de8016b1ffb6932b21c503f2cef2d64b159c65f8050;0x8252b934e03ed19e6e667b161a22cc1e0ec7b77a536f1121c5a8bd172ea72285;0x9941e66e;0xb81ea7c0L;0.500000;1503114242;1503114243
0;32;8048;0x6c0846f3355d428bc81eb275f70b52317ff83af9c27fbb73abec0dcf28024d94;0x98711a6b10530f27409b5507f49c4d39d945d6738f022a691c00de2373cab248;0xe749f250;0xa291160aL;0.500000;1503114243;1503114243
0;32;8048;0x6c0846f3355d428bc81eb275f70b52317ff83af9c27fbb73abec0dcf28024d94;0x98711a6b10530f27409b5507f49c4d39d945d6738f022a691c00de2373cab248;0xe749f250;0xa291160aL;0.500000;1503114243;1503114243
0;32;8048;0x6c0846f3355d428bc81eb275f70b52317ff83af9c27fbb73abec0dcf28024d94;0x98711a6b10530f27409b5507f49c4d39d945d6738f022a691c00de2373cab248;0xe749f250;0xa291160aL;0.500000;1503114243;1503114244
0;32;8048;0x8452d5e9d7843afd4bd989619f9beac715e3e34e92dac40dfc590a611cd750a0;0x7d3f7126841aa967f8a1700abd475a374bce2a5144a3abe0333dd247df3039c9;0x7a81cd70;0x4c2c6613L;0.500000;1503114244;1503114244
0;32;8048;0x8452d5e9d7843afd4bd989619f9beac715e3e34e92dac40dfc590a611cd750a0;0x7d3f7126841aa967f8a1700abd475a374bce2a5144a3abe0333dd247df3039c9;0x7a81cd70;0x4c2c6613L;0.500000;1503114244;1503114244
