0;32;8048;0x0d87232f092ca20e96c35142d9cfd951f2190a8fb303e087b74b5cd03191193e;0xd114e42acffaeaf509cf4748751c3acff9859d106b3210df777a1b146758a033;0x3c94909a;0x1b514651L;0.500000;1503121875;1503121876
0;32;8048;0xe18c51edb5bb93654cffc015f36fcef9cb47b6a93bfaa50c76031b3341ec5d22;0x260aa14704c5c0ced730d9368a1c365d5b0fe834d0b6a620e422bd46e26b0c77;0x692f35e1;0x99832ae5L;0.500000;1503121876;1503121876
0;32;8048;0xe18c51edb5bb93654cffc015f36fcef9cb47b6a93bfaa50c76031b3341ec5d22;0x260aa14704c5c0ced730d9368a1c365d5b0fe834d0b6a620e422bd46e26b0c77;0x692f35e1;0x99832ae5L;0.500000;1503121876;1503121876
0;32;8048;0xe18c51edb5bb93654cffc015f36fcef9cb47b6a93bfaa50c76031b3341ec5d22;0x260aa14704c5c0ced730d9368a1c365d5b0fe834d0b6a620e422bd46e26b0c77;0x692f35e1;0x99832ae5L;0.500000;1503121876;1503121877
0;32;8048;0x9ce4bbfb817b8716f6ed04ac764b82573afd33fee15ff8208aa5bf9dc3b78c60;0x51977a2b4a5a600c5073f60475f3e7bac2ec152c55809336baf762b81b554374;0x370c6277;0x98634409L;0.500000;1503121877;1503121877
0;32;8048;0x9ce4bbfb817b8716f6ed04ac764b82573afd33fee15ff8208aa5bf9dc3b78c60;0x51977a2b4a5a600c5073f60475f3e7bac2ec152c55809336baf762b81b554374;0x370c6277;0x98634409L;0.500000;1503121877;1503121877
0;32;8048;0x9ce4bbfb817b8716f6ed04ac764b82573afd33fee15ff8208aa5bf9dc3b78c60;0x51977a2b4a5a600c5073f60475f3e7bac2ec152c55809336baf762b81b554374;0x370c6277;0x98634409L;0.500000;1503121877;1503121877
0;32;8048;0x9ce4bbfb817b8716f6ed04ac764b82573afd33fee15ff8208aa5bf9dc3b78c60;0x51977a2b4a5a600c5073f60475f3e7bac2ec152c55809336baf762b81b554374;0x370c6277;0x98634409L;0.500000;1503121877;1503121878
0;32;8048;0xf8246046d290e2c2d66b3809a57cf21e6afd9dfe737f6fc5882d3dbe97cff58f;0xe96f183ddbc17cb341e0ae6375bc412706c028f4d42342607d116d252bd5ea6d;0x9a01020b;0x2c3a3d20L;0.500000;1503121878;1503121878
0;32;8048;0xf8246046d290e2c2d66b3809a57cf21e6afd9dfe737f6fc5882d3dbe97cff58f;0xe96f183ddbc17cb341e0ae6375bc412706c028f4d42342607d116d252bd5ea6d;0x9a01020b;0x2c3a3d20L;0.500000;1503121878;1503121878
0;32;8048;0xf8246046d290e2c2d66b3809a57cf21e6afd9dfe737f6fc5882d3dbe97cff58f;0xe96f183ddbc17cb341e0ae6375bc412706c028f4d42342607d116d252bd5ea6d;0x9a01020b;0x2c3a3d20L;0.500000;1503121878;1503121879
0;32;8048;0x20e2e16bef5eb408c6fc501fa2e0baea9c83169078b51d64d2bef0a778729599;0x2e2acb04abaaf4b08c122a5869c58f7fad0790dc9c54a2ab45fa407aa383b8bf;0x9df479e8;0x348d4651L;0.500000;1503121879;1503121879
0;32;8048;0x20e2e16bef5eb408c6fc501fa2e0baea9c83169078b51d64d2bef0a778729599;0x2e2acb04abaaf4b08c122a5869c58f7fad0790dc9c54a2ab45fa407aa383b8bf;0x9df479e8;0x348d4651L;0.500000;1503121879;1503121879
0;32;8048;0x20e2e16bef5eb408c6fc501fa2e0baea9c83169078b51d64d2bef0a778729599;0x2e2acb04abaaf4b08c122a5869c58f7fad0790dc9c54a2ab45fa407aa383b8bf;0x9df479e8;0x348d4651L;0.500000;1503121879;1503121880
0;32;8048;0x135f72654a4e4e7e3a2a8b75d5c7e7de5786bf170002567aacfb7c1fe6440bfa;0x7f78dcd8f6f5598011aa12d73129d6ccf93d64c83a11a91faaa41423131a0e41;0xb47f2447;0x476139bdL;0.500000;1503121880;1503121880
0;32;8048;0x135f72654a4e4e7e3a2a8b75d5c7e7de5786bf170002567aacfb7c1fe6440bfa;0x7f78dcd8f6f5598011aa12d73129d6ccf93d64c83a11a91faaa41423131a0e41;0xb47f2447;0x476139bdL;0.500000;1503121880;1503121880
0;32;8048;0x135f72654a4e4e7e3a2a8b75d5c7e7de5786bf170002567aacfb7c1fe6440bfa;0x7f78dcd8f6f5598011aa12d73129d6ccf93d64c83a11a91faaa41423131a0e41;0xb47f2447;0x476139bdL;0.500000;1503121880;1503121881
0;32;8048;0xda142a47f7d5d60bb011edffa44185dc9d42c1a45c56e416a2ba164ca0b7437a;0x44fb7f1b86753e82b05a11bd4e4d1268e68a639d974ed2ab788a4968d5c9c434;0xf77574e6;0x4a5d0f32L;0.500000;1503121881;1503121881
0;32;8048;0xda142a47f7d5d60bb011edffa44185dc9d42c1a45c56e416a2ba164ca0b7437a;0x44fb7f1b86753e82b05a11bd4e4d1268e68a639d974ed2ab788a4968d5c9c434;0xf77574e6;0x4a5d0f32L;0.500000;1503121881;1503121881
0;32;8048;0xda142a47f7d5d60bb011edffa44185dc9d42c1a45c56e416a2ba164ca0b7437a;0x44fb7f1b86753e82b05a11bd4e4d1268e68a639d974ed2ab788a4968d5c9c434;0xf77574e6;0x4a5d0f32L;0.500000;1503121881;1503121881
