0;32;8048;0xf0516a31f1673e34c8ac4430f8d7e42c81828a62aa4f72fa7a621cc4821f8c72;0xb72da906f73ea30eaf9bb404a1c374d951ac4f16922d3447b6d69be0ecab6d3f;0x535f415a;0x21249220L;0.500000;1503170843;1503170843
0;32;8048;0xf0516a31f1673e34c8ac4430f8d7e42c81828a62aa4f72fa7a621cc4821f8c72;0xb72da906f73ea30eaf9bb404a1c374d951ac4f16922d3447b6d69be0ecab6d3f;0x535f415a;0x21249220L;0.500000;1503170843;1503170843
0;32;8048;0xf0516a31f1673e34c8ac4430f8d7e42c81828a62aa4f72fa7a621cc4821f8c72;0xb72da906f73ea30eaf9bb404a1c374d951ac4f16922d3447b6d69be0ecab6d3f;0x535f415a;0x21249220L;0.500000;1503170843;1503170844
0;32;8048;0x605ace6d6a56ed985502af966de187e4d760ce24e6ce53aac84062f2953069f5;0x02aec133b6d4ba1d3ff0332c43d9b9230087d92c2928e0635ee0f28ec8a85a8d;0x40020666;0xe241671L;0.500000;1503170844;1503170844
0;32;8048;0x605ace6d6a56ed985502af966de187e4d760ce24e6ce53aac84062f2953069f5;0x02aec133b6d4ba1d3ff0332c43d9b9230087d92c2928e0635ee0f28ec8a85a8d;0x40020666;0xe241671L;0.500000;1503170844;1503170844
0;32;8048;0x605ace6d6a56ed985502af966de187e4d760ce24e6ce53aac84062f2953069f5;0x02aec133b6d4ba1d3ff0332c43d9b9230087d92c2928e0635ee0f28ec8a85a8d;0x40020666;0xe241671L;0.500000;1503170844;1503170845
0;32;8048;0x31ca04d4ab1786b79b8e1763d9c94f79005b7c9842ae8ee277936d6ccfc4f801;0xd1b8eb1cafb379ab207908004524578732c1806f50b7c1822c503a1e5bcb929a;0x8cd4e5ec;0xb84030e0L;0.500000;1503170845;1503170845
0;32;8048;0x31ca04d4ab1786b79b8e1763d9c94f79005b7c9842ae8ee277936d6ccfc4f801;0xd1b8eb1cafb379ab207908004524578732c1806f50b7c1822c503a1e5bcb929a;0x8cd4e5ec;0xb84030e0L;0.500000;1503170845;1503170845
0;32;8048;0x31ca04d4ab1786b79b8e1763d9c94f79005b7c9842ae8ee277936d6ccfc4f801;0xd1b8eb1cafb379ab207908004524578732c1806f50b7c1822c503a1e5bcb929a;0x8cd4e5ec;0xb84030e0L;0.500000;1503170845;1503170845
0;32;8048;0x31ca04d4ab1786b79b8e1763d9c94f79005b7c9842ae8ee277936d6ccfc4f801;0xd1b8eb1cafb379ab207908004524578732c1806f50b7c1822c503a1e5bcb929a;0x8cd4e5ec;0xb84030e0L;0.500000;1503170845;1503170846
0;32;8048;0x2dfefddb9548b1476337f30b5ca3cc64bef3883cd57a9a4a30f48fa175bb4aa2;0x22866b742aaefa1287e08a64eb3560ca0c581e97d5a6cff971f38856bc70da0b;0x177e3973;0x8c88005L;0.500000;1503170846;1503170846
0;32;8048;0x2dfefddb9548b1476337f30b5ca3cc64bef3883cd57a9a4a30f48fa175bb4aa2;0x22866b742aaefa1287e08a64eb3560ca0c581e97d5a6cff971f38856bc70da0b;0x177e3973;0x8c88005L;0.500000;1503170846;1503170846
0;32;8048;0x2dfefddb9548b1476337f30b5ca3cc64bef3883cd57a9a4a30f48fa175bb4aa2;0x22866b742aaefa1287e08a64eb3560ca0c581e97d5a6cff971f38856bc70da0b;0x177e3973;0x8c88005L;0.500000;1503170846;1503170847
0;32;8048;0xe91cceac9981a8d689235b138c4b17515bd03a0c3329cacbe8fad1b8ba55b9a4;0xcce821c904a4b9eb5023d273c0ed653df77dbfcbbccab47972ca1dc7cac31888;0x2a94f920;0x44c70845L;0.500000;1503170847;1503170847
0;32;8048;0xe91cceac9981a8d689235b138c4b17515bd03a0c3329cacbe8fad1b8ba55b9a4;0xcce821c904a4b9eb5023d273c0ed653df77dbfcbbccab47972ca1dc7cac31888;0x2a94f920;0x44c70845L;0.500000;1503170847;1503170847
0;32;8048;0xe91cceac9981a8d689235b138c4b17515bd03a0c3329cacbe8fad1b8ba55b9a4;0xcce821c904a4b9eb5023d273c0ed653df77dbfcbbccab47972ca1dc7cac31888;0x2a94f920;0x44c70845L;0.500000;1503170847;1503170847
0;32;8048;0xe91cceac9981a8d689235b138c4b17515bd03a0c3329cacbe8fad1b8ba55b9a4;0xcce821c904a4b9eb5023d273c0ed653df77dbfcbbccab47972ca1dc7cac31888;0x2a94f920;0x44c70845L;0.500000;1503170847;1503170848
0;32;8048;0xd147b3c5e42dd19f295d93652704b9d493e6ea3f5b27cc6f7702008bc399c094;0x2a49800e4902099d1250c906d7a21c2f52f35865092dbac1c69fe76abfe02d43;0x66e5bdc9;0xc840047aL;0.500000;1503170848;1503170848
0;32;8048;0xd147b3c5e42dd19f295d93652704b9d493e6ea3f5b27cc6f7702008bc399c094;0x2a49800e4902099d1250c906d7a21c2f52f35865092dbac1c69fe76abfe02d43;0x66e5bdc9;0xc840047aL;0.500000;1503170848;1503170848
0;32;8048;0xd147b3c5e42dd19f295d93652704b9d493e6ea3f5b27cc6f7702008bc399c094;0x2a49800e4902099d1250c906d7a21c2f52f35865092dbac1c69fe76abfe02d43;0x66e5bdc9;0xc840047aL;0.500000;1503170848;1503170848
