0;32;8048;0x46d1720686d4fbcd0f24363825bc8d0b1e2c297c4ee67645848fb22fa7d70eed;0xac924f4d86611cf27818f8e14e8fec0854791e67d7445872f3114a2392c43d9e;0x39c31e88;0x8940a780L;0.500000;1503079034;1503079035
0;32;8048;0x7766547d57250c1f4b0104fe9a159d1e33b1da3ba1f53d8036f3b72c4ddfe7c4;0x7ad332c9b7d6723d41988b950a1c54a2742133657c9c460961089d7bbb17f799;0x5c92679d;0xa1411a69L;0.500000;1503079035;1503079035
0;32;8048;0x7766547d57250c1f4b0104fe9a159d1e33b1da3ba1f53d8036f3b72c4ddfe7c4;0x7ad332c9b7d6723d41988b950a1c54a2742133657c9c460961089d7bbb17f799;0x5c92679d;0xa1411a69L;0.500000;1503079035;1503079035
0;32;8048;0x7766547d57250c1f4b0104fe9a159d1e33b1da3ba1f53d8036f3b72c4ddfe7c4;0x7ad332c9b7d6723d41988b950a1c54a2742133657c9c460961089d7bbb17f799;0x5c92679d;0xa1411a69L;0.500000;1503079035;1503079036
0;32;8048;0x38b7b00acf87223f986cd5ae5e9357ea97960b7b8dd7d9db1e8409cd79a61cb1;0x41b0bf56908bd1772164651c99d8ee68fb986d33a7ceab786b81e2ed42857716;0xce40ddee;0x2051322L;0.500000;1503079036;1503079036
0;32;8048;0x38b7b00acf87223f986cd5ae5e9357ea97960b7b8dd7d9db1e8409cd79a61cb1;0x41b0bf56908bd1772164651c99d8ee68fb986d33a7ceab786b81e2ed42857716;0xce40ddee;0x2051322L;0.500000;1503079036;1503079036
0;32;8048;0x38b7b00acf87223f986cd5ae5e9357ea97960b7b8dd7d9db1e8409cd79a61cb1;0x41b0bf56908bd1772164651c99d8ee68fb986d33a7ceab786b81e2ed42857716;0xce40ddee;0x2051322L;0.500000;1503079036;1503079037
0;32;8048;0xf0ac82785b3fa8e5073ec6e87b3ecafe402f52de76cfba7f3784649dc9383eb9;0x953fd2c0ebfe1092d0140d2e7df388cd8c4e18331cc8752b08acb696a009339c;0xdec8c240;0x44040902L;0.500000;1503079037;1503079037
0;32;8048;0xf0ac82785b3fa8e5073ec6e87b3ecafe402f52de76cfba7f3784649dc9383eb9;0x953fd2c0ebfe1092d0140d2e7df388cd8c4e18331cc8752b08acb696a009339c;0xdec8c240;0x44040902L;0.500000;1503079037;1503079037
0;32;8048;0xf0ac82785b3fa8e5073ec6e87b3ecafe402f52de76cfba7f3784649dc9383eb9;0x953fd2c0ebfe1092d0140d2e7df388cd8c4e18331cc8752b08acb696a009339c;0xdec8c240;0x44040902L;0.500000;1503079037;1503079038
0;32;8048;0x073bb2341a6834cd04e9508d126171b8c75441c28e865b1b7d71d02b9bfad4a3;0xdfe068a5278e2890284202c953a633db4e33b6a3e1c7fc70efef9f0ac5df6d53;0x2ac3b31e;0x9c50541L;0.500000;1503079038;1503079038
0;32;8048;0x073bb2341a6834cd04e9508d126171b8c75441c28e865b1b7d71d02b9bfad4a3;0xdfe068a5278e2890284202c953a633db4e33b6a3e1c7fc70efef9f0ac5df6d53;0x2ac3b31e;0x9c50541L;0.500000;1503079038;1503079038
0;32;8048;0x073bb2341a6834cd04e9508d126171b8c75441c28e865b1b7d71d02b9bfad4a3;0xdfe068a5278e2890284202c953a633db4e33b6a3e1c7fc70efef9f0ac5df6d53;0x2ac3b31e;0x9c50541L;0.500000;1503079039;1503079039
0;32;8048;0x140ffd21445af6ccbb09dee633b4c4cd333fe74d3f26edd3b6d3c3b1db5dc8f0;0xffc2e78aa1a825b10897493d453b456b6e01121892c458c5f76d65e7f9515f68;0xf184cd44;0x4c3108a0L;0.500000;1503079039;1503079039
0;32;8048;0x140ffd21445af6ccbb09dee633b4c4cd333fe74d3f26edd3b6d3c3b1db5dc8f0;0xffc2e78aa1a825b10897493d453b456b6e01121892c458c5f76d65e7f9515f68;0xf184cd44;0x4c3108a0L;0.500000;1503079039;1503079040
0;32;8048;0x4ce85a1c8d14707ef110045df6faeae6722f7275b6e2b17d7404dfa988f5c7d4;0x8b92be9b2181a3329a5d3e0853a61102683eb8291b13f5c6e6f2f53b127046b4;0xa39f54e1;0xc831ea80L;0.500000;1503079040;1503079040
0;32;8048;0x4ce85a1c8d14707ef110045df6faeae6722f7275b6e2b17d7404dfa988f5c7d4;0x8b92be9b2181a3329a5d3e0853a61102683eb8291b13f5c6e6f2f53b127046b4;0xa39f54e1;0xc831ea80L;0.500000;1503079040;1503079040
0;32;8048;0x4ce85a1c8d14707ef110045df6faeae6722f7275b6e2b17d7404dfa988f5c7d4;0x8b92be9b2181a3329a5d3e0853a61102683eb8291b13f5c6e6f2f53b127046b4;0xa39f54e1;0xc831ea80L;0.500000;1503079040;1503079041
0;32;8048;0xaa9ee59db00c6939d2db210dedb0c34c36ded06ea5d48cba3bcf0bdf035823ad;0xf2c885647923974b92d2b7ba8a90db9e58c2a5a479110db00d5b7e39f9373db6;0xdd958df5;0x5010c680L;0.500000;1503079041;1503079041
0;32;8048;0xaa9ee59db00c6939d2db210dedb0c34c36ded06ea5d48cba3bcf0bdf035823ad;0xf2c885647923974b92d2b7ba8a90db9e58c2a5a479110db00d5b7e39f9373db6;0xdd958df5;0x5010c680L;0.500000;1503079041;1503079041
