0;32;8048;0xe13a3d1cd2e9ff30d1e483a43982c2509ed4228916bd4820b0b316f2999d8f7a;0x8602e33a11f84194b08bf280ec459dec5080e8ebfd6e04816a5622932f83cbcb;0xdcc0640a;0x823d3e46L;0.500000;1503205343;1503205344
0;32;8048;0xab6a6c32e13021459bcbf8e3c10173df8094531934734b6fab09e6df68d6fd13;0x575541ae711a304e1596edef3b869a865576440f6cbc76285255f0994a2f122f;0xda8ca6d1;0x21443543L;0.500000;1503205344;1503205344
0;32;8048;0xab6a6c32e13021459bcbf8e3c10173df8094531934734b6fab09e6df68d6fd13;0x575541ae711a304e1596edef3b869a865576440f6cbc76285255f0994a2f122f;0xda8ca6d1;0x21443543L;0.500000;1503205344;1503205344
0;32;8048;0xab6a6c32e13021459bcbf8e3c10173df8094531934734b6fab09e6df68d6fd13;0x575541ae711a304e1596edef3b869a865576440f6cbc76285255f0994a2f122f;0xda8ca6d1;0x21443543L;0.500000;1503205344;1503205344
0;32;8048;0xab6a6c32e13021459bcbf8e3c10173df8094531934734b6fab09e6df68d6fd13;0x575541ae711a304e1596edef3b869a865576440f6cbc76285255f0994a2f122f;0xda8ca6d1;0x21443543L;0.500000;1503205344;1503205345
0;32;8048;0x8e47b9de0123fbc0094437a2bae931fb9d7c4bf9ebc04190ac21e66b72ac2c00;0x1ce976fb0dfc74b02866cd1f9bc9348ef2e1f3a3c8603fb1d7b06654e7d2cfea;0x7b194180;0x8d5ec2b6L;0.500000;1503205345;1503205345
0;32;8048;0x8e47b9de0123fbc0094437a2bae931fb9d7c4bf9ebc04190ac21e66b72ac2c00;0x1ce976fb0dfc74b02866cd1f9bc9348ef2e1f3a3c8603fb1d7b06654e7d2cfea;0x7b194180;0x8d5ec2b6L;0.500000;1503205345;1503205345
0;32;8048;0x8e47b9de0123fbc0094437a2bae931fb9d7c4bf9ebc04190ac21e66b72ac2c00;0x1ce976fb0dfc74b02866cd1f9bc9348ef2e1f3a3c8603fb1d7b06654e7d2cfea;0x7b194180;0x8d5ec2b6L;0.500000;1503205345;1503205345
0;32;8048;0x8e47b9de0123fbc0094437a2bae931fb9d7c4bf9ebc04190ac21e66b72ac2c00;0x1ce976fb0dfc74b02866cd1f9bc9348ef2e1f3a3c8603fb1d7b06654e7d2cfea;0x7b194180;0x8d5ec2b6L;0.500000;1503205346;1503205346
0;32;8048;0x19b78e6e0ccddde2c65b8e77ca2199547489485c4b4c7c5ce1bcbf439061ffaa;0x0dc709b4a6f5d8eb0fca64cbed3014e871d24c17e665f885b468a665d232fbea;0x2f358ea8;0x9dc9c80L;0.500000;1503205346;1503205346
0;32;8048;0x19b78e6e0ccddde2c65b8e77ca2199547489485c4b4c7c5ce1bcbf439061ffaa;0x0dc709b4a6f5d8eb0fca64cbed3014e871d24c17e665f885b468a665d232fbea;0x2f358ea8;0x9dc9c80L;0.500000;1503205346;1503205346
0;32;8048;0x19b78e6e0ccddde2c65b8e77ca2199547489485c4b4c7c5ce1bcbf439061ffaa;0x0dc709b4a6f5d8eb0fca64cbed3014e871d24c17e665f885b468a665d232fbea;0x2f358ea8;0x9dc9c80L;0.500000;1503205346;1503205347
0;32;8048;0x984982c9a3b21240f5542a0fb58f1d328d3c399ba152e45e8f2c22737478820c;0xa5aa277bd957c05d105f6044809536d9d353f02c590590ea5c6bcdebcd33fc6c;0x8c16fdc6;0xb36c1204L;0.500000;1503205347;1503205347
0;32;8048;0x984982c9a3b21240f5542a0fb58f1d328d3c399ba152e45e8f2c22737478820c;0xa5aa277bd957c05d105f6044809536d9d353f02c590590ea5c6bcdebcd33fc6c;0x8c16fdc6;0xb36c1204L;0.500000;1503205347;1503205347
0;32;8048;0x984982c9a3b21240f5542a0fb58f1d328d3c399ba152e45e8f2c22737478820c;0xa5aa277bd957c05d105f6044809536d9d353f02c590590ea5c6bcdebcd33fc6c;0x8c16fdc6;0xb36c1204L;0.500000;1503205347;1503205347
0;32;8048;0x984982c9a3b21240f5542a0fb58f1d328d3c399ba152e45e8f2c22737478820c;0xa5aa277bd957c05d105f6044809536d9d353f02c590590ea5c6bcdebcd33fc6c;0x8c16fdc6;0xb36c1204L;0.500000;1503205347;1503205348
0;32;8048;0x1da582e427d1de78e66032163fb704f5cf245b9dd4f2466632869426dd2d9ffa;0xe4c3ed43042ec138aa66fde8f3f3508869106a4dc159ad5d72831b6857b4e9e3;0xe20e97f8;0x2154dca6L;0.500000;1503205348;1503205348
0;32;8048;0x1da582e427d1de78e66032163fb704f5cf245b9dd4f2466632869426dd2d9ffa;0xe4c3ed43042ec138aa66fde8f3f3508869106a4dc159ad5d72831b6857b4e9e3;0xe20e97f8;0x2154dca6L;0.500000;1503205348;1503205348
0;32;8048;0x1da582e427d1de78e66032163fb704f5cf245b9dd4f2466632869426dd2d9ffa;0xe4c3ed43042ec138aa66fde8f3f3508869106a4dc159ad5d72831b6857b4e9e3;0xe20e97f8;0x2154dca6L;0.500000;1503205348;1503205349
0;32;8048;0xec06089ffb20d3db972c88e2fe725182f552dc45be706b70c54dd60c058967f2;0x4d21afed453d07cee6ae99c62a369b8829aea74cb413014c0da80fa24d56ec47;0xc2534f2a;0x54b187a0L;0.500000;1503205349;1503205349
