0;32;8048;0xa42ae2a547ab8013b69ed32aad35849b6ef41a217752794e3a4e34653ca5cbe0;0xb9fb48fea55b1aad81d6025bea8a98b9d3ac8c6a649a64417eefd2735b126093;0xfabad945;0xf308404L;0.500000;1503101542;1503101542
0;32;8048;0xa42ae2a547ab8013b69ed32aad35849b6ef41a217752794e3a4e34653ca5cbe0;0xb9fb48fea55b1aad81d6025bea8a98b9d3ac8c6a649a64417eefd2735b126093;0xfabad945;0xf308404L;0.500000;1503101542;1503101542
0;32;8048;0xa42ae2a547ab8013b69ed32aad35849b6ef41a217752794e3a4e34653ca5cbe0;0xb9fb48fea55b1aad81d6025bea8a98b9d3ac8c6a649a64417eefd2735b126093;0xfabad945;0xf308404L;0.500000;1503101542;1503101543
0;32;8048;0x97dc8ebc7f6a639a3e72e4a68de7cf466077ec7424e971dbdf8ca7f7e9d9d080;0x9f392a290996443b764afc5cf4a6fa9be6fa828708ce35c6b21cbfdcbf67373b;0x44e61b5a;0x91c5753eL;0.500000;1503101543;1503101543
0;32;8048;0x97dc8ebc7f6a639a3e72e4a68de7cf466077ec7424e971dbdf8ca7f7e9d9d080;0x9f392a290996443b764afc5cf4a6fa9be6fa828708ce35c6b21cbfdcbf67373b;0x44e61b5a;0x91c5753eL;0.500000;1503101543;1503101543
0;32;8048;0x97dc8ebc7f6a639a3e72e4a68de7cf466077ec7424e971dbdf8ca7f7e9d9d080;0x9f392a290996443b764afc5cf4a6fa9be6fa828708ce35c6b21cbfdcbf67373b;0x44e61b5a;0x91c5753eL;0.500000;1503101543;1503101543
0;32;8048;0x97dc8ebc7f6a639a3e72e4a68de7cf466077ec7424e971dbdf8ca7f7e9d9d080;0x9f392a290996443b764afc5cf4a6fa9be6fa828708ce35c6b21cbfdcbf67373b;0x44e61b5a;0x91c5753eL;0.500000;1503101543;1503101544
0;32;8048;0xc4b0bd2afeb5b7a09b68d08bc0e281eef91595f61047a866929a65dcaf9d7d74;0x53bd3e252849beb95e7edad8f7c1817bce56e75a7741577fd0e48bc76ed5ac91;0xb353682e;0x350d440aL;0.500000;1503101544;1503101544
0;32;8048;0xc4b0bd2afeb5b7a09b68d08bc0e281eef91595f61047a866929a65dcaf9d7d74;0x53bd3e252849beb95e7edad8f7c1817bce56e75a7741577fd0e48bc76ed5ac91;0xb353682e;0x350d440aL;0.500000;1503101544;1503101544
0;32;8048;0xc4b0bd2afeb5b7a09b68d08bc0e281eef91595f61047a866929a65dcaf9d7d74;0x53bd3e252849beb95e7edad8f7c1817bce56e75a7741577fd0e48bc76ed5ac91;0xb353682e;0x350d440aL;0.500000;1503101544;1503101545
0;32;8048;0xc082152ff738e3e64ef2217071888694b639edf6794cacebeea12e43ae5acb6e;0xb1a69dbd14c1be757a5578a886a5182f4594b0557dfaf6c0e738f6e28f674e2d;0x4f913f9c;0x8ca15e98L;0.500000;1503101545;1503101545
0;32;8048;0xc082152ff738e3e64ef2217071888694b639edf6794cacebeea12e43ae5acb6e;0xb1a69dbd14c1be757a5578a886a5182f4594b0557dfaf6c0e738f6e28f674e2d;0x4f913f9c;0x8ca15e98L;0.500000;1503101545;1503101545
0;32;8048;0xc082152ff738e3e64ef2217071888694b639edf6794cacebeea12e43ae5acb6e;0xb1a69dbd14c1be757a5578a886a5182f4594b0557dfaf6c0e738f6e28f674e2d;0x4f913f9c;0x8ca15e98L;0.500000;1503101545;1503101545
0;32;8048;0xc082152ff738e3e64ef2217071888694b639edf6794cacebeea12e43ae5acb6e;0xb1a69dbd14c1be757a5578a886a5182f4594b0557dfaf6c0e738f6e28f674e2d;0x4f913f9c;0x8ca15e98L;0.500000;1503101545;1503101546
0;32;8048;0x952aeed9239bcd3a9cac91a19f42125a418d18ca96ef84351c37a42106c1f29b;0x33f9fc89d77e3837af1f6a53f83c1e4326e06cbd6f9611275045903dd33bb153;0x9f54743c;0x84c284f0L;0.500000;1503101546;1503101546
0;32;8048;0x952aeed9239bcd3a9cac91a19f42125a418d18ca96ef84351c37a42106c1f29b;0x33f9fc89d77e3837af1f6a53f83c1e4326e06cbd6f9611275045903dd33bb153;0x9f54743c;0x84c284f0L;0.500000;1503101546;1503101546
0;32;8048;0x952aeed9239bcd3a9cac91a19f42125a418d18ca96ef84351c37a42106c1f29b;0x33f9fc89d77e3837af1f6a53f83c1e4326e06cbd6f9611275045903dd33bb153;0x9f54743c;0x84c284f0L;0.500000;1503101546;1503101547
0;32;8048;0x3f47ff3286b4cdff9a469039f728c3ea8d769eacb99340956fc010998e4611ce;0x174e37e044ed25455bedb4d859c76787a81181703b11bce2545c59290f289753;0xb2869bb5;0x280951afL;0.500000;1503101547;1503101547
0;32;8048;0x3f47ff3286b4cdff9a469039f728c3ea8d769eacb99340956fc010998e4611ce;0x174e37e044ed25455bedb4d859c76787a81181703b11bce2545c59290f289753;0xb2869bb5;0x280951afL;0.500000;1503101547;1503101547
0;32;8048;0x3f47ff3286b4cdff9a469039f728c3ea8d769eacb99340956fc010998e4611ce;0x174e37e044ed25455bedb4d859c76787a81181703b11bce2545c59290f289753;0xb2869bb5;0x280951afL;0.500000;1503101547;1503101547
