0;32;8048;0xbc4d238ae41b76d128f4f3783e4f427488763f7a1f2acc95d18b61f53da04ef9;0x16cc9d509e7938e1db045364373518e338c084eeefc185d6efd495a8627c255c;0xda4157d9;0xbc901210L;0.500000;1503242099;1503242099
0;32;8048;0xbc4d238ae41b76d128f4f3783e4f427488763f7a1f2acc95d18b61f53da04ef9;0x16cc9d509e7938e1db045364373518e338c084eeefc185d6efd495a8627c255c;0xda4157d9;0xbc901210L;0.500000;1503242099;1503242099
0;32;8048;0xbc4d238ae41b76d128f4f3783e4f427488763f7a1f2acc95d18b61f53da04ef9;0x16cc9d509e7938e1db045364373518e338c084eeefc185d6efd495a8627c255c;0xda4157d9;0xbc901210L;0.500000;1503242099;1503242100
0;32;8048;0xfd9a36f3a8c111c225a115f6a20413b2608f3c21cb9786e09d78b9d4f81da0f5;0x77300e173b4a1842b19cf8b35853444994d79ad8969dc88f7c33953e15f4263b;0xa7c08c53;0x92418f44L;0.500000;1503242100;1503242100
0;32;8048;0xfd9a36f3a8c111c225a115f6a20413b2608f3c21cb9786e09d78b9d4f81da0f5;0x77300e173b4a1842b19cf8b35853444994d79ad8969dc88f7c33953e15f4263b;0xa7c08c53;0x92418f44L;0.500000;1503242100;1503242100
0;32;8048;0xfd9a36f3a8c111c225a115f6a20413b2608f3c21cb9786e09d78b9d4f81da0f5;0x77300e173b4a1842b19cf8b35853444994d79ad8969dc88f7c33953e15f4263b;0xa7c08c53;0x92418f44L;0.500000;1503242100;1503242101
0;32;8048;0x83fc2eed7013d6ff0904781853a30e4c4b71c93c490f8e951b11cfa6acebd22f;0x5778e8decad18c59545cac0f08413ec501f27326e78c9a8d7d4ac0ddab8ad08e;0x719bf785;0x56150e32L;0.500000;1503242101;1503242101
0;32;8048;0x83fc2eed7013d6ff0904781853a30e4c4b71c93c490f8e951b11cfa6acebd22f;0x5778e8decad18c59545cac0f08413ec501f27326e78c9a8d7d4ac0ddab8ad08e;0x719bf785;0x56150e32L;0.500000;1503242101;1503242101
0;32;8048;0x83fc2eed7013d6ff0904781853a30e4c4b71c93c490f8e951b11cfa6acebd22f;0x5778e8decad18c59545cac0f08413ec501f27326e78c9a8d7d4ac0ddab8ad08e;0x719bf785;0x56150e32L;0.500000;1503242101;1503242101
0;32;8048;0x83fc2eed7013d6ff0904781853a30e4c4b71c93c490f8e951b11cfa6acebd22f;0x5778e8decad18c59545cac0f08413ec501f27326e78c9a8d7d4ac0ddab8ad08e;0x719bf785;0x56150e32L;0.500000;1503242101;1503242102
0;32;8048;0x38e81131f727d5ab19f8489ee14b3d5727a8b19a11cf3a1a660dbecbbe449cf6;0xa0660795a38e528402673f5a6f175ad2dfc88edacd95963132b03bfe82fa0e23;0x0798ab34;0x8017008L;0.500000;1503242102;1503242102
0;32;8048;0x38e81131f727d5ab19f8489ee14b3d5727a8b19a11cf3a1a660dbecbbe449cf6;0xa0660795a38e528402673f5a6f175ad2dfc88edacd95963132b03bfe82fa0e23;0x0798ab34;0x8017008L;0.500000;1503242102;1503242102
0;32;8048;0x38e81131f727d5ab19f8489ee14b3d5727a8b19a11cf3a1a660dbecbbe449cf6;0xa0660795a38e528402673f5a6f175ad2dfc88edacd95963132b03bfe82fa0e23;0x0798ab34;0x8017008L;0.500000;1503242102;1503242102
0;32;8048;0x38e81131f727d5ab19f8489ee14b3d5727a8b19a11cf3a1a660dbecbbe449cf6;0xa0660795a38e528402673f5a6f175ad2dfc88edacd95963132b03bfe82fa0e23;0x0798ab34;0x8017008L;0.500000;1503242103;1503242103
0;32;8048;0x75b2f003ef358e1d52e393a03fb71c12a1c6693279812537269a971dfc048371;0xa395e9cbc99ce904d0a7b5be6ad5d55ff13e9bce68ac20715f5f5cd938798e89;0xc6c83d36;0x9b1b0425L;0.500000;1503242103;1503242103
0;32;8048;0x75b2f003ef358e1d52e393a03fb71c12a1c6693279812537269a971dfc048371;0xa395e9cbc99ce904d0a7b5be6ad5d55ff13e9bce68ac20715f5f5cd938798e89;0xc6c83d36;0x9b1b0425L;0.500000;1503242103;1503242103
0;32;8048;0x75b2f003ef358e1d52e393a03fb71c12a1c6693279812537269a971dfc048371;0xa395e9cbc99ce904d0a7b5be6ad5d55ff13e9bce68ac20715f5f5cd938798e89;0xc6c83d36;0x9b1b0425L;0.500000;1503242103;1503242104
0;32;8048;0x4421f3761973adaf25401d2924880ec369f3f52dc66b4c188695e137c3504207;0x503f65c1765e99ea8316ff3473367172235bd4d2a904892371e83ef4f7952aad;0x2ae371a3;0xa0045525L;0.500000;1503242104;1503242104
0;32;8048;0x4421f3761973adaf25401d2924880ec369f3f52dc66b4c188695e137c3504207;0x503f65c1765e99ea8316ff3473367172235bd4d2a904892371e83ef4f7952aad;0x2ae371a3;0xa0045525L;0.500000;1503242104;1503242104
0;32;8048;0x4421f3761973adaf25401d2924880ec369f3f52dc66b4c188695e137c3504207;0x503f65c1765e99ea8316ff3473367172235bd4d2a904892371e83ef4f7952aad;0x2ae371a3;0xa0045525L;0.500000;1503242104;1503242104
