0;32;8048;0xe3d5a47b41e0e8c3423e0224ea3cd0b95626a87b750b70f7cae65815a5326d89;0x1a5e2bc024bbabb93b95730c3903861445fd502ebc82edf6f1c0217d4bd2daf7;0x8554c9ce;0x9833580L;0.500000;1503154196;1503154196
0;32;8048;0xe3d5a47b41e0e8c3423e0224ea3cd0b95626a87b750b70f7cae65815a5326d89;0x1a5e2bc024bbabb93b95730c3903861445fd502ebc82edf6f1c0217d4bd2daf7;0x8554c9ce;0x9833580L;0.500000;1503154196;1503154197
0;32;8048;0x2df951df4a6740b70aff124d778235c08f14373b444ddb4cef346a738b1878b8;0x7407af6b134827985693e40655ed90007446748a46d4ec048d38c11a88f72cfd;0x34a415cb;0xb8c48035L;0.500000;1503154197;1503154197
0;32;8048;0x2df951df4a6740b70aff124d778235c08f14373b444ddb4cef346a738b1878b8;0x7407af6b134827985693e40655ed90007446748a46d4ec048d38c11a88f72cfd;0x34a415cb;0xb8c48035L;0.500000;1503154197;1503154197
0;32;8048;0x2df951df4a6740b70aff124d778235c08f14373b444ddb4cef346a738b1878b8;0x7407af6b134827985693e40655ed90007446748a46d4ec048d38c11a88f72cfd;0x34a415cb;0xb8c48035L;0.500000;1503154197;1503154197
0;32;8048;0x2df951df4a6740b70aff124d778235c08f14373b444ddb4cef346a738b1878b8;0x7407af6b134827985693e40655ed90007446748a46d4ec048d38c11a88f72cfd;0x34a415cb;0xb8c48035L;0.500000;1503154198;1503154198
0;32;8048;0xc6508e7976a20236d4ee0f8ab166ad91530e5923db09b3d6063581101d0d42e3;0x5fafaef7b1339d8ff0cc663bf09c2432e25f9f736529a9b05875522e991dc67a;0x620c4bcd;0x41030681L;0.500000;1503154198;1503154198
0;32;8048;0xc6508e7976a20236d4ee0f8ab166ad91530e5923db09b3d6063581101d0d42e3;0x5fafaef7b1339d8ff0cc663bf09c2432e25f9f736529a9b05875522e991dc67a;0x620c4bcd;0x41030681L;0.500000;1503154198;1503154198
0;32;8048;0xc6508e7976a20236d4ee0f8ab166ad91530e5923db09b3d6063581101d0d42e3;0x5fafaef7b1339d8ff0cc663bf09c2432e25f9f736529a9b05875522e991dc67a;0x620c4bcd;0x41030681L;0.500000;1503154198;1503154199
0;32;8048;0xe38efd4fa040336a6ce0d8ad54e1ec0b813fb8cc09fc907cf2ee9ec45751703b;0x7b17bc6322995e7fc9fe93fe1689ff230345ddf7d0a9c815d833e9f3393cb634;0x13fe522e;0x50530829L;0.500000;1503154199;1503154199
0;32;8048;0xe38efd4fa040336a6ce0d8ad54e1ec0b813fb8cc09fc907cf2ee9ec45751703b;0x7b17bc6322995e7fc9fe93fe1689ff230345ddf7d0a9c815d833e9f3393cb634;0x13fe522e;0x50530829L;0.500000;1503154199;1503154199
0;32;8048;0xe38efd4fa040336a6ce0d8ad54e1ec0b813fb8cc09fc907cf2ee9ec45751703b;0x7b17bc6322995e7fc9fe93fe1689ff230345ddf7d0a9c815d833e9f3393cb634;0x13fe522e;0x50530829L;0.500000;1503154199;1503154199
0;32;8048;0xe38efd4fa040336a6ce0d8ad54e1ec0b813fb8cc09fc907cf2ee9ec45751703b;0x7b17bc6322995e7fc9fe93fe1689ff230345ddf7d0a9c815d833e9f3393cb634;0x13fe522e;0x50530829L;0.500000;1503154199;1503154200
0;32;8048;0x5c6c570babcd8fbbca849dc3148ff5313a6e9839d2e968973d550c4dd2e2402e;0x22714411261051381a009fc8d00462735e009707b94352a391295343ac0fe488;0x859ba844;0x1b0ba6b8L;0.500000;1503154200;1503154200
0;32;8048;0x5c6c570babcd8fbbca849dc3148ff5313a6e9839d2e968973d550c4dd2e2402e;0x22714411261051381a009fc8d00462735e009707b94352a391295343ac0fe488;0x859ba844;0x1b0ba6b8L;0.500000;1503154200;1503154200
0;32;8048;0x5c6c570babcd8fbbca849dc3148ff5313a6e9839d2e968973d550c4dd2e2402e;0x22714411261051381a009fc8d00462735e009707b94352a391295343ac0fe488;0x859ba844;0x1b0ba6b8L;0.500000;1503154200;1503154201
0;32;8048;0x9cb04f12587d9b268d5afb64316d4638d2b5d6509c264246b66ca25d19a014b6;0x49e6299bba2ac2dd961e1b31025d1b61e49ffc9d7236bb11e20bff66f2cbe4d1;0x433d72db;0xc385c1afL;0.500000;1503154201;1503154201
0;32;8048;0x9cb04f12587d9b268d5afb64316d4638d2b5d6509c264246b66ca25d19a014b6;0x49e6299bba2ac2dd961e1b31025d1b61e49ffc9d7236bb11e20bff66f2cbe4d1;0x433d72db;0xc385c1afL;0.500000;1503154201;1503154201
0;32;8048;0x9cb04f12587d9b268d5afb64316d4638d2b5d6509c264246b66ca25d19a014b6;0x49e6299bba2ac2dd961e1b31025d1b61e49ffc9d7236bb11e20bff66f2cbe4d1;0x433d72db;0xc385c1afL;0.500000;1503154201;1503154201
0;32;8048;0x9cb04f12587d9b268d5afb64316d4638d2b5d6509c264246b66ca25d19a014b6;0x49e6299bba2ac2dd961e1b31025d1b61e49ffc9d7236bb11e20bff66f2cbe4d1;0x433d72db;0xc385c1afL;0.500000;1503154201;1503154202
