0;32;8048;0x92e1e1b52ee84fa5d54cf68aa4724ca54c6e5f4d346d2b38b0c50f4a42e0e2d4;0x5d286236e588a76c33e69d1ab0f4ed1a9fb931131a73979e59efdf0aad34b474;0xfacc5d53;0x103a4545L;0.500000;1503140919;1503140919
0;32;8048;0x92e1e1b52ee84fa5d54cf68aa4724ca54c6e5f4d346d2b38b0c50f4a42e0e2d4;0x5d286236e588a76c33e69d1ab0f4ed1a9fb931131a73979e59efdf0aad34b474;0xfacc5d53;0x103a4545L;0.500000;1503140920;1503140920
0;32;8048;0x783b7d5b7ee3a42adaa854bc41db04196e8a85b459fb078dcae090d1becf8636;0xfc32a4b970042ee793311666e14e0f88f62f12780219847a73d19042da151dc3;0xdbc813a5;0x89411515L;0.500000;1503140920;1503140920
0;32;8048;0x783b7d5b7ee3a42adaa854bc41db04196e8a85b459fb078dcae090d1becf8636;0xfc32a4b970042ee793311666e14e0f88f62f12780219847a73d19042da151dc3;0xdbc813a5;0x89411515L;0.500000;1503140920;1503140920
0;32;8048;0x783b7d5b7ee3a42adaa854bc41db04196e8a85b459fb078dcae090d1becf8636;0xfc32a4b970042ee793311666e14e0f88f62f12780219847a73d19042da151dc3;0xdbc813a5;0x89411515L;0.500000;1503140920;1503140921
0;32;8048;0x2af2e8dae70dc596ed9112179b08354e535f685783bd56dd0a457a420387ab2d;0xe42c956a24071ed2ca3b4274c86d12be60cfd32a457ec0ad5d1d497cd3bbe8e8;0x1ecb9482;0x4d711ce4L;0.500000;1503140921;1503140921
0;32;8048;0x2af2e8dae70dc596ed9112179b08354e535f685783bd56dd0a457a420387ab2d;0xe42c956a24071ed2ca3b4274c86d12be60cfd32a457ec0ad5d1d497cd3bbe8e8;0x1ecb9482;0x4d711ce4L;0.500000;1503140921;1503140921
0;32;8048;0x2af2e8dae70dc596ed9112179b08354e535f685783bd56dd0a457a420387ab2d;0xe42c956a24071ed2ca3b4274c86d12be60cfd32a457ec0ad5d1d497cd3bbe8e8;0x1ecb9482;0x4d711ce4L;0.500000;1503140921;1503140922
0;32;8048;0x8b43e91b9ac454d6e1f3b2919b777badab29f83a086b3ff37d90bdfd6303daee;0x40741130f098a50754c57b169ed57c10ff6a188b95c870a854c121bb86892ab6;0xea6a8ce4;0x19c32f4aL;0.500000;1503140922;1503140922
0;32;8048;0x8b43e91b9ac454d6e1f3b2919b777badab29f83a086b3ff37d90bdfd6303daee;0x40741130f098a50754c57b169ed57c10ff6a188b95c870a854c121bb86892ab6;0xea6a8ce4;0x19c32f4aL;0.500000;1503140922;1503140922
0;32;8048;0x8b43e91b9ac454d6e1f3b2919b777badab29f83a086b3ff37d90bdfd6303daee;0x40741130f098a50754c57b169ed57c10ff6a188b95c870a854c121bb86892ab6;0xea6a8ce4;0x19c32f4aL;0.500000;1503140922;1503140922
0;32;8048;0x8b43e91b9ac454d6e1f3b2919b777badab29f83a086b3ff37d90bdfd6303daee;0x40741130f098a50754c57b169ed57c10ff6a188b95c870a854c121bb86892ab6;0xea6a8ce4;0x19c32f4aL;0.500000;1503140922;1503140923
0;32;8048;0x81fec454733234771980361d61207b81a29d8309191a76d9c769c4ff60d5cae1;0xd483058ba0d1b4cd3930737341361aaea74415f11d31d0b7c6a75c42bd075acf;0x1fd7e320;0xa9493032L;0.500000;1503140923;1503140923
0;32;8048;0x81fec454733234771980361d61207b81a29d8309191a76d9c769c4ff60d5cae1;0xd483058ba0d1b4cd3930737341361aaea74415f11d31d0b7c6a75c42bd075acf;0x1fd7e320;0xa9493032L;0.500000;1503140923;1503140923
0;32;8048;0x81fec454733234771980361d61207b81a29d8309191a76d9c769c4ff60d5cae1;0xd483058ba0d1b4cd3930737341361aaea74415f11d31d0b7c6a75c42bd075acf;0x1fd7e320;0xa9493032L;0.500000;1503140923;1503140924
0;32;8048;0x97278045193603f4983d6dc5948539a027b5482a9585b6b45b56c47f06c4dd9e;0xe20e01d2e02d6c0a3d95a1129ad6b90e8fe991f58e5e14e34c720684a4547934;0xd17f615f;0xd4420545L;0.500000;1503140924;1503140924
0;32;8048;0x97278045193603f4983d6dc5948539a027b5482a9585b6b45b56c47f06c4dd9e;0xe20e01d2e02d6c0a3d95a1129ad6b90e8fe991f58e5e14e34c720684a4547934;0xd17f615f;0xd4420545L;0.500000;1503140924;1503140924
0;32;8048;0x97278045193603f4983d6dc5948539a027b5482a9585b6b45b56c47f06c4dd9e;0xe20e01d2e02d6c0a3d95a1129ad6b90e8fe991f58e5e14e34c720684a4547934;0xd17f615f;0xd4420545L;0.500000;1503140924;1503140925
0;32;8048;0xb7aabdb1ea6d21ebb51ce333d64db1ffaae12eb1f1f4421e67832d5ff14c2ca8;0xf96a4d64cd48573bfda2448807a4cbe452b4c79a67080bb36df4c2ccf76f87d7;0x699d03f4;0x5a30ce89L;0.500000;1503140925;1503140925
0;32;8048;0xb7aabdb1ea6d21ebb51ce333d64db1ffaae12eb1f1f4421e67832d5ff14c2ca8;0xf96a4d64cd48573bfda2448807a4cbe452b4c79a67080bb36df4c2ccf76f87d7;0x699d03f4;0x5a30ce89L;0.500000;1503140925;1503140925
