0;32;8048;0xa232671a1c4856be9ce2c86d25b46e1120a1093c2652a8aa4feb1b3e7298df14;0x23e276e5b2d58675a80911d8891da6450255f6f25732228d551ac6c1b12e67d9;0x87851e56;0x2e248344L;0.500000;1503164878;1503164879
0;32;8048;0x4e38d114da19a23c1f9ab4f1468c3fda6b23449641969a608394b9c1b78b3705;0x182c97ca91c6770169082258b07b2b45ff3953189c4cf42e831ecd8199677946;0x144b1380;0x4b78768eL;0.500000;1503164879;1503164879
0;32;8048;0x4e38d114da19a23c1f9ab4f1468c3fda6b23449641969a608394b9c1b78b3705;0x182c97ca91c6770169082258b07b2b45ff3953189c4cf42e831ecd8199677946;0x144b1380;0x4b78768eL;0.500000;1503164879;1503164879
0;32;8048;0x4e38d114da19a23c1f9ab4f1468c3fda6b23449641969a608394b9c1b78b3705;0x182c97ca91c6770169082258b07b2b45ff3953189c4cf42e831ecd8199677946;0x144b1380;0x4b78768eL;0.500000;1503164879;1503164879
0;32;8048;0x4e38d114da19a23c1f9ab4f1468c3fda6b23449641969a608394b9c1b78b3705;0x182c97ca91c6770169082258b07b2b45ff3953189c4cf42e831ecd8199677946;0x144b1380;0x4b78768eL;0.500000;1503164879;1503164880
0;32;8048;0x5fc535e35b06a9263c431bb2455141485cef9322d2dec8d8c77cf4c4f874b557;0x356d41f08236b3ae735b274bcb9ac8c1d45aa37770f5c7e6eab70dc71862aa39;0x72dcc3ea;0x94083a0L;0.500000;1503164880;1503164880
0;32;8048;0x5fc535e35b06a9263c431bb2455141485cef9322d2dec8d8c77cf4c4f874b557;0x356d41f08236b3ae735b274bcb9ac8c1d45aa37770f5c7e6eab70dc71862aa39;0x72dcc3ea;0x94083a0L;0.500000;1503164880;1503164880
0;32;8048;0x5fc535e35b06a9263c431bb2455141485cef9322d2dec8d8c77cf4c4f874b557;0x356d41f08236b3ae735b274bcb9ac8c1d45aa37770f5c7e6eab70dc71862aa39;0x72dcc3ea;0x94083a0L;0.500000;1503164880;1503164880
0;32;8048;0xa178b7458d8b582ac64bc502f1efcf7ec536c47d6a36ec51c1bb59211f58b5c0;0x6f1b3e6928ce4df61f53473f0e6f9025a88dd56deec020eca29174077a35f930;0xc54dd971;0xa238c622L;0.500000;1503164881;1503164881
0;32;8048;0xa178b7458d8b582ac64bc502f1efcf7ec536c47d6a36ec51c1bb59211f58b5c0;0x6f1b3e6928ce4df61f53473f0e6f9025a88dd56deec020eca29174077a35f930;0xc54dd971;0xa238c622L;0.500000;1503164881;1503164881
0;32;8048;0xa178b7458d8b582ac64bc502f1efcf7ec536c47d6a36ec51c1bb59211f58b5c0;0x6f1b3e6928ce4df61f53473f0e6f9025a88dd56deec020eca29174077a35f930;0xc54dd971;0xa238c622L;0.500000;1503164881;1503164881
0;32;8048;0xa178b7458d8b582ac64bc502f1efcf7ec536c47d6a36ec51c1bb59211f58b5c0;0x6f1b3e6928ce4df61f53473f0e6f9025a88dd56deec020eca29174077a35f930;0xc54dd971;0xa238c622L;0.500000;1503164881;1503164882
0;32;8048;0x231dfdac8063d44500a9ea1545612b95f8e1665fcc73401a445284cbbf363fe2;0x658acfa84dc510bf92952f4877192bc73c4badaa1ca6ca865a4ecb20e7c7ed62;0xc0b95a59;0x80ad0e24L;0.500000;1503164882;1503164882
0;32;8048;0x231dfdac8063d44500a9ea1545612b95f8e1665fcc73401a445284cbbf363fe2;0x658acfa84dc510bf92952f4877192bc73c4badaa1ca6ca865a4ecb20e7c7ed62;0xc0b95a59;0x80ad0e24L;0.500000;1503164882;1503164882
0;32;8048;0x231dfdac8063d44500a9ea1545612b95f8e1665fcc73401a445284cbbf363fe2;0x658acfa84dc510bf92952f4877192bc73c4badaa1ca6ca865a4ecb20e7c7ed62;0xc0b95a59;0x80ad0e24L;0.500000;1503164882;1503164883
0;32;8048;0xb51f9b8856e3a7d7d810ee6a9b713c7a03631b9b06f27f7e343e77cca0c86f55;0xea1ab7bc4df0e3d36c8dd2e6e4da2796513ad15c19c9f19c74d873a2706b99d1;0xb0651f5e;0x7894c222L;0.500000;1503164883;1503164883
0;32;8048;0xb51f9b8856e3a7d7d810ee6a9b713c7a03631b9b06f27f7e343e77cca0c86f55;0xea1ab7bc4df0e3d36c8dd2e6e4da2796513ad15c19c9f19c74d873a2706b99d1;0xb0651f5e;0x7894c222L;0.500000;1503164883;1503164883
0;32;8048;0xb51f9b8856e3a7d7d810ee6a9b713c7a03631b9b06f27f7e343e77cca0c86f55;0xea1ab7bc4df0e3d36c8dd2e6e4da2796513ad15c19c9f19c74d873a2706b99d1;0xb0651f5e;0x7894c222L;0.500000;1503164883;1503164884
0;32;8048;0x0b0f2c8d1ab5742e1a350bec310f6eb5760ff802ce815845a56a78dba593adb1;0xf825f0210fb178414293f65af13c5b4a8f25719d070a2ed66a6e6210d4e8e7ff;0x55f2f9da;0xac420dd7L;0.500000;1503164884;1503164884
0;32;8048;0x0b0f2c8d1ab5742e1a350bec310f6eb5760ff802ce815845a56a78dba593adb1;0xf825f0210fb178414293f65af13c5b4a8f25719d070a2ed66a6e6210d4e8e7ff;0x55f2f9da;0xac420dd7L;0.500000;1503164884;1503164884
