0;32;8048;0x6b366b4575f1cb7a2bbe4b887de4e576c0dc0b94a84a3b664c308e8f9d379909;0xd989a8fe04ae1693ec3bf3ee16062fbc7bc7c452221ade2618c1ccb017c73cdd;0x9c9687eb;0x6101f613L;0.500000;1503086514;1503086515
0;32;8048;0xb2676947935a67bc792cb67b2fdb3191732e8b25ff9177eb5a8f4362d244de84;0xb1b4a110f7bfc9dd85103386197497a8be2d89ef02ca432bff9987b0efd6ec96;0x0bc4a7b2;0x8713748L;0.500000;1503086515;1503086515
0;32;8048;0xb2676947935a67bc792cb67b2fdb3191732e8b25ff9177eb5a8f4362d244de84;0xb1b4a110f7bfc9dd85103386197497a8be2d89ef02ca432bff9987b0efd6ec96;0x0bc4a7b2;0x8713748L;0.500000;1503086515;1503086515
0;32;8048;0xb2676947935a67bc792cb67b2fdb3191732e8b25ff9177eb5a8f4362d244de84;0xb1b4a110f7bfc9dd85103386197497a8be2d89ef02ca432bff9987b0efd6ec96;0x0bc4a7b2;0x8713748L;0.500000;1503086515;1503086516
0;32;8048;0x2bcfcf1c0f4a845d89f6987bd58a859413e97897ed7a6c528490e49260c6af8b;0x61a4b7af3544f3434834b9267f3661c9ababfacc695aa0d4b056270fa9d51f32;0xe484b152;0x82416222L;0.500000;1503086516;1503086516
0;32;8048;0x2bcfcf1c0f4a845d89f6987bd58a859413e97897ed7a6c528490e49260c6af8b;0x61a4b7af3544f3434834b9267f3661c9ababfacc695aa0d4b056270fa9d51f32;0xe484b152;0x82416222L;0.500000;1503086516;1503086516
0;32;8048;0x2bcfcf1c0f4a845d89f6987bd58a859413e97897ed7a6c528490e49260c6af8b;0x61a4b7af3544f3434834b9267f3661c9ababfacc695aa0d4b056270fa9d51f32;0xe484b152;0x82416222L;0.500000;1503086516;1503086517
0;32;8048;0x4291de3cd84c9dc5fb6c2c817575eeedc41129d720851fd9adb4919513781356;0x85ec69ee8dcc14563ae166954eb649c28054d36dcb7f5a156dda554cc5772a9c;0xe7b89f50;0xc488d22L;0.500000;1503086517;1503086517
0;32;8048;0x4291de3cd84c9dc5fb6c2c817575eeedc41129d720851fd9adb4919513781356;0x85ec69ee8dcc14563ae166954eb649c28054d36dcb7f5a156dda554cc5772a9c;0xe7b89f50;0xc488d22L;0.500000;1503086517;1503086517
0;32;8048;0x4291de3cd84c9dc5fb6c2c817575eeedc41129d720851fd9adb4919513781356;0x85ec69ee8dcc14563ae166954eb649c28054d36dcb7f5a156dda554cc5772a9c;0xe7b89f50;0xc488d22L;0.500000;1503086517;1503086518
0;32;8048;0x2bb7ff40daf9fc8cf37aba7137d7217d526f07744f99e64fc7df9b640c5acb37;0x408c117621d59dab2cbf1eec20a93cc137ca5bfbe50392624b444fc558978fcf;0x7ebc038c;0xacd83425L;0.500000;1503086518;1503086518
0;32;8048;0x2bb7ff40daf9fc8cf37aba7137d7217d526f07744f99e64fc7df9b640c5acb37;0x408c117621d59dab2cbf1eec20a93cc137ca5bfbe50392624b444fc558978fcf;0x7ebc038c;0xacd83425L;0.500000;1503086518;1503086518
0;32;8048;0x2bb7ff40daf9fc8cf37aba7137d7217d526f07744f99e64fc7df9b640c5acb37;0x408c117621d59dab2cbf1eec20a93cc137ca5bfbe50392624b444fc558978fcf;0x7ebc038c;0xacd83425L;0.500000;1503086518;1503086519
0;32;8048;0x71e90c1f5a3c4aefb4baa06ee745e71668791cd7a651d3dc630d60cdb7d4f828;0x4c1bb4df3a217004ad57e2d9b94b559c2dea48a8cbeeeba35db8f14e6553e501;0x426f4efc;0xb1459888L;0.500000;1503086519;1503086519
0;32;8048;0x71e90c1f5a3c4aefb4baa06ee745e71668791cd7a651d3dc630d60cdb7d4f828;0x4c1bb4df3a217004ad57e2d9b94b559c2dea48a8cbeeeba35db8f14e6553e501;0x426f4efc;0xb1459888L;0.500000;1503086519;1503086519
0;32;8048;0x71e90c1f5a3c4aefb4baa06ee745e71668791cd7a651d3dc630d60cdb7d4f828;0x4c1bb4df3a217004ad57e2d9b94b559c2dea48a8cbeeeba35db8f14e6553e501;0x426f4efc;0xb1459888L;0.500000;1503086519;1503086520
0;32;8048;0x48f258ca317e2440dcb8dc8b3371ec8123b5e3e95784e3c3673dcbc9a8f442f0;0xa90608579c55215dc681fd4331332d81230007036a494376eb2926c47203a38a;0x0ba2d875;0xc1017046L;0.500000;1503086520;1503086520
0;32;8048;0x48f258ca317e2440dcb8dc8b3371ec8123b5e3e95784e3c3673dcbc9a8f442f0;0xa90608579c55215dc681fd4331332d81230007036a494376eb2926c47203a38a;0x0ba2d875;0xc1017046L;0.500000;1503086520;1503086520
0;32;8048;0x48f258ca317e2440dcb8dc8b3371ec8123b5e3e95784e3c3673dcbc9a8f442f0;0xa90608579c55215dc681fd4331332d81230007036a494376eb2926c47203a38a;0x0ba2d875;0xc1017046L;0.500000;1503086520;1503086521
0;32;8048;0x81a0bb3d96af634dcbf9e953df040728b7b9a98b27797cc84923ae56812e4202;0x03d75fbfa1714dd8ac15b4683d19e3533689f26822c5f219119758380d6da088;0x1cb58d24;0x130bea41L;0.500000;1503086521;1503086521
