0;32;8048;0xb62ae3124b5e074e4661f21b76fa62f904691d04ba4bf69cb642dc9ac5b6737b;0x3d1904321d6bf37615485923ea028b339854f1e4373b3d90b1be2abd7cffac5d;0x75cec2a3;0x6a063188L;0.500000;1503115499;1503115499
0;32;8048;0xb62ae3124b5e074e4661f21b76fa62f904691d04ba4bf69cb642dc9ac5b6737b;0x3d1904321d6bf37615485923ea028b339854f1e4373b3d90b1be2abd7cffac5d;0x75cec2a3;0x6a063188L;0.500000;1503115499;1503115499
0;32;8048;0xb62ae3124b5e074e4661f21b76fa62f904691d04ba4bf69cb642dc9ac5b6737b;0x3d1904321d6bf37615485923ea028b339854f1e4373b3d90b1be2abd7cffac5d;0x75cec2a3;0x6a063188L;0.500000;1503115499;1503115499
0;32;8048;0xb62ae3124b5e074e4661f21b76fa62f904691d04ba4bf69cb642dc9ac5b6737b;0x3d1904321d6bf37615485923ea028b339854f1e4373b3d90b1be2abd7cffac5d;0x75cec2a3;0x6a063188L;0.500000;1503115499;1503115500
0;32;8048;0x698b4afb22691cc496f7ab018039ad00d906ede411bd39faeea0dbc78727f3f0;0xe10962126940a8ea58f058a0b35854e97f23607ffcd9d45d5b446a3a216dae84;0x43e07ecb;0x34718ad2L;0.500000;1503115500;1503115500
0;32;8048;0x698b4afb22691cc496f7ab018039ad00d906ede411bd39faeea0dbc78727f3f0;0xe10962126940a8ea58f058a0b35854e97f23607ffcd9d45d5b446a3a216dae84;0x43e07ecb;0x34718ad2L;0.500000;1503115500;1503115500
0;32;8048;0x698b4afb22691cc496f7ab018039ad00d906ede411bd39faeea0dbc78727f3f0;0xe10962126940a8ea58f058a0b35854e97f23607ffcd9d45d5b446a3a216dae84;0x43e07ecb;0x34718ad2L;0.500000;1503115500;1503115501
0;32;8048;0x2d08697f1b7176515bb1ef51ab7ca632d8c8b4f9e0d6a257155b968e36fde463;0x512af141cd940f983516f19b2ef4d7752918c4fb7cf6c0ce737d20b7daf32780;0x97967585;0x94440208L;0.500000;1503115501;1503115501
0;32;8048;0x2d08697f1b7176515bb1ef51ab7ca632d8c8b4f9e0d6a257155b968e36fde463;0x512af141cd940f983516f19b2ef4d7752918c4fb7cf6c0ce737d20b7daf32780;0x97967585;0x94440208L;0.500000;1503115501;1503115501
0;32;8048;0x2d08697f1b7176515bb1ef51ab7ca632d8c8b4f9e0d6a257155b968e36fde463;0x512af141cd940f983516f19b2ef4d7752918c4fb7cf6c0ce737d20b7daf32780;0x97967585;0x94440208L;0.500000;1503115501;1503115501
0;32;8048;0x2d08697f1b7176515bb1ef51ab7ca632d8c8b4f9e0d6a257155b968e36fde463;0x512af141cd940f983516f19b2ef4d7752918c4fb7cf6c0ce737d20b7daf32780;0x97967585;0x94440208L;0.500000;1503115502;1503115502
0;32;8048;0x41ba5bbe1994d36b4e533fec292a487bc29c155a42dec87bde57d6bb355beb76;0x904a01387ed2c5ec7e4ed0fec3abe3b64ab1f88b0a7b7c4878334ef5c95b565a;0xaad8d8e6;0x9c71244L;0.500000;1503115502;1503115502
0;32;8048;0x41ba5bbe1994d36b4e533fec292a487bc29c155a42dec87bde57d6bb355beb76;0x904a01387ed2c5ec7e4ed0fec3abe3b64ab1f88b0a7b7c4878334ef5c95b565a;0xaad8d8e6;0x9c71244L;0.500000;1503115502;1503115502
0;32;8048;0x41ba5bbe1994d36b4e533fec292a487bc29c155a42dec87bde57d6bb355beb76;0x904a01387ed2c5ec7e4ed0fec3abe3b64ab1f88b0a7b7c4878334ef5c95b565a;0xaad8d8e6;0x9c71244L;0.500000;1503115502;1503115503
0;32;8048;0xfce4f2c87f0f1ad744a6bbee15f306fb44acba1c5e0a25b6dd4718ae94574f90;0x28664405950fbd297f1588223d97dcca64dfde5790d6e5c987ad5815b0badaff;0x6fcc9e08;0x931ea57aL;0.500000;1503115503;1503115503
0;32;8048;0xfce4f2c87f0f1ad744a6bbee15f306fb44acba1c5e0a25b6dd4718ae94574f90;0x28664405950fbd297f1588223d97dcca64dfde5790d6e5c987ad5815b0badaff;0x6fcc9e08;0x931ea57aL;0.500000;1503115503;1503115503
0;32;8048;0xfce4f2c87f0f1ad744a6bbee15f306fb44acba1c5e0a25b6dd4718ae94574f90;0x28664405950fbd297f1588223d97dcca64dfde5790d6e5c987ad5815b0badaff;0x6fcc9e08;0x931ea57aL;0.500000;1503115503;1503115503
0;32;8048;0xfce4f2c87f0f1ad744a6bbee15f306fb44acba1c5e0a25b6dd4718ae94574f90;0x28664405950fbd297f1588223d97dcca64dfde5790d6e5c987ad5815b0badaff;0x6fcc9e08;0x931ea57aL;0.500000;1503115503;1503115504
0;32;8048;0x3751a0a1c9c597dbcc98ba8a1fadb8b5c9d9e94c495aac0e97698ae5a1c47ad8;0x4db70523860fede921ee835c429353b0807de14227442a94f2e20e65dd877f29;0xaf79365f;0xbb2684b1L;0.500000;1503115504;1503115504
0;32;8048;0x3751a0a1c9c597dbcc98ba8a1fadb8b5c9d9e94c495aac0e97698ae5a1c47ad8;0x4db70523860fede921ee835c429353b0807de14227442a94f2e20e65dd877f29;0xaf79365f;0xbb2684b1L;0.500000;1503115504;1503115504
