0;32;8048;0x7a592b47b6cf660708273afd1ebf83ce5ed06a32abdc96b8e0aa66331df77997;0x5492c11a9b29251706308c805a2f44d7fc616ea7b35cc509dab69e6b781319c8;0xe92d7812;0xa097219aL;0.500000;1503233839;1503233839
0;32;8048;0x7a592b47b6cf660708273afd1ebf83ce5ed06a32abdc96b8e0aa66331df77997;0x5492c11a9b29251706308c805a2f44d7fc616ea7b35cc509dab69e6b781319c8;0xe92d7812;0xa097219aL;0.500000;1503233839;1503233839
0;32;8048;0x7a592b47b6cf660708273afd1ebf83ce5ed06a32abdc96b8e0aa66331df77997;0x5492c11a9b29251706308c805a2f44d7fc616ea7b35cc509dab69e6b781319c8;0xe92d7812;0xa097219aL;0.500000;1503233839;1503233839
0;32;8048;0x7a592b47b6cf660708273afd1ebf83ce5ed06a32abdc96b8e0aa66331df77997;0x5492c11a9b29251706308c805a2f44d7fc616ea7b35cc509dab69e6b781319c8;0xe92d7812;0xa097219aL;0.500000;1503233839;1503233840
0;32;8048;0x671e93303eea21c67ab2106142dc1b13fb0df211ae7315cff1a47aa11ea3de85;0xa372bd256a922e6e006369356ba70d61fc090c2d41d18ff704c5f2b1fe416c45;0xb85b4e81;0x2301280L;0.500000;1503233840;1503233840
0;32;8048;0x671e93303eea21c67ab2106142dc1b13fb0df211ae7315cff1a47aa11ea3de85;0xa372bd256a922e6e006369356ba70d61fc090c2d41d18ff704c5f2b1fe416c45;0xb85b4e81;0x2301280L;0.500000;1503233840;1503233840
0;32;8048;0x671e93303eea21c67ab2106142dc1b13fb0df211ae7315cff1a47aa11ea3de85;0xa372bd256a922e6e006369356ba70d61fc090c2d41d18ff704c5f2b1fe416c45;0xb85b4e81;0x2301280L;0.500000;1503233840;1503233841
0;32;8048;0xdc266d86d1db9c517bc417760931a219b11e58e62fe16a24230220c7d6366cb2;0x1f1765aabfeea5f7b988ab54a9df732cb27e9358150281307ff9f8dfc502d2c0;0x9ba705b5;0x4a392549L;0.500000;1503233841;1503233841
0;32;8048;0xdc266d86d1db9c517bc417760931a219b11e58e62fe16a24230220c7d6366cb2;0x1f1765aabfeea5f7b988ab54a9df732cb27e9358150281307ff9f8dfc502d2c0;0x9ba705b5;0x4a392549L;0.500000;1503233841;1503233841
0;32;8048;0xdc266d86d1db9c517bc417760931a219b11e58e62fe16a24230220c7d6366cb2;0x1f1765aabfeea5f7b988ab54a9df732cb27e9358150281307ff9f8dfc502d2c0;0x9ba705b5;0x4a392549L;0.500000;1503233841;1503233841
0;32;8048;0xdc266d86d1db9c517bc417760931a219b11e58e62fe16a24230220c7d6366cb2;0x1f1765aabfeea5f7b988ab54a9df732cb27e9358150281307ff9f8dfc502d2c0;0x9ba705b5;0x4a392549L;0.500000;1503233842;1503233842
0;32;8048;0x73381b2f4ddea441f27d70d07b83c34b6945f415392e103a4e62a434bdbae431;0x6b14d8da768da6fcd10351dbc8a4cfea05c98f6e8f64dda845950e5e9eb82485;0xd7a70963;0x41f6dd25L;0.500000;1503233842;1503233842
0;32;8048;0x73381b2f4ddea441f27d70d07b83c34b6945f415392e103a4e62a434bdbae431;0x6b14d8da768da6fcd10351dbc8a4cfea05c98f6e8f64dda845950e5e9eb82485;0xd7a70963;0x41f6dd25L;0.500000;1503233842;1503233842
0;32;8048;0x73381b2f4ddea441f27d70d07b83c34b6945f415392e103a4e62a434bdbae431;0x6b14d8da768da6fcd10351dbc8a4cfea05c98f6e8f64dda845950e5e9eb82485;0xd7a70963;0x41f6dd25L;0.500000;1503233842;1503233843
0;32;8048;0x59e06fba423354d0cd73ed3b86226cf2d68d72dc8a5283c77fd7ad6f0648445f;0x107d657ab7582a7cf69e3bf12d4873617b710e4328f94e6a6690b93b1603749d;0x0284ef54;0x584015feL;0.500000;1503233843;1503233843
0;32;8048;0x59e06fba423354d0cd73ed3b86226cf2d68d72dc8a5283c77fd7ad6f0648445f;0x107d657ab7582a7cf69e3bf12d4873617b710e4328f94e6a6690b93b1603749d;0x0284ef54;0x584015feL;0.500000;1503233843;1503233843
0;32;8048;0x59e06fba423354d0cd73ed3b86226cf2d68d72dc8a5283c77fd7ad6f0648445f;0x107d657ab7582a7cf69e3bf12d4873617b710e4328f94e6a6690b93b1603749d;0x0284ef54;0x584015feL;0.500000;1503233843;1503233843
0;32;8048;0x59e06fba423354d0cd73ed3b86226cf2d68d72dc8a5283c77fd7ad6f0648445f;0x107d657ab7582a7cf69e3bf12d4873617b710e4328f94e6a6690b93b1603749d;0x0284ef54;0x584015feL;0.500000;1503233844;1503233844
0;32;8048;0xab23b722d320c743a5ac75a35aef10538da5e0ec85fdd45f4599e0d78fdaaa3a;0x80f8a9600edfa73a084688c1a0270f53a7b36b8c66f9905be053c9fbbb870c65;0xffc2ba08;0xae450c49L;0.500000;1503233844;1503233844
0;32;8048;0xab23b722d320c743a5ac75a35aef10538da5e0ec85fdd45f4599e0d78fdaaa3a;0x80f8a9600edfa73a084688c1a0270f53a7b36b8c66f9905be053c9fbbb870c65;0xffc2ba08;0xae450c49L;0.500000;1503233844;1503233844
