0;32;8048;0x43312d55b9ef6cb4c813e611cc64663c923dbe8111537fbaf03888573feefb82;0xd8cc464652a42122ffbd77a72adcd0c3b66d4882d232857154bcbabe7468a36b;0xb5cebf0f;0x3d30e7aL;0.500000;1503192218;1503192218
0;32;8048;0x43312d55b9ef6cb4c813e611cc64663c923dbe8111537fbaf03888573feefb82;0xd8cc464652a42122ffbd77a72adcd0c3b66d4882d232857154bcbabe7468a36b;0xb5cebf0f;0x3d30e7aL;0.500000;1503192218;1503192219
0;32;8048;0xe057851bfac6b220f96de3b9c920927590f92a415696c9768dbdeef05bf7333b;0x7f7aa3466d64720bb719320c2aea99fa2614746228142e019d717828d66a5665;0xe1505451;0xb040b118L;0.500000;1503192219;1503192219
0;32;8048;0xe057851bfac6b220f96de3b9c920927590f92a415696c9768dbdeef05bf7333b;0x7f7aa3466d64720bb719320c2aea99fa2614746228142e019d717828d66a5665;0xe1505451;0xb040b118L;0.500000;1503192219;1503192219
0;32;8048;0xe057851bfac6b220f96de3b9c920927590f92a415696c9768dbdeef05bf7333b;0x7f7aa3466d64720bb719320c2aea99fa2614746228142e019d717828d66a5665;0xe1505451;0xb040b118L;0.500000;1503192219;1503192219
0;32;8048;0xe057851bfac6b220f96de3b9c920927590f92a415696c9768dbdeef05bf7333b;0x7f7aa3466d64720bb719320c2aea99fa2614746228142e019d717828d66a5665;0xe1505451;0xb040b118L;0.500000;1503192219;1503192220
0;32;8048;0x6650da49424c7d2ed3e4dd62c76d12b1d3dd3664ad56cf3e65dbc68075628adb;0x97af880664962ed0a36caa93e08f0dc6ad7b0c788e2ad4ce1940a8bbe80638aa;0x96e18c13;0x380a8041L;0.500000;1503192220;1503192220
0;32;8048;0x6650da49424c7d2ed3e4dd62c76d12b1d3dd3664ad56cf3e65dbc68075628adb;0x97af880664962ed0a36caa93e08f0dc6ad7b0c788e2ad4ce1940a8bbe80638aa;0x96e18c13;0x380a8041L;0.500000;1503192220;1503192220
0;32;8048;0x6650da49424c7d2ed3e4dd62c76d12b1d3dd3664ad56cf3e65dbc68075628adb;0x97af880664962ed0a36caa93e08f0dc6ad7b0c788e2ad4ce1940a8bbe80638aa;0x96e18c13;0x380a8041L;0.500000;1503192220;1503192221
0;32;8048;0xc3b6f48f8e5f5f7cb9f2b59c0a1f1812c6937af2090cd60a16694673da9f839d;0x50d06f737289731586ec65be622c21d308f15ef89a7db030c84a90c3ed77409d;0x400aa7bc;0x6c690c80L;0.500000;1503192221;1503192221
0;32;8048;0xc3b6f48f8e5f5f7cb9f2b59c0a1f1812c6937af2090cd60a16694673da9f839d;0x50d06f737289731586ec65be622c21d308f15ef89a7db030c84a90c3ed77409d;0x400aa7bc;0x6c690c80L;0.500000;1503192221;1503192221
0;32;8048;0xc3b6f48f8e5f5f7cb9f2b59c0a1f1812c6937af2090cd60a16694673da9f839d;0x50d06f737289731586ec65be622c21d308f15ef89a7db030c84a90c3ed77409d;0x400aa7bc;0x6c690c80L;0.500000;1503192221;1503192221
0;32;8048;0xc3b6f48f8e5f5f7cb9f2b59c0a1f1812c6937af2090cd60a16694673da9f839d;0x50d06f737289731586ec65be622c21d308f15ef89a7db030c84a90c3ed77409d;0x400aa7bc;0x6c690c80L;0.500000;1503192222;1503192222
0;32;8048;0xe91012058b69798dda8387e1ceb8568a4bbf97069891e5e0af06147635d3631e;0x10f8536f7aa6da9f8e504e34c79eab2f853875d15d0a71c6a66adf74ee69d79b;0xb85db132;0xe0c0349L;0.500000;1503192222;1503192222
0;32;8048;0xe91012058b69798dda8387e1ceb8568a4bbf97069891e5e0af06147635d3631e;0x10f8536f7aa6da9f8e504e34c79eab2f853875d15d0a71c6a66adf74ee69d79b;0xb85db132;0xe0c0349L;0.500000;1503192222;1503192222
0;32;8048;0xe91012058b69798dda8387e1ceb8568a4bbf97069891e5e0af06147635d3631e;0x10f8536f7aa6da9f8e504e34c79eab2f853875d15d0a71c6a66adf74ee69d79b;0xb85db132;0xe0c0349L;0.500000;1503192222;1503192223
0;32;8048;0xec56fa56056f843a03fa197ea30c4571e1ba2739b9c5fe50b271e8c4d001dcbd;0xc650bb36f9af7421616827d1e5a8870d70ccc35cc26ed03f570a07ac2af7dec1;0x30fd57c2;0x9164b5fdL;0.500000;1503192223;1503192223
0;32;8048;0xec56fa56056f843a03fa197ea30c4571e1ba2739b9c5fe50b271e8c4d001dcbd;0xc650bb36f9af7421616827d1e5a8870d70ccc35cc26ed03f570a07ac2af7dec1;0x30fd57c2;0x9164b5fdL;0.500000;1503192223;1503192223
0;32;8048;0xec56fa56056f843a03fa197ea30c4571e1ba2739b9c5fe50b271e8c4d001dcbd;0xc650bb36f9af7421616827d1e5a8870d70ccc35cc26ed03f570a07ac2af7dec1;0x30fd57c2;0x9164b5fdL;0.500000;1503192223;1503192223
0;32;8048;0xec56fa56056f843a03fa197ea30c4571e1ba2739b9c5fe50b271e8c4d001dcbd;0xc650bb36f9af7421616827d1e5a8870d70ccc35cc26ed03f570a07ac2af7dec1;0x30fd57c2;0x9164b5fdL;0.500000;1503192224;1503192224
