0;32;8048;0x5e34fbd76aab85538d04f2c6f839305609aaa6c9b219d65167294cb9444540a2;0x09935896081121282a5cc8da0b541097be978976da797995a1f8542bd58cb9a9;0x73797de9;0x46980d1L;0.500000;1503151850;1503151850
0;32;8048;0x5e34fbd76aab85538d04f2c6f839305609aaa6c9b219d65167294cb9444540a2;0x09935896081121282a5cc8da0b541097be978976da797995a1f8542bd58cb9a9;0x73797de9;0x46980d1L;0.500000;1503151850;1503151850
0;32;8048;0x5e34fbd76aab85538d04f2c6f839305609aaa6c9b219d65167294cb9444540a2;0x09935896081121282a5cc8da0b541097be978976da797995a1f8542bd58cb9a9;0x73797de9;0x46980d1L;0.500000;1503151850;1503151851
0;32;8048;0x06455d37c1f3ad0677ddf03b61b0dc56cfdf1c27bffa9f33c1439eccc2fc57c8;0x12c48ba5a41c89762c7281ded73b926b01e9f7b39c2e89124af1bd27ddb7675a;0x39166368;0xe05417dL;0.500000;1503151851;1503151851
0;32;8048;0x06455d37c1f3ad0677ddf03b61b0dc56cfdf1c27bffa9f33c1439eccc2fc57c8;0x12c48ba5a41c89762c7281ded73b926b01e9f7b39c2e89124af1bd27ddb7675a;0x39166368;0xe05417dL;0.500000;1503151851;1503151851
0;32;8048;0x06455d37c1f3ad0677ddf03b61b0dc56cfdf1c27bffa9f33c1439eccc2fc57c8;0x12c48ba5a41c89762c7281ded73b926b01e9f7b39c2e89124af1bd27ddb7675a;0x39166368;0xe05417dL;0.500000;1503151851;1503151851
0;32;8048;0x06455d37c1f3ad0677ddf03b61b0dc56cfdf1c27bffa9f33c1439eccc2fc57c8;0x12c48ba5a41c89762c7281ded73b926b01e9f7b39c2e89124af1bd27ddb7675a;0x39166368;0xe05417dL;0.500000;1503151852;1503151852
0;32;8048;0xdefd3140d82959f2b6246064f94b8ab4708cd71d2a9853611e31a53001ca81e0;0xbb8da27eea9431e116b416dffbd41b68ca8f3dd397b389ee721d7b921a42e06e;0xc22de0bd;0x8030300fL;0.500000;1503151852;1503151852
0;32;8048;0xdefd3140d82959f2b6246064f94b8ab4708cd71d2a9853611e31a53001ca81e0;0xbb8da27eea9431e116b416dffbd41b68ca8f3dd397b389ee721d7b921a42e06e;0xc22de0bd;0x8030300fL;0.500000;1503151852;1503151852
0;32;8048;0xdefd3140d82959f2b6246064f94b8ab4708cd71d2a9853611e31a53001ca81e0;0xbb8da27eea9431e116b416dffbd41b68ca8f3dd397b389ee721d7b921a42e06e;0xc22de0bd;0x8030300fL;0.500000;1503151852;1503151853
0;32;8048;0xb248537c531b0d538d374e2660729b621345f63788a4ed1c3de7e2afde5b8d91;0x7954f171cb964aa5292fb44342d7082632bedf67fa2d59e5cb05cc10842f6924;0xf12a1170;0x2441c22L;0.500000;1503151853;1503151853
0;32;8048;0xb248537c531b0d538d374e2660729b621345f63788a4ed1c3de7e2afde5b8d91;0x7954f171cb964aa5292fb44342d7082632bedf67fa2d59e5cb05cc10842f6924;0xf12a1170;0x2441c22L;0.500000;1503151853;1503151853
0;32;8048;0xb248537c531b0d538d374e2660729b621345f63788a4ed1c3de7e2afde5b8d91;0x7954f171cb964aa5292fb44342d7082632bedf67fa2d59e5cb05cc10842f6924;0xf12a1170;0x2441c22L;0.500000;1503151853;1503151853
0;32;8048;0xb248537c531b0d538d374e2660729b621345f63788a4ed1c3de7e2afde5b8d91;0x7954f171cb964aa5292fb44342d7082632bedf67fa2d59e5cb05cc10842f6924;0xf12a1170;0x2441c22L;0.500000;1503151853;1503151854
0;32;8048;0x3df368810eb3d4debbe1c098939db302e84583adae462ae01668c6b517f88355;0x60997bf9b5db074de4fb3c47f06d4a0ef623fc3ea264d4beda42e43d47fe022a;0xa2e15af5;0xb1e198a9L;0.500000;1503151854;1503151854
0;32;8048;0x3df368810eb3d4debbe1c098939db302e84583adae462ae01668c6b517f88355;0x60997bf9b5db074de4fb3c47f06d4a0ef623fc3ea264d4beda42e43d47fe022a;0xa2e15af5;0xb1e198a9L;0.500000;1503151854;1503151854
0;32;8048;0x3df368810eb3d4debbe1c098939db302e84583adae462ae01668c6b517f88355;0x60997bf9b5db074de4fb3c47f06d4a0ef623fc3ea264d4beda42e43d47fe022a;0xa2e15af5;0xb1e198a9L;0.500000;1503151854;1503151854
0;32;8048;0x3df368810eb3d4debbe1c098939db302e84583adae462ae01668c6b517f88355;0x60997bf9b5db074de4fb3c47f06d4a0ef623fc3ea264d4beda42e43d47fe022a;0xa2e15af5;0xb1e198a9L;0.500000;1503151855;1503151855
0;32;8048;0x32e8a0572f6499b7def929f302cf20307c7eb21027da76958674dc9461f05093;0x7cb78dff232aa2bc9d82cbe54c3bd96168ae7deae5851644d3d8d8b129a0a231;0xa3d0bf26;0xa5668233L;0.500000;1503151855;1503151855
0;32;8048;0x32e8a0572f6499b7def929f302cf20307c7eb21027da76958674dc9461f05093;0x7cb78dff232aa2bc9d82cbe54c3bd96168ae7deae5851644d3d8d8b129a0a231;0xa3d0bf26;0xa5668233L;0.500000;1503151855;1503151855
