0;32;8048;0xa1871a9ca88855407daa984910f350fd8af41297052f2436b2628a7a48a568e9;0x604cd73517664411d403b2c0eae489fbc485a064ea4acd23c3f7d82f856a8c8a;0x68c248a4;0x901089a0L;0.500000;1503137088;1503137089
0;32;8048;0x27139a514655a61384c3eef8b9ca56edbc17961af24eed5c776fb4f32793e84e;0xcb25026fa7986181c6c4c3daf5a10cd3f4e6b093b22fc6024f48d536e8dd6259;0x158ba705;0xb00cdb89L;0.500000;1503137089;1503137089
0;32;8048;0x27139a514655a61384c3eef8b9ca56edbc17961af24eed5c776fb4f32793e84e;0xcb25026fa7986181c6c4c3daf5a10cd3f4e6b093b22fc6024f48d536e8dd6259;0x158ba705;0xb00cdb89L;0.500000;1503137089;1503137089
0;32;8048;0x27139a514655a61384c3eef8b9ca56edbc17961af24eed5c776fb4f32793e84e;0xcb25026fa7986181c6c4c3daf5a10cd3f4e6b093b22fc6024f48d536e8dd6259;0x158ba705;0xb00cdb89L;0.500000;1503137089;1503137090
0;32;8048;0x7d87ce28d828b4f09c376757c1390ed1ff61e9e2cf6f3c54194dbac40add3887;0x4bc8a3e9e29072fabbeae389a2db4f6d1b2b8b3d6721f708fcfa953fbeb2c67f;0xef38e2f1;0xb0410404L;0.500000;1503137090;1503137090
0;32;8048;0x7d87ce28d828b4f09c376757c1390ed1ff61e9e2cf6f3c54194dbac40add3887;0x4bc8a3e9e29072fabbeae389a2db4f6d1b2b8b3d6721f708fcfa953fbeb2c67f;0xef38e2f1;0xb0410404L;0.500000;1503137090;1503137090
0;32;8048;0x7d87ce28d828b4f09c376757c1390ed1ff61e9e2cf6f3c54194dbac40add3887;0x4bc8a3e9e29072fabbeae389a2db4f6d1b2b8b3d6721f708fcfa953fbeb2c67f;0xef38e2f1;0xb0410404L;0.500000;1503137090;1503137090
0;32;8048;0x7d87ce28d828b4f09c376757c1390ed1ff61e9e2cf6f3c54194dbac40add3887;0x4bc8a3e9e29072fabbeae389a2db4f6d1b2b8b3d6721f708fcfa953fbeb2c67f;0xef38e2f1;0xb0410404L;0.500000;1503137090;1503137091
0;32;8048;0x7206a1cd7208d0a2031ebff0628bed90d1f09713d0161ce830281800ecff005e;0xedfc21ab06a5c739ead02944984ccb99d3e72390bcd2bbaa44d5870af49281c4;0x8eb380e9;0x1463132aL;0.500000;1503137091;1503137091
0;32;8048;0x7206a1cd7208d0a2031ebff0628bed90d1f09713d0161ce830281800ecff005e;0xedfc21ab06a5c739ead02944984ccb99d3e72390bcd2bbaa44d5870af49281c4;0x8eb380e9;0x1463132aL;0.500000;1503137091;1503137091
0;32;8048;0x7206a1cd7208d0a2031ebff0628bed90d1f09713d0161ce830281800ecff005e;0xedfc21ab06a5c739ead02944984ccb99d3e72390bcd2bbaa44d5870af49281c4;0x8eb380e9;0x1463132aL;0.500000;1503137091;1503137091
0;32;8048;0x7206a1cd7208d0a2031ebff0628bed90d1f09713d0161ce830281800ecff005e;0xedfc21ab06a5c739ead02944984ccb99d3e72390bcd2bbaa44d5870af49281c4;0x8eb380e9;0x1463132aL;0.500000;1503137091;1503137092
0;32;8048;0xdc5273e572f089d365dd5b52fd06e29183664f7bbd8ebd25061e124741ba661d;0x630bb496a77dff68f057c89c0a28a830ad58ba5fc5cd1d21a71fe2e04d0b83f5;0xb002f256;0x80088708L;0.500000;1503137092;1503137092
0;32;8048;0xdc5273e572f089d365dd5b52fd06e29183664f7bbd8ebd25061e124741ba661d;0x630bb496a77dff68f057c89c0a28a830ad58ba5fc5cd1d21a71fe2e04d0b83f5;0xb002f256;0x80088708L;0.500000;1503137092;1503137092
0;32;8048;0xdc5273e572f089d365dd5b52fd06e29183664f7bbd8ebd25061e124741ba661d;0x630bb496a77dff68f057c89c0a28a830ad58ba5fc5cd1d21a71fe2e04d0b83f5;0xb002f256;0x80088708L;0.500000;1503137092;1503137093
0;32;8048;0x8a22aa0805ec4fc685ec1243e99bb3e46b2bc7f784bef0a27818452d9476c01f;0xa444e6e644758d113c1d24748b6b8cce6b279954f8994b9a0f8c69f8850a5233;0x1d0b3c26;0x1366af4aL;0.500000;1503137093;1503137093
0;32;8048;0x8a22aa0805ec4fc685ec1243e99bb3e46b2bc7f784bef0a27818452d9476c01f;0xa444e6e644758d113c1d24748b6b8cce6b279954f8994b9a0f8c69f8850a5233;0x1d0b3c26;0x1366af4aL;0.500000;1503137093;1503137093
0;32;8048;0x8a22aa0805ec4fc685ec1243e99bb3e46b2bc7f784bef0a27818452d9476c01f;0xa444e6e644758d113c1d24748b6b8cce6b279954f8994b9a0f8c69f8850a5233;0x1d0b3c26;0x1366af4aL;0.500000;1503137093;1503137093
0;32;8048;0x8a22aa0805ec4fc685ec1243e99bb3e46b2bc7f784bef0a27818452d9476c01f;0xa444e6e644758d113c1d24748b6b8cce6b279954f8994b9a0f8c69f8850a5233;0x1d0b3c26;0x1366af4aL;0.500000;1503137093;1503137094
0;32;8048;0x1c9c6741779062717db95ddbf766ad85a1242e1dc0c48534852036591b528437;0xba7e2d2edd8fc904881f1958dabad881e9a237586a04b78d78e09bb0d344a06a;0xe7afa099;0x44128d08L;0.500000;1503137094;1503137094
