0;32;8048;0x14f30fa3920d76b1ea93556bf2ceeafd73ef7054453b1a8a925b0f926ac07f7f;0x1c3147f3c789a8504c55a3cc59bbe273007e5aa8d24f2eb81a6f84fc0d8b2f73;0x349190a8;0x1850844L;0.500000;1503102787;1503102787
0;32;8048;0x14f30fa3920d76b1ea93556bf2ceeafd73ef7054453b1a8a925b0f926ac07f7f;0x1c3147f3c789a8504c55a3cc59bbe273007e5aa8d24f2eb81a6f84fc0d8b2f73;0x349190a8;0x1850844L;0.500000;1503102787;1503102788
0;32;8048;0xc9a6ff059f886305849e917fad99c9af2739ecdc79811708754e3f3e74ad803e;0x863e218238941223010f9868d15d2b697fb2348ca967e6655ffcecdb70cb7613;0x56300aad;0x14c80e22L;0.500000;1503102788;1503102788
0;32;8048;0xc9a6ff059f886305849e917fad99c9af2739ecdc79811708754e3f3e74ad803e;0x863e218238941223010f9868d15d2b697fb2348ca967e6655ffcecdb70cb7613;0x56300aad;0x14c80e22L;0.500000;1503102788;1503102788
0;32;8048;0xc9a6ff059f886305849e917fad99c9af2739ecdc79811708754e3f3e74ad803e;0x863e218238941223010f9868d15d2b697fb2348ca967e6655ffcecdb70cb7613;0x56300aad;0x14c80e22L;0.500000;1503102788;1503102789
0;32;8048;0x65df6e07dea5b8331cfbb5d1fab47d7eaa7ceae1809bb28b6a39079902e74367;0x6a9808b4072d39ab7a8009a697c9769d9deaa445dc5a05677079f99e50923849;0xfb0dfacb;0x6d804849L;0.500000;1503102789;1503102789
0;32;8048;0x65df6e07dea5b8331cfbb5d1fab47d7eaa7ceae1809bb28b6a39079902e74367;0x6a9808b4072d39ab7a8009a697c9769d9deaa445dc5a05677079f99e50923849;0xfb0dfacb;0x6d804849L;0.500000;1503102789;1503102789
0;32;8048;0x65df6e07dea5b8331cfbb5d1fab47d7eaa7ceae1809bb28b6a39079902e74367;0x6a9808b4072d39ab7a8009a697c9769d9deaa445dc5a05677079f99e50923849;0xfb0dfacb;0x6d804849L;0.500000;1503102789;1503102789
0;32;8048;0x65df6e07dea5b8331cfbb5d1fab47d7eaa7ceae1809bb28b6a39079902e74367;0x6a9808b4072d39ab7a8009a697c9769d9deaa445dc5a05677079f99e50923849;0xfb0dfacb;0x6d804849L;0.500000;1503102790;1503102790
0;32;8048;0xeac72f631496055b0bb885dadabb366fb4ff8e3b8c5e59e6288735fb71ce735c;0xb2f2454d7b9d6ecb01d45862f4f565b8a7f9c263f542d872b3034b3a5540dac1;0x8b17fdb5;0x4648d745L;0.500000;1503102790;1503102790
0;32;8048;0xeac72f631496055b0bb885dadabb366fb4ff8e3b8c5e59e6288735fb71ce735c;0xb2f2454d7b9d6ecb01d45862f4f565b8a7f9c263f542d872b3034b3a5540dac1;0x8b17fdb5;0x4648d745L;0.500000;1503102790;1503102790
0;32;8048;0xeac72f631496055b0bb885dadabb366fb4ff8e3b8c5e59e6288735fb71ce735c;0xb2f2454d7b9d6ecb01d45862f4f565b8a7f9c263f542d872b3034b3a5540dac1;0x8b17fdb5;0x4648d745L;0.500000;1503102790;1503102791
0;32;8048;0x2f1434772f1fb101ea54d63e79ea17220a1622321db506fe7e80d6a1615e1590;0xdb28f5cf827356a783b10d77572c64d1c96ffde893d6b6b54ddacf9b5e4d7009;0xd070bcc0;0x14982829L;0.500000;1503102791;1503102791
0;32;8048;0x2f1434772f1fb101ea54d63e79ea17220a1622321db506fe7e80d6a1615e1590;0xdb28f5cf827356a783b10d77572c64d1c96ffde893d6b6b54ddacf9b5e4d7009;0xd070bcc0;0x14982829L;0.500000;1503102791;1503102791
0;32;8048;0x2f1434772f1fb101ea54d63e79ea17220a1622321db506fe7e80d6a1615e1590;0xdb28f5cf827356a783b10d77572c64d1c96ffde893d6b6b54ddacf9b5e4d7009;0xd070bcc0;0x14982829L;0.500000;1503102791;1503102791
0;32;8048;0x2f1434772f1fb101ea54d63e79ea17220a1622321db506fe7e80d6a1615e1590;0xdb28f5cf827356a783b10d77572c64d1c96ffde893d6b6b54ddacf9b5e4d7009;0xd070bcc0;0x14982829L;0.500000;1503102791;1503102792
0;32;8048;0xba766e14622d8e521021d48e926296f2b7a8120b5eccfc92241d317401ce59bb;0xda66f915afebba3bff65bb034a45fc5dc5b4b7580227480deee4d257fb9be951;0xbae02121;0x686451f1L;0.500000;1503102792;1503102792
0;32;8048;0xba766e14622d8e521021d48e926296f2b7a8120b5eccfc92241d317401ce59bb;0xda66f915afebba3bff65bb034a45fc5dc5b4b7580227480deee4d257fb9be951;0xbae02121;0x686451f1L;0.500000;1503102792;1503102792
0;32;8048;0xba766e14622d8e521021d48e926296f2b7a8120b5eccfc92241d317401ce59bb;0xda66f915afebba3bff65bb034a45fc5dc5b4b7580227480deee4d257fb9be951;0xbae02121;0x686451f1L;0.500000;1503102792;1503102792
0;32;8048;0xba766e14622d8e521021d48e926296f2b7a8120b5eccfc92241d317401ce59bb;0xda66f915afebba3bff65bb034a45fc5dc5b4b7580227480deee4d257fb9be951;0xbae02121;0x686451f1L;0.500000;1503102792;1503102793
