0;32;8048;0x0a591fa35222702663a73c31c977163b9a7a1af420a2c7f045d1dbedd5b319e0;0x5626676ccfda4987fb7fcec54c1872a6e8e497aea62e14651b09f64c847f83cc;0xb66c8180;0x4815e108L;0.500000;1503093907;1503093907
0;32;8048;0x0a591fa35222702663a73c31c977163b9a7a1af420a2c7f045d1dbedd5b319e0;0x5626676ccfda4987fb7fcec54c1872a6e8e497aea62e14651b09f64c847f83cc;0xb66c8180;0x4815e108L;0.500000;1503093907;1503093908
0;32;8048;0xdebf9b88c7e2ab12e5b0b22dd9be96c68f53feb59927d2cefb3512a98adf9768;0xc53cfef60a821425ac2ad6f5492ec98f0aa9b3c980c2dd9e330d2310d992fdb9;0x5773d665;0x889c0a4aL;0.500000;1503093908;1503093908
0;32;8048;0xdebf9b88c7e2ab12e5b0b22dd9be96c68f53feb59927d2cefb3512a98adf9768;0xc53cfef60a821425ac2ad6f5492ec98f0aa9b3c980c2dd9e330d2310d992fdb9;0x5773d665;0x889c0a4aL;0.500000;1503093908;1503093908
0;32;8048;0xdebf9b88c7e2ab12e5b0b22dd9be96c68f53feb59927d2cefb3512a98adf9768;0xc53cfef60a821425ac2ad6f5492ec98f0aa9b3c980c2dd9e330d2310d992fdb9;0x5773d665;0x889c0a4aL;0.500000;1503093908;1503093909
0;32;8048;0x57c176b1522796e65ad81c22922aa66505978231e70d360046e5b894fd443354;0x889d578ca063b81a39747c165bb9925a1903206a4b853544cde2fe8c09d405cb;0x3ef74e10;0x19c11452L;0.500000;1503093909;1503093909
0;32;8048;0x57c176b1522796e65ad81c22922aa66505978231e70d360046e5b894fd443354;0x889d578ca063b81a39747c165bb9925a1903206a4b853544cde2fe8c09d405cb;0x3ef74e10;0x19c11452L;0.500000;1503093909;1503093909
0;32;8048;0x57c176b1522796e65ad81c22922aa66505978231e70d360046e5b894fd443354;0x889d578ca063b81a39747c165bb9925a1903206a4b853544cde2fe8c09d405cb;0x3ef74e10;0x19c11452L;0.500000;1503093909;1503093910
0;32;8048;0x0e5392a054d7e0b6daf7b23dc2c1c9d5deb035544aaf1701356d92f525acd333;0x07f0f9fe6d9e63c1762f309a77b6b407a178ff58f6f928e6d6a100865cf2f39e;0xcc64acae;0x45619feL;0.500000;1503093910;1503093910
0;32;8048;0x0e5392a054d7e0b6daf7b23dc2c1c9d5deb035544aaf1701356d92f525acd333;0x07f0f9fe6d9e63c1762f309a77b6b407a178ff58f6f928e6d6a100865cf2f39e;0xcc64acae;0x45619feL;0.500000;1503093910;1503093910
0;32;8048;0x0e5392a054d7e0b6daf7b23dc2c1c9d5deb035544aaf1701356d92f525acd333;0x07f0f9fe6d9e63c1762f309a77b6b407a178ff58f6f928e6d6a100865cf2f39e;0xcc64acae;0x45619feL;0.500000;1503093910;1503093910
0;32;8048;0x0e5392a054d7e0b6daf7b23dc2c1c9d5deb035544aaf1701356d92f525acd333;0x07f0f9fe6d9e63c1762f309a77b6b407a178ff58f6f928e6d6a100865cf2f39e;0xcc64acae;0x45619feL;0.500000;1503093911;1503093911
0;32;8048;0x2fb9a3c107fefb8dd332ae9e262d7239f42eec616016b74af88cd1e642170071;0x495768e2ab5c691be265fbb18f4d8655d41efff5199d957cf43e558ac48896b3;0x5de45e93;0x82895899L;0.500000;1503093911;1503093911
0;32;8048;0x2fb9a3c107fefb8dd332ae9e262d7239f42eec616016b74af88cd1e642170071;0x495768e2ab5c691be265fbb18f4d8655d41efff5199d957cf43e558ac48896b3;0x5de45e93;0x82895899L;0.500000;1503093911;1503093911
0;32;8048;0x2fb9a3c107fefb8dd332ae9e262d7239f42eec616016b74af88cd1e642170071;0x495768e2ab5c691be265fbb18f4d8655d41efff5199d957cf43e558ac48896b3;0x5de45e93;0x82895899L;0.500000;1503093911;1503093912
0;32;8048;0x780c147df0236a608b8ddf3a8339a5ffdd415f4e5f04ff7ebecbd6e830830ba8;0x4ebb23c597190e295a12c7f5a4d68102820c1f05277e50eb4e2830a3035040c8;0x84be9441;0xf788456dL;0.500000;1503093912;1503093912
0;32;8048;0x780c147df0236a608b8ddf3a8339a5ffdd415f4e5f04ff7ebecbd6e830830ba8;0x4ebb23c597190e295a12c7f5a4d68102820c1f05277e50eb4e2830a3035040c8;0x84be9441;0xf788456dL;0.500000;1503093912;1503093912
0;32;8048;0x780c147df0236a608b8ddf3a8339a5ffdd415f4e5f04ff7ebecbd6e830830ba8;0x4ebb23c597190e295a12c7f5a4d68102820c1f05277e50eb4e2830a3035040c8;0x84be9441;0xf788456dL;0.500000;1503093912;1503093913
0;32;8048;0xfc5783862e65de2204514bfac12e2185709773e347a7d82a9d440c73dc8798d9;0x8daa157afe76993317787dea4a15aba47e69446f5bfddb6403b21e8f01b6c31e;0xa4f0ad20;0x51c4123cL;0.500000;1503093913;1503093913
0;32;8048;0xfc5783862e65de2204514bfac12e2185709773e347a7d82a9d440c73dc8798d9;0x8daa157afe76993317787dea4a15aba47e69446f5bfddb6403b21e8f01b6c31e;0xa4f0ad20;0x51c4123cL;0.500000;1503093913;1503093913
