0;32;8048;0x0f45de8bafbd2b6d8195f42664c679d0bdcfc06c4d974087c16d1cce9131e2a0;0xffeac5794bcf2cac6be59c3f377b85a1353b3826bebdeaf3ba90660cca11fadf;0xcce3f13e;0x885921a0L;0.500000;1503183933;1503183933
0;32;8048;0x0f45de8bafbd2b6d8195f42664c679d0bdcfc06c4d974087c16d1cce9131e2a0;0xffeac5794bcf2cac6be59c3f377b85a1353b3826bebdeaf3ba90660cca11fadf;0xcce3f13e;0x885921a0L;0.500000;1503183933;1503183933
0;32;8048;0x0f45de8bafbd2b6d8195f42664c679d0bdcfc06c4d974087c16d1cce9131e2a0;0xffeac5794bcf2cac6be59c3f377b85a1353b3826bebdeaf3ba90660cca11fadf;0xcce3f13e;0x885921a0L;0.500000;1503183933;1503183934
0;32;8048;0x23baf4937e7e2a95ff69fc7d1fc573ec9ebce99f1c343fa868193089c9ec44ec;0xf3bb0cc70d8e5171048941890e2daf586f106eb384dd745ff27c8bffed2df214;0x581c010b;0x8ad8041L;0.500000;1503183934;1503183934
0;32;8048;0x23baf4937e7e2a95ff69fc7d1fc573ec9ebce99f1c343fa868193089c9ec44ec;0xf3bb0cc70d8e5171048941890e2daf586f106eb384dd745ff27c8bffed2df214;0x581c010b;0x8ad8041L;0.500000;1503183934;1503183934
0;32;8048;0x23baf4937e7e2a95ff69fc7d1fc573ec9ebce99f1c343fa868193089c9ec44ec;0xf3bb0cc70d8e5171048941890e2daf586f106eb384dd745ff27c8bffed2df214;0x581c010b;0x8ad8041L;0.500000;1503183934;1503183935
0;32;8048;0x93c22345dcc1ddcc3769c458f0890036da7d7fcab6daf5623a16ad58efcdc482;0x5b0fdd76106615322dca6d576375b471046915e6f6afd245a3de5b83e16de609;0xdc134a5d;0xaafc1432L;0.500000;1503183935;1503183935
0;32;8048;0x93c22345dcc1ddcc3769c458f0890036da7d7fcab6daf5623a16ad58efcdc482;0x5b0fdd76106615322dca6d576375b471046915e6f6afd245a3de5b83e16de609;0xdc134a5d;0xaafc1432L;0.500000;1503183935;1503183935
0;32;8048;0x93c22345dcc1ddcc3769c458f0890036da7d7fcab6daf5623a16ad58efcdc482;0x5b0fdd76106615322dca6d576375b471046915e6f6afd245a3de5b83e16de609;0xdc134a5d;0xaafc1432L;0.500000;1503183935;1503183935
0;32;8048;0x93c22345dcc1ddcc3769c458f0890036da7d7fcab6daf5623a16ad58efcdc482;0x5b0fdd76106615322dca6d576375b471046915e6f6afd245a3de5b83e16de609;0xdc134a5d;0xaafc1432L;0.500000;1503183935;1503183936
0;32;8048;0x48ef777e39221f0bcb4c4cc24243344f55737ec4edf85b55970ce896efcb0238;0x4fcc4b32b2e0bd5f5b11427bf77b733a415212909349c5a16fcba0113053c4d7;0x5cabbf18;0x2210697aL;0.500000;1503183936;1503183936
0;32;8048;0x48ef777e39221f0bcb4c4cc24243344f55737ec4edf85b55970ce896efcb0238;0x4fcc4b32b2e0bd5f5b11427bf77b733a415212909349c5a16fcba0113053c4d7;0x5cabbf18;0x2210697aL;0.500000;1503183936;1503183936
0;32;8048;0x48ef777e39221f0bcb4c4cc24243344f55737ec4edf85b55970ce896efcb0238;0x4fcc4b32b2e0bd5f5b11427bf77b733a415212909349c5a16fcba0113053c4d7;0x5cabbf18;0x2210697aL;0.500000;1503183936;1503183936
0;32;8048;0x48ef777e39221f0bcb4c4cc24243344f55737ec4edf85b55970ce896efcb0238;0x4fcc4b32b2e0bd5f5b11427bf77b733a415212909349c5a16fcba0113053c4d7;0x5cabbf18;0x2210697aL;0.500000;1503183936;1503183937
0;32;8048;0xb3fcd604101c3ca2771f9dac9da0316386be696b4487f1b30264a7a3ab26d55e;0xe1fb071bdbf2e9eb8e4bba6c706fe6109d05212f202766edc34e0646b0ec7148;0x4edceb3b;0x5849835L;0.500000;1503183937;1503183937
0;32;8048;0xb3fcd604101c3ca2771f9dac9da0316386be696b4487f1b30264a7a3ab26d55e;0xe1fb071bdbf2e9eb8e4bba6c706fe6109d05212f202766edc34e0646b0ec7148;0x4edceb3b;0x5849835L;0.500000;1503183937;1503183937
0;32;8048;0xb3fcd604101c3ca2771f9dac9da0316386be696b4487f1b30264a7a3ab26d55e;0xe1fb071bdbf2e9eb8e4bba6c706fe6109d05212f202766edc34e0646b0ec7148;0x4edceb3b;0x5849835L;0.500000;1503183937;1503183938
0;32;8048;0x35020c2ae942e05a478cd617c431f7406b8c92c8cb02bcbd0882d83b43ac9679;0x89f35e00e08cd7500c884cfa2f5cb2bab4f2ecbc27daa24b0e1df3c414105cbf;0xa1ad4b54;0xac4430b6L;0.500000;1503183938;1503183938
0;32;8048;0x35020c2ae942e05a478cd617c431f7406b8c92c8cb02bcbd0882d83b43ac9679;0x89f35e00e08cd7500c884cfa2f5cb2bab4f2ecbc27daa24b0e1df3c414105cbf;0xa1ad4b54;0xac4430b6L;0.500000;1503183938;1503183938
0;32;8048;0x35020c2ae942e05a478cd617c431f7406b8c92c8cb02bcbd0882d83b43ac9679;0x89f35e00e08cd7500c884cfa2f5cb2bab4f2ecbc27daa24b0e1df3c414105cbf;0xa1ad4b54;0xac4430b6L;0.500000;1503183938;1503183938
