0;32;8048;0x66cafbc1bc6d848459b904bc86ec890cb433cbba248e5c96dff591cf1bd8f181;0xb4fe6beefb0ba61439c1cdbc9085f2e3308b47812162e6196892e8faf8b4d4b6;0x5499efb7;0x814a890L;0.500000;1503193408;1503193408
0;32;8048;0x66cafbc1bc6d848459b904bc86ec890cb433cbba248e5c96dff591cf1bd8f181;0xb4fe6beefb0ba61439c1cdbc9085f2e3308b47812162e6196892e8faf8b4d4b6;0x5499efb7;0x814a890L;0.500000;1503193408;1503193409
0;32;8048;0x59d25959e974735ec37f846ef44b06e165378958c70b7b791571fe936c02bdc5;0xa11f4665ccb8a5c6a2c4e7178da10016788fda0471b421bb3004cbf4104ee983;0xd9dd47ba;0x14593fd6L;0.500000;1503193409;1503193409
0;32;8048;0x59d25959e974735ec37f846ef44b06e165378958c70b7b791571fe936c02bdc5;0xa11f4665ccb8a5c6a2c4e7178da10016788fda0471b421bb3004cbf4104ee983;0xd9dd47ba;0x14593fd6L;0.500000;1503193409;1503193409
0;32;8048;0x59d25959e974735ec37f846ef44b06e165378958c70b7b791571fe936c02bdc5;0xa11f4665ccb8a5c6a2c4e7178da10016788fda0471b421bb3004cbf4104ee983;0xd9dd47ba;0x14593fd6L;0.500000;1503193409;1503193409
0;32;8048;0x59d25959e974735ec37f846ef44b06e165378958c70b7b791571fe936c02bdc5;0xa11f4665ccb8a5c6a2c4e7178da10016788fda0471b421bb3004cbf4104ee983;0xd9dd47ba;0x14593fd6L;0.500000;1503193409;1503193410
0;32;8048;0xeb0c7bd1558e664a40a66fe31e13c8e8460b7816dea0aefc475694bccccb23b7;0x89ba19e226e64ced409e0b46953d3864e243db6bee7c3a5fc3c9698bb7247c1b;0xc08fd965;0x90800831L;0.500000;1503193410;1503193410
0;32;8048;0xeb0c7bd1558e664a40a66fe31e13c8e8460b7816dea0aefc475694bccccb23b7;0x89ba19e226e64ced409e0b46953d3864e243db6bee7c3a5fc3c9698bb7247c1b;0xc08fd965;0x90800831L;0.500000;1503193410;1503193410
0;32;8048;0xeb0c7bd1558e664a40a66fe31e13c8e8460b7816dea0aefc475694bccccb23b7;0x89ba19e226e64ced409e0b46953d3864e243db6bee7c3a5fc3c9698bb7247c1b;0xc08fd965;0x90800831L;0.500000;1503193410;1503193411
0;32;8048;0x515faff241088618fb860dcfbfe372ea095a4341c1cd5c126e6769ef02aa9653;0xe491738a6eee72e047f1205acf9f07aa11430f000f2ae97f67aa4022e871b37c;0xd466d08b;0xc3cdc0dL;0.500000;1503193411;1503193411
0;32;8048;0x515faff241088618fb860dcfbfe372ea095a4341c1cd5c126e6769ef02aa9653;0xe491738a6eee72e047f1205acf9f07aa11430f000f2ae97f67aa4022e871b37c;0xd466d08b;0xc3cdc0dL;0.500000;1503193411;1503193411
0;32;8048;0x515faff241088618fb860dcfbfe372ea095a4341c1cd5c126e6769ef02aa9653;0xe491738a6eee72e047f1205acf9f07aa11430f000f2ae97f67aa4022e871b37c;0xd466d08b;0xc3cdc0dL;0.500000;1503193411;1503193411
0;32;8048;0x515faff241088618fb860dcfbfe372ea095a4341c1cd5c126e6769ef02aa9653;0xe491738a6eee72e047f1205acf9f07aa11430f000f2ae97f67aa4022e871b37c;0xd466d08b;0xc3cdc0dL;0.500000;1503193411;1503193412
0;32;8048;0xc102d2c5594320c5869fc8dad6a0d65f2d262753b3b9742e9d345078afc3a470;0xe29288d6cda0204259792f10939f576c5aa64431a1b7a7e09ff2a0fdc4f08cbc;0x9dd536b5;0x7a0c8809L;0.500000;1503193412;1503193412
0;32;8048;0xc102d2c5594320c5869fc8dad6a0d65f2d262753b3b9742e9d345078afc3a470;0xe29288d6cda0204259792f10939f576c5aa64431a1b7a7e09ff2a0fdc4f08cbc;0x9dd536b5;0x7a0c8809L;0.500000;1503193412;1503193412
0;32;8048;0xc102d2c5594320c5869fc8dad6a0d65f2d262753b3b9742e9d345078afc3a470;0xe29288d6cda0204259792f10939f576c5aa64431a1b7a7e09ff2a0fdc4f08cbc;0x9dd536b5;0x7a0c8809L;0.500000;1503193412;1503193412
0;32;8048;0xc102d2c5594320c5869fc8dad6a0d65f2d262753b3b9742e9d345078afc3a470;0xe29288d6cda0204259792f10939f576c5aa64431a1b7a7e09ff2a0fdc4f08cbc;0x9dd536b5;0x7a0c8809L;0.500000;1503193412;1503193413
0;32;8048;0xe3bf0515d247161bc504cfe6b4ce1ec39f49748129046b83c448a3e65eb42041;0x8e92bb5f1506790681b73ebca7dcbdff885e1f42dcd7c224777e9b0f9c594bb4;0xabd9d053;0x90cac07aL;0.500000;1503193413;1503193413
0;32;8048;0xe3bf0515d247161bc504cfe6b4ce1ec39f49748129046b83c448a3e65eb42041;0x8e92bb5f1506790681b73ebca7dcbdff885e1f42dcd7c224777e9b0f9c594bb4;0xabd9d053;0x90cac07aL;0.500000;1503193413;1503193413
0;32;8048;0xe3bf0515d247161bc504cfe6b4ce1ec39f49748129046b83c448a3e65eb42041;0x8e92bb5f1506790681b73ebca7dcbdff885e1f42dcd7c224777e9b0f9c594bb4;0xabd9d053;0x90cac07aL;0.500000;1503193413;1503193414
