0;32;8048;0x8aec6bd4932b8ae64d974f0de047c958ab394c1d640ebefaa9b44edfa6d3c730;0xa0987cb7a1ac884b867693bc3eb507319c9fa4ce6b893ee46c890eb022c739f7;0xba4e22ac;0xc3303482L;0.500000;1503240943;1503240943
0;32;8048;0x8aec6bd4932b8ae64d974f0de047c958ab394c1d640ebefaa9b44edfa6d3c730;0xa0987cb7a1ac884b867693bc3eb507319c9fa4ce6b893ee46c890eb022c739f7;0xba4e22ac;0xc3303482L;0.500000;1503240943;1503240943
0;32;8048;0x8aec6bd4932b8ae64d974f0de047c958ab394c1d640ebefaa9b44edfa6d3c730;0xa0987cb7a1ac884b867693bc3eb507319c9fa4ce6b893ee46c890eb022c739f7;0xba4e22ac;0xc3303482L;0.500000;1503240943;1503240944
0;32;8048;0x00bf0eb7a359538d5bc230a6f59be68fa7063e846f64d6b2a3a94586e0b49ae1;0x7142f895040ca10f0a720b7047ef39eaf11516802031387bff8fe277cc2b50c1;0x96a2a750;0x988b668L;0.500000;1503240944;1503240944
0;32;8048;0x00bf0eb7a359538d5bc230a6f59be68fa7063e846f64d6b2a3a94586e0b49ae1;0x7142f895040ca10f0a720b7047ef39eaf11516802031387bff8fe277cc2b50c1;0x96a2a750;0x988b668L;0.500000;1503240944;1503240944
0;32;8048;0x00bf0eb7a359538d5bc230a6f59be68fa7063e846f64d6b2a3a94586e0b49ae1;0x7142f895040ca10f0a720b7047ef39eaf11516802031387bff8fe277cc2b50c1;0x96a2a750;0x988b668L;0.500000;1503240944;1503240945
0;32;8048;0x773b34a7cb5f7aa087ca7dcbf551ddc54a3e6deae334d1bdf65863617ae325f2;0xd79f89f7e15fbfb7f20a910c0a8596a4dd6b1336f2333dc20c92924e8dfcd232;0xa9622d54;0x8241f87aL;0.500000;1503240945;1503240945
0;32;8048;0x773b34a7cb5f7aa087ca7dcbf551ddc54a3e6deae334d1bdf65863617ae325f2;0xd79f89f7e15fbfb7f20a910c0a8596a4dd6b1336f2333dc20c92924e8dfcd232;0xa9622d54;0x8241f87aL;0.500000;1503240945;1503240945
0;32;8048;0x773b34a7cb5f7aa087ca7dcbf551ddc54a3e6deae334d1bdf65863617ae325f2;0xd79f89f7e15fbfb7f20a910c0a8596a4dd6b1336f2333dc20c92924e8dfcd232;0xa9622d54;0x8241f87aL;0.500000;1503240945;1503240945
0;32;8048;0x773b34a7cb5f7aa087ca7dcbf551ddc54a3e6deae334d1bdf65863617ae325f2;0xd79f89f7e15fbfb7f20a910c0a8596a4dd6b1336f2333dc20c92924e8dfcd232;0xa9622d54;0x8241f87aL;0.500000;1503240945;1503240946
0;32;8048;0x7fcdc2e64d3b137d67afdb50ff14f999ed78c5c20d845ab4fcc6bec41ca7079b;0x15b0227082568d9ecc242b7967d2fe79b10b2fb147d3c695d8341b2b078e0313;0x48b51e49;0xa6f31608L;0.500000;1503240946;1503240946
0;32;8048;0x7fcdc2e64d3b137d67afdb50ff14f999ed78c5c20d845ab4fcc6bec41ca7079b;0x15b0227082568d9ecc242b7967d2fe79b10b2fb147d3c695d8341b2b078e0313;0x48b51e49;0xa6f31608L;0.500000;1503240946;1503240946
0;32;8048;0x7fcdc2e64d3b137d67afdb50ff14f999ed78c5c20d845ab4fcc6bec41ca7079b;0x15b0227082568d9ecc242b7967d2fe79b10b2fb147d3c695d8341b2b078e0313;0x48b51e49;0xa6f31608L;0.500000;1503240946;1503240947
0;32;8048;0x23f3315432300baf19dc960a8fb2028cede09c03dea2f00a6e23a5626eda6291;0xd3d05dd1a8eed62a533f4759edb05ab417610c80bc763e4d2ca08c20e006e13f;0x804ac50f;0x5040562fL;0.500000;1503240947;1503240947
0;32;8048;0x23f3315432300baf19dc960a8fb2028cede09c03dea2f00a6e23a5626eda6291;0xd3d05dd1a8eed62a533f4759edb05ab417610c80bc763e4d2ca08c20e006e13f;0x804ac50f;0x5040562fL;0.500000;1503240947;1503240947
0;32;8048;0x23f3315432300baf19dc960a8fb2028cede09c03dea2f00a6e23a5626eda6291;0xd3d05dd1a8eed62a533f4759edb05ab417610c80bc763e4d2ca08c20e006e13f;0x804ac50f;0x5040562fL;0.500000;1503240947;1503240947
0;32;8048;0x23f3315432300baf19dc960a8fb2028cede09c03dea2f00a6e23a5626eda6291;0xd3d05dd1a8eed62a533f4759edb05ab417610c80bc763e4d2ca08c20e006e13f;0x804ac50f;0x5040562fL;0.500000;1503240948;1503240948
0;32;8048;0x2e2000d1cb82d374a3b0789cc336bcf3a205fa60604d996f9035b6daab251fd9;0x52d65b6125833f020524aaec8034facacc4fd2e9ac0de37b6caee77ebfb9c355;0x8cd39cc3;0x42228302L;0.500000;1503240948;1503240948
0;32;8048;0x2e2000d1cb82d374a3b0789cc336bcf3a205fa60604d996f9035b6daab251fd9;0x52d65b6125833f020524aaec8034facacc4fd2e9ac0de37b6caee77ebfb9c355;0x8cd39cc3;0x42228302L;0.500000;1503240948;1503240948
0;32;8048;0x2e2000d1cb82d374a3b0789cc336bcf3a205fa60604d996f9035b6daab251fd9;0x52d65b6125833f020524aaec8034facacc4fd2e9ac0de37b6caee77ebfb9c355;0x8cd39cc3;0x42228302L;0.500000;1503240949;1503240949
