0;32;8048;0x0dcf4393d5d5d78685c8866024961c0d91b78452181618d23acd0d745312f960;0x29e424431d6c83ae4e4f28ed22f9b2dba0decd7cdc3f6bb183014fda04d9cce7;0xfcf526ed;0x2e405599L;0.500000;1503118049;1503118049
0;32;8048;0x0dcf4393d5d5d78685c8866024961c0d91b78452181618d23acd0d745312f960;0x29e424431d6c83ae4e4f28ed22f9b2dba0decd7cdc3f6bb183014fda04d9cce7;0xfcf526ed;0x2e405599L;0.500000;1503118049;1503118050
0;32;8048;0xf5e3b91b31c3e71f9a2ef7dce8efd5bfbcaf32e835525759fabbcfd0378f9a2c;0x668dc6d38c6ea33529e600893a6e17a3617903d46ed5e6b29042448cf4f5c499;0xbf5b5be8;0xc42c0ac0L;0.500000;1503118050;1503118050
0;32;8048;0xf5e3b91b31c3e71f9a2ef7dce8efd5bfbcaf32e835525759fabbcfd0378f9a2c;0x668dc6d38c6ea33529e600893a6e17a3617903d46ed5e6b29042448cf4f5c499;0xbf5b5be8;0xc42c0ac0L;0.500000;1503118050;1503118050
0;32;8048;0xf5e3b91b31c3e71f9a2ef7dce8efd5bfbcaf32e835525759fabbcfd0378f9a2c;0x668dc6d38c6ea33529e600893a6e17a3617903d46ed5e6b29042448cf4f5c499;0xbf5b5be8;0xc42c0ac0L;0.500000;1503118050;1503118050
0;32;8048;0xb61993d91d13e67b9cd7c36a5976f8acecf27c9ec1b664f08c46ef7ee522889b;0x57396fda5a0bdc257e7cedb6ec24a79173519adc61518ad1a7d5c571155e9568;0xc04cd752;0x8844b980L;0.500000;1503118051;1503118051
0;32;8048;0xb61993d91d13e67b9cd7c36a5976f8acecf27c9ec1b664f08c46ef7ee522889b;0x57396fda5a0bdc257e7cedb6ec24a79173519adc61518ad1a7d5c571155e9568;0xc04cd752;0x8844b980L;0.500000;1503118051;1503118051
0;32;8048;0xb61993d91d13e67b9cd7c36a5976f8acecf27c9ec1b664f08c46ef7ee522889b;0x57396fda5a0bdc257e7cedb6ec24a79173519adc61518ad1a7d5c571155e9568;0xc04cd752;0x8844b980L;0.500000;1503118051;1503118051
0;32;8048;0xb61993d91d13e67b9cd7c36a5976f8acecf27c9ec1b664f08c46ef7ee522889b;0x57396fda5a0bdc257e7cedb6ec24a79173519adc61518ad1a7d5c571155e9568;0xc04cd752;0x8844b980L;0.500000;1503118051;1503118052
0;32;8048;0xbd4108a2289d1fa3158fbdf6761161b962522b8752615c50790bceddf1c76faf;0x32558635dd000ab7e69079026228eaecd450e48d8caa804e1d7a4b5a6f09406e;0xcd578ac8;0x5473cac0L;0.500000;1503118052;1503118052
0;32;8048;0xbd4108a2289d1fa3158fbdf6761161b962522b8752615c50790bceddf1c76faf;0x32558635dd000ab7e69079026228eaecd450e48d8caa804e1d7a4b5a6f09406e;0xcd578ac8;0x5473cac0L;0.500000;1503118052;1503118052
0;32;8048;0xbd4108a2289d1fa3158fbdf6761161b962522b8752615c50790bceddf1c76faf;0x32558635dd000ab7e69079026228eaecd450e48d8caa804e1d7a4b5a6f09406e;0xcd578ac8;0x5473cac0L;0.500000;1503118052;1503118053
0;32;8048;0x35396537a9ae5654d9abcf39bf838f86bda5bd04927bcb6c010ecf0a39f8876e;0x257533110d1ad02d3eba7a06714cc72252f9eec1b7feccde124490304d92e77f;0x44b0cc36;0x80788709L;0.500000;1503118053;1503118053
0;32;8048;0x35396537a9ae5654d9abcf39bf838f86bda5bd04927bcb6c010ecf0a39f8876e;0x257533110d1ad02d3eba7a06714cc72252f9eec1b7feccde124490304d92e77f;0x44b0cc36;0x80788709L;0.500000;1503118053;1503118053
0;32;8048;0x35396537a9ae5654d9abcf39bf838f86bda5bd04927bcb6c010ecf0a39f8876e;0x257533110d1ad02d3eba7a06714cc72252f9eec1b7feccde124490304d92e77f;0x44b0cc36;0x80788709L;0.500000;1503118053;1503118054
0;32;8048;0xb7098b6c057c91af38b4762ce8732eab4a57d3d90b8ca22752ab3d014e3c0805;0xd2d7c918470edb0eee6e5b961a263c02a5e8615ab89fdf91c2ed388663a50b81;0x3eb04688;0x41422432L;0.500000;1503118054;1503118054
0;32;8048;0xb7098b6c057c91af38b4762ce8732eab4a57d3d90b8ca22752ab3d014e3c0805;0xd2d7c918470edb0eee6e5b961a263c02a5e8615ab89fdf91c2ed388663a50b81;0x3eb04688;0x41422432L;0.500000;1503118054;1503118054
0;32;8048;0xb7098b6c057c91af38b4762ce8732eab4a57d3d90b8ca22752ab3d014e3c0805;0xd2d7c918470edb0eee6e5b961a263c02a5e8615ab89fdf91c2ed388663a50b81;0x3eb04688;0x41422432L;0.500000;1503118054;1503118054
0;32;8048;0xb7098b6c057c91af38b4762ce8732eab4a57d3d90b8ca22752ab3d014e3c0805;0xd2d7c918470edb0eee6e5b961a263c02a5e8615ab89fdf91c2ed388663a50b81;0x3eb04688;0x41422432L;0.500000;1503118055;1503118055
0;32;8048;0xd70689cfef6fcee2d8368280eee7f670cf4b42c71c5ae8891050a6ce223b98fa;0xf1e516edd118b8f77717cb2d78abc39b7175c251776a01f4b8c1b66fc5a281d2;0xb717b6f1;0x605e20c0L;0.500000;1503118055;1503118055
