0;32;8048;0xaa3dbeaf600ad478b42dc2a038113db855326cb2ba50ad02b3d0cb135ef13908;0xc2226ad0a62c7acf87b2600d80662acc352281ccbd26070c125216487d991d98;0x8fa82c89;0x6e415f0aL;0.500000;1503185091;1503185091
0;32;8048;0xaa3dbeaf600ad478b42dc2a038113db855326cb2ba50ad02b3d0cb135ef13908;0xc2226ad0a62c7acf87b2600d80662acc352281ccbd26070c125216487d991d98;0x8fa82c89;0x6e415f0aL;0.500000;1503185091;1503185091
0;32;8048;0xaa3dbeaf600ad478b42dc2a038113db855326cb2ba50ad02b3d0cb135ef13908;0xc2226ad0a62c7acf87b2600d80662acc352281ccbd26070c125216487d991d98;0x8fa82c89;0x6e415f0aL;0.500000;1503185091;1503185092
0;32;8048;0x96a33b80a12d8dd5965ac5c92e465a541b21ee9ff8415eff5ad4fba955c1a2ec;0xf9462a16da3aa3138285bc3560437590cd683d630312f15ad4825ea07aa7b1ff;0x6607116d;0x88e59122L;0.500000;1503185092;1503185092
0;32;8048;0x96a33b80a12d8dd5965ac5c92e465a541b21ee9ff8415eff5ad4fba955c1a2ec;0xf9462a16da3aa3138285bc3560437590cd683d630312f15ad4825ea07aa7b1ff;0x6607116d;0x88e59122L;0.500000;1503185092;1503185092
0;32;8048;0x96a33b80a12d8dd5965ac5c92e465a541b21ee9ff8415eff5ad4fba955c1a2ec;0xf9462a16da3aa3138285bc3560437590cd683d630312f15ad4825ea07aa7b1ff;0x6607116d;0x88e59122L;0.500000;1503185092;1503185092
0;32;8048;0x96a33b80a12d8dd5965ac5c92e465a541b21ee9ff8415eff5ad4fba955c1a2ec;0xf9462a16da3aa3138285bc3560437590cd683d630312f15ad4825ea07aa7b1ff;0x6607116d;0x88e59122L;0.500000;1503185093;1503185093
0;32;8048;0x37fd2c56d30fa56ed3b0909b8a49bf0e2035b17edbdba22a1b3b253dd37de00a;0x9ed258b63ed0411b06801f0e8f93386d7af3bab30bd8abd7a3c1430ae83506ab;0x98e9eafe;0x50786a18L;0.500000;1503185093;1503185093
0;32;8048;0x37fd2c56d30fa56ed3b0909b8a49bf0e2035b17edbdba22a1b3b253dd37de00a;0x9ed258b63ed0411b06801f0e8f93386d7af3bab30bd8abd7a3c1430ae83506ab;0x98e9eafe;0x50786a18L;0.500000;1503185093;1503185093
0;32;8048;0x37fd2c56d30fa56ed3b0909b8a49bf0e2035b17edbdba22a1b3b253dd37de00a;0x9ed258b63ed0411b06801f0e8f93386d7af3bab30bd8abd7a3c1430ae83506ab;0x98e9eafe;0x50786a18L;0.500000;1503185093;1503185094
0;32;8048;0xbf05f535f80ad3ad34abbc5f370b32919314e96885839b8f946146e9349a29f3;0x24a9820af7412b1473aa22a8dedac515c0c673d286d9bd9e2464ab425cc68d9b;0x96945f26;0x9a480bacL;0.500000;1503185094;1503185094
0;32;8048;0xbf05f535f80ad3ad34abbc5f370b32919314e96885839b8f946146e9349a29f3;0x24a9820af7412b1473aa22a8dedac515c0c673d286d9bd9e2464ab425cc68d9b;0x96945f26;0x9a480bacL;0.500000;1503185094;1503185094
0;32;8048;0xbf05f535f80ad3ad34abbc5f370b32919314e96885839b8f946146e9349a29f3;0x24a9820af7412b1473aa22a8dedac515c0c673d286d9bd9e2464ab425cc68d9b;0x96945f26;0x9a480bacL;0.500000;1503185094;1503185094
0;32;8048;0xbf05f535f80ad3ad34abbc5f370b32919314e96885839b8f946146e9349a29f3;0x24a9820af7412b1473aa22a8dedac515c0c673d286d9bd9e2464ab425cc68d9b;0x96945f26;0x9a480bacL;0.500000;1503185094;1503185095
0;32;8048;0x7999298e24c91b78e036124b1f686097f6c78b821911fde96c9d882b21f0ee9a;0x4ea67c095a16ed948f255a4fca00efe003be7448a2f0d9e5ddb5c29fc9afe358;0x61208fe5;0x9011368eL;0.500000;1503185095;1503185095
0;32;8048;0x7999298e24c91b78e036124b1f686097f6c78b821911fde96c9d882b21f0ee9a;0x4ea67c095a16ed948f255a4fca00efe003be7448a2f0d9e5ddb5c29fc9afe358;0x61208fe5;0x9011368eL;0.500000;1503185095;1503185095
0;32;8048;0x7999298e24c91b78e036124b1f686097f6c78b821911fde96c9d882b21f0ee9a;0x4ea67c095a16ed948f255a4fca00efe003be7448a2f0d9e5ddb5c29fc9afe358;0x61208fe5;0x9011368eL;0.500000;1503185095;1503185096
0;32;8048;0x1f4ab360e4ed136861c6ef7fe23e1516d663599ba1eb7795e421974b807b11a0;0x41186d5e80a3b82d859a66d7d7c4bdcef4f66acc994403331508742c5f8a4488;0x44d8ab5c;0xb9a5412L;0.500000;1503185096;1503185096
0;32;8048;0x1f4ab360e4ed136861c6ef7fe23e1516d663599ba1eb7795e421974b807b11a0;0x41186d5e80a3b82d859a66d7d7c4bdcef4f66acc994403331508742c5f8a4488;0x44d8ab5c;0xb9a5412L;0.500000;1503185096;1503185096
0;32;8048;0x1f4ab360e4ed136861c6ef7fe23e1516d663599ba1eb7795e421974b807b11a0;0x41186d5e80a3b82d859a66d7d7c4bdcef4f66acc994403331508742c5f8a4488;0x44d8ab5c;0xb9a5412L;0.500000;1503185096;1503185096
