0;32;8048;0x6ca1a934c7c745b5c49b768a0a0fb5adfa4f566a3b94ffea0c7817f60b73ee77;0xd5099e33ebee5ce25eaf8fa1495e01390ead9f43fa79cced1b439480efa7da6e;0x00325910;0xd20a05b1L;0.500000;1503230280;1503230280
0;32;8048;0x6ca1a934c7c745b5c49b768a0a0fb5adfa4f566a3b94ffea0c7817f60b73ee77;0xd5099e33ebee5ce25eaf8fa1495e01390ead9f43fa79cced1b439480efa7da6e;0x00325910;0xd20a05b1L;0.500000;1503230280;1503230280
0;32;8048;0x6ca1a934c7c745b5c49b768a0a0fb5adfa4f566a3b94ffea0c7817f60b73ee77;0xd5099e33ebee5ce25eaf8fa1495e01390ead9f43fa79cced1b439480efa7da6e;0x00325910;0xd20a05b1L;0.500000;1503230280;1503230281
0;32;8048;0x9da6370a317ebfce9dd7d62142cb5294b06e27c0a6e41a558cd454737b5b2c18;0x7f99120c4b7eb86381c2bca00fecf0b3f19c79fbc6cf12ba500c13cbf25ab60d;0x13f5b7ef;0xae091c20L;0.500000;1503230281;1503230281
0;32;8048;0x9da6370a317ebfce9dd7d62142cb5294b06e27c0a6e41a558cd454737b5b2c18;0x7f99120c4b7eb86381c2bca00fecf0b3f19c79fbc6cf12ba500c13cbf25ab60d;0x13f5b7ef;0xae091c20L;0.500000;1503230281;1503230281
0;32;8048;0x9da6370a317ebfce9dd7d62142cb5294b06e27c0a6e41a558cd454737b5b2c18;0x7f99120c4b7eb86381c2bca00fecf0b3f19c79fbc6cf12ba500c13cbf25ab60d;0x13f5b7ef;0xae091c20L;0.500000;1503230281;1503230281
0;32;8048;0x9da6370a317ebfce9dd7d62142cb5294b06e27c0a6e41a558cd454737b5b2c18;0x7f99120c4b7eb86381c2bca00fecf0b3f19c79fbc6cf12ba500c13cbf25ab60d;0x13f5b7ef;0xae091c20L;0.500000;1503230282;1503230282
0;32;8048;0x3c34bbcc3e90625dda8f2924cf736fabf2c41a6d431c720bebeb8cfa7d23e3b9;0x984cd8964c25c60384356fd49bf1f6658c257450b00fff5276572c5b24f2fefc;0x346fe428;0x185a8702L;0.500000;1503230282;1503230282
0;32;8048;0x3c34bbcc3e90625dda8f2924cf736fabf2c41a6d431c720bebeb8cfa7d23e3b9;0x984cd8964c25c60384356fd49bf1f6658c257450b00fff5276572c5b24f2fefc;0x346fe428;0x185a8702L;0.500000;1503230282;1503230282
0;32;8048;0x3c34bbcc3e90625dda8f2924cf736fabf2c41a6d431c720bebeb8cfa7d23e3b9;0x984cd8964c25c60384356fd49bf1f6658c257450b00fff5276572c5b24f2fefc;0x346fe428;0x185a8702L;0.500000;1503230282;1503230283
0;32;8048;0x8f5e374f28ccb9ff1359008cf38778779e9c1bb4a23c7d1313d1745cbc47f94b;0x41517e64203fe44e253e89712242d65931e3eb5b455a7b0a894a376867d706dd;0x29ffd3e7;0x280490e4L;0.500000;1503230283;1503230283
0;32;8048;0x8f5e374f28ccb9ff1359008cf38778779e9c1bb4a23c7d1313d1745cbc47f94b;0x41517e64203fe44e253e89712242d65931e3eb5b455a7b0a894a376867d706dd;0x29ffd3e7;0x280490e4L;0.500000;1503230283;1503230283
0;32;8048;0x8f5e374f28ccb9ff1359008cf38778779e9c1bb4a23c7d1313d1745cbc47f94b;0x41517e64203fe44e253e89712242d65931e3eb5b455a7b0a894a376867d706dd;0x29ffd3e7;0x280490e4L;0.500000;1503230283;1503230283
0;32;8048;0x8f5e374f28ccb9ff1359008cf38778779e9c1bb4a23c7d1313d1745cbc47f94b;0x41517e64203fe44e253e89712242d65931e3eb5b455a7b0a894a376867d706dd;0x29ffd3e7;0x280490e4L;0.500000;1503230284;1503230284
0;32;8048;0xc491513b11066682495773e99d9100c2f8375e1ea15d3e27319145c704db3ac8;0x957db12d6c1b975bea610d3246d4948042fe84202a465a672b425037150745b0;0xfd197b60;0xa14e8210L;0.500000;1503230284;1503230284
0;32;8048;0xc491513b11066682495773e99d9100c2f8375e1ea15d3e27319145c704db3ac8;0x957db12d6c1b975bea610d3246d4948042fe84202a465a672b425037150745b0;0xfd197b60;0xa14e8210L;0.500000;1503230284;1503230284
0;32;8048;0xc491513b11066682495773e99d9100c2f8375e1ea15d3e27319145c704db3ac8;0x957db12d6c1b975bea610d3246d4948042fe84202a465a672b425037150745b0;0xfd197b60;0xa14e8210L;0.500000;1503230284;1503230285
0;32;8048;0x17c44f56df78ec1460650fc3adcdb425516fe7c6f20075110cf7ec682c59bb43;0x05eb976ad8fb20c855bcf0f09c9d593ef60ef8f8d078a84ef80c990286c7d138;0x9d153061;0x160dda04L;0.500000;1503230285;1503230285
0;32;8048;0x17c44f56df78ec1460650fc3adcdb425516fe7c6f20075110cf7ec682c59bb43;0x05eb976ad8fb20c855bcf0f09c9d593ef60ef8f8d078a84ef80c990286c7d138;0x9d153061;0x160dda04L;0.500000;1503230285;1503230285
0;32;8048;0x17c44f56df78ec1460650fc3adcdb425516fe7c6f20075110cf7ec682c59bb43;0x05eb976ad8fb20c855bcf0f09c9d593ef60ef8f8d078a84ef80c990286c7d138;0x9d153061;0x160dda04L;0.500000;1503230285;1503230286
