0;32;8048;0x9e1cbc7567027b15a183372bac1cda082d436b392aec55646e591243db282879;0xd5f6f68ee284afd795ab8571ddb83d2120e45faa2f980c0cb2f63b1426ba3ca1;0x4bbef13a;0x90912484L;0.500000;1503223167;1503223167
0;32;8048;0x9e1cbc7567027b15a183372bac1cda082d436b392aec55646e591243db282879;0xd5f6f68ee284afd795ab8571ddb83d2120e45faa2f980c0cb2f63b1426ba3ca1;0x4bbef13a;0x90912484L;0.500000;1503223167;1503223168
0;32;8048;0xdf70dcfb95db8509a2637380341dff85a617266625ac40eb7e2e8ba9d02d4eaf;0xd0594a28f4268b7e1afea3da5b567171e5133beb06022142e85e06a065492899;0x0f9698ed;0xb5484404L;0.500000;1503223168;1503223168
0;32;8048;0xdf70dcfb95db8509a2637380341dff85a617266625ac40eb7e2e8ba9d02d4eaf;0xd0594a28f4268b7e1afea3da5b567171e5133beb06022142e85e06a065492899;0x0f9698ed;0xb5484404L;0.500000;1503223168;1503223168
0;32;8048;0xdf70dcfb95db8509a2637380341dff85a617266625ac40eb7e2e8ba9d02d4eaf;0xd0594a28f4268b7e1afea3da5b567171e5133beb06022142e85e06a065492899;0x0f9698ed;0xb5484404L;0.500000;1503223168;1503223168
0;32;8048;0xdf70dcfb95db8509a2637380341dff85a617266625ac40eb7e2e8ba9d02d4eaf;0xd0594a28f4268b7e1afea3da5b567171e5133beb06022142e85e06a065492899;0x0f9698ed;0xb5484404L;0.500000;1503223169;1503223169
0;32;8048;0x27f87bc2ffb8be748a4619700413ed4e9c84fc089fe565afae1c8b2acacc0df1;0x0354b736e61f2b5293989a723ea59d816dc4b10b3ad1e42c4f8ee05f37eb710a;0x93c2b0e2;0xa0433441L;0.500000;1503223169;1503223169
0;32;8048;0x27f87bc2ffb8be748a4619700413ed4e9c84fc089fe565afae1c8b2acacc0df1;0x0354b736e61f2b5293989a723ea59d816dc4b10b3ad1e42c4f8ee05f37eb710a;0x93c2b0e2;0xa0433441L;0.500000;1503223169;1503223169
0;32;8048;0x27f87bc2ffb8be748a4619700413ed4e9c84fc089fe565afae1c8b2acacc0df1;0x0354b736e61f2b5293989a723ea59d816dc4b10b3ad1e42c4f8ee05f37eb710a;0x93c2b0e2;0xa0433441L;0.500000;1503223169;1503223170
0;32;8048;0x87638878cc44437c8b12c6be81271cc5493b50e248b75c9d031d381bbe2cef45;0x4452fddd44ab869e8530a98a70d0606ddc65f7c7c936ad7a19db68bac6d874fe;0xa8934a9f;0x36dc85bcL;0.500000;1503223170;1503223170
0;32;8048;0x87638878cc44437c8b12c6be81271cc5493b50e248b75c9d031d381bbe2cef45;0x4452fddd44ab869e8530a98a70d0606ddc65f7c7c936ad7a19db68bac6d874fe;0xa8934a9f;0x36dc85bcL;0.500000;1503223170;1503223170
0;32;8048;0x87638878cc44437c8b12c6be81271cc5493b50e248b75c9d031d381bbe2cef45;0x4452fddd44ab869e8530a98a70d0606ddc65f7c7c936ad7a19db68bac6d874fe;0xa8934a9f;0x36dc85bcL;0.500000;1503223170;1503223170
0;32;8048;0x87638878cc44437c8b12c6be81271cc5493b50e248b75c9d031d381bbe2cef45;0x4452fddd44ab869e8530a98a70d0606ddc65f7c7c936ad7a19db68bac6d874fe;0xa8934a9f;0x36dc85bcL;0.500000;1503223171;1503223171
0;32;8048;0xbbaee13c4921ef4f8a1eafc6516450114453e48711d00566c37961a68e57254a;0x8ba5e16996180ae994b84187086dab5103c7054a3981af61d3311bf1897519ab;0x007e2b28;0x1314c341L;0.500000;1503223171;1503223171
0;32;8048;0xbbaee13c4921ef4f8a1eafc6516450114453e48711d00566c37961a68e57254a;0x8ba5e16996180ae994b84187086dab5103c7054a3981af61d3311bf1897519ab;0x007e2b28;0x1314c341L;0.500000;1503223171;1503223171
0;32;8048;0xbbaee13c4921ef4f8a1eafc6516450114453e48711d00566c37961a68e57254a;0x8ba5e16996180ae994b84187086dab5103c7054a3981af61d3311bf1897519ab;0x007e2b28;0x1314c341L;0.500000;1503223171;1503223172
0;32;8048;0xd49f0cbbea2eabbf36ab95e13da46d7abcb91f4b80a0a901a7d318f60222e3d6;0xd3f648adc5bff246f8a8e85d883d9a60cfbf407126d2e010862b1f81bc22da15;0x1be69b4b;0xa2130998L;0.500000;1503223172;1503223172
0;32;8048;0xd49f0cbbea2eabbf36ab95e13da46d7abcb91f4b80a0a901a7d318f60222e3d6;0xd3f648adc5bff246f8a8e85d883d9a60cfbf407126d2e010862b1f81bc22da15;0x1be69b4b;0xa2130998L;0.500000;1503223172;1503223172
0;32;8048;0xd49f0cbbea2eabbf36ab95e13da46d7abcb91f4b80a0a901a7d318f60222e3d6;0xd3f648adc5bff246f8a8e85d883d9a60cfbf407126d2e010862b1f81bc22da15;0x1be69b4b;0xa2130998L;0.500000;1503223172;1503223173
0;32;8048;0x5c93e34626354b8e91cf718a1414f96adef27ddc3525a4fef796ba3777801ad4;0x0800f0b66ff797756c13b8578c90e6082a669655f36f4710a316ae86a78ca151;0x3ad4fb99;0xb457a809L;0.500000;1503223173;1503223173
