0;32;8048;0x7686158dafb4e0244cc82bce97273424de54f887bc98a6587368d73031dc6da7;0x56c27b0af9c2d24894f46759358ba9a28d73a53f42eb0008138b3db95d079366;0x9293daac;0x25943832L;0.500000;1503110443;1503110444
0;32;8048;0x4c05d88ceee684a4802d46d09d6188cb4e0f19d130bd334bdf3a755945a67a91;0x16a41cf5ca3b5a895459f0acead148264b5b029599ea59d890f0f9aee6af28be;0x6d299fdf;0xc8050e0aL;0.500000;1503110444;1503110444
0;32;8048;0x4c05d88ceee684a4802d46d09d6188cb4e0f19d130bd334bdf3a755945a67a91;0x16a41cf5ca3b5a895459f0acead148264b5b029599ea59d890f0f9aee6af28be;0x6d299fdf;0xc8050e0aL;0.500000;1503110444;1503110444
0;32;8048;0x4c05d88ceee684a4802d46d09d6188cb4e0f19d130bd334bdf3a755945a67a91;0x16a41cf5ca3b5a895459f0acead148264b5b029599ea59d890f0f9aee6af28be;0x6d299fdf;0xc8050e0aL;0.500000;1503110444;1503110445
0;32;8048;0x7c953025b2759988178db0ff7fbb6051e25ae61b431153cd273c22db0599aa82;0x11dc61f59512ecb6685500a2b52ff37305ac73093ebb05fa6fcea8378e1ef425;0xd2a32dbb;0xa1887695L;0.500000;1503110445;1503110445
0;32;8048;0x7c953025b2759988178db0ff7fbb6051e25ae61b431153cd273c22db0599aa82;0x11dc61f59512ecb6685500a2b52ff37305ac73093ebb05fa6fcea8378e1ef425;0xd2a32dbb;0xa1887695L;0.500000;1503110445;1503110445
0;32;8048;0x7c953025b2759988178db0ff7fbb6051e25ae61b431153cd273c22db0599aa82;0x11dc61f59512ecb6685500a2b52ff37305ac73093ebb05fa6fcea8378e1ef425;0xd2a32dbb;0xa1887695L;0.500000;1503110445;1503110445
0;32;8048;0x7c953025b2759988178db0ff7fbb6051e25ae61b431153cd273c22db0599aa82;0x11dc61f59512ecb6685500a2b52ff37305ac73093ebb05fa6fcea8378e1ef425;0xd2a32dbb;0xa1887695L;0.500000;1503110445;1503110446
0;32;8048;0xaa7a34b041dac20d542df21e5bd34ef0c35451873b4fa37a59c253c7f13ab49b;0xdfbb0c0c9d434e08014dd8554e0aa4212aa170ad6f973ea81ec676f67dc365c5;0xf0cc53d0;0x4692e32L;0.500000;1503110446;1503110446
0;32;8048;0xaa7a34b041dac20d542df21e5bd34ef0c35451873b4fa37a59c253c7f13ab49b;0xdfbb0c0c9d434e08014dd8554e0aa4212aa170ad6f973ea81ec676f67dc365c5;0xf0cc53d0;0x4692e32L;0.500000;1503110446;1503110446
0;32;8048;0xaa7a34b041dac20d542df21e5bd34ef0c35451873b4fa37a59c253c7f13ab49b;0xdfbb0c0c9d434e08014dd8554e0aa4212aa170ad6f973ea81ec676f67dc365c5;0xf0cc53d0;0x4692e32L;0.500000;1503110446;1503110447
0;32;8048;0xd0a2bd123142626e69eb81cfffb280f75bae0af85983d31ad38e8d3b7c78d84c;0x710165768f087c7b7b3a510aa7bceca48688f46715335d739ef5f237c79bd80e;0x7d2c1f25;0xe1441231L;0.500000;1503110447;1503110447
0;32;8048;0xd0a2bd123142626e69eb81cfffb280f75bae0af85983d31ad38e8d3b7c78d84c;0x710165768f087c7b7b3a510aa7bceca48688f46715335d739ef5f237c79bd80e;0x7d2c1f25;0xe1441231L;0.500000;1503110447;1503110447
0;32;8048;0xd0a2bd123142626e69eb81cfffb280f75bae0af85983d31ad38e8d3b7c78d84c;0x710165768f087c7b7b3a510aa7bceca48688f46715335d739ef5f237c79bd80e;0x7d2c1f25;0xe1441231L;0.500000;1503110447;1503110447
0;32;8048;0xd0a2bd123142626e69eb81cfffb280f75bae0af85983d31ad38e8d3b7c78d84c;0x710165768f087c7b7b3a510aa7bceca48688f46715335d739ef5f237c79bd80e;0x7d2c1f25;0xe1441231L;0.500000;1503110447;1503110448
0;32;8048;0x17dad0f486bfc74ccefb3349a667cda3dbd96d97a0796ab9945f8ab787bc079e;0x75572b21730dd377dde51c0bc4e9f363d3aa58678aeaf6bec0ebe71df35c00a2;0xff6b173b;0x1022814L;0.500000;1503110448;1503110448
0;32;8048;0x17dad0f486bfc74ccefb3349a667cda3dbd96d97a0796ab9945f8ab787bc079e;0x75572b21730dd377dde51c0bc4e9f363d3aa58678aeaf6bec0ebe71df35c00a2;0xff6b173b;0x1022814L;0.500000;1503110448;1503110448
0;32;8048;0x17dad0f486bfc74ccefb3349a667cda3dbd96d97a0796ab9945f8ab787bc079e;0x75572b21730dd377dde51c0bc4e9f363d3aa58678aeaf6bec0ebe71df35c00a2;0xff6b173b;0x1022814L;0.500000;1503110448;1503110449
0;32;8048;0x9c8fa95b318c1b4a54258fa5bdbc2e28e8560dc0eed481a5ddc69e6472d67f0e;0x50137233f985947b4e8bf446fdb63724e1ba6db934192879056a21499e6a4a60;0x92d8a47c;0x1ec59010L;0.500000;1503110449;1503110449
0;32;8048;0x9c8fa95b318c1b4a54258fa5bdbc2e28e8560dc0eed481a5ddc69e6472d67f0e;0x50137233f985947b4e8bf446fdb63724e1ba6db934192879056a21499e6a4a60;0x92d8a47c;0x1ec59010L;0.500000;1503110449;1503110449
