0;32;8048;0xdb652a358f57ea99980b50fe864b99afb9e2cea3f694bc2f5fb63822bf6f3c9a;0x7a6b3073d30287b41266613366b675a05023d7af68ea0b1e1aa498d3cd28301c;0xb399c79e;0x198072e5L;0.500000;1503229084;1503229084
0;32;8048;0xdb652a358f57ea99980b50fe864b99afb9e2cea3f694bc2f5fb63822bf6f3c9a;0x7a6b3073d30287b41266613366b675a05023d7af68ea0b1e1aa498d3cd28301c;0xb399c79e;0x198072e5L;0.500000;1503229084;1503229084
0;32;8048;0xdb652a358f57ea99980b50fe864b99afb9e2cea3f694bc2f5fb63822bf6f3c9a;0x7a6b3073d30287b41266613366b675a05023d7af68ea0b1e1aa498d3cd28301c;0xb399c79e;0x198072e5L;0.500000;1503229084;1503229084
0;32;8048;0xdb652a358f57ea99980b50fe864b99afb9e2cea3f694bc2f5fb63822bf6f3c9a;0x7a6b3073d30287b41266613366b675a05023d7af68ea0b1e1aa498d3cd28301c;0xb399c79e;0x198072e5L;0.500000;1503229084;1503229085
0;32;8048;0x2432f3769e5a4e1d5dd6d6cd61d8a0526509999d9f397f1bc8c4e6cc80586da5;0x384018a292ced041d1e8753dacf1dc687d47c56ca9bcccb9995d9249aa10985b;0x554f9fef;0x1f03043L;0.500000;1503229085;1503229085
0;32;8048;0x2432f3769e5a4e1d5dd6d6cd61d8a0526509999d9f397f1bc8c4e6cc80586da5;0x384018a292ced041d1e8753dacf1dc687d47c56ca9bcccb9995d9249aa10985b;0x554f9fef;0x1f03043L;0.500000;1503229085;1503229085
0;32;8048;0x2432f3769e5a4e1d5dd6d6cd61d8a0526509999d9f397f1bc8c4e6cc80586da5;0x384018a292ced041d1e8753dacf1dc687d47c56ca9bcccb9995d9249aa10985b;0x554f9fef;0x1f03043L;0.500000;1503229085;1503229085
0;32;8048;0x2432f3769e5a4e1d5dd6d6cd61d8a0526509999d9f397f1bc8c4e6cc80586da5;0x384018a292ced041d1e8753dacf1dc687d47c56ca9bcccb9995d9249aa10985b;0x554f9fef;0x1f03043L;0.500000;1503229086;1503229086
0;32;8048;0xfc8201cacbcbc9ea8c890f5a76f8d8e69a65777535897bd2f2906893e5086be1;0xacf414acc96f8b6148ba4490cb60a547e40d9ec8442a47e0e9ad5e16fa5c4749;0x86d29171;0xd16a0eb8L;0.500000;1503229086;1503229086
0;32;8048;0xfc8201cacbcbc9ea8c890f5a76f8d8e69a65777535897bd2f2906893e5086be1;0xacf414acc96f8b6148ba4490cb60a547e40d9ec8442a47e0e9ad5e16fa5c4749;0x86d29171;0xd16a0eb8L;0.500000;1503229086;1503229086
0;32;8048;0xfc8201cacbcbc9ea8c890f5a76f8d8e69a65777535897bd2f2906893e5086be1;0xacf414acc96f8b6148ba4490cb60a547e40d9ec8442a47e0e9ad5e16fa5c4749;0x86d29171;0xd16a0eb8L;0.500000;1503229086;1503229087
0;32;8048;0xe939d9bb11c7f1d9e61423ed462cc93675be1019bffa8b07730e07799f3d5a89;0x45b1dec5e6c4fd52d7f3cdce7125785af72613db052982f945078f832443ec85;0xf39b3c6c;0x4bc1a188L;0.500000;1503229087;1503229087
0;32;8048;0xe939d9bb11c7f1d9e61423ed462cc93675be1019bffa8b07730e07799f3d5a89;0x45b1dec5e6c4fd52d7f3cdce7125785af72613db052982f945078f832443ec85;0xf39b3c6c;0x4bc1a188L;0.500000;1503229087;1503229087
0;32;8048;0xe939d9bb11c7f1d9e61423ed462cc93675be1019bffa8b07730e07799f3d5a89;0x45b1dec5e6c4fd52d7f3cdce7125785af72613db052982f945078f832443ec85;0xf39b3c6c;0x4bc1a188L;0.500000;1503229087;1503229087
0;32;8048;0xe939d9bb11c7f1d9e61423ed462cc93675be1019bffa8b07730e07799f3d5a89;0x45b1dec5e6c4fd52d7f3cdce7125785af72613db052982f945078f832443ec85;0xf39b3c6c;0x4bc1a188L;0.500000;1503229087;1503229088
0;32;8048;0xcce089004f96f0c64bd53cbc3c183a9bb2e5b464ec0dcb8f161779287080ca3c;0x3cf3b7bcba8044a8f555926bf076e49190ae1679f12e8fdd6ce7673ec2100a11;0x7f85325b;0x46410ea0L;0.500000;1503229088;1503229088
0;32;8048;0xcce089004f96f0c64bd53cbc3c183a9bb2e5b464ec0dcb8f161779287080ca3c;0x3cf3b7bcba8044a8f555926bf076e49190ae1679f12e8fdd6ce7673ec2100a11;0x7f85325b;0x46410ea0L;0.500000;1503229088;1503229088
0;32;8048;0xcce089004f96f0c64bd53cbc3c183a9bb2e5b464ec0dcb8f161779287080ca3c;0x3cf3b7bcba8044a8f555926bf076e49190ae1679f12e8fdd6ce7673ec2100a11;0x7f85325b;0x46410ea0L;0.500000;1503229088;1503229088
0;32;8048;0xcce089004f96f0c64bd53cbc3c183a9bb2e5b464ec0dcb8f161779287080ca3c;0x3cf3b7bcba8044a8f555926bf076e49190ae1679f12e8fdd6ce7673ec2100a11;0x7f85325b;0x46410ea0L;0.500000;1503229089;1503229089
0;32;8048;0x54cf44ee7c026fc389820c88b0493ccf79a064e91fb648cf0c92c846978b5aeb;0x2a96d96922d89a1a8aec4ebf15af372b786c8674656e98d0e615ded41f576cf4;0x718cfb11;0xb50168afL;0.500000;1503229089;1503229089
