0;32;8048;0xc28d57351ef8589c5cfa72be2b24c6a2b598f86b953e0a0a0cf8f331138ae8d5;0x26636702f9270fec596f98fb00dbd00dcd3865cd920406a09921b50f8a93a679;0x6fdf0b10;0x3a449605L;0.500000;1503189841;1503189841
0;32;8048;0xc28d57351ef8589c5cfa72be2b24c6a2b598f86b953e0a0a0cf8f331138ae8d5;0x26636702f9270fec596f98fb00dbd00dcd3865cd920406a09921b50f8a93a679;0x6fdf0b10;0x3a449605L;0.500000;1503189842;1503189842
0;32;8048;0x8c0057947742f561d2a60f7cd85922e8ecc1edac12c346ed67242c7000761c8c;0x375eddcb9cab55345764bb22957e5fdd10945b3f95bcf4a88a0a8ddd15be5b2a;0xc4753c19;0xae08046L;0.500000;1503189842;1503189842
0;32;8048;0x8c0057947742f561d2a60f7cd85922e8ecc1edac12c346ed67242c7000761c8c;0x375eddcb9cab55345764bb22957e5fdd10945b3f95bcf4a88a0a8ddd15be5b2a;0xc4753c19;0xae08046L;0.500000;1503189842;1503189842
0;32;8048;0x8c0057947742f561d2a60f7cd85922e8ecc1edac12c346ed67242c7000761c8c;0x375eddcb9cab55345764bb22957e5fdd10945b3f95bcf4a88a0a8ddd15be5b2a;0xc4753c19;0xae08046L;0.500000;1503189842;1503189843
0;32;8048;0x55d3c6907a7991e7e1c01c72cde948d07fdf43261979506e9ad597311b883170;0x56b9582314d2d20bda23b70dfa08315534b6ae565ac90579af9c987e8f10ec9f;0x36669825;0xc480c08L;0.500000;1503189843;1503189843
0;32;8048;0x55d3c6907a7991e7e1c01c72cde948d07fdf43261979506e9ad597311b883170;0x56b9582314d2d20bda23b70dfa08315534b6ae565ac90579af9c987e8f10ec9f;0x36669825;0xc480c08L;0.500000;1503189843;1503189843
0;32;8048;0x55d3c6907a7991e7e1c01c72cde948d07fdf43261979506e9ad597311b883170;0x56b9582314d2d20bda23b70dfa08315534b6ae565ac90579af9c987e8f10ec9f;0x36669825;0xc480c08L;0.500000;1503189843;1503189843
0;32;8048;0x55d3c6907a7991e7e1c01c72cde948d07fdf43261979506e9ad597311b883170;0x56b9582314d2d20bda23b70dfa08315534b6ae565ac90579af9c987e8f10ec9f;0x36669825;0xc480c08L;0.500000;1503189843;1503189844
0;32;8048;0x4affcf5430a3ea90c88c6efa9c7b1c5a8c7380b12efc6e80417a1fb0dbacda26;0x62fe260e472bdf1a32fd7de1dfe5bd2ca3102bc31d87efc7ce497468a7ad7ce2;0x366eefe0;0x280680bcL;0.500000;1503189844;1503189844
0;32;8048;0x4affcf5430a3ea90c88c6efa9c7b1c5a8c7380b12efc6e80417a1fb0dbacda26;0x62fe260e472bdf1a32fd7de1dfe5bd2ca3102bc31d87efc7ce497468a7ad7ce2;0x366eefe0;0x280680bcL;0.500000;1503189844;1503189844
0;32;8048;0x4affcf5430a3ea90c88c6efa9c7b1c5a8c7380b12efc6e80417a1fb0dbacda26;0x62fe260e472bdf1a32fd7de1dfe5bd2ca3102bc31d87efc7ce497468a7ad7ce2;0x366eefe0;0x280680bcL;0.500000;1503189844;1503189845
0;32;8048;0x8ab325a549e947a7117a56f8a028feab808b7f84106e17ec2c55e69be8830573;0x4ccfc8fe50b17a164a1bd68cbb6020052f592ac086ee0c3c4cfd0ea2e67b9a7b;0x641fc5ce;0x3c714a7dL;0.500000;1503189845;1503189845
0;32;8048;0x8ab325a549e947a7117a56f8a028feab808b7f84106e17ec2c55e69be8830573;0x4ccfc8fe50b17a164a1bd68cbb6020052f592ac086ee0c3c4cfd0ea2e67b9a7b;0x641fc5ce;0x3c714a7dL;0.500000;1503189845;1503189845
0;32;8048;0x8ab325a549e947a7117a56f8a028feab808b7f84106e17ec2c55e69be8830573;0x4ccfc8fe50b17a164a1bd68cbb6020052f592ac086ee0c3c4cfd0ea2e67b9a7b;0x641fc5ce;0x3c714a7dL;0.500000;1503189845;1503189846
0;32;8048;0x46c823195f76013bdb2d1476c854bb0835cfe9cfb551f0e77825c335eac55d30;0xcfa58e2b371793b7488b51eb5be64cf32bcbedbecbbc80e78ed194385c254c0c;0xd8e49628;0xe3041122L;0.500000;1503189846;1503189846
0;32;8048;0x46c823195f76013bdb2d1476c854bb0835cfe9cfb551f0e77825c335eac55d30;0xcfa58e2b371793b7488b51eb5be64cf32bcbedbecbbc80e78ed194385c254c0c;0xd8e49628;0xe3041122L;0.500000;1503189846;1503189846
0;32;8048;0x46c823195f76013bdb2d1476c854bb0835cfe9cfb551f0e77825c335eac55d30;0xcfa58e2b371793b7488b51eb5be64cf32bcbedbecbbc80e78ed194385c254c0c;0xd8e49628;0xe3041122L;0.500000;1503189846;1503189846
0;32;8048;0x46c823195f76013bdb2d1476c854bb0835cfe9cfb551f0e77825c335eac55d30;0xcfa58e2b371793b7488b51eb5be64cf32bcbedbecbbc80e78ed194385c254c0c;0xd8e49628;0xe3041122L;0.500000;1503189846;1503189847
0;32;8048;0xb3b24d92f8653ffff12d57aefc505f46f926ba8af3b98fd8f0503f862860ebdb;0xbb6025c2e964677d68f5dc1c04bd30cc13ac807e836f07511a1f9d4d178653db;0x871c995c;0x1442a409L;0.500000;1503189847;1503189847
