0;32;8048;0x1716528985443ac4f7dc92332472ef6864d2f727ca16e54b90d309267638b58e;0x08820d0df1937b3761efaa30ad7e4594093cfdede9d3926d6aaf12607ce9220c;0xc30206fd;0xe631329L;0.500000;1503226731;1503226732
0;32;8048;0xdbf182248783f9533edc2cced47661095e9dabff649dfdaac661618663c6673e;0xb814eaed88be289b90c85963491f81fd6f69745a65e28fbc813f892c32f225ac;0xb13d4848;0x9144550aL;0.500000;1503226732;1503226732
0;32;8048;0xdbf182248783f9533edc2cced47661095e9dabff649dfdaac661618663c6673e;0xb814eaed88be289b90c85963491f81fd6f69745a65e28fbc813f892c32f225ac;0xb13d4848;0x9144550aL;0.500000;1503226732;1503226732
0;32;8048;0xdbf182248783f9533edc2cced47661095e9dabff649dfdaac661618663c6673e;0xb814eaed88be289b90c85963491f81fd6f69745a65e28fbc813f892c32f225ac;0xb13d4848;0x9144550aL;0.500000;1503226732;1503226732
0;32;8048;0xdbf182248783f9533edc2cced47661095e9dabff649dfdaac661618663c6673e;0xb814eaed88be289b90c85963491f81fd6f69745a65e28fbc813f892c32f225ac;0xb13d4848;0x9144550aL;0.500000;1503226733;1503226733
0;32;8048;0x12b04bfd9199d7b468e34344d334326d18aef59b5a940252b7bcc2ee005d7412;0xd5d2267b710995d57673a85843069f71d5187395fd3fdc8d10b7dfd82b34305f;0xed5544ee;0x3901009L;0.500000;1503226733;1503226733
0;32;8048;0x12b04bfd9199d7b468e34344d334326d18aef59b5a940252b7bcc2ee005d7412;0xd5d2267b710995d57673a85843069f71d5187395fd3fdc8d10b7dfd82b34305f;0xed5544ee;0x3901009L;0.500000;1503226733;1503226733
0;32;8048;0x12b04bfd9199d7b468e34344d334326d18aef59b5a940252b7bcc2ee005d7412;0xd5d2267b710995d57673a85843069f71d5187395fd3fdc8d10b7dfd82b34305f;0xed5544ee;0x3901009L;0.500000;1503226733;1503226734
0;32;8048;0x7ab0bedd175cdf828fd4e1b5275d3523908e792f923c4cc134f4bffb5aca0dd5;0x467897fe7c00993bca99791362b1747a8e9964f8ddc707a49af303f2db037a9a;0xec0a7ccc;0x10316408L;0.500000;1503226734;1503226734
0;32;8048;0x7ab0bedd175cdf828fd4e1b5275d3523908e792f923c4cc134f4bffb5aca0dd5;0x467897fe7c00993bca99791362b1747a8e9964f8ddc707a49af303f2db037a9a;0xec0a7ccc;0x10316408L;0.500000;1503226734;1503226734
0;32;8048;0x7ab0bedd175cdf828fd4e1b5275d3523908e792f923c4cc134f4bffb5aca0dd5;0x467897fe7c00993bca99791362b1747a8e9964f8ddc707a49af303f2db037a9a;0xec0a7ccc;0x10316408L;0.500000;1503226734;1503226734
0;32;8048;0x64bffbf268f6fd99a4559a0d606613a7c0f70cb0f14000bdf95a13c703b4d067;0x96a0249a57be8f9f0535aca636a117f29651bc932cb7e291d79489eb37b745e3;0xb4ccdc82;0x444612a4L;0.500000;1503226735;1503226735
0;32;8048;0x64bffbf268f6fd99a4559a0d606613a7c0f70cb0f14000bdf95a13c703b4d067;0x96a0249a57be8f9f0535aca636a117f29651bc932cb7e291d79489eb37b745e3;0xb4ccdc82;0x444612a4L;0.500000;1503226735;1503226735
0;32;8048;0x64bffbf268f6fd99a4559a0d606613a7c0f70cb0f14000bdf95a13c703b4d067;0x96a0249a57be8f9f0535aca636a117f29651bc932cb7e291d79489eb37b745e3;0xb4ccdc82;0x444612a4L;0.500000;1503226735;1503226735
0;32;8048;0x64bffbf268f6fd99a4559a0d606613a7c0f70cb0f14000bdf95a13c703b4d067;0x96a0249a57be8f9f0535aca636a117f29651bc932cb7e291d79489eb37b745e3;0xb4ccdc82;0x444612a4L;0.500000;1503226735;1503226736
0;32;8048;0x29fe12cd746791d392d4417ceee11c529f79847e0084e9b0b238c04db93c1ae2;0x6852995381e3cb7ca0ae75bc6ce46e2e03bee6eda89bec364ec86a63475889b3;0x8d9ba037;0x19717445L;0.500000;1503226736;1503226736
0;32;8048;0x29fe12cd746791d392d4417ceee11c529f79847e0084e9b0b238c04db93c1ae2;0x6852995381e3cb7ca0ae75bc6ce46e2e03bee6eda89bec364ec86a63475889b3;0x8d9ba037;0x19717445L;0.500000;1503226736;1503226736
0;32;8048;0x29fe12cd746791d392d4417ceee11c529f79847e0084e9b0b238c04db93c1ae2;0x6852995381e3cb7ca0ae75bc6ce46e2e03bee6eda89bec364ec86a63475889b3;0x8d9ba037;0x19717445L;0.500000;1503226736;1503226736
0;32;8048;0x29fe12cd746791d392d4417ceee11c529f79847e0084e9b0b238c04db93c1ae2;0x6852995381e3cb7ca0ae75bc6ce46e2e03bee6eda89bec364ec86a63475889b3;0x8d9ba037;0x19717445L;0.500000;1503226737;1503226737
0;32;8048;0x15508581533f7c9ed02e2978f19aeceea065e50813a82ebbb8e5a4adcaf7abe0;0x52cb7675743bd281491f726a88b62a2127bb8a6dccd904d9ba2530845ce781ca;0x610e11f6;0x46147a14L;0.500000;1503226737;1503226737
