0;32;8048;0x8cb102e764c4bac70cc9064c9119635b89c41360ded4423ffa435ac5520e0cde;0x9d708edbbfccd1b18e19b5c7d4929a258f5e75f1633d5db86437db3f2a144ef3;0xa712c927;0x9f115c3cL;0.500000;1503160167;1503160167
0;32;8048;0x8cb102e764c4bac70cc9064c9119635b89c41360ded4423ffa435ac5520e0cde;0x9d708edbbfccd1b18e19b5c7d4929a258f5e75f1633d5db86437db3f2a144ef3;0xa712c927;0x9f115c3cL;0.500000;1503160167;1503160167
0;32;8048;0x8cb102e764c4bac70cc9064c9119635b89c41360ded4423ffa435ac5520e0cde;0x9d708edbbfccd1b18e19b5c7d4929a258f5e75f1633d5db86437db3f2a144ef3;0xa712c927;0x9f115c3cL;0.500000;1503160167;1503160168
0;32;8048;0x79a3e67efaf709e5d62c4744d7dd284b30ff13560455786ab63ec45c60e63fd9;0x2b2eb06795a93c8bd23522f3353ae578f442be900b84678cb656dfee5a680f6d;0x4f9771ca;0xab055f2aL;0.500000;1503160168;1503160168
0;32;8048;0x79a3e67efaf709e5d62c4744d7dd284b30ff13560455786ab63ec45c60e63fd9;0x2b2eb06795a93c8bd23522f3353ae578f442be900b84678cb656dfee5a680f6d;0x4f9771ca;0xab055f2aL;0.500000;1503160168;1503160168
0;32;8048;0x79a3e67efaf709e5d62c4744d7dd284b30ff13560455786ab63ec45c60e63fd9;0x2b2eb06795a93c8bd23522f3353ae578f442be900b84678cb656dfee5a680f6d;0x4f9771ca;0xab055f2aL;0.500000;1503160168;1503160168
0;32;8048;0x79a3e67efaf709e5d62c4744d7dd284b30ff13560455786ab63ec45c60e63fd9;0x2b2eb06795a93c8bd23522f3353ae578f442be900b84678cb656dfee5a680f6d;0x4f9771ca;0xab055f2aL;0.500000;1503160168;1503160169
0;32;8048;0xa2244695a6959399b2a1752ba81df8db1678b3d775bbc2cb1f6c3c207d084320;0xab0fafff034a4ea64d1172f5956b0d387f7ca0a2d42b0bbf60b4e9e83c61a8ef;0xf7766e9a;0x3751307aL;0.500000;1503160169;1503160169
0;32;8048;0xa2244695a6959399b2a1752ba81df8db1678b3d775bbc2cb1f6c3c207d084320;0xab0fafff034a4ea64d1172f5956b0d387f7ca0a2d42b0bbf60b4e9e83c61a8ef;0xf7766e9a;0x3751307aL;0.500000;1503160169;1503160169
0;32;8048;0xa2244695a6959399b2a1752ba81df8db1678b3d775bbc2cb1f6c3c207d084320;0xab0fafff034a4ea64d1172f5956b0d387f7ca0a2d42b0bbf60b4e9e83c61a8ef;0xf7766e9a;0x3751307aL;0.500000;1503160169;1503160170
0;32;8048;0xc2112ca5bdac0e33cadb13c1d36059fa95d836b0b8e0b5c705a1643363988d25;0x32dc00f06f8c8d28a9aee884c888d1e59d43ca33499c82f4661d8bb06e41bc6a;0x45cc2e51;0xb0e93438L;0.500000;1503160170;1503160170
0;32;8048;0xc2112ca5bdac0e33cadb13c1d36059fa95d836b0b8e0b5c705a1643363988d25;0x32dc00f06f8c8d28a9aee884c888d1e59d43ca33499c82f4661d8bb06e41bc6a;0x45cc2e51;0xb0e93438L;0.500000;1503160170;1503160170
0;32;8048;0xc2112ca5bdac0e33cadb13c1d36059fa95d836b0b8e0b5c705a1643363988d25;0x32dc00f06f8c8d28a9aee884c888d1e59d43ca33499c82f4661d8bb06e41bc6a;0x45cc2e51;0xb0e93438L;0.500000;1503160170;1503160170
0;32;8048;0xc2112ca5bdac0e33cadb13c1d36059fa95d836b0b8e0b5c705a1643363988d25;0x32dc00f06f8c8d28a9aee884c888d1e59d43ca33499c82f4661d8bb06e41bc6a;0x45cc2e51;0xb0e93438L;0.500000;1503160171;1503160171
0;32;8048;0x5399bc9a1bbe578dfaad16f3018d60e0cd705a70fb0a3e19dabec08dd2203326;0xe72a87fb651248c8abe4ad560130294790b49eed6b473cd3d3453d845e41243b;0x15d043b4;0x103a6241L;0.500000;1503160171;1503160171
0;32;8048;0x5399bc9a1bbe578dfaad16f3018d60e0cd705a70fb0a3e19dabec08dd2203326;0xe72a87fb651248c8abe4ad560130294790b49eed6b473cd3d3453d845e41243b;0x15d043b4;0x103a6241L;0.500000;1503160171;1503160171
0;32;8048;0x5399bc9a1bbe578dfaad16f3018d60e0cd705a70fb0a3e19dabec08dd2203326;0xe72a87fb651248c8abe4ad560130294790b49eed6b473cd3d3453d845e41243b;0x15d043b4;0x103a6241L;0.500000;1503160171;1503160172
0;32;8048;0xba8db8277c172886c997e0b8fa54b60367f215ccbbdc75d79d761fd2195050d4;0x4952754d82791721325d17a951c353d7a9ffb04464b03e6f102e2d04d1b75662;0x2adca6a1;0xa309f7f8L;0.500000;1503160172;1503160172
0;32;8048;0xba8db8277c172886c997e0b8fa54b60367f215ccbbdc75d79d761fd2195050d4;0x4952754d82791721325d17a951c353d7a9ffb04464b03e6f102e2d04d1b75662;0x2adca6a1;0xa309f7f8L;0.500000;1503160172;1503160172
0;32;8048;0xba8db8277c172886c997e0b8fa54b60367f215ccbbdc75d79d761fd2195050d4;0x4952754d82791721325d17a951c353d7a9ffb04464b03e6f102e2d04d1b75662;0x2adca6a1;0xa309f7f8L;0.500000;1503160172;1503160172
