0;32;8048;0xbf48dc9c5fb0195857b823c5e7005434e8a303cf3bd058156284bc0788bb0e47;0xe4d7e1091dd4165a87a565fc269a48b3bf93da3704f04f711a83b680f04c1464;0x894b5979;0x8e55848dL;0.500000;1503142214;1503142214
0;32;8048;0xbf48dc9c5fb0195857b823c5e7005434e8a303cf3bd058156284bc0788bb0e47;0xe4d7e1091dd4165a87a565fc269a48b3bf93da3704f04f711a83b680f04c1464;0x894b5979;0x8e55848dL;0.500000;1503142214;1503142214
0;32;8048;0xbf48dc9c5fb0195857b823c5e7005434e8a303cf3bd058156284bc0788bb0e47;0xe4d7e1091dd4165a87a565fc269a48b3bf93da3704f04f711a83b680f04c1464;0x894b5979;0x8e55848dL;0.500000;1503142214;1503142215
0;32;8048;0x6ba2485c9e65c8d8a8ed87aee2df677b04684a626b2fd746b1ebcf1d7b0fb7e7;0xa09af90bed074830aa1a0f4acf6c2706988a7e00b0090c60d8c388f1d5940963;0x6fb5fee7;0x4151982L;0.500000;1503142215;1503142215
0;32;8048;0x6ba2485c9e65c8d8a8ed87aee2df677b04684a626b2fd746b1ebcf1d7b0fb7e7;0xa09af90bed074830aa1a0f4acf6c2706988a7e00b0090c60d8c388f1d5940963;0x6fb5fee7;0x4151982L;0.500000;1503142215;1503142215
0;32;8048;0x6ba2485c9e65c8d8a8ed87aee2df677b04684a626b2fd746b1ebcf1d7b0fb7e7;0xa09af90bed074830aa1a0f4acf6c2706988a7e00b0090c60d8c388f1d5940963;0x6fb5fee7;0x4151982L;0.500000;1503142215;1503142215
0;32;8048;0x6ba2485c9e65c8d8a8ed87aee2df677b04684a626b2fd746b1ebcf1d7b0fb7e7;0xa09af90bed074830aa1a0f4acf6c2706988a7e00b0090c60d8c388f1d5940963;0x6fb5fee7;0x4151982L;0.500000;1503142215;1503142216
0;32;8048;0xef5a0e44213dfb0ef5817de836f356b531259044ed2a955cbc3276ecb2daeda2;0x5876a1b4b96387936f32b325a113e218897f0e7af2c60e7f8f5a1d3076c6bce9;0xda8afa97;0x9fa181a0L;0.500000;1503142216;1503142216
0;32;8048;0xef5a0e44213dfb0ef5817de836f356b531259044ed2a955cbc3276ecb2daeda2;0x5876a1b4b96387936f32b325a113e218897f0e7af2c60e7f8f5a1d3076c6bce9;0xda8afa97;0x9fa181a0L;0.500000;1503142216;1503142216
0;32;8048;0xef5a0e44213dfb0ef5817de836f356b531259044ed2a955cbc3276ecb2daeda2;0x5876a1b4b96387936f32b325a113e218897f0e7af2c60e7f8f5a1d3076c6bce9;0xda8afa97;0x9fa181a0L;0.500000;1503142216;1503142217
0;32;8048;0xfa217d9ba95430b1c051afaf47eb48906d75babdf42965bf4224dbf1a97556a4;0xf53c6164a92fdd73714c6b46958cd7365b6e8cbefe68b403f22431e6fbdd4a82;0x12b0b82a;0x2b02590L;0.500000;1503142217;1503142217
0;32;8048;0xfa217d9ba95430b1c051afaf47eb48906d75babdf42965bf4224dbf1a97556a4;0xf53c6164a92fdd73714c6b46958cd7365b6e8cbefe68b403f22431e6fbdd4a82;0x12b0b82a;0x2b02590L;0.500000;1503142217;1503142217
0;32;8048;0xfa217d9ba95430b1c051afaf47eb48906d75babdf42965bf4224dbf1a97556a4;0xf53c6164a92fdd73714c6b46958cd7365b6e8cbefe68b403f22431e6fbdd4a82;0x12b0b82a;0x2b02590L;0.500000;1503142217;1503142218
0;32;8048;0x4ddb91abdd3e28bc6f84dd5ea1c4325217df9776571ebf2885de1edb05401352;0x3be9bc1922531258de84d8a498777aa3b4976cfcd595c17e9a69a2ed5c55c427;0x64d06740;0x35509480L;0.500000;1503142218;1503142218
0;32;8048;0x4ddb91abdd3e28bc6f84dd5ea1c4325217df9776571ebf2885de1edb05401352;0x3be9bc1922531258de84d8a498777aa3b4976cfcd595c17e9a69a2ed5c55c427;0x64d06740;0x35509480L;0.500000;1503142218;1503142218
0;32;8048;0x4ddb91abdd3e28bc6f84dd5ea1c4325217df9776571ebf2885de1edb05401352;0x3be9bc1922531258de84d8a498777aa3b4976cfcd595c17e9a69a2ed5c55c427;0x64d06740;0x35509480L;0.500000;1503142218;1503142218
0;32;8048;0x4ddb91abdd3e28bc6f84dd5ea1c4325217df9776571ebf2885de1edb05401352;0x3be9bc1922531258de84d8a498777aa3b4976cfcd595c17e9a69a2ed5c55c427;0x64d06740;0x35509480L;0.500000;1503142219;1503142219
0;32;8048;0x8e729e3fa304cbfbc9822ee3e9f7bb8d4e0582190ea3d3deabbe4a94d8aaf666;0xc1733e6e811a5724d58ead7dfd39607b4779933157e5e373ed4553d2a4c456aa;0xf6b0dc12;0xca453002L;0.500000;1503142219;1503142219
0;32;8048;0x8e729e3fa304cbfbc9822ee3e9f7bb8d4e0582190ea3d3deabbe4a94d8aaf666;0xc1733e6e811a5724d58ead7dfd39607b4779933157e5e373ed4553d2a4c456aa;0xf6b0dc12;0xca453002L;0.500000;1503142219;1503142219
0;32;8048;0x8e729e3fa304cbfbc9822ee3e9f7bb8d4e0582190ea3d3deabbe4a94d8aaf666;0xc1733e6e811a5724d58ead7dfd39607b4779933157e5e373ed4553d2a4c456aa;0xf6b0dc12;0xca453002L;0.500000;1503142219;1503142220
