0;32;8048;0x75aabc2b2dd62d4b74addfde0ee203cfc2c44b5d7936c38a28de97772805f99d;0x63774b77f8db8069ab60b2306a58845f82e5dd88d32ea00dad6964998d1e54df;0x60ca341c;0x55052c41L;0.500000;1503123121;1503123121
0;32;8048;0x75aabc2b2dd62d4b74addfde0ee203cfc2c44b5d7936c38a28de97772805f99d;0x63774b77f8db8069ab60b2306a58845f82e5dd88d32ea00dad6964998d1e54df;0x60ca341c;0x55052c41L;0.500000;1503123121;1503123121
0;32;8048;0x75aabc2b2dd62d4b74addfde0ee203cfc2c44b5d7936c38a28de97772805f99d;0x63774b77f8db8069ab60b2306a58845f82e5dd88d32ea00dad6964998d1e54df;0x60ca341c;0x55052c41L;0.500000;1503123121;1503123121
0;32;8048;0x75aabc2b2dd62d4b74addfde0ee203cfc2c44b5d7936c38a28de97772805f99d;0x63774b77f8db8069ab60b2306a58845f82e5dd88d32ea00dad6964998d1e54df;0x60ca341c;0x55052c41L;0.500000;1503123122;1503123122
0;32;8048;0x0582e1d496e54d3218da2d488edb3292f233152d0075594c624ce1843452b239;0x45bebb597f0b8da31284fc34d456fef78a5d113a5eea65b36e5d2e414394b3a0;0xd857b54e;0x30c10b0aL;0.500000;1503123122;1503123122
0;32;8048;0x0582e1d496e54d3218da2d488edb3292f233152d0075594c624ce1843452b239;0x45bebb597f0b8da31284fc34d456fef78a5d113a5eea65b36e5d2e414394b3a0;0xd857b54e;0x30c10b0aL;0.500000;1503123122;1503123122
0;32;8048;0x0582e1d496e54d3218da2d488edb3292f233152d0075594c624ce1843452b239;0x45bebb597f0b8da31284fc34d456fef78a5d113a5eea65b36e5d2e414394b3a0;0xd857b54e;0x30c10b0aL;0.500000;1503123122;1503123123
0;32;8048;0x4a83e1e03219c6fb836ad05eff4fcbcdccc8f95d4aeaded0d851bee3862faad1;0x7a6b364788561bc0c85a8cacc578a18568216bb383da68d2ffd5cb38f7baaea9;0x7d921f12;0x453534a3L;0.500000;1503123123;1503123123
0;32;8048;0x4a83e1e03219c6fb836ad05eff4fcbcdccc8f95d4aeaded0d851bee3862faad1;0x7a6b364788561bc0c85a8cacc578a18568216bb383da68d2ffd5cb38f7baaea9;0x7d921f12;0x453534a3L;0.500000;1503123123;1503123123
0;32;8048;0x4a83e1e03219c6fb836ad05eff4fcbcdccc8f95d4aeaded0d851bee3862faad1;0x7a6b364788561bc0c85a8cacc578a18568216bb383da68d2ffd5cb38f7baaea9;0x7d921f12;0x453534a3L;0.500000;1503123123;1503123124
0;32;8048;0x119dbbc0c9bdefd580d5f491cfeb54da23d456ddc7ed839d55136d8b342bf245;0xbc59e3e51d156129386cc34149654f16a8897ae9fff4c307f7a427cb6f27d123;0x708087ce;0xbbdeca80L;0.500000;1503123124;1503123124
0;32;8048;0x119dbbc0c9bdefd580d5f491cfeb54da23d456ddc7ed839d55136d8b342bf245;0xbc59e3e51d156129386cc34149654f16a8897ae9fff4c307f7a427cb6f27d123;0x708087ce;0xbbdeca80L;0.500000;1503123124;1503123124
0;32;8048;0x119dbbc0c9bdefd580d5f491cfeb54da23d456ddc7ed839d55136d8b342bf245;0xbc59e3e51d156129386cc34149654f16a8897ae9fff4c307f7a427cb6f27d123;0x708087ce;0xbbdeca80L;0.500000;1503123124;1503123124
0;32;8048;0x119dbbc0c9bdefd580d5f491cfeb54da23d456ddc7ed839d55136d8b342bf245;0xbc59e3e51d156129386cc34149654f16a8897ae9fff4c307f7a427cb6f27d123;0x708087ce;0xbbdeca80L;0.500000;1503123124;1503123125
0;32;8048;0x100f9d8a918a720509b596e1b9dd171720ee235d65c8cc11b7476bc71f347c2f;0x36c3e6797c10e4795fa1711b7ae9925cb336f3838658a91972cb85f2d7232184;0xc24a7356;0xc10179a0L;0.500000;1503123125;1503123125
0;32;8048;0x100f9d8a918a720509b596e1b9dd171720ee235d65c8cc11b7476bc71f347c2f;0x36c3e6797c10e4795fa1711b7ae9925cb336f3838658a91972cb85f2d7232184;0xc24a7356;0xc10179a0L;0.500000;1503123125;1503123125
0;32;8048;0x100f9d8a918a720509b596e1b9dd171720ee235d65c8cc11b7476bc71f347c2f;0x36c3e6797c10e4795fa1711b7ae9925cb336f3838658a91972cb85f2d7232184;0xc24a7356;0xc10179a0L;0.500000;1503123125;1503123126
0;32;8048;0x4104edc5241baf9b952367a39e00848e0a0676c2a4f45fb3ceb6a6f7e20daf23;0x98603ccf6a2de31deccc0660931d5e0b70fa04a005cb6c505c4a8bc356fce4b9;0x0f214afe;0x654380b1L;0.500000;1503123126;1503123126
0;32;8048;0x4104edc5241baf9b952367a39e00848e0a0676c2a4f45fb3ceb6a6f7e20daf23;0x98603ccf6a2de31deccc0660931d5e0b70fa04a005cb6c505c4a8bc356fce4b9;0x0f214afe;0x654380b1L;0.500000;1503123126;1503123126
0;32;8048;0x4104edc5241baf9b952367a39e00848e0a0676c2a4f45fb3ceb6a6f7e20daf23;0x98603ccf6a2de31deccc0660931d5e0b70fa04a005cb6c505c4a8bc356fce4b9;0x0f214afe;0x654380b1L;0.500000;1503123126;1503123126
