0;32;8048;0x2994cdce7fa104ab601fadfc40dd20fb4290aaecc9fce66867fecc3b336d335c;0xee2c541c120cdb8d96995fac8406b84c0fd8c67813af92403c3ce7ab6a986d87;0xa42ce4e8;0x20c300aL;0.500000;1503176812;1503176812
0;32;8048;0x2994cdce7fa104ab601fadfc40dd20fb4290aaecc9fce66867fecc3b336d335c;0xee2c541c120cdb8d96995fac8406b84c0fd8c67813af92403c3ce7ab6a986d87;0xa42ce4e8;0x20c300aL;0.500000;1503176812;1503176813
0;32;8048;0x2dd657049ce8b77486f7ac01b8795ff15c571345ca1920b90e662f8d7ea549ac;0x656609694ed368fa7b994a0312d3f858bf232b27e67b66a7b5638d429fc4b009;0xf451811e;0x34112446L;0.500000;1503176813;1503176813
0;32;8048;0x2dd657049ce8b77486f7ac01b8795ff15c571345ca1920b90e662f8d7ea549ac;0x656609694ed368fa7b994a0312d3f858bf232b27e67b66a7b5638d429fc4b009;0xf451811e;0x34112446L;0.500000;1503176813;1503176813
0;32;8048;0x2dd657049ce8b77486f7ac01b8795ff15c571345ca1920b90e662f8d7ea549ac;0x656609694ed368fa7b994a0312d3f858bf232b27e67b66a7b5638d429fc4b009;0xf451811e;0x34112446L;0.500000;1503176813;1503176813
0;32;8048;0x2dd657049ce8b77486f7ac01b8795ff15c571345ca1920b90e662f8d7ea549ac;0x656609694ed368fa7b994a0312d3f858bf232b27e67b66a7b5638d429fc4b009;0xf451811e;0x34112446L;0.500000;1503176814;1503176814
0;32;8048;0x12da4a3ab35b0565894674b82e985dcf5121de946b80482d339a7cdb706e7882;0x20e0839c297a17c1811c0ecd5b623b6c8749baa61f4ac66c442e472f8d6b43de;0x8174d741;0x718e04a2L;0.500000;1503176814;1503176814
0;32;8048;0x12da4a3ab35b0565894674b82e985dcf5121de946b80482d339a7cdb706e7882;0x20e0839c297a17c1811c0ecd5b623b6c8749baa61f4ac66c442e472f8d6b43de;0x8174d741;0x718e04a2L;0.500000;1503176814;1503176814
0;32;8048;0x12da4a3ab35b0565894674b82e985dcf5121de946b80482d339a7cdb706e7882;0x20e0839c297a17c1811c0ecd5b623b6c8749baa61f4ac66c442e472f8d6b43de;0x8174d741;0x718e04a2L;0.500000;1503176814;1503176815
0;32;8048;0xc22b604a2320cd756a21ab37884a79309ea6401251bd41c96b30088dcc232c8e;0x069768e67e2c25ff85a0420e9891cdfeda320cb1684374db261df72941bdaf92;0x38adad61;0xad30d009L;0.500000;1503176815;1503176815
0;32;8048;0xc22b604a2320cd756a21ab37884a79309ea6401251bd41c96b30088dcc232c8e;0x069768e67e2c25ff85a0420e9891cdfeda320cb1684374db261df72941bdaf92;0x38adad61;0xad30d009L;0.500000;1503176815;1503176815
0;32;8048;0xc22b604a2320cd756a21ab37884a79309ea6401251bd41c96b30088dcc232c8e;0x069768e67e2c25ff85a0420e9891cdfeda320cb1684374db261df72941bdaf92;0x38adad61;0xad30d009L;0.500000;1503176815;1503176815
0;32;8048;0xc22b604a2320cd756a21ab37884a79309ea6401251bd41c96b30088dcc232c8e;0x069768e67e2c25ff85a0420e9891cdfeda320cb1684374db261df72941bdaf92;0x38adad61;0xad30d009L;0.500000;1503176815;1503176816
0;32;8048;0xf5548a7316c7301b4d99efddddc8437e06e47fb7bd4943cac3e663d967ded95d;0xcc340a8b19a56e4262f340c562036999f334845de42656941050b3f2cb1f2188;0x543e234e;0xa5888688L;0.500000;1503176816;1503176816
0;32;8048;0xf5548a7316c7301b4d99efddddc8437e06e47fb7bd4943cac3e663d967ded95d;0xcc340a8b19a56e4262f340c562036999f334845de42656941050b3f2cb1f2188;0x543e234e;0xa5888688L;0.500000;1503176816;1503176816
0;32;8048;0xf5548a7316c7301b4d99efddddc8437e06e47fb7bd4943cac3e663d967ded95d;0xcc340a8b19a56e4262f340c562036999f334845de42656941050b3f2cb1f2188;0x543e234e;0xa5888688L;0.500000;1503176816;1503176817
0;32;8048;0xad3dca7493885fb08c6ba5e4266c6f19fc9d6e6e36a8861b1523d36dc27b466f;0xbaa17520988a05a58bcd2d32cd67da496b9814e7235c89f1f09fd1fcd55dd28a;0x985124ff;0xa0c13719L;0.500000;1503176817;1503176817
0;32;8048;0xad3dca7493885fb08c6ba5e4266c6f19fc9d6e6e36a8861b1523d36dc27b466f;0xbaa17520988a05a58bcd2d32cd67da496b9814e7235c89f1f09fd1fcd55dd28a;0x985124ff;0xa0c13719L;0.500000;1503176817;1503176817
0;32;8048;0xad3dca7493885fb08c6ba5e4266c6f19fc9d6e6e36a8861b1523d36dc27b466f;0xbaa17520988a05a58bcd2d32cd67da496b9814e7235c89f1f09fd1fcd55dd28a;0x985124ff;0xa0c13719L;0.500000;1503176817;1503176817
0;32;8048;0xad3dca7493885fb08c6ba5e4266c6f19fc9d6e6e36a8861b1523d36dc27b466f;0xbaa17520988a05a58bcd2d32cd67da496b9814e7235c89f1f09fd1fcd55dd28a;0x985124ff;0xa0c13719L;0.500000;1503176817;1503176818
