0;32;8048;0x40bb1d3fbe5a4b9b8d4ed1e2c9c2d3bf870db3de36fa3bc1c97e7c15ae4235ef;0xf310587f16e85db6ccea7a49deb1c32c595b87cbddad420bb8e10a7f5f688b6f;0x15696609;0x77400d3eL;0.500000;1503214832;1503214832
0;32;8048;0x40bb1d3fbe5a4b9b8d4ed1e2c9c2d3bf870db3de36fa3bc1c97e7c15ae4235ef;0xf310587f16e85db6ccea7a49deb1c32c595b87cbddad420bb8e10a7f5f688b6f;0x15696609;0x77400d3eL;0.500000;1503214832;1503214832
0;32;8048;0x40bb1d3fbe5a4b9b8d4ed1e2c9c2d3bf870db3de36fa3bc1c97e7c15ae4235ef;0xf310587f16e85db6ccea7a49deb1c32c595b87cbddad420bb8e10a7f5f688b6f;0x15696609;0x77400d3eL;0.500000;1503214832;1503214833
0;32;8048;0x3c9f7b4b8fe3d75573e2b7cbc5e4625e06c8fda9905b61b2931cd283ec9c1b28;0x6cf435c2550c1794e05043988c8e48b6863fc593aa6885721378cc3c45074a31;0xfe84f834;0xb0443599L;0.500000;1503214833;1503214833
0;32;8048;0x3c9f7b4b8fe3d75573e2b7cbc5e4625e06c8fda9905b61b2931cd283ec9c1b28;0x6cf435c2550c1794e05043988c8e48b6863fc593aa6885721378cc3c45074a31;0xfe84f834;0xb0443599L;0.500000;1503214833;1503214833
0;32;8048;0x3c9f7b4b8fe3d75573e2b7cbc5e4625e06c8fda9905b61b2931cd283ec9c1b28;0x6cf435c2550c1794e05043988c8e48b6863fc593aa6885721378cc3c45074a31;0xfe84f834;0xb0443599L;0.500000;1503214833;1503214834
0;32;8048;0xa05142ae029eb5b0cd5d70e67833f7e57fca26d99f13eacf01ee2d183d817fdd;0x3a16523b186c31f42497705f5db0f0bdd0a25c74583f2d343f937ad1be6a1dcf;0x8d1e236e;0x35860b18L;0.500000;1503214834;1503214834
0;32;8048;0xa05142ae029eb5b0cd5d70e67833f7e57fca26d99f13eacf01ee2d183d817fdd;0x3a16523b186c31f42497705f5db0f0bdd0a25c74583f2d343f937ad1be6a1dcf;0x8d1e236e;0x35860b18L;0.500000;1503214834;1503214834
0;32;8048;0xa05142ae029eb5b0cd5d70e67833f7e57fca26d99f13eacf01ee2d183d817fdd;0x3a16523b186c31f42497705f5db0f0bdd0a25c74583f2d343f937ad1be6a1dcf;0x8d1e236e;0x35860b18L;0.500000;1503214834;1503214834
0;32;8048;0xa05142ae029eb5b0cd5d70e67833f7e57fca26d99f13eacf01ee2d183d817fdd;0x3a16523b186c31f42497705f5db0f0bdd0a25c74583f2d343f937ad1be6a1dcf;0x8d1e236e;0x35860b18L;0.500000;1503214834;1503214835
0;32;8048;0x17fda1452961573c5385886dee76f2dbee08227feb86ff6feb8caf6e3a652952;0x215305568becc803cd0c4727ae7c8342bfc95cd5b49cb480d27cb5502dc5d3c5;0x8df36f64;0xe109658aL;0.500000;1503214835;1503214835
0;32;8048;0x17fda1452961573c5385886dee76f2dbee08227feb86ff6feb8caf6e3a652952;0x215305568becc803cd0c4727ae7c8342bfc95cd5b49cb480d27cb5502dc5d3c5;0x8df36f64;0xe109658aL;0.500000;1503214835;1503214835
0;32;8048;0x17fda1452961573c5385886dee76f2dbee08227feb86ff6feb8caf6e3a652952;0x215305568becc803cd0c4727ae7c8342bfc95cd5b49cb480d27cb5502dc5d3c5;0x8df36f64;0xe109658aL;0.500000;1503214835;1503214835
0;32;8048;0x17fda1452961573c5385886dee76f2dbee08227feb86ff6feb8caf6e3a652952;0x215305568becc803cd0c4727ae7c8342bfc95cd5b49cb480d27cb5502dc5d3c5;0x8df36f64;0xe109658aL;0.500000;1503214836;1503214836
0;32;8048;0x1b3f2b7b46a80a05795e8771651231d209cf8ad8eca338c091f412c0869d3fa1;0xd50c797cceadd73a1da0ab18d727a78c0c3bd522fa9a7cf364d4d7d829ded1b3;0x06e3516d;0xe0352541L;0.500000;1503214836;1503214836
0;32;8048;0x1b3f2b7b46a80a05795e8771651231d209cf8ad8eca338c091f412c0869d3fa1;0xd50c797cceadd73a1da0ab18d727a78c0c3bd522fa9a7cf364d4d7d829ded1b3;0x06e3516d;0xe0352541L;0.500000;1503214836;1503214836
0;32;8048;0x1b3f2b7b46a80a05795e8771651231d209cf8ad8eca338c091f412c0869d3fa1;0xd50c797cceadd73a1da0ab18d727a78c0c3bd522fa9a7cf364d4d7d829ded1b3;0x06e3516d;0xe0352541L;0.500000;1503214836;1503214837
0;32;8048;0xbebab3c07a962e6cd2cd696e2e858d15327c00fff3deb7ddc1388dc52f9745ee;0x5edfd1ea2c099547e298b853f7495d508ef22919f9cc8d1a4b51f2e22ba7aff7;0x741255af;0xd524a581L;0.500000;1503214837;1503214837
0;32;8048;0xbebab3c07a962e6cd2cd696e2e858d15327c00fff3deb7ddc1388dc52f9745ee;0x5edfd1ea2c099547e298b853f7495d508ef22919f9cc8d1a4b51f2e22ba7aff7;0x741255af;0xd524a581L;0.500000;1503214837;1503214837
0;32;8048;0xbebab3c07a962e6cd2cd696e2e858d15327c00fff3deb7ddc1388dc52f9745ee;0x5edfd1ea2c099547e298b853f7495d508ef22919f9cc8d1a4b51f2e22ba7aff7;0x741255af;0xd524a581L;0.500000;1503214837;1503214837
