0;32;8048;0x1c67eb7bc19d1ba311a64457566769168526e6d1de105642054329ec1a198336;0x0d1aa06ab95d71f05428ff6a4de1220c81526ad3c40c05d48bf3dd6aef551440;0x79c0e3f6;0xb49570aaL;0.500000;1503168447;1503168447
0;32;8048;0x1c67eb7bc19d1ba311a64457566769168526e6d1de105642054329ec1a198336;0x0d1aa06ab95d71f05428ff6a4de1220c81526ad3c40c05d48bf3dd6aef551440;0x79c0e3f6;0xb49570aaL;0.500000;1503168447;1503168447
0;32;8048;0x1c67eb7bc19d1ba311a64457566769168526e6d1de105642054329ec1a198336;0x0d1aa06ab95d71f05428ff6a4de1220c81526ad3c40c05d48bf3dd6aef551440;0x79c0e3f6;0xb49570aaL;0.500000;1503168447;1503168447
0;32;8048;0x1c67eb7bc19d1ba311a64457566769168526e6d1de105642054329ec1a198336;0x0d1aa06ab95d71f05428ff6a4de1220c81526ad3c40c05d48bf3dd6aef551440;0x79c0e3f6;0xb49570aaL;0.500000;1503168448;1503168448
0;32;8048;0x14ed9db9f8ec4e72e876caef87d8be0e6aed6c624b7b22c0408c358c35786949;0x85203abd9485b2392b9c325b284a3e2e5b42efbdffed540cc2eb813bfaa4e421;0xbcca1515;0xc0460a6dL;0.500000;1503168448;1503168448
0;32;8048;0x14ed9db9f8ec4e72e876caef87d8be0e6aed6c624b7b22c0408c358c35786949;0x85203abd9485b2392b9c325b284a3e2e5b42efbdffed540cc2eb813bfaa4e421;0xbcca1515;0xc0460a6dL;0.500000;1503168448;1503168448
0;32;8048;0x14ed9db9f8ec4e72e876caef87d8be0e6aed6c624b7b22c0408c358c35786949;0x85203abd9485b2392b9c325b284a3e2e5b42efbdffed540cc2eb813bfaa4e421;0xbcca1515;0xc0460a6dL;0.500000;1503168448;1503168449
0;32;8048;0x647791bc68e72b951d5b6091f1340caa55f510d10cb45c4f94ddb20ddbca3a3f;0xe4867219c5baca7bcedbd74bff7572908a079b6084a457233ee25e9c4b828004;0x30e5f633;0x1e82e42fL;0.500000;1503168449;1503168449
0;32;8048;0x647791bc68e72b951d5b6091f1340caa55f510d10cb45c4f94ddb20ddbca3a3f;0xe4867219c5baca7bcedbd74bff7572908a079b6084a457233ee25e9c4b828004;0x30e5f633;0x1e82e42fL;0.500000;1503168449;1503168449
0;32;8048;0x647791bc68e72b951d5b6091f1340caa55f510d10cb45c4f94ddb20ddbca3a3f;0xe4867219c5baca7bcedbd74bff7572908a079b6084a457233ee25e9c4b828004;0x30e5f633;0x1e82e42fL;0.500000;1503168449;1503168450
0;32;8048;0x3b7e7bc95c6e0ee587e4551fa1db37dc2c0e9fdeb742644e0940b8612e62f36a;0x9d7f4bf2a4cbf16c14d46bbd764a98ba6d029f0cab640244c3edcfd6a96e040f;0xe95ba296;0x6c107b12L;0.500000;1503168450;1503168450
0;32;8048;0x3b7e7bc95c6e0ee587e4551fa1db37dc2c0e9fdeb742644e0940b8612e62f36a;0x9d7f4bf2a4cbf16c14d46bbd764a98ba6d029f0cab640244c3edcfd6a96e040f;0xe95ba296;0x6c107b12L;0.500000;1503168450;1503168450
0;32;8048;0x3b7e7bc95c6e0ee587e4551fa1db37dc2c0e9fdeb742644e0940b8612e62f36a;0x9d7f4bf2a4cbf16c14d46bbd764a98ba6d029f0cab640244c3edcfd6a96e040f;0xe95ba296;0x6c107b12L;0.500000;1503168450;1503168451
0;32;8048;0x112bf93bd52324f4f3c9a73b53005da9a80c6f29dba97010b99aea3af2ace203;0x2dbb78e1dcc2c48ddccecfbb939932cf5e673fd54fbae380ad258fb1f2ba667d;0xc0b4f46c;0x470966acL;0.500000;1503168451;1503168451
0;32;8048;0x112bf93bd52324f4f3c9a73b53005da9a80c6f29dba97010b99aea3af2ace203;0x2dbb78e1dcc2c48ddccecfbb939932cf5e673fd54fbae380ad258fb1f2ba667d;0xc0b4f46c;0x470966acL;0.500000;1503168451;1503168451
0;32;8048;0x112bf93bd52324f4f3c9a73b53005da9a80c6f29dba97010b99aea3af2ace203;0x2dbb78e1dcc2c48ddccecfbb939932cf5e673fd54fbae380ad258fb1f2ba667d;0xc0b4f46c;0x470966acL;0.500000;1503168451;1503168451
0;32;8048;0x112bf93bd52324f4f3c9a73b53005da9a80c6f29dba97010b99aea3af2ace203;0x2dbb78e1dcc2c48ddccecfbb939932cf5e673fd54fbae380ad258fb1f2ba667d;0xc0b4f46c;0x470966acL;0.500000;1503168451;1503168452
0;32;8048;0x4308713d00141aa899973241763b3b2ee4c36300a776896f8179f5cebea18201;0xf1804a9efc1e47a2c82fe83c12b604b2b9ac27c6c45e856882f86b24295cf03e;0x2265d37d;0x4d098c59L;0.500000;1503168452;1503168452
0;32;8048;0x4308713d00141aa899973241763b3b2ee4c36300a776896f8179f5cebea18201;0xf1804a9efc1e47a2c82fe83c12b604b2b9ac27c6c45e856882f86b24295cf03e;0x2265d37d;0x4d098c59L;0.500000;1503168452;1503168452
0;32;8048;0x4308713d00141aa899973241763b3b2ee4c36300a776896f8179f5cebea18201;0xf1804a9efc1e47a2c82fe83c12b604b2b9ac27c6c45e856882f86b24295cf03e;0x2265d37d;0x4d098c59L;0.500000;1503168452;1503168453
