0;32;8048;0xd82fce1ea1fe52f8a8af3e0344432c99479369e4ae5fa420c0d4846a8b67c563;0x0222c9722e6870c0a83e0e05891bca4f34ae6454bbdaeab99135b2ec8e09da68;0x0f9602ff;0x8505b132L;0.500000;1503186277;1503186277
0;32;8048;0x21b84245260adca8b332445b6d95acaaf99f0fcebf61d68f487a58f01bf60b3c;0x560a7106a485da7f506535b9c91c88a8b12629c0b55ac346a2c4ef5ba81a0b3b;0x482d5e68;0x3bad1e3aL;0.500000;1503186277;1503186277
0;32;8048;0x21b84245260adca8b332445b6d95acaaf99f0fcebf61d68f487a58f01bf60b3c;0x560a7106a485da7f506535b9c91c88a8b12629c0b55ac346a2c4ef5ba81a0b3b;0x482d5e68;0x3bad1e3aL;0.500000;1503186277;1503186277
0;32;8048;0x21b84245260adca8b332445b6d95acaaf99f0fcebf61d68f487a58f01bf60b3c;0x560a7106a485da7f506535b9c91c88a8b12629c0b55ac346a2c4ef5ba81a0b3b;0x482d5e68;0x3bad1e3aL;0.500000;1503186277;1503186278
0;32;8048;0x1af2101b7d1cffb40ec0b16b599cae89074b7d00cc583e0a5ff12e1afd4f1017;0xf32c813613557fff4db6d1c26a5855182c6e481d9c4c56d795df3578c3cdbb52;0xe4659ade;0x10716046L;0.500000;1503186278;1503186278
0;32;8048;0x1af2101b7d1cffb40ec0b16b599cae89074b7d00cc583e0a5ff12e1afd4f1017;0xf32c813613557fff4db6d1c26a5855182c6e481d9c4c56d795df3578c3cdbb52;0xe4659ade;0x10716046L;0.500000;1503186278;1503186278
0;32;8048;0x1af2101b7d1cffb40ec0b16b599cae89074b7d00cc583e0a5ff12e1afd4f1017;0xf32c813613557fff4db6d1c26a5855182c6e481d9c4c56d795df3578c3cdbb52;0xe4659ade;0x10716046L;0.500000;1503186278;1503186278
0;32;8048;0x1af2101b7d1cffb40ec0b16b599cae89074b7d00cc583e0a5ff12e1afd4f1017;0xf32c813613557fff4db6d1c26a5855182c6e481d9c4c56d795df3578c3cdbb52;0xe4659ade;0x10716046L;0.500000;1503186278;1503186279
0;32;8048;0x203456e55b8090711c534a1cf48b87c27e54b60cc7782d23a71338f04e83566e;0xa8fd228249256dac0262adec6420416c9386adfe496d03ee8574c3d5dfd20f16;0xae9b17c8;0x80a8387L;0.500000;1503186279;1503186279
0;32;8048;0x203456e55b8090711c534a1cf48b87c27e54b60cc7782d23a71338f04e83566e;0xa8fd228249256dac0262adec6420416c9386adfe496d03ee8574c3d5dfd20f16;0xae9b17c8;0x80a8387L;0.500000;1503186279;1503186279
0;32;8048;0x203456e55b8090711c534a1cf48b87c27e54b60cc7782d23a71338f04e83566e;0xa8fd228249256dac0262adec6420416c9386adfe496d03ee8574c3d5dfd20f16;0xae9b17c8;0x80a8387L;0.500000;1503186279;1503186279
0;32;8048;0x203456e55b8090711c534a1cf48b87c27e54b60cc7782d23a71338f04e83566e;0xa8fd228249256dac0262adec6420416c9386adfe496d03ee8574c3d5dfd20f16;0xae9b17c8;0x80a8387L;0.500000;1503186280;1503186280
0;32;8048;0x47cdce1bac63c3cda72acdbf5b2e1a3aa28910b30f3cbf4465ac28d68f57a0d7;0x5ffb3d92a0f348e6025c848183d56f1d50674c4e87e3b6422dbe75ca59c242d2;0x4d755f1c;0xaf04343aL;0.500000;1503186280;1503186280
0;32;8048;0x47cdce1bac63c3cda72acdbf5b2e1a3aa28910b30f3cbf4465ac28d68f57a0d7;0x5ffb3d92a0f348e6025c848183d56f1d50674c4e87e3b6422dbe75ca59c242d2;0x4d755f1c;0xaf04343aL;0.500000;1503186280;1503186280
0;32;8048;0x47cdce1bac63c3cda72acdbf5b2e1a3aa28910b30f3cbf4465ac28d68f57a0d7;0x5ffb3d92a0f348e6025c848183d56f1d50674c4e87e3b6422dbe75ca59c242d2;0x4d755f1c;0xaf04343aL;0.500000;1503186280;1503186281
0;32;8048;0x2d94e2bc34ea6eb664590c30c5df65c8b6c94f99ced822d69c47602bca1caaf8;0x0d287ba605ca5c7527eaef0537ecfd81ba5b79207dfdf7432e59445c0ae910c7;0x150f6c91;0xd3054422L;0.500000;1503186281;1503186281
0;32;8048;0x2d94e2bc34ea6eb664590c30c5df65c8b6c94f99ced822d69c47602bca1caaf8;0x0d287ba605ca5c7527eaef0537ecfd81ba5b79207dfdf7432e59445c0ae910c7;0x150f6c91;0xd3054422L;0.500000;1503186281;1503186281
0;32;8048;0x2d94e2bc34ea6eb664590c30c5df65c8b6c94f99ced822d69c47602bca1caaf8;0x0d287ba605ca5c7527eaef0537ecfd81ba5b79207dfdf7432e59445c0ae910c7;0x150f6c91;0xd3054422L;0.500000;1503186281;1503186281
0;32;8048;0x2d94e2bc34ea6eb664590c30c5df65c8b6c94f99ced822d69c47602bca1caaf8;0x0d287ba605ca5c7527eaef0537ecfd81ba5b79207dfdf7432e59445c0ae910c7;0x150f6c91;0xd3054422L;0.500000;1503186282;1503186282
0;32;8048;0xba783ab207de80ccf06b0b44394954655b6e4407bff2a0a3b1f4f4d2490a7504;0x07bf3b8d9d6671ad616dd9296208fa64d3cf95bf7cd09f0c22889daba72355c5;0x09edbab6;0xd3e647a1L;0.500000;1503186282;1503186282
