0;32;8048;0x4765211fe8ca1f659f81705a894a15ccf0881a9d5c5b7746c68e9b0a124fad5a;0xa0414fa10748df518575ab7959f9826d821cdcd5b1aceee0af9372a56e2e3c0d;0x211eb4ae;0x5030e44L;0.500000;1503135790;1503135791
0;32;8048;0xaa21b83ba586fea03fb6e9c01951493303656342aff9cb0e12f0ee8d325ecadc;0xf738aea83c89dc751da9c56a1eff8e000dbd75dfa2b2382e547ecb52951a89b0;0x42052155;0xa1e8225L;0.500000;1503135791;1503135791
0;32;8048;0xaa21b83ba586fea03fb6e9c01951493303656342aff9cb0e12f0ee8d325ecadc;0xf738aea83c89dc751da9c56a1eff8e000dbd75dfa2b2382e547ecb52951a89b0;0x42052155;0xa1e8225L;0.500000;1503135791;1503135791
0;32;8048;0xaa21b83ba586fea03fb6e9c01951493303656342aff9cb0e12f0ee8d325ecadc;0xf738aea83c89dc751da9c56a1eff8e000dbd75dfa2b2382e547ecb52951a89b0;0x42052155;0xa1e8225L;0.500000;1503135791;1503135792
0;32;8048;0x8ce0371559a4bcaadf7b6d2c13337c48014cf1a9833bbe1dc177cafb4586b2d1;0x37efdcbb1ebd08b547c5ad1750e19d060da78b01b5e6ba0805d3b82acaa70685;0xcafa9aa2;0x85243e89L;0.500000;1503135792;1503135792
0;32;8048;0x8ce0371559a4bcaadf7b6d2c13337c48014cf1a9833bbe1dc177cafb4586b2d1;0x37efdcbb1ebd08b547c5ad1750e19d060da78b01b5e6ba0805d3b82acaa70685;0xcafa9aa2;0x85243e89L;0.500000;1503135792;1503135792
0;32;8048;0x8ce0371559a4bcaadf7b6d2c13337c48014cf1a9833bbe1dc177cafb4586b2d1;0x37efdcbb1ebd08b547c5ad1750e19d060da78b01b5e6ba0805d3b82acaa70685;0xcafa9aa2;0x85243e89L;0.500000;1503135792;1503135792
0;32;8048;0x8ce0371559a4bcaadf7b6d2c13337c48014cf1a9833bbe1dc177cafb4586b2d1;0x37efdcbb1ebd08b547c5ad1750e19d060da78b01b5e6ba0805d3b82acaa70685;0xcafa9aa2;0x85243e89L;0.500000;1503135792;1503135793
0;32;8048;0xf672bbbd4ab3ee881b9d945a983da5691ca29c2cb1a47d3764f5e1995ed2b954;0xd8fbb11f58599e1efe7056855503ea3b385f7dfbacfc4a9c85aaf16a30bcbd94;0x9d7c4148;0x871322dL;0.500000;1503135793;1503135793
0;32;8048;0xf672bbbd4ab3ee881b9d945a983da5691ca29c2cb1a47d3764f5e1995ed2b954;0xd8fbb11f58599e1efe7056855503ea3b385f7dfbacfc4a9c85aaf16a30bcbd94;0x9d7c4148;0x871322dL;0.500000;1503135793;1503135793
0;32;8048;0xf672bbbd4ab3ee881b9d945a983da5691ca29c2cb1a47d3764f5e1995ed2b954;0xd8fbb11f58599e1efe7056855503ea3b385f7dfbacfc4a9c85aaf16a30bcbd94;0x9d7c4148;0x871322dL;0.500000;1503135793;1503135793
0;32;8048;0xf672bbbd4ab3ee881b9d945a983da5691ca29c2cb1a47d3764f5e1995ed2b954;0xd8fbb11f58599e1efe7056855503ea3b385f7dfbacfc4a9c85aaf16a30bcbd94;0x9d7c4148;0x871322dL;0.500000;1503135794;1503135794
0;32;8048;0x3c6e2eafd71b483935aaccd0de3a11e6668bcaccde043c515887091edb7e9e17;0x07810a2b7bfef144f7f8bdbfebf0be78b2b8cfb260d3d10e726496536a588217;0x6eb2f070;0xc41c8a99L;0.500000;1503135794;1503135794
0;32;8048;0x3c6e2eafd71b483935aaccd0de3a11e6668bcaccde043c515887091edb7e9e17;0x07810a2b7bfef144f7f8bdbfebf0be78b2b8cfb260d3d10e726496536a588217;0x6eb2f070;0xc41c8a99L;0.500000;1503135794;1503135794
0;32;8048;0x3c6e2eafd71b483935aaccd0de3a11e6668bcaccde043c515887091edb7e9e17;0x07810a2b7bfef144f7f8bdbfebf0be78b2b8cfb260d3d10e726496536a588217;0x6eb2f070;0xc41c8a99L;0.500000;1503135794;1503135795
0;32;8048;0xda06627e6beb805b857c51ac5bee9818877b319e8250978f86428873d9f087b3;0x81a79e3fddbe485d12761baabab7d2868fb7f8613e6f57e7251e79782495b6be;0xe74251a8;0x6c611018L;0.500000;1503135795;1503135795
0;32;8048;0xda06627e6beb805b857c51ac5bee9818877b319e8250978f86428873d9f087b3;0x81a79e3fddbe485d12761baabab7d2868fb7f8613e6f57e7251e79782495b6be;0xe74251a8;0x6c611018L;0.500000;1503135795;1503135795
0;32;8048;0xda06627e6beb805b857c51ac5bee9818877b319e8250978f86428873d9f087b3;0x81a79e3fddbe485d12761baabab7d2868fb7f8613e6f57e7251e79782495b6be;0xe74251a8;0x6c611018L;0.500000;1503135795;1503135795
0;32;8048;0xda06627e6beb805b857c51ac5bee9818877b319e8250978f86428873d9f087b3;0x81a79e3fddbe485d12761baabab7d2868fb7f8613e6f57e7251e79782495b6be;0xe74251a8;0x6c611018L;0.500000;1503135795;1503135796
0;32;8048;0x26ab92344959b7e7053b5bfe681b771ae21b1b594c81f180b80d3e2a3914565f;0x98d4b509ce224b67ccb9fd4bae007b333cdc155521f1be1a7b994b9b42646e12;0x791e3d8d;0x141894eaL;0.500000;1503135796;1503135796
