0;32;8048;0x1700d325cfbd943cb4c85695e8cf30453cc1ac9acfcb0ea6fa7a8da24877af5f;0x339345462eb57e619e67c22e4ab9de4d31038f5f2de1099679fe105c549ce466;0x1809aee8;0x4d58880dL;0.500000;1503174410;1503174410
0;32;8048;0x1700d325cfbd943cb4c85695e8cf30453cc1ac9acfcb0ea6fa7a8da24877af5f;0x339345462eb57e619e67c22e4ab9de4d31038f5f2de1099679fe105c549ce466;0x1809aee8;0x4d58880dL;0.500000;1503174410;1503174411
0;32;8048;0x502db1390f9d1abc23c8b1e32371aac59bcafd9558da8d0286b3241d40598d90;0xf3cddb0de40538fa652126ce804af00fe762efc2c85d57773518a745bbcc947e;0x116591ee;0x5b0a1422L;0.500000;1503174411;1503174411
0;32;8048;0x502db1390f9d1abc23c8b1e32371aac59bcafd9558da8d0286b3241d40598d90;0xf3cddb0de40538fa652126ce804af00fe762efc2c85d57773518a745bbcc947e;0x116591ee;0x5b0a1422L;0.500000;1503174411;1503174411
0;32;8048;0x502db1390f9d1abc23c8b1e32371aac59bcafd9558da8d0286b3241d40598d90;0xf3cddb0de40538fa652126ce804af00fe762efc2c85d57773518a745bbcc947e;0x116591ee;0x5b0a1422L;0.500000;1503174411;1503174411
0;32;8048;0x502db1390f9d1abc23c8b1e32371aac59bcafd9558da8d0286b3241d40598d90;0xf3cddb0de40538fa652126ce804af00fe762efc2c85d57773518a745bbcc947e;0x116591ee;0x5b0a1422L;0.500000;1503174411;1503174412
0;32;8048;0xebbac921dc373320dea4f045903d1c0d1fe4e5d4602a76375568765efaeff5e5;0xf64ee378244ae4c6ffb1bca324c8534efc93e3637e2d04f429ffab1a7cfa826c;0xe76e268b;0x14629441L;0.500000;1503174412;1503174412
0;32;8048;0xebbac921dc373320dea4f045903d1c0d1fe4e5d4602a76375568765efaeff5e5;0xf64ee378244ae4c6ffb1bca324c8534efc93e3637e2d04f429ffab1a7cfa826c;0xe76e268b;0x14629441L;0.500000;1503174412;1503174412
0;32;8048;0xebbac921dc373320dea4f045903d1c0d1fe4e5d4602a76375568765efaeff5e5;0xf64ee378244ae4c6ffb1bca324c8534efc93e3637e2d04f429ffab1a7cfa826c;0xe76e268b;0x14629441L;0.500000;1503174412;1503174413
0;32;8048;0x971095db24f6b7b5897fb6c4c7006ca472581b74e6e66dc731114fd9b6e57f4d;0x31edd890e313e55ae60d5ffa85cf1495a45086553fee3c8afeaf3b05676c0940;0xdd4c58b3;0xcd56e819L;0.500000;1503174413;1503174413
0;32;8048;0x971095db24f6b7b5897fb6c4c7006ca472581b74e6e66dc731114fd9b6e57f4d;0x31edd890e313e55ae60d5ffa85cf1495a45086553fee3c8afeaf3b05676c0940;0xdd4c58b3;0xcd56e819L;0.500000;1503174413;1503174413
0;32;8048;0x971095db24f6b7b5897fb6c4c7006ca472581b74e6e66dc731114fd9b6e57f4d;0x31edd890e313e55ae60d5ffa85cf1495a45086553fee3c8afeaf3b05676c0940;0xdd4c58b3;0xcd56e819L;0.500000;1503174413;1503174413
0;32;8048;0x971095db24f6b7b5897fb6c4c7006ca472581b74e6e66dc731114fd9b6e57f4d;0x31edd890e313e55ae60d5ffa85cf1495a45086553fee3c8afeaf3b05676c0940;0xdd4c58b3;0xcd56e819L;0.500000;1503174413;1503174414
0;32;8048;0x6300f0d47f3de1115376f731da3d3c4d086e5e49c9a1d714a9a74bc3316c0995;0x0f836665ec5bdfd1bc55ca679fe8e9130540bbcc3c1c66865f8d7be2157bc440;0xa05ba378;0xe1e82c0L;0.500000;1503174414;1503174414
0;32;8048;0x6300f0d47f3de1115376f731da3d3c4d086e5e49c9a1d714a9a74bc3316c0995;0x0f836665ec5bdfd1bc55ca679fe8e9130540bbcc3c1c66865f8d7be2157bc440;0xa05ba378;0xe1e82c0L;0.500000;1503174414;1503174414
0;32;8048;0x6300f0d47f3de1115376f731da3d3c4d086e5e49c9a1d714a9a74bc3316c0995;0x0f836665ec5bdfd1bc55ca679fe8e9130540bbcc3c1c66865f8d7be2157bc440;0xa05ba378;0xe1e82c0L;0.500000;1503174414;1503174415
0;32;8048;0x52117405835685afb8f0466bae00c6adb447389128df46188d70f69e99d223ec;0xb9419610a0ca7838901704e89372a5cb93f734c8b799a94dee59ec8c8be36f9a;0x0ecf4dfa;0xa0309a8eL;0.500000;1503174415;1503174415
0;32;8048;0x52117405835685afb8f0466bae00c6adb447389128df46188d70f69e99d223ec;0xb9419610a0ca7838901704e89372a5cb93f734c8b799a94dee59ec8c8be36f9a;0x0ecf4dfa;0xa0309a8eL;0.500000;1503174415;1503174415
0;32;8048;0x52117405835685afb8f0466bae00c6adb447389128df46188d70f69e99d223ec;0xb9419610a0ca7838901704e89372a5cb93f734c8b799a94dee59ec8c8be36f9a;0x0ecf4dfa;0xa0309a8eL;0.500000;1503174415;1503174415
0;32;8048;0x52117405835685afb8f0466bae00c6adb447389128df46188d70f69e99d223ec;0xb9419610a0ca7838901704e89372a5cb93f734c8b799a94dee59ec8c8be36f9a;0x0ecf4dfa;0xa0309a8eL;0.500000;1503174415;1503174416
