0;32;8048;0x93d3eb42d0f5274691f2e9c1a9f63da2c26c9d8e8fd5870c775a577d48cd08db;0xb8fb815deaaf8860b3ccb33abd0c905e08c004135bf79bf6812b70bcf635c1ca;0x70eb73b4;0x25013822L;0.500000;1503080509;1503080509
0;32;8048;0x93d3eb42d0f5274691f2e9c1a9f63da2c26c9d8e8fd5870c775a577d48cd08db;0xb8fb815deaaf8860b3ccb33abd0c905e08c004135bf79bf6812b70bcf635c1ca;0x70eb73b4;0x25013822L;0.500000;1503080509;1503080509
0;32;8048;0x93d3eb42d0f5274691f2e9c1a9f63da2c26c9d8e8fd5870c775a577d48cd08db;0xb8fb815deaaf8860b3ccb33abd0c905e08c004135bf79bf6812b70bcf635c1ca;0x70eb73b4;0x25013822L;0.500000;1503080509;1503080510
0;32;8048;0xdbcf0df92143532159cd2b3fd1d593b536286a0022d8f18e9631371e78140b53;0x597ff5d9d97ab111c3f141801dbd87734f78244b1edf7633072052bc7a31fd05;0xe35acd86;0xdd030241L;0.500000;1503080510;1503080510
0;32;8048;0xdbcf0df92143532159cd2b3fd1d593b536286a0022d8f18e9631371e78140b53;0x597ff5d9d97ab111c3f141801dbd87734f78244b1edf7633072052bc7a31fd05;0xe35acd86;0xdd030241L;0.500000;1503080510;1503080510
0;32;8048;0xdbcf0df92143532159cd2b3fd1d593b536286a0022d8f18e9631371e78140b53;0x597ff5d9d97ab111c3f141801dbd87734f78244b1edf7633072052bc7a31fd05;0xe35acd86;0xdd030241L;0.500000;1503080511;1503080511
0;32;8048;0x8c6655a697d90c15779e78fca63125a2dd8e6be1b4ba90148bf677456cdcfbf9;0xb2edad389316602d29d43aa14b9e2a4caf252183555197de00974f0d263c9483;0x1ab3c59e;0x1896099L;0.500000;1503080511;1503080511
0;32;8048;0x8c6655a697d90c15779e78fca63125a2dd8e6be1b4ba90148bf677456cdcfbf9;0xb2edad389316602d29d43aa14b9e2a4caf252183555197de00974f0d263c9483;0x1ab3c59e;0x1896099L;0.500000;1503080511;1503080512
0;32;8048;0x48640c0c2b2493dabb2d77bdb93799f21ece4416838931553f4066f092584dda;0x2f72e9af30a45fd200cb5067ab9a9e89fa1f5920493bf99f1385946d95b7337c;0xca38ef53;0x98ac208aL;0.500000;1503080512;1503080512
0;32;8048;0x48640c0c2b2493dabb2d77bdb93799f21ece4416838931553f4066f092584dda;0x2f72e9af30a45fd200cb5067ab9a9e89fa1f5920493bf99f1385946d95b7337c;0xca38ef53;0x98ac208aL;0.500000;1503080512;1503080512
0;32;8048;0x48640c0c2b2493dabb2d77bdb93799f21ece4416838931553f4066f092584dda;0x2f72e9af30a45fd200cb5067ab9a9e89fa1f5920493bf99f1385946d95b7337c;0xca38ef53;0x98ac208aL;0.500000;1503080512;1503080513
0;32;8048;0x547ead249a698145d2adb64e9c99d94b5c6684dbc353878f0f284824f8e6d24c;0xe6fb364bb75d66adf36035a1b678a46e908ff76476826e65b3e7dea5b7b0f08b;0x67492b73;0xa630ce49L;0.500000;1503080513;1503080513
0;32;8048;0x547ead249a698145d2adb64e9c99d94b5c6684dbc353878f0f284824f8e6d24c;0xe6fb364bb75d66adf36035a1b678a46e908ff76476826e65b3e7dea5b7b0f08b;0x67492b73;0xa630ce49L;0.500000;1503080513;1503080513
0;32;8048;0x547ead249a698145d2adb64e9c99d94b5c6684dbc353878f0f284824f8e6d24c;0xe6fb364bb75d66adf36035a1b678a46e908ff76476826e65b3e7dea5b7b0f08b;0x67492b73;0xa630ce49L;0.500000;1503080513;1503080514
0;32;8048;0x398ac0471afa3dc52f612a7bbd733f91f2bb030ac7eaaf38e1743ce6b07610e9;0xd8bdd66797da07f4568194ff160d9c3dda8bf406623b7489964bb925863aaee6;0xed5bd962;0x844caa0L;0.500000;1503080514;1503080514
0;32;8048;0x398ac0471afa3dc52f612a7bbd733f91f2bb030ac7eaaf38e1743ce6b07610e9;0xd8bdd66797da07f4568194ff160d9c3dda8bf406623b7489964bb925863aaee6;0xed5bd962;0x844caa0L;0.500000;1503080514;1503080514
0;32;8048;0x398ac0471afa3dc52f612a7bbd733f91f2bb030ac7eaaf38e1743ce6b07610e9;0xd8bdd66797da07f4568194ff160d9c3dda8bf406623b7489964bb925863aaee6;0xed5bd962;0x844caa0L;0.500000;1503080514;1503080515
0;32;8048;0x462a9ae3739d5e8d7c35a4665f5d7f7ae8ded2185ca84448b303e7030320b749;0x6ccaaad13ccae1a9d6c4289c50d23bf27f7ff37d22c97c513b35164c2acffe63;0xb54f50d8;0x898869bL;0.500000;1503080515;1503080515
0;32;8048;0x462a9ae3739d5e8d7c35a4665f5d7f7ae8ded2185ca84448b303e7030320b749;0x6ccaaad13ccae1a9d6c4289c50d23bf27f7ff37d22c97c513b35164c2acffe63;0xb54f50d8;0x898869bL;0.500000;1503080515;1503080515
0;32;8048;0x462a9ae3739d5e8d7c35a4665f5d7f7ae8ded2185ca84448b303e7030320b749;0x6ccaaad13ccae1a9d6c4289c50d23bf27f7ff37d22c97c513b35164c2acffe63;0xb54f50d8;0x898869bL;0.500000;1503080515;1503080515
