0;32;8048;0x5b3e741198552552d4a8b723bb10f93f7b62d8589502a2c9d8e17aa59455d4ef;0x474deb2dc473ef2ba46b83460f969f032caaec8bf7a013637c7c6026b474791f;0x54942457;0xc10f42a0L;0.500000;1503177979;1503177979
0;32;8048;0x5b3e741198552552d4a8b723bb10f93f7b62d8589502a2c9d8e17aa59455d4ef;0x474deb2dc473ef2ba46b83460f969f032caaec8bf7a013637c7c6026b474791f;0x54942457;0xc10f42a0L;0.500000;1503177979;1503177980
0;32;8048;0xb29a45ab50adabc2bd53cef03cdac2c77f43d7ea526dd47526ca13065a59690c;0xcd5a81896919efbc9ee2b018452db0313d400b616b3a17c51320d57e8aa9b330;0x412bd2d9;0xbc423532L;0.500000;1503177980;1503177980
0;32;8048;0xb29a45ab50adabc2bd53cef03cdac2c77f43d7ea526dd47526ca13065a59690c;0xcd5a81896919efbc9ee2b018452db0313d400b616b3a17c51320d57e8aa9b330;0x412bd2d9;0xbc423532L;0.500000;1503177980;1503177980
0;32;8048;0xb29a45ab50adabc2bd53cef03cdac2c77f43d7ea526dd47526ca13065a59690c;0xcd5a81896919efbc9ee2b018452db0313d400b616b3a17c51320d57e8aa9b330;0x412bd2d9;0xbc423532L;0.500000;1503177980;1503177981
0;32;8048;0x4e9184b912bec687b8fb1441f6ed226bc7bf2082c8cd2c5a8ef8e0debc98ef0b;0x2982a6089a1f111077c53ae305f7c84403a5db63d8a60e8fe47deede80c66cd7;0xdad01d65;0x2b804a0aL;0.500000;1503177981;1503177981
0;32;8048;0x4e9184b912bec687b8fb1441f6ed226bc7bf2082c8cd2c5a8ef8e0debc98ef0b;0x2982a6089a1f111077c53ae305f7c84403a5db63d8a60e8fe47deede80c66cd7;0xdad01d65;0x2b804a0aL;0.500000;1503177981;1503177981
0;32;8048;0x4e9184b912bec687b8fb1441f6ed226bc7bf2082c8cd2c5a8ef8e0debc98ef0b;0x2982a6089a1f111077c53ae305f7c84403a5db63d8a60e8fe47deede80c66cd7;0xdad01d65;0x2b804a0aL;0.500000;1503177981;1503177981
0;32;8048;0x4e9184b912bec687b8fb1441f6ed226bc7bf2082c8cd2c5a8ef8e0debc98ef0b;0x2982a6089a1f111077c53ae305f7c84403a5db63d8a60e8fe47deede80c66cd7;0xdad01d65;0x2b804a0aL;0.500000;1503177982;1503177982
0;32;8048;0x4aeb626283db068b49bd16d906f006d04c242b3c66583f249c3d356bec9c7836;0x249f9f4703643b17a770d3126c5e4f684da8c525893cdd1154b913acb7f91611;0xf9baa1dc;0x482164b4L;0.500000;1503177982;1503177982
0;32;8048;0x4aeb626283db068b49bd16d906f006d04c242b3c66583f249c3d356bec9c7836;0x249f9f4703643b17a770d3126c5e4f684da8c525893cdd1154b913acb7f91611;0xf9baa1dc;0x482164b4L;0.500000;1503177982;1503177982
0;32;8048;0x4aeb626283db068b49bd16d906f006d04c242b3c66583f249c3d356bec9c7836;0x249f9f4703643b17a770d3126c5e4f684da8c525893cdd1154b913acb7f91611;0xf9baa1dc;0x482164b4L;0.500000;1503177982;1503177983
0;32;8048;0xb6dc3be9f7d571975b68a172b9fb02dad52eea6f7a8a62d55f40a8add6cdb48d;0x983a42d8a940f95e0482283fab31d7c1afe8f8d617be11b466123fc1f68d489d;0x34e7c575;0xaa0c8038L;0.500000;1503177983;1503177983
0;32;8048;0xb6dc3be9f7d571975b68a172b9fb02dad52eea6f7a8a62d55f40a8add6cdb48d;0x983a42d8a940f95e0482283fab31d7c1afe8f8d617be11b466123fc1f68d489d;0x34e7c575;0xaa0c8038L;0.500000;1503177983;1503177983
0;32;8048;0xb6dc3be9f7d571975b68a172b9fb02dad52eea6f7a8a62d55f40a8add6cdb48d;0x983a42d8a940f95e0482283fab31d7c1afe8f8d617be11b466123fc1f68d489d;0x34e7c575;0xaa0c8038L;0.500000;1503177983;1503177984
0;32;8048;0x66e9da4472c2e24eb70ae04b404b6242cdead74429e5079c1581f6462a487191;0x40f301ca2939d70ff04c007acae512ee2289150355162b72497e93d957bf2b63;0xcc24d3bc;0x1031d39bL;0.500000;1503177984;1503177984
0;32;8048;0x66e9da4472c2e24eb70ae04b404b6242cdead74429e5079c1581f6462a487191;0x40f301ca2939d70ff04c007acae512ee2289150355162b72497e93d957bf2b63;0xcc24d3bc;0x1031d39bL;0.500000;1503177984;1503177984
0;32;8048;0x66e9da4472c2e24eb70ae04b404b6242cdead74429e5079c1581f6462a487191;0x40f301ca2939d70ff04c007acae512ee2289150355162b72497e93d957bf2b63;0xcc24d3bc;0x1031d39bL;0.500000;1503177984;1503177985
0;32;8048;0x3d5cf3acfcbaa9a46eee21a680e5f73b0163d8144a9596dc49f5bbd5ed066f2a;0x5416b079b4e797b751251bcfc3aa6dbb6325ec9fd0c4af59e54e700f2a948945;0xae0431b4;0x5440a019L;0.500000;1503177985;1503177985
0;32;8048;0x3d5cf3acfcbaa9a46eee21a680e5f73b0163d8144a9596dc49f5bbd5ed066f2a;0x5416b079b4e797b751251bcfc3aa6dbb6325ec9fd0c4af59e54e700f2a948945;0xae0431b4;0x5440a019L;0.500000;1503177985;1503177985
