0;32;8048;0x1bff84639d367930b713bf5fd0e8ed26ded92ba526eed3395bd8e6b33489c94f;0xbe28d6f2aa1f2698fe3f65320a2e7d6fa3bd3764d01365342cd9544c078a9700;0x76e75cee;0x6a218745L;0.500000;1503116794;1503116794
0;32;8048;0x1bff84639d367930b713bf5fd0e8ed26ded92ba526eed3395bd8e6b33489c94f;0xbe28d6f2aa1f2698fe3f65320a2e7d6fa3bd3764d01365342cd9544c078a9700;0x76e75cee;0x6a218745L;0.500000;1503116794;1503116794
0;32;8048;0x1bff84639d367930b713bf5fd0e8ed26ded92ba526eed3395bd8e6b33489c94f;0xbe28d6f2aa1f2698fe3f65320a2e7d6fa3bd3764d01365342cd9544c078a9700;0x76e75cee;0x6a218745L;0.500000;1503116794;1503116795
0;32;8048;0x2b406c15264792b2bb35e8a64eba25b8793cbd3fe5b3b24bc6dfca8837014362;0x8a335d8e4841a415c2a8650de154500c90d3d0fa5dcb569d7b3bc7f185326335;0xe0a112d7;0x21401780L;0.500000;1503116795;1503116795
0;32;8048;0x2b406c15264792b2bb35e8a64eba25b8793cbd3fe5b3b24bc6dfca8837014362;0x8a335d8e4841a415c2a8650de154500c90d3d0fa5dcb569d7b3bc7f185326335;0xe0a112d7;0x21401780L;0.500000;1503116795;1503116795
0;32;8048;0x2b406c15264792b2bb35e8a64eba25b8793cbd3fe5b3b24bc6dfca8837014362;0x8a335d8e4841a415c2a8650de154500c90d3d0fa5dcb569d7b3bc7f185326335;0xe0a112d7;0x21401780L;0.500000;1503116795;1503116795
0;32;8048;0x2b406c15264792b2bb35e8a64eba25b8793cbd3fe5b3b24bc6dfca8837014362;0x8a335d8e4841a415c2a8650de154500c90d3d0fa5dcb569d7b3bc7f185326335;0xe0a112d7;0x21401780L;0.500000;1503116796;1503116796
0;32;8048;0x62916217f6bfe46f6cf165964143c7d97fd8ff222e44a35528d9f829adcd570f;0xebe631c21cf612f4dc51ce0c60311ca6aee2449e46606aed17fc26e6421e2713;0x3470d3a4;0xb8930f32L;0.500000;1503116796;1503116796
0;32;8048;0x62916217f6bfe46f6cf165964143c7d97fd8ff222e44a35528d9f829adcd570f;0xebe631c21cf612f4dc51ce0c60311ca6aee2449e46606aed17fc26e6421e2713;0x3470d3a4;0xb8930f32L;0.500000;1503116796;1503116796
0;32;8048;0x62916217f6bfe46f6cf165964143c7d97fd8ff222e44a35528d9f829adcd570f;0xebe631c21cf612f4dc51ce0c60311ca6aee2449e46606aed17fc26e6421e2713;0x3470d3a4;0xb8930f32L;0.500000;1503116796;1503116797
0;32;8048;0x5fc6fe8f0c89bc47ce928103b1ec1e46aa3e83d7d84babce4a33e685daa50739;0xb30d33cb505b54fbd917b569f5fa6b2c0911112fe1b6b3bf349b9604b87c223f;0x41eedae8;0x520ac269L;0.500000;1503116797;1503116797
0;32;8048;0x5fc6fe8f0c89bc47ce928103b1ec1e46aa3e83d7d84babce4a33e685daa50739;0xb30d33cb505b54fbd917b569f5fa6b2c0911112fe1b6b3bf349b9604b87c223f;0x41eedae8;0x520ac269L;0.500000;1503116797;1503116797
0;32;8048;0x5fc6fe8f0c89bc47ce928103b1ec1e46aa3e83d7d84babce4a33e685daa50739;0xb30d33cb505b54fbd917b569f5fa6b2c0911112fe1b6b3bf349b9604b87c223f;0x41eedae8;0x520ac269L;0.500000;1503116797;1503116798
0;32;8048;0x068b2e81ea2c295169d290e85c6c9d847c47491e0f585e8650cc48ab08ec3b0e;0x5044ced4ba43bb820ae5ebdca997e9881494b9996f740190dab10b01fdd15b51;0x2bbc9b74;0x3103c3afL;0.500000;1503116798;1503116798
0;32;8048;0x068b2e81ea2c295169d290e85c6c9d847c47491e0f585e8650cc48ab08ec3b0e;0x5044ced4ba43bb820ae5ebdca997e9881494b9996f740190dab10b01fdd15b51;0x2bbc9b74;0x3103c3afL;0.500000;1503116798;1503116798
0;32;8048;0x068b2e81ea2c295169d290e85c6c9d847c47491e0f585e8650cc48ab08ec3b0e;0x5044ced4ba43bb820ae5ebdca997e9881494b9996f740190dab10b01fdd15b51;0x2bbc9b74;0x3103c3afL;0.500000;1503116798;1503116798
0;32;8048;0x068b2e81ea2c295169d290e85c6c9d847c47491e0f585e8650cc48ab08ec3b0e;0x5044ced4ba43bb820ae5ebdca997e9881494b9996f740190dab10b01fdd15b51;0x2bbc9b74;0x3103c3afL;0.500000;1503116798;1503116799
0;32;8048;0xf56dba3483af0364b5f97e0746df660c3983bf004efb08241007829ee7b9cedc;0x2801c9d6b67f488a96004bfd780b905772d590134facb6d62bfa3fa93fb6bf44;0xf35cb3e1;0xb5433838L;0.500000;1503116799;1503116799
0;32;8048;0xf56dba3483af0364b5f97e0746df660c3983bf004efb08241007829ee7b9cedc;0x2801c9d6b67f488a96004bfd780b905772d590134facb6d62bfa3fa93fb6bf44;0xf35cb3e1;0xb5433838L;0.500000;1503116799;1503116799
0;32;8048;0xf56dba3483af0364b5f97e0746df660c3983bf004efb08241007829ee7b9cedc;0x2801c9d6b67f488a96004bfd780b905772d590134facb6d62bfa3fa93fb6bf44;0xf35cb3e1;0xb5433838L;0.500000;1503116799;1503116799
