0;96;8048;0x9b4bf00589feed3cd90ed4a6a6fcc2e993cd88edf8aebcd4f62ce0e40bc6f3a7;0xebcee13f8df4335d98da4c38771b8648de53dadd88ddf3301950b2667d926e38;0x4e9e7c01;0x693c8680L;0.500000;1503217202;1503217203
0;96;8048;0xfd9de6e70821b64975e65c14637af09e953e1642bb7326eff99cfd206937eb66;0x89b69926e7375a6615959f6a51fe1f1b51b38f9696b90835229a1b9f1c169df7;0x03a51913;0x542e5a59L;0.500000;1503217203;1503217203
0;96;8048;0xfd9de6e70821b64975e65c14637af09e953e1642bb7326eff99cfd206937eb66;0x89b69926e7375a6615959f6a51fe1f1b51b38f9696b90835229a1b9f1c169df7;0x03a51913;0x542e5a59L;0.500000;1503217203;1503217204
0;96;8048;0x7b7d38c8abf7333b2df35609f9a65771320a16a6979d2ce88d6561befbfe5076;0x468a62ea447fb8160d619bed69f60c6f47aed973db62b6e38063ccb5a80a8b8a;0xe2134726;0x91093c88L;0.500000;1503217204;1503217204
0;96;8048;0x7b7d38c8abf7333b2df35609f9a65771320a16a6979d2ce88d6561befbfe5076;0x468a62ea447fb8160d619bed69f60c6f47aed973db62b6e38063ccb5a80a8b8a;0xe2134726;0x91093c88L;0.500000;1503217204;1503217205
0;96;8048;0x1fd8bee8759c03520f43791389e712f2047688da15cc58ca44fb7e1f0b75112b;0xe9101859f3d1b4dcc8747fd43e2d2b5f7b023552e68f264849fc35bbd6861ba6;0xdec831d5;0xe8190260L;0.500000;1503217205;1503217205
0;96;8048;0x1fd8bee8759c03520f43791389e712f2047688da15cc58ca44fb7e1f0b75112b;0xe9101859f3d1b4dcc8747fd43e2d2b5f7b023552e68f264849fc35bbd6861ba6;0xdec831d5;0xe8190260L;0.500000;1503217205;1503217206
0;96;8048;0x65c6b0214e15aeeef008dc8d7cbd0635715288bc7e6d4d23aa39f1295ac50dc0;0xb238408a1d9812d46f40cd189b5e4b3b8311b7272148eb71b67933af0215cee2;0x6c30594e;0x10a28139L;0.500000;1503217206;1503217206
0;96;8048;0x65c6b0214e15aeeef008dc8d7cbd0635715288bc7e6d4d23aa39f1295ac50dc0;0xb238408a1d9812d46f40cd189b5e4b3b8311b7272148eb71b67933af0215cee2;0x6c30594e;0x10a28139L;0.500000;1503217206;1503217207
0;96;8048;0xddfea4cf828c4551871b1b186705ca0965d7902327be2c33df9b77c9b171df8e;0x3e2864fb1d1ff55aeb00b075cb790df651ac344f49321101b27e8fdc004894b2;0x88fc02da;0x40446886L;0.500000;1503217207;1503217207
0;96;8048;0xddfea4cf828c4551871b1b186705ca0965d7902327be2c33df9b77c9b171df8e;0x3e2864fb1d1ff55aeb00b075cb790df651ac344f49321101b27e8fdc004894b2;0x88fc02da;0x40446886L;0.500000;1503217207;1503217208
0;96;8048;0xa40158940da6855e38d68c45f33f1f8cf2290524e1ca242d5db25389aa879b4e;0xd3e2ad4a5dfcbb4d183c3802c5fde3ff14549d0edbd4b8af3b9c40d26608f411;0x984d5c74;0x441a0190L;0.500000;1503217208;1503217208
0;96;8048;0xa40158940da6855e38d68c45f33f1f8cf2290524e1ca242d5db25389aa879b4e;0xd3e2ad4a5dfcbb4d183c3802c5fde3ff14549d0edbd4b8af3b9c40d26608f411;0x984d5c74;0x441a0190L;0.500000;1503217208;1503217208
0;96;8048;0xa40158940da6855e38d68c45f33f1f8cf2290524e1ca242d5db25389aa879b4e;0xd3e2ad4a5dfcbb4d183c3802c5fde3ff14549d0edbd4b8af3b9c40d26608f411;0x984d5c74;0x441a0190L;0.500000;1503217209;1503217209
0;96;8048;0x41d19b58fe0482cec3ac791f3488f918351277e844e6b0bcda02bd11078e9b48;0xa90a4358186adf6157b11d82b3309ce60a7e414593bce010fbb98523e75b8934;0x214b9136;0x5b43140L;0.500000;1503217209;1503217209
0;96;8048;0x41d19b58fe0482cec3ac791f3488f918351277e844e6b0bcda02bd11078e9b48;0xa90a4358186adf6157b11d82b3309ce60a7e414593bce010fbb98523e75b8934;0x214b9136;0x5b43140L;0.500000;1503217209;1503217210
0;96;8048;0x5e020c93c65804f757dddc823b1e76b01e068f9e1e0f4c8b6c9b26e428344686;0xa25d536aa6d00f111e6d18bad6af07e5529dbc20dcf7352a931a33813594fe60;0x95549b07;0x5834d198L;0.500000;1503217210;1503217210
0;96;8048;0x5e020c93c65804f757dddc823b1e76b01e068f9e1e0f4c8b6c9b26e428344686;0xa25d536aa6d00f111e6d18bad6af07e5529dbc20dcf7352a931a33813594fe60;0x95549b07;0x5834d198L;0.500000;1503217211;1503217211
0;96;8048;0xff88bc4a238d3d80d6dbcce3da1f40cca56a74dcba7e0d2abbc9abb11c06a31c;0x777947e6e5576c1f12f949044f868ebb7f1074ebc01b80d45552b87e9f3aaa41;0xdac1390f;0xd9a810c8L;0.500000;1503217211;1503217212
0;96;8048;0xba3c8346dfae5de163bd5ab3b48324b73e37a2f760bd5f8ece166df278c24432;0xd2872d0276b5cbb4664343f37c0961e3fab5217d972fbf18e454b143bf787db0;0x1b2d9b3e;0x142da892L;0.500000;1503217212;1503217212
