0;96;8048;0xc678b5d0e7acf6d770d612e54028f2403d9d8a465fd8e6bba12886bc61512a28;0x68f735550da8990c164ea6496137f4fc6874133ba187bef7361fa115ed59c5f5;0x16b8eb3e;0x600ea6a0L;0.500000;1503158993;1503158994
0;96;8048;0xf489b7d04f1a261cb0d3e8d00911e9428164b1c2e6c11f6a959d2c3bfb0565ef;0x92e67c2de7bd8f1ae4824bfe7df7ef2ce59d18c28c94bace5d672745cbbf6ae0;0x888680f1;0x8c824386L;0.500000;1503158994;1503158994
0;96;8048;0xf489b7d04f1a261cb0d3e8d00911e9428164b1c2e6c11f6a959d2c3bfb0565ef;0x92e67c2de7bd8f1ae4824bfe7df7ef2ce59d18c28c94bace5d672745cbbf6ae0;0x888680f1;0x8c824386L;0.500000;1503158994;1503158995
0;96;8048;0xaa840688fbb25a7c2b5d60955b71c8331575a31aaf4edb32eecd8a7c57d94d02;0x7c5ab4e39cf903f953b0ed600c162de562c4c53f9dfa2e2b034ab1d9e8eb588f;0x6545914f;0x171522c3L;0.500000;1503158995;1503158995
0;96;8048;0xaa840688fbb25a7c2b5d60955b71c8331575a31aaf4edb32eecd8a7c57d94d02;0x7c5ab4e39cf903f953b0ed600c162de562c4c53f9dfa2e2b034ab1d9e8eb588f;0x6545914f;0x171522c3L;0.500000;1503158995;1503158996
0;96;8048;0x8589c7f6e2da3925defff7f8a7a92546068eb4a654db24150b7751b1307373b5;0xbbfde6f200da73fb1607f62d4c23f34867a4e84c1349fb338c95892aa6dd6af5;0x5edfc4be;0x80605411L;0.500000;1503158996;1503158996
0;96;8048;0x8589c7f6e2da3925defff7f8a7a92546068eb4a654db24150b7751b1307373b5;0xbbfde6f200da73fb1607f62d4c23f34867a4e84c1349fb338c95892aa6dd6af5;0x5edfc4be;0x80605411L;0.500000;1503158996;1503158997
0;96;8048;0x46c2c22906a58e2ffb0aa1e3f84446baf1f96cb7244e3406e69b58c4751e6fbb;0x8b77cce8a3cf2927725d5c8b5fee2bb3ab7896e49e8d89a4147ce34cff877e14;0xd2928e74;0x601a6092L;0.500000;1503158997;1503158997
0;96;8048;0x46c2c22906a58e2ffb0aa1e3f84446baf1f96cb7244e3406e69b58c4751e6fbb;0x8b77cce8a3cf2927725d5c8b5fee2bb3ab7896e49e8d89a4147ce34cff877e14;0xd2928e74;0x601a6092L;0.500000;1503158997;1503158997
0;96;8048;0x46c2c22906a58e2ffb0aa1e3f84446baf1f96cb7244e3406e69b58c4751e6fbb;0x8b77cce8a3cf2927725d5c8b5fee2bb3ab7896e49e8d89a4147ce34cff877e14;0xd2928e74;0x601a6092L;0.500000;1503158998;1503158998
0;96;8048;0xa2f6537bbebbab09b61bbd191fcfde1c0e4a8d7e35d7178afc0f4cb6c6fe8869;0xa680d4037b1b2c46c6635744e9fd50d4b6e8d3b387359dfa5a8e77cdb1aa52da;0x8f1fdfff;0x5982d428L;0.500000;1503158998;1503158998
0;96;8048;0xa2f6537bbebbab09b61bbd191fcfde1c0e4a8d7e35d7178afc0f4cb6c6fe8869;0xa680d4037b1b2c46c6635744e9fd50d4b6e8d3b387359dfa5a8e77cdb1aa52da;0x8f1fdfff;0x5982d428L;0.500000;1503158998;1503158999
0;96;8048;0x0110a00f832bc7496569cf9269146bc3aeedd8d8c4d6453c7d3804cc44a90945;0x878bd26caeebb868dc4d05ce220f8b72b5d8c48b70dc843a2f9e8717e3bccfef;0xb4e92475;0x5c8309d6L;0.500000;1503158999;1503158999
0;96;8048;0x0110a00f832bc7496569cf9269146bc3aeedd8d8c4d6453c7d3804cc44a90945;0x878bd26caeebb868dc4d05ce220f8b72b5d8c48b70dc843a2f9e8717e3bccfef;0xb4e92475;0x5c8309d6L;0.500000;1503158999;1503159000
0;96;8048;0xc9deed10c4c6026319c61bca51e7a34976c95ca14cad159e6f525d45cf7e4f99;0xb6b41068ec1bc82793052324ed02f807273947bb0c76f80f17dcf8b842b49964;0x218fa0ac;0x221a70b2L;0.500000;1503159000;1503159000
0;96;8048;0xc9deed10c4c6026319c61bca51e7a34976c95ca14cad159e6f525d45cf7e4f99;0xb6b41068ec1bc82793052324ed02f807273947bb0c76f80f17dcf8b842b49964;0x218fa0ac;0x221a70b2L;0.500000;1503159000;1503159001
0;96;8048;0x1e931e024702b1b2727d0a505b8e06fe55994eb8fec8072b2f2e75787a0b4c99;0xfd96903c7b1313bad198e3edd19f973799c8300aa833c7807c0b70d32f5f9b14;0x2d192807;0xde62286L;0.500000;1503159001;1503159001
0;96;8048;0x1e931e024702b1b2727d0a505b8e06fe55994eb8fec8072b2f2e75787a0b4c99;0xfd96903c7b1313bad198e3edd19f973799c8300aa833c7807c0b70d32f5f9b14;0x2d192807;0xde62286L;0.500000;1503159001;1503159001
0;96;8048;0x1e931e024702b1b2727d0a505b8e06fe55994eb8fec8072b2f2e75787a0b4c99;0xfd96903c7b1313bad198e3edd19f973799c8300aa833c7807c0b70d32f5f9b14;0x2d192807;0xde62286L;0.500000;1503159002;1503159002
0;96;8048;0x19e54df453212fb7c7db9b1e1fd25866ac31bd63553c6e76c802b7ca59803472;0xeddeb0254e01e06cd56029cc79dba6bad960d757198718ba55809d5ad8d6fea4;0x3ed64b01;0x940296f1L;0.500000;1503159002;1503159002
