0;96;8048;0xbe41a1ae7091d9ca682a32aababcfee789c32b323791265790fab66d83599d41;0x36ed449ce9855ffd833ce612b0f2a1cff5abe962e474c9de950ffff33cd30bab;0xd5fec6b8;0x745e0906L;0.500000;1503219615;1503219616
0;96;8048;0x934790b6182187616c941d7e320d65cf71d493377d30f79961979de3d9d1866c;0x02f4d2f5ca238a918535ce00b09a763be39cb83ee70af280e643f19112df0091;0x6ec33fb0;0xf0035298L;0.500000;1503219616;1503219616
0;96;8048;0x934790b6182187616c941d7e320d65cf71d493377d30f79961979de3d9d1866c;0x02f4d2f5ca238a918535ce00b09a763be39cb83ee70af280e643f19112df0091;0x6ec33fb0;0xf0035298L;0.500000;1503219616;1503219617
0;96;8048;0x7b9a396156300fdefe9bea6a3f80721ca4d4fedc15ae7c326aa3038516c73a92;0xa4a36c304a2e54ff1ded7da412b0c911a7e7eb0a1b0a9f4da41f4ec49933ada4;0x9717530a;0x524a25e6L;0.500000;1503219617;1503219617
0;96;8048;0x7b9a396156300fdefe9bea6a3f80721ca4d4fedc15ae7c326aa3038516c73a92;0xa4a36c304a2e54ff1ded7da412b0c911a7e7eb0a1b0a9f4da41f4ec49933ada4;0x9717530a;0x524a25e6L;0.500000;1503219617;1503219618
0;96;8048;0x9fd2d4984ce5eeba9cae77ea3d09727eafcc2237346f209b309fdbdc736b1e12;0x70e4e392ab1e6c0d33644681543db413644b7e4d8aa349b5d31cc471e22e7550;0x9152ef41;0xf8b585e8L;0.500000;1503219618;1503219618
0;96;8048;0x9fd2d4984ce5eeba9cae77ea3d09727eafcc2237346f209b309fdbdc736b1e12;0x70e4e392ab1e6c0d33644681543db413644b7e4d8aa349b5d31cc471e22e7550;0x9152ef41;0xf8b585e8L;0.500000;1503219618;1503219619
0;96;8048;0xaa6e0b38f9271007feaeb9cf55efb0aee4fea7103cf5b3088f97c3b86ff86f19;0x69e9e0253ec3ba8f11a0ff48ca4df4cd64a532f259ad20784ea8084ed17c30e7;0x23fb025a;0x4c50b92L;0.500000;1503219619;1503219619
0;96;8048;0xaa6e0b38f9271007feaeb9cf55efb0aee4fea7103cf5b3088f97c3b86ff86f19;0x69e9e0253ec3ba8f11a0ff48ca4df4cd64a532f259ad20784ea8084ed17c30e7;0x23fb025a;0x4c50b92L;0.500000;1503219619;1503219620
0;96;8048;0x5e709df03cb83039991dc65e81bf57a50c6cae1a7e12b271f58fb38cea953248;0x35b93db9c69035a58ed4bfef3f2152ae81d58fd4996921edb86b4d5baa294ec4;0xe86f46f9;0xa2228984L;0.500000;1503219620;1503219620
0;96;8048;0x5e709df03cb83039991dc65e81bf57a50c6cae1a7e12b271f58fb38cea953248;0x35b93db9c69035a58ed4bfef3f2152ae81d58fd4996921edb86b4d5baa294ec4;0xe86f46f9;0xa2228984L;0.500000;1503219620;1503219621
0;96;8048;0x74928f5d863298f0ca3e14182d9a19d3e66b71830ccab32730b8f401f816726d;0x25fda76d0bef35aaf353a77e3b127a6b54fc4f71d55a649335f9fc23a1efbbc1;0xaf32b58a;0x35a6023L;0.500000;1503219621;1503219621
0;96;8048;0x74928f5d863298f0ca3e14182d9a19d3e66b71830ccab32730b8f401f816726d;0x25fda76d0bef35aaf353a77e3b127a6b54fc4f71d55a649335f9fc23a1efbbc1;0xaf32b58a;0x35a6023L;0.500000;1503219621;1503219622
0;96;8048;0x61a28e35c52f27aa4e51a05d15eb3b87ee6842ca1c0a94ac423b5521cafcb02b;0x45d03dd5842bb51886a00419ad5a2c8563a4716e0db9a8b5a261d066f2918c0c;0xfd77ae42;0x580bac32L;0.500000;1503219622;1503219622
0;96;8048;0x61a28e35c52f27aa4e51a05d15eb3b87ee6842ca1c0a94ac423b5521cafcb02b;0x45d03dd5842bb51886a00419ad5a2c8563a4716e0db9a8b5a261d066f2918c0c;0xfd77ae42;0x580bac32L;0.500000;1503219622;1503219622
0;96;8048;0x61a28e35c52f27aa4e51a05d15eb3b87ee6842ca1c0a94ac423b5521cafcb02b;0x45d03dd5842bb51886a00419ad5a2c8563a4716e0db9a8b5a261d066f2918c0c;0xfd77ae42;0x580bac32L;0.500000;1503219623;1503219623
0;96;8048;0xc780a39a80a29cc8fbb5b595a3e156f76e0e74945c038d0d3cac39c5bab2cc81;0x330c82adac7e36c497ba64e6e71ba6e186b9e05c9a043a1fabc046ff9b45e397;0xae8a58ec;0x121c2052L;0.500000;1503219623;1503219623
0;96;8048;0xc780a39a80a29cc8fbb5b595a3e156f76e0e74945c038d0d3cac39c5bab2cc81;0x330c82adac7e36c497ba64e6e71ba6e186b9e05c9a043a1fabc046ff9b45e397;0xae8a58ec;0x121c2052L;0.500000;1503219623;1503219624
0;96;8048;0x1e5ded465ecb3f548df3836b77c994c5b0d0a727677053458a3929f515f7ee33;0x98d9802c8f6b5781a6c4d4840b3a2417a45784c75d91347dd81f733c988c8699;0xe4d7e4df;0x2685089bL;0.500000;1503219624;1503219624
0;96;8048;0x1e5ded465ecb3f548df3836b77c994c5b0d0a727677053458a3929f515f7ee33;0x98d9802c8f6b5781a6c4d4840b3a2417a45784c75d91347dd81f733c988c8699;0xe4d7e4df;0x2685089bL;0.500000;1503219624;1503219625
