0;96;8048;0xbe2b9478e2c38a1e01ad8e7a6b3b65a02e6bf7cd035c66886587bc827edf2e3c;0xa52eb27512b67a2838173bfbb4c952b0b8e6eed17ec7077114fe4a541f039820;0x8e0fbdc7;0xa01502b0L;0.500000;1503083543;1503083544
0;96;8048;0x66320448bfda3c082b9adb4ed391372ea26093fef40d4b0425cbcc3d2b469191;0xcfdd7e28d05ee42c9197e8529da48a1e606e30871be40f3acc5dc4af81ac4908;0x8b22337e;0xc6356812L;0.500000;1503083544;1503083544
0;96;8048;0x66320448bfda3c082b9adb4ed391372ea26093fef40d4b0425cbcc3d2b469191;0xcfdd7e28d05ee42c9197e8529da48a1e606e30871be40f3acc5dc4af81ac4908;0x8b22337e;0xc6356812L;0.500000;1503083544;1503083545
0;96;8048;0x9274852359caf3eab475d55d8e688a89ab0e8c05bbf79b412ffcdc1c0bcd679d;0xdaedb40f0abd5154a0c30d441c2a5f05ff2f1dff32ec7383d5f5e0c5f65f5630;0x43741db6;0xab590c83L;0.500000;1503083545;1503083545
0;96;8048;0x9274852359caf3eab475d55d8e688a89ab0e8c05bbf79b412ffcdc1c0bcd679d;0xdaedb40f0abd5154a0c30d441c2a5f05ff2f1dff32ec7383d5f5e0c5f65f5630;0x43741db6;0xab590c83L;0.500000;1503083545;1503083546
0;96;8048;0xef0df3bda8854b3256389815ae433abd824001123495d6a9dad5b299bcf5ffab;0x4fe17c35f2d54c5ec18fcf66ec5a512e4b5ef275b481f2b36d49a7e88233660b;0x1dbcb80e;0x602ea9cL;0.500000;1503083546;1503083546
0;96;8048;0xef0df3bda8854b3256389815ae433abd824001123495d6a9dad5b299bcf5ffab;0x4fe17c35f2d54c5ec18fcf66ec5a512e4b5ef275b481f2b36d49a7e88233660b;0x1dbcb80e;0x602ea9cL;0.500000;1503083547;1503083547
0;96;8048;0x817d8ab831c35ef66ff423c5ec382a9c0e5c79f4bd4a684d1dc5c88b237b3aa5;0x3cbd654f55a56569e5ee56cd7deb56d1b1f6caf5f7d490323022dcd04f3e8174;0xb6b1e466;0xd0521524L;0.500000;1503083547;1503083548
0;96;8048;0x2d63b1e372e8a195bb131c1e9f9062e1a8cd707617e58956a126d57f79b4e5a6;0xf7c7d1f63ed5c489e80598231e718c5606e14e73219a931a0755fa2f54af50b5;0x0baa92fe;0x8202b28cL;0.500000;1503083548;1503083548
0;96;8048;0x2d63b1e372e8a195bb131c1e9f9062e1a8cd707617e58956a126d57f79b4e5a6;0xf7c7d1f63ed5c489e80598231e718c5606e14e73219a931a0755fa2f54af50b5;0x0baa92fe;0x8202b28cL;0.500000;1503083548;1503083549
0;96;8048;0xf3d7746c8511199fbf5d78768534d735857132a67a95436656ca1ef56ba18b5e;0x8d8b40868347803737947e0744aad98681bfaa7d98ceadfaefffcc8306115c59;0x9dce7087;0x90c36098L;0.500000;1503083549;1503083549
0;96;8048;0xf3d7746c8511199fbf5d78768534d735857132a67a95436656ca1ef56ba18b5e;0x8d8b40868347803737947e0744aad98681bfaa7d98ceadfaefffcc8306115c59;0x9dce7087;0x90c36098L;0.500000;1503083550;1503083550
0;96;8048;0xacf42188deac2855d0240f2b1b84d8dcc93bdc6c20c2a4d798b27af4c8986874;0x2bc1e3d3bd14196a9a39af71e831f8d907618aefcf9e7654d9b05d1c5783af27;0xcad653ac;0x431ca484L;0.500000;1503083550;1503083551
0;96;8048;0xb163b95253a85a53422e9cb6f3c0f07c283b4e9db78ae05d946615d38843e439;0xe1ae3a1efbdf913e610ba5d53393868e097b4e6859f93e91ee2f74693569847f;0x37f4e86c;0xd417c38bL;0.500000;1503083551;1503083551
0;96;8048;0xb163b95253a85a53422e9cb6f3c0f07c283b4e9db78ae05d946615d38843e439;0xe1ae3a1efbdf913e610ba5d53393868e097b4e6859f93e91ee2f74693569847f;0x37f4e86c;0xd417c38bL;0.500000;1503083551;1503083552
0;96;8048;0x0ee0871c3293ac37ce14d693e27448f607a9363036b9e59cd5f3a317931e80a1;0x48148666ccaa38e1a1167b7865539426b2d0eb63836ef8913da84923d02708d2;0x2ce2c8d4;0x87991033L;0.500000;1503083552;1503083552
0;96;8048;0x0ee0871c3293ac37ce14d693e27448f607a9363036b9e59cd5f3a317931e80a1;0x48148666ccaa38e1a1167b7865539426b2d0eb63836ef8913da84923d02708d2;0x2ce2c8d4;0x87991033L;0.500000;1503083552;1503083553
0;96;8048;0xf02ce3eef8e409a9040263ca2f71a079e938eafcf0c15932fd19a1df93104c84;0xc4dcba25719f17aa1aa2eb33823ed86c8538aea55a5b0778590450cb3e50df4e;0xb7ea7cbd;0xa4310598L;0.500000;1503083553;1503083553
0;96;8048;0xf02ce3eef8e409a9040263ca2f71a079e938eafcf0c15932fd19a1df93104c84;0xc4dcba25719f17aa1aa2eb33823ed86c8538aea55a5b0778590450cb3e50df4e;0xb7ea7cbd;0xa4310598L;0.500000;1503083553;1503083554
0;96;8048;0x0e81b06ff3c294a652dc25b0d7631da39e15060353fe743fffb6b995ee06acfd;0x96f38fcb6ae83c92977155be3dd4eca7d431b80e99d376157a169a77b541f47e;0xd4399e48;0xa7052d9cL;0.500000;1503083554;1503083554
