0;96;8048;0x8ff844f9b5fcb7e428eb28b0c57be0bef21a14edcac15de51721554977106007;0x1cf3114cc16f33ac33c946b8c0717c36799f6c9f54c623fa34f84d1a4a588982;0x0387dc97;0x7f4a552L;0.500000;1503246894;1503246894
0;96;8048;0x8ff844f9b5fcb7e428eb28b0c57be0bef21a14edcac15de51721554977106007;0x1cf3114cc16f33ac33c946b8c0717c36799f6c9f54c623fa34f84d1a4a588982;0x0387dc97;0x7f4a552L;0.500000;1503246894;1503246895
0;96;8048;0x1669e1aa7ada5395154cbb8f03f9df6e9a6b6264094208accfc3f2e0f7a5d40d;0x827172544610e246329df5fd43456c27828c780d0a14355de8bff444d41f5017;0xf2679aaa;0x123139fbL;0.500000;1503246895;1503246895
0;96;8048;0x1669e1aa7ada5395154cbb8f03f9df6e9a6b6264094208accfc3f2e0f7a5d40d;0x827172544610e246329df5fd43456c27828c780d0a14355de8bff444d41f5017;0xf2679aaa;0x123139fbL;0.500000;1503246895;1503246896
0;96;8048;0x475a9ab6b751f6912de2e0590dbe6e8baae188837f49790c3da19eff7a8596c1;0x59e34ba9535d827394e6f0b661473d42b919d7e6754fe25f8cc5eebeb08e71d3;0x13bf4302;0xb1518916L;0.500000;1503246896;1503246896
0;96;8048;0x475a9ab6b751f6912de2e0590dbe6e8baae188837f49790c3da19eff7a8596c1;0x59e34ba9535d827394e6f0b661473d42b919d7e6754fe25f8cc5eebeb08e71d3;0x13bf4302;0xb1518916L;0.500000;1503246896;1503246896
0;96;8048;0x475a9ab6b751f6912de2e0590dbe6e8baae188837f49790c3da19eff7a8596c1;0x59e34ba9535d827394e6f0b661473d42b919d7e6754fe25f8cc5eebeb08e71d3;0x13bf4302;0xb1518916L;0.500000;1503246897;1503246897
0;96;8048;0xae8c6a5501cb6271fa3b4114f9353e7ac17164c36bcd874eb51423820c991eba;0x030124301bdd8fc14a1af0532688f1247421910d0d0d7a1a375f6eeb2a1fb267;0x78bfe5b5;0xddc7e854L;0.500000;1503246897;1503246897
0;96;8048;0xae8c6a5501cb6271fa3b4114f9353e7ac17164c36bcd874eb51423820c991eba;0x030124301bdd8fc14a1af0532688f1247421910d0d0d7a1a375f6eeb2a1fb267;0x78bfe5b5;0xddc7e854L;0.500000;1503246897;1503246898
0;96;8048;0x3236e383aabf7e5d7f0d4a685e110e5f65e1ea8445f2339c407bb10991ceb6c3;0x8f985dc518f2a26caf0ce275a6f37249f65466713d53d8f736ce80001fec7985;0xbb260d7c;0x6b0180f5L;0.500000;1503246898;1503246898
0;96;8048;0x3236e383aabf7e5d7f0d4a685e110e5f65e1ea8445f2339c407bb10991ceb6c3;0x8f985dc518f2a26caf0ce275a6f37249f65466713d53d8f736ce80001fec7985;0xbb260d7c;0x6b0180f5L;0.500000;1503246898;1503246899
0;96;8048;0x95ead60b3e37afd6f2e0d91c8e0f9433c2ac8831904c3c00f1384b19194ca7af;0x328413ecd0456d2169cc22b5ada5792588915ed3125f3b435d942f149747402d;0x0be2e9a0;0x8217a7f5L;0.500000;1503246899;1503246899
0;96;8048;0x95ead60b3e37afd6f2e0d91c8e0f9433c2ac8831904c3c00f1384b19194ca7af;0x328413ecd0456d2169cc22b5ada5792588915ed3125f3b435d942f149747402d;0x0be2e9a0;0x8217a7f5L;0.500000;1503246899;1503246900
0;96;8048;0x5787332d4120ddcb55cf61c04c38b8d48e5f9e0e0c2974d2c346dd0a7e7593d5;0x922e56fbea011fda2a40619487901a8777f07630483cef859e25ad495b5fc3dc;0x660a0aaa;0x2952a771L;0.500000;1503246900;1503246900
0;96;8048;0x5787332d4120ddcb55cf61c04c38b8d48e5f9e0e0c2974d2c346dd0a7e7593d5;0x922e56fbea011fda2a40619487901a8777f07630483cef859e25ad495b5fc3dc;0x660a0aaa;0x2952a771L;0.500000;1503246900;1503246900
0;96;8048;0x5787332d4120ddcb55cf61c04c38b8d48e5f9e0e0c2974d2c346dd0a7e7593d5;0x922e56fbea011fda2a40619487901a8777f07630483cef859e25ad495b5fc3dc;0x660a0aaa;0x2952a771L;0.500000;1503246901;1503246901
0;96;8048;0x39898870ee9d2b11f6672099b2544742eca4d52f9cb1f25c9babcb58e55ebe1e;0x538f2e9a1a404bdf47ac7d436f3d7c5ba42af313f22c2236daeee58d02b57045;0x79c96dbb;0x130d5585L;0.500000;1503246901;1503246901
0;96;8048;0x39898870ee9d2b11f6672099b2544742eca4d52f9cb1f25c9babcb58e55ebe1e;0x538f2e9a1a404bdf47ac7d436f3d7c5ba42af313f22c2236daeee58d02b57045;0x79c96dbb;0x130d5585L;0.500000;1503246901;1503246902
0;96;8048;0x100ffb24c612ee5dd7e19e0f3632042acebd9d5da61a682a6b33527e85a83995;0xf8f97a2286711c1ba4f5a2db643ffa4e657c6c6c22b10636b107286611e79d5c;0x86d43928;0x108b6090L;0.500000;1503246902;1503246902
0;96;8048;0x100ffb24c612ee5dd7e19e0f3632042acebd9d5da61a682a6b33527e85a83995;0xf8f97a2286711c1ba4f5a2db643ffa4e657c6c6c22b10636b107286611e79d5c;0x86d43928;0x108b6090L;0.500000;1503246902;1503246903
