0;96;8048;0xa0a89a153d4cc73c79a55d74d12a6554416f997659d69ccc789ea2ad5e9c02fe;0xa6fa8c94590377d6ddbf05d24da4e830f7a45c0df4a5f42d9376fc1798285490;0x33f7db47;0x34023c46L;0.500000;1503163727;1503163728
0;96;8048;0x450e8bfb741315024a1aaaafc8ebb75b3efa66e8b731bf62cad08f11983d01dd;0xb7a722524d325c31a5a6bda75b627e3fc5dca0f9f5a33f87bad7f1400750c664;0x5fde1d72;0x847044d8L;0.500000;1503163728;1503163728
0;96;8048;0x450e8bfb741315024a1aaaafc8ebb75b3efa66e8b731bf62cad08f11983d01dd;0xb7a722524d325c31a5a6bda75b627e3fc5dca0f9f5a33f87bad7f1400750c664;0x5fde1d72;0x847044d8L;0.500000;1503163728;1503163729
0;96;8048;0x579f4468f001218912878cc5364156fb8e00d4fc38cbf33cedeec781f4cdeb4b;0xc2c8fdc068e9543a73cc9a4b3bce25c7539f93878b599af1a1d849c3e6f96c26;0x6f4b4494;0x80d10990L;0.500000;1503163729;1503163729
0;96;8048;0x579f4468f001218912878cc5364156fb8e00d4fc38cbf33cedeec781f4cdeb4b;0xc2c8fdc068e9543a73cc9a4b3bce25c7539f93878b599af1a1d849c3e6f96c26;0x6f4b4494;0x80d10990L;0.500000;1503163729;1503163730
0;96;8048;0x49d54f0cc41c45c83bf68042756b79503168fbc45c8ab1ac22b89bbf2a4a5c73;0x9066354b447a43910a47cb6fd19f5079a7e904f75e8d100aa07d30b988814b86;0x8691ce08;0xe0a47018L;0.500000;1503163730;1503163730
0;96;8048;0x49d54f0cc41c45c83bf68042756b79503168fbc45c8ab1ac22b89bbf2a4a5c73;0x9066354b447a43910a47cb6fd19f5079a7e904f75e8d100aa07d30b988814b86;0x8691ce08;0xe0a47018L;0.500000;1503163730;1503163731
0;96;8048;0xffc63d30bbc79e483900e082c977de066b22a2efd1b727705b68e7274d574d4c;0x6ec9490c4327658f04219b48015e68ce098ea6acd33ddbb6495634e0dbad10e3;0x028830a9;0xfba8ca46L;0.500000;1503163731;1503163731
0;96;8048;0xffc63d30bbc79e483900e082c977de066b22a2efd1b727705b68e7274d574d4c;0x6ec9490c4327658f04219b48015e68ce098ea6acd33ddbb6495634e0dbad10e3;0x028830a9;0xfba8ca46L;0.500000;1503163731;1503163732
0;96;8048;0xec023fd4f1a330a8007da195d3683500a901ee626983e9d17b5f9a9e250a7b11;0x8177e963e39c2637253fc6860b8f8165a0084808b1e408588eaf7f994ca21059;0x6583a403;0x911a8612L;0.500000;1503163732;1503163732
0;96;8048;0xec023fd4f1a330a8007da195d3683500a901ee626983e9d17b5f9a9e250a7b11;0x8177e963e39c2637253fc6860b8f8165a0084808b1e408588eaf7f994ca21059;0x6583a403;0x911a8612L;0.500000;1503163732;1503163733
0;96;8048;0xaf256d428b07d850e88e8d0cdce78b65f8c5a9f3cf4b73ea5af08fc53c17e2eb;0x9f62687bdd4a8b0f0315a7685fae65ad96e74a67cded99c89769e669907b5716;0xf9ffa501;0x94a084dcL;0.500000;1503163733;1503163733
0;96;8048;0xaf256d428b07d850e88e8d0cdce78b65f8c5a9f3cf4b73ea5af08fc53c17e2eb;0x9f62687bdd4a8b0f0315a7685fae65ad96e74a67cded99c89769e669907b5716;0xf9ffa501;0x94a084dcL;0.500000;1503163733;1503163734
0;96;8048;0xf4d5b223e39db19d8d2c77fd1b4dba80b72a829aa6b902a3b36f583057c2a04b;0x3ead680478fe4b6cc26567a9c85a09c9e065766476fae7fe27c5b5186b9891b3;0x83aa53ce;0xa3f0c82L;0.500000;1503163734;1503163734
0;96;8048;0xf4d5b223e39db19d8d2c77fd1b4dba80b72a829aa6b902a3b36f583057c2a04b;0x3ead680478fe4b6cc26567a9c85a09c9e065766476fae7fe27c5b5186b9891b3;0x83aa53ce;0xa3f0c82L;0.500000;1503163734;1503163735
0;96;8048;0xe809216f725437d963f42d7a1949ef74b807d6b5346ef3ba6cc0db5d97ed097f;0x9cd83218a57e12e4df1cfc6822cc8f31e5aa27c6a33eef1957ab1552db3e1285;0x074d77d6;0x5ae48596L;0.500000;1503163735;1503163735
0;96;8048;0xe809216f725437d963f42d7a1949ef74b807d6b5346ef3ba6cc0db5d97ed097f;0x9cd83218a57e12e4df1cfc6822cc8f31e5aa27c6a33eef1957ab1552db3e1285;0x074d77d6;0x5ae48596L;0.500000;1503163735;1503163735
0;96;8048;0xcf2c38dbea1322870baea1f106f3734284243da1e54e695d73298996222678f2;0x24c901992f4c64efa25c798b1f85132bfc51c4a7d337430fa9f2960084534544;0xbc7d65b7;0xf2895a16L;0.500000;1503163736;1503163736
0;96;8048;0xcf2c38dbea1322870baea1f106f3734284243da1e54e695d73298996222678f2;0x24c901992f4c64efa25c798b1f85132bfc51c4a7d337430fa9f2960084534544;0xbc7d65b7;0xf2895a16L;0.500000;1503163736;1503163736
0;96;8048;0xcf2c38dbea1322870baea1f106f3734284243da1e54e695d73298996222678f2;0x24c901992f4c64efa25c798b1f85132bfc51c4a7d337430fa9f2960084534544;0xbc7d65b7;0xf2895a16L;0.500000;1503163736;1503163737
