0;96;8048;0xf7c6462504a779321de2a54d737a99f106ddaf25aa251307d4a74df66e2fb265;0x6e0cd73f083d08cf8692a931c4c49bc4c8480fa0b95bf118609b3efefc7873e0;0x3b1dce31;0x600b1f45L;0.500000;1503102800;1503102801
0;96;8048;0x56d6d4d3d96ba19b683e6cc168c22f48384d30f9eba0a432ce4ad5d5acfbdf02;0x666237d7d25b72f8af48a578be0c0922a281bedd182df27c770ab8cd872ea1d9;0x0ca5bbea;0x16ecc382L;0.500000;1503102801;1503102801
0;96;8048;0x56d6d4d3d96ba19b683e6cc168c22f48384d30f9eba0a432ce4ad5d5acfbdf02;0x666237d7d25b72f8af48a578be0c0922a281bedd182df27c770ab8cd872ea1d9;0x0ca5bbea;0x16ecc382L;0.500000;1503102801;1503102802
0;96;8048;0x17f3d87bd6a4242f443339474459e55e28be7d584efcc1b255286d6ec11a1ed8;0x077bb7f63502851491fe3e635a7887affd423df4acf94ac9768ee613d8ca03c8;0x969558f1;0xe0988452L;0.500000;1503102802;1503102802
0;96;8048;0x17f3d87bd6a4242f443339474459e55e28be7d584efcc1b255286d6ec11a1ed8;0x077bb7f63502851491fe3e635a7887affd423df4acf94ac9768ee613d8ca03c8;0x969558f1;0xe0988452L;0.500000;1503102802;1503102803
0;96;8048;0x3dd249b0d938cd288d4abcd38743b536aee401254bb600c4f26271e1fa354737;0x9edfc1b84f1de30537cbb64d884d860d180c49aaecfa7181d1527732e867b325;0x8f543ff0;0x4020242eL;0.500000;1503102803;1503102803
0;96;8048;0x3dd249b0d938cd288d4abcd38743b536aee401254bb600c4f26271e1fa354737;0x9edfc1b84f1de30537cbb64d884d860d180c49aaecfa7181d1527732e867b325;0x8f543ff0;0x4020242eL;0.500000;1503102803;1503102804
0;96;8048;0x00d431b13fca7eee8cc8e0758a9759e648686001bff7d467a4e57424e977e8e9;0x6d43569c16baf2e0b2b874782c7a592ec379b601d3ef8dcbfa8277485ad9214b;0x153d9f3b;0xe1dd052L;0.500000;1503102804;1503102804
0;96;8048;0x00d431b13fca7eee8cc8e0758a9759e648686001bff7d467a4e57424e977e8e9;0x6d43569c16baf2e0b2b874782c7a592ec379b601d3ef8dcbfa8277485ad9214b;0x153d9f3b;0xe1dd052L;0.500000;1503102804;1503102804
0;96;8048;0x00d431b13fca7eee8cc8e0758a9759e648686001bff7d467a4e57424e977e8e9;0x6d43569c16baf2e0b2b874782c7a592ec379b601d3ef8dcbfa8277485ad9214b;0x153d9f3b;0xe1dd052L;0.500000;1503102805;1503102805
0;96;8048;0x3339138ad172d7b9485abb70f33c86f7059c2b10defff2971974ceb4cbc1aaff;0xe1ecc5a32b84593f8c86c2180e4f1b16aac379395eadd39961841b46a179b58e;0xcfac01e3;0x44cef223L;0.500000;1503102805;1503102805
0;96;8048;0x3339138ad172d7b9485abb70f33c86f7059c2b10defff2971974ceb4cbc1aaff;0xe1ecc5a32b84593f8c86c2180e4f1b16aac379395eadd39961841b46a179b58e;0xcfac01e3;0x44cef223L;0.500000;1503102805;1503102806
0;96;8048;0xf79e4dbd03da93b9e221d0773d8bc8501a2f3363127b3aeb6e306563acc1c0a3;0xa71384d242b7b87062a9f157c7693f561062f9c328dd8602d5e41905bd9752f9;0xcb4568c7;0x24e3da8bL;0.500000;1503102806;1503102806
0;96;8048;0xf79e4dbd03da93b9e221d0773d8bc8501a2f3363127b3aeb6e306563acc1c0a3;0xa71384d242b7b87062a9f157c7693f561062f9c328dd8602d5e41905bd9752f9;0xcb4568c7;0x24e3da8bL;0.500000;1503102806;1503102807
0;96;8048;0x247888ecf354ca9e156dd2ed9d9e8fc45d7dde414c1140baa415399d7ccb9ea0;0x74e0e572fc859d6278eca757107d0825a816c049fa22891afb1752a4d9a96c3b;0x3c2cab8c;0xb88964d8L;0.500000;1503102807;1503102807
0;96;8048;0x247888ecf354ca9e156dd2ed9d9e8fc45d7dde414c1140baa415399d7ccb9ea0;0x74e0e572fc859d6278eca757107d0825a816c049fa22891afb1752a4d9a96c3b;0x3c2cab8c;0xb88964d8L;0.500000;1503102807;1503102808
0;96;8048;0x0acd0bb5d607dc39279dd7f891286b947b507cb6581d794347e619b94e49fb58;0x2012c0377714df0829e360d94a285bd1df28909c13e7f57f86ec6293f3c22c89;0x3ee0577f;0x4bc94905L;0.500000;1503102808;1503102808
0;96;8048;0x0acd0bb5d607dc39279dd7f891286b947b507cb6581d794347e619b94e49fb58;0x2012c0377714df0829e360d94a285bd1df28909c13e7f57f86ec6293f3c22c89;0x3ee0577f;0x4bc94905L;0.500000;1503102808;1503102809
0;96;8048;0x8c2c8e6cc6a9f4e97a3965a5f441c637290f475d6c33929464ccb2ef26382bb2;0xe77047426f0c24f9470663809be1d5236f9a2305338daa5b53981b122c9b7242;0x5aaff56c;0x388c909eL;0.500000;1503102809;1503102809
0;96;8048;0x8c2c8e6cc6a9f4e97a3965a5f441c637290f475d6c33929464ccb2ef26382bb2;0xe77047426f0c24f9470663809be1d5236f9a2305338daa5b53981b122c9b7242;0x5aaff56c;0x388c909eL;0.500000;1503102809;1503102810
