0;96;8048;0xb9d4cb3b308753f5d2c2cde8228e6317bf35551dc6a8f3f8a641f5300b7e9cc5;0x5780799631fe73782d4fbaa96c486b568edc08b7b203fb1585c97cfdfac3c411;0x671e606a;0x414c4de8L;0.500000;1503095192;1503095192
0;96;8048;0x80083287e200f859826c4947659d1cd490d26bdb8cbcc73b32ac6873f81dae78;0x9008b6c9c50c7cc28a4ac3221b2755ccbbdb58c81858639e536a3c9c879bb051;0xf8f2b6da;0x30e428ceL;0.500000;1503095192;1503095192
0;96;8048;0x565851d86c40a871d0bed539a262e253390135789baf56f299ab23382f72b485;0x77d63a5d33339bca6936c68c2a52c279399505248a858d6bed85bd6e2e041c5f;0x3bf7fe09;0x441f1810L;0.500000;1503095193;1503095193
0;96;8048;0x565851d86c40a871d0bed539a262e253390135789baf56f299ab23382f72b485;0x77d63a5d33339bca6936c68c2a52c279399505248a858d6bed85bd6e2e041c5f;0x3bf7fe09;0x441f1810L;0.500000;1503095193;1503095194
0;96;8048;0xe04c22bc914c88b06ad10036dd3f509a7df28aac10ffb56709db29e05187f031;0x1386fc338758f1a1b38d1abe091b75513b3d7176f52e66d633a215e6eeaf17d0;0xcb7ad5b4;0xa123806L;0.500000;1503095194;1503095194
0;96;8048;0xe04c22bc914c88b06ad10036dd3f509a7df28aac10ffb56709db29e05187f031;0x1386fc338758f1a1b38d1abe091b75513b3d7176f52e66d633a215e6eeaf17d0;0xcb7ad5b4;0xa123806L;0.500000;1503095194;1503095195
0;96;8048;0xccddc1328e2caf9cc79b57aa026fa28da5b3fa00790bd9fc7d51a40dd59426a1;0x521a04c7e359857f4d642b405c4fa5ec3086b47d15181d42618cd43d35d160d2;0x01a21949;0x81882202L;0.500000;1503095195;1503095195
0;96;8048;0xccddc1328e2caf9cc79b57aa026fa28da5b3fa00790bd9fc7d51a40dd59426a1;0x521a04c7e359857f4d642b405c4fa5ec3086b47d15181d42618cd43d35d160d2;0x01a21949;0x81882202L;0.500000;1503095195;1503095196
0;96;8048;0x4af0b3ffc3b2e7f9a8f92566593735c8e711559f239949df90655ea77f5634ca;0x710c5dee3962a700acf80bfb752a2099b24862d08c27e03a0a0a5cec1ab6d2b8;0x22317f6a;0x13780a20L;0.500000;1503095196;1503095196
0;96;8048;0x4af0b3ffc3b2e7f9a8f92566593735c8e711559f239949df90655ea77f5634ca;0x710c5dee3962a700acf80bfb752a2099b24862d08c27e03a0a0a5cec1ab6d2b8;0x22317f6a;0x13780a20L;0.500000;1503095196;1503095196
0;96;8048;0x4af0b3ffc3b2e7f9a8f92566593735c8e711559f239949df90655ea77f5634ca;0x710c5dee3962a700acf80bfb752a2099b24862d08c27e03a0a0a5cec1ab6d2b8;0x22317f6a;0x13780a20L;0.500000;1503095196;1503095197
0;96;8048;0x6e5d807db8e189fa65cd63a04eb1c986883f4da56b3efd2f2e7c7ed5c34a8b31;0xc222129ca5013e1b41777a45e84df7c0aecc313c81e0cc2afef775863892c7db;0xff46b332;0x5622c880L;0.500000;1503095197;1503095198
0;96;8048;0x0144229d469645b513c07a62e4702f07d501207b6955e0a58e79801211f62b12;0xbb6ae5e3311249fcb89c1ccd97bd21cd55670089bd01f2174f073a242af72dad;0x14820bb2;0x3410410L;0.500000;1503095198;1503095198
0;96;8048;0x0144229d469645b513c07a62e4702f07d501207b6955e0a58e79801211f62b12;0xbb6ae5e3311249fcb89c1ccd97bd21cd55670089bd01f2174f073a242af72dad;0x14820bb2;0x3410410L;0.500000;1503095198;1503095198
0;96;8048;0x0144229d469645b513c07a62e4702f07d501207b6955e0a58e79801211f62b12;0xbb6ae5e3311249fcb89c1ccd97bd21cd55670089bd01f2174f073a242af72dad;0x14820bb2;0x3410410L;0.500000;1503095199;1503095199
0;96;8048;0x4ecf29facfaea7c4da1f2650a9dba118a51e68fbb555f9b1d40b25ad140cd562;0x44208439eae286d381371d53736f2ea4c01652cb71b723019aa85d7da6dd6533;0xc176e261;0x73b08306L;0.500000;1503095199;1503095199
0;96;8048;0x4ecf29facfaea7c4da1f2650a9dba118a51e68fbb555f9b1d40b25ad140cd562;0x44208439eae286d381371d53736f2ea4c01652cb71b723019aa85d7da6dd6533;0xc176e261;0x73b08306L;0.500000;1503095199;1503095200
0;96;8048;0xdb18708f2bc356d4f8a9b8b926d83c418ad9c708051ac32d0a46cb4c6a731446;0x79463a9f7f6c6876f575141dbe683b4c4ef8a81f2c7138ba639b792bdf169a0f;0x519a74f3;0x46386180L;0.500000;1503095200;1503095200
0;96;8048;0xdb18708f2bc356d4f8a9b8b926d83c418ad9c708051ac32d0a46cb4c6a731446;0x79463a9f7f6c6876f575141dbe683b4c4ef8a81f2c7138ba639b792bdf169a0f;0x519a74f3;0x46386180L;0.500000;1503095200;1503095201
0;96;8048;0xff73cfaa8d61145eb5e27dacb57fc6937721e42a71cd84f03d1fdc377a3fbc79;0x0208552a487da6f324f6c7097a29142b71be927ed33b59dc82b8baa5028e0259;0x81945d71;0x4b21f64bL;0.500000;1503095201;1503095201
