0;96;8048;0x655463a75b6c3742cb4e6ee44532534c3ef1cc628ec0b2d072faed1501197566;0xad6c647fc83e35de5d0d35afbca7e3711eca69eb3026edc36b86c4c2f55cc112;0x9d19e3d2;0xec2f3982L;0.500000;1503225542;1503225542
0;96;8048;0x655463a75b6c3742cb4e6ee44532534c3ef1cc628ec0b2d072faed1501197566;0xad6c647fc83e35de5d0d35afbca7e3711eca69eb3026edc36b86c4c2f55cc112;0x9d19e3d2;0xec2f3982L;0.500000;1503225542;1503225543
0;96;8048;0xe6cd2d9521b3fca11a28f2be6705790d672fc0bdedf83f23177bad82fbd4d7e1;0x6a8d6c2c85f532c026f922d2205f807e0490dcb4a74fb53470edfaee46eff12d;0x0ce462ae;0x7e711112L;0.500000;1503225543;1503225543
0;96;8048;0xe6cd2d9521b3fca11a28f2be6705790d672fc0bdedf83f23177bad82fbd4d7e1;0x6a8d6c2c85f532c026f922d2205f807e0490dcb4a74fb53470edfaee46eff12d;0x0ce462ae;0x7e711112L;0.500000;1503225543;1503225544
0;96;8048;0x2c344327550fd14066d92d41389e7f42968f884495193298160b1676606cf38c;0x5184a423577140af8468038135ad4af3bcae7a592e7b25ab652a05a9d49f8938;0xff4bdf71;0x53015230L;0.500000;1503225544;1503225544
0;96;8048;0x2c344327550fd14066d92d41389e7f42968f884495193298160b1676606cf38c;0x5184a423577140af8468038135ad4af3bcae7a592e7b25ab652a05a9d49f8938;0xff4bdf71;0x53015230L;0.500000;1503225544;1503225544
0;96;8048;0x2c344327550fd14066d92d41389e7f42968f884495193298160b1676606cf38c;0x5184a423577140af8468038135ad4af3bcae7a592e7b25ab652a05a9d49f8938;0xff4bdf71;0x53015230L;0.500000;1503225545;1503225545
0;96;8048;0x732289f12f7c370e9a1e2639a1bd928208604dcd0288a251b4601d84643d22d7;0xcd55c1cf2a3beabe661e67cb41c4a525e67b79de6ab586ebbdc9e87e26ce40a7;0x6303bf24;0x13048739L;0.500000;1503225545;1503225545
0;96;8048;0x732289f12f7c370e9a1e2639a1bd928208604dcd0288a251b4601d84643d22d7;0xcd55c1cf2a3beabe661e67cb41c4a525e67b79de6ab586ebbdc9e87e26ce40a7;0x6303bf24;0x13048739L;0.500000;1503225545;1503225546
0;96;8048;0xd1ddc49b559d0bc964bcbbf3ada85ec0deaec91868c0f13bd6a61d193245f703;0xceb748bd221ecce27e5ddc9434d7cf5fc8ae649adcce362becc88161015c1c9f;0xdffed2dc;0x8388d469L;0.500000;1503225546;1503225546
0;96;8048;0xd1ddc49b559d0bc964bcbbf3ada85ec0deaec91868c0f13bd6a61d193245f703;0xceb748bd221ecce27e5ddc9434d7cf5fc8ae649adcce362becc88161015c1c9f;0xdffed2dc;0x8388d469L;0.500000;1503225546;1503225547
0;96;8048;0x341cec7d07a5a0368e98219438512dce5b80e6e4912ac86e1a358a19307e0365;0x9b89b55a368703d6e6a1057fd9f0e17608a4410500587ebd52d38671cc6612ee;0xc7e71003;0x604c14b2L;0.500000;1503225547;1503225547
0;96;8048;0x341cec7d07a5a0368e98219438512dce5b80e6e4912ac86e1a358a19307e0365;0x9b89b55a368703d6e6a1057fd9f0e17608a4410500587ebd52d38671cc6612ee;0xc7e71003;0x604c14b2L;0.500000;1503225547;1503225548
0;96;8048;0xbdc929a3d72c07f7612cf2b234036e9e47543785e7d93091a8f37ded911fb74f;0x895f0a031cb99b095113f4d2e633dd8b5a0cca4fd9bcc635f0c7318655180c5b;0x03588495;0xc1039095L;0.500000;1503225548;1503225548
0;96;8048;0xbdc929a3d72c07f7612cf2b234036e9e47543785e7d93091a8f37ded911fb74f;0x895f0a031cb99b095113f4d2e633dd8b5a0cca4fd9bcc635f0c7318655180c5b;0x03588495;0xc1039095L;0.500000;1503225548;1503225549
0;96;8048;0x4eca0bcd5a66e5a28c2ee8f12e76405875139719d541bdbf22bb7125fb7b7e49;0x5ac06ec8bfd78b90e997fd77f8692508ff00cb23140682fca96b17e8a23067cb;0x650ca115;0xa7820e02L;0.500000;1503225549;1503225549
0;96;8048;0x4eca0bcd5a66e5a28c2ee8f12e76405875139719d541bdbf22bb7125fb7b7e49;0x5ac06ec8bfd78b90e997fd77f8692508ff00cb23140682fca96b17e8a23067cb;0x650ca115;0xa7820e02L;0.500000;1503225549;1503225549
0;96;8048;0x4eca0bcd5a66e5a28c2ee8f12e76405875139719d541bdbf22bb7125fb7b7e49;0x5ac06ec8bfd78b90e997fd77f8692508ff00cb23140682fca96b17e8a23067cb;0x650ca115;0xa7820e02L;0.500000;1503225549;1503225550
0;96;8048;0x5284c75df5e4d02c87eb6ea2d30542d0e2b36689a4d0fa14a92da863cde49f1f;0xb12f86b5998fac8fc2b642b67a9fdc17b766072db9e1cbfa914ecb51321e1553;0x0679f26a;0xfea1a18L;0.500000;1503225550;1503225550
0;96;8048;0x5284c75df5e4d02c87eb6ea2d30542d0e2b36689a4d0fa14a92da863cde49f1f;0xb12f86b5998fac8fc2b642b67a9fdc17b766072db9e1cbfa914ecb51321e1553;0x0679f26a;0xfea1a18L;0.500000;1503225550;1503225551
