0;96;8048;0xa880e21f546e7660c05e1185bb06a54f4b22d4792fde16f5bac6d755e40c698c;0x7fa096981e311e01bf607d77510815788e1520a8a61546fcf755110b03cc1e2b;0xfb6521cf;0xaa635806L;0.500000;1503154209;1503154210
0;96;8048;0x28e380f6fc5606f3e714ff477cc5ce1c922b3f5b645e38c4ead55431219db449;0x12d80a2f8660aaf7cccd29742338744ee4add9216393a3d6fa51c63325d2c079;0xd8712950;0xb5d213d2L;0.500000;1503154210;1503154210
0;96;8048;0x28e380f6fc5606f3e714ff477cc5ce1c922b3f5b645e38c4ead55431219db449;0x12d80a2f8660aaf7cccd29742338744ee4add9216393a3d6fa51c63325d2c079;0xd8712950;0xb5d213d2L;0.500000;1503154210;1503154211
0;96;8048;0x46151f55af18f975c80cbbc594ca40064e1cc7401b3d57ff6473289925379b6c;0xa3cbf0018f8a92af67134fd6d54c28d8d65d09d6742acb629f610e61fb00de07;0xe9ba71ef;0x9c20c832L;0.500000;1503154211;1503154211
0;96;8048;0x46151f55af18f975c80cbbc594ca40064e1cc7401b3d57ff6473289925379b6c;0xa3cbf0018f8a92af67134fd6d54c28d8d65d09d6742acb629f610e61fb00de07;0xe9ba71ef;0x9c20c832L;0.500000;1503154211;1503154211
0;96;8048;0x46151f55af18f975c80cbbc594ca40064e1cc7401b3d57ff6473289925379b6c;0xa3cbf0018f8a92af67134fd6d54c28d8d65d09d6742acb629f610e61fb00de07;0xe9ba71ef;0x9c20c832L;0.500000;1503154212;1503154212
0;96;8048;0x7e358cc958de8d2a04d4a2b7dfd228a73e5e8415a6886f6456e2833641cbc1bf;0xfa6c14bf1591968b4e26f7dfcf09ebed29f61b81bd1c96e7ce71272234768a73;0xf5a516e7;0x3e78a418L;0.500000;1503154212;1503154212
0;96;8048;0x7e358cc958de8d2a04d4a2b7dfd228a73e5e8415a6886f6456e2833641cbc1bf;0xfa6c14bf1591968b4e26f7dfcf09ebed29f61b81bd1c96e7ce71272234768a73;0xf5a516e7;0x3e78a418L;0.500000;1503154212;1503154213
0;96;8048;0x0317aceea83ca561a5e7f59316c16a302473e8e33108b41109e8e5ab7d6c2380;0x91a5f4b85404d35915c3b2e1ba0b47e1afe86a6c6b917421269b8734e842e617;0x618065d2;0x20b35b2L;0.500000;1503154213;1503154213
0;96;8048;0x0317aceea83ca561a5e7f59316c16a302473e8e33108b41109e8e5ab7d6c2380;0x91a5f4b85404d35915c3b2e1ba0b47e1afe86a6c6b917421269b8734e842e617;0x618065d2;0x20b35b2L;0.500000;1503154213;1503154214
0;96;8048;0x8dc533ffa49c923669385fe636efce57f0dbd4267099f92aaa5883632a4137b7;0xed02327b5800af4b7dc7c2e63b5ff7408ec7f0fa17340dfa35c7d201afcbb884;0xbfeca591;0x8b02e2f3L;0.500000;1503154214;1503154214
0;96;8048;0x8dc533ffa49c923669385fe636efce57f0dbd4267099f92aaa5883632a4137b7;0xed02327b5800af4b7dc7c2e63b5ff7408ec7f0fa17340dfa35c7d201afcbb884;0xbfeca591;0x8b02e2f3L;0.500000;1503154214;1503154215
0;96;8048;0x41b6e510a19c9452141676684b942d7d4a4a50e123be1517901bf186edb8852e;0x42047abe7e90f69281d55405450d8394fced5d7d945c91cb7180c6fdcde38c65;0xd49ce5e6;0x4c0821b3L;0.500000;1503154215;1503154215
0;96;8048;0x41b6e510a19c9452141676684b942d7d4a4a50e123be1517901bf186edb8852e;0x42047abe7e90f69281d55405450d8394fced5d7d945c91cb7180c6fdcde38c65;0xd49ce5e6;0x4c0821b3L;0.500000;1503154215;1503154216
0;96;8048;0x5f18d9f6f261fcf79988a685215d7fb313b9da913876e36af052585b1f4d007e;0x03ca8ec8069337ae07f4e93afdb6bee3e352b0cc94c8cd7e0da2f2294d472143;0x9ffb5a2c;0x3d08018eL;0.500000;1503154216;1503154216
0;96;8048;0x5f18d9f6f261fcf79988a685215d7fb313b9da913876e36af052585b1f4d007e;0x03ca8ec8069337ae07f4e93afdb6bee3e352b0cc94c8cd7e0da2f2294d472143;0x9ffb5a2c;0x3d08018eL;0.500000;1503154216;1503154217
0;96;8048;0xf0c088a1026d7df581543b25ce8ed813280a909866682f9c1d5eb1c2f985b0e9;0xcf99665838202fdeceda7838f13e4bb084245f4183b757754a8179049d4528c4;0xa68484d5;0xcd016b84L;0.500000;1503154217;1503154217
0;96;8048;0xf0c088a1026d7df581543b25ce8ed813280a909866682f9c1d5eb1c2f985b0e9;0xcf99665838202fdeceda7838f13e4bb084245f4183b757754a8179049d4528c4;0xa68484d5;0xcd016b84L;0.500000;1503154217;1503154218
0;96;8048;0xf2b480fa8310c4561ab81c5cf84d5d9bcdd253f214d84ba8c8761972f922bceb;0xf3445c690c2215c03712fd4f6b10b381bc0b7b7859029784abe4ebf7959a1677;0x7c64ea72;0x955e04dcL;0.500000;1503154218;1503154218
0;96;8048;0xf2b480fa8310c4561ab81c5cf84d5d9bcdd253f214d84ba8c8761972f922bceb;0xf3445c690c2215c03712fd4f6b10b381bc0b7b7859029784abe4ebf7959a1677;0x7c64ea72;0x955e04dcL;0.500000;1503154218;1503154219
