0;96;8048;0x1819ad9f71c9aa47254a00f4faeae2ef5d690a41eeb86184ec159650d779f4ef;0x009fd05933688274ddfdb390a12079f16cc4276a534bdd54fe999d26c85d9156;0x042e9b61;0x542625caL;0.500000;1503153055;1503153056
0;96;8048;0xcfdc92e28681fc6611a8e93749e97a18b04bf56b456818a2c07eb831e11c9fb0;0xae1b7a26e128b4e51c908eeeeaf83e6b50a0f87e2b5b60797c03cd30921a6cbf;0xa79caaa5;0x2a856896L;0.500000;1503153056;1503153056
0;96;8048;0xcfdc92e28681fc6611a8e93749e97a18b04bf56b456818a2c07eb831e11c9fb0;0xae1b7a26e128b4e51c908eeeeaf83e6b50a0f87e2b5b60797c03cd30921a6cbf;0xa79caaa5;0x2a856896L;0.500000;1503153056;1503153057
0;96;8048;0xc834d2eb9eba9602822cd016c613bf21178c9dfbd5e5ae7bcc5149ac8f757857;0x59d73f39e052da8ea0b436eba3c870c0554c7e1860d31079fc7e1aeb757bf9e6;0xa4d8ced6;0xffdfff8aL;0.500000;1503153057;1503153057
0;96;8048;0xc834d2eb9eba9602822cd016c613bf21178c9dfbd5e5ae7bcc5149ac8f757857;0x59d73f39e052da8ea0b436eba3c870c0554c7e1860d31079fc7e1aeb757bf9e6;0xa4d8ced6;0xffdfff8aL;0.500000;1503153057;1503153057
0;96;8048;0xc834d2eb9eba9602822cd016c613bf21178c9dfbd5e5ae7bcc5149ac8f757857;0x59d73f39e052da8ea0b436eba3c870c0554c7e1860d31079fc7e1aeb757bf9e6;0xa4d8ced6;0xffdfff8aL;0.500000;1503153057;1503153058
0;96;8048;0x67eb508b8066ffe5e91339f3ce412bcf14655a8200ddf4c2b58fc0b9faa82262;0x3a486cd0230cfe02d5eca1543a4d351697373739bd4d574900da03233a847b67;0xadd168fb;0x35d0d10L;0.500000;1503153058;1503153058
0;96;8048;0x67eb508b8066ffe5e91339f3ce412bcf14655a8200ddf4c2b58fc0b9faa82262;0x3a486cd0230cfe02d5eca1543a4d351697373739bd4d574900da03233a847b67;0xadd168fb;0x35d0d10L;0.500000;1503153058;1503153059
0;96;8048;0xe63d6686dc48a3ab13a9c500edb6e634199e54d313787f0152263a3a82bc6568;0x42487bd98ea0b9630608f0dab2f9b81b57b3b54f5678283b26d91226278beeca;0x2dfcdf95;0x8054216L;0.500000;1503153059;1503153059
0;96;8048;0xe63d6686dc48a3ab13a9c500edb6e634199e54d313787f0152263a3a82bc6568;0x42487bd98ea0b9630608f0dab2f9b81b57b3b54f5678283b26d91226278beeca;0x2dfcdf95;0x8054216L;0.500000;1503153059;1503153060
0;96;8048;0x09ef73db084f0300b53f1767fa0de4670d79882a5ece876d588d1dc5a405cfad;0x8ad7f6f4297a72f9e168edadf215c282dfbff7742d91f0d4755227e65e534ac2;0xb0ce1d7c;0x86339944L;0.500000;1503153060;1503153060
0;96;8048;0x09ef73db084f0300b53f1767fa0de4670d79882a5ece876d588d1dc5a405cfad;0x8ad7f6f4297a72f9e168edadf215c282dfbff7742d91f0d4755227e65e534ac2;0xb0ce1d7c;0x86339944L;0.500000;1503153060;1503153061
0;96;8048;0x66c9ca86a8479f8948e1f800c462cd9f8d03b02ec09441ac0985e6706fd61dd6;0x75ac5eee3c6a48bbda290975a78ee7df293f3364726b61e1d7ff13a81b73c9d5;0xb8a18494;0x817f2090L;0.500000;1503153061;1503153061
0;96;8048;0x66c9ca86a8479f8948e1f800c462cd9f8d03b02ec09441ac0985e6706fd61dd6;0x75ac5eee3c6a48bbda290975a78ee7df293f3364726b61e1d7ff13a81b73c9d5;0xb8a18494;0x817f2090L;0.500000;1503153061;1503153062
0;96;8048;0x2e3cb6c31a5e26c66454e5a7a63150c3dd70e3cd1248ac2359761d60d112bbff;0x5407b944d8d0478d63e382bd34f241294f2fd3538092d6340d03d82d4b455c64;0x3e8f5948;0x44ac810L;0.500000;1503153062;1503153062
0;96;8048;0x2e3cb6c31a5e26c66454e5a7a63150c3dd70e3cd1248ac2359761d60d112bbff;0x5407b944d8d0478d63e382bd34f241294f2fd3538092d6340d03d82d4b455c64;0x3e8f5948;0x44ac810L;0.500000;1503153062;1503153063
0;96;8048;0xf61c0837da5359ce8908a0ddf661ca90f53c6f84f20b97f74da6f01a80720d77;0xbd2266f9ce4e569d7e9b8ed258f467190dfa2e5dee7f690aa247ae5187b190ff;0xbb3ce219;0x84608969L;0.500000;1503153063;1503153063
0;96;8048;0xf61c0837da5359ce8908a0ddf661ca90f53c6f84f20b97f74da6f01a80720d77;0xbd2266f9ce4e569d7e9b8ed258f467190dfa2e5dee7f690aa247ae5187b190ff;0xbb3ce219;0x84608969L;0.500000;1503153063;1503153064
0;96;8048;0x4b1d94bac24855b35cfde82ba46c089583b1824581eb9044eefc7b122262ef6d;0xcb5406f33fdbab537d272fa9d70d6bea762afff011ab6f7ff3b280cf7e38859b;0x7d26bb4d;0x70a86924L;0.500000;1503153064;1503153064
0;96;8048;0x4b1d94bac24855b35cfde82ba46c089583b1824581eb9044eefc7b122262ef6d;0xcb5406f33fdbab537d272fa9d70d6bea762afff011ab6f7ff3b280cf7e38859b;0x7d26bb4d;0x70a86924L;0.500000;1503153064;1503153065
