0;96;8048;0xb631baa48526fec20dfd6668e157bad462b670f2e6487304256caee9d0709b87;0x071ff6f07b66059c0c6183a1fb9ca1f0590e970a14d3f157b23c568772b52d58;0xb6d6cd19;0x8e51c239L;0.500000;1503149489;1503149489
0;96;8048;0xa21d89ae8bb3582798247b7af77fe890ef3d79ac0c6a5d872fb2da350220dea4;0x1cb19b5516ebf993db2b1c188480a6e4d09582f525db62661a84acd1a5ce2d2c;0xb622c97b;0x51fe084eL;0.500000;1503149489;1503149490
0;96;8048;0xc9382665a107ae6e1447c43d3bf331689f55e37895b8ab69d91cdb1575a3ef3f;0xd0e1a60349ca9e70572dbb90493fc30aa089b39310010410ede039f847837089;0x4f9ea6c1;0xe424ea0aL;0.500000;1503149490;1503149490
0;96;8048;0xc9382665a107ae6e1447c43d3bf331689f55e37895b8ab69d91cdb1575a3ef3f;0xd0e1a60349ca9e70572dbb90493fc30aa089b39310010410ede039f847837089;0x4f9ea6c1;0xe424ea0aL;0.500000;1503149490;1503149490
0;96;8048;0xc9382665a107ae6e1447c43d3bf331689f55e37895b8ab69d91cdb1575a3ef3f;0xd0e1a60349ca9e70572dbb90493fc30aa089b39310010410ede039f847837089;0x4f9ea6c1;0xe424ea0aL;0.500000;1503149491;1503149491
0;96;8048;0xe9da57e0fc9b8b7e6d86987bcc71c4bc58b87f7ebf3e109c7af6e4047fcf5568;0xffb31d3b7a355cb3e7632ee85cc09d7fd74f4741f5d04d5a2c37ab3bf553d998;0x7e136ac8;0x27031b16L;0.500000;1503149491;1503149491
0;96;8048;0xe9da57e0fc9b8b7e6d86987bcc71c4bc58b87f7ebf3e109c7af6e4047fcf5568;0xffb31d3b7a355cb3e7632ee85cc09d7fd74f4741f5d04d5a2c37ab3bf553d998;0x7e136ac8;0x27031b16L;0.500000;1503149492;1503149492
0;96;8048;0x81935df8493067c722da2cbbe1290c701a6ebb65f2959ec948d67bd8461807c7;0xcf1d6e919962f7c5e65aad403f1ed0081c6bf6ffcebbd7d33e3749b6882a8f60;0x0f5dfbf6;0x9543e902L;0.500000;1503149492;1503149492
0;96;8048;0x81935df8493067c722da2cbbe1290c701a6ebb65f2959ec948d67bd8461807c7;0xcf1d6e919962f7c5e65aad403f1ed0081c6bf6ffcebbd7d33e3749b6882a8f60;0x0f5dfbf6;0x9543e902L;0.500000;1503149493;1503149493
0;96;8048;0xf9094cb9ae0d0cbf05e3f41c523b74a3c8387f29101ac7222c1345763d3e6736;0xae29adbdcfa8d97bbb9d272d7b7103abb86619f77865fdf6acfd1d445f4f18cc;0xb1f0d5d2;0xd8820652L;0.500000;1503149493;1503149493
0;96;8048;0xf9094cb9ae0d0cbf05e3f41c523b74a3c8387f29101ac7222c1345763d3e6736;0xae29adbdcfa8d97bbb9d272d7b7103abb86619f77865fdf6acfd1d445f4f18cc;0xb1f0d5d2;0xd8820652L;0.500000;1503149493;1503149494
0;96;8048;0x23965ed08e3087b7687d3319f9ad8a1875ccc435132b81f3a6e799c3975b42ba;0xed42c4cd3db8be0dac968820b2f367356c078e3ed3ec4d33730d2c6eeb7ba3b5;0xbecc81be;0xc93a9383L;0.500000;1503149494;1503149494
0;96;8048;0x23965ed08e3087b7687d3319f9ad8a1875ccc435132b81f3a6e799c3975b42ba;0xed42c4cd3db8be0dac968820b2f367356c078e3ed3ec4d33730d2c6eeb7ba3b5;0xbecc81be;0xc93a9383L;0.500000;1503149494;1503149495
0;96;8048;0x680fb5a5c85e4429253e4fe7b8f40a7d60022b357c4b5d2574423ea9d43f393c;0xc109e9553db30e78dca70508c41e3b7e71d80736b92d29beaeb5b28b57aa5f74;0x2c6d00ef;0x1a834338L;0.500000;1503149495;1503149495
0;96;8048;0x680fb5a5c85e4429253e4fe7b8f40a7d60022b357c4b5d2574423ea9d43f393c;0xc109e9553db30e78dca70508c41e3b7e71d80736b92d29beaeb5b28b57aa5f74;0x2c6d00ef;0x1a834338L;0.500000;1503149495;1503149496
0;96;8048;0x46a4bfa830b66a8af055435c8a3fc9a68476bc10cce8bd4198ccceb5c7941c0d;0x036a6698473a450ab838f5659ad17e91dbed63789a76c949baddb38fafbcb75c;0x27812d0f;0x281e2140L;0.500000;1503149496;1503149496
0;96;8048;0x46a4bfa830b66a8af055435c8a3fc9a68476bc10cce8bd4198ccceb5c7941c0d;0x036a6698473a450ab838f5659ad17e91dbed63789a76c949baddb38fafbcb75c;0x27812d0f;0x281e2140L;0.500000;1503149496;1503149497
0;96;8048;0x51a7d2c0140b41747fe6be4395f0fff56334fca92ba1d921ea77b29a039afe54;0x2dcda587bc548e5fcddd81423e88b1ac5c48e50c948acd236e9c959c093ccfc2;0x36ec0190;0x580a5a9cL;0.500000;1503149497;1503149497
0;96;8048;0x51a7d2c0140b41747fe6be4395f0fff56334fca92ba1d921ea77b29a039afe54;0x2dcda587bc548e5fcddd81423e88b1ac5c48e50c948acd236e9c959c093ccfc2;0x36ec0190;0x580a5a9cL;0.500000;1503149497;1503149498
0;96;8048;0xe81bce3dfbb694a017f4b6d5ba2ce827aaed39361a62da0a20d9ad27c0b870a8;0x0300e8edb58943b616edc8be06d5057284b769e5cb34560f94ce4eceda35b3af;0x9e52e2de;0xe4331436L;0.500000;1503149498;1503149498
