0;96;8048;0x63bbf1c72fd31475ea488b3cf8a5eba2b18fbc18104178d5b2a42ed2b4afbb17;0x7479abe21a887f29410b803485558a95b3c4c8705e7b5cfa9e3fb4e9e0011ba6;0x6fc41c18;0x99864306L;0.500000;1503121889;1503121890
0;96;8048;0x74baf76601c78a8cea271bcd44c10d1b3f9730981a5f5bfbc95510d2b32a9427;0x81f865e8f9304d5e93212b5b97377f02efb439a26db45447105bfccfd3ec3ecf;0xfa7639cc;0xc0894494L;0.500000;1503121890;1503121890
0;96;8048;0x74baf76601c78a8cea271bcd44c10d1b3f9730981a5f5bfbc95510d2b32a9427;0x81f865e8f9304d5e93212b5b97377f02efb439a26db45447105bfccfd3ec3ecf;0xfa7639cc;0xc0894494L;0.500000;1503121890;1503121891
0;96;8048;0x31ff59532ca185473ca5301a89f8455ff985e962b41452a96286b146cb871afc;0xd85c391c4ad51379a78665af4ce51ccf73cecedf45f055e2910820fe165dd421;0x5bee95f6;0x10cb55f5L;0.500000;1503121891;1503121891
0;96;8048;0x31ff59532ca185473ca5301a89f8455ff985e962b41452a96286b146cb871afc;0xd85c391c4ad51379a78665af4ce51ccf73cecedf45f055e2910820fe165dd421;0x5bee95f6;0x10cb55f5L;0.500000;1503121891;1503121892
0;96;8048;0xb983e908c1e710055780e320a33a2ac503556cd3b54a2d665c4ec5301a6fdbd3;0xf1d9f61c28911ef4bfd234eba8fb95cce07d5351c16d649bd1ed6280a2f35a26;0xca7f3c66;0x64010a69L;0.500000;1503121892;1503121892
0;96;8048;0xb983e908c1e710055780e320a33a2ac503556cd3b54a2d665c4ec5301a6fdbd3;0xf1d9f61c28911ef4bfd234eba8fb95cce07d5351c16d649bd1ed6280a2f35a26;0xca7f3c66;0x64010a69L;0.500000;1503121892;1503121893
0;96;8048;0x8e5ca5fc52735ec32c89e6db3df238c4274098c50ea44ee0094b1495dcaf3b6a;0x1415a1264cac8862d150af2c5ebf0077a5359573f8004027c6cf8961c52df29d;0xe4acf38d;0xa61401ccL;0.500000;1503121893;1503121893
0;96;8048;0x8e5ca5fc52735ec32c89e6db3df238c4274098c50ea44ee0094b1495dcaf3b6a;0x1415a1264cac8862d150af2c5ebf0077a5359573f8004027c6cf8961c52df29d;0xe4acf38d;0xa61401ccL;0.500000;1503121893;1503121894
0;96;8048;0x72d2c60050ab8888ce2731ac6e16f454fbda1d2cbc507f9063059e29578f39ca;0x6bb33a5f3554583a130307a8595d20d55c34f2018d46e6b091ff886117dbdcd8;0x47584cc8;0xa8100f30L;0.500000;1503121894;1503121894
0;96;8048;0x72d2c60050ab8888ce2731ac6e16f454fbda1d2cbc507f9063059e29578f39ca;0x6bb33a5f3554583a130307a8595d20d55c34f2018d46e6b091ff886117dbdcd8;0x47584cc8;0xa8100f30L;0.500000;1503121894;1503121895
0;96;8048;0xddd9ffe85997c3afea71b592cee912900cfb0dc37f1af2e560ad6aab13c625f0;0xb46d812bcb622383f8a80394261eb20d3e1da7d0afb7771ee960fa2ee32a3bda;0xc95647e4;0xc6e88206L;0.500000;1503121895;1503121895
0;96;8048;0xddd9ffe85997c3afea71b592cee912900cfb0dc37f1af2e560ad6aab13c625f0;0xb46d812bcb622383f8a80394261eb20d3e1da7d0afb7771ee960fa2ee32a3bda;0xc95647e4;0xc6e88206L;0.500000;1503121895;1503121895
0;96;8048;0xddd9ffe85997c3afea71b592cee912900cfb0dc37f1af2e560ad6aab13c625f0;0xb46d812bcb622383f8a80394261eb20d3e1da7d0afb7771ee960fa2ee32a3bda;0xc95647e4;0xc6e88206L;0.500000;1503121896;1503121896
0;96;8048;0x9fb32c6ed61a62aa2bfa6181768505071c95d21514896171fb152106f118e790;0x7ab85efdf438361fdfc307e11056c4e754871b52ca1c4b30398b93cc941f9b7f;0xa04b7c57;0xe2296686L;0.500000;1503121896;1503121896
0;96;8048;0x9fb32c6ed61a62aa2bfa6181768505071c95d21514896171fb152106f118e790;0x7ab85efdf438361fdfc307e11056c4e754871b52ca1c4b30398b93cc941f9b7f;0xa04b7c57;0xe2296686L;0.500000;1503121897;1503121897
0;96;8048;0x5da41e54f7d3e9616571bf0265c057e9175223bf2c39c7153c75333fbc66d41a;0xa2ee204706a9c9bef74d0e97d5685111de47f97896d61feacd4fbae0dd37837d;0xa6ae3a72;0xc4562820L;0.500000;1503121897;1503121897
0;96;8048;0x5da41e54f7d3e9616571bf0265c057e9175223bf2c39c7153c75333fbc66d41a;0xa2ee204706a9c9bef74d0e97d5685111de47f97896d61feacd4fbae0dd37837d;0xa6ae3a72;0xc4562820L;0.500000;1503121897;1503121898
0;96;8048;0xcb6aa0fd85590c99ab7577f3d1405a064ab5e00ab8420c7f94ff1b5ac06c9c8c;0x9f78528b427c6766a69f442787f32d7a6d7a16fc622fe3a914c72573325db274;0x78ca3ee6;0x16500b05L;0.500000;1503121898;1503121898
0;96;8048;0xcb6aa0fd85590c99ab7577f3d1405a064ab5e00ab8420c7f94ff1b5ac06c9c8c;0x9f78528b427c6766a69f442787f32d7a6d7a16fc622fe3a914c72573325db274;0x78ca3ee6;0x16500b05L;0.500000;1503121898;1503121899
