0;96;8048;0x6dd99e83d2440fd8e7a80f711fb2589fcb0e1b159941e9abaf7d982fdddc414b;0x8f1e5b1603dd9881801fbea0f3e0f080f1676877f7baea544ef29dd8abbbd933;0x5088915b;0x125144c4L;0.500000;1503155432;1503155432
0;96;8048;0x6dd99e83d2440fd8e7a80f711fb2589fcb0e1b159941e9abaf7d982fdddc414b;0x8f1e5b1603dd9881801fbea0f3e0f080f1676877f7baea544ef29dd8abbbd933;0x5088915b;0x125144c4L;0.500000;1503155432;1503155432
0;96;8048;0x6dd99e83d2440fd8e7a80f711fb2589fcb0e1b159941e9abaf7d982fdddc414b;0x8f1e5b1603dd9881801fbea0f3e0f080f1676877f7baea544ef29dd8abbbd933;0x5088915b;0x125144c4L;0.500000;1503155432;1503155433
0;96;8048;0x3bd9b1f2f6a8bdb8b9244c461ebc4d25b49c022fcff81248fa93be7e55423191;0x68d4a760eee29fef91734b9b481a84f21f5c08754eb2b32881c9bc2a67244411;0xad1ac902;0xf4b44cc0L;0.500000;1503155433;1503155433
0;96;8048;0x3bd9b1f2f6a8bdb8b9244c461ebc4d25b49c022fcff81248fa93be7e55423191;0x68d4a760eee29fef91734b9b481a84f21f5c08754eb2b32881c9bc2a67244411;0xad1ac902;0xf4b44cc0L;0.500000;1503155433;1503155434
0;96;8048;0x9f4d7eca588af4f99f586777712db2d1a8d02f18aa664dd1759ac3b19d581f3d;0x6d6f0af16ad15a2df0b1e456267286109f27e85f984ed9094cd66405f18df142;0xf36a4176;0x12054811L;0.500000;1503155434;1503155434
0;96;8048;0x9f4d7eca588af4f99f586777712db2d1a8d02f18aa664dd1759ac3b19d581f3d;0x6d6f0af16ad15a2df0b1e456267286109f27e85f984ed9094cd66405f18df142;0xf36a4176;0x12054811L;0.500000;1503155434;1503155435
0;96;8048;0x2a881ed235f44967d463e37cc882e5be3afb11c326299d5d3f3c3975eea28718;0x4f28ed9298984bcafafdc698c1a2c862d2459d84ae7c0e446dd7379182f3c6a2;0xf671c0fb;0xb88b5290L;0.500000;1503155435;1503155435
0;96;8048;0x2a881ed235f44967d463e37cc882e5be3afb11c326299d5d3f3c3975eea28718;0x4f28ed9298984bcafafdc698c1a2c862d2459d84ae7c0e446dd7379182f3c6a2;0xf671c0fb;0xb88b5290L;0.500000;1503155435;1503155435
0;96;8048;0x2a881ed235f44967d463e37cc882e5be3afb11c326299d5d3f3c3975eea28718;0x4f28ed9298984bcafafdc698c1a2c862d2459d84ae7c0e446dd7379182f3c6a2;0xf671c0fb;0xb88b5290L;0.500000;1503155436;1503155436
0;96;8048;0xf37aedf81681f6eef490bb7192a0f499644971f4092b159c7d1a6afd0b7ee9fe;0x0d617ae9dcd5139d4dcd8784be68e3e36b1f0564518d6d2aad344d9a8abd3ec6;0x451869d8;0xc80102f1L;0.500000;1503155436;1503155436
0;96;8048;0xf37aedf81681f6eef490bb7192a0f499644971f4092b159c7d1a6afd0b7ee9fe;0x0d617ae9dcd5139d4dcd8784be68e3e36b1f0564518d6d2aad344d9a8abd3ec6;0x451869d8;0xc80102f1L;0.500000;1503155436;1503155437
0;96;8048;0x7c9752d91e1cfa8e5a9dcac7503e2726442aff3b75c17b3da08335821b68d797;0xf0b6c00919425ad1fbb4833f901b336b0707eab1d37b52085eccff4609634990;0xb9827842;0xb85117b8L;0.500000;1503155437;1503155437
0;96;8048;0x7c9752d91e1cfa8e5a9dcac7503e2726442aff3b75c17b3da08335821b68d797;0xf0b6c00919425ad1fbb4833f901b336b0707eab1d37b52085eccff4609634990;0xb9827842;0xb85117b8L;0.500000;1503155437;1503155438
0;96;8048;0x4e79e6401f5a1488457eec41a31405c7725160932486ebbd130463ab2d07627b;0x0c56612a543d0df7855f8efaa2051c2900ac17924f0c9e3626497a73d815c961;0x2d36e448;0xa48083d0L;0.500000;1503155438;1503155438
0;96;8048;0x4e79e6401f5a1488457eec41a31405c7725160932486ebbd130463ab2d07627b;0x0c56612a543d0df7855f8efaa2051c2900ac17924f0c9e3626497a73d815c961;0x2d36e448;0xa48083d0L;0.500000;1503155438;1503155439
0;96;8048;0x8f8742df27d464d501fb2d816c9c8493b5bf985ffd5d90142cd48f4ab85fb048;0x40d1d1686b8fde38684af1c0aafeeff4cdd28f3d6e64fe305475cddcf6041eae;0x8ebd8bc1;0x9c403406L;0.500000;1503155439;1503155439
0;96;8048;0x8f8742df27d464d501fb2d816c9c8493b5bf985ffd5d90142cd48f4ab85fb048;0x40d1d1686b8fde38684af1c0aafeeff4cdd28f3d6e64fe305475cddcf6041eae;0x8ebd8bc1;0x9c403406L;0.500000;1503155439;1503155439
0;96;8048;0x8f8742df27d464d501fb2d816c9c8493b5bf985ffd5d90142cd48f4ab85fb048;0x40d1d1686b8fde38684af1c0aafeeff4cdd28f3d6e64fe305475cddcf6041eae;0x8ebd8bc1;0x9c403406L;0.500000;1503155440;1503155440
0;96;8048;0x1a41283195ade3c2b680d837679fadec7f4b02967ae5f0d26824b44f3e98fb58;0x7152de3b15ec16572e69702edfce44874df0cd1800bcba2551ec2e7442f71d69;0xd096e870;0x8c256906L;0.500000;1503155440;1503155440
