0;96;8048;0xbf45d641059c230f1f7fc14c881ab1978d4108f70e6c1eb7bd46e2a9110aced0;0xf211a0b3d166b7f4717c0c4ecd1869129e3916e8789ac7ad7ec83da3ab934bf5;0xcad6026e;0x4e310805L;0.500000;1503221978;1503221978
0;96;8048;0xbf45d641059c230f1f7fc14c881ab1978d4108f70e6c1eb7bd46e2a9110aced0;0xf211a0b3d166b7f4717c0c4ecd1869129e3916e8789ac7ad7ec83da3ab934bf5;0xcad6026e;0x4e310805L;0.500000;1503221978;1503221979
0;96;8048;0x4c42d4eeefd6db8fe9175dbb96991d917c9e18c6e95f82e70f6e5017910419dd;0xf3ffe3a2ccaa6a16f3b5267a0872ce3263416a21a48ea3925f443fa9a5e0b2c9;0x8583971d;0x189cb05dL;0.500000;1503221979;1503221979
0;96;8048;0x4c42d4eeefd6db8fe9175dbb96991d917c9e18c6e95f82e70f6e5017910419dd;0xf3ffe3a2ccaa6a16f3b5267a0872ce3263416a21a48ea3925f443fa9a5e0b2c9;0x8583971d;0x189cb05dL;0.500000;1503221979;1503221980
0;96;8048;0xd035f9389209370f07e8ada8002ca66589d00132f03bb4d4da197a3b414dd211;0xebb86c691486b641ad713c6c952ee10ac03fdec7f9af4dbab58b8367866bef97;0x96bd0831;0x833a68b0L;0.500000;1503221980;1503221980
0;96;8048;0xd035f9389209370f07e8ada8002ca66589d00132f03bb4d4da197a3b414dd211;0xebb86c691486b641ad713c6c952ee10ac03fdec7f9af4dbab58b8367866bef97;0x96bd0831;0x833a68b0L;0.500000;1503221980;1503221981
0;96;8048;0xc935b0f841cbef7fbc3f4d412f3628b3228df72d1f69731db009d43a3f030c08;0x8698fade9c801eab3d23f4285cd113bb8819c0e4128bb7f3b8ebc6cdc44cd328;0xba13a028;0x52a0e82aL;0.500000;1503221981;1503221981
0;96;8048;0xc935b0f841cbef7fbc3f4d412f3628b3228df72d1f69731db009d43a3f030c08;0x8698fade9c801eab3d23f4285cd113bb8819c0e4128bb7f3b8ebc6cdc44cd328;0xba13a028;0x52a0e82aL;0.500000;1503221981;1503221981
0;96;8048;0xc935b0f841cbef7fbc3f4d412f3628b3228df72d1f69731db009d43a3f030c08;0x8698fade9c801eab3d23f4285cd113bb8819c0e4128bb7f3b8ebc6cdc44cd328;0xba13a028;0x52a0e82aL;0.500000;1503221982;1503221982
0;96;8048;0x4d3c736fa3da2734ef639950d0ae81e00e3d40c26dba9bd2be5fd810bbad9409;0xe3615ce0ebf459f72fe54f5d92f5929292d839ec7acb19c820061de15d82a186;0xb6a0bc90;0xdc5cd08cL;0.500000;1503221982;1503221982
0;96;8048;0x4d3c736fa3da2734ef639950d0ae81e00e3d40c26dba9bd2be5fd810bbad9409;0xe3615ce0ebf459f72fe54f5d92f5929292d839ec7acb19c820061de15d82a186;0xb6a0bc90;0xdc5cd08cL;0.500000;1503221982;1503221983
0;96;8048;0x226a95a8f2cad4c5bb741449ca27ee5d046949b1516f3f54c6ff6911d6cdecf8;0x7bd34429321ab6311889a352902e744e5fb54f97779216ec673235020d4708b4;0x3c965708;0xbc458df0L;0.500000;1503221983;1503221983
0;96;8048;0x226a95a8f2cad4c5bb741449ca27ee5d046949b1516f3f54c6ff6911d6cdecf8;0x7bd34429321ab6311889a352902e744e5fb54f97779216ec673235020d4708b4;0x3c965708;0xbc458df0L;0.500000;1503221983;1503221984
0;96;8048;0x32d42c1add82fca18aa79bb32c1a26cf4bb9cc1b12e19460eb278fe8ba4f74ec;0x3c2c97db3776ea1f6f57dc809f701987334cdaf47beade5ec2a57a02e8bb6d1f;0x4755b7f6;0x2607992L;0.500000;1503221984;1503221985
0;96;8048;0x2e3ed115105a4b7754043ab1c7d74fcc9f7215482fb0b240a20cb0b0db2c750a;0xcf54b1f94d1373ea3ad5e853cfeeb3c2d8b79a0e3fae52edfcd4babe2db081cc;0xce95b417;0x111504d0L;0.500000;1503221985;1503221985
0;96;8048;0x2e3ed115105a4b7754043ab1c7d74fcc9f7215482fb0b240a20cb0b0db2c750a;0xcf54b1f94d1373ea3ad5e853cfeeb3c2d8b79a0e3fae52edfcd4babe2db081cc;0xce95b417;0x111504d0L;0.500000;1503221985;1503221986
0;96;8048;0x263ab48c8d0834c3bfdd4c1aa06e8427c508894197e24aa955d7aae26048e086;0x42fbe058b19e704549c81550e320183e4fad025f204a964c38d300e751ab221b;0xa4e5c2ad;0x31439e43L;0.500000;1503221986;1503221986
0;96;8048;0x263ab48c8d0834c3bfdd4c1aa06e8427c508894197e24aa955d7aae26048e086;0x42fbe058b19e704549c81550e320183e4fad025f204a964c38d300e751ab221b;0xa4e5c2ad;0x31439e43L;0.500000;1503221986;1503221987
0;96;8048;0x7e790a0168c7c75baa4d7b31e6b0591c83ea5693cc841c8c71c18011a16daa20;0x0e0c76a51b3b89ba2fed65ae38663664eaa3f27f3576181fd901a53ba9ecfed6;0xff4827cf;0x40c1c0caL;0.500000;1503221987;1503221987
0;96;8048;0x7e790a0168c7c75baa4d7b31e6b0591c83ea5693cc841c8c71c18011a16daa20;0x0e0c76a51b3b89ba2fed65ae38663664eaa3f27f3576181fd901a53ba9ecfed6;0xff4827cf;0x40c1c0caL;0.500000;1503221987;1503221988
