0;96;8048;0x2c2e8ca8fefc84fc5ae0b3bee69a6b0da8770f85d28791bd91075bd42db29359;0xcc35fbd191c140b84c1c2f7523dffb6d2c1f37533e332c560dd6510121a8c2c9;0x3b54ad60;0x882cdc52L;0.500000;1503194644;1503194644
0;96;8048;0x2c2e8ca8fefc84fc5ae0b3bee69a6b0da8770f85d28791bd91075bd42db29359;0xcc35fbd191c140b84c1c2f7523dffb6d2c1f37533e332c560dd6510121a8c2c9;0x3b54ad60;0x882cdc52L;0.500000;1503194644;1503194645
0;96;8048;0xf2bfe20c8e6960098ff939b34f81555b35928cb5e3e096b664827e9cb492d0a6;0x552d15deb7021e14d3323aa62298f480f240d258cce9385a1e7a3981dccf4528;0xf49215c3;0xf603a968L;0.500000;1503194645;1503194645
0;96;8048;0xf2bfe20c8e6960098ff939b34f81555b35928cb5e3e096b664827e9cb492d0a6;0x552d15deb7021e14d3323aa62298f480f240d258cce9385a1e7a3981dccf4528;0xf49215c3;0xf603a968L;0.500000;1503194645;1503194646
0;96;8048;0xf54640fa1118269525f2493c60d7dbd8daa3b323b2cc1884f3490bf56511a15a;0xc5b2ae330f0d26607d1987ef6d0ac678ae6dfd9fd4017b02ebc093027d868d91;0x8144edc9;0x56f72568L;0.500000;1503194646;1503194646
0;96;8048;0xf54640fa1118269525f2493c60d7dbd8daa3b323b2cc1884f3490bf56511a15a;0xc5b2ae330f0d26607d1987ef6d0ac678ae6dfd9fd4017b02ebc093027d868d91;0x8144edc9;0x56f72568L;0.500000;1503194646;1503194646
0;96;8048;0xf54640fa1118269525f2493c60d7dbd8daa3b323b2cc1884f3490bf56511a15a;0xc5b2ae330f0d26607d1987ef6d0ac678ae6dfd9fd4017b02ebc093027d868d91;0x8144edc9;0x56f72568L;0.500000;1503194647;1503194647
0;96;8048;0x0cfee5104f5cf59a8c2a685258e85fc73853ddd016e41a63176ee40aaecc1cba;0x449d46b27b9a9feb1ddc146ef1acf581744423b2fa785335bb71085a2ff96484;0x0b82e0c4;0x718af4dcL;0.500000;1503194647;1503194647
0;96;8048;0x0cfee5104f5cf59a8c2a685258e85fc73853ddd016e41a63176ee40aaecc1cba;0x449d46b27b9a9feb1ddc146ef1acf581744423b2fa785335bb71085a2ff96484;0x0b82e0c4;0x718af4dcL;0.500000;1503194647;1503194648
0;96;8048;0x9a4e92e641a566c9ed6abc8975bb832a56445e3f370f64897387984cbe16b058;0xcfe5abcf05d12f0d052722f183e731d50eddef81c15b518d5ad5e890d9378fac;0x07086d59;0x7961c059L;0.500000;1503194648;1503194648
0;96;8048;0x9a4e92e641a566c9ed6abc8975bb832a56445e3f370f64897387984cbe16b058;0xcfe5abcf05d12f0d052722f183e731d50eddef81c15b518d5ad5e890d9378fac;0x07086d59;0x7961c059L;0.500000;1503194648;1503194649
0;96;8048;0x073daae31ee05427660ac22192903581db30c54bf5c03740b4627e3189f74b90;0xd793591780d86288425ad8bd60b3bd001687f013907dc6eaf74691e45b8c7ac2;0x9d1d32f5;0x6d5921c0L;0.500000;1503194649;1503194649
0;96;8048;0x073daae31ee05427660ac22192903581db30c54bf5c03740b4627e3189f74b90;0xd793591780d86288425ad8bd60b3bd001687f013907dc6eaf74691e45b8c7ac2;0x9d1d32f5;0x6d5921c0L;0.500000;1503194649;1503194650
0;96;8048;0x56e42f2770d01898d8281cbf13f636cf294dfb0458fc03fda589be3af68fdd4c;0xee95864fbd7001fcac4f77c5c5b379ecd566580b1c4209f2b52e9d6529517cd2;0x3d296a11;0xd528852eL;0.500000;1503194650;1503194650
0;96;8048;0x56e42f2770d01898d8281cbf13f636cf294dfb0458fc03fda589be3af68fdd4c;0xee95864fbd7001fcac4f77c5c5b379ecd566580b1c4209f2b52e9d6529517cd2;0x3d296a11;0xd528852eL;0.500000;1503194650;1503194651
0;96;8048;0x90f6ed1908f0c623406fc2dfe1bc9fa0d827481c84090d4280753818ae746b3e;0x1b88eceebbac92566b7783aeb27bb67c7d9bd1f074ae8cef5b179b2b35fb2856;0x212506dc;0x943a40a5L;0.500000;1503194651;1503194651
0;96;8048;0x90f6ed1908f0c623406fc2dfe1bc9fa0d827481c84090d4280753818ae746b3e;0x1b88eceebbac92566b7783aeb27bb67c7d9bd1f074ae8cef5b179b2b35fb2856;0x212506dc;0x943a40a5L;0.500000;1503194651;1503194652
0;96;8048;0x4f5aadc42995258840a80b1b5507efc11ae6928676ee061d3ce9f24b5471d0a4;0x31a57a338f213209fb698b402c6bb72756951ea15dca770fe68c830beae997cf;0x3dfc34e4;0xd0560898L;0.500000;1503194652;1503194652
0;96;8048;0x4f5aadc42995258840a80b1b5507efc11ae6928676ee061d3ce9f24b5471d0a4;0x31a57a338f213209fb698b402c6bb72756951ea15dca770fe68c830beae997cf;0x3dfc34e4;0xd0560898L;0.500000;1503194652;1503194653
0;96;8048;0x0e474537e2ed56873e992add764e4d059b83842aa53f3369fcc02010cf992cdd;0x8708bde8d7ee0e8470c23ba54b4e04a3a77eb24e75753323a101e36a3c637ce3;0x707351e9;0x8a9ee918L;0.500000;1503194653;1503194653
