0;96;8048;0xa43a455e0b3011a2458b6d510822342e84e7978c154e4900d818c14b09600bae;0xc9bf193dd8641080da5d80a45b342a42409803bcad4f68893e1cee88162b0565;0x614dceb3;0xda7894c0L;0.500000;1503249237;1503249237
0;96;8048;0xa43a455e0b3011a2458b6d510822342e84e7978c154e4900d818c14b09600bae;0xc9bf193dd8641080da5d80a45b342a42409803bcad4f68893e1cee88162b0565;0x614dceb3;0xda7894c0L;0.500000;1503249237;1503249237
0;96;8048;0xa43a455e0b3011a2458b6d510822342e84e7978c154e4900d818c14b09600bae;0xc9bf193dd8641080da5d80a45b342a42409803bcad4f68893e1cee88162b0565;0x614dceb3;0xda7894c0L;0.500000;1503249237;1503249238
0;96;8048;0xe2c12d60b2a46f4d9df5a3b3a5674a95b449b46ac84f712f6f19cdcbe51a59c7;0x2fb57df6a90cb142780b8ad909c845fe643f5430446ff13e3f3611e97fe554c9;0x79d538e2;0xbcc42146L;0.500000;1503249238;1503249238
0;96;8048;0xe2c12d60b2a46f4d9df5a3b3a5674a95b449b46ac84f712f6f19cdcbe51a59c7;0x2fb57df6a90cb142780b8ad909c845fe643f5430446ff13e3f3611e97fe554c9;0x79d538e2;0xbcc42146L;0.500000;1503249238;1503249239
0;96;8048;0xc888e0f5b45023a10b807d49adcce65d2fb5aba3432ba4001ef7d9141076e7d8;0x5aeca5eafb692d603187da7d310f9ab44a85d2e80753057c9444ff2602db53c7;0x9a70e4a1;0x28171c02L;0.500000;1503249239;1503249239
0;96;8048;0xc888e0f5b45023a10b807d49adcce65d2fb5aba3432ba4001ef7d9141076e7d8;0x5aeca5eafb692d603187da7d310f9ab44a85d2e80753057c9444ff2602db53c7;0x9a70e4a1;0x28171c02L;0.500000;1503249239;1503249240
0;96;8048;0x5fdd9b6b75209ee3f59c18125d87f45217e9da07bfb9106424fa15cffdf51c5c;0xcb2feb2a24972d12152d47e967ab650bba047777d47e35349ddec7ce8ebd9350;0x994b6332;0x1733e102L;0.500000;1503249240;1503249240
0;96;8048;0x5fdd9b6b75209ee3f59c18125d87f45217e9da07bfb9106424fa15cffdf51c5c;0xcb2feb2a24972d12152d47e967ab650bba047777d47e35349ddec7ce8ebd9350;0x994b6332;0x1733e102L;0.500000;1503249240;1503249241
0;96;8048;0x23ffa1ba4ec4ccca80f1a1e229a06f2638f3edbca2bed9184bd7430fe552a108;0xee51c5d59e952f7ff338cf5272395a08709a1cd315c9ad1022810a008f3a1a7c;0x7eef6aac;0x7ec4896aL;0.500000;1503249241;1503249241
0;96;8048;0x23ffa1ba4ec4ccca80f1a1e229a06f2638f3edbca2bed9184bd7430fe552a108;0xee51c5d59e952f7ff338cf5272395a08709a1cd315c9ad1022810a008f3a1a7c;0x7eef6aac;0x7ec4896aL;0.500000;1503249241;1503249241
0;96;8048;0x23ffa1ba4ec4ccca80f1a1e229a06f2638f3edbca2bed9184bd7430fe552a108;0xee51c5d59e952f7ff338cf5272395a08709a1cd315c9ad1022810a008f3a1a7c;0x7eef6aac;0x7ec4896aL;0.500000;1503249241;1503249242
0;96;8048;0x7a08eed0eb1f2cd00f6c3e6353119bc70756b081ee144278fb1bb1362286349d;0xa60edbb1ca419a97735a58ae3fdea23dc246936571b8eacc55bd65b27f2b8a1c;0xf0688108;0x4e205102L;0.500000;1503249242;1503249242
0;96;8048;0x7a08eed0eb1f2cd00f6c3e6353119bc70756b081ee144278fb1bb1362286349d;0xa60edbb1ca419a97735a58ae3fdea23dc246936571b8eacc55bd65b27f2b8a1c;0xf0688108;0x4e205102L;0.500000;1503249242;1503249243
0;96;8048;0xb5af1bf19c64cc5e9eb9ccf74aef49913fa5cc1f887d26f2759642d9abcfab60;0xe8bd43313a1587122a40343a50607a0777732ca00f2f79bb201fc0469bbd562c;0x91bce196;0x2222d006L;0.500000;1503249243;1503249243
0;96;8048;0xb5af1bf19c64cc5e9eb9ccf74aef49913fa5cc1f887d26f2759642d9abcfab60;0xe8bd43313a1587122a40343a50607a0777732ca00f2f79bb201fc0469bbd562c;0x91bce196;0x2222d006L;0.500000;1503249243;1503249244
0;96;8048;0xe4780904693908d4680593fbb219c87b16bfcb9613dd88e2452a5c063f75a823;0x958432aebca60c1e06a6e1eeb43ce70bf05fdc06f2fb2933e14d09c02c0d5d67;0x14e40eb4;0xbb692e9L;0.500000;1503249244;1503249244
0;96;8048;0xe4780904693908d4680593fbb219c87b16bfcb9613dd88e2452a5c063f75a823;0x958432aebca60c1e06a6e1eeb43ce70bf05fdc06f2fb2933e14d09c02c0d5d67;0x14e40eb4;0xbb692e9L;0.500000;1503249244;1503249244
0;96;8048;0xe4780904693908d4680593fbb219c87b16bfcb9613dd88e2452a5c063f75a823;0x958432aebca60c1e06a6e1eeb43ce70bf05fdc06f2fb2933e14d09c02c0d5d67;0x14e40eb4;0xbb692e9L;0.500000;1503249244;1503249245
0;96;8048;0x831cf4131fc3c4c9c139e2272a3c29a7b62857676a81915d2c37c0231af3979d;0x0f8bec31706de70be105f066f056ffcb49f52d0417e0aef31bcd74056aa18e26;0x0c4ca1f4;0x6b3126e9L;0.500000;1503249245;1503249245
