0;96;8048;0xa82e48f0a2fb4ceb0012fdeb487091ba19fbe8b4996b72207c7a7340fdf453a6;0x74586f6ba76e52c4f9be788c956858d11e338743c02ab11a18e4ef58ac8cdd0a;0xedd69f9e;0x8bc8b4eL;0.500000;1503110457;1503110457
0;96;8048;0xa82e48f0a2fb4ceb0012fdeb487091ba19fbe8b4996b72207c7a7340fdf453a6;0x74586f6ba76e52c4f9be788c956858d11e338743c02ab11a18e4ef58ac8cdd0a;0xedd69f9e;0x8bc8b4eL;0.500000;1503110457;1503110458
0;96;8048;0xe5354f964ac8913cd47022bac38319f1bf8ac1544929fffe9b82bd783e8d5e24;0xc8d3e8ead3f2399dc942579243d32d75fbe023e65b3002e046d624c83af3b2cc;0xf3d4f942;0x9c4820f1L;0.500000;1503110458;1503110458
0;96;8048;0xe5354f964ac8913cd47022bac38319f1bf8ac1544929fffe9b82bd783e8d5e24;0xc8d3e8ead3f2399dc942579243d32d75fbe023e65b3002e046d624c83af3b2cc;0xf3d4f942;0x9c4820f1L;0.500000;1503110458;1503110459
0;96;8048;0x59e0138515484ea5989871f55c1e34960823ecbe0e800e3694e02e2b642e3abe;0x92e59f8054bb813c18f1bf86e004ca76788d6eca848bdce0db93b7cb2496cc57;0xa0d71ada;0x16092905L;0.500000;1503110459;1503110459
0;96;8048;0x59e0138515484ea5989871f55c1e34960823ecbe0e800e3694e02e2b642e3abe;0x92e59f8054bb813c18f1bf86e004ca76788d6eca848bdce0db93b7cb2496cc57;0xa0d71ada;0x16092905L;0.500000;1503110459;1503110460
0;96;8048;0xdc253f456415e269fe6978e1ae9c0e9b66f1b177576ab6d28e1c541c02411cde;0x397ab1c164693fb3678478628d643effd48379d8aa44a21cfbe63d6fa464f7cd;0xac47bd86;0x48022802L;0.500000;1503110460;1503110460
0;96;8048;0xdc253f456415e269fe6978e1ae9c0e9b66f1b177576ab6d28e1c541c02411cde;0x397ab1c164693fb3678478628d643effd48379d8aa44a21cfbe63d6fa464f7cd;0xac47bd86;0x48022802L;0.500000;1503110460;1503110461
0;96;8048;0x2d696b657c4d43ea7716ece0829cba2af3726f1d4120b8491555324482fb9baf;0xa1e7660068d0d1050bf64a78c22a20fe840da87991ebf272b7b0b95b0244dec3;0xe87d4ba3;0xc3bc8012L;0.500000;1503110461;1503110461
0;96;8048;0x2d696b657c4d43ea7716ece0829cba2af3726f1d4120b8491555324482fb9baf;0xa1e7660068d0d1050bf64a78c22a20fe840da87991ebf272b7b0b95b0244dec3;0xe87d4ba3;0xc3bc8012L;0.500000;1503110462;1503110462
0;96;8048;0x19c64ab136b050bbf194447afa46432cfd711df62a046813eefd19ef63eebc7d;0x7623ec4f92f8d69cc8ed5e540c961d01eb464bd5a0edce773e75dce59c7c875e;0x21b2307e;0x834c2410L;0.500000;1503110462;1503110463
0;96;8048;0x04eb628aa8e70483db421849e9840cd74f0e39853d8d441ddddf210750bf0555;0xd9f528a72b41b093b58d20d9d67d598d73a74864fea2588f6c543b6cc13cb891;0xd19e3f26;0xd18992b2L;0.500000;1503110463;1503110463
0;96;8048;0x04eb628aa8e70483db421849e9840cd74f0e39853d8d441ddddf210750bf0555;0xd9f528a72b41b093b58d20d9d67d598d73a74864fea2588f6c543b6cc13cb891;0xd19e3f26;0xd18992b2L;0.500000;1503110463;1503110464
0;96;8048;0x7b409ac233801b053b9db1869ce794ff94a71ec1fcd6eced2f67b2549eec1119;0xdde8e3f081a3ddd334b4a0b58bdc73beb1e370120b1d83ff7d1064fee5b9d637;0x2e7ec3c3;0x2a9f218L;0.500000;1503110464;1503110464
0;96;8048;0x7b409ac233801b053b9db1869ce794ff94a71ec1fcd6eced2f67b2549eec1119;0xdde8e3f081a3ddd334b4a0b58bdc73beb1e370120b1d83ff7d1064fee5b9d637;0x2e7ec3c3;0x2a9f218L;0.500000;1503110464;1503110465
0;96;8048;0xa8c67740f9a92894cb898f4bcd8f9a74db69550690dd30922cec3c540ba89db4;0x67a2bf0ecc6bb37cbd61f6158ee2e5bdf601f68080ae4ea051394163f6e775cd;0x8de774e7;0x892ad040L;0.500000;1503110465;1503110465
0;96;8048;0xa8c67740f9a92894cb898f4bcd8f9a74db69550690dd30922cec3c540ba89db4;0x67a2bf0ecc6bb37cbd61f6158ee2e5bdf601f68080ae4ea051394163f6e775cd;0x8de774e7;0x892ad040L;0.500000;1503110465;1503110465
0;96;8048;0xa8c67740f9a92894cb898f4bcd8f9a74db69550690dd30922cec3c540ba89db4;0x67a2bf0ecc6bb37cbd61f6158ee2e5bdf601f68080ae4ea051394163f6e775cd;0x8de774e7;0x892ad040L;0.500000;1503110466;1503110466
0;96;8048;0x9fd4a95409fa09574274bcc6bdaa295e9bf4beaafcd3627be7d4a2cf0d43e3ad;0xe994b6e8369ebeecb849df0f8dae95d4e00306d9c4f5a338eae3fe11ac4b5df3;0x76f6e82e;0x300109caL;0.500000;1503110466;1503110466
0;96;8048;0x9fd4a95409fa09574274bcc6bdaa295e9bf4beaafcd3627be7d4a2cf0d43e3ad;0xe994b6e8369ebeecb849df0f8dae95d4e00306d9c4f5a338eae3fe11ac4b5df3;0x76f6e82e;0x300109caL;0.500000;1503110466;1503110467
