0;96;8048;0x1fb843908a527c149ab9a71be13ee8304771393427d59694c110380e84473da3;0xf3c56efd689007cb915e1d261aaf092bc554160e487e66a859d0f15044475787;0x306d6c2f;0x28801348L;0.500000;1503210072;1503210073
0;96;8048;0x55674b608e1c741f299c1a341e9ce4e317265d4bf36c008769c6a2071d26d672;0x885fab81bf432a0b494da6e16e80eb02880f058111a91781a87dc4a58b21ecbc;0x9fb9df2b;0x8450f0baL;0.500000;1503210073;1503210073
0;96;8048;0x55674b608e1c741f299c1a341e9ce4e317265d4bf36c008769c6a2071d26d672;0x885fab81bf432a0b494da6e16e80eb02880f058111a91781a87dc4a58b21ecbc;0x9fb9df2b;0x8450f0baL;0.500000;1503210073;1503210074
0;96;8048;0x3317ed93191841157c28181603ab33ffe76ac78df7fa5fc357a51d52e91c301c;0x316f2cd4a879127ede619527a9f98d98495a257fbe17518c0ac17a667ccdf127;0xc9ca7840;0xe5010805L;0.500000;1503210074;1503210074
0;96;8048;0x3317ed93191841157c28181603ab33ffe76ac78df7fa5fc357a51d52e91c301c;0x316f2cd4a879127ede619527a9f98d98495a257fbe17518c0ac17a667ccdf127;0xc9ca7840;0xe5010805L;0.500000;1503210074;1503210075
0;96;8048;0xf876312ca478ade9569345a54e5b538ea149524d2110bd71c94e4754c423a2bc;0x8fd08aa01c2b857e61425245f551daa98ef9e81dfd39bed35c624f3d4f7d6383;0x77c178a6;0x5225711eL;0.500000;1503210075;1503210075
0;96;8048;0xf876312ca478ade9569345a54e5b538ea149524d2110bd71c94e4754c423a2bc;0x8fd08aa01c2b857e61425245f551daa98ef9e81dfd39bed35c624f3d4f7d6383;0x77c178a6;0x5225711eL;0.500000;1503210075;1503210076
0;96;8048;0x65584617b3df1ddebb091735a6b3a0e4a24d145b77dbd8be8557dbbf4bf16db0;0x04e95c21290939c503b48ae471a4a9003eb36fd5af9625474440106ab264a8c3;0x5babff17;0xd0b052c8L;0.500000;1503210076;1503210076
0;96;8048;0x65584617b3df1ddebb091735a6b3a0e4a24d145b77dbd8be8557dbbf4bf16db0;0x04e95c21290939c503b48ae471a4a9003eb36fd5af9625474440106ab264a8c3;0x5babff17;0xd0b052c8L;0.500000;1503210076;1503210077
0;96;8048;0x04f3078dc075114e8041daab72713c18cad651a02f681b1cfa8c62ba3a598a3e;0xd5b13bfdb7b13335253923186971e89d9dfa8d6f922e50ceefcd7c79c503b955;0xe8803bf5;0xa4896102L;0.500000;1503210077;1503210077
0;96;8048;0x04f3078dc075114e8041daab72713c18cad651a02f681b1cfa8c62ba3a598a3e;0xd5b13bfdb7b13335253923186971e89d9dfa8d6f922e50ceefcd7c79c503b955;0xe8803bf5;0xa4896102L;0.500000;1503210077;1503210078
0;96;8048;0x9cfddd0774290e77554edb8f69b26932aba25c5ff25c8e302f749151a6500f42;0x7a548b16d25441d4331b0fd7fbb1c59ac0024cf922301d2f7aa57dab6479ead7;0x5ac7cd34;0x45413c94L;0.500000;1503210078;1503210078
0;96;8048;0x9cfddd0774290e77554edb8f69b26932aba25c5ff25c8e302f749151a6500f42;0x7a548b16d25441d4331b0fd7fbb1c59ac0024cf922301d2f7aa57dab6479ead7;0x5ac7cd34;0x45413c94L;0.500000;1503210078;1503210079
0;96;8048;0x441948bb6ab2275438657020191249b049cb914ae0c78c0ee09b1e3cddeee921;0xfc930f5600ab4222b9e20f2cd219404e96e99b644218e5351afbf36c67590e6b;0x3e02e844;0x10b4341L;0.500000;1503210079;1503210079
0;96;8048;0x441948bb6ab2275438657020191249b049cb914ae0c78c0ee09b1e3cddeee921;0xfc930f5600ab4222b9e20f2cd219404e96e99b644218e5351afbf36c67590e6b;0x3e02e844;0x10b4341L;0.500000;1503210079;1503210080
0;96;8048;0x005ab6c22cf640c02548f8ae4a22078bb1d2ecee43daf7c90ecfebfa45f3fe45;0x12821e2176ab4c3d2a0e3d0d3e12e1ec29940d68942e5db219ea5fbe6fee5a3d;0x8a8cc02b;0xa5c16c8L;0.500000;1503210080;1503210080
0;96;8048;0x005ab6c22cf640c02548f8ae4a22078bb1d2ecee43daf7c90ecfebfa45f3fe45;0x12821e2176ab4c3d2a0e3d0d3e12e1ec29940d68942e5db219ea5fbe6fee5a3d;0x8a8cc02b;0xa5c16c8L;0.500000;1503210080;1503210080
0;96;8048;0x005ab6c22cf640c02548f8ae4a22078bb1d2ecee43daf7c90ecfebfa45f3fe45;0x12821e2176ab4c3d2a0e3d0d3e12e1ec29940d68942e5db219ea5fbe6fee5a3d;0x8a8cc02b;0xa5c16c8L;0.500000;1503210081;1503210081
0;96;8048;0x07656c3084cb392e1b1ce342c8e4c951332f3599c212f53405456ef7aaafceb1;0x49172e50e5229081cbf35e81016ddc24a4abbf566a0a6b5cf7160c75a9189ad9;0x445a86be;0x4479ef16L;0.500000;1503210081;1503210081
0;96;8048;0x07656c3084cb392e1b1ce342c8e4c951332f3599c212f53405456ef7aaafceb1;0x49172e50e5229081cbf35e81016ddc24a4abbf566a0a6b5cf7160c75a9189ad9;0x445a86be;0x4479ef16L;0.500000;1503210081;1503210082
