0;96;8048;0x05ef15c354dbc8f16eef09c2c32dfc44ba7d5925dbca5b7375086682affcc0b4;0x18e6e14cbc4bf3849258a2107d711d79c89763c941376cf6263c910b061f178f;0xc493e370;0xe418456L;0.500000;1503214845;1503214845
0;96;8048;0x05ef15c354dbc8f16eef09c2c32dfc44ba7d5925dbca5b7375086682affcc0b4;0x18e6e14cbc4bf3849258a2107d711d79c89763c941376cf6263c910b061f178f;0xc493e370;0xe418456L;0.500000;1503214846;1503214846
0;96;8048;0x350f975562f9dfd33cac34dccddcace68adbeadee5eaaecb0c77149e5b471d90;0x331bc2942efd2e4742abbe8a1322c68cddcb6d142ce20bcc5b39ce459be44dce;0x01bb2762;0x14a0be02L;0.500000;1503214846;1503214846
0;96;8048;0x350f975562f9dfd33cac34dccddcace68adbeadee5eaaecb0c77149e5b471d90;0x331bc2942efd2e4742abbe8a1322c68cddcb6d142ce20bcc5b39ce459be44dce;0x01bb2762;0x14a0be02L;0.500000;1503214846;1503214847
0;96;8048;0x2d3835e5344580eb3e39a14b6b8ac4aa4d317ac5ee3f2bc0eb94e387787f7da5;0xefe2aaf6908f7695e8f16f4957efa52101f26adb8ab49185410bca1db5aa352e;0x07407fb1;0xea030ee0L;0.500000;1503214847;1503214847
0;96;8048;0x2d3835e5344580eb3e39a14b6b8ac4aa4d317ac5ee3f2bc0eb94e387787f7da5;0xefe2aaf6908f7695e8f16f4957efa52101f26adb8ab49185410bca1db5aa352e;0x07407fb1;0xea030ee0L;0.500000;1503214847;1503214848
0;96;8048;0x7077153150e70cbb2db74279ac97cfac251bfda5261ec7ecc65a94f1278c7e97;0xa576f0665a77a8c385012d34f6c56c6f6994e53e9ae58bdbaa7aec6bfa9c3d01;0x5c2ef430;0x114d1210L;0.500000;1503214848;1503214848
0;96;8048;0x7077153150e70cbb2db74279ac97cfac251bfda5261ec7ecc65a94f1278c7e97;0xa576f0665a77a8c385012d34f6c56c6f6994e53e9ae58bdbaa7aec6bfa9c3d01;0x5c2ef430;0x114d1210L;0.500000;1503214848;1503214849
0;96;8048;0x9f74b91dd9199bc97099a1da897ae76f22702596e2eac467a469f12664792b03;0x8d3293c4745be092d7fa37a946335a16bcb74e550321ff5fd11b5af93f1b42d6;0x8ab13279;0x40e90b9eL;0.500000;1503214849;1503214849
0;96;8048;0x9f74b91dd9199bc97099a1da897ae76f22702596e2eac467a469f12664792b03;0x8d3293c4745be092d7fa37a946335a16bcb74e550321ff5fd11b5af93f1b42d6;0x8ab13279;0x40e90b9eL;0.500000;1503214849;1503214850
0;96;8048;0xdafa83c59ac271da0bd3953098d363ac092a420f55532880c41ea931c426a19e;0x9bf030074471417aa436e8bac5b08ea7c907d410017807bb0a7ad7d105ca0916;0x8ea3784d;0x1719b0c8L;0.500000;1503214850;1503214850
0;96;8048;0xdafa83c59ac271da0bd3953098d363ac092a420f55532880c41ea931c426a19e;0x9bf030074471417aa436e8bac5b08ea7c907d410017807bb0a7ad7d105ca0916;0x8ea3784d;0x1719b0c8L;0.500000;1503214850;1503214850
0;96;8048;0xdafa83c59ac271da0bd3953098d363ac092a420f55532880c41ea931c426a19e;0x9bf030074471417aa436e8bac5b08ea7c907d410017807bb0a7ad7d105ca0916;0x8ea3784d;0x1719b0c8L;0.500000;1503214850;1503214851
0;96;8048;0x06b59de1a01cd055629f4352daa6d36fa3f3cc013be2efa458a5aeb6b712eabe;0x61af4610de754c5b8cdc432fa20020c80248e618876b4b5d8034312d80297924;0xccaa627e;0xe8990486L;0.500000;1503214851;1503214851
0;96;8048;0x06b59de1a01cd055629f4352daa6d36fa3f3cc013be2efa458a5aeb6b712eabe;0x61af4610de754c5b8cdc432fa20020c80248e618876b4b5d8034312d80297924;0xccaa627e;0xe8990486L;0.500000;1503214851;1503214852
0;96;8048;0xd648d6936622581eccff7f154d07e450c6e395d6796f86b6e147ab4ca772ca7e;0x1e5929554e0cb47e6c80ec10cdba5c02b51ade53e49c42c401c4be4e806b68e6;0x719fdcc2;0x341cdf4L;0.500000;1503214852;1503214852
0;96;8048;0xd648d6936622581eccff7f154d07e450c6e395d6796f86b6e147ab4ca772ca7e;0x1e5929554e0cb47e6c80ec10cdba5c02b51ade53e49c42c401c4be4e806b68e6;0x719fdcc2;0x341cdf4L;0.500000;1503214852;1503214853
0;96;8048;0x5554844d0c3b33d656cb064ac6711a89b1702f6bba96bbad287e0586e94f6a3f;0xbb35b69cb243b0884e9eba39e0a354ee118bed8a9894bf0d2399f401b1d44184;0x83e209e8;0x5168c36eL;0.500000;1503214853;1503214853
0;96;8048;0x5554844d0c3b33d656cb064ac6711a89b1702f6bba96bbad287e0586e94f6a3f;0xbb35b69cb243b0884e9eba39e0a354ee118bed8a9894bf0d2399f401b1d44184;0x83e209e8;0x5168c36eL;0.500000;1503214853;1503214854
0;96;8048;0x9a23f954d4f4a3b9206adaa755904ef3e9c44d32428a04e2c35df78a1f8405b9;0xe3b2d8829e859f1911c939ada495fbf2b0fda744392d65d0413f67f44961b033;0x81a1912c;0xe0810212L;0.500000;1503214854;1503214854
