0;96;8048;0xa616c60198fa7039b08c9742505e67f5f9ff461c1726e685346059225f0b8e05;0x88be93e8db5200a645922059075141b9d10eee22ac5a97880d76bd2e0bd2dc95;0xa340ae46;0x5884d48eL;0.500000;1503196992;1503196993
0;96;8048;0x5e6b33dc667df9848927808c3ac579c457c9ebea3967c5e00cf644db5fa736bd;0x3c32f78014bd6fd1e67522d1f961a1f7116c8148f4c7553cd93a1de6b6f9f82f;0x90e18112;0x79012e39L;0.500000;1503196993;1503196993
0;96;8048;0x5e6b33dc667df9848927808c3ac579c457c9ebea3967c5e00cf644db5fa736bd;0x3c32f78014bd6fd1e67522d1f961a1f7116c8148f4c7553cd93a1de6b6f9f82f;0x90e18112;0x79012e39L;0.500000;1503196993;1503196994
0;96;8048;0xdf0c14d938cb997584e6040395acfc7948e023970d76570d2763cbd40c0afdeb;0x88c21af167da2a09688dd6475903f1523371af1fbe13cebdf73b4cd757ba2f54;0xb85c54d9;0x104ed892L;0.500000;1503196994;1503196994
0;96;8048;0xdf0c14d938cb997584e6040395acfc7948e023970d76570d2763cbd40c0afdeb;0x88c21af167da2a09688dd6475903f1523371af1fbe13cebdf73b4cd757ba2f54;0xb85c54d9;0x104ed892L;0.500000;1503196994;1503196995
0;96;8048;0xc22f996b86ba2ef27bb5705251db0734228114132b2de5692bf32af2c0cf2e82;0xb588cee6a5a8a779276cfaa74f09dba5b3c8cd31b953e9bdbeba2b5034cb33bc;0xb96811b9;0x16432098L;0.500000;1503196995;1503196995
0;96;8048;0xc22f996b86ba2ef27bb5705251db0734228114132b2de5692bf32af2c0cf2e82;0xb588cee6a5a8a779276cfaa74f09dba5b3c8cd31b953e9bdbeba2b5034cb33bc;0xb96811b9;0x16432098L;0.500000;1503196995;1503196996
0;96;8048;0x9f8ead8aaac208e5cb7725a3ac333f9fe10530eae89b62f85150be6c5c0f2cfb;0x2367f2711770f7f4b71dbb4a9a27bacb5117ba9c364495f861c1f60fb33aac29;0xcf9ce291;0xa5730aa3L;0.500000;1503196996;1503196996
0;96;8048;0x9f8ead8aaac208e5cb7725a3ac333f9fe10530eae89b62f85150be6c5c0f2cfb;0x2367f2711770f7f4b71dbb4a9a27bacb5117ba9c364495f861c1f60fb33aac29;0xcf9ce291;0xa5730aa3L;0.500000;1503196996;1503196997
0;96;8048;0xf6b50fb3dcdd5c322aeaf8995f3670c2b8d093672f559ccb7f5dc45e8df1f183;0x7dd1f9fbaed528b708985f7298e9c2a0c3b2644267e01da6354dfd36e6e6a54a;0xfbc310d4;0x8989f1b0L;0.500000;1503196997;1503196997
0;96;8048;0xf6b50fb3dcdd5c322aeaf8995f3670c2b8d093672f559ccb7f5dc45e8df1f183;0x7dd1f9fbaed528b708985f7298e9c2a0c3b2644267e01da6354dfd36e6e6a54a;0xfbc310d4;0x8989f1b0L;0.500000;1503196997;1503196998
0;96;8048;0xe52abe0978a0f60d52ec95e42c8ef3ae04c5ef56f8777412e0249287ba21789f;0xb173a6fd9798fc34e5e488b52c90a78d4a8af76814bbd98ab3121a8a02a57d0b;0x002354d3;0x2a011005L;0.500000;1503196998;1503196998
0;96;8048;0xe52abe0978a0f60d52ec95e42c8ef3ae04c5ef56f8777412e0249287ba21789f;0xb173a6fd9798fc34e5e488b52c90a78d4a8af76814bbd98ab3121a8a02a57d0b;0x002354d3;0x2a011005L;0.500000;1503196998;1503196999
0;96;8048;0x505802a082f901a92edc381a9aa22dff5d4c5546a059dd984f2e58fa3807a588;0x4983d5fd029b864f3b593048984828d4d6f1c087bd3b51a47e99996b527cae01;0xc8819256;0xcce06030L;0.500000;1503196999;1503196999
0;96;8048;0x505802a082f901a92edc381a9aa22dff5d4c5546a059dd984f2e58fa3807a588;0x4983d5fd029b864f3b593048984828d4d6f1c087bd3b51a47e99996b527cae01;0xc8819256;0xcce06030L;0.500000;1503196999;1503196999
0;96;8048;0x505802a082f901a92edc381a9aa22dff5d4c5546a059dd984f2e58fa3807a588;0x4983d5fd029b864f3b593048984828d4d6f1c087bd3b51a47e99996b527cae01;0xc8819256;0xcce06030L;0.500000;1503197000;1503197000
0;96;8048;0x26822313d16ca6a5d1ef1b07b8033a12c647d445bef37ae6c4074d915eabf084;0xa064290549ce7f8acdee238e6b57d5fbcf8c9bb108f371d5e3735d31dce56cb9;0xbfad0cfc;0x111a55c6L;0.500000;1503197000;1503197000
0;96;8048;0x26822313d16ca6a5d1ef1b07b8033a12c647d445bef37ae6c4074d915eabf084;0xa064290549ce7f8acdee238e6b57d5fbcf8c9bb108f371d5e3735d31dce56cb9;0xbfad0cfc;0x111a55c6L;0.500000;1503197000;1503197001
0;96;8048;0xf3c85a68b5c0ae8a5706483ab9dbaf3b7f4baebe7ede05b790d1044fe62837d9;0x39fbe6d6669b5b8de12dccafcfc5cb425fb58f0d2f285976574331ce177d576c;0x777c66ec;0x41684459L;0.500000;1503197001;1503197001
0;96;8048;0xf3c85a68b5c0ae8a5706483ab9dbaf3b7f4baebe7ede05b790d1044fe62837d9;0x39fbe6d6669b5b8de12dccafcfc5cb425fb58f0d2f285976574331ce177d576c;0x777c66ec;0x41684459L;0.500000;1503197001;1503197002
