0;96;8048;0xfc46b3cc2bc3510f690f535181cd93f8e028d595166ebae68b38ec1c523fda4e;0xf8a32e7d5b3dd57a1b682bc2cae5d8ba877302e0fa68a37f188a9f216697cad0;0xab96ebf1;0xd4afca29L;0.500000;1503199369;1503199369
0;96;8048;0xfc46b3cc2bc3510f690f535181cd93f8e028d595166ebae68b38ec1c523fda4e;0xf8a32e7d5b3dd57a1b682bc2cae5d8ba877302e0fa68a37f188a9f216697cad0;0xab96ebf1;0xd4afca29L;0.500000;1503199369;1503199370
0;96;8048;0x840a8196dfde4d3a9c0ed51168d5d0f01f1d40c51a596f06c595207d99ae2d1d;0xd55ce18d4a310e232c636a8625a9b83e3b7a34142cc86299fdd2e982d19f14bd;0x7062bb72;0x24aa80dcL;0.500000;1503199370;1503199370
0;96;8048;0x840a8196dfde4d3a9c0ed51168d5d0f01f1d40c51a596f06c595207d99ae2d1d;0xd55ce18d4a310e232c636a8625a9b83e3b7a34142cc86299fdd2e982d19f14bd;0x7062bb72;0x24aa80dcL;0.500000;1503199370;1503199371
0;96;8048;0xa34bfe2ccdb6fee42ac20f6ab0a99267b3a81ab4991348c940bb042ff6c89d99;0x285c6f308f7e406b95ffea87e255c3c08a7fab4542c53d225902855a83704970;0x5a8cb9bf;0x71292010L;0.500000;1503199371;1503199371
0;96;8048;0xa34bfe2ccdb6fee42ac20f6ab0a99267b3a81ab4991348c940bb042ff6c89d99;0x285c6f308f7e406b95ffea87e255c3c08a7fab4542c53d225902855a83704970;0x5a8cb9bf;0x71292010L;0.500000;1503199371;1503199372
0;96;8048;0xcb477e6010e5cddde74784087a0c259041e2daa36191268247907132f15054bd;0x88173e656f18b1773ba263a48b83918a4e4a1f2538769028a3bb3d5e8d536e2b;0xce7041d5;0x3408f24eL;0.500000;1503199372;1503199372
0;96;8048;0xcb477e6010e5cddde74784087a0c259041e2daa36191268247907132f15054bd;0x88173e656f18b1773ba263a48b83918a4e4a1f2538769028a3bb3d5e8d536e2b;0xce7041d5;0x3408f24eL;0.500000;1503199372;1503199373
0;96;8048;0x2afcb6ef9a2b0ed17679afe74f1ec20340d40241cb01e86ab00246486adb5795;0x1304297d4afe3e21e634cfad32ae78c215cee4d144cf4556441df00ee8f323ca;0xa9649285;0x9a2c0c06L;0.500000;1503199373;1503199373
0;96;8048;0x2afcb6ef9a2b0ed17679afe74f1ec20340d40241cb01e86ab00246486adb5795;0x1304297d4afe3e21e634cfad32ae78c215cee4d144cf4556441df00ee8f323ca;0xa9649285;0x9a2c0c06L;0.500000;1503199373;1503199374
0;96;8048;0x54bc7e0aaa2baef048f18909416d9294c994a82cb1e49ea953043bb9c8874b1c;0xf861dcdbc8ce106a3955b74b097f15a4a7d893793942142f565093537b04b280;0x94b117cf;0x4382221L;0.500000;1503199374;1503199374
0;96;8048;0x54bc7e0aaa2baef048f18909416d9294c994a82cb1e49ea953043bb9c8874b1c;0xf861dcdbc8ce106a3955b74b097f15a4a7d893793942142f565093537b04b280;0x94b117cf;0x4382221L;0.500000;1503199374;1503199375
0;96;8048;0x2f69cdfe1239360cb81fead7d6f7e27b2df33aadc33085ffd9981e13a3854dd2;0xa39ea4507abbd45741ed3c34b2345ca32ea4de94cb43b27ea745e0ae68828b58;0x069e7b24;0x3c8e8896L;0.500000;1503199375;1503199375
0;96;8048;0x2f69cdfe1239360cb81fead7d6f7e27b2df33aadc33085ffd9981e13a3854dd2;0xa39ea4507abbd45741ed3c34b2345ca32ea4de94cb43b27ea745e0ae68828b58;0x069e7b24;0x3c8e8896L;0.500000;1503199375;1503199376
0;96;8048;0x044b86af7242fedef3908ed9795e174bf6abae93ff5d66c06ecf2651cb897bcf;0x944ff7e01ba75f256122a01deb48e22929523936fc21ced30926732500b93273;0xc2e4a5d5;0x46011f2L;0.500000;1503199376;1503199376
0;96;8048;0x044b86af7242fedef3908ed9795e174bf6abae93ff5d66c06ecf2651cb897bcf;0x944ff7e01ba75f256122a01deb48e22929523936fc21ced30926732500b93273;0xc2e4a5d5;0x46011f2L;0.500000;1503199376;1503199376
0;96;8048;0x044b86af7242fedef3908ed9795e174bf6abae93ff5d66c06ecf2651cb897bcf;0x944ff7e01ba75f256122a01deb48e22929523936fc21ced30926732500b93273;0xc2e4a5d5;0x46011f2L;0.500000;1503199376;1503199377
0;96;8048;0x094590258e25f49e6a5568780e1202c17f13916913dcd19a13c94c1c7ba37784;0x0a648de3628e79055a01fdfd81fea257615dc7723384c9045bd4c1209e0706bb;0xa540dce8;0x121a080L;0.500000;1503199377;1503199377
0;96;8048;0x094590258e25f49e6a5568780e1202c17f13916913dcd19a13c94c1c7ba37784;0x0a648de3628e79055a01fdfd81fea257615dc7723384c9045bd4c1209e0706bb;0xa540dce8;0x121a080L;0.500000;1503199377;1503199378
0;96;8048;0x76b4787a3e4355de90c4dd0342a59a142648fd25f9edf77e2443b9bcfe0e7774;0xe816b7bcf9b70da6b4ca114f7398302ef6c66db266f1f59a252b919bc4fb1dbc;0x8e225aef;0xf4258d86L;0.500000;1503199378;1503199378
