0;96;8048;0xe6c34c9805d1df36608c99ab26df10e8930f5fbb8d81ea623fdd29a4890ea86f;0x576f8b14fa2de1c0fbfb40f70e0a8da2637b327b831bf04340fb0ff0419bfb68;0xa73a26e1;0xeac318a2L;0.500000;1503185104;1503185104
0;96;8048;0xe6c34c9805d1df36608c99ab26df10e8930f5fbb8d81ea623fdd29a4890ea86f;0x576f8b14fa2de1c0fbfb40f70e0a8da2637b327b831bf04340fb0ff0419bfb68;0xa73a26e1;0xeac318a2L;0.500000;1503185104;1503185105
0;96;8048;0x8c5fa94fa9aa3854c142a404fb70850299125bf455c0dc80ca1b23ce506a82dc;0xef9be56e313cc783133fb2370fa72968cc808bcc6e0a2511fe2a4f125916a097;0x24b98999;0x598e5c18L;0.500000;1503185105;1503185105
0;96;8048;0x8c5fa94fa9aa3854c142a404fb70850299125bf455c0dc80ca1b23ce506a82dc;0xef9be56e313cc783133fb2370fa72968cc808bcc6e0a2511fe2a4f125916a097;0x24b98999;0x598e5c18L;0.500000;1503185105;1503185106
0;96;8048;0x929d03488dd337be9fd4a63986dd812843f1b9f2312e062f8ea0f060cb42f25d;0x06df22cd7d3ba0562ee298e92080b23ff5cf2be3fc3acb1609ecf6db86fac4a5;0xd9ec4807;0x2fa02086L;0.500000;1503185106;1503185106
0;96;8048;0x929d03488dd337be9fd4a63986dd812843f1b9f2312e062f8ea0f060cb42f25d;0x06df22cd7d3ba0562ee298e92080b23ff5cf2be3fc3acb1609ecf6db86fac4a5;0xd9ec4807;0x2fa02086L;0.500000;1503185106;1503185107
0;96;8048;0x326b880a7df40ea015689d447ffe82616a81c75331ff2804befcdcc2a84eb1da;0xdbda3f2a91babd84d640c8dba9ec2691fa07f3af7d9f88a59c5ba5ee20582810;0xa930655a;0x88520498L;0.500000;1503185107;1503185107
0;96;8048;0x326b880a7df40ea015689d447ffe82616a81c75331ff2804befcdcc2a84eb1da;0xdbda3f2a91babd84d640c8dba9ec2691fa07f3af7d9f88a59c5ba5ee20582810;0xa930655a;0x88520498L;0.500000;1503185107;1503185108
0;96;8048;0xb3a5906a6389d5551e04c4d5645292ff4d628afee78d5c78d8001696351ef8e8;0xf74dc7e738f56f06238db0b75d4c2b410736810fc3d4a92a946e4a153c965d19;0x993a1322;0x6715ec10L;0.500000;1503185108;1503185108
0;96;8048;0xb3a5906a6389d5551e04c4d5645292ff4d628afee78d5c78d8001696351ef8e8;0xf74dc7e738f56f06238db0b75d4c2b410736810fc3d4a92a946e4a153c965d19;0x993a1322;0x6715ec10L;0.500000;1503185108;1503185109
0;96;8048;0xc37c53fa63438da216143924fa2b4524662c069cfbc238a053850ec003cf18c6;0x0a4dc6592df39e5b83c20025b106f4465f0068554073876c27bd3dc125d7b94d;0xa902c9ac;0x94206f80L;0.500000;1503185109;1503185109
0;96;8048;0xc37c53fa63438da216143924fa2b4524662c069cfbc238a053850ec003cf18c6;0x0a4dc6592df39e5b83c20025b106f4465f0068554073876c27bd3dc125d7b94d;0xa902c9ac;0x94206f80L;0.500000;1503185109;1503185110
0;96;8048;0x8d05a33dbbf81bf90225b5affaaece1cc40d7adc9706673e372c6250bb885b48;0xd972e738454c6d7413aa1cf4528b09ad21f5707da5ee0859bb63f15df4bb65c7;0xf4c7ecb7;0x16922430L;0.500000;1503185110;1503185110
0;96;8048;0x8d05a33dbbf81bf90225b5affaaece1cc40d7adc9706673e372c6250bb885b48;0xd972e738454c6d7413aa1cf4528b09ad21f5707da5ee0859bb63f15df4bb65c7;0xf4c7ecb7;0x16922430L;0.500000;1503185110;1503185110
0;96;8048;0x8d05a33dbbf81bf90225b5affaaece1cc40d7adc9706673e372c6250bb885b48;0xd972e738454c6d7413aa1cf4528b09ad21f5707da5ee0859bb63f15df4bb65c7;0xf4c7ecb7;0x16922430L;0.500000;1503185111;1503185111
0;96;8048;0x4c93b8d246c9ea4ea9b2c74bdc47fe9127d4ed4ad100b612deaeb2f735806281;0x56a3429531817ddf6833771402bbf88064f5f59f8458b752ebdfa2726f601883;0xf5ca8667;0x69048fd6L;0.500000;1503185111;1503185111
0;96;8048;0x4c93b8d246c9ea4ea9b2c74bdc47fe9127d4ed4ad100b612deaeb2f735806281;0x56a3429531817ddf6833771402bbf88064f5f59f8458b752ebdfa2726f601883;0xf5ca8667;0x69048fd6L;0.500000;1503185111;1503185112
0;96;8048;0xa7a70d583df80069d8d4f3e14a4dd7c3da2b858bd0281f02db192079a20ce449;0x8acc5b5d9d6460d936a2c34053e2a7c2cb75c3bf4291385c1609f12beae434c7;0xb5bcface;0x435acc45L;0.500000;1503185112;1503185112
0;96;8048;0xa7a70d583df80069d8d4f3e14a4dd7c3da2b858bd0281f02db192079a20ce449;0x8acc5b5d9d6460d936a2c34053e2a7c2cb75c3bf4291385c1609f12beae434c7;0xb5bcface;0x435acc45L;0.500000;1503185112;1503185113
0;96;8048;0xfe7092d0f7652d8fe6aaaf25401dad7011ec2085223ab28dca24adced876cad6;0xfca969ad0976472f6b57323a88ce0431f491d4971555380c88431e269f651e77;0x840906c5;0x9b042d84L;0.500000;1503185113;1503185113
