0;96;8048;0xed4c1d6d8e4288f57270509c9eaed141a80ae74cb2fb88e92594ff0c89490d77;0x8be5f8f0c0c1d84ba91f1267edafb4060503a7e74933aa7363e8759af2f81aad;0x7a959a29;0x460601eL;0.500000;1503124441;1503124442
0;96;8048;0xf99b87328352d9fb50cf5b3730c78a68fc61e111f276b0b1e0be848d9735d491;0xdc1e6b016ede7781f8f3ea537852de9825b3263891f957b5eb79a52aff07250d;0x0b8c42c5;0x3fc0a71bL;0.500000;1503124442;1503124442
0;96;8048;0xf99b87328352d9fb50cf5b3730c78a68fc61e111f276b0b1e0be848d9735d491;0xdc1e6b016ede7781f8f3ea537852de9825b3263891f957b5eb79a52aff07250d;0x0b8c42c5;0x3fc0a71bL;0.500000;1503124442;1503124443
0;96;8048;0x1774ca56118f9435c60ffcb4ad3d88338337850119bf00be6a61ff5fef246f07;0xe28a21d4200aaf710f4a0adfe47cbbb964e2e0b2aa47bfe5ad0faa79cde59ce0;0x686ec64d;0xb419a11L;0.500000;1503124443;1503124443
0;96;8048;0x1774ca56118f9435c60ffcb4ad3d88338337850119bf00be6a61ff5fef246f07;0xe28a21d4200aaf710f4a0adfe47cbbb964e2e0b2aa47bfe5ad0faa79cde59ce0;0x686ec64d;0xb419a11L;0.500000;1503124443;1503124444
0;96;8048;0xcc1da4df5804adb3eefd137b1a531c6e5855e65dd4226c85517f18deac20cc78;0xbd55dabf2f34e370f75ae315b4688c87bf90cd2aaa37036e7528ef3712ecc566;0x077e3caf;0x74c0662L;0.500000;1503124444;1503124444
0;96;8048;0xcc1da4df5804adb3eefd137b1a531c6e5855e65dd4226c85517f18deac20cc78;0xbd55dabf2f34e370f75ae315b4688c87bf90cd2aaa37036e7528ef3712ecc566;0x077e3caf;0x74c0662L;0.500000;1503124444;1503124445
0;96;8048;0xcda449e39c6612308c95b1e435e926fe7b75e3f07450530bf3b38556663ae333;0x82263469091ef11629204ed08a2b17c6ab59ebefedc5f4bac7d19105156def90;0xb5680b19;0xb84c45ceL;0.500000;1503124445;1503124445
0;96;8048;0xcda449e39c6612308c95b1e435e926fe7b75e3f07450530bf3b38556663ae333;0x82263469091ef11629204ed08a2b17c6ab59ebefedc5f4bac7d19105156def90;0xb5680b19;0xb84c45ceL;0.500000;1503124445;1503124446
0;96;8048;0x0a1aeffb01f99774e6fcec73030508259aec6bd3ebbebb86dff81e6ea3f38ead;0x76c5d2ea74fb0ad832f6033172e7cc67c8b0b60035a848b735d3c9f4af59ea31;0xc3283867;0xc693709cL;0.500000;1503124446;1503124446
0;96;8048;0x0a1aeffb01f99774e6fcec73030508259aec6bd3ebbebb86dff81e6ea3f38ead;0x76c5d2ea74fb0ad832f6033172e7cc67c8b0b60035a848b735d3c9f4af59ea31;0xc3283867;0xc693709cL;0.500000;1503124446;1503124447
0;96;8048;0x4c388ee325b69ece0faab8d867d3f2826ebddf6e80b6f200bd00b0714095fb8d;0xd27759e7e554486da0d6ac5b93d14c64477fce5c5812cb0566388098a65ccf50;0x4e6c084f;0x18d0d8b2L;0.500000;1503124447;1503124447
0;96;8048;0x4c388ee325b69ece0faab8d867d3f2826ebddf6e80b6f200bd00b0714095fb8d;0xd27759e7e554486da0d6ac5b93d14c64477fce5c5812cb0566388098a65ccf50;0x4e6c084f;0x18d0d8b2L;0.500000;1503124447;1503124448
0;96;8048;0x82d3dfc31a848852c2d7b627424fa75a057b13b3d323a89b4c4838b585a20907;0xe23eb712ead1623bd671bf1df035f2cecabcf6c818e5d580a079fac316361041;0x25eedc7c;0xa41a79c2L;0.500000;1503124448;1503124448
0;96;8048;0x82d3dfc31a848852c2d7b627424fa75a057b13b3d323a89b4c4838b585a20907;0xe23eb712ead1623bd671bf1df035f2cecabcf6c818e5d580a079fac316361041;0x25eedc7c;0xa41a79c2L;0.500000;1503124448;1503124448
0;96;8048;0x82d3dfc31a848852c2d7b627424fa75a057b13b3d323a89b4c4838b585a20907;0xe23eb712ead1623bd671bf1df035f2cecabcf6c818e5d580a079fac316361041;0x25eedc7c;0xa41a79c2L;0.500000;1503124449;1503124449
0;96;8048;0xedd15e3e50f5de7959973077c6c1f754df74be98199ba7b7783f50ed6b939c58;0x81abcf41d582264ce0e0282794c07bb8986ed40befbcef2d8709cd6256754b46;0xc0a5fb8d;0x890d80dcL;0.500000;1503124449;1503124450
0;96;8048;0x644887749fb87f443b6bea4f90ad308bebd268b8931d0eb0450e4ee8a25f3a06;0x054ad2e6869c28f41008b078b47a3aca5c6cfacb73bbe6c8175456b24e63fc60;0x268e6eca;0xa70a89c2L;0.500000;1503124450;1503124450
0;96;8048;0x644887749fb87f443b6bea4f90ad308bebd268b8931d0eb0450e4ee8a25f3a06;0x054ad2e6869c28f41008b078b47a3aca5c6cfacb73bbe6c8175456b24e63fc60;0x268e6eca;0xa70a89c2L;0.500000;1503124450;1503124451
0;96;8048;0xaecb7f023c0b3e765d9d38277abc74116f28c18d889246a8120208bef1f5569f;0x62dc17d741c4755df570527fca46782fc07a0da82ff23f097d41e00568d92877;0x13f67833;0x71024316L;0.500000;1503124451;1503124451
