0;96;8048;0x921ee566849511e005a69478ab33c9613506954e70a8ee919cf361bd593a94eb;0x1629ea7e1b343846c06c522fdf25dac2f3c55b726e84bb8921b5cf7c5f649991;0x4be03cf4;0xd808904eL;0.500000;1503198212;1503198212
0;96;8048;0x921ee566849511e005a69478ab33c9613506954e70a8ee919cf361bd593a94eb;0x1629ea7e1b343846c06c522fdf25dac2f3c55b726e84bb8921b5cf7c5f649991;0x4be03cf4;0xd808904eL;0.500000;1503198212;1503198213
0;96;8048;0xc9e81843a47f3ec0d69aeb988ea876c15b7bea198a7b038dff1d0f5c2bfbadf4;0xdd2d8d389ed8b969a6c38d3d42270db7ffbe1b8bd4c763757b053831870e447d;0x1fac6198;0x201125dL;0.500000;1503198213;1503198213
0;96;8048;0xc9e81843a47f3ec0d69aeb988ea876c15b7bea198a7b038dff1d0f5c2bfbadf4;0xdd2d8d389ed8b969a6c38d3d42270db7ffbe1b8bd4c763757b053831870e447d;0x1fac6198;0x201125dL;0.500000;1503198213;1503198214
0;96;8048;0x2f2e7dd841b4fe8fe76eb66353bae96699f844faca2669997d426a951c37e44b;0xa53335bb55f4770ee1a32a6ba4018e21ccf14a68b8f58905719f179f09af1beb;0x9cc7d880;0x12a78840L;0.500000;1503198214;1503198214
0;96;8048;0x2f2e7dd841b4fe8fe76eb66353bae96699f844faca2669997d426a951c37e44b;0xa53335bb55f4770ee1a32a6ba4018e21ccf14a68b8f58905719f179f09af1beb;0x9cc7d880;0x12a78840L;0.500000;1503198214;1503198214
0;96;8048;0x67cf0d0ac31f9360f4293b237808a7b16f25fa72482ddff8bac31223251e278c;0xc6622bd5447d636afda03a9b30ecc6841cd9dc5e803752743c2b0c801bae8ef2;0x1dcae2a2;0xcb9144d1L;0.500000;1503198215;1503198215
0;96;8048;0x67cf0d0ac31f9360f4293b237808a7b16f25fa72482ddff8bac31223251e278c;0xc6622bd5447d636afda03a9b30ecc6841cd9dc5e803752743c2b0c801bae8ef2;0x1dcae2a2;0xcb9144d1L;0.500000;1503198215;1503198215
0;96;8048;0x67cf0d0ac31f9360f4293b237808a7b16f25fa72482ddff8bac31223251e278c;0xc6622bd5447d636afda03a9b30ecc6841cd9dc5e803752743c2b0c801bae8ef2;0x1dcae2a2;0xcb9144d1L;0.500000;1503198216;1503198216
0;96;8048;0xd96bd509e6f5dfe54bed8b5acd2f30cef52f8294faae52e8aa3b6dc4c57e389e;0x3d48a46795582c44b945aef3ea9d4c9d554f783c68598076a0bc90f2158e67be;0x8a75a271;0x802ac202L;0.500000;1503198216;1503198216
0;96;8048;0xd96bd509e6f5dfe54bed8b5acd2f30cef52f8294faae52e8aa3b6dc4c57e389e;0x3d48a46795582c44b945aef3ea9d4c9d554f783c68598076a0bc90f2158e67be;0x8a75a271;0x802ac202L;0.500000;1503198216;1503198217
0;96;8048;0x8a9b620f6b9e42da0b94801a412e09fe3267b5deb088458f29997b4f99051323;0x2b6d0a8dbc7411c1fbad0ab48844d88a71f3287246a573f4d3956ed432448364;0x7591e5ec;0x43d7d90L;0.500000;1503198217;1503198217
0;96;8048;0x8a9b620f6b9e42da0b94801a412e09fe3267b5deb088458f29997b4f99051323;0x2b6d0a8dbc7411c1fbad0ab48844d88a71f3287246a573f4d3956ed432448364;0x7591e5ec;0x43d7d90L;0.500000;1503198217;1503198218
0;96;8048;0x81ed941934cee07ca401a2bf03bf8bc46fb62d8952916ffbf74da3d82d1bd1ae;0x9624c785782f17574eade7fb67daea56f76c20635b7f74f21dd5819584231d86;0x585e5c12;0x8847b856L;0.500000;1503198218;1503198218
0;96;8048;0x81ed941934cee07ca401a2bf03bf8bc46fb62d8952916ffbf74da3d82d1bd1ae;0x9624c785782f17574eade7fb67daea56f76c20635b7f74f21dd5819584231d86;0x585e5c12;0x8847b856L;0.500000;1503198218;1503198219
0;96;8048;0x61dbe9d6ef4c8fbee8c93e3f8945366de302e5351228fdb1f4407fc0b97b351a;0x8f499b65793d19d38e186be5f9c6db61ed4d7baa4a614825cb2058f14fac15c7;0x54ecd707;0x4402c056L;0.500000;1503198219;1503198219
0;96;8048;0x61dbe9d6ef4c8fbee8c93e3f8945366de302e5351228fdb1f4407fc0b97b351a;0x8f499b65793d19d38e186be5f9c6db61ed4d7baa4a614825cb2058f14fac15c7;0x54ecd707;0x4402c056L;0.500000;1503198219;1503198220
0;96;8048;0xe32c57d6bffb9288d1cfb8bfcd9ea45281554242fa8e3ec2b729937138f2b01b;0x0fc1270582c1fbf51c171a6f676832ddf412bb36b61b9d0c961c20cd499dae0f;0xf699cb35;0x80380941L;0.500000;1503198220;1503198220
0;96;8048;0xe32c57d6bffb9288d1cfb8bfcd9ea45281554242fa8e3ec2b729937138f2b01b;0x0fc1270582c1fbf51c171a6f676832ddf412bb36b61b9d0c961c20cd499dae0f;0xf699cb35;0x80380941L;0.500000;1503198220;1503198221
0;96;8048;0x8846e9676d2b7c3aaade22419a0a51f86d12b1ccc5b5f9f00e0bbfcef26ce47a;0x83b435b6ec8d51aaac60c565c4332e4775ce24fb6328264bcac781524d9fd0ed;0x10dfa2bd;0x88b378ccL;0.500000;1503198221;1503198221
