0;96;8048;0xb471fdce7d31ce799f72d3e7e189db1a7b3305a97971930ed352098a40753cf4;0xd7458910a1ed4c903895aaf828227c6dd4628e55e24faa257e488ca8c0ee23d6;0x9a6f0a9d;0x49c8814fL;0.500000;1503118063;1503118064
0;96;8048;0xda7c7cc21cbf883f9ffac5f5eba144e4a7a94e6b04335c2fc738abd1234310fd;0x28c22ef71562e16196c0233284454a7768c32f964b84a848ee4a00085f8710ef;0x3b93487e;0x5061acc0L;0.500000;1503118064;1503118064
0;96;8048;0xda7c7cc21cbf883f9ffac5f5eba144e4a7a94e6b04335c2fc738abd1234310fd;0x28c22ef71562e16196c0233284454a7768c32f964b84a848ee4a00085f8710ef;0x3b93487e;0x5061acc0L;0.500000;1503118064;1503118065
0;96;8048;0x025082806821ceddc9fec92af518216c13f9ca0f7d87c65a12992f31b57fefb7;0x7f04c73b6b5ddcf6b19e2b4f4ab1bbf8c2f418c58148bd8abafff38f5944dad8;0xc9daf1fb;0x90420432L;0.500000;1503118065;1503118065
0;96;8048;0x025082806821ceddc9fec92af518216c13f9ca0f7d87c65a12992f31b57fefb7;0x7f04c73b6b5ddcf6b19e2b4f4ab1bbf8c2f418c58148bd8abafff38f5944dad8;0xc9daf1fb;0x90420432L;0.500000;1503118065;1503118066
0;96;8048;0x7ff16d7366277ccd0b0926d0aa8263825e6b3649e284afe16308e87c57bed4d6;0x21f73db2a44f89e3c686c68822e1379ee568c8f1d69d165dc6c399f95851cd60;0xcf348519;0x4a05e9f1L;0.500000;1503118066;1503118066
0;96;8048;0x7ff16d7366277ccd0b0926d0aa8263825e6b3649e284afe16308e87c57bed4d6;0x21f73db2a44f89e3c686c68822e1379ee568c8f1d69d165dc6c399f95851cd60;0xcf348519;0x4a05e9f1L;0.500000;1503118066;1503118067
0;96;8048;0x4e9ea859909ae2ee9db79beecaea497fb19f34abfd221b7a0c9241cadc87322b;0x9f792aa89d41ebb77968602393a5a2f6cc290368ab9a193d0834a71ec4da6e69;0x6a29d88a;0x4f11105L;0.500000;1503118067;1503118067
0;96;8048;0x4e9ea859909ae2ee9db79beecaea497fb19f34abfd221b7a0c9241cadc87322b;0x9f792aa89d41ebb77968602393a5a2f6cc290368ab9a193d0834a71ec4da6e69;0x6a29d88a;0x4f11105L;0.500000;1503118067;1503118068
0;96;8048;0x963dd6ba6590b16d27cdf3c1d779a7a277753ddf464018ff9bde511ec3aeca59;0xd653f663ba12abeff43fa637b873aca94b18e0b63eb1d49c90d0bfb021f6ee00;0x42e758e7;0x188b7036L;0.500000;1503118068;1503118068
0;96;8048;0x963dd6ba6590b16d27cdf3c1d779a7a277753ddf464018ff9bde511ec3aeca59;0xd653f663ba12abeff43fa637b873aca94b18e0b63eb1d49c90d0bfb021f6ee00;0x42e758e7;0x188b7036L;0.500000;1503118068;1503118069
0;96;8048;0x51da299af05e80f2a9c0468a34d36e5fbc769b7888a8ddcf96ffc8b7a6adfbf7;0xc8c2d2961d107f8a6df92a48fdae7789add3c7065081839b71887abe2cd0b301;0xd3661485;0x372ac18eL;0.500000;1503118069;1503118069
0;96;8048;0x51da299af05e80f2a9c0468a34d36e5fbc769b7888a8ddcf96ffc8b7a6adfbf7;0xc8c2d2961d107f8a6df92a48fdae7789add3c7065081839b71887abe2cd0b301;0xd3661485;0x372ac18eL;0.500000;1503118069;1503118070
0;96;8048;0xc1fdc220dee38820d6d5862800881d912da7762085a9727b2c4ec833e385a6a4;0xb0603677b2c2c73c5e2110f180990580010ca0334b4a0a95e1dfa631b2b975cf;0x2352b60c;0xe0c511e9L;0.500000;1503118070;1503118070
0;96;8048;0xc1fdc220dee38820d6d5862800881d912da7762085a9727b2c4ec833e385a6a4;0xb0603677b2c2c73c5e2110f180990580010ca0334b4a0a95e1dfa631b2b975cf;0x2352b60c;0xe0c511e9L;0.500000;1503118070;1503118071
0;96;8048;0x7df5e2f9574f585019226a2265006208aa676460f7584497707d33502d96deab;0x78d1ca989783a0d8c8871a5f667f7b4485ee7f2fbf515a611a4486ea3853f287;0xc6f790f1;0x85248a63L;0.500000;1503118071;1503118071
0;96;8048;0x7df5e2f9574f585019226a2265006208aa676460f7584497707d33502d96deab;0x78d1ca989783a0d8c8871a5f667f7b4485ee7f2fbf515a611a4486ea3853f287;0xc6f790f1;0x85248a63L;0.500000;1503118071;1503118072
0;96;8048;0xf140c09117473f53da3809ebb9122f259e2215cd73365828ea51cc0aab91d79c;0xd368b69ae3d9f421107c7c4c3ec69a89d4885336dab3d7dd67114cab5d4cfda8;0x8d09b809;0x80110141L;0.500000;1503118072;1503118072
0;96;8048;0xf140c09117473f53da3809ebb9122f259e2215cd73365828ea51cc0aab91d79c;0xd368b69ae3d9f421107c7c4c3ec69a89d4885336dab3d7dd67114cab5d4cfda8;0x8d09b809;0x80110141L;0.500000;1503118072;1503118073
0;96;8048;0x8841834f54b84de3c5144f2d3994cb80ee0d97335d7d6f3b00f53c266e920ff6;0x5f144e9c87a730a2a49a95c0f3e7e1f244b76c55620225dfcd3c4e77db51e2ec;0x6af29af9;0x80392198L;0.500000;1503118073;1503118073
