0;96;8048;0x3ec1c50c4e7340e489b9ecb51c5eb87348b48de6854d7d4ab5faad7532532770;0x1b883a44f12277627096bce617ef2b5c23e9dc8487239d4dd313de0bb4cc581c;0x3f6fbe1b;0x949cb246L;0.500000;1503128246;1503128247
0;96;8048;0xe1113424fa04f659fcba9dca66fa849f33fea0c695a7d9b77c8940b6e519d0c6;0x0c3bd53506075d794b94236913df839a684e264c8986e997a4fb8136d743fbb2;0x85c4e3e9;0x53240ca2L;0.500000;1503128247;1503128247
0;96;8048;0xe1113424fa04f659fcba9dca66fa849f33fea0c695a7d9b77c8940b6e519d0c6;0x0c3bd53506075d794b94236913df839a684e264c8986e997a4fb8136d743fbb2;0x85c4e3e9;0x53240ca2L;0.500000;1503128247;1503128248
0;96;8048;0x5d5aec5fc54c43b85eb0fb2b76cee419b9cb0421be195886a0cf3ddfac8c5309;0x0052194e72f23c510fa69bb2fdb0dc1d280860557c6a0e1c02fa5e8cddddbab5;0xa5971302;0x88c61114L;0.500000;1503128248;1503128248
0;96;8048;0x5d5aec5fc54c43b85eb0fb2b76cee419b9cb0421be195886a0cf3ddfac8c5309;0x0052194e72f23c510fa69bb2fdb0dc1d280860557c6a0e1c02fa5e8cddddbab5;0xa5971302;0x88c61114L;0.500000;1503128248;1503128249
0;96;8048;0x47bfbea1cc38ac798c3573ccf5b0530eb4ad967669122d62b6c4400d1763af5e;0xbc4d152b75ce4052869a66fb0641b17cac98db2d1f2afd810c8acc9e2549e6ba;0x13495a86;0xc01c68caL;0.500000;1503128249;1503128249
0;96;8048;0x47bfbea1cc38ac798c3573ccf5b0530eb4ad967669122d62b6c4400d1763af5e;0xbc4d152b75ce4052869a66fb0641b17cac98db2d1f2afd810c8acc9e2549e6ba;0x13495a86;0xc01c68caL;0.500000;1503128249;1503128250
0;96;8048;0xbbd90209c9e0b77a4932b2793c7a56683ec2e0347c0b49ea0bebaff91450e8cf;0x09f79e12f0333e02dc2dc88026a714c7e9ca96200ee6119f15f57d441f14fc74;0x2187a8ce;0x207e9888L;0.500000;1503128250;1503128250
0;96;8048;0xbbd90209c9e0b77a4932b2793c7a56683ec2e0347c0b49ea0bebaff91450e8cf;0x09f79e12f0333e02dc2dc88026a714c7e9ca96200ee6119f15f57d441f14fc74;0x2187a8ce;0x207e9888L;0.500000;1503128250;1503128250
0;96;8048;0xbbd90209c9e0b77a4932b2793c7a56683ec2e0347c0b49ea0bebaff91450e8cf;0x09f79e12f0333e02dc2dc88026a714c7e9ca96200ee6119f15f57d441f14fc74;0x2187a8ce;0x207e9888L;0.500000;1503128250;1503128251
0;96;8048;0x901d13fdfe519ff6837ca428ee62c3f73c6135832187898b4ee7070378142808;0xebd704447bf71442a49cd26ab118f9cb15472600a4867ab3955db44b133852f4;0x3da5e94d;0x59a8a0e5L;0.500000;1503128251;1503128251
0;96;8048;0x901d13fdfe519ff6837ca428ee62c3f73c6135832187898b4ee7070378142808;0xebd704447bf71442a49cd26ab118f9cb15472600a4867ab3955db44b133852f4;0x3da5e94d;0x59a8a0e5L;0.500000;1503128251;1503128252
0;96;8048;0xd29321535d9352d3866acdb15838841b4a98a86e7567178e091e215b092b61db;0x4c4aba4ef19dd8dbed9f4266daf953905684c15eafbaaa44f152e8f631e92817;0x2d366d49;0x3042554L;0.500000;1503128252;1503128252
0;96;8048;0xd29321535d9352d3866acdb15838841b4a98a86e7567178e091e215b092b61db;0x4c4aba4ef19dd8dbed9f4266daf953905684c15eafbaaa44f152e8f631e92817;0x2d366d49;0x3042554L;0.500000;1503128252;1503128253
0;96;8048;0xb661e73ff38f0c7ff195aeaecdd01ac3753acda0d495dd4c5286cd2fec8489a2;0x54d6ffb773afd19a216c1e366621641b72021ed21ae5149f369ddb04a004a1b9;0x8bb5c7e8;0x98174c5dL;0.500000;1503128253;1503128253
0;96;8048;0xb661e73ff38f0c7ff195aeaecdd01ac3753acda0d495dd4c5286cd2fec8489a2;0x54d6ffb773afd19a216c1e366621641b72021ed21ae5149f369ddb04a004a1b9;0x8bb5c7e8;0x98174c5dL;0.500000;1503128253;1503128254
0;96;8048;0xdcf579aee6a7f35de778313433a43180ee60c491a2247fb55daf7f78db35ffb7;0x5b1369300af0d4b39c49cef5bbc9abcb8f9fc72fc492e2d6172e4da31b93adfd;0x86fcc33e;0x40cc239L;0.500000;1503128254;1503128254
0;96;8048;0xdcf579aee6a7f35de778313433a43180ee60c491a2247fb55daf7f78db35ffb7;0x5b1369300af0d4b39c49cef5bbc9abcb8f9fc72fc492e2d6172e4da31b93adfd;0x86fcc33e;0x40cc239L;0.500000;1503128254;1503128255
0;96;8048;0xf4ff528ce5914bb84dd6be9143abda809d0147156933e00c7e0b41922d32bc22;0x8026aa5fd63f3d9e50efad5524028a81f7596ec17bbeda9b4adce2cc03fe1f18;0x357a07aa;0x71eaa90aL;0.500000;1503128255;1503128255
0;96;8048;0xf4ff528ce5914bb84dd6be9143abda809d0147156933e00c7e0b41922d32bc22;0x8026aa5fd63f3d9e50efad5524028a81f7596ec17bbeda9b4adce2cc03fe1f18;0x357a07aa;0x71eaa90aL;0.500000;1503128255;1503128256
