0;96;8048;0xe61b320483cc2d7a0610e6645e238ba3786af2af9d52c54b30ed12cf53fb893a;0xd642c0c363a8e88f845a0f235b3da0dace531e119d26f8f31b5401aeae74fb63;0x3a94d3b6;0x87898136L;0.500000;1503145920;1503145920
0;96;8048;0xe61b320483cc2d7a0610e6645e238ba3786af2af9d52c54b30ed12cf53fb893a;0xd642c0c363a8e88f845a0f235b3da0dace531e119d26f8f31b5401aeae74fb63;0x3a94d3b6;0x87898136L;0.500000;1503145920;1503145921
0;96;8048;0x083e158694b0474812ab7188a8d3b72206024e9c04f1bd73266a25a89c1292a5;0x879aacdf4f4785e98a76293a4de89c5ad2c857780cbda98e6f0a88e26b0d207f;0x439c9ddf;0x4b035392L;0.500000;1503145921;1503145921
0;96;8048;0x083e158694b0474812ab7188a8d3b72206024e9c04f1bd73266a25a89c1292a5;0x879aacdf4f4785e98a76293a4de89c5ad2c857780cbda98e6f0a88e26b0d207f;0x439c9ddf;0x4b035392L;0.500000;1503145921;1503145922
0;96;8048;0x799226be128f7e1c8f120f6555abbed2b280bff3cd0bdfe8f26b4c53ce411e48;0xfa0b8b0a87b4515b4fa43dd8f42fd6058eb30c359d391e7a12a3b6baf905e91d;0xe0ced805;0xe028c102L;0.500000;1503145922;1503145922
0;96;8048;0x799226be128f7e1c8f120f6555abbed2b280bff3cd0bdfe8f26b4c53ce411e48;0xfa0b8b0a87b4515b4fa43dd8f42fd6058eb30c359d391e7a12a3b6baf905e91d;0xe0ced805;0xe028c102L;0.500000;1503145922;1503145923
0;96;8048;0xf1058ca4999f05adf4001b360fc93bffd06d53237e2cd1fab92e51bae3c5fed4;0x780941ba38bed97c7f425dc93edeb589190d6c840a21fff997efb90f1d1eded9;0xf4de620f;0xf824b545L;0.500000;1503145923;1503145923
0;96;8048;0xf1058ca4999f05adf4001b360fc93bffd06d53237e2cd1fab92e51bae3c5fed4;0x780941ba38bed97c7f425dc93edeb589190d6c840a21fff997efb90f1d1eded9;0xf4de620f;0xf824b545L;0.500000;1503145923;1503145924
0;96;8048;0x3dfff1a34c2c13b3860007d60526ac8ab71805c6b87617d918c5abd5799494b7;0xa170895227983e1d288c50b376281f27a461eb5608f1be8e2f90068ab3d767ac;0x0303e694;0xec0150f1L;0.500000;1503145924;1503145924
0;96;8048;0x3dfff1a34c2c13b3860007d60526ac8ab71805c6b87617d918c5abd5799494b7;0xa170895227983e1d288c50b376281f27a461eb5608f1be8e2f90068ab3d767ac;0x0303e694;0xec0150f1L;0.500000;1503145924;1503145925
0;96;8048;0xddad7e91b5146574aedc6a8305826e18a1b6ddfca2f0452db827a483c7d0cea5;0x8b4f1845a4418977ebb4cdb8e335b1b049e276604e1705959693db29b8ba7120;0x956db374;0x69092240L;0.500000;1503145925;1503145925
0;96;8048;0xddad7e91b5146574aedc6a8305826e18a1b6ddfca2f0452db827a483c7d0cea5;0x8b4f1845a4418977ebb4cdb8e335b1b049e276604e1705959693db29b8ba7120;0x956db374;0x69092240L;0.500000;1503145925;1503145926
0;96;8048;0x1222923065e7e8bdb185dcb67083ba47086f35563954bdbf3af9ee382be69b3d;0x58a81a2301d3f3787a012147b2dbd1b35f43935e18fef01a7c3bbda473f9ec55;0xa27e21b7;0x6090911L;0.500000;1503145926;1503145926
0;96;8048;0x1222923065e7e8bdb185dcb67083ba47086f35563954bdbf3af9ee382be69b3d;0x58a81a2301d3f3787a012147b2dbd1b35f43935e18fef01a7c3bbda473f9ec55;0xa27e21b7;0x6090911L;0.500000;1503145926;1503145927
0;96;8048;0xfd6940a54ae34e0b009ae387772e75a9c16655eb3c03ef4890711bfc4e35314b;0xf6b7ca2d96c92e6040ede96dbd1aaa9dd5b2dbf58a4af1bc2e6bd3f96d94370e;0xcaebc040;0x31206acfL;0.500000;1503145927;1503145927
0;96;8048;0xfd6940a54ae34e0b009ae387772e75a9c16655eb3c03ef4890711bfc4e35314b;0xf6b7ca2d96c92e6040ede96dbd1aaa9dd5b2dbf58a4af1bc2e6bd3f96d94370e;0xcaebc040;0x31206acfL;0.500000;1503145927;1503145928
0;96;8048;0x66a514cc5f8c30207693f2c20a595779ef4c9323e19103c2884d10c7e79b274d;0x80f96c39da5b98141f67114f73542ff7be1dfbc693cab5e726ff8b4d9ae754df;0xdd2e8d55;0x329fc212L;0.500000;1503145928;1503145928
0;96;8048;0x66a514cc5f8c30207693f2c20a595779ef4c9323e19103c2884d10c7e79b274d;0x80f96c39da5b98141f67114f73542ff7be1dfbc693cab5e726ff8b4d9ae754df;0xdd2e8d55;0x329fc212L;0.500000;1503145928;1503145929
0;96;8048;0x4cf29ebd4ec2d67c2665c2d2e60934f2d1bb5859069584f45bf8fd27913087dd;0x0f0327868c90fdd5b22238365f524b0b9fc06634d7687b7e066f255827043434;0xf5ddab23;0x98ab459L;0.500000;1503145929;1503145929
0;96;8048;0x4cf29ebd4ec2d67c2665c2d2e60934f2d1bb5859069584f45bf8fd27913087dd;0x0f0327868c90fdd5b22238365f524b0b9fc06634d7687b7e066f255827043434;0xf5ddab23;0x98ab459L;0.500000;1503145929;1503145930
