0;96;8048;0xb10747851a162283a012ac84fa592e19a6bc458756c4476cfc3a1c74d8871989;0x926802646a7271d18c4ab64e27e7e92f4a13a6fa1abc74677f4ffbc488111c52;0x49aa3b1a;0x4a5c0739L;0.500000;1503236211;1503236212
0;96;8048;0x00f6ff9788892cffe11c3ea88c0d2885087382686252dd5e1bcbedb348722348;0x421dc3612c547657f3816ae645d1f9d64598dd1593935c394d41a6087de160a7;0x060d6925;0xe8a0112aL;0.500000;1503236212;1503236212
0;96;8048;0x00f6ff9788892cffe11c3ea88c0d2885087382686252dd5e1bcbedb348722348;0x421dc3612c547657f3816ae645d1f9d64598dd1593935c394d41a6087de160a7;0x060d6925;0xe8a0112aL;0.500000;1503236212;1503236213
0;96;8048;0x7c50e29df866a1402a1a7b4e3c902a46414cfb7c8c1e24a5719f445b55d938d1;0xb3b2e6a25c4ba4ad6e72d0fa73623f0d3cc17b8027150bd2c37c16570bcb65ae;0x45dc02fc;0x85201a39L;0.500000;1503236213;1503236213
0;96;8048;0x7c50e29df866a1402a1a7b4e3c902a46414cfb7c8c1e24a5719f445b55d938d1;0xb3b2e6a25c4ba4ad6e72d0fa73623f0d3cc17b8027150bd2c37c16570bcb65ae;0x45dc02fc;0x85201a39L;0.500000;1503236213;1503236214
0;96;8048;0x1feb2aea95b16b6ec3e68d92129adb8606b43b885d5ec1d695776038416a1561;0xb00c7a38ce79fc32cc6e6ecd002e0c3d7b59a3b90004b5c32c0cbfaf93c55149;0x18680f6f;0x647c4498L;0.500000;1503236214;1503236214
0;96;8048;0x1feb2aea95b16b6ec3e68d92129adb8606b43b885d5ec1d695776038416a1561;0xb00c7a38ce79fc32cc6e6ecd002e0c3d7b59a3b90004b5c32c0cbfaf93c55149;0x18680f6f;0x647c4498L;0.500000;1503236214;1503236215
0;96;8048;0x2410c5ff5ca814a206707ecfea9aec98d4cc1eb4ea7523105e689bd7bb683adf;0xf9f8b7b085277f002bbc273c95a1704a71d8b3a446537d39d4b573db7c2788b1;0x8c37b5a4;0x6806ad9cL;0.500000;1503236215;1503236215
0;96;8048;0x2410c5ff5ca814a206707ecfea9aec98d4cc1eb4ea7523105e689bd7bb683adf;0xf9f8b7b085277f002bbc273c95a1704a71d8b3a446537d39d4b573db7c2788b1;0x8c37b5a4;0x6806ad9cL;0.500000;1503236215;1503236215
0;96;8048;0x2410c5ff5ca814a206707ecfea9aec98d4cc1eb4ea7523105e689bd7bb683adf;0xf9f8b7b085277f002bbc273c95a1704a71d8b3a446537d39d4b573db7c2788b1;0x8c37b5a4;0x6806ad9cL;0.500000;1503236216;1503236216
0;96;8048;0x1d3814e5ea4015f683ddf40e598d08e2d506234dfc12e6eb29f4464d3d2d3f5a;0x7f34a8d601269d1336437f0af4557273ecc9b913263c2c457ae196c0135b0763;0x951f9be1;0x81c1358cL;0.500000;1503236216;1503236216
0;96;8048;0x1d3814e5ea4015f683ddf40e598d08e2d506234dfc12e6eb29f4464d3d2d3f5a;0x7f34a8d601269d1336437f0af4557273ecc9b913263c2c457ae196c0135b0763;0x951f9be1;0x81c1358cL;0.500000;1503236216;1503236217
0;96;8048;0xafea600bbec8b09006d4808e39b68808d83ad8ef5a18774599cc124424fbb9d3;0xe191d6402f25ace45036fe1c2b1b5ee7b2a701e6959b9d4fe9f8831dcf5c7438;0xe15e62ed;0xa3383441L;0.500000;1503236217;1503236217
0;96;8048;0xafea600bbec8b09006d4808e39b68808d83ad8ef5a18774599cc124424fbb9d3;0xe191d6402f25ace45036fe1c2b1b5ee7b2a701e6959b9d4fe9f8831dcf5c7438;0xe15e62ed;0xa3383441L;0.500000;1503236217;1503236218
0;96;8048;0x756979b4b7c7ca799d58973290eb7e66b53d2ec68715bde305caf3940f44a384;0x9bb22891bca9160efa355a605acfa96f3b0804e3c9919f6b47f0a2021e171ef4;0x431b257d;0xd881acdaL;0.500000;1503236218;1503236218
0;96;8048;0x756979b4b7c7ca799d58973290eb7e66b53d2ec68715bde305caf3940f44a384;0x9bb22891bca9160efa355a605acfa96f3b0804e3c9919f6b47f0a2021e171ef4;0x431b257d;0xd881acdaL;0.500000;1503236218;1503236219
0;96;8048;0x683fe95a90098fa5e50540ad8946fd482b64489041815c75d16fdc55a1a5bc09;0x77c22d0f913d86c3a599349e983836aefd13cb65f35cf0c610c62f314f4faf64;0xf65d22fa;0x19046367L;0.500000;1503236219;1503236219
0;96;8048;0x683fe95a90098fa5e50540ad8946fd482b64489041815c75d16fdc55a1a5bc09;0x77c22d0f913d86c3a599349e983836aefd13cb65f35cf0c610c62f314f4faf64;0xf65d22fa;0x19046367L;0.500000;1503236219;1503236219
0;96;8048;0x683fe95a90098fa5e50540ad8946fd482b64489041815c75d16fdc55a1a5bc09;0x77c22d0f913d86c3a599349e983836aefd13cb65f35cf0c610c62f314f4faf64;0xf65d22fa;0x19046367L;0.500000;1503236220;1503236220
0;96;8048;0xc0a728e92afac2fa8caaa27e280b68fdc9c35b76eb3e2bc8f1840ef9fd80d5be;0x53a44d119293ad305176390bf33571cb40a1cbbef9fbbe995e4758831dfc616a;0x9d9d77d2;0xe818806L;0.500000;1503236220;1503236220
