0;96;8048;0x1f2d6a9aaa89245a1a31a946daafc27059ec9b5479679f6ec3d6952c53760172;0x220ce4215d0232cc83d033cd9de2f1ae49c88296f43bd103f5e31c0509c30a99;0x30282672;0x4ae5195L;0.500000;1503174424;1503174424
0;96;8048;0x1f2d6a9aaa89245a1a31a946daafc27059ec9b5479679f6ec3d6952c53760172;0x220ce4215d0232cc83d033cd9de2f1ae49c88296f43bd103f5e31c0509c30a99;0x30282672;0x4ae5195L;0.500000;1503174424;1503174425
0;96;8048;0xbb721ffb1d192f8cca71b04b933f14ecab815c1ef531d6d378014b5d53f6ba0e;0x701bc465861a345b52e3c48b7c0f33a430e321a661f9eff3f8d5861dfdcd3586;0x06e250d3;0x762002b0L;0.500000;1503174425;1503174425
0;96;8048;0xbb721ffb1d192f8cca71b04b933f14ecab815c1ef531d6d378014b5d53f6ba0e;0x701bc465861a345b52e3c48b7c0f33a430e321a661f9eff3f8d5861dfdcd3586;0x06e250d3;0x762002b0L;0.500000;1503174425;1503174426
0;96;8048;0x0a36bbf0754c1ba170357709a9dc423b75fc3acc304d913eec034fdb70cf337a;0x4aa6100c8e9916273bc84ffeccac653beed0eb399dc0b494298feb5e5d9ba247;0x16e8777b;0x220acc4eL;0.500000;1503174426;1503174426
0;96;8048;0x0a36bbf0754c1ba170357709a9dc423b75fc3acc304d913eec034fdb70cf337a;0x4aa6100c8e9916273bc84ffeccac653beed0eb399dc0b494298feb5e5d9ba247;0x16e8777b;0x220acc4eL;0.500000;1503174426;1503174427
0;96;8048;0x5c181217367c4865d8785bdb2993075f0ad0e32c3d18c5db27fdef380d975c69;0xe2d3eb8d045725721973a29176d0b1f21117223761c885bf2061fd36ffc23ff1;0x74e4b2a4;0x2cc028aL;0.500000;1503174427;1503174427
0;96;8048;0x5c181217367c4865d8785bdb2993075f0ad0e32c3d18c5db27fdef380d975c69;0xe2d3eb8d045725721973a29176d0b1f21117223761c885bf2061fd36ffc23ff1;0x74e4b2a4;0x2cc028aL;0.500000;1503174427;1503174427
0;96;8048;0x5c181217367c4865d8785bdb2993075f0ad0e32c3d18c5db27fdef380d975c69;0xe2d3eb8d045725721973a29176d0b1f21117223761c885bf2061fd36ffc23ff1;0x74e4b2a4;0x2cc028aL;0.500000;1503174427;1503174428
0;96;8048;0x12a6ae84f51e80f718992e13ff1e7853db0ace23fd1cd93375462f9c3945014b;0x64e8296d6851393380b0044399510b83486b14599b776ad58597ce65c8b2da89;0x74b7622d;0x34b282dcL;0.500000;1503174428;1503174428
0;96;8048;0x12a6ae84f51e80f718992e13ff1e7853db0ace23fd1cd93375462f9c3945014b;0x64e8296d6851393380b0044399510b83486b14599b776ad58597ce65c8b2da89;0x74b7622d;0x34b282dcL;0.500000;1503174428;1503174429
0;96;8048;0xe1bffabc44f8d6f173a1bca131d137b9622714ded43659f90429fc1a3815db19;0x89b1bb0349c2fc1d4a5432baba348daffafcf3b2be7814eb53a2b8095c8a1cc0;0x1e5bda30;0x410fe8ceL;0.500000;1503174429;1503174429
0;96;8048;0xe1bffabc44f8d6f173a1bca131d137b9622714ded43659f90429fc1a3815db19;0x89b1bb0349c2fc1d4a5432baba348daffafcf3b2be7814eb53a2b8095c8a1cc0;0x1e5bda30;0x410fe8ceL;0.500000;1503174429;1503174430
0;96;8048;0x4fc9124ecfd6137f0b31980c15414bbe183b87d560e8bd295b29c1bb7dd19ecd;0xf1ae6901464451495ffdf7bb862b34ae9e390502aa738ddfbe003ef39eaa0602;0x420f1808;0xec009e2L;0.500000;1503174430;1503174430
0;96;8048;0x4fc9124ecfd6137f0b31980c15414bbe183b87d560e8bd295b29c1bb7dd19ecd;0xf1ae6901464451495ffdf7bb862b34ae9e390502aa738ddfbe003ef39eaa0602;0x420f1808;0xec009e2L;0.500000;1503174430;1503174431
0;96;8048;0x920e74d88ae2a042fb993a5cd234dab140698a7ecd975283d2d121464930f7db;0x2db2ae6497a40f10e42fb168d915601b6d5c897ae2bb6329089e24c1cbbc0d0b;0xd79cc6ce;0xce1f4956L;0.500000;1503174431;1503174431
0;96;8048;0x920e74d88ae2a042fb993a5cd234dab140698a7ecd975283d2d121464930f7db;0x2db2ae6497a40f10e42fb168d915601b6d5c897ae2bb6329089e24c1cbbc0d0b;0xd79cc6ce;0xce1f4956L;0.500000;1503174431;1503174432
0;96;8048;0x1a2bacd6fd904a59fcf1f178c4b70e5135c0e15e57bdbe0af041a70b7a75fd94;0x1b05b9e4cc3a8b4d57ddeba54eddacf97c4ac576e3a01e712ac5fc38501751e1;0x4782d764;0x825214f5L;0.500000;1503174432;1503174432
0;96;8048;0x1a2bacd6fd904a59fcf1f178c4b70e5135c0e15e57bdbe0af041a70b7a75fd94;0x1b05b9e4cc3a8b4d57ddeba54eddacf97c4ac576e3a01e712ac5fc38501751e1;0x4782d764;0x825214f5L;0.500000;1503174432;1503174433
0;96;8048;0x92649982437a6937b0e4c2cde02992331a464852a097eff18bd8aae724b095b7;0x34159e141385a529e8961033b8e12e4705a716ab9e151b1e6f5cec94cc7256ad;0x2857fd9d;0x4d664c30L;0.500000;1503174433;1503174433
