0;96;8048;0xee1395dc1708a584ee049f693f4b93a32b956cb7f042be7d617d3b6a86cf4374;0x48ab145da61567a74129c1b19c8b76bc4a17513232c6ec8609703313cd5f18cf;0xf81930f5;0x150281d8L;0.500000;1503164892;1503164892
0;96;8048;0xee1395dc1708a584ee049f693f4b93a32b956cb7f042be7d617d3b6a86cf4374;0x48ab145da61567a74129c1b19c8b76bc4a17513232c6ec8609703313cd5f18cf;0xf81930f5;0x150281d8L;0.500000;1503164892;1503164893
0;96;8048;0x4623fbe8f63f1c1e712352512c99a7eb85514726d7b95f3e9989de5220bc2267;0x43d4670ad17db9c3d60988527b05ab9cc16cfb6bec21677621d5d5bee521418a;0x7c5d04aa;0x60b78234L;0.500000;1503164893;1503164893
0;96;8048;0x4623fbe8f63f1c1e712352512c99a7eb85514726d7b95f3e9989de5220bc2267;0x43d4670ad17db9c3d60988527b05ab9cc16cfb6bec21677621d5d5bee521418a;0x7c5d04aa;0x60b78234L;0.500000;1503164893;1503164893
0;96;8048;0x4623fbe8f63f1c1e712352512c99a7eb85514726d7b95f3e9989de5220bc2267;0x43d4670ad17db9c3d60988527b05ab9cc16cfb6bec21677621d5d5bee521418a;0x7c5d04aa;0x60b78234L;0.500000;1503164893;1503164894
0;96;8048;0xc36dd4ad8da906d385f98ec257ab2d12442082c08d9b7043837bc490758caa38;0x3f1748458cbfc40c8bdc9a3b0889767552bb319a18db5043adba6577a191e592;0xa94fe01a;0x9f2349eL;0.500000;1503164894;1503164894
0;96;8048;0xc36dd4ad8da906d385f98ec257ab2d12442082c08d9b7043837bc490758caa38;0x3f1748458cbfc40c8bdc9a3b0889767552bb319a18db5043adba6577a191e592;0xa94fe01a;0x9f2349eL;0.500000;1503164894;1503164895
0;96;8048;0x538af3a2f85026cb7be70c041a5202f3208691543b12a1679baaffcac9ec241d;0xcfca0a4d6c6542f1cccc9b226590981f19923ef986a07c5801242da5fbab1b5c;0x31338e80;0x3b894810L;0.500000;1503164895;1503164895
0;96;8048;0x538af3a2f85026cb7be70c041a5202f3208691543b12a1679baaffcac9ec241d;0xcfca0a4d6c6542f1cccc9b226590981f19923ef986a07c5801242da5fbab1b5c;0x31338e80;0x3b894810L;0.500000;1503164895;1503164896
0;96;8048;0xbc6a7ce64726a3a20701a10098389341fa2a2ae2f8cf379c6ae03f0fb984e575;0xa50266b20623619dcc087fd6cc197c1105b808b23f8f8bc076baf7e9f2a4cf7d;0xaf0c0cff;0x1045696L;0.500000;1503164896;1503164896
0;96;8048;0xbc6a7ce64726a3a20701a10098389341fa2a2ae2f8cf379c6ae03f0fb984e575;0xa50266b20623619dcc087fd6cc197c1105b808b23f8f8bc076baf7e9f2a4cf7d;0xaf0c0cff;0x1045696L;0.500000;1503164896;1503164897
0;96;8048;0x4c37aae0e56dd7a5970d614183bc4cf98661dc3f1c8e3318d06b4c6cdd93e029;0x9db8694a2355ebac9aa37174904faaa3360696066eb874be13d76bd2b8c9e030;0xfe7b672f;0x4b20bb89L;0.500000;1503164897;1503164897
0;96;8048;0x4c37aae0e56dd7a5970d614183bc4cf98661dc3f1c8e3318d06b4c6cdd93e029;0x9db8694a2355ebac9aa37174904faaa3360696066eb874be13d76bd2b8c9e030;0xfe7b672f;0x4b20bb89L;0.500000;1503164897;1503164898
0;96;8048;0x5f2a1612f7bf5b9d251cde7ef517caa3bf37e56c9896ecc6064a89e47c3af7db;0x0fc2554878ced7d744bfa039f0175ad3a4c9bb19d22c8f556f72e53c7e8be72f;0xedcb1905;0x268f2405L;0.500000;1503164898;1503164898
0;96;8048;0x5f2a1612f7bf5b9d251cde7ef517caa3bf37e56c9896ecc6064a89e47c3af7db;0x0fc2554878ced7d744bfa039f0175ad3a4c9bb19d22c8f556f72e53c7e8be72f;0xedcb1905;0x268f2405L;0.500000;1503164898;1503164899
0;96;8048;0x6d6b5bf0062702daaf972362eba33fd307d2e1bd45d0f97d1bd16b54f9608867;0xf579cb2720399ff74c434d25c3784bb8fe47a4d326187852320f2f72c23e8ee2;0x2125a984;0x4003d99cL;0.500000;1503164899;1503164899
0;96;8048;0x6d6b5bf0062702daaf972362eba33fd307d2e1bd45d0f97d1bd16b54f9608867;0xf579cb2720399ff74c434d25c3784bb8fe47a4d326187852320f2f72c23e8ee2;0x2125a984;0x4003d99cL;0.500000;1503164899;1503164899
0;96;8048;0x6d6b5bf0062702daaf972362eba33fd307d2e1bd45d0f97d1bd16b54f9608867;0xf579cb2720399ff74c434d25c3784bb8fe47a4d326187852320f2f72c23e8ee2;0x2125a984;0x4003d99cL;0.500000;1503164900;1503164900
0;96;8048;0x99d143e8625154581228e4533676d68bd2fa1778056be4b9c3d15007385a6cd1;0xc6587375ef89932402a49e39957420f5acd1db080ebbdad95250c56e365e8daf;0x02c5f4b6;0x4f0993e1L;0.500000;1503164900;1503164900
0;96;8048;0x99d143e8625154581228e4533676d68bd2fa1778056be4b9c3d15007385a6cd1;0xc6587375ef89932402a49e39957420f5acd1db080ebbdad95250c56e365e8daf;0x02c5f4b6;0x4f0993e1L;0.500000;1503164900;1503164901
