0;96;8048;0xa70757eaca8b9af92e15c6b9fbe11c27bb021eb25574774d810d558e69a38211;0xbafb51a94cee123766c334b868606d0e42efa759e33abeda9c21e8bdfa36465d;0x14dbb4b9;0x60288032L;0.500000;1503186290;1503186290
0;96;8048;0xa70757eaca8b9af92e15c6b9fbe11c27bb021eb25574774d810d558e69a38211;0xbafb51a94cee123766c334b868606d0e42efa759e33abeda9c21e8bdfa36465d;0x14dbb4b9;0x60288032L;0.500000;1503186290;1503186291
0;96;8048;0x2a42d06c05cbec39942c0973b84dd09598f917d77a0623f554d3308c78bff0a2;0xc2980db7cf7c46a9455afb68bc6fce435ec9819f2b1f4955f3f96ac6c67a6572;0xde8e30f8;0x60129071L;0.500000;1503186291;1503186291
0;96;8048;0x2a42d06c05cbec39942c0973b84dd09598f917d77a0623f554d3308c78bff0a2;0xc2980db7cf7c46a9455afb68bc6fce435ec9819f2b1f4955f3f96ac6c67a6572;0xde8e30f8;0x60129071L;0.500000;1503186291;1503186291
0;96;8048;0x2a42d06c05cbec39942c0973b84dd09598f917d77a0623f554d3308c78bff0a2;0xc2980db7cf7c46a9455afb68bc6fce435ec9819f2b1f4955f3f96ac6c67a6572;0xde8e30f8;0x60129071L;0.500000;1503186292;1503186292
0;96;8048;0x07ea5ae3c6728f5115f32bc82e65ff09882b84479072e246479319edd0bacdd7;0x1f77d394d7254a17c4a14dccb0e01d79ebc381b402ce2c8e962f26297db7e3c1;0xdc22e5e9;0x4cb8016L;0.500000;1503186292;1503186292
0;96;8048;0x07ea5ae3c6728f5115f32bc82e65ff09882b84479072e246479319edd0bacdd7;0x1f77d394d7254a17c4a14dccb0e01d79ebc381b402ce2c8e962f26297db7e3c1;0xdc22e5e9;0x4cb8016L;0.500000;1503186292;1503186293
0;96;8048;0xdacc9a87ce1dd8f62b2392e414bbdb4f5c16709f2e088616ca629de7155427f0;0x1e1450898e3f6c84d3bda670293e1c76b75b5742b98ae53d65fe1b4fb82aa541;0x3b834952;0xd30122c0L;0.500000;1503186293;1503186293
0;96;8048;0xdacc9a87ce1dd8f62b2392e414bbdb4f5c16709f2e088616ca629de7155427f0;0x1e1450898e3f6c84d3bda670293e1c76b75b5742b98ae53d65fe1b4fb82aa541;0x3b834952;0xd30122c0L;0.500000;1503186293;1503186294
0;96;8048;0x9b2ef4eb5619ece3002301fd603e3a10662ab38b45a3f740a73072556ddc0508;0xb50b186367b70d21a49780cedcc2606fa86c4af24ab70ab745202eaf5100d32b;0x8380f778;0x1c2188d6L;0.500000;1503186294;1503186294
0;96;8048;0x9b2ef4eb5619ece3002301fd603e3a10662ab38b45a3f740a73072556ddc0508;0xb50b186367b70d21a49780cedcc2606fa86c4af24ab70ab745202eaf5100d32b;0x8380f778;0x1c2188d6L;0.500000;1503186294;1503186295
0;96;8048;0xfc83530b45391352334ad6e066bfe07fb7f7ca71e4fe450ed33102c305313101;0x786555540d4cf1b639120afacfcdb4a7419a2dd4187735c1b53e92fb97917d65;0xb4eb16ba;0xb0404038L;0.500000;1503186295;1503186295
0;96;8048;0xfc83530b45391352334ad6e066bfe07fb7f7ca71e4fe450ed33102c305313101;0x786555540d4cf1b639120afacfcdb4a7419a2dd4187735c1b53e92fb97917d65;0xb4eb16ba;0xb0404038L;0.500000;1503186295;1503186296
0;96;8048;0xefae2591dce0a964110ce1a5aadb2e77a0d6bcc9e9c99a2e42f868ae49d93638;0x0add2b040f493e7d4b8598d5b5d5fc88535a9b615d94a60be857dbd5f6d0a403;0x769b47c7;0x5d89475dL;0.500000;1503186296;1503186296
0;96;8048;0xefae2591dce0a964110ce1a5aadb2e77a0d6bcc9e9c99a2e42f868ae49d93638;0x0add2b040f493e7d4b8598d5b5d5fc88535a9b615d94a60be857dbd5f6d0a403;0x769b47c7;0x5d89475dL;0.500000;1503186296;1503186296
0;96;8048;0xefae2591dce0a964110ce1a5aadb2e77a0d6bcc9e9c99a2e42f868ae49d93638;0x0add2b040f493e7d4b8598d5b5d5fc88535a9b615d94a60be857dbd5f6d0a403;0x769b47c7;0x5d89475dL;0.500000;1503186297;1503186297
0;96;8048;0x45842dd7ac705ef82507cf26d628a0a63447d260507820b3dc05561a4612908b;0xa29d1ba0b3228547aad1ff6b81f0dd986421af747db8d394b7793c2e4cfef574;0xb6cd70e4;0x950861bL;0.500000;1503186297;1503186297
0;96;8048;0x45842dd7ac705ef82507cf26d628a0a63447d260507820b3dc05561a4612908b;0xa29d1ba0b3228547aad1ff6b81f0dd986421af747db8d394b7793c2e4cfef574;0xb6cd70e4;0x950861bL;0.500000;1503186297;1503186298
0;96;8048;0x47721fa842ec1fe790f45d83d142b52d070cc31a6badc309f83d66f50388464a;0x7246c46c3a4d2b569328a325410ecd33fcb3340cff01bc7a3c914958ce88ff85;0xf90c093d;0x48a71805L;0.500000;1503186298;1503186298
0;96;8048;0x47721fa842ec1fe790f45d83d142b52d070cc31a6badc309f83d66f50388464a;0x7246c46c3a4d2b569328a325410ecd33fcb3340cff01bc7a3c914958ce88ff85;0xf90c093d;0x48a71805L;0.500000;1503186298;1503186299
