0;96;8048;0x3c2b054fbbbeabd9896ee0096f17923cc1c3e56b59a3a5ced841be1e4b4b5f87;0xa8fff7b17e6444c2d9934a2e8123a2245c1d17d87bd5d9f7f1169caf944b5e67;0x64dd43c9;0x904e9b9bL;0.500000;1503140933;1503140934
0;96;8048;0x897a34bae04c744157941b3d19aa8aae1bbf7cbfcbe7f1c280d782aef90d1482;0x5ddee23a25e556b91e0d4f020c621293c6971e51752bc11de4dc0674c7ac5c92;0x352f32d8;0x3eaf2df1L;0.500000;1503140934;1503140934
0;96;8048;0x897a34bae04c744157941b3d19aa8aae1bbf7cbfcbe7f1c280d782aef90d1482;0x5ddee23a25e556b91e0d4f020c621293c6971e51752bc11de4dc0674c7ac5c92;0x352f32d8;0x3eaf2df1L;0.500000;1503140934;1503140935
0;96;8048;0xc9a433aa8b624be1876f0a8294988ba7bb0c8d7836f583d516cbc7547a897d43;0x329f219926807a105dcf96382d6fff7a079c28d6b7fa071dbf577d4edfb20ed3;0x6ee27bac;0x815fe440L;0.500000;1503140935;1503140935
0;96;8048;0xc9a433aa8b624be1876f0a8294988ba7bb0c8d7836f583d516cbc7547a897d43;0x329f219926807a105dcf96382d6fff7a079c28d6b7fa071dbf577d4edfb20ed3;0x6ee27bac;0x815fe440L;0.500000;1503140935;1503140936
0;96;8048;0x564a63985dd0328781f568c1686d693be5e9abb9daff01350f41821fa90a4dff;0x67b0addac82ff43f01e494c73627fb0a8e38226d549f420889c4e73a9950192b;0xc94f2127;0x5362d671L;0.500000;1503140936;1503140936
0;96;8048;0x564a63985dd0328781f568c1686d693be5e9abb9daff01350f41821fa90a4dff;0x67b0addac82ff43f01e494c73627fb0a8e38226d549f420889c4e73a9950192b;0xc94f2127;0x5362d671L;0.500000;1503140936;1503140936
0;96;8048;0x564a63985dd0328781f568c1686d693be5e9abb9daff01350f41821fa90a4dff;0x67b0addac82ff43f01e494c73627fb0a8e38226d549f420889c4e73a9950192b;0xc94f2127;0x5362d671L;0.500000;1503140936;1503140937
0;96;8048;0x2ca2536002a072ecf48923afa660744179fae75eff90c3dd9fc0b8d0126b4d3e;0xa0b26f996cb4aca8d9d13d60af5097a49c24ac40c4808fb8e94226b0bba43490;0x7ba62942;0x5c598402L;0.500000;1503140937;1503140937
0;96;8048;0x2ca2536002a072ecf48923afa660744179fae75eff90c3dd9fc0b8d0126b4d3e;0xa0b26f996cb4aca8d9d13d60af5097a49c24ac40c4808fb8e94226b0bba43490;0x7ba62942;0x5c598402L;0.500000;1503140937;1503140938
0;96;8048;0x5eceb686441050d7299f1304de95d808c637154340df15b94cfd6e992d39e28b;0x7dcdf76aa49cccca07ffc56711477ad1d0aa64fccce5eb6c40bfda802a92869e;0x67bd7359;0x59822473L;0.500000;1503140938;1503140938
0;96;8048;0x5eceb686441050d7299f1304de95d808c637154340df15b94cfd6e992d39e28b;0x7dcdf76aa49cccca07ffc56711477ad1d0aa64fccce5eb6c40bfda802a92869e;0x67bd7359;0x59822473L;0.500000;1503140938;1503140939
0;96;8048;0xd176a13282a4d453bfc42e80aa4b43f2e33c632e309bcec342decdc99320ef64;0x93c1364cc990ee1e290b1a0a11b9c8da5a1addccebc97bd4675926f902eb372f;0x3a4cb0bd;0x44283382L;0.500000;1503140939;1503140939
0;96;8048;0xd176a13282a4d453bfc42e80aa4b43f2e33c632e309bcec342decdc99320ef64;0x93c1364cc990ee1e290b1a0a11b9c8da5a1addccebc97bd4675926f902eb372f;0x3a4cb0bd;0x44283382L;0.500000;1503140939;1503140940
0;96;8048;0x0b3a859d075375da73d25612e319fe2d11aa753b79db2ac6d0c80292d65eb8e1;0xdb2d21569c6a3a207bff11ea94aff8151dae51e62ac815a16c166be1f92e3edb;0x17eea997;0x8009c793L;0.500000;1503140940;1503140940
0;96;8048;0x0b3a859d075375da73d25612e319fe2d11aa753b79db2ac6d0c80292d65eb8e1;0xdb2d21569c6a3a207bff11ea94aff8151dae51e62ac815a16c166be1f92e3edb;0x17eea997;0x8009c793L;0.500000;1503140940;1503140941
0;96;8048;0xa94073e6f36e1f048df456d66c861efed29b223368d126f7d3856cbc7fc08529;0x26393602087426e2e30b6bf24477d41e5f0e4cd8e4c4108e2b9f0d2e5861dfbc;0x7cd2c5d7;0x62f404c0L;0.500000;1503140941;1503140941
0;96;8048;0xa94073e6f36e1f048df456d66c861efed29b223368d126f7d3856cbc7fc08529;0x26393602087426e2e30b6bf24477d41e5f0e4cd8e4c4108e2b9f0d2e5861dfbc;0x7cd2c5d7;0x62f404c0L;0.500000;1503140941;1503140942
0;96;8048;0xaa6a1b31f212abf727dab0b420d88a17574897e5d5dd767539c13ca5d8818d83;0x322d53fc763e4e36bb782debd16057b9320f8caedceb4d86976bc198eb1f472c;0xeddced34;0x782b909bL;0.500000;1503140942;1503140942
0;96;8048;0xaa6a1b31f212abf727dab0b420d88a17574897e5d5dd767539c13ca5d8818d83;0x322d53fc763e4e36bb782debd16057b9320f8caedceb4d86976bc198eb1f472c;0xeddced34;0x782b909bL;0.500000;1503140942;1503140943
