0;96;8048;0xb29de407260553c3f0f4627c54aab7f77ae43dcb8b9d4751d97cd44a5833ee0b;0xe4e861348887c301bfce878ffbcde8d2195a221faa44400d9eb10434a57388be;0x097608c3;0x601a0aaL;0.500000;1503114253;1503114253
0;96;8048;0xb29de407260553c3f0f4627c54aab7f77ae43dcb8b9d4751d97cd44a5833ee0b;0xe4e861348887c301bfce878ffbcde8d2195a221faa44400d9eb10434a57388be;0x097608c3;0x601a0aaL;0.500000;1503114253;1503114254
0;96;8048;0xa525203ac2240a5f35cf646f0688f0f451f157dbf53615ef6f8b156d976e2d3c;0x03ed8d7d35a3c4ffe60ce31b9342cbcedc4d5a7bfb731640f7c6b441b1d07119;0x76c5d81d;0x310ad698L;0.500000;1503114254;1503114254
0;96;8048;0xa525203ac2240a5f35cf646f0688f0f451f157dbf53615ef6f8b156d976e2d3c;0x03ed8d7d35a3c4ffe60ce31b9342cbcedc4d5a7bfb731640f7c6b441b1d07119;0x76c5d81d;0x310ad698L;0.500000;1503114254;1503114255
0;96;8048;0x40a5d1fb0202721cea7d51cd2d150a4d4d7d8e512d17a2ad07454bdbeab19c2b;0x0969c9cd21185884e7eda4f003ae1f9fee8dcd497414422722f383fc96d9fd49;0x063bb211;0xa806adcL;0.500000;1503114255;1503114255
0;96;8048;0x40a5d1fb0202721cea7d51cd2d150a4d4d7d8e512d17a2ad07454bdbeab19c2b;0x0969c9cd21185884e7eda4f003ae1f9fee8dcd497414422722f383fc96d9fd49;0x063bb211;0xa806adcL;0.500000;1503114255;1503114256
0;96;8048;0x47182a70d8990e59a1eba85a22c5325cf2594b4e698e1018560aa38d18e0465f;0x4d82337ce4804321da5b4cde7f810cdcb3ff4ae1a42d75367b840e495aa9a9b6;0xaabe0f91;0x1a66f242L;0.500000;1503114256;1503114257
0;96;8048;0x7dc1eae7d1971c56b7ea65893fa6b94130d155b2b12588448b52ecc2af527d2d;0x29bab8673e8d05723a9e5fc1d2002e96bcf390833a6dd518e73e3df723fb3d6f;0x493f3c69;0x9801048eL;0.500000;1503114257;1503114257
0;96;8048;0x7dc1eae7d1971c56b7ea65893fa6b94130d155b2b12588448b52ecc2af527d2d;0x29bab8673e8d05723a9e5fc1d2002e96bcf390833a6dd518e73e3df723fb3d6f;0x493f3c69;0x9801048eL;0.500000;1503114257;1503114258
0;96;8048;0x7b1887450545ebcae648631ef813fdb1a30dadbe6a817c8b26d6fb464b4042c6;0x83da1a8fe9500c9b8960d670db6cf35855244a0469edc255a9906bf97bf3c1f1;0x6c2d8d11;0xc4935852L;0.500000;1503114258;1503114258
0;96;8048;0x7b1887450545ebcae648631ef813fdb1a30dadbe6a817c8b26d6fb464b4042c6;0x83da1a8fe9500c9b8960d670db6cf35855244a0469edc255a9906bf97bf3c1f1;0x6c2d8d11;0xc4935852L;0.500000;1503114258;1503114259
0;96;8048;0x515f751da1f9ffaf917b0eb347f4115567aa283f129f509e3051b7edc7ac3018;0x22058018c732407c5bc14064a17e56c81ad9fcb3480ab7e4384a4f281f787876;0xc103c4f6;0xa4c041faL;0.500000;1503114259;1503114259
0;96;8048;0x515f751da1f9ffaf917b0eb347f4115567aa283f129f509e3051b7edc7ac3018;0x22058018c732407c5bc14064a17e56c81ad9fcb3480ab7e4384a4f281f787876;0xc103c4f6;0xa4c041faL;0.500000;1503114259;1503114260
0;96;8048;0x315bd8756812e2aae8e602810cbf93ba4873b279445078ecc5b34bf3302b3d61;0x408b65bb1744097130e73679eb06c2f51c4df69e4c23b3423060c8d0be48bb30;0xba3e9674;0x1259cc52L;0.500000;1503114260;1503114260
0;96;8048;0x315bd8756812e2aae8e602810cbf93ba4873b279445078ecc5b34bf3302b3d61;0x408b65bb1744097130e73679eb06c2f51c4df69e4c23b3423060c8d0be48bb30;0xba3e9674;0x1259cc52L;0.500000;1503114260;1503114261
0;96;8048;0x26b894b13f0de27d4341e724c2fd407a54cb232659436b4fa3202d1baafde4d1;0x1644a8b5ada463244e3ef724eb871642e3a430baa128690ab2827b1fd8facddc;0xfb7221b8;0x56061933L;0.500000;1503114261;1503114261
0;96;8048;0x26b894b13f0de27d4341e724c2fd407a54cb232659436b4fa3202d1baafde4d1;0x1644a8b5ada463244e3ef724eb871642e3a430baa128690ab2827b1fd8facddc;0xfb7221b8;0x56061933L;0.500000;1503114261;1503114262
0;96;8048;0x0d8f577c283a18c6c1b8bbffdd2b73289530a47a16d48e6ab2e03f094c33ca59;0x5caaa3e90c68af0182e9f9d828e50d70a3b3207305e31fe6915a60002ae78f55;0x98c78283;0x948c24dcL;0.500000;1503114262;1503114262
0;96;8048;0x0d8f577c283a18c6c1b8bbffdd2b73289530a47a16d48e6ab2e03f094c33ca59;0x5caaa3e90c68af0182e9f9d828e50d70a3b3207305e31fe6915a60002ae78f55;0x98c78283;0x948c24dcL;0.500000;1503114262;1503114263
0;96;8048;0x34fe603d0dabf6006088024c9259cf6fc33d44b76596c862e84834020b8bee3f;0xeb5f8f07fb06be4b0eb7ce96d26d434ae2da73d83a9f8770990385f81cfe191a;0x10d2af12;0x35d6e8a3L;0.500000;1503114263;1503114263
