0;96;8048;0x4a8ecf6f9824092638f698c9efc96b0c00dc16db85dcfadcb283325624e6886f;0x66986b9aa5e8440119b7f53527ed479d383ae4efedb88e6f684d74841d7d319e;0x04fa90f8;0xe1018288L;0.500000;1503130751;1503130751
0;96;8048;0x4a8ecf6f9824092638f698c9efc96b0c00dc16db85dcfadcb283325624e6886f;0x66986b9aa5e8440119b7f53527ed479d383ae4efedb88e6f684d74841d7d319e;0x04fa90f8;0xe1018288L;0.500000;1503130751;1503130752
0;96;8048;0xe407fb26109173a9ef7bae71345164ca34b136f8a23d058a0b95f89323da3607;0x14cfe361cc325b37d7be937c6aaa4fb4f05113c28b1558a2a48b487c87364797;0xa9727f02;0x40018de2L;0.500000;1503130752;1503130752
0;96;8048;0xe407fb26109173a9ef7bae71345164ca34b136f8a23d058a0b95f89323da3607;0x14cfe361cc325b37d7be937c6aaa4fb4f05113c28b1558a2a48b487c87364797;0xa9727f02;0x40018de2L;0.500000;1503130752;1503130753
0;96;8048;0xd7b229180b05d738f94608e3fa9c48008990089a3c56a979cd0281a198cf8070;0xa3c11534a82a50452351ff49012a4469b5ffb7e2275280697aee7666caaefc5f;0x05e69cce;0xf3194024L;0.500000;1503130753;1503130753
0;96;8048;0xd7b229180b05d738f94608e3fa9c48008990089a3c56a979cd0281a198cf8070;0xa3c11534a82a50452351ff49012a4469b5ffb7e2275280697aee7666caaefc5f;0x05e69cce;0xf3194024L;0.500000;1503130753;1503130754
0;96;8048;0x0b9e839f8efc6c209f13e25788953c0a9be24b4443c8b5cc7d9a762b6eebba79;0xced94a77498528d743cfdb266c87c665688a9b9d659239fca90c66741da15733;0x84f4fa50;0x72332a06L;0.500000;1503130754;1503130754
0;96;8048;0x0b9e839f8efc6c209f13e25788953c0a9be24b4443c8b5cc7d9a762b6eebba79;0xced94a77498528d743cfdb266c87c665688a9b9d659239fca90c66741da15733;0x84f4fa50;0x72332a06L;0.500000;1503130754;1503130755
0;96;8048;0xeda82aadeb3c4a54469b684b6a56be60f5c227ca08a7f1440ff5918f14974001;0x951d55c6575a644ce8c7e8735e4e4845a913ccb9201c783c3fa8dd13a623b2fc;0x17dd6d6d;0x42441220L;0.500000;1503130755;1503130755
0;96;8048;0xeda82aadeb3c4a54469b684b6a56be60f5c227ca08a7f1440ff5918f14974001;0x951d55c6575a644ce8c7e8735e4e4845a913ccb9201c783c3fa8dd13a623b2fc;0x17dd6d6d;0x42441220L;0.500000;1503130755;1503130756
0;96;8048;0x1cfc3ba3c3ad99e38f3ace176347dc5b9c772a6c7ddfec2fb046cdce0017db1d;0x3c392e61429942300c5e1a2ccd4b38ae6fa129680924351d6dbc569e74537436;0x1c41e023;0xc141a5f3L;0.500000;1503130756;1503130756
0;96;8048;0x1cfc3ba3c3ad99e38f3ace176347dc5b9c772a6c7ddfec2fb046cdce0017db1d;0x3c392e61429942300c5e1a2ccd4b38ae6fa129680924351d6dbc569e74537436;0x1c41e023;0xc141a5f3L;0.500000;1503130756;1503130757
0;96;8048;0xf704fce690337ed37a93a46250336b36e86f6d079206c73eadc671e5f0131fe8;0x6ff0f7438a0fe96b3e7e920cbb0cd64309d78b27abbbf7c65a4f1ec9a02707aa;0x5150c669;0x5da55f98L;0.500000;1503130757;1503130757
0;96;8048;0xf704fce690337ed37a93a46250336b36e86f6d079206c73eadc671e5f0131fe8;0x6ff0f7438a0fe96b3e7e920cbb0cd64309d78b27abbbf7c65a4f1ec9a02707aa;0x5150c669;0x5da55f98L;0.500000;1503130757;1503130758
0;96;8048;0x02773ece7b415d91500e95a927ec86567b8c6167209b578cfec916d4187b061b;0xae6c1786e496c238782608a5f0d8b4252a78641061d579d068766d5ce2ec1f51;0x846b5ece;0x81018832L;0.500000;1503130758;1503130758
0;96;8048;0x02773ece7b415d91500e95a927ec86567b8c6167209b578cfec916d4187b061b;0xae6c1786e496c238782608a5f0d8b4252a78641061d579d068766d5ce2ec1f51;0x846b5ece;0x81018832L;0.500000;1503130758;1503130759
0;96;8048;0x287a4877cc93076f7bc65f6edaa5bd92c41b2c0f45ac539de7c1c4aeec9cad14;0xf08b8707ae486e28aff9dd6abd464188ff4f515445e9e23346644ac4127aed97;0x7938e68f;0xa14004c8L;0.500000;1503130759;1503130759
0;96;8048;0x287a4877cc93076f7bc65f6edaa5bd92c41b2c0f45ac539de7c1c4aeec9cad14;0xf08b8707ae486e28aff9dd6abd464188ff4f515445e9e23346644ac4127aed97;0x7938e68f;0xa14004c8L;0.500000;1503130759;1503130760
0;96;8048;0x91142cdd084e22a5432d229c2bd37a311a492f04686bb3cc42f738ab18e2eaa9;0x417ff68a222b3f2840e2eaf42b9064d3606af556b0317109bb1f2f55aea84f37;0x729f078b;0x3c8c2498L;0.500000;1503130760;1503130760
0;96;8048;0x91142cdd084e22a5432d229c2bd37a311a492f04686bb3cc42f738ab18e2eaa9;0x417ff68a222b3f2840e2eaf42b9064d3606af556b0317109bb1f2f55aea84f37;0x729f078b;0x3c8c2498L;0.500000;1503130760;1503130761
