0;96;8048;0x54c9b9f371a959dae4004597f7c88fa28b812ff8d4680dbc220ab981987d29ec;0x554c135c11143260c4ce23614332a261aa6ed92707e6d9d7e0ebd53022d12ce1;0x35739efa;0xd13e4890L;0.500000;1503240957;1503240957
0;96;8048;0x54c9b9f371a959dae4004597f7c88fa28b812ff8d4680dbc220ab981987d29ec;0x554c135c11143260c4ce23614332a261aa6ed92707e6d9d7e0ebd53022d12ce1;0x35739efa;0xd13e4890L;0.500000;1503240957;1503240958
0;96;8048;0x05c2a79148ce6a6bae1d91bec67902286f0b7c7b8670fc54c26098079b3d16a1;0xaf9e6098272a66acdf4f2fc1e8e349718507eccd3be946a83d5254f3b8d512b3;0x61037091;0xc0da01caL;0.500000;1503240958;1503240958
0;96;8048;0x05c2a79148ce6a6bae1d91bec67902286f0b7c7b8670fc54c26098079b3d16a1;0xaf9e6098272a66acdf4f2fc1e8e349718507eccd3be946a83d5254f3b8d512b3;0x61037091;0xc0da01caL;0.500000;1503240958;1503240959
0;96;8048;0x1425846cf90472e076b18b62883259d402c505d33c6f101b32d8ae12f249dd06;0x6c89c7ce1222334653bf7c0acde719e5e5402d371e8e1ba26fa23d954eff8da8;0x79ab0a25;0xde995190L;0.500000;1503240959;1503240959
0;96;8048;0x1425846cf90472e076b18b62883259d402c505d33c6f101b32d8ae12f249dd06;0x6c89c7ce1222334653bf7c0acde719e5e5402d371e8e1ba26fa23d954eff8da8;0x79ab0a25;0xde995190L;0.500000;1503240959;1503240960
0;96;8048;0x84f3b1a0be3ffee7759519709c40f73d6784ede44408cf875291e3e6d4375e59;0x1dee3be098b024ff4036f13e035e3bda77dd054b421e60e6ba58a095c04399ee;0x371d946a;0x21f97891L;0.500000;1503240960;1503240960
0;96;8048;0x84f3b1a0be3ffee7759519709c40f73d6784ede44408cf875291e3e6d4375e59;0x1dee3be098b024ff4036f13e035e3bda77dd054b421e60e6ba58a095c04399ee;0x371d946a;0x21f97891L;0.500000;1503240960;1503240961
0;96;8048;0xebe15f0d8f435ff6e154854f6b694544d4915ea173f2295906cb8295c1e947ac;0xb176fc0ac221010971ef89d3cedcd4bbf66ab13d9b1badb11769592bfebf92fe;0xb995a532;0x4c09c045L;0.500000;1503240961;1503240961
0;96;8048;0xebe15f0d8f435ff6e154854f6b694544d4915ea173f2295906cb8295c1e947ac;0xb176fc0ac221010971ef89d3cedcd4bbf66ab13d9b1badb11769592bfebf92fe;0xb995a532;0x4c09c045L;0.500000;1503240961;1503240962
0;96;8048;0x7ffff8f63802fdda047662d562ce69b3bec3d213e8b9dcf5a84fb614bbf0573b;0x5be0a59079302a3a7097ecd9d848c145c692a454a28c686befa4a81da9c9ba71;0x28c8c4f8;0xf55909e2L;0.500000;1503240962;1503240962
0;96;8048;0x7ffff8f63802fdda047662d562ce69b3bec3d213e8b9dcf5a84fb614bbf0573b;0x5be0a59079302a3a7097ecd9d848c145c692a454a28c686befa4a81da9c9ba71;0x28c8c4f8;0xf55909e2L;0.500000;1503240962;1503240963
0;96;8048;0x322e62fc596788766beb40b9a619f0481c38c702884377bfc435d63a11684143;0x436c215cbad18803d0e3b3f3a6907b465788a893b12cb5a779239980ea2fb622;0x01463159;0xe205920cL;0.500000;1503240963;1503240963
0;96;8048;0x322e62fc596788766beb40b9a619f0481c38c702884377bfc435d63a11684143;0x436c215cbad18803d0e3b3f3a6907b465788a893b12cb5a779239980ea2fb622;0x01463159;0xe205920cL;0.500000;1503240963;1503240964
0;96;8048;0xac844d40a1e8b0024cb8620b98cfb55fb6710a1c967a301b27ba5a2d89525a35;0x0f4d26381f692df10570e075896a0580fc45c544b44a234fd710a2a58c411f4f;0x1fa7b09f;0x194fc314L;0.500000;1503240964;1503240964
0;96;8048;0xac844d40a1e8b0024cb8620b98cfb55fb6710a1c967a301b27ba5a2d89525a35;0x0f4d26381f692df10570e075896a0580fc45c544b44a234fd710a2a58c411f4f;0x1fa7b09f;0x194fc314L;0.500000;1503240964;1503240964
0;96;8048;0xa9aabe9348613a14e69c938b88f633e4ec5001566521e63201926f992bc1c2d4;0xcfc000fca74fc6e96ca0c0228373877a2c6408229713d335bec19874bf08e8e8;0x5704b6ab;0xabe01430L;0.500000;1503240965;1503240965
0;96;8048;0xa9aabe9348613a14e69c938b88f633e4ec5001566521e63201926f992bc1c2d4;0xcfc000fca74fc6e96ca0c0228373877a2c6408229713d335bec19874bf08e8e8;0x5704b6ab;0xabe01430L;0.500000;1503240965;1503240965
0;96;8048;0xa9aabe9348613a14e69c938b88f633e4ec5001566521e63201926f992bc1c2d4;0xcfc000fca74fc6e96ca0c0228373877a2c6408229713d335bec19874bf08e8e8;0x5704b6ab;0xabe01430L;0.500000;1503240965;1503240966
0;96;8048;0x9f6ed03021a690afb27b593118beb0e1841a710bce61c45d7c557818da2cf879;0x5b2bef4b526cb129789f6ae87efa39b6c12f3076b14826a48de1b19a13ac73f3;0x2643e77e;0x23d87398L;0.500000;1503240966;1503240966
