0;96;8048;0xa61845fa4306d15ee583263e6aa1600402d9db7f17bb839f6c58ae29d18d3a77;0x02288c6f1ce42961e49b953a3e2068bbe50a29a678bc75a323549418b07ef3b4;0x7fc23397;0x4ea0c6caL;0.500000;1503200565;1503200565
0;96;8048;0xa61845fa4306d15ee583263e6aa1600402d9db7f17bb839f6c58ae29d18d3a77;0x02288c6f1ce42961e49b953a3e2068bbe50a29a678bc75a323549418b07ef3b4;0x7fc23397;0x4ea0c6caL;0.500000;1503200566;1503200566
0;96;8048;0x74021fd9a7256dabf0d30a69760ca5a89babb7a07dda163cebdda1b973920de7;0x433a25069febb4ac288af5bf061d328c581f3f7804c23251f6d444923ee44fbd;0x2a25b55d;0x66753b56L;0.500000;1503200566;1503200567
0;96;8048;0x4b5c608a2c6d49fb57eb9d1391d58af9ab631980b14508c3904949ccd9826f24;0x7ebe4588e7955b3b2a9197fd0b3e9a9056d69a660f028fb7ee821954aeeff19e;0x5e595ffd;0x2621a146L;0.500000;1503200567;1503200567
0;96;8048;0x4b5c608a2c6d49fb57eb9d1391d58af9ab631980b14508c3904949ccd9826f24;0x7ebe4588e7955b3b2a9197fd0b3e9a9056d69a660f028fb7ee821954aeeff19e;0x5e595ffd;0x2621a146L;0.500000;1503200567;1503200568
0;96;8048;0xbfab7fa48f44eaa2757f40e78e83db2f19581538f7be0df7b283596c0c234dcc;0xb366fe5242f00e2996f680baed4f128d8b00a20a49e20c0e1c90ffcc32dbc1f4;0x7e22b733;0x568206e8L;0.500000;1503200568;1503200568
0;96;8048;0xbfab7fa48f44eaa2757f40e78e83db2f19581538f7be0df7b283596c0c234dcc;0xb366fe5242f00e2996f680baed4f128d8b00a20a49e20c0e1c90ffcc32dbc1f4;0x7e22b733;0x568206e8L;0.500000;1503200568;1503200569
0;96;8048;0x7ef07a9b301563da5e85c98c9fe4277ae0a3b710315517db4e52257cbef1ef3c;0x407b319d002f8746fe1684d387e4f213d3527f524f50f5110fd85cd6a8b44dce;0x433f7dd5;0x51b10d6L;0.500000;1503200569;1503200569
0;96;8048;0x7ef07a9b301563da5e85c98c9fe4277ae0a3b710315517db4e52257cbef1ef3c;0x407b319d002f8746fe1684d387e4f213d3527f524f50f5110fd85cd6a8b44dce;0x433f7dd5;0x51b10d6L;0.500000;1503200569;1503200570
0;96;8048;0x94fcb4005e804b52a809061fa3d6f4a23bea54fa6d2bc7bc44548c5027b746bc;0x16aed4d4e0e90d77e21d2ddf49c8f1107b8813c3aed53b2b569638de561123bc;0x78ba3f63;0x49968ad2L;0.500000;1503200570;1503200570
0;96;8048;0x94fcb4005e804b52a809061fa3d6f4a23bea54fa6d2bc7bc44548c5027b746bc;0x16aed4d4e0e90d77e21d2ddf49c8f1107b8813c3aed53b2b569638de561123bc;0x78ba3f63;0x49968ad2L;0.500000;1503200570;1503200571
0;96;8048;0xb1c0874be366973d77e468ecb5b0e8b29c3772d91b68ded5ccef611a9e2a1850;0xb18931592c75cf86e70760f16f1abcf46dda5fd4428415a24936165cb729afc6;0x806d2ce8;0x1b01a023L;0.500000;1503200571;1503200571
0;96;8048;0xb1c0874be366973d77e468ecb5b0e8b29c3772d91b68ded5ccef611a9e2a1850;0xb18931592c75cf86e70760f16f1abcf46dda5fd4428415a24936165cb729afc6;0x806d2ce8;0x1b01a023L;0.500000;1503200571;1503200571
0;96;8048;0xb1c0874be366973d77e468ecb5b0e8b29c3772d91b68ded5ccef611a9e2a1850;0xb18931592c75cf86e70760f16f1abcf46dda5fd4428415a24936165cb729afc6;0x806d2ce8;0x1b01a023L;0.500000;1503200572;1503200572
0;96;8048;0xe8abbb261b127fcc13698113b1d3486215486ecf482816b5dd39ac76532cbb3b;0x9c113a53c296a5678bc1d8503ea097223328ee98322fee3877f609769dbcaf17;0x7f0358eb;0x901e198L;0.500000;1503200572;1503200572
0;96;8048;0xe8abbb261b127fcc13698113b1d3486215486ecf482816b5dd39ac76532cbb3b;0x9c113a53c296a5678bc1d8503ea097223328ee98322fee3877f609769dbcaf17;0x7f0358eb;0x901e198L;0.500000;1503200572;1503200573
0;96;8048;0xc7a555210e9f23208e27c20bbd6cfd4e25339502c6c5478bece963dc465ccc0d;0xbdcab2c2754ad8245fc4842ca84fe84fca95786d4f8056d842120fa4f717da5d;0x74539368;0xe9cee6f1L;0.500000;1503200573;1503200573
0;96;8048;0xc7a555210e9f23208e27c20bbd6cfd4e25339502c6c5478bece963dc465ccc0d;0xbdcab2c2754ad8245fc4842ca84fe84fca95786d4f8056d842120fa4f717da5d;0x74539368;0xe9cee6f1L;0.500000;1503200573;1503200574
0;96;8048;0x4907fa3322ea98c6878a626e27f560c9cd0815360d754703b213ff2b91fb16da;0x9700a82d34a630619810d4bf1f36d66932f251b1f25ea08f59d951b09c324552;0xe5dcc500;0x4185152L;0.500000;1503200574;1503200574
0;96;8048;0x4907fa3322ea98c6878a626e27f560c9cd0815360d754703b213ff2b91fb16da;0x9700a82d34a630619810d4bf1f36d66932f251b1f25ea08f59d951b09c324552;0xe5dcc500;0x4185152L;0.500000;1503200574;1503200575
