0;96;8048;0x164f3f437227664530160a7a63c6f28e8112a87fb12c9307fbd3bde159fda96f;0x68803d7a02e5a2d6ea4d5e1fb34fbfa54bd9f0c5b7a1c42952f5d531226b2899;0x5a199bba;0x60b044eL;0.500000;1503077629;1503077630
0;96;8048;0x5e102aa5864a9ef5eb740be4f07584fafc71ecc7d7699d5200a6d3ba91a276ef;0x4bcf09fb3382542507f177170d2f838ecace926b9d8b31455f197d071834d093;0x7d75d3ee;0x8c12f401L;0.500000;1503077630;1503077630
0;96;8048;0x5e102aa5864a9ef5eb740be4f07584fafc71ecc7d7699d5200a6d3ba91a276ef;0x4bcf09fb3382542507f177170d2f838ecace926b9d8b31455f197d071834d093;0x7d75d3ee;0x8c12f401L;0.500000;1503077630;1503077631
0;96;8048;0x7466a2a92da335c7c46c27b981aa1f1b2b8e7c4ca171090eb00fd1df56aec5ca;0x6566c940b9a5494b258bc71ca73d35f6e58c2185b81fa024ffd4c8a8d13c54b9;0xaf5db06d;0x45e1b22aL;0.500000;1503077631;1503077631
0;96;8048;0x7466a2a92da335c7c46c27b981aa1f1b2b8e7c4ca171090eb00fd1df56aec5ca;0x6566c940b9a5494b258bc71ca73d35f6e58c2185b81fa024ffd4c8a8d13c54b9;0xaf5db06d;0x45e1b22aL;0.500000;1503077631;1503077632
0;96;8048;0x1413ae5978e4a0d640815836c3549e9531e75e7fb476b2f8fec2019e28039f3c;0x7a447203402a5df8cd4a9677476ba1d21d780b49115dc16e5dc53fee3795d8b1;0xbd5129d9;0x24166e1L;0.500000;1503077632;1503077632
0;96;8048;0x1413ae5978e4a0d640815836c3549e9531e75e7fb476b2f8fec2019e28039f3c;0x7a447203402a5df8cd4a9677476ba1d21d780b49115dc16e5dc53fee3795d8b1;0xbd5129d9;0x24166e1L;0.500000;1503077632;1503077633
0;96;8048;0xbcc425cf34b15a30753855f9ca6bb818ae6fa5696263bc5c71e493ec15c7a9d1;0x339e5c99f912593ba76ee6362cc89be65b989c4ebe66a57702015b66ebe9ff07;0xc5612c54;0x4a028572L;0.500000;1503077633;1503077633
0;96;8048;0xbcc425cf34b15a30753855f9ca6bb818ae6fa5696263bc5c71e493ec15c7a9d1;0x339e5c99f912593ba76ee6362cc89be65b989c4ebe66a57702015b66ebe9ff07;0xc5612c54;0x4a028572L;0.500000;1503077633;1503077634
0;96;8048;0xc557aeeb07d230b6130e53e10bc3d25444c8ca58d2d60df7f3c4c780448a0d09;0xddf871f5b7867398beed2fa0e52d94d90c210470959e0a81855e1ba8a63a4b8a;0xccd5cee1;0xea2a504bL;0.500000;1503077634;1503077634
0;96;8048;0xc557aeeb07d230b6130e53e10bc3d25444c8ca58d2d60df7f3c4c780448a0d09;0xddf871f5b7867398beed2fa0e52d94d90c210470959e0a81855e1ba8a63a4b8a;0xccd5cee1;0xea2a504bL;0.500000;1503077634;1503077635
0;96;8048;0x0c41a6c016ac259b74e736b3f1c75b579e9241e202870a0622b202dd8e4ee39a;0x639696a8b1d55d21fefe8c2c63d61781bf8740eed1731afae9f098dd7c68b8c9;0xf4f01c10;0x22294408L;0.500000;1503077635;1503077635
0;96;8048;0x0c41a6c016ac259b74e736b3f1c75b579e9241e202870a0622b202dd8e4ee39a;0x639696a8b1d55d21fefe8c2c63d61781bf8740eed1731afae9f098dd7c68b8c9;0xf4f01c10;0x22294408L;0.500000;1503077635;1503077635
0;96;8048;0x0c41a6c016ac259b74e736b3f1c75b579e9241e202870a0622b202dd8e4ee39a;0x639696a8b1d55d21fefe8c2c63d61781bf8740eed1731afae9f098dd7c68b8c9;0xf4f01c10;0x22294408L;0.500000;1503077636;1503077636
0;96;8048;0x9265e3f92ed5e92f29a554c2131df2f8a6bdaae2f2d84e4cc102cfc52a6267bc;0x94b3aa02a687379076324248a28a546bcbc5b17b0db1718f4a2b21299f180cc5;0x0ddc40fe;0x12153642L;0.500000;1503077636;1503077636
0;96;8048;0x9265e3f92ed5e92f29a554c2131df2f8a6bdaae2f2d84e4cc102cfc52a6267bc;0x94b3aa02a687379076324248a28a546bcbc5b17b0db1718f4a2b21299f180cc5;0x0ddc40fe;0x12153642L;0.500000;1503077637;1503077637
0;96;8048;0xc757c65139907bd864ecffb28a5af9d42df835ef4848c5a089042632ca139a91;0x58787dce7de1cdfc5888ecab6c79be5154bddd9fd98fb614348333833ba87543;0x7f190a56;0xc19b4cc4L;0.500000;1503077637;1503077637
0;96;8048;0xc757c65139907bd864ecffb28a5af9d42df835ef4848c5a089042632ca139a91;0x58787dce7de1cdfc5888ecab6c79be5154bddd9fd98fb614348333833ba87543;0x7f190a56;0xc19b4cc4L;0.500000;1503077638;1503077638
0;96;8048;0x0a7525760426536256879b87054ae9631c40cd6ad0ce46a01428ffc2e80751f2;0x2042bd4715fd169f89b9fce054a6501fbafceb622e4ee7ac3b83aa0ffafe5e5d;0x01a18e8f;0x6431ced4L;0.500000;1503077638;1503077638
0;96;8048;0x0a7525760426536256879b87054ae9631c40cd6ad0ce46a01428ffc2e80751f2;0x2042bd4715fd169f89b9fce054a6501fbafceb622e4ee7ac3b83aa0ffafe5e5d;0x01a18e8f;0x6431ced4L;0.500000;1503077638;1503077639
