0;96;8048;0xd63923d8b76a66e3a8f9df117675b8eef0768df9564bbbdce6e14a1b87b4a95d;0x4db04f737150d373e201345f8dc2807e929488288feed3ccac3a2bf26bc74a17;0x4a1c3281;0x4f7c5c10L;0.500000;1503144723;1503144724
0;96;8048;0x8d0e0622d489704817466599ff2909fb450c9a3d5399a4410b3b0d8cb89a3345;0xdd49f3dfc2cb46481d6c8a8aa95f2be76492752f76385e54abe955cb43981793;0xc6dfe817;0x26a19044L;0.500000;1503144724;1503144724
0;96;8048;0x8d0e0622d489704817466599ff2909fb450c9a3d5399a4410b3b0d8cb89a3345;0xdd49f3dfc2cb46481d6c8a8aa95f2be76492752f76385e54abe955cb43981793;0xc6dfe817;0x26a19044L;0.500000;1503144724;1503144725
0;96;8048;0xfea93f9cf0ec4a7198775333c78a5b1edf44a794dd5bf6244909d42f29090f27;0xcca090dc79402ab06448b190be35b758a38b48402371203ef419c505f11e9c65;0x79f8cd1b;0x17290b90L;0.500000;1503144725;1503144725
0;96;8048;0xfea93f9cf0ec4a7198775333c78a5b1edf44a794dd5bf6244909d42f29090f27;0xcca090dc79402ab06448b190be35b758a38b48402371203ef419c505f11e9c65;0x79f8cd1b;0x17290b90L;0.500000;1503144725;1503144725
0;96;8048;0xfea93f9cf0ec4a7198775333c78a5b1edf44a794dd5bf6244909d42f29090f27;0xcca090dc79402ab06448b190be35b758a38b48402371203ef419c505f11e9c65;0x79f8cd1b;0x17290b90L;0.500000;1503144725;1503144726
0;96;8048;0xa947c1383ac5d0ce00f46ab389e3b13ec006b93a5d574cf79456607b9190953a;0xdccd1c44616d92455b0c86585ffee45a162fc84dbdc60ea90ea733a226b8db5c;0xafe7a2f2;0x648d3912L;0.500000;1503144726;1503144726
0;96;8048;0xa947c1383ac5d0ce00f46ab389e3b13ec006b93a5d574cf79456607b9190953a;0xdccd1c44616d92455b0c86585ffee45a162fc84dbdc60ea90ea733a226b8db5c;0xafe7a2f2;0x648d3912L;0.500000;1503144726;1503144727
0;96;8048;0x4c094f067e02330763baca0ea55bb5a6be96d73bee57c9155bef62893578d681;0x0355278393502aa0f2f46413de363e493b1a7ba5ac0d62a4655a7bdad1114d9b;0xed5ab86d;0x3a8310e2L;0.500000;1503144727;1503144727
0;96;8048;0x4c094f067e02330763baca0ea55bb5a6be96d73bee57c9155bef62893578d681;0x0355278393502aa0f2f46413de363e493b1a7ba5ac0d62a4655a7bdad1114d9b;0xed5ab86d;0x3a8310e2L;0.500000;1503144727;1503144728
0;96;8048;0xfac129a632d38d9768fea4df7849f6ef26ba4c65567dd7f7f79d509c19bfd513;0x9427448007cc98ed53040fe78e39fbd910dc6fff9013a0f4090863cd2d1fed8b;0xf650d3d1;0x9c818888L;0.500000;1503144728;1503144728
0;96;8048;0xfac129a632d38d9768fea4df7849f6ef26ba4c65567dd7f7f79d509c19bfd513;0x9427448007cc98ed53040fe78e39fbd910dc6fff9013a0f4090863cd2d1fed8b;0xf650d3d1;0x9c818888L;0.500000;1503144728;1503144729
0;96;8048;0x18a63fa5cbe71165c9a52f0910539de59cec770474d8258dbc463aeeb450f4cc;0xbbf8fc45a0ceeb5c0fb12fefc2a4e37a05e2e316fc865ce2933ef09edea014c8;0x836f51bc;0x4aa9f4ceL;0.500000;1503144729;1503144729
0;96;8048;0x18a63fa5cbe71165c9a52f0910539de59cec770474d8258dbc463aeeb450f4cc;0xbbf8fc45a0ceeb5c0fb12fefc2a4e37a05e2e316fc865ce2933ef09edea014c8;0x836f51bc;0x4aa9f4ceL;0.500000;1503144729;1503144730
0;96;8048;0xa6dd965511b5778e75601943b61f9484d311023745efafd390714aec2651bccc;0xfb6cb184a47d857b14d89b4091a7a9bfb2b3104a6f96ab48e742ca5efbdd89ac;0x204f431a;0xa2da954L;0.500000;1503144730;1503144730
0;96;8048;0xa6dd965511b5778e75601943b61f9484d311023745efafd390714aec2651bccc;0xfb6cb184a47d857b14d89b4091a7a9bfb2b3104a6f96ab48e742ca5efbdd89ac;0x204f431a;0xa2da954L;0.500000;1503144730;1503144730
0;96;8048;0xa6dd965511b5778e75601943b61f9484d311023745efafd390714aec2651bccc;0xfb6cb184a47d857b14d89b4091a7a9bfb2b3104a6f96ab48e742ca5efbdd89ac;0x204f431a;0xa2da954L;0.500000;1503144730;1503144731
0;96;8048;0x425b675d8f8bc050eacc357348b96e315930c2522df8aae9cbb7c371ef013f31;0xbed7b49159dfa1bc43041a001b87eb5289917f6a728b462ce4e483a392524b6d;0xc98b0444;0x2f09e002L;0.500000;1503144731;1503144731
0;96;8048;0x425b675d8f8bc050eacc357348b96e315930c2522df8aae9cbb7c371ef013f31;0xbed7b49159dfa1bc43041a001b87eb5289917f6a728b462ce4e483a392524b6d;0xc98b0444;0x2f09e002L;0.500000;1503144731;1503144732
0;96;8048;0x521daa6c25d0e308beae802e743290d632ee1968474f3af676064d188dfc85df;0xfc6619869cd8fc2a213f7e50d2a6936b817199fe5e9ae10915fdddd147a66dcf;0x1be67984;0x4420aedeL;0.500000;1503144732;1503144732
