0;96;8048;0x60a520b6255155a60f7ee46eabd61e280705d0f88f466e424f91e6ce1d312d7d;0x1f948961875f6d5a764ae21e8960e626efe3eebf71537a3388f1ca2ddac9d36e;0x585c9969;0x9024a89eL;0.500000;1503091009;1503091010
0;96;8048;0x0ec89a2540457a94efdf85c6ad2ebab06dcc259a93288ccaaaa9afbcb42343c2;0x496e3ed6cc45da418feabbe7c26bc4864a99eba597433910df39a61500788e9f;0x879ad17d;0x101e8420L;0.500000;1503091010;1503091010
0;96;8048;0x0ec89a2540457a94efdf85c6ad2ebab06dcc259a93288ccaaaa9afbcb42343c2;0x496e3ed6cc45da418feabbe7c26bc4864a99eba597433910df39a61500788e9f;0x879ad17d;0x101e8420L;0.500000;1503091010;1503091011
0;96;8048;0x257d81c9fbc9c3376e54f4661570ab639154fbf497da307ddbe358200a68e02f;0xa07ffebcc6a60f383a2bfe20a3084c1f0a2bb70db42550742d1ef9c85c0e9c7d;0x84209208;0xac12ee92L;0.500000;1503091011;1503091011
0;96;8048;0x257d81c9fbc9c3376e54f4661570ab639154fbf497da307ddbe358200a68e02f;0xa07ffebcc6a60f383a2bfe20a3084c1f0a2bb70db42550742d1ef9c85c0e9c7d;0x84209208;0xac12ee92L;0.500000;1503091011;1503091012
0;96;8048;0xdfe18fd29390e454e2fabf7a86f6b8f54cdd94d7be7c3ec9ee283930439f9323;0x0cff142ff10760da9b0aec6a3113bf06369cefd979e20ca8346fd4c5c9c297bf;0x0ebb309c;0x7903d410L;0.500000;1503091012;1503091013
0;96;8048;0x5f9272a0378361934941f4870cb06083ddd0dae9691c141e0f52c19d97fbf1f6;0x689aa9f1a5c5e5002d5cc4c045f4169b29ca413950065f03bd09572bf83e0bcc;0xf56e1f3f;0x400885acL;0.500000;1503091013;1503091013
0;96;8048;0x5f9272a0378361934941f4870cb06083ddd0dae9691c141e0f52c19d97fbf1f6;0x689aa9f1a5c5e5002d5cc4c045f4169b29ca413950065f03bd09572bf83e0bcc;0xf56e1f3f;0x400885acL;0.500000;1503091013;1503091014
0;96;8048;0x879a45c86ebfaf334d8f1023828050ee735e4b5590eeda6a57991f08cebdf655;0x7cb25987cc6e209ae16d20fe15f60a7d9851abe602ca5c59a6e4d056e12e4eea;0x190496a8;0xe5640a30L;0.500000;1503091014;1503091014
0;96;8048;0x879a45c86ebfaf334d8f1023828050ee735e4b5590eeda6a57991f08cebdf655;0x7cb25987cc6e209ae16d20fe15f60a7d9851abe602ca5c59a6e4d056e12e4eea;0x190496a8;0xe5640a30L;0.500000;1503091014;1503091015
0;96;8048;0x1ac7bd62f59f44db81eeae201ff4e6b02bb0692108af7547ea7923f2c66b24e0;0xa98951140cf97e03a02b406e398550d2e17fa0e7c15a0465f2fde7c06b225a19;0xbe30739d;0x28e88b5eL;0.500000;1503091015;1503091016
0;96;8048;0xb7f245ecb1b72bd422eebab8503c500ed8de71fa7931fc7b21caa0e205463fbc;0x3071a7a5d3fe82a9972b68c01b19ff2ea947bf6a8e847e5c5007fa3a9f504666;0x9e0e77b4;0x3d138487L;0.500000;1503091016;1503091016
0;96;8048;0xb7f245ecb1b72bd422eebab8503c500ed8de71fa7931fc7b21caa0e205463fbc;0x3071a7a5d3fe82a9972b68c01b19ff2ea947bf6a8e847e5c5007fa3a9f504666;0x9e0e77b4;0x3d138487L;0.500000;1503091016;1503091017
0;96;8048;0xce674245458ef161c77d21cc0b2fa73f177f1252cae12121a6c896c38274ad51;0x5bd07a1234b9bfd5c30f2db11f076f99a3c68fb5168f86f4aa7351eac3b05981;0xd46f1855;0x885719cL;0.500000;1503091017;1503091018
0;96;8048;0x22e19c9963a0b7021f6708b7d942f4527a423549d3c337c7ef209ce91af01d3c;0xa2160a6e2818a4da01ad91fe22ae6da9531bbc9c3f3952668310a7761d9c9f82;0x6258262c;0x491ac5bL;0.500000;1503091018;1503091018
0;96;8048;0x22e19c9963a0b7021f6708b7d942f4527a423549d3c337c7ef209ce91af01d3c;0xa2160a6e2818a4da01ad91fe22ae6da9531bbc9c3f3952668310a7761d9c9f82;0x6258262c;0x491ac5bL;0.500000;1503091018;1503091019
0;96;8048;0xc0d8d0e2f1281e8eb6a1fdbf0b45387a2009a5798060adc752513ddbae713a6e;0x0f8249aa411f58841c5f5558996399683ff23d6972071b29813c221a4e88d292;0x33e79f92;0x12124416L;0.500000;1503091019;1503091019
0;96;8048;0xc0d8d0e2f1281e8eb6a1fdbf0b45387a2009a5798060adc752513ddbae713a6e;0x0f8249aa411f58841c5f5558996399683ff23d6972071b29813c221a4e88d292;0x33e79f92;0x12124416L;0.500000;1503091019;1503091020
0;96;8048;0x26f68448997f64a30564ccd3a5915459bb232ab03aee2eb4e5190f461de13a43;0xbd7a76a12b96edab86b36af938ef3e83491ddb2233c97ed28e7e3b436ddc9f40;0x9b530f0e;0x34736d18L;0.500000;1503091020;1503091020
0;96;8048;0x26f68448997f64a30564ccd3a5915459bb232ab03aee2eb4e5190f461de13a43;0xbd7a76a12b96edab86b36af938ef3e83491ddb2233c97ed28e7e3b436ddc9f40;0x9b530f0e;0x34736d18L;0.500000;1503091020;1503091021
