0;96;8048;0xb0dc8d746877fae1eb765469c388005cbbf0b1eb004d5b40557139bd6de3d91d;0xf79c35c7db130711028a55f1f56ded4f72ba3183e64ee5fc83529562fc58a8ef;0x82e9fca0;0x922d919cL;0.500000;1503101555;1503101556
0;96;8048;0x5d79953796346f9f40c940c0b0b7163e85c46b55d26ddb8d094d09576503edc2;0x0bb83bb1d7ae387195dc9b820e0737627d23eef766f5938a741e19569f15bb49;0xd8c9cedb;0x4391697bL;0.500000;1503101556;1503101556
0;96;8048;0x5d79953796346f9f40c940c0b0b7163e85c46b55d26ddb8d094d09576503edc2;0x0bb83bb1d7ae387195dc9b820e0737627d23eef766f5938a741e19569f15bb49;0xd8c9cedb;0x4391697bL;0.500000;1503101556;1503101557
0;96;8048;0x5f2e48b52577680751d6cf7ebab3d293794d292b232b99a034ca582f9b6be7fa;0x93cdc0dae020a4b01df0ac323075ef2058a3c9ecea64fd16431b75fcfc3168cf;0x670202ed;0x3501ea98L;0.500000;1503101557;1503101557
0;96;8048;0x5f2e48b52577680751d6cf7ebab3d293794d292b232b99a034ca582f9b6be7fa;0x93cdc0dae020a4b01df0ac323075ef2058a3c9ecea64fd16431b75fcfc3168cf;0x670202ed;0x3501ea98L;0.500000;1503101557;1503101558
0;96;8048;0x1b133ff4b140e727ff9540ceecd2e7cf79ddbe9cdc26dd5bb23bd3c92c336947;0x1ba5c92c95d3b9def2fa960c5a2262b6fd13d46803e2f73e3f0e79b88e587248;0x7af378ed;0x506dcba8L;0.500000;1503101558;1503101558
0;96;8048;0x1b133ff4b140e727ff9540ceecd2e7cf79ddbe9cdc26dd5bb23bd3c92c336947;0x1ba5c92c95d3b9def2fa960c5a2262b6fd13d46803e2f73e3f0e79b88e587248;0x7af378ed;0x506dcba8L;0.500000;1503101558;1503101559
0;96;8048;0x28a9a5bdd5d8c3a9ab93a316115f8fd39208a0aefd8184d50c164610a633efce;0x7e0e024893d8858f505f615eb6f2ccaae71b7cfa201a3d11df1aa937c06a1f41;0x348dffdd;0x1a018b06L;0.500000;1503101559;1503101559
0;96;8048;0x28a9a5bdd5d8c3a9ab93a316115f8fd39208a0aefd8184d50c164610a633efce;0x7e0e024893d8858f505f615eb6f2ccaae71b7cfa201a3d11df1aa937c06a1f41;0x348dffdd;0x1a018b06L;0.500000;1503101559;1503101560
0;96;8048;0xcdeca971eca7af77ee0cd52c1afe3b32f984b3727cc93586a4bd06c79c196469;0xf23953fb9f2c216d8017b13fc17ce487a2b7fb794d1b764733966854b2099c00;0xd7ea73a0;0xd81ee16L;0.500000;1503101560;1503101560
0;96;8048;0xcdeca971eca7af77ee0cd52c1afe3b32f984b3727cc93586a4bd06c79c196469;0xf23953fb9f2c216d8017b13fc17ce487a2b7fb794d1b764733966854b2099c00;0xd7ea73a0;0xd81ee16L;0.500000;1503101560;1503101561
0;96;8048;0xc710592ac8fdb0c28d092210f3068bc5a1ccf1b446e01705e4222d783b618102;0x64317c43681ee8e8cf7c7f73ea720d46353d458600015db4c758f34b69d626e7;0xa552dff0;0x110822ceL;0.500000;1503101561;1503101561
0;96;8048;0xc710592ac8fdb0c28d092210f3068bc5a1ccf1b446e01705e4222d783b618102;0x64317c43681ee8e8cf7c7f73ea720d46353d458600015db4c758f34b69d626e7;0xa552dff0;0x110822ceL;0.500000;1503101561;1503101562
0;96;8048;0x672b22ff92f483a26579e7414f3fb2c19bcfc777abd619c6f5777fb0a1cfb608;0x5c05e585e48f37de609f4075a53833fd930ed03e5542fc2cce83cf906c8842e8;0x878c97ff;0x341231bL;0.500000;1503101562;1503101562
0;96;8048;0x672b22ff92f483a26579e7414f3fb2c19bcfc777abd619c6f5777fb0a1cfb608;0x5c05e585e48f37de609f4075a53833fd930ed03e5542fc2cce83cf906c8842e8;0x878c97ff;0x341231bL;0.500000;1503101562;1503101562
0;96;8048;0x672b22ff92f483a26579e7414f3fb2c19bcfc777abd619c6f5777fb0a1cfb608;0x5c05e585e48f37de609f4075a53833fd930ed03e5542fc2cce83cf906c8842e8;0x878c97ff;0x341231bL;0.500000;1503101563;1503101563
0;96;8048;0x2da833b49799e1c3f1ded42fd788fd62bfe45b1620db54f06c6f4df0ec82be19;0x1e129272e0e50bf0ca3ecbe1645876ccf6d9ff1a852950697d59b86cfa47be8d;0xae557049;0xb80159c0L;0.500000;1503101563;1503101563
0;96;8048;0x2da833b49799e1c3f1ded42fd788fd62bfe45b1620db54f06c6f4df0ec82be19;0x1e129272e0e50bf0ca3ecbe1645876ccf6d9ff1a852950697d59b86cfa47be8d;0xae557049;0xb80159c0L;0.500000;1503101563;1503101564
0;96;8048;0x9fa4590acf07694d929c261afd164fe853bb904b518d697d920a47327fbcd71e;0x9b966e9e87486fa5cbcaa5b69579fdaaede46fb5826d47738401b4ddf25a4fb4;0x88884e8a;0x484a660L;0.500000;1503101564;1503101564
0;96;8048;0x9fa4590acf07694d929c261afd164fe853bb904b518d697d920a47327fbcd71e;0x9b966e9e87486fa5cbcaa5b69579fdaaede46fb5826d47738401b4ddf25a4fb4;0x88884e8a;0x484a660L;0.500000;1503101564;1503101565
