0;96;8048;0xc515664b0cd41d225733cedd99f9e1e57df924ed19cd75a693659104cc37c391;0xc092c1455a46946fb0fbed93c89b234655ada8085409c9983a23d9fe68db449e;0x1ff95573;0xc06c4026L;0.500000;1503176826;1503176826
0;96;8048;0xc515664b0cd41d225733cedd99f9e1e57df924ed19cd75a693659104cc37c391;0xc092c1455a46946fb0fbed93c89b234655ada8085409c9983a23d9fe68db449e;0x1ff95573;0xc06c4026L;0.500000;1503176826;1503176827
0;96;8048;0x1c995910e2fefc10d0b50db92be2245ce153fcf3024d699c661cf15b78d8af94;0xa0ddccda25bec0e28204e0afa226747f1634ae32d5d4e61fb14f0115407b35db;0x4cb219b0;0x69f82d1eL;0.500000;1503176827;1503176827
0;96;8048;0x1c995910e2fefc10d0b50db92be2245ce153fcf3024d699c661cf15b78d8af94;0xa0ddccda25bec0e28204e0afa226747f1634ae32d5d4e61fb14f0115407b35db;0x4cb219b0;0x69f82d1eL;0.500000;1503176827;1503176827
0;96;8048;0x1c995910e2fefc10d0b50db92be2245ce153fcf3024d699c661cf15b78d8af94;0xa0ddccda25bec0e28204e0afa226747f1634ae32d5d4e61fb14f0115407b35db;0x4cb219b0;0x69f82d1eL;0.500000;1503176828;1503176828
0;96;8048;0x02e81a1894850ad687c45aa30a918967b39302282ba13b437bf9ee9f9786219a;0xc8971bec642d379e42a0b69891bb53b25d432b62e379f164d44f5b2d64f16e2a;0xad742515;0x80928032L;0.500000;1503176828;1503176828
0;96;8048;0x02e81a1894850ad687c45aa30a918967b39302282ba13b437bf9ee9f9786219a;0xc8971bec642d379e42a0b69891bb53b25d432b62e379f164d44f5b2d64f16e2a;0xad742515;0x80928032L;0.500000;1503176829;1503176829
0;96;8048;0x275023e6749b8cd59720bce2b52f4a0e1e97cb8ff02db556959b3c0c4963da70;0x11d95adcd31bc1abd60f0cba778a8ae0559934a04aafb3c644fee44f396c7971;0x96ad21b6;0xd02408eaL;0.500000;1503176829;1503176829
0;96;8048;0x275023e6749b8cd59720bce2b52f4a0e1e97cb8ff02db556959b3c0c4963da70;0x11d95adcd31bc1abd60f0cba778a8ae0559934a04aafb3c644fee44f396c7971;0x96ad21b6;0xd02408eaL;0.500000;1503176829;1503176830
0;96;8048;0x16f7f4f40db7d4636fa8f1a5d750ee52fb9d4dab0e2fc5718d2c5c04f9c7860f;0x35a3a9cc6c2d784a59eb1fe84a153c7387086c654b3fbc8e5851c30f20d1a60d;0x5d507732;0x82642430L;0.500000;1503176830;1503176830
0;96;8048;0x16f7f4f40db7d4636fa8f1a5d750ee52fb9d4dab0e2fc5718d2c5c04f9c7860f;0x35a3a9cc6c2d784a59eb1fe84a153c7387086c654b3fbc8e5851c30f20d1a60d;0x5d507732;0x82642430L;0.500000;1503176830;1503176831
0;96;8048;0x63dd905db3a9f839d0febca5e5d6d972f454b22ee823b587c73955cc514f66b5;0x177f3095fed14bb561bc4d12061904bd8baa42123c30e0b8eac88e771a06c2c0;0xa25093d2;0x1cbc8a1eL;0.500000;1503176831;1503176831
0;96;8048;0x63dd905db3a9f839d0febca5e5d6d972f454b22ee823b587c73955cc514f66b5;0x177f3095fed14bb561bc4d12061904bd8baa42123c30e0b8eac88e771a06c2c0;0xa25093d2;0x1cbc8a1eL;0.500000;1503176831;1503176832
0;96;8048;0xba3e41c6533f7224787df313fad5aa525b9b1b1252f347de190dc7755c3b4416;0xa19ab6d9e6d66d5dca211f6bff8ebf6cbdc86523ba39066a0e793f8b676f199e;0x32e47126;0x5522241L;0.500000;1503176832;1503176832
0;96;8048;0xba3e41c6533f7224787df313fad5aa525b9b1b1252f347de190dc7755c3b4416;0xa19ab6d9e6d66d5dca211f6bff8ebf6cbdc86523ba39066a0e793f8b676f199e;0x32e47126;0x5522241L;0.500000;1503176832;1503176833
0;96;8048;0x6cabac9f2f0f2f94e79d8635d81fb6149bd50adb7745e091ec80458e4d84cfba;0x1c05e9a884a0d61839fa28d29bc10abd5eb1954ccb3e0f51f2fff56b7927c705;0x666c1248;0x113e8706L;0.500000;1503176833;1503176833
0;96;8048;0x6cabac9f2f0f2f94e79d8635d81fb6149bd50adb7745e091ec80458e4d84cfba;0x1c05e9a884a0d61839fa28d29bc10abd5eb1954ccb3e0f51f2fff56b7927c705;0x666c1248;0x113e8706L;0.500000;1503176833;1503176834
0;96;8048;0x917be01567d882470796b5604dae7358a4acabc9587669df3431a17095d35526;0x31f9d70c2d70821266041482b8ae9b72c9a3d778d1d5394da1967ad855aa30ae;0x579da151;0x9a2a4668L;0.500000;1503176834;1503176834
0;96;8048;0x917be01567d882470796b5604dae7358a4acabc9587669df3431a17095d35526;0x31f9d70c2d70821266041482b8ae9b72c9a3d778d1d5394da1967ad855aa30ae;0x579da151;0x9a2a4668L;0.500000;1503176834;1503176834
0;96;8048;0x917be01567d882470796b5604dae7358a4acabc9587669df3431a17095d35526;0x31f9d70c2d70821266041482b8ae9b72c9a3d778d1d5394da1967ad855aa30ae;0x579da151;0x9a2a4668L;0.500000;1503176834;1503176835
