0;96;8048;0x25de0480c9410f7bbfcb9c2a638dfa3607726bbd39702416c837a1366fe61395;0x0de9ea424f653badd2e271fc8c7379a31e0cff340e0d10df284cf4d5e1e91114;0x8343b9ed;0x940a4945L;0.500000;1503187511;1503187512
0;96;8048;0x5a8efebe9d708d5054283327dbfcf211bb31ad0bf70e16d28561910298eac2f2;0x38c113b67476372758e959027e3bf26dda842ddc04f6140f4dc901cd1c0221f5;0xef4103f9;0x534286e6L;0.500000;1503187512;1503187512
0;96;8048;0x5a8efebe9d708d5054283327dbfcf211bb31ad0bf70e16d28561910298eac2f2;0x38c113b67476372758e959027e3bf26dda842ddc04f6140f4dc901cd1c0221f5;0xef4103f9;0x534286e6L;0.500000;1503187512;1503187513
0;96;8048;0xe299639262dd2825fe6d7f37c56b5373c9dad11a84d5e3b01035750abae1529c;0x5dffa17a382e9791343c17705e1a7d29ee6cb8c6053839fb49342253e33e67c5;0x6038ee33;0x81a108a3L;0.500000;1503187513;1503187513
0;96;8048;0xe299639262dd2825fe6d7f37c56b5373c9dad11a84d5e3b01035750abae1529c;0x5dffa17a382e9791343c17705e1a7d29ee6cb8c6053839fb49342253e33e67c5;0x6038ee33;0x81a108a3L;0.500000;1503187513;1503187514
0;96;8048;0x8fc560c91459ba9fd576bfb0c875d516a8ab70479057c238eaeeb6e407d33396;0xaa29b03c5bd7263e22631e2fc0718719c67061f4cd0eb536381d5c8c763a0bb5;0x8a836e71;0x90401951L;0.500000;1503187514;1503187514
0;96;8048;0x8fc560c91459ba9fd576bfb0c875d516a8ab70479057c238eaeeb6e407d33396;0xaa29b03c5bd7263e22631e2fc0718719c67061f4cd0eb536381d5c8c763a0bb5;0x8a836e71;0x90401951L;0.500000;1503187514;1503187515
0;96;8048;0x235f371706b236406b980c273108c8888f8a7352033a3e917592d57e989b4cbc;0x1a426adf8382e7c0c2df758ecd0c733a4e8fe82ca678fc9bb4fdab059dfa5005;0x8a456320;0x54828048L;0.500000;1503187515;1503187515
0;96;8048;0x235f371706b236406b980c273108c8888f8a7352033a3e917592d57e989b4cbc;0x1a426adf8382e7c0c2df758ecd0c733a4e8fe82ca678fc9bb4fdab059dfa5005;0x8a456320;0x54828048L;0.500000;1503187515;1503187516
0;96;8048;0xdce023a56b5f21e49cb7a77719fa9af1e8b0bc5826a28c86a8ef96047031654c;0xca20c1eabab4e462a5476f76acedca0124282877129dd8462f4f3c8eee6c21d6;0x02a58c72;0x9b726890L;0.500000;1503187516;1503187516
0;96;8048;0xdce023a56b5f21e49cb7a77719fa9af1e8b0bc5826a28c86a8ef96047031654c;0xca20c1eabab4e462a5476f76acedca0124282877129dd8462f4f3c8eee6c21d6;0x02a58c72;0x9b726890L;0.500000;1503187516;1503187517
0;96;8048;0x362673bf12564b79a792e54eea21611b80bf03f3a3c5efef377374e4e534171c;0xb340c33c1cb1991072c230fca462a31861f72f444d27a4a234dcefe19feaf5ca;0x3a414a6b;0x448f2213L;0.500000;1503187517;1503187517
0;96;8048;0x362673bf12564b79a792e54eea21611b80bf03f3a3c5efef377374e4e534171c;0xb340c33c1cb1991072c230fca462a31861f72f444d27a4a234dcefe19feaf5ca;0x3a414a6b;0x448f2213L;0.500000;1503187517;1503187518
0;96;8048;0x664429c23429af4c6539a7da0d5e34b4bda09407c0c7a32b20c38e15914aadf8;0xf097cafb975defdf63a81502f88e336008f67350780f80f329803f0798dab01a;0x55865b10;0x10b6d05L;0.500000;1503187518;1503187518
0;96;8048;0x664429c23429af4c6539a7da0d5e34b4bda09407c0c7a32b20c38e15914aadf8;0xf097cafb975defdf63a81502f88e336008f67350780f80f329803f0798dab01a;0x55865b10;0x10b6d05L;0.500000;1503187518;1503187518
0;96;8048;0x664429c23429af4c6539a7da0d5e34b4bda09407c0c7a32b20c38e15914aadf8;0xf097cafb975defdf63a81502f88e336008f67350780f80f329803f0798dab01a;0x55865b10;0x10b6d05L;0.500000;1503187518;1503187519
0;96;8048;0x3314e4376d8b629f7c119fd38b5bc078d37f905bb7099675194adb48ee4cbb21;0x79ed585d5301f75f43e5ef54af0814bdae20cb31ba39a6c0822327b5e1a8e64d;0x7f3f9c4b;0x986801d4L;0.500000;1503187519;1503187519
0;96;8048;0x3314e4376d8b629f7c119fd38b5bc078d37f905bb7099675194adb48ee4cbb21;0x79ed585d5301f75f43e5ef54af0814bdae20cb31ba39a6c0822327b5e1a8e64d;0x7f3f9c4b;0x986801d4L;0.500000;1503187519;1503187520
0;96;8048;0xc9a906b785157f3fb713264aac234fe6f0931de84a9d318fa34be3b0c70e5690;0xcd693c959d0dccb305b452d2c613dfd159284377cac021f692584c8b4cddf4be;0x816671fd;0x511e494L;0.500000;1503187520;1503187520
0;96;8048;0xc9a906b785157f3fb713264aac234fe6f0931de84a9d318fa34be3b0c70e5690;0xcd693c959d0dccb305b452d2c613dfd159284377cac021f692584c8b4cddf4be;0x816671fd;0x511e494L;0.500000;1503187520;1503187521
