0;96;8048;0xa21c7d5e805bc67d8f9be7c9eb7198ff6710bb2bc736bd5ece438b3232592fd4;0x2502052d064cebad4bdd7e088245523903911020025a5f59ed1d77448114c035;0xfe418d74;0x7e090206L;0.500000;1503079052;1503079052
0;96;8048;0xa21c7d5e805bc67d8f9be7c9eb7198ff6710bb2bc736bd5ece438b3232592fd4;0x2502052d064cebad4bdd7e088245523903911020025a5f59ed1d77448114c035;0xfe418d74;0x7e090206L;0.500000;1503079052;1503079053
0;96;8048;0x2243257de4d1c2ce6771b42d8b0226796986220485bc1cb7ad0f214214e95f37;0x0e25a37e31edea3394da61720b73ff1b282890469a2cc7f6bcd3ebadcae0f786;0xae949754;0x3212145eL;0.500000;1503079053;1503079054
0;96;8048;0xc79f5d3a131bc17e71cb8e3f059cd57886f0ac9932ebc3343a348fe4f8f5debf;0x554a0429e4ab83c677be74d4a0a80d343196f9a9a858449e942b13d6dd4b3f68;0x1eab6f7f;0xc0d8e2b2L;0.500000;1503079054;1503079054
0;96;8048;0xc79f5d3a131bc17e71cb8e3f059cd57886f0ac9932ebc3343a348fe4f8f5debf;0x554a0429e4ab83c677be74d4a0a80d343196f9a9a858449e942b13d6dd4b3f68;0x1eab6f7f;0xc0d8e2b2L;0.500000;1503079054;1503079055
0;96;8048;0x83b11ed0e7b43fae44f21b650150e0023eba216e46988bbb23154a44cc32be4f;0xed678a22d86d6c8cd3878c2e797aca4828d8223cb7154d986bbeb6f98d3c5920;0x0e348329;0x83b61d88L;0.500000;1503079055;1503079055
0;96;8048;0x83b11ed0e7b43fae44f21b650150e0023eba216e46988bbb23154a44cc32be4f;0xed678a22d86d6c8cd3878c2e797aca4828d8223cb7154d986bbeb6f98d3c5920;0x0e348329;0x83b61d88L;0.500000;1503079055;1503079056
0;96;8048;0x46c02950784507482721b426fd263422ee5cda720fa6082ed97868d1e11d8327;0x39c48ae0fe2dd4b67babc4baf80a167a659d6a9f3d201d1726d42e606c140239;0xb6adc7fd;0xab24e0b0L;0.500000;1503079056;1503079056
0;96;8048;0x46c02950784507482721b426fd263422ee5cda720fa6082ed97868d1e11d8327;0x39c48ae0fe2dd4b67babc4baf80a167a659d6a9f3d201d1726d42e606c140239;0xb6adc7fd;0xab24e0b0L;0.500000;1503079057;1503079057
0;96;8048;0xec178f4e4df27dd160166874d91d6d45a6ad90da51d7324d59525cc0106a8ffd;0x9cf15703571509e9f434d35288c237ea93a37059aba683d281bddb7391b99bf0;0x14c72c60;0xc9cbb0c2L;0.500000;1503079057;1503079058
0;96;8048;0x39c6b14808ce10f6dfd46fb155b182bbb42ea9817003a2c9527b7ecabab23ef4;0x2f5b1ec961724bb38a7fde9505aeccbcab4d4b9ade7db5e5917a98089988cd1e;0x35f02008;0x9a20acd6L;0.500000;1503079058;1503079058
0;96;8048;0x39c6b14808ce10f6dfd46fb155b182bbb42ea9817003a2c9527b7ecabab23ef4;0x2f5b1ec961724bb38a7fde9505aeccbcab4d4b9ade7db5e5917a98089988cd1e;0x35f02008;0x9a20acd6L;0.500000;1503079058;1503079059
0;96;8048;0x3f13e681deed93b7351840b6c332ebe5a5edc0464ebddf7c8dc5713fe0b5cc20;0xe06aff9648beb3cf59a173ab276037fbc7d0134bdbafa14022c2648bf4bd5090;0xc9380594;0x841e89eL;0.500000;1503079059;1503079059
0;96;8048;0x9051acad9f1e748ec1c4bed9c4814d3852968a94a5625f0038e88f2724003bb4;0xb8d0f41251d7e6956b5220cbb9e4f457de5317abc6835986ed4e1daa787fee75;0x15a28b62;0x640b123dL;0.500000;1503079060;1503079060
0;96;8048;0x9051acad9f1e748ec1c4bed9c4814d3852968a94a5625f0038e88f2724003bb4;0xb8d0f41251d7e6956b5220cbb9e4f457de5317abc6835986ed4e1daa787fee75;0x15a28b62;0x640b123dL;0.500000;1503079060;1503079061
0;96;8048;0x0077cab3ced1f168a138268542f33317e0ab783b26775c36d86df605497d474a;0x3a47d4a2436f3c09b4a5d6ba37b857f495fab341cddcff2492b1d9581db161e4;0x7b5281e5;0xe1285c54L;0.500000;1503079061;1503079061
0;96;8048;0x0077cab3ced1f168a138268542f33317e0ab783b26775c36d86df605497d474a;0x3a47d4a2436f3c09b4a5d6ba37b857f495fab341cddcff2492b1d9581db161e4;0x7b5281e5;0xe1285c54L;0.500000;1503079061;1503079062
0;96;8048;0x253a27fbf2b3dc455f539614dcfceb2de5eed1921c197b4fd5c2582485e1ccaa;0x0883ab4622ce899786037efa827cab30ba73d030d1276afddee49ab3a9d5286d;0xbe1d3c1f;0xa72a781eL;0.500000;1503079062;1503079063
0;96;8048;0x0515e363250760c2462730673238d19a12b14c2644c611060bf09229a25b29a7;0x3a9185f70eaaa6171a8d6bedd4bb7b27540b810acdc40d4813f719999dbbb4bb;0x3614284a;0x4310488L;0.500000;1503079063;1503079063
0;96;8048;0x0515e363250760c2462730673238d19a12b14c2644c611060bf09229a25b29a7;0x3a9185f70eaaa6171a8d6bedd4bb7b27540b810acdc40d4813f719999dbbb4bb;0x3614284a;0x4310488L;0.500000;1503079063;1503079064
