0;96;8048;0x5420a04a0722dc71c3e1a188d4d3617c406dd82f82db5c826669c1ddeb14803f;0x47cabc030697bc411aa5df8fdccffc82e4707c6fe18c7019ccf032bd9e64646c;0xd3c27ea9;0x4c1be792L;0.500000;1503082043;1503082044
0;96;8048;0x4bc1a66d93417ea0b3fe404ce99e42a24a66fd595aa83cec9e88215aa1da65ed;0xacc0be1a6768d4955473b7e5d090762a8902dc8ba9699ad4a4bf503de12c94ea;0x0fafcc23;0x9c20b852L;0.500000;1503082044;1503082044
0;96;8048;0x4bc1a66d93417ea0b3fe404ce99e42a24a66fd595aa83cec9e88215aa1da65ed;0xacc0be1a6768d4955473b7e5d090762a8902dc8ba9699ad4a4bf503de12c94ea;0x0fafcc23;0x9c20b852L;0.500000;1503082044;1503082045
0;96;8048;0x7629a15cdb66318802ff984f88dcbcb1c4ab26d4d38fcd53af8e255557a432cd;0x80fc029bfdf22209e2ab1a2bc44dacd5e5387314e1fe7da3a62176e50f5ca34e;0xe2521577;0xcd10956L;0.500000;1503082045;1503082046
0;96;8048;0xa22b28428a7911661eff57cd6cf7d19cfe6df5c1bc28cdfbc3b37c77449f84e6;0x75aeb1747c03cbbe86cdc95fce2c0f002cb35358f101ba3cbb05b2b7f437c201;0x3be69b89;0xb980411aL;0.500000;1503082046;1503082046
0;96;8048;0xa22b28428a7911661eff57cd6cf7d19cfe6df5c1bc28cdfbc3b37c77449f84e6;0x75aeb1747c03cbbe86cdc95fce2c0f002cb35358f101ba3cbb05b2b7f437c201;0x3be69b89;0xb980411aL;0.500000;1503082046;1503082047
0;96;8048;0x551d5bedf740b66dad037e55733bc2cc7090165e9333e6dc07aecf1ff3ac3f48;0x2da02a90516c8fe26b0a0f84ba1f1dd21963a5a3f629e7293d32734d45d40e62;0x4664a8d5;0x1c0838c4L;0.500000;1503082047;1503082047
0;96;8048;0x551d5bedf740b66dad037e55733bc2cc7090165e9333e6dc07aecf1ff3ac3f48;0x2da02a90516c8fe26b0a0f84ba1f1dd21963a5a3f629e7293d32734d45d40e62;0x4664a8d5;0x1c0838c4L;0.500000;1503082047;1503082048
0;96;8048;0x1a2fc7e42a98ba93d86217e08722484a9bcf3372b68d3677a8b54a519006aeab;0x295ac682647ad012d330f458aa5a107007873ed47beefc945a087cf84f2d1072;0x364742e5;0x5ac85ec0L;0.500000;1503082048;1503082049
0;96;8048;0xf00c02cc6e490ac3ff3f0d4f858e699e120ecc33a5b8d4139d556172f646bbe6;0xcafd4fd5da73b4e000b5c1afb5ab8a9998dbb3ae00d78e359a23b0b1a7e74a92;0x8fce9f53;0x6295c98L;0.500000;1503082049;1503082049
0;96;8048;0xf00c02cc6e490ac3ff3f0d4f858e699e120ecc33a5b8d4139d556172f646bbe6;0xcafd4fd5da73b4e000b5c1afb5ab8a9998dbb3ae00d78e359a23b0b1a7e74a92;0x8fce9f53;0x6295c98L;0.500000;1503082049;1503082050
0;96;8048;0xd289fd0fe6d05164755563b63b888cdc8cc0d01a5a0af477a57831eb3f51ca11;0xd600fe1c4b53dd82a0851fc2f49941769ff17975d683e6537cae3b99cfebeab1;0x0975fe27;0x6002c0a8L;0.500000;1503082050;1503082050
0;96;8048;0xd289fd0fe6d05164755563b63b888cdc8cc0d01a5a0af477a57831eb3f51ca11;0xd600fe1c4b53dd82a0851fc2f49941769ff17975d683e6537cae3b99cfebeab1;0x0975fe27;0x6002c0a8L;0.500000;1503082050;1503082051
0;96;8048;0xb37c4a4872842d68a135204b477aac95e967ab4b15e6925fbd0bc9df8a386a3d;0x07fed03233ae5c23ae6741f4223b603bcdcafeb76747d0712bb9f3aaa64398e5;0x3cf362f9;0x2153ee98L;0.500000;1503082051;1503082051
0;96;8048;0xb37c4a4872842d68a135204b477aac95e967ab4b15e6925fbd0bc9df8a386a3d;0x07fed03233ae5c23ae6741f4223b603bcdcafeb76747d0712bb9f3aaa64398e5;0x3cf362f9;0x2153ee98L;0.500000;1503082052;1503082052
0;96;8048;0x69cb2a85758ca3d827d386e6f7521ae21ff263f5a1b300bf450d1db593f327fc;0xc1128712bc803810065360ea6a3e51c3b9df19b590e01827e547f927f25145f0;0x19790b08;0x1115a178L;0.500000;1503082052;1503082053
0;96;8048;0xdd6f061295e29839c872bd191b2f64b7963248caff62c829d52e491f6a133347;0xada035d62f93eb6e153a592a8b12ca2fb1b38fd0d1a18af841c3b3a80f5e7de2;0x84e17888;0xa62cb624L;0.500000;1503082053;1503082053
0;96;8048;0xdd6f061295e29839c872bd191b2f64b7963248caff62c829d52e491f6a133347;0xada035d62f93eb6e153a592a8b12ca2fb1b38fd0d1a18af841c3b3a80f5e7de2;0x84e17888;0xa62cb624L;0.500000;1503082053;1503082054
0;96;8048;0x1e6d11ff34eb773e6304d747968ad843ad00379f771fe7bccfc5835c902397ae;0xf207b97a8278fdaa26cd5ac8957d3430891dd4b0f51d416f1c1ec0150a9efc32;0xbd27789b;0xe70a0878L;0.500000;1503082054;1503082054
0;96;8048;0x1e6d11ff34eb773e6304d747968ad843ad00379f771fe7bccfc5835c902397ae;0xf207b97a8278fdaa26cd5ac8957d3430891dd4b0f51d416f1c1ec0150a9efc32;0xbd27789b;0xe70a0878L;0.500000;1503082054;1503082055
