0;96;8048;0x81d1e52d8f1802d02ecca496656695709353b935e61155fd02929f99e914866b;0xdd83c8c0b67369397b3dd5550be5f66463b82bb5673742ff2c36ccba28f36c4a;0x59ebafbb;0x23162110L;0.500000;1503244521;1503244521
0;96;8048;0x81d1e52d8f1802d02ecca496656695709353b935e61155fd02929f99e914866b;0xdd83c8c0b67369397b3dd5550be5f66463b82bb5673742ff2c36ccba28f36c4a;0x59ebafbb;0x23162110L;0.500000;1503244521;1503244522
0;96;8048;0x200641835e98e5de9484af68a50cc6f2fa972385b10d1fdb5ddf88e5574f8477;0xdc027ac206e820820f2bccf1b0bada1a5d501b48750d554f4b3871810cc97e65;0x86ef6e06;0x9cac9f95L;0.500000;1503244522;1503244522
0;96;8048;0x200641835e98e5de9484af68a50cc6f2fa972385b10d1fdb5ddf88e5574f8477;0xdc027ac206e820820f2bccf1b0bada1a5d501b48750d554f4b3871810cc97e65;0x86ef6e06;0x9cac9f95L;0.500000;1503244522;1503244523
0;96;8048;0x062e4fa8bcfc50a9924d6fc68f4615cf69d33ca4d3bb20d84b215fee09b7d10f;0x7be742d1362ae9df4b6333428f5a962c854e53bf5853bac7a29c997ee88d953a;0x7cb6aedf;0x35804683L;0.500000;1503244523;1503244523
0;96;8048;0x062e4fa8bcfc50a9924d6fc68f4615cf69d33ca4d3bb20d84b215fee09b7d10f;0x7be742d1362ae9df4b6333428f5a962c854e53bf5853bac7a29c997ee88d953a;0x7cb6aedf;0x35804683L;0.500000;1503244523;1503244524
0;96;8048;0xf04b1bd3db0b799635e922dfa22f007beec71a1321a571f451d4682e3ed6da2e;0x0ad743f4287808acaf562c1010d057144c9c517473efb18cbf2e5d8429b8d93d;0x11847f42;0x91b0d1ceL;0.500000;1503244524;1503244524
0;96;8048;0xf04b1bd3db0b799635e922dfa22f007beec71a1321a571f451d4682e3ed6da2e;0x0ad743f4287808acaf562c1010d057144c9c517473efb18cbf2e5d8429b8d93d;0x11847f42;0x91b0d1ceL;0.500000;1503244524;1503244525
0;96;8048;0x4d0150319640721561c1b9064607c37b1ed991a4b568f135baef2fce81f39ace;0xca887686c7089d3d149c7a75444b7fe71a2b8ab657a7c51367fd57062610a4f6;0x7c0159f6;0x38bce9cfL;0.500000;1503244525;1503244525
0;96;8048;0x4d0150319640721561c1b9064607c37b1ed991a4b568f135baef2fce81f39ace;0xca887686c7089d3d149c7a75444b7fe71a2b8ab657a7c51367fd57062610a4f6;0x7c0159f6;0x38bce9cfL;0.500000;1503244525;1503244526
0;96;8048;0x9dd98f625f0336d7b3fdf83c703c362c8df0df0a429c6941ad4f93caf474b491;0x53c2092177b8c5d3940c229641d20ef523e40b4ca020a03158e9788cfede9bde;0x64a086b3;0x4604367L;0.500000;1503244526;1503244526
0;96;8048;0x9dd98f625f0336d7b3fdf83c703c362c8df0df0a429c6941ad4f93caf474b491;0x53c2092177b8c5d3940c229641d20ef523e40b4ca020a03158e9788cfede9bde;0x64a086b3;0x4604367L;0.500000;1503244526;1503244526
0;96;8048;0xd16f0cd89b3fb7be92544302c2d640d07d604185713ff516608e5c2936841c07;0xb58b88e6f7a15af6c20e5f809ee98aa9c15dcc1e7a7669e665d86ee620442348;0x1dde11af;0x2b60c246L;0.500000;1503244527;1503244527
0;96;8048;0xd16f0cd89b3fb7be92544302c2d640d07d604185713ff516608e5c2936841c07;0xb58b88e6f7a15af6c20e5f809ee98aa9c15dcc1e7a7669e665d86ee620442348;0x1dde11af;0x2b60c246L;0.500000;1503244527;1503244528
0;96;8048;0xeff5f3f1a39829d06c2929f5aee9c8c3187c975876f191d233e12c4ce11426d0;0x7aa9006278eedfee279cb6ee37933a14dacad26d34c711d04080deea34c25e45;0x27c7ef9d;0x23855fd8L;0.500000;1503244528;1503244528
0;96;8048;0xeff5f3f1a39829d06c2929f5aee9c8c3187c975876f191d233e12c4ce11426d0;0x7aa9006278eedfee279cb6ee37933a14dacad26d34c711d04080deea34c25e45;0x27c7ef9d;0x23855fd8L;0.500000;1503244528;1503244529
0;96;8048;0x72a7fed9c45eb5e30d3920dfa678e7be04d887c97d0a287219acb4c465c257d7;0x15cedcc30f89f6903602f7313548ca14bca22eaa8067c58f95ca67212ef48de5;0x219b4ca9;0x8357dc43L;0.500000;1503244529;1503244529
0;96;8048;0x72a7fed9c45eb5e30d3920dfa678e7be04d887c97d0a287219acb4c465c257d7;0x15cedcc30f89f6903602f7313548ca14bca22eaa8067c58f95ca67212ef48de5;0x219b4ca9;0x8357dc43L;0.500000;1503244529;1503244529
0;96;8048;0x72a7fed9c45eb5e30d3920dfa678e7be04d887c97d0a287219acb4c465c257d7;0x15cedcc30f89f6903602f7313548ca14bca22eaa8067c58f95ca67212ef48de5;0x219b4ca9;0x8357dc43L;0.500000;1503244530;1503244530
0;96;8048;0x4fabb362316c0d4fe27a9f8923143fefce07097a97ea5b625161ad45f67f2746;0x83d143dd5201973b029404ce1094f5d6c70fbde382a214400d93998475aded25;0xf7845fe4;0xee512f2L;0.500000;1503244530;1503244530
