0;96;8048;0xfac455e1863cdb9489db4d7902fc818b5c1a78fe6e24ec6ba235df67a84a71a2;0x6d07c796305187669b07c7a716d862c6927b5b15cc80f8eee93712380e584c81;0x433cfd13;0x41084cd0L;0.500000;1503123134;1503123135
0;96;8048;0xcad14e2544be35a2c5aa7e1f8baf694eaa13ec3fef3e4b0f9602aae0100db6da;0x8466eff4a40a7b92315be432f83b98dafca1652f092bc8249b6e15ccd47995c0;0x6d329c82;0x81b01ca3L;0.500000;1503123135;1503123135
0;96;8048;0xcad14e2544be35a2c5aa7e1f8baf694eaa13ec3fef3e4b0f9602aae0100db6da;0x8466eff4a40a7b92315be432f83b98dafca1652f092bc8249b6e15ccd47995c0;0x6d329c82;0x81b01ca3L;0.500000;1503123135;1503123136
0;96;8048;0xb75588691bbdfa5355511ecf40182ef61443dbad9d4db18b95d1e2d56b74dc23;0x55daecbd28fd5db42e7e19a9e2414a7024007a5618b2eb554940bea3a7c84712;0x45fd1093;0xacd0145dL;0.500000;1503123136;1503123136
0;96;8048;0xb75588691bbdfa5355511ecf40182ef61443dbad9d4db18b95d1e2d56b74dc23;0x55daecbd28fd5db42e7e19a9e2414a7024007a5618b2eb554940bea3a7c84712;0x45fd1093;0xacd0145dL;0.500000;1503123136;1503123137
0;96;8048;0xb01ab738e96a6af17b0750ae4e431e6b556f0d7f306433d03d932e5429cf78da;0x2248460af2573134380c67238d3560bba936ece54164c37ec31a9ef4075141c0;0x1e6fd386;0x84277180L;0.500000;1503123137;1503123137
0;96;8048;0xb01ab738e96a6af17b0750ae4e431e6b556f0d7f306433d03d932e5429cf78da;0x2248460af2573134380c67238d3560bba936ece54164c37ec31a9ef4075141c0;0x1e6fd386;0x84277180L;0.500000;1503123137;1503123138
0;96;8048;0xf58e745777253152ddf765797b172c857277391a4ef851865868560bd3c049c8;0x1e5df896e3ff141bb30eebb624a36d2912dcb2413cc5dc57c2c536e8357c3119;0x6afbff70;0x24818112L;0.500000;1503123138;1503123138
0;96;8048;0xf58e745777253152ddf765797b172c857277391a4ef851865868560bd3c049c8;0x1e5df896e3ff141bb30eebb624a36d2912dcb2413cc5dc57c2c536e8357c3119;0x6afbff70;0x24818112L;0.500000;1503123138;1503123139
0;96;8048;0xa6c4bd5fd5eb2464327e5d003340b05aca1ee4d98ee75111613c9c62301559d6;0xc390aa91ac36cf29f4b3a403a56b822a9cba304a87ab94338d51337410284f3e;0x56d6ecd5;0x91098010L;0.500000;1503123139;1503123139
0;96;8048;0xa6c4bd5fd5eb2464327e5d003340b05aca1ee4d98ee75111613c9c62301559d6;0xc390aa91ac36cf29f4b3a403a56b822a9cba304a87ab94338d51337410284f3e;0x56d6ecd5;0x91098010L;0.500000;1503123139;1503123140
0;96;8048;0xd7cf9e7c4c30e4f57c6ca059851022724adf97d2ca13dc116a91cafce8f03bc0;0xeb547ee1e2611bb9346ad182b4ce1f3109b4a431b2467f2363dc6156c96ba891;0x06983a10;0xe3113a68L;0.500000;1503123140;1503123140
0;96;8048;0xd7cf9e7c4c30e4f57c6ca059851022724adf97d2ca13dc116a91cafce8f03bc0;0xeb547ee1e2611bb9346ad182b4ce1f3109b4a431b2467f2363dc6156c96ba891;0x06983a10;0xe3113a68L;0.500000;1503123140;1503123140
0;96;8048;0xd7cf9e7c4c30e4f57c6ca059851022724adf97d2ca13dc116a91cafce8f03bc0;0xeb547ee1e2611bb9346ad182b4ce1f3109b4a431b2467f2363dc6156c96ba891;0x06983a10;0xe3113a68L;0.500000;1503123141;1503123141
0;96;8048;0x35b8ecdf4a8c1de96ee6079819541f6b0c76f09eb6e744d813b94c00a662ecdb;0xac8fd003a9c5c4e6f9fc60c27d0edc519de9e30af6bc346d7b872b7c963df0c3;0x8f4be8d5;0xc8351240L;0.500000;1503123141;1503123141
0;96;8048;0x35b8ecdf4a8c1de96ee6079819541f6b0c76f09eb6e744d813b94c00a662ecdb;0xac8fd003a9c5c4e6f9fc60c27d0edc519de9e30af6bc346d7b872b7c963df0c3;0x8f4be8d5;0xc8351240L;0.500000;1503123141;1503123142
0;96;8048;0x232981152358689681c9a34c240631026296fdaf6e9bbf8cee082c7b06ee7d29;0xe287b0ebad8c8ffe1a003596cee5e271283cbad6ea0949ede57bc91dd58a0821;0x21981fee;0x1a19724eL;0.500000;1503123142;1503123142
0;96;8048;0x232981152358689681c9a34c240631026296fdaf6e9bbf8cee082c7b06ee7d29;0xe287b0ebad8c8ffe1a003596cee5e271283cbad6ea0949ede57bc91dd58a0821;0x21981fee;0x1a19724eL;0.500000;1503123142;1503123143
0;96;8048;0x10e0ae4d252d0f55f9c5d485db4644d70f1b92849b37c86f05e73dcf07ffdf17;0x80df9ff432b44d6748a349cb2eb1434c187682a9b18404ea61c994b16e5589b3;0xec704e59;0x9d810302L;0.500000;1503123143;1503123143
0;96;8048;0x10e0ae4d252d0f55f9c5d485db4644d70f1b92849b37c86f05e73dcf07ffdf17;0x80df9ff432b44d6748a349cb2eb1434c187682a9b18404ea61c994b16e5589b3;0xec704e59;0x9d810302L;0.500000;1503123143;1503123144
