0;96;8048;0x4766a76577282c6d1fe379783a851c8c21666e2b83191312db3b7b596e9c5fb6;0x2e1904017a44a3a4e46fecd38dc753bbb590b47592031e5d9eef8475ae175365;0x1b4b616f;0x61866673L;0.500000;1503239767;1503239767
0;96;8048;0x4766a76577282c6d1fe379783a851c8c21666e2b83191312db3b7b596e9c5fb6;0x2e1904017a44a3a4e46fecd38dc753bbb590b47592031e5d9eef8475ae175365;0x1b4b616f;0x61866673L;0.500000;1503239767;1503239768
0;96;8048;0x0cb50f13f88bc18bee77505672c763206a67102bc878e32d328828bb4e7ed55b;0xe03066e10b4d9ddff0ce954570b17dffaf01e7e5ed6b7e8543ae354bf163c5d9;0x0c978174;0x3161890L;0.500000;1503239768;1503239768
0;96;8048;0x0cb50f13f88bc18bee77505672c763206a67102bc878e32d328828bb4e7ed55b;0xe03066e10b4d9ddff0ce954570b17dffaf01e7e5ed6b7e8543ae354bf163c5d9;0x0c978174;0x3161890L;0.500000;1503239768;1503239768
0;96;8048;0x0cb50f13f88bc18bee77505672c763206a67102bc878e32d328828bb4e7ed55b;0xe03066e10b4d9ddff0ce954570b17dffaf01e7e5ed6b7e8543ae354bf163c5d9;0x0c978174;0x3161890L;0.500000;1503239768;1503239769
0;96;8048;0x66b28d29717a667f5dcb04032b7447998e7f3a619a825444fcb99548de4b3144;0x07d97ca2299e77fab4e4ff81cfbc626d9bb29003e9a48e59e5b85be892010cd0;0x9989c630;0x919c7f30L;0.500000;1503239769;1503239769
0;96;8048;0x66b28d29717a667f5dcb04032b7447998e7f3a619a825444fcb99548de4b3144;0x07d97ca2299e77fab4e4ff81cfbc626d9bb29003e9a48e59e5b85be892010cd0;0x9989c630;0x919c7f30L;0.500000;1503239769;1503239770
0;96;8048;0x2fee9be6f4fae3f21f51d01d13951bb5f8607c11cb6a6e53fd08b1ad9e6ca1ce;0xb38089b758b71b1f09ee2b8e8bdc0d4f84b688262eacc586063e48d569047af6;0x77c1cb18;0x29c38b56L;0.500000;1503239770;1503239770
0;96;8048;0x2fee9be6f4fae3f21f51d01d13951bb5f8607c11cb6a6e53fd08b1ad9e6ca1ce;0xb38089b758b71b1f09ee2b8e8bdc0d4f84b688262eacc586063e48d569047af6;0x77c1cb18;0x29c38b56L;0.500000;1503239770;1503239771
0;96;8048;0xd3f8a5097529f435ff3ea44d699ce2625517f194292d767298f46f2036ef0409;0x65b4fac19493d0ace4f1a70e5534eb6b216f5340fb097aa8e5b692c8f90fcde9;0x005c00c0;0x44710892L;0.500000;1503239771;1503239771
0;96;8048;0xd3f8a5097529f435ff3ea44d699ce2625517f194292d767298f46f2036ef0409;0x65b4fac19493d0ace4f1a70e5534eb6b216f5340fb097aa8e5b692c8f90fcde9;0x005c00c0;0x44710892L;0.500000;1503239771;1503239772
0;96;8048;0xebfd8c4c482a2d3291657027e67eaa77ab6bb5601be2ed9719cfeaf1ee16a5d9;0x2cd5e59e14c835e4f1e3f774b3406e891f46f55f38fb581ec54ecc1a5180f58c;0xe139d9c6;0x88201b1eL;0.500000;1503239772;1503239772
0;96;8048;0xebfd8c4c482a2d3291657027e67eaa77ab6bb5601be2ed9719cfeaf1ee16a5d9;0x2cd5e59e14c835e4f1e3f774b3406e891f46f55f38fb581ec54ecc1a5180f58c;0xe139d9c6;0x88201b1eL;0.500000;1503239772;1503239772
0;96;8048;0xebfd8c4c482a2d3291657027e67eaa77ab6bb5601be2ed9719cfeaf1ee16a5d9;0x2cd5e59e14c835e4f1e3f774b3406e891f46f55f38fb581ec54ecc1a5180f58c;0xe139d9c6;0x88201b1eL;0.500000;1503239773;1503239773
0;96;8048;0xe1e11a3c5979e0955e7f35ccd72af1c49711da957cecb0918f32f3e9c12681a2;0x63cb244cafa390f3eb93b45795fb9274d7e5cc45e3981772f6c9e0d462ef7e22;0xf6051bed;0x2a208c32L;0.500000;1503239773;1503239773
0;96;8048;0xe1e11a3c5979e0955e7f35ccd72af1c49711da957cecb0918f32f3e9c12681a2;0x63cb244cafa390f3eb93b45795fb9274d7e5cc45e3981772f6c9e0d462ef7e22;0xf6051bed;0x2a208c32L;0.500000;1503239773;1503239774
0;96;8048;0x2982b0971c3340fcf5fa053fd7f0088e7394b4582e694f403f0a6749910189ba;0xd3acb415255a1349a71e851c212cd7f5802d5df68f0a55bc904c60c4653f708c;0xaa906174;0x3a1d1352L;0.500000;1503239774;1503239774
0;96;8048;0x2982b0971c3340fcf5fa053fd7f0088e7394b4582e694f403f0a6749910189ba;0xd3acb415255a1349a71e851c212cd7f5802d5df68f0a55bc904c60c4653f708c;0xaa906174;0x3a1d1352L;0.500000;1503239774;1503239775
0;96;8048;0x66ce54ffba75c28037264ee31f58dbb8cfe10332c2da6a2da97126769aa72100;0x8a9727e65dc707683be28584759bbc6f0608d084fbac37204e0fded5a068796a;0x31f267ae;0x18a52286L;0.500000;1503239775;1503239775
0;96;8048;0x66ce54ffba75c28037264ee31f58dbb8cfe10332c2da6a2da97126769aa72100;0x8a9727e65dc707683be28584759bbc6f0608d084fbac37204e0fded5a068796a;0x31f267ae;0x18a52286L;0.500000;1503239775;1503239776
