0;96;8048;0xe6709f7fef97302537ab3a4021841cbc3fb0b7d8ce69e6163f7276dfe6c78bcc;0x13c57509884e9c0db2fce1244f047088692c03a7e796e81973f40d3a496c594d;0x7f12db38;0x40466e8L;0.500000;1503100281;1503100281
0;96;8048;0xe6709f7fef97302537ab3a4021841cbc3fb0b7d8ce69e6163f7276dfe6c78bcc;0x13c57509884e9c0db2fce1244f047088692c03a7e796e81973f40d3a496c594d;0x7f12db38;0x40466e8L;0.500000;1503100282;1503100282
0;96;8048;0x4bffa93dda1e5385eaa2c6b7e7906e1d5c6ee25bd74f361ef723ead79e2e0ce9;0xd324f4e335f4be791715ffef3e15505275ec10e3c3b943ddf6482b627d562472;0xeb39fc46;0x57854c65L;0.500000;1503100282;1503100282
0;96;8048;0x4bffa93dda1e5385eaa2c6b7e7906e1d5c6ee25bd74f361ef723ead79e2e0ce9;0xd324f4e335f4be791715ffef3e15505275ec10e3c3b943ddf6482b627d562472;0xeb39fc46;0x57854c65L;0.500000;1503100283;1503100283
0;96;8048;0x476b00d1b9e90ae8b7d5432e62ffc5cb16f4a35b9ddfc8ac58e5eb0d97437adf;0x1ef19e6c9c1871ac9bc9375fc6a383824a306901e873d5335b3df4b5c4b9244d;0x9db630a6;0x2202106dL;0.500000;1503100283;1503100283
0;96;8048;0x476b00d1b9e90ae8b7d5432e62ffc5cb16f4a35b9ddfc8ac58e5eb0d97437adf;0x1ef19e6c9c1871ac9bc9375fc6a383824a306901e873d5335b3df4b5c4b9244d;0x9db630a6;0x2202106dL;0.500000;1503100283;1503100284
0;96;8048;0x2db65b42af36ed6a0d90a45829d1c2e10dd34a687f48c3a0e5e28a795ac6da87;0x7ea3f3b59f0fbba531844093fde8f6fc433de431b89039ac6c786ea04bbddd0e;0x986ebfd3;0x142c858eL;0.500000;1503100284;1503100284
0;96;8048;0x2db65b42af36ed6a0d90a45829d1c2e10dd34a687f48c3a0e5e28a795ac6da87;0x7ea3f3b59f0fbba531844093fde8f6fc433de431b89039ac6c786ea04bbddd0e;0x986ebfd3;0x142c858eL;0.500000;1503100284;1503100285
0;96;8048;0x6d80382101281c63e0eaff9623e162c7daa43e6a36facf89b499453633d666a1;0xfd368285e5f00b903d99f50a3fd5ac8dd3f22a22f772084a8b14641fe1c52051;0x35c6438c;0x57550612L;0.500000;1503100285;1503100285
0;96;8048;0x6d80382101281c63e0eaff9623e162c7daa43e6a36facf89b499453633d666a1;0xfd368285e5f00b903d99f50a3fd5ac8dd3f22a22f772084a8b14641fe1c52051;0x35c6438c;0x57550612L;0.500000;1503100285;1503100286
0;96;8048;0x226bf140751969c1dbe6f6a64749382a83fd2d1f55c9c96a0133baea3941b15b;0x699707e23a9d29a86d8bf57bb2791023c1afdf0016c11c0427ccb50f778acec3;0x15c74551;0xe62073b0L;0.500000;1503100286;1503100286
0;96;8048;0x226bf140751969c1dbe6f6a64749382a83fd2d1f55c9c96a0133baea3941b15b;0x699707e23a9d29a86d8bf57bb2791023c1afdf0016c11c0427ccb50f778acec3;0x15c74551;0xe62073b0L;0.500000;1503100286;1503100287
0;96;8048;0x001c3b7fc0719c4851bc3ded1c4fee90cc83ae2fb42b70af1327623619712d19;0xb37c004985eadecd73013037a27921d6c33a925016127f346e415b85e83a32ea;0xed756391;0x9268ac53L;0.500000;1503100287;1503100287
0;96;8048;0x001c3b7fc0719c4851bc3ded1c4fee90cc83ae2fb42b70af1327623619712d19;0xb37c004985eadecd73013037a27921d6c33a925016127f346e415b85e83a32ea;0xed756391;0x9268ac53L;0.500000;1503100287;1503100288
0;96;8048;0xbe05c375a563b254c2b2279264331ca39eb8cf3fef08e696ac7527d19377c251;0x19cfeca1cf73248da9b5ecc7975bab41f8e0485a693864f3aa66266b00d7a8a3;0xbe20ef02;0x65eacc13L;0.500000;1503100288;1503100288
0;96;8048;0xbe05c375a563b254c2b2279264331ca39eb8cf3fef08e696ac7527d19377c251;0x19cfeca1cf73248da9b5ecc7975bab41f8e0485a693864f3aa66266b00d7a8a3;0xbe20ef02;0x65eacc13L;0.500000;1503100288;1503100289
0;96;8048;0x90a1024db6a6ab161e45bbb995e37a51fc8cabfedce60aaa4e9ef9af0db6ab9d;0x0341ee2374f132ab494a8038e7b26acedf93d26fd37b3d83e48a3f5bd6c8a276;0x47da99fd;0xc6113878L;0.500000;1503100289;1503100289
0;96;8048;0x90a1024db6a6ab161e45bbb995e37a51fc8cabfedce60aaa4e9ef9af0db6ab9d;0x0341ee2374f132ab494a8038e7b26acedf93d26fd37b3d83e48a3f5bd6c8a276;0x47da99fd;0xc6113878L;0.500000;1503100289;1503100289
0;96;8048;0x90a1024db6a6ab161e45bbb995e37a51fc8cabfedce60aaa4e9ef9af0db6ab9d;0x0341ee2374f132ab494a8038e7b26acedf93d26fd37b3d83e48a3f5bd6c8a276;0x47da99fd;0xc6113878L;0.500000;1503100290;1503100290
0;96;8048;0x253859f5f3def6200e790c2ef09f5ccbb642995efe3520a5e7b71e479cae29c1;0x51a9c6d4d3b3b53b0f509350637ca20abeeacf2306aa01a79269af1d20441189;0x89654a1a;0x5b808a40L;0.500000;1503100290;1503100290
