0;96;8048;0x58886e8b1d2c004e706937f06a9bfa530d9d4be73765f17232e8c1eac358b31b;0x2c8b95e2473be3093bc3729c17c65cf1685e7d07492063290956b57452443322;0x704235ba;0x312086f2L;0.500000;1503098987;1503098987
0;96;8048;0x58886e8b1d2c004e706937f06a9bfa530d9d4be73765f17232e8c1eac358b31b;0x2c8b95e2473be3093bc3729c17c65cf1685e7d07492063290956b57452443322;0x704235ba;0x312086f2L;0.500000;1503098987;1503098988
0;96;8048;0xb48d54fbf7a6e576a1bdbdd2f774af1651902014c1ef47bb125081cb2f18fde3;0xabe081bb3e00affe6311695795bffaa7fad7626a7ebe1d08f29f5d14b1138ce1;0xfb410bad;0x6061b18cL;0.500000;1503098988;1503098988
0;96;8048;0xb48d54fbf7a6e576a1bdbdd2f774af1651902014c1ef47bb125081cb2f18fde3;0xabe081bb3e00affe6311695795bffaa7fad7626a7ebe1d08f29f5d14b1138ce1;0xfb410bad;0x6061b18cL;0.500000;1503098988;1503098989
0;96;8048;0xb899512ee63655e7bec3eff7d7267aeeb463aefb9224ee5d30f5fa712ea130e6;0xa296fb1c31ee2f2dac76c1f994772af578a36ca8048583788f82d0c86ed4dd41;0x9e3c6b24;0x5463ee80L;0.500000;1503098989;1503098989
0;96;8048;0xb899512ee63655e7bec3eff7d7267aeeb463aefb9224ee5d30f5fa712ea130e6;0xa296fb1c31ee2f2dac76c1f994772af578a36ca8048583788f82d0c86ed4dd41;0x9e3c6b24;0x5463ee80L;0.500000;1503098989;1503098990
0;96;8048;0x6c9737b972c2a46a42ed94dd9506e5405951a21e3c94e6deca9ac4b74404e4b0;0x883f4e398856250f8694c1b613657a63d18030b285785b9937498c5f3c1601ef;0x42ee3810;0x644ac042L;0.500000;1503098990;1503098990
0;96;8048;0x6c9737b972c2a46a42ed94dd9506e5405951a21e3c94e6deca9ac4b74404e4b0;0x883f4e398856250f8694c1b613657a63d18030b285785b9937498c5f3c1601ef;0x42ee3810;0x644ac042L;0.500000;1503098990;1503098991
0;96;8048;0x77f31c73ff2a94c64b33c449775c9381632f4a2784488728ee8b80a8bc71fc33;0x075cbd75965833ad5fe122e069074a3f50d456d43176e3dbe23d06ab308abb7d;0x07745009;0xa0469417L;0.500000;1503098991;1503098991
0;96;8048;0x77f31c73ff2a94c64b33c449775c9381632f4a2784488728ee8b80a8bc71fc33;0x075cbd75965833ad5fe122e069074a3f50d456d43176e3dbe23d06ab308abb7d;0x07745009;0xa0469417L;0.500000;1503098991;1503098992
0;96;8048;0x166ee0c545c16517696ad09bd5945d42c02ab81173d3acc6ac07891861f75777;0xd75d6cd85a5112ac6a2c2456d5267797a82df946137c2c7ce05ddc3b299c1a78;0xd12b879b;0x2014069L;0.500000;1503098992;1503098992
0;96;8048;0x166ee0c545c16517696ad09bd5945d42c02ab81173d3acc6ac07891861f75777;0xd75d6cd85a5112ac6a2c2456d5267797a82df946137c2c7ce05ddc3b299c1a78;0xd12b879b;0x2014069L;0.500000;1503098992;1503098993
0;96;8048;0x5c07b04360ce8dca9d2ac0ac210af52d7477aeddf111198ccd320c4f2dd9878a;0xda510c892e4bbfb7df4b60aebb75918e78c70241a133ab3431afe6400a964433;0x9c997e20;0x580420d4L;0.500000;1503098993;1503098993
0;96;8048;0x5c07b04360ce8dca9d2ac0ac210af52d7477aeddf111198ccd320c4f2dd9878a;0xda510c892e4bbfb7df4b60aebb75918e78c70241a133ab3431afe6400a964433;0x9c997e20;0x580420d4L;0.500000;1503098993;1503098993
0;96;8048;0x5c07b04360ce8dca9d2ac0ac210af52d7477aeddf111198ccd320c4f2dd9878a;0xda510c892e4bbfb7df4b60aebb75918e78c70241a133ab3431afe6400a964433;0x9c997e20;0x580420d4L;0.500000;1503098994;1503098994
0;96;8048;0xae8947c680203e97c2491121f9da57b980f37a7bbf2d01df7d4c621168ee2c16;0xe95bee2f2e153106eac2d081cb4a172c9ef00256f1639cec6b91aefbb70400fa;0x539912c5;0x98088149L;0.500000;1503098994;1503098994
0;96;8048;0xae8947c680203e97c2491121f9da57b980f37a7bbf2d01df7d4c621168ee2c16;0xe95bee2f2e153106eac2d081cb4a172c9ef00256f1639cec6b91aefbb70400fa;0x539912c5;0x98088149L;0.500000;1503098995;1503098995
0;96;8048;0x4d8df8e95473c2277aa9fb7372cabac7b27e2a05839dd15189cfcb85e9ac6536;0x7a97d19eb142b66a8c9b0cf1bec952e13d8b3b0c8521947ed61e8b0d27e9f8e6;0xc675d420;0x3026018L;0.500000;1503098995;1503098995
0;96;8048;0x4d8df8e95473c2277aa9fb7372cabac7b27e2a05839dd15189cfcb85e9ac6536;0x7a97d19eb142b66a8c9b0cf1bec952e13d8b3b0c8521947ed61e8b0d27e9f8e6;0xc675d420;0x3026018L;0.500000;1503098995;1503098996
0;96;8048;0x4bca89ff4f1d9dca613d2ec7ebf4a9326d40199f3cace5efb25f856f2d6a5f78;0x6cc28fc3b27e0bd6dc631fd604fd9193532730b61cadc6e4fb23d2178ae09a53;0xe1af2f9d;0x2558345L;0.500000;1503098996;1503098996
