0;96;8048;0x212cc7f2a5cb4cad54d56810bc765eb010cf287b7864198e3a0f2bde8d252cae;0x72f291c2ee80df251443bf1a8061bc749bad44de065271d6d54fdf61827c46c3;0x42690248;0x25099c1bL;0.500000;1503213643;1503213644
0;96;8048;0x8a30cfc858d701b811bbebc60c3a0a79cbedc3c3b32f692e0f83ba4f3c6311c7;0xae8abda14c2662f421ab318ff389f5c9d7d371033ed85664093353244e886286;0x76a01a83;0x902b6a56L;0.500000;1503213644;1503213644
0;96;8048;0x8a30cfc858d701b811bbebc60c3a0a79cbedc3c3b32f692e0f83ba4f3c6311c7;0xae8abda14c2662f421ab318ff389f5c9d7d371033ed85664093353244e886286;0x76a01a83;0x902b6a56L;0.500000;1503213644;1503213645
0;96;8048;0xbd31b20a05ea60f00e326d339f3851bf27da0d262c5020c22034a51bb3766470;0xf7e6d2c8c4239b71216a760b81436bcf4ec14bf827b7a284aba1332b1fd2372d;0x0894ba69;0xcc035b60L;0.500000;1503213645;1503213645
0;96;8048;0xbd31b20a05ea60f00e326d339f3851bf27da0d262c5020c22034a51bb3766470;0xf7e6d2c8c4239b71216a760b81436bcf4ec14bf827b7a284aba1332b1fd2372d;0x0894ba69;0xcc035b60L;0.500000;1503213645;1503213645
0;96;8048;0xbd31b20a05ea60f00e326d339f3851bf27da0d262c5020c22034a51bb3766470;0xf7e6d2c8c4239b71216a760b81436bcf4ec14bf827b7a284aba1332b1fd2372d;0x0894ba69;0xcc035b60L;0.500000;1503213646;1503213646
0;96;8048;0x9ccd8205fe4b0eaabbd516ce2e677ca301b9fc03d4550d43f0cb01b79daf4f39;0x6f7cabdc4198f2d6400e02c166a8b791c783da6fc45eb62102c1ded5775988b4;0xb13217ee;0xeaa21810L;0.500000;1503213646;1503213646
0;96;8048;0x9ccd8205fe4b0eaabbd516ce2e677ca301b9fc03d4550d43f0cb01b79daf4f39;0x6f7cabdc4198f2d6400e02c166a8b791c783da6fc45eb62102c1ded5775988b4;0xb13217ee;0xeaa21810L;0.500000;1503213646;1503213647
0;96;8048;0xf247155964965c9a4513b10c3c455985a515d0cfd935225d6a6556ef44c6ba36;0x7d16dd91a83d901d0fa45d38c4943749f9b082efdaaab5605dd1a5e35b136850;0xb4d7c12f;0xea419805L;0.500000;1503213647;1503213647
0;96;8048;0xf247155964965c9a4513b10c3c455985a515d0cfd935225d6a6556ef44c6ba36;0x7d16dd91a83d901d0fa45d38c4943749f9b082efdaaab5605dd1a5e35b136850;0xb4d7c12f;0xea419805L;0.500000;1503213647;1503213648
0;96;8048;0xd20d1382f08cfe241b63da5fee58e1117ba46982b69f1d7d8868cc8ea48db176;0xd48636e1dad2e8b4591fcf00d19cab65ed76d6ec00087b4489a8a10b31c8dcea;0x4a1e83c0;0xeffff330L;0.500000;1503213648;1503213648
0;96;8048;0xd20d1382f08cfe241b63da5fee58e1117ba46982b69f1d7d8868cc8ea48db176;0xd48636e1dad2e8b4591fcf00d19cab65ed76d6ec00087b4489a8a10b31c8dcea;0x4a1e83c0;0xeffff330L;0.500000;1503213648;1503213649
0;96;8048;0x9e51fc1e0fb64ce63cb3740ef2504e753e7c97d2fd2e3c71453097923248a4d0;0xd6365b3b545dcf30939e5cbb9b7a561300c64d70b68ac73fad49114ce4a7b57c;0xe1e2f44c;0x4895324eL;0.500000;1503213649;1503213649
0;96;8048;0x9e51fc1e0fb64ce63cb3740ef2504e753e7c97d2fd2e3c71453097923248a4d0;0xd6365b3b545dcf30939e5cbb9b7a561300c64d70b68ac73fad49114ce4a7b57c;0xe1e2f44c;0x4895324eL;0.500000;1503213649;1503213650
0;96;8048;0x6dd8bbd8d67a6e407b10587999db55760b1ec75c0a4cb3b68febb9643f3e8aad;0x99e1dd98fc75d7396e857cc93791565b0d5d71e37d0061f4712dd32f18ee501f;0xf7859392;0x84266a9bL;0.500000;1503213650;1503213650
0;96;8048;0x6dd8bbd8d67a6e407b10587999db55760b1ec75c0a4cb3b68febb9643f3e8aad;0x99e1dd98fc75d7396e857cc93791565b0d5d71e37d0061f4712dd32f18ee501f;0xf7859392;0x84266a9bL;0.500000;1503213650;1503213651
0;96;8048;0x7a36dda5ecdf612188249c5e444708260cf9ca5a22eb7f61b49650c59bd10d15;0x16bb353ac95dddba0c8f5b36ae0a4fd0f28f1c3ec9dcdd5426b6bd928347aac9;0xc6290adf;0xaa01881eL;0.500000;1503213651;1503213651
0;96;8048;0x7a36dda5ecdf612188249c5e444708260cf9ca5a22eb7f61b49650c59bd10d15;0x16bb353ac95dddba0c8f5b36ae0a4fd0f28f1c3ec9dcdd5426b6bd928347aac9;0xc6290adf;0xaa01881eL;0.500000;1503213651;1503213652
0;96;8048;0x9c3c5e91ba9c5abf93dd4ad6044339b68c2ee4aa527d9eaa57c107b5f5d44791;0x35bde2c5a663d068fdd747b9516cd38154d0fcd05cb97dc8945a7e3e75f793cf;0x4043f41b;0x560af012L;0.500000;1503213652;1503213652
0;96;8048;0x9c3c5e91ba9c5abf93dd4ad6044339b68c2ee4aa527d9eaa57c107b5f5d44791;0x35bde2c5a663d068fdd747b9516cd38154d0fcd05cb97dc8945a7e3e75f793cf;0x4043f41b;0x560af012L;0.500000;1503213652;1503213652
