0;96;8048;0x09f28406bbbb22e9d0c6e7507268ad371155feca4ef689b0cc1e9c10c906d9d2;0x471e0ec7e59baecb670793eb8322d938277b29bb999559b2bd04657aed646e67;0x2f71ca41;0xea0a4412L;0.500000;1503074886;1503074886
0;96;8048;0x09f28406bbbb22e9d0c6e7507268ad371155feca4ef689b0cc1e9c10c906d9d2;0x471e0ec7e59baecb670793eb8322d938277b29bb999559b2bd04657aed646e67;0x2f71ca41;0xea0a4412L;0.500000;1503074887;1503074887
0;96;8048;0xa088966de92c6f1c9f31f66fb22a7d1b990a65087a0e4699f162d8ec93d62334;0x69d99c8916d8e345d93be729f2ac0c22d46cfe32a8d5960d3569cfd7b723a91b;0xd6679785;0x75011616L;0.500000;1503074887;1503074887
0;96;8048;0xa088966de92c6f1c9f31f66fb22a7d1b990a65087a0e4699f162d8ec93d62334;0x69d99c8916d8e345d93be729f2ac0c22d46cfe32a8d5960d3569cfd7b723a91b;0xd6679785;0x75011616L;0.500000;1503074887;1503074888
0;96;8048;0x9e08cebb4099f7761722d85f05db0d35000959c2ab9fa71b87a7deeddb547779;0x47fce59cbb916276d5767263891f6a2c3f7131294e02246bf4cb8d14fef1a2b6;0x49493d08;0x4035e960L;0.500000;1503074888;1503074888
0;96;8048;0x9e08cebb4099f7761722d85f05db0d35000959c2ab9fa71b87a7deeddb547779;0x47fce59cbb916276d5767263891f6a2c3f7131294e02246bf4cb8d14fef1a2b6;0x49493d08;0x4035e960L;0.500000;1503074888;1503074889
0;96;8048;0x5bf7f2c5749fa684bfbc9f48b227b54ee0d8c9c92a81ec77155dcf6782316add;0x1a80524c567c156c0ce7775e192fa08772b07e5a23fe203fa732477754aa9d0f;0x39a2a8b5;0x418042b0L;0.500000;1503074889;1503074890
0;96;8048;0xbfe9e670d836d7a384050c20f7524e378e902050af99796459ccb64706c323c6;0xf3843bd34037bc6f45670e9cc9bf9957783c457ff2673e6b67e16cad616db513;0x680a5ab7;0x2160ec02L;0.500000;1503074890;1503074890
0;96;8048;0xbfe9e670d836d7a384050c20f7524e378e902050af99796459ccb64706c323c6;0xf3843bd34037bc6f45670e9cc9bf9957783c457ff2673e6b67e16cad616db513;0x680a5ab7;0x2160ec02L;0.500000;1503074890;1503074891
0;96;8048;0x3b59a5ef7a1fdc84c23729ca55258439a4548328bb7a5895c73e4e12ba7584f5;0x4efb1743ae1e6150454a877774152beb25250ab61b0e61dd5f1ba7a9e8bc358a;0xa33a7658;0x594a2582L;0.500000;1503074891;1503074891
0;96;8048;0x3b59a5ef7a1fdc84c23729ca55258439a4548328bb7a5895c73e4e12ba7584f5;0x4efb1743ae1e6150454a877774152beb25250ab61b0e61dd5f1ba7a9e8bc358a;0xa33a7658;0x594a2582L;0.500000;1503074891;1503074892
0;96;8048;0x821e31edc96e9659cd01e2796b31e96bede7048e8be999b211031c2c94967116;0xca957f70a6cecc718fd8470302f1bd99353d3b6f17eef72be430677adbe8b953;0x434f44f6;0xa4ba701eL;0.500000;1503074892;1503074892
0;96;8048;0x821e31edc96e9659cd01e2796b31e96bede7048e8be999b211031c2c94967116;0xca957f70a6cecc718fd8470302f1bd99353d3b6f17eef72be430677adbe8b953;0x434f44f6;0xa4ba701eL;0.500000;1503074892;1503074893
0;96;8048;0x8ede5e90f62c05bbd87cb1b05cda904d92a021994ebed8d358c76d9a1df56bac;0x6e1bf8c9f802df73919e3e05234da619c14187f3ff4ca7ca4dd943d6f4638fbe;0x96855eeb;0x5b1a2cccL;0.500000;1503074893;1503074893
0;96;8048;0x8ede5e90f62c05bbd87cb1b05cda904d92a021994ebed8d358c76d9a1df56bac;0x6e1bf8c9f802df73919e3e05234da619c14187f3ff4ca7ca4dd943d6f4638fbe;0x96855eeb;0x5b1a2cccL;0.500000;1503074893;1503074894
0;96;8048;0x09ec9b69f4fcce3cd587239cb22aadd8cae0110ce8d978a7fdc8b96396b1bca0;0xac992403c4e0e25202c18bd3604bf8120ab3609eab298090c447c2a43e4e92b5;0x819a19e8;0xc9882402L;0.500000;1503074894;1503074894
0;96;8048;0x09ec9b69f4fcce3cd587239cb22aadd8cae0110ce8d978a7fdc8b96396b1bca0;0xac992403c4e0e25202c18bd3604bf8120ab3609eab298090c447c2a43e4e92b5;0x819a19e8;0xc9882402L;0.500000;1503074894;1503074895
0;96;8048;0xe5f528deb5eefb4c13f0b45401a2fbde1961547a48a8d07716a21c37172381fc;0xd3e0ef9ccac4f54b774517d36799ea8dc470354e85f5009be5b7cb8ef49da31c;0x87f386ef;0x225eaa1bL;0.500000;1503074895;1503074895
0;96;8048;0xe5f528deb5eefb4c13f0b45401a2fbde1961547a48a8d07716a21c37172381fc;0xd3e0ef9ccac4f54b774517d36799ea8dc470354e85f5009be5b7cb8ef49da31c;0x87f386ef;0x225eaa1bL;0.500000;1503074895;1503074895
0;96;8048;0xe5f528deb5eefb4c13f0b45401a2fbde1961547a48a8d07716a21c37172381fc;0xd3e0ef9ccac4f54b774517d36799ea8dc470354e85f5009be5b7cb8ef49da31c;0x87f386ef;0x225eaa1bL;0.500000;1503074896;1503074896
