0;96;8048;0xa4e96ad64c07669e921b8bef38af94c6c11cfa6b7e553e623eb3a3a7cf70c374;0x67ad082acab4bbd030d3e278a3409e4e44b26f015451cc040ae575a8c23a5b8c;0x0f27c71f;0xe8048452L;0.500000;1503206508;1503206509
0;96;8048;0xfa4dfa0fcb4825b6560220fa04bb0e56d24159d478bff9ac9c1b347b20f0531a;0x5d8a0d72ab8ea47527a980b62bb52edb9af6063eccf009f97507b59c59aaaf50;0xd0e22a35;0x4d21a496L;0.500000;1503206509;1503206509
0;96;8048;0xfa4dfa0fcb4825b6560220fa04bb0e56d24159d478bff9ac9c1b347b20f0531a;0x5d8a0d72ab8ea47527a980b62bb52edb9af6063eccf009f97507b59c59aaaf50;0xd0e22a35;0x4d21a496L;0.500000;1503206509;1503206510
0;96;8048;0xe21cee6c0930d4f5ff84fdeec0bdd42c3e374be3e33b331afd65cd6cbcb62d9e;0xfb534c65c50a151e9cde076931d90742b7fe78190e8111b01787e1bdbfc738d3;0xa3a80513;0x44878bc0L;0.500000;1503206510;1503206510
0;96;8048;0xe21cee6c0930d4f5ff84fdeec0bdd42c3e374be3e33b331afd65cd6cbcb62d9e;0xfb534c65c50a151e9cde076931d90742b7fe78190e8111b01787e1bdbfc738d3;0xa3a80513;0x44878bc0L;0.500000;1503206510;1503206511
0;96;8048;0x449d609a76630dc1f8c3d90015e39fe4459e80c91e7813056b75f19911a44055;0x167ee8626ddb634d4b1710a6b3909f3ab67cef5ef5d80eb122781cbaea7dd279;0x90d8b43c;0x12101e90L;0.500000;1503206511;1503206511
0;96;8048;0x449d609a76630dc1f8c3d90015e39fe4459e80c91e7813056b75f19911a44055;0x167ee8626ddb634d4b1710a6b3909f3ab67cef5ef5d80eb122781cbaea7dd279;0x90d8b43c;0x12101e90L;0.500000;1503206511;1503206512
0;96;8048;0x77e55961155433aa1ab7cf43de2ac2894f0b52a3ab701af421729a613f582bb7;0xa665beb745b2ed133eab99967ce25bcdd8026cf4520fdb5f720906c1cab68ec5;0xcc197c44;0x5062188aL;0.500000;1503206512;1503206512
0;96;8048;0x77e55961155433aa1ab7cf43de2ac2894f0b52a3ab701af421729a613f582bb7;0xa665beb745b2ed133eab99967ce25bcdd8026cf4520fdb5f720906c1cab68ec5;0xcc197c44;0x5062188aL;0.500000;1503206512;1503206513
0;96;8048;0x28b8158f881f1e4b0e72edb4fa2080f2b9da8f9c480159e67d4a2900860a07af;0x8909999fe4a8ad67db44d4a6abe6b3fb31ed45ca95be08e6c7c38725b445edeb;0x35a20e11;0x18d92282L;0.500000;1503206513;1503206513
0;96;8048;0x28b8158f881f1e4b0e72edb4fa2080f2b9da8f9c480159e67d4a2900860a07af;0x8909999fe4a8ad67db44d4a6abe6b3fb31ed45ca95be08e6c7c38725b445edeb;0x35a20e11;0x18d92282L;0.500000;1503206513;1503206514
0;96;8048;0xd988941c599f9284d0e420bcc46e351866ecee1ba9901b310b437b48b128798a;0x100d416c1d380b566aef6a491973cbd97f6c0d08e7f1ad587820a84c210a042b;0x01e9ba99;0x1a513820L;0.500000;1503206514;1503206514
0;96;8048;0xd988941c599f9284d0e420bcc46e351866ecee1ba9901b310b437b48b128798a;0x100d416c1d380b566aef6a491973cbd97f6c0d08e7f1ad587820a84c210a042b;0x01e9ba99;0x1a513820L;0.500000;1503206514;1503206514
0;96;8048;0xd988941c599f9284d0e420bcc46e351866ecee1ba9901b310b437b48b128798a;0x100d416c1d380b566aef6a491973cbd97f6c0d08e7f1ad587820a84c210a042b;0x01e9ba99;0x1a513820L;0.500000;1503206515;1503206515
0;96;8048;0xe441408a78b92346abbbea4716059b7b3f84e6f65eb61079de5a77efd6d298ba;0x0b459a210b538bd2ce6a1a101c089dfda5392cf5e82e597c96660eebe7ae83bc;0xb15cf716;0x46b036a2L;0.500000;1503206515;1503206515
0;96;8048;0xe441408a78b92346abbbea4716059b7b3f84e6f65eb61079de5a77efd6d298ba;0x0b459a210b538bd2ce6a1a101c089dfda5392cf5e82e597c96660eebe7ae83bc;0xb15cf716;0x46b036a2L;0.500000;1503206516;1503206516
0;96;8048;0x875567b3071e2225299ffdc687ffb4da568fa870fd2fe16632a5117d8c91c113;0xe592ee9a2b6057ff05ae16487c5fb8d4c555eb991d7944672d1259371b81832e;0x4a3734de;0x907c42daL;0.500000;1503206516;1503206516
0;96;8048;0x875567b3071e2225299ffdc687ffb4da568fa870fd2fe16632a5117d8c91c113;0xe592ee9a2b6057ff05ae16487c5fb8d4c555eb991d7944672d1259371b81832e;0x4a3734de;0x907c42daL;0.500000;1503206517;1503206517
0;96;8048;0x21fc18982b4eee788bea72bd777180a309db51c4bd8918e330e2470d5f5ba281;0xa3b16707b3502b1d7393882566a4d4ece6e3aa023e86fd784d88753675d33816;0x21fab890;0x8ea46c1bL;0.500000;1503206517;1503206517
0;96;8048;0x21fc18982b4eee788bea72bd777180a309db51c4bd8918e330e2470d5f5ba281;0xa3b16707b3502b1d7393882566a4d4ece6e3aa023e86fd784d88753675d33816;0x21fab890;0x8ea46c1bL;0.500000;1503206517;1503206518
