1;8096;8048;0xcbfceaa72d3ea4c20304b64bf3a3a723ced0e4b512d4233980048ee60e8d3dd9;0x839fe8cc22d8b025d874cdd2cf6ef30975eb540c7810ecec7360777b23834e65;0x1e00fb7c;0x1e00fb7cL;0.500000;1503084601;1503084618
1;8096;8048;0xb1f9a74d1d9662e71871fd2cae7e2d0439258a3e1f46e33e62136bbcf5ba49a6;0x8fe365837afd36a87ce1b57c56ec6e803414582006801915131d86e75d289fd4;0x35b73224;0x35b73224L;0.500000;1503084621;1503084638
1;8096;8048;0x474872b2bb867c10eaa428b4d9030e4441f9f82b2b910b7f90fa05f60a33e552;0xe99f8fdcd6cf04417050a87c9ffc0160ec35de99aeec0279d95a9f8199e329c3;0x483d79ab;0x483d79abL;0.500000;1503084640;1503084658
1;8096;8048;0x9dc3d32c0324b808c4a642d56659db97cf08552a352914f82f93a1ce5f2a96fc;0x422edfb2fd618f187868810de5659196a49397493cc3f1fb47641438baa8172a;0xeb875138;0xeb875138L;0.500000;1503084660;1503084677
1;8096;8048;0x1d6962f835498752be32c3cc2b9560edb587395e6fe738259904553ce3b25e00;0x0cccda674614d4b246615d532ebbb19471d3b587caaa6ae6c6f09196311196b3;0x7f319df9;0x7f319df9L;0.500000;1503084680;1503084699
1;8096;8048;0x79c57ca043f65e55f5160267fbc9a3376edac0c49d0de111eaccd18bd632744f;0x957417802b975875a31240839514bfbb1c407f05f1d86201f6336d976a51e1bc;0x743c7f64;0x743c7f64L;0.500000;1503084701;1503084718
1;8096;8048;0x8d43b25ba1f4133bc7fb3867752fcf951ae46833a7df1bbaabf2f684a86f8235;0x8d3f5054506748143e93b72d45ad8fad50649374b1f893ce9145cffd0e089724;0x6f76cb80;0x6f76cb80L;0.500000;1503084720;1503084738
1;8096;8048;0x2a985f5c955484cc4aa8c4eae6c6c9a7c0356d747cacf994a831339cf4629a1e;0xe6e4cc858192fd706dbf94d8729ffb367acf2bf6e94bbc63bdebf9e8cba002ea;0xbc47c963;0xbc47c963L;0.500000;1503084740;1503084758
1;8096;8048;0x0cd35e9eecce63172259e02a514632036c858ad8d41de9a76c2e0d39d1e8e0de;0x9b50b7743d1fbb28a16c964785e2e662acfbba04eff3b464b96e7d506955aa0c;0x99d342c1;0x99d342c1L;0.500000;1503084760;1503084778
1;8096;8048;0x4ffc989e66fd6944b1741d3f32c501cd0b33520d88d13026034a1f4c2fbdec7e;0xab340afaa4f1b85df284e82f8cc6c95e6cbff2d31e30a772c2006177ed7e402d;0x065f14be;0x65f14beL;0.500000;1503084780;1503084798
1;8096;8048;0x19884ed08d48278a4c9b6b00e599a4d2dbf46be60e0febb8fb7f713242eae85b;0xacebc608313315f0d51a19e3a5aed49cb5429e38a5c4bd05cda8749a0a9341d5;0xbf932c60;0xbf932c60L;0.500000;1503084800;1503084818
1;8096;8048;0x644d9f97825f1c835c306fe141d834f31fc8d6bdd33adfacc77170f40cf6c670;0x4223bbcd1420d106136a6f6f527061afefdfb7504466111f4b2243099678a835;0x63e25642;0x63e25642L;0.500000;1503084820;1503084838
1;8096;8048;0x64a7f2514804efa7ebce1dc58bc4776f11cb76637ac60ee8ed5a81f9a3e6c407;0x356ad3a82cfc898c2cf33a85b7b38bccfd288863a67acff50c7eaa4bf3ac5ced;0xf2846dbc;0xf2846dbcL;0.500000;1503084840;1503084858
1;8096;8048;0x11c76df5033201b5f8ebb33895021b8441e70544f8bce561bf4954f8f1f4ac02;0xe039b673eea5daee43957dc10214f6cf2bab624b74f5523f5ecd36dc142c0bf0;0x7c168f97;0x7c168f97L;0.500000;1503084860;1503084877
1;8096;8048;0xdf3c98fa5aa685b084ed421d781a388d598f557c45a0cabee820731dd15ed1b0;0x7e46bde7f4410e3e47081748172b7e46c5bef019ac98de9747b992a2b230dfdb;0x36ab2322;0x36ab2322L;0.500000;1503084880;1503084897
1;8096;8048;0x739c769e957af2afc29f9d0755b520385a7e9ec6acf0ab9f42fa4a0edada984d;0xf332ac697a1f1863a28fc26f8f0d9693d8ba2d5d96aadcc1096ef8419241701b;0xe889cd10;0xe889cd10L;0.500000;1503084899;1503084917
1;8096;8048;0x73cd48339e82069f32c726a467e3b7a6c70d5919bbce7f8340effe088b4545fe;0x410e6012038ce7894501457d1860eec73a55696f6a8b9ffa9cafd4421e352ada;0xcb25a071;0xcb25a071L;0.500000;1503084919;1503084936
1;8096;8048;0x67732577c9f1224d47dc2d409f14a08345df889bfeff9ca6b4cf6c2cfc04fc63;0x44696e25da15fc9fb9c4c4ac94973719b3b17b7531aa9fb8ce39558ca6f64ef9;0xc7eda764;0xc7eda764L;0.500000;1503084939;1503084956
1;8096;8048;0xaafad4b348a56427f4d80caaaa9294e1f03bb65295be07b6141eba22a089504a;0xb6d20a34aaac1b1b40801a09f7978500f848160f610fa598482fd715848b141e;0x015a3774;0x15a3774L;0.500000;1503084958;1503084976
1;8096;8048;0xa3591d0a5433f1e7bc7f1885d9f7d5a2d4762765ef6851f65e7614055a1b8afd;0xc7800eec007b04486652eabeb1772567a977e2bf35044bf705628ae42f3a21f6;0xa96a4b27;0xa96a4b27L;0.500000;1503084978;1503084995
