1;8096;8048;0x92e851a30ae45769e1d01519f55711e0e94df00b148cfb74bd2f215d91c92223;0x0d22c9218fbc6a266e440f3f94c9fc990360745046835a074d17d34086c1f467;0x919bbcdd;0x919bbcddL;0.500000;1503118244;1503118259
1;8096;8048;0x2296f33d004c44460a6c1938d3ec6c5baf76f3a7611bcd92fe9a29492f13ae51;0xcb8e9cff7d388784a6ee0adff42fa36f292c4e3e3591a087f38a1ca145a6c5b7;0x24f9917b;0x24f9917bL;0.500000;1503118261;1503118276
1;8096;8048;0x2b2e4462a5eb2df00cd5949a8d84f11b5a654bcbc7aeada55617ad5db9192ee4;0xc851693327d51450f78e2fefa5fcbf6f468b064e1a5b279dc2b1cbd658879cd4;0xd29f7662;0xd29f7662L;0.500000;1503118278;1503118293
1;8096;8048;0x08be455db07ebe341872d7ce37b806d536280d875b2c69739a329becee56d7f6;0x4d40712508fcb49b19ab8f316ccad8bc4d17999b37e1dfb0aae82db16a74b403;0x2a79d27e;0x2a79d27eL;0.500000;1503118295;1503118310
1;8096;8048;0x7662fe8029274f8395b9a2bc5a1fce0b5951033c9b4b9a93a2c95a727f7d71f6;0xf75458532e00e62b76e5bee94f222af771c347241c5d2ca3bffe8ebca29f1d9d;0x18918139;0x18918139L;0.500000;1503118312;1503118327
1;8096;8048;0xfc4c6142ce7c6d1c474f238568b85b6bc6003daa4f4224bbd532df616147075d;0xa7429b75e3f6421819e558c0946ca7fff3d4ac2e6df00f894dc04781fdaabb3f;0x824c79bc;0x824c79bcL;0.500000;1503118329;1503118345
1;8096;8048;0x5406ac597d5cf49127e02a71e9aa6565767c5791895c9c8d9f94beda9bc17af0;0xd8e661c5587f0637dc64ce646e1bc06cd59eea6f54dbd990bfcd722c0553f789;0x0493febf;0x493febfL;0.500000;1503118347;1503118362
1;8096;8048;0x67e4d6f7110f2fa4bf678edafd250127850bdfde8192eb5a1598cc6f9bdb6802;0x7c6e966e839f7c6226b5c5d9b662ba896d0a6531f72ac4e4cd0fcee635262893;0x436b377f;0x436b377fL;0.500000;1503118364;1503118379
1;8096;8048;0xc53effe919942a33a07a69c73c43346a4d8431e04a8180b1834b984364a1d72a;0x4237d7ffab53f46e9ca22dc62ff9488015a4638168be956144b643619e7d6185;0xc8037806;0xc8037806L;0.500000;1503118381;1503118396
1;8096;8048;0x3464d04e4732b8abd788dc0196e2f2aa922a5a3fac4476473b123f7071f4c2a6;0xccd6355f7a1d3499663bab7e8962d77f3db4df4a7d7734726e782633c9484426;0xa72d6929;0xa72d6929L;0.500000;1503118398;1503118414
1;8096;8048;0xbaa9a1c084c7ccb142c8b45ffc70232f28226f95d946ba386879ce85ac8e9e66;0x06a7dd25bc0ebca2cb1a8da990633490b9d635261701d91a7125570d6850bd45;0xd1273136;0xd1273136L;0.500000;1503118416;1503118431
1;8096;8048;0x4738a544220964d1614ce16b3dec40dcb03b298467344c15d1f4526052ace699;0xe18e57692cbce8132b163620355f193f3acfadadcf08be092a7d32b170c08ce9;0x241e2c78;0x241e2c78L;0.500000;1503118433;1503118449
1;8096;8048;0xa9e3d157f7f6c7d31da348a79ab4a46438f5b4bfaddbabbadf44a6936b150314;0xebc6b0ae60368eecdc6009f44e2096ae3d1cbd31e8ac3946dcf8b965cf1c2c54;0xe71fdf2d;0xe71fdf2dL;0.500000;1503118451;1503118466
1;8096;8048;0xdf0f0956f6b16961b98ebae7885d6490541a6d874196f447d1241e0e61343c40;0xc53564758af0862b2d7e2911d1eafc1414906e11171d5503cfc3c49f01dcec48;0xf202bbae;0xf202bbaeL;0.500000;1503118468;1503118483
1;8096;8048;0xb3c68fac2e138143e4fc13fe9eff1bb4a644dbcbb7d1ff56733cff28a1bfa754;0x3d4dddfd145f04906eef08712272dc2fdfc3cb8c6437c4bd0466cd270ffc1da0;0x39af431f;0x39af431fL;0.500000;1503118485;1503118500
1;8096;8048;0x00cc9ad92a45486a6d5b1af74e551bc67b981a0cf9d7fb0a71bd049128bb9928;0x1bffadffbc8bcfa72d600f279c7d3616d6a7134518980f3773758fde2c964e64;0xcd5af7df;0xcd5af7dfL;0.500000;1503118502;1503118518
1;8096;8048;0xbf9f751a1128ebda7696db994ebbbce54e34f0f90ea80672c717ac6d5fbea11e;0xd8af9cf3bfb38502806fd721924cceb757b931586ffa1f733f51d405dea5ad71;0x27f57226;0x27f57226L;0.500000;1503118519;1503118535
1;8096;8048;0x73e4b2c94bf148f41e23e8b6acff49c253dc1b7f1e5f8c6fa2f94a9810c70783;0x197143683cfb71222d6c64473f1a78c504996b7618e79cdb3d6fcdfaf870b31e;0x6f49bd12;0x6f49bd12L;0.500000;1503118537;1503118552
1;8096;8048;0xbace3e566a27635aec5cc00e55278ddaa2137406965963591f0f1f2ffdda53b8;0x78968f899029d72dff8cef9011b76e7d915c06249a781abf65d5a00ef5330930;0x256b24c6;0x256b24c6L;0.500000;1503118554;1503118569
1;8096;8048;0x19efadcc8563681e0bd9db6c474d857c645b1afc6b849401f064dc743d078157;0x22cea44240f2de83b479408b3a2168ed12e5c297ccd30132b4d0c594da0a6689;0x3dae1b6e;0x3dae1b6eL;0.500000;1503118571;1503118586
