1;8096;8048;0x4fee661610df288f3d3f8ada44470c7f5ab4eb96a7bd556657c2f7ae95878ee4;0x764d1771d00c95108f66a72fd8426633c0ce30e874515120f269d32959bf8cde;0xe7aee4fc;0xe7aee4fcL;0.500000;1503099135;1503099149
1;8096;8048;0x5e6ec863404ab1bff64dcb3c19a06c2dcb9acfcfbde41816981bb31e1cd1e57b;0x0171797d99579637766b4f880809ba4a0f062418d4cebbcac77d4d23f1b38c1f;0x58ed1935;0x58ed1935L;0.500000;1503099151;1503099165
1;8096;8048;0x2d66d89a68b7d4f8c7a9b8926af9a2626ee4855a278400ef6957bb6ebb1c74e8;0x13a106dce85a61887d480a057a0534a1ace22149a90bf084ba3f45bb1a979f04;0x95d7e365;0x95d7e365L;0.500000;1503099167;1503099181
1;8096;8048;0x4158b426108ef0fbaed2a55dc5850ca427d31d600e668a1ae1e3337710da5851;0x5b8cdd5f66044dab24ff3d0b97c67ea364d8361bf7ccf99331e456d90ce00056;0x883b972d;0x883b972dL;0.500000;1503099183;1503099198
1;8096;8048;0x47745c9db0abb404265433a1e7a221ab19e6d5c82b1136a379a10b1cc4c35b0b;0xb22f25e6a5e575aa152f624edc9b0b3826d049bc4aab99edc53e9bbea06efd96;0x55e30e18;0x55e30e18L;0.500000;1503099200;1503099214
1;8096;8048;0x24ae506c7569e0e2fa7e0a672d0922b4fa103e6abec72422a3ce075e811fb0a6;0x90d534a69c42391de339669e8f759a49f325d3ff109df30248a796602bf2fa14;0x99e00cba;0x99e00cbaL;0.500000;1503099216;1503099229
1;8096;8048;0x361ab4af12c9293591225b38d6929832378ed864c230b5fb346f8406e9271e20;0xa3ad2c5c8a01c426f37135e82bbe44d9445d996ef8be626311d461692e1848fd;0x7c5423ec;0x7c5423ecL;0.500000;1503099231;1503099246
1;8096;8048;0x4a6b4e80a6742c0b6e9ef259b02291f9adefb6c000304eb9a518d78f71d70cbc;0x4cc42dd70e8a1ceba922707b6800b6f95f383f39a4e3d7ea7c445396eddb3f92;0xf312622c;0xf312622cL;0.500000;1503099248;1503099263
1;8096;8048;0x6bbccbd42a8659290cafad94f8c7d2aaf4cefe0f46cc5fac6f64d91c90697ffb;0x83a7f82a40954adbae2e381a0527310562ae4ccebbcac33cfd459693f8cf2326;0xf285b0a6;0xf285b0a6L;0.500000;1503099265;1503099279
1;8096;8048;0xfb31b36c32ba05d6303ca1e18d2346c11dfd80b7c392c73f2a4715a3a81885a3;0x62834e38a8017e4bfdf15ceca41234e9486a84d24c2a0e9f0a08fa865b3c6423;0xce1be0b8;0xce1be0b8L;0.500000;1503099281;1503099296
1;8096;8048;0x2a6c4296bb9318b48e6d9701cd9b078a54cd840c2153c6b68b5c7b947cdb84a6;0x6e79679421853f44e73c26138626cbce357144e80a9c5232a458f905f864fdd1;0x407945af;0x407945afL;0.500000;1503099298;1503099313
1;8096;8048;0x0cfe1e1d0f1070a452c6fca60cad36718de5ece8d2d6dddb703be68c5d4edd69;0x9f90c9006af5518c6de89f98940bd0d91055a484c652d11f889d1f63db9cddf4;0x5110c721;0x5110c721L;0.500000;1503099315;1503099329
1;8096;8048;0x14b0c0742c62e7db8d605c6def67c856983d0ce243c4386aed8274426b0b2d7f;0x50ea7e7a527a0db4424d90832966e8669b440bdbea94575b83617f522c25f755;0xaff133ab;0xaff133abL;0.500000;1503099331;1503099346
1;8096;8048;0x1a78b983e0bb6c016d278681fc210276008d0773e219bcbc7bdc53e2640c4e7f;0x30d8610fa8e1bfcedf8b7fe3648804b012f38c193d2364fe05a81dc8a74553e6;0x9daa361e;0x9daa361eL;0.500000;1503099348;1503099362
1;8096;8048;0x947ab9315e337224852a743126ff59d1290ea955d0b5465f3bd77e0499dcb12d;0x2c1621a9d04e9bf1d60931a0f9e8c04653b44472ebd79554a1f151a2f242437c;0xb5c82794;0xb5c82794L;0.500000;1503099364;1503099379
1;8096;8048;0x55272ee69531f42fe1183d5a10689e7868b6c92be4387b6f90e0875f3c685e91;0xf69253a04aa1b899dbd5cd1eee0549c6f5324e5737daefe16d1351d1f1d4f88b;0x7d7fcc6e;0x7d7fcc6eL;0.500000;1503099381;1503099396
1;8096;8048;0x843fec05a7bf4fc8ea70387f5418b5ff7a7e20f855a7c04e4094b154025b3b86;0x4b419d4c86c9a2a57f08a96fe3a182d64372d39d7453de861cf76b8aec36188d;0x4b64ae60;0x4b64ae60L;0.500000;1503099398;1503099415
1;8096;8048;0x94428c6273a3075c0d7d42673c05d6c9703848496b350ee20d6cc1659fdca733;0xef9aa24abfc0dcbc51152206db5bd2b8e1a3c8b700c9461833cb6e949b31bfb0;0x09243603;0x9243603L;0.500000;1503099417;1503099435
1;8096;8048;0x0aac49234b8ad46dba5c879243503a6497253b389f4118530e8014d4f29a78fd;0x19d7700725ee3e18c5f91344f49910da99b3ad5622178aa70dafe247dd31c39f;0x4d3f10ca;0x4d3f10caL;0.500000;1503099437;1503099454
1;8096;8048;0xafcf42ef06b56d097b664cadbae093d80e21383b7caa2eb756327a3d7301a022;0xff01b03419fdcf670d011f37f47481175016c7b0125fbf398d23aa3618aa3557;0x34959613;0x34959613L;0.500000;1503099456;1503099474
