1;8096;8048;0x250f0a5baf73020656de9e928ec48c12eea636d38e621af3837e4a401f8fd545;0xbd02a57c12f512ff4163a11375448944967cfe105f4f445ca4f2e06c9427c751;0xcbb46f91;0xcbb46f91L;0.500000;1503132741;1503132759
1;8096;8048;0xcef443098bb72a68bc0e98a475c42763f60277b9ccfcc16992e7abe646b4be14;0x3d1cbdb1cf1d0e88c09f7569fbbe9dca2889572f9657712b7c86526d23bfc03d;0xd83de522;0xd83de522L;0.500000;1503132761;1503132778
1;8096;8048;0x8880a14e085d489c8149703a3ce36834be4733e746c182513842d1b3d413675c;0x5266f4a4f7b5a9b093f661d46321d8a6bb59576b6c63fd644f13532ff8f6e1b4;0x96f6225a;0x96f6225aL;0.500000;1503132780;1503132798
1;8096;8048;0xf9e236bc4932817c23670ac751ce34b4005afb6a2b7b7a163cf34b7da608e1a0;0x724c82084749e227d2a76634eac79134c8acd4167c844760209157d877df6051;0xb290855f;0xb290855fL;0.500000;1503132800;1503132817
1;8096;8048;0x9bcfa00f609ce8d2da61153e78101ac4b7be56fd69771504a75fb634844d6220;0x7240676601564811c9a98b4dfd7ff2eb2c6c88be1f80db74af729276fcfd1e3d;0xa7ca48ee;0xa7ca48eeL;0.500000;1503132819;1503132837
1;8096;8048;0x28ad3607b9df30152a17ad873832bbcd4c95a714cc478b40050354f6ddfac805;0x261a8a638c8d48a1e6f61e5d5651bd8ac4c8e66eddfa18fdc87dbe286e622a61;0x90a2004c;0x90a2004cL;0.500000;1503132839;1503132856
1;8096;8048;0x615dfec2616c14bc2ed2f1a285ab1866e614acee93aa11b46705634d23d41084;0xb28f5ddbd9a6d82ad08e1526ef414dd04e6b2fd70ff0e053f1cc6b6e6cd03e6d;0x018658fd;0x18658fdL;0.500000;1503132858;1503132875
1;8096;8048;0x9f1e4b6856a385e9b4bb3981503a6ffe3fa01513419f90e591ed031a4afc98e9;0x25842083edb883e7b3f3126e478c2f472f501c0283dcc24fc413d2142c215982;0x52f5f694;0x52f5f694L;0.500000;1503132877;1503132894
1;8096;8048;0xab1872fc1f80a2906bdcd911f121ba038202630e3737a1d3ee2d72283112fadc;0x493472d6c8cea40f6b8fb33e225edd1dd0bcc79c395b7bb9bc5849df8d47c0ac;0xeae5670d;0xeae5670dL;0.500000;1503132896;1503132913
1;8096;8048;0x3b3bc77d5d39a57f7981476025f65d8107d49d87e94aa85d92c85e8770fa44ab;0x96e7f49fb6dda8db39497bd3f9aa0de5499633ced2ba43cbb59816df70209de4;0x333b6284;0x333b6284L;0.500000;1503132915;1503132932
1;8096;8048;0x17f37894466542aec4760178a9b3730f07465afabf1e59cf55da4708fdd0d414;0x17a0afcac0d3d4930d3977c069dd46dc6486c592e8f9981c123fa22c0246f27e;0x7047074e;0x7047074eL;0.500000;1503132934;1503132951
1;8096;8048;0x13607768ae64a771e15aec5b0bfa5f5ae42bbc4b1491e16ce70962b8a14be8b4;0xc6e19954ae05ce3bdd31e4129ba6b1cd9c64306100d6db513fc007831eac458e;0x3d54b972;0x3d54b972L;0.500000;1503132953;1503132969
1;8096;8048;0xbad683075e7f0dad893625647e5fce60e6f4db4a2ad383b6aa0607db18ef4ed3;0xff14f132571b740f4d4fc30c45a49f82fcf9dbf0b07ff59bc6eee28e5aa8d6d4;0x10b47834;0x10b47834L;0.500000;1503132971;1503132988
1;8096;8048;0xb116a7189f6be688e4b32935e22ad3695280f887c17e8bf8659274c51c468ccd;0xb1db63efbbffda3639ed4c50aa129f5023c95ecf38ca57433f0652db9647dcc8;0x17649e74;0x17649e74L;0.500000;1503132990;1503133006
1;8096;8048;0x1bac567471dc6c56357e357cace84a2f9cc6bbe92b6fee97e8669c07bca749d7;0x82002ac0d096f1eb5a9022426f4af2c35c044ef9e817a566e42bb699d8e6ec60;0x3c1dbd74;0x3c1dbd74L;0.500000;1503133008;1503133024
1;8096;8048;0x4dd89951c843b575a8deb87b3de55e8391f49775a8a4a5c0e330641f022daf50;0xd194a40a3d7eafca3a345ee712bfb915c288394fb3086078fcd224eb4d063dc5;0xa0d96848;0xa0d96848L;0.500000;1503133026;1503133043
1;8096;8048;0x9d23286d23a3c4c23429363de9df4244daf405a8599d378b244f6cfe8970d026;0x36480ec51b4eeccc9b47517b5afce4a89037f06ff03d6c55235e505c4fde5f7d;0xee30de61;0xee30de61L;0.500000;1503133045;1503133061
1;8096;8048;0xf8c3ee9b23da9aad56e309b09547279de28767b26fbca05231c6d0e69a27ad92;0x6a338c8093409ba066747b98af15a57abefea8e1c234f8bc593f826b6517bb73;0x506feb5e;0x506feb5eL;0.500000;1503133063;1503133079
1;8096;8048;0x2a8b194f549ae6f2c088c37197a5ee63b30e389d98a3f2e090c6e88897946ec2;0x93c1c3793d0dce620885452147ff4b97cdd8da1901b547948ace5eb628be3c66;0x37428749;0x37428749L;0.500000;1503133081;1503133096
1;8096;8048;0x95ee8157e42b9d32493c90ef3033f3f2fc876c910567cfb8056ff68f0072b695;0x4cdab78cd8dc5289ba1bf30039d39a5f403f16bb440981023d39e26cdac64861;0xc03dfe57;0xc03dfe57L;0.500000;1503133098;1503133114
