1;8096;8048;0x51a31f72a6e3dea6916dfd82c6f30475f289259c20b69f3d0d2015ef6e4531c0;0xd8b6e1f88fd12b77ee4a88b70f6f169a11bf7c6336f44e8ebe872a46b019d284;0x90f34bb8;0x90f34bb8L;0.500000;1503117581;1503117596
1;8096;8048;0xefbe124f1151b3616450d796fcb668ca3ba390031cf68e09382c87bb3754cc26;0xaf8e4d8439daedb5e955c924d2b1534136bd9d463822a585b253b1580709f669;0xe8c94dfa;0xe8c94dfaL;0.500000;1503117598;1503117613
1;8096;8048;0x8962783d9e6cd98cfd8e5c25c6e8d4a861077099bde93d24c573b4a513ba7b9d;0xa17fa5238250aca8d4fd11f7b226c8d8d462ee6174e178758c20910d3a9e3b4a;0x53a51b5d;0x53a51b5dL;0.500000;1503117615;1503117630
1;8096;8048;0x1a87da0396e5b32a13576d98aa3854f68c7a25662ce8e835f9b46ad7a83197c2;0xdf9a99d4988d0da2c9d110ac7615f06b0c36556b5ca13147cde0cf7c585287d0;0x83393cd8;0x83393cd8L;0.500000;1503117632;1503117647
1;8096;8048;0xc31cdffaf214ee3c41184e2cf165251b69e795998ff4d3fafa7b76464de43f10;0x02de08c739c78d7435e2064b89b8dcdb2fb6aa647cac70e45e3d64c7cb668ec7;0x920c41b1;0x920c41b1L;0.500000;1503117649;1503117665
1;8096;8048;0x3517c0637803adf47d2d0b3bf428aff4043cec65dc6edf32d0d49e33dd550612;0xeeb6941cdfe85ccb947d6630681cfa5a73ea3d6e97d5711e509ee28bdb059900;0x12841eb2;0x12841eb2L;0.500000;1503117667;1503117682
1;8096;8048;0x20d932a961245d79ed34c14ff4951bcea6b25eed6105aaabd838461e5c0cce7c;0x1e384d2fec54770df224ba514eaf325c8d95d9c42f6180ff45c7955540455cdd;0xb05e18e4;0xb05e18e4L;0.500000;1503117684;1503117699
1;8096;8048;0xe5bc2a357acaf4ed3e221c0d1684aebd1eb7abc0d058eefc0119c971d31a1db8;0xc83a5d5edbc6e462333dc0c7e13369fc2f0a08e433c2ec7c3d78fcccd7849451;0x56bf7bca;0x56bf7bcaL;0.500000;1503117701;1503117717
1;8096;8048;0xad23eb200bd4017d6c02a28b58e87dc854de72c0d7be907fef3282d4214296cf;0x1aa242fcb07f755df25e2c4269cad6274dcabc9997a672334c0729227e7f5a5d;0xd9d19a2b;0xd9d19a2bL;0.500000;1503117719;1503117734
1;8096;8048;0x3f9bfe5f0b518fbf375b510d3b1b7ee8deee1df5649c76d01b3b74d6c06a8f00;0x7f8f5c7d6483218bfcdcde17bce48e398c865dbf98e35cd4396fa7b03a545107;0x41b7d5ae;0x41b7d5aeL;0.500000;1503117736;1503117752
1;8096;8048;0x885b98a3c6e1a53bd0d94fab3d7481c2b9402e993219d4d431de56727fcf8f07;0xe23920a585f45b4f18ab3ec75997a0dc15bdf53c436e455e93d545f18dbcd2a5;0xdce2267a;0xdce2267aL;0.500000;1503117754;1503117769
1;8096;8048;0xb151af495e19fbba536fa01347b5f7ec554de19512b1912704025a12cedbc67f;0x3d0dd1b473d14056bee240df00bc0b060d98c51fa66c6080ae330abe6ec63d6c;0x6b31172e;0x6b31172eL;0.500000;1503117771;1503117786
1;8096;8048;0x61c25eb9fecd059e34fdef1402e0c1ca8b490a991d811ab5aa778c259ad04bfb;0x9a1e41f803d4e5895f1a69c63467a7c0fbdb27551c6c7d09bcaa331c9358c76d;0x430ee912;0x430ee912L;0.500000;1503117788;1503117803
1;8096;8048;0x9ed192703948675eb8242dfee2c94492726ec4745c56e58a999136a8e2a78780;0xb06d7bf2bc10b6f9d29cf379c2f6bc4f8347df04780f0355c00e7892933b2452;0x67476d46;0x67476d46L;0.500000;1503117805;1503117820
1;8096;8048;0xaae34fb68c0070ba32119780a2c8d71e0fb847cfff8b5b4f85e620e640e086ea;0xd01d56f9ab2983174e778af924b5f1a858a28d7ab8a9162e71a86a213dd44373;0xd175fc7e;0xd175fc7eL;0.500000;1503117822;1503117837
1;8096;8048;0x9471ba64f39c9a3d53a0650eca3e569112f7515b00941734c1fe64a3e9eca47d;0x62501ed7bda14b8dd44c0613d914d3089379dcd6558f0c3a2a885f9e29f1f5ea;0x2277179d;0x2277179dL;0.500000;1503117839;1503117854
1;8096;8048;0x94cac821183c1cc4431e0c043ccaf6ab67c2b2cca97edae4d744de6d665f80fa;0x016b54008ed495ded3f3cddb336057172ae1c54dff0d87d386204e8d32e99335;0x1161d046;0x1161d046L;0.500000;1503117856;1503117873
1;8096;8048;0xdaa97dbaaa7117cb2d421136dbeda02ec2b31cc6aaa59b602b30dd36b9244e93;0x50eb0b809c24b15d08180fe5f8278f72d9a87baa5a6384c103532773efda9c0b;0x96d81201;0x96d81201L;0.500000;1503117875;1503117893
1;8096;8048;0xa7f4131063a830d9d8b50b2189864e2d21bf45c92bf545f8d2f74716583b6bff;0x7cd4e18ee8f86666571f3bcd1ee2a2d489e754cc7ec34199e91e8cc79c76a00b;0x9ff9602b;0x9ff9602bL;0.500000;1503117895;1503117913
1;8096;8048;0x16adac20c306e20e5767f94e411db52e7ade4508b30c6d9d44d8743a0b5d0421;0x4985709425096eb851c041fb3769f8a7732b646ac48dadacfe68527107194274;0xc71da609;0xc71da609L;0.500000;1503117915;1503117933
