1;8096;8048;0x5a25e5a2c181973f643d2c14d9bef6abcf91f309e49b9314844214b876c0a9d1;0x56f78d632eb4209c18b10de9f3b18e8d943155aea8a1d3c291f2adc7c3fce279;0x9f93a00a;0x9f93a00aL;0.500000;1503136669;1503136685
1;8096;8048;0xe84b5dc099cf4e658dadfa220eeb15481435a513e699b1ade3b96eff8db37075;0x59cb3ae60d46ad6a7434a36d3ed648fd3da833565bc16a6f2fc60ef6b2b4672a;0xf72d847d;0xf72d847dL;0.500000;1503136687;1503136703
1;8096;8048;0x31a4bb0832b4756573da397673e5fc4fae3d51c91c01b62ce7fd9ca494b01bc5;0xe484e9fa803bf596f554f12ddd828b7e5ec0b3d3d2260bb33b2bf2fc39410e03;0x463fb4d0;0x463fb4d0L;0.500000;1503136705;1503136720
1;8096;8048;0xe0d9778de84b01ca0a15f1c80c9d9c54cf47ff036b4e63f6e90f755b251ed605;0x22d13cf1eb41b2c63aaa4a626ae3f6eb343e1c8793355d59042bc16669ac4c7f;0x4fa495a3;0x4fa495a3L;0.500000;1503136722;1503136738
1;8096;8048;0x3df7e5d14b6896bb772f458df3cc242aa309074140a6fd04049713e14fd1978c;0x9a3a4ded334e8f404b5f248a8b916b968c8b16dffef8f7de9747ce3d5e0b227c;0x20ab0411;0x20ab0411L;0.500000;1503136740;1503136756
1;8096;8048;0x54c9dacccba6ee1a38b965aa26a97438b7578541b0a36c92ab2e0cee40d3db94;0x87e315e94c298a7776f30aa598af1fa2701358b3a76f127b1653a5b324dc9daa;0x5fac9926;0x5fac9926L;0.500000;1503136758;1503136774
1;8096;8048;0x79085c6f16df03ee0f9a57bde22c1f12f688abce9d7f3b228a2a107072b4b0eb;0xefb790b530f045709377355f7357f49fcb7edc17e48ac382e552924e7ed7f96b;0x08278a9b;0x8278a9bL;0.500000;1503136776;1503136791
1;8096;8048;0xf2d342778732f4ad3c1096380eec372dad573102de3a7ba90103f61ccaf1d4bc;0xcb13dd30000c524ace73d194cfd44faa08225891798b13e9ab2d902ff250a1ac;0x271827a0;0x271827a0L;0.500000;1503136794;1503136810
1;8096;8048;0xf251eae2a71a8d6f0abb469a9341ee73f4ff83edff19250bfca88c4872cb0365;0xa6f405ff054e0286c373bcbf03cd80b33e292d9cc2762ee7b7a8af41582e1459;0xf642a242;0xf642a242L;0.500000;1503136812;1503136827
1;8096;8048;0xa899ee79c57a59728c46316d2680aa59759f5d3b1834cbe111ec3073df5a0787;0xde5c374597252868e8e66f5c464e1a2c4cdbedfee8fbd4ae395072e5a32ccead;0x8a9ee0e0;0x8a9ee0e0L;0.500000;1503136829;1503136845
1;8096;8048;0x81d4e0d5c572bee963ab1d015832b064f2c9ab3d7a456c30f9eec9df2c799aad;0x239e77b1279892d480bee3b804db034cd3c6798070ee0dd14972fab0e381677a;0x4f6bc402;0x4f6bc402L;0.500000;1503136847;1503136863
1;8096;8048;0x127493cd3aaac3aa7a1bb58ad2cd086767aeff9bc2dfba58e2a0feb93f02db51;0x0e149178d83d709b4c5708400c8c99faff2e8c64fedfd58ffa58d2b132646ced;0xfb72e0b9;0xfb72e0b9L;0.500000;1503136865;1503136881
1;8096;8048;0xbb2c6a58f2c0df22a8cc09a9cfc6f4a8907369390a49044b29d4985460f29c1b;0x725e54a31d9022a28aa915b62b4fea58856f224997d500061c2dc964aeeab942;0x676ee7ad;0x676ee7adL;0.500000;1503136883;1503136899
1;8096;8048;0x432050219a9aafc5919a7fe4e42e6d77b20cada4d96ce95fbe27d52de7bd812a;0x7a705ce62bc9eb4d1312696d7958a781a5fcaa0d4a496fd662a0194e49e484bc;0x582d3b89;0x582d3b89L;0.500000;1503136901;1503136917
1;8096;8048;0x020db3c704a82058ff5b6a061b28e705247a37b567431ea6b85a4a0af23289f4;0x1dc89bac7703cce77de2691cce29695168faf618159d3b242c7d2c33f9eec20d;0x20ec247a;0x20ec247aL;0.500000;1503136919;1503136935
1;8096;8048;0xc722c656fb96fb2cb566c4527fbb1af8223151485553ba199cf2bcb4ffebbdc7;0x07a0e91e43fcd54bc9c44bcd2950b5eddc864b1789ebf7dd2cc9ec3b277d0560;0x917f1e40;0x917f1e40L;0.500000;1503136937;1503136952
1;8096;8048;0xc243eef07fbfda79eeccc6afa1f067b4f7e92e51fbe00127cbbc906b7368a735;0x558d5a844524df4ed717db5e0ed8c996883163b7bb6accfe8d7eb70ce8354779;0x688e6435;0x688e6435L;0.500000;1503136954;1503136970
1;8096;8048;0xf675dfbf814d3fe9c0802dafc811355ac090ebb772f6cf5d236062f759eba64f;0x2b26e581464e85bbc56f8cf70e954e5f0c5651023cf3cc9cccb5f5171459c448;0x27302a7d;0x27302a7dL;0.500000;1503136972;1503136988
1;8096;8048;0x276946c8dbdeb1be0d26d6fe78fb0dbbfcfa7e0e973e053aaa57322093cf09ba;0x066a4e47e9bbc8aa2c0f5e24f081d527743ef8ffcb6d0cccb157e9da42ebdde0;0x44251aca;0x44251acaL;0.500000;1503136990;1503137006
1;8096;8048;0xde977cc9748c17f3330db2b4c087f64a68553c5da940f259358f92828a822169;0x032ec8ff163667ba7f60f22043d12e7cae7bf53a7f90d8fbfb1b084a08670011;0x3a18c620;0x3a18c620L;0.500000;1503137008;1503137023
