1;8096;8048;0x6b14fc1c963a6d199d21c5de9b401231f4c61d4fb51370bed44f00fd595c04c4;0xe70422879ff2517207a528539ff5f09cf554370d235876f4e35e7895b557befd;0x97ace9c9;0x97ace9c9L;0.500000;1503103055;1503103070
1;8096;8048;0x7bc752569cf67b77a1008221c850f0af9fc2448a96eb3c7f2a9c1d3b1487fd90;0xf8765399bd3cbce24a8828046c5810f8cdc478e0cf229b832c45cf1c606fb802;0x0d0e6040;0xd0e6040L;0.500000;1503103072;1503103086
1;8096;8048;0x49b2b46bb4f27424480aede42a6bf0e13718803435c4819c6c397d31938a24dd;0x5a6a9e5ff059874f89f093a8f399a14fdbe5a16211284bd407b9ec9c555acb45;0x0301a415;0x301a415L;0.500000;1503103088;1503103105
1;8096;8048;0x7c0810d6b58db28c1886d173445ae2d1673d6c8e91225b1f08a7d2726d5735e9;0xdcebe50fd920eb1412fa064f128add06fd6041658186d18015a031453a51c6ce;0x09c70759;0x9c70759L;0.500000;1503103107;1503103125
1;8096;8048;0xaf7a3c0ebd0c48e8e2a009208a5eddaccb053f521a869aeafc05ed826251ed12;0x6af85b26877d45e6da85909aa1f31ac73f3e848313057b0ecbbdeda6575ac65c;0x7143bb77;0x7143bb77L;0.500000;1503103127;1503103144
1;8096;8048;0x2225fac75565d6f7c554005efd31ec89cb0818c956983e1f44e00345b2f239d4;0x30f292fe026759e298457be206631f5d222fde2fa3c84c3cede21cde21380059;0xc20e69ff;0xc20e69ffL;0.500000;1503103146;1503103163
1;8096;8048;0xa0d1a358af0215a9a900009c2f2c843ebd35223847f33d309bcc651adb6ce67c;0x04cefe822e4dff7ae0ac766c29a01d322a3b75b8938d8ff86dce6372521bfadc;0x268aa91b;0x268aa91bL;0.500000;1503103165;1503103183
1;8096;8048;0x279873280e3afc9b553255e178f8358feff77793f7708bb4d5d7688ce614640d;0x40f25237e07efef587d6337c8b5e5329ef517c36b3e34e934ad0ce0f7e3b06fa;0x5a65b955;0x5a65b955L;0.500000;1503103185;1503103203
1;8096;8048;0xbc2c4a010abdece4cb318147139a214674ee88f3b7108d875f0405d686673742;0xa6ccb05b56efe2edb81b61ea02e487b5932c22bfbea0ff5ae18ebbeb7a441baf;0xef209168;0xef209168L;0.500000;1503103205;1503103222
1;8096;8048;0xaf9931932d145ecd1b8ffaa6f41d0abc4920d3250b0039c1552cb1a8daba6489;0xe0dd61307bc60795bec52a444b72c831d2f44463c658856f8352f0d0c0797b7c;0x3f6a1e77;0x3f6a1e77L;0.500000;1503103224;1503103241
1;8096;8048;0xe8c89ddd318c831c5ab6cc0608a6bb4f5b2359177984582a6ddc363d02a53fea;0x7e5ea875cbc4322c89a15d202845fbc485857895140f35df7601c5a106584b57;0x45032033;0x45032033L;0.500000;1503103243;1503103260
1;8096;8048;0x3c6760edb95473e0470a390d3c349eba5f9a646eb7e6b1ff722af887c830c104;0x26823f53c5a1a148bbfe98edae4cb9cca5628de8f41c2515735ca9d84256f155;0x29c51831;0x29c51831L;0.500000;1503103262;1503103279
1;8096;8048;0x3334a9efc76875b9276d2442c38ccc754f39af916b495b31802def48f5a54428;0x6987970ec59b5ddf8dc694f32a32530a5180810cccf025cd1a64a3499aa73f38;0xf8a24659;0xf8a24659L;0.500000;1503103281;1503103299
1;8096;8048;0xbf6236c0e2f96297ac9025f2808fc9e4ee6e49a40e6f5d3e7d601b6aac69ed6b;0xe736de6a9af89a69e4f2498cdddb57939ac7da555380b5c4e99df547f2a5819a;0x27fdd3d7;0x27fdd3d7L;0.500000;1503103301;1503103318
1;8096;8048;0x48fb1c915728866d18c50ef4e80ea6db778d49ee0498a9777f4420da566d159e;0x75e7ff8adff29d24344046f0156b5febcd2482e0ddce5430e3f3681a8b1b7cfc;0x0ae95bcb;0xae95bcbL;0.500000;1503103320;1503103337
1;8096;8048;0xc1604ef2fbe1cb3487bf458ab77402a7838499202d5332aff46135ce641d2925;0xbabc397ffbfeae2332b17449b1cfb81e1222ab45137aef93553eafeef6a1b59a;0xfe2a014e;0xfe2a014eL;0.500000;1503103339;1503103356
1;8096;8048;0x17442fb22db9ac3583e1bbed27c3c30dfd1cca9fd94e526a310784310681051d;0x9f0a2258375aa39c54f961260a4ec679be7582fcac5c2415a5913288d0fa5c1f;0x590822af;0x590822afL;0.500000;1503103358;1503103374
1;8096;8048;0x62bd8b6fb87a61c4df4dde9a2fd09e99a38e7ca1ec644ac17b5717a70cf5156e;0xe8d6eaf06dea7dd10ceea2e01a8ec3bf223a29cb5c45ff51a6cbda5eacf2c3b4;0x7d373914;0x7d373914L;0.500000;1503103377;1503103393
1;8096;8048;0x5c4a936ac057ae37510ff9c9007a8f870459c35d00196de3b3b7e8551515e471;0x6a68e8e4a1c0fc282265e087fa176699a612bebeb3ed15f5f39790e7cf1cd359;0x293fefe4;0x293fefe4L;0.500000;1503103395;1503103411
1;8096;8048;0x18a1090e947ec964b5ff21358621c8313cf9f95eb47abb411863f96f5cd41875;0xb4b05c4ae76ac1a5a797b94852ee4370dec2218048ac36496efbfeb1f66e4f39;0xf4228daf;0xf4228dafL;0.500000;1503103413;1503103430
