1;8096;8048;0x571ac1c7919aa8cb100ad04f8afb6154cb295b055b88c32456f02dd24d7e39a4;0xb8fc80488e11acd55a7643f42a5fa4d401aabf078cf0d96abf4fdb00f3c62b3f;0x1eef5004;0x1eef5004L;0.500000;1503112307;1503112322
1;8096;8048;0x5eec9c9bfb0ef049ff51655316edd10f1b62df557c051d5e60d73d86e688f244;0x6129f8d9b5ed60f5fd44245f3b33cea5cb53df19279bc47118e76063db17f7b2;0x5f55b59f;0x5f55b59fL;0.500000;1503112324;1503112343
1;8096;8048;0x598862e301a773cb210115e358e4e42ae0f9c13c651c474c19afdf214e71c4a8;0xd95ca107ab17e3f7117dc80ed684f473d3b80158d98d9c20f86264bf320217ae;0x02aae759;0x2aae759L;0.500000;1503112345;1503112363
1;8096;8048;0xf787112380caf37a8b2d49344178ddee1851a4bca06853230f76a251d39beccb;0x1f296b9bd9d74e3a44799e218e8751d61c303c54f61764afd5afb188c482cb47;0x9f9a0d63;0x9f9a0d63L;0.500000;1503112365;1503112383
1;8096;8048;0xb25d093601a1ba8a5402273acee2a509673c27ec3620a416ba95658f189937ca;0x751f6183af4a91da1559e1ae1de5e2d01c0527ea2af757d40aaeae759133b775;0x360dd817;0x360dd817L;0.500000;1503112385;1503112403
1;8096;8048;0x17f80e5ade662837c27a6e669567293acd064c3e926e06cb97cae93a596ca370;0x42ea75cc5ca0f42bc0d5bc6f593b3f6a847a923dddd2d5d72417b7f2c7b724ed;0x3b818634;0x3b818634L;0.500000;1503112405;1503112423
1;8096;8048;0x92d3eaafce2800c05be19ad490b271a71d2cbbfba28022e12bb708e26be1cefd;0xdfe2a3e57cbd0928456e526555b2ba0a3f92228c4890485225069cd0157eb483;0x09067d3c;0x9067d3cL;0.500000;1503112425;1503112443
1;8096;8048;0x8d329015e2a866634d92fa3992c9ab47ea0aa6876ed31fad56c8b9bbddf0846a;0x27366002941afb72753d21f16fba19964bd4942c4181ca102bdd31fa9e9d341a;0x219d446b;0x219d446bL;0.500000;1503112445;1503112463
1;8096;8048;0x9a9394c598408cf2f8a70cd244e7ca6a08af378334bd603dfdbf6d6fc2e5525c;0xc688f0868d74871addde7afb89f891414b5e8b9ee6673e1eae3201c1758ba964;0x441dc235;0x441dc235L;0.500000;1503112465;1503112483
1;8096;8048;0xbd6f4b45e825937e3fa4c594b45d2582ebe03540b506c8f0a5bfc4859a4fe757;0xfadf4e99c3346e1eb62f234173d613cc05abfe8110f388206b3149e13451017a;0xe3581479;0xe3581479L;0.500000;1503112485;1503112503
1;8096;8048;0xcf285615ac2209f12a0ec5d68d6bd2f7c57e0aa95ff13cf5f00a4662b854df87;0xbedec7f090b3cd1a93d65b6f69d4c7e6e27d3af5cc67bcdd12db7a7c30639a53;0xfb7e0485;0xfb7e0485L;0.500000;1503112505;1503112523
1;8096;8048;0x4552d50cdb6bf1f8f9ac04de52d2cef978da31885e7fd3194d5b9dde9aa8eae0;0x8309a612faf52b3d71cb1da4cfe09418a811a27b601016b4c1e36c4c7a5db6a2;0xc7deadd7;0xc7deadd7L;0.500000;1503112525;1503112542
1;8096;8048;0xd602bf4696bda529bbfe21b65c5461e73e684f9afb62f28561df542cd743f8ad;0x9532cbd039a07c10f5530e75184bc8ad790cf9782b8ccb761ad531513e036787;0xf5030ed6;0xf5030ed6L;0.500000;1503112544;1503112561
1;8096;8048;0xd0bc8f5617dcc241f2d4ef5562a4d7eeacea2d1e2c5f31b69c6424cd66e07b36;0xbcbb4eb19f6b85d2e7ed898d243041945295ebbacbb419f4e2a3d829b7ac2b3a;0xb1e24cbd;0xb1e24cbdL;0.500000;1503112563;1503112581
1;8096;8048;0xfd97792bd06cfa9ccb00c8dbc7886befe49542ff4911f8ddbb0212d3e4fcdae2;0x4ebbc581b3eb9aa1306c175c197b4ec11cf00219c266cfcb5c1d3a415a4c1650;0x3c94d2b7;0x3c94d2b7L;0.500000;1503112583;1503112600
1;8096;8048;0xa5908109249c0e47815c1000d6300193bd45f4c7c99dbe28423d30d9e5cfec8b;0xef900984c417c3d8aec432e4457fa508ece4aabcf0e3bb7680f4d797932b7356;0x8d21f26e;0x8d21f26eL;0.500000;1503112602;1503112619
1;8096;8048;0xbfed7807dd13a4269d6ecf44a116afaf8da61be5be3ecd675988895fc3f2be82;0xae6717b7802d2e85a823de3ed34f696acb0a27b6118e424b610d176a9f0bc419;0xab8b98ba;0xab8b98baL;0.500000;1503112621;1503112638
1;8096;8048;0x446b18cb9df6598c870a4d226bc68f34898956c2b9fb1479814e167e27a3b96b;0x55c51ba530c69f88e67efe6d9cdd1d96fd9acee9bc2534ddca3f6e5e3285261e;0xeae32731;0xeae32731L;0.500000;1503112640;1503112657
1;8096;8048;0xdf671fad521be189cfdf964f85978be07d68943672b34d3fe3a9b6c8b00c808f;0xd3cad482d8cbcf22c500a33b553457ce10cfd50f865f0ed4b118931c9cc9f468;0x7afecb3a;0x7afecb3aL;0.500000;1503112659;1503112675
1;8096;8048;0x726331bd0d322fc68f0f3410e507bb391b86fb992241908524e2bdd1a6172418;0x3ec6236d8874da3eb2ce98ad8861088bb1290bf1f0cb5565cdac4326e1770c6c;0x4d05f741;0x4d05f741L;0.500000;1503112677;1503112694
