1;8096;8048;0x765612f6779c74f6ac72bf34c6ec5290b0af6acc36a3e76a1aecefde89a087ff;0xef9a23cb9d7bb134805665f33170cbe87542571ea1357a9d5de5e9811236ffd8;0xb9975839;0xb9975839L;0.500000;1503093848;1503093863
1;8096;8048;0x1af23eedb8043520a2e0c22f9f05b1a59124b76b2c27c0e7cad374c063c32a7d;0x6fac36147302ef73c43f2380a295a5368f46cb69c4362e79915ef9c763ffc29e;0xa3117458;0xa3117458L;0.500000;1503093865;1503093882
1;8096;8048;0xaa0e0ecd32555ce3754eac98b9ef47da57563fdbb950d04a58edf1047218571c;0x29ee20bb5565cdb8cafb56cbc310c32a4c9638cdc35c6a2a3a04897343c0807b;0x5fe705cf;0x5fe705cfL;0.500000;1503093884;1503093902
1;8096;8048;0x5d4510ffeb4557874a8a3df36c3b859d5a223ecfce343fe55f316df1c4256c21;0x818056c9e4c1f9bc2e8f13db27ae73ee30fa1f6286bc5f6f949c409a57db9382;0x38ac693a;0x38ac693aL;0.500000;1503093904;1503093921
1;8096;8048;0x60192f4183129cadfa123393806b280bbeaf899a5f0ca7fb00a8606f9651e2f6;0xdbb713fabe9af84aee616953659659dc667d877f3c266883dfd11753d8cb59ff;0x05b01fb8;0x5b01fb8L;0.500000;1503093923;1503093938
1;8096;8048;0x6895e1bfdfd6e663d363979415b93fc8160a05c901fbf6b6e8ce33807d293ce6;0xef78ac21e8b16e09f12359d08870a4bc83207bfcd8029232d82fb65164efdced;0x9d2abe57;0x9d2abe57L;0.500000;1503093940;1503093956
1;8096;8048;0x8f86039fec8e240d02715c964ae84213bbe1e1c2c8c4ba91381ed0f1bd62154c;0x1f596c1470cf0c86ca846075e2a201a0eb53ab5b338703a3b6e9170678fc18c7;0xa036e893;0xa036e893L;0.500000;1503093957;1503093972
1;8096;8048;0xc81092454aa4ebe0ab87d9535e338bc250cb2c7702772c486891f88cb6ee907e;0x00369036fb9bf2adcbe3caef73a3376553411129e82208a3707b49c7f6491b21;0xb9fd8c6f;0xb9fd8c6fL;0.500000;1503093974;1503093989
1;8096;8048;0x4dd812d9b4037c387b196b9692e189eca1f44fdb25332ff26f5ab16d933e4be1;0x63108fcebff067b2ecdd6e9494660a8e056c9329c149ccbf4a503e268115ff39;0x8675665c;0x8675665cL;0.500000;1503093991;1503094006
1;8096;8048;0xc11d56ee694d6d4a32fb72bcc74430096ef8d055bd472199a5b324e047ac4009;0x13f56849002a4fd5e54bf2f94492265070e903cbd5a9d3b3389e60a28014be55;0x3b8aae27;0x3b8aae27L;0.500000;1503094008;1503094023
1;8096;8048;0x1868d5b43cef57452d72902ed64e6f9e9c13e024c90a96e3773657e2e44beffc;0x4ed944664fb5c70402b4445393e3be11c19ca9ba0d7395360d6d347805642764;0x676a88c1;0x676a88c1L;0.500000;1503094025;1503094040
1;8096;8048;0x9b1f4a4d862c85a1d1fdecaa3d9b896e4275c70d9914c22c187a03d339e09fd4;0x518d794aa9b728f459ffb13c2940a2e570997ca8cdf728fa1f1856705a194892;0x64a6c607;0x64a6c607L;0.500000;1503094042;1503094057
1;8096;8048;0x37dc44bc6401e14dd95bb4bb1fcf65b63d5be36d70dd08632198f27abd551df4;0xa021fa3fe4dca10280ff88871821b1d74d19e1b35f4c3b5c98d1442fa4372d23;0x3c369ef3;0x3c369ef3L;0.500000;1503094059;1503094075
1;8096;8048;0xdeb89f7853864e2f8f51048082111735eacb092a90354e77a49c82f36eaf1c4d;0xd6bcd4aa6020e74c41a4d572129d5448ec4dddfc1c3c2b4793876fe005fc0512;0xd2d6a0a8;0xd2d6a0a8L;0.500000;1503094077;1503094091
1;8096;8048;0x1f4753b8b32faa5cd8ca73ba306eb18d0de5ffcef6941b24a132eaff58ad6477;0x6a9d8b99c2c332df4bd86551b5ad7cc0f7900eebde776ee8e391c0fd377c32f6;0x0abff94b;0xabff94bL;0.500000;1503094093;1503094108
1;8096;8048;0x88a42055d31ac36e103932110b00249e7a3c84695ae1fa56f9210d00c9148151;0xb2a3cb7142cb212d07881c358ae3864ddd4d6751772cd52246fae825bdb30b28;0x63f93cc3;0x63f93cc3L;0.500000;1503094110;1503094125
1;8096;8048;0xdb5109275838ef8080c8cf8bcc64ee3de1ec021ce80b23d4e744533e4dcd8f29;0xa6c5b7f59bf7d1ced1927d39cd3fd57d71dc1276c79604299c5a74a00fec05dd;0x990d0b08;0x990d0b08L;0.500000;1503094127;1503094144
1;8096;8048;0xd164964afc0f627437a6e2534deb8f98f37688126cb641cfe6e0ba7263ea1f34;0xaa347105be426959e85cf70a8b33c7a2492766320a66cdd33d76a6f2398130c3;0x5560c57d;0x5560c57dL;0.500000;1503094147;1503094164
1;8096;8048;0xf204c10f179f2b2cfbc0e8138ea904de37a535b15b3d52bbd4c125dbf35a15e5;0x59a9e30484b8b63113bc89db9a4a13f45e910d97374e94068b56ce6cb65c1141;0x374464ff;0x374464ffL;0.500000;1503094165;1503094182
1;8096;8048;0x34ff958d0b2f69294998c5a2929ff5b1f62a12cebe3a4d9fcf696248dfe7b113;0x8f6b4721f8807b9604188543e5471099ef07f5ceacc423f2b55cd0fb9ec58a58;0x9f46f441;0x9f46f441L;0.500000;1503094185;1503094201
