1;8096;8048;0x655dc6f43d9b4bdb6426c3b9bbdbbf7972a23ecbed6898989a6b3ac2ba791e1f;0xebddec482babea0dc45fc1f1362e8779ded28a5a251b23b99c7955b137d10351;0xc7fc47b9;0xc7fc47b9L;0.500000;1503134709;1503134724
1;8096;8048;0x2146c19234521f9337ab8e482b1e88ed0cbd817a3b9f6fe5770488db77929d99;0x22fa721330ad9ad3f3445ea0c9d85583991d5f1ac6ee333fa1e7dd017a8ebf6b;0x65a05db9;0x65a05db9L;0.500000;1503134726;1503134740
1;8096;8048;0x2b191afbb8311d506cea17637f474180aa10877973fddc66453995300819a333;0x64d95feb63ac7f61ed1aba7c9ca85574f310d62f14d29ae0006ce9f74c9b2f1a;0x91fb515d;0x91fb515dL;0.500000;1503134742;1503134757
1;8096;8048;0xc65c04ace74c557ef2c3bf76a28a9f125501fa983c941ad6d2a4076c1f7d04e5;0x8bb0552b16f4ce1109e153b21fe7d33cf6aa87ed51a546d1da7875d8bdfb7692;0x789da6af;0x789da6afL;0.500000;1503134759;1503134774
1;8096;8048;0xf06e381330805326c2a4cfa08a8264d1d3808f6a206701fa86a8525d8214ee73;0xe10878bd0b4fe59c8189caee7f48665cb4d379b93b2dad95230bd06bb9b1413b;0xe79e25f9;0xe79e25f9L;0.500000;1503134776;1503134790
1;8096;8048;0x6bfa432e6b608c0a578b745eaee8b8911cc34da25e90a77ee036b9522dc7f298;0x8a3642c7f5f61641fb3fe34807be010dd3819a577dd310c4fb228f129670a775;0x28174a04;0x28174a04L;0.500000;1503134792;1503134807
1;8096;8048;0x257c0fe0e484ddfa9c190a71abbefb38287943c80d038145a31ea1cc4668d26b;0xe986e308cf274bb8e0cd41145c2ec4c15a589e024a070920c523d16f0d28e3d2;0x0443851d;0x443851dL;0.500000;1503134809;1503134825
1;8096;8048;0x5ad292fe6f113dc871b3666e67567f5cb1a9a8f4bca6ffc3e99058d8e222b03c;0xf0ef2e1a934b40dce0308d0dd3826d956636090b2a84d34ea94d18cbcd6ccd9f;0xd334aa57;0xd334aa57L;0.500000;1503134827;1503134843
1;8096;8048;0x44d5132973d81c0c1e6755f62a7d10588d4ca6508688a00deb358ba2940c1fd9;0x71c3cd0e0afe07aa4d0e9e4b87114614151a3c2f563523996eb4e33f984f4fc7;0x0e373eb5;0xe373eb5L;0.500000;1503134845;1503134861
1;8096;8048;0x84cc54873a4e2365e180ae15465409318ff288d31f8ecd249e046f1c4c558fd0;0x4a2bc984194a0e2c0e9801bbb7be11b53c7763c55e5a1d13730cb240eecc4c6d;0xe898bf03;0xe898bf03L;0.500000;1503134863;1503134878
1;8096;8048;0x3c3d86ff5a05d75ed6c2eddbe8a2469a40e0767249aa17865d7ba01eb961adf5;0x01aab533f2400551ea8ab72f8d3d2c570f10b76641385cad30124461154fc4dc;0x85925c65;0x85925c65L;0.500000;1503134880;1503134895
1;8096;8048;0x4190b951823253060baaa5504d7531ad50375b2df929bdf93203f0e25c36159d;0x7a176477671eceb5bad8d4b04e581505ce72dc1dcdf1165c5194781fa46306d9;0x92cf765b;0x92cf765bL;0.500000;1503134897;1503134912
1;8096;8048;0x8bec71a442ddef7396f47ca0f39a3c7a414a2058f4256ab1fac797d70eceed9a;0x12dad92b79355e4f10c75d734de2f4c03073d01d559f587f0d8fcc5abd2c18d4;0x6be5746d;0x6be5746dL;0.500000;1503134914;1503134929
1;8096;8048;0xc63c4b151da8fa2960d94e99763228c5cd8bb0ee1078cb573c85a167e82e48ae;0x38ee24fe027c7660d9f44e79412d92e11c9f6d10fcce53afaca381992531362a;0xd2318da2;0xd2318da2L;0.500000;1503134931;1503134947
1;8096;8048;0xd947c766ed51e41a121c4072e487c61989d25a4563a60447abc9c2251eea88f7;0x9a08de7721d44d38620cfd0467097ee11296b850863d09808514345cc50bd6e5;0x8fbe32c8;0x8fbe32c8L;0.500000;1503134949;1503134964
1;8096;8048;0xe28da5d4000e84c3bfcc5224354e021297d924ee9596dacef75b2e4beffd01d1;0x4ff7114def6187bd684b69ba4862bd003b7ef531743b9adfb243a47905e571e0;0xd65b3e68;0xd65b3e68L;0.500000;1503134966;1503134981
1;8096;8048;0x002df82a31191f612c273569cf09b3a466a3c57b19ba5e9637d7355d80c80b80;0x2227c38c2dbe2774a0a27d70da33215237f5ab1b2ce114c9d7cbebd85e9fdadb;0x7b81f0be;0x7b81f0beL;0.500000;1503134983;1503134998
1;8096;8048;0x4be96162082e99041d7e1a04bb92313bac5f8550d5c24625e1a9d2731d358368;0x07b215909d45e3ef605a873900ca966b195b160243e5d7527167ececf269dc47;0xfc075103;0xfc075103L;0.500000;1503135000;1503135016
1;8096;8048;0x50e11fe04707a16e1d0194bea74b73f6e0dd49158f15a410131fccdff9f99849;0x7860ee92577666ada46877a76394064eb5ac7e95f19f9254da9e5498a83005b8;0x38b7961b;0x38b7961bL;0.500000;1503135018;1503135033
1;8096;8048;0xaa6ceedc9896d89fb7794e55869b39c5ea2e9c94774cbf07621edd53391580e3;0x3d91ee52590c3b5a0c986c7924f571426dc9451dca60ecdc16046471d827639a;0xa7ae0a38;0xa7ae0a38L;0.500000;1503135035;1503135051
