1;8096;8048;0xd6d0ea4fc7349b57eb046cd6ad665ecf60ef15fc139459639a3b3f05cb32aaa1;0x08f702acbc901dd2f6328c570c4332f2394fdb348b30f66dd4b936b219ff2b1d;0x3bc9dde6;0x3bc9dde6L;0.500000;1503106389;1503106404
1;8096;8048;0x7b6421d9803cbd6759e8d81e01dcfb947c0b9acbe471ae528cd10aeb377c6cb3;0x99bc727d288e53d9d952baccf4b7f9a6836c0f6fe8c0a8cf33cdee60cdc18720;0xa7080984;0xa7080984L;0.500000;1503106406;1503106421
1;8096;8048;0xd34b5972d4b8d0cf832788a209276c6e15c12f243071bfcd62dfe4b07fd59e52;0xeef2698f3d68b55b122d549b7dc1ddc00de305e9f0a8d3eac137e8be2c64bb76;0x183899fd;0x183899fdL;0.500000;1503106423;1503106439
1;8096;8048;0x3c638e8228175993d4292b3ee69c7bb966a7e71ee6db106c5ea3ac1fb299daef;0xf35767e1e063ee71f8ce61641f831eadd80628683f394768226d817112787d4d;0x3cdb5a66;0x3cdb5a66L;0.500000;1503106441;1503106456
1;8096;8048;0xbb11ca8b2062dd201d0ad2d5c1022c0a8d2aefc422f7cbb360d9282bef40b8aa;0xd5bb1e10202b8464af73b8ff2f374f1c5da0f7a88dc1785e8edcd2ea2ce49c4a;0x8352201a;0x8352201aL;0.500000;1503106458;1503106473
1;8096;8048;0x2e080046e844b50eadf35bc54a1a844fc6e5c1b93d0ec8211eb6499b021de630;0x149203054da43d922a92b02820c07b1cf4e17dac88935cb55052c7a9b06a4b52;0xea7c2932;0xea7c2932L;0.500000;1503106475;1503106490
1;8096;8048;0x5158cd963910bef920728cae6494fac36087bf01fe8b261441c24ad3c3cd7d14;0x8afad634032c7b713a6231a4334b081f4dd7c612bf38b8abac97734b4ee19b41;0x9f1a68ea;0x9f1a68eaL;0.500000;1503106492;1503106508
1;8096;8048;0x64e8b9f71192d2b36de2111fb1e233b66e37aa08da0a32e7e211cddddbd5683f;0x0e21414f4cbb3e816937da096adec655961ee0a00a38f97faaf2e9679d1b4009;0xa3d9411d;0xa3d9411dL;0.500000;1503106510;1503106524
1;8096;8048;0x4e7cdfd06ff9ac00fcf14f038e9559ac637cd32adf4485e8273c4748fb92474a;0x056c1df87902ce6886609aa17d0a7fdf95bfd6df8856517c8f045d19a214cbfd;0xe9047c5c;0xe9047c5cL;0.500000;1503106526;1503106542
1;8096;8048;0xe71cd9d2784084786b911dd66895909264a06e70785ff55bbf0aacfad231e3b9;0x3f789887a8b7fdd47603f270935ecc727510bdc58beba9e80c6c57d695af56a2;0x06ca7466;0x6ca7466L;0.500000;1503106544;1503106559
1;8096;8048;0x39ca71cbdc581674b1fec42f1c9c45bd75245d62fe0787f5e024b5c8c8352601;0x095d3b562ca7c2d4d0a36fc2e8e15918abc05fcae239ea7442265aef6ffd25ed;0xc8833c0b;0xc8833c0bL;0.500000;1503106561;1503106577
1;8096;8048;0x765a9416dcf451af86c6441b629bc3bbe271d8a6be30d8459f8a360b7d513ef3;0x3e0d3e2915190fee7a7740ab68006ffcd62866abca2fd1334f406b337c6ac83d;0xf86e7285;0xf86e7285L;0.500000;1503106579;1503106595
1;8096;8048;0x73409c3a038b2e7a378c09a851ab9cf4a1a2715efb541c49a371029afe4c6872;0xe4b0f87107809fcdc84b0f6cacdcbb8924e7d9c05e9044c94413698f2ae57ff6;0xfd7bf3eb;0xfd7bf3ebL;0.500000;1503106597;1503106612
1;8096;8048;0x35816fa9f827d10d34c843108ae14441de887536b5d50b6c114b453234948f69;0x95d8c219021cf1b2c287cd17d285e0defd68909746d9abd5b39a485f5e13f76c;0xe0bb348f;0xe0bb348fL;0.500000;1503106614;1503106629
1;8096;8048;0x8f28c6ae4d33d95735d3c96f7cefb5677dce57a148171b0f97a60e67bd55dc4c;0x7753e5949e23e42a8df4a2af6e2e87d02d7e118851656585a4dab6f41f82d788;0x92aa42a6;0x92aa42a6L;0.500000;1503106631;1503106645
1;8096;8048;0x4f2819fc1620fa0e0074dbe7c077fced661246662037109b83d439fc673654b6;0xb79a813420c904de415d63e85534aa5c1e0801290d3c46268c718d2aef68b744;0x43c7e889;0x43c7e889L;0.500000;1503106647;1503106661
1;8096;8048;0xc65b9843eb62cad1871915b9dd1e013138e172593c57c36cd70568d451c81e17;0x2ca87062bf683a17805a62723be860896502e6e0ca4d8f76824bc15e53ffd2c5;0x35bf65d0;0x35bf65d0L;0.500000;1503106663;1503106676
1;8096;8048;0x9590ed0e36c9d854c2fe36b4710f2818e750c20cbab13aaf9ceefd22230019b9;0xdc076a080e9516a1fc219278545977d8595371e859cee51931730efa4a07951b;0x3bcac752;0x3bcac752L;0.500000;1503106678;1503106691
1;8096;8048;0x394e74967ba24d3ff5ceef7892ef76f9544b45c2b3af00d1ae7ed7a5f3bf012c;0xf2728eb6e9ce4689181a270eb475c74f4b218a4f49a243bddcf4635120734781;0x24f29ff3;0x24f29ff3L;0.500000;1503106693;1503106707
1;8096;8048;0x2f28453fe5cef1c2bfc9afee5b4a9eec5e53e78e5d89f662f832beab5a82de89;0x194e996d45d1e6f036e92e7b79accf991472dc6ec1cd7f78978d03d8d1f2773a;0xa54778ea;0xa54778eaL;0.500000;1503106709;1503106722
