1;8096;8048;0x1a450a7b6469188ec1627775327f48850398d87936f45f3d00cd2214aec38fc8;0x98ce846272de04db20fd5c84a55737cafdf67f492dcc37d93fa95e2051b546fe;0xfa0471cb;0xfa0471cbL;0.500000;1503131434;1503131450
1;8096;8048;0x40948a9f6ec123495cf1a8005a66366525cea20dbc07bbcf8a5229e34e2f488f;0xc4f9bfd3e85d6d78ffa408db67b2b5cf24bcbb1bbd303d400483018141600c7b;0xf9c95e7c;0xf9c95e7cL;0.500000;1503131452;1503131467
1;8096;8048;0x0aa8444c7ded76f20c8f19736f214f146624a126551eb34a9aa20318e5108eef;0xa7feb63b5be77b118ce0034a91cbe0beb8c7633a574b8d37c895f8308be8b966;0x0ccc1a6c;0xccc1a6cL;0.500000;1503131469;1503131485
1;8096;8048;0x276c69a75c7ca0056f2a1f7bbae0842528a4d55dc04a03afccecc0fdce94a6f5;0x14e7224f02312bc7f07411b814e8f29124c0a34e454f5a6d30d0cd7a2362cb0b;0xab4386aa;0xab4386aaL;0.500000;1503131487;1503131502
1;8096;8048;0x50cf026e82a9aecb28f1ad954089f569b2c98470674ad178500ba5613decfb8d;0x15901fc26ddb9ff78952e907a38a83e7763d96b4c0c3021925d9d839c8a1feb4;0x668ae438;0x668ae438L;0.500000;1503131504;1503131519
1;8096;8048;0xc165cd1800179f5e3309d9a77ebb990668366dd59f655823a9f5864851089012;0x2dfb5b25dc6fd06977215a97ecd49b8aeae372c3bef20a44cbd4fc145c4f198c;0x713f87c8;0x713f87c8L;0.500000;1503131521;1503131537
1;8096;8048;0x9ef4b8a4e01a46bd90362f2709e8255e2d07511e60f38d12935bed3ee7bfa185;0xb48420b7648a65ab8e5e65e9ae0d88980e5b13cfa467627363d5c04feea58797;0xff48ba1c;0xff48ba1cL;0.500000;1503131539;1503131555
1;8096;8048;0xfaada7441c7aa67401957643657d1986d7aaa69430c7ce98900bbfd6895cc883;0x0d17b1ae1e79caa1d8b07b262e82b21c67ec2d87e09130ccd6f54633018dc4e6;0x900ee5b2;0x900ee5b2L;0.500000;1503131556;1503131572
1;8096;8048;0x5a0ea180f6b2dd3064a4c80b71cc13758a5e4b70df9a0a8569c4c8d8f6ccaf50;0xd40c179c75c7101a36d023cdf51fe61b3011fe0747b0815ac6658df968e7f15f;0x46bfe950;0x46bfe950L;0.500000;1503131574;1503131589
1;8096;8048;0xffd4e32ba27736370df9d49fbde245d29d7c158f0a72a16693186c2eccd573cc;0xd4da31fd392098060ba31e04ebfb6ce95ab9e089747a50201d8a826eca557cea;0xcacbe2fb;0xcacbe2fbL;0.500000;1503131591;1503131607
1;8096;8048;0x6452e85aa4d53d1752153f90610fa299af929f2ad1451a47a98e8e7aa7e22b0c;0xe7e3abe112b93a9a5695ea283f68b9d4570339c2bdae09ea981014db6e537c08;0xfe79c726;0xfe79c726L;0.500000;1503131609;1503131624
1;8096;8048;0x5e771936af82b7f5cfbc01022e8c6ef73836205301fd03ed64b15f7e28ac1b87;0x8927b2999eddfb58c596ecf7f1088d1637c5bd55f5503ab2ddac04d6e65f1ae0;0x42f8c7e3;0x42f8c7e3L;0.500000;1503131626;1503131641
1;8096;8048;0xaf37f37ad60ab9d517f26e7f891f54a0a7e77d2455eae9dcf7f0060af4082ea4;0xc1da7c4d86a0921b21e7449b64b7dce44c788d35c64bc741206ec703e4ba17ff;0xdb72061d;0xdb72061dL;0.500000;1503131643;1503131659
1;8096;8048;0xbbb4f4c7f084603ba5e90c89c9731974b8a8c444c94f38de505c5fa20d9b8cc9;0x600bddc2e45413aba50520b29cd565694c0435f9bfcd764c400700d4a4712d1c;0x4b05fdf7;0x4b05fdf7L;0.500000;1503131661;1503131677
1;8096;8048;0x2916a2cb3678d77a6377bfec55e5a58073e0927c81a01b64b54b3d5b7690de9f;0xea045f37d04078ae3a9d6382b26e1739018c5b94b041934ee1b82b91df10d3fd;0xe677017f;0xe677017fL;0.500000;1503131679;1503131695
1;8096;8048;0x803cb8677807f6e8ac512c5b0d901685fa34f56dd6181cae62b5a4cfebe9e56b;0x43ebf48bb6c3958fad0843c7da06df6b442c60d715834d29983d61e9defe5c54;0x0f622cc2;0xf622cc2L;0.500000;1503131697;1503131712
1;8096;8048;0x2f39d878dab437b8ec321c415e5721f5061e4bf459b7a7fbd1eaaa79c4561df3;0x188532267fcff2cfc6e4edaa60c77e5656cbc86215df9783f07e622b1f10b2a8;0xf7904bbe;0xf7904bbeL;0.500000;1503131714;1503131729
1;8096;8048;0x9bc477964c8d438afe495387d7ed912f6b3c0906bfd2641f4692818067e0ff02;0xf77c7a6d92093f54c343c4b71d4cb1d2ac0c0f8c49b2207df57f257a6087b98e;0xc1a7818d;0xc1a7818dL;0.500000;1503131731;1503131746
1;8096;8048;0x1d5a0e9f1a7a809bb98e6703581786e6c5dc613965732ab3204efbb5f3693910;0x5112393a82817fe4c3f4928be262806a233dbe4e09e91e56ae04656bce0314c4;0x0d4e5a22;0xd4e5a22L;0.500000;1503131748;1503131764
1;8096;8048;0x48f0bdc451ab9c37cf1f880ee78e856e0a79f31f71e2ffffc1efba9cac2aecf4;0xff3f9c121077035fbe0751b190e5a50f5d394d3aa5d105a359bdb5f23ece6330;0x598827dd;0x598827ddL;0.500000;1503131766;1503131782
