1;8096;8048;0xe45958e315bdc3fa1541292fb98c7fd811a17808a732ccffb697090252373d37;0xcfb19a91c80d0bf6ecd7e9e4429fbe9862752b989bebff7980227d711895a38f;0x0593a8da;0x593a8daL;0.500000;1503096539;1503096552
1;8096;8048;0x37b2fc3bc608e897c9535e0abd8c7a753daf1530bdd303d9b756e4bfdba38513;0x9c476b03e9b3cc1e00c55a2116ad43204dee38170c82c4e04a1e1c518f1e59f6;0x88fc9c4f;0x88fc9c4fL;0.500000;1503096554;1503096568
1;8096;8048;0x955f9ccd3bdbec73549db7959a975a3172996fc063f1c376778ce9e5bb8c5851;0xcf401e76c171e79bc683ad0833ed92ef46a863ef7e96ed840b2dc854d97705e9;0x004aa235;0x4aa235L;0.500000;1503096570;1503096583
1;8096;8048;0x08c238d9b340c208c1215358b953e97e616ae78e68eccd018df54c80e0f484e8;0x64cda14cfc955f1f7563d5a1caaea1c3f166dbb056495d46153708d4f1837567;0x8f156e10;0x8f156e10L;0.500000;1503096585;1503096598
1;8096;8048;0xb870924e675e45b9bd3c24b455643d082b10f2020afb9814908ef8d0934d684b;0xe5b534eb7973512d40358a3028224847ca35e111eed044132897a49a9d21338e;0x4a1ec19e;0x4a1ec19eL;0.500000;1503096600;1503096614
1;8096;8048;0x3689fdc3994cacce32ca6fea0b69715e4c36fd724ff7273d7a5fd9cf5515278b;0xb8c90de7d3eef8c2d670602572ea9ac4e60fb89e044cfc7b06271165e7afcc3d;0x9dff65b6;0x9dff65b6L;0.500000;1503096616;1503096630
1;8096;8048;0x5229e15bffb29d5617a02e24bc9fdc7141a51aecbb6035316fa3e59970625dc3;0xe3751272a82d81e6f9677fe530d4b78f92f3deafc7798a58b972c2c3adeedf47;0xae415fef;0xae415fefL;0.500000;1503096632;1503096645
1;8096;8048;0x60e3351f834433214f002d9f26422e1867a95be298af123aabec3f1883a4a6e4;0x68e2197d9347e124989820b7d63103c9bdfeec4efb4012ca1e597a08f1cd5b12;0x3bef0026;0x3bef0026L;0.500000;1503096648;1503096661
1;8096;8048;0x3c9a109f05a8700b5234b30506ac44fb01b89924d58f17b9ee93623cdb7d2717;0x896698943d578dd22e867d85486939cfc6923f37f7056fc630dbcced217f1615;0xcb5036d3;0xcb5036d3L;0.500000;1503096663;1503096677
1;8096;8048;0xbd7ac83985d33782920aec0d1c5135dd0a2c0d84d5b228039ff493b8e953b0a6;0x6ca5d24ed0ed4a39e6fbc2d9263d9c7583a79fbc82881ceb3c6e3d0de82826c5;0xbfcbc7d2;0xbfcbc7d2L;0.500000;1503096679;1503096693
1;8096;8048;0x86c4c4bbadebd77ac5657c4cb99f3b6723c978ba328c4593b92cbd87747c72fb;0x4c6d3c99406bf14de5a1d33f04754cdb57148872fce19ee48ed05ee7d6f89eb6;0x439636ce;0x439636ceL;0.500000;1503096695;1503096709
1;8096;8048;0xe07882d112251aad8ba9ead9d1f337fdd96a558e8c7bc6a36aa7154169291949;0x5e81907bd64998a773d1c693921ea77a2b197c31c625b15e9e5944e399dd9dcf;0x40e01c83;0x40e01c83L;0.500000;1503096711;1503096725
1;8096;8048;0x054dca11be913f2128a0b3869cdc6b1f05bb9d88d5d6e317d54c0cd9ab10e1b1;0x70908d9f18e04ce80069b3dca837c8b18c417a7848ef5075ab8fca63962d4064;0x9224f1ef;0x9224f1efL;0.500000;1503096727;1503096741
1;8096;8048;0xd608d9e63344fcf21b5080c15bdff1aa8d50530db456c3b0f1606f8e4c765522;0xe1d74befea1996111d1691ee9cf2ec03c3a6a45c39b84d1b035866171c14b87f;0x8c5bee56;0x8c5bee56L;0.500000;1503096743;1503096758
1;8096;8048;0x3315b4729ae534b96fcfd94684b307a13a05e4397e17a98c5c0d8857754c46a8;0xa22fe10888fd388ba00664b05283ee03e21f15b5d34e3aa390d0bd98251b96f7;0xa933647d;0xa933647dL;0.500000;1503096760;1503096775
1;8096;8048;0x8498925f9aaf870f07e7e346b137024f726a2a1ee069fe64aae9e09cbf765743;0xbaff870eb1d20ca407fb80f339be921a47c7f47dba2f08392cf5cf7605ab6ca5;0x0bba8104;0xbba8104L;0.500000;1503096777;1503096791
1;8096;8048;0xd3bbdabd04f9f037183bf538a81b1f4bb2363f55cd0e0575235ca3f0025f0cd5;0xb3b1307db59c1c7ae0a789c13770c524c4bd17df7f7954e0c4534677491285a0;0xaa799637;0xaa799637L;0.500000;1503096793;1503096808
1;8096;8048;0x2fc896796e32006e88dda71bd2d155ec18cecfe6a02931cca92937ffd36c5a02;0x7f6c48ad1ca2abbc4da2c34a2920d3474bb24e95a0e676dee772a5c648a96dde;0x8eb77b22;0x8eb77b22L;0.500000;1503096810;1503096825
1;8096;8048;0x46b8804a03110a0f1ebffa3b76822a7a571164b767367cb33df23c0285c6a1cb;0x2d278f9edce1a9bde9a4314ae7962cd0d37a82a8c78e0c4412feead17e0ff12f;0xcf3f5a4b;0xcf3f5a4bL;0.500000;1503096827;1503096842
1;8096;8048;0x4e1703508b0464dae3bab17b811b6fd5298a5f9892787b8492b8b768ac7707fa;0x11efc1b16448d125f50f2777576eab652c5c61182e3d549c2ac28f14022fb508;0xe0dd28da;0xe0dd28daL;0.500000;1503096844;1503096859
