1;8096;8048;0x88f8d6d17d2a56a904cd9db822932826c2c4b401c30aa262dc5b8566e2008c6a;0xe865997abb05c27e88758de4a4d5139185c25c34360d24faa83259c2455f8146;0x69c36249;0x69c36249L;0.500000;1503074157;1503074173
1;8096;8048;0x5c96bac24baf93603e8429ca529e78b451199c1cbfad8f0789b80aa953f675af;0xc57bd09d5464f8f5d0c043a6a4bc6dffa509c5299588890d396a13d739a87b4f;0xa0df51c4;0xa0df51c4L;0.500000;1503074175;1503074191
1;8096;8048;0x92538a839c245845326ac68bdc839f55d8fa437b4fef8b8cb7892af2913bdc23;0x4bf0d30f5468c34ef3e8b8cab1b7116af66d3092f252a024be521a89f2efe325;0x9eeb6ce5;0x9eeb6ce5L;0.500000;1503074192;1503074208
1;8096;8048;0x0fb5f2a67ac71d9ad07b59dee24a7123382b3d45749655ee50773fb79f61f4af;0x66b78430178e8996fb78986e1ae0c81b4de1ddc82ee01eecc9a3087a4199563b;0x79d68237;0x79d68237L;0.500000;1503074210;1503074226
1;8096;8048;0x089cdb9b996f4667a12c12d489b630fa190af88381099fb3161194da1d4a5425;0xa0e628271029a2fccec38e1a7e7d3e7dbfeabaaee678212f4460a6fe39629024;0x7cc9e51c;0x7cc9e51cL;0.500000;1503074228;1503074247
1;8096;8048;0x115e11efaa2e5b11bc9202a6f6cc0059c12e3a5c47a7d012122fa3c1ea6390fb;0xf0e44f17f78c785c735639881d5cb474b853c4770ea2de261730464082729cf1;0x4e141164;0x4e141164L;0.500000;1503074249;1503074266
1;8096;8048;0xb05bc0a1ebe4f0c27559a38978cc28ba9e0f2f0bd2ed3adfbe26799a59bd3509;0xc6addd4bbeed5707ae91565e20a68ac57ef2cf103910253e0728939c446b2a0e;0x9aa10c9c;0x9aa10c9cL;0.500000;1503074268;1503074285
1;8096;8048;0x4f8861840cd4a36ef0ba94942c8eded6631409d657d0bae8eaddfb76430e2192;0x86d6450edf72b0181fb15e534ab0218b1af228a2b93202bf9c36e8c97283c766;0x36817fd3;0x36817fd3L;0.500000;1503074287;1503074302
1;8096;8048;0x19bbaca65eb75d74473b32537b5a054a8fa88c65f9be04d55f58ad4f2eb8a347;0x2c312597a64081ca8f4af7c30a35f4ff48433a38c1dd0eb3e8fe65845a3fd2a4;0x057c6a9b;0x57c6a9bL;0.500000;1503074305;1503074321
1;8096;8048;0x6f906b2fa602b0e5e2a82020693c6039c3f8e49a982005a12bfe96259e70670d;0xaf740590edebafb968e425deadae738570ca485d197f7775cec2fd7600de66a2;0xfcfcaa81;0xfcfcaa81L;0.500000;1503074323;1503074339
1;8096;8048;0x8dd9b0139040823355571f27c1c5be7ad6d4663577c615101e945e06cbb9d958;0xd31f7aa88b3b22c7168e947df43e4570ae7f8002c30895acefdea7ebb0952d9a;0xebd435c2;0xebd435c2L;0.500000;1503074341;1503074359
1;8096;8048;0xfebb3a1d9e8be968b5661d43e3868727f10e6b331983eceb007f554428e1fd26;0xbd6511ed398b309c090275e4b4755e15a84b01b150866a7f2bb2b4947a61747b;0x95b355fa;0x95b355faL;0.500000;1503074361;1503074378
1;8096;8048;0xcd597cfbf332c335365b3d0fa29db5dce5e057f92a05fd46d10120e3f2b616bf;0x32ce72a6e0f3d00fd0a13586e88dcbea3cdbb2441183a807403b0c8fc5f9204b;0x8ed4d413;0x8ed4d413L;0.500000;1503074380;1503074396
1;8096;8048;0xd505f40c1503cdbfcfdca819535192c171c1a5fc9df1c7f9235a0444d142a3a6;0x74ded272a1c12cafc8827df1c448b551cfb43fe1dde713373cf98a777dcc8e28;0x5f5d2796;0x5f5d2796L;0.500000;1503074398;1503074416
1;8096;8048;0xfa13f54d3e199c8dcc02570b807315c40248f14d3c7f005c5f523d63f26ea3ec;0xcf5352c6f16a03842adc0440beb55d9f4a9119dff6744e58b51c688c450130a0;0x8cf7c271;0x8cf7c271L;0.500000;1503074418;1503074434
1;8096;8048;0xfee09eb8b530db48e18271d6f31c22823833678e985997a33492ce7e3b962139;0x8ce14d7d80b24fad4b2f6f7ede4512a28ea2a1c601b99b6449f68c6477cfc1cc;0x700a3c5c;0x700a3c5cL;0.500000;1503074436;1503074452
1;8096;8048;0xc6f3483573ea6ca9f56536bd93c8ad030104477b6b4377bf1f2e82d25f0a8425;0xd932b8dba67af996c522178024ec52d43324f44b8e59c3102dab9b18f1755c1a;0x7a5c2998;0x7a5c2998L;0.500000;1503074454;1503074474
1;8096;8048;0x09963d473c3ce1c29f49c7d178c764160e091941043017a4dc1db6ecb9995cc3;0x641bcf38fcc32e9a9f837654ff7c45b85dedcaf5bd3f5bb757bb13f8c3036d63;0xa20668f4;0xa20668f4L;0.500000;1503074476;1503074492
1;8096;8048;0x173b6254e65e3a76129dcf811e1862a1b9ec68dd7721494830722d7dbb852fd2;0xa5d669c9b6bacfb3d34356d344b9d283fa5c72fddd697f441bf874c380c21fb6;0x23a40a4c;0x23a40a4cL;0.500000;1503074495;1503074511
1;8096;8048;0x83cf645c4065d7c09ecc82d39efc5cc4491a17bd7f80fedf1b34e5f68e437111;0x6c54bc474eb90378ea8ef7f2ce7d65d405458c323bd5d87dbe2ad1b9f6e5c29c;0xe1737370;0xe1737370L;0.500000;1503074513;1503074529
