1;8096;8048;0xac8b30ba87c4eb4e6ecd9f0df6b6a2597f8586059e568548aa9c8089e08b0d8d;0xfcf8268bb20fd88d35692b7dd2b0e2d60adbea5ffead653e859ac7732e0b7200;0x5a5e2227;0x5a5e2227L;0.500000;1503075596;1503075614
1;8096;8048;0xddd87221dceeb6ccb2c3efa16e5fec702aca0a94eff1425a702e239a6871a646;0xce53a7c05d5ad2defb32d224cff32694ff3e220b759087af7128cf8c7a4cdbda;0x2379f5b4;0x2379f5b4L;0.500000;1503075617;1503075635
1;8096;8048;0x080eabe463b60f509abafbd4ddff1c947393caa39579b993bc515bd42c20c534;0x5f3a18a0f578c4efc0e0c0bc978d849570ee8c957238ec158286e0c52eb6e335;0x1395ec7d;0x1395ec7dL;0.500000;1503075637;1503075653
1;8096;8048;0x9ac3a6f6812fdfe772e5b7644163dd76adc0c2cb4a7bfa20744e225e5e0c25f8;0x7eb50a31262146ccddb4b83cf94d2368b33048f20ac2739eb2a843dc861592e7;0x17e6e490;0x17e6e490L;0.500000;1503075655;1503075671
1;8096;8048;0xebb20dac9ebb7b1f30bc32fe87e6c61bc3446b1c701c26e730d2dabcd8ec93c3;0x7536444f0b9e4bf9fba19fc898fda44acf12ef14a73721f65945c7fe87b88bc7;0x9a6c00e3;0x9a6c00e3L;0.500000;1503075673;1503075689
1;8096;8048;0x66fe5b1fd9c4751cf409135cd11f129096ee3104a6a4d02df18d269e84c087ea;0xc5fdeca2f25ee8b949fbdbc978a1d4c69d6e181cac3532885365b09f728cfa2f;0x4a26f63f;0x4a26f63fL;0.500000;1503075691;1503075707
1;8096;8048;0xd81dd8c02340296dcdc48ae8033eed955e4191c4520f11561e74d46c98a7a370;0x671d179f9e8a2aaa7e0e8bfe46ae19e2d28487434daeb8e3232231f30af093e4;0x549557d3;0x549557d3L;0.500000;1503075709;1503075724
1;8096;8048;0x29cc797ffe841347f0ea212b40ebba9d3e0e2e3ba9a4c892d4dfa3d8c02ea8e9;0x7b1bf571b473fa4b55ac68842dcb01421a93fe85f4b02baeee97c1d897c8d600;0x5c1d907c;0x5c1d907cL;0.500000;1503075726;1503075742
1;8096;8048;0x1eedcf5b51b76c3481e48ff5d4cbc4ae7dd8f376446cbb89916be9d1059dfd23;0xe2fac4c6800cc263c5cb9039aaf0149682b13ce3b4f9ec4e81778a4d1d5fec58;0x2cc6ad53;0x2cc6ad53L;0.500000;1503075744;1503075760
1;8096;8048;0xc76cce0341dc7c602a880c0cf81e433ab9d4d21b35aff455f939cc0b8cc57c53;0xdded5342c8813f1e1b02a0fdabae7d444f32f95649bca10c0f6dce44690dfd1d;0xdf9f5a56;0xdf9f5a56L;0.500000;1503075762;1503075778
1;8096;8048;0xe14453a1b270b9d45d1ebb66974cf93ee96466c199b5076474f46b4e2e129e0f;0x768b3ae574fcec45d2cf49dd7d790525cfc1df3fd8b9e289f90411b2bebc97d9;0xf1f5ea9a;0xf1f5ea9aL;0.500000;1503075780;1503075795
1;8096;8048;0xf74748566fcf5389da3fb0731e5acbd6799709e11916b380a0c5f988bca898b3;0x24556deeadcd7797c0940c817508141c571cd72001244a4fc8cc2ed6199698fd;0xd1223458;0xd1223458L;0.500000;1503075797;1503075813
1;8096;8048;0x1703a87c91aba586c6ffd6cb9fe4cb570bf67c929a610ced59b15aa055f53a6d;0xbc4b4aafaed554e9f5415b416020fe213145ed91943ce6f2da88e05fa4ab966c;0x15d8a275;0x15d8a275L;0.500000;1503075815;1503075831
1;8096;8048;0xfdfc482d54cebcb0a7390185537bdce3b129cad22d562dd8191767ad1d52711b;0xb0af759455182a79ec555215ea50c7f703f7327958bf2a87da92d1815af7c829;0xc6f079f0;0xc6f079f0L;0.500000;1503075833;1503075849
1;8096;8048;0x0a38605b431f297b6f32bb41be92139d726a0204f4f569d37335bc187fd23f8a;0xe593058f338d1ad7866871565101ce57589d80694937ce4bbdd232c18023d75a;0x968f0ad8;0x968f0ad8L;0.500000;1503075851;1503075867
1;8096;8048;0xa2097988f573340992fe322fad900dfb3af7faf54b2fa1b9bb6007cea6563d48;0x0c52d869e1eb26a838c8f2ce439b66c71fbc33e5986ac19c2b005ec19d9c7dee;0x4f13f0d0;0x4f13f0d0L;0.500000;1503075869;1503075885
1;8096;8048;0xd3d1ad7ec7b34a8742d9d015f837e0193a37df9880adab66aec683fa81c9be55;0xb1264afa7bf00504b89a65d288a19dde42cb7702a374425ee84f129b60d73c0b;0xda9ea3d1;0xda9ea3d1L;0.500000;1503075887;1503075903
1;8096;8048;0x2da62c28e994571588428558b58e4c0f67896660207a0e46fd8b66f67cd4c7a9;0xf05716c51b52c7dd3b698b018400331a4c7ed0914fe24fe48eac93887cfb5d1f;0xf6d80c7d;0xf6d80c7dL;0.500000;1503075905;1503075921
1;8096;8048;0x1db3426e391c3d66232c0fe96fc9afc7e2da3c55b7d5326e2a9a470fbcde0ed9;0xb194b7da287da04c23b392e58fab2dd59a7a40aa405351e433da7d431c7601e1;0x02eda261;0x2eda261L;0.500000;1503075923;1503075943
1;8096;8048;0x1ca4f373b006ff3d412c957eb332796c385b809515d6d56d524303f5d9d3c3f5;0xb256f4ff9e3bd3beac555d965c5dc8c78e52582c6f130014c8090d6c45275da7;0x745127ef;0x745127efL;0.500000;1503075945;1503075962
