1;8096;8048;0x1ff0e06118096cfb5e97d3406ca2c17c4f429a4df462fdf2cb78e7ad7db6079c;0xdb68381d9ebaaa420a3b6bf35d71945daadeef5171208d6827f32eadae6dc657;0xda030c90;0xda030c90L;0.500000;1503126834;1503126849
1;8096;8048;0x1f225ce69894dccaa889214e0aa52456bc98e5f5cf366c7e347733a6308c5d50;0xec3558b91b8cb7bf2cd3d279d60dfa77246b23fbbae79d2149466fc09c82f1b2;0xeed94ae4;0xeed94ae4L;0.500000;1503126851;1503126866
1;8096;8048;0x7761a3d6838bf0f91951e39941e1cdb802f5aae5f99ed2fe8e2eb07a8eae9b05;0x1c5fe5435059807bf574d10dddd45119eaa3c1ae6339b7211c79e5bdad57bc9d;0x45f29d71;0x45f29d71L;0.500000;1503126868;1503126884
1;8096;8048;0x9b907dcfb052aee809e85247bc1b90a91815fed3ada873f0d1d3e4709be93836;0xc14beb4f495b9c9e20f48a456405482dad476cea415caa509ccc4a39ca5d1db4;0xb30a37a5;0xb30a37a5L;0.500000;1503126886;1503126901
1;8096;8048;0xf08270e94c7261cc1c2d7e756d168061a240bd44756a243a77e379f41ed9e60e;0x9cc14741ae5980ac66cc17b95b798a4dddda7402213bef586502cabeb5034d52;0x7ebf3f96;0x7ebf3f96L;0.500000;1503126903;1503126919
1;8096;8048;0x82612244ea7951417fdb1867065099ffaa3b5dcecaa3ffd4b0c041f16b7f39ed;0xbee135bf6856cbcee1071f9367a47b94923f7db4202b1772d980d74d31822f3e;0x391c569f;0x391c569fL;0.500000;1503126921;1503126937
1;8096;8048;0xc96af09ae14d37b042500a29e515b2f06bc6cb9e951dc8c126328058788d1c41;0x8411aeed9e3b1c25ddcf7c4973b121b73172f28258fa4186289c33618c17c706;0xc99add0d;0xc99add0dL;0.500000;1503126939;1503126954
1;8096;8048;0x9d2176f018b050936ebe6340fbb76914bdf038e10b59d4d0c84a6173b7188755;0xbd94a020179e8ca8a04418db01a358fe06819fb67a9186f20519070d9af05468;0x4f291809;0x4f291809L;0.500000;1503126956;1503126970
1;8096;8048;0x007d8a48c2effe6b914d5f58aa09bd0c834501abdb3054e3d33a1538eeeaefee;0x1778921326465b4562cf6b52f90b923d847d3089e32204fe6f965a87928e742d;0xca742df9;0xca742df9L;0.500000;1503126972;1503126986
1;8096;8048;0x56020e545751eb4f24a16186ef966ac6a94d14f746ec1863f888b48b66277ebd;0xd26972a7805e8fa67f576e6c252bceef01dbd5d9b5fd2998179f610d9e70855c;0x2ba58f3d;0x2ba58f3dL;0.500000;1503126988;1503127002
1;8096;8048;0x5fdcb56deeefd4f18ccac3b706bf51bfc834e3791ead3f3fcfa0256d65f30dc4;0x26c22a3133e34c69af613899871933ef6026e7578db284948c354ead35ef7a8f;0xa8cc6bd4;0xa8cc6bd4L;0.500000;1503127004;1503127017
1;8096;8048;0xeada56aae8a03ae5e6ba501f602fe4366b3c4b03fcf1649e15fa2420e12597cb;0x53e2ce95723e4fddc8783debbde51429ee64fc15bc78ddbdf79cb245100f0a24;0xf80c6da9;0xf80c6da9L;0.500000;1503127019;1503127032
1;8096;8048;0xff815cbc41b6d6db9aadf09d915804ca72b6aae5f28b70cce6cd294675b9a274;0x00bc6ba27a02194c5d3fc6014c82697def1cbe6d4e3918429c80fb777ca244bd;0x12237540;0x12237540L;0.500000;1503127034;1503127048
1;8096;8048;0x0b5fb56b1e67ce0e406058fc1b002f03280139df7caf41b2c0c0ebf07105ff7c;0x76d1d68abefc7c6ffc1e92f24a6a4c6984fd156f7d853bf280c5529805d55592;0xba4eb551;0xba4eb551L;0.500000;1503127050;1503127064
1;8096;8048;0x5500438bc368a3a737851bc600ff003fe4ef21b18d078db22a3b77a6f7feb14c;0xf25e8f136b68fc3dca9bf4b5d8f77d51ba8912df278b5f61f179254f9c2dc187;0xa4454314;0xa4454314L;0.500000;1503127066;1503127081
1;8096;8048;0x38f80fd75d4a21eb0dc21343f9627421179e105cf09435e18de975897e4c76b6;0x2ae81838c618e3f41583420143773335fb4c2144fdf55357236f26e0e507536f;0xbe5b8667;0xbe5b8667L;0.500000;1503127083;1503127099
1;8096;8048;0x0672c0a2cb8d18b2ac41ce0bee338bee1fd6aa6dc0bdd91b2e2eb352281f972e;0x5c5ec10a03fda088e1b321c7f74f377af99724f212b31ccb4aeacbb6675e79ef;0x5b0f9058;0x5b0f9058L;0.500000;1503127101;1503127117
1;8096;8048;0x37aa1526a335af9e454b9f7a8f30b54aa2d5ba1c087039050e25798c6b24ada2;0xc9ed331dfc281bbcfb26b43a5795345e2374f0785732e5d9e2588ae85d7bf3a2;0xb9308f60;0xb9308f60L;0.500000;1503127119;1503127135
1;8096;8048;0xf4091c6641a429e742cfba4990299049c5f39c87110c71224c4aaa0e2a0ce21f;0x01f897af137237d9356cacc7f40b610ffbb3af1b0f9744c614701b4cd3540f46;0x7af78858;0x7af78858L;0.500000;1503127137;1503127153
1;8096;8048;0x52c0bdf472cff4d83fef4ea8a7789f976be4e96b2ce10715a01b4bf9cd872b1f;0xb7ef9199ec55336e8a28157e100e6cbe3a9e26bbdcd892cac8128c14fa4dfa8b;0x8a0f2b74;0x8a0f2b74L;0.500000;1503127156;1503127172
