1;8096;8048;0xa74f48d763cd2fce9e31ec5c415a1008cb2a4423ba907f566f1419c5e2a5fb89;0x054f89d68a31afe0ca2a3658a69bf52003706b0533fe33aac74417da1f07f685;0xf59e8b17;0xf59e8b17L;0.500000;1503108376;1503108390
1;8096;8048;0x7be88c4dc8534bd6923338498275bdfc00f5fd3724b3fe28004868f1e734a162;0x2f8f86ea23678ae05ce817e2b91d177ebdb6227fde74e6376f487433825265fe;0x0d695d60;0xd695d60L;0.500000;1503108392;1503108407
1;8096;8048;0x7adb82c481be7992f700210376ea31bea210a90c77f9196a5f53ec0494177e0e;0x35039e87956028f22301d7b50e47b88c80ba1f4990cf32eabac56134d8142b2a;0x67ab293c;0x67ab293cL;0.500000;1503108409;1503108424
1;8096;8048;0x6f80a907f2a004a888f5bf15262f25bc99f54a7eb5bfddff9f6478eaf4680563;0x5801779d9e0ca05eaee2a055d55082d2c5584df80b57e0cc85d3b43d2ab0619c;0x5f39b85d;0x5f39b85dL;0.500000;1503108426;1503108441
1;8096;8048;0x6add35aa4e754817e0cce5555262558e27f4d371766aa09a0c88a705f6089060;0xaf28ca9a7f669dd337886f8678dea44408a0de335fbcc65a8fb2282fb410b577;0xe07a5a14;0xe07a5a14L;0.500000;1503108443;1503108458
1;8096;8048;0xf9a1262c78a6940dcb3101f0af1019b362d29e9ef7eb941cbbe3c3d7454c273e;0x8cd5cc57917e441a4b2714f80275d4e17b1a1c551a8054d66f2d4cecfcf6e20e;0xaff38831;0xaff38831L;0.500000;1503108460;1503108474
1;8096;8048;0x3227f5c0ac0f4edb48c77498ed27b3e728f540f34c6ab1ed25574e1ed706f70a;0x9098d25c26f858f89554616c21ec75351aca7aa89e3b4034ae99777d4fab30cf;0xe0a5ca84;0xe0a5ca84L;0.500000;1503108476;1503108491
1;8096;8048;0x519678b2f18ef59dc9dc5d1772a3099cb715f26747d49cbca2666f765d3ef5ae;0x27519fcb633f45ede6b0218ee7a7da5ba5b8093a89d28a0dbc8a3ed2099f275c;0xf7826033;0xf7826033L;0.500000;1503108493;1503108508
1;8096;8048;0x0fbe2b668251bd892d207d080660314043d6b50b174fa171ef9f20fdb1adb4c0;0x5f261e097bcbf931586c390e8a9cb3c86473d1bd59e768a6b73d423be9277ce5;0xfaf68eb1;0xfaf68eb1L;0.500000;1503108510;1503108525
1;8096;8048;0xea4f6f380614bab38120b26736cc73d6c80c370e0a82247cdd372cc7e4a8aece;0x183442244ce048c50c3f0410fe4a6f768fdc3ae9a4f582ac202222b2d0ec7062;0xcd80a25f;0xcd80a25fL;0.500000;1503108527;1503108542
1;8096;8048;0x70e91537f08b6f131730fdde26624ba1967e915c4138847d47c1374103527373;0xb0c2144aa27b2b9fdc3910f9434a32380b79b484a3fbe9ada4f49af749106ca5;0x700f1315;0x700f1315L;0.500000;1503108544;1503108560
1;8096;8048;0xeedb1d044fba8ccd253ced087a713475498d9b4932f298b0c0f4c31089a6a378;0xbb4cf828e06037bca97b2919301a6c708d8bbed05c95997a160dadde612af790;0x2033b850;0x2033b850L;0.500000;1503108562;1503108577
1;8096;8048;0x96142728fb6f3833d196d11d55020415fd940c4897b8b1d999211898b11ae847;0x904c06330c94d5c358a574cbe6f9e2478e30a66346b29c662c97037822abbd6a;0xe607a7c6;0xe607a7c6L;0.500000;1503108579;1503108595
1;8096;8048;0xba7741cedfe14894f894261efc951b0a5c89ea3c6ec680d6ca76fc119f22955a;0xe8334cf0d23746b195e1fb3fb92f2771af63193a3d51d5cac7b0e4cf7cbbd0c7;0xa97cf37e;0xa97cf37eL;0.500000;1503108596;1503108612
1;8096;8048;0x7f7495ca627d4e062f733e57ebe3d1100aef21509770c9eaf90ddfab7eb70efe;0xb2276802b5fa99101d652eed3c118a8fa7a1293296c1b4507e54947b1c673311;0x7a2600d4;0x7a2600d4L;0.500000;1503108613;1503108629
1;8096;8048;0xd6eb5a2a85d317527d72e345cbadb08d2f484ff6da96523713a72758e291acb8;0xa6d8e937e7fa231acd55c3305fec490f26042c47f0a6a58da5dfae54080c80a1;0x82e149f5;0x82e149f5L;0.500000;1503108631;1503108646
1;8096;8048;0xafc15114175cc4804ca9703d490b2212a94cef40472813e510dcad30168ca0c5;0xc811c0b6600def5f95f0e53502beb6d90c9d2e00a8f550f615fed649f0a5c36a;0xdbccaa66;0xdbccaa66L;0.500000;1503108648;1503108665
1;8096;8048;0x33f0f56a5278d0bcd694ee6cbf5dbab9427d37d321ab9e485ad583982118b455;0xc90d7b2999f915f6718a6f3379dcd18eb3808975d5c2b50fbd59e3356297d932;0x7b38b4bc;0x7b38b4bcL;0.500000;1503108667;1503108685
1;8096;8048;0x2c6820e7fddfb61d58bf8138d15e6adee36f2e955e87ffbca9238def73d0ce9f;0x0f65e195630f60078a0db2be7c93afe831ffd2dcf0ca83eb0dba0c19ab955b28;0xff92c832;0xff92c832L;0.500000;1503108687;1503108706
1;8096;8048;0xe3cad2968533ba25bbe0da3a021e3b533192185b53191f0131fc36ef92e16175;0xeffa928a9a3f709025537f64eab6cc4bc69d2b52071e16c9e6ddb1ff94d4c7cb;0x6d9298bb;0x6d9298bbL;0.500000;1503108708;1503108725
