1;8096;8048;0x9274113bbcced377f6865724c0f2c8fc788cf3f9f89ced63c7550cd1a8b3123a;0x779b6918d9d56807dbec5d55d0d0c620f63ae0a283633aadcdbf2e792e289580;0x7f5071b6;0x7f5071b6L;0.500000;1503081517;1503081536
1;8096;8048;0xcd234b647a16e5c794534b856c37f3f6584fb9e6437031f9f8965ae4fa68ecc7;0x69b6a9ce1eccbe5e197575665f145ccde0cdaae25c69c6cf2a133ab68e6c5f93;0xcc5c806f;0xcc5c806fL;0.500000;1503081538;1503081556
1;8096;8048;0x6804a8f3c0adf41cc2b1129a1072ed09b71973633257c28cd70b857fc8001b30;0xce7fb2ed4f9ef08f385f3e6c61040d89b60e3cfe132b6a21c932e2798bca2e79;0x8b9fcea1;0x8b9fcea1L;0.500000;1503081558;1503081577
1;8096;8048;0xcdf0c58300e4b1c3f59df855a4bed84b64d44200819c943f47672684a53d9372;0x962b71c2f849fb7b1c15557d27c326360d3b74376f85fb69df603988ed70e1c2;0xd6abdc3b;0xd6abdc3bL;0.500000;1503081579;1503081597
1;8096;8048;0x2587ec70b5fb7116a9a71031969618aedd0fc0d702c2a29699a3487baf69f6d4;0x1bc438761a01119ff8f20314ad69ac65777824b052cbc4ff2563471cfaf9fa13;0x7b90c914;0x7b90c914L;0.500000;1503081599;1503081618
1;8096;8048;0x5bdb2f51fe8de3e874d9c5a16f76926cbf45ceb1b6b3fb71ad54a95f0829fe63;0x6b8c682e229a46e252b76f923bcc0cbdd994774a145f36809efd193eca0ba484;0x2b19d88f;0x2b19d88fL;0.500000;1503081620;1503081638
1;8096;8048;0x72e4bfc5476e7cbaeaeca2ea52babe8c02ea2eea663b74a482503d77be544230;0x62fcf8ff312c0b3288aef20007a1b32292b6e3d4f8d6005cf8bffce4ecd80f68;0x9baac28e;0x9baac28eL;0.500000;1503081641;1503081659
1;8096;8048;0x919a13c547da68355a4427791aa4961a135c7aa6a29d6e16c301860a5ac8d6ec;0x0736d7e25a25d2a031d6b4b9db2f2cfcd9d7420c0f8c87377d2ddef7bc6d3b5d;0xc6016b78;0xc6016b78L;0.500000;1503081661;1503081679
1;8096;8048;0x7d585f6ca61b4f9afdbbd9ee5cd3c5409904a50727decd8a949fd36b1c213699;0xae627d3ab3fff10970b326744067a5c6b0fbb65ee1cca826d66f2c51855e0a52;0x7b83c0e8;0x7b83c0e8L;0.500000;1503081682;1503081700
1;8096;8048;0x6f1d799af785dab5ee67e61c673c35b9b626d9c11c074f150ba27aed26027895;0xcb2b604e7f1f79b94c6886974ab0bc4bcda96feeeb3d8b35da61772acc761530;0x7cc247e0;0x7cc247e0L;0.500000;1503081702;1503081720
1;8096;8048;0x4d4573b896eb6a112f8107b89d9c10455154885191de31d2aad3c6a8fb59d348;0x53194debc6a90dfa249da31125959ed8542ef562249fa8752f2f79c524433a4f;0xc83da1ed;0xc83da1edL;0.500000;1503081722;1503081743
1;8096;8048;0xf3579e32edc1e182ba155196574ee11e22908c707d8dc2431abfca6de33a82d6;0x0f5b383056f716172f17e6fb8902e07ebd2ee71f46d9d7633733771c3f133e04;0x9227d63d;0x9227d63dL;0.500000;1503081745;1503081763
1;8096;8048;0xd976472ac0a42ad41ee82a812b862862fad92db2e0d34adb2a401d40d133ddab;0x173af20f3180cebb8bfcbbaf09bdf996c1346758157f674cb47f9037562c7f6f;0xe06601e7;0xe06601e7L;0.500000;1503081765;1503081783
1;8096;8048;0xeb7a075188509c55e1b122fe208880f4c92056f90e4bfa0240cb51dde0908bcc;0xae72460d4216abad08e378063d98b2137839869385bbd02c81a3e49ca389bc27;0xeb1c7461;0xeb1c7461L;0.500000;1503081785;1503081803
1;8096;8048;0xc57bb7d117f4c624fade0408dd8db771e6b768b5ef7ec3c9d23e065420263be5;0x825a8696c6073e1fc06dd0b3c819ae92714d7c5b7c00266d352bea0d1091cbec;0x0753d3b7;0x753d3b7L;0.500000;1503081805;1503081824
1;8096;8048;0x9157ea1b2e64b0c7801aa9bae980805a860a3a1b280b8f67af0e8bd913fb57a4;0x1d0e030b28ffed3ddd830365fc0a4d4c6febe97c9abdaac6d742efd5d1986a02;0xda93354e;0xda93354eL;0.500000;1503081826;1503081844
1;8096;8048;0x575a0e5abfea3ae11c52d4531cd8c2b30b7fc1636018d4375e0ad867eb53f243;0xe70fbce691012e4b28b66d18ccca2ac9c62743dcfe0b8e2bb5ba0bb836dcbe9f;0x8c23afe3;0x8c23afe3L;0.500000;1503081846;1503081864
1;8096;8048;0x34de6bbeb649fb01e78761ca2b85b7fc5d0047c0d8034bf9b10d5de6f307b227;0x394fe3b5d5c70485d8b214069a29b3ad22382387b2866b7c6f826f1c33ca7059;0x56547328;0x56547328L;0.500000;1503081866;1503081884
1;8096;8048;0x3ad1f77038c3a571e782c238adc3a5ce37a287f24a1bda8ff84a179699d24fd4;0xbcba227ef803f1dc1fbe459f78664a730a941bf5c659cb15c35f876d438bb758;0x29f86e76;0x29f86e76L;0.500000;1503081886;1503081904
1;8096;8048;0x9261c260a211141cc6d2c48b3ba3807ebc084426fafa01254cdc565dd8c90b6b;0x8d08adc9d6972965bbb1fa4acdbce64aad6fdbd8eec04ba56d16e0d3814c4c27;0x5e74e604;0x5e74e604L;0.500000;1503081906;1503081924
