1;8096;8048;0xe9aaa00a66b36b47af2bc2e49337acaf8aacc70fb54ed8c9de76df79c460cdad;0xe9f6962614bf8a49d68f8c2d91dba56765431281b31b2633f23dcae1df869931;0xc98177c4;0xc98177c4L;0.500000;1503086933;1503086950
1;8096;8048;0xe9fde6da07046d440b6672293bf303930599b0747a7733c36856dbbda7c04e90;0xce022cb9d0a9740dd5102b58e92cda11819ec1263493c1c3f5aaeca3b082ca39;0xd976c2f0;0xd976c2f0L;0.500000;1503086952;1503086969
1;8096;8048;0x08f695c3cade9bc417cb51410abb1897a11ef872e8fbb9b07bd8c1ab314b7e39;0x695ebd7744fe07800cb9cfb07dbe0c042d40277f70b897a0e07268795b6d020e;0x316c97d5;0x316c97d5L;0.500000;1503086972;1503086989
1;8096;8048;0x73032b5d5e98abc0113c929693ddea36a8cf60e71b18ac5c03ab5a81aba9da1e;0xbf194044b3f6b96055282f7079f27a3eb048a37b3438c3d2ce768e66cf7f48a0;0x362e9dcf;0x362e9dcfL;0.500000;1503086991;1503087008
1;8096;8048;0x73d6ccb3d7dd7129ee8294cb3151ba0aa329da87d74d18c0cc093ca59a214f0d;0xd0df35c1e639952afe067b32e917a1122483b6b7f170238ed1a38d21b14ac9d0;0x30a2ea2c;0x30a2ea2cL;0.500000;1503087011;1503087028
1;8096;8048;0x39f06c8f6e9d4188c03a570ab5b3187b4d7fe13592e32a53a6d0ae0c4964dd82;0x8f2dc72ef6193c610e2b6d4d626a087e8f556cf98d3f39c262a5b67ab0c35450;0xb4be0283;0xb4be0283L;0.500000;1503087030;1503087048
1;8096;8048;0x2befdfc82fff1e0274b8dd1cde485cb7e1d3ba09ede746209554e419a2cd59cd;0x585e3855b3f0fd500903971934005f681addfd5f6e322ea638f3b38585bbd1fb;0xabeeb3e0;0xabeeb3e0L;0.500000;1503087050;1503087067
1;8096;8048;0xcb3b5e406a950e817c00ecdd67ccda74f42cb86d341f6557684246dee36089ae;0xd562e87637ba440e70241ef7b8181d160d5d9301a4d014f1389a2662d4218ffd;0x165b5170;0x165b5170L;0.500000;1503087070;1503087086
1;8096;8048;0x0885c8ca76e8d04b6519fc9fa8ebe9a6a21325ef0d02f2d3bc6140ef2470812c;0x4a89f70d66494cb5cfeb67a19888ec089230c3030d904885895dbc4b289da1cd;0xeae0528b;0xeae0528bL;0.500000;1503087089;1503087106
1;8096;8048;0x96391435dd08153dc1375fe1e23a148e83fcb6a74d2715b8e8f616bcb2ff7149;0x942483139651a7baf00f16e4bb9737c9558d3447962e573be75a88e23da7a77b;0x89b71a93;0x89b71a93L;0.500000;1503087109;1503087126
1;8096;8048;0xac20be6b05b1c804fc83a2b6711053d60403f0b9c66208431021c9b299e5d145;0x49271f0a322e6c285d31dbbbb0f55510192bc46c0d7b839b776bdc5b1b4bbd24;0x7547413c;0x7547413cL;0.500000;1503087128;1503087145
1;8096;8048;0x5747c3504d4d12711556d8a42d2368a83c8b072dbb218f8d05c85bc0d0b16d27;0x5389131b0fc448e6b207228f36a2924b24cf555c128094492fd053379c90274a;0xa76777fa;0xa76777faL;0.500000;1503087148;1503087165
1;8096;8048;0x0c99ef2ccb5f824a2f4fa794095b85a2ae1f48ac6fdae4cba17cfbe564eb1470;0xde4d02d292aeb81c54583ee738ed32f2557e2881a17005bcba4051599fc1dea2;0x382777df;0x382777dfL;0.500000;1503087168;1503087185
1;8096;8048;0xe4297678431991b0cfe063c6b7059e3feff85e7dacb6d5bba2b4115220cd1505;0x019004e469b739b42ba7ee0080aefa5e7cc38d9a1414928bcdd852f59ea803b9;0x31c561b9;0x31c561b9L;0.500000;1503087187;1503087204
1;8096;8048;0xb3f2ba752f966d8f81c1031616de22085abbf7d8e4adf8fbcdfb043ab1cbb264;0xb7b03c00df980ae227329dd72c67d586f17411dbf0cd1cdab346f45a09b9dabe;0x2d3e126d;0x2d3e126dL;0.500000;1503087207;1503087225
1;8096;8048;0x54e9e7f0ae3b4849db1149d982b5844d265ac83891dd3fa411bc2f13e3117c37;0xfcdd47a55dccb7f9a9a6dd634fb95ccf883b17ee9f24985c9b0eeadf378ee168;0x6fb825d6;0x6fb825d6L;0.500000;1503087228;1503087245
1;8096;8048;0x690b94b0a05cec52488e2fc895c05fd3f0cd678b3ca82869a465c0dd765009df;0xf809fd75bbfa1bde502183941617edf94d5b3180513e2d7f9b07e8f59de51f6a;0x50323ffd;0x50323ffdL;0.500000;1503087247;1503087265
1;8096;8048;0xb7333d8cdb07ae5f5ccf09e47e0873669f31b141cebed7ee5e91b95b3f6aecf6;0x79be0897983d135ca0deefc417ca55cf4e48656315af75ecf53908f8db613cb1;0xd887337f;0xd887337fL;0.500000;1503087267;1503087285
1;8096;8048;0x0f8abc94cab18a66a3b42b5204d445020fd38840479b756f65e165cae87a15f7;0xff35cf744056d1c516638a62dce21f93e42a3dfd5565c972b8e515a24cb6cd80;0x4958d9cc;0x4958d9ccL;0.500000;1503087287;1503087305
1;8096;8048;0xe3bfb45fdb113728a2d15927f35c821cdab3d07950dcd546de7489f5ef5f66d2;0x09fb2fc4c5672d22906d6f3eb8680e6bfd48296e4389d9e0660b9846a999d39c;0x616ddb72;0x616ddb72L;0.500000;1503087307;1503087324
