1;8096;8048;0x29dc7174f77c80edf287bfb9bade5fa2314ea3ced0fb0a5c3d9891d20e598a37;0xf8526d33bffc515bd82bc395f2810305f04aafb46b04cb4eaf385729b43976ef;0x65fd7b27;0x65fd7b27L;0.500000;1503093139;1503093156
1;8096;8048;0x2b3492c074c69425c1434823aaecd326092dfec874b41420384b526cf5d1a420;0x52f6672301b3b7021abaff7c5ab985094f82c5762510e03515791ccc24b6a26c;0x334feb2a;0x334feb2aL;0.500000;1503093158;1503093176
1;8096;8048;0x5c01c766afc6057d7d7f83050addd28738854efabb7194eafbd3018c5fbbb1bb;0x0450e43f46adc3dddbbc0d87352922ef6203e34d663818e8821f4708d162df39;0x53defc59;0x53defc59L;0.500000;1503093178;1503093197
1;8096;8048;0x83fdade5c3f827aa71bf08205a54e889c91b205af10963f255eb36150cd5f58f;0xcba39e95f62925e2d64c9b4df153732d2a1c78c2929a4b803ada190bd9cec190;0x4e048e2a;0x4e048e2aL;0.500000;1503093200;1503093218
1;8096;8048;0xc64db168aa842556634f6b4a8bc93dded6d725207b69fc7d24a78c5cfa03f7c1;0xee6ef0af052c5f3286ae3e0b024b61199154783f577535e7ae0b4adf1a727de4;0xefe7450a;0xefe7450aL;0.500000;1503093220;1503093237
1;8096;8048;0x2f00c08df7b613654247553023e131901e9c79c709b4a5b23c205c406b09c19b;0x285fb74f3e2bf464d5b7235b28c08c5352d71741c32b78749b9d1e003854e56c;0xccd4d35a;0xccd4d35aL;0.500000;1503093239;1503093257
1;8096;8048;0x5aef0a3416c13b162a418d119cb84fab667779b22b3b5fefd991f4a41719b271;0x970434c8ea97de5b52b65f54bf1192adab736aecb829a9d891ef44be8fa349a2;0xe1687ba7;0xe1687ba7L;0.500000;1503093260;1503093277
1;8096;8048;0x7bb3edd6de1db7eda70c832915f3ef6c3b43723097c4e818cd82ad613d1f6db8;0x44dcc3524320545f3a919c6a711cda86e681e9bb7a74408b719ad6ce99bb90c1;0xe7722190;0xe7722190L;0.500000;1503093279;1503093297
1;8096;8048;0x6c3df57abecfc47f370d792eb070b426a1e7731d69612f3ad2a7d929a237710f;0x0a1ecc9827180a380fc6710273e7fe43e89744ce17d38340acb0dd1d4c59d4f6;0x7d74c66e;0x7d74c66eL;0.500000;1503093300;1503093316
1;8096;8048;0x06b48911018ee4288c964b4ae42bb587a117b41def42d8315d0a07eff95526ff;0x793df82197c73323b9a3269fafdeb79f01a06eebf49732712e3897e6802fa3c3;0x92a446f6;0x92a446f6L;0.500000;1503093318;1503093337
1;8096;8048;0x1e0f85bb00fcafef839e04d877b8a27d1b5a81f98cfd3f13d6c63eca33d10951;0xd4b421b02bea4d474e9fb0a76f3c533ff2149a87d6cb0b2003545e0b1c09f026;0x774fc0c6;0x774fc0c6L;0.500000;1503093339;1503093358
1;8096;8048;0xb2d1a95318ec57bb70fb62386bbb59e44b9bf389261cd409b98ef8111d9629cf;0x35ee889083f650cf9afaa4c6175185db3e88ca1c9a196a9c3fa5484c3518da7f;0x09e950a1;0x9e950a1L;0.500000;1503093360;1503093378
1;8096;8048;0xeac19f6f5a8ccb23bd5a2b4a1f9d6543726b0a503b5b68d6db56d3e82a9a6b14;0xe4a3cf821ecc020d680bbd37856a15c9943cbf1f33c1eb4cb9cffa45f0a41ce6;0xf0f0326b;0xf0f0326bL;0.500000;1503093381;1503093397
1;8096;8048;0xe4bc6e44b1fbd0f3622a1ade4284680e7a8b604adfed2c8c0fe2491a24d87208;0x5a27c1b7c0cae24c395817242e304ccb5000b902e7ee7b27a0e4fa8a73c58f53;0xc08abe50;0xc08abe50L;0.500000;1503093399;1503093415
1;8096;8048;0xc53fc3bd33dcd95c5361982328954675d186f5976b6a10fb61ffdbbb8523e54b;0xd65baeb51ab8be14c50ab8a23db4f87541b942b197f4389abfcdca591e300bbc;0x703e4eae;0x703e4eaeL;0.500000;1503093417;1503093434
1;8096;8048;0xf27e0398ee746bb4480227ee0c33439d3f7012578bf00acb0c7b7d2dadd4d4a0;0x0a76ae19e5408ab139d55d09cfcc651c6566288457ac0df268399f796a1d4cc7;0xabf292ad;0xabf292adL;0.500000;1503093436;1503093454
1;8096;8048;0x8709450fec2ef0506cb91a8f7afaf78a775f0feebf1101dc11b45ec31c6028a3;0x3acd7705085392ec5963184b740595ae82cbfe52b0ee19f0c666d3b987d79bb6;0x74f4450e;0x74f4450eL;0.500000;1503093456;1503093472
1;8096;8048;0x3f95bc1b4c6100f4a0fc3bb8a9b4649338688fae8c415b587b80d023b79d93f6;0x4b67adbf8ac9570dd3ce8fdd3d4e58d40aa11022c41f7fa670cbd6bd6e5f17ab;0xfe18df69;0xfe18df69L;0.500000;1503093474;1503093490
1;8096;8048;0xf8e8681b5c75760e585656e6fab3b20482c15cc6500aa6ee4277c2cb6866ef60;0xd06ca21125113aaba13b837a8c1813abc662fad3372fb143f414f39d421614d6;0xdef32414;0xdef32414L;0.500000;1503093492;1503093507
1;8096;8048;0x196723fa8f18324c31b1392e821d96d2c840e2e269d9f04a6f8deebcdcdda8f5;0x700332c6aed9e8fb9f7a78df0ca0f0e5e5df3b064508f65808c78eecc5ad9405;0xea16befe;0xea16befeL;0.500000;1503093509;1503093526
