1;8096;8048;0x9b9051ca276dc6443dbf1763bbd904eafa8772bb1baff5ff6cd13a222187fcbc;0xe2d542a260e5e1f0bfaff90b38abf1d87d0b569a628b1d2139c24b18be726136;0xa0d86edc;0xa0d86edcL;0.500000;1503099807;1503099823
1;8096;8048;0xae4acb9e8c58c31f6fe6f9895556bcbbe91a78a684f1493ff027ebf35a03b108;0x41f1df911a13a1a789c21fbcf551bf1d1ba74ea111c15a4863056e4833671dee;0x6b5d712c;0x6b5d712cL;0.500000;1503099825;1503099842
1;8096;8048;0x4f86ede3ede79327629008742409168b6329ffbf87071eac5782ac6d2e8a317d;0x4244b6b43e437b6978655279d60c8e4ed2daaec1f2e3455621005d40a3f90b92;0x8c6be171;0x8c6be171L;0.500000;1503099844;1503099860
1;8096;8048;0xdf11c2f4447841439c9b53a73b418a2c576963dbdf0126d49cc4a4a1c8b97da8;0x0e296ae737de098d354c7a9d651738b18c7d606964297842d40437f5faf2418d;0x275637e4;0x275637e4L;0.500000;1503099862;1503099878
1;8096;8048;0xc2e1540ab7b5b0ec3b6dcf2db352a22a6f65ba02202aa7f7ed94cdb8f069a3b2;0xeb274f45ae21766bebdb2fdac029035ee98baa0c0186d857f2aaabbf27727e87;0x358d517f;0x358d517fL;0.500000;1503099880;1503099896
1;8096;8048;0xa404dd849aa5c14cdbf054b2c19cec57ba050de1971cd5bb2c9abf1895a9103a;0x08ed01a8c8f0809ff8d4a8dbf73093a561b0c4af39d2524841e4e76d15c6b23c;0x6a2de7d6;0x6a2de7d6L;0.500000;1503099898;1503099914
1;8096;8048;0xf8d8fb794dcdca9b17842f40579b999d6200a735fc81c67a7046a41859aba151;0x9856e0656f31f41fbe6d8536a4440c88e51b76b749fdd4789c0547dc973e16bd;0xb7b93113;0xb7b93113L;0.500000;1503099916;1503099932
1;8096;8048;0x088462bee86860fb3250a9991fb07d376fc8e1589dd1b4441f8a635eff599f08;0x46d9abc96b7ce78466119e7c17a900d32ecabd9e38a7a593673daf435c8d03ec;0xb6ef180d;0xb6ef180dL;0.500000;1503099934;1503099950
1;8096;8048;0x6582e531cbcf05a1c9062a56bff5f020f0f30d8a8dd763aff43c5827120cfd77;0x7d9805188de6e78bb367f4cdf73afd5344af196334fcd90a93e909425a404fea;0x2bad30a8;0x2bad30a8L;0.500000;1503099952;1503099968
1;8096;8048;0x6373f7318511d4370f7b9df0e6084ff4533088ee64c58444c6a5b2b0b0023613;0x4d1ffe2aadf60e216ef39d1e9981a56247915401862f1b950e3853fc9d7ba3c2;0x3bcb9f30;0x3bcb9f30L;0.500000;1503099970;1503099986
1;8096;8048;0xeadd6f08d3d88f2cb96aeb89080cd71674cdb187ee47c303c380ad855a2fa144;0xe766885b7c77c96a906d2f5330a6e40081c59b2f9f919a365a0cc22d2db9fc4a;0x8508bf27;0x8508bf27L;0.500000;1503099988;1503100003
1;8096;8048;0xe61077c7aac30bb7a920263304d9d410c0afcb9235fd0ffe8dae85cfa9a33190;0xdb017f158d6eff25a562c11a6fabf659426cc5d9acb33390b160c0b320e66a04;0xfcd3ad7c;0xfcd3ad7cL;0.500000;1503100005;1503100022
1;8096;8048;0x6aee86c268e2457886c1e4b460378136a969d31445b938fe16d4e969e62ae350;0xb0ded5fd7eb53e76db1c69ebc98c0971fe0708bb85e58c492e3c49403db07048;0xff7b6a65;0xff7b6a65L;0.500000;1503100024;1503100039
1;8096;8048;0x03ab701160246acf8289197f9d77d38c4fed64dddfc8512f71a0a447a8c03fac;0xd75a7cba1133327adc531f690e5be86f95732ff996b47760e5d60743b8b74632;0x90e63b3c;0x90e63b3cL;0.500000;1503100041;1503100058
1;8096;8048;0xb95895f05d4fc386bd6fd0bc1a9784725146c8b14d9d007c2740910cb39bca6c;0xea012341726ed663b687a7f534e8ef875edcc64164dcdcb260e62ff03fb9f9cf;0x8a769f45;0x8a769f45L;0.500000;1503100060;1503100076
1;8096;8048;0xf28bab3568a66a239067296df1c84e526a1d5af386e4fed4c994dc0ab31dcaa5;0xa4aedda9c3db4e95ea77bc55e7e577741951ea48dc50f20d145b732cd88f2235;0xf9078e91;0xf9078e91L;0.500000;1503100078;1503100094
1;8096;8048;0x4f2912f1cc3b27e7a9b8850c587dfbdc29b8979acf17b2a1419aafd17f8290cf;0xa4740f0b397d97983abb0c9e13016d9fb60eb768cfa140f7f69a80e9fa237ba3;0x4bd2fb6c;0x4bd2fb6cL;0.500000;1503100096;1503100111
1;8096;8048;0xde9fe037dde20edb26899d994647d217be8fb639e25a5f9da02a888f188643f6;0x58e4c12872a9324a8c81bd5a24fa151c7fc51ff7c295fd7852da469f365ffed8;0x7d28a34b;0x7d28a34bL;0.500000;1503100113;1503100129
1;8096;8048;0x916ef8b393d71d5667e6e2a4b7d7e28a2aee68bb442909ead32636a10b96329c;0xaf47ebe6a1ba2490020c99e1ee242a5d40ce2fc95ff32506f98c4202082bfd0d;0xffb55781;0xffb55781L;0.500000;1503100131;1503100146
1;8096;8048;0xae8e0b77d9e1a1bcc3757e2ea693e0983b09afa8d85c5f8cd2fe37ec62569210;0x46a882d692a8fc4b117e1049fc5720ea039edd963e943d19eb846dccb50f9c36;0x07ceccd2;0x7ceccd2L;0.500000;1503100148;1503100164
