1;8096;8048;0x05d6f6317d4005d701ef8cb85f6881d2b4fb40bbc079731510ded53018e92c1d;0x503dad25ff776ce0495d224fac3338261368003282066285990e05cfea97ba51;0x3137c3bf;0x3137c3bfL;0.500000;1503086168;1503086186
1;8096;8048;0x987c504ab7650c033c37e2d07f099e4ebb15321717285d7aaa04bc34206d62b9;0xfde123224e71c0875d06c8585fcebe9d1da54ec0477fc88e4d5aa90f967dccaf;0x295a2772;0x295a2772L;0.500000;1503086189;1503086206
1;8096;8048;0xb94786dc4bce038041d48ad09440483054870e392c91cdfe94ac8bf5d0d2ac89;0xa40aa79cf47c9c804901f861529b119939f69176bc3825c52346588dae3844c0;0x385b1db0;0x385b1db0L;0.500000;1503086208;1503086226
1;8096;8048;0x652d53e5af585e8a670fb0769348834e8cb5c93d61e64f6a9134a255749602d9;0x35171879382128ea70bd251b40b5bfa9d652dabd42ae81e248f052c3bf81c4d3;0xd63d5527;0xd63d5527L;0.500000;1503086228;1503086246
1;8096;8048;0x1d86c751f182f2938197411749e926cbfa4fc8ca535ae7662b6b616a2a587047;0x51942f9f6da86c02cac8c9800c5560bdd3390142b3e156e3e7865bdabf2bdc58;0x78f38916;0x78f38916L;0.500000;1503086248;1503086266
1;8096;8048;0xd08260382225a796193199d47f50dbc4fa0fa17df35314ce54f8f3b1ab1aaa7c;0xce0b0556ff3b3ae73b60ac63d84e0285c569a718da23fda502387c80f573f0e5;0x2f0ea5c7;0x2f0ea5c7L;0.500000;1503086269;1503086286
1;8096;8048;0x0446dff8829969e65412b2e3ac18259b6e0080046591bd6bbceb7186de773ce2;0x5981a5fe8c12e086bc2f7a4006298df70b9ace2f568bad1681311cd5cec9c957;0x48a7a5a9;0x48a7a5a9L;0.500000;1503086288;1503086307
1;8096;8048;0x8bbda76f2f3d6fbb97058f8a3294f71700517ef44b56841dbb25374c743a48ff;0x18bb613b3c27465ecca4d434a3ce93335b7aa8caf4ffe3ad3a78309ed7008817;0x17784926;0x17784926L;0.500000;1503086309;1503086327
1;8096;8048;0x2bbc25a297932d787938acc2a5edc2b0f9b712799cd7f4d9194ea7faeafdfa15;0xc3a00dc2adecc02c29c18e30c68c70910047a1652e73c4c7089ec56596c9f47d;0x7da18d4b;0x7da18d4bL;0.500000;1503086329;1503086347
1;8096;8048;0x27ca408430eec85cf65c0fe6d1bac85f8b44fa90a3c55319917c9e5fd70077fe;0xc7c5f2337816c2fbeffcf30644670bf7093189c71793161818766c8be4425aef;0xf424f221;0xf424f221L;0.500000;1503086349;1503086367
1;8096;8048;0x0ba7e7323477435dba767e46bdf7ca4d1172ffee2ef065709454e8d41d3e5428;0xde7ba17644c9302564348339221806a3648b080c421f4cfe9978fda6113da88c;0xa2de9145;0xa2de9145L;0.500000;1503086369;1503086387
1;8096;8048;0x9eb6d1e69aa0064738294a4882322047ed13817e2c0530781254ce470c9871aa;0xbf06271aba710ca17cacb9418629f30587a0987a8f3725a39192a77e364d97c9;0x450c39b8;0x450c39b8L;0.500000;1503086389;1503086407
1;8096;8048;0x12e8f0dcce31049a3a2e3c12e7825ce54e994caf75cba2c874e3e6a0d473b1e7;0x5ee84341cb8fb13211256a16f45f2eb9e879e7f46b518a2d7f45f56a3c9cd59a;0x104baa37;0x104baa37L;0.500000;1503086409;1503086428
1;8096;8048;0xf5e6f0188ec77b99bfc67ae5163a25911968e56710ca07a0b90081673290ab27;0xffb87fe0d63806223b6ba72ebbac65ebcf8d8f68d2ff0abd2123442002febe66;0xb118ac11;0xb118ac11L;0.500000;1503086430;1503086449
1;8096;8048;0xb7319ea44c436f5e2579cc24b9fb13aa6b1ffae86be43966bb849e78966e454d;0x67c2ba0ecd63e58f622320c9a23c0d33602ae2762dab2b22430bd1e814e34a39;0xfcd64360;0xfcd64360L;0.500000;1503086451;1503086469
1;8096;8048;0x70dbf10617f99d207a582d8ee0ebe3be815874b626fd25f104c073cffd15d76d;0xde26392e30dc2ccd728ecfdc673b9ced82a9c76f6f4be6adf04813a0e7e43693;0xa3d182bc;0xa3d182bcL;0.500000;1503086471;1503086489
1;8096;8048;0x6732985cf00d07dd728a4d753d8fdbfea94cc99efb6e413e4f592873605c5bc7;0x373426da51ee073ca28251eac631db831db06068b94b2304070f93c178613fab;0x4b406647;0x4b406647L;0.500000;1503086492;1503086510
1;8096;8048;0x280264237c7980467f0a23e6860f887895d7c1f75b141184b3a9e9878428c4ac;0x195cb467ba296aa7add9ee5747692cf72b98164d576117c8fbfb08f5d01357e3;0x1700dc41;0x1700dc41L;0.500000;1503086512;1503086529
1;8096;8048;0x47c93e5148ebf9da193a25864c99b8b4fbbe4808f091577727386b3d3377bf7a;0xb06cebd89f77e26e9b743d71c8d9779ac3c9f4d661bdbada089cc5efaecbd20b;0x6020e92a;0x6020e92aL;0.500000;1503086531;1503086548
1;8096;8048;0xe1da49eac60fd17ecdc15571ee2e48f8ab75286e24c016f454368704d18617b3;0xa7b744e2811734a25d1e84a84ee27731b5ea187e330bbe7a31f5d7f1925d958c;0x0614cf97;0x614cf97L;0.500000;1503086550;1503086566
