1;8096;8048;0x785ab4984adb2f79174c5c5c9401e1da563a383bd14483eb29d658837fdbcaf8;0x49aeaf1903e0a6ffca33fa007b0a14e138de3d6770da90bea603ec56264ec74b;0x7ecf97c7;0x7ecf97c7L;0.500000;1503114307;1503114321
1;8096;8048;0x8b0f56dfdbf467c7a8d55348e006b568bf68ff15fd73cff5f562cb023fbf1ccb;0x169abed405b1065afe291ba932d4a4c7f5b391d14f1ee5d121d951df0ae70f10;0x36ec9156;0x36ec9156L;0.500000;1503114323;1503114338
1;8096;8048;0x6d6dc63b839cc12535a5141fda6880bbc2a887e8f8df6ca7b3825ee03a323aa7;0x521e248918837a23e0d1c98dc1067a2f937ee306db0554ec8a205e7649a3db73;0xed207e98;0xed207e98L;0.500000;1503114340;1503114355
1;8096;8048;0xe8237696f4be3e229598d2d96699f92292ab3c12dec73164d67b3ebbbb905ca3;0xe93a19a68a8b91a778a594f54ce5439245fdecae81d47390509b50d0fa4bfbdd;0x20d5bb72;0x20d5bb72L;0.500000;1503114357;1503114372
1;8096;8048;0x4d31d7390a08b1a32b5673b3746de0f43ad56799f0ba2c57308c5b674b934d98;0xcee3c919e7080cb9d1034c4264f9fab8f78075fe11ed2d6776624c1bfbcf216e;0xd4758d0f;0xd4758d0fL;0.500000;1503114374;1503114389
1;8096;8048;0x9d5fef674beb428ab8ddfa00d492d95d719153c6e4741eb867c5bc5778ceb015;0x18fc9d14731e06778fefa0db4985f0c059ef2ff396272bdb7f41433bc6c89fe1;0x0415b44a;0x415b44aL;0.500000;1503114391;1503114406
1;8096;8048;0xea60a20a1aaa85760192036936ecd689b9b7cb685f075a9c66853bd689d2d674;0x3280a35ba5839d04e74a7c28976371780dc3e3148133707f1e8a41ce769fb2f4;0x9f7c8160;0x9f7c8160L;0.500000;1503114408;1503114423
1;8096;8048;0x744feb42091d7b9e20788b411eaf75b4df8e1f08038132e4fc12832d04155578;0xf73b2840e18c0d36383f3994d275f21088a194f8ef77ee0252504de69744f1ba;0xe23adc7d;0xe23adc7dL;0.500000;1503114425;1503114441
1;8096;8048;0x23924c2c5f0484e797de3342b837a782110e2fe20b233bda9fe7226092bd50b6;0xd2be7720c9b8f5b921313a365de4bf77712071376911f88eded9f47ef802cba8;0x95792e00;0x95792e00L;0.500000;1503114443;1503114458
1;8096;8048;0x515113c6e1212da99042a40e41970fd96c69221da437625eca9bf6fa27112d78;0xb43334efcb469738bf79ba882143e272e3db12a2cc891b9bd1f732b046ef709c;0x8c81191f;0x8c81191fL;0.500000;1503114460;1503114475
1;8096;8048;0x69d7760a6a210bdf06ca7d600bf1f26b939ed7bf80529c327b7857bc48ecd2b1;0x207aef9683eb4d42286a5cc45e051a1391a2d4150616f10ac30e154b0ef57aef;0x992d3193;0x992d3193L;0.500000;1503114477;1503114492
1;8096;8048;0xca6cfe1f0c2bf48c9c2a9e479ba5b27404a860b3a1dabab2dee2afd128dadcf2;0x35652bf4635f951883f4270df607f0751b2c8839f8899bb88a9af2beb43233ab;0x0463293d;0x463293dL;0.500000;1503114494;1503114510
1;8096;8048;0x769013a2aff203a098743cc40ebc54e0dc849afe41b89ee1b63287b7c08fda36;0xa7b6b083d04847a5a282b1920bd86efe94e913d9e941122d98fca70450f5dd3d;0x85be9889;0x85be9889L;0.500000;1503114512;1503114528
1;8096;8048;0x9f7a35d93359201cb9aa5ff54d1d61d19479cc2fe7b9bb5705f91de672d73311;0x7be47496aad9e18fd193d0ce7d82c28d1e9b347b92e971d01ec0e91c40fa5fd2;0xc4d20af6;0xc4d20af6L;0.500000;1503114530;1503114546
1;8096;8048;0xe680e1238790b8d8410b908f2b439871e9ae27fd4ec2aed878f691b8b01be596;0x2b826ae6f8bd9dd1281b0e86eeb8c5c78a3e67565ecbed292d4ba23c274eb41e;0x48eeddf2;0x48eeddf2L;0.500000;1503114548;1503114564
1;8096;8048;0x8d729afe298e750255609976d40ea004493c5d230073d8a81d1f8a465d605aeb;0x1253777b18352e97c9188bb72d23a834d0c9ed21821d8ea2f91655c102e58964;0x361f043d;0x361f043dL;0.500000;1503114566;1503114582
1;8096;8048;0xf20139c99e646032302a76227c61be1f733087b5d704e8f8ec0306bfaedbada0;0xdd578a4a0c3e3df59a1d68f50dba733ef252621f630680b92d4aa7f0e563c805;0xabfe89d3;0xabfe89d3L;0.500000;1503114584;1503114600
1;8096;8048;0xa398dc29f6b188598a0a52ede607268f87023a5e5f3d83898566f1c824e0ecc7;0x34dfb725e9442f3d4f7d5a5723a6f27d3cb71b3949529c73bee3d3c1bc25f24f;0x615bd0e9;0x615bd0e9L;0.500000;1503114602;1503114618
1;8096;8048;0xfa4ae099e8b5b84bf12fe661bc88205710f338e405948d19b90adbfe2b264526;0xd791ba41ebb8b8489272987f1636929d908611bb49068116385e630b84bf5ee6;0x89e0c6dc;0x89e0c6dcL;0.500000;1503114619;1503114635
1;8096;8048;0x49db90393055aeeb903cb49ad7175745ca42d63cf01d4189812e89a0c0b8370a;0x69b41f989ab1bbbe67189072c8721390ec3b42f403c7291cf73b3ba968f10cbc;0x4f0a8586;0x4f0a8586L;0.500000;1503114637;1503114652
