1;8096;8048;0x2a9fd4690ef10544023153628371b316c3dccda52f9fae378bf3cfa0a7d39dd2;0x0117fd604488f506e0eb8321904cf11040bc393ee8ab5d8da03d40f4603ed4b6;0x0448d65d;0x448d65dL;0.500000;1503098493;1503098509
1;8096;8048;0xe1ceec18455997535a4556b02fa4c3bcfd67b2f8b2d27735a390a0daa4b58f85;0x932ee7e30563b46362d5d902bb85762fea44bc5166224e70b12961d6aa919ea1;0x500f8ea2;0x500f8ea2L;0.500000;1503098511;1503098526
1;8096;8048;0x5eade1cb7073a4dbf2da5da1aaeb7bbf264ef97548855385802b237668a670c6;0x36099fc1a5e7c93c256f9c33ef5bdd6cbafa24b84cdfc9c2b463c110cd3a93e4;0x258f7087;0x258f7087L;0.500000;1503098528;1503098544
1;8096;8048;0x7ca3e81dfa7f97f5b87b06c13b35c4c84ed6de1fb1ca931ae9985d89b08d7c2d;0xe059d51fcdd10d036ecc5179a4d007e46f36ecf0bbe9094f63461674d5d32ca0;0x0884bbd5;0x884bbd5L;0.500000;1503098546;1503098561
1;8096;8048;0xe4439779593f8c3e90ac4bcf55cbe6b508f06c213249c07c01a4b955824a2c66;0x16c54c81ea2f0a540ae3129796970ea3d0438bdb6b8bbae84dd11e5bdd0bb4b0;0xa3286ec6;0xa3286ec6L;0.500000;1503098563;1503098578
1;8096;8048;0x15b441a6d98273c505f75499d3dc62b238f96328d2fb36efc7c4f96483d8fa99;0xdc6e1ee20b8099e590d0425f51fc9409ce76a54d174d1c07edc3c87c66f6df04;0x77190d77;0x77190d77L;0.500000;1503098580;1503098596
1;8096;8048;0x2ea4ecacec8d2870d2f99dbe5109a44ad923af97156c13dc298cfb9c9904f4c8;0xeab644f52a97522d715279d72d33149fcd2c9267fda014e5ba4b2704acbc697c;0x342df2b6;0x342df2b6L;0.500000;1503098598;1503098613
1;8096;8048;0x953e420ed89b42478ba99b605a6342e2c10bf9decca5997fde89a7ed90b93825;0x422ff78a6694886622a97737f18c5fbc4135344e50100b4bc9f74a9fa2719b50;0xd824eb1a;0xd824eb1aL;0.500000;1503098615;1503098630
1;8096;8048;0x1cb2e984cf5bad3d5437a5b2bb0b379b5030af67eebaf76e6ce3f72c1219882e;0x9263912a60e6e03cca0c1bb630a89d7ca1481571eeff1eb4cf3fae426d7eef64;0x6b448eb5;0x6b448eb5L;0.500000;1503098632;1503098647
1;8096;8048;0x9619bb371d732579889f5fac4a2997162db357c4e35f34e47fa87fdaf4d2bf8a;0xdecf5ebcacd7b482fe134bbd30d28eb0b68ae35ac6c35092e16279e2228b4c62;0x71f52c36;0x71f52c36L;0.500000;1503098649;1503098665
1;8096;8048;0xe54363c3bb35bf7bf37f7a65dbce80c0301a725d4dfb0ae738b58ede10718ff5;0x140a5d6cd326f1b855a892f59618a48380f49d2b7f8b85bda95982d51a975b73;0xf7e86c2f;0xf7e86c2fL;0.500000;1503098667;1503098682
1;8096;8048;0xb5b796497188aed7814ed4dcc4f5164a723efbd62cd927abfa75470dfae99aaf;0xfb7a48dcbb85d8725620e28f3c63f0ebc43e60d067c7ab449a787bda3b9e5f77;0x22a6e086;0x22a6e086L;0.500000;1503098684;1503098700
1;8096;8048;0xbbe5f9f73b8ed223bfc2ddd0473c8fff39261e4025fd2cdc0a5639742009e6db;0xed9dc50fd62c31613f93825e964aa962458204c68a7a623cc11a5886352e2384;0x38af8691;0x38af8691L;0.500000;1503098702;1503098717
1;8096;8048;0x24e6b76904c94099d870cc18ec4d7b6388e04e7cd778df11025c645c5c01f280;0xf304bef20d5e6de423524efe824342733e346d69c1df40c42dc33728afe522a0;0x0830481f;0x830481fL;0.500000;1503098719;1503098734
1;8096;8048;0x62c5f915a40e6faff9915094a5f6b7edc3a078339032af5ed9ab85b48a58adec;0xf22425be72f669e7bbaa7e45a364e3b6685616218a39241a7a2064449251b6be;0x59938cc8;0x59938cc8L;0.500000;1503098736;1503098751
1;8096;8048;0x2292827b855ce04ea55a7cf5cb9d2e91986422cdbeef43c8416909b15f45d181;0xef52215afa2975e331095a97aefb35bfde447b8905739e75629acff467be96bb;0x43a28256;0x43a28256L;0.500000;1503098753;1503098769
1;8096;8048;0xe9f18f64f70495e3cfee7f121b42a1523dfe89ce2ab2b1df82729925355de31e;0xa82647c28325168bf32c74ab85be6411202ff930fa29788a668b0a3cbef04bbc;0x599c176b;0x599c176bL;0.500000;1503098771;1503098786
1;8096;8048;0xbdeec10b2d2274eb46684c84dab3ddb4dd75aa88bb5957bca5b021765637da14;0xe7f7e1b922491e852007184d35289ca903384b84ba674bb473d50ec023500136;0xd568c4b8;0xd568c4b8L;0.500000;1503098789;1503098804
1;8096;8048;0xe3d5ebf6809893abb9764324902ed5292e403ac873203dc73bd6d6446686ed49;0xbe4fb89a85edcaf65bd27b2065eb62779c9af7a20214809c4fd8b69b87be5061;0x40f32a60;0x40f32a60L;0.500000;1503098806;1503098821
1;8096;8048;0x5b4633855f5ec3d496d2162ec9081405f8263acbe7251e5b4ac4e971af4e810b;0xf53139c28d69405709357f00887cf2b2d7473f37536cfb4c1acce40e365dec51;0x6eed86e5;0x6eed86e5L;0.500000;1503098823;1503098838
