1;8096;8048;0xa81ac53418b452d598d0abe7c144e1ecfcd7ba3d29e1e01183786f02277743cf;0x665f2bf8350cc532348ff9f389b932a5eae7c6a45bc24bb229a9a885ebb488ed;0xaedeb4bd;0xaedeb4bdL;0.500000;1503094530;1503094546
1;8096;8048;0x313f70efd660f8cabcefac46b3a1c4124e22e3a627c7d62064a933ae13fa9544;0x403428282505e37f84137d73f8daa2e967e777af36281a64b48855710c048834;0xc07f80c3;0xc07f80c3L;0.500000;1503094548;1503094564
1;8096;8048;0x411990f746cde5026273d4d5dddce2ba243bc282d532684afc28c5ba3e16fe7f;0x9ba295c0e19a90cc997e3169c0802bf7fa1ba2f690f5976472211b29c37994dd;0x1f1bb664;0x1f1bb664L;0.500000;1503094567;1503094583
1;8096;8048;0xbf18c7f9db9cfb19461b7d9ac558eb95487fd70894648f0a09b889bd1059ffcf;0xfa5d48162bb9b39393454676086522cce7500d199f55a8d5d163df1379ffa112;0xc0a4d183;0xc0a4d183L;0.500000;1503094585;1503094600
1;8096;8048;0x973687f998c6aaca7d6812d6381fc889289b74d1c7ed2e7ddfe36152a6a7893d;0x82ac4f35ed74ecd4bd0af95446bc461835ec4b8752f3d4fdc35e5f8a605d9ed2;0x0feef234;0xfeef234L;0.500000;1503094602;1503094618
1;8096;8048;0xe1d15b4ae7cf5b4708bdf1adba079b78b63ff0aff849eb09bc293c7d3c34791d;0x49d447d12eac6fe264f6e19f5787b092ec955a9dfa42aecdc61d67599a6ea120;0x35a389bc;0x35a389bcL;0.500000;1503094620;1503094635
1;8096;8048;0xd5850dec2911367509bca037564a3a53fa38e29be3dc0d3ffd5ff7791f2647f4;0x88540a7109143419a563e48d868a66483d060ad638e33d6f157cfefe722b31dd;0x6e6731d7;0x6e6731d7L;0.500000;1503094637;1503094654
1;8096;8048;0xeab9a387ccfcce17a2ba052d16155cba2085194e66bfdc69e22f19e01af52504;0x9199a7c4cf1f1efad04e74bd9f2250f158b58e21dba8be0432dfbb0207745d8a;0xe0781c49;0xe0781c49L;0.500000;1503094656;1503094671
1;8096;8048;0x87d588de1f31e2422fbb9ccf54a84b496d9da56ed12b036e00046d69befe2746;0x84833c66ad2b286b115da48c9c3266cd3c0b35eb04f946fa2e62af0f90ac3dc4;0xedad5479;0xedad5479L;0.500000;1503094673;1503094689
1;8096;8048;0xa4b52f81b4b8c13c0dd223bd69f364053203ca98e8bfba287ca75264d78e047b;0x78620ba0b080e0cce6ec3711179b4a0dd56a4e5739f8f4bfbe004515a7600a47;0x45daae90;0x45daae90L;0.500000;1503094691;1503094706
1;8096;8048;0x131bb0bf03e37e797665020ea5ff75f74691e4fe7195a9bf6e34d71f6be08b7e;0x944021a28bb7304dafb4f7a6083f5d049afaf93731d3aa8e0d6213483d701e06;0x1bb12762;0x1bb12762L;0.500000;1503094708;1503094724
1;8096;8048;0x3f838af0aa9a70b5e04e75e047940b5bb1c601e9fd2b81a29b6ecc8da1a420e0;0x3d072e42df85c29db1b064925a7952ca5c7aca297f9f55440b6b2726f6eb68b4;0x75d06e31;0x75d06e31L;0.500000;1503094726;1503094742
1;8096;8048;0x00927edb218cfc75597cd67123dc1337cf7fbf1aa5c228ae0d47d76f07705d07;0xe29cd398acedac0b30acc6c4b1d6f8e08bba132749a43e86477a569a808c0138;0x38cc9439;0x38cc9439L;0.500000;1503094744;1503094759
1;8096;8048;0xdc75a7ddd4277a84327c91d0d582fe42f6a2098a7199507f4ee65d911d7007fa;0x75ed5f8df59029afad9ab7f4be27e6a9eb99dc886d078a86814a8386ecb11815;0x16dc236f;0x16dc236fL;0.500000;1503094761;1503094776
1;8096;8048;0x581b93df79baa2ecbdfe6636565cb210c497484e8b62b45bd976eca1f8f55c50;0x3f173b8b2fee0f9107acb45b701324847a43e636de975ec9c7187ae470c7f49f;0xd142dfd0;0xd142dfd0L;0.500000;1503094778;1503094794
1;8096;8048;0xcb150cc6d2638103ea753a0d55a821461443e492380629f06036856e6bb08337;0x84f4754e57a976c80d6c601a29d6c8340ad48d274e4d2383c56f944886dbb443;0xeb619046;0xeb619046L;0.500000;1503094796;1503094811
1;8096;8048;0x4f1e06cb62564247bc85dbc605d09871d28b5ea83a6e6535480e010341804e90;0x0952fe34debb2465f5aa064ec1cd8c1cb60382442c3d7c040fc81653b7a4d89d;0x8388086e;0x8388086eL;0.500000;1503094813;1503094830
1;8096;8048;0xfbf3d0cb2bf99a33ce1b7d532a64c955ebec512c5929af3a630172f176555a71;0xe1e9a1096aead8915ef71651df72656d06939847735f523207a241e9022532be;0xa5197391;0xa5197391L;0.500000;1503094832;1503094849
1;8096;8048;0x7ddffb4ecf4f5bd5b29e8092563c0178034f8502383e64c6ef330d9376afb8f3;0x4df5579040ae0f7c5f6cf06c96fbf5df1f3d69784dc6083b549b32fac6784465;0xa8543cbe;0xa8543cbeL;0.500000;1503094852;1503094868
1;8096;8048;0xb0d9c5878999cef08006cdfb4940d5a5cb240634fa42c0bbac2ed9973f9178ef;0x284c63a00dba8382fda66da8abf4a0fb4e19010f279aa88e70d15636f877d783;0x822b7ddc;0x822b7ddcL;0.500000;1503094870;1503094886
