1;8096;8048;0x9f9451b96f438a217afc673e3c46a026bc5fb580f84f30ff2d75ea9d55f470f4;0xfd0c98bc7af2e17e261c8544cf0612a629ca8360c580267ba8ef4d89f0805712;0xbe9378dc;0xbe9378dcL;0.500000;1503134050;1503134065
1;8096;8048;0x47eda697c2d9c22a56d32a9b738b5892de4a617a65bf645b385be54752265c99;0x352a8b666abab4f3ea86ebaf28291c52d6ebe402f9cfaff516e22fc76a390b85;0x7c825e69;0x7c825e69L;0.500000;1503134067;1503134082
1;8096;8048;0x26cec91939dbd4ac906400887a0057591829103eca3de0915ede4a9f4e659674;0x826d0cd5fef101a7f735af91fb7092d1af0ec703cf079312fa99240bfb78a501;0x8744d2b6;0x8744d2b6L;0.500000;1503134084;1503134099
1;8096;8048;0x5f3d3202adc30d8ac4df1031e5687323228ab5ffec1c618ba969753be8ee8147;0x1ea112ffbd8aeacfc680643a917771e7643bf574562ea2d6c82d591f160be112;0x87ab8ba2;0x87ab8ba2L;0.500000;1503134101;1503134117
1;8096;8048;0xdfc6327d2608be40a85d51aa1b8d3f1907d28d3e3eef3e77583e0cbe6c6b524b;0xae64f36d1d428c3884642d5d45074c1501a580bc421335c540e063181a3aff8e;0xd24d8f5c;0xd24d8f5cL;0.500000;1503134119;1503134134
1;8096;8048;0x79af3f1c3b9690b177f0078e95be8a0c87adb1b505d05436511dab187ffb44f8;0x586bae4d7b9ddbf90248b935e9e3f088f4616ad0308520bd921ce3a073c72fdc;0x11e96320;0x11e96320L;0.500000;1503134136;1503134151
1;8096;8048;0x10b449f2d4023b3b94c4a2fee912698be6821ef556558d87cbcee49ce49b1ef4;0x482d3440f1556b72c3884f6e2a9e24a73c4076c9f12ebbf0fd1bf815a7c50c75;0xb958e42c;0xb958e42cL;0.500000;1503134153;1503134168
1;8096;8048;0x2be1dd878fd9073804de453066c49a516a45084166b524d6cead29d23d61a968;0xe2899f1231e1b618aabe4c633a90f37aefe5c6927e567bc7b6a883b99288bfc3;0xbe6055db;0xbe6055dbL;0.500000;1503134170;1503134186
1;8096;8048;0xa5f9428a3e41dcf133a2f26e38a6fe6d57b8bcc9d9f5a026f72f86268efd9a34;0x033bedb97914b7f4d9bac7da7dfe09a6fe92d9d14e5cfc190f55621c694b78af;0x2fd51427;0x2fd51427L;0.500000;1503134188;1503134203
1;8096;8048;0x4c66f6872d28b6a89ba270a435e3327563e0495d4fe088377a292fa148dc6895;0xee79ac44e47d5397124eeb3611c4b7770dcf7d945e12af166a2301122bffcaaa;0xe1b47577;0xe1b47577L;0.500000;1503134205;1503134220
1;8096;8048;0x0f70974bfd4288d47e05e30544c01e64f3523ef03fe347198d6945c1988b49a7;0xfa2fa60c9b84f1e6c11055cca045d1892a05a943f24856bc7b2a5360d77e2966;0xb34ca2a3;0xb34ca2a3L;0.500000;1503134222;1503134237
1;8096;8048;0x8d459389051c0e44be56621d3dccb42569fc7e9a48b6f9aea4af6c17128db4a0;0x73937adc07f526649c7e626279e48130fa454ab62f57f940cafb7d6ec31d5d01;0xe03a10df;0xe03a10dfL;0.500000;1503134239;1503134254
1;8096;8048;0x99a4999a69f07d5d5e64cba819a26ff888b1670e5f216d626533d2130ef65fa7;0x79841a058261debf88a3dce2fe10817107d74a4a671df44450331f2a478a61a9;0x6c446964;0x6c446964L;0.500000;1503134256;1503134271
1;8096;8048;0x17ffc48519d3868d4f339b84c0b0bdb8e0818b8015f2686c392ca838fa4b1c11;0x2f102471e3873c0486a72713387874effd73168586e3f19741bd8d555d9ae0da;0xa3d5cb0d;0xa3d5cb0dL;0.500000;1503134273;1503134289
1;8096;8048;0x1246b7f8a29a1dc8f3cde645e4390f79f67bb5ccffb228a0bf5ff475ef03e701;0x405d1ea865640a83d8e2bd29f38c35df69de9b60e42c086b7aad4c9e690f3d2d;0x20aeab4d;0x20aeab4dL;0.500000;1503134291;1503134306
1;8096;8048;0xfedc638fde5104af80423d032cb7a24c37d15770d3f8b4a2b472ced5250a9023;0xdc873abff37e7cdfc30756f5216babcf3f645a94225dc59b3d8eb820b637c05d;0xcbe808a3;0xcbe808a3L;0.500000;1503134308;1503134323
1;8096;8048;0x8a9fa17ce6460e2caede85c022725ae243bb07d1f391151a38435a4419451fa3;0x1fc757cbd8c8a1a8bd1add10b2a9bbd45d7fc520260f0a2cba65dbad3c013d96;0xbf37489d;0xbf37489dL;0.500000;1503134325;1503134340
1;8096;8048;0x726a09d8e6a0d6a7ea696c3648d70d8ed8048e122a102328c69ce0b846136ab9;0x523265311ad875cc24194d355cd170b2f57629d30231186e803d5dfee9227730;0xfaa5a2ce;0xfaa5a2ceL;0.500000;1503134342;1503134357
1;8096;8048;0xb9c51ffdc36fa0e594f07a85d7efbbd665300d7ef3c5d2150bca6ff846d6aa00;0x776ddb18c08e43850ef6d8481c4b6ef61a754857602cef59779b27103a855433;0x4eeca321;0x4eeca321L;0.500000;1503134359;1503134375
1;8096;8048;0x055441ebd801805fd169d4fd1b0b622a4258c7746fb64214289f430cc4aa4cc9;0x88b6be92851ff951c8d7faff1313dff33d64b8a4522c751d2c5b211a8d7aab2a;0x1672784b;0x1672784bL;0.500000;1503134377;1503134392
