1;8096;8048;0x1e517499b7b7c3f7d0b21ddf8be6a903a76c84aca36018744f0b2f2ade2c9efc;0x9aa4b01c7dd09b12e44b741ae1acee75a7102b5451daee4a4848c97b3df297fe;0x79f2bafc;0x79f2bafcL;0.500000;1503107735;1503107750
1;8096;8048;0x4911b0e427f3b5ca3bf06ba53d2a8321a71b5feeec203cdf27b8e849fa864943;0xe9103fa8134c509721f11fa94009c2c524aaea86d2c770d247239a76e95a2eda;0x8c8b4d49;0x8c8b4d49L;0.500000;1503107753;1503107768
1;8096;8048;0x8cf21e51b4cbd41a463aaedf38f0893b837cebe47d6c9656885877e36d342bf9;0x734ed0861ff9c10cda40c1aea960732a014c3070384fb9950cdb55067a923f14;0x32190509;0x32190509L;0.500000;1503107770;1503107785
1;8096;8048;0xa89a55045890e2614f907c376fdf34d2722b9910a8e56cc5a17d92ac6abd9312;0xb597b2bfef692717d3796eba2886b6cc184261e61b89b0b9743462ca34f1d3b5;0x794318bc;0x794318bcL;0.500000;1503107788;1503107803
1;8096;8048;0xcc311db4b798bd6a03031ffe1450719c31bedf6bb4bc07e451b690966dfa1439;0xc5b39d916922cbe94e39113f2daf491d091b5ba665aa4413729cac59e59080fa;0xfcf231ee;0xfcf231eeL;0.500000;1503107805;1503107821
1;8096;8048;0xe1914b9b546c33f4bc7d6596eaf48c6f75a461967b8efe8351a7c91e689f3149;0xd7c84e0764b197633be5a68599e254b07cd47351de8c8239630fc476ba1e9361;0xa21dad2d;0xa21dad2dL;0.500000;1503107823;1503107838
1;8096;8048;0x521f73ff7641c1702de17c6970970ebb6a67ca61f6bb3759f5f8890cab39f1fd;0xe57745344496470640a1810265553541cbae20360f81c04cb550c13ad6bdf336;0x6400b9fb;0x6400b9fbL;0.500000;1503107840;1503107856
1;8096;8048;0x3825474e5bfab7d64d33ad5e45b441cecbeda267daac49d283dd6032b27963ea;0xe1db8f0f66c7413562a822bf3317ee05b6a92f851b67432ac56f4fc5fd9ca9f1;0x4689d009;0x4689d009L;0.500000;1503107858;1503107873
1;8096;8048;0x46df6ba79d3d5be4f958fcb5e2217c2624878d7bcbf3e424a8faac45df57ec25;0x24a16ac5d5a2c296bc88b3f612dcc73d6110430e3580b4632b4479c4ed3a7a98;0x2b72c726;0x2b72c726L;0.500000;1503107875;1503107891
1;8096;8048;0x2b78044690621c676ea51968f7ebfa1c3a9b42bf4fadffeaa918a42c75b8e8a0;0x5d34bc2646929134e41d82b50691fe24a676718e9798ec572364343669d3c877;0x63e42ca0;0x63e42ca0L;0.500000;1503107893;1503107908
1;8096;8048;0xd465dd22edf6a57e9b980c1ff101ecb003480601389a97cab4f36ea295fc9b6a;0x85ec42e00bbe237cd4b2e022ecfc045eea8ec6cdc263a574694b07139b0de7a0;0x4a4fa8c4;0x4a4fa8c4L;0.500000;1503107911;1503107926
1;8096;8048;0x89b0d1bfdd43238165488e0756b18f50edbc5dfa724b8f6c2fe367aec4a8ca4d;0x13fa2a1f2526e0bda90cc192759bd061271ca9dc4b1ded3c6e4640f43fec9f5d;0x93223752;0x93223752L;0.500000;1503107928;1503107942
1;8096;8048;0xa083490309ba7bd6893af1fd903e27796d6489d2dd586ff749997c7cb0c61a50;0xbff7efcb6934a45564e82aff46461554f4158499d6dbf23f26bde1ce1e23cd0f;0x3594765e;0x3594765eL;0.500000;1503107944;1503107958
1;8096;8048;0x3149ae58f19428027ce7b12b46c17a92d312cf7ed6ee0c5141b37e6b704bd7a1;0x5c13602d802acd9f376ea6e7ca7e0daba07b1f0cd50f0985bb6e2a2d2ab22db9;0xf6e5ebc5;0xf6e5ebc5L;0.500000;1503107960;1503107974
1;8096;8048;0xca4bc25c4cb3945ce50d715fe9f95c1296bfaa4e96a4d1a047a8e0e41e79c4e8;0xd404d44130c8ba4b2dd39270c97a18c72f753ce5fc89478a97efd6a843240ba7;0xf4c04a8a;0xf4c04a8aL;0.500000;1503107976;1503107989
1;8096;8048;0xe2bb299afe494f3dddf105ae7fa5fbfb42220223f7cfb276e3fabc7befda03d2;0x6cd7f17d2fc000291e0b3d00afffe26f73b79d00629120eb1c5679a677332e91;0xa29ce78d;0xa29ce78dL;0.500000;1503107991;1503108005
1;8096;8048;0xafbbefc8461d897cc995cb4c321bcf527a7921b67029560fd6c53f25f4a950a3;0x9164c115812d0e19fc0290f4c09cb0c2ab4ef230ec22eacebd676dcc4f196dee;0x7188d795;0x7188d795L;0.500000;1503108007;1503108020
1;8096;8048;0xa37916b23b13f0a1e9f08c0e990c8a2e5b3c5c4685bdb61498c3eae74bced5ee;0xa3db617053fcf440de75a76a68029c10ab19906e6913608f815d2d08eae0d98f;0x9271685b;0x9271685bL;0.500000;1503108022;1503108035
1;8096;8048;0xe4efd4e274569cff041839e607e8b98e4d7c6cdf289da6cd92b28dd7d1851bb5;0x5b4eb818f4c310dacd245f78d12ab806826db463a76a83536310daadaecbaab5;0x09726fc2;0x9726fc2L;0.500000;1503108037;1503108050
1;8096;8048;0x545ee9c4ab983e87238c97986a1a55f3d0db7742b747e67f721a076609d1965d;0x5f140ef59206040d5b17ff582ef685e660237f8f9087fcf88bcbf5d737e72e11;0xe410a8a2;0xe410a8a2L;0.500000;1503108052;1503108066
