1;8096;8048;0xcff6e9583e1ddcc3dd4b4a7c29b301ab3bfc3f5b91a7d0e719c32e9eebbda3bb;0xf664b4251340fc4eb1c1aca5f98503d7e9a0a3e84a929ecc49d8e3a70c524c7c;0xa69f81d2;0xa69f81d2L;0.500000;1503079198;1503079215
1;8096;8048;0x92873a1b7784de9d86df2da4d618f5d016b243fe7a9ac04b0287b92bf0822a82;0x0473a1912c73c008ce728d0eadd13173125b0d828fd72dc83ce3ea3f4258f491;0x4964fa44;0x4964fa44L;0.500000;1503079218;1503079235
1;8096;8048;0xf8f66d114cda8f280da16ea33d4812ce67b6a1b503936bb66b488c523dcf9335;0x33cfa9e1c270780d5581fd20d5543af78e72df0c2eae7c5aeacdcd7b409a1793;0xdc9b2706;0xdc9b2706L;0.500000;1503079238;1503079255
1;8096;8048;0xc4ac96ba7e8286661d2de7dc11bd0ed4f1f97c086145d265ab7d3c0077227b3b;0xe303008726f7b9023fc2d1d539f8c8795cff47df6d3626c8d7e51d8e7e54bb21;0x895096da;0x895096daL;0.500000;1503079257;1503079275
1;8096;8048;0xa24a6a59e11fac6219ec9620b084dce705a74f579c41828e0cee391b9ccab13e;0xcbcbe8d9ac0af860b603e43ebb5dadc02ba720f2e7274769baeba099705e5921;0x6bd39a94;0x6bd39a94L;0.500000;1503079277;1503079295
1;8096;8048;0x85939adb53b33f00516aeb2be897b528b8172f104c9a04a016169081e10e8d66;0xbeb056ce9f1ed932487ecf07d7fe58c0d04fbdf2d7b02aca4d7e6e2d55020816;0xc78270e5;0xc78270e5L;0.500000;1503079297;1503079314
1;8096;8048;0x775b364526cef8048a0fb6421352e8d39385b446459bfca2fb290ee1bebb4836;0x9f9e0afef53a0e22f1df3924aacb619a4fcff04d55a11c39aa9b7e1645dd0e67;0x49673cb2;0x49673cb2L;0.500000;1503079317;1503079334
1;8096;8048;0x4e5ef9c0e520459123ce68d92faef5e205515892cdb1f0f4ca1ee9e0e33c6431;0x06f74b76421522a6a902388ccb35f5c9d12842de69881be1a10b0180542ca533;0xac81c3f6;0xac81c3f6L;0.500000;1503079336;1503079353
1;8096;8048;0xf539a0361970119d2535cc7a2fa64075c5ef98c8d275391fdffc74d729aa871e;0x57a63c47e2c6f0e9db8656c9e1eda20778d1d4c79af4c65c861fad49933d902a;0x628cebe3;0x628cebe3L;0.500000;1503079355;1503079373
1;8096;8048;0x0fa278573d1f69ece5059ee17fd4e07c87492854d3872dbf8ba604b0ffc52c0f;0xfdeccd5cc54549892e59daf911f88970665350b5fb6634dd6f7fd08e49234194;0xe1b9df66;0xe1b9df66L;0.500000;1503079375;1503079393
1;8096;8048;0x2400cac1d3d24b7ef14abf6fc0433fa2d090d334223d1ed89b0ec532ef990413;0xcdc8d9127424324239642e8366195f218e3b7a5556dc21a6620598ec672cc21a;0x1107929f;0x1107929fL;0.500000;1503079395;1503079413
1;8096;8048;0xbf26db6bc9ab6086dfc00ee820e377023c5be9cd9d6f11592d72d7cf904e4550;0x62cdcd81fb0faf48eb00e8f519990a4e17a3754e6fb38223edac3ab1712ad7f0;0xe38af0eb;0xe38af0ebL;0.500000;1503079415;1503079433
1;8096;8048;0x558149c18f2159208e2b8b8a973b65249b3528b4da46a5b13589e9fd6c875cc1;0x3d264ff8711e453aea60cbdc9818f6ab7264cdc02af36eeb07d78bf83f3aed05;0x3559ab2c;0x3559ab2cL;0.500000;1503079436;1503079453
1;8096;8048;0xdc4e2355734a465e7426cc86ad77cb6a269c4aa2bcaf82e263517d60cff0d7ab;0x07d0354f3e6cc5ddd3b90422717b698b8e3fcd0a3b5d2352ab038d893bc6d608;0x3dfdc4ad;0x3dfdc4adL;0.500000;1503079455;1503079473
1;8096;8048;0x253299199ed4cbf9908167aceee39b06fbc242ede15bbf3e03e5cf0794ed50b9;0xc9694c449e8f377cfed38c560f32b86310777097763413a5bd610bd9db715f99;0x504b43a2;0x504b43a2L;0.500000;1503079476;1503079494
1;8096;8048;0x31f69077ecb0d94dc7085f8ce94474b2e7a911a5022ad6d5917a4701f601f827;0xc1c9ed9de92e5d513dc8dbe3656ccefd5fe3e38e9e4409cce344b0ae61ea4bd6;0x1bfe41f7;0x1bfe41f7L;0.500000;1503079496;1503079515
1;8096;8048;0xd846988639dc0dc1feeaf8a016ca12e9e0174d62062b70aadd5b433d373e9e0f;0x3e24dbe00fb0eb62799d056323552261397e0fde7643d446dfdc22d9c4caeecb;0x3a3c7b8c;0x3a3c7b8cL;0.500000;1503079517;1503079534
1;8096;8048;0xf35e2f24473e586f32566e964024bc552647e226ed330b75e88a9ef623140816;0x699c0ceff017ed634fc07a20902e442c3c0be07e0953061c320c9107672e1752;0xa686e9ea;0xa686e9eaL;0.500000;1503079537;1503079555
1;8096;8048;0x9395e972f73c75e04cf1d10ee20c2d272b345432e104b789dfda3f6d2d448bc0;0x2f80818a122bf7eb882492c706966f800da3378d55e49e3ff1c0c55af86c4551;0x44e44986;0x44e44986L;0.500000;1503079557;1503079575
1;8096;8048;0x865eaab6daba98fc9bbcb8b73a386221b3d9f880199f165feb37bf7d46f8bccd;0xd9f4de884599987f182c77465d18424c2e7254256429b694f66f85a8d2ce2d8c;0x32bc083d;0x32bc083dL;0.500000;1503079577;1503079595
