1;8096;8048;0x73d530e591663d2658ed68fbd77c1c01c57cf3bd7c8a1daedcbba0723fdb67b3;0x8a37fb7c7df5de940a795b932601141d150c69e80ed04ea63264a8b5e752a890;0x6ba004fd;0x6ba004fdL;0.500000;1503105055;1503105073
1;8096;8048;0x3de30afa28111bc3193e1670471ff64b4e415a5d6841d0b023495a85f151762e;0x9fc44504e9005934eb3bfac850fd53c59407fed080f2dc8948d7f4297cc065a3;0x23db6932;0x23db6932L;0.500000;1503105075;1503105093
1;8096;8048;0x5bd1b6cf18275bed24a34f44a2dfdcce2c44a5df54ab208deb6d630da0e166fb;0xf8a954fb33817b5912bc2891242646b7b136cc68ff2a86f1fe980aa5b8a97d14;0xaf92fd41;0xaf92fd41L;0.500000;1503105095;1503105113
1;8096;8048;0xa041f38d831b639f3e472d105cbd3287b1d56b30738ec325f35704340fac6eaf;0x309b2f7e2fc6af1b4bfb1edf6be96bc455c978270e8749865884a0fc8109631f;0x4d1aeafa;0x4d1aeafaL;0.500000;1503105115;1503105133
1;8096;8048;0x6f384fc155642dc60bf7e61c2941842b412239cb3c60838d2c68c035565dfbc5;0xc5984a030f07848a590c3a77efed998c58611a391af3ee5a74daf96d1fe3b955;0x32316930;0x32316930L;0.500000;1503105135;1503105153
1;8096;8048;0xba9a9bd2754feadc6eb9ece4fbb1ce25c7bde67dd78f2e5dd9dcc1d361bef91c;0x2464a18ff9bec71c264a55e6a834d944ca8ec8273486f643a260bb98417e4501;0x81a6e150;0x81a6e150L;0.500000;1503105155;1503105172
1;8096;8048;0xd9263618f38c8f5fcf2596329a62aae122ea82a730b3d9c0d3308537cec114a8;0x11a8787d115b8ac5be044096e34f81f71429bfd415fb0bd10c50d13fbbdd6620;0xd8eeab75;0xd8eeab75L;0.500000;1503105174;1503105191
1;8096;8048;0x84770ea8dfbab7752515a2aad0a39163633f8fbb4fb8783cd198b25c4a0ab2cf;0xaada18710ab1b750be48d994c377beffd61a0367d56282928871cea363b98b84;0x814aa244;0x814aa244L;0.500000;1503105193;1503105211
1;8096;8048;0xd0b1d25746297151f69f1e13f97fcbfc8577e0c7f802ddb4d41ce5fc10881ce0;0x9ae453852c6cb9e79f450cacd11a6854e3357d6ea37b582db404ecc97d95af22;0x043fbb92;0x43fbb92L;0.500000;1503105213;1503105230
1;8096;8048;0x09cd660fb1286e3880cb092740397a415c9ff66ba3ab1e6a8a93103c064dc310;0xac2989807e2959df1980ab4a81e018b28f82ef56f5e466e4aa0439a84c203e72;0xa5c7359d;0xa5c7359dL;0.500000;1503105232;1503105249
1;8096;8048;0xfc9c0ca26ab0f620b819719a207e4f717c2c0bea571392731ebef14c886caa84;0xc5fb8f127e2e75afc344ef5ca3ca65214c7ab04916c4b6fb6ecd56b755f80e14;0xd08875dc;0xd08875dcL;0.500000;1503105251;1503105268
1;8096;8048;0xa1ad6a0244a054823cd912f0d09948ba94f4f08af7f49746a72ac784dacd1a7c;0x6c2af0b5e9a3ccf8164d5d84393e84584f7eaf85635412632ece8890473e29d4;0x48603349;0x48603349L;0.500000;1503105270;1503105287
1;8096;8048;0x85016471e595e60d0b090c0a863778d2753c4161eb268ecca38f62c3ec035e71;0xc4fcedf2b3f89e8fe568fcf812aef85d4f175c358df9df6933efce8ecb0eba45;0x23ce6dc4;0x23ce6dc4L;0.500000;1503105289;1503105305
1;8096;8048;0x502dfd18b3a87ac08c5381ef9b85b0daf26183de48e73d23cbfc3cebf2f95542;0x68d3941f696b902dd877064c4addcf441c7b70aa780e789e4af57066c206d8b4;0xdfa9b0bc;0xdfa9b0bcL;0.500000;1503105307;1503105324
1;8096;8048;0x2f4a544e613aee0627f91aca20173ca05e30e9e81752bf8135a358eed6449306;0x4d93212ecbc0923eb4f8dde1023d1c6baa0e0007cc1c58ba610286ed61bdd42c;0x86b204c3;0x86b204c3L;0.500000;1503105326;1503105342
1;8096;8048;0x3ec0448da2c69b4c0d1ae1e0831d8e0824cc85dcdaaa0f33debd149443fedc81;0x634cb220b2edbbdbf22cf160d6aa7b0c749e91aa4d8614683574c0c7ca33ab8d;0x26786840;0x26786840L;0.500000;1503105344;1503105361
1;8096;8048;0x24d02a9fc061fe33c981a72d2d3d557acda99df00b6b75736ec48f574c9a8a70;0x7d8653a2a051acfec700d3a3d8bc0ef358de87fd418f29d6313bc3a3f7d890dc;0x019da1ad;0x19da1adL;0.500000;1503105363;1503105380
1;8096;8048;0xddcb9e92193ff13834d7261138a50d02495a4e0d803092ee2baf8d7e3c203419;0x9e44383bb194c3656352084373896677b6bb17260cabab920c2cb5f4f0d65476;0x6397d045;0x6397d045L;0.500000;1503105382;1503105397
1;8096;8048;0x9f852effc02789ee03bd7734881029490d0b48f6b5b064de155c443e5fdce6fe;0x7c8252e2a48305ca013e1de37edb24d814b3f1a646c384106e5f9fa1df46f50f;0x86093d5a;0x86093d5aL;0.500000;1503105399;1503105414
1;8096;8048;0xfe7eaabed19572041472cbc11316b57d105405ef7d1cb8277928b33db1bd1baf;0xff39169e69c5d4b1df53d9bb65ef88504a7724e9d07a5f1707ca1b77d9e68a44;0x65fdbfc5;0x65fdbfc5L;0.500000;1503105416;1503105429
