1;8096;8048;0xfd922d8b1834e3159e2774834564480182ae21edb2d4325f00d6934c83ca5a81;0x8882034a730168496bda8d8a6f3eef9be535c133b337dba184e1e44226850509;0x7e0e0250;0x7e0e0250L;0.500000;1503140622;1503140637
1;8096;8048;0x7ce1438847444bac3954b8c0765a11280ff9f56c8ab9df9fcf0b686b418cb9bd;0xa14a5531d2378e5a77b5a713a77b1fa6da03d1b4b936e5b3eeb2dd764d79f0cc;0x30d283a7;0x30d283a7L;0.500000;1503140639;1503140654
1;8096;8048;0x360acdcbf938ecf9313b9328a21cc99ac0d5b42fceaab77c68b4d4c615456f4b;0x10ecf8225085a29feab0d9fbb9d88ac17a7a5dfcd8cfd8ccd3448f8eb96a754e;0x488bd7b5;0x488bd7b5L;0.500000;1503140656;1503140672
1;8096;8048;0x5c6785ae5a923453ca6e067403e65fa585469a1317e5c3b321edcc72704528cc;0x1dde0a3ea96865ba18e5532f6286f511e493f5fa358bddd80e7b5875b0c28aaf;0x3f6cb8ff;0x3f6cb8ffL;0.500000;1503140674;1503140689
1;8096;8048;0x68f9749d2d677cb1a0d3481b0b2b5e652d916b809f30b0ea832298facb782534;0x072f5880005af807374b724a58634c218cd0cc7f337e4566c198279057a21454;0xf52992c0;0xf52992c0L;0.500000;1503140691;1503140707
1;8096;8048;0x6a2789e3cbaaf20622e78c670fd6bcad7aa7baa3a26bd91b494fcc88ed5e8657;0x9e08c22c49fca24b3aed9217c0744d95ed1ab39eac620029f2a7726f81f6cd8f;0x0858447e;0x858447eL;0.500000;1503140709;1503140725
1;8096;8048;0x738627076d07ec197f3495a0e7caa598dd291fcc86657e9a0eb8b7c10cf5a57f;0x82bb0586839605d84a7be2aea974f599437f18c0683ec9745e3822b740dd2137;0x862f6ee7;0x862f6ee7L;0.500000;1503140727;1503140742
1;8096;8048;0x75fc43e14ea5d494925380339a8b7ec0c63a408b1a04431cc51c78d5fdede572;0x20308cf8e91093247bff93ef88948b269aa1a0d42dcc6dcdfa65f6deb79d11a9;0x7b157109;0x7b157109L;0.500000;1503140744;1503140760
1;8096;8048;0x037a1c3818aeb6d493432be41a5eec72ae5451583bfca6df266efe178cd8d88f;0xc8a1b753ca8b12ff06c23f1273ad653ecc6662fbab2f9a2f7dfc3799fd6243b5;0x7d23f319;0x7d23f319L;0.500000;1503140762;1503140777
1;8096;8048;0x4acd9a2f5dff73894b923ab818b7329fd4b2b6fafe2f61199e8e8d9829d76c74;0x0d9dfa446db44d9f4b38d4010f0613af7317335f6db293f5ca41e8c9ca604b6c;0x93f8e86b;0x93f8e86bL;0.500000;1503140779;1503140795
1;8096;8048;0x4b91a70d8d3cf08cfb5005751d38dc1390c31d3c42defeefa3f16ca987a04fd2;0x3cdcfd7bfe23982cb1a25b76bfe0984e40b93abeef434a1ab88bfb533e06d520;0x6aec7d00;0x6aec7d00L;0.500000;1503140797;1503140812
1;8096;8048;0xe1eb58bfbfa742053c0cd5bf6f89986ca14e61e4e95c0bf8ffcb8c008d075b6e;0x95953db202ccd695422ea27c37e7136609c3503fc33e11d081b6ab836dfbe073;0x4c2af649;0x4c2af649L;0.500000;1503140814;1503140830
1;8096;8048;0x2cb174e1a112e5f225c884b568620f3b21342c48616322ba9df04cd6b98c05e5;0xce063673a753544f954b68990a1a72eb640e342f268f33ee8445d9ea1c3b3f29;0x427c1753;0x427c1753L;0.500000;1503140832;1503140848
1;8096;8048;0x3e0fe11323b5c0c12e1a78bd225d89ffd854153e78066b359bd35fe948887786;0x267fff01af28409fa1c837343010c0607942c389fe598cb2594893cc2a55cb1e;0xdad47364;0xdad47364L;0.500000;1503140850;1503140865
1;8096;8048;0x7f9590044667932693f51c36e73e3be0bfb5a0d43aadd94faea61725c1aca940;0x6430400f24118d2261bea65a44dab12add008594528ca2dbdfc5b956bbc19b71;0xb2beec43;0xb2beec43L;0.500000;1503140867;1503140883
1;8096;8048;0xcbe5d940d4b5582f5cd90b2c984aa2d319b24ff96b341a2bb8b96f5a4fa8ce1a;0x33d35a43364eba3eebdf9749cfa61ae06cbeb1e7243daf2e29b92b0d03acf616;0x697c6f83;0x697c6f83L;0.500000;1503140885;1503140900
1;8096;8048;0x6b032da9686d52971692be973c7dafa27c77985e5f44101139e33bfc15ea0981;0x56923274ee7e15ac5adeeaef802c5c121251d28009f49d11a3589e48831124c7;0xdf963e20;0xdf963e20L;0.500000;1503140902;1503140918
1;8096;8048;0xaecccee3c9a1a2ef8fc80bed5ebc0167a24626e05bcc8d2f224789eb00ee08ae;0xf563c5a32e1643858bfd836d28baa5b0c202c040dccd90d0b33677b51fb74e02;0x5de6a0c7;0x5de6a0c7L;0.500000;1503140920;1503140934
1;8096;8048;0x897a34bae04c744157941b3d19aa8aae1bbf7cbfcbe7f1c280d782aef90d1482;0x5ddee23a25e556b91e0d4f020c621293c6971e51752bc11de4dc0674c7ac5c92;0x352f32d8;0x352f32d8L;0.500000;1503140936;1503140950
1;8096;8048;0xa87df55b30d38756809c019792b73eec3b1660ed19d013be2a108c3d80c01c28;0x325f819084d6e669250cdbd784352f905d37d2e8b46f4e155715592d66924b0d;0x26d9d349;0x26d9d349L;0.500000;1503140952;1503140965
