1;8096;8048;0xd12e56a643d9b536ca9fbab79621bf1051fc47f2e1c8594eeb45b7f737f87608;0x64340f7184bd0d5ab3b0e129b0c1a425ec14d4805b1a94acabfd336ecb221db2;0xf36d96f6;0xf36d96f6L;0.500000;1503122204;1503122220
1;8096;8048;0xbeec740a6b77d7fdf1dc7d1cc7cbfdbe5c85b28f9d86a4ac1316710d265111e4;0x1ea89794f2b01db6f4f0c978a49c25f97e68c9179377513e698d8c04990be9a7;0x3aee43d7;0x3aee43d7L;0.500000;1503122222;1503122237
1;8096;8048;0x90248c88f0f642844a40c21582fd27d5d7d255c345bdee47786330c47270df03;0xd0041b8efe0a6851063b78c3e9b6faf91f8958b3d09597baf2fbf8d054242bc4;0xa6539a14;0xa6539a14L;0.500000;1503122239;1503122254
1;8096;8048;0x2b4bc79f1ef4020fa6e332a705bcc50a8bfb73edd6776459441478d68bda99b6;0xb84bf2ffdce76a09fefc130d4b269c09cf43d2ca2f019a47530d5cabdf83077d;0x14a857ce;0x14a857ceL;0.500000;1503122256;1503122271
1;8096;8048;0xe8bb0d08f5989b2d3f063aea79e64d240729978f991c25808a4b2fb8c74435af;0x138876662423b0f7087c4d8b5d922d98a004ca1f8767c3caca5e9637a691bacd;0xf28bdcf0;0xf28bdcf0L;0.500000;1503122273;1503122288
1;8096;8048;0xe27c0cd3ee9fb7b3b25d4973290829b20c29e61f7f37bfb99338a0c9a421fb86;0x1db5921cdab5945688538aa29abbc6c598b66b2d5965e6c078fc96acd936e88c;0x1d126851;0x1d126851L;0.500000;1503122290;1503122304
1;8096;8048;0x746dc4cd6ad9a0ed4dc80c0a8f11175b480e16ac71db2305d4231b4b434b02b7;0xcc0942b2b35d3bcd8a2cb9933ba3bd024078e7cdcf80b20de1089d613bce1cfa;0x503310e2;0x503310e2L;0.500000;1503122306;1503122321
1;8096;8048;0xd1aefe46f933e9be6f47d96ac31864416711737f9c9540b362828d5b9aafee6c;0x9f6d586f05a4a47f70b79ea4e50aecec778369019126c3a11fd06421262da7e8;0x664e9a13;0x664e9a13L;0.500000;1503122323;1503122338
1;8096;8048;0xc97ca86a451056a7fff20e228034d0951be8ed788d25ebdba9ce0ba7aa9dcb73;0x4e93fe25e0077f151f6d41bf0a176654cbfeca84165ed96592c3ce741973d5ae;0x2b319850;0x2b319850L;0.500000;1503122340;1503122354
1;8096;8048;0xfb4a0ff5365b875a3a4eae87dccafbda7bc8557415b1ce56656efc80cd74f6c8;0x61357c06a52889e6277b0ef98312c530508ec9ead3398e32792cef5df5d7932b;0x84f750d0;0x84f750d0L;0.500000;1503122356;1503122371
1;8096;8048;0x1ae7307c34bb8309cebab8049e5e1cb691f83b23c7393f387eb04fa4880810a3;0x5936d7a11dba611a5af5e6eeb5044538b597641035e5421e93e7c86b227b175e;0xa85df697;0xa85df697L;0.500000;1503122373;1503122388
1;8096;8048;0x3f2d0faea644d00d909d54645177c6f2cd9b1285e83ee7558e657e098e8c98ce;0xb4be35cd121c306fa70b82e2a72c99104b9fc3a07cef660544ea85a782e0f628;0x4d21489a;0x4d21489aL;0.500000;1503122390;1503122406
1;8096;8048;0x96b465480859d393c2adad15442805c73062445a374dbc283789cc613ca313d2;0xc860f6a8b1a85ba14dceadbc569b183d9e2f8df4ef17d20524757170fe42601d;0x6a520142;0x6a520142L;0.500000;1503122408;1503122423
1;8096;8048;0x708d20bd00a662af86066e9135e396bbd9d257ae92b53e7483cec7cc1ac0bf8a;0x53d56a3f48c0efa846ffed4b96c3ac0041fa0de291c2cda8d386da9b5c23d198;0xfabe073f;0xfabe073fL;0.500000;1503122425;1503122439
1;8096;8048;0xe521c530691fad9f989183304bd88496771baf6d35dedbfa377e417560c1d346;0xb6d37542987df8a045a98a59ab41923462145ac885d0d21ef58d94885b81c2ec;0xa64f405d;0xa64f405dL;0.500000;1503122441;1503122456
1;8096;8048;0x3e6014c38916636415c38b34a61931f54c2d28801f675e7c48c025de5ca94b9b;0x96b3953bcdacc497d4f6d2181509d71e4f253debcd3e92333c35e498abd44247;0xee5ec809;0xee5ec809L;0.500000;1503122458;1503122474
1;8096;8048;0xd3ff1524ca348bd0ab7fe5b22f15afe1348e2b02079a213ce9143b1a6707e53a;0x7f8dba69813d551cc04e3f621ace6f4cdfc302389dfe5d581b18d66474e9300c;0x9b341c07;0x9b341c07L;0.500000;1503122475;1503122491
1;8096;8048;0x424ca9c67d2ccbd54dd8448888f1016881e96dea7e929a41616867b094225dd6;0xda7b7569a7dba0e1c6ca215a1f5f6361eaaf29ce2ab0a9b3849318e08bc8c1aa;0x52e6391b;0x52e6391bL;0.500000;1503122493;1503122508
1;8096;8048;0x999253c41608b9bd43ecc4e7330e2fc3dda3fde74bb37331567909155d918ff6;0x713cdb8637d8a79f3133d780fb0ac599c1020b3a80c44d6fa1dc01f976a9612b;0x67694fbb;0x67694fbbL;0.500000;1503122510;1503122525
1;8096;8048;0xe194ca60c667aa5b7f11ee4df37fac37bcccba5c637c96bb8d9e5cbfd70857b9;0xce1acb7005490f56288c56dd16fd7c7b0fd18235a2c37c6e64c16ba81a377a8c;0x39e2ba8f;0x39e2ba8fL;0.500000;1503122528;1503122543
