1;8096;8048;0x959c2a180fa624d2f80998202f36171f259d55b05084c058d5add890635ac0f8;0x37e117da3946ed4847d4dbe13905c6db526958dbf1860578a30468ce814fbe82;0xf76d9457;0xf76d9457L;0.500000;1503073488;1503073502
1;8096;8048;0x161040a54edd025ecb9fe3310250d0d6dc69fcd7b9ef1760eabf1a3881375298;0x28d9de9c80b76d3bf9debae157bba29dfeb87764178287dc755a9b7499ece7d2;0x17982b6a;0x17982b6aL;0.500000;1503073504;1503073518
1;8096;8048;0x908986172a556a887f76d5cffe28fadd738de7e1dafce80cfbe793d6e5b22775;0x79e027a7e64c86b697134a23b98de815e88870817ba6d5ef0603e180ab34951c;0xafea066d;0xafea066dL;0.500000;1503073520;1503073533
1;8096;8048;0x58aaf81d5178e7529c073480bca5f379e1aa89ffb70530cef6d51228710c9eca;0x3a4fa655a04415145e179918cce256a7b96bafff2324c0d38b74374b3247970f;0x4ccbd390;0x4ccbd390L;0.500000;1503073535;1503073550
1;8096;8048;0x5a658f0c7bc8669165f79ecccbcfb30563da0a389419534962e9abeb9cc984f7;0xe57bb653181dc9d3c3efb06fd587e9ea8deb63d7a269f84284276f8971f08a1a;0x06602121;0x6602121L;0.500000;1503073553;1503073568
1;8096;8048;0x08605e468b9aefaf3d037c9ed2b3aa2ff34135fb6ea1921219e2a51df146a3f9;0x62b142ec013545fcea26dcb1db1b03a0b7ab3dd4964709a32f36dbe24021fd47;0x5e9aac4c;0x5e9aac4cL;0.500000;1503073571;1503073586
1;8096;8048;0x822fbceae56d9733ada364758705d744b8afae6fddafb54c9bb8a846d6734d59;0x56c4a2469a400d0e1a64132f557a05cb2c0d85737b81db2b90634af39f9e3171;0xfea33adf;0xfea33adfL;0.500000;1503073588;1503073603
1;8096;8048;0xc1b4caa7812c7447b186e7d39f4c4fa10a8c321bf8a599ffc2cf2ba80a326bcc;0x6cfbc64416fef8824711fd636a0694d88c882d4034e1b296b4653abace2ddf3a;0x33d25382;0x33d25382L;0.500000;1503073605;1503073620
1;8096;8048;0x02adf93aff439c912d107e9e5a7edd23d21593471d446e750610b69e01ee3303;0x07fea89afd112e0fd36460c43a3a3a64107cdb695a4c2402889a6639bfcfa5c2;0x923641e8;0x923641e8L;0.500000;1503073622;1503073637
1;8096;8048;0x87fe1bec001ade97597a388d3def9da9620dd0f559353097cb3a4dd4f52a927c;0x4d2756f243ec642f98891925afe4f29bc46e8a0cc426b97245d4682b95ad1c15;0xe3ba656b;0xe3ba656bL;0.500000;1503073639;1503073653
1;8096;8048;0x41897d7bea6fe9b185c5791e3f1152be0d24f30b4c5cb5d73c5367657be3a5bc;0x571fdcc6fa5a799ce968557a30961e2b92b1310a101393ba5341b3c87cd2b0f4;0x642e8c01;0x642e8c01L;0.500000;1503073655;1503073669
1;8096;8048;0x63793f198a21e8c979812931ebb3f958a2bbca8a7aa0d870939f3a305de939c0;0xd822333744279be430df469c955d93434d0c2b6d85ac0fab03846e6594b59d9f;0x3d5443ee;0x3d5443eeL;0.500000;1503073671;1503073685
1;8096;8048;0xfc888feb1a6e8d63c13a61cb17e681ee2ffc792d0f4f7d324e820a35e20adede;0x7e6ff71de62874f831483b05455ec6017c107e07e336638e4797a75be4b9709e;0x5ffc43dd;0x5ffc43ddL;0.500000;1503073687;1503073702
1;8096;8048;0x2c46f9254a8416c22709ec0b0c9d0d04b797c852275549a0264e0fca3e4fcd6a;0x92f0bc39fe2199ca94b4113414fef3b0f0266d44f2ec05f15144592f7996de4c;0x55ed624f;0x55ed624fL;0.500000;1503073704;1503073718
1;8096;8048;0xebd7afeea58392a838366162c17b46be2f9211424761e428c8ddad906a9e2b55;0x5e760bed079752d00b12f9239340f8dfe0bd5ce700da52eb929e38bf642d092e;0x17223ae9;0x17223ae9L;0.500000;1503073720;1503073736
1;8096;8048;0xe5f31515325869bcfc04e0f071b3a7737ee35b46010735a74a06e0db2edfe213;0x94de8c26dacd303cf50f031afc42ad5d15fd96d194512df8aa50167976aee6fa;0xd8483ced;0xd8483cedL;0.500000;1503073738;1503073754
1;8096;8048;0x536f436b7f7a00386703467ca4fb092987fde73d15346580018fa83650518ba3;0xb7b0193d28fa7b62516504adbccfda2f48a4276586432f9441e28c2f612cb51b;0xd091ca7e;0xd091ca7eL;0.500000;1503073756;1503073770
1;8096;8048;0x6dd74e9a2880a6739ad525795fcf1df6f6e078253f790127f8bda54041acb6ae;0x8b657d801de03ea990c5658e28e71d6ab0211a001405bc6ca6739997c9c03190;0x74f97ad2;0x74f97ad2L;0.500000;1503073772;1503073787
1;8096;8048;0x9a46bfb926ebb727511e487b9b244797900be97e0946115582f96dc32de3f3c7;0xf93c6c189783d8ea3882bc599cb27c051b0e767655e51c469d966a93b29ad1db;0x1c4d8154;0x1c4d8154L;0.500000;1503073789;1503073804
1;8096;8048;0x4adbf20b11e08feb321e6d4cbb0720973061abe1946edbf4a9809498cd8b0617;0x2ae76847086c541d2652f16957601350148674cf2f1b94c58af70cd04f3ee0c0;0x06c71bc4;0x6c71bc4L;0.500000;1503073806;1503073822
