1;8096;8048;0x73b8cda1dfc2c22847a634b91ba46c9fb8038dd1e45bb5dcbbd358ece924ee5c;0xa54869456d6015bb3e0cc6b332e7480a2f8f53ccaace974976fcfc11b10790a8;0xfd22aa4b;0xfd22aa4bL;0.500000;1503137312;1503137326
1;8096;8048;0xa388be3afaa55ededfaade697f0b220a585e620a5846bcb29d2b6959f5a74298;0x7fde8f836ed75a1a799b04d471bb0953a323efb9e97d2f4cbb4318d1c6b11c55;0x42ebc247;0x42ebc247L;0.500000;1503137328;1503137342
1;8096;8048;0x31f6e205936ad2ee9ad3d564ed18180c9f9a3e4681e8cbc83186785bea90a01b;0xe3c6801f32c684e8047ac4e42cd1d8672a43caedeb62a67084611de6cb03c130;0x84d9b9f1;0x84d9b9f1L;0.500000;1503137344;1503137359
1;8096;8048;0x833cde7ad22183ced9e208156796b51258c03b77b669a6d8511d48821bfd969e;0xee94c6cee08c6ae53656752dd1fe9e2be7968f1baf57ccb91494d8af476f9376;0x88b5c4e9;0x88b5c4e9L;0.500000;1503137361;1503137376
1;8096;8048;0x691e1560966706dd0681109ef4cba0b171e0cd1a45f5f8f82d63d54d6e517fd7;0x484a593b64296ccbf1858ec7a1c95ad5d0930139607e46fdace39b139bdba1d7;0xd4d12e36;0xd4d12e36L;0.500000;1503137378;1503137393
1;8096;8048;0xbb33f1b1124cc2da45a4d02f57f7b9bd43e49250bc7e3a80883446952b15b8e6;0x8983e08fa154f4b7e74d286765a0f1116c242e81ed05597ea6e4671316fc0221;0x0fd4cf54;0xfd4cf54L;0.500000;1503137395;1503137410
1;8096;8048;0x85525a59a1011f7449a82f69a3f8544486f2d7400abf7e879283b9a21621a79c;0xe234432d66695fe4ad2315a5e6778046fd8adc7dbaf6c6a7dd6af53ff2f07241;0xab852bd4;0xab852bd4L;0.500000;1503137412;1503137426
1;8096;8048;0xcb06e50dbeeba854bdb09505a043b06fc0e2bfc0058cfa7ae77b7c2ebb11cc87;0xdd1fe49e93229aabfedfd60100ae3dc25786a7e0230933011d7f847812d173e0;0x1edbe0f0;0x1edbe0f0L;0.500000;1503137429;1503137443
1;8096;8048;0x656165737acedf772af44c0cd062e79c1274afb4c27240218d8b71f9a4bc9909;0xbb79fe2f16ccdf4353ada8181bde8fec98b716fbc47ab9fad25c48d72aef6164;0x9a8ea16f;0x9a8ea16fL;0.500000;1503137445;1503137460
1;8096;8048;0x0cf28079307c3a429f95d32f46beb0c849dcde4c63f38c5870a60f72d71beae3;0x4bf0818881b228e5938182c1dd196112a94250d33288d27deba286674fcee19b;0xeaf23085;0xeaf23085L;0.500000;1503137462;1503137477
1;8096;8048;0x3439267cc9d41c9d202defd16bfac40b557f4346d3541eba360be742d1474405;0x6ab0f278a014dd45c367ed6a058233b2686346a27876ce3fa8fa7e1a00d717da;0x98ab95f2;0x98ab95f2L;0.500000;1503137479;1503137493
1;8096;8048;0x049fcb5bb2b3fa8500f41577809df2c6d5daca000f948b131350a7f0c966b3cd;0xf3569cfc2944329dacbd4bda495d4d5ad3ddf58de13dbbddf36979e1f51e0917;0x80f5bd1d;0x80f5bd1dL;0.500000;1503137495;1503137510
1;8096;8048;0xbaaa1e8401599eb4dd449bb475fd5be33a833e072db4febc28651ec505ff05bf;0x492cd5bf052a2c13b9963256b159c04db1c682f703488eca43089e1e130a3d41;0xfc4d64a6;0xfc4d64a6L;0.500000;1503137512;1503137527
1;8096;8048;0x1d24fd945798b2810d2c6d8c6f10dddcc6fddf257b2dcb68fd5c9403949df4b1;0x4c7e66367b3194068495e5c0e3090ec526a3a86d09f7a72b4d0706cf57f1fb57;0xcd0e3de1;0xcd0e3de1L;0.500000;1503137529;1503137544
1;8096;8048;0x06170917f717ebbf5d5ffc06c15b770cf57cbe74646d0ef2377266722ac43c30;0x706c7c705df7b0c8b237827ede19b224d9ea076fdda5d0ebcc35dfa7e75ba459;0xaf3acf8d;0xaf3acf8dL;0.500000;1503137546;1503137560
1;8096;8048;0x692eef107d122b395e350f5e1ac8d65a182b446f32e4698a54d716d4e08c6e49;0x83d1ab53039b6a96c96a579cf6411d7b22bcb924086a56230326688e97258251;0xc52c39f5;0xc52c39f5L;0.500000;1503137562;1503137577
1;8096;8048;0x07ff82ba097358a566a6c633b26be460d9cd32f6880730f02c0bece3d98e4ae0;0x5f4a09cefab42ef723ed30ecc9a229c695466bce30de43e39bfec22d3c615a01;0x7a9ca3a4;0x7a9ca3a4L;0.500000;1503137579;1503137594
1;8096;8048;0xcabde34c657d1926f596a5b069de1dd245dd977db55debe893bbe14c6a1f9235;0x51ffbdcf91a6c0c36eb8457c22c817ee51b34d343ce0073fdc9ade1402897914;0x9026a155;0x9026a155L;0.500000;1503137596;1503137611
1;8096;8048;0x0ed916857f68ea60adcf0c6405171c592bcc9c22373ec120cdae87f15a3f0968;0x418cf4d5fae76dad4c1d795cc24e3c6448566145875db553818fee4207a124a4;0xe2c1f56c;0xe2c1f56cL;0.500000;1503137613;1503137628
1;8096;8048;0x18a65de3698ca867d591133b5ad7c39ee477aa0d9e4586cb78f22ac42bef2243;0x998e42e5faaf28e4621d7f664ce6f6f5ca4c5a7ab17d4fea9c9723266e87fcc7;0xc84edd54;0xc84edd54L;0.500000;1503137630;1503137645
