1;8096;8048;0x07cfc0359397f6f36fd7e315cbdf53143e05a2a3c45321dcde9a495fc18132c8;0xafdb0da95aed3cf22815c7e1be76fc17dd342c8b37c87f87d18622c4f029d41f;0x6c4f6657;0x6c4f6657L;0.500000;1503116944;1503116958
1;8096;8048;0xb98461ca0feb8390f9465144acf4a11c809d372c555d2fcf0dfb527d64a3f91d;0xd3d8a5083d0d9c20a1598f0b15be198560f03058e00addf64085001fcb4e82c9;0x8075b5af;0x8075b5afL;0.500000;1503116960;1503116974
1;8096;8048;0x9307f28c683cc7af41c4743df96c17030686bd4e73bd9b83736bdcac0d3570a1;0x4cef730ba4b370afd761626ece65337f04bb5997e6341437b7e888016fc6d4c6;0x9d204604;0x9d204604L;0.500000;1503116976;1503116990
1;8096;8048;0xa5d50b8fbf855b543fc3be6dc5a743f5d13209effd0e31883afa945038bbd2dd;0xc39680f6f1b6a6ccbfe895f4650a267c1ce5e9e84464dd38a6936244c4e1819d;0x9d677b75;0x9d677b75L;0.500000;1503116992;1503117006
1;8096;8048;0xed57707ff16802e431859e378e89a660925eed40de22f0f012e86cc7fda7ffeb;0x9e309817093e9a2d7e9bfffb73ed8cdf17b16c93467eb40a7678393a6335baa6;0x12c2997c;0x12c2997cL;0.500000;1503117008;1503117021
1;8096;8048;0xf7f7226c78b863bf8f4e8ee88b756f86ba215d2e83a0fd4beb6248736a0a7b61;0x1304b64ac748db5b0770165b1663d5f72eb08ddd02c12ba9d3cf41f7d0881ef8;0x7e3b92ec;0x7e3b92ecL;0.500000;1503117023;1503117037
1;8096;8048;0xfba37890a59d79ec73249bfb8d3c87a0067724de0f41aede2aefce7faa2493a5;0xd9bab59fd3be8b060dfe2e018eabd8dda6dc573a1f814f135d4f431cc44d17a7;0xca3ec5da;0xca3ec5daL;0.500000;1503117039;1503117054
1;8096;8048;0x9323cc0929c5ee75aff6934a63d26c25033b05415767f9eb3d3387cf6ed52d01;0xe272c0e89c33d1b9f9d9a5d67137f276459d3431547abbf2ba96915b29e2d359;0xf82c943f;0xf82c943fL;0.500000;1503117056;1503117070
1;8096;8048;0xa023d9167051c2505ad9ad9c4324444c57ca97d5ffad4395a3235b8307f7a5a7;0xc73deed6d82afe8063a5d8d0908ec14cb7be9f434470f17b98fce5e6c326806f;0x4c094e63;0x4c094e63L;0.500000;1503117072;1503117087
1;8096;8048;0xeb287ecfdf90ffe331baa5eb46280af136645a78f7ade32d2a2de4d02e27b919;0x1492214dc35c7bbd1edb877d7cde8d22def949b384a0e1b9d1b43a64aabebe89;0xf89245f6;0xf89245f6L;0.500000;1503117089;1503117104
1;8096;8048;0xd5e8113b33d099fad2409b1022e0ba38386937dc84f40f3a3c9a5d8ac697369b;0xbe841b2b82d5609bc22993c49eb252080c1eb0b0040dcf01f85c85aa253a541c;0x357aa9d0;0x357aa9d0L;0.500000;1503117106;1503117121
1;8096;8048;0xc7c7385c8672ffb8850f85fb5c7096d922292619f27cb7e8a7b89f5be498b2ab;0xb2fabcc3b5a84bd4e96b53fc47d116916dc0d9ce43f30b69e7f2ef5e6e142dd5;0x54a6e90f;0x54a6e90fL;0.500000;1503117123;1503117137
1;8096;8048;0x3197f16d79e9c1ec06e3cec7f6f6d322e4a5718d1597dc857a01d86676d688a7;0xf582a3de69e54f1912e61b7f089fbfd94a45dbda455d641f8a477aafeaeddcf4;0x1e4d1fbc;0x1e4d1fbcL;0.500000;1503117139;1503117154
1;8096;8048;0x09ab4c0fea320f76253a991851db3ec72e87671b4597ca4700b76da09f694aa9;0x4389d67388969731a03da602a72ce20c0b98d8df3451cdce46bf85d05a01d492;0x8c6751f5;0x8c6751f5L;0.500000;1503117156;1503117171
1;8096;8048;0xf960c030c831bbd80c7991f6928c6786851d9efb936b12a672c14994a136299b;0x747bbc6f9d9ae44b91215a1a61657b2257f6177af9f98f4ca76e499283a95d6d;0xb54a7881;0xb54a7881L;0.500000;1503117173;1503117188
1;8096;8048;0x204985aa816a561a7daf8d35d711dbfa8b360d4e9697d02945defff84c61d76c;0xdb9e07b096e8e58f078d329fd32d82a496f04157e64fac06eec7017c21b6f096;0x5f11d522;0x5f11d522L;0.500000;1503117190;1503117204
1;8096;8048;0x7e7edb79a40140b0b72f5ae621cf1787e8fad2deaa5dd073e49da59c14a12192;0xd0ce7b48b81d6be6d1e0c5898d320b0022929a4a2d3657cb0b1d5e4e40f40eda;0xd520d1eb;0xd520d1ebL;0.500000;1503117206;1503117221
1;8096;8048;0x6d396cbb48aff59232930c0e026cd82487cafa0f141c980249cb707fbee3952b;0x551ad372c988838e4142bf96c2f8339e22ff619a332f96e8b0628d62e0b4e778;0xf9ee1373;0xf9ee1373L;0.500000;1503117223;1503117237
1;8096;8048;0x45b5640a1ddecf9b6d3332d832f337af70481e697c8356ed065b57d49c7ffde1;0x945306d0a052d31788c9d8042e47aa21544941be0eba5930e76dfb6addfc7ccf;0xb1ef1adb;0xb1ef1adbL;0.500000;1503117240;1503117254
1;8096;8048;0xf16779e911527d99fa8881eb79c5dc7fe7b9af0aaea075e1943eb9e001f579f3;0xbe811eea57dfdf0f2c933817fd58d5d1c312a19e44b6bf5ec855890e9b24e6c6;0xe78ba72f;0xe78ba72fL;0.500000;1503117256;1503117271
