1;8096;8048;0x1284249e2e4354068ce2cc4ec02bc0052f572d443b38bc6bcb1a77554b48825e;0x9c0c02bb8eeee13c1ba925f3488418489f4ee1888004c99527e6c4b666c36375;0xfe106ed8;0xfe106ed8L;0.500000;1503139928;1503139946
1;8096;8048;0xf47d965c3b0fc11ea25c3cd2130273eaea6936adaf74352be39e0d4fa91cc29d;0xe240728216c514b721e48ee1900e15b24cfbaaae2736f5e829b3fee834dca978;0x2dc8f4f1;0x2dc8f4f1L;0.500000;1503139948;1503139965
1;8096;8048;0xf978d6b2ecfa19e796ef7474b91e972ef7031fc257537ba0c12483e871ee1b6a;0x6877c79f03641d0ab14a16dfa4282563f58b95ae2243a71be1e387489e5648d7;0xcd064817;0xcd064817L;0.500000;1503139967;1503139985
1;8096;8048;0x9a16e899825fc293b1351a1274384fb35d76999eb06607f55bbc52ccae544a49;0x42f77525430b28de1244abecec0b357ffef436ac30aaa8608fe825276294b07a;0xf3465958;0xf3465958L;0.500000;1503139987;1503140004
1;8096;8048;0xb144729e850f0bb64d6dde6135b21f530a6be1e1d2f849323c04ed84b66db867;0xdc52cf27bf59ec5ba654ec52b8d3a16f7beed88f488ecf9dde209f8c3e9da6f8;0x29232721;0x29232721L;0.500000;1503140006;1503140024
1;8096;8048;0x3787a3e753a37e19491a578a528ffc686616b3828fbb58f25fbe1404dd548915;0x11a12ffe5cc151d926a6ba198e3886eb3b4534bcf5ebbec43632852c81467c73;0xbf3483f8;0xbf3483f8L;0.500000;1503140026;1503140043
1;8096;8048;0x4762a6420802ac7593379f6f8a35d4fc32684e69dda8b06339c276d22ef62975;0xace652800e514b62bf834a17395d80f6192a7a31b9bdbb22a015a636c21c33f7;0xd55eb5e0;0xd55eb5e0L;0.500000;1503140045;1503140062
1;8096;8048;0x1f58b79430fcae46f68e3205a04ce4a13f601c3c6ffd27bcbe5e049543003362;0xee4c60ae17ef68ef4bdbe2632c9119486e2827e0d92f27ba2656a47cc2ccaaf1;0xb77c17f1;0xb77c17f1L;0.500000;1503140064;1503140082
1;8096;8048;0x08653181c8c214d2f0c54ac4dddf3c4150cc1616141b3e9407f5316f1efaed26;0x90d3556884c2a587f2b9d0a191947daa19b7fc5dba5ac5be34a335719c7157a4;0x3f4a13fa;0x3f4a13faL;0.500000;1503140084;1503140101
1;8096;8048;0xbdd4d13dd8ac27a4053e3f62c16c4528d9bcdfcc169500b577e593dff70449b4;0xa03376af3f8325014d6ec8e44005350ddd8bc68c189e8d73608a5f781bf1e84c;0xbe158d60;0xbe158d60L;0.500000;1503140104;1503140121
1;8096;8048;0xd1294b0ec58c3f2ebe97aacf24d1f31b095c7c371a294e0e522e4630fb2d28cd;0xe85ee454d6f9cc5bd6771a0a6e6cc0531cb59413308e292e43c6a93215c605c8;0x40f1a7ee;0x40f1a7eeL;0.500000;1503140123;1503140139
1;8096;8048;0x9d74428db21a7459232b5f8446143d96f655f367c1c53be3d64db120a8e51445;0x071889cbbc8a3441d6c21e7114985dfdcdb68fd6818b1e88b04c50e1cdb0713e;0x3cad86ff;0x3cad86ffL;0.500000;1503140141;1503140158
1;8096;8048;0xd5cfeed36e4e6d199c7ef8809f6065feef4b3977713fcbe3b968c0f6d1708ba6;0x3f0d3ae9e90e4b2945ff2745bc3c70341e9721408c83fb19927c383de1a95c0b;0x1507f34e;0x1507f34eL;0.500000;1503140160;1503140176
1;8096;8048;0x49b263eece3db2a2d82e63c211e99b331fe0c89eb31b12cad341745f1cf60d65;0x7a385826b11bbda3380ce5e5340e42f88bd6799fdaed2dbe3997960b6cd81b03;0x110ae725;0x110ae725L;0.500000;1503140178;1503140195
1;8096;8048;0xc2e6d1b2fd2e5978dd256367b9d97354101ab16b417359046a9a70bd7171f233;0x03cce5f76ca476b4fc05a116d271d38ed59ef23b6dc1697af2f622f211a3ef04;0x23645592;0x23645592L;0.500000;1503140197;1503140214
1;8096;8048;0x95b6f15336d91287831810e7d8443ec87d9446044d6ad22573882b5b68f8abfd;0x9469a9161244509ec7480c2c5407bbdeea879c2c5a7a543ce732c898d47c1090;0xdc31edda;0xdc31eddaL;0.500000;1503140216;1503140232
1;8096;8048;0xdd34453de113e2490097dd590944e8172670b4a741e7f6e2b39957cf07ab83e4;0x082bc9c6e90b13e9233020684374bca1183329a7470e875e3455fec3f74dd196;0x0f35f1c3;0xf35f1c3L;0.500000;1503140234;1503140250
1;8096;8048;0x7fe90a66249484015812b9747914751eb970b55353abb3c5a09107fd3a86c7ba;0x5057e20110251f7953e183ca864f26de12f65ca10115a5ba01cf6aa0bfa682cb;0x6e95b033;0x6e95b033L;0.500000;1503140252;1503140269
1;8096;8048;0x0e6b43ca30a52fe2c83bdc5be631764e41d05ba252408c3737f29634e9c0fdf7;0x761d57d196a58b47190af792ae5d63c0648feb775dbec0269c5044351f404faa;0x3334594a;0x3334594aL;0.500000;1503140271;1503140288
1;8096;8048;0x3f1bf0d33a3cd1b353c7cec1e015943c0be133e8774b1b735484f543e9ee1f28;0x3ab6012e049add28b46f3edfca35cef54d50e7901e7c3c1d574dc2a3aac3b039;0x26fa25a8;0x26fa25a8L;0.500000;1503140290;1503140306
