1;8096;8048;0x6956aae1890f051ce6e61227a818f3be6b396f350e41974ec2c9ca073967dfa2;0x74570d7e9ddba04b2895eeae9f87909ef89b6cca4908635b6f1b0e1a76012edd;0x069edc71;0x69edc71L;0.500000;1503087725;1503087744
1;8096;8048;0xdbe52cc8ada2f0eea4c8f51f6a9c6cf2135c74352b4dcff0551436b9194efcf5;0x07d22442d8431fae3062b651205b5c2a908c43ff9560f59f9c1cd61a2cfc17b8;0xd328fc3e;0xd328fc3eL;0.500000;1503087746;1503087766
1;8096;8048;0x203bece1ce7412b349d8e59e6802c2b37da43017d8de6c2abfd142f166c8e187;0x570933c53698c13343b3f8f3919392d3a46db19aec85b633911c22bf22a4dec0;0x8962b6b1;0x8962b6b1L;0.500000;1503087768;1503087788
1;8096;8048;0xe04a9403a184a19767be3ca76143a5834492e103da90f88c887ffb3cd0e810b0;0x0ce6febcb08a7c1ba6842e3002679b263ce977a870fb82b8361dfb8aa1d9abd9;0x38b15309;0x38b15309L;0.500000;1503087790;1503087810
1;8096;8048;0x33f14a92db453894fef3ebd20f23b83922f60ff5357666cffc402c7944e3ce77;0xe3f63043133fa0a047bc907bc7c7045736c1e31076493e5430366866df74a869;0x9aa25a22;0x9aa25a22L;0.500000;1503087812;1503087831
1;8096;8048;0xf6c6bdef4ed7e87543121414c2f5bbde001268e6104c22f947f30bee64b4e15b;0x0018d6e9409ebed6a2f7b1c391b64845dbfbb47ff24ad33d79ba3da7959c5e22;0x57bfd5c1;0x57bfd5c1L;0.500000;1503087834;1503087853
1;8096;8048;0xea03fab3149dd44f51a359439d558e83eec1b455ac5c265456dd7a951f75c709;0xab9ef7f62aa54992e8a798e877761027a357b8cbc8f0719cb6e3199bf1fb2647;0x659ad93c;0x659ad93cL;0.500000;1503087856;1503087875
1;8096;8048;0x66cda945ce9f3c06cb97f834e3f46101afeeb829888e810d21bb7b02e364674a;0x643dc2a29f94dc7a99643a503222c703c89de208ca300e83acb76fe55e14a9cd;0xb99b499a;0xb99b499aL;0.500000;1503087877;1503087896
1;8096;8048;0x8088fb69d0da6d57306d686d4a484aed4829e188142508c486fa3be1d4569955;0x5f3bd34819ce9f72bc5ba3e769fb980499e8483c1ec0369b25a510c98104d253;0x02249529;0x2249529L;0.500000;1503087898;1503087917
1;8096;8048;0xfe5b7de28ba419a7400e5e004b5fdc4b4f53116dadff0f3bf1a2b5686600e664;0x876130f87ce8a3f42214ea679faee9be860bf1be9aff19d958ca28f60dc98f48;0xf34f0ab3;0xf34f0ab3L;0.500000;1503087920;1503087939
1;8096;8048;0xe3991ff06f1918e5dc18ab7828a7a6e68cf6f5f5e4c98076b4cd725a9fa05e82;0xd9278327420bf1e5d815f4077a2c333af81d710dfe2ec01c063a4d426ce54e6b;0xc685bae7;0xc685bae7L;0.500000;1503087941;1503087960
1;8096;8048;0x9493d7bf3b250e134f110b355b53506d19abc351a3cdbca21ddbe5f92fbe91c4;0xc400eafc13587ffd5a83abdfdb635fba56b17a6ddf03b32d68defc9577eb9d1a;0xd912a8dc;0xd912a8dcL;0.500000;1503087962;1503087981
1;8096;8048;0x310c01e1581eb4b662da9223de32f40a24b05af93fad58e8b3cbc93d7b93daac;0x975bf626100c07050475aaf2d443596108dce642f49b1dc74ece2f39b35aeb68;0xea90717c;0xea90717cL;0.500000;1503087983;1503088002
1;8096;8048;0x4fa4ee8578cac252b613cc8ebeeff7e1b01fdee6c8496b8b908658b7b09ec3ff;0x43acdb48a1bc254818fa0c97ae06eefa863f7a60489bdb8d4400be33eaa76596;0x3f027d86;0x3f027d86L;0.500000;1503088004;1503088023
1;8096;8048;0x5db79277c53c5d96294c4366ffa1d249fe13085ee74510b777f171cfd21a2130;0xbabfbc368303838f2294738fbe58e57d4cf457f803d989277abbd47e8a7c705a;0x63f3d50b;0x63f3d50bL;0.500000;1503088025;1503088042
1;8096;8048;0x6ae4020d2757cdaa2419dcbad7608d03dcccfc2ac8c2271c21a134e169a574d3;0x702307da1c820da154bd7c180effaa4c98fe8ca3d99ff6a73f0c8c76b69532d2;0x1e149b90;0x1e149b90L;0.500000;1503088044;1503088061
1;8096;8048;0xbcadf3bec91df4d9bc310323bc72b0c4a689a60863c1a07813d632f924ea81e0;0xccc5ceab85467cee51047f4886f3994404f81c1b49279a706ae5416b83552d30;0xc3822929;0xc3822929L;0.500000;1503088063;1503088079
1;8096;8048;0x4a73470c3c6f8cf32b8bbcee7a8333d318a2927090b41d0b1c84d48ce1cb102b;0x9470e3bfcff9e466c52925b61841d2d12312307cd014c6a0db29294d3c78c5fe;0xcd4c134d;0xcd4c134dL;0.500000;1503088081;1503088097
1;8096;8048;0xefed34f3afa2afc9c7e938dc4e0471590ef2d086bce3b0ec8c449d5eebbd1fda;0x44a43f96310e78a363c5ae7541374afff3073aa772c32f426a4473d09f55109c;0xa4d1db7a;0xa4d1db7aL;0.500000;1503088099;1503088116
1;8096;8048;0xd7d8cfa0b4a5d2752f433605c3133f1c2a561ab3a1bc05ad20df223b088bcddf;0x604f7a929e6a3293c21d3a51622810664228b2f668b0ad28ce63a2c7c328bccf;0x65b02984;0x65b02984L;0.500000;1503088118;1503088134
