1;8096;8048;0x07f77e4f34ec911735550c99f69f9c38e110a15ad4cc51a72a14e581b55e1cbc;0x35c77e8eacaaddf10f1553336abd8c6cbc9769e5b7b7c8172ffbe475c145e3d5;0x9dc11d16;0x9dc11d16L;0.500000;1503095854;1503095872
1;8096;8048;0x8d207d593edb073526488f68557abc28f2d6209783a55a8fee63edc6d8b6f965;0xcc81d11204c1df9ae7ba1f6f3aabb15656b2cbc60bcca154a2e01b2b0aee758e;0x292f34f0;0x292f34f0L;0.500000;1503095874;1503095892
1;8096;8048;0xe072c6b75252e2dc265ba8cf64a2c63a03a674d271d94ab5203bf93a65f0a645;0x8fb285d54cc11a68476f0c960241ae7b0a29986be8e12c487b47e4d1cd7da88a;0x3ef51bd1;0x3ef51bd1L;0.500000;1503095894;1503095912
1;8096;8048;0x3a6b36bf3641053328cdced88f037ade580040db6d2747727a9b512763edf89d;0x6ec0a41b7a008b969d409c38d6c30625bb7aafb6452e677ab4954c312b1d5224;0x04c447a5;0x4c447a5L;0.500000;1503095914;1503095931
1;8096;8048;0xf640130ecfcfdcb13da414e75293ab6988c3d1d12faf609ed02a32b27ad3de70;0x4859705f234f74e76ad773a3c65dd70e898fc2706e5188752887df96fea55d6b;0xb50761ae;0xb50761aeL;0.500000;1503095933;1503095951
1;8096;8048;0x883e3b97244e42b58ae5d0030c2175463b699f32af16513a1c208b5dba0ed342;0x263ad8fd829e1c73f2f935f353a05a5230b13b94b924b89045547e7c6eb66b03;0xa17e3064;0xa17e3064L;0.500000;1503095953;1503095970
1;8096;8048;0x67815e690bc82a2b5fe7c8b2f6f316765b0566e1f8e6d689b0d4aa194f435cb7;0x592520363e222b2ba083045b66d1be82b5d1b1b49fb749db6896c69de8f22569;0x15acc344;0x15acc344L;0.500000;1503095972;1503095989
1;8096;8048;0xc38e8f08b479099e9e98513baa75fb70f31b9a62b415c16c1b28281a9305e457;0x66e14eba32577c1ca072112ce0bb29d7850c46f10d07fc9fb3ee98c98dcebb16;0xa647af98;0xa647af98L;0.500000;1503095991;1503096008
1;8096;8048;0x6ba34dcac4f93f46ed46b463d2d56a5c6dfcc981a49e678335e3bc56d50c7f40;0xf59aed181a49b2e862d00ec1afa63064bb379a5125852aa4741fb224788aef5f;0xb738d962;0xb738d962L;0.500000;1503096010;1503096027
1;8096;8048;0xcd03ef601dca6530681e56ac6c6673c99e87bca62034c3b95634d1241b2c25e8;0x5d8cc76f5c7f1531896c5a1dcf5458045b314acb8530bfb49b428612a9398790;0x59d90c67;0x59d90c67L;0.500000;1503096029;1503096046
1;8096;8048;0x73207a58af6ddd59c921e9c6386b24309f5355cde6e1f2392cddf32f1736228a;0xdd9acca952036317efdc9ccd7a6dfa19ee0a51f1e84130db307f4cd62fd2811e;0x677ede87;0x677ede87L;0.500000;1503096048;1503096066
1;8096;8048;0x5aa0679d623b3da5c620f1fd7d99a627730584d84f45dfc8cdcc1908e9962144;0x88829619b79f033ec8e8c390da3ee6643d47c0375db88ca7107f2f413238fa03;0x0bee8568;0xbee8568L;0.500000;1503096068;1503096084
1;8096;8048;0x0edb7afdf384952b37086230433dc49322249676f2034b10bf4d8dbaa7243ab5;0xea36d540b5420ee8c9a6c053a3c536819b20ab1f15fc99828871007e6e510342;0x501725b0;0x501725b0L;0.500000;1503096086;1503096103
1;8096;8048;0x99e0716de7c0a7ff169569f4f1c945d6c2f616ad6e244a4b738ed34c3d1c10d6;0x4940f044bbde866f319344e5eefc2ecb34ba0adb02dcc5ffeb4111368f76ee98;0x088b431f;0x88b431fL;0.500000;1503096105;1503096121
1;8096;8048;0xf6f5501c4ac8990024ab89175d95d06df7886d5b84accfc2077d1724674f155d;0x5465d8ab9e0f9ebe56da4e7ed48e4b438fe554f3492614f37de77ef23f6cc731;0x9e0145fa;0x9e0145faL;0.500000;1503096123;1503096140
1;8096;8048;0xe8efdb47a864d33f020fd50326215ba54333e4b64b55d5e5259c4f020eec30f6;0x68b9c993594c4c01d01d6760dff38c38660dc81a95b1b29cc6db3f5bd1a819b2;0x0536fc4d;0x536fc4dL;0.500000;1503096142;1503096158
1;8096;8048;0x1cc2449ac2468e3a93f20dcdaa31bbfc63761eb16d4720c6fb2552f929630045;0xa3716b3136dbdafc94fd504439da9050a3fe9a72e704da5e7b82af93ed7b42ab;0xa6a0ef01;0xa6a0ef01L;0.500000;1503096160;1503096177
1;8096;8048;0x11c8453ee7f34b23ad7fe671474e71bddf7275cc116fb2792df29aa66e588a7f;0x5bfe7492cb076420fb69cd6ba121600ad2d121122dc77e5d203450ea929de7c1;0xf78f201a;0xf78f201aL;0.500000;1503096179;1503096196
1;8096;8048;0xcab4747e951ecae19321e7c406aab646bf8b98586097d2e9b80bf3af1f4460ea;0x5bf5d0a17582bd76745b8739b73a1526162a74f072aa5b7ba85d613782b27d1b;0xcb1c12c0;0xcb1c12c0L;0.500000;1503096198;1503096214
1;8096;8048;0xed9104b5a055423b98ab5a9ec4f779eb4fbfee5fa92d44ea178f030e9a97d887;0xbc10fee9f647217d2afe75227411ac32fd765acd4b86d12fd509bd0322fcde7d;0x83fe1482;0x83fe1482L;0.500000;1503096216;1503096232
