1;512;8048;0xd20a19e83b16a29455649d9c2b96cc3bde37e1dc9fa9bd91b51ce80ee8c721bb;0x8650c018372e1b8bd6506ae4b6149cfbf647d09033627a8566637f058fc59f0a;0x76e1edea;0x33627a85L;0.500000;1503118101;1503118102
1;512;8048;0x8926b371c5961b611ac77b80d731028cb23507cf69e00adfb561374de77e4470;0xd512611d6a2c34307234c505dc1712d093902198696f8929749c3b65b150d0ce;0xf2341a9e;0x696f8929L;0.500000;1503118102;1503118103
1;512;8048;0x0f37bd7078f5d6ffbccdc21c3fa7eaf25b9ece67360a57ece035f08161af8871;0xae6878d235f3c7d6f9f7d4b68e76cdccc8e8c53e833cbf93c08f16b69d4fbb87;0x88a1a419;0x833cbf93L;0.500000;1503118104;1503118105
1;512;8048;0x5ac52f6eb00151e0ee00247f33ff42c10e8615a2df3d7817900c182c7f5e8ed9;0x71c7fc7c79506a655b7aa27fe6d4a5feb5f593988060d9610f908f0be20bd03b;0x99ff417c;0x8060d961L;0.500000;1503118105;1503118106
1;512;8048;0x755b279a9898a0eb977c6f3cd5701eb0b220be16491242de445c07d1ed34e263;0x58883bc0944fcbbee5f895d32d8292cc484be9c7a907509d6f1e4e8f1da158c6;0x8f7f9469;0xa907509dL;0.500000;1503118107;1503118108
1;512;8048;0xe23e063f44ef35f27f611b02a612828943ba4dd33d0bc4253ddb16fc2c79080e;0x8efeb17e18ba473ea5223d8766dd74029110b346fda388e3efefe6665bf4be37;0x993e75c4;0xfda388e3L;0.500000;1503118108;1503118109
0;512;8048;0x42e9ccfac9882c54718814cf6672cffd4dc642c1150e3edfb7576d2d0913714c;0x951b6c8c848bb5232f74f4a87e246f22aa3ae16ad383c63ffd97864fb48657a7;0x692566fa;0xdb83c63fL;0.500000;1503118109;1503118111
1;512;8048;0x47ac5c46984e2118e48912f97a4bbeac8e943fe23fca8a51aecadc49bf350c06;0xbfe85908b684499e9ed204652d4de4aa712ac9d35c0197d101e0543495675a79;0x0b8087cc;0x5c0197d1L;0.500000;1503118111;1503118112
1;512;8048;0xa394c257a2b7c7b8dc6f5508a579f1ef91b27522cb6bf3698f9c128f889cb02c;0x1ad25c5721225c6127496116638f40d67ff1a43f961a0a28f7f41ecdf819deb0;0x537a504b;0x961a0a28L;0.500000;1503118112;1503118114
1;512;8048;0x502239cd63316cdd581f351759e4089b4bc27c838af363cd9d73f48510fea760;0x74598b29105785512b315e3b9acbacb90f95e41c4d50faceca7834f701ed8349;0x4b3e4efb;0x4d50faceL;0.500000;1503118114;1503118115
1;512;8048;0xd6ce1b323f67656a2ecc337c43f3f2d5c5d5d62af0ab430f56d6c366b1ea1687;0x2426437c39410adb1d48e64b440a1cf971b22cb2eecb2ea253609c88bf16fef9;0xeb02930a;0xeecb2ea2L;0.500000;1503118115;1503118117
1;512;8048;0x0628d80d02ec59c2d0ca33fe3939bb8e04583013e86e868f5460d3ba45c10c4b;0x1043514001bb42aa260164db94686b9c6b30404cc389136482456e26f2f074a0;0x98c153da;0xc3891364L;0.500000;1503118117;1503118118
1;512;8048;0x57e1a9bf6206f1b25b7d43d4778d569627d3087d3730b800bc5124ea9e4c7ef5;0x2336b57db6901b078b936ad8ea36db7620df17a39ba2417fd9abd98cc2d5cfc3;0xf66f7eb6;0x9ba2417fL;0.500000;1503118118;1503118120
1;512;8048;0xbd3db0b95ae58b5a5453a8ce0cf7cf69115097ab74a2a0e9b5eb92af6283aa1f;0x7261508c9098e3909e7f80f1cb78fbd11836ba81592f5621835caa5a744d81c4;0xa1646068;0x592f5621L;0.500000;1503118120;1503118121
1;512;8048;0x94e8437294b0162f2c0fa489c398f2a7bbc01d713e3fdf20b7143818588573ec;0x922c20db892fc735dab615a4c13e0539f3c7dcd6cdc504bb8d620219bb03c146;0xee72046a;0xcdc504bbL;0.500000;1503118121;1503118123
1;512;8048;0xc6d659705dc5208a2430c84a07e7f6655fec80805fb21e245f309deff67f88bc;0x6bee004671ca771300d4c9943b3a439861b25a9449ff8eed4555ccba2d68fd4b;0x901270a2;0x49ff8eedL;0.500000;1503118123;1503118124
1;512;8048;0x5fed2873c930bad86e482afe8902051911fe90baf369de0a97739d5dbe30051d;0x41c4515057469366f5a5f67c1aeaee16d883f63a526401ef58a9a3827cd5458a;0x7d497996;0x526401efL;0.500000;1503118124;1503118126
0;512;8048;0x874f3027be114adcad9d4221a552cf9b2d4d89ede0a54b4c32accafae331cb6a;0x13244c4160cacd95ec56629867b8216b0d5ab280a9f8d59e31041e3c98d297d9;0x1226e5c7;0xffffffffL;0.500000;1503118126;1503118127
1;512;8048;0x71a934052ec24ee5b2540f9a62b5b243180921e4be34a172646c3ff633e8e2a5;0x1f349b96db524f68308f353e68c429049fb3c51044824c40c70acf2df708499e;0xb7ac7886;0x44824c40L;0.500000;1503118127;1503118129
1;512;8048;0x5b668a4506d2f23cf3d6604c6d65ba37b7d8b5d839d617d11e6482a6560c2ab1;0x97980f0a3d3b31849f796475a58e4e7a25c5d416702c0b8193e0f1d0b9698c1b;0xe6d1826b;0x702c0b81L;0.500000;1503118129;1503118130
