1;512;8048;0x9a1379e8fb0168bbd5280a053f75609687621beb74f0c900f74eb7e64f04dbe9;0x04b13a4e03f17f31dfda98298a31a1f5d0451cfaf78099510a25cc9f44c81f9d;0xb8088942;0xf7809951L;0.500000;1503085047;1503085048
1;512;8048;0x18c0a6ae5d754e4d3b3d2993073d1a88332cccb032a2a7586127f724fe0be417;0x876e60ea3ff0fea734f5e13dc58ad263b7497ec5f96084554021e1604c75ac4d;0xeb350f59;0xf9608455L;0.500000;1503085048;1503085050
1;512;8048;0x8765181b5e287221a91a283a8edd0d90958e07b46b543cb7ef2f63a27d7a6204;0x6d00cff2bf5b839e6403520ec5e2064569569ac4c12cf92ed046db84f2df66e5;0xe8d3820d;0xc12cf92eL;0.500000;1503085050;1503085051
1;512;8048;0xe375cc98ff40bffc9ea5b6fed4f21c6ec1b861adaf146c873bfae43f0da23df0;0x9d9626e75d4e785ddfb0aaaf1f797292729c2497a3556858b277b71b9b0a26ae;0x0142720d;0xa3556858L;0.500000;1503085052;1503085053
0;512;8048;0xc3441c5ce6bb51650327a50f8409bc48861a6971728a3173bfe5984fe4bfa4a7;0x14a57b52d13a6a8700eba4baadfdc4b6d58993bf9e5ee618eeb3a3b4a4a7d921;0xf1d1f367;0x4106aa01L;0.500000;1503085054;1503085055
0;512;8048;0xcd495ae1240964988a46ff9419765f2bf66465aeacf51ad510b3b7764178fa0e;0x4311012e7733012f47d1c8e8150c2f8d9097d21f321e1814af3263d27115c3f4;0x692f67da;0xfffffdffL;0.500000;1503085055;1503085057
1;512;8048;0x5bfea33454da9b37f635c86d6d92de55307a898c9641f940e4bf83d8ad260908;0x22a9918d4d06725509ca3ee1ece7bec2f2f29bdbbe159a1cb50edb36fed89348;0x667816e1;0xbe159a1cL;0.500000;1503085057;1503085058
1;512;8048;0xfd1f8996eb0861ba6d92d5a8084d4a2b542bbe93f48555196c7e150ee856b4e5;0x5013988183434398ff876db26be5aa76e2f55945be78fa3f4a3b0629d0b3d4a7;0x03538bab;0xbe78fa3fL;0.500000;1503085059;1503085060
0;512;8048;0x00fcb7d9976dee09f5a3f233c3b55e3b205006d642a293570dba3ea035cc6835;0x1fd05fa89105c19f98c5305c9e09b1df267619b0a6235b1c1ba2ef89fa20220e;0x49df1f75;0xffffffffL;0.500000;1503085060;1503085062
1;512;8048;0x7704ecde51f961d1ce7c30ed32af76619566c8dd80d4645e1c7b477ca22eaa1a;0x6bab053c598fc07e86bf480b7036e5463eb00d065878e2e103a26928a74a19f8;0xe3423ee2;0x5878e2e1L;0.500000;1503085062;1503085063
1;512;8048;0x7b02c7813a5319a141b60bd88820f109cededccfb33ce10315f75cd52b9641a6;0xf0c4368f4222b4b975bc004a985f6f87078d08eada5551ab967d6dafc2f756b8;0x0bd19c80;0xda5551abL;0.500000;1503085064;1503085065
1;512;8048;0xefc5dfc63f29401502b2d24d6e06f0f85c4f8e85476ec78679abccf5a73c8696;0x5ac52b6a989e069161f61b22160cfd5295c41420128b72ebe4d1722d8ff7e75f;0x276341bc;0x128b72ebL;0.500000;1503085065;1503085067
1;512;8048;0x9539b8ad747253923682658345241c746ac93f1f9d8021b93b196b7d2e3503c3;0xa858d557c07e05719a401c9581b153b0603569d1c307ac378808022d1b320dcc;0x8ae1a35b;0xc307ac37L;0.500000;1503085067;1503085068
0;512;8048;0xe03de215a1295e1b2fa1cfa39b670054df2ee94a6d5189899169cbd98c9e186c;0xfe0805f20d7e6b43a7f12d3f1a55d2c281faf11414a6060e31cf261c86a3ca7e;0x87c45efc;0xfbffffffL;0.500000;1503085069;1503085070
1;512;8048;0xf5753fd81d850c4fad56a2f55b45df664f333cfe0b45b2d41f3ce9697b98e470;0xcb5f6bd8fbb85bde9f38d8876d00ed818381c018031d71285c64e7efdf45d2ea;0x2333e5ea;0x31d7128L;0.500000;1503085070;1503085072
0;512;8048;0x9ea80ede2e3f347ff2d5b09e406df839d8a443575283fa9e00ec23eea744b446;0xb8fd832e127893495dd501b1263e0585d4022f430fc7ce801aea52b773e03cf9;0xab91f457;0xffffffffL;0.500000;1503085072;1503085074
1;512;8048;0x1e7c4034b93d21a3d67f148e4ce8f307dd75478eb69d0438737fc733ff3d1a1d;0x26cbdcf373f30a3223b7346abad8105cf9bbe80e4aac716d66ef8cb9956f972c;0x0eb40b22;0x4aac716dL;0.500000;1503085074;1503085075
1;512;8048;0xb30506ffc32816f978c26affa8174a78ccfab18cd97026a134e23e1fcc8bb180;0xe79c78217969801afb4169b0e617dbeec3ece93b07e925ead34ad6914137727b;0xd5af2d95;0x7e925eaL;0.500000;1503085075;1503085077
1;512;8048;0x15230dcce78c941544f78d4e3e5d434111a097de4aa18a6a30c721d81d6adc32;0x511d0279c27bfe20e69a39b27db058c437821c76f64130788252c2db4f19f429;0xdf0bb9e3;0xf6413078L;0.500000;1503085077;1503085078
0;512;8048;0x813c91812eca07798d7659050bfb94efab2fc4afa440681329e91a75661b7ee8;0x62c08b9d6323d3aeb2e55f4f02dffdab329c3c96ceaa65f01b263a4d8a2ec94c;0x5c758829;0xffffffdfL;0.500000;1503085078;1503085080
