0;512;8048;0xe512cb43f5f67f28cf221e0331f0146264f6242b618c79cbf1941c6d485c6b2d;0x3d053a880c7b4029a62bb56131054178456e02ea155a7f5e6a7782809633de3b;0x4b75f106;0xffffffffL;0.500000;1503238589;1503238590
1;512;8048;0x3a48e2a49e773fbdd03c3cf2eda93d307436af76ec1b6773726cfd00ca368a04;0x6dc60e5f53ffc6821a1e8e70bb13c787d5a36d9a1a74168f1485bfc5c9450be4;0x25aec6fc;0x1a74168fL;0.500000;1503238590;1503238592
1;512;8048;0x86b8523b7d4926f4f41ce88ff62de10be2346997a6e73f7513f35951300886b6;0xbb7c4b2c91ed1a93bb4f746b912b0811c31b24fe68ac583ba10fab130656fc4f;0x923427b8;0x68ac583bL;0.500000;1503238592;1503238593
1;512;8048;0x6b9b4c6b148f097b65e45e6529883f91e9e52abf9db6ac31e6122c2e620953cd;0xa85606bc1d908a6243abf92a27a54a2c6e44b3cb20d58946ed8c52c13fbbce21;0x9a9ffee9;0x20d58946L;0.500000;1503238593;1503238595
1;512;8048;0xd9b9a7ec3271a0e76708589602a6ea3217a43e478a70b3a3936799f498a44571;0x9e7d4bf5492fdd524575e2ae1ac1ef5ae3e82481a5185ee45a68aad7e6e93848;0x461d941d;0xa5185ee4L;0.500000;1503238595;1503238596
1;512;8048;0x4a59fb01c788590a2c8fdef5f83fdce4af238bd07ca4134536f3656ef7ef2e42;0xce435f460d2efceea1bff5578dbe4aefe91febfb7d051b707913e8c7307902c5;0x0b34df77;0x7d051b70L;0.500000;1503238596;1503238597
1;512;8048;0xc4815e34bb1efe46fd6f6ba6bf6cf067bb0cd6ea311c7fd6ca39fb76ddf8b4a1;0xe0978bd6bc74400b79ab2a2f06d8ac8739ff1b12a49a94711cad9d0c0ce4cf26;0x4936dd6d;0xa49a9471L;0.500000;1503238598;1503238599
1;512;8048;0xd5c9a0998f1e55446e3642120400de52c0e9b0440d4bfd01ed9aff371d72a5f2;0xa9d4289e0a68bc3cea6c1480d787e3392ec8c07adc3f2a4da02fb325fc848a94;0x4edcb487;0xdc3f2a4dL;0.500000;1503238599;1503238600
0;512;8048;0x4b08e17dbe6961c9ad92a9d0b0a424b137bffcabe914e491d6104d4ae4ffd22f;0x907ffd97150f9f9c215f80acf4fc1da5ef1d850e4aec5c0074860ef29c316a9f;0x4decbbfa;0x4498712L;0.500000;1503238600;1503238602
0;512;8048;0x1f33020f663693ed2965768d914a964447873b2df226b0e47e3eb5661fc89b3e;0x26ac97344be516486c0cdc0f9f1875c0782f0330c648a080d47e5f5ab035cfc4;0x67867d76;0x52352081L;0.500000;1503238602;1503238603
1;512;8048;0x3e5b45e4201c027f9a54c0efe99ab232adc78c6207cc7658077aaec832e33a71;0x82d64fe2d4d904ed985d8a03027b697cb2ff8f7c80ddc580a0e866e736b40402;0x5cb638b2;0x80ddc580L;0.500000;1503238604;1503238605
1;512;8048;0x1264fe4ae1031a90e2b9214ed171d072a5b40382b06d50bc5f017e4449314d5b;0x9a89f731666cb1bc115bbb71c4b427a38e3d9a22879629a457ea398c936fcbeb;0x7e7445cb;0x879629a4L;0.500000;1503238605;1503238606
0;512;8048;0x1bc6263ce2754327cc99a42d049d4bd8de656eabb02209643746e4f064fe377f;0x6f8b6dbd1f2f4edc0d378edbad5e376bc3b2e9997a03918c98d134c7a771edf0;0xd1822470;0xfbffffffL;0.500000;1503238607;1503238608
1;512;8048;0xe094c70a6815e89a0fbbb8053d0b2abae50f0bb985d89a84ed1a4ed617a8a4f8;0x31bff274f84e8d5ecaa5b2c4838f634018d7bee80651a263c43126f09246301e;0xb0013226;0x651a263L;0.500000;1503238608;1503238609
1;512;8048;0x30d374c6a0f349b6ed7f9bdc4a1ad0283f963e6930f4697ccd93d1d4f46a7125;0x9d3dfc5914d80373ec1f28c8f0b0dd07ce075c402e9d8838c4dd1eb8b9733b0e;0x936a735b;0x2e9d8838L;0.500000;1503238609;1503238611
1;512;8048;0xb3a4d25f65a259da32620477cf4ec97851f004a94af68e30da04e34c757ff429;0xe79f081d2dcbdfceac9f63ddee081c69c22eb855a81307e80f3837b249bb63ec;0x6444713d;0xa81307e8L;0.500000;1503238611;1503238612
0;512;8048;0x83e523c8fdd07b1f5304e71c1ddef9b8647581ef63df5f7985cb581fef95f672;0x8b2207d3e1e219c821ad8f936595e156e0d1f1ee8cf0fa007fad28fb71d471eb;0x4303441d;0x90080fc5L;0.500000;1503238612;1503238614
0;512;8048;0x3e3b083f86161c56134af85c1d5051ede8d004957a771758611878635f22d49d;0xcc91fe7b6435bc783a928c8cb374e6612f7f679d829db1597e0bb77b8c8ea602;0x59e263fa;0xffffffffL;0.500000;1503238614;1503238615
1;512;8048;0x5e0398186f3abaa8155defa59e71436e34d922d932925984df76f0bcf1c4054f;0xd96bede318f7e37b533331e15c2c219673c22f1c80d2fb840ddb995d6b81f864;0x2e3ee201;0x80d2fb84L;0.500000;1503238615;1503238616
0;512;8048;0xe7805a080663af5a53a2c0d555b551453a03aa0d40a4bd346fc48236dc443bc4;0x657ae14972b7bff87426869ce99cc14b0f60e0039f1df906fc5164b7fd4fd1ab;0xfb185414;0x457f05a5L;0.500000;1503238617;1503238618
