1;512;8048;0xc1370e1010a082bb722c0e2a390f529f9ee9dabfd88b65caee8f3c4ae993e2aa;0xf91635478fbe8e00b2aeacbea7662fc842dbbb00a0bec6792218310c5b0e4fec;0xcb11b74a;0xa0bec679L;0.500000;1503235040;1503235041
0;512;8048;0x72e871af7d3b6c9b7310abecd344daef0bd40370fc06bfc3c3570aece4628956;0xf92c924d4df8e7d659132c15c01efd347ea06c0eff9dc6ecc41e6960bbf8c19b;0xe5248921;0xffffffffL;0.500000;1503235041;1503235043
1;512;8048;0xab531eeac4a188367669064cd4df42e934bf2b419fafdcee075931103d37d4e8;0xbfc07d441dc744d16f3785e5522bcb5cb0b87e6768cbbf72ee2b782f97b53cca;0x56d66ffa;0x68cbbf72L;0.500000;1503235043;1503235044
1;512;8048;0xbfb1b4c3d1614545d7994de5494357007fffeddebff8109c23510181a5175d64;0x7d997aef1b3d3b7ea745bf778621bce122771c62e757ab58caada8cc0ce94fe1;0x7996cbc8;0xe757ab58L;0.500000;1503235044;1503235046
1;512;8048;0x6779dec267af4161c03aba6ac504472716a1499404d216b5b9ac55fcdda8b244;0x99c7a31dbbe45da729cf7ca38723c6c45ddc52cb6bf7070bafeebfa0ea42eeb1;0xb2f97ce3;0x6bf7070bL;0.500000;1503235046;1503235047
0;512;8048;0x5f003c1aaf5a58e5b0622e12c6c58d5acc24136041185cd51e2cc30ede02c03e;0x3ea4b74654aa7dd49c6c6c01343ba25419947ea58100192f612d3df6774f85ee;0xa5fd00f6;0x1088192fL;0.500000;1503235047;1503235049
1;512;8048;0x09458ee32fa7eceaf0baf78afe2a8eb21e57b9d8074501b12cd7cde15b252864;0xb756f162dbdea273173613749be9258bc481a7ed696c7db508b8138d66636c9c;0xfb9f3222;0x696c7db5L;0.500000;1503235049;1503235050
0;512;8048;0x6e6ef84f60129aed1adf404d50db31ca4d804348a0802a0a3a291971c45a4632;0x22d93a67c26e81260dcc2508b4cbe19b27f31959a66dd6e8c8c668e55c6abd3c;0x4391fc55;0xae6dd6e8L;0.500000;1503235050;1503235052
1;512;8048;0x42aa20c56f4a6796547946552f7b9cda00261b35d6272bf37814f6921e067060;0x183ff8c5cc7b51b1fc257a1ba5a6e3649659a0cc850c88ec4a077c5c1f103b8f;0x34c513ff;0x850c88ecL;0.500000;1503235052;1503235053
1;512;8048;0xb6199238b51646a887ae0d890b4e83de95ee13c0b7e4366cebfbaab94d934b04;0x97fdbe206e69d6caaa40a4acd78e1ac6a5ef8ca0886c65a578869bca668bbd31;0x62c75844;0x886c65a5L;0.500000;1503235053;1503235055
0;512;8048;0x2412e33cb7b15b1095dad7a10ee9c65ee3fbd619f878462462a2674492fd13b6;0xac0999b18417a282a8846206d867c4e2302982ddbdc88dcc46114fb8edb8952a;0xe2036051;0xfffffbffL;0.500000;1503235055;1503235056
1;512;8048;0x6f02e8c551dbd1ddfa33152a44bfaca81d796f83ca280cf981e1305bc493c133;0xf2e5ec7f83987327c6f58ebe1cbbbdb4ac018df2af423cbaf9e57c6ee4308917;0x98c2b4bd;0xaf423cbaL;0.500000;1503235056;1503235057
1;512;8048;0xf0dc216ffb185d6319e279ca90276e460fece3daf94fb6e2f0c7f70d710a7561;0xa18e3f3ea64af553b1f699605d5b1116be434f0413fe15ce71c937489d0ed174;0x072c7d62;0x13fe15ceL;0.500000;1503235058;1503235059
1;512;8048;0xb27841051c8618652d2d351c417a9dcc9970eeebd4e4d9c876eebe581626d9c8;0xe3f30808b76a4c786eac3ecd71e75d28f5d361d423dcc3e2f7a23fe47c7544a2;0x63e8f1ab;0x23dcc3e2L;0.500000;1503235059;1503235060
1;512;8048;0x53be2cce492d79acaa8d6e06c957542faf0cee3adc74666cd55d49de412f8194;0x20e22451c16d5c75f389a6a8ddfa695a1323823f59d78e3bf0891c38a9e48de5;0x086a51a9;0x59d78e3bL;0.500000;1503235060;1503235062
1;512;8048;0xd105b4a9e786499ee6cd324b7f301bd0f8fb0474baf45df0c3120f4ef6d045c8;0x87110b960bd9c2f86b886e0ccb08d4f0cdee6ecc99e12b55a3a1f51b52dcfde9;0x5ee24ae8;0x99e12b55L;0.500000;1503235062;1503235063
1;512;8048;0xc5f6dbb3f1aa366fb35aad78ffaebc0e946846ea31aebecd669d8dcb8207dd47;0x62670e4e581c65f2bb4d9f5d39ab96670b38c896c1671b6e9f807b3c83761445;0x322a4e49;0xc1671b6eL;0.500000;1503235063;1503235065
1;512;8048;0xfabab7c7c091a535c87bc109ca7ccf62f314e3a9baff50936c86e2026521235f;0x235adf97fdd8a6a63b547a313bfa180bb057522ebd68a02fcd3c80b812afc615;0x2760b765;0xbd68a02fL;0.500000;1503235065;1503235066
1;512;8048;0x82dcbc0876adbab587cd4e7063e152569cfbca31f784425869bf0573f2090374;0x1d7fc62412e2ea29649cabf9f4247f9b1577672193ffe043140596cabe2ec5b0;0xedf5ca0d;0x93ffe043L;0.500000;1503235066;1503235067
0;512;8048;0x9d403d2387a4ddb47d19603e823ef518bd70c69f8e3dc200d51f6de638a62ad5;0x82cfbce7e0dd39278fdd9b7150b4a7f560c7ddfb57176f83d3f6aff5890e4a42;0xcfd1e39d;0x57176fa3L;0.500000;1503235068;1503235069
