0;512;8048;0xd6d0e33915b8ef599b9496c72bb67e1df24b0be37817c934b788ff50141f8bea;0xc5533833324a63c32cde7a8b6f21ad1ef4811137c13cb5a0619e6b88fa9c325d;0xb7e8ed39;0x51a50925L;0.500000;1503245712;1503245713
1;512;8048;0x4cc20c142bd28ce57eba8f8c45a79904357fc4970f66b402fe325eca35abe681;0x733936355e566fb46ec32b802087b99f241e8a130d13b53aae60e74662ac4895;0x355b4dee;0xd13b53aL;0.500000;1503245713;1503245714
1;512;8048;0x2214668e1d33888f8a98f2cb9d7efca8e6d3b0a0d57ab8702f5bdd682cd2cb4e;0xc06649ef731f389254317fd50211b56a952b91355878b85f1c4c7b87f04151dc;0xb0670e07;0x5878b85fL;0.500000;1503245715;1503245716
1;512;8048;0xc31b325a3f3876dd056e0ffeaf950fecb94a9454c48077dcaa346fd9a77da26a;0x65cbdb21fdf6ff74d0c924360f678ffd22c5fa579aeabaf65d2f36206b254fc2;0x822ca297;0x9aeabaf6L;0.500000;1503245716;1503245717
0;512;8048;0x4f00817cd98c3e9246f19cd09c7cc2cecf210d92d8abbcfe633ba12566d378b5;0x2ed70d603d987e922d7f5b618b7a3c67b7f66f0e4aacf6601610ddc5a35fbf5d;0x08cd85e0;0xfbfffeffL;0.500000;1503245718;1503245719
1;512;8048;0xced0636ea8146959e06a8510f0685fd99622268889d371ad1b001d9268449d36;0x0eb62265d2fcc453ce89378caad417c28b3c9e1bf38cb190fca99bdf53a62d60;0xc0d086fa;0xf38cb190L;0.500000;1503245719;1503245720
1;512;8048;0x2805c3265ce8855cc481989154319197d4ee650013be5fc3c7a124710f267438;0x7b96dd5ff125578c2e2a928bb4d0c8ab14ec474174d08bb7e8130980010342f0;0xdab30a28;0x74d08bb7L;0.500000;1503245720;1503245722
1;512;8048;0x3a455975f64c09a32be4be0b9eb95b894d32bbe0a43c645db8fb660b0dc1fc47;0xe7c01a47ba9ec48f567e7e049d9bdd9732a9d6b4c17e9b1afed4f1ae1e8cb87f;0x803b43aa;0xc17e9b1aL;0.500000;1503245722;1503245723
0;512;8048;0x201f99cb12540a58c90d4f9a126ac507b8106d0ee893d3f9a6549c2188c40ba9;0x95d9935ddaac65f0bb982f761c45ba4b4ea93cea8800be689530c33a60c86b26;0x9d509f29;0x2a08be68L;0.500000;1503245724;1503245725
1;512;8048;0x7ae82832f192f4b3b79bb3d57abcdaf7ab38838318fe94405f8a0d08e78fd762;0x7e0b4443e3d7022b322a511a0d19ef4d34271eef9b3859a3a51054fb57b8430b;0x9e2c3a58;0x9b3859a3L;0.500000;1503245725;1503245726
0;512;8048;0xd9e894f61cb25fb849cd4ee1cc972d544e7ac9e39aa95d8e760a3e0e3d506116;0xf7bcac0d8610ac0bbf7e8631963c3f257d006fa446dcb06048fd7dacb202e60f;0x1ed6b95c;0xffffff24L;0.500000;1503245726;1503245728
1;512;8048;0x31db1a0a195ef52901615bea445916a58adb3ba588b9764e7586f2ae8861b8ba;0x1885d0dadc7d78e7e71493d5c25452b6a91ebe33b3ee13ab7be7e042d4b44a72;0x92bc0d68;0xb3ee13abL;0.500000;1503245728;1503245729
1;512;8048;0x4b86ff5671d89ac42c5519f84521decff65aef30f426f45e399c23109e4633e9;0x6bffc57770152f2e34c8802cf179d9a5e41914f9ed9d8ffca0d30eb74de374ef;0xe96f4f08;0xed9d8ffcL;0.500000;1503245729;1503245730
0;512;8048;0x1c4849fda3b30d60aac0ac718c4cee3853bf98fadc69244f63e77fcd50ef8d6d;0xa2c63ac89aea10007c1f9349bed15050c9a39a0d4b45bc1bf6d8f9ecd6fdd789;0x4034be09;0xffffffffL;0.500000;1503245731;1503245732
1;512;8048;0xcd2b3f1d1bfd5a217bdd4e958f0f35f68511bc87488fa1fb428069939c5a8a69;0xd0c2ff67c5c441fbc99ab2ae51e12319b5bafb9869f6f195de43e202b16c1438;0x2ca7c64d;0x69f6f195L;0.500000;1503245732;1503245733
1;512;8048;0x009da19e6fd67b45db7b271300c3d044ae342b6986ddfdc23ebfba75fe35bffe;0x0daf2f625dc5ef1eab693a7052e9efa009fd3a0ba6956c545b803e4ac3ea8a0c;0xece5b4af;0xa6956c54L;0.500000;1503245733;1503245734
0;512;8048;0x9873d0bafdca0a37bbf0db98ef9042660cc38dfe4715559903d8c2b01e5816b6;0x5940d7e838df36ce0ab8e860c7641c1e9a3520c98ab3ad82f122d3faf9d14406;0x4d5b5e3a;0x4400aa5L;0.500000;1503245735;1503245736
1;512;8048;0x217a67fcf1d8ebc6231ee3e33ecb6d292394ca4f10ae6c0a28a67d179408d8b5;0x2e1d852eed7e0da6f87a48e58947effc67f4860581760d77ccc5e5c4dd94454e;0xd90408e6;0x81760d77L;0.500000;1503245736;1503245737
1;512;8048;0x0c1364f388bd2a69383c7c7af3acbe588f9eebdc414c45c4757521af76036e83;0x267b5a0f3c19a3edbf13f76594838e86dc3113215021f8a12624159b1b00ef7a;0xcb73064d;0x5021f8a1L;0.500000;1503245737;1503245739
1;512;8048;0x60319d8bf6094fbe43a97bf3f7884a843da277cc2b43faf669a94e3e584ca4b8;0xd8f28d44ee520bbe17425865c6cc43dcb16d1558a93d2615fb9f30a8ff49b0c3;0xacec3aba;0xa93d2615L;0.500000;1503245739;1503245740
