1;512;8048;0x5f222d4c96395d975330453aa2643b9a652a820000f3b9f6fe21063b4263a1a1;0x073249d46daa729c67cb313c65ffeefe39e31fcf90ba38f5f2345b7aec310214;0x3600e221;0x90ba38f5L;0.500000;1503149525;1503149527
0;512;8048;0x27f1681397773ed618298fca0ad81dd94271ca1038ef0f05c4ae1d042e317155;0xd9fc60099100cadaa72c0302acf5c11c0d396bc91af4e96e5166d44aca357da2;0x26d75088;0xff7fffffL;0.500000;1503149527;1503149528
1;512;8048;0x910e55f83e31aa03b51f7588d8bc62000d03d72888568ef4f910950f7f6ba610;0x3b56486f6b2e8eae6d136d60e2167e1ac00fcd0025ab8ed00bf762d69cbf5468;0x9043f183;0x25ab8ed0L;0.500000;1503149528;1503149529
0;512;8048;0x01d508321a64aca8286c57d707b95561b0d3f052bc662e5c0811ff296ec3336f;0xb46d6fb6908ec1c7f40f50aad65a57544ac4099ad6b35732c367a8be29cf5869;0x6863aeb9;0xc5411549L;0.500000;1503149530;1503149531
1;512;8048;0x5f3b8f78b3236f2dac082f8bf25f06ad50f721c2a025d71d3f192c58be7b281e;0xcf5397a5f1407eebf038322c375443b50b16e563c6598a2a792710d949c67cb5;0xa9c1c5d3;0xc6598a2aL;0.500000;1503149531;1503149532
1;512;8048;0x307946301c45c41b15dd53a053a5cc7fc0f130c80e08bd5820882f02ff0ba02f;0xd45fa75e6f66778252a8196d09ff6a47920ac5bc39dc2dafe5b1c001902172af;0x891d5bfb;0x39dc2dafL;0.500000;1503149532;1503149534
0;512;8048;0x86d2d42ce0f82c4e36991f318da80fb03cab6bb47a60d6ba5cb116fc1e64d3a4;0x8cea6622d9a36cd1569e84771af040827e82556d331036862afb4ab996f900cb;0x657bbe97;0xffffffffL;0.500000;1503149534;1503149535
0;512;8048;0x4fd9ae0af8d23128aecb63793f75b57460f331227da12056df6133cd7e785dcd;0xfd0749e5370af095584b4fe7960dfcc1745b275c7f0642ebedc38f4c3964a730;0x313daad3;0x7f0742ebL;0.500000;1503149535;1503149537
1;512;8048;0x60ddbb5c9b391bb3f165e353f9bbf4c722d3ae9698ce24c0c1334218cb89eb2b;0x3ac709cf2c982c6385693cc866402d44e58a18a76a947d316686aae55c43c979;0x4fb97e45;0x6a947d31L;0.500000;1503149537;1503149538
0;512;8048;0x5d9c2a032ff077a3925af3c83b93c5de3ebe726d7022dc4a36408fca9efadcfb;0xf174aac7bb6742c8836f44c1888a9c7a09f57395441587c05ba414626f7d9369;0xe05becc7;0xff7fffffL;0.500000;1503149538;1503149540
0;512;8048;0xc5dd215d3b6a9e2d17be8a9b0c603abeb8e458954d531cc179af3a40b7647f7c;0x653c265e5c3909df46498b9f1ade3355074e40665e4cdfb6e8fc22b476ad7c5c;0xdc31f274;0xfdffffdfL;0.500000;1503149540;1503149541
1;512;8048;0x72ba40645ccbc78e23c389f9fa21e5f91612c1e41530478e7f6173df14f7a986;0x16d9dfb81dbb0e85b9d2047164a5496a0dfe716ff6b6a53437248a9b5511c2b1;0x3d418f8a;0xf6b6a534L;0.500000;1503149541;1503149542
1;512;8048;0xac051a43278d8fb027ad63c0f1f9d994c9e92a12cffa18bbeb6d648d617c250d;0x951787e4c3dc5ef1f854c464e424d4e44f49759cae6a649b882a5b5aa6b62439;0xddb8c58a;0xae6a649bL;0.500000;1503149543;1503149544
1;512;8048;0x890885532e8717baf81dafdb6737acff76127a99b736a5658eec5e1461eaafea;0x0456df19c048eff9e9e2eb78c55ad6a91a00be683065b8fc551ba838c891c754;0xcd6c2647;0x3065b8fcL;0.500000;1503149544;1503149546
0;512;8048;0xf6f7e39d63f65dc8f072f8582c48a86dcbcdb8fee09e15fe29bb7a8fe78fd8dd;0x921df0a44e1e794b4e6112eb4b4dcfc095cde675d8066dfa96b186b55e10704b;0x30e5b9c2;0xd8076dfaL;0.500000;1503149546;1503149547
1;512;8048;0x6614f8f06d3bc382b5d62b71d4c4885d7ef1160a91dbc81783218e395077dfb6;0x14d6427f152cf7ae57f971b15cc356bb3752aedb669b605341110d4cffc2f364;0xc74d11c8;0x669b6053L;0.500000;1503149547;1503149548
1;512;8048;0x77514b0ef300988269c4300e4cd94e52f8986924d3664861ead0e40787ba1afe;0xe587b2b132457f3bb832e10e307b75211d9cdc17a91a27b32cb85e54dcde8397;0x599c84e7;0xa91a27b3L;0.500000;1503149549;1503149550
1;512;8048;0x4b292a459f143c5dee65ca070e557b0b7d33bbae5cb9ccdf049598eb00e9114b;0x7a527b84c8f99f8876a8c1a21e60ef228e28a3bb741d58ce59ecf4e573ece990;0x995c2853;0x741d58ceL;0.500000;1503149550;1503149551
1;512;8048;0x9e7b1c7bcc16276bb7f81c276e711c9d2d1b170d39875a839191bec719c8afb8;0xa6b1f4cb2820ca37b87d5d4d8c2196359b0ebff9365a1b368329c9f6edd86b21;0xe08e9dd4;0x365a1b36L;0.500000;1503149551;1503149553
1;512;8048;0xdb6bbccd31f81acbc0d94432e8952744cf7d5a1bedfa6951faa6e3ceb2a3128d;0xb4e0cdce4bdf15b2393988f881b2bcfe644b0c76851596ab6f24e8d65524d40a;0x19b086a6;0x851596abL;0.500000;1503149553;1503149554
