1;512;8048;0x0b105bd3f9660a518742c47d7a703ca52f45f5aa816e30302174d2fef5297200;0xf1d26eff951638dfcd1e99dd852d3e2dc31075358a8ed6d68a5af836248827c2;0xeaebecab;0x8a8ed6d6L;0.500000;1503162585;1503162586
1;512;8048;0xeba858a564b7c6bbbaafa6fa3419ef0bab8a56f4a8109e4da41933777469025f;0x6f43ad4196e758a845724a8fd164ba1e126fb0da0ac35e21d590b42e591ac459;0xa84ba651;0xac35e21L;0.500000;1503162586;1503162588
1;512;8048;0xdfb8627b2a803310e3d2ae50c2cf42f9a4ef6607d7ee2a6bd729c59c305d990f;0x954cb9c6e112a3ebc90e22cd2d6979fc3e1eb6e16bb2c3c21a75cf3a264f3ced;0xead201f1;0x6bb2c3c2L;0.500000;1503162588;1503162589
1;512;8048;0xacf9097bb59aa60e925dba717146cef1bde673852ec90a7022a94ac65acb4206;0xc76c419e734008a268e5f7e28e82ccb06c3d8b28463132757ce314bf73872cbf;0xe57d58b9;0x46313275L;0.500000;1503162589;1503162590
1;512;8048;0x8ba23cd177346ded67763c4a26e6282074cd8e9f1169c09fe9bc125fb4614640;0xf2e5f602bfc60ea5ebf77de7515a809a4d0e90081f4e0131b7a72a6f50cebe96;0xfa7db849;0x1f4e0131L;0.500000;1503162590;1503162592
1;512;8048;0x7161ed5c53d9475368d32cf2a40d046ed84c6bad76ed040c6d5669bfde93fa4f;0xd0ad876184fa1dbf672f8519a51336c8d7decfccf2e251d46810490cc789a267;0x2a787a50;0xf2e251d4L;0.500000;1503162592;1503162593
1;512;8048;0xd4bb8ae3addc1a3c308d3eff12b0be328916dfb58c195536dcc98f966d04b841;0xe5d698ea919f163dbd5a442ce524d26a57e00a5033c40930e4b7a781cf9a9023;0xc14cc14f;0x33c40930L;0.500000;1503162593;1503162595
1;512;8048;0xec275869fa2282e66d7b6a824d0d1e74ea517225960b5c4457b7cba226e3ab13;0x3440650f531b21266a8428a1337b31ee131782445b3aab56431af22982f7ec66;0xebac2d5b;0x5b3aab56L;0.500000;1503162595;1503162596
1;512;8048;0xde735dfdf5cf9396022223464193e6a087c4a90bdcfa0fe56b21ff3c98128977;0x391528ec10058338a7639585003783614f689642a9c51f7e13d62fca6b29e1e5;0x3cc9bfb3;0xa9c51f7eL;0.500000;1503162596;1503162597
1;512;8048;0xfe52781327e9002a5bc58aa7ac37c353dd17a9a785590e7f15c7842557e5a756;0xcf8cd4de2b0a0c50c26d51e6bc49b59fb8fc3741ad23931fd056c5cd9508e0ff;0x508533ab;0xad23931fL;0.500000;1503162597;1503162599
1;512;8048;0x189fd52621c1049334525748b581c34ec1fa438e39fc8781b8f8aaffc98d82e2;0x328c2c7d3cbd4f901d1007cde72199ab4c156385179978af7f2127347f750057;0x6858aa28;0x179978afL;0.500000;1503162599;1503162600
1;512;8048;0xad0738e22e17140c5cda2518f422b01972b0c5d4e6e9fb2908ddbfc5397e99e6;0x73eac50055d2102c2547794175f0c87fbb5b4de64e03e245dd7a2c29199d434a;0x35e7c832;0x4e03e245L;0.500000;1503162600;1503162602
1;512;8048;0x2ae9aedbfa2db8da9095d578cdc3a96fc7dbbd765117209c30c8c6f9d6558e01;0x081af37a4ec2fbe53c130e6c1158bfd028be4ff953c62e4cc134fb64acff5700;0xf5b05746;0x53c62e4cL;0.500000;1503162602;1503162603
1;512;8048;0x461770925750b0f571f45569e2c57c43393841b98d7aa9d5efb648649dc09ae3;0xafc7866575f6c50d635a18bffe5786786dd8ccb0a8106f14ed4077276e205f8a;0x14978e56;0xa8106f14L;0.500000;1503162603;1503162604
0;512;8048;0x19acda4d7e7e866cc6cf17260886a7c62c8c074935365969c0368ccee44930fd;0xe64af7234c2a4d9fc74459a6bb76e03eb6da651f1ab453205cb2ea44f7413f00;0x449b76db;0x8b308291L;0.500000;1503162604;1503162606
1;512;8048;0x70ce50821a2b98e709b6b5242ad7733eb635a4cb75c496c5e85f0ec03c5c88ad;0x2e3b3603e8f76625943cbbcbe9c6789946b8257ed4fe73c9597331efc516d2a1;0x705cbcb4;0xd4fe73c9L;0.500000;1503162606;1503162607
0;512;8048;0x618a9457d6ebd574e2ff5afea6ba901c3285ec5f87f9df03b7f67794aa586d0b;0x1e0bf71372e2636ede5c48288fb7ca2dcbd69e402a027b1908541d393a58ea53;0xa75e35f3;0xea027b19L;0.500000;1503162607;1503162609
0;512;8048;0xccc37a1999a008e1e0ae3ec1ab64f8ddddbc4fef272c75ba85b56a09a751f573;0xa7b62655f52711c26bc9c48803263672885a79746f04ef897effa529b1f2a43e;0x44af99cd;0xffffefffL;0.500000;1503162609;1503162610
1;512;8048;0xb621c2d15fe6e1024cb1989d3b2aa0663b03b9f82ef564e1493bf74f74789f2a;0x6475aaf997c54f5fca2ccbb26436c73a78a0ed8623244bb72884439a03e5ae5f;0x5fef7e2c;0x23244bb7L;0.500000;1503162610;1503162612
1;512;8048;0xbe515eaa32b2098f4fb9e7fe6fef604e1571fd62e13d7596aa93777e7cb71d3a;0xf77d48bd208b5a2d4bf301f5615f5b9376859633dd3012e456e671d9d87cc09e;0xb8e9436f;0xdd3012e4L;0.500000;1503162612;1503162613
