1;512;8048;0xaf799f3a79d2642aac9b4863d6842309108c232838a9bc3530e2368a1ed36dcd;0xa31b0b9f3892a9671ca5e1cb1bef296118cf082d0a8f222cbaa6ca21f357a0e4;0xb6d5c5f5;0xa8f222cL;0.500000;1503246929;1503246930
1;512;8048;0x92c6d5a94d3ec0c3e672db8da5d2a9673f47115292c32a9c7e9b6871020f2d94;0xd1c27aec922089b864cc9bc28a0e955ef1cdfb7001f19f6f92080b48a3610507;0x34d18631;0x1f19f6fL;0.500000;1503246930;1503246932
1;512;8048;0x6266f7b547b2dc087411179b9a9a104bbe61871b37292aa31d9f68ba81097de3;0xd62107af50b92099cac31948e7e7c79abb00014ad6c3b1dcb7c220673420128d;0x912828ea;0xd6c3b1dcL;0.500000;1503246932;1503246933
1;512;8048;0x6c9afb9f83725a68e820432b44f4ac6a69702fe364a427b1000044725b79c0c8;0xbb7bc04b33bc1abd7ac937e7589269b6e34bd64a5c4399a0a631b0a02681604e;0xf4b9a3d8;0x5c4399a0L;0.500000;1503246933;1503246934
1;512;8048;0xa5471f5f22b027e78528e3ff1b837baa2b8de871eacc803acd9805f452a9cbf7;0x57857ddbdf289245a80dc4c502513a01c88698efe91083440a39e06a0bbd56a5;0xfa18e3d5;0xe9108344L;0.500000;1503246935;1503246936
1;512;8048;0xa90009a22157bac005d0bc33d48a04c08fec8e93240b33ebadc38ec80e80a8b8;0x30691ad849c8f1aeeb8b9c26d95ee731d2cda1e8b94e027ed76c27cde9c2c3cf;0xba3a952e;0xb94e027eL;0.500000;1503246936;1503246937
1;512;8048;0x0ae5568bb2c7fd9c9ce7556db9266f41fa8672f31967931940916bec49627753;0xfe3ba4a5786b06c878ee8725bdb893627833760c0ba4bfb622185514527c3702;0x89036b38;0xba4bfb6L;0.500000;1503246937;1503246939
1;512;8048;0xd7b85f929131eae143de50b8e6dd242e2685606613a8b4896f33703f755e3e4c;0x51a34533432f4c2b76a21315a52565fd9c95b06c6823a755df0c764c0d8da594;0x905bada9;0x6823a755L;0.500000;1503246939;1503246940
1;512;8048;0x52d3303bbf0bbd5f01986bc737ef7df9469716a2c789bb5bb462b663fce1064e;0x2073a01603738b4331c83320f2b65c04e8acb82010a0c44c100860fb6cb4ebf2;0x91c39368;0x10a0c44cL;0.500000;1503246941;1503246942
1;512;8048;0x08f8f152d6caef96a8cf40b7ced387002195282e75197aa6e78d70bd72889a7a;0x961aa08b08938cb6cfd8f187c0b68056a527c3664932882fdc104d4b16f282a4;0x1850c712;0x4932882fL;0.500000;1503246942;1503246943
1;512;8048;0x5945b8dea9ce40ec8d694b42a1f22220ec26622d9b93593721993f87993701f3;0x8c3ce5c3f079f020eab08bae6a92acd58de45924326bcd052fd0168d6e30325d;0x17b5712b;0x326bcd05L;0.500000;1503246943;1503246945
1;512;8048;0x74ab7dc3fa90b13580a8fb08c951878f3a82ed81ef71b840ce8078e99cae9510;0x5fbba194c00663dd894d38903828e1b250209e1cf57802bec049d3bf46af1a27;0xfc2815c1;0xf57802beL;0.500000;1503246945;1503246946
0;512;8048;0xc9ad4486b31d7dbc5e05ea27abbd121953d9c6c972b84997f6c23c0abd5f6186;0xed4621bff9d007ef9075ba5c29d38a023a59bc4bd8e25662e90f0ad41ba8fe70;0xc0c94d39;0xffffffffL;0.500000;1503246946;1503246947
1;512;8048;0x7c1682bf59061d70dde926c3294fd6888662e6f1507fdc317034b3213432b0b1;0xcd9b264f2d9f5a9dcc67082632d3e6cd3df1e6e748d42b7beac26035ca5831fd;0x90978e41;0x48d42b7bL;0.500000;1503246948;1503246949
1;512;8048;0xdfe88e4f81f4ecc3ffa188025c5e9723a128f0bc297f4f470075ae501a6332f9;0xa603cad6a7dd7b63b92569eb93643d6ce1f7d9d799952c6021f28dbdac69638e;0x0f1fa9fa;0x99952c60L;0.500000;1503246949;1503246950
1;512;8048;0xffc3533edac3b0c29937d86c87b3c9e3b497247022da551fb9300113a7c855a7;0x0f5ca6d29da1addaa7fa32f917fd79e6779e471f62c472f01d03aaee7fbcd0d0;0x7ddff0c7;0x62c472f0L;0.500000;1503246950;1503246952
1;512;8048;0x32bb33617d55d038b6c9e570dbef49b217fc4fd3963e5fd5e4e8173b831bfcb5;0xc9f02b14b81950b9c9511de7ed22133eea3c276cb8efedce69b82b4e645dd784;0x90ba35d6;0xb8efedceL;0.500000;1503246952;1503246953
0;512;8048;0xb2d384ff3f1f044cfd3be7c1ca5cb2a5f443619a6f0cb9e6448dd814f9fae9ab;0x09e6d053cccdadb74cd103d0dc87ce012c6c23d4b70d0004b3b65457c8a05c5d;0xdeeeb719;0x44228104L;0.500000;1503246953;1503246954
1;512;8048;0x0e2a9b96dc8baa7c0495baab4aa0ac157e8b7866ed6afb1aaed7f851c99f5ed7;0xb79aed0f9e26b2bf2a4b3dac60224001a5f58508374bea8b6fe6f7f2c3edf233;0xeefe01bb;0x374bea8bL;0.500000;1503246955;1503246956
0;512;8048;0x6267f4f1736f1beb2fc24ed588a93e1a4333a80de90f753ae704bbc4aa75a80c;0xbc50f60a942de9d15ad5603daa29fda97c84b74aa6f3f52fdbeeb6b093bd850e;0x011891d5;0xffffffffL;0.500000;1503246956;1503246957
