1;512;8048;0x11254928df5edaa3c16eacb0c49e4ae4cfe57b91db63bf8318900754a6d600b7;0xfe5a0399370203b84e25eee03ded50a4132c192097e2ce510dfe772bd246edbf;0x6705d150;0x97e2ce51L;0.500000;1503137137;1503137139
1;512;8048;0xafca0eff1e9f70cba16372a12eea9a51d225b8d31f71cda443019fc01e3ae1cd;0x7d4a4982d97a37cbfcb85004f90a6c37afc58160ec673eff9b8320fa9fb8cdcb;0xeaf47d3f;0xec673effL;0.500000;1503137139;1503137140
1;512;8048;0xee9007955e6db614f99e3d5fb8b8f892b7a631775e1e0e44c81ec8f993076481;0xd3ae7db600cf3bcab82b0701547af87fb80f8098a7641f9cb91ca6063058b404;0x8a2e7de8;0xa7641f9cL;0.500000;1503137140;1503137142
1;512;8048;0x25b86ea1266a55f11f4d50a63c4514e7b412af17fb6f5d084f0a1854e67d670b;0x8391506c02049b38d663e0f696e1c4e10dd123d7b6e01a1cc746594e2f2dc639;0x06c5651a;0xb6e01a1cL;0.500000;1503137142;1503137143
1;512;8048;0x1dd445a0a343aad694b504e790b4358d917a91d0baf0478ebb53ba49731fbf90;0x6342f649d9632709f98b32e484154ce1d5c6ccfda854f16dc2b312fc96c28f41;0xe74e6e46;0xa854f16dL;0.500000;1503137143;1503137145
1;512;8048;0xe99715a9387bffe78d16f14d58869b4fd0833a307d7616b6db885900038508ec;0x51fe01ba6a9bded25820a50cd215731e4392748e6a8a7bac480fc43d1233b052;0x014a4d64;0x6a8a7bacL;0.500000;1503137145;1503137146
1;512;8048;0x38d7b5b69f3dbea90b71433b5d59a806ee139f5c5a9065ab8c6c6d1a875ef3bf;0xa62f1bf9dfb446a13249dc836dad385874f557c883b04e2b8112f7164f5086de;0xb6044c63;0x83b04e2bL;0.500000;1503137146;1503137148
1;512;8048;0xd2cc93dbf46424c0ce4eb43b8c8052c6546f24b0d6f261286de029bb3d40960f;0x17dfb55acd4e9e7368f0777664fcc48d29f7a446b387a40b7824c95e5b413b13;0x7b041b36;0xb387a40bL;0.500000;1503137148;1503137149
1;512;8048;0xc0c5b7ae301e0fc3d5bdee98b1d0890a1bf67c60779b0fb444b69738bf36277f;0xffeebd00728e1e12298f896d4c7e7f410108db03275fa2a849506f30c1faa88a;0x35e70249;0x275fa2a8L;0.500000;1503137149;1503137150
1;512;8048;0x3d809a9a315b95d2ec8b9c20bd942f8336e337fc43168f879d0dbcc86bab09a8;0x3caf957cb49ae962e31f0b3930aeea116ca1025e5efb1047fb80b7c3efde5112;0x75087590;0x5efb1047L;0.500000;1503137151;1503137152
1;512;8048;0x49fbfc077fed8bbcda902679a56d320ccf9cdb2253d76af2f4f12ade1a27f963;0x39ab762a2e677aa6a6d98344170ebc1869f6409d19e42daaf22af1c40e7e7d09;0x8a2007e7;0x19e42daaL;0.500000;1503137152;1503137153
1;512;8048;0xd74d9a3b47c4a2d64e3716b0c132b90a1a794fc97055816b9bdf9c90cbc0a6a2;0xf3577672b0e025a7b24c85479e2352ef403c141c5ca617e2a5e3a7ac13d901ef;0x28cde319;0x5ca617e2L;0.500000;1503137154;1503137155
1;512;8048;0x1cf61eddeddcc82a5990e97b59b7baa6b3feab6b901874ab80b6e7e71bc87537;0x86b0b4fca1dde39d2e69701f84f2b54dc5f61dbd09bc50dd112b5cce31a68a14;0x418fc2e2;0x9bc50ddL;0.500000;1503137155;1503137156
0;512;8048;0xdbca4e264be1139d0beb3338cfae571942f83c3474188ddf2c8d5395d8718ab4;0x972eaf8f31c612582329e681c42a4eb33a471f8dfc8af1e046c6b44ada0eac29;0x7fdd1f83;0xffffffffL;0.500000;1503137156;1503137158
1;512;8048;0xbd3b0d02db8edb4518e827dd4209c20683c375b285accfb7687f3a9b8529d042;0x656fa587a9af0cd232fa6b234da2ac10d39916875bf06d78bd88c2a2e63c5205;0xab969a4e;0x5bf06d78L;0.500000;1503137158;1503137159
1;512;8048;0xb273a985f3eea25ea2d29966fd5481a72becce8408d0d030e134dbfa73085f26;0xae8aa4d202dddfc8a71bdecd788435e8cde4ac9428f7ded0de4d199a5b191255;0xec8943c8;0x28f7ded0L;0.500000;1503137159;1503137161
0;512;8048;0xc8923eff87f7f32ad5bfb62db0f1fadce39d0538b7b76e8d62c25345417faf09;0x165344cc0568d289edec1c3c785346d1a7fdf0b4b73f9460badbd0fff4365fe5;0x30f37217;0x404a201L;0.500000;1503137161;1503137162
0;512;8048;0x3cf6510bb2e0ea426c424bd0d2bb1321ec024dc7cea41f38de7ef2db16aea952;0x2f16fc61ef72b48a43e8c4d93aa7c354acda276dbc59f79dc9ec8ac95c21c284;0xc23de6b8;0xffffffffL;0.500000;1503137162;1503137164
1;512;8048;0x637914aa2e3c46dabbbea623eff47dd0157e9b6e0ef3d39830350fead27c2e36;0x3d2848ff92ef4ff9b6fb44641af73ce2c851d7757289e5c551b601a107d106a6;0xad76f386;0x7289e5c5L;0.500000;1503137164;1503137165
1;512;8048;0x017c1c77a2acfb6cac0149213116447eb6efe2dddfec419a73a44878e56cd1e6;0xabbaf10a9f1dcd85db600cdccff71ed47fc942dd3619c2c4834dbe61f0e24580;0xb46c2698;0x3619c2c4L;0.500000;1503137165;1503137167
