1;512;8048;0xca006eef1ebe0e269a393315bd486e763c5ebb8ae0a995ac59dc76daea3ed3b4;0xf803df90babd1faa8b3a635d34b7817155ab05562029ec198864c2c224405cf4;0x1557057b;0x2029ec19L;0.500000;1503250493;1503250494
1;512;8048;0x9d5bfdd00e4fc4a50fbb725b24b136becc969c5d61c9a592876cd77ecb247f68;0x3b627684d963a3c1a317dab564a6b792373f87f9be87a45c6a2e60af9db387fb;0xe27f8165;0xbe87a45cL;0.500000;1503250495;1503250496
0;512;8048;0xb5ffc9607aa6839aaf70ba9c8f226133bd2ef2f40e44e04f8ccf37c8efc00fa4;0x95160d2f95e4239c530f949e559033c12b8841ea81358e833fe7f07deb1afd66;0x94d882af;0xffffffffL;0.500000;1503250496;1503250497
1;512;8048;0xfc9ae5b5f03c7e2215ed18ed0907ec174ab6b402496497e29d4f865b13e65a0f;0x719be55d8f2d63fb65eae02606522d39056d9406e1f641ebccf61a83b46f831b;0xef0ed616;0xe1f641ebL;0.500000;1503250497;1503250499
1;512;8048;0x32c5458339339e59214e3a0c6c468929dbafd420a39c866aafc2701d914834c4;0x64bbda244170f71d22b3af10f74b3e376923e260f89707e2c007d15f8d3e7adb;0x142859b3;0xf89707e2L;0.500000;1503250499;1503250500
0;512;8048;0x03de9e803c6b0d934b9b787dd9e5ae91ce296ad2fe9ba0b77dd580d16a73546d;0xc9bf2396922ed845cdfaee04e30b239072123505f9a88130eedce319d8685727;0xd43bd202;0x4914ad02L;0.500000;1503250500;1503250501
1;512;8048;0x52d3b6c83f8b7cf30bdcaae20fb5dad53062762069ae7fe52aeda142c5ce4317;0x4f9be8b4de7abbb665f741f6871a2fe63d2603c2d8d1cfd0ac876b52b4c55d38;0x7383d671;0xd8d1cfd0L;0.500000;1503250501;1503250503
0;512;8048;0x952541f783b1980f8723ebdcf2d4ecc25de6c0937c7af7faf26c5ec197b5402c;0xe2e2a0503bc45d220b5a968abb6ebd0080e1d86f43d55d5cdc024a3856824c47;0xb8ef82d5;0xffffffffL;0.500000;1503250503;1503250504
1;512;8048;0x0c332464e2ac1da7e7afce8109229ac3f4a08b447354ed122a12ee61b2df2ebe;0x61856225d768dc98cbf4dac4f085e1c3cb085bff36db865f7ba914274ec1b262;0xc8eda7da;0x36db865fL;0.500000;1503250504;1503250505
1;512;8048;0xc33a6c0dd803db387700bf149edc3d565ff0d2a4485919e0b50b1ac1d3035d96;0x11f1a05246008ffc5fd32dcf52862275cce9b7e7204f2e120e16397915ac9db9;0x71a7c37a;0x204f2e12L;0.500000;1503250506;1503250507
1;512;8048;0x910859f3f0bebefd8ad100152ba65a6543b5cfc627afb91ff089302456898fe8;0x12f337812e2527206a2fbcd5015137cee8693a0b60bc8bb12d60240730511647;0x3245001f;0x60bc8bb1L;0.500000;1503250507;1503250508
1;512;8048;0x7d829b1b5cb514a6bbcb96f6bca6e3698abed688bc9ce1e92b3326515c7a89d9;0xa2d0f1f7e3f3f5aa71c5c535007d40f3787fb09ca67d194e86b88e0696b0813b;0xddee8de9;0xa67d194eL;0.500000;1503250508;1503250510
1;512;8048;0x32e6a0a03d11ada83e401858f614011ffd72ee5ad71899176a20805fc53046f7;0xda4e091f5c37e9ed1aacf2fd41d16994c4847d755fa3b88a88252e4d9678407a;0x6137e5b2;0x5fa3b88aL;0.500000;1503250510;1503250511
1;512;8048;0xd6b3eae4e8b482ebefc0e508e5f6ed8539979bfc5fa78e36d0f4174e31834a08;0x08f6eb78d147709e23fde32e276aff67d63a126a1403bee4a4a0cbe2c660bca9;0x3878e281;0x1403bee4L;0.500000;1503250511;1503250512
1;512;8048;0x80b05164bfb371cddcee0ac60b2d58ed8f4a5318e2396ca01d2152e1f67f2e76;0x373ef4d506f4cc36dc59a0e0a1c63c261529b61653cacda019d3438203c0ba9d;0x6e72b899;0x53cacda0L;0.500000;1503250513;1503250514
0;512;8048;0x5196c104828d0a155b717b0a8e7bce39adb6a28f3397613266745cdb38392c89;0x4027f3f6bd98c716948e66284bd1eb1c9f0c01b4bee3a7d2dc64d39265c32612;0xe99d3505;0xffffff24L;0.500000;1503250514;1503250516
1;512;8048;0x6fcf200cd831c048c5bd324e743068acfc1d6530575e2c8b7923a57d96763505;0x8ddf76bfd9d371173a00e6c8906871364f0de6ce10cf266624ea501ae9fc3cc6;0xb37c53b4;0x10cf2666L;0.500000;1503250516;1503250517
1;512;8048;0xc650203cddd5437356ceea409d0a34dfb08f1a87b2593093726dde9724603feb;0x7b85ad70121f75ef339464b6c3a02214e35e2db47f72bf0ffbbfaa019bb1f3eb;0x24379b8a;0x7f72bf0fL;0.500000;1503250517;1503250518
1;512;8048;0x4462245051b0319bb25c2475d80ec1db3a4657039e81a40ca3edbc90e987272d;0x066d9ac0aac3e07a5e8095d3078852e4fc8c31161e09fb586ec87969cd518c83;0x6d595fd0;0x1e09fb58L;0.500000;1503250519;1503250520
1;512;8048;0x5944d02451b94e117f2b26f8ee2ff4afa8b42906edaede374171f1ba79877fd3;0xc197bcf514bced76d4c1aab7e195cafbb77dd56e7aad4aa8351beb44ebcdca1a;0x0a69138e;0x7aad4aa8L;0.500000;1503250520;1503250521
