1;512;8048;0x6283cc6fd9b4e289e5dbd204f6b374f4a3a8449f597ccae7ab04b04b68c995ca;0xdd64974fb4990c8039a26601c1d1c8e7e299b9bd0ae646dbe17d9d4794634e7a;0x67bc6e0d;0xae646dbL;0.500000;1503189889;1503189891
1;512;8048;0x2cddd90891a0d6e9577ed81b0b16b498729b3ce6684a29fc081da1ce73e6d89f;0xacf6f5f3d09334ed4693afc5ee5eedfa5c6169f7d3fb527f928fc1305ec1fd32;0x476adf65;0xd3fb527fL;0.500000;1503189891;1503189892
1;512;8048;0x81cd0071b6085d852480f1e8db7d64e6349077b113f6519258ddb003cb797c4c;0x15085e678b97987c0492740ed0045cab652e3a2e3b975237a8b265138301035f;0xda66944b;0x3b975237L;0.500000;1503189892;1503189893
1;512;8048;0x62ebd94210dcae08dbdd754f2c679ced9aa1ed69ef3489804967b8019507a2f7;0xe7485b0527878598569b499b37edd4252e7b948133a52c2d044355ab1ca48a7f;0x2aa660f9;0x33a52c2dL;0.500000;1503189894;1503189895
1;512;8048;0x318306fc4d53d43085f6e13291b7efcada4fa2bc12a77cd01bfd1cf4af2d2ce0;0x206ffa29e227886122efe43447cf9f76e8050ed3b82258a8250ece948265f671;0x09556bfb;0xb82258a8L;0.500000;1503189895;1503189896
0;512;8048;0xc0ab168966fdcd040ca6cebb39046a7e9c3a3d3c6d42a718ffa5c1aa9de72f5d;0x6518a8f9ef3aa3af9613f07353f81e8ee30d5d467a8d0bdecb72d6e8690f5c56;0x4c180f8b;0xffffffffL;0.500000;1503189896;1503189898
0;512;8048;0xa92d66499932a80c920eb9b50d7b4df673835fa7884f4c302a5d86e2da47c783;0x235bc3e5852359d93ef3abf1c259864bc5bdb64d2bf7622080a15f4667a2c7f5;0xcc57ca1c;0x22074050L;0.500000;1503189898;1503189899
1;512;8048;0x80c9b394957140aba16f205ffb2becd3212f971e9bd67e58fe12eb54569d5cd6;0x60f68663a1fb98c349b596a604ce5685735abb72acacbe2963180f23938ef90a;0x01009f46;0xacacbe29L;0.500000;1503189899;1503189901
1;512;8048;0x55910c71606e36105ef1137391bec95d920240e15080a8547b407e70b863d40e;0xe197f2fc841b98a033dc9d2003ed6e4529f0cd421901aba3d6420102b141ec09;0x2b5300db;0x1901aba3L;0.500000;1503189901;1503189902
1;512;8048;0x12827895ef41bb130bbd3624408aac9e77c1fdd1f38fbccebba15e4381632693;0x1f1f0b9d6f8051012ca62f7f50adc8934972184e6b4f4a0e0303b712b34287e4;0xcaf127a0;0x6b4f4a0eL;0.500000;1503189902;1503189904
1;512;8048;0x1f805be4a8e7477ffcee139fb6376173eb61eef1a4c06dc00a036a3bb78156d6;0x5c5e4d2a626309e983ae13dfe7a15d64edaa94ba031d7d1fa2fa8e9d3400a02d;0x2384305a;0x31d7d1fL;0.500000;1503189904;1503189905
0;512;8048;0x7c7eb0a047a51525092b9c84369954f297720b2c30ff32f58f46240da8502524;0xb77df393526f908ad8f509b4c1df33959b1b012ff831a0fe62412f3aec2c5a11;0x3d275090;0xf831b0feL;0.500000;1503189905;1503189906
0;512;8048;0x6ded2383a250f94a2f19972d0f6631e640b46becd6b707dba37a458ad5763042;0x68d867fdc7f4944c325d2f895149b13cddf29f87f45b941dbc53b5df7c8f48e4;0xca30e49c;0xffffffffL;0.500000;1503189907;1503189908
0;512;8048;0xf9432cc3053231e47b091df312bd7ce8b4f3ed58c557d810b2385e624ad84944;0xc71b99cb45912462f7dd0765b98026993b22d05c5d2cfd2911177202f47d6672;0x3a41491a;0xfffdffffL;0.500000;1503189908;1503189909
1;512;8048;0x23683d75a90c20de2779c558f15e578448553e67f8e22bd0e8f36fee940d04b7;0xafaf9f9a916002a0d9b8d90e44c7a8ea50bf533b6e215449584cdad490a21757;0xf10f96ca;0x6e215449L;0.500000;1503189909;1503189911
1;512;8048;0xdeef35c3b7512d5b06531d9126df824f309af00b8bf1a481a5cd3762aaf62a89;0xd71cf732ac764beec85af04a48a464069a9c933d47cbdbb3f41b91af7b7e87ee;0x04250a4c;0x47cbdbb3L;0.500000;1503189911;1503189912
1;512;8048;0x7052edc095f2c8246b62e80a7a6cde3d06296c36305c74e9d5536ebafec8226f;0xecae18d5a65a1e5d6362aa7d795118408987b64d8c76e34e8d1a1a75773dfc2c;0x8232df2b;0x8c76e34eL;0.500000;1503189912;1503189913
1;512;8048;0x7d969bb46fa747fffd49e4cc1521c96cd1a93f8de7187da82751c7d145a174c2;0xae389b1f7d77bb989ab692d3859c27699e45af483caf942b12e787d7a791cd4f;0xf080fbcd;0x3caf942bL;0.500000;1503189914;1503189915
1;512;8048;0x62808b17216ea5de0c4d74683d50db2e63b8af86a362d819561c5e849f819701;0x8571c7b1540c910312e6c10c84b6365cd803cd678d7852fc8279cf3616a11a27;0x162148d3;0x8d7852fcL;0.500000;1503189915;1503189916
1;512;8048;0x6880b246d6c2cedbfc9caa2a27215ee2141583fe4c38081dff7b2cee09447b71;0x0a4979e7b3de0390a94013815ef6becc7dca6090a65827f6f3fc6979b6821b74;0x56514df5;0xa65827f6L;0.500000;1503189916;1503189918
