1;512;8048;0x8280d803f11447f891d9adbcee38f56306799dd22b352ccc517d11ea813c7403;0x860fda0df18a9bb3156d3b25306fb05f58721740886977d01d4196f25b005c9c;0x7b4d8a59;0x886977d0L;0.500000;1503179199;1503179201
1;512;8048;0x2b4633e9c5780f22d42a41043994f8ded16b31f37db776a7da626cbe3c60b867;0x9cf99e64bd59b5989ecce33567a1bdf62392245fe1cc553214dfd6b716751719;0xcd4532a7;0xe1cc5532L;0.500000;1503179201;1503179202
1;512;8048;0x315594445df5d5dcc74be8c748aee933d9f73b16ca9083fe110c3bd20b36a73c;0x013abf6591bd53b275e58fe601d759c9fa5cf53956dc01b845e8fecaa395dbed;0xacc8bc36;0x56dc01b8L;0.500000;1503179202;1503179203
1;512;8048;0x06253e9fc8d020a1b552660ebcf932d9cf573228a1dbdc6ebe55687684c93f8a;0x52bdb17f04f302cda2cee72bcd9df130f175d0058ed24f91fb3812ddf85ccf59;0x72d33ccc;0x8ed24f91L;0.500000;1503179204;1503179205
1;512;8048;0x3d5b91c8431e48f93577cab6338ec231b0df147dc1aabf931dc1880d635a04a0;0xeb4274c0b7950c2cd3ae30046d05df4d476f0dbcc5961abfe62b0c255b9a445e;0x743e0ca7;0xc5961abfL;0.500000;1503179205;1503179206
1;512;8048;0xff3c72e3d07b4478a89f5778980a4e20cca7b9673c92057d9dbbcd0243d9d342;0x1264d82643b202cd5748d5e1021e536ae05a9d2966cf50d5fd0b756923496e27;0x131303d7;0x66cf50d5L;0.500000;1503179206;1503179208
1;512;8048;0x28c11c03a6e1962f9cb195a0d0a9a12516bfb272c557d5fa21ce7d55bce689e4;0x84dad2c3cc1688a7c93e70314c485869c3dc1f08c9520c5206fb3239c9a6310a;0xfdbc1c71;0xc9520c52L;0.500000;1503179208;1503179209
1;512;8048;0xd978243b09328030ef90f201ac19ede1bd1cf97d6f232605812763cc0f237ae8;0x4397c1ed835152af7fd53ed0dbfa868dbc64fbe7051d53d0dfce19762d8d2f84;0x88219f9a;0x51d53d0L;0.500000;1503179209;1503179210
1;512;8048;0xd1b59623cccd909c3ac922b5513cac0adcc07386dca62de8bfb5f931139912e4;0x1851ccb61bafad36297c169454927458fdaeac04d6ce5fcc614f64db0893c875;0x642c5207;0xd6ce5fccL;0.500000;1503179210;1503179212
1;512;8048;0x5bcd652a1d8c3cdd8a64ea0a8a556ff30efc8e6d469f99f35837241b5577aeb0;0xd9acb017a008952fb84fff6c13fb82641c92fa40e40528dbae18832312febd82;0xfc9e1035;0xe40528dbL;0.500000;1503179212;1503179213
0;512;8048;0x75b4702d4a93248d898b22bcaf5a4e0cba15d389119fceca47567c6976585beb;0xf89a2e25ee00a0b6214e5a6d9014e15c65b0ba8cf8964d3df20efa5f28611dcb;0x15d0c891;0xfa964d3dL;0.500000;1503179213;1503179215
0;512;8048;0x2455a876bfb9d8aa11faf5e7ff4ed03428a9dafe3b37926c214a97169f4950c3;0x97cfb18d0b60fb609b44d974e8ba46a8edd30374b000d2bfebd382ec30cf155c;0x6a0513cb;0xaa0d2bfL;0.500000;1503179215;1503179216
1;512;8048;0xc0df63014317395f845fd5f3b71f5a688e7507fc50e074aa604368ad6ffdfe2f;0xc566a1acf3bd03a9c3c60a172090e3f5b67ae4516f331364c7521a6f34772555;0xcfd07b71;0x6f331364L;0.500000;1503179216;1503179218
0;512;8048;0xb940c256ed655abed3a0847763569e582fb0840934f984dd328b4c66c38b307c;0x762f87daca22ceb9868c12eb3fbc2a4d18f81d7e4ad3192aa6594f2c94f1552a;0xb1fb2066;0x5ad3193aL;0.500000;1503179218;1503179219
0;512;8048;0xdc7c8c9abe7697018a1b470599f30c97a85e68e38f6803bd62812482186427f4;0x5fc89872150fceb0931c0e07c8ccc1d9afd9e05160e4aa836b157af2aae2c250;0xeeac60f5;0xffffffffL;0.500000;1503179219;1503179220
1;512;8048;0x715e3ce76da2110074f1926fed56ec625d159e16403898f74d9bfe96e3ca8d54;0xb68e286c44bc1651d1f373b48832e2db90e8e4fa5298a91bd256a42109f43a1b;0xa080cd95;0x5298a91bL;0.500000;1503179221;1503179222
1;512;8048;0x029e41313abe6c8bbefd5f215a74ef8757d2c41e971c6ca4faf86b556d33cb6f;0x176e6d9f8dd26add6299fc275915e4e17a1028901b5fbc3a4469ec1f1314a945;0xd00c0f96;0x1b5fbc3aL;0.500000;1503179222;1503179223
1;512;8048;0x3c4e7b9908bf5cc1300f691decaf4d7d3bf58be0c284a5aab1f4a000817630bd;0xf57485b19b87b6557c20533994c04d41e97cd784fada82e5c324d8e6942859a5;0x1e5e32d3;0xfada82e5L;0.500000;1503179223;1503179225
1;512;8048;0x72ed9c873504d5c60c09db1989e729da0c31d5863f9693c70e355554c6113538;0x5e7a30f907cb21cd436af9cb60d43b94f9e1a30161089689bd3cba07eaa8131c;0x295816ff;0x61089689L;0.500000;1503179225;1503179226
1;512;8048;0x06e17c9ba7c5ff1df1f291bd99740e90a0ef6f59e0cc98c038b2b515f172baf7;0x9ba693728d1643757ada351800c0b2d288fe69596823be5efecf3073b1188b9e;0xa3ec3e5c;0x6823be5eL;0.500000;1503179226;1503179227
