0;512;8048;0xdf8c80ac155c7f2f782c762760172dfc9aaa3eecd0364d61a764d4d4a8f6ef87;0xbf7ca208359cc4743839d9dc34fa43f0e6a52b6a32636b20db2f380052ca7a5c;0x64d3da8f;0x7f8e9202L;0.500000;1503155466;1503155468
1;512;8048;0x5cb47cee85d2e12151b70c49365d882dd5fb0323878b62e340818e50ebb77047;0xc11dd2f02a34c05de97617ddf58b6d2551e8cd47fc1ab13248f9c47744f9a1c9;0x21689017;0xfc1ab132L;0.500000;1503155468;1503155469
0;512;8048;0xdee2f08f0afbb0ceed8750ce0d182e9789fc8fd03db12c2d97cf10a120632efe;0xeac27e06edd797867bd096263900bb771747aa6024028d25bc3c69dcffc5e8d9;0x5e15a884;0xffffff48L;0.500000;1503155469;1503155470
1;512;8048;0xd0263dd710ccba839f789b2995da0b393a6e0a901cebff23880f56f268d0a638;0xde4b2b2db0ab65fbd707c785d138e28521f2022267c891967a571b6155d0e404;0x49e31437;0x67c89196L;0.500000;1503155471;1503155472
0;512;8048;0x884c45bc8a3958812e5a9b66ad36bcd7c1eed0acf552dad0c6b72016ebcb0b74;0xfc1a81a345a70df004315fcb52dc29d4997152c3d6709e7f4e6a1a20cc3bba2c;0xd3ff8ed4;0xd6749e7fL;0.500000;1503155472;1503155473
0;512;8048;0xcfa6dfd263bcb32d0faa95351b63f8d21c8e63914254b014e967ee9141918f10;0xff89bd9ad38a9818f10ab9bae5c7f39634a1d67133a38f408959cc527b48d8b7;0xd1ebc28a;0x42b16001L;0.500000;1503155473;1503155475
0;512;8048;0x7d2e726b9b57821653bb1c36a6f07ec54d7bbec4eccf44a81b45ad285240eccf;0xbd1b184677e5eb5602706e029095a53f3d05f855fba3b1c9d75b0f9cf2cd2efb;0x0d62b41c;0xffffdfffL;0.500000;1503155475;1503155476
1;512;8048;0xcf1e7902eae2d043a3b016de40ebb642a42383407d410537653921ad93d02c62;0x2ceaa02aa4b5427d11dc7112bb69c9313f38a11ace7d5aa1e13bcfa992d18bf3;0x7b8292bb;0xce7d5aa1L;0.500000;1503155476;1503155478
1;512;8048;0xc5ad134b577ae534b77f10443a9bc33ffffe0e45a71fcb5880fc99f936dcd8fc;0x4fd80f255d17ebd31937a778a7ddd6956a17fd9f58a282cdcde3f81f8149cfb7;0x57725298;0x58a282cdL;0.500000;1503155478;1503155479
1;512;8048;0x85861bdd9811fc5a3bcdfd6e82df8b5d9fbf06633a97c24dcf0d429b313a00b6;0x8fa9afebf47a1e986a3f5baa5aa33aa4f90930dda3209bf3bdd59f551d9d5a2f;0xeebf94b1;0xa3209bf3L;0.500000;1503155480;1503155481
0;512;8048;0xe6c6e464d35b46a78d744311e971ff7c29545f41c2be642e1f120cdb8cfd0572;0x0b1317fa2503b3a9fec9efbeb9fa1a6e3eaef1173deb26493e30e8a6b356de4b;0x5c011c09;0x1410648L;0.500000;1503155481;1503155482
0;512;8048;0xcc9546178bb1c00ae431fa8a7cceaf58572cb0f9b039c7b3417493df143fd9e0;0x097da8975147df6223dcd455c671508ca0a52182f7cf99387e8242603a1b5e8c;0xe37312f6;0xffffffffL;0.500000;1503155482;1503155484
0;512;8048;0x9ff9f442e1c15a6f6f6c42255c1a13042d488c45a015d730e1b5e6d5dd07b77c;0x03a6067daa1c677a328ae1d7a0992e94dea420c95fb400c6555076d7ee4b4c8d;0xfd1af3e3;0xffffffffL;0.500000;1503155484;1503155485
1;512;8048;0xe3f478eedfd40679ba540f0af0f5dc2ac2bf2c27f9d63300e32d11ef879daa6a;0xbca01b4ea4fb7fd0f78225f1d676d2633852bbc023238caf1842a80a0c9405f7;0xc0dc5ebd;0x23238cafL;0.500000;1503155485;1503155486
1;512;8048;0x1881065dcdf37ebbcb8e25cba57d973d0632a0a594e5c8a9f9a8429166854a7e;0x5b9d657149bc73d0293790e2974a9c87203cf077e23bba6bcc05caea61f5bee0;0x5cd67932;0xe23bba6bL;0.500000;1503155487;1503155488
1;512;8048;0x0ae767eac2ade88500c4d8371d67e74e97a9f7c6793d89a782b1e5ceade9a5b7;0x65a695d6f8c182219c2af3cac545416467820ce6529cbb4c52d4e36caeb875b4;0x086c1bd9;0x529cbb4cL;0.500000;1503155488;1503155489
1;512;8048;0xab13b8ddb133f4de0ba70bc11928440af22b031518b3ddb50ed53526c01aa76b;0x31c0ef05872acafe776cc7c13a75fe4b9f196e694eac937b9e1b7d29213b0810;0x59c7fd6c;0x4eac937bL;0.500000;1503155489;1503155491
1;512;8048;0x001735793ed70f8996f1f7646a803854d74782747af4b52bf8ddeaa918d47419;0x0adaea53cc231bb5556000679edeab9e330e47a82636831c002d8f5a655650a6;0x9cf19867;0x2636831cL;0.500000;1503155491;1503155492
0;512;8048;0xc3bac75a5a5d78574566da3e0af8f7a2bb01e75e3de5f275914ca251240c29e7;0xcd8f8aae9b6acde227839b7464bc87e2553b9d085cf328808f0eca9998241e77;0xd67665cd;0x1120a2dL;0.500000;1503155492;1503155493
1;512;8048;0xc65e2bd10811276408e2de143864cf5f7ab1302d11cf7c0eca1bd8568449d74a;0x1a42819772f0dd159e5b6a1f3bcd9dd04fff5b2736b9e87d8c622f08d949e905;0xa90915ea;0x36b9e87dL;0.500000;1503155493;1503155495
