1;512;8048;0xdf4bb1d0b0d3f94ef0c6d4f82daed2aa58eaf3379019fd7f665a5a9cadef808c;0x5fb2a0da48c2b0af93d2d73ac80b44e0147cdb6c2b5bf84c5a204df5ff889fc2;0x702a7733;0x2b5bf84cL;0.500000;1503156648;1503156649
1;512;8048;0x69a888dec81b768714a0ce68cfe4dd49b69555878935d097658d7a01dcdcc845;0x3e0a81b91b692dacd83b0e5934d08bf5d8c1650ce7c1ea3d6c32c509d1e22606;0xebaad17f;0xe7c1ea3dL;0.500000;1503156650;1503156651
0;512;8048;0x48a898871ee28f29a5af7a2a4349013b145502b5a975948d926b0ae671759eba;0xe1a93a5aaa282015b8b5d125b9fd90c20b6e63b9ab9c9876260512341db2a915;0xb386f1a8;0xffffffffL;0.500000;1503156651;1503156652
1;512;8048;0x9dffdbc3e6ecc47da2352f2518e50d3ff85b3f2fef06e276b593269e68355105;0x05d3bba06b2af590fe68b3af3113775fd7fc19837db8bf1c3354572f17a75ab8;0x9113b78a;0x7db8bf1cL;0.500000;1503156652;1503156654
1;512;8048;0xe3abb2b37ed3cd466a20aec6e910ba70e2bf0dc80478fa99be51bc5ae39f1ac6;0x3f54e2141bfdabd77d63a353efcfba109dfd607716c4fc4dfaaee81598062a99;0x7f8bb459;0x16c4fc4dL;0.500000;1503156654;1503156655
1;512;8048;0x83733cf50e9e039094adcfd42c1ac2bb6e6a320fc89599380605ff88776cc7fb;0x2e67cfc4af72ceb0cac5cad4810d670ac127c135959e549fbfa649d441cb7c46;0xa63815cf;0x959e549fL;0.500000;1503156655;1503156657
1;512;8048;0x06ba138d4b96509c9bc2f75986107910535b017f8da40ca70e62f44d1ee53c24;0x106f03d042d7f3efdc7bf73a3784526449c2f93c4accb96aff44706e728c4c7f;0xebade320;0x4accb96aL;0.500000;1503156657;1503156658
1;512;8048;0x083a8aff51b7182fd674b3e833801632fd040a303d65840d3ed9c67f5619a25f;0xf8223dbf274eec58d5ae933e79511b6b5c8198b51d46f143d7013e20ddc9417a;0x4269f412;0x1d46f143L;0.500000;1503156658;1503156660
1;512;8048;0x032d4af9dec9dbf0f344b646beac34d2fecc7563480f884ef2aae6d7bc65a5bf;0xaff4ed367183c47d55c56c292da968812f6429c25d2195f68a6405df38d8c2e3;0x8b6f958f;0x5d2195f6L;0.500000;1503156660;1503156661
1;512;8048;0x8b4d23e16884693ddb0da922520678e37873c2afdde807f34f298431929a171d;0xa4afe4f2614474021f7fcc46c7cbe09402d17a67ae14cd7aeba57111f19dcde4;0xd7b27335;0xae14cd7aL;0.500000;1503156661;1503156662
1;512;8048;0x90fcd0936b130b7343583b596910c5a2b757fd5fad75c88a75c8b56d9b4fcf2b;0xd333ea53bfa677a018a2cc1e6d8542338db58fe4ac56e354749e6d62b6641466;0xa96dba0c;0xac56e354L;0.500000;1503156663;1503156664
1;512;8048;0x30fd6511e491b0ad7712b2557871d29f9226d1ce169a2d7dca34f00a5736e687;0x46e65c5ddc4b8fa4825a9c54278025c3fa0dd4be17af563f66a664ba8b724930;0x4f89169b;0x17af563fL;0.500000;1503156664;1503156665
1;512;8048;0xe0e7477b0be286884590abc3450abf5c3f05deb21afd22d4f22250de3b7f721b;0x24cc3b43d1c88d7424452d765aafef8ae9e3f781fbe456ce162c1ba466c0df37;0xaf98e0c7;0xfbe456ceL;0.500000;1503156666;1503156667
1;512;8048;0x307e96234507b6593cffe9f2602066863efad5179ac0e7e2c9256b596bb4a09b;0xddfe269dc63dc337235a025dc18530dc5adab3520a6e3915cce5bb9602db371a;0x224e38fc;0xa6e3915L;0.500000;1503156667;1503156669
1;512;8048;0xa121eb523fd2a6ab3ac315b4e9f98dadd9d3f2d60182305f761cc5f6686e8509;0x6555f32d3434b0ac50682e863dab6033e43352f6d4a4b443f87106e810aab81b;0xcc7a2c50;0xd4a4b443L;0.500000;1503156669;1503156670
1;512;8048;0x876ecf5fe15139dac45bffd3cdeeb2bd346b7d0ffce739f2a9523129487c72cf;0x9e0ccaf79e064db895f445d4823c3cc27f447df340b4a6483801e4d6044c5328;0x588827cb;0x40b4a648L;0.500000;1503156670;1503156672
1;512;8048;0xf6533c83bb0e033a12a11df830966d69b6a3485b81bf9f7da1fda9c3caf965c0;0x6ae7d8c9ac6a8c72466f5b8954685a73fa30d666b5e8ca6d2639e46810e3f285;0x56f4bac7;0xb5e8ca6dL;0.500000;1503156672;1503156673
1;512;8048;0xd618c55616ef81d07b7f4c5cb69b3f1be7bf42261a4820db1f05a0c403c979d9;0xd18d03a64f632416d0f3339242e855c3be2e79a051725d3bc37c2d44daf204df;0x10c23e51;0x51725d3bL;0.500000;1503156673;1503156675
1;512;8048;0x854138a27def6381a374b3efad2b8616221de82305a5826fb55447d9fc417281;0x4ea472b7a876a84c35e7b699735bd1e04be1b1f471dad0e87920ed37a4f8f80b;0x78c2055a;0x71dad0e8L;0.500000;1503156675;1503156676
1;512;8048;0x95ba92bc25248b6ffc28903f4fc9dfa6aa38d9253d2dc91c0d9e7aeca014cf35;0xe2a7f3a8bd98b9de820cfa69c7c91b2b015199cb97f49a27b1ea1261c94d0f3b;0x7b7b62ca;0x97f49a27L;0.500000;1503156676;1503156677
