1;512;8048;0xe84d07119975436d6654fa99420a2ee00a3125919b34a9f82edea86107a6ebef;0x584d3fedd6752c5048ae212c605aedca2d8867019f0e0306c2f0580667a0d2d4;0x9a432d78;0x9f0e0306L;0.500000;1503128283;1503128284
1;512;8048;0x97424d77c7e82dc18ebd15d7ee57fe1cb6a8c434b6701c4956ca3068c5d1805c;0x0a5f4f612e5c78ee9c1297ea4b1cb9d15222feac82e02f57728d52bf51d98f7b;0x2cce86b6;0x82e02f57L;0.500000;1503128284;1503128286
1;512;8048;0xfe335dd67f1d1468b7d55d9f5f7a6dc977c8c61090720681878204ad02dce300;0x0afbaedeab3e55e5344c9acaebedf07c5be29a0c0f55bb9c8ab88e247fd83dd3;0xcf64fbad;0xf55bb9cL;0.500000;1503128286;1503128287
1;512;8048;0x354040478b36f9c0f068ecf5d9d9e6035030a202bcfd91141c8afd885d4d0892;0x3c208734add9d3995c42a9cde44f10ffe44b8be599f06b1f3ef398ada310d5b6;0x4f737607;0x99f06b1fL;0.500000;1503128287;1503128289
1;512;8048;0x6a908f040b4ad127b15649acdd5d1d7f0b2db5f5ccc4c1a79247f2b74441b9ae;0xc75aca300e1fd0d5e250365064e0fb420cce79dc46495227a573d1973bfa23aa;0x508c7177;0x46495227L;0.500000;1503128289;1503128290
1;512;8048;0xcfa70b53bf70ba3ef92e1aaaa444f5c03fdaa11b8bf027f726b4e3fb120014e1;0x842cfeb5319ab0f1508e61ed704a314f38238211332ba532b9e227dcc3c8e8ea;0xcf3d4142;0x332ba532L;0.500000;1503128290;1503128292
0;512;8048;0x7da060be22a7ab5d824037f1330c2ad080b26001e9dcc56f5b6f3aaabcfe1039;0x96955102b88c575cf2cd157a6362c093400c3abaa6e38f202be2eb306ddf217c;0x94a18881;0x48208089L;0.500000;1503128292;1503128293
1;512;8048;0x961a59b914131663e38538b0d6fb42fbafb655c288570a64d9c1ba4c5adabaf1;0x048da4f66be6811ced37930418209e19e0804080b4c7ac8f2134152e03dd5d77;0x3bd9f437;0xb4c7ac8fL;0.500000;1503128293;1503128295
0;512;8048;0xffbe37743ad50e24da7d8e7d8872def15bf75a467280f71d7d280e54a2f464a1;0x4727ff6417234e0b66ae3e7016be941e02e39b50dbdf8cf3f709391ff2d1fe89;0x88ee509f;0xffdfffffL;0.500000;1503128295;1503128296
1;512;8048;0x893267468e1fada4e7723e9adc97c0fcefb0f37c061dfd2e7fda04b05b1985e5;0xab7aca00a985c991f0624b626fa482e13a9a7a0029917f755977f9bfeccd5b25;0xa71dc136;0x29917f75L;0.500000;1503128296;1503128298
1;512;8048;0xdc4e3467ab3c6450953d839e09ff424779990988b0c28dfae65d960694ede970;0x13a16c4f072affe2a4d23b15baad70d874279dbb29618521c6189801e1acdc68;0x0fe15860;0x29618521L;0.500000;1503128298;1503128299
1;512;8048;0xbc247a83529a68ada1c51413d9b791c2690e9579722488fc6cae9715f6ba4db2;0xef91e1021cf084073fa0580ec0a2a779a50fc0b028889e5fa667efb8c5c2d31e;0x7e167876;0x28889e5fL;0.500000;1503128299;1503128300
1;512;8048;0x38ab812b296acc40316ef76831b1408cdb8c384e5813352080849643d61dfd0e;0xe601eef67514fac48718c10a056089df0f914c31a913beef5ae9d93527f6f352;0x4eb46fad;0xa913beefL;0.500000;1503128300;1503128302
1;512;8048;0xb676c4062e59964a308f2d652c7bbef9c30503123cea958eb719609bc1336677;0xa8cc5190279e11cb50672bc64d1d9478d0ab776d76c875e3a00824b5193b2473;0xdb90d857;0x76c875e3L;0.500000;1503128302;1503128303
1;512;8048;0x95464be0f44e35efabe33c55fc36647fa0600457d47959e7ba25803ca37ab738;0xb76abdeed671280eb5d18d134eefe1db7068e6815dc941cade6bb5b2fb0b3945;0xfd7da8cd;0x5dc941caL;0.500000;1503128303;1503128304
1;512;8048;0x4fff1124bfba55356515cdc732050e43a76acf78d18dedb0c444570d69d5dcb8;0x1870fabafa2aa9ec2662063d823b6e16bf8624f894691451ff7dd89001777ba5;0xd7771b95;0x94691451L;0.500000;1503128305;1503128306
1;512;8048;0x28d79b3d64fe216bcb068a932b591d9bea4144160f9cce6ad7ac7ec1c871a9f0;0x86c35bdfb8169d6e780866af64e4778f2b45abb676528b6c96a1f77273f90a50;0x7a21be5a;0x76528b6cL;0.500000;1503128306;1503128308
1;512;8048;0x92d3da4460eb20f752611d55c9a940a332f099b4513e928cfc6c4570aa59183c;0x1a829dc32c0d6d67ebd6e5c3e2163060abc4897a21f39dd7143f8100360430fd;0xd648c1c8;0x21f39dd7L;0.500000;1503128308;1503128309
0;512;8048;0x93d4740fae875ed97723c7bc14cee2f5702560234eb6962a168de1497a63a20d;0xd70310b8cda0315f9c934c7e9c7f3483c5e0524257f90011241a5f048156da6d;0xdd41332a;0x680cc11L;0.500000;1503128309;1503128311
0;512;8048;0x1fbaf2c4ac3321e232ca371ebb091a856b2440404ca70e1c26867ea2a82c0fc7;0xeee754121eaebf50c3ecddb34e6a231f21d1429fcad6420e515a2262087745b1;0x639e0869;0xffffffffL;0.500000;1503128311;1503128312
