1;512;8048;0x9bcb9bf4c675617a61cd769c35d1feae0c1ccee2db3214b28ee049a3b5452f51;0xee8494ef023f730fcc00b679cb766265b2384a2d63ad1f54f13dee4449150eca;0xde289d9e;0x63ad1f54L;0.500000;1503127007;1503127008
0;512;8048;0xdd86d3be43bed2214dfca72b0099d91677915ae4de6ba5629845e1f3bdd7b49a;0x5bf3c79d5c61fd954da9cdb900d925b314f7ff32b755593f49f8854568d27a2f;0x5ea8db47;0xffffffffL;0.500000;1503127009;1503127010
1;512;8048;0x61f123b52d551d9ee89f9ab0d0140589f44d2db03edbee210593b4a5a63ec007;0x4b4a5e0962454031e2651e542566e93fb65976452e48d1991c88b812dd89903a;0x41b12411;0x2e48d199L;0.500000;1503127010;1503127011
1;512;8048;0x0b13db50ebbf9c8dcf39f8a556334bd5f39fdb75ece3d592c34046ab232cc32e;0x147bdeeaeecc031533f29a79485f59a162fff08fd5b09bbf9a92bf72dd0f669e;0x4bea1dc2;0xd5b09bbfL;0.500000;1503127012;1503127013
1;512;8048;0xd6a5d55950140f26b4ef7902afada9c28f8dc3df4210df4acd292bda4e104f24;0x8b0f2a6adf42e6fbb540682d156db11810f281a28f21658f57c92787c35c3955;0x125095d2;0x8f21658fL;0.500000;1503127013;1503127015
1;512;8048;0x311bf606fab37483d1d1b186eaae2b1e129b6b5f28bd2e2573f220786c6aac9e;0x98d54728c6b7841ffa9fa5d31b576b99867ea19251761f786b241cbb831654eb;0x76309dcd;0x51761f78L;0.500000;1503127015;1503127016
1;512;8048;0x91a92ceae9276c930aa345efed5fa212302da57ceb62c643fbf76528e7188578;0x2868d9cc123608f35fc24e9b3bdc1295f949d014f1680fdaadf3d1617a5d7f3a;0xa873b449;0xf1680fdaL;0.500000;1503127016;1503127018
1;512;8048;0x5424f7664350a1a2cd3f85cc84e8262a6a4a16f2fd6f568c81ca04f2909dd4e4;0x29122b2ea43002e30d66b7768f86d28c40035685ff042a85b4be55f0db9fc9ed;0xd6e94d0a;0xff042a85L;0.500000;1503127018;1503127019
1;512;8048;0xb32add6444e7fc75e0d11978e05dccea95d9f95294184fb1d94b157b5ba6b30f;0xeb3c3cbbabf5ed1965f98c181f6f9ea7dce9ff1c79710fe7ad9d68421a32f089;0xba49e414;0x79710fe7L;0.500000;1503127019;1503127020
0;512;8048;0x5163157da1e5b495b3cc7e3b5e44b21ceb3f45acba1b67a175c628f0b6d8b407;0x6904bc7ac152a5e7389fb22c1f4d0d9c89756359d579f4cdb7be8f7cfb87dc81;0xadb3506b;0xd579f4ddL;0.500000;1503127021;1503127022
1;512;8048;0x47ef8b8b4158a8600edcc01ac67ab909958629d7ec5f49cc2dbcffab4dda2e95;0xe7d1e42c842b50c55a084de144590f23ed7be9d9e3486b8fa1af35a67f8d57f9;0x8560b16c;0xe3486b8fL;0.500000;1503127022;1503127024
1;512;8048;0x7ff60cb429e570c282a13ba12ba5f1ba3e3e037ffa5befa9fd4ad130107be590;0x731c058d3243fee36b6f60a3ac43457e4b9282d379ce80e630ffa6235b1ffe79;0xf5a024f1;0x79ce80e6L;0.500000;1503127024;1503127025
0;512;8048;0xb8cb0edea6acf459ab16d6d1a4064388271b3a1b2b3c8c6568bc838d11ff4cc9;0xffed738524a93912cf10fd9b60d8d411e8b8f7766a722b180bdc893643de12ae;0x5ae0bd0d;0x2d350a09L;0.500000;1503127025;1503127027
1;512;8048;0x30c016b774dab6886dace93fec39aadf4cd0c0a3ded55357a4d48caa4466d474;0xd5a42543c226c55d83d8cc6046b884b2decb09eda535b9a4e7c143c08507eef0;0x5bd76dd5;0xa535b9a4L;0.500000;1503127027;1503127028
0;512;8048;0x3fd2a5f604d199f88d2a4d0ec7d71953ff856759131fa2708d3db57ad5111615;0x3ab038a6c57d020e68df21c0729994ac091db80e9f08709cbdaedd2fb2dd08a0;0x6a4affb8;0x9f08729cL;0.500000;1503127028;1503127030
0;512;8048;0xae41f25312a88c580121bb567855e795145053ce73518ec95081045a48ce63f6;0xe09feb1992de589adf7eea17e3edfa8ccb942390790ee7b5296555c56cf74c65;0x140dde41;0x790ea7b5L;0.500000;1503127030;1503127031
1;512;8048;0x814dc14534586eb0cc2d168f10a461df0a0b5fcaa05b804e0ea244c1a0f20421;0x335e4965dae8c8900f4145f0415f2f2b9fe03f2d5de60d73b4d6b87986649bb2;0xaab942ef;0x5de60d73L;0.500000;1503127031;1503127033
0;512;8048;0xd234f0eee81a635aeb553c895f513dde195abf21aa6d30d4424bc6914e3e9921;0xc1e40582768bf28d745693865a17cc818a6f4c6a806cfe0a043fdb3eb5b27576;0x8d9849c9;0xffffffffL;0.500000;1503127033;1503127034
1;512;8048;0x1d0a76d6f1f5481c1b3b55cbe9fe3ce90f2f913a4022ba0e4fe3022f2f4ee04c;0x0c21c99fbceee5f4c0b663e25079258d38d4c120201b468db0a3e42d7ffa3f2a;0x313cac4f;0x201b468dL;0.500000;1503127034;1503127036
1;512;8048;0x9530773a9dadea82572e567b175f00cf222ba977393b6202709ccde10e5280a4;0xc206d3e4f36916a37e22491803e97d97b733533354fe47b90954aabe437859b1;0xd37d2803;0x54fe47b9L;0.500000;1503127036;1503127037
