0;512;8048;0x0a7ff37fb007c3349573db5e62813f92511b8ba5fc50a15c6cdd08a52aa10034;0x143d3d054128f5db902883a179f5e6accaa39954cb5fa3154a44fe24cdb56059;0x0306e798;0x10090a55L;0.500000;1503187547;1503187549
0;512;8048;0x4e277b5a23e45a0f12ae05d3c85afb2780243b8088073fad3f3c8ff4aa1f6af8;0xdbd2d400d773ff068a1c8ff41fb0509bc4ed900f4adcfd78b0098828fab4b46e;0xf62ea83e;0xcadcfd78L;0.500000;1503187549;1503187550
1;512;8048;0xb768b04442310e9fcc817a51108739e9269d6033e37140da48ede9d8336055eb;0x3c4a523b3af88744921728d60c90d63dbf20a172a2077faf6c33a83e9c6c789b;0x3605b12f;0xa2077fafL;0.500000;1503187550;1503187551
1;512;8048;0x13d7bf162c3fca6d93a58934fde26cbc36cfdc33ad82dcdcc77b331fcf7054e3;0x5a79a335cd6358788ff2c9ad585891a90b425a5daf9645624610024edde56d0a;0x0e232c8b;0xaf964562L;0.500000;1503187552;1503187553
0;512;8048;0xaa014c3108c4a69fa0f1cd582aff20cd07ed760edc52023067f6800351e3c5fc;0x9e72cc91c47000c8bfe19b1c24b43f433fbdaf80385a381e9ea8096867a75823;0x90787137;0xfffbffffL;0.500000;1503187553;1503187554
1;512;8048;0x4d62c76a0d936806fe8f0966c188537df50ca69f4e8bc539300d3bafd00dfb1d;0x22c275071befc493ea8f3c912a64240e7aaf6eab5ea6065d88507ea37dd19627;0xca8499b2;0x5ea6065dL;0.500000;1503187554;1503187556
1;512;8048;0x3bcae275b28a71adeb7c19daae5a6ed5d0101724c0fafe652fecff3518c4cb53;0x4a2fd2c97d8d3e71ec5719121fc4d7c1d8c2dd48b0ed59a88604130757fe2284;0x1c63646d;0xb0ed59a8L;0.500000;1503187556;1503187557
1;512;8048;0x28e06cd782b78fc8dd154a0cdb679b0b559d419b2052eef18bcaf78ec8760af1;0xcbe51ea8192bc520d4a42d6c874ffd356b5fba56c6afe9c1985401023245cc84;0x039ce387;0xc6afe9c1L;0.500000;1503187557;1503187558
1;512;8048;0x0575c7abceeb407b9324eb23dfbaf5e59e172e4c82b9cb0a7899f8f687fa448c;0x7cefc0866d7bfb2db45194fa7057ecf8b8834f43099ace446b92d16e37348a2b;0x6c8454b7;0x99ace44L;0.500000;1503187559;1503187560
1;512;8048;0xebbe66a9087275d95b6ed830884143f8ba16d2c5b11e3262480ec957dc0015c7;0xe13fd1b43f5100c2c6b3acff6cff2809683be663c1641c734624da93cea09565;0xb38dbb41;0xc1641c73L;0.500000;1503187560;1503187561
1;512;8048;0x1f5d67d1e16340b6ff05166ee25e4c7a97b6244da9c9ac88b1a4d3e3cac06ae9;0xe27fadc2024595f1008b9ed751c91ee8a43a800d55caff682ed5c817e71a37e9;0x62d89b1d;0x55caff68L;0.500000;1503187561;1503187563
1;512;8048;0xd2ef70d15a668c58dd17359bd08bc3b380e41c908d1a553580c5b32e2d774aff;0x5961525eeafb4e79b97cdafdb54c01db08055e30e922036dfe194ba1cefd6d73;0x142dae83;0xe922036dL;0.500000;1503187563;1503187564
1;512;8048;0xbf5f80af55029dc0fc2465a35c439f4821c9d7344c62bbbf4e2162baed53a7ad;0xaef15c121373c7a48f354994049656ceb7f792f81270a97252dac757d6293c4a;0xb12c8e3b;0x1270a972L;0.500000;1503187564;1503187565
0;512;8048;0x4153f0e73ae213f755157297de291461c41c14506f45d7a92ea28216a1b9afe2;0x632b8caa6e73e465255c8740d4afea8e09cdb9e417844b946629beef79a10008;0x6e4a3c83;0x7fffffffL;0.500000;1503187566;1503187567
1;512;8048;0xed77da050dcb86f820ed3bff2147284668b67356ccb9116019a59141767ad663;0xf8e98a2a1726cc6e7bcc1b8bffba7b9937141b945f81a4fd7671c8de59963c90;0x9bd9a5fc;0x5f81a4fdL;0.500000;1503187567;1503187569
1;512;8048;0x054f8e4ccecce33fb87b55f8a9d69ddc528f88e1f172a3a52255aac8049f4909;0x61245515fb855c6f8525657c5535f10ff43037669368daf4c8e3b09397d1026f;0xe254ba9d;0x9368daf4L;0.500000;1503187569;1503187570
1;512;8048;0x87416a30a403be576ae542b52e7ff2606f3d64f40e376803444933aefd95c884;0x2b7cc743e2ebd8344d73a335ae8f4e238b50622b55ef9457460bf0523c7ecaf1;0x07c1c91d;0x55ef9457L;0.500000;1503187570;1503187571
1;512;8048;0xc2be8df27d1c15651c223f8247515d84c93480630863c2aebcd82d72f33091b5;0xed1b0e9d83d3fcf83e4290062014621bf14ec75f25fc5bfd7e93f87defd02eea;0x9590973c;0x25fc5bfdL;0.500000;1503187572;1503187573
1;512;8048;0x56f4766bf190d4d180651934c1e17e2306cf1165c22234d21cc1e8aaaed50d04;0x4b5ead20c93eb64fda70a650f5130e7d79538caa4914632fac61263abb3933e5;0x605fb736;0x4914632fL;0.500000;1503187573;1503187574
0;512;8048;0x7bbe1cc250bafee65f678fdbef59f9e7d44e17526672c5484b19f9115edc1ada;0xeb56af614065d7362f173e1f27fee5126a9e8a9f4affdb54ab38a09cc1639e71;0x30aede6b;0xeaffdb54L;0.500000;1503187574;1503187576
