0;512;8048;0x44b238d6bec1e08a4daa2d576c3556e3cf47412a61ffd4030ca9ddda8107bcc6;0xe5a72ec1127765e0bbcbb7cbca589ca44ff69db641eaa49229f7e2cbd8fb7ac2;0x122290b7;0xffffffffL;0.500000;1503206545;1503206546
1;512;8048;0x548c3db79ea9decd8858fba2aad6d0b71801f90259bd983dfd8e447422aaa176;0xa6393530fb6a0db7426413daa723cb6baf81ec5206bcd1f6701f332cc1fb8c70;0x5b426e61;0x6bcd1f6L;0.500000;1503206546;1503206548
1;512;8048;0xf4ef18c02c381db1e8a1406f1cf3bd997a656abe4feb37c215dfdef7b756d3ab;0xb0596f1b64d19db850d0ee658224d2168e930de48b2339d386a75823ca296890;0xfe085dfc;0x8b2339d3L;0.500000;1503206548;1503206549
1;512;8048;0x4301bb120eaf0888ad17de0e8655e3b554d449c729f3dd43e5b880d78a193ecd;0x6aa386d977ee43b8d92c304f463722eceaefa7536c4d2fb86ee4dede2d6f340c;0xae4c2ddc;0x6c4d2fb8L;0.500000;1503206549;1503206550
0;512;8048;0x204650c6429ba496b01f990536e4e1ca530557049721ffb93b13d6c31b38b83c;0xaf7be8a4bfe648ba51e581d3a0c004d973082d42213ab1284840e98682fa9c65;0x14628e0a;0xfff3fffdL;0.500000;1503206551;1503206552
1;512;8048;0xb09b93cb64752a21cdee6aecaff28dd266694708f5bd63daebd2dc619668de46;0x88c6fe6cd7f51527b90b8a30aff06a486f850929dc339bdac51d583e3420449b;0x84db3d83;0xdc339bdaL;0.500000;1503206552;1503206553
1;512;8048;0x7e58c353a0c861517d86f1ea05269a35d7f5cc42900e90852722729cf41d5073;0xe75935d749a96e8b20f2ae27504d87511e8c382b37268b474d536f2d46742936;0xcf5b9cbd;0x37268b47L;0.500000;1503206553;1503206555
0;512;8048;0x692fd4aa635b2d88ef4aa2fdc2cf98f95c7faeb1b859500e4e39948bb1e04d1a;0x1c6dee4a06d4a2cc85e31abf1c85f20e0a06f897d64ed408274584afb41a23c9;0x6ba13841;0xffffffffL;0.500000;1503206555;1503206556
1;512;8048;0xb7ef4b9c51dbf5cc16d75d04570ec02562021e5976b598daa8dc0908b992ea70;0x334c565bf4b132b8b4dd1780695cc4af1041f63815a1727b1565f2fe2a837ca3;0x89eb3327;0x15a1727bL;0.500000;1503206556;1503206558
1;512;8048;0x5732defc498bd1f191b8adb05f92f1ac5967920f8feefe8a613ac896670bffbe;0x5b0909c0df7d2924bc6cf7d1380ca522e6297b5960b01f07e755e6b047f6902e;0x040f2b98;0x60b01f07L;0.500000;1503206558;1503206559
1;512;8048;0x194221b0203db6e6377e271d81d3a186dc2311daef3ef0682fb665b9bb43dbd4;0xb38a795417e3b462a32cfdad4a630bb66f38ad1fb8e60c28ea40aa613da27936;0x6a94414c;0xb8e60c28L;0.500000;1503206559;1503206561
1;512;8048;0x345cd0f9131d446c3ab721cf940d81f7197500bc0f382b5c87f5b85c5257eb86;0xe820998a90126c6f5ac98d7cdd7a905c8c1cf7e248b91bbb39e5789c61a489bb;0x5641d618;0x48b91bbbL;0.500000;1503206561;1503206562
1;512;8048;0xfb441657e8b7e03121ae64836a7d56185909bf354102d3c41cdd980ca1e8099d;0x73dc0f9f8213bdd008df0413cd2eb4a91e8ce435be10370de83fc86df54e7ea5;0x4ab7d30d;0xbe10370dL;0.500000;1503206562;1503206564
1;512;8048;0x45ddb3ed9a5e1b96b895cc8dbe481ff07f42fa87fcecdb082fbe34ed5fc5e4a4;0x4e0aa09418206ffdba3c8713f1554a94179b12f7e98d3d14f49decd395dbc422;0x0929d470;0xe98d3d14L;0.500000;1503206564;1503206565
1;512;8048;0x08b1f929fb71e7c5a05a7708d732af6509d5a5a9a70dc56d66c2707c21d2072a;0x27ef43f91a7904d3ca8aa034fa9783348cec97b06c293855ece715feed43dbf1;0xde631371;0x6c293855L;0.500000;1503206565;1503206567
1;512;8048;0x14eba97796c0f43d345269f88fc1075b8e31a854e51b7f86239bddc8362db84a;0xcf9c52268b08dee486b990fd1964b97c05f3014269a4671f56e501e532f0bc8f;0xa2f6c135;0x69a4671fL;0.500000;1503206567;1503206568
1;512;8048;0x5fe71997ea79494f89bae329f6dc8559c8f466408a105a095e254650aa0cc90a;0x991023bf43eddddb5918a8508694c6fbe0764b7ef06a557ed442dd10f929f158;0xdf8f5f02;0xf06a557eL;0.500000;1503206568;1503206569
1;512;8048;0x828580201208a627799addcd6c90c1b3b8f9dc2622ec7f5bf676b6e07d89e7ff;0x06b8421ab577266f3a94b0a904add196ffdb30b4c5da6b6934e3761b5785423e;0x8902a5dc;0xc5da6b69L;0.500000;1503206570;1503206571
1;512;8048;0x2549b294af7c6ce3f8b0d2345a78966fd226031b4b4bbf47f3b7e0e29b54d6c0;0xf92fe2c78493fee0774f6fc3a1327e24e1221b69c1ee4526156726c73f02ca9f;0xb2a938bb;0xc1ee4526L;0.500000;1503206571;1503206572
0;512;8048;0x4f440c56e27a5afe287353d551207ec9a59f2d48e4bc565d01c630d1f6901245;0xec1aaa3f720e7b957c0bca1cc61983bf7b828da61a12daa6c574d1700c9a0db6;0xda02bf9e;0xffffffffL;0.500000;1503206572;1503206574
