1;512;8048;0xdda6dc5195ba2e7bd92a097756fbd71e0f301ed8399b7de77f6fbf5049af8927;0x8e445f87e5fdd620811bdaf3fcaf8a3d6007d6f3f063c1fee2de6a7545a02a6d;0x7b0da90c;0xf063c1feL;0.500000;1503100317;1503100318
1;512;8048;0x71757f22bc89c2bdc402a737aec1a9384784c8ee535d94462f68fc1d97434108;0xc558a61e2a216cd40f08187f1a5a96fea1993cc2476816ac3d15b30b7e294e5d;0x3c0c4c02;0x476816acL;0.500000;1503100318;1503100320
1;512;8048;0x1a87941a02b48e252bb687e9ee4a42ba7f83e92fd77657730a3862a9c78f92e1;0x316b8cf6c8a98e16af2daeebc23f57f03be55de36b079cedb0804c2001466ba4;0xb0fbd05e;0x6b079cedL;0.500000;1503100320;1503100321
1;512;8048;0xfd64e1c622a768a0992fc6a7e732ffd59c6be10f8dc34d940b506235d165c1ce;0x058140fd451a5a36d7d77a5e13d56837417f2afdb44f14da363e264a49984c7b;0xd7aa2edb;0xb44f14daL;0.500000;1503100321;1503100323
1;512;8048;0x1bb166df55c1eedc81345741de8628c2c5c30e7dcf6c584aa035e1f0ba17c2d5;0x57772a56988d93e0b4cc0b4a0780fb6c39362adb139c0266a608805aa269150a;0x28a65ad6;0x139c0266L;0.500000;1503100323;1503100324
1;512;8048;0x91eb238c403099471063b5fb0abd58af430d91c2db2ccace3e1ba0c5101148a1;0x4c9563b35e9fca4c9e9ec5e927cbbca5912c7f1eb4d49b666656c0e4e0828ef2;0x290c75ab;0xb4d49b66L;0.500000;1503100324;1503100326
0;512;8048;0xe3abdc7b8ca07734efe19655d8c1eb448053b15b476d55ae9b4fc415522e0a35;0x2701188b45aab89a6151191e88f193055b1c0cb4df016df361260569a6cf86af;0x2e5d0dde;0xdf976df3L;0.500000;1503100326;1503100327
1;512;8048;0x6218fa7cdc11a02666289931bd07422526f999b7c08601fec5f0e84935ad5597;0x4bf7f03109e5a03698dc3fee5a7893f1e7d1a3ce8cefbde066bcd7ec40f6267d;0xb300a7bd;0x8cefbde0L;0.500000;1503100327;1503100329
1;512;8048;0x41f9eebdaf79c2ab5814f5c790f6a6915ba5829159106a6e673a1b2e640558a5;0x6fa41ae7aa7d8fb6b88622e0995477e3e678edcf1c294b37eba539a37e632535;0x88ae794d;0x1c294b37L;0.500000;1503100329;1503100330
1;512;8048;0xac0260a74b22ec8b92cf6a98a202f776947e0c65a6051661bfda26979223d33e;0xf9ab6072866ed47b8ed87300f030a3bb7c55b44bb640a3792a756292030779ec;0x0a378636;0xb640a379L;0.500000;1503100330;1503100331
0;512;8048;0xa8f1d8b85ebfb2332af5414b033f65937c36198fe01e0996bebd8ba3d9878981;0x705634f8a95ee3761433c0e3c9682de6e91e09bacfd24cbfff2674b082863194;0xf8406479;0xcfda4cbfL;0.500000;1503100332;1503100333
1;512;8048;0x1781da8719e392aa32cb1b44d00c019dac946dee52c3fdd435c9226bbf92d8d6;0x429bc164709ba10544b880b2ec971f3bc3b9199030c07e07912d9b2e76d44b45;0x777d702f;0x30c07e07L;0.500000;1503100333;1503100334
1;512;8048;0x4433c4e1f223e802fcab62120d6d3bcba20265595b221dfa46ffc18e2ca86d70;0xc4c2f6cce07888057ee92bacdb7cbe7df15d7268d0a87b3831ba0d3fb759b78d;0x0af0d083;0xd0a87b38L;0.500000;1503100334;1503100336
1;512;8048;0x4f5bb108942919fd49e5db089042e6e746dff9346f70f1813d8562d435a1de85;0x05555e910a654bc3f9c650603a8f568cc5cdc2ff260120ffe1d08aa3914106cc;0x3deb30b4;0x260120ffL;0.500000;1503100336;1503100338
1;512;8048;0x8d5d3b090393e8e9472b0e821b566953c7097f72ecb30d27a9316405781ad605;0xf6eaec768b3b38701dee468d8cd4a8d00229d5ea2fc8da4a1033774a0d7bf6fe;0x63c3304c;0x2fc8da4aL;0.500000;1503100338;1503100339
1;512;8048;0xee290afbb8b83c27bbffc0307176367dcc19ac413302e8a8aea82df7716fe35f;0x4ebf6345d2af570e7d55c54a8af1581bb0cdd9bee6e6d36cffb9f7fa7d6d9291;0x5be6ab1a;0xe6e6d36cL;0.500000;1503100339;1503100340
1;512;8048;0x02e03d80239fd2c30854425ce7e2ce1511a1dd74741767acfb20a9e27c17e17f;0x800308c2ccd28a444028a62b7464c25c5762dcee428960040fa42767bfbb8cd8;0xe2c32f78;0x42896004L;0.500000;1503100341;1503100342
1;512;8048;0x2d8a52a99c602c73fdda3f4544642d299f90c8ae49b2bf5975947edea32373d0;0xaff12a3f0c16fd484ad14614e496b1a10a492ae65c2d37ff0b75cbe62142ba6f;0x4d87ec78;0x5c2d37ffL;0.500000;1503100342;1503100343
0;512;8048;0xa37d38981342e133f12ff0cfaae4ca634a71c91eb1c7974f733e216e5f7b6002;0xfe3fb150cd469b2a04954bf857a5f0615fed4c5a4f193d24ef86e0ab7581c54f;0xbbaa073f;0xffffffffL;0.500000;1503100343;1503100345
1;512;8048;0x05b3d9a21c1902221deb046314c35e7be602ec48de9fd5eae3683838e742c1ec;0x5c85c7e664647127392c9d31e71788ab5d7f32a35f6cce5f7f06605e3cc95c3b;0x6546d0b4;0x5f6cce5fL;0.500000;1503100345;1503100346
