0;512;8048;0x580a3699acff88ff9eeab39c0e3100de70eed15d53ba30bf5d400c53c14d1d19;0xba9b892ca3047a230af777ab905e09a41eb77ef537869b20ea7a39bccbd69a47;0x569556a2;0x24010804L;0.500000;1503129561;1503129562
1;512;8048;0x25c2d50ac28a9b6e231f951a5db86de5c177e9132ff8ed320bd378086764d68c;0xf5fb1b1ea9acaf4ee03eaf3d7d77b9475b466fa439ac5ddc02482072fc942a9a;0x1efc4b66;0x39ac5ddcL;0.500000;1503129562;1503129564
1;512;8048;0x668a6f199ec3a0e13d18d07c8c65e32ce84521de05be0d95258260f5e2eb6e49;0x5c66c104d937157bbad6df910732e2ec98bc304c6af37cbc43658bbff95fcda3;0xedc57a05;0x6af37cbcL;0.500000;1503129564;1503129565
1;512;8048;0xd28a73253c027a1d59b26acfb61ee3dbee3b865538eb5a36e566e256c0aacd92;0x48605c51c026472430f74b6cd76851131d939c874cab05fc6e7706e489a25a2c;0x806f5037;0x4cab05fcL;0.500000;1503129565;1503129567
1;512;8048;0xcfeb34f7371d7fe20a9987cd5495270ec4ddf60b812058ef5af253585ad11e29;0x2501dfda75f413c33b782faafe8d1f75d8ceaf2bef3aff38f35a765649a582ff;0xa49a6898;0xef3aff38L;0.500000;1503129567;1503129568
1;512;8048;0xfc07379e00081ce956be008ba5339cf93434077b2b4b13a3c38f124ee0ec59dc;0x31928e05a6db5ecef62898db4b21a8395a7f01e35793af6412f37d2e2a7a8980;0x4e1a78ce;0x5793af64L;0.500000;1503129568;1503129570
1;512;8048;0x06ffc6df05db62fcc019a8f8e584346fb0a9998e7a5350026847ee2eea6309f0;0x295656a0e0fc776755aaaf8e182e51afac66b5e35071c94f80b1a8e620f586f7;0x661027ad;0x5071c94fL;0.500000;1503129570;1503129571
0;512;8048;0xcf5f0e62c93c77c705d4001f3fa04aa28219d452df387cd44f23f88c6abcd23a;0x3244dfd7d66b9106a23074dab60c27dcb5196d9f76c0ec3a07a512961e6b3c5e;0xd92df351;0xffffffffL;0.500000;1503129571;1503129573
1;512;8048;0x64148940f34622aed2fce77d5171e9ccbb64780b46a075e21ae18dfc04772269;0x1caf0ac17fc335a6fc21deeb1be53e9b308f6df922a89107537d08bb1ad82bcf;0xddad2d2c;0x22a89107L;0.500000;1503129573;1503129574
0;512;8048;0x97a71edf0a64bed0c9bbdeec92db651bf7f8f5ee39c83a4178982a966b435702;0x1dad6e29aedfb44534cbcedf831e622a2dfee47c2bc70feeaa458afaa7e84e23;0x167a0704;0x2bc70eeeL;0.500000;1503129574;1503129576
1;512;8048;0xe6d9205709e74c357b34c0d4a2e02388e17cb60d512354e1d7220e755549593b;0x9fbeebceb2ba2e74c906d2fe33c862bf5a8e3c21c6642fcad426733e8677c185;0xd585d9d5;0xc6642fcaL;0.500000;1503129576;1503129577
1;512;8048;0x64ee1360eef620de36fb1b4854c6590584f96ebc9c3ad91fe61a301f879571eb;0x3a825d8b75f68e55ab3ebbebf6489c86438d2873de4f19851bc395f7328302fb;0xd54f4cbd;0xde4f1985L;0.500000;1503129577;1503129579
0;512;8048;0x4e047aa40cc09a46440b53905d5dca5404e1d01c8f6be91ca7dbde436da9d7bb;0x238aa1a205a1d585ecfdb32e0433bd1f753d47b2cfa0b2266fd268fd766af754;0xaa10dce7;0xcfa0b236L;0.500000;1503129579;1503129580
1;512;8048;0xc8e92f67b1d3488e15d5fcdb070035d04957fbd93f8032d6e8eaa9100d28cfd5;0x6e2644c0115f4d4b1cd3f44c69898a094720b0481c4c6e256ea55299694e864d;0x90aa5b6a;0x1c4c6e25L;0.500000;1503129580;1503129582
0;512;8048;0x1e3d1ceb6e012257266dd5c30234529fc8ffe2cca160935f553c95a853cb7a71;0x084cc35316c1f67f16c2796428aaed398a677a1fdaccd87f425150456694d262;0x81d9391b;0xffffffffL;0.500000;1503129582;1503129583
1;512;8048;0x308d5b4a540bd67ecc741de216ae9b50596b498368be085795fa3701b50fdee5;0x3ad71aa21670eb650db63cdd61ed376026d57d650bf1c6f2d56cad33bda59b6b;0x26aacd3e;0xbf1c6f2L;0.500000;1503129583;1503129585
1;512;8048;0x9a8e991650486dc95b0b468a9ec3b1d97a1d742db405490a5809a951189865b3;0x2c2e03fbab0646bd371297d7646cad24d0742c03e4f65a31f5d477b6533e5e59;0x30eac983;0xe4f65a31L;0.500000;1503129585;1503129586
0;512;8048;0x462a69501b46d7aa878aa378055a0e3bd87f0014d830401755f6d2762553ce6b;0x16282aeb1891d8924149c453267dc809ac0a14ba7ca7372ae144c04fa80138d2;0xd0c2311f;0xffffffffL;0.500000;1503129586;1503129588
1;512;8048;0x3068d3f64e0e8de285d471aad0a6c760a9f53be551ed3558fb3219c24bb9277b;0x804b1fdd591c6ad5285cc9f33ee8db9dd99c2c93febe7c0f0be5a90dca10b226;0xfaa399a8;0xfebe7c0fL;0.500000;1503129588;1503129589
1;512;8048;0x8e7dadc698d342e1ab9b5f066f46190d36fe30c3a523cec69ad079e5fb9bee89;0xa7137a874a59ec95583b446176a04d29d170f3cd4689c6b1ac8abb1f7caa5173;0x224556d7;0x4689c6b1L;0.500000;1503129589;1503129591
