1;512;8048;0x32622d36835ae4eca5b650b4ff1d27cd4683f4701290bb06791232c255556487;0xe5de1650ef3caaa687a19f937ea57f199e4a02751c83bfafcae24c44ad011a45;0x09f97388;0x1c83bfafL;0.500000;1503208957;1503208958
1;512;8048;0xb0a5cfc7d9c707d1ab9d4c553a210d74659154bceec9b57e503137cdf570b4a6;0x1a5a969e78b8f22f31fb359b64961138882251e01fbf1c43df550f5a64fb4bf9;0xb6161734;0x1fbf1c43L;0.500000;1503208959;1503208960
1;512;8048;0xff01763854531819a67e2b1a60db6c3db70f71cec328eac2118b778338841c37;0xd5856f7f3f187371f85d1140ada82423930c6083c1fa10e5f9db55e6c1398a1a;0x85ace15e;0xc1fa10e5L;0.500000;1503208960;1503208961
1;512;8048;0x46e634610d4436e99ede55da052de2915fab8319c199480e2c978b31c93ef50f;0x82abb3e443d36edbfecfcac79ee1cdc023d6f230d32165e621ad5b61fd32ba55;0xb0d88c55;0xd32165e6L;0.500000;1503208961;1503208963
0;512;8048;0x6795669adf82f8efebcfd6c8edd953aee71cb4a9b214558ad51cc6f7fc745663;0xb4f8c1dad6d5f9e490e1f40ce8e21b16a31d79e664aba10802f6ae7e1dbda778;0xaa186341;0x11051c29L;0.500000;1503208963;1503208964
1;512;8048;0xe83c9b90a974439b16c1556d9784e61e5b24d7b91346632b333aec587546ff5d;0xa4eee3baa507db77942cbde9c8b809498ada5df0faeaedf543ad82909260ab1d;0xb1ef751e;0xfaeaedf5L;0.500000;1503208964;1503208966
1;512;8048;0xc5a0531d2debc75e6fcddb1e6512dca1c3072a85585adb49cc9b49a3006581c5;0x513be4d49a044a5f2b2edfdbe73833cdcee6f43e10c294d5a0a4edc425e2bd19;0x98c7e2ee;0x10c294d5L;0.500000;1503208966;1503208967
1;512;8048;0x070c91127f1cba67cc12b1f11c6709196477280d7759187c934edce2881ba68f;0xfc4e57f2a857ff65e7a33c2dfa3c0f948b159ef904d4e3fc97c0d01818df459f;0x2410803c;0x4d4e3fcL;0.500000;1503208967;1503208968
1;512;8048;0x9d97c34147688c8f41669bd561a7af6decd7494d1755d0282656b8555ec71efb;0x41858966f5f184bfe40aa67a772ed31d2f951c0a4742b8e82d33eeb852faedea;0x001dbbfe;0x4742b8e8L;0.500000;1503208968;1503208970
1;512;8048;0xc4d114362cce407e205d712fb1b907e4b291024a85e43a2a32700a3d7f057043;0x35ea8f03d25e80efee451c227a0ca7d218cf23052419f438147ba35b173cbe5f;0x71523635;0x2419f438L;0.500000;1503208970;1503208971
1;512;8048;0x61f1abc5988122f7b83310df1ae1f1acf0d1c02d074a067b10eb94fa2a568d8b;0x483bd3abde8a4a8d03f421a8c18fb77e4e46726d1d215df9ccf89cab10a7b1f6;0xbb94a619;0x1d215df9L;0.500000;1503208971;1503208973
1;512;8048;0xdff026c45e694f25e0d05084d9297f7898e757b324b7844458be346762277a41;0xacfc819192fc6a24465b095a43df7dc1dfdc5e54b96380795fb80847f5f98011;0x49af5099;0xb9638079L;0.500000;1503208973;1503208974
1;512;8048;0x9f0c6259556f2aa7e0833f980d3c88149001590f185b1c86e3c3a67c536beff3;0xed89eed97660ecc1618214a3b16f463a79a988251bb0c167fbeb801d5e933086;0x828d6208;0x1bb0c167L;0.500000;1503208974;1503208975
1;512;8048;0x2b73249145bfd51179b85c6d2114c40fc8447b008ba144f549313284facce625;0x43868b438d2f6ee9cb4c056afe9ab45ca530bc971350ee22c14b75a7e7250d06;0xbf4958f7;0x1350ee22L;0.500000;1503208975;1503208977
1;512;8048;0x993ba6b645f7fefee8e73adb8da3ed9ffdfb7c578aa32837f46601d616aa51af;0xa6b5e9115cddaef079fc983f1ac80d5c43d638016a4d5d6d6b95d039f75c225b;0x92674cb2;0x6a4d5d6dL;0.500000;1503208977;1503208978
0;512;8048;0xd59b75a27f1e47ec872135a60ce153bb4c4b9e8cfa84fc8de09fc030e7b435bd;0x4295fb0bc47bfc6c3badee2e4275a1a17f385db7f3647e2347ce0bad284e78a2;0xd5fce427;0xffffffffL;0.500000;1503208978;1503208980
1;512;8048;0x6029bf7a074fb30e599827a60b2d53536172f08d4d5ec5c0c9b9632d6530dcc6;0xab39963a23aa65272d0a17962e0fb58390c5605318e7530508ea4c92e96cdcc0;0x6b677dbe;0x18e75305L;0.500000;1503208980;1503208981
0;512;8048;0x432e680bfd5090cdb0bc06ae31542625de20fee1dac0dd2a93228a4a7f0f89c3;0x8daf820a86bd1257bbbcf12164dd25e883fd45b5e89204a919e08e8238befd6c;0xb1f70c26;0xe89244a9L;0.500000;1503208982;1503208983
1;512;8048;0x30b4712fa0bcbd43d54148896c793576213fac2ae224613ca72767392b21a95b;0xa8f56ef866802c0567a842f423a1514ffc421a3e14297241f4a44cfd1f19e263;0x136c0811;0x14297241L;0.500000;1503208983;1503208984
1;512;8048;0x8e9dbf5670027c63ccb445f6eae07481a4cae8fd40175ac42a4578cc1b986aaa;0xf2696af0100394fcbfc74a51f2af366f4c878ae09819138a3655a881baa9d83c;0xd6842951;0x9819138aL;0.500000;1503208984;1503208986
