1;512;8048;0xe9369bdb54d31b563d09f3c0a5c488d0dcfe0035423907618b4a1bd1b665dca0;0xfecce8305edfdee9ebf5a6ca7c3e09ec37a717e70fdb2ec887f37b93dbde3ab5;0x59ef7443;0xfdb2ec8L;0.500000;1503202978;1503202979
0;512;8048;0x946ee3a85b08ea878386fa58e5227e329149aa854109308d6c80b860fe256f92;0xc6ae8dc213dc0f5bc6cc0540ca4f23b293b5e571b81565322c1a75358f93be77;0x40cb7d23;0xfffbffffL;0.500000;1503202979;1503202981
0;512;8048;0x189ade2f883e412f67b106fd1279e85ba98856ecafd70c5e635876032620293f;0xf184798ef71247da3a74cd85120a6e45e64cdcb74754c601ffb8e730da2327e8;0xebaddf9b;0x45af1951L;0.500000;1503202981;1503202982
1;512;8048;0x564a99195e0d50ec89717c01039e96ef1ce0c09d674dede0a3f9275dd329cb29;0xeeb9aa7214ee4452aefd8d7743536d26892ecd2fe72da89143ca809254180a3e;0xe741cb90;0xe72da891L;0.500000;1503202982;1503202984
1;512;8048;0xb0eed3f853dce77b14553f8712a2a8392eefacc7f32b1e19fcfca546617f1011;0x3a67a73f7b0446a8b32134907d847a1b12cf6996fac52ef7bc3b864a2d816ce0;0x3c3efa98;0xfac52ef7L;0.500000;1503202984;1503202985
1;512;8048;0x4287d269562d9f7f0fc62ebfcff2d21133f96da9ef11728173bfab5ae4b94326;0x3650b0da5f53b40d43ccbce5a680f98070310c3413a7383cf84e0f865f772753;0x8a393aca;0x13a7383cL;0.500000;1503202985;1503202986
1;512;8048;0x449eb1017d639347ca88f58ad95adbee3cd2a93a62f8885b08a9e614de3fd422;0xacb2c91dc8b12198bb7c1a84884f94501edacc552d9732e7b30ce9aae05ec099;0x843dad07;0x2d9732e7L;0.500000;1503202987;1503202988
1;512;8048;0xac58379708c8b6ac122044ddb6a058444c998830713481088ed72c6693778140;0x577cdad4f2c39a7f50ada3d4f6df71e0e943a683dd7734346013ec2ad6763872;0x605f3b4c;0xdd773434L;0.500000;1503202988;1503202989
1;512;8048;0xa362cf2aad5a93dceef6b70c70d037d876ff021624fc5595862be80e49d8dded;0x8b2f616a3d1433b1cbcef1863c185c2c403c337608c98b51aa15cc1eded4569f;0x7539a1fa;0x8c98b51L;0.500000;1503202989;1503202991
1;512;8048;0x52ddb8cf970aaeda0f41350d920366828618c469193944f946d353692a4d777d;0xc9517f971037ffa64cf54170db92ee4f98707959e8a68d93e74de599a5de0fc0;0x4d04300f;0xe8a68d93L;0.500000;1503202991;1503202992
1;512;8048;0x1a43fbe3ab580bddde54284071846de77a9a30a1e47e331df13b7cd930fee24a;0x002d515d3e6b81ad9448f8b2336b14f073dfc10d2d8f92a58bc3a5dbdac50a9f;0xc2606153;0x2d8f92a5L;0.500000;1503202992;1503202994
0;512;8048;0x0cb986fd829c038bbc8ab91ac4143dad562ff5a3215bb0a567aa47513f1a374b;0x099c427a0072ba26b416e20c99b43ab16460a9964391780874ea494f602b6522;0x4e49c284;0x49622401L;0.500000;1503202994;1503202995
1;512;8048;0x71c71c3c3649aa32083ba99bd728367bb2e3f4bbd5d87882f38fb6f5ff9a0770;0x191c5938420e38c9fceb29c73db5d400b6b2a703b7c3fef3456ec6b5000ed96a;0xf2678ccc;0xb7c3fef3L;0.500000;1503202995;1503202997
1;512;8048;0x7ba3f68b2f5c22356c860f9166e769eccb090b7fe866c6c156e01e3a75da61f1;0x674c939c3ae7e766527a192bbcdb6eef116683fd33f72af4277772788f271c75;0x41cf0758;0x33f72af4L;0.500000;1503202997;1503202998
0;512;8048;0xe5a1c9fbf03ba792cec00f521894120e785a8c654bb019f0d04bc91dbcea8fa1;0x0836e77666c62ae6d016056dfd2a23a731fb9b31371fc10aa25a6389ae1aa643;0x02ed00ea;0xaf140409L;0.500000;1503202998;1503203000
1;512;8048;0x1077e6a680cc0121ad94799ae6a92e9e1e3d80c7b2f0a5582aef1de82dfcf03e;0xfe9b89b1919b22107f0a2d67485af982f6d689c919a166ffa693b48d1ad272c1;0xe37f3b33;0x19a166ffL;0.500000;1503203000;1503203001
0;512;8048;0xb565c5a24d7fce3a4d0145476d2d224777eee6e88e79811150ee1129f6dcaeab;0x338470fc7a4c2880b325e2e4d8222b66f2cae51362af711038a55cfc65c541dc;0x9bc6e6a1;0xffffffffL;0.500000;1503203001;1503203002
0;512;8048;0xda6f19b1173dee8cb1ae47b9cec4a35e2a71548a20413e3e731ae15de19e2fbb;0xcce740c7bdc9d8e34612808f99dcd53563acb3f5f6ca2e411948b6f5ac867df1;0xe75411b2;0x8cf9b402L;0.500000;1503203003;1503203004
1;512;8048;0x3fbdb5ac454dee82cf813eca7a37b39eb62778628a0ee3cc6037b6fac98a7608;0x6025c0def22b7ee87650f3c7570add5749b5f7498ac2fbf80e917bc432c068a7;0x9abfd9d2;0x8ac2fbf8L;0.500000;1503203004;1503203005
1;512;8048;0x946f6d2f7763120dfd2566432dbef0f9f2269f4fcafd2a66b8da43ffa7ed143c;0x9e6b32047f30c16cdf7a244c9f45e6a40e31263aa1b37e978bd3067f153e6dc9;0x11a5e373;0xa1b37e97L;0.500000;1503203005;1503203007
