0;512;8048;0x1ac61f30c31780ed0b4e5883b08342d819e2f84df481aae01b78a6a69e3415b8;0x6840365968086f9fd8e96455233e82770086a561e8fa95c18a6b67d2ecc18c14;0x25a83e40;0xffffff24L;0.500000;1503243363;1503243364
1;512;8048;0x1b6f41416c6264d772d6c29dd6a5843c502b3c8ed37f16ea0b4e3c5fff19d31a;0x27120253517922b6f885b94acaec583897e7306f72ac4a03cbc8ad24b27f4c9d;0x8feb6124;0x72ac4a03L;0.500000;1503243365;1503243366
1;512;8048;0xbc36db2de10de4687ab8bfa64d19410394848560265efe921e3cae60e3d612a0;0x739409361747dd0b283c20ba6b5e4833777f2f02406ba789b76dd1c9aad06026;0x03cb19e9;0x406ba789L;0.500000;1503243366;1503243367
1;512;8048;0xe70b265d975ff4e542c908fa474556fd0e6a40bf108be7f2558278ce71394e58;0x9549f8fbc830bc37760863f218fa2b3a92e9f7b9632c1ba80a54f047ce3199f9;0x807a03a8;0x632c1ba8L;0.500000;1503243367;1503243369
1;512;8048;0xdf53a7dc3491d79c3f4a05651786d8a658b044d62db54762ce63b64e31651810;0x34ca93f537e6ff48a175b2f1e7a0af2dbf2a3ebad7020787f8cbf852a17f16ea;0x64811e26;0xd7020787L;0.500000;1503243369;1503243370
1;512;8048;0xb4d3a492e7ec20d5638a05827dfda9490fff2a4c0e2ed40a56edf826aaf0a35f;0x19281ada9321800332160af70ac31e82e26f00fb03eea98350c580eacfef4d4c;0xecdd8979;0x3eea983L;0.500000;1503243370;1503243371
1;512;8048;0x438903d97a19d1c57420fba8d322b1dbf6050d67d3e6778a67d4590ba261dbe5;0x4623f1533f5762ea9eea6bbba8d2de0443a6240576030f61ed1e6385c41623a4;0x3b6f89b2;0x76030f61L;0.500000;1503243372;1503243373
1;512;8048;0xcfd0d1f3338e6f972398ac9d5f2a38238bb37096856f6dba594610eca8053177;0xbc0708c76104ae178a11969fb9f005dc8f921d99e598e992e467003be36a94f9;0x27eb4535;0xe598e992L;0.500000;1503243373;1503243374
0;512;8048;0xe5543a898c7247327f62a39f254bd512f275ac64e0eafa199c66d668cdb2a7b2;0x70af65cfb5fe6e59d302ef2c7951abe796625b5e5d39c92e576e27de08719e61;0xc0cf25f4;0xffffffffL;0.500000;1503243374;1503243376
1;512;8048;0xc8083758aab9e0207a8f4d4e9192c397ea0d359f137280b50b85be5435bf88fe;0xe3deb162312cd5d2e74a0ca1863dca566831219c1cc161694587f3825ad8ff8c;0x05a82ec4;0x1cc16169L;0.500000;1503243376;1503243377
0;512;8048;0x637d2b9bd1597bbc283ce27d29c662b1cc962d3a3da7e740ffe4aad8dc3a5b40;0x56669b04c85333484b550ef34139396928ff4f8a9baaab8023d95f516a1c59b6;0x5e91cce2;0xa1050a85L;0.500000;1503243377;1503243378
1;512;8048;0xf8d2d8b089fb1b4671ffc99f69a19706b8ebd13a956eb187a4881c6b1d705415;0xe1c003f86865d332f9f4d436933d4ff7a37e0e4d57330437e1bbcb5c8e648986;0x54e12f5c;0x57330437L;0.500000;1503243379;1503243380
1;512;8048;0xb6b8ee975b2945e75cefba34c68311637e3520140a83d69726699f8ea58f815b;0x93de9628791227e7736d08a8daf1c7320358fb0bed5bcaa671b098e724be8bbc;0xba5213ac;0xed5bcaa6L;0.500000;1503243380;1503243381
0;512;8048;0x467ac1d70839d2f8a1480b04aa8b420b7f66649938d5bc1ea67c030674a987ba;0x668a121b577eb28eacc3fb695e21e0ee8800f432b9bce101f1f2172ff8ecc7e8;0x8174f517;0xba241209L;0.500000;1503243381;1503243383
1;512;8048;0x7da6c17ffef86958bb033af4bc64cae352c25809de7c9c5ef82b8acc52a7b5cf;0xb7c88c32d545b9d694cef00da32833b7c08c09c28237492697a1bb2f2f6f5a16;0x7e7e05a3;0x82374926L;0.500000;1503243383;1503243384
0;512;8048;0x4032d1074d08646539a473124ea8535db3485c254fe0d1b10d1c0cde18288658;0xb6cd452856c8a2f5f8e8625c7ffee2a833df0c579d2fe705e21fd5bbc0d21a87;0x0e1b4c15;0xb9d40a51L;0.500000;1503243384;1503243386
0;512;8048;0xd28f1dabaaa2ccdc3f15214fbf86e327e1a0046f8ff3d623ca9d21df938dc165;0xa0a21f065f79bb60502a5cd9b3d80e43109b92acdb580e262470a90df0e66a6d;0x0ff1f05a;0xffffffffL;0.500000;1503243386;1503243387
1;512;8048;0x57f70124b18cfeac2b9fd0f640d8359468adfd198b1002ad6173eb23c529751c;0x5da5fc68a671c62415a9d42d4b5cd079464b3a211e79bf83a004eda2226e9082;0xeff3b4c9;0x1e79bf83L;0.500000;1503243387;1503243389
0;512;8048;0x494bf5b95178c2e291d0a0a861a7b3d3fd4f8721a529c145de0125cea6506ef0;0xeb24dbfdc96a05c8ec9c0f1bbb75045abcaadefa9f6338f5654960a9cc8e11f5;0x4d45bdfc;0xffffefffL;0.500000;1503243389;1503243390
1;512;8048;0x3cc5e60e92f8c5518f20728774068b53008bc3362c3f87042d49bc053071416c;0x7127518d1dde907f4393889759a80c456e04a09d543ca6564e4bb7c33d4845f1;0x2867c980;0x543ca656L;0.500000;1503243390;1503243392
