0;512;8048;0x513c2e270d554242bcca6cb9629c0ed49d968badbbd94901fe0c87133a9d7a8b;0x843c1dcd39dc1b024f52ecfc5d9a20e2e96e50dcf65d048d474915db8ed092eb;0x96b8c30f;0xf65d248dL;0.500000;1503164927;1503164928
1;512;8048;0x7572643d8780ded627e9732bd6c4b3a9dde0b4bf28e6ed435c3373eba1f2f816;0xb6ebde402967569392e6cc510c49f304e959b7a50418998c01efaf70bd871138;0xd09379c0;0x418998cL;0.500000;1503164929;1503164930
1;512;8048;0xcd47aa1281ed11ca81c20cc54dce53621a03fb136eabadfbdc97cc78711a993e;0xab6df3e3bcc0454a4fd099b8964aee54169c34b5d654c092bebd52406324b8de;0x70c72525;0xd654c092L;0.500000;1503164930;1503164931
0;512;8048;0x6ada4544c3afe8e288866b01d82aa0beb3de3fe24b88835d5d22bfaac3d8322d;0xf795bff18629926945dfffe01bd1c60c595ce49983cf2484174c15ea23e4f12c;0xc5f76b48;0xffffffffL;0.500000;1503164931;1503164933
0;512;8048;0x7b030c2fa3aeb3f2d66fa2b194e09ed64d4e7a2be82ef0b31ab6b8753d889db8;0x019da3024092f0881646d539129ccab32b6d83df8deee7cb1ef1fe409fb41580;0xb1c4790d;0xffffffffL;0.500000;1503164933;1503164934
1;512;8048;0x135aa9245e442c2817efdcd596a7ea5b253d6d3464929a0a5df534dd8f0474a3;0x6fa61db950863f35b5ae91949440605a25a7953a25a57d308d5fb3b05e16e05d;0xeab6ff59;0x25a57d30L;0.500000;1503164934;1503164935
1;512;8048;0xb08edb3514c9c0f38ade45d3d4330f8463f68e49ad9fd44fdc48ea3b49f5bcf9;0x21db6652507b5a25d2d1202fa92dcc6ce6945ca271b5abe711457f582fd570e1;0x3a1d9efd;0x71b5abe7L;0.500000;1503164936;1503164937
1;512;8048;0x0af73b4f72b8d1b9c22d96508453ed6b0a0fcadc77d006ed14c278b980eef68b;0x831d14df7491a6313b6d267ae4246812b75eceea15278d452273f0328825605e;0xb8c431ff;0x15278d45L;0.500000;1503164937;1503164938
1;512;8048;0x2f5663266cfdf7fcd97aacb50e7101efea186dc5999300e51d4c804a5df1a48c;0x6d0e5da333d07e9bc92e0c01d49f9ea2bb24780f197ab077d77d3f7af6c91a44;0x43f47405;0x197ab077L;0.500000;1503164939;1503164940
1;512;8048;0xfedc0625e1b9177a38447b48708c1c67ce1354eddd9518b565eba03c9039ce8e;0x94c141b9adc29a1d492d9ebbaeadac69eb9b4e346f7a8023187c1937f843403e;0x8edf851d;0x6f7a8023L;0.500000;1503164940;1503164941
1;512;8048;0x70075557bedfb675c3543f98d21b5a721c28497c9f63a8572d6c6511516c70c2;0x4041c74b84adeb2d7b3214e8aa817dcce35cb25c3f54dbfd799c1f64d424ff98;0xe8cc05da;0x3f54dbfdL;0.500000;1503164941;1503164943
1;512;8048;0x02aa0ffa264d64f6498277204b747aa80615bab6acd47799e1ae4656e8027dea;0x6f945acccc865d07ea1c456dd8eaa2e715b97e8dec33f9b1f4c5377c17bcd576;0x7807935e;0xec33f9b1L;0.500000;1503164943;1503164944
1;512;8048;0x6260af6d6408869d6e633af68a0774dc6c3348a313a85deb2022d9b6d8908f3b;0x1fcf6d0a25cbaaa85bad09adf41adeb1dc8515855eb23ae757bb76e4ffb672fb;0x873e5b92;0x5eb23ae7L;0.500000;1503164944;1503164946
1;512;8048;0xca28041b278df9d71e4bd430d50264ad664f0b24a3dbb3d7f5b0dd2097db4561;0x61d5cb8ca4504595a235313c982f300ac002172416d41e9798d549d8849eca91;0x5691f383;0x16d41e97L;0.500000;1503164946;1503164947
0;512;8048;0x1120b8f9cd0e4916d9c59fac4a77ed533003d90f4162e5990530c27a18cded29;0x3b9da0f00e3189dee4c4c0a18582f8c72e0ee771e2ffa1b8ed15ef806e5feab2;0xc1f806d0;0xffffffffL;0.500000;1503164947;1503164948
0;512;8048;0x9f4aecd07e7dafd805f1ededc0b5a4ad7ac2647e97e31b7234caaae1119fc2b1;0x2811f6a00a67d8e469d74c4e08a6ab07889e2f45b67f84b6ffcb4706b720045d;0xa28e41b7;0xffffffffL;0.500000;1503164948;1503164950
1;512;8048;0xfdf35fe8c9963e06f444a9ceb1218152aaa8de6bf00fb0a36f6e136d9e4f319b;0x112d3f641bdb3e055859107dc3920881b028f367337694d53814ec1920f089a9;0x81fe6aa9;0x337694d5L;0.500000;1503164950;1503164951
1;512;8048;0xd39e5f8ba3ea4a8a6718e983aeb4110b7e359d4cbdf0531d0ea412bfc7d9439a;0x9b94d7129ff3a2372bef7850f24cddada1de7f666e51a951c8fac054067e85c4;0x4ae6500e;0x6e51a951L;0.500000;1503164951;1503164952
0;512;8048;0xf7ebc067e713decaaea1dccc366459646766a04e6d527859deefd34c4a4fdf41;0xf6939cbbaa8b6834adc743e9321f9f98f534034e00366bb5935678490945e66e;0x16526302;0x52366bb5L;0.500000;1503164953;1503164954
1;512;8048;0x9772bfb16328ea3318bd9d0fd7d05667e5a2c282150d4e9a491fa6ec612f51f8;0xd2bcc62bfdb9dde0700473ddff0c49f5f2e4460e287d6cdf9a1e14a45aa425be;0x4de374ed;0x287d6cdfL;0.500000;1503164954;1503164955
