1;512;8048;0xe1cf478023e185ddb50c05ed9d2e85b80e2c30cfe5c4a36c64f36b7183010264;0x0ee5f07053b22c1e0b40039b97904cc3dac1a0b064724c1aeff0beddbc87157d;0x1a216a4d;0x64724c1aL;0.500000;1503205393;1503205394
1;512;8048;0x83bab0874e593f328fa2e81c13fb88dd714afff2efce9a7b9dda747bfebb1e81;0x3d5b13a243f51905d075494267b55ea28a51de9f82b5b64fa7fd4a6f935f29b0;0x02de323b;0x82b5b64fL;0.500000;1503205394;1503205396
1;512;8048;0xdddf1fe8a66f6a3d09db691e7f7f12351c8d09f3f2481c19872af0c0dff937bc;0xa9a2817815d32a06ebf8207c7420f413e5441f748c9b408a81b62a6459897aff;0xbfcbcd23;0x8c9b408aL;0.500000;1503205396;1503205397
1;512;8048;0x3a21cf641003349a4c8585f948590cdc34effd11b36fe497a064762dc11bb3fb;0x687a2af131fc014b6e6688983d877f48ffdd284d41990ac10d6b9eda993c1c42;0xee5694a8;0x41990ac1L;0.500000;1503205397;1503205398
0;512;8048;0x4ea6c19b999269f13c14ada6da2cfcdc0b11683efbb9e8f90688cc66811a08cf;0xca7d27fbc33da7ed8e3175b57436702735912f60e7f601ab597b5848394cd743;0x8e189e85;0xffffffffL;0.500000;1503205399;1503205400
1;512;8048;0x099e14a48848e12ca9737cc0cb4e403b0d3233d4154409a16cf440bde5b5c9ee;0xf78b7c7f00f7c92778575d4e5e53cb2f60f24100e4cf3f0b89d5de89d25ce4ca;0x575e0b67;0xe4cf3f0bL;0.500000;1503205400;1503205401
1;512;8048;0xd586a20c3c65f205cc2783368d62d9915e19ef6ab8ea95f8694689ba2e0c5504;0x66199a4b564adc5227ed831683b3871ba99bcf5cb5b4d5eab22c6744df964cbe;0x2aaa53ae;0xb5b4d5eaL;0.500000;1503205401;1503205403
1;512;8048;0x1c5b5938a5777204e5138566c09a6b843ce744d2426f9ccacb92e990ff55b61c;0x2673b3359d990f5c66ab7fd988875a2ec3c72ed84c9ef6b09b5b3f24526f6f63;0x4917deee;0x4c9ef6b0L;0.500000;1503205403;1503205404
1;512;8048;0xd4a92bf12f58311c86071b8a652def95809c477053a37e8ee1b87f5445ccd819;0x227bfd42c0b07f5fca4815c5be057e1e89e24933635f9bc5cc10d068c6d9717f;0x68286709;0x635f9bc5L;0.500000;1503205404;1503205405
1;512;8048;0xa40489dd763d86b453ad4b44df7b04cd1c3b300d146abdfd85d02d7bcc7ffa70;0x8b674a9c6cffc133c31bc8f5bf0dcb2e73cdbcea96be61697051080e65526444;0x8cd7eec5;0x96be6169L;0.500000;1503205406;1503205407
1;512;8048;0x7ddcd698b4c1a23871e100bcbef1f4bd6bb4719473256bf726f6adc8a2b2d11f;0x60f5c78e7c679198bc60825766c6c37ac4028b0c202c34c8b614aa9114c5624a;0xdd30be9a;0x202c34c8L;0.500000;1503205407;1503205409
1;512;8048;0xa0daa71e59ec77d27dcd0bb5ec448be3808c78fe67401a6a5dbe77fcc8ded569;0x2f2c9554aa8af213ccc5c6aab85599745e4776926b4983ecad46b379865470c0;0x6ca9c05c;0x6b4983ecL;0.500000;1503205409;1503205410
0;512;8048;0x3fee335ae93161de632db8dd27005cc4140a220e242164e22fb46ff6409b8180;0x3ccc4b42a8aa82aa9b93e6fdc9fdb14363398f503e43f84737e5d947a0eac74a;0x5181f866;0xffffff28L;0.500000;1503205410;1503205412
1;512;8048;0xb507e76dca1cf335144f50078ce7e6fb4b618d171ee5e91bcba2fe568bbc0540;0xad1bacf6fdf016de51639b23996f23a675bacc8f5eedc03a8686834829a8d1e8;0xb43de09b;0x5eedc03aL;0.500000;1503205412;1503205413
1;512;8048;0xab758ca0925771b92a8a9c9cba311468132615b42976106198eb0c87118de1bd;0xbd62e5a073ee52edbb2269d102ccf50b9f8419a709cbfcf12823bb8c5c85e88a;0x313505f5;0x9cbfcf1L;0.500000;1503205413;1503205414
1;512;8048;0x51a9684665de2df36c0f45b732d1803a9eb67449115845ff2aa7b18812c5c763;0xa865f899e3369665583246d0cde9356d4e5a1d37f0a9bc6ac3a712e836dfc3ca;0x91f54adc;0xf0a9bc6aL;0.500000;1503205414;1503205416
1;512;8048;0xfa8bfe13304c24d1b10c261f64d17e2c6798646a855bf59b4c1a7e9fd03b57ca;0x2e2e14f7c91f579c555ab80caffebb464ca858dd47898d9a85817b930b580429;0x4e22ba29;0x47898d9aL;0.500000;1503205416;1503205417
0;512;8048;0xa1b3b0c8e84e56b4c0ba808c4e3640b76ab12af3134d6919b9c32af805f969a6;0x386d5cf72e90b70c905069900e25096e4c08d8cfc7472f83a5b95ba2a011cb7f;0xe902cc98;0xffffffffL;0.500000;1503205417;1503205419
1;512;8048;0x3f74e1d09e98e258b9d71a7d17eb01e4c66d55a94d8ed41cb5e126c2bd4757fc;0x44ccebc02841f254697902ad91a5bd08de7ce9e6144ae19819ab32994364222e;0x359114b4;0x144ae198L;0.500000;1503205419;1503205420
1;512;8048;0x1173bffab7ef3f941668e6198a5837980e2c0d0a66f94a1f4e7e70f761ca8772;0x86c275aeb148d59e20cc92647088b57e70e69bc6d09af5692cefe3d089b2986b;0x3b091ed7;0xd09af569L;0.500000;1503205420;1503205421
