1;512;8048;0x1164a6af6301bb366b3ce258d45ee62b3b9673c606d68dafa3f774c15932156b;0xd322dd7ffc9f01de7d74400e5c922810f5faf585fd95d49b96bfcbda6cf2c867;0x01266d4c;0xfd95d49bL;0.500000;1503086575;1503086576
1;512;8048;0xa703f46d4f1a6a5af86ee7f4b3ff8aa0b87c380cb5d8b2cbe3eb1162885d0a2f;0xa58b10f5287750f616d89ab91c9f13079e10c40d3b22cc5d82dee0f387096fe3;0xa40c0c41;0x3b22cc5dL;0.500000;1503086576;1503086577
1;512;8048;0x0ff18b8c80933beba35c823532e9b15594a54a1e6edd71612562dbb16dd3f67c;0x6d284052ed7ed620cc1b3243f94ba01bcbcb61b8e9a3c4c7282f54b9e9200c41;0x46d818e9;0xe9a3c4c7L;0.500000;1503086578;1503086579
1;512;8048;0x0c57956e6a2074e3ae693836aa296041025e36e84912a8935c8bde4d2d6fd539;0x6a034dc4adaa08874d168076f032ad729c4dbb0898524942e5b2cc3d39d1ab15;0xdc0d62f7;0x98524942L;0.500000;1503086580;1503086581
1;512;8048;0x66df318f9bd45b70e603b841e532ef630e607b4c3b3a25b0d279794f93c570f9;0xca7a352b45ce21fe8575d08a4328c687114f99e83c6b3a6a7bcba77312819c4c;0x0a62edfb;0x3c6b3a6aL;0.500000;1503086581;1503086583
1;512;8048;0x560e96bc71fad4826fe7a14f6ed21d4fa52ad67cc07641250de15c6f0f4de566;0x4bd06bcf809ec8a007b196a6931c164ad1412ff3fdf1cb3a4f787be8f7a71406;0xab53744a;0xfdf1cb3aL;0.500000;1503086583;1503086584
0;512;8048;0x75198cce4d9973e338806d19e5ad9ec6f8eeec2edc7d711724b9dc195e2e96d3;0xc2481ba10e4dd3ccaa2e5ea9349cdcb482a137a7fe6ef36e463a78493e807c41;0x81a62a80;0xfe6ed36eL;0.500000;1503086585;1503086586
1;512;8048;0xd6f31f549207e5053cf654ec0417e94e17266204ed6ca9ee134b49ea3a9cbd10;0x637608b37048722f957ac2383e5424fb9f2d994467c62f53bdf9e47fc43d4587;0xdabfd433;0x67c62f53L;0.500000;1503086586;1503086588
1;512;8048;0x629323c529eb04f8375714f171a43956057b68c974949bf0647568a67c8e21df;0x272d62e9f2319926d754910e57ab2da2d8e61081b5dfe632c4222431b6914aaa;0xf23262de;0xb5dfe632L;0.500000;1503086588;1503086589
1;512;8048;0x1623d8b7aad15961684e8f06c9473e747177ac77fffd6b00fe897f94af1d82c5;0x1055b78e036af9e921ae628d95add30e26f2cb4aa2cc99dc13e186b225cf3525;0xd4d5a31c;0xa2cc99dcL;0.500000;1503086589;1503086591
1;512;8048;0xfcbcffdbaa65eb996d17de7f53e837440e4accdf0f44b8d6c7988098cd3401c9;0x6735e316d3e6d1eeb9e83c67943c8ebe613037cae0339611f17ba9c8901deb13;0x0bf6bc94;0xe0339611L;0.500000;1503086591;1503086592
1;512;8048;0xe2aaf3142847b1b34b2263a4922e1219337c0113fa9871edf26c60e13f5bcf22;0x59b47490e110ee443d808a773637c8dc02c87d1f9a86916384bcadd04dafbb10;0xd2c473e5;0x9a869163L;0.500000;1503086593;1503086594
0;512;8048;0x03cdab680c140be51108c6243a540094159af09dd5272f7c2e1420b4a3a1a3a7;0x4d2129e02cec4f3bda018d8e4fdd3559bcfa88fc88d7763feedaad342d63debe;0xcae03ebe;0xecd7763fL;0.500000;1503086594;1503086596
1;512;8048;0xd9c72d247afc309806e4391d764502212325f2ce2e4f9a93185a9dc76cc6ad46;0x70cedb43c0d21e4874cc7c7c5e18594458fc8db1a1d241cf3d0f5b6907472b17;0x7cb2e383;0xa1d241cfL;0.500000;1503086596;1503086597
1;512;8048;0x2ae4cef3efc95c4296157c57f433f8dbcfc768c5dacdeb41e8dc9261d86b4f02;0xf26aad96adcaa0ae8a0c28400f9866f953791631f7d1f94759cab1f850be82b9;0xaf08f7ed;0xf7d1f947L;0.500000;1503086597;1503086599
1;512;8048;0x11b54f3b6e37d89f7c73a483021e152a2082ef2672f73ab400ecfcb3edb0e2fe;0x007f94d16ee28f1bc146a33a93d0e6b8c4ab1f5bd479210d8ad6f4ed65e45eb2;0x48d204f3;0xd479210dL;0.500000;1503086599;1503086601
1;512;8048;0x83ba29a8ffc3043ce8734911b2f3c9d189cd2fa333513d228bceceda9f86c122;0xafa951c4ccac67d882193bb58127f400bde11264db06e522c7344c6bb5d58777;0x025d0d6f;0xdb06e522L;0.500000;1503086601;1503086602
1;512;8048;0x230cfc3436fd495d06bfe53215802e14876ccc2eb26d8e794aa4e08bf315e416;0xe57e1ac718224714cdf37ffafb925a43c55dd091bf94d7872aa353485957751c;0x475e0c97;0xbf94d787L;0.500000;1503086602;1503086604
1;512;8048;0x2ab6312244a73e9360a2677fba87269815368e83faf17658114dc8a324409e4f;0x729826d7854ec6339e1e0a8bfe95ab6377b2844c2938cc7620f93399257d89ac;0xea938b93;0x2938cc76L;0.500000;1503086604;1503086606
1;512;8048;0xa9df32dd524ea177b2e55bf9e6564573a18cb5d1defd5b7060fb32fc77aa5d20;0xbef806d8c18190bb34c0f65a3014efa817021806fda2d2edc68915269b6e1b7f;0x4d164b63;0xfda2d2edL;0.500000;1503086606;1503086608
