1;512;8048;0xbaf1bc3d2f288622b52e3f456398a1585f08ccede10b15c3dd17010591068e4b;0x7f0ab05cb88e280a07b32160ef4fd312b5f9c455884e1d4cb93dea378c026cc1;0x775c3db2;0x884e1d4cL;0.500000;1503212523;1503212524
1;512;8048;0x0eb418cfa2f8c194b8cc4b6f29c0dfe32c4af23d8c27f5a3cce1bc0a3925fc47;0x4e046164416fd91a97c858ddd0626e371f590b107ce10cc2dc5f078d5130121b;0xfefc5542;0x7ce10cc2L;0.500000;1503212524;1503212526
1;512;8048;0x11ab5abe9fc7eb09144893897fbeb764a352be1f9bdb704ac997184540298851;0xf43afd93d8d614c8be4f73a51e9b4f97b1f12e0c5c01c6585167a84167758247;0x05ce34ed;0x5c01c658L;0.500000;1503212526;1503212527
1;512;8048;0x2102cd8399fd35b235885d73d3ccef7c9f4fbfdc9af18b5bff0d05fb6a9db68b;0x42c537729ea5a65f81501590676765722589785cf26c3d715985192f118328f2;0x8bc84cd9;0xf26c3d71L;0.500000;1503212528;1503212529
1;512;8048;0x39fe7dd94f4101a0159c26f05952bfdbf5ad98ec3993bbfb3cf418dae04bac19;0x4b289faecb6c79607eb452776c10bc906e771da97e804f5081b9f38b1ff892c5;0x7d267781;0x7e804f50L;0.500000;1503212529;1503212530
0;512;8048;0xeaf33825bbe54de3696405486f343d043e96ad5e94cdbc2b56ffa8a804c3a9ee;0xb44ee7a4c61da7619ed17b0be176f9dbe54c55c4e7a13da6171d44d6388f3d24;0x7f4dfd01;0xe7a53da6L;0.500000;1503212530;1503212532
0;512;8048;0x1da7985e52e3630c93d48efa6e449bcb039da287c602537fbe9e1cfd4507fa63;0x615527ee58c4017be8ad7910af640267b0a137ca6d61b3ff52b9c89cd995b10b;0x01695222;0xed61b3ffL;0.500000;1503212532;1503212533
1;512;8048;0x770d9e71d786649eab3adf4aae887251aa2dbaba91482fe2fa3faaaa757371ec;0xc75e4b71fc6a1f2f3cb78114e527347b4a5ec71ae1181f7eee0c0f72e66e3ac4;0xb21437b7;0xe1181f7eL;0.500000;1503212533;1503212535
1;512;8048;0x45e939c308de5881bdf9f23de95d375955f40e6382a400d64aad57824a08368f;0x7745eb0d3e7d5b60d4aa5efb2beeb2b73257c1b7efcb66cb941958bf2727d296;0xd1cd2920;0xefcb66cbL;0.500000;1503212535;1503212536
1;512;8048;0xd09dd0ee812c8a4c703abdb75eafe0cdfd1472acbacab74cdba0ecb461307a31;0x08a11d5c7c955af5b40cffbf3a9979dbd1586e54979125d81d25cebf2cc56baf;0x426da11e;0x979125d8L;0.500000;1503212536;1503212537
1;512;8048;0x5bbab246a056d9abd9b3cd21380faeba2860640239187ed5b513eedf59dca0b4;0x0c5bee7ab8da4875331133e03a1d884abd7989349f860b45b9e02458c777c59a;0xf028f5c9;0x9f860b45L;0.500000;1503212538;1503212539
1;512;8048;0x46b627bf7164f733f1acdb26958d8250d91687d50625f637b802327b5fce22a5;0x45c7635e238636827d6de0137476e9b024e0752505c44a8b17962b2a1250ee25;0xacbef710;0x5c44a8bL;0.500000;1503212539;1503212540
1;512;8048;0x97320552af004c660270582c933725c20e845f7f11107d4369e1b39f07a4889e;0x2e416f219ac236a59002e1fa1f19421c51981b2848110aa74234d30547264e56;0xd4270f5a;0x48110aa7L;0.500000;1503212540;1503212542
1;512;8048;0x3db7ecda44071dad2e19825d2f6f4887c288e69a06851efd53cb7fb33dc9037a;0x940a93a44060d0171018c741f610a7bfd86cca58617e4f0ed09f2fef44123ea0;0xe5bb70c3;0x617e4f0eL;0.500000;1503212542;1503212543
0;512;8048;0xd3a5ceeb77f74868856004d46f418bd2453830cba7a4e23380413a9e9646c969;0x9c3930b6db2e491645a433b4332455e1b47c02bdc63c2d48cb01e5b767a1d12c;0x18d0071e;0xb0801401L;0.500000;1503212543;1503212544
1;512;8048;0x7902d68a6dd03ef22873a9b06bbc27c058ba290f2a7c4dd11617f41e7342e0ec;0xfab88b5e556adb93815def14733c19b6d7fe418a9ef0fc4d70a783142b4cfd00;0x09eeb259;0x9ef0fc4dL;0.500000;1503212545;1503212546
1;512;8048;0xdd3b037e8bd2b62c7d2a17af888500f0a67ed8c8c619036f927f0f242052c8fd;0x41c9591bd64afea080ce6215637c741ef97a6991e6a66cffa2960b2202ac88b7;0xf0cb3119;0xe6a66cffL;0.500000;1503212546;1503212547
1;512;8048;0xa9e1263c424094d69fb23b9bdf0aeabc7af576b9f4107f42dbfc127eabcf0555;0x70e053cbd9047d639012af216a95f70e723945984371dca3a03e400ed7030523;0xaa28e748;0x4371dca3L;0.500000;1503212547;1503212549
1;512;8048;0x09497068f31adfecaf2ff3b437550f37c5dba1410dd3ce862dbd412f170dba20;0x544a2d2b2784cf8063b6692abb7df3b094a5e351918601d26000799401ebd102;0xb38bc669;0x918601d2L;0.500000;1503212549;1503212550
1;512;8048;0xb04d6956135b3cb0530953d537d057867baced21f64d4e2b059069a26463b314;0xda60b8babf228efde8e01ec8fc43705f424e80da3f4308a8c5a23bff25d0ae90;0x453e38c7;0x3f4308a8L;0.500000;1503212550;1503212551
