1;512;8048;0x650f076ee6045008e377131bba181ef2d66013103f77173226d43437fce60362;0x2c0dd8f051e6027483b7a22ffff4d9293659d1e5bf2921b8aee4a34a5bbdd092;0xe18c82ba;0xbf2921b8L;0.500000;1503213680;1503213681
1;512;8048;0x32e31075c46e3c4d8a6d0e66e6cfd3e0025f018339b838a25576398928e1ca5b;0x71ec717035c8bbed0f1687cef8356314d773690cc7d3d5bb00a91f6b469ca044;0xfc75cce9;0xc7d3d5bbL;0.500000;1503213681;1503213682
1;512;8048;0xec101dded6b62a0211b4a1fde09cf3d0c0f04f91a69fb694b6a187b6cb4881b7;0xf60d45a7fbe3232617002dc171198aef9a8fedd00f09a1bb0b2e7e08c9477f6b;0xd68ae8a2;0xf09a1bbL;0.500000;1503213682;1503213684
1;512;8048;0x5e0c264edb39ed18c605bd6fa08aeef032ee074b952a18411a779fe4cb6b5129;0x207b7be3ee4e7c44993b6f41e7c740420e8023288d4038319e8a3b4da6b9ff95;0x0a78ac21;0x8d403831L;0.500000;1503213684;1503213685
1;512;8048;0xa9cb6984b1d7db7b1ed786371cf8436c5e8e1a109a5b86889e52f6f1008736aa;0x8a41ffeb9a1a6030b93c0d151dca2be590c2694ad0aab793ccfa0dfa0b5e39c2;0x8cc843ac;0xd0aab793L;0.500000;1503213685;1503213687
1;512;8048;0x10576da12a72c4fb59c4540c59d1171bf4b7f5903afd775eeede838f158b1925;0xf9782f8530ac4a8ac9cf00b094e82e33b0893dc322397faee243de86230f0c20;0xba100f46;0x22397faeL;0.500000;1503213687;1503213688
0;512;8048;0x563b68cfe83f9581a7a6d2bd4d30f24ef864056fb60b9790980b16c90fbf8566;0x3438586be5017c0f365abb2bfcbb1f421a95523db099008a04d1d376eb796951;0x3c3533a2;0xe030048aL;0.500000;1503213688;1503213690
1;512;8048;0xf0267cefd84e70d4e9d393d67b3f3c4794c36d31888b9997653c097b6fc58a5f;0x6450172dbc170f7fa3093995f78ca50312a2c31ad8190a65368064a4189e7acf;0xe9922368;0xd8190a65L;0.500000;1503213690;1503213691
1;512;8048;0x614fbad0b375865ff2e759cdb54cf5ea1357790db40128f75a2250d2c2259324;0x22e2d42b59fe0a8f89951ef4053d37152ec233e3816f20c9d48998fa184805d2;0xbce4ff61;0x816f20c9L;0.500000;1503213691;1503213693
1;512;8048;0xac05f104b5fc420f9fb8c7a0ba34f9daabfcd96e9c61f40698f0ea2b6cbfb218;0xd82df9d347db918c0c88e3a7a3050072b9c3d0357b09dc3390c21ec8db13331a;0x88576f91;0x7b09dc33L;0.500000;1503213693;1503213694
1;512;8048;0x3773a72849f2610f27564fc9e9b310ac6ee5c08fab054396d92cca34d20b7909;0x671df81da2086fd59b60804bf5e8424aafa1a49d4c2cf0bdb9d97849d35d9788;0x6839fc6e;0x4c2cf0bdL;0.500000;1503213694;1503213696
1;512;8048;0x76179cef380f70ed9e233b3085bfbff83db7e3f62d782214b2989bc8fc8e2072;0xd1a163d8da3336f8b4b6c6af173a9cae901091106104a3d30a451ec505e42b5c;0xbaceb2e7;0x6104a3d3L;0.500000;1503213696;1503213697
1;512;8048;0x20b4cae3ba0d0bfdc066b54e7bc7c428008e23e2d5957bd7f5e759c03fe36360;0xeb2de8cefe201a988a1ef6a74b4c0ba9eac1235389a75d25d57ceba760b2a2ce;0x86429167;0x89a75d25L;0.500000;1503213697;1503213698
1;512;8048;0x4e58ac30d69e0e502cf7de82f10127d9d36664f69d832928ea2bf3eeae5441fc;0xf5d83e257dd3c3db959eec71bdb926a9b8fe6686b16aac1ffcde931cae4f32ed;0x9a4bbcad;0xb16aac1fL;0.500000;1503213699;1503213700
1;512;8048;0x5c7140642de05d8546380da62352a846afaea102e8a7c4b6d8cf63fb06fb3f62;0x0bfc400c6728420f8c3ea5d1e9bdc8a43e8ee92a8555992c7cea455ce8f3310b;0x3aab6d85;0x8555992cL;0.500000;1503213700;1503213701
1;512;8048;0xb067c153bb2baa94793faf0add226a5bed932b0166eb257a6dba59db12838cc2;0x06f6d3dcf78fd565ee83bba21e3ea68217e9e3dc3226c962d395581127b1b7e9;0x3b9d757a;0x3226c962L;0.500000;1503213701;1503213703
1;512;8048;0x42e0e42d0684b6d0d31d76718208426d04e4b4cb6861b4833c67890962e8c6a4;0xdc730d466a48cc90a188f9b10187913a4901506bfbfb4175150b336b1f8100ed;0xdffba4b5;0xfbfb4175L;0.500000;1503213703;1503213704
0;512;8048;0xf92b4a65ade1eaac285cce9376d551a3574eeb13e3efa87c7bd6fd6e68ec5061;0xd9901cc0ea9fce6e686044b79660598bb7aaed8eda82c741f53a8e6dd4d58c33;0x48711cdc;0x22420451L;0.500000;1503213704;1503213705
1;512;8048;0xff863a44198e86e07a273f3206cd8e5f180dbbbc40b0619b555e19688686e985;0x29a2020a8370273be979f111d586ad36915b81839f07b4d619efc16b795b96c7;0xe9850c07;0x9f07b4d6L;0.500000;1503213706;1503213707
1;512;8048;0xc3497cee52195385d27e3d85480d3fbb4a9e6317324c64e0189363ce214730e5;0x5febd876ce823680dd3e654c3480f2412eb3cfbdd5eed3c9155855bbb312b7cb;0x668082be;0xd5eed3c9L;0.500000;1503213707;1503213708
