1;512;8048;0x46ee3c1ee238a59739f75bf1a320b05fcb9f8ce3cfe4f592236dc06a3b71cf82;0xdfa234ade012f9575e37491c9d4daaea87f5c83657177e3d15009b75a7a9f4c9;0x2774b2b0;0x57177e3dL;0.500000;1503124479;1503124480
0;512;8048;0x71356e010609f893805cdd15e4de687a3f6956164ace873334456ee030fda3a1;0x979c33e570beb4b4891edea44da9f458225bb92fde7773583110c531aa1f5f2f;0xb4aeb5e1;0x12090892L;0.500000;1503124480;1503124482
1;512;8048;0x47d38b49e52b31f625ee544d4d1939587fc08508009bcff6366c6492d26e9c19;0x97ce9a36208df737b8e6c31098a8d8a4aa4740ed7498f658336b9a305c988c06;0x5907b934;0x7498f658L;0.500000;1503124482;1503124483
1;512;8048;0x9b1a8352a70a8befb654e2998d06d5ccbe19e2d0ff871cf62872e575f487b18f;0x790c4bb4e907c09fe26601f81b5f5c419bb1229b2304b0f4a7f62efcbd3a1942;0x0c977531;0x2304b0f4L;0.500000;1503124483;1503124485
1;512;8048;0x94085a86053dae7b929709a14e903ecf3780b1d1eeaba3d73d9cc7255eb238f3;0x94ff7262e2b293038c79aa0f21301c5d9e3f925a982ecae13dca8932200e55ad;0x5b692599;0x982ecae1L;0.500000;1503124485;1503124486
1;512;8048;0xbc4b2168e4ffed28af501c70a46f9269b19f2bcbb7772a6b32bda1bfcfc4788b;0x2ed0123819d906364dd0068f0d9372fd038b9b701481562216db9ac949888486;0x0ca7ade6;0x14815622L;0.500000;1503124486;1503124488
1;512;8048;0x430c0edfa3684367aaa2567317bda067455d5a4f3a33a77bd7c34f9e3c5f4b7f;0x629ff993549a6c7d41747a725dc52135e927aaa89b5615fede0973ff5c7cdc7f;0xa3824c41;0x9b5615feL;0.500000;1503124488;1503124489
1;512;8048;0x8c459277f0616d625e6b358a4eb03cc1727e658d309542e0c34b19ac347555c0;0x5cc2ebae82617d727d930250f3cbbafc184877e92bbf867bbdba29223f00f091;0xacbf0af1;0x2bbf867bL;0.500000;1503124489;1503124491
1;512;8048;0x347cef2a3bfc9998eb966b1c9781655acc6a802f334d26deab8f84b8ff052f33;0xaaa77c02a61bf65e45892ebd5b577cad3d6136597ecf57ec0c79cda404094093;0xa2365478;0x7ecf57ecL;0.500000;1503124491;1503124492
1;512;8048;0x73e747d8c3f0f7a5313fa9b9fd84830d1d57f0b09c8d365f179309b9d4b81c47;0x7a5bcad1448a46ec5b57c27f99dbde5eb6cab4ed0cefbc3f3f978e2c8c70043c;0x2b11775f;0xcefbc3fL;0.500000;1503124492;1503124493
1;512;8048;0x423467a6136d00eb867276228f432167e622ceb0d79dc6ce3b87d2c3115e9453;0x1c8732d2053bf2db918567eda04b34f4d2c7c17c5c6e7ea5e029d662f7f62b26;0x6a20aa78;0x5c6e7ea5L;0.500000;1503124494;1503124495
1;512;8048;0x888caaf821acb172bf44f625200a7c8381cd8b83920edc12a6566b4004f4578c;0x3f0b3c4ed2d9337156e39711872e2335c75584abb20a7db518b5e74701c68c9c;0x6f990d5a;0xb20a7db5L;0.500000;1503124495;1503124496
1;512;8048;0x92f7d27898c29cb8730c2087fbdc6b33d263e275dbc2097f0debffa1d0b5e662;0x8d1d521a1cc20aa614b8386340d6a1e7685b2ecd4f82ae1d385a9c3dda98278e;0x36c016cd;0x4f82ae1dL;0.500000;1503124496;1503124498
1;512;8048;0x3d9eefff0cb449ea13a1cbf9b44f7d8bf98e7ce31fdb4a2f970bb2e82bbed169;0x6600b9bcc77c4658a5ea33f391c87cf3d819d0c63b4da88dc61d79048bfb4a14;0xfbe62a45;0x3b4da88dL;0.500000;1503124498;1503124499
1;512;8048;0xf0ed79a0fb810c7daffcd005d6c9adcd2babdff8ed02e3b5882a16a8966fce86;0xc47918c6384fa8916ee359ae9f4d70d666767a3a64f7ee658c3f2055202dee2f;0xe51f9240;0x64f7ee65L;0.500000;1503124499;1503124500
1;512;8048;0x55fcb96ab4fe6f6b94a77178e6588bc614a49da3f89c34f8e1371fff7841a7cd;0xe8e19b15e42f429bf96f118bc810818e1027e4612c0f1f62368d12467d811279;0x022b045c;0x2c0f1f62L;0.500000;1503124501;1503124502
0;512;8048;0x192c99d90664f06990955d5ad296b26d815682c043473deac1fd19baed78a206;0xd729af80aeaccb8732fb571ef1df4f1b912229673f104df5bd6adb93342eca04;0xd7a3f4b9;0xffffffffL;0.500000;1503124502;1503124503
0;512;8048;0x5f5a3bc7c7d7b8b63b22a9401f692fe8444ec413d0cfe2ab1d5e6c80343a9994;0x90b75f28244107df28c3a78fc9e2ec4056e4ce038c6aeb20c2a818e29164423a;0x17ad9abc;0xe9180481L;0.500000;1503124503;1503124505
0;512;8048;0x31a681f5c60acd1010ad00082252ec68d3b1a3b61039fdb82b24d990d6075207;0x114624a8b8d459727490a833cb93ebbf6f99cfcded023188083813e7db3b7b49;0x8bda2f3c;0x1442001L;0.500000;1503124505;1503124506
1;512;8048;0xe661d2df26fc5e551d36207c423a05b31cb8f251b8b2f8b642df9f6ef94c63df;0x1185e83d2d534d381a6d7a37abf9e802530eb2ed6bdbe3bd14b23be84a3d40e4;0x444149dd;0x6bdbe3bdL;0.500000;1503124506;1503124508
