1;512;8048;0x7331d94a621cbb124d9d758cd67be1dbf29e63815d450dd0adfdaf95a8afa81b;0x50c7b39de75c4f8d6f59cf8d349e9cbc168cda1802b11c6999e31d6de261155f;0x1604515c;0x2b11c69L;0.500000;1503114291;1503114293
0;512;8048;0xcc32106d0b3fa69779109c3ac428e1de25c50c77a03f9f816a36b3e9d67683a2;0x0d0112cb0afd7262c81f5743f1eb4730d0cd00a30057fe88b3321ca124b0e9e0;0x886bb242;0x857fe88L;0.500000;1503114293;1503114294
0;512;8048;0x7c175c4dd163afbc3bc445dfe448bd0f5f5029bc942e566f3126cc946e54a2ea;0xce15c4179f9d95b146a33bc7f8e4288c0e45e43edc56de94f0dfc7c7109db60d;0xad116da5;0xdcd6de94L;0.500000;1503114295;1503114296
1;512;8048;0x8a82cef473e3d2717e461d3f749abd38892935274f7596986fca9dc731fa30bb;0x5e982875c615c8cfa8c4fe7f78c14e1a46eabe2e96b73b5559866c909e521077;0x0a0f1b2f;0x96b73b55L;0.500000;1503114296;1503114297
1;512;8048;0x704850df9d6fa8da2a80792b9e6017b428c3af3c4c11c3c4b5714d5ba0998111;0xad1ddd88dc31070bbd56f8625f4a957d9f9e33a08b508484ea90cb94ae184686;0x152799f9;0x8b508484L;0.500000;1503114298;1503114299
1;512;8048;0x7a59ee08dee42b075e2a7267601ee969f7343d418a7de9770d0456a1de818558;0xbeefbdf8f6ccd5a330b8f7b0c830e14dfa0ec275adc23ebfd8203de3d0f884f3;0x59db346e;0xadc23ebfL;0.500000;1503114299;1503114300
1;512;8048;0x8918d5e9bc22917ec42b82140c40b1cc1eb5f7f289335547de4f3973e565fe6e;0xa1bf1b431ccdcdee79422d583f5eee838e214462ce5551e7d118d89ad59737a1;0x0e06b0b1;0xce5551e7L;0.500000;1503114301;1503114302
1;512;8048;0x677a5e961af2199dfdcc2e3216d54bdf2bcb9f9a0a8881251ab3830649bc49b0;0x67641f19c2f94c49109e36a98c35dd0998b343c18d7f2470c76f83a5bd22f387;0xf71cdf2e;0x8d7f2470L;0.500000;1503114302;1503114303
1;512;8048;0x8869a8f16aee1c39c9b8041adce03221567021786acf90d21e10a6d7e71bd36f;0xb587e92584fa7a86de10f5a825c95eafb8a85bd2d4b410b2eeffbbf40d8cce41;0x8ba70bc7;0xd4b410b2L;0.500000;1503114304;1503114305
1;512;8048;0x785ab4984adb2f79174c5c5c9401e1da563a383bd14483eb29d658837fdbcaf8;0x49aeaf1903e0a6ffca33fa007b0a14e138de3d6770da90bea603ec56264ec74b;0x7ecf97c7;0x70da90beL;0.500000;1503114305;1503114306
0;512;8048;0x0f4679be95f6fe5d3004980b0de9e0f5bbe7d6c237e48f60345f7e2711ad6020;0xfd43257440f1a64e8ade117a3397ea58a7172c7d8adc15671c0a83c888ec20c1;0x585158c5;0x8bdc1567L;0.500000;1503114307;1503114308
1;512;8048;0x54c3d1b86996f1db6c3b7bea474a4e1589cbd0c9091ea221b418a6fa2736e37b;0x05478c23be1733a06b8cebeb15a59694f878c0bbd8aa49c0d5af794fa6b9a6ab;0x8bf201ed;0xd8aa49c0L;0.500000;1503114308;1503114309
1;512;8048;0xdce53ec391630d06b85ccfead92dc017365ebe8bf45cde78c2d87f716c153249;0x2e61db422cdf864f171a6a3337a0bcc3c9a14d7d5c10b1c56281670eb1c21a8a;0xe6857d61;0x5c10b1c5L;0.500000;1503114309;1503114311
1;512;8048;0x8a9362bd7c47b827d6ef5d5877d4c2d17ad30532c8b6d419fee979ee8a1f9515;0xc4858e8faa568109e0cd304f0a87544eaad35202fbbd04d5b4a01980110187e4;0x3593d773;0xfbbd04d5L;0.500000;1503114311;1503114312
1;512;8048;0xf82a04ded9679ba7f23b42e2bbd78d76485e02474db2c1d583426938c1ff9db9;0x3df4a49e5724bf401953e7ab83072652c9372b8586f6cc5ed53187ec83a3c078;0x566cb52b;0x86f6cc5eL;0.500000;1503114312;1503114314
1;512;8048;0x63800d783341ccc41f1a22efbcfc527b30100e6d321dfacc3e217e436558f2c8;0x34a6688085399209481751989502b913e95b28b7591802153911c8c1962f3d7a;0x969e499a;0x59180215L;0.500000;1503114314;1503114315
1;512;8048;0x68f4221f609ec246e2ff20d46e7261236bbe01244b54042782205e79a8276410;0x08b9ae1f6e5525425b9116db161bb166af82822fdf5b366320910f9a4c33fe10;0x57dc2aea;0xdf5b3663L;0.500000;1503114315;1503114317
1;512;8048;0xf48d6a7579a60bd8375846c16e597c987edc3a47dc2265b58e0c00095aef534f;0x4b5093b4306f1ed8b092be231c8992ae35f897502378700e636f81a70397bb3d;0x003bf0d1;0x2378700eL;0.500000;1503114317;1503114318
0;512;8048;0xe96391e36bfe2cc42dd555431a96f27b707ee5b0aad78e0c19c3774b5184f53b;0x07a2d6c713867356105d9e619c48202fffdf66315fd0bb4f70e0b59b5e2e25e5;0xef1ca793;0xffffffffL;0.500000;1503114318;1503114319
1;512;8048;0x4273f7f04a35a25eb0f4082b07e406c3ca3bc01f914d2fcd51ce1a32ec70d42e;0x8086ae3286fea55b2187ba8edc3cb660f1b2095d3feb4632e50ab9318f9f655c;0x8d5095c0;0x3feb4632L;0.500000;1503114320;1503114321
