0;512;8048;0x9db7793853ef7eb12aa7fe11b591333f64228080e5aed0a099ea5e352f6edbcc;0x008f305ebc94f227c2069e31f4a33d92d389102e4c7e8a6eebd10dda5f3f6cca;0x843dec6b;0x4c7e8b6eL;0.500000;1503201822;1503201823
1;512;8048;0xcb28280fe2139c4cdecfc72b02212393795821ef8155d98adda789821272f2dd;0x2e8d1a461d27494545728c576cba9b66254ae3a97624a5583cc7dcf0ac07d5dc;0x9fd8190c;0x7624a558L;0.500000;1503201823;1503201824
1;512;8048;0xfce3b3cf6bfd8c7e94b06b3302b14247e087c7ccb3f8c0595e9e47e1a292899e;0x6f322c7675a6fce8e5127cd4fd4160dbc7cf54692cce8dd158a6f20fac571a6d;0xd95de0a4;0x2cce8dd1L;0.500000;1503201825;1503201826
1;512;8048;0x06d07e6ddf1deaa382c17dc00acd0daa01d539edb264a86803b4004a9527779c;0xd42e9b021c4baae57ecb780fc3430f11e8d86a9adb841d734fa17789c77dc1d2;0x2e744650;0xdb841d73L;0.500000;1503201826;1503201828
1;512;8048;0x0d02900f50be55d84f4b73f25b7b0f0d0149cfde42a0798278c17e811eb8922b;0x52d9166a54a6250a4672cf10f70640cba34eba8db269288e96a655ea091216c5;0xc2e8ca37;0xb269288eL;0.500000;1503201828;1503201829
0;512;8048;0x57d6eae1631744cb777eea1e575ca267d64019e375c5bfeb5f6bb7263e1eac95;0xb6c58dc132c128f00d3cdb8a0cf82660535820b40a02177961ef26ed843e46f6;0x5546ceb6;0x1a021779L;0.500000;1503201829;1503201830
1;512;8048;0x8bad56bb82d0afd8122448b6adae5402999e2cb7bcd47b9eb91065556d05b3f8;0xe53ec5a2541e9b6ebc013099722315fdcd63c1d4b99d5b4b2a0141df6d1e5da0;0x32f6979c;0xb99d5b4bL;0.500000;1503201831;1503201832
1;512;8048;0x2a4ed99d32b9dea7c5ea5967e8e0f7992e0cff6b8708a926d6e15a01532dd17d;0x0351627f1cfeda0c9fbeb20fa37bb8f7dc55944f9cb15bfdc59a399fad1b67a8;0x2981cc2a;0x9cb15bfdL;0.500000;1503201832;1503201833
1;512;8048;0xcb2bde20f5678b927da4b857ad76a0b6f3412bf51d480f3d6e2cbd1478d7c643;0x4a48027ece026ba118b956127e91998613e31b2831e626be1cee1bc8cfd03b17;0x6508d19d;0x31e626beL;0.500000;1503201833;1503201835
1;512;8048;0xa7ba1f9f8ca8779918e997d28e675592559e5740487814fe8ff52ceb799b2720;0x93cfeaf8f7cfc3f41be01751ef565c32226499903399015d1b65c27376cc1a7f;0x3518a46e;0x3399015dL;0.500000;1503201835;1503201836
1;512;8048;0x94d32a69e36d02f32b083fa748cd87bbca020db3d1d991ac7f21943cabf62c3f;0x858f88d268bc7c3bacc9bac4eb8fe48541585d949f70fd8763c62820980f8d2e;0x4e13bac7;0x9f70fd87L;0.500000;1503201836;1503201837
1;512;8048;0xb9540a6d45f1d05aa328ce02e7f6227b20a8046c07affc81d4f6d68e822f1f3b;0x8939aa3178f160ff4485a0cba72c38192e51e49ed2ec53648fe88b4962f3f8be;0xecf53654;0xd2ec5364L;0.500000;1503201838;1503201839
0;512;8048;0x6d2e166c2b153258756dfc1f07cc8454f2c57d9354362bc3d6959a83eaecd557;0x4a837487de5463fd4a5afb1f38412067f2ab69882f9a012a3b08e865c5da38df;0x7b4f2696;0xffffff48L;0.500000;1503201839;1503201840
1;512;8048;0x6a9eabe87bb5ece48b2f2075d406fe109d8104acd69182abe057b6b7f163cf5b;0xb2adb0beaf14f099cc1bca976bde6856f740ff6372d1dd98bd32c3ec41f8753f;0xc2d1dc7c;0x72d1dd98L;0.500000;1503201841;1503201842
1;512;8048;0xa911ae9155eee6a614c109c6d10cc2c746d9b8d55d557462c8f43f7ab80d6c61;0x97dd3f0097dcbf50de6373b9ebd9180472cabf173db317f6f453621550da7b43;0x2272fa03;0x3db317f6L;0.500000;1503201842;1503201843
1;512;8048;0xab7859335d14ee73872eecf9f09c53425e886572d5a32ab22c0c906ff0e0f89b;0x1f9274d0f73f29e1342e83a64b6e51bf942c24e61699ee6dee49b123ed8a657b;0xbeee90d5;0x1699ee6dL;0.500000;1503201843;1503201845
1;512;8048;0x37aa5fc3c3928c832560e41cdd6b676ba1e2572b6a653a836b0f99ac810e99b8;0xc1d0f61ffac866a0edaf8f4c7ac1c171c8cc3f9c3b32ddeb1225f59272eebe2e;0xb640b26d;0x3b32ddebL;0.500000;1503201845;1503201846
1;512;8048;0x83b9ced0079b43bdb6b5301c77672e8b54e478ec58106b6f74e2f9e3f7da377a;0x9e27041f993399f4cc2b68e6d5dca0b87969721f7106dde5002778bd5baaccd4;0x99eedc6b;0x7106dde5L;0.500000;1503201846;1503201847
1;512;8048;0xdee3d8ef4f41769af11d5904fa8d4b7356aabcd36d9dcade4e3f4953d3f776b1;0x2ace5358566174de9bc65e1b5cbeb383ee990673a71c83c247f5eb4b75f33b06;0xad3ee4b6;0xa71c83c2L;0.500000;1503201848;1503201849
0;512;8048;0x393df5548ae6b31f5259eb873db7bb59f042878c1fc57439ca9aad0b610afe9a;0x6a9b733977211632da0f65aa13d1cd15861656b8c1c6701a07114943f43a4877;0xf5ef993d;0xffffff24L;0.500000;1503201849;1503201850
