1;512;8048;0x156e7337a3bb1b4c258351a34112459e692a1f8d84324c5fbcc8e7666de42982;0xf3ec71e0216da434feafcecdfa61f53025b063b492221c0d232e29364c61c159;0x0f3da687;0x92221c0dL;0.500000;1503197028;1503197029
1;512;8048;0x833c9d97a565bf67a7dd3ddfd18c26ef9b6a6fcd44d00a5211f41087bb3ae43e;0xc4f10a2ea157d6ef3bafe48efb013fe3e2e81ad9b5b91d5115468de029b5df3e;0x6aa93de0;0xb5b91d51L;0.500000;1503197029;1503197031
0;512;8048;0x2df868417d7a9d517523839dc9a600ab308d35489c7abc199a68fee739919366;0x7607c98b9574780825ddde43719f0b57a8401c2f01645e629db0208062f08313;0xd6c50ef4;0xffffffffL;0.500000;1503197031;1503197032
1;512;8048;0x3179e6b6125d002aae8e7343cc096c96da5a5a1800d9c24e1d5e05e1f9353a2a;0x94955d89eaf5edcf90ab6ad6cfa8c9f9b2d4e6c16cdd1fda93a0fcfb67b5cc66;0x80c284d6;0x6cdd1fdaL;0.500000;1503197032;1503197034
1;512;8048;0x074aee4a5a579eca962800bbf031122e985c65df6e3cfa45761ecd0ec75141ce;0x51638ad4d07642d63f538b2a1ac22ddc8d8c6ddb88e65374a0048390b67664e5;0xb4f6c5c9;0x88e65374L;0.500000;1503197034;1503197035
1;512;8048;0x2c4cb5ff15bb4196ce698124bf750d55ed118c2df9bba9ac4e7546687973daa6;0x52355a2e06dbb768daddd25dd30c7c65999860257b3238117f30ccb9446b5ee7;0x650b7b58;0x7b323811L;0.500000;1503197035;1503197036
0;512;8048;0xc0fb67a8dc449d60c0e4a6f715e9e87148322f493c844b7e75db4407ccf02f8c;0x6826a54407ef21f019efb7040cf08662e40be2254a864b00082b58bdd21d4924;0x33a78f5a;0xb841e9aaL;0.500000;1503197037;1503197038
1;512;8048;0xd60074e8e34f2275a1144ecdb169aae77f340ace2036d5fe536a5dbf1d294bf3;0xa8d99eee896fc17ae0acaf3e34e9c6b508c642b35b520d51ddc20f18f7c92454;0x10f8b94b;0x5b520d51L;0.500000;1503197038;1503197039
1;512;8048;0x83e9255087af8cfcb3106adbc47ef965463f8ad845d124cac7f4398670669ef4;0xe4f92e483ebc18713f9e054a0bf31f9186e8b0d9e6ad23d3c5fe2944470e5049;0x5ac9bccc;0xe6ad23d3L;0.500000;1503197039;1503197041
1;512;8048;0x11dc4346d5ddca815819fbd209f7235fb9b692bbb437224e89d680e431f40d43;0x230896e9117f47d20485a03e6c196cf0e534a77f7ff318c6da1720b2933a8dec;0xdf338a45;0x7ff318c6L;0.500000;1503197041;1503197042
1;512;8048;0x1fc0c3fc5feaa55270c14824b72a29c3a26cf7168b050859236814c01aacd939;0x52fd853d9d4f78d128fc0c2fc2b9b518d1cd4e9483ab8d16bbf717e15a44e058;0xb0047460;0x83ab8d16L;0.500000;1503197042;1503197043
0;512;8048;0x644d86e0daed0b4c4724aaa16fdfc0a7df3667efbb3e9954d0ecbdda4cbc27b0;0x7c1dfea998f4a9ec9cecd654718d112c799c66e105266e00fcc30acbdc373a96;0x3c030ae3;0xb2a088dL;0.500000;1503197044;1503197045
1;512;8048;0x191d606683c2330040f3c423ca48d16b2834ad52516aa6674e852e26f2e7290b;0x0e6b5b480da60daa3d6d35b32e5a16d6e4a6388e1e62ed1175fbda044e12e909;0x1f6b4df8;0x1e62ed11L;0.500000;1503197045;1503197046
1;512;8048;0x7f1d7395cf49fa107d5e293620a980055d8f533a2c21d1310bba9accab0b5b2a;0x859d3177fea2b5377659c068f88c0e45784bc281dd3a47e09d2a34f6b7ba965b;0x479ea3b7;0xdd3a47e0L;0.500000;1503197046;1503197048
1;512;8048;0x44d88aeddcce8dc9ba28ff0384e39bf486c661dfbc0533b28869fa41b9f39ffd;0xaed13c5e443933afe632cb5ed2ae6af802118a765806b865b074105eb0efa59f;0x41ebacbc;0x5806b865L;0.500000;1503197048;1503197049
1;512;8048;0xc9e55e2deaa3827583bfe7389ab460ed2c93510736058d963e1198fe016000ca;0x5da4b6ffea44c7242aaf6a2e52093d304d74c89926567ae1612b84aaf10a89d9;0x246c3731;0x26567ae1L;0.500000;1503197049;1503197050
1;512;8048;0x57c75d6cd3b79822d70011b499ff877fc6831bd3d837d85dd291ce6e788e9ccf;0x78d5624b64a6d534a26d09bf0f17fdb3bbae64805c37d24bbf1b4cbefc92558f;0xa11f5968;0x5c37d24bL;0.500000;1503197051;1503197052
1;512;8048;0x14a6be2d69b74a56c461816511651795bad010e37e7b595aeb4ab2dca7bd53bb;0xdeb999b929122085b3c30422d4885704c8b6260fcedf571d83fb94055a1d1f7e;0x0e4faedb;0xcedf571dL;0.500000;1503197052;1503197053
1;512;8048;0xcc3a0cade2dc196e5f758493bfc86028ae83d2d1658bc66a609642a4db889da7;0x41b50aa73566453861b8881d6604d393d99dc921307101069439a3a8d5380359;0x99ad2aea;0x30710106L;0.500000;1503197053;1503197055
1;512;8048;0x35bdf11920aa11dea0ea9ccb0c9c74a266b73212a1d6f17c70fd2af0e435a719;0xafc09c996af7e7a006d16261295fce43d3dd410675f6fdd211121d15599cf401;0xc3330e71;0x75f6fdd2L;0.500000;1503197055;1503197056
