1;512;8048;0xa84c36c2ba79dba38e47535e48a3ca43cca2ffa911d268dc4fa5ba83ae098256;0x976343a95967e79f4101e312eb5a9dbbb2b7b440f746b65518910dc1fae420be;0xc87bb695;0xf746b655L;0.500000;1503133342;1503133343
1;512;8048;0x98f4bce9b932b0a613822bb27e4b4efb94c4f00e3864c75d5c47f61cd716376f;0xd9ed08bc943b0926efe14baa69f5d6f87d77e03ad11ff2281aed4dcdd66f4ab3;0xc1e3d47a;0xd11ff228L;0.500000;1503133344;1503133345
1;512;8048;0x696da1d9fb785c9b6efcbab14b94d61b7005cd92a5cfed083a9fe89f744961dd;0xabd601dc098c95b8f3a26a8e06ad371b114dc04d06f09bfcf83c90ebc4d40833;0x8ad600ea;0x6f09bfcL;0.500000;1503133345;1503133346
1;512;8048;0xe0848d77edfe6859b40dd874e2e76cbacf9cc450bcdccd318aa2726386c4dd66;0xf71e692748345f432fa66df2e59f4c90e1ef587832d681a511966f85b0bcdb42;0x3f54ef79;0x32d681a5L;0.500000;1503133346;1503133348
0;512;8048;0x9595ec277d90fadfb31762490d16574d5146f52eb29a5e824aa2422a1ef3ccb3;0xe524aeecb813866d828906fac66f7f4220b5eff82a74b24c9322d6f12363bd4b;0x5e95dc3e;0xffff49d4L;0.500000;1503133348;1503133349
1;512;8048;0x397d6ea469d78011cb373228e31c1d41ceb28b88ce0e69dca924a05c3b340874;0x51cbd833af97365dc9150cd2fd530b46c53abd843151ed36128c08acd8ee24f7;0x6ddf917e;0x3151ed36L;0.500000;1503133349;1503133351
1;512;8048;0x3ba1debd8224c6e67357b801a2a2bb1bf1f01dfad1f8bded63e2630d5eb66999;0xe267798e6e88460b1a5ab4e5e7d8921b0bc9d127a40634fb19189caf8df9a03a;0x3cbaba78;0xa40634fbL;0.500000;1503133351;1503133352
1;512;8048;0x0534aafa18f3e56efceffa3a7fc1035e147753f4b32ee4ff139684aec3828dc8;0x5bd8f4a119466eee5ecad4935195602509987fb1bba960f6c0a0ac20557df23b;0x5fe98cf8;0xbba960f6L;0.500000;1503133352;1503133354
0;512;8048;0xca56bb6d86f733b5911edfc6d8764c9d8c886d8cf8dc155faeea9b3f7f3be149;0xc43e7e85e3ba9dc07a8cbc7bcf7483b2b0efe999101b1dab9d460f73f33fd87c;0x74d68682;0x901b1dabL;0.500000;1503133354;1503133355
1;512;8048;0x60236a5f42cbc7fa4be34889b64c55341f218b91234221422a9570e5ef37074f;0x2bdf8ed1bcfebedd97441de32d71a1b223df2f39be48cac6f77de8fd2401e530;0x49317b54;0xbe48cac6L;0.500000;1503133355;1503133357
1;512;8048;0xcf8791bd92556a40b71a52b99a1c89b5d2307672f4f25854d2e9864cd566d5a5;0x330c1f15124c4d88a8d995941d9303e364a624d6d43807293fc1ae84943926a9;0xc6714ba6;0xd4380729L;0.500000;1503133357;1503133358
0;512;8048;0x70c4aaa85c798afd4547398e50f77581a32209ed459bccf55b48219e5de56fcd;0x580b8afe938a122717aa5d9b24133f1dc73f0f2fe134fda925fcf7f77ded7a90;0x67d0345f;0xe135fda9L;0.500000;1503133358;1503133360
1;512;8048;0x011a99958dad6051b9e32b2c40f70f8c914124a727bfc621cc63b023e1082ee3;0xa34fc16557732bf1fe7d23022efc318ca2ad956c7876d64f009a366009950e7c;0xb62a4a16;0x7876d64fL;0.500000;1503133360;1503133361
1;512;8048;0x7b2353e4bf95315017b8b77ee1f7763e2d2d6dc0bb5936e4d906681703dbb37e;0xe1f21395c84da294a29f2102bc6f8fef093dfb0f20c28aae305627375d6ab799;0x936fcd46;0x20c28aaeL;0.500000;1503133361;1503133363
1;512;8048;0x28b7d1bbe47e65ac2cfd57afcb9c9b44238cbe88f502c2ec17f23d118d0b96b5;0xc5da247a3ff6c4375a4a3afb98d71cec44c863d0450ae5c91e0f8c1f0a83ab05;0x0a48190d;0x450ae5c9L;0.500000;1503133363;1503133364
1;512;8048;0xdf2bc85edb97afb651a1f64f15914132f4e9291a0aad645a064a7ae97f7a435f;0x56f09a51d919c947c5b8c00e72f64e5115edc1f0f7c5c2ff5f06b23826689e37;0xd170b37c;0xf7c5c2ffL;0.500000;1503133364;1503133366
1;512;8048;0xf1cc76d7c3effe6bcfd92e150ab53fb883bdaeed347c9e6bd2945960d76f1cc8;0x101e222ec6acf76b09a18bc2a0a6377b76b539f51e452b6c3d350c2455e27ca1;0x695ad298;0x1e452b6cL;0.500000;1503133366;1503133367
1;512;8048;0x663af1e98cd063b10c64e4890b4245d17a31574732a1ce23a5b8832f0117f267;0x859f1ac5d5ab0ab63f1c2b2bfcfba3a38e48fd308fbb8ff21d370cfbc417db89;0xe6380bc8;0x8fbb8ff2L;0.500000;1503133367;1503133369
1;512;8048;0xd1e91c41052366c836948156c6d9dff7216abb881832a8b2d76837aaf2d364c3;0xa03f3eee372f9032b77a640abd0f2fcf304569bc3d7d2a49b08094df2403d2c7;0xfd4781bd;0x3d7d2a49L;0.500000;1503133369;1503133370
1;512;8048;0x1d4c7efd5dbdf25c7272096ceb1e399805a714600fcb2c8231b440cc1f3c283c;0x876707201ec34dd95833ba75fa7cd1ad3fabe5c0726277ed7726a4df7272c561;0x942f15cc;0x726277edL;0.500000;1503133370;1503133372
