0;512;8048;0x5e74c09d8b41325d3072321fdbc3e6b77b7ddd3601151afe767ea294c7285225;0x71474e5a4c836123ab4ab81d40b834d3aa589fb2c6db5712fce106b37becf189;0xa624286c;0x24402451L;0.500000;1503161361;1503161363
1;512;8048;0xa77cc032b373957473d5090477bfba8cc057f9f0a2f41e4f8e85eb9f1573cfbc;0x7cd47d879748e105ba3d8afbab55324db557ce2726a482545d5f17e28f8d9380;0x2fe93cf7;0x26a48254L;0.500000;1503161363;1503161364
1;512;8048;0x4f303157b443dba61e61f5dfe2f40d44b59b9bb3f9c2e25127a20c1169a74bb8;0x3b546d29cd1a2d8832b5e56eb073e400c7a196ffeed006ac7e4adb0e3178e58d;0x62fa725b;0xeed006acL;0.500000;1503161364;1503161366
0;512;8048;0xd70b650bb2517774abd856621c3ae2182308ff727777244f79e2e2918d9a1c65;0x9c10412528f7dcd6a46b560bd78b0d2ff876c88acae70753fe89698d7b4e289d;0x8ea209c3;0xcae70751L;0.500000;1503161366;1503161367
1;512;8048;0x15ce2871aa6809e91049249342bf17a62299862ff7fb814efb43ce9840b24655;0xd9db880bf60e442b9ed54c197cd3e72d34052f4725f0c28e14409086884d4c99;0xe5b94639;0x25f0c28eL;0.500000;1503161367;1503161368
1;512;8048;0x78288462cd8b230653090f30ed70e39f69e157b5851a4bbc64d3aa9ae8552f61;0xf61f55120ff047c520d9790e563bf903e1725bdaeb21fb33943bf6050f219f91;0xf0c9d894;0xeb21fb33L;0.500000;1503161368;1503161370
1;512;8048;0x23aa809651b954e28aa00258d793774f588c2c2f985330372912efd260eeb783;0x6b240be2507e7ebdd5df5cb92c5bb94d1d7de93cdb7eb674fc5c70ed13509dff;0xb85a44a3;0xdb7eb674L;0.500000;1503161370;1503161371
1;512;8048;0x4111c2cd8c136b5378f0570006de47ae92dd84fc3d476348fee1d82556761e97;0x1b0f18c278627ddcc112bf7edf75f79647e0c2ec3e93bc1ba34064d19a3f849a;0xa040617b;0x3e93bc1bL;0.500000;1503161371;1503161372
0;512;8048;0xe55bd1b86a44f60d8812e972867efe3269a6b550b4d7234847eda1f9f2916ad8;0x8fa208827da94f9f3eb8eb2b7a6c73c5302e57f618f4af16d918f884c96db138;0x1659d773;0xfffff7ffL;0.500000;1503161373;1503161374
1;512;8048;0xc8cf96edde0cf70fc81c193a2216c75c9e04522de6703d7b7409d5405d022125;0x534be128e6df674f4ec67a92847bf1cd4e403b7df78adeefacc388cecf67cb5d;0xb3030c31;0xf78adeefL;0.500000;1503161374;1503161376
0;512;8048;0xf712ae42d5baa95ca9cb9723201f4813164226dcc2549f79158514697555246c;0x69e574822b62b8870e0af2a4f51b66fd8f2877eb64f6ef7bf9832e44a403ffdd;0x22a84ffa;0x64e6ef7bL;0.500000;1503161376;1503161377
1;512;8048;0x5c16424825070762b2f18536f8741c57e2c9d2e6d5e96dcb5cdb541d17040b74;0x274b0ddfd652b87d2c8f0552318b38a10f50e3f98daf2807526220db5d85e3b5;0x309f8864;0x8daf2807L;0.500000;1503161377;1503161378
1;512;8048;0x9101afa2c43ab8dd40f5304c203d6f85fcd67d56cdf45093a9023ebe52359ee3;0x3dd653ac74d330a68679f88f8179ca39b2a294e68fa90961092f29760d301b04;0x32be2164;0x8fa90961L;0.500000;1503161379;1503161380
0;512;8048;0x44efdb204453d68b43ae6d3a224e97a404d2cb570c4ef0e3aff2bfeecf047913;0xd501d8858b48833257bbba531323e5d271ea838bee220a1e7711783ef4074cbc;0x46ad4978;0xffffefffL;0.500000;1503161380;1503161381
1;512;8048;0xa72985185790f1eed95c52b9f49c913eede9f5978f7dd1eb98e72c32ef3e0e96;0xb1b12444b8550907a653000ad04f752ec39bd8940586d3f5f6ad9148f92b9cea;0xfdd6f4d6;0x586d3f5L;0.500000;1503161381;1503161383
1;512;8048;0x395a86073e2cc4fad9e986d8376d2adc941e412c14e11e63bb7e41486d7b88a6;0xcd55bb9898a4fcd47aa9f22e3c1ef25c6d958286c856dc3834b8396ac756e6a4;0xe5d87730;0xc856dc38L;0.500000;1503161383;1503161384
0;512;8048;0x6adf9daa12c91a4acb12e1195e10896d875069c2b028c8b6642881057a5bf0e5;0x75deb3b1450d22367b68bb180ebd6b23a75c3f02ee0039d782d95ab47bcd58e3;0xa9af1c59;0x204239d7L;0.500000;1503161384;1503161385
1;512;8048;0x3308af6fb22cd9011b0c1a978d4222f06dabf5d3e0713c5fa04e942179f393ad;0x9873b352d49436894a12433bb0c8d1c1a82f4c49187fd2c1f813b13b80afc5d7;0xd3ad82ee;0x187fd2c1L;0.500000;1503161386;1503161387
1;512;8048;0x4b872d54e60e54265f19b0082a88ac2e1cfe6e7f544996e97f821699ba7aea05;0xb8db89769af639ae9665ab57ef660c66fa90afab8fcb5bc8150a6b260ed858c8;0xf3af9942;0x8fcb5bc8L;0.500000;1503161387;1503161388
1;512;8048;0xd2b9e81299bab107f0dd0ce23689f49625c1f07c0c4fad7472dbe7ade791fcb9;0xbd17536a889f5883f0abbce110d538aeaf1b875c48b5d21bea35c3f84e6a59b7;0xee146f41;0x48b5d21bL;0.500000;1503161388;1503161390
