1;512;8048;0xfa8b9d4035f35d87954342ffc9f2bab67c789100f0bac24491e4eed5c2afe6bd;0x117f2bf82babb6fc5e7b3ffbaac01f3740417dca56d8033e236b233e083ec5d3;0x5f2ae1a1;0x56d8033eL;0.500000;1503143506;1503143507
1;512;8048;0x5439a364f7747790ba0a2c172c36594d4c330a16fee5ed86582a280678d156cc;0x0502ea69065eaff25b0945f2188a26592a2e023d5e88bb3b6642df2c0177bac9;0x3657acf7;0x5e88bb3bL;0.500000;1503143507;1503143509
0;512;8048;0x11b3f06c5ba34ec7d052c7d8d8bc552f3693f0d51daf002dd1e480808f0bb5a0;0x24c8ef0597d8912675cb9c3809d8c259b1c9d377f740c7e9368133edb2b07fbf;0x015438ef;0x4088c7e9L;0.500000;1503143509;1503143510
0;512;8048;0xd70733071f6c0a88599319b24110ce170df2b45ce5571267dd4bfb1ef9931dd0;0x28f3042ee8308498a8c8503d81c6cd292b827166d086f728f66df9cc5c66518a;0xe9344568;0x90888501L;0.500000;1503143510;1503143512
1;512;8048;0xb20247e564f10dd79f176f4075d75b4827f9371239ed749e713b7a625ca9d80e;0x948b3eafc72c8d7e5569d39544573955498456e5d40d49a726e71d5139d59505;0x6e6b61c7;0xd40d49a7L;0.500000;1503143512;1503143513
1;512;8048;0x7dede79fba9c6064482ad7ee8b4748d1145b22e297cca08d459ab7355d8acfda;0x4c98edd3959126967358c022d373b136d9711efe311d52c1a65f2e1214093c90;0x29e4341c;0x311d52c1L;0.500000;1503143513;1503143515
1;512;8048;0x3d210b8a17f9147b894935b2e4cc614850d47154524f6065fb11582832bf596f;0x1f0b95eb4b617d8ab6dd93fea8ee82267adba58bb8c4cf57f0850aca55c5853a;0x426b3474;0xb8c4cf57L;0.500000;1503143515;1503143516
0;512;8048;0x5b1074a683ec4395fac25180dd81e1e36bfb8bb59b8c817e6e4edbe517675a72;0xef3ad70862a0ad57f8b9a5c291ac9c67aeeef82aaba86742958150d62a6548d7;0x012b4cad;0x42220881L;0.500000;1503143516;1503143518
1;512;8048;0x42b019b419f98b1b81e9eb2eda529f35c9429f55ca21a8ea24b157244a7e6c8d;0xd0aa984e5ad72392494272e4443f7b0f59306e48f167c0bbfa34430272e108cb;0x18e83d05;0xf167c0bbL;0.500000;1503143518;1503143519
0;512;8048;0x3aee77c49a7e1ec7b1ff90981d3356cad0bab8674f0aff886803ca64729f5fac;0x60202569154c4980bc30f412a2fd0947ea5aa2a4efcba1938a01fa972efdbf6a;0x46395b40;0xffffffffL;0.500000;1503143520;1503143521
1;512;8048;0x33408985f0c5c9b9b1990e308f1b40d3cce0373b32e8929c85f2c1183c02f66f;0x15c23027ce86db2e9b9852454e2d0ff7d55b2d758aa8ae997e8263576f29b624;0x30b5d109;0x8aa8ae99L;0.500000;1503143522;1503143523
1;512;8048;0xdffd111cdc0c9374e31ca89413befd2a06f8b46a38836e44521b5e25fac1ffda;0x70be4c4a4485f4c17cd7a4d86c7e1ac81ae9bb9860388a0fb222e3fb77ca2115;0xc23452ec;0x60388a0fL;0.500000;1503143523;1503143524
1;512;8048;0x26f513d2620d11dce85bd6815b98c7ef59b678728ffdc4fbe9c8308871b25698;0x583006f6e5af03f8a2e32df7698a277f21e607761f0675d6c30f13a1f6115345;0xc0eab881;0x1f0675d6L;0.500000;1503143525;1503143526
1;512;8048;0x81f7021a1f216c8dd6fc405ad11727d9163e3f5e0eb58b8ffe93285ebf2e0e40;0xd0c2ed9c3fc259300ce03dbd0fddc505aaf0eb8aee9d6e86e3b7e56d48a73534;0x9a542c99;0xee9d6e86L;0.500000;1503143526;1503143527
1;512;8048;0x73b71378f701863757aee0d642bfbc7a3fa37379b91b921e74467bf77a4a95ed;0xbf8d8c5abd0037107a1602bf30d7ef5a02ee576f76ee63aa8e1c64e45d1e8cec;0x55677344;0x76ee63aaL;0.500000;1503143527;1503143529
1;512;8048;0xe98c59a0c7d5cc2b80bdc61a2e55f722a12912ffc9f059e445d342dda284868b;0x014300b6bfdd659abf5c2ad5d4ee2e723df11746aed76ef780c4d9cc7dbdd1f9;0x75d9a9c0;0xaed76ef7L;0.500000;1503143529;1503143530
0;512;8048;0x824a175e23d99f6d1a66355c4161979d977bf637372d6226fc39d682f0d97672;0x647afce821099b0dce0c129399d0125dcb1dbaca647f8be7acddad76de97e058;0x82a8101f;0xffffffffL;0.500000;1503143530;1503143531
1;512;8048;0x3aa608bd3df1d4dfcdbf2e1fd074bda3cbe90e384cb09a0fd5108b9cb600b6f0;0x332dd4b9d2f1070d330c537ca7409c3bfb7d84d0dfa88addfa2f1acf6a852401;0xef6ae056;0xdfa88addL;0.500000;1503143532;1503143533
1;512;8048;0x920f541803d3729f640b266afef66846359435c79c26b1041ff4c51cd9b1616c;0xc4f3b016bb51264b874c9e8987cd87b548a3ba49bc8e9038f2550bd190fdf49c;0xcc357406;0xbc8e9038L;0.500000;1503143533;1503143534
1;512;8048;0xa170693e738a904bf7fad22d129099eaeb7cc1c6ded23ece8ac20069a5d7f646;0x5bbea542af3033ffa4e1233ce8cc87ac21a2e179af2696199d4ab9b6c8b2a445;0xe3796fc5;0xaf269619L;0.500000;1503143535;1503143536
