1;512;8048;0xa469d42c105316229136c700a125804e9bf9870507bad561f430b014f907cb9d;0xe0d4ca212c13e51cebb643e13f9a3c8eecdebd8e7c8c550310402cdc2c655ff8;0xd0abcb39;0x7c8c5503L;0.500000;1503195835;1503195836
1;512;8048;0xe4417fb1f5be6333e5740feee2c1eaf27f3032bbfc8623be83b3b5e1bc8f11a0;0xc4b4b9ce153a2587d1d894a423393abf30f1e5b8cc32d073c4773eda508fbdee;0x8687cdaa;0xcc32d073L;0.500000;1503195836;1503195838
0;512;8048;0x47c9a1f5788a44fe8a682a935b00ed587a519125fb1957ee51cc4fc89eec0fe5;0x91ce0faeb2efbf675021c757b437636be48cb0f072c4955cd5b355599b7d415b;0xeb962173;0xffff2428L;0.500000;1503195838;1503195839
1;512;8048;0x3efed09da9e28ff8fde0b1bdc01d06b1b86e7f26769f019806f51f0870cea5af;0x5267e348374babdcf3450e3fda5fcfe6876a7f041d40232b7b995965044fb69f;0x0c5dd088;0x1d40232bL;0.500000;1503195839;1503195841
1;512;8048;0xee98d5d31bc01809ce973c464f80db841f5f79c95149154980caba2eaf87c09d;0x42a8d07e2646a2f172d166b109a53d50e0236331a403fc2a1e11007cee0046e1;0x9eaae7f5;0xa403fc2aL;0.500000;1503195841;1503195842
1;512;8048;0x989b7ef1ce3f27a05ed16c4dc03d680427a8f35bd9cea44b07a35e609d89ab35;0x7bc08abe8a162e102d4920cf8bc973c5e6ea41024d15e6360561a3115773009d;0x3de70787;0x4d15e636L;0.500000;1503195842;1503195844
1;512;8048;0xdc9b2cb815c0221d2e4ad925cc83e18b1f4b8ee94ba4a5e41114baa5cc959aa9;0x619fccd46c944d8b9612858cd52e3c73ec2c0edad83adcf35e53c9f64b303819;0x0f208e73;0xd83adcf3L;0.500000;1503195844;1503195845
0;512;8048;0x8df0357aeb8308b1f35c11125cae5c9ffbc1570586468cacd2901f502ccfc7b9;0x350ef722cc6cddc9aed4fe0d9a6a4f027f061e07a33f966fbe56d5ae56b55232;0x9ab3547d;0x833f966fL;0.500000;1503195845;1503195846
1;512;8048;0x9404c463c6b178b6f4fd2ae68c1b685c00bd921e13a6d1bf619264eb1f1ec5b3;0x6a360514dd61ab7a1bf1101b7e28131aed17cd5aa9f24ada769685aebf64fee3;0x0890c833;0xa9f24adaL;0.500000;1503195847;1503195848
1;512;8048;0xb1ac36e6e82afc9d666c2cb363c78268b4b08a95f51d92a3afe40c9c4c7a7ffd;0xeaa300f69f703d2743e84a1c06b453800feb8b2a547fe6728091d0da15bcf19a;0x157eba7e;0x547fe672L;0.500000;1503195848;1503195849
1;512;8048;0x67d52a3b8ddef018bb447b93592599c64e8a6eb067b3bc573355ef404503f5ad;0x1fb025aca6bc4cb8958887c39c54b0fe09a3735ae91b19793cb88c7894f9f4f6;0xe77dd6ad;0xe91b1979L;0.500000;1503195849;1503195851
1;512;8048;0xe2e214b1bdd80449a12a6e570920d40506752db3dab60666cccd1f854f5a2432;0xf035cede48af279af3707414e0fd8c7db43d71d11216dfffdc99a25007802d33;0x04fdcb4f;0x1216dfffL;0.500000;1503195851;1503195852
0;512;8048;0x407c46b34a69d74dca6454af1ce41cf6ad6a4aa585aaabb1547828334bc5b98c;0x01f94e756c1a034858fa388042e7343e2f2b74f0bb9a2fc033a66f8cd1d78937;0x1af31945;0x2506a202L;0.500000;1503195852;1503195853
1;512;8048;0x60d28afda58d468c1448ce7b3da0b386565540edb6c88f4c8c3d622a2095b381;0x7b7f1ee40b273712dccf16551d66467f7ed86581a20459260d206dc4510a38bd;0x909b2bbe;0xa2045926L;0.500000;1503195854;1503195855
1;512;8048;0xdab179df89700eff5949b69bc0346fbe97202f9cf57a12ec69af9f6449149b23;0x396cb25e409363c5a4e31a917988b297bb77c8e145ac9a3253db7947f68019d2;0x9bf5c397;0x45ac9a32L;0.500000;1503195855;1503195856
1;512;8048;0x61a84bf0d80d41e28a8f46b0075d4386be58e51f5120c6ec4f004e0300852661;0xbe44d8258fc6e4998a35a1e3c09c2122e461eee1097e7e2db6a015bfdf91225c;0xa0564ca7;0x97e7e2dL;0.500000;1503195856;1503195858
1;512;8048;0xc29acc2c716586ebe144f74529ce393c9723a3af7fb97630370255bec076c282;0xcf15bdff53409ed8edbe92fc6dee328b60748ed4dd87314fea58391168c19251;0x26a2a9c8;0xdd87314fL;0.500000;1503195858;1503195859
1;512;8048;0x86947fef2afa094aa39caa12bdd6bcbf7e274fb04b2891f3ed82bc4105c0408b;0x6e61f81e63fe9263a1ad1b2b9c39508de740ea797672bdeb7f3b95ade469f214;0xae44b6e0;0x7672bdebL;0.500000;1503195859;1503195860
1;512;8048;0x15e29c219774d9b6cf1916a557c57c31b45e4a9f111d3d22d9b156ca4055ff55;0x15457cd89e566c6ebc17dd78e9113bf5c80fdeffbbdc20776f3e72460f2e518c;0x282ae2ff;0xbbdc2077L;0.500000;1503195861;1503195862
1;512;8048;0x4cd2d660d68501260fdfd8be71b9f9e595f6aeedb27a9f68ec4407b19c5912e8;0xfb5579b19d7d88ec208742bb27d6a318fc2c28e1d56eecfb329382b173bac932;0x1adfe993;0xd56eecfbL;0.500000;1503195862;1503195863
