1;512;8048;0x6fe8fe1da27601a9d40940936753b5a1a68475206edb7119810be011d5566c44;0x941608bc50f8c0d747be1528fd15c959f496c8b7fa9ed0211c0d0fe554bbe2ba;0x122e6bb4;0xfa9ed021L;0.500000;1503216090;1503216091
0;512;8048;0x1f4ea764de71fc04c659d395f42483defa44136018ef12c11b3d9970fc0c811b;0x35b2bffed63a52d5c93ce101952038f122fc7285962fe28ff1e408f56450afe7;0xb41e3749;0xffffffffL;0.500000;1503216091;1503216092
1;512;8048;0x23c6f947fc0a15b26a5e7dade04165389879f6eb74903da062055ceac36fe6e6;0x8dbca9a90b478d964e495bd385cf04ed6a977b590791d1fe3c2c394268792f6d;0x06f75416;0x791d1feL;0.500000;1503216093;1503216094
1;512;8048;0xd253a6b571e1f54bd4ca0b7865fdd1803a4343b451543f7f81f5053c0d5b03df;0x3e11b4cc1705188d14f9a7fbc8643190817b3d7cac3e269fa45d9365489e8718;0x0f72da9f;0xac3e269fL;0.500000;1503216094;1503216096
1;512;8048;0x9e15cdec17dd4ae92f33c765fa26537a3f2c69b8fe30a266c111a6bdc2b67160;0xbd87bbee59727d441f8d0e01a7e68ec23d50455b3506d6d4381d36a36a7bac67;0x51c39972;0x3506d6d4L;0.500000;1503216096;1503216097
0;512;8048;0x4e08b2da4d892c8d5f1fc2e2c6f1ecfbf69ad16ec0ee63920840f974bd8a490b;0x7e3312135bdaa347d2651865e319cb547225175dc40f9342de159ef2bcd60fdc;0x5863599c;0xc1494049L;0.500000;1503216097;1503216099
1;512;8048;0x129ce59740454741c111c544949797a828363ea37342c6b7601496d49d7d83af;0xafa85a7ab64d76a72a136a7a51dbb44ff621766644d103d9e989674e667dbab1;0x3e4e601d;0x44d103d9L;0.500000;1503216099;1503216100
1;512;8048;0x6467cb516c4bbbd6108464d312bd69dc51bd6bd31b4fe1cc3af920f85c101ac0;0x881a09bcb408081221936ab6bba49ece055308402d76be56b00a7e8c040b5bf9;0x9d81d09f;0x2d76be56L;0.500000;1503216100;1503216101
1;512;8048;0x6cf04f26fe8f28e9930c1fd4b3907abf4ab9d6389bcea43e0868cdb407aefd73;0xd543081093f4b21f751c0fe039660efe135d7d85a059a327f8516c9f29debf2b;0x5f13ecb2;0xa059a327L;0.500000;1503216102;1503216103
1;512;8048;0x4e82383b47ccd61b48f240a4c3e500107550a6b39a14b4fc111b95de1528d963;0x411c63c9e98dde1347f92651446659a44b03459fa6bca26751eb0e30de4727b3;0x8321044d;0xa6bca267L;0.500000;1503216103;1503216104
1;512;8048;0x43dd66eb42bdab9459669566d7498212d1fa138f265e464361d4f3a0097f9d4c;0x747f5847db8ca017fb7ea36ff9ef3224fa7fc3a88c13da98fb024195b72ea49a;0x6be3fb5a;0x8c13da98L;0.500000;1503216104;1503216106
1;512;8048;0x659c2361557fbb6a7d398b49e42ce66b4fd8aae3f7bd7202b6ffc9667ac404df;0xcd8dbee90f296b99a37c2e3ac8727b8b361f14a015c621b5854b41944ea07de2;0x41c5ded9;0x15c621b5L;0.500000;1503216106;1503216107
1;512;8048;0x22d82d5294f61dc3586b5205e17e945e1d4385f467e417215834875cb9e479db;0x05ef2a0539a498bb68d80a49fcfcba9d694bd29f942ada7bdb19ffdfb9c36226;0x1a09da9d;0x942ada7bL;0.500000;1503216107;1503216108
1;512;8048;0x5ca32bb102acb4d42749131d8ae39169dde7d1c4b5e84070a48fae296f60ebcb;0x4bc27018c29cc496299d53cde034f6f18b85a79cc2c331c665948a4b28217862;0x94a97a30;0xc2c331c6L;0.500000;1503216109;1503216110
1;512;8048;0xb39125bbed41a3b3bfdde1e420d0d068f60e24b116bf4c2c99502fb1fdb36cb0;0x30146c007b85f535f4234302b42152b8ba1f2bcee81ef6d85fc404a9d3a376b2;0x50b6a54a;0xe81ef6d8L;0.500000;1503216110;1503216111
0;512;8048;0x668dd47955ad6b6479f50f6078598705cb0d7dbda21b0459fc179a2695abd5fb;0x8d0183d11ac265af53428f743cc3c6a1dcea194985f5b317447a566ee357891c;0x2616a1a3;0xffffffffL;0.500000;1503216111;1503216113
1;512;8048;0xc5f2901f2d482997883f6086aa244bd62e5c0ad82315280db933de4d181ad4dd;0xfb60a009f95523518ce208bd5ec702dd2357f9c3316560aeb0cec7a0e8076ef1;0x7b74d9b4;0x316560aeL;0.500000;1503216113;1503216114
0;512;8048;0xd8bec5c9a666bc834eafb1512d89852d946717eb1f26e267105186e0c444d89c;0xb7e1d891dc54348041852a0ee80d03011b35aa26ee379f4d15efdde2fb24ad1d;0x93295f89;0xae379f4dL;0.500000;1503216114;1503216115
0;512;8048;0x8b91b8357affbc2659af2f372ad525923de701959d09ebc0c24dfdc88d15d918;0x85b4f4fa8e703ca0ffe232ab2d0462ba469f560ab9adc722a4e715f2c613e680;0x5185099b;0x8eb1481L;0.500000;1503216116;1503216117
0;512;8048;0x3a075b64bb0a0ecb61e9dac8aeae99525dcce08989aa082fe488dd2bfcb71a36;0x8b604ca84db552bfb453758a4e6e1c37ee04a7b8c52bd7a0be84236ddd0051f0;0x0b0117ea;0xbfffff98L;0.500000;1503216117;1503216118
