1;512;8048;0x1f577f4e0d28e040e3e39a848086a65409f109ceeb959ecb2bb09402053c8e24;0x10b6e5dc61c1554aedce85c63aee1573cd800938b79e5b21412fb3b093bd4900;0x6022607b;0xb79e5b21L;0.500000;1503099024;1503099025
0;512;8048;0x16cb765447877677047c2eda2699c026a1fb4705c5f1ba3db4e72282c41a30da;0x343baf87d93f759555d19e95c60143eda6ad68407be52e03f3e394961e38e77f;0x30e5140c;0xffffff94L;0.500000;1503099025;1503099027
1;512;8048;0x59b6341af98ff597fe5d9db412ff14973fa07789e29e2d2048ab50cac4e37b1d;0x0aeef1468a203ee58e9eb16dd1334114b02aae171d164b465a0ed0229dbf3027;0xc3b15e1a;0x1d164b46L;0.500000;1503099027;1503099028
0;512;8048;0xa5053e1fe7a9ca73beb0cd056c09a4bad15e1bc3036fdf192a2a6288b6e0915c;0xdf974e5b6d9d3b2fa8d48282f96d2c6d81f694dec433408437443f255fd4b64b;0x732e9d49;0xffffffffL;0.500000;1503099028;1503099030
1;512;8048;0xeceab2551d1a15e9c5383282c63207f74652ed07a9c6a9bb818c58d19665af82;0xc8f7fdf3f8c3af35d8969ba8a5e6bcdfbfa3ae27d86e87c83ce98ace2406d9a6;0x8ad9f918;0xd86e87c8L;0.500000;1503099030;1503099031
1;512;8048;0xfac15b22845762e61f1156740c812f3c3dad25cba47980e0fbb9c189897b2a84;0xb2c8594b6cac90e5e2d9501c1fe02030fc159cea8ab68529a14fcd13b5ad5d90;0xbdf7f41f;0x8ab68529L;0.500000;1503099031;1503099033
1;512;8048;0xc8b0ce9514a6fd82d87edf7a958d77b33d1fba229642769b2e48019ec120c289;0x6a8db1cbbf183f6410b992e4858056b0c62812ecfce4a98cde53b3857502f200;0x8e89d64f;0xfce4a98cL;0.500000;1503099033;1503099034
1;512;8048;0x2d2a9714da2325f213bbf35f03223e1471cf38b0a122883e752ec788e9a4d416;0x08c8385b3cd7d68d7be2d9c0fd4e2c1ade90a990bfe1f74c6d8afee25200c774;0x8d4b474a;0xbfe1f74cL;0.500000;1503099034;1503099035
1;512;8048;0x571b473c9d88d97a59febe1abe8a26ee5c5d46d56c6530f70b8deb750419865b;0xef6d48f07a8600ada2d28daa69c86dbd8632eb41a231c2cce7ac4a69f3d36fa4;0x91780ed7;0xa231c2ccL;0.500000;1503099036;1503099037
1;512;8048;0xfcd8ab4cb21ac0652aca61d1c762465be10a5f0a53126c0f9ed26e6433c7e62f;0x5d80fb09c4174607b554cb3e5169c5f4a77ea136574ff4bde9709851748077a1;0x4972edb1;0x574ff4bdL;0.500000;1503099037;1503099038
1;512;8048;0x10158c34016f672afcfda69326be12e36f736ffd4cac992be80355ba8c633e9c;0xbd9f14037f23fbd9737e958d61b77eb5009d609de9778ab4aaeca00bff486b88;0x155a4464;0xe9778ab4L;0.500000;1503099039;1503099040
1;512;8048;0xa6535144408dfe17b1cfccb16a204c8ce7c36827ea9dd3affc644c94596563ff;0x9e8bc24aa55778d7d4af30c3a52b2daaed7239bbecd7684479ae9b01f66c2021;0x97a9b510;0xecd76844L;0.500000;1503099040;1503099041
1;512;8048;0x3c234cd9491cc63c45a0679cd00083cec7a66c74c52436cdaf95ff4d9d592bd9;0x6baf8cd0145d906099de0463780c3597fa81fe84d2f218df52bd4b8a89d23c8d;0x22a29b6b;0xd2f218dfL;0.500000;1503099042;1503099043
1;512;8048;0x66e1243578396653d7bb30cb91650adebc83fbd4d777fbe173c9cf1c05de266b;0x293efb10765f151bf30af5f002f92d35dafd164037ce4c46af88b3013fec2be9;0x703e8c58;0x37ce4c46L;0.500000;1503099043;1503099044
1;512;8048;0x3bc913df43876b90117b4f2c1260e80463ea58e802ae1aa5b68280bc87ff24c3;0xd9262b03527eef69b8da439886f31e925949876b749cd53335deeaea1f835836;0xbb7a2ff2;0x749cd533L;0.500000;1503099044;1503099046
1;512;8048;0xa455db7f46ecd13481575f205b34b1bad12ec905f113f90bbe9681517b88881f;0x8365e07a7607622b2d90abdfcfec952446f0a9406549bbd03b34b78345303922;0x5646e510;0x6549bbd0L;0.500000;1503099046;1503099047
1;512;8048;0x96945de8158b3481784a1cacf6e739527ca86b49179c48eeb5ba47f69f6f2536;0xa243a9ecd2e40bdb354dd29b8cd7bf04df503adac727458ae9e8674db5b2c578;0x78210222;0xc727458aL;0.500000;1503099048;1503099049
1;512;8048;0x16819e86d1749b54181cc903c0e51554228a7b862de4f8ce0b7a196eddda90f3;0xdb7bdfabb78760417f9834659fad762c82f87c277d7722ff995c27d4c71024a4;0x89d42571;0x7d7722ffL;0.500000;1503099049;1503099051
1;512;8048;0x186372898d31ce330adf3964867ffd8e4abf297d3596d2625a682112ac3ab7c4;0x1ae923cd8adec85a387e3d4c81d4780be7de265475e016c769c6823f844a141a;0xaaa5734f;0x75e016c7L;0.500000;1503099051;1503099053
1;512;8048;0xf9f4fae92097d85daa325a34858edc5cf869d6636b316c16c9fb12b926269420;0x07a24f3f9c5d027c193852deb863df11a64304b9beb326c961bede52dd2c3128;0x57a5d82c;0xbeb326c9L;0.500000;1503099053;1503099055
