0;512;8048;0xf13314b89a1ac5f54e0e25b9ffa3e7af615628056f331c04cf74a38eae9d729f;0xbf6cb734d71a3fd6eb9c71aec2c97256ef7aec1a012c99044710a5c627742cc4;0xc0bcefba;0xa11d1a55L;0.500000;1503188706;1503188707
0;512;8048;0xf71b0486b618c8a37bba4e8da79cab0cfeb9ae7c33b08ece5f6b6c85e170fed8;0xb2b9b1b89cad821766a33cff7064f0dbad5edfbcb156722aae5eb28981507d6f;0x11802e23;0x92106915L;0.500000;1503188707;1503188708
0;512;8048;0x6a3af852f0c748b6152a174674129daf28cdf815f25c671c5b95aee9b01e8f1b;0xcccc875de64239ef806caa5fc44c278a837223631df6c428c8b8b21dc1e838c2;0xa9d90f9e;0x844014ffL;0.500000;1503188709;1503188710
1;512;8048;0xbfbe36b189d2ae1ba897f351a0f1db43b8c36a3baf9e9cd837366f94c7c3c287;0xd0261650be77610d31f334d978e88703990928696eaa81e29df4720c4ee4a2c6;0xce2e560a;0x6eaa81e2L;0.500000;1503188710;1503188711
1;512;8048;0x9e7d943bd47a68d4c8a4acaa561134cc0c451b44727b43a399ae756728e380c6;0x053d765cc48e7c52f1cf8fcf71c8950bd4e4fc8116bb83898d163552b66645cd;0xfbba46bf;0x16bb8389L;0.500000;1503188712;1503188713
1;512;8048;0xc99f66c00945b43be4582d521bb64ada5b4d2fd2b9306e224c632dc74f5a7718;0xbda9f55b5339812f00c4bd5ca694008e6bfebd5d546278d5226f8a3acfac3ec1;0x73f5d467;0x546278d5L;0.500000;1503188713;1503188714
1;512;8048;0x617d265b7f058119a3375546821d53f06b4923f1813e3993cf8d536e356bb397;0x1cedf71b53c1912c06fd0b7f82430f6310cb011b497b09c6ee74b4fc8bc9a395;0xe77541ff;0x497b09c6L;0.500000;1503188714;1503188716
1;512;8048;0x04d1df4ada245693f5758d4b9df9680bdec13e343200bbb2bdb84ffbdf3abfe4;0x2349b6c708d982ee4b09d3fe7bfa4ebfb78aefacbe909411ae74534594cbd8f1;0x1889a982;0xbe909411L;0.500000;1503188716;1503188717
1;512;8048;0x2c58ffd8bc737356ee85f98db6b011e272adb4eaf81c028a10f16c65748e95a1;0xe7435b930108290727244c6c4ca61d14503085fdc3d632aac5cc8aaac9b92951;0x24c79e42;0xc3d632aaL;0.500000;1503188717;1503188718
1;512;8048;0x62891d7f46b4439ce2d258d6f54b09c65f51b8b48a9438729fd85a67145b0176;0x16435028c67569160999f5c57bcd79675e264d64aebc0644e0b94b97a563f565;0xc5811ba7;0xaebc0644L;0.500000;1503188719;1503188720
1;512;8048;0x96656e9c973bec3b037ed285af2092e9ca897ed59f8d9d6941bd613565e936fb;0xd61b4295e486467ceaff47176a05ff9a81fc87930f7097ae6c32e7bbfe079f3c;0xf038bacc;0xf7097aeL;0.500000;1503188720;1503188721
1;512;8048;0x68a5784634ecca9e25301884aac47cbf3b9bf330d15228ec590fd21e45bd2aad;0x48705b8d31bdce9708265a43399228d608673688a0cc359cbfe973e00fe492ad;0xccf70c65;0xa0cc359cL;0.500000;1503188721;1503188723
1;512;8048;0xd5e5bbbfe5849d557afff097c04f4787dd7696c556e24cba40c9bddc261930fb;0x597abd58f0f56a113d684076089ec32a270c9a2a631a4fb043cbe5a1306426ce;0x424f8cef;0x631a4fb0L;0.500000;1503188723;1503188724
1;512;8048;0x67ad6e8a4556d9a0995427a0d7f1bab8c79d3266440005c4fb7f97bbd58d9a3c;0x441de9d49d86f4972af1b8165ebc89d0b15acc3c406a075fb7cb67a7a78df3ea;0xc918a952;0x406a075fL;0.500000;1503188724;1503188726
1;512;8048;0x3297fa335307942248a8e453fd3c1c63bc97b287cabe3bfd526e0c4020892052;0x82f1fb23ff7bf604db1d674fd5a8d7d8fd9256fe516a98f08a12f6230456b203;0x86e616fb;0x516a98f0L;0.500000;1503188726;1503188727
0;512;8048;0x9ce05e4cf0ec4ecb0ddfb454163e2b681dc2cfb91ea54d2b54946bf4db88ff78;0x3ff9cb154700738ea19249b8f119a7357510a23edbade709d19119f67e7f73a9;0xc8d75eaf;0x29108201L;0.500000;1503188727;1503188728
1;512;8048;0xcfe3cf6127ddadc96513bc8b42739d50b3d781dd8d942717eff7af18680bec37;0x6c6e2df03962f99b641ec99b74da90ac98081e715815a5640ca69ad48cc9068b;0xf855d4bd;0x5815a564L;0.500000;1503188729;1503188730
1;512;8048;0x78bd47f84d6d819188c04661c4c95b7683e0816470d33f576eff0d48f5ad596d;0xdf1b2270a3daf21ffb602e70400f3f0c42afec8695d9b39fe440f74308b95cc4;0xce41e991;0x95d9b39fL;0.500000;1503188730;1503188731
1;512;8048;0x8d6168b2ff5869a74b972532b2527bfe73b0545c7d726262a7da9bdb036ba191;0x8ecaa48e60df19c30342ce40f9d8c9206b4af3facd2ee62dfdff11eb4e1c7807;0xa200496c;0xcd2ee62dL;0.500000;1503188731;1503188733
1;512;8048;0x8f93a66c15a872aeb396d9ef3eec476e12ea5655392c7f974acc933d05297295;0xb5b208d332105fec5292add1769759833f088aff9241466b5a129f251f1dec6b;0xdb18f013;0x9241466bL;0.500000;1503188733;1503188734
