1;512;8048;0x5e8f8b5b3e7df3225ebd4ef81c95c46da26716f6f8eba5ddce928c1ee1b8b63f;0xa907302c0a44d1f5f6547ac5a1df4b89885c5be72cf67ba815c2cfa351420152;0x7ea099aa;0x2cf67ba8L;0.500000;1503227930;1503227932
1;512;8048;0xda9612bbf69d07caf87dbf66481db31d397c4b81a6c66a6ca0683feda3d5507e;0xef885eed3535db3f8828865c84386ecd1d60b04ed1e9fb6c1897f366cd407c20;0xa3b0a8fd;0xd1e9fb6cL;0.500000;1503227932;1503227933
0;512;8048;0xb14887f779b37f06623474a4149f8a235b1ab967c3ed111d98afe837379755e9;0x364e49e6e1dfd556ff3e7bfabd275a84b9d85e1e3907b861de574495895a2cf3;0xa00aca3b;0xbfffffffL;0.500000;1503227933;1503227934
1;512;8048;0x2999cf3708462836fc09f3a5268ea954e1d249c9ad62c1ca80c9e54eb46eb6dd;0x5ed2c41045a215c6de1e3c563048438fb982ac807098837223a68a2f99f4fa17;0x62cb2699;0x70988372L;0.500000;1503227935;1503227936
0;512;8048;0xb88e2fcea024245f052eae85917bbf795da30ab17b83cc473b4245c30afec7c3;0x07e10906dd29e6665092f95a2f7f7a8cc18f56e8d7f94d3ac8b4a40bd6df0c8c;0x9cd89920;0xfffeffffL;0.500000;1503227936;1503227937
1;512;8048;0x274a6c01d0887f0101360eaa0dae26141f3a2cf71218c311946a5021b42076db;0x5363c82cf6b5317c390a0b3d724e1910553d9af8e07b749f2395d113582f7045;0x1e061f6a;0xe07b749fL;0.500000;1503227937;1503227939
1;512;8048;0xb6ad8d6e5cedc787985387ca82c5906122c5e584acfd97149c3a67110ef3d7c5;0x83a901f74942060845e09d83cdf4d30a533e30b01d5c88a61bb7fe61e1b5ecb2;0x863cb258;0x1d5c88a6L;0.500000;1503227939;1503227940
0;512;8048;0x5267fd17931905d866e7ab7aba0c11cf2edefc4e156328b3a16fa7477f0939d1;0xe711d77ada0644fd44617414f9ce136c45cab07795254363170fe0d8c3219d30;0x5358b5e8;0xffffffffL;0.500000;1503227940;1503227941
1;512;8048;0xd5206329b082e9466ffe252985e477aad4d7b569afce560b0cbcb761a46f0979;0x25e1e3259b425627c918bac36b5831cd5fb626d46e8a816819d382d536fd96b3;0x19318afc;0x6e8a8168L;0.500000;1503227942;1503227943
1;512;8048;0x53619c98471d517d6c33e70ff521751ec07c244b99be419e505f2f41a9b3b4fc;0x97737652d0e8aec240b9d065f142afc51d1f2bfe254e5e69b1fd8fc6aada2952;0x9b750796;0x254e5e69L;0.500000;1503227943;1503227944
1;512;8048;0xd30f20a4b79b205b4f94a517f2557bcccc1d18a79c09e2808649d2ef16a965e9;0x8be9a97d01d695183ec41855fe8baa8051bff734a1d83b37c4adf9dec0f335bc;0x714cf35c;0xa1d83b37L;0.500000;1503227944;1503227946
1;512;8048;0x03a563707e2379f7c6ea996f1220248f83b0e840e38687b1efabe919f4129bf7;0x5f19e815a4aa5625d1cc8509e4714290668e59e6c5f930f4736d1b63e3493c6c;0x5e369a88;0xc5f930f4L;0.500000;1503227946;1503227947
0;512;8048;0xaebe57e80738faf06064790a606d7034442ea04e5027bacac94db1ec65436013;0xe8f0532499e3227e482f89ca43e16d98e629a18a2247005cd74000b5abc0f319;0x2fa0c9af;0x2820115cL;0.500000;1503227947;1503227949
1;512;8048;0x51dc563a09a3a5fabc523908c4d9e20e5809583dee614ccc0ea99bdb695573bb;0x68211c1dbb828f9927d02f9734a09017aa55989bcf17d12bb6d020678d217269;0xc551a374;0xcf17d12bL;0.500000;1503227949;1503227950
0;512;8048;0x45edd4604b92580c4381cf40558b14c48e5f7fad671559852c78e6c5ba9959ff;0x6854f71567eddc1ee33ccbd0e7bd6378a78b76db9401ec949245bda1e596918d;0x2cb8603b;0xb401ec94L;0.500000;1503227950;1503227951
1;512;8048;0x3ae31b0a99b90527af0c067cb5756bbc5e1d424752403a629884441603a3db3e;0xc7bac4484080ab19da386851d3c359e7974ebcac443a6d0930cb29e3fef0dfc0;0xe697c211;0x443a6d09L;0.500000;1503227952;1503227953
1;512;8048;0xf66c0b532364c53dcd0ac2a8ba7d65377163a517e8c58ec88ad039bc7c9d8672;0x2f0fc50c0146277e342c98b443090b80652745c636baba51219014de7b354976;0x156c6433;0x36baba51L;0.500000;1503227953;1503227954
1;512;8048;0x129da703b2da2b412943279c3d23a65ba1979f3c056d9153cfb39475fc8e1c0e;0xf31eabd54a6bcfa03a781d622de7320dcc3bf4aaa529a70bf3bfd6f1ff46ae8c;0x1d11c249;0xa529a70bL;0.500000;1503227954;1503227956
1;512;8048;0xb20aadb1063fa190ebfbbfb1e9b93fd18221123466f3dae1832f9ca479a29e2c;0x2a78bb7b20beddfe1d1e540acc5c8cbf8f47b1ed76e085e5eba466a8a1127f96;0x72d17809;0x76e085e5L;0.500000;1503227956;1503227957
1;512;8048;0x07328c86cd058d42778d258e8478eae12fffd13fda6ffb29831360c36232de69;0x43459760ea71ff8e6d118fef9c9ddd5cf9915edb0b46185df2bc3e0dc4d5eeb8;0x8ec27159;0xb46185dL;0.500000;1503227957;1503227959
