1;512;8048;0x6eff77c31beefb053fa2adb89ddac1f6225ddaa05de6dc589734fc13565103c4;0x27063fce925d6dd50d115b545282c89653a39a612035876408d01aab316a43ab;0x950fc0e0;0x20358764L;0.500000;1503093958;1503093959
1;512;8048;0x2794c1e2534cd310c7675937698faa8ed600b17b31f09dbde322c9872822f44f;0xea62461d829bd9827579d6743ac3189b30310c25520d95cda5f547fa2e4f7d23;0x0f7fc523;0x520d95cdL;0.500000;1503093960;1503093961
0;512;8048;0x12f88fdb8ef532ae126a8361e2d33ebb44de0ae7fb2d50fffa03cabc041cca16;0xc564559231dac6622fab7aed5e796def1c0d8e5ee7079cdf35a9d14e9b0dadcc;0xb8b25348;0xe70794dfL;0.500000;1503093961;1503093962
1;512;8048;0x9f4e6ef30bb32cdc932213b0e1fe787e6a52ac9046dcd26589a3b316b3e91352;0x0feeb8da94d355fbe5d3504a9a69a5e6027ad91a79c806a75859ceed5be20422;0x6cda63df;0x79c806a7L;0.500000;1503093962;1503093964
1;512;8048;0x8766578562a6dcbc402c549fe7fa40e636e224b7caf17d0f8745bddcfb2f2982;0xfe1a2fe8a719d07011b2899d622e4e185d714a5343cfe2c86c2f2cab366c23ec;0x9a00fd1a;0x43cfe2c8L;0.500000;1503093964;1503093965
1;512;8048;0xb8360e191e2b2c16ff033dfbe4a2cf1362f1a2916decb3e4c2ad8e03f6af39af;0xa3d83aa4f7fccdc922c42f9de6c0424da52e1cc432e008d3dc8506e8e3d2b576;0xbc0c6fd8;0x32e008d3L;0.500000;1503093965;1503093967
1;512;8048;0x1a575656f848e343506b38e75e81c3c26e3380c6a4451a211277ea90fad65114;0xc0476edf556897d7a9fc3a8faa40888bcc43ec3f25924291f954e82eb879def4;0x8958e6c8;0x25924291L;0.500000;1503093967;1503093968
1;512;8048;0x55421595127c00255148a91148ef81881e6d236f58702f64a8841e59655ee1ba;0x084812c9c793c6747475d36f6b1caf50eacfef6412fc40f09e682a9591c1861d;0x03f9cadb;0x12fc40f0L;0.500000;1503093968;1503093969
1;512;8048;0xc4dc8c2e43b457418e8fed00f807e34ef357105387509c35a5665b6c97841b5b;0xfafbaf6a3020eb16236cf335b8c567553640a97c483e46b1c41289b3a00fe1b7;0xa1b786ad;0x483e46b1L;0.500000;1503093970;1503093971
0;512;8048;0xc4127ca6f074fe6fea92a45d76a93d39dfcff9fc4b6f1fc13aeb8a62bb6b267f;0x89d939b5971530c96ca1baff657395a8a6dc687ddce0e605c57d55b9f1e8a727;0x916fe143;0xffff8a68L;0.500000;1503093971;1503093972
1;512;8048;0xc81092454aa4ebe0ab87d9535e338bc250cb2c7702772c486891f88cb6ee907e;0x00369036fb9bf2adcbe3caef73a3376553411129e82208a3707b49c7f6491b21;0xb9fd8c6f;0xe82208a3L;0.500000;1503093972;1503093974
1;512;8048;0xfb9cf845ced7e05368572dcb07212a5b0f6cedfa085f81015931fdd2a78f44a2;0x32a8b410f585a85281b5a1b198693ef0b819ee9e62b9e8542bb82af32adf7a8d;0x36e3be75;0x62b9e854L;0.500000;1503093974;1503093975
1;512;8048;0x1413ab2f792579120dc362a14bde6fca5a90df5f98e87fd6d7283ecb8987219d;0xd8fd017c7b3179f9d97a6930db984f6d47a7bcf38eb90b194b9ec6e83804eb93;0x09f078eb;0x8eb90b19L;0.500000;1503093975;1503093976
1;512;8048;0xef9ced94a3d94060f4614243b80a05839a8888848ce2a4b42df4c91dfe8e84ee;0xea2bb60d2384de60eec2ae310532ca42789bf7a1d33130f335e27854a6903dfa;0x7ac252a3;0xd33130f3L;0.500000;1503093977;1503093978
1;512;8048;0x3d34a401571c12672bfee152af151b98db258ae8f24ee6bed1a05e0d570c2895;0x89a88d009868d99b29b452bdd01301f204a4065a8d0a8f87025346059d21a965;0xd750489f;0x8d0a8f87L;0.500000;1503093978;1503093979
1;512;8048;0x87a7bf75014c0ea149c90cd3192c2919042865ff38c163e27c2604cdee91e676;0xaac8e212a7683f81084396b92ca64508d87039e7892aca390892170ec4b8a366;0x2b6b1e33;0x892aca39L;0.500000;1503093979;1503093981
0;512;8048;0x14c43cf8419e2810e667a82fdb21f2adaf8f212059da30c2539d5491cedf22e2;0x7b308971d6a615b680bcd703c2f19aa48e532e804eedcf322f1d7c99db185674;0x48afaabd;0x40acc132L;0.500000;1503093981;1503093982
1;512;8048;0x39c1d43404b127146c31ac5e8fb3928e53671839c4faf962c5ee163aea9c4723;0x19a198a044108de7213e0aebf7048897d717e1666c375a471a36a0a7e30656bd;0xae3dd52e;0x6c375a47L;0.500000;1503093983;1503093984
1;512;8048;0x5abe9adbc1627276c432dbc362696e51a9ba68b96f409afe651f0f81db564235;0x36cf94e6cfd1c69a81ff28ac434d2a135c2d4e5c29d3b7a316e442cf7b7a9fc1;0x7521f49a;0x29d3b7a3L;0.500000;1503093984;1503093986
1;512;8048;0x179fd864efecb607d6853ecfdc001e9761002a7dbdb2ffa1b44ce018c60dbade;0xe8c5124a3470478f9a9c1db327dfb5956fa563b185eb9a3cf15f1a1a2a0145ad;0x63a94914;0x85eb9a3cL;0.500000;1503093986;1503093987
