0;512;8048;0x6e2a8b3bcac68057dc841751f81897693489a19b6aacebfa56bec96f15622a84;0xf6889169eef886ee58c87222f9d284692ea375ce07a2d3042e775a3c176da244;0x31b3ebbe;0x2a200249L;0.500000;1503109262;1503109263
1;512;8048;0x4419188f2ffd5e50830006f708eaecf386d8b91338e0c9b09db28f00ebc9712f;0x7d3fe01492ac9531aa3a5f3d27cd54c5ccbd599323b996c47466aba16e6122de;0x05ceb041;0x23b996c4L;0.500000;1503109263;1503109264
1;512;8048;0x0a89655235f40de0719d8955239fb8127951ff1a31fad75a59178e2a70fe0d7a;0xc19c94f77943be9e98410382884d08871f31f31f1beeb1e2690386b11d020645;0x621599fc;0x1beeb1e2L;0.500000;1503109264;1503109266
1;512;8048;0x8abf98e1822c660deac1503e1ca5fdb354972f919f62a806a11d23312b053ab5;0x87c457606b6721c409411c68580e2ec7730ab5bb31676a709922c028f0013796;0xcba65d97;0x31676a70L;0.500000;1503109266;1503109267
0;512;8048;0xb04f015b4676731d707bd3d26f4c2a3144c379011f668b25f9b7f303afb3445f;0xe42b6898ddb7a298e66a3d9e8e0033dd2a0418f0d7eeef199139280dcb14bf6b;0x7d7d4015;0x7fffffffL;0.500000;1503109267;1503109269
1;512;8048;0xc38a38b2079b3b87be237cb62b61c441cf6827af72f743312784e3c573e65836;0x6df8b5dd04d2ad6201e413b5e565da0d4555be5e9573bfa999b3708618215e77;0x10a26003;0x9573bfa9L;0.500000;1503109269;1503109270
1;512;8048;0x56193a663b707a77532dc9a6df03c7492ea6a09d8b0ad552b60d30ff8f5bbde5;0xfd2ccbb2ba95907c37b13313eb5d7671e4fee7d2c23ce9293c1cc075e978407f;0xd2fbde6d;0xc23ce929L;0.500000;1503109270;1503109272
0;512;8048;0x1b74809eb4a6f36d65f9ea0c898fde4cdfb58fdd3ef9a242d0b32058efcf0d0a;0x93a0c09dba12c1ef64e67a2100d73dae549d93a8c2de83eb532bd05ea2f398f7;0xc3cdbe63;0xc2da83ebL;0.500000;1503109272;1503109273
1;512;8048;0x1eaa582612bf8739daf8429e8b5a065b152ab352cb5aafca839336b100a6961e;0x4f2e0c1e1385d66d8b13dfe1ed20f3f95483be3121232f4bbae85155e74c5a32;0x16e97f34;0x21232f4bL;0.500000;1503109274;1503109275
0;512;8048;0xf5188d4e2bc7aa3a14c2af158aa26e500a92642cd260d4467d8a4b15b89784ae;0x434c9db8d4dfa7b37f23ed4ace36a030762763d0f3c1f501ef7b844ba436165d;0x0a81dc58;0x28812291L;0.500000;1503109275;1503109277
1;512;8048;0x60a48e7806b1f994ac1e0acec8b1c72973627a4c698ea7f07e60e55389f307ea;0x15bf48ec9419520dd62eed71b6cbba1850dccb499eb26214cce2112e59e7dcde;0x5b312ab8;0x9eb26214L;0.500000;1503109277;1503109278
1;512;8048;0xe08529f0bc146cea2ecdf057ad7c896d30d028def8e7e5faf17a0fbcc7438da7;0x9a810bcefca579138d0ff939eee6c24fbe37c6358602a936f56edf96d89e76a5;0xee1f4332;0x8602a936L;0.500000;1503109278;1503109279
1;512;8048;0x054d9c4de22df19d0aade4e5231352d032bf3094a4dc8dc1bb9b33e49b46a3a1;0x31b7544bfd4bbf999ee650e2b5e9f483dc5a1db1c34a8d180958a49cf6ecd6af;0x5705ef3e;0xc34a8d18L;0.500000;1503109280;1503109281
1;512;8048;0x053e5d09a5224806d6e610f0ff62f87e91463286404456dc702499fb8a187f8f;0x0133dd06df2bf5cef34520f31b92039ed768d73f9f904a9a291980d30bea9dcc;0xba52e1eb;0x9f904a9aL;0.500000;1503109281;1503109282
1;512;8048;0xa33936682f221e7aba0a47c88d299be386275e484bae308c8c77878dc4e94367;0xf3c7ca344d4b8ac54e775975b42ce5324f88eceb69623b2d042ebfca5e725954;0xde446b1e;0x69623b2dL;0.500000;1503109282;1503109284
1;512;8048;0x952607f7c8b4b22b9d0301538acea9224631b3acf1c8556057c8e3961fa268b4;0xe7f0e1647dac1272d878e4924afa752d7fb7c68289a144d0c9606545402fd30c;0x0eedd146;0x89a144d0L;0.500000;1503109284;1503109285
1;512;8048;0xeb52b01d5f117fc37fc07a701dcf83921e9ba46cc6eac52dd2297459c3bc50ae;0x5395e1d76b2b5537407e5cc3569f72089ea3bc68c16d7f8a1c21da6344c52f7d;0x86284be9;0xc16d7f8aL;0.500000;1503109285;1503109286
1;512;8048;0x60b3acaf63ff3aeb6c6c5e5e955a232c5c2d12761017cc2317fc16362a5d1e8a;0x3994a9778721f8bb04520af79826a14be5b512be675bb27094c1ca38f299d5ac;0x21391d0e;0x675bb270L;0.500000;1503109287;1503109288
0;512;8048;0xe074723ec03038f1d4264c6fcd7e588547e860a1db55fcea62fb0fac8171f661;0xd2be0988da53181b53f9069552cf14af10728f5000b02b9e8eb51cebfaab4822;0x5eeeffd9;0x1b02b9eL;0.500000;1503109288;1503109290
0;512;8048;0x60b4f8ec3e0ab51181daccba30e3b4a812bd772a99d171b233ae5649464990a7;0x08806bbe0dfb7b0aa3336adb87bc590258181e55d91da6eb96c2814a9bf06272;0x5119632b;0xdd1da6ebL;0.500000;1503109290;1503109291
