1;512;8048;0xd1fbb1e9c0efada5f7c4e643e9d3a367465208efcaee80d4670b317c2ab504fc;0x18c622016b1d7a9b9bf487e0172e6c8d752d68afc75840241d0865262a239462;0xf84450d3;0xc7584024L;0.500000;1503211315;1503211316
1;512;8048;0xb48aede774c5dfb89e0d0e1b9278eb544f8ac993d3fee74bbf2e6b837f40d434;0x569f52e82b9c3e7b29365f347faeb570152c4eb304541fa0057abf95d4fd5665;0xa7ef92da;0x4541fa0L;0.500000;1503211316;1503211317
0;512;8048;0xd1cc35bd5c31a230ce15decffdcdb735d556d0de250f2a8ef93fc40adea5c4b0;0x415ca3c2ec3a662f113d6d0c0e0302f7a48dadbd06fe2b315535830e6d342e9b;0x0d6b0337;0x2fe2b31L;0.500000;1503211317;1503211319
0;512;8048;0xe3529db5d800a9a8cb5584016a7bbc568f51551c601cca995203a2791bebecff;0xdda6bddf915df76846bd2c793a038a39dac7cfe18a713f2aa531d51bb38c9651;0xbe3f9c4e;0x8a613f2aL;0.500000;1503211319;1503211320
0;512;8048;0xf85f3dbbe2ab15116af842df003705be980c9b243c159e598e7df9398d49a985;0x0b268e7dde34fe4037eedaf82671c856738ae33620cfd90f8c427958a4a4f1ef;0x0e6bbcbe;0x4cfd90fL;0.500000;1503211320;1503211321
1;512;8048;0xbb71c089f8982dde3690a691347596896df446c12715dbc40759727d8eba7749;0x82db3d766e33cb75d6d99ce896d61c9645d8f0802937509c0f4199623590827c;0x8093a4f4;0x2937509cL;0.500000;1503211321;1503211323
1;512;8048;0xb2122c936ab0518fc1aba8ebc456073b6997a944245c23e41d6c6431a72e5159;0xc2692c437f639d2b7941d5a0feab4f79282f069e2edf27af724bcfd81b957705;0x95566d59;0x2edf27afL;0.500000;1503211323;1503211324
1;512;8048;0xd9a1a354682990edc27be4bf41777f90c2dd291bee463c0702f6c2327ec3ec57;0xd059eb57f9d5a6d4dc6236dd341cef4447ae7d92c9c9f52b246c9fe1e0be0615;0xb179b22a;0xc9c9f52bL;0.500000;1503211324;1503211325
1;512;8048;0xf98992d725d2708f5893936f26fc976a7ab58430ed0d77b74d6ab20aee87a1e7;0xde0fe2f92962c80afe9a3c271c58afa0c3af1381e02bd2f3c37a7c5eab6f829c;0x4f343a60;0xe02bd2f3L;0.500000;1503211326;1503211327
1;512;8048;0xa375de15d7c3efeae0db9ac5a5af7cae497cc0790bac2d946009ec107f2fcc22;0x4cbe85fdf38bd19701f4aeb33418a1744281434079bb07c443ba70a66a5ab307;0x18440b89;0x79bb07c4L;0.500000;1503211327;1503211328
0;512;8048;0x38ed341da6267f6ba0df71e83153dd109141006c86bf83ba58bccb9e8b2572c4;0xe4f2f4a071420e6bceb6dfa6440b820cdbc600feddf3cd4074685eca2163010c;0x698bae92;0x9490242L;0.500000;1503211328;1503211330
1;512;8048;0x61b6d5023242c0834e55163c48c41956daeb7a314104141dd30e28b2d490f935;0x0e96e3dce691f37a3cb3b5d08784e41b94b7081888ceaca46c6db6a2c1b584d2;0x27d2b997;0x88ceaca4L;0.500000;1503211330;1503211331
1;512;8048;0x67e79e2a597ca73f5a9e359e0d3462e564b13c1229dc97f34a232c2c3683429e;0xac97230f676c931945c1f5b04ee703c0ac955d55ad1ee976a8d7e05fb0ca01f6;0x565487f4;0xad1ee976L;0.500000;1503211331;1503211333
0;512;8048;0x971dc96ec84337a8616673c0d18a1a3b88a3326f8481ff71a40dd67b60b32df7;0x370531b6a4a9c1bc8503a48aa478463ff3bcad5446f9d7e36bf444168c9175eb;0x411a9a1e;0x46f9d7c3L;0.500000;1503211333;1503211334
0;512;8048;0xd7c0eaf57994dd83d7b4f6ad04a871f76455cc38d036dc72e1064534c2341b99;0x191c13e177435f1e96d63046f5fa00fd80db597059c51e02324382d35234d4a9;0x49406d12;0x5ca4a001L;0.500000;1503211334;1503211336
0;512;8048;0xb82c0bbea9baff2160598756bce170bd89d2be6a4186666cbf2de05ccbd33a83;0xd816735a1ae75074bf157daaed5a793d5705aa7b6a67de904fbee122597fd04e;0x07ad96ad;0x226c1142L;0.500000;1503211336;1503211337
1;512;8048;0x2e1888c69e3ab39104738fedf9867feaabf354825f27af2b1de572123b4a7669;0x081ece2eebb5ec06c70f24d7aff5fd951ebdd18f1892660dc62d2b8564291cd2;0xd2b59dea;0x1892660dL;0.500000;1503211337;1503211338
0;512;8048;0xc3a4214a7293f8b94506c2d7abe18e78da2ded298372a006702f3fde4f364912;0x3a3247ca4c23b067535bca86a5094dd5f05bafd30011fd08e7cf5f3948f720ea;0x2b7fd9dc;0xffffffffL;0.500000;1503211339;1503211340
1;512;8048;0xe02874b0bb0d4808595b375c56725477eee308f557f290baa2002d966d10ed4d;0xca2c4559d2c7260ba8045f584c026b923a6f648497db23dc74fa66eec76f1e04;0x18b122ed;0x97db23dcL;0.500000;1503211340;1503211341
1;512;8048;0x842ea0ffa9e794e5a5293674ad9e0ec75d67b2d3cf2598087efc4ecb06a5a08a;0xe3929d32849ced5705476760acf877a653c5cada28f2530bc35455257a3cdd6b;0x0e7766ed;0x28f2530bL;0.500000;1503211341;1503211343
