1;512;8048;0x5b2fe23ea0f29f54acee374e42459f4d1670fa87748a87058330c54dd5ffd230;0x52e3032fa652cc4e745476d004937a40d8437802996a3e5f3873e45460bfafd0;0x8642a0a1;0x996a3e5fL;0.500000;1503242147;1503242149
1;512;8048;0x3edddb3db6155d0ed0fbb57c1e9ee7dc0ece9b78abec28c72b5aad8317acc755;0x103dddf9eb16115eca586a6c3869d881a7f8afc088553b24e0df6b9dae9c8a2c;0xb85b22da;0x88553b24L;0.500000;1503242149;1503242150
1;512;8048;0xa3a0802f76dfa1aeaf1fd423f7839bcdcb2fe31e6fab12a8c0a52c0c55c800f8;0xe7dee710b9d91490f18f2efabf413623ba56f5247c32afd512e886e9ca4c442f;0x62959eeb;0x7c32afd5L;0.500000;1503242150;1503242152
1;512;8048;0xebfcde68a33b7a2c8ca9d0c1c9426a9b37a816649da4dc369e358fd73cc55828;0xf87336adb82c08e37efad3c44c672387f6b86c79a068e9d0c2df02565edf7cee;0x76ab2123;0xa068e9d0L;0.500000;1503242152;1503242153
0;512;8048;0xbc88ed38b70f812edc999348dc1c4728df30b497c459c1bab70ba4c938696af4;0x6c7ac9d8874e109ad11e2f98a02823869e64da9d87cc3200dda3ab1c71237bf3;0x931befc9;0x2c108a01L;0.500000;1503242153;1503242155
1;512;8048;0xd7181b6463cb2bc6d5c78142f3eaafd2084e3706d71a1124f19c60e0f627e3cd;0xa92bcdc183fdc29f9e3193ab08b71f242b1f6ce8fec04c3727d20781383b4c30;0x5ba53534;0xfec04c37L;0.500000;1503242155;1503242156
1;512;8048;0x3cb9e2e5d67b15cadcfb512d9aa3fbdf3d7155c371397326d2a10b1260e1019c;0x74a32c66b2c7c62c6df92d27958f9b6601725b2fdf20b7bf64a64df0e7317f0d;0xf028374b;0xdf20b7bfL;0.500000;1503242156;1503242157
1;512;8048;0xe0a34fae8cd56e23296c4f290375f3c8c22126636fef5f860c643d918d321c6e;0xc662c0a9caa91c05c9fdbcd7df9056b1f2d7fd0be4301558957d597951d2fff0;0x5ee0c5f2;0xe4301558L;0.500000;1503242158;1503242159
1;512;8048;0xe2ebef60f29f4b1cc3bfaebf47b204c9a9db31291ee941c29c38bac45a351f3d;0xf1a74200ee4c5311be2d626848f568395d6404f104b7a59ff830112107998b66;0xd7b414cc;0x4b7a59fL;0.500000;1503242159;1503242160
0;512;8048;0x8401d9065c510f0b780a62e18b171ce3e1b56bbb135a2d74293d75698ddc3f11;0x48fe0442c5e1427d7856c49c40253b319792c5fc6843dfdb77ef35fa0cf83d32;0x34a0a9a8;0x6847dfdbL;0.500000;1503242160;1503242162
1;512;8048;0x10d2247673edb376c3f4e9cde61cf689350d1f047e0d6984b708280f9eb026ae;0xcf800f89c0109b522e14e95142bf15d6e118814cccfc95a1126279f75212417b;0xfd70522b;0xccfc95a1L;0.500000;1503242162;1503242163
1;512;8048;0xcd2c0c51c434c802bd05f6a28e71d5f1b7a4f1c07d5c3a90ecc686644baeba18;0x933c22724bafdafe2f9ec484abb43582501b25af3f4d84a73900bc81889cd438;0x096958d1;0x3f4d84a7L;0.500000;1503242163;1503242164
1;512;8048;0x37ba1bad2a4d79c01eda14f28df8671f96adad9f45795ff4df66650daa4cc7e1;0xbede2a565b6c2eed9efc4534b8f5fce8033c2a2efb9d8bd9ab3fa1776667267c;0xb7ea6199;0xfb9d8bd9L;0.500000;1503242164;1503242166
1;512;8048;0xd3a418c5a14be1840144227d26e80ab8eee0f9df3e28cf27845d66f9fc7883cf;0x1726fe8c7b9d0a5c0756f1d30a827b4a1a0cbec69b9cfcd0362058a6594c0410;0xa0f740e9;0x9b9cfcd0L;0.500000;1503242166;1503242167
1;512;8048;0x5119aeceadf222fba3390c35941675c09f4e380d71f028e983b62687110b0363;0x0a367b10fc581fc4dc2180dac32485729168e14aa2d5474de5e0e317468c81f4;0x253e20ba;0xa2d5474dL;0.500000;1503242167;1503242169
1;512;8048;0xafa14903b4a68951cd331ca0bad634d6a2a4af12c341e495347d5328567c9506;0xe810b625fb0775baf26d673f43b56538f8126cc27cdb4505bdc3019e52cc4187;0xadb2e0bd;0x7cdb4505L;0.500000;1503242169;1503242170
1;512;8048;0xb3c6f1972cf88d4ab382fa7c8c092d7da6ad9194dbca826fb0c38fd0a1f49e54;0x8e0057b532fd18d00e5398876b81b402196326e9e1b03a4e84e8ce62addf0694;0x3ee7f4e9;0xe1b03a4eL;0.500000;1503242170;1503242172
1;512;8048;0x5f1f910ec69d60165aa973a0f7ee41d3abbf3329274916e41045d9e22de6ee8c;0x69649e4086aa3ab913312953d15574337c949b3a7589f73295381dba49c580df;0x46e8a5ea;0x7589f732L;0.500000;1503242172;1503242173
1;512;8048;0x1b7b1ecd7f05091336541e86b07f22affb5533c9ebec02f67307694a20b6d73b;0xe265274c1960682819397b09ac7ff46546b5e2be10eb54aa22915720bff57d34;0x1744608b;0x10eb54aaL;0.500000;1503242173;1503242174
0;512;8048;0x6ba8fa0a1b020d49003f12741d95672e32fc5439310b8f5609c391e5828b95ed;0xfc098d29642e1c47eadd9fefd3948985c276312ed5c22e531bbc429586c1b646;0x48df49d4;0xffffffffL;0.500000;1503242175;1503242176
