1;512;8048;0xf98577988803a32463840f8199d71cbd52a2f21f2a93d73ffcbc2d2738ad3432;0x0b56de51464151399df86409fd7bbf5b3071f97f4abf4115b59c32ecdba3d7f8;0x8fc6c167;0x4abf4115L;0.500000;1503232693;1503232694
1;512;8048;0x5719e059dd313d3ef69f4aa197e1a09f110a40e2d037e6441f06fc4e556074ad;0xe4daa885da371795de4d36cb505b5958417d2e28406d81e1b5a4588ebc7a7511;0xce8cc48c;0x406d81e1L;0.500000;1503232694;1503232695
1;512;8048;0xecba1d80d2caafb4afdb9ecb000378cb03e4524e4b0035b6577f393c88ce9374;0xe6b95ea406a868f22f1c6116d93e5959682cad50e558f86946f0d19bd88e6f81;0x7fecb6f8;0xe558f869L;0.500000;1503232695;1503232697
1;512;8048;0x01c8bf311ababfdc5062ac32ab4906f7ee92d2dd0b071dd27c61f370eee1f5ef;0x53165d008f62a0b3ba38f9733b64556277c08021415e7f5b7de6a6240fe573d4;0xfd87b41c;0x415e7f5bL;0.500000;1503232697;1503232698
1;512;8048;0xe5ee27374102f0a71515c26d7a40cbf92bc3cf5493042a6d451d39e2267b370b;0xf590366af9476e05619ee5b354425e344c06721cadefa1d9e1e8715228255e6f;0x4a1e4681;0xadefa1d9L;0.500000;1503232698;1503232699
1;512;8048;0xf11ab9c71f128e394456c2cebc17377a460505dd43a096276c0eddec2e72611f;0xf2ea51159726c824031542ade75dad040e102188ed9903f9bc043da2bded6196;0xd5b4f55d;0xed9903f9L;0.500000;1503232700;1503232701
1;512;8048;0xea233b48a39df2b30a24df2a0590f1295a9e1f401fbbef81d787f75c68c0c052;0xf961f531d5dfa97a9ee27fd9aa81f7f584d3749e3fb29a5aeee85153910bac44;0xc2c98635;0x3fb29a5aL;0.500000;1503232701;1503232702
1;512;8048;0xa20ae7f97980f1055f377a08fe3b722ddb941b5ca47c4cafad2d42c48e8e5030;0x1ee1c7b4b68221532e2961cf136c54a46b2b0bb029f955ad08444ef7d2c3d0b3;0x60df57ac;0x29f955adL;0.500000;1503232702;1503232704
1;512;8048;0x1ace2932b8cbba5d665134292595056897f7f389c9a745e57e1a052263ffc07d;0x3eaca3d57a5b9c18381f3051fc88f5b434b8239763e0a49d372a0aacb65ca3eb;0x8eaeb850;0x63e0a49dL;0.500000;1503232704;1503232705
0;512;8048;0xaf64cd6c86e59a0546ff24995e37bf857f13d58d0e43df7b026deac943fab2f2;0xabd433722e066bf4c1aeba68c5b64a7223ee87425a53e45ef6cfe794a758a19c;0xd7af1ce6;0xffffffffL;0.500000;1503232705;1503232706
1;512;8048;0x21b561d177a133f732ed161bffa3d177d60d95ff790467505afad9144f386770;0x4f300d37bcf3dd51066d5398ce80995c7450ec706049daaf25571f1cf6fe5992;0x027a55ec;0x6049daafL;0.500000;1503232707;1503232708
1;512;8048;0x3464d5dc67a552c3cd1ba432b2674d20ff81b2b4aee83682f5ad2a1d5289b186;0xcdd77b61cdd91971c1b0b0fda3e428e959e5a4cf23f03b52277f1f6838f397f9;0xf9d6d07e;0x23f03b52L;0.500000;1503232708;1503232709
1;512;8048;0x5abc1a6c902c6f6fdee7c92a21a45b573f192ab06e32f2398f7ce225f267ff4c;0x258cff8d38eec56d31abdf3a3c1a5938654e4b7682d092c1b1d30f272707002c;0x0ade61db;0x82d092c1L;0.500000;1503232709;1503232711
1;512;8048;0x724d484953ce471139723ebe06e8a80f8d99625dcf7d7b96dedca8fd5a8133cc;0xb037ed84cafcbb7654e23f9ee1265fefbc37e4245a2e71c6e97cda15eaec6a93;0x947a5f72;0x5a2e71c6L;0.500000;1503232711;1503232712
1;512;8048;0xbeb6aabffa29c261273be334d05e19b12c42b31262a9e598fef5763a149754d2;0x6c2d1bbe58bc68b703e198dc6bf501c8b9277a02a549013362d6bcbe5f3facfb;0x5eaa19ac;0xa5490133L;0.500000;1503232712;1503232714
1;512;8048;0x42a6253a58a630e459bbe8eccbc54afa4b71d4a81c228b4cac55ca90a641f8e8;0xfeab7937cc546abb9d27d5b255c49151de58c3c73223795fae2d74e56d30e8b3;0x2dc3d9aa;0x3223795fL;0.500000;1503232714;1503232715
1;512;8048;0x8f74d999f4d406fe78ea90c22a6f4db8af2fcc244bbc7de9f7edef3fde3d3e6d;0xcf19706babec019b937d6c5c1beca2bf575ad5980afd11ca50d15673939c0afe;0x583c9aa8;0xafd11caL;0.500000;1503232715;1503232716
1;512;8048;0xa29321746fe597fd12f7c533aa3b734e4c8f649a1bf625087d26e47716a552b8;0xd1b0ac8c675463ef3f6a2ba005f95ce45de0a240d64cb771a6e42ff9c14bb7dd;0xb347b621;0xd64cb771L;0.500000;1503232717;1503232718
1;512;8048;0xb27ba64800b6e1d2cfcde291b3b11f6fdadb61f5678ccf1847f42ed282f47d34;0xe352a6c788d7120c0cf5f66b546bfa3e6392a332880ac699694a4fd236479364;0xe7b033b5;0x880ac699L;0.500000;1503232718;1503232719
1;512;8048;0x589ba6989d43db322caf87a4b3a08209859bf8323079e7808a4ee3646dc08ec6;0xf2c6c4ff5e9947daec1d2106208e95746be7a5941ddad04a34203cd91c580388;0x8d94f3c0;0x1ddad04aL;0.500000;1503232719;1503232721
