1;512;8048;0x58ecc28b333ac381ee6c9660f0e44ddbf7ba11886c71a568adc169cffa43ea52;0x16be3fbbf1f42f73bc869f49ae961bb72f2a5cea6c34ce778c4de564debefd3b;0x6e865368;0x6c34ce77L;0.500000;1503080569;1503080570
1;512;8048;0x6b0b8678944a072fd879c1ca12501535ed38c55a9a1964386b9d855406290c71;0xbb909f4f915c7dee30eb40cf39a8d72ad6f2709dacdc20c174add1838a318019;0x8f72aa9b;0xacdc20c1L;0.500000;1503080570;1503080572
0;512;8048;0x4e3aadb9f72e00ebdd2b5ea1c9d82a32bcd928dc425b6529db37a40a52f44da0;0x1fe34a466a52cee5be909368c74973a5ef092a46000f39e02eedf0d811f0da25;0x2d5de990;0x100f39e0L;0.500000;1503080572;1503080574
1;512;8048;0x20ed02149089af0ee86fdb127c75331daab885d334fbd6952dce97c5976bb0b7;0xd2bc0d3256ea5e9b61a0a9fef87297d19e3a3fe1d508236382924dc209895a72;0x47f0cce4;0xd5082363L;0.500000;1503080574;1503080575
1;512;8048;0xbb58f09ad01bebacd6abecf29de79ffa4f8cfc7f064eaa349b1b70d5ff5c6dbb;0xf7c94e485409e2901f94bd7e3c267d05d0db1df6441b7c4ed57cb07de5e14783;0x75c2bfe6;0x441b7c4eL;0.500000;1503080575;1503080577
1;512;8048;0xb93da115631d4ff4d404b9801c4004c5eb5b4c6ce7a48224899e8e74de818b97;0x6824a90a5f76731d1033f25edb1ebd6c84d7eb55da99214d6d188d6293857c60;0x16ff40f1;0xda99214dL;0.500000;1503080577;1503080579
1;512;8048;0xdefdf063cb3c957020454e58f5786b0eae72d6b756447beffb5cb8f6ae899c8c;0x83a813caa9df822a38a098332ad07314e890d34c97f52630931cd37ecd230ccf;0xb5a035bc;0x97f52630L;0.500000;1503080579;1503080581
1;512;8048;0x4071baea2f3225769eb0d8cd7871ada116f0d9da71e0af305659b82e3b56cb7b;0x4302c22e7874087d408507094327c6d1581e980b08f6bf9edd7111fbe1368055;0xd47fc606;0x8f6bf9eL;0.500000;1503080581;1503080582
1;512;8048;0x0dd37ba536b35e0c6af347abaf87a577384798cb87e9acf0c39cf4524c54d059;0xe4579f8a3399875f0ecb0f1d570fe51b5ae0f2abe074c41c135f64c386bfa8a2;0x934326fb;0xe074c41cL;0.500000;1503080583;1503080584
0;512;8048;0xb3eed42cb1f7604fa60a7bd3a4803b189df23ef9af5f59927d2d6af3131930c6;0x3af609b6530dba20c37b77b9ee1c38ab5e29b202dc597c08852a1cbc08aa97d0;0x862a66f5;0x8082a601L;0.500000;1503080585;1503080586
0;512;8048;0xfc4f20f336981f0c94f95ac803620fcfb21fa95dcbbb9f6b671cc5515b1e5557;0x7d907ae3ccaf3b52245da7490208ff73fd2fcf1e127cbc10143821edad357671;0x0fc8e8b5;0xd46904a5L;0.500000;1503080587;1503080588
1;512;8048;0xef8db0793f27ea77ff53a2a844688815191a540cb9fe90f7dde46eff5029563f;0x13669d1e7f443fd1ee0c3df0bf1889e7714a8a6f08870f63f31a565e241a0647;0x3e24c912;0x8870f63L;0.500000;1503080588;1503080590
0;512;8048;0x3258a66cd2d61b13a33188b145e25d1b0295dba6dcd882544e5b3122252efd57;0x1d53116a637a3b37d46258a4e6be397e0c9bb0214e0f4b4468028aead2143963;0x4e7560f5;0x10e8a01L;0.500000;1503080591;1503080592
1;512;8048;0x5a74ab11f603b03bab43dba9b1609cec7e6b2ee17db9c39a5cfda897057a3060;0x40a8418d81e6ce6c74fca88cf9086a83f627a72ce8aea494f218328a34e8672b;0x9d47175c;0xe8aea494L;0.500000;1503080592;1503080594
1;512;8048;0xefec6a1bb467f8c941a4506adbd9b68223388f26c90061f08ef45626d6c9a8c6;0x12444898f8eef3421c7f17e0254d3a3ca002ec36fc3601545be8c41f74a6ec96;0x103d2d08;0xfc360154L;0.500000;1503080594;1503080596
0;512;8048;0x118adf6704351bf02fc94c863af2f5dc2fca76d72223b1832ee054203996e84a;0x3cfe2882e44435526b41eda3af10db7418d4bd0a3743551ac40ff92128460b29;0x229a5d5b;0xffffff50L;0.500000;1503080596;1503080597
0;512;8048;0x58ea099241e3ffb37c19bab1a204f98de0d9c45916427dcf25c3a1c588d596e0;0xae09ea5bc97230158b79fb58f0a1dfd06a376cb037f87f44437b4b65d3b589a6;0x85cbebed;0x4252030aL;0.500000;1503080598;1503080599
1;512;8048;0x7c5f296bcd754e7e144a453e4cdd2118b5add0ea42a6db2a707c48335a18d4d6;0xcfcfe326c85d509f29eceb9ef963f67e2597a5969d407aad6de8f4b08efa1b31;0x406ce2dd;0x9d407aadL;0.500000;1503080600;1503080601
1;512;8048;0xbbd95f8750ca509069ede7399ed39e218423d6ca35841f5c6a5d1e4df863d7b4;0xa0d4499077dbe3f66cb9f69238f96f05e9d0e5a9910297641c85c760a10fad0e;0x73881184;0x91029764L;0.500000;1503080602;1503080603
1;512;8048;0xc73b76369589ce199edea282c2a3b5097160b4a994c3b112733ad7c6c021d088;0x4b6cb0acbe34ccfd9fc6ec035a59e112db5bcd980b9ea846e3cdc006d8034e48;0xc3bcce08;0xb9ea846L;0.500000;1503080603;1503080605
