0;512;8048;0x4d2a675086455e417c7772ad18a6869481247884577766df5eb5ecbcd59ced22;0x08a2f4a4f4c79c824fb60686cc6619e6886d5fd90ee33c0ff6fdbd92bcd96060;0x2a14a013;0xffffffffL;0.500000;1503159029;1503159030
0;512;8048;0xe487a467e81fd20beb6f4d104dd509997588b93a8bad426eeab96743ca26c9ae;0xf4e1e74744a41562ef02e708ea52b700b2c02c5f9cc77c50bb0d0bc3e2354ce4;0x53b823b9;0x41091051L;0.500000;1503159030;1503159032
1;512;8048;0xbb36e1c8a6f96f3cebb79ac0f40c7fb5f191d8c40146f18fb128cea16e7dd529;0x72750d798cc4f726c0623399c8786363e4b0320452e3f23da80b03dfc1ad956b;0x57fa4d9e;0x52e3f23dL;0.500000;1503159032;1503159033
0;512;8048;0x838a5b69ae0c64a744ff6b5ea84a3fa79eb3fadf022e12a1754ffd39bb913f3e;0x2e1e9534af1c297f1908e4f0ffc349b9f9e59bbdaa5b3e2cac7f1d79a570727d;0x06eb34a2;0xffffff44L;0.500000;1503159033;1503159035
1;512;8048;0x236841408f9d93e3520b0a570aee2f8afa66a7c796a3845ca2b72033dc84e1ff;0x644a0d32cb5b6049ad08311ca9e60090b0e8cf285ac899658a59e08d6d307219;0xfe4675d3;0x5ac89965L;0.500000;1503159035;1503159036
1;512;8048;0x27b7a62211be2d3c520ef853efcad9e6d96b493331da2698495caa9f4d7c6874;0x165798eeb79030925f48a3a4b61280336dcef7a63da79f4c9a513ec2c31f9f67;0x4f42bf79;0x3da79f4cL;0.500000;1503159036;1503159038
1;512;8048;0x35e19e26d9a115257587a9176e74676805101ae1d87cfec6abaac5c36564169b;0x6f2dd08495326a7e2f4b2d54118d4cb8b69aa5f59653d21f3d05896b13fe0de3;0x1ade08b2;0x9653d21fL;0.500000;1503159038;1503159040
1;512;8048;0x738ba242463f9ec481538e8bc3531a433d8ccf587de1e87fd01d0d0ebdd4d430;0x7338b95ae4d62c760684e5d7dd9fa7631071280f7e3430f00e9b5d3071d9dc2e;0xd8564e03;0x7e3430f0L;0.500000;1503159040;1503159041
1;512;8048;0x8713d52bebb5fbd07b86a5c6316858b8b7ac2572f26ffb322b92204a63d273ea;0x7ccbd062222454bc351c0efce69fcb1c7beabc05ddc11f969feb3bf394c41cd9;0x152e4181;0xddc11f96L;0.500000;1503159042;1503159043
1;512;8048;0x773258def085af232dbf3713e7ea6d44cbcf908098deb32428d9f3a593a8910a;0x0d67cc6f34bdd743fa82b3afed675fa12c3afc9ae2a9c9fab8f85f266da905ff;0x47a72310;0xe2a9c9faL;0.500000;1503159043;1503159044
1;512;8048;0xd60a209c13603f367e13f5d3dbf1f1323dd83232447d9f9871f845fca9317d80;0xf7bb7b58818705370551dc90591bcf864dd0500de0e90fae6c5cd6923dfa5a00;0xbe080e22;0xe0e90faeL;0.500000;1503159044;1503159046
1;512;8048;0xaac0c4037b35a3a6651a37da2b495434ed287f0d3eb20058328343edbefc6068;0xa80da27836af588d3a68dc712ed00cc5a999be027790e5c0d8fac1d586d131de;0x417a9be6;0x7790e5c0L;0.500000;1503159046;1503159047
1;512;8048;0x4532a1d4e7e043da4d784900427e47521cf4176afd7314c99fb045e94086c485;0x4e7c56406431a21da1c625db1c513965e20f095d6b49ed3f77ed90b781d7ce8d;0x97fc6b19;0x6b49ed3fL;0.500000;1503159047;1503159048
1;512;8048;0x86ba49916231af466b7bbeb8bc22184403cbccbee734c4a85a3e9e0f696384ef;0xb1ad327e2c10987019325948b66f5e1084013a332815964735631de0dc3f068e;0xd929eaf6;0x28159647L;0.500000;1503159049;1503159050
0;512;8048;0x9b9cf4656139cdbc384bc03bd1434b1771389ec13561fed4f8c2d339fa63dd95;0x54c8a0369b3fa4499f52b2d299ccecd9591a8dfb64ad6d62fcefa34bdefe74a9;0xe5bf886d;0xffffffb4L;0.500000;1503159050;1503159051
1;512;8048;0xc71bf4642110a4ff13369a81ab4739a146359e19941249625c5d1ac2f822e5bf;0x71623d9ef31830b296a336f605323f173d4e0299cc88aa7b0d79f984fabad998;0xda52e1a1;0xcc88aa7bL;0.500000;1503159051;1503159053
1;512;8048;0x888a75c31034b49e83f06e86f6251379c4a61e46f90a4af6cc99017315b1559d;0xfa456af251715d6696baff8ca5c4d1d57ee8a3858df225323fb08e6f3d0f3856;0x9e8f527d;0x8df22532L;0.500000;1503159053;1503159054
0;512;8048;0x2edb194f159125fe29a42fec50e3ace5404590e2a7e7201ea97bca3a58491186;0x849f0c29ffdbd0fdf446e5dea2e06e9dd792c1f950692f02bede054e9527b62c;0x6102307e;0xfffffffdL;0.500000;1503159054;1503159056
1;512;8048;0x9b6fce65aeff6702289acd55973c8101f1efc53f36aed70e82ee87e12d6f7bc8;0xfdfcc87b6d4d6cdc3b77b5cc952543a6afc7abaf20fd7d6b6bf4ca3a9323bda6;0x5f428805;0x20fd7d6bL;0.500000;1503159056;1503159057
1;512;8048;0xde7b14c1b592b2be0e58140c81749103d654d1fca7b58d4665d95dc44f05bd2d;0x92d6e2e9e54a3d1206d6270a6264a11d86f332b16170cb7b59a1d0ec31b73791;0xb7647415;0x6170cb7bL;0.500000;1503159057;1503159058
