1;512;8048;0xaa9b2957d01b9cf6ddf46cc427a53c43c7baf5387f6624c282287d2576313e20;0x4c00e128c80baf1c5f89642498e73f0b0807692fcafd59527304433955be2f13;0xadc3348a;0xcafd5952L;0.500000;1503236247;1503236248
1;512;8048;0x5536f2e0369f0ec7b275d75018c70aec942950cf51eaa86e9f1f131c9f7252f4;0x81f0c07049c2e9f7cc959cf7941bbce0f72d5331f585537e0c82e055b9feb16e;0x315c9c97;0xf585537eL;0.500000;1503236248;1503236250
0;512;8048;0x63d0ed88293155366edfe27a88a61356c5795260bd9428920ca710bbb8ba771b;0x46d192f9bc4be9aae3b6f81cc2ddc0d7d51dd1d7d4709340ab5eea6f4a7e7ad6;0x76a1a4ed;0x64541102L;0.500000;1503236250;1503236251
1;512;8048;0x804b02ea8c49ca86d744ae6ce344dac4f4f04c11b333aafa8f284cf5bf915040;0x7ed825164e51da231e98a5cbd75282f6c10c0769ef74a16c75fa04f60c877cc7;0x114753da;0xef74a16cL;0.500000;1503236251;1503236253
1;512;8048;0x1423938cc72c871e10f670028a0ab5e964f0a5485306b1246be371626d725581;0x74f0679238345d8398513561a5563a936a03a34c786673935a902f93217cfe16;0x368e460d;0x78667393L;0.500000;1503236253;1503236254
1;512;8048;0x4da8aaa265ede36771a1956e1959ed0754d3d8275a6ceb040a964faf64ee16b1;0x98663660bed6bf1087ab2b0771adcaa71bdd7cea8ac2b18af37af7840de12e05;0x16e08c7c;0x8ac2b18aL;0.500000;1503236254;1503236256
0;512;8048;0x11f2e509b2409f5022da8d857843996112404812b3ad8743dc2401c74faf2760;0x69a0f3c4a63ee5ec3720d1d77e8cc9983ff423af662d1dca3a5aeff4b890c8ff;0x5453c006;0xbfffffffL;0.500000;1503236256;1503236257
1;512;8048;0x2b0e99dac2a1e616f5da70393000bb19d6a2361f63fe17144f78e70dd6d42402;0xac3af52ad245a2173132c24659392e425801149814acc9bc1b8a91d2a0a43b8f;0xe99a355d;0x14acc9bcL;0.500000;1503236257;1503236258
1;512;8048;0xb291265634ab6fb22433a43facc0c7ff2fac67c381a1a15c1ccd2079a3c4f155;0x8fb2d116041ef2ceb196369747d7f7e02b241f759ff5e5d3d19c168b05bf61db;0xcc0be5b9;0x9ff5e5d3L;0.500000;1503236259;1503236260
1;512;8048;0x442772c73ee3f6282b1fffe23b9685e84e1598632184d6684932f4546cde55b1;0x6e887da961caac72e97d413445aec50045bd1e53cc5e728e7bfbda92decf7375;0xf9a9e007;0xcc5e728eL;0.500000;1503236260;1503236261
1;512;8048;0xbba436cf07b5f1cb9cfb26a18e981607471ce08f29db8a476021ea8c03c713be;0x73524110ba07cc8e204343624e3bfa8a9544dc0532a798907eb89f9c17b02956;0x0980ada7;0x32a79890L;0.500000;1503236261;1503236263
1;512;8048;0xce95cad93f5625a1bbd3108bd62265187c7fdd70f032974363adfc637b28234a;0xe140d82339e300bcc9c8cdb4800b4d4c74356ca95b9555d039a45dd879482812;0x3fafb51f;0x5b9555d0L;0.500000;1503236263;1503236264
1;512;8048;0x2464f97c2757d299963e8fff2ce61ac139516acd10d35269ecb46ab897c29cbb;0x55572df68eeff049a44a6882b015350346348f1daa2523aa2669d5cc7020bebd;0x620fdc2b;0xaa2523aaL;0.500000;1503236264;1503236266
1;512;8048;0x418954849cebb9578bf64b5e43ac3c6320c21cddf28329db423a84ab5e78eb9f;0xd9e9ad0f5b8ea472f4d0fbf760727b9299f3fcd6258266d96ab85ff5a9943f8c;0x88f371d5;0x258266d9L;0.500000;1503236266;1503236267
1;512;8048;0x99d921d87c869551d280e447932b08d9b51af221374ab1e0d95acb165af445f3;0x9014183370367a5dc7e2c21a6d429e85880c1405ce249e55905a3f77e27fd589;0x4dfb77ae;0xce249e55L;0.500000;1503236267;1503236268
1;512;8048;0x83d70e196c8dee54d49f2dd4916d014cd59f3590ae1a5d7277519ef82218afa5;0xa511da2fbf5d41560dec16829103989c0e905a06aa754f2cf14cee9247a995f0;0x96674480;0xaa754f2cL;0.500000;1503236268;1503236270
0;512;8048;0x9fe251da8a1561e739fa2d9dadb313eb81855ca7e52b9815301c531787a9d226;0x3edc5b472d1534b1fc26647ba24752b7f83a60bce8ae6041ec3f2a940d288b4a;0x3531d594;0xffffffffL;0.500000;1503236270;1503236271
0;512;8048;0x837dcaa82600701efa63ebe8cac0cfc6af92f9f685ba9696b1a0b87b9c3b611f;0xb5d56020b9461128e36a4c42e9c083e88a1fb3efdbdc5735ea59f470377e3dc0;0x30658f89;0xffffffffL;0.500000;1503236271;1503236272
1;512;8048;0x078e35340403e36f8c389b5aa11794a9f9e44434d5999514a505b3aa9988b6a1;0xc075445c16eb11f5d53b98cd5b431e7fc89e1ae4e1b921d4703479aae2af3c71;0x96a7e7a3;0xe1b921d4L;0.500000;1503236273;1503236274
0;512;8048;0xc35463b2bb736022d6a247191cffbcb7aa3dd8b51eeff9a48bb14fa735df1bf9;0xb6e4c084664ceb4d6e1ed3c59b9036651f43a150ea870a6f420ba28ca9a41589;0x01e796eb;0xffffffffL;0.500000;1503236274;1503236275
