1;8096;8048;0x7f62837d70dabee15e3fa9c6c86a34a955dec53cb83ad9aee1101f47910c2810;0xb9145b75f1845e2e20c3b9edf25b08de64b064b4465f01b56cebbb2394459987;0x42577282;0x465f01b5L;0.500000;1503239105;1503239138
1;8096;8048;0xe32d4621dda9b7e9643fd2be71f64fb7926d638b650bb1425db2eab3286e3a0b;0x836e32c2f916bc62f1deeb0d77264a0d6b64b707c6e00d7a2800a80e3c7f163b;0x1084d0dc;0xc6e00d7aL;0.500000;1503239140;1503239173
1;8096;8048;0x1e749511211fc3e3a486776c1786aac1004edaa2965f17910f7eba9fbc3e0bdb;0xf66e11bc2d038d4c6a902c14aa43ae2cd0f678cc7256d855a329c97dc1ae7305;0xc97e1d56;0x7256d855L;0.500000;1503239175;1503239207
1;8096;8048;0x933652e51cd19b90ae6d4c0e62e542eb5655ceab4fad7e45af83147db2b9ee45;0x39a0a567d1c602c58bb55c529c4ad2b702d2a40f895b3e12def5a0b1c2407e5f;0xb5fae9ee;0x895b3e12L;0.500000;1503239209;1503239242
1;8096;8048;0x259cae940ce9a3866789899d3c9016412e59caf5d028317c5ac9ef75a16addc7;0xcf64e7403193c100997567f62821b5efe3cfd9d966bdff96ba2a9a64f41c01d1;0x6cb3b78a;0x66bdff96L;0.500000;1503239243;1503239275
1;8096;8048;0x4119482179a826f61dfadc0b7637b54bde6b2e779b6cef2c1ac15b5e274b0a68;0x5810a0631ea7ddbae3d2467f76822950174b63169b30e7faca8aa62a326e45b2;0xefa7ac6f;0x9b30e7faL;0.500000;1503239277;1503239307
1;8096;8048;0x06709e7a34ec1ed68c146a3c880e7466b754f02014926601e1a23cb8f93c91ff;0xbd62afa9c08e3deae8e5480cb669b5fdff1794fd77ca65c83f5498873c770112;0xd9ccffd2;0x77ca65c8L;0.500000;1503239309;1503239341
1;8096;8048;0xb6c3de8651e7f9b13aa27e991d091d0f5f18fa3658d20d1ae0a323e99f4a6355;0xdd9bacabb476ee00c224718786ac6ba91adcce451a21bd6c2fa9f0c094bd18c6;0xc9180f4f;0x1a21bd6cL;0.500000;1503239343;1503239373
1;8096;8048;0x24957d16748bf68de358809acd7997dfef7355d3066bf0f45c2df3631021a634;0x2df1c8097e2d1d1c9b932d30f8be3950098024aeea6a42d3c6d5c2537f44c914;0x7e1a2311;0xea6a42d3L;0.500000;1503239375;1503239405
1;8096;8048;0x8f132609e33a95853c8e486fe8a7c2f7bc207b24127b5ee84c5b19a7cdcbf65c;0x501bb5746dfe19f44ed823cbe61c9efd1eb36f7004cd14efa6eb54b4f1212510;0x50430d6b;0x4cd14efL;0.500000;1503239407;1503239437
1;8096;8048;0xe4160f83bd31ef39598a3d3144e1e422dc79bcd754a0c1f9d4e01d9c3f1eec24;0xaca1094ee29af588a5d9fc8693da011de4840c744064d51f2a486be8484e78a1;0xf42dca97;0x4064d51fL;0.500000;1503239439;1503239470
1;8096;8048;0x976c88463f8d35c1ec2cdb9121953bb488804054ddd3fcd974468290062f3f9d;0x2880e779915ac35b6fa444856963cbe03cb11fa531f5cce035a9ebce1652ba49;0xc371578e;0x31f5cce0L;0.500000;1503239472;1503239501
1;8096;8048;0xe425ec736d0c4efe1dca6db3fcacec9095c904d203f61d9bad731437fc671ae0;0x3fa846c5d7ca07f98608a33720a69ad2bb2215c69f7022f56380493db963cd88;0x0abf5565;0x9f7022f5L;0.500000;1503239503;1503239532
1;8096;8048;0x6689ef2c37d5170ab6c4551aecfe73028a6ec59ab6171184a408e675e09a5f47;0x4a1c79e2bfcc49290dbb586266bdaaad8c4e9ff305c7984fcd59e44364e0eb76;0x03d25dbb;0x5c7984fL;0.500000;1503239534;1503239563
1;8096;8048;0x5ee1f23f9a470722a487f57bcf1280c5e97c53b5c1355227beba46e50e31636c;0xb220270367ad855eb3f9fa6d37829b7878b224fba12f14262e667ac14c7394f7;0xe103c61c;0xa12f1426L;0.500000;1503239565;1503239595
1;8096;8048;0x7af4915eeb4eb4bae41435cf07be24e46285372b507844b708b0a80a095c4283;0xb1e302fe528ff638270b0aa387a0f6de05fb281569b21e3bee47350f0e1b3c7f;0xe77ee279;0x69b21e3bL;0.500000;1503239596;1503239626
1;8096;8048;0x3ab7d856fbc6d5dde47bf5aacb4161b1341f99e252173cb97ae7cdb50862fd42;0x2cdbd9b6a7c0b0ae9d485a1950fca6d78600500419292e6f06fef30cedf5d60a;0x441f6bb7;0x19292e6fL;0.500000;1503239627;1503239656
1;8096;8048;0x5b9bfed82de45cdeca503ea14f455ed527d8266dc8e423ba0114e36675e664d0;0x29105c2c55f466c41beea28be23f6502db94bdbcd4c997d63d63791ce4039854;0xaa1d9b8c;0xd4c997d6L;0.500000;1503239658;1503239687
1;8096;8048;0x27f83c6d026cf7ea8d73af65aa78ee93f56b3e574f23e317e672c3d8605db887;0x6869bb80f5985233dd667bfcd527260ab646d72b9d4d39b1c83180d6a8afa02d;0x30732817;0x9d4d39b1L;0.500000;1503239690;1503239719
1;8096;8048;0xc6703b100f9390707b90382072e4fcdddcce62973f9e9cf1fba54038cea34494;0x911c8b4cd7eabeaf0c0facf3e08cbe0a31d5737770b8cfc5fce0d428f15fbfc0;0x89338ba0;0x70b8cfc5L;0.500000;1503239720;1503239749
