1;8096;8048;0x080702b73e55cd76697f2e034a1e3975762c75df669a21ed362e5296cce3e5d5;0x3c1bf121aa5f517da14ae05281687bc9c99279e913d54b84393cb5304570ba7a;0x0cdb46ee;0x13d54b84L;0.500000;1503136393;1503136426
1;8096;8048;0x2e5d5c5f4da059ededf897c5a3810447a66860e49e4a38f49bca0cd7814ea6af;0x9066ccff1ed5e8ca7de9124e69dd106addef4c7409bee5446f521c4aad66937c;0xc5f95218;0x9bee544L;0.500000;1503136428;1503136460
1;8096;8048;0x8420472eb643a67f1c725887b39619a7d29c9b3aae06fe3c4c485a8ca5c7602a;0xc9baf3014aea9547ec0787cacc51a5b71d301b8393a88de3d764ecacd19dc5bd;0xcba78ae7;0x93a88de3L;0.500000;1503136462;1503136495
1;8096;8048;0x70c27300894b3b5ee6465f97a6c04cbd750a02e8717bf80d57feebc8ac17a91d;0x441a2e7387b222ffedf97ff58cfd54bc7e85c5484325e03bdec2e45f1a1a44ef;0xe903b838;0x4325e03bL;0.500000;1503136497;1503136532
1;8096;8048;0x27353b6f02d052e0ca3042036f54dfb4ca7e2b9b93a1ba29726db9ba323b3e5a;0xd3fb1a9f0322544d93d3f2744be20f0eefb8bb1cf4ba15b1531b7126c6c9063b;0xca8d2291;0xf4ba15b1L;0.500000;1503136534;1503136567
1;8096;8048;0x493167667f1487eddbcd4ff63de18fff653ee8828cd03d5e11f112a3d03c3419;0x1598fcc8300d84030a7e04b1b8e8ec9278b2e79037b152ddd80c3827e9029729;0xc6e73776;0x37b152ddL;0.500000;1503136569;1503136603
0;8096;8048;0xef3babcd7368b078f4b11c3f1de09b0f18ecb6050028f787ce621ac71068b900;0xfa103f1b50062582c9dc5ea2dfd1b276443d98cbf691ba81045e6d9ad33b2bf9;0x84cd6d94;0x413a0245L;0.500000;1503136605;1503136638
1;8096;8048;0x071273efd6d6fdcd8a2672557809ab61984195bcdd2c146d60b73521c7fabdcf;0x78f36d96b8405ca03cc4117d2b51ec0e4d81faa56466f1e68b917de7dd04c74c;0xe702d23d;0x6466f1e6L;0.500000;1503136640;1503136674
1;8096;8048;0xc27b6aba47b6677fb5e59dc20c6711c08b3d28a1194defa2f872e66a5d3c0d1f;0x1dd2827b260450e2c124f88063c5b4c271d78bb40dc623c2e03dd64831a68a93;0x42abd0da;0xdc623c2L;0.500000;1503136676;1503136709
0;8096;8048;0x4fb7d3a8162788e492dbab330fd9b7f6e12c0957e8599d815fca901894a739e4;0xb0c859a6ff4c65d9acee9082844988317382e02301276e008821c79294266f35;0xa8a470c2;0x89241449L;0.500000;1503136711;1503136744
1;8096;8048;0x2e67b82cf85a7abe233ee927c42c4004abb8bc2fd816be7b53916fc32fcf695e;0xd0bd0c8ecfdca7bf4d757492f87661ec2c5ca28650da20786437c70ea0dfcdfc;0x8a0b1ca4;0x50da2078L;0.500000;1503136746;1503136778
1;8096;8048;0x439e6460e508c068acb3dc348f7f7d81a2925261933b7fa38a6ba800dc4aa420;0x78fc3caa8aeae179d18c7976246dcb90cffcee838307b0e6b443774422a2cfc2;0x3965fee0;0x8307b0e6L;0.500000;1503136780;1503136813
1;8096;8048;0x089c2461bac01bdb9cf07f6842dbd91d86507ec54aed63181fbc98c2d2f3b8db;0x0e5081f8be6bd7b8f777a35b0fcd40b806d3ff80b8d5aa250a5a8984e6f49c4a;0xcc3ccb68;0xb8d5aa25L;0.500000;1503136815;1503136847
1;8096;8048;0x96304ea9db0c40d718777f19b6f6e317fbeae4987e836843130f56b19f7c7135;0x82b63e306eb57a1e7f6beed8452ea48d9185a069843af0508760f45cf9a1c7a0;0x2c30fe89;0x843af050L;0.500000;1503136849;1503136882
1;8096;8048;0x2dd62a2b2509c511fa7b58850da09493e1e142be0cfaa659516ce520373a8264;0x00b82719dad3a8541208f2abb11cf82cbac6a564e92241c3179887b3cfec4c59;0x1cbf6fe0;0xe92241c3L;0.500000;1503136884;1503136917
1;8096;8048;0x020db3c704a82058ff5b6a061b28e705247a37b567431ea6b85a4a0af23289f4;0x1dc89bac7703cce77de2691cce29695168faf618159d3b242c7d2c33f9eec20d;0x20ec247a;0x159d3b24L;0.500000;1503136919;1503136952
1;8096;8048;0xc243eef07fbfda79eeccc6afa1f067b4f7e92e51fbe00127cbbc906b7368a735;0x558d5a844524df4ed717db5e0ed8c996883163b7bb6accfe8d7eb70ce8354779;0x688e6435;0xbb6accfeL;0.500000;1503136954;1503136986
1;8096;8048;0x18bed9f305a2a8b0fe465acc68ce34bcc713a8d67530b8870b87322a3039dc49;0x214a1e8d56047d5df3d9d384f8c6d9606ca1912d326b382e7c8221d9da3171bc;0x0db65710;0x326b382eL;0.500000;1503136989;1503137021
1;8096;8048;0x209722f916d98a27dc76bedfb551b8820e7c4c726e59ab564c35626c6aa4648a;0x032a27007344ef096f3aea775af8540992d244c55fd803a83c9b2022e1b974fd;0x4af836c9;0x5fd803a8L;0.500000;1503137024;1503137053
1;8096;8048;0x289a213d771519b44317476b571dc6b07d6ed34b1295473ba6b7d1188e655fb6;0x79a15259ee24304477f2c3be1d01e8f3ca2fbb4e5dce02cfad0b03779f768764;0x943b15fa;0x5dce02cfL;0.500000;1503137055;1503137084
