1;8096;8048;0xf95676626690c5f7621580cfe4f7d122d71db2f3e1cd383ee90ba89393c54c8c;0x8f41b49d0ed811379ab4a34139557c167ac404be98568a284bbac78d123a6c2d;0x7a69769d;0x98568a28L;0.500000;1503142793;1503142825
0;8096;8048;0x283313be74abbe669e4048ce4761b29078cc15bc6c1a3348929760cfc2ebaaea;0x4ecbcfd6077beb78487baba6d3194172da08ea917716a14736c256903dbe6bb3;0x083179a6;0xffffffffL;0.500000;1503142827;1503142860
1;8096;8048;0xbadf317f589e22fd36af1b3149b9d9d27908a68264088df6c704a01aa6c91760;0xecec07f8fd52dad0c48cb547a7e195f24bce652311f954f63328ec5b1304242d;0x55ebf23c;0x11f954f6L;0.500000;1503142862;1503142893
1;8096;8048;0xd0935eb77b9a9d1b2f7940c46122c6afbcd449f50915de08047fd5fe4cd5bf1c;0x7186f1e1294c2ec5fad7b729836ae5d13efaa6d14d83c2332f01ca1536ffb081;0x6a9d077e;0x4d83c233L;0.500000;1503142895;1503142927
1;8096;8048;0x62415fe9c07b108607d7899dfebecd91e134f51db4c3acc98fcce5ecc46ed626;0x340d4669fcebb8d7217fd8b7c46bbc12b270aab018ae283c1d982957c92fd52d;0xd5ed0322;0x18ae283cL;0.500000;1503142929;1503142960
1;8096;8048;0x07f6105475d8ce1da47d316ef9c912b7b314bd995e5badeaed00e782cc187fd3;0xba40aea026ac7cf55dedbdf68fa45fbafa4e11ae010f55e0271f040f67f3d8e5;0x58dbc517;0x10f55e0L;0.500000;1503142962;1503142990
1;8096;8048;0x6c9713627d1082b1f61ee28fc6b21ca5eb91f3cf0ddad605e6def666566d9ac2;0xa6e895d479ad5c43badc22a0c9c4f6676f7a60f6eb42630a6dc544ade7f34f09;0x108560a4;0xeb42630aL;0.500000;1503142992;1503143021
1;8096;8048;0xf31b2a2b19aea5ee80e3e63a23b63f88914ab776a00447eea31c7712009e5bf4;0x47451557154487118e79d542a68962a5c34940f0dac8de9616bd110f2a57b4fc;0xbd936a7d;0xdac8de96L;0.500000;1503143024;1503143053
1;8096;8048;0x099c119940d1170266438125ab965927506f3972199bbd02195e870db722e2c0;0x29e1f1572ce2471f67543f3dd53a08994aa252b79e74ecb96543562723f30986;0x70c90474;0x9e74ecb9L;0.500000;1503143055;1503143084
1;8096;8048;0xba18eecb9befa37b40d5322bff3b62352a5de7acc303a2ce52bad4261cd479d6;0x2fc89558377e1d3cc1e741f438cbefee23c8f5a42b162b7d8ae7cfe2024056c9;0xb0633aa0;0x2b162b7dL;0.500000;1503143086;1503143117
1;8096;8048;0x1b56451877b32f9d83c378f2be47b1fe5c78e8d8134c6108b76197a55dc5db78;0xfbdfbe2776a6a10926ec1e6f28d9699cdb4af4f289c4d6d1567df76f152e4fdd;0xd57a9332;0x89c4d6d1L;0.500000;1503143119;1503143150
1;8096;8048;0x5410cbabdd3b279d9bbd9aaad6d93deb28392260dfaa3c5b838c813880859ed4;0x544653d106d41375adc8ff0137b401fa8623f8ed3e600f4aab295fe8623f61d4;0x8e45de13;0x3e600f4aL;0.500000;1503143152;1503143183
1;8096;8048;0xd602bf98296bba78a97fca834abe45d47eaa7a32b3ed0841049137d837525e0d;0x135ac380f2e20ca0cebc3726ef84e9905f886e23026ff22981c4a3891c84da40;0x6e7eae9b;0x26ff229L;0.500000;1503143185;1503143216
1;8096;8048;0xeebf6ffff80e9416dad1c272a29bac6c885ea4c220e253c3634354ad564cc144;0x1869f6b2546f6955d985bcbe05d1393818bed0aea0792bb01692b84e600ad5a5;0x9b96e9b1;0xa0792bb0L;0.500000;1503143218;1503143249
0;8096;8048;0xb3e331aab7ee87b587eeaa2f7b952126285f871905d49dde663e449f12193bc5;0xb4f91e1c284efd13f4b092edf2551fbd0e559dc3d9c6b285b4b82bfd9deada0a;0x37f839a2;0xffffffffL;0.500000;1503143251;1503143282
1;8096;8048;0xab1f536ec4038c9d54506a85980f4689d6a30449e7e99878b2e760a86a5a4d15;0xc45ead4fac421152d33061afe9e73b1681e6d66bb5abdc169d6de63da538b598;0x158b6b89;0xb5abdc16L;0.500000;1503143284;1503143316
1;8096;8048;0x230e6cdc4e68763b8723e18407717adb196d40f6068880559a87f3d439a8675c;0x87cedd18a79ea2d2ea971fa206e013c03165f6c58cd2eacf1241f99a1271ab8a;0xd5d5a0fe;0x8cd2eacfL;0.500000;1503143318;1503143349
1;8096;8048;0xacf911561f027f8e2c3aca73aea203fa6ac210b86e3555ff15cd4cd52a02f4d6;0x335e6bae3a9d542b2599e4365bb32e80a91e9773f408245d845e1599e5e394aa;0x7c50a976;0xf408245dL;0.500000;1503143351;1503143383
1;8096;8048;0x4a131dcf7bf4a46a7718f01dab2cc17632e08d9a33807a10e309ffebec9a0237;0xb2247ffde6db3879b8372c806c002ad768d7dc9054ac57613cd546c09bfe2832;0xeb4cbbc7;0x54ac5761L;0.500000;1503143385;1503143417
1;8096;8048;0xd0f29d9ae94a650d6bbe683b1411801f1c23938a514d30132d4df5250572a4d5;0xfc77f9c61ebcca0dcad31d6e02f2d5f6a88f968a43bc51cd74491e7ea7270909;0xfab9bc99;0x43bc51cdL;0.500000;1503143419;1503143450
