1;8096;8048;0x3a1607789904784db58e917b2e94ac396c6009cf07e572ea4dd1f8021e287158;0xa40221e43c4e607be7d13310864a0da61b580771ec605ed67112eaf072a5b474;0xa3c0866c;0xec605ed6L;0.500000;1503171402;1503171431
1;8096;8048;0xb12a8a1ec22e1a56474cc189640be0a4fba75443031b019c0c8e50e4f0d02ba2;0xfcea1c4e0ca171f103c35e3fbd6db53c1db9982b134fb2d545c4353a77723cd7;0x8123665d;0x134fb2d5L;0.500000;1503171433;1503171463
1;8096;8048;0x8670696e7d63151e1a77197fd0b45c5dce324b0e965dc13a8cfc4d3de1de1f67;0xd483688d0a67b3a0c78ac3f9411a3e3d62d8db10b9816996bb0a5393815c5af5;0xcd538466;0xb9816996L;0.500000;1503171465;1503171494
1;8096;8048;0x14b4298c972c28581fdd1878fe91429204c7af37b33e9c93052a56e63826064c;0xa9ed9b89830c6620ad0f94f96391ddb472e37ae37ad0f72b869ad6a5810bf12d;0x5a87b729;0x7ad0f72bL;0.500000;1503171496;1503171525
0;8096;8048;0xe24d77a303c14291f3a90d4f8ab7a4a38b43e91a4d2c0e56f1a113e23e360c20;0x2f3de165d80f920486c2684418f3f272f599e92037fb19e33396a74cb6d9f915;0x9c3f7cfc;0xffffffffL;0.500000;1503171527;1503171556
1;8096;8048;0xaf2fd01caddd84c7d5861b48a81d0919dafb9f091afa246dd243424e7c09522b;0x693a586bf68caf63a3998c17752880cc5f6dde014c4d097da630e74e0a84d24b;0xad25859e;0x4c4d097dL;0.500000;1503171558;1503171587
1;8096;8048;0xf1e789b21d15813f3c89ffe663a23eefa63262f66b59b4a13d35f3fef0754be1;0xbc9c0b3d2cb231dffead4a94b9ae85f169b2616a086e905e1a59e71ab98d410f;0x745e41fe;0x86e905eL;0.500000;1503171589;1503171618
1;8096;8048;0x8a7585b1f16674200c77ce98631b7e26aac6bf3fef24beb44c29053fd0c0a65a;0x30b57a878bbd13118c5e9daef1515224800c3c4e2b26ae7756392e2c5c296a9c;0xaab6ded0;0x2b26ae77L;0.500000;1503171620;1503171648
1;8096;8048;0x54e52a9525a4933143fa95c8075fae534fad1e867e6e346dcc652408d30ad128;0xde1513a153012c73448f21471822cc0a2af657843cb7cd3cbf8d6681e42584e0;0x7f745efe;0x3cb7cd3cL;0.500000;1503171650;1503171679
1;8096;8048;0x7554e8585555913f08e4d20e324d891050116e6964b566dcdc1f0e21d682a04b;0xfdbc854796a70d4429e122113257a17d0b5ed786b9d56343e83358407f5d5b3f;0xf2e4a99a;0xb9d56343L;0.500000;1503171681;1503171709
1;8096;8048;0x0ac0bfdddfde8b24bc4db34e7b00d6bbf0b8c91821351c9902b68af29ef0e5a8;0xac5de19583119a54feadc767a3d201e70d6df37c136df27ebd6fc2b91a3518f4;0x377cdffe;0x136df27eL;0.500000;1503171711;1503171739
1;8096;8048;0xb4ff3a77139a30ed1b88ed286026a6819681ef5cefbb8d8dfb8a63d5bbc3236f;0xa07be377ed9b8ee58ba89bf57c9e6b198f75a06ef2418c8ee5a735d77235254c;0xa4bef9f5;0xf2418c8eL;0.500000;1503171741;1503171770
1;8096;8048;0x9a6928c0ff8c7512efa45f572a93171e35fc7f0955b2718077fb910d9f47103a;0x82936571699ce1aac375731d8184581c86a4b8f1613e3e5069de95aed9b87176;0x10371d23;0x613e3e50L;0.500000;1503171772;1503171800
1;8096;8048;0xe6f58dc3bf7084bf6459615589a1d6b910d5d1fef39b44c4dd6c2973ee37a8d5;0xa8784c065de6471d0059fd677dba2859c644468509b27ca03c6cbc7133d80de2;0x940dd5db;0x9b27ca0L;0.500000;1503171802;1503171831
1;8096;8048;0x452de92c429e925d5661c03ac859e2500415b30ef94bb0ef315c524fee37a033;0xecc13e9fac96c2af5de252d69425da64639ee3b51433aaabd1ba76f438d4927f;0x77e54bdb;0x1433aaabL;0.500000;1503171833;1503171861
1;8096;8048;0x149ece529fce4453f75ba259e6e1ae6cb9ec1bd2ed177c64e0ec43e307192d1b;0xe3bffac8d99e303caea2578d9a37166c6ec461d1899cda7c625d01a47ccc2240;0xe599b408;0x899cda7cL;0.500000;1503171863;1503171891
1;8096;8048;0xba3192a6808cf190e1a8e664a1721dbfd01ec5117919598787949b8f4f4ddb09;0x8515dcf907c317cd4cbc004a5650d4094ceaadb53f4286734dc7e34f69b6174d;0xd054faa5;0x3f428673L;0.500000;1503171893;1503171922
1;8096;8048;0x9f4ec105bcde5b39d96d86fad4a1000696e0d89d83086e54bfcf62ddb2ac0751;0x71dc0e06ebf8049605efab0de8430538aa63c4ac487542719c6f701a7f20025a;0xf4f63763;0x48754271L;0.500000;1503171924;1503171952
1;8096;8048;0x9be974268f6fb2e3f8603c6646ab1e19eef430e56f3a2966974d61f6167cfbb1;0x7de6b1fa7cb1dd543d2b0dd26701512922c9f50f6f9b54b4e22fd0c06502ccee;0x83d24ac5;0x6f9b54b4L;0.500000;1503171954;1503171983
1;8096;8048;0x1ef0d37c9bf72bbca6892253b7f9b5ba1a0412647e856ac938f0c941ae7f71cd;0x8c5a692872359177e1a0bb0b6317aa9436608f6c0960737cc127a964ae1f301d;0x1f297b58;0x960737cL;0.500000;1503171985;1503172013
