1;8096;8048;0xdd3ce83a2fef2e42547b468141b883beb8322ae16cfc2003b4b3d3f20480ebe2;0x04e2b9882137e3a70cbc1d0b6d64b1341bd1eac17e4de3064b77ac4ce6a846c4;0x3853b983;0x7e4de306L;0.500000;1503112282;1503112313
1;8096;8048;0xb1e4e1e58dd8553839ee44f2063153a347d4d4aeeebc16817bd6762fa1f31152;0x4b3d97b94d562e6bb810c5da40043b6c6afa896a48b3890baf96ee813ffe9ff3;0x49e1bf57;0x48b3890bL;0.500000;1503112316;1503112352
0;8096;8048;0x35d5b3b18e1abbff2f1adadda9e51c57438c1ccbd5ce31b257ece300d6030e0b;0xdb7e1699eca41c3fddc07a3fa6a76d1f8a6d7e62de5d9d020d49e28d76ad0380;0xb94c98ba;0x92881aa5L;0.500000;1503112354;1503112391
0;8096;8048;0x9b65dbe5caaa355691402336a30b7fdbc862681004678b780bde69070119329d;0xdc5f87ad3b05e6ffdb5cd92490703ec776e47edc6f8f1c48f42be2b2868475f5;0x88086546;0xffffffffL;0.500000;1503112393;1503112430
1;8096;8048;0x5bd797fd05fde353a266ee311f14712610b493fa91c892680755bd6a87e19fe2;0x4e36a71cffcc3ad991b8e45a0c4eee671baa58c37b3de9bb66a408a8fea12415;0x817959fd;0x7b3de9bbL;0.500000;1503112432;1503112469
1;8096;8048;0x50cbf496cb3eb33bbc3969886d9b38b0af2c3ad509f88ef04b204b261c8c216c;0x837c339f5a119873b0024fb2144ccdba5f1db651d49c0ad4fd88f9d31cc0bfa2;0x5573f8cc;0xd49c0ad4L;0.500000;1503112471;1503112508
1;8096;8048;0x064b8136c1429670a9288a4310098d8b53e8d8481e675b540cb6340ed1ffb0d7;0x7b9b85b5a7112a86c28ba7b3f41846ed63142202a8e05727f0cfc6afaa62dff1;0x618a0975;0xa8e05727L;0.500000;1503112510;1503112547
1;8096;8048;0x0334cfb1ae975e3d403c0ac7b25c7c629352553b7dd7c16ec3a4c80dd74fefda;0x3df5426f40ff2eeaa0f5f92122c85e14a99b31f953d3e7dd67c99fbea15a0a8d;0x3fc38d79;0x53d3e7ddL;0.500000;1503112549;1503112584
1;8096;8048;0x90ba323780bd6fd83135c9f7f1a7b2996b3689c8ec44dd0115de91462c7967bc;0x1a971c3c693b766bc778cbf0f669bc766cd04e09e69c7be9973144a5854d6608;0x4c42bfd4;0xe69c7be9L;0.500000;1503112586;1503112622
0;8096;8048;0xa1d4daba6280ca309d6677bece10ffee4eee2e363ef1d82fc29fef16ca20e56b;0xdb05d6671f6207945602db65a50277955e33dbd6aed3d4401675ade2521d8e47;0xdd5e947a;0x14aa9701L;0.500000;1503112624;1503112659
1;8096;8048;0x823e141ea5780a1066cb0eb332ac4d90ddcca500b4f685940ef1aa29e009bd62;0x3fdd4bdab11230d930851277fbb7795b34ee70d0f62c2f9ade1a29273c4ba6c7;0xaaff4c2d;0xf62c2f9aL;0.500000;1503112661;1503112695
1;8096;8048;0x50e2115f42d63a60f4dd716d62a16b6b4f1c8f0fddb58a22450c7ba517ed6968;0xed915c4bdde7d91c032c48296683ec35fab16adae61e6b9450fb4983a8a689a8;0x358c23cc;0xe61e6b94L;0.500000;1503112697;1503112728
1;8096;8048;0x37b7906e1086531c0ef1ae9460abc7e9634b7c8721c78a5a1a83e002e437411b;0x63f9f5d8cb71e70a73f063b5a1be24cb9b6f2845279789358bd4d5363d872323;0x2cf4237b;0x27978935L;0.500000;1503112730;1503112760
1;8096;8048;0xe1a29c2d5373cf46ce35706725ca94c06f31d0d9fea2d22fb7fa7bdb2dd5520e;0x5e9a767e9cfc0656d7d5dd186e802e275f402aa463e7b619c082a2d5d602400a;0x4232cc73;0x63e7b619L;0.500000;1503112762;1503112792
1;8096;8048;0xa6bd5a42f5053d2b89c1654b06e5429877b1ba1bc437f51f5d642abee83cd38e;0x5a4d4792b9e5f122196c22fc157c9d3eeaed2f4d8b8dd6a9ad7d2a45c0d26384;0x3b7ae912;0x8b8dd6a9L;0.500000;1503112795;1503112824
1;8096;8048;0x8d22057c7628233502984790290e54df51336fe793a37ad6dde044aa45b218d2;0xd718c5dac128792c9cc35403423cc067311f9dfed7506f33600f49e846590b05;0xa2c02a6b;0xd7506f33L;0.500000;1503112826;1503112858
1;8096;8048;0x0ea206329e432bf94ce348bf3a92098a5e47ac6cbdb311008357b022572b9466;0xcf16f36a11cbc0911a125b334b93e24b0e2356be62861e43b40f5ea18886b37b;0xbb71174d;0x62861e43L;0.500000;1503112860;1503112892
1;8096;8048;0xc25bfaee1a8da4536bebbf18253950f4d71f2e917019bcf00f19b0ee3be82efd;0x21639d04d7a7ebdf85ccc3b97baacbb2f0a64eb83a96f71a51e73297367fa140;0x12cd1882;0x3a96f71aL;0.500000;1503112894;1503112926
1;8096;8048;0xffcd6f733b9ecc276912855dce9e9c82cbfa7133fa94fa82e8cb4b9d66bf2665;0x87821da1c2f060370042cc9cfe84d44cf2e120827e2307ae8680d1ab0e9ff084;0x32518ba6;0x7e2307aeL;0.500000;1503112928;1503112960
1;8096;8048;0x0f069c6306bf5054bfcf8b814d2bec44d5607db49f8036e87211397a48bbf857;0xa021132705cc1b12be348b9d2dcbd71d42fa3c91452239f23e7c8c52bbaa3cd0;0x2499244e;0x452239f2L;0.500000;1503112962;1503112994
