1;8096;8048;0x690f9da116bcec5a901f1253b56dbec2fb89745c48c0c3172a97660e746122dd;0xae10987e96d1fbbf4e0c86ca6bbacc00e4610d9a266b105da50c3ced65317b6b;0xb574a0e5;0x266b105dL;0.500000;1503198731;1503198759
1;8096;8048;0xf216def60faef5caab633986207f50a811cf2923c0d982f85d6423720f9d4a01;0x56c8da7db5586bfe4eb6f59d4b172cec723c74d5de64424c07a93108c86382c8;0x33efd090;0xde64424cL;0.500000;1503198761;1503198790
0;8096;8048;0x88977f24570990a5f021e7733c2fa64b021a11c608d0703ce088ce5363289deb;0xfba9e9006a30a597a731fa429ba0c0876d19108c6a332b0ccc4a01927efd7fb6;0x568c31c2;0xffffffffL;0.500000;1503198792;1503198820
1;8096;8048;0x9d8a6cd62a51de7f54924d83771c4ff449dcf8a678084c9202af6c4d0ae896a7;0x118a455ebb773fbf3e76e9e25cc1e9386c3a4c03e9360cc6a9ab88853bb44ce4;0xf8ed78d1;0xe9360cc6L;0.500000;1503198822;1503198851
1;8096;8048;0x7d6d374d580d856bc072039da27fef46528b6a6de36b6086642ce72c4e2b6bcb;0xe66e1a723b0294a1f5430d9e2995f14bba6a42f6818fa2d411417d402d04cee7;0xa1b9dd71;0x818fa2d4L;0.500000;1503198853;1503198881
1;8096;8048;0x3558138f83c45b888f6e047ca07b99a8496b668122699944e3122c9619501b4e;0x310d40cbcf156cd2eea1e4eb7b64db4789b8c093c238f0b7588c85b9655256e6;0xf850ea17;0xc238f0b7L;0.500000;1503198883;1503198911
1;8096;8048;0x4872da3d3f7b3fb6fa9f5281d19a440cf7a7aeb9debd15a382114c3a78e3c0c0;0xa577ba4e566eb317af674a1363be03d54892ddcd63044e60e01dd6537af6274d;0x637364bf;0x63044e60L;0.500000;1503198913;1503198942
0;8096;8048;0xad907a4252f66c69f5df560c9490456f832429282593c1406db618f7291c16d6;0xd384e4a5e71e41f13ec18bd4335613118ca11534a0000581d1c4bf6d1b73ec47;0x536c5558;0x2140581L;0.500000;1503198944;1503198972
1;8096;8048;0x043e3a866bba1ac2929d771d762a034c0662c8a9219f0001a507bcb390f63694;0x62795f5b2d966302abe5bb849b85b7bb57bbfe6f77ecf951d813669248f4733b;0x1872cad1;0x77ecf951L;0.500000;1503198974;1503199002
1;8096;8048;0x986f8565fe38c4f68235db54b3c324d9cfd571c2fb68c016c0e123188ffd5828;0x2d9cb6b12b97bbccd051112db73abd93c42cd3ca147b9290ce3dd565d9a42041;0x6e89ba35;0x147b9290L;0.500000;1503199005;1503199033
1;8096;8048;0x4d829a93ef1153021fbf8859d7ed3eaf2ba88ed16421e1fe4b0c8cb6ab6362f8;0x5a7ad9ddbf3949249b02b34aae8bc24042e9ac98c74c4f522f9e5ad74db46452;0x8672a9e7;0xc74c4f52L;0.500000;1503199035;1503199063
1;8096;8048;0x20cd0d3531503e3b35d41789d02bc1cbf1c4a99157fab60171cbf1b8eef2020e;0x661dc393e62b9b53879ad04f4d96d1da8a5b6554e5d076d5710e89ffa102e9e5;0xa9ec9338;0xe5d076d5L;0.500000;1503199065;1503199093
1;8096;8048;0x4f3bb3ca439e7f9574d780378e133e72b35ed1c9b532e77ad7160525b0564300;0x502202d16f463cbdb97edb79407daa8ab7f51a635d503678ada4adf5028e1003;0x9a8d12a0;0x5d503678L;0.500000;1503199095;1503199123
1;8096;8048;0xa1673ace448142b292f6b803ef8d487232329ff36a41f71ba40f7d3315d7c8b6;0x166f071c5c40c889a4fb2eb40bf7b6d85186e625295d496a5e3a6389e3398613;0xc79f313f;0x295d496aL;0.500000;1503199125;1503199153
1;8096;8048;0x354e36784a9ea26e624ff00ddd1c8e2292dac02383b1ff37ccab63daa2e4dbd7;0xca20439b313da9924271b602a31acee7750804d7434b14365cde100f30c685cd;0x0067b42c;0x434b1436L;0.500000;1503199155;1503199183
1;8096;8048;0x6ed56b9bea6f6b48cf6210cdb59d326ec6d9662b79f6e5b08624c59443bdb2b1;0xc870ca9c8abc4c894309989d387301d1841047f352c49f6946edcce2310000d0;0xeebafa9e;0x52c49f69L;0.500000;1503199185;1503199214
1;8096;8048;0x36b1a8f611cbd0c625a1c4ee9ef473e343dba072d861769316049a7ef25ad528;0xd1bab6794828298d9cb68627c70112d1a3f0306c1c43fdd952d16450ca6bb49d;0xa43ae123;0x1c43fdd9L;0.500000;1503199216;1503199248
1;8096;8048;0x79264293d581b14c942423f821d761ced369e65515854c7a3e562bd7ba534f33;0xd8f468dc9a31f2e28e72a4992368d919ee74388f343a5963f5d646e851854e01;0xde1a358e;0x343a5963L;0.500000;1503199251;1503199282
1;8096;8048;0xb21b58ad770e65fe7d59c797bdf684019561821217df0f1b3ed6c2cc25b6afd7;0x3c07cf8c564e23ca38bd402590ddabe45979ce17fba224183a40bbf824dae76d;0x05ef10aa;0xfba22418L;0.500000;1503199285;1503199317
1;8096;8048;0xce1d167f582a958733810fb2cfd706a8746439120b54dba1caa3785d73afed42;0x2e6d308172f4017d905c19b921d2564eb490bfb8e5a45a0e13afdcf9f7297713;0x3efe0da7;0xe5a45a0eL;0.500000;1503199319;1503199350
