1;8096;8048;0x7ef0adb38af79fb8eb8250523c02bdaba5081e05dc1fd13b88bc111991134f0f;0xc9e7ebaf7e92905b7cc77d4f76a6f4631515e23a3051867636c17fd027d8b39a;0xc31c6b62;0x30518676L;0.500000;1503119901;1503119933
1;8096;8048;0xd4a3f6fb65f1dae2438de01a201f932a45c23e606cfc640f79a3c5a9b967c28d;0xe73ab07a479c02d42b54f6765a81c56ac07c19e2c916fe68cc6bb449c954f814;0x614bf299;0xc916fe68L;0.500000;1503119936;1503119966
1;8096;8048;0xf368e42de05c945b17856587ee0d6ccd4e8993e708f7938f4be4839dff12e5f3;0xb9acd04a44f446ee40f17852aab73fd3dd6298454f340d4e17fd740eb7e02bee;0xf8a9ccb0;0x4f340d4eL;0.500000;1503119968;1503120000
1;8096;8048;0x467755587d8706cc5221165e29403856f679a20558e3f44aaac28569cdefd913;0x3dee45dcb36bc04babbc649bab3f941f36c0eca86b632e2a3030cf3d94e8eb40;0x4f8ed9c9;0x6b632e2aL;0.500000;1503120002;1503120034
1;8096;8048;0x6b4394a023cdfb4f24d8ec204bba24477da7a8c120fc8930fc053b8d18199183;0x613b4e702d1e1768e9100609e58141704f9645cdaace93566cd3c0431546540f;0xca4d5265;0xaace9356L;0.500000;1503120036;1503120068
1;8096;8048;0x46a85706b32dc55ad9938ce00e4a18fdba7cb02323a0848b3844f023d7680e1d;0x9d5ac309165b5a62788c30ef4085ae34e17e02aa46727d7fa7566de306fdc649;0xd1d2e606;0x46727d7fL;0.500000;1503120070;1503120104
1;8096;8048;0x7b14b58ceb0a366e31b82196defbaff3f485a9de64f139c24a0a05c004da5980;0xa74534758e593927c7630485fbbc58604f1c335f89c37ccbf47beefb778694c3;0x0c40fe32;0x89c37ccbL;0.500000;1503120106;1503120140
1;8096;8048;0xd0d207b0db0a765e8bec1895020c1430ff3d40de272a072f78024b9f4a15551b;0x73cc3f85a44318dd76658f8bb792b11c463775b0581a719b36ffcecc451b9dfc;0x652b8c8b;0x581a719bL;0.500000;1503120142;1503120175
1;8096;8048;0x65e54159a2ac83bc53522e563f439888ff07bd05bdf3f71b11e9873aeecb2253;0x2fd2da62fa674a4fde62074f92472548f9f16381c449e485bc59daa7b493296f;0x4ad08d0c;0xc449e485L;0.500000;1503120177;1503120209
1;8096;8048;0x3aec47f678a337c2024c571c827a9d87dfbb33bde98b7d0ca117afc7787f1cb2;0x123605af3d7bc47a39446dc0ccaba58fc142b46530054a4521e733250f8ca389;0x2da2e6cd;0x30054a45L;0.500000;1503120211;1503120243
1;8096;8048;0xc75c54d9902e6fd893658e691e622a1b6412d62d774949b8c9bcefea70037c37;0x74580b1b12ebad420e37be7398255e8b92f077889b99e6a94164415c1db0f626;0xdf31e833;0x9b99e6a9L;0.500000;1503120245;1503120278
1;8096;8048;0xc7c47a805c0f9c8be28dec7dacf7593976a65b0eb6647bd644c00fbadfda0aa7;0xe04ba95f775c76f7834a0d09258aa1efa91096f28ecbd7ff7eee161d883a99d3;0x466d7987;0x8ecbd7ffL;0.500000;1503120280;1503120313
1;8096;8048;0x49201fa8c1f6953a989d83e8633bbec46b33d36b4ba6c8e3b91c8fd38255bfcb;0x9f458dd616cc74aa71a29b0c62e63bf63a5fc464bca98eec8b7b1ce0cfd84a93;0xff181e03;0xbca98eecL;0.500000;1503120316;1503120348
1;8096;8048;0xccefede2d136470575942cc3dcf16fcb062d412fcff9c2950357800f9ab4ba66;0x275de83c3ede9f6868711b4f695d49a7390ee5ac3ebb3f1a5fe9b31c1f0b9793;0x6292ca99;0x3ebb3f1aL;0.500000;1503120350;1503120383
1;8096;8048;0xbdec451f015bd965a6ad5ca5b28c206463ac3a78d1400efd3412ec54a6279063;0x1f35dd066ed3b6d8a4e5a7111c4419efaeebfa8dbc267890b2348607e5025c50;0xf6b63cac;0xbc267890L;0.500000;1503120385;1503120418
1;8096;8048;0x31c6c28a2a671223f48b9e7202ee3fc6de9787ec29503d9db5f551c20ef87040;0xfb896e5ab1435b6a4dd5c3789fcb4af17d420986f8fa2f60ba74b7556f627019;0x34a1c25b;0xf8fa2f60L;0.500000;1503120420;1503120453
1;8096;8048;0x805aec96827c5be68530802d50cefe9a71f14ec885f6eff31b6aa50f89467009;0xc84f18d091e8b67560149db38726d66bed55e54ffbf7e6136c392f3aba710160;0x23337a0a;0xfbf7e613L;0.500000;1503120455;1503120487
1;8096;8048;0xca37765900adacb5787690cf8deeddd31bf274b52434e1e7218defb3650b8d2f;0x39bde442bdfb5daf93cbcab975b2864d99dcdf5e0445c366c73dc0d3baa0d7d5;0xc36cb2de;0x445c366L;0.500000;1503120488;1503120520
0;8096;8048;0x277d122cc2084adedc585bfeaf41051de6876b9712c97688005c716d03ed8e2a;0x9fc734541317acf709300d8d6ad3852d15e8f484ee1024804c8fad7faf391f5e;0xb279d9b7;0x4a480901L;0.500000;1503120522;1503120554
1;8096;8048;0x33000957a31bfa4c00dd7c28e91aa70321cbce093b722289b773725b735b40a6;0x62f42e2bc816096cbf048195f438f7faf68fd7bd8cc834f8b0abd45754409985;0x63020e76;0x8cc834f8L;0.500000;1503120556;1503120588
