0;8096;8048;0x5b9ea05694cd492d6edbbbac4aa6fcc1b1a957126210077acee134caae3bf709;0x81b32c4d20f9ccd90bec6fb98ab7d1617c731b5cc0599685098154da3d923d1b;0xe5e1af69;0xffffffffL;0.500000;1503103407;1503103442
1;8096;8048;0x71f3d6c65cc5df576e112c23d4ce4e69219a1963f13d7683a7c20bba0ebcf67f;0x82abc5cacbe444c483796a8db317865d016359c56f34f9b7924cb8af5e55827d;0xd115ef50;0x6f34f9b7L;0.500000;1503103444;1503103474
1;8096;8048;0x75cadc2b7a0b731fd3d30f5b84dabb843777da90e12dfab191a24fa45018ecc5;0x5ee2e0e14c16ddd05d543f9bbd165e02c06ad710bea1cd9a5e5e4db6b5258fba;0x2a56bb6e;0xbea1cd9aL;0.500000;1503103476;1503103506
1;8096;8048;0x8f8591b76b6ed49170e44a6b74baaeed4dec78e03e52f24f205274be79d6df08;0xbdc915143e766bf277f3a6eb4dab76e4b9c48f7e0849441f3f5f7db93faacd2e;0x88080755;0x849441fL;0.500000;1503103508;1503103540
1;8096;8048;0x85ee08277607ea7bfda36c0f805b6e83f13e4a00883a1a7f57bac343ea33ef6f;0x3fdd9b98bf0b2ba2fb0fc5a3fdc1a6de34c0cda567952f1e1b3ad94c04bef54b;0xb7168be4;0x67952f1eL;0.500000;1503103542;1503103573
1;8096;8048;0x83c789ed5beb3e1c00a4299ced8a9d2549cdfdcae5b4fcb0fbf90ef4de191261;0x34e346fe305058fbe44e36f92e1999492da8b792b72a2cbaf6df481d85f34bac;0x2ea5c6c1;0xb72a2cbaL;0.500000;1503103575;1503103607
1;8096;8048;0x928919bf6a1162e4bf696e2b5cf7105da07a7ec85883243425c19d2ac4d80c56;0x479a182a661d916ad002110f5a47959d5f32e8ea385e3e3019f4d581b4e0e3a0;0x3d84a92a;0x385e3e30L;0.500000;1503103609;1503103642
1;8096;8048;0x85ca08651c1fae372e718e833cf4529ca93d6b889f5cb825eaf1ab69ffad1d84;0x6f8b159f6669430833183887b773cf9f1affc349fd80435549901a18424de573;0x110174d4;0xfd804355L;0.500000;1503103643;1503103675
1;8096;8048;0x1a25186c94c00a578dbd6ab6b480875e50c8f37599567a6e7b078e71627afa7c;0x1912c323e740039d8d5750783c3595a7c5a40e0c186e0348146af3e3026804ab;0x75ea4b09;0x186e0348L;0.500000;1503103677;1503103709
1;8096;8048;0x9a8614a1e4960492b4c710c7b7cc5bdd794a608b863cf48cc8b712c40d2d3ea8;0x2852160e5a1c74f10f880aecad252da615962fad094e8cd1a0ed7094bb2e2aab;0x2a0af3c5;0x94e8cd1L;0.500000;1503103711;1503103743
1;8096;8048;0xcbcd469ebc13ce62daaefc1613338d0aada88d910db3c603d794622ff9b6dec5;0xfc5fcca3c8a1b3f7ddcd940b2e1df601a00dcf8383d453511c095ababd03ff61;0x93a67989;0x83d45351L;0.500000;1503103745;1503103778
1;8096;8048;0xa3d74de644f97fd8eb1b4349485ad435cbe0edfcbb2bfba49ad18f930152e1a4;0x30d8c1c815d27c35afbd33ea7cc3100b32eda5a0f110a440b4451ccfdd5e40dc;0x160867fe;0xf110a440L;0.500000;1503103780;1503103812
1;8096;8048;0xa9328922e5ccf13bbb96d0d856d20a7c8d82f44189df092fb159b70a626fb20b;0xbbb2380e1674fdd1039225ccb040d6f544d805437de137c86a0e1b5a0fd1a7a3;0x8a9b514a;0x7de137c8L;0.500000;1503103814;1503103846
1;8096;8048;0xc67c605b94a21c3f15e407e9d5c0db55512ee60480045c784e8aa06c1d7631e3;0xffe671f2e7e8940b39e201e241cd7b2b4a88985e7e1d9e386966f40f9f0f64b5;0x83b7ecbd;0x7e1d9e38L;0.500000;1503103848;1503103880
0;8096;8048;0x20e6ac05c2cd7be2ffbcc38fe33c842e67cc76f21db29506673808354e78d86e;0x50bd7e61f686162ba26458666c4895edd0c8ebf5f2fbd528a1c9de816daaa7e2;0x6f8b6cf4;0x294808a9L;0.500000;1503103883;1503103914
1;8096;8048;0x0186308de9f3869fb1b51df604c8adafa134f1b9b6518a206687d7a53ed76b3f;0x63fc1591b9cf62acb65f32af001182b02e938d912ac15cd19a927bc5e69785cb;0xa2fc8908;0x2ac15cd1L;0.500000;1503103916;1503103948
1;8096;8048;0x27018336ce4a1c4b684efd2fed1647434bffc927be0fe3c2e841c345bc21cee3;0xb29c3095ce4593776add6a65cf06e4984a9bad9d62bf4962d5c84b0e486364cd;0xee1ed2cd;0x62bf4962L;0.500000;1503103950;1503103982
1;8096;8048;0xc4c61e6454faae532bb086665cc72d70cab102ea819e25500bfa604c38c9aafc;0x3bd5ad78ac44f2d6d0494777d2f6a023a184755cec9319992148b889761680fe;0x7491d93a;0xec931999L;0.500000;1503103984;1503104016
1;8096;8048;0xe26493e31c3f797df4d6659da0a5d1e158ddeb607ebb7145b7a8acb702d059e4;0xd6d60c87bb388bb9862d8da0acb47f499d774072d50b407271febee6bfa4dce5;0x7741561a;0xd50b4072L;0.500000;1503104018;1503104050
1;8096;8048;0xc12ce0232cb6effcdad817484afa456dff0d27b98a984bf03558bcefe92fa8aa;0xd263e346abcfdf30ecd25b8a7ac07a9ad03886b55f1d5cc6bd3f479224eda250;0x0250d750;0x5f1d5cc6L;0.500000;1503104052;1503104084
