1;8096;8048;0x2dae3225d5c9a8f9043de45d6e702ed322f4127d7152a4b50274ca617308dca0;0xf1fbe5d6c987e001aa947440785d363717fa5e910b34426b01508b58228e6689;0xd39bb824;0xb34426bL;0.500000;1503224887;1503224919
1;8096;8048;0xa7e74bdbc0d45687deafda4fe66ed4a990e3bba2029304a4ea5455234ef0e1f6;0xc53bfea76b1acd740404e77aedb880357d79fb85db501b43d046b35be92ebdc3;0xdeb69325;0xdb501b43L;0.500000;1503224921;1503224953
1;8096;8048;0x6e4347810496dedc8474cd11f4cd6eb52b518989ee7ba23c21fa60a97074dbde;0x728cebe35587a285620a9fedc61af36d52cecc1076a33a192209447647b0b57d;0xa0e5584b;0x76a33a19L;0.500000;1503224955;1503224986
1;8096;8048;0xabf7d3d692c9642b4d20316ffbe97aa5ff3e523b62eab831636c22f99409723f;0x3f6aac63649a17d6281226d8a4c5f440ed813eeab539546e7f86e79b894897a8;0x394f5e65;0xb539546eL;0.500000;1503224988;1503225021
1;8096;8048;0xb4402c9f5eb84c77333144ed6eb3e8e0d687701aa6b1dc7a207f24bf98104b4c;0x8e4430d69d49b2f9c7af9eae6727aa0a7c52e5d15bbcb25b8a81d2d5210dd57b;0x14d5e0dd;0x5bbcb25bL;0.500000;1503225023;1503225054
1;8096;8048;0xaa78347ffc3d701646d8ed973469a95443720eb252042211d72a8913f84343a2;0x901e9d44b85b1ae5611c185a384828a2da8fd41a8bcd1d7a92b266a94407cddb;0xc12a97f5;0x8bcd1d7aL;0.500000;1503225056;1503225086
1;8096;8048;0x7c5fed7f1e6edf2587f4cec5adca6c3986745ffa68ce9b4fe9c412ee090fc386;0xe91d4bd296278828b4a0e65b89ad61f25a61101032ccd58b0afd5d16f51e9ddb;0xbe6feac8;0x32ccd58bL;0.500000;1503225088;1503225118
1;8096;8048;0x5b415e72b80b40239618250f8909c6a7b7ab027dea29f131feb6d7b2251e5881;0xa82183fc5cb8d9f77ef2b138427133c6f0c0a1a77f2bfb3f03114137133f4358;0x94491d91;0x7f2bfb3fL;0.500000;1503225120;1503225150
1;8096;8048;0xc724ff73b02b1011e586c4432b59dad1ea9e76e27fabb124799349d7eab329b1;0x893f2d90d98870c4f1bbd8e78a371e8aa45dcd91d5aa4ad5c9a5e68668c34691;0x5339151d;0xd5aa4ad5L;0.500000;1503225152;1503225182
1;8096;8048;0x87409512796a4e53bf625b8c2e49e3e139b0f7fba37cbbf245a4dea1ba26c842;0x8a4f083d454977dc7fd64854b75b9db5b3a7e67d1d33f6c819e55097ad5768b8;0xf3d164d6;0x1d33f6c8L;0.500000;1503225184;1503225213
1;8096;8048;0x1aa39b3235e20bebb9c74a3538f6ebd3937e53b236fc2d95b9c291ad21c00f3c;0xbdd890cc53df52079c38dc15acfd92bb8207201b22490d678ce3569396388d11;0x568c64d1;0x22490d67L;0.500000;1503225215;1503225245
1;8096;8048;0x41a79f473fc649d63ea8512263066df9824d6754b4fe97126287d0f905727a46;0x93e96ca721b468e30cc51de7f9800bcb9ec55a4881d38ee2f4fad367ba448631;0xe7902abd;0x81d38ee2L;0.500000;1503225247;1503225276
1;8096;8048;0xce606159a5a04ff269b47d33b73b8c27562dce72037ebb0034b15b66cc14449a;0x0585de7c9522c2cc3dbf1bd8a3403e49fe38510b21bc2298b14c2605e9c7a9d0;0x607da325;0x21bc2298L;0.500000;1503225278;1503225307
1;8096;8048;0x7e8bb03250ad431fb6039fee45da16e908d4ae92feea8fbeda6b407c8158a4ff;0xbfe77d1e82598fdf639999e26fa7c4ec00e0b1c8020e29c2f510cfc71c956d1e;0xbd8b874e;0x20e29c2L;0.500000;1503225309;1503225338
1;8096;8048;0x3ef83d93a537e953016b4bb04f243c1e09e309b96afd86067c131ff0ee51372d;0x40b36d26e91ce3849bc9190652fb0344fe1c3c48f5ad1ff568158ee3a5f0871a;0x8181ec9e;0xf5ad1ff5L;0.500000;1503225340;1503225370
1;8096;8048;0xee62d361180b1350eb20db4a8f34923dc0f9ea0aad5e6d3bcb68c1b65c8c534a;0x03b4d9efbda8064cb99ce4a642905af8d82940d0e1222e63b0a4d360eb00e12f;0x5c0b6c6e;0xe1222e63L;0.500000;1503225372;1503225400
1;8096;8048;0x60d4db7fc182114f4aea96d6c3c7fc05622258afd683858851eb6cfcff39f25f;0x5e83b9e9b20b46c9f61d18e82e009b1b0ce59b42220526647ac6f579101f0753;0xd770493c;0x22052664L;0.500000;1503225402;1503225431
1;8096;8048;0xa1aadd55bb8ceab7afa108e18d834a260c4d09b7ef781a6b3835d09e77bd5c19;0xdf130edea297327143838abdb881012b9c16b941ee065a0df7b8050cc43ea998;0x1b966e39;0xee065a0dL;0.500000;1503225433;1503225462
0;8096;8048;0x9db132d5a759203fd5b0827625642501a3d722de69b5e3e5e729073cb5bc6752;0x4f29d5c1bacf1ea8f84edd5b284b9578071d994fdcfc2760de7ce0869b765afa;0x55ad1ea7;0x54a513d5L;0.500000;1503225464;1503225492
1;8096;8048;0x9cb3ee3cb67c3d1e931f0bb3ff42a27a4c02c92b9c7bcf4e622b0b7cdacb8d76;0x2e33ff2d46e87965c38fb1c2ad21e4b64e39c68c4b2228f12a748bba0f789c75;0xb8b93bc4;0x4b2228f1L;0.500000;1503225494;1503225523
