1;8096;8048;0x9508873744246a80b0c5244d89d47b508cd6dfc36ea87c20e4a7a6eaa3907038;0x32b19ed3c00bf3526f12903aab1584824af54f4bd83dc45440bef56e5d4f253b;0xa6fe7768;0xd83dc454L;0.500000;1503210631;1503210662
1;8096;8048;0xf6d7c9123e2857ac1032420379fe5c7a223e39d25bb25058f74ff523ec1ca6e2;0xcc5a9deab5bb016c55a14f2e065d671eb9faa25274455e5944e7b309139cff84;0xc84e3ef6;0x74455e59L;0.500000;1503210664;1503210694
1;8096;8048;0xf225864bae1072f330e400d3f858b55ce4c8321a799a94c0ca4b9b760c5031fe;0x1db35246e644992bf3d2c81f3dfd27b31e8a2b35a88ba3c917ba22ddac16880c;0xf0273ed3;0xa88ba3c9L;0.500000;1503210696;1503210727
0;8096;8048;0xf4fda5d97470ae167af0d9feefce5d74a3fb3637993ba49d92a4ecbb5950d54d;0x8b70bb106c6f0dbd6dc1b0a90ae7af39e18d6215704cdc2d971c1dc0f6bd610f;0x82eefd40;0xffffffffL;0.500000;1503210729;1503210759
1;8096;8048;0xb98275c513313721217826c939c0e2449c898dd4241244aa64c15f1242fc02fc;0x2f294831b9281c4e148293a1ca326e27737366ad5613095b51a78f019d2cad2f;0x0c1f5b1f;0x5613095bL;0.500000;1503210761;1503210791
1;8096;8048;0x946ef9b3cd6eba6892bc993b7b88785564a8a893fe8f07a73659c13f78c8f00c;0x068e034907cab2bc6c491cc03802df9803bb2a75f9dafdcf577147b7eaa0e43b;0xca4122e7;0xf9dafdcfL;0.500000;1503210793;1503210823
1;8096;8048;0x847f5f791dab2422e00ddeb5df79412e61e34d035ce9f831c94cc2d88c1e4110;0xe36f7a53b586ad481ed37b5c4ff8adb6652b60d420bad54169e8643f86410fbc;0xd05de69c;0x20bad541L;0.500000;1503210825;1503210855
1;8096;8048;0xff2410361c330399241072cc2fff49dc605ddc4033668fcc30dcaecd30eb092f;0xba9b77943bdb8542719f45e444b32bf5aec87a4e4e9ad6b95358c82e409d8801;0xfa146972;0x4e9ad6b9L;0.500000;1503210858;1503210890
1;8096;8048;0xccb50401d94b35671be14d1442d6c1765727891c14bf9b18192f7f616e983c3a;0x31871da871743ad64da0138a21a1d5650668237b025c8fb9ecd185e23086d190;0x155358eb;0x25c8fb9L;0.500000;1503210892;1503210921
0;8096;8048;0x1a2480a899dd841fc909abc9c37091b86eaad8ac3f009a987e964de78d01b4a7;0x8e1b05a3e14273f29bf2761e45d955af8cf2be1b9fbb6380ac31c2c5d1bed667;0x9519c22c;0x280f0285L;0.500000;1503210923;1503210953
1;8096;8048;0x59b6c7b94d021b20ec0ec6fee6d72d2211373fe159eef6a03aa7bda62873f781;0x0607516d523ee9527562529a88dd8131b932b35961af52f176a5d7891ff12964;0x5eacf014;0x61af52f1L;0.500000;1503210955;1503210984
0;8096;8048;0x7c5d7b4b07517ff06cd61400da7939b18735000d74fa0864764cf5077bd539f8;0xeb682afe49da5464dd42d175a51345dac68b9a03ceffc080354988f9b4c5f3ff;0xf9cba387;0x92425501L;0.500000;1503210987;1503211016
1;8096;8048;0x5ce9f1ea849ac847d5df6086b8a4ad7a0bfe8ccc5f23b7cb6f2f75aa5e3eabbb;0x9f3e86ecd18d232441fa801fd1e5e3c85d0841796e39f6ac3c582648b29e8c52;0xb0005eb5;0x6e39f6acL;0.500000;1503211018;1503211047
1;8096;8048;0x92bf148599e3abfad4e47ffdb2358d8379d87875c410553a243c64e0a49da936;0x63912f3c79eb7fd885c889bc05c3132ed5cdec5ec23f1814923c9ba184f249f8;0xa03536ab;0xc23f1814L;0.500000;1503211049;1503211077
1;8096;8048;0xedf15cf9338697701c9a1f60071d49251298a8170710bbcdf005f179318b281e;0x303dd922d6c21ae45d81eba4ded27d0aff379772f31a4e8945570f1d6a8f99dd;0x5ed45952;0xf31a4e89L;0.500000;1503211079;1503211108
0;8096;8048;0xd17a6132402d3ca0e2cf7cf0b99a62d41f729275d62e2376e33f9bb23d18110e;0xdd7d6a50cd248780d7d35e80cc8c14f58d89fc10e1a2b280a75e4585eff7d211;0xdb3251b7;0xa3aa1485L;0.500000;1503211110;1503211138
1;8096;8048;0x71018d069ef3b29dccd40919ba54250d5f86bacf6b82422e949f9495871420f8;0x9efc52b8df45bb9b2d622ceaba76006485067fbacebaf4bae13f9e397b4d7a9a;0x408f0360;0xcebaf4baL;0.500000;1503211140;1503211169
1;8096;8048;0x44e8b2ce7f3e5a44414b88e77e050d5a6e04576944d990912c255fb7dabc5b1e;0x7f403db6f76bb9412dc2a0b81a612b859968d7386dba5e9497a597cf74c76180;0x781bf9f9;0x6dba5e94L;0.500000;1503211171;1503211200
0;8096;8048;0xaf42558381b5eac5eec0fd1da142b3a2f067e271becdb366b8ae0688b58d4b64;0xb31718f62b6ae45f0b770a2e16b321da1affb43dd3ee973038b8c938dc2718ef;0x5db2e562;0x5428bd01L;0.500000;1503211203;1503211231
1;8096;8048;0x9b24a43159de7608a038977b0b91d4293a55420253f5cd885e80dc98d9fb9674;0x1ece3b2fa0289afaceba6724d21ea674160f8cdbcb02b47f0415ee6952ea340c;0x8883dc68;0xcb02b47fL;0.500000;1503211233;1503211261
