1;8096;8048;0xe67fdfe578f1f9ea420556a39a8775bd9f23b58f4bcfcb4eb27ea50ad8c10cbe;0xbb111c6f94bf5ad4f751c7e511ed231fe00bad78d9d9075b8d3910ea698bf503;0xc299ce25;0xd9d9075bL;0.500000;1503126293;1503126325
1;8096;8048;0xaafb5c418ea5a3239891f6a91de90ec8d4eecf13ec57a17b33e5dad35bcaa205;0x0a66c9dc2d1f835bcf4a16c4d45d5442ecafcbad4afdb364eb6ca557a59740fc;0xc9fa142b;0x4afdb364L;0.500000;1503126327;1503126359
1;8096;8048;0xcff55bced2f7e75adb1095c90974c183efa10a6b2d046410364b4e54263d6ff5;0x80da7f88914c75fc120736453de804266061451591ad2ec89f187a61c7b9795b;0x710beadf;0x91ad2ec8L;0.500000;1503126361;1503126393
0;8096;8048;0xec53398ec0f65321514ad8e95f1076ce1081ecf188c2cecf9591c4b604f727f0;0x4e7f895e02847f5ee4188b7b973aac1a81520f36005421365e6c52dfb162318a;0xe83bac5e;0x2542136L;0.500000;1503126395;1503126427
0;8096;8048;0x401816ddf6ea5d4224c6cab6e6892b9fa8b075f2bd128ca84426dcdfe1f20021;0x3ca9645877f2d7d1bf2fe95cad5e266842c107efe8eeb74017f34c13200f30d3;0xd8ec5b59;0x254804a1L;0.500000;1503126429;1503126461
1;8096;8048;0xce9b2ef08cf8f712cd03830e97eaf661643150043e427c8d6bf235d85857fb27;0x4ca6359d15a075de265f8dc3b69da9b89fee771ed7bbfbb0a04990b8686d54de;0xd13b4383;0xd7bbfbb0L;0.500000;1503126463;1503126494
1;8096;8048;0xef5c4c10cf3a8189b5821525b529b749a45594c2896a337914ced2a45c05aa4b;0x6caaaa864aa880cab36f6e86e7d08bc746b502cd41bb948bd3c02e1e0c531bea;0x5701dc25;0x41bb948bL;0.500000;1503126496;1503126528
1;8096;8048;0x5adc9d87ef9767e26ae6c561604e2c894db08d424273446ab19c96c4b0e1ca0a;0xc5557a6aff8d6e67ea65a5ded0407cdb2ebaaf38311abe5661cc0c45d7045084;0xd5d5d06f;0x311abe56L;0.500000;1503126530;1503126558
1;8096;8048;0xf5fa9b438df3500f8468347deebc0a377fc5f683db7c7b567dd417af80d92075;0x16c739725faf8a0bfae6b5ee59b4c7f3230033c74e33644b616fda95060ec627;0x6f7a616a;0x4e33644bL;0.500000;1503126560;1503126589
1;8096;8048;0xb9cad379ae87505e391b1ed6aa2dcb9b2e712f5fa837b5f90419cd965aba8013;0x98255b77ec43b9eaf8d3d6c4ca38283878f66e7c59deae8f181b2c16332d68f7;0x13f2bfe5;0x59deae8fL;0.500000;1503126591;1503126620
1;8096;8048;0xfd9d43aadc68a7f84891ad04cdd889772f462aa90b11ff934b158b7f8dfb0c8b;0x7161caadf3546deaa959e2b328af770f8ff2a08964b9f8c9583d1ac5dd5bd363;0x43022dd9;0x64b9f8c9L;0.500000;1503126622;1503126651
1;8096;8048;0x3c7820bb0ec1f6bb1c7f28f216a0869c2326d0845f468b936bee01b07d0eb5ba;0xd90c69653f6e4d2fb7825db00ddce6a784d73538656ca613d789740efb8dd57b;0xc3fdc399;0x656ca613L;0.500000;1503126653;1503126684
1;8096;8048;0x4e7c0ff538072aa2451d12238f43528f452a2ebf460b9e0789caad3be2d46030;0x8152e5d904989c051641a293d958dea056a8fdf1692ee9422986fd080e371164;0xe8feb887;0x692ee942L;0.500000;1503126686;1503126717
1;8096;8048;0xc34536173f9152d7cc11909c6ee0f40f20d11fd5dddf26ca3c2fbf4764003227;0x6882814ff91e930c0612ff084a75e58314a57cb8e5246b5c42991fbb0ae41ca2;0xb99914ac;0xe5246b5cL;0.500000;1503126719;1503126750
1;8096;8048;0xdbc42f0ee3e97f1acc90d3d8c889868dfac82eaff4e7fb8ef146e8a0d2e534ad;0xcb6d76b3d4c13e0037f38e52af215a04b5d017082c6ffc298b02f27b1c546251;0xb8ec0468;0x2c6ffc29L;0.500000;1503126752;1503126783
1;8096;8048;0x92fabbe8539834ecc472e834c8ff42fd50fc3d36a4bb384bd9450ff08b63e11d;0xae7bb89a7e10dda40ab04a07b3fa8a29776217cbe3180e99b783b72d7362c1f5;0xff2719e0;0xe3180e99L;0.500000;1503126785;1503126816
1;8096;8048;0x10430c0e06bc1e0ada2c50ad4c0428d93c2294f913c9c21c4b9e40f75eff056e;0xd0c6e63c18d196bcde2132593cdf8f2d34d815e5c682fcecf1491f8b9ac50390;0xe74f5be5;0xc682fcecL;0.500000;1503126818;1503126850
1;8096;8048;0x5434194b91e5423a46c02569e667779103f6b16831040b847068fc7673e9aac8;0x402ba3aef2d3d6e5e603eb129331b4d9859853e30a1bc6d1b4d7baeb4c87f0b4;0xfdc12e9c;0xa1bc6d1L;0.500000;1503126852;1503126884
1;8096;8048;0x9b907dcfb052aee809e85247bc1b90a91815fed3ada873f0d1d3e4709be93836;0xc14beb4f495b9c9e20f48a456405482dad476cea415caa509ccc4a39ca5d1db4;0xb30a37a5;0x415caa50L;0.500000;1503126886;1503126918
1;8096;8048;0x02098db947620b5694fd2bc8a15f41cf7a84abe0d41ab678a542e64864b59367;0x4bfd6d74213f8cbba1fdbe97907b449929deec156744a876452955ddee669ec0;0xcfcad32d;0x6744a876L;0.500000;1503126920;1503126952
