1;8096;8048;0x605133241cde2717b0d5a230edb8bf097d4f5c216b7e0a0156e7ed737ab44cda;0xcf77939362c59150bf518dad9e7a8390eb5b3a567d2c0c6dbf8bdc878c897200;0x09899b58;0x7d2c0c6dL;0.500000;1503153586;1503153614
1;8096;8048;0xdc6383cf7b429acbdae226510620e27aad428225fd81ea194a756294d8d2dfb5;0x1748883273c9210f1b80a433f9a299c3b25f2e8e85167fd5bbe0d210b9cc8957;0x4a962789;0x85167fd5L;0.500000;1503153616;1503153645
1;8096;8048;0x491dfafef9caa48b2bd4495ffaecb76f06732f29899538c6484cfb1512918c5b;0xe2e6d8c8042e6c82ea63bb4381770c05a2b05a9113ffd785cd24824af69ed9c1;0xd571bbd4;0x13ffd785L;0.500000;1503153647;1503153675
1;8096;8048;0xca6293b937be17a531a1195946a73bcb7d4b81278413093a751724e7bd8a4387;0xacb0e99d794e00eec7667fa687bd953ce65f304611b34d68a669d29eb1247467;0x30bffb2b;0x11b34d68L;0.500000;1503153677;1503153706
1;8096;8048;0x7c58c41acaeeeae57c7ecf706bcb463662711f087c3eec253669f83d055ab281;0xd332052ed6d5d322b6f864969305d8904b84c979ea3cb77200b4f03a1b754400;0xb0980423;0xea3cb772L;0.500000;1503153708;1503153736
1;8096;8048;0x387e3a2144ce0e1ad13048b5af89bf3b5358f771aca57707fb17e106473a087f;0x41c774dc21c75ec2274c24fb7ca9e5bf937a790f014080f77d721f04807650c3;0xd2c387c4;0x14080f7L;0.500000;1503153739;1503153767
1;8096;8048;0xfcfb6d7b3691df98767a5624618446a0562b750a4cb545095256c5970fde730b;0xaf1c3efe42bd57b828b20125742b32ef5ba56f87aab02c6875bc874da1c9e986;0x523ee824;0xaab02c68L;0.500000;1503153769;1503153797
1;8096;8048;0x2c9dd4e1db6a476d4ebd3527b7b05458582c88051a9dab36a1615b920a90a436;0x730a2dfae0659c8617e8d46051d1a78cecdd9b1029b13b1f570afc1295537651;0x62d48aa4;0x29b13b1fL;0.500000;1503153799;1503153828
1;8096;8048;0x3a247a1c49e6a6e9aef34ae31550696054eddf69c8cf0edbb8dfce7998df85d2;0xaf9f6830cdda0a7e521e18731d561fb9a44cd7cda73ad28d5754e800df7e69c2;0x026feffe;0xa73ad28dL;0.500000;1503153830;1503153858
1;8096;8048;0xfe8837020f6e0992922d46cdb1600b52ef6fbd7704f96c7253fac2e9dfc9bade;0x59a4afeec818f59a80d700cafcea20b8f68ed704a98dc27777a73ad91ca3f7d5;0xb50b7b47;0xa98dc277L;0.500000;1503153860;1503153888
1;8096;8048;0xd578dbeccb5e2060f78e3b4d127084da92c0e1128caf4affce26e46aff0e6dd5;0x4a71a94ebb6a577a09ffd19e7c7e931699a1abc2149cb5837a12e301acb13b72;0x04aea063;0x149cb583L;0.500000;1503153891;1503153919
0;8096;8048;0xe1a0b464be632827829e3e19adaba4f7bbb0b1970dcd5cdd40a9fcb224db2a05;0xa6bc07a3a67256c311e86859572b34d1a2576df8118bba9012fa070d93f59749;0x5d56dc81;0xffffffffL;0.500000;1503153921;1503153949
1;8096;8048;0xc7b7cfc5525d8ab293fc1ae6f400e29af9e901baa50e2e3274c321bc6bc53233;0xbe04587a300cbcfe871d15e8175be9ea019611a9df46470f4b4cf60e7d57ffc1;0x655fd46c;0xdf46470fL;0.500000;1503153951;1503153980
1;8096;8048;0x846692b4a5f95286dbe7d9ff55c007bd9cb772cf2c9542eba608382d492af1cd;0xeb99f008e8be8bb86c5a1cc612f95860c1c984be9f96b30d01c52892f7c7419a;0x43f35980;0x9f96b30dL;0.500000;1503153982;1503154010
1;8096;8048;0x6e61bff264c657c45a804d3b1fab4c32c7ecd21cd81530a1b5a4057e2443c192;0x79b0bf491f1ad94c8345de631ec7007f7dd5c07c9ff4770d87d9d17f323b6529;0x293ab957;0x9ff4770dL;0.500000;1503154012;1503154040
1;8096;8048;0xa407220a6d63472a10332d2e9dc110d0410d7aae21563ad111cec6d4d214fb77;0xb181def4124fd3b91cc38cabf8053be9c97259056b2ab13ce9f928db69bc801c;0xa4a2475d;0x6b2ab13cL;0.500000;1503154042;1503154070
0;8096;8048;0x86df17d36f034b008d66f08b0d8b3eefc09efd78bc5a8dda77061381057bb38b;0xb1c7e8e292b30479797dc11d6f0b88714f6b94396a0b7847afe548874e0d1d84;0x53050528;0xffffffffL;0.500000;1503154073;1503154101
1;8096;8048;0x079a25ffc83f2704bf8b976d53aaabdeea76b50d0a508182645cd991ab6f51b3;0x18b103d31ffbfb9472bf1bc2421224796c0f03bc1f4e2b703c194db3b30863e9;0x936d468c;0x1f4e2b70L;0.500000;1503154103;1503154131
1;8096;8048;0x641ba2962f5b61b3f4587bbf1a03cb9f6e3786f10c41e3be351b8d99ef683c53;0xfb9cd7d828070393904a5f77a32ba3162f04a8204e3d7a3a4c73600eff27b335;0x97172d1d;0x4e3d7a3aL;0.500000;1503154133;1503154161
1;8096;8048;0x0b2a4c4968e9427f36750a2551515f2bd0bbf0f3a439bcdadf69e2620b731016;0xa1bc7bc916999d0cf297c94b0e2df96cf7f4827f85bf6f526455d2f010f9a005;0x239935d1;0x85bf6f52L;0.500000;1503154163;1503154192
