1;8096;8048;0xca923c37a50595d474d5f73dc6b500700b963437b277b9256d90011456fee820;0xa7d1f5c6ad7f4a1c285aad0468902d742c08d65807efd063c2a8c0d34d804d6a;0x0691dc1a;0x7efd063L;0.500000;1503145240;1503145268
1;8096;8048;0x2028e5a0a3b84066bfd1f55ddea92bdb366ba0291fa6055793984aa458931479;0xe8a3cad3d3bab1b5a69e59c2f94279931be877c709a33d367dba191ca19c3100;0x628fdd12;0x9a33d36L;0.500000;1503145270;1503145298
1;8096;8048;0x35daf5edfb7d016865848ec552aba8027b716a2aa6d1207711f55cc05da1f392;0xab48a3d040daac9613ccb36961287fc586ae320ba621a02c538d6e5b57a36c0a;0xa9c270c7;0xa621a02cL;0.500000;1503145300;1503145329
1;8096;8048;0xb4910ea32f06b1253950c7f2ae57a9c82e3b9b5414fca17983ac103cb9ca816d;0x9dd42b5d21ca354935c95ebacb1b58c23c1dcfa8586d1deacf5fb83623d536b4;0x9cbec4a3;0x586d1deaL;0.500000;1503145330;1503145359
1;8096;8048;0x4f9bfb09b18e3b2dd92735252195a0aa97de34883baea1692bc95ed9f26e1f41;0x3754682707e5aee43ec5df96bf20e571fa251c7e17a78efeb88e0d2a01db2bb6;0xbdce587b;0x17a78efeL;0.500000;1503145361;1503145389
1;8096;8048;0xde0f501fe4a8d7500c991766d105e821bf4a7de25439f8a972005da924970e03;0x1d3127b35a5fdbd4a69972d4f20d3db298f8348b287bd25f8ec4b4acf0d284e5;0x04e3fec4;0x287bd25fL;0.500000;1503145391;1503145423
1;8096;8048;0x238821964586adc646a5c64290ebe5aed0b3c53cf31e15696b398dbbe3a71e06;0xb11821a4ddcbf8d89c219abacb9cb69e7f83d5afb6468636e43b49274bcfe42e;0x0e8fc87f;0xb6468636L;0.500000;1503145425;1503145457
1;8096;8048;0x44b61103bbdacdb718d6eb223fa29d08c3e7cc0aab619d3c2baa8951ddee6221;0x5b453e19db0d01f4a6fcdc1c51c857d969a411d6cca67994334673f5f65119ce;0x45250d0c;0xcca67994L;0.500000;1503145459;1503145491
1;8096;8048;0x1bcfd2730d66435d211a97dfb9923a40429bae14dec5b2465a4e60f492939aad;0x4fe4a04901d378ddb04730045b3d1554fa9ea3b74b6b481b9090469709bb9128;0x7c94f77a;0x4b6b481bL;0.500000;1503145493;1503145524
1;8096;8048;0xa6a72c716012e6565b326076fc5132685eca9e9013e960e11b481afca29deb48;0x70e33ec8d1ea8b6c90c161f22605488de35068c18abe4fd928c287fb6f78b9b2;0xf41b04a4;0x8abe4fd9L;0.500000;1503145526;1503145558
1;8096;8048;0x0246b1f585a4be200dffc2a0d39f72b57c616262bbd1057035b14188d28285d4;0x23a786ad9357d94a246734fb87a2a505e630f2f8747f788e800b9105fed013e6;0x4a932eb1;0x747f788eL;0.500000;1503145560;1503145591
1;8096;8048;0xb379769ea22893d2d81bb5b47dbf98bb3bde8078f1fa5cdf1be0dde5412366f5;0x0d1ca05b6c3e252f541064b1a6999194950cedb9fa85353554c20436ffeb5d38;0xea4c00e8;0xfa853535L;0.500000;1503145593;1503145624
1;8096;8048;0x3262dcb03674e11fb277968b880ab5ec1661928fb6bcaacb6c33e28dfcc5002e;0x70c5ddddbf7e2780570bb1fa286f1094abe2fed4783926c93f46b5ca9393a00d;0x8b879560;0x783926c9L;0.500000;1503145625;1503145656
0;8096;8048;0xd4293ed82b32852f4af248af1e7636758f6db61e51673beba34b710ca92fa77d;0x2a9d742b7ea554a1c4df254f90c9c6b9ce33b5875c00f4b856f5dd9a18d78f0f;0x6e428686;0x402f4b8L;0.500000;1503145658;1503145689
1;8096;8048;0x94f84027f7dbb2a7ac5b37c3198a73d85bf7ba973e1f4f02a1505b696136eff5;0xfff7e9ba1a9814a499e8d0463d7bf3d2728df096d7f5ba3651f25b29c1777771;0x65f58f8d;0xd7f5ba36L;0.500000;1503145691;1503145722
1;8096;8048;0xd58b03eaec892f99d09641666a601a76b0966f8843bf94decb5777eed29166a7;0x91b399912230fb3f2ac93b3b13cc8ddc1a372dfe1ecbc259f04fbd8ed74e07cf;0x70612d1e;0x1ecbc259L;0.500000;1503145724;1503145759
1;8096;8048;0xd72a0e44ccdd329cd4ea88bfacaf0ffcf8b9ecdb583f7e26114214e1069a35dd;0xad0ca715e614cf203ada4bf227cb552ba5a3b58026487fc2e5e33858c15c23e5;0xcb7f8c47;0x26487fc2L;0.500000;1503145761;1503145795
1;8096;8048;0x6622387b4711bdb9a3d3ec443b380638fdc973378420a8ec8659884e9edfb404;0x524e3c79d1753a41ce282daf8a4ab862106dbf2268708cfc5abefe95c60b410a;0xae64679a;0x68708cfcL;0.500000;1503145797;1503145831
1;8096;8048;0x519e4005b53437b805a2a81a506e712df950bb90c0402084d608f1c780fa60d2;0x8a3b70e176e0ccde44f2e6fa05b916e5451373704741ae1b18bf07f40ab22247;0xd18ecff4;0x4741ae1bL;0.500000;1503145833;1503145866
0;8096;8048;0x680bf6d9ca6aa0fd6932d8e4c04dc704cb184201f6bc39230a566fd1fa186562;0x69efe7ce8975751a8be89c2e8076c4ffdf63e5bc4322c666c1bf40b62495518b;0x9ff302ce;0xffffff03L;0.500000;1503145868;1503145901
