1;8096;8048;0xf0970c503ddd464b9d6713fd2971b75ea2ede201abdcc6eaef19c315ac46fd9c;0xdd3f3ca7533bc61a33a94ab8aa5442dd59023ac3789cb7f2f761476dd2b52ebb;0xe7b31f41;0x789cb7f2L;0.500000;1503191591;1503191620
1;8096;8048;0xc4742a2c6bc445d0995537b8cee56de1a470df4c2a35c7025d052f387a02963e;0x2be9dec37df35b4c9ba415f164f043d27d435d1a26023e3d3ba1bac1727aa49b;0x46bbbb2d;0x26023e3dL;0.500000;1503191623;1503191651
1;8096;8048;0x8625be1d5e65421a1a99fc5a0a5dffd55c136a92bd9e401ca92232ffdf172765;0xd4200ab47f9ab9c69c63e9aa0770b3045294efa2623fbf332d9606b826538a05;0x0f6c38e1;0x623fbf33L;0.500000;1503191653;1503191681
1;8096;8048;0xadd209ac60fc9fdda55e1546fb529105d00f7ef01f6c12e8c5e310fbd88e6686;0xb05c960aabd1aaf9918da18a18b4a297ed65cc13c3076395ddeb0d0d36a8ba76;0xc9f05daa;0xc3076395L;0.500000;1503191683;1503191711
1;8096;8048;0x676a3cf4b23dc6074d4b6a4df72e4ed266eaec70e04499e8e3c1accb2c968a94;0xb5a005b73107b13fd8b2e3d467b3f403e4b7ce0049ad55e270b5cee7faf63844;0x268ef676;0x49ad55e2L;0.500000;1503191713;1503191741
1;8096;8048;0xa50df1bc2a534e2c013b34181733dff332056e8f8f434e6accff7578c1392b66;0x8de58dd9197b089502511e240829632058a468fbbcbc84c3dacb1d20995a61f0;0x17119fcd;0xbcbc84c3L;0.500000;1503191743;1503191772
0;8096;8048;0xa5249256194ee7f4a0663814e78e12d2e6824009c82f23a57b59b0afe1ef2f87;0x3c216cde11d14c92220c69e15ea808dab0458990a9d4619407aaf2ef41a99da9;0x7e36180f;0xffffffffL;0.500000;1503191774;1503191802
1;8096;8048;0x6bb99de2091c22e4ea1c798f9daf5a936c78dd5632dc75eb218f7843c115312c;0xe28a0922ea934929167b93ad78bd2a90d54356e7e050432f5cd7a99716f72d69;0x045b1f13;0xe050432fL;0.500000;1503191804;1503191832
1;8096;8048;0xc6a9e8b53a5ecd858c33e5897e8dd8deaed58556d9f031ec084adf6812c849d8;0x1666c9b4f38779cc0191250bb50cf5cdcd69bbd3fe10d0830695f590c5f81d01;0x58a9035a;0xfe10d083L;0.500000;1503191834;1503191862
1;8096;8048;0x50593ab4938427abebfb37de2e13b8965e45f05a61dd9fad40e44165d0fc7b20;0x23160a279bf6cb7b461108095799576781380a6447ea8a77f6df760e3a3269ea;0x373e0d58;0x47ea8a77L;0.500000;1503191864;1503191893
0;8096;8048;0xbc774560a628acea376aefc039eed011d8d87603f7c59b672c5da680c2685f7f;0xfc28c54916a75118ed09fbda51392f22938eedfe63cc9701b47f601f634e295a;0x50c09316;0xa142aa02L;0.500000;1503191894;1503191923
1;8096;8048;0x4fb6ba83900db37977002c13af870fc4cea2d993d879b9430fdb8b69972669e6;0xc2575596b4a8f32c8fdb0a125a42a6fe8e4a67f714ef7886fd84d139f0d17d43;0xaf25b87d;0x14ef7886L;0.500000;1503191925;1503191953
1;8096;8048;0x000b53c97e8772f825e48062ca3b0e9f9133a03784f5f55a3a95a7d7de2e1edf;0x7fc74cb0b76ea6b3df22c8edb496e64a33725889d73edd17c78588f6532b7de4;0xfa3569a3;0xd73edd17L;0.500000;1503191955;1503191983
1;8096;8048;0xc3af4a7940fa72299a12343258978b88ed6e52e067f33a96b462e76b25b338e8;0x85526c5a5c95870ed5df8c53739fcf3d5c235e667bb9301662d56fea9b19b5c3;0x9cad5125;0x7bb93016L;0.500000;1503191985;1503192013
1;8096;8048;0xd51cd7671525dac5e9fcbae7bfe2971ddfeae125e2616f0e3b15b12024ad1bf9;0x9e82e6d8571ff67f0c8e80f8739bda6849e0f3cd0d84c30af81d64515921c8d5;0x124118fa;0xd84c30aL;0.500000;1503192015;1503192044
1;8096;8048;0xb4fc5bb2e2a2c3b6f06b97b42120df60edc97392e8110061a46f138caecc3362;0xa5bc5885391f51274d3c6bc4c8e0f7ccbf75d4c36733661557d5932c73182dee;0x49b3fce9;0x67336615L;0.500000;1503192046;1503192078
1;8096;8048;0x5369da0a16fecc7a6b08e6846c8d2282ab281cdc1ab8b19904c3118cff43f052;0x7523d452c1a60cd2a54501c1ecc67806e15ccb4c31a90bb5202dc3a67ffaf7bd;0xd82b31bf;0x31a90bb5L;0.500000;1503192080;1503192112
1;8096;8048;0x3f41e94ab0353bd85fc356de699714ff7e86bb63dd958848c6b4f17eb12443f0;0x4c0ef2de8f7ca01048a3ae79e644131809929603e5638d04f18f31e5f541a14b;0x2de7f055;0xe5638d04L;0.500000;1503192114;1503192146
1;8096;8048;0xdb5a121a8ef3d3cd12ed9a42b1ebf50c9aa1e7435c22b84569e03fb2c7c451a2;0x5554a9bf87656e394d58db6a02476a84622a3d70bbc88a8f2f59a3ded1612e76;0xbddf3e1f;0xbbc88a8fL;0.500000;1503192148;1503192179
1;8096;8048;0x42f6d67bc17241a7fe81fa433c0ee23662c72c0f9c570b9d5e37a2e1e80d4b2a;0x162c2c7eeb180882154fc7e25b99442adef6e2f7fcc6d4ce9415d551afa2daa3;0xc9e65eb9;0xfcc6d4ceL;0.500000;1503192181;1503192213
