0;8096;8048;0x8fee316c3aa5dd7c44e182c6f21224317087939fede31f1ddd46e9c3a2756f31;0x3104b0d27962d4750070e475a77a2da8779cc476a1f2b402bff943fefe0fc924;0x83fe3bf8;0xa20f14a2L;0.500000;1503154765;1503154798
1;8096;8048;0x5f9b55f255929c494b42ec2b0ba1a0309da14b7959197a73d9d6160817dcd676;0xf42e8716c1733d49c479f078432818a144bb0f0ba93192c36256f40a269ee394;0x1d9d042e;0xa93192c3L;0.500000;1503154800;1503154833
1;8096;8048;0x9bb35f0df15a06982109d098844a9a7056a212d1fc8ae2d7a065fb497b7b1116;0x3b76ebe54cc9e2159196b4bce05c5b83bbfa6d6ae980c95122c84186d3aa8d38;0xba432a39;0xe980c951L;0.500000;1503154835;1503154867
1;8096;8048;0x8e5fc00479a1e32dd23c8860f218943dff72fa82e88e2acbfaa6cf59c5b52c53;0x93d31f581a63da3c747553d24e61b910ba1ac550f7be82a108a288181b23c598;0xf605fd48;0xf7be82a1L;0.500000;1503154869;1503154902
1;8096;8048;0xca252c7d327511715cf16784a793f3a7d66904c4e6d9afc40442a3cd34217efe;0x863814c40fdf54624e395d79a0e6636a42a30c06a176577c76c085de9aa19de6;0xd9d32eca;0xa176577cL;0.500000;1503154904;1503154936
1;8096;8048;0x7b95b01257a2a10442d52e21dc4657edb25b2a4c14570cc4dedf13dcdb7b0457;0x747277b247187617c886f8a99a5154d2591321875ce9e06f56b9c9a9845ac9c2;0xc9ae8ed7;0x5ce9e06fL;0.500000;1503154938;1503154970
1;8096;8048;0x7718a8e87b1ed70aea10edcf089055b49f09b3addc590018514bbf58f47e846c;0x420c427efcaf2d27e9719f0f4b6a372cdfd30b0ecd77661d10d0189c00715adb;0xc36fce31;0xcd77661dL;0.500000;1503154972;1503155004
1;8096;8048;0x4348d008c84ad8f51ef28bb85c30bcd9ca9cc1418c78494ee3430745eb7ccb2e;0x7c2006665d38b6fe2f5c10b4b84c5abed6de02fcff41a3db059e08c9906c3922;0x6df75133;0xff41a3dbL;0.500000;1503155006;1503155036
1;8096;8048;0xf70c1ad0c766111a9dc54d6ea0c60836620590c2308f918e5c2e0294ebbb1de2;0x587d2db391581c533f6029a91a210b5db4a654b01a7dcd1e6a5020024913a766;0xee0090d2;0x1a7dcd1eL;0.500000;1503155038;1503155068
1;8096;8048;0x8255bca8b14c1ce620d87f27bd56175436605e897dede93fb9e44d982b32a0ad;0xccda1b03331d4ab9b0b70d44b618bef6d2aaac12499687efe8338690774b57be;0xbeb00464;0x499687efL;0.500000;1503155070;1503155100
1;8096;8048;0xa57b858a3b7e1ca123182d26057e4e71f256ff45d3f1aadbb1006d305a7928ff;0x8a77e0c105d99f3b16d23fbf9653f2d844acf86693356598b239400ceab4c3ac;0xa31a68a8;0x93356598L;0.500000;1503155103;1503155133
1;8096;8048;0x67a6b9388127ac586874726fc5a866c69431df716dbb1297a1683fd7c3b0412b;0x81bc0cdbd60cc3c98331073e3e049e8910ca3d214a835473985b0016e2a9206f;0xf3460579;0x4a835473L;0.500000;1503155135;1503155165
1;8096;8048;0x73e2e938890aed281eaba44f8e6af8729fd08e9964eb36f4aa43535cea68775d;0x7a170c0f56a7f06d9da3b9306eb0806b5a928b2bc7cae8052d1cf769ebf06081;0x174e1a2a;0xc7cae805L;0.500000;1503155167;1503155196
1;8096;8048;0xd577fe567179e604ada46047184227b168a24664d3431b1030584b30e0e969b5;0x66733dc511ca494c4875297ddccce22cc7099ed4c6eaf1d78aa163f06851fac0;0x86d0c977;0xc6eaf1d7L;0.500000;1503155198;1503155227
1;8096;8048;0x9bdb3afd7316559c8308164466c62872a4584cab527cbbbff6d434486c16db08;0xa8077298fe719487bd6311738bc876c251dd50be0e032a06c8eb886080e6b58c;0x4bb97f2a;0xe032a06L;0.500000;1503155229;1503155258
1;8096;8048;0x6cb7a855b8be8eed62a942e2a5f0f2b39c1984a26fbd347d8cc8d182fdf5a769;0x0718714c00784c15b4004e2a9314812867b18c9b912265b42c14ca85394b59e5;0xab2e4dc1;0x912265b4L;0.500000;1503155260;1503155290
1;8096;8048;0xfb21823bd4ccf1ed5a5d21b9828d6de96de0c6ca2bda9ebdaf9c57be817ee67c;0x8660c8fcbcc7b2c0bf4a1674e078cdf39cf11fe3c62842df62834937a09cf714;0xd3d91515;0xc62842dfL;0.500000;1503155292;1503155321
1;8096;8048;0x0418f4b4b500e032f655ca7db5fa9edea5d8aafa4a8c93aea9790357911e0e95;0xe8635af9b4a34392c8b9e4810928c6a601e2f4421cc496c6e499ee41192af930;0xb1cc5d9a;0x1cc496c6L;0.500000;1503155323;1503155352
0;8096;8048;0xddc978d0874b88529393b08f71cda9419249cb08a8c04986fae84f44b6e1ad93;0x3cd508e624221079ea65d21ea56c077ae9c1e972d72b8703340bf835b29a0e78;0xcf3e5603;0x25200faaL;0.500000;1503155354;1503155383
1;8096;8048;0xcca349af935945b4e3261124b9fa1f04e088a85a010d70e729f992cb4973c915;0xf24fce83032448769fef9fe79468d48b47ebaa353cfc39fc146d15106af171fe;0x28ca2848;0x3cfc39fcL;0.500000;1503155385;1503155414
