0;8096;8048;0x1e609e9aaab6159382daa5fd7f9d0eab8463e9bf311c545fa519edd7eacffa08;0xb7501c746237075b7d25a97dc6379339fdcb60a144170f818c33528620eb00c1;0x1e2106f0;0xffffffffL;0.500000;1503128795;1503128827
1;8096;8048;0x55c81f3d8a611eb66807a3bc6b211e6ecbd132e66e4519d355d894f68987d0de;0x5a52333dd9fc129d09f764b0d6d1a8dce02bc7ed22f2d8f03a140854fdb62b1b;0xda56803a;0x22f2d8f0L;0.500000;1503128829;1503128861
1;8096;8048;0xbbe93a09ef9ac5b3020c816bf880ee0ac74c79c19843476cf6ffbb852ec1cbe9;0x21a0c0b99df1eb42203d63dc1e492de024e8a8a82d08ae2c0998686c8e9b147d;0xc0019826;0x2d08ae2cL;0.500000;1503128863;1503128894
1;8096;8048;0x2b8a3369e12761fff766f47a6139738f723b7efccc424858bf83c0a2a1a8a2cc;0x1b8ac9df396bf94f425f1d32ac194f35f002d88842dd11760c9c7073d76b714e;0x9a44209a;0x42dd1176L;0.500000;1503128896;1503128932
1;8096;8048;0x9677141e839e3b854862eb0545fb88a66912b2e12a36981405ff98c93d14dfd4;0x1d550a42cc645929cefa2a5fb05f4c90c9183b8dd1df9de3027d98d6090b585b;0xd993a6d3;0xd1df9de3L;0.500000;1503128934;1503128972
1;8096;8048;0x29bfc69855f9c6fdb6516bcf92bc103dbb46d3b6af6e7cbbc027a16c7bb941a4;0xd863f436b85ebbb4181b33190b95ce18938213c974876c73f89e3356680f9a9d;0xc1ad8750;0x74876c73L;0.500000;1503128974;1503129012
1;8096;8048;0x91dc341c72d34b6ed91e6797647cd11014e805caf8d9ea93b6d83ef19ddf602e;0x8eb400013104e5c690c611f65f2c775cf7354479b21ea5d5b500dc3a41dae2c5;0x28b9bdf2;0xb21ea5d5L;0.500000;1503129014;1503129051
1;8096;8048;0xa0178145354d0547c3e79f0cd3b1477c7d8174be6ae6e578ab0e2fc6b1489551;0x2cc293ebe1dd364930a57bfa39376ec8498020a7b61b37571f94cde9aa157138;0x4c93f141;0xb61b3757L;0.500000;1503129053;1503129090
1;8096;8048;0xeb27e1137e8cc703db606ef389cb9fbc4a5ec80c615b4f1dc5208adfe1cf06cc;0xcac73f76fb68ec8428e2dd7c07af512d78683f8efed1f47b204799d4193aabab;0xd03dfa62;0xfed1f47bL;0.500000;1503129092;1503129129
1;8096;8048;0xa0270006f7a70a0c4f145e3e3f6d00aff97a06581fb8e4acbcdb270a1e93dcbe;0x14e2e1e6fc4757584ed303d56a139a6e2dab88e3be3bf8c4feea64031d6cc104;0xa37a4820;0xbe3bf8c4L;0.500000;1503129131;1503129167
1;8096;8048;0x2cfa69ff9802c100b70bbd4b2cc3ab742dcb385bd6002bc794927283d7f55c04;0xd9c0986e425c3aff329d474704e9e49bc9de603d726b3542852315e807a083a0;0xae4445a0;0x726b3542L;0.500000;1503129169;1503129201
1;8096;8048;0xcc3427853d292559f8ddbb4c6884981d2967a37986d74fcdc9c2fb3b329735fe;0x6b54b294c596c91f1e6b2b243f02223f03047f82e9f001a2b85cb3999960bfc2;0x0fb72165;0xe9f001a2L;0.500000;1503129203;1503129233
1;8096;8048;0x6085c37757eecfee715b2f65986cf29f2efa886fe8c2ab8f87e3a57c669d4cc7;0xbab0e29904b28421016256d28e7e93282d21a4322fc652ff132de5e083805a9f;0xe33a07db;0x2fc652ffL;0.500000;1503129235;1503129266
1;8096;8048;0xc8d97c74c603cd7d3205a47e0136fd81cddd524eb69abddaa0675cf0081804d0;0xc77aa7563c88ac69cb7d8f196b511e5ac29f80010bfd0b6038212d94435123fa;0x098aae37;0xbfd0b60L;0.500000;1503129268;1503129300
1;8096;8048;0xdd97d7ea0b77cc138f15535bccfb891b615ac088e7797fa312dd5fd70a4f02e7;0xbcfa4a450de23a22131b48e85dd89d9f50f90063b4414edbd5b9ddea678cbfe7;0x3d0297d3;0xb4414edbL;0.500000;1503129302;1503129335
0;8096;8048;0x200b3cf79d456c71631c90d6caac9fa912e47a3e14643e92a13ad97291b0bbb1;0xf590fa8a1d09636cd2be1c7e8cc691517203211900d6c8932b995f92b9726cad;0x4d0dbb31;0x14d6c893L;0.500000;1503129337;1503129369
1;8096;8048;0x8f07deb911476b7da6600b1fdd6a36073739a67a465a5986a655b6fad36b8c62;0x585337ae34430871f3214d794fd58228a50eca7365a4534d866f6e6bec6db21b;0x5de2eb1e;0x65a4534dL;0.500000;1503129371;1503129403
1;8096;8048;0x84480d79e0aa726b7711c4d830dcd45333d21d64b55d1484d8240315083bea8d;0x84a3e028d23f42a8da08ac2fa1fcb6143acf49e83fc9c0e74229a32d1a5fda21;0xd21c7d71;0x3fc9c0e7L;0.500000;1503129405;1503129437
1;8096;8048;0x70deed11295db690cc7f7a61d675738e19e55f2f47b3dae49b4f09409aee990a;0xd523bd05d08f8a27104e2e0b90d5bae43a38f748ce1afa8e26d4df019dddaa94;0xc4d8d513;0xce1afa8eL;0.500000;1503129439;1503129471
1;8096;8048;0x6a23077200258d47fcdc6e026ed9d719a0c059c4e7aed43c27fabcb338571da3;0x3d85ddd6d61882bfc006fd905f88d540d442e3d0e5a9415ebd3f4f3091393f69;0xd93b282a;0xe5a9415eL;0.500000;1503129473;1503129505
