1;8096;8048;0x51bd49d613dcd2dc6e6197a9bcfed2c54e1e2a9696753feb0ac67864675553b8;0x0d947a71e527bdbff746c1236d3592db88f2bb5a1866f35ef36d986e6e2742e3;0xa4509ff7;0x1866f35eL;0.500000;1503235552;1503235585
1;8096;8048;0x3c4538cd0b1630d7a0b2b209f7d0585c723fc49d3e384af12b33c7e5c17229fe;0x22de71b92675f0719706f32628d6f3653671ba8ffa10ba6a80cd2811da801a66;0x2589535e;0xfa10ba6aL;0.500000;1503235587;1503235619
1;8096;8048;0x391e3b1c4a8cd08e4828ba11735e509a487b69b98516c33def1aa2f8479fc980;0x17d8b77b9a296ae3d6f79f8ff14cfbe4e1391dc7078a857c046b67117e80831f;0x024b3aaf;0x78a857cL;0.500000;1503235621;1503235654
0;8096;8048;0x0855ead12447c0be3c206857b4143c245681356ed29303f512b162b415f0bb1d;0x5acfdcb056be2d9c4e61b22c91e5ef5cdd5eddb5e3e9e30255c91f70992c1b04;0x6c20181f;0xab5212a9L;0.500000;1503235656;1503235688
1;8096;8048;0xaa60655904d15a9da7e19ddd209f320373550d19ee4385e172b3f332b784cd61;0x4c189ef788198ec1e8f94f23f8dab2272c26d197c078408bd07624b378958721;0x08cdef66;0xc078408bL;0.500000;1503235690;1503235721
1;8096;8048;0xeb35e39a4165b51e52e81735005226b319c940411165b9d57ed2cf0aa288498d;0x35253c304e5aece71cce3a8a9fab8f4792782caf15364d1ce91b4beac1393101;0x94a4a863;0x15364d1cL;0.500000;1503235723;1503235754
1;8096;8048;0x4d9fde39d6b055d6d9cca020cc307a4343355d7fad864f9bbc69c4c5f770e644;0x06064386c6ed7b8973559d1f2338e99d2bacad729d46f44d5940bd45480e7810;0x949ada22;0x9d46f44dL;0.500000;1503235756;1503235786
1;8096;8048;0x84e3b7f78a51a82351332f3c562ac7c24652696fad2e3008fbce2a91f2180877;0x42a7ed7e377b579bedc483a2d6140c3544edf7740a4e3a416ed937178a1520fb;0x405c1317;0xa4e3a41L;0.500000;1503235788;1503235819
1;8096;8048;0xdf6dd2308092ed2463b71caa6b896da22d9b01389af969f6818388ebea4bf6ca;0x43d16746534df1dbf62232bd7eb6756c10a414c04fdceeeb68a030b8223845b2;0x97917f1b;0x4fdceeebL;0.500000;1503235821;1503235850
1;8096;8048;0x310d19d0c40957a075b95ca253277d47644d3f8f6f96244f80f36e093aa92a6b;0xe0bef6ededc429a674765cc96c2300cb3bf78e025a51f52c4d3e84490ead04c0;0xe3005a75;0x5a51f52cL;0.500000;1503235853;1503235883
1;8096;8048;0x2eaeeefd0f4871f76eee6dda24e85fd5affaf09670b64410006c3f48578c1685;0xeaac17906758b086569133e0e16c845e93a7eb23a3d22e026eac4480e8f53ee9;0x54d3179b;0xa3d22e02L;0.500000;1503235885;1503235915
1;8096;8048;0xf6e03cf79d7d3d8d7aeaa9ee4e5f42b9c5b3b3cd00e7afb678be9f92f46349ea;0xc06535ee82b23bb4de9f7436d6a2ef18c6491b7078b9dd6126e472b2bb3a9b20;0xe7fe99c7;0x78b9dd61L;0.500000;1503235917;1503235946
1;8096;8048;0x5212f17ef0d46e26269f0eb8c6795651cadaae6700676fe8554ef119fbf88e4d;0xee005f9cd3fde8acdae1e371ff07afc0984ddcda0c48eb6dc670d7d3576ac537;0xc04a139c;0xc48eb6dL;0.500000;1503235948;1503235977
1;8096;8048;0x54612d615a260e7b0aad070206873b9282fad4134dfef0671857813dc7e5491b;0xd9c3db9d1618fc21c4e52fcfa8646a53e58d83185581d83fa677002a82787dd7;0xd3413977;0x5581d83fL;0.500000;1503235979;1503236008
1;8096;8048;0x4cd6e0f6a39b35459d4ef6cd8835148c5cc788b36ccf4a36800db1ac76709ac2;0x9ec0a5c6685f22373c26e7fad0cdb78896274452338fdcdd1cfaff86e7650f6d;0x1877af8b;0x338fdcddL;0.500000;1503236010;1503236039
1;8096;8048;0x8febc015298697193b564c22514c87967f6b12d09c4a7a1ab1db98b508eb9197;0xa7d08795d13e56a4253c88f454a8f6ee43aa552b4ec1143cd1381b65518a5402;0x43f0ebc5;0x4ec1143cL;0.500000;1503236042;1503236071
1;8096;8048;0xa4da7cfbf9608268f3148b062da21a8250511c6b80822cd0392e56c7f9ebee9d;0x46b100cad3cf58b11b2b4bda12580fa94083a9bca8c791f877ab19258dc560ea;0x8f59e32e;0xa8c791f8L;0.500000;1503236073;1503236102
1;8096;8048;0x2c1c3ec3bf0cf83d3767f538685b95a17ff59fe64c15e36dc079d480ed88d119;0xb175f5f9f27ff5e2b0bd48032a581e15fee4b5f428d01af31682f7f3158274ea;0xa00dabb3;0x28d01af3L;0.500000;1503236104;1503236133
1;8096;8048;0x4f08cd213f75779fb70cc0aa5403b2fe743ba9de168d84eee4e06feb37a94086;0x1069b23ffa4229d8d0764313c6dd61ddc1fa176d59758c64180f4970512d968e;0x94e17499;0x59758c64L;0.500000;1503236135;1503236163
1;8096;8048;0x5167e1782d128a4252d1c37239e4544012d0339f8c47b61b7400f4955e7c77af;0x37309fa56d0f46b8a730afa6ce52989f81055f9b5b38063fb4e056ea3ad486ca;0xd31ab4f2;0x5b38063fL;0.500000;1503236165;1503236193
