1;8096;8048;0x6427440adc36b9231853bbb24412ae88717391b9d2aecb77fb1b85e9763154da;0xce32fda45160c412a4ce00c698c08bae8e333d49238489f0f35be0d5af070c1d;0xfb71b3de;0x238489f0L;0.500000;1503098316;1503098347
1;8096;8048;0x3462147b46206456c5754c279676c66eba53cbd38869b31d528c6c694a8a247e;0xb82d0aad816df63ec0229d85f676e6cfb62e33c6e8cbbbc746c5afd8336b7609;0xcbd903d1;0xe8cbbbc7L;0.500000;1503098349;1503098380
1;8096;8048;0x95d05c317ded80a88e5c834e8e055cb829041071abef4d54ab485827f4bd8b89;0xca07811a2d0b21febdb10567574be12be9fb5639a484ed8bfac0cc604e264b06;0x206315ad;0xa484ed8bL;0.500000;1503098382;1503098413
1;8096;8048;0x69bf5650c703618939a99539f7e98980c16e1544152a586824696c962417b98d;0x9e8c35e2a9ddeab19078c36f706b9142bd272e10ff05d180c9965ffc9122473e;0xe4b5f8c5;0xff05d180L;0.500000;1503098415;1503098447
1;8096;8048;0xff1e866820b712910d4d5ec709f3c8f7a76d95e48d0676becf3f5d878aa4b989;0x90f3bf913ffe1f29a60856aeaecd3c9c62b782c0e64e609e84ae7d2097722f38;0xc252c53a;0xe64e609eL;0.500000;1503098449;1503098480
1;8096;8048;0xaae9631c0b6410bec4bacbb9976e2908006318376ed55602bff3473ae8a01092;0xfc3a46c7441aa1190d6e8b4977401dfb9a9d8df9fe88db31a1dc18161381e8e0;0x29748afa;0xfe88db31L;0.500000;1503098482;1503098513
1;8096;8048;0x741046b0ef7135a4d5eea188e21a3bb93ab97e382e43c52e106b056df989566d;0x37ff444e31c9f24791b3b53a6c8efb6591a714416f4a5ad2ee1fb4ed947b1383;0xa41e7c82;0x6f4a5ad2L;0.500000;1503098515;1503098547
0;8096;8048;0xad04287bc86338cac2fca866138774e0402adbc64cfb56bf4a918aabd6c46183;0x25b9ac81ae2ef494fa52608fbaf919a2e38cbe23d9d6e0a75fca20095d63de4c;0x0b6200ad;0x725e903L;0.500000;1503098550;1503098572
1;8096;8048;0x8132a82f1176fd6bd3e556e46f3522a88d0c9f7f65c703ca6fbf54821944269b;0xf9592c633e93daa7617b013c411b0135a4ffad1543f1b9c036aec23b876d9ccd;0x68dba322;0x43f1b9c0L;0.500000;1503098574;1503098606
1;8096;8048;0x3d0e455768e24b4644baf890300ee2edcdb61188f233faec5f9657de2fca2e6c;0xebc89cba3d83439e4ee9546b7f8caf54bae67026ed0dc8b55c12aa3d5d19402a;0x78bd1052;0xed0dc8b5L;0.500000;1503098608;1503098640
1;8096;8048;0x26fab1a9eb8bb33402bf81396c6bc92122c924b27c39fbf1387344bfe26a2c08;0x2fe21251789d07e82b7d38b84c6494498cbc8408d01b6a304352887aa50ad919;0xa85072e9;0xd01b6a30L;0.500000;1503098642;1503098674
1;8096;8048;0x43f8c98f50bf0256a9bdaaf68c3621ebc820ace5e3af1ecea88142018ae3a4ce;0x58ab9b17b7b4fec60a6c62958cd5dd9dffa16872fef72e137f3342938e53cebd;0xe4a671db;0xfef72e13L;0.500000;1503098676;1503098708
1;8096;8048;0x9c9513d4181dcc4ec7a07e1ebaac1ed39cf4c5fa8694fe1fa63213d07e4b3f1a;0x8488e027ea3c6217de9e5f0b23733e5ead4f98799acb1e41261f93247e3b2d94;0x996d23b5;0x9acb1e41L;0.500000;1503098710;1503098741
1;8096;8048;0x573dc502a947a111537ce75e7abccf0c82cf46b35debdb6c890729cee0506437;0xa30e6dd2adfec53f3d2308bf30256b0b0944e26cfb7a62c89b02fc1f5515ee88;0x92b7a98c;0xfb7a62c8L;0.500000;1503098743;1503098775
1;8096;8048;0x52868377f2ed5e401e872f70c07152d597663f5c85cff786ce57ab8530ce2a83;0x9b4debb17fa014846d80ac18c336e5dd57e9e4c13f4d5964462679695a8bfb0e;0x1decbe12;0x3f4d5964L;0.500000;1503098777;1503098810
1;8096;8048;0xfdd800315081af04c65db0aeeadf37676b46590349f8597e958d7721e959a0e6;0xe368b0db05f519ea17d2e0d627690daf3f6282353e401049cdd88fcf337156b2;0x97ef10dc;0x3e401049L;0.500000;1503098812;1503098844
1;8096;8048;0xb1d9c76c280448d9112615ca41cc15cd5fb66d39b5aa5cbf512b5dd91b34aecc;0x533b2e2607cd131c74eb43f003edef986fc12c7e6b4fe2a995b235daabb7c061;0x8099e544;0x6b4fe2a9L;0.500000;1503098846;1503098875
1;8096;8048;0x36787b188b436b3459cdf38dfc4bf94b7145b779999bdbf56a8776765a24df91;0x4b3c3831dd271f4c8f454402540e5aa6d118a49f5b1cf0e6c920742d6b0086cb;0x67afb577;0x5b1cf0e6L;0.500000;1503098877;1503098905
1;8096;8048;0x7d6e06f407dfb35732517a8e8bad14d88ac055fa86e3339dc25a12a05374d6d1;0xdca8fd4991056cfc8cfc20fcbff244a9bf0c7cee0ca01a14c161e8a2dbcda7b1;0x0bcf1670;0xca01a14L;0.500000;1503098907;1503098937
1;8096;8048;0xbd9ccb858e26f6c13c50e99ac6aad45e9ca98112aad258987633a0ee79cef136;0x6f089ddacfbeafbcafa102f7c1c5fcc5e5717c23fcc1f86ab220c6298f7a8f86;0x7b9e3375;0xfcc1f86aL;0.500000;1503098939;1503098968
