1;8096;8048;0x9055fee264ba9326914b7effd55809fe75ac4db802daa64c884573ac4d1605de;0x9782b866b6035f151d13cc0ef2707e3bfb34c3f4c9c1a14718299b9393d77001;0xd67d88ca;0xc9c1a147L;0.500000;1503093197;1503093234
1;8096;8048;0x2fd5f5cd1455d036a72ac657d642b03bf4d11660874aa916babe105ee2e65511;0x1956b917ad744eb24f564585184d2d2bac827c321272a384ac7d678ecb9447a7;0x1c771bb4;0x1272a384L;0.500000;1503093236;1503093273
1;8096;8048;0x4a82074f0212889e69c8d60143b4f9abca002b4f6ebbc011a83e6a6022e8de6c;0x605460f5f65844088735ca3cc42e329ebcc6c586c9ec96ce4b42e0fa18e285d9;0xf0779aff;0xc9ec96ceL;0.500000;1503093275;1503093311
1;8096;8048;0x7f2e1758198506f6ed08f4ee52dc58112ad0b84d905dff1f3c1117a64638acc5;0x07a4eab90582bbbf147b679b0f2e415fe418d342ff9026a29a5669871260b278;0xc2e64dbc;0xff9026a2L;0.500000;1503093313;1503093350
1;8096;8048;0xc2fcdf9174b8ac31a9946d70f85dba7ea6c1fad32977172bfd90d9a53bf765fe;0x920b8cc3ed5514fc4663141f1fda74f8fbc89ed1f21c65c161dd38b0346b9a55;0xe2b22263;0xf21c65c1L;0.500000;1503093352;1503093390
1;8096;8048;0x2c84d768e9123d7234c77683999291f8ee5af68d378a50a390375454c40c35f0;0xadd4d38d8331a11d7af04e96ab97dd8c36b17b9344df94ccc90ff4114e45fa72;0xc47198e4;0x44df94ccL;0.500000;1503093392;1503093424
1;8096;8048;0xb82756eb1c595b5c52531668bc725706c3c6bd445243de915f35cb51db771093;0x1d600764e9ff7dc49f5c4ad0398267c8dff2431b1c83dd9d2c8b9b9225dd484c;0x9a190c28;0x1c83dd9dL;0.500000;1503093426;1503093463
1;8096;8048;0x1390be606e85987dfd87ed31aafc3a7e5c2af0aecf66bbcdc5469f3489c9df9d;0x92b98c2ba8f0555ced65a6b4e0d3fe304c1d8a8ae9a8066df42c9bb3014d7d96;0xb2bc7124;0xe9a8066dL;0.500000;1503093465;1503093498
1;8096;8048;0x0d0401519b977f5e206dc44456d88bb20e921095a30dd5a9eeba7b172ca1f439;0xffd2c585b633f576f137b510bf8e6210a9c2941eaa50e4dd68e174f5f3b33435;0x36d78620;0xaa50e4ddL;0.500000;1503093500;1503093532
1;8096;8048;0xa283a94e520468e4d2c75d9ec8b79c541eb8d4d1633b3ba9251cd8f50fa521b1;0x4ed6679ddbc35e3f9517d4c1990caa1f5e17c4dcf3ae4a55fcd398f5a8745321;0xbed6cef2;0xf3ae4a55L;0.500000;1503093534;1503093564
0;8096;8048;0xf35caf3fd9ecd8359b03f93a765c427d2eae6ceee41eb86a43d1afaffa615fed;0x7177aacccf46d3d103ad6346b15942317601634b63aafa08132e5835c3708bc3;0xad3095b1;0x6ba412a2L;0.500000;1503093566;1503093595
1;8096;8048;0x169643b7deb36386b6ddf3ec2a92cb04b7522c3fd5e27cfe8d502cd3152e192b;0x09b187684ebdd0e3e2b368564610ebd41b12c731d24b0a06573ca6763fc1f98d;0x83a6fd34;0xd24b0a06L;0.500000;1503093597;1503093628
1;8096;8048;0x9bdc00e80f7e8872e093ac5baec2e4f58713d66e40a48a10fa503bc756cd38f1;0x7a1ec6921003ebdd3c564e24a500f3bdcdbd5084d960fa82ddf597b940c42a1b;0x39b631fa;0xd960fa82L;0.500000;1503093631;1503093660
1;8096;8048;0xf8ce1a1579850e7f53f16d8f4761212d38fa96c52b3b26ae4742a8e604cb9efd;0xc688af2a030e2a73be50ea19527bbf46d53818f2815a5ff4bbd05937c7dd9d0b;0xff4264a2;0x815a5ff4L;0.500000;1503093662;1503093693
1;8096;8048;0x5d701ff12fcf3337d0fef57ba8e45bb9510a8e3474c2748d5668013ed9ce4d36;0x19510e6d06abb03e74870b07ba0260ed890458412c179fd980dae8e4c4b8dd20;0x9c5ad6cb;0x2c179fd9L;0.500000;1503093695;1503093727
0;8096;8048;0xb04ba179f173406f3fa681842d97cdf5e1fa75c6509379560929a3fc6ce2f81c;0x14072e56876e1048a68131bc995e051de703fad72198ea027e81e19db96e9cf9;0xba173c02;0x28520145L;0.500000;1503093729;1503093760
1;8096;8048;0x2c075a1b4abd069d21852340bc09b13c5662944a98734763a8941ca18c26feb8;0xf2e556c295272987f30c0dfec25d97535d452901b1fd022d6ca894fe8d6ae315;0x89ace45b;0xb1fd022dL;0.500000;1503093762;1503093794
1;8096;8048;0x0e9b1d873bc0d39aba62419bfbe65b14a21430cf93fb586b5cd39b9447de0c55;0x9380972b040b5d92de845216f23870c69a877f501092756d62f24c9691be4c4e;0x3101d70b;0x1092756dL;0.500000;1503093797;1503093829
1;8096;8048;0x8245a7534ddf12c1f396339dc8997f63892548950648026e4a472dcfd774565a;0xfb7c8435f2a5992842176f63c60529b20ad24edc7601c01aebedcb4d1ab8435c;0x02fdb184;0x7601c01aL;0.500000;1503093831;1503093863
1;8096;8048;0x1af23eedb8043520a2e0c22f9f05b1a59124b76b2c27c0e7cad374c063c32a7d;0x6fac36147302ef73c43f2380a295a5368f46cb69c4362e79915ef9c763ffc29e;0xa3117458;0xc4362e79L;0.500000;1503093865;1503093902
