1;8096;8048;0x2c98434824575096ea82110afdb3e8794e84e47822bf8ab9b7d8fc2e14b1b540;0x3bffe168add62d1783b368557500411733f3240b20119a227d52fa03636bf61e;0x6643b725;0x20119a22L;0.500000;1503179702;1503179733
1;8096;8048;0x79f78aa7d47f99ac04bf3636e60bae9658cdac182e9c9749412c0cc4addff227;0x57afcc510fe83c7178e79ed29231a29224c89d6e3dffa966bc3fe0f3f34dd771;0x63f0fd74;0x3dffa966L;0.500000;1503179735;1503179766
1;8096;8048;0x1d241ca3631a275e2ea30456d29063fb8c4551d75dd83d462217c73efe15a41b;0xc62e36eb2912c64656620dbddf145b0460a6276e93efa1638c3d0ccbc27299cb;0x99192eaf;0x93efa163L;0.500000;1503179768;1503179797
1;8096;8048;0xed6d9a2c7069dae609d0449eeaf0cdd9c70fedb65e5638451594d89ea7e5ac94;0xcea630283204a55cf085f4613ba7e0eaae210f3b51f0793880eeaec7dadd567b;0x37a10dd9;0x51f07938L;0.500000;1503179799;1503179829
0;8096;8048;0xb05d3b13c215900ba9c72dda5e60851e0d802e0623c59621b4014c98066986b6;0x89e513cd2b510e0bc4510be318c5a35f4bb782c680306fa2215c8d80b1a7505c;0xaed05b54;0xffffffffL;0.500000;1503179831;1503179866
1;8096;8048;0x2987f031b4be6174df1cc790744aca7d5f693a093a1453c68162d1f83170b45a;0xdfded9b840ae14b111887261471e9fb816949071aef9a95649925f934d1c3cfd;0x5f69f4bf;0xaef9a956L;0.500000;1503179868;1503179902
0;8096;8048;0x44cdd30c4cb17e9094c37bd726a19717d155824a6ff0540ceb8364145c74d3a0;0x45626c50798a30780d835e94496d27a3f8e34844c692a880154569ac3c73e484;0xaf5cf0f8;0x2800a41L;0.500000;1503179904;1503179937
1;8096;8048;0x2cc5ea6bb1e06da8c0b6b9c96a131597b47c505fc9ca88876011bc8ebda286e9;0x29ff85f716bf38e668fabf2dab3063a70e7985ddafb7844d09cc595528768542;0x6e1158c7;0xafb7844dL;0.500000;1503179939;1503179971
1;8096;8048;0xa7383246c3602749c6bcede846b648af6ec728a16abe72dc26539b8a753a9e1c;0x07172be11d03c97907fe60685ebac10a9ff638562867fead2e46533d65024b7d;0x7ba303ab;0x2867feadL;0.500000;1503179973;1503180005
1;8096;8048;0xda7c79599c63cdbd9f0a1f389bb42eb0ba1eb8a9dabd077aac3daf92fffcecd9;0x9cd5871fe256767b198147158d9f38dab53110733a247d1477796be22cf5562a;0x3a125d0b;0x3a247d14L;0.500000;1503180007;1503180040
1;8096;8048;0xc199abc8732f4561dfc0f55df6fcb6fa2fe8c72bbe537b843df4776b96191358;0x51fe059dff6d046f1948ed2673aebaad08e8f4369ff5b86c69b541a7b9c98a7a;0x90e21181;0x9ff5b86cL;0.500000;1503180042;1503180074
1;8096;8048;0x61c7b568e6d42e85a4c42beffb461a563e45d8afb1ef9dedde137ee1584b25b9;0x91ea5c69f0b6c0c5bb3ade69a34eb6f2ea23ce553a9d0171d1cd5b3e97859ef6;0xa2cfc1be;0x3a9d0171L;0.500000;1503180076;1503180107
1;8096;8048;0x6e613df918a603caab1e1708b085498f96eb87d47387660b61eab932b3695522;0x9648e5b9fe2143643bea44e0161c103ab9fce285e2da3058debd927f11e94482;0xf36e335e;0xe2da3058L;0.500000;1503180109;1503180141
1;8096;8048;0x1c25703593b51005740278ed65ea8fb67b0991077cf2b7f5459f655945f5a961;0x24d09d505736cdf1975bdef6170e460adb5c6b83f908a7471532c82376b68190;0x678f3019;0xf908a747L;0.500000;1503180143;1503180173
0;8096;8048;0x12a0fb02baea68d9552a82a67e2aa7c6a33994c932566be38edb4a96c9a681dc;0xa883e265dead094e2d78ac29a8ec4a9163a64db3b3b4ce0647841149742215dd;0x8714d60d;0xffffffffL;0.500000;1503180175;1503180205
1;8096;8048;0x6382ad82cb22e54c0e00804a45a8139851bd3365d35dc84ebab077d53eee68a1;0xe9139f37e9325f47b067b94b7160ca76596a2c8fe3f22ded411995e833cf1fff;0xd165cfdf;0xe3f22dedL;0.500000;1503180207;1503180237
1;8096;8048;0x2fb7362d56f4a84dd9d3534f05bb80f1da6eefb458b32646a219a5366e7a759d;0x0b6f788b2b0bdf4c4f0e760b77d98280fe4b448b043cd43495cb2b75efb039b6;0xd2e77a47;0x43cd434L;0.500000;1503180239;1503180270
1;8096;8048;0x1bf4b7821be64cb1ebee6dbb4e0056253452d897df7836c91b895a65fd463218;0x25d611776dfeb6a4f6b887a877d89872eb3b86040c9208d79fff19053aca59eb;0xe91d2da5;0xc9208d7L;0.500000;1503180272;1503180301
1;8096;8048;0x92d3b4b899acc6d5cbc5047ddbe3a98bab871dd89349a11475574d207f2a2212;0x0ad45780d629b5ba91513cba2d6825b09c215e678b32d75bf0a65bc24fa9d2b0;0xbd068ca7;0x8b32d75bL;0.500000;1503180303;1503180332
1;8096;8048;0x6d733e7de6224d37815a5988fbeebf9dcf31013aa673390cde1a4068779fb6e4;0xa7e928707ea907eaade6718cb9e52be632841c0a9252c245d75b7ba503c16559;0x09293e80;0x9252c245L;0.500000;1503180334;1503180363
