1;8096;8048;0xd8bcb202325038a2a5849cef75a191524f7d0bd76905448891776b130ed874e6;0x7f4878d19a345c3d9a5ee0af97ff4488d94e22e65e6f0c7efac3ee64f8868141;0x168fdf62;0x5e6f0c7eL;0.500000;1503135126;1503135155
1;8096;8048;0xa1877780182d85f5978af2018cb75a5c66fd63d2e54a9b63ec1f74d1d8b67479;0x58e7faa0f7235b9e2d95b730bea4076ec7fb0f622c2218ed83c9c391cd6114c6;0xaeceaf8e;0x2c2218edL;0.500000;1503135157;1503135187
1;8096;8048;0x50ed1667b0ae4acfa53a5557b4032c8193c85af9cb212281394420dd45d1a695;0xb4b453a78aeca205e6c84bc60952c3c2b5c627f92c998b523edebe8023526ccf;0x8f679438;0x2c998b52L;0.500000;1503135189;1503135220
1;8096;8048;0xf991297b4d35ad17dfb7ff52b304444fc86a54b5a4ae7a2e12e1f81294694f8d;0x775add8c7a0282c583a03d671978590d0a95ec1a258212e85e8c38d2eba5da31;0x24552299;0x258212e8L;0.500000;1503135222;1503135253
1;8096;8048;0x235636487162add962a2aed29ef22ea643ca01b3f9aa597331ef5ad66def3d90;0xb7b996911f44fc0983d16cc59b16fe0d68214cb6a9b9848520378461af2c277b;0x79b9b607;0xa9b98485L;0.500000;1503135255;1503135286
1;8096;8048;0x5af4118528b7aebf9839e53ecb81db3daa9980c139556c617f0261f543b9aa9d;0x2232ee0685ceb751fe01444cbc6a7b6f7cf9315f81498de2974c5d2bd508d0ed;0xc5652244;0x81498de2L;0.500000;1503135288;1503135320
1;8096;8048;0x9b89850016f907db4cba1b6ec51b08f650d9a2a05b701a601c0c89c856711ff1;0x3023bd963342191a85d1f2974c8bf7bd3f0072ef76a77c5660e81bde15c1c672;0x305705ba;0x76a77c56L;0.500000;1503135322;1503135353
1;8096;8048;0xc27add069ef62e8958dbdada01a63ab68184015a51a2911784b0a0d8fbe04bbe;0xee08f393c55f14aefb53e1b42b4715f18180991d1fd03cdbfb09225112a7d75e;0x66b5fe06;0x1fd03cdbL;0.500000;1503135355;1503135387
1;8096;8048;0xefd2532ac75edeb9bfdce7f905a99356deacf7fb16ce7fc8eecd157005e246f4;0x736e4b4e8e32c6f7661fcd3aebb371a11a2ab432962e3c44801dcf5a55929806;0x85ce3d71;0x962e3c44L;0.500000;1503135389;1503135421
1;8096;8048;0xdec65536cbabcf960151c7ee1e3fa6583a717e482e9db137a0d7409931490f0f;0xfb1b0b97be1d9629cc15b404db9e8267c3131f2ddde1d261647ecf6ab510a59f;0xb8446098;0xdde1d261L;0.500000;1503135424;1503135456
1;8096;8048;0x36a4d763f6831b6624419109405888e028932c97d9cc87063732f0dd6575819c;0x0674b0e1614f3a6820021e551acd3729e761ed2a0d69c38fe5301f8844fab01d;0x4b2eb239;0xd69c38fL;0.500000;1503135458;1503135490
1;8096;8048;0x19fbc2844bce9dbd3049c86113ebf0e2d26e0cde0112d75a4b167f01e65423ff;0xdc0673bf83a07c8247daf6973006d8ff65da934407fbb72452d94921f586303d;0xe43eae27;0x7fbb724L;0.500000;1503135492;1503135524
1;8096;8048;0x4b0620445d8aa161a54b28e6d9bedeb1a4dfae52ca618ee542240cb68a9a39d6;0x9a70e7fb481813a5ed4fb77dac4ae8041d9b3637dd4cbf759933260d517284d8;0x0833aedd;0xdd4cbf75L;0.500000;1503135526;1503135557
1;8096;8048;0x18a4091ba448a074ea4d57ef825674d43fd3d76e7ef189801a647a6278693390;0x40c653744dd9586d6e292acd88df82293a8e1195989587d265c23e4293a91d89;0x553d200c;0x989587d2L;0.500000;1503135559;1503135591
1;8096;8048;0xd69ca59ca3d8cae8a41ae6c00ce080a8b274d7857232998957981851d11a73a7;0x2040eee6f48bac5202c283321f6a98d62305cc4bf662f1c1b0e7783897ef689f;0xb46adac1;0xf662f1c1L;0.500000;1503135593;1503135625
1;8096;8048;0x35e6783b1ba9f0b2338031d8fa97bbe184e89ccb5bd988a2806a78df384b6f6e;0x955fb9da179c22791c7bf9d5cf72738d45959c1a43646e4e14356d28736fab13;0x27af31b6;0x43646e4eL;0.500000;1503135627;1503135658
1;8096;8048;0x3893e71e9220a5b604b894316beac8bb71afd0d77d290e51742fb20f596e9691;0xd406f15565dfcb12ea4cefeab8282a24688d30ded0c5a6b2292358205ccbd02f;0x05f4b2ca;0xd0c5a6b2L;0.500000;1503135661;1503135692
1;8096;8048;0x574336470229dc52a360904e201cd01268d70628f8b91aeca921773b4db9f5a4;0x8f466dc19abf5edbcd7b27fcf4dd90a2b45eb109b6dd3a5e8b41e6ba83a7c61f;0xae4ee239;0xb6dd3a5eL;0.500000;1503135694;1503135725
1;8096;8048;0x1fe3f8ca18a83c8aaa717e3504937257ccaeafeb434519c1a8dbf5e52a85c949;0xabb925ab2e636de539af78d26293d55725675808cb42894dbf767d2682bb16c6;0xf2d4a925;0xcb42894dL;0.500000;1503135727;1503135755
1;8096;8048;0x253a246d9ca698d88c2a916282b36d7fb300450da97e569af9bfa2372aac174f;0xbfb6cddfc2db8fc25a89bbb7a7a0a7a93b41e40edf5cb61be8cc4b1857922899;0x8fc16ffc;0xdf5cb61bL;0.500000;1503135757;1503135785
