1;8096;8048;0x9e7b380e1b1b965b4718c655b42eed32b5d3e52f179b8f192f7902758b107e2a;0x8a33513d13b7feb59c48e8530d517ffca56618bd794779265938885ba78f7afb;0xb5a5ad6c;0x79477926L;0.500000;1503125009;1503125041
1;8096;8048;0x1daa27f6b5df8208ebdea983970bf48f3cf215a62faaaba9f0efbddd445efa61;0xdf8c1427b3472ccf089627bcbff935385e2a12dba24b2b3fb25a1a7a45a8d073;0x4da70aec;0xa24b2b3fL;0.500000;1503125043;1503125074
1;8096;8048;0x01d6be466d3375c7423da43cd1481e4e78a40e328c48a2d28de1b6af5f633660;0xfc1c9399995e92c43c7cd30e819077f6ef7adecb5db732a6313dbc2c0fe9bd07;0xfb5a811c;0x5db732a6L;0.500000;1503125076;1503125108
1;8096;8048;0x5dd62f2c3ed83be62cf7c4713a0dde4d5208f6139e0849fd0dcedf2970efa6cd;0x0e8b11f978dda536508730a20f548e233d22dd3bfb1032c381f1c0942626055d;0xfd7ef82d;0xfb1032c3L;0.500000;1503125110;1503125143
1;8096;8048;0xb849e64014ac326e35bd011caf8721b1b77ecf2f702a510e8f3e2d785bbe6913;0xdb07c8956df07a99513fb4b6f9868688c7c23406e8be26419d1ac46407001a10;0x9d0321fd;0xe8be2641L;0.500000;1503125146;1503125177
1;8096;8048;0x750795c427efae2842ab2be913611a6804dc127e6976591e72e2976f5bf568d1;0xbd2c81c9284c58c19b5d305db8994e33324026d3ab0c26e6c2fdf7f61221b024;0xee25f8a8;0xab0c26e6L;0.500000;1503125180;1503125210
1;8096;8048;0xa49a87f125321997fd6e50b12677ce03b6944e643a4e5c387f96124570388814;0x5f680835e454b4c759d5a4bff7ec52db11aab0a41a0c2e5218f014bdec04d0da;0x9883f227;0x1a0c2e52L;0.500000;1503125212;1503125243
1;8096;8048;0xa394f0019c44c36c8d5477323370e8f3cafa1a9ce710f7c20b22fdfdecff2d8f;0xa4be521cb766e56c2505e351186e7cec54a5591a680396b39e0d061c681a4886;0x8d621b19;0x680396b3L;0.500000;1503125245;1503125278
1;8096;8048;0x005062116299e71f42c0658d0ebac50a839a386782778c7ea4aac33c39ad9c39;0x733b2718ee1d31376ca65faeee2bb464083842b0700c5a8c2ec422ef25fdd31b;0x19552388;0x700c5a8cL;0.500000;1503125280;1503125314
1;8096;8048;0x742dea65c76e93905e16303e126eb62a066a61b49d5100335630e21723ed4997;0x4f6e261df6c2f35b9734bc7a74a4947404d06aaec84d2424e78a53773337a2ed;0xdef2909f;0xc84d2424L;0.500000;1503125316;1503125350
1;8096;8048;0xa12a7c409e354706919ae91b7f5938bf5ba1d15531cca3c6c1bb47512fba03d0;0x8d8a084c4d7590361501b62b738fbd913340645d290e0db21afa0b02ff34a254;0xcad22802;0x290e0db2L;0.500000;1503125352;1503125388
1;8096;8048;0x9b2bf63d4d879ef964f3a7e72ded75f2a714e1720918129b0f330f37d9f41874;0xe86e9b77594acc605b91ca82369bf169aab1cbf94d39298d26917cc4c5dff7ad;0xd615d295;0x4d39298dL;0.500000;1503125390;1503125426
1;8096;8048;0x8d82f9aee858ba0ba9e2597565f730340f676d9392b5d2a4edabdd33b790e645;0x1c2dea85f762ea92062f7df0d9550d2b42e7549241d8e05f8031d2c09355accd;0x3f9a2750;0x41d8e05fL;0.500000;1503125428;1503125464
0;8096;8048;0x5f9d72346f87ea3bcc55c657c86771764f81304d7a541b97645cc86e3606fb95;0xc381ebe93717789520e9742090385588aed43701de3e92b087743cd2d53890b2;0x338be5a9;0xffffffffL;0.500000;1503125466;1503125500
0;8096;8048;0x1fb94c38993027d9cf3d7f12b445b280f1ad6781f489ac4561c31f5e10c3a62f;0x0792a8a7ec0f6956b2192157e811d427af7d85e799a57d090b74bd4895c0208e;0xfdfa779f;0x9488a002L;0.500000;1503125502;1503125537
1;8096;8048;0x74e260c742dec9b7d526dce3eeb4ed29fcd8518b343b65bed5f6d04e357976aa;0xb0d6a02902d6b310842483c34efa49221899ba61c8728885e116caf8d26430a9;0x82a16e2c;0xc8728885L;0.500000;1503125539;1503125573
1;8096;8048;0x78d936dab95dd589e9d26858b5a30883d5533aa20a716bf337393e5bd30b6e4c;0x0de0a5da2ff35984911e5c557f18b6eff4e0d237c4406fae930c7addc28dd366;0xb5a87294;0xc4406faeL;0.500000;1503125575;1503125609
1;8096;8048;0xea88dac5a486e7abe83542a99ff1f840e91ab7c4d6818dbc72b574416ea5ae59;0x1f0a3407bed651dfc86aa8b9c7c74db35b5b2f94343b34ad6b2d6c1c2973491c;0xaaaeab36;0x343b34adL;0.500000;1503125611;1503125645
1;8096;8048;0xdc743a20da86c427df9a30b33cfc7af801fa674f635c597690005fc4ddb7f4b9;0xff640309a235d1433188cf4d76ddd59bb88770ce9e5775f6be559741b491e5cc;0xf601779c;0x9e5775f6L;0.500000;1503125647;1503125681
1;8096;8048;0xa117f4d7cc0df1efeb02393782e3d97b7d76cbdec6cb3a0263a72909c4293065;0x5cc9357548ab49653697eeee7c6e184b35db2a292d1674c77401e43ac9ad6417;0x7daf3b19;0x2d1674c7L;0.500000;1503125683;1503125716
