0;8096;8048;0x2145bf448292fcc51a4a803a6ffca76c4c63455a63e5439db0400dfcb7fa0cd9;0x58aaf76a7c69e2ea0ec2c841b93478da800acce63bb08d402b835372c7174e57;0x38d97669;0x7ea40481L;0.500000;1503109780;1503109812
1;8096;8048;0x59d18b2da32bc1d063b86bdf17e68412017dfe8eb1ff303242bd638a2110be7a;0x7d4191bcf57b12d4cfc79fb4706bfcf2e481e3d69fab901ead52b903d55338c7;0x07707d37;0x9fab901eL;0.500000;1503109814;1503109846
1;8096;8048;0x613a942c35da8bdb4c322940b0451cc644e2b7223ee52a767b6a7027daf7b73b;0x6708127ac742785b083fb8957deba7eed222cc3cc42bd79950bbada3d3eb8f64;0x3ce67597;0xc42bd799L;0.500000;1503109848;1503109879
1;8096;8048;0x2994b665e6af9f972811cd99070b88593044c969a5e9e7cac2d85a44aa0c24d4;0xd867e188e2e684afadc5879a7ad98888ae0aa5a54f4dc0fc5a7e0e0cedf40568;0xb659f8c1;0x4f4dc0fcL;0.500000;1503109882;1503109914
1;8096;8048;0x538051d43343b33ace9aa95e5c09dc6425cc13469eba2a76ffc4f56d636c8bb6;0x85fe7606280ad086a101df40af8db57007a7e549fb44a37b1bb19cf738cd229b;0xf538dc1c;0xfb44a37bL;0.500000;1503109916;1503109947
1;8096;8048;0xdf8e80dd2a542925b2a49bbd39657d0f33c3a08d8d8e1c7bf5f89231040426e3;0xc425ae987b63abe0ec2b61ec037de8b552df3fc3451589a70c6343e7860d5e42;0xaf8b9e32;0x451589a7L;0.500000;1503109949;1503109981
1;8096;8048;0xbc9ac935862b6f6153f8446c4135c7a9311cbe81b32c3193ce30753ca323385f;0x7e6045b54e90ee1ebd5d0ffee45b2abb50a4933d28fc2c6af8ff40a731ddb0b7;0xde08396f;0x28fc2c6aL;0.500000;1503109983;1503110014
0;8096;8048;0xf38f371914520328d5ef3cb8ade9878a6893d7b1c8e0899a4d3e66167b33dd6f;0x58579705a9a6177dc3bd9aa691bbc965477835b03e409601a390ab36142fa4c7;0xc88a4a58;0xffffffffL;0.500000;1503110017;1503110049
1;8096;8048;0x95fe5856b7fd0da61bfee11c48ab0e4dfded066c35c3071418b78f96f0aa4685;0x58a16b02d18fc5e2fa4209cf8626b9db397a82e298d80124657586d058e323a0;0x61ae0baf;0x98d80124L;0.500000;1503110051;1503110080
1;8096;8048;0x6f6ef780113b5998bf3c75a88210b159e5bb6fac13c274160fc7e068652b5dd4;0x2906809b0322d30777aa9408fb731742b872ff3e1cdf9a072036d358a01a6760;0x1f448c3d;0x1cdf9a07L;0.500000;1503110082;1503110110
1;8096;8048;0xb99b338747e95af039fe3d2551c3dcff9397db5c55c4d8586d490a10c225d27b;0x532cefcfc60b3fc7463189a0f54e3b1b9f1602be7af84ca486628f654b4c1217;0xcef5b519;0x7af84ca4L;0.500000;1503110112;1503110141
1;8096;8048;0x2bb184901f82eec50de705c5cfaf12de4b3a12226b289ced21c89e3222cdec4d;0x083608ff7a6f7a45917c5c3c34b37942b65ec7f4c55b503fe7120a853ddb2f5c;0x48ebf1c5;0xc55b503fL;0.500000;1503110143;1503110172
1;8096;8048;0x834be9f9ee8aeb49a54809253104a0414cebdf09461d2e787efa1dc9772241fb;0x72dab0ccf7d2914ec333040562fcd76600ce57c992ab393941340f5866c2cad2;0xa50fd798;0x92ab3939L;0.500000;1503110174;1503110205
1;8096;8048;0xfd2d155986d0d052074d1962a949089a8c89f5bd604fbe525cb08af54a462c47;0xb760df0ba44d921e36979c66807778445f2a38e80122f6792a9f224fa87e8701;0x362b2293;0x122f679L;0.500000;1503110207;1503110238
1;8096;8048;0xcdcee884b6ccfdff0aade1f8dc8dc3b528dbaf7b291866a4ebbbefd8a87fb775;0x69da596d85b1271c87e46a0e22670c3be0536b79c76ab611ab136a598bbebbe2;0x3a9408bb;0xc76ab611L;0.500000;1503110240;1503110272
1;8096;8048;0x41e03f74f9742ce36e0777675f8daa953c28a27565caf953d4a4417ef07ff531;0xa96faafc9bd8c730a9be254eb6a06f2b862f70476a92f7c4b8f5a8102d939500;0xac4118d8;0x6a92f7c4L;0.500000;1503110273;1503110304
1;8096;8048;0x693829ee897f1fbf02ab6332cc25382d821ec1f3f85da16099669d5b1281007b;0x4bb54dda083d5b7b99cd64c67318092d1848ed5401b8de038075089f61754683;0x02d1c34a;0x1b8de03L;0.500000;1503110306;1503110337
0;8096;8048;0x475c2f5dab42f7eac3d61303a4bfe4afad84deffd0ee738b7b70cda96e4855b6;0xa17db64fa7c748cfc9e1ba468c651890a77bc53c57921e08a5edbd6b57a879fe;0x8ab48420;0x46840f4aL;0.500000;1503110339;1503110371
1;8096;8048;0xff431afa5cb60f280d0e0e766d9d116f30c6e68e95846e2571789277c238e3c1;0x35433fbcb714d198b02dc39801c510c44a70174c058d52907d08e7644efd7ced;0xa73bc71f;0x58d5290L;0.500000;1503110373;1503110405
1;8096;8048;0x52048fb00a0bde54320e304f088e95336a85150f46a1f9f277edc362527fe4a4;0xb5ba4f92c82a5b0a8e745034dc3a78291ffebefedcba31d289e427ce612fd7e5;0x1957b372;0xdcba31d2L;0.500000;1503110407;1503110438
