1;8096;8048;0xcc97a0f29e563d08edab927feea21589f17d0af55f817ac39a61e23988ea4b54;0x1463e5412aefac4a769383649eb97eb83c0f29739f1e6cef18e00a6c79c62b51;0xbe418a36;0x9f1e6cefL;0.500000;1503170202;1503170230
1;8096;8048;0xee7ed394d1ccb574f7d5e4060480bc6972cbe71fb39c959dca26dfb79a29d689;0xb5be92c209c74f19c00e49fd3abd57602e5f0d615689c6a6e88c867918dea364;0x290c6077;0x5689c6a6L;0.500000;1503170232;1503170260
1;8096;8048;0x92cad7e1e72ec91d1197fcfdaf5495cc63ac7a5e16474a7471dae7346156fff3;0x87f270cfa334a968b85be7c9eeee91393bc1c77def3807854e36b54b0dcbf92e;0xbb382185;0xef380785L;0.500000;1503170262;1503170291
1;8096;8048;0xd8677bf4a118621a82559ff1e689d7fb37c2cec14d09c2fa7115c5350fb03ce8;0x7ea1fa8266836fb9c677736319d8c3cb320cb71e7766c8770fd4d6988780e156;0xa735cdd7;0x7766c877L;0.500000;1503170292;1503170324
0;8096;8048;0x32713fed0614e7c623bf70a034a7d3375954e7d7ff88ad43259fc813de8c6310;0xd35606a420a136effcbb35bd0b1fea6942def322e70e5192f4abd3597fadf92c;0x3aa22b52;0xffffffffL;0.500000;1503170326;1503170354
1;8096;8048;0xcd0b5b2b4b260f338f5d631c0c651a1197410f2c5fdfd19cc587224c8a8a8357;0x5954be69ff372b6ac56054c2f49c6af5d277dce490348cdb6f7b281af8590932;0x2c5dc985;0x90348cdbL;0.500000;1503170356;1503170384
1;8096;8048;0x5be3b6561a0854451f5982f62d95a184a8cc61a4dbf28031458b3fd72da8fa88;0x86022ec0e4d6d4d02404c63f2cc8e008b2c7258ff7562c335ff2a9f7d2403b13;0x00f09ac9;0xf7562c33L;0.500000;1503170386;1503170414
1;8096;8048;0x6d7bfcbd03d9bc634077a2abe9ade4277f952db079605783dac034045278afbf;0x0767a20c4a7a11db636023a5677a33865209cdfb0b396e2e505bdc0215a0da87;0xb14b01f0;0xb396e2eL;0.500000;1503170416;1503170445
1;8096;8048;0xebab93d4058f58b438a9ebc26c7dec1bdce79f53996617d526b93c5e8c20a577;0xed2cf2cf443f7d057e14ceb6544d710d8c49dc43c8cb898e52139c201b52726e;0xdae6b9b4;0xc8cb898eL;0.500000;1503170447;1503170475
1;8096;8048;0x8e673d692622c6b7774408c9da088b75c6952f310f6bd7315a5d26f042e3a0d0;0x46d300f5a9f9d559eb10f4f7645ff4d2c57f069814ad1d3ea9874cc729fc0a26;0xa8c1a5b5;0x14ad1d3eL;0.500000;1503170477;1503170509
1;8096;8048;0x27a8eb6e0f7e1c7ed0243136bc8e0038fb6899a584f7a8fd26dafbf6a3942dca;0xaa747fc701ad4c6216da9edf7e1453dc32511efe0e907f5756d9c0b536fac24c;0xcf9e417c;0xe907f57L;0.500000;1503170511;1503170543
1;8096;8048;0xdf9b7afa3b48c0f658f2d72983d897ab06f23ea5e1476d1f96d2903563d64842;0x48035c51fd9cffca2564436efd44e562306faddb06f705a9d4430fd994824b3d;0x7be4e138;0x6f705a9L;0.500000;1503170544;1503170576
1;8096;8048;0x383c8803b0e284232f77406cace004596b0205cda633a20d44b682b9a82332e0;0xbbfc1355e873b6a7689b2d104c4cf72cf0f985d8cdd75fe28f700ef23d9d981e;0xf417ecf7;0xcdd75fe2L;0.500000;1503170578;1503170610
1;8096;8048;0xf9989ac95e306b475bf763107a8e5e6d3050319b13fd09b853d6b81640d54e39;0xf1a3dfc78d6496f8df89d7e610b6282578d8cf028437b61477717f873bcc9688;0x0b5475be;0x8437b614L;0.500000;1503170612;1503170643
1;8096;8048;0xae6d3d70e8f3a74635e110dc62ddf9aa8c0259aa23af12193bdffcf577628f26;0x07625de0928d958b4e478ae13ec534d5957352c3882236c7c74e40d6804efcb5;0x7495420f;0x882236c7L;0.500000;1503170645;1503170676
1;8096;8048;0x9b7d16cb1dbf5e7376189a4b242d3bdd08ec0c92fd09053e39d5fb68c1f3a15c;0x98046916063186c78cf71de4dde809cbe4c16c6baa7fe3eb1e40abde2c26a818;0x6b4c641d;0xaa7fe3ebL;0.500000;1503170678;1503170709
1;8096;8048;0x263b0c37ae64af04015e6fdcaed3f0c892bbd251673619cc97898b92ec851313;0xad19fb7fee41a4e627d441406729102305c9877cc8d447ec16c9a2211ad57547;0x6b73ed7b;0xc8d447ecL;0.500000;1503170711;1503170741
1;8096;8048;0xb2b1871a97223a299dd4fe662b646c8daeb867f221c31b9cc2500ce4f731eea9;0x1dc89cc32738d18e8dc56b2d576df1470e9945f771266e7943580311617f8600;0x13c349c1;0x71266e79L;0.500000;1503170743;1503170774
1;8096;8048;0x9e132261272f70312581ad1034b27f4837ddd6b939d3693c0ef8ce2e20674dbf;0x4c586f776aabb88665df42bb81bb9daea48aaa61979225c5d440c043b2b4a57b;0x59f4c084;0x979225c5L;0.500000;1503170776;1503170806
1;8096;8048;0x9c549a89f0191d12c3a519decb45a8e66f7180d3b22f979ea8acde08a6254f42;0xa587a8ec560ef0c75d0bfc4cff43c26e903686a5e1fb776d50aabaae8c6c0f23;0xe9620aec;0xe1fb776dL;0.500000;1503170808;1503170838
