1;8096;8048;0x6cb33206fce8109526ad05388ceb44b3005f76d15c103d8c615de9dcd929f045;0x1ed813ccc9fdbf8a9c19f3fb5a496af21e6783cb847ff684cc3d9723410f30fa;0xaef4aea2;0x847ff684L;0.500000;1503202308;1503202336
1;8096;8048;0x222b2debc0607175aad4e258105dbe59d8001be599c7d26da1077745acc485ce;0x9efad145cd9958f4a15134b0cc72cc38a4457dba8d92edafb7d0f0982e445484;0x87dab1d1;0x8d92edafL;0.500000;1503202338;1503202367
1;8096;8048;0x3b326f7eb2c88b4b76f5d1ec459c075bc6f3e4cf172b59f6561a31ff5b4e5896;0x3f457eda111d55295dbc7720ed7334face777c5a6632b3945b45b3b26b8435d9;0xe11f579a;0x6632b394L;0.500000;1503202369;1503202397
1;8096;8048;0x4183a5342a19ace905925b4c011676f6e67ded5ae09f3820fea31e1758d6a89a;0xca0438ddc72259e36d7db39a09550e311612ae23badd700e65551d0add486e4c;0xd4956854;0xbadd700eL;0.500000;1503202399;1503202428
1;8096;8048;0x37c6da0272457c44925702fbae75a9be85014887629d9894005f6f1478cb53af;0x85316b427528529e7d4e32baaedf5d745d39aaabc5723e697712b82799126d38;0xa798eb2e;0xc5723e69L;0.500000;1503202430;1503202458
1;8096;8048;0x620ee691b35d997157d5a9348ce133216448982b7a3bd7a7f38681b5b733a819;0xee007d4b7ca934b158063f482deb5721bb01ed7968df1df89cf55c41b829d825;0xf0d7008a;0x68df1df8L;0.500000;1503202460;1503202488
1;8096;8048;0xfd96afe6e6af83f89437ed99091fd2cf7d3c40d3fbaec0f444b8e802973e0194;0xaa7646218ef1a648425ed072a8c6d7761292ab4359e7b05f728eda9716747d1b;0xf70b56fb;0x59e7b05fL;0.500000;1503202491;1503202519
1;8096;8048;0x2c728999e39aa4e13ccff6c057f4f0e90f3778524bed7a88456b3d728ddeeab9;0x84a3b0b1e25d5f5e7b89e61c4da6e0a736ca320fb3c8d53baf745d3ceb56f94f;0x02027c37;0xb3c8d53bL;0.500000;1503202521;1503202550
1;8096;8048;0xedff5ea9af2cc01be022496358a209388483c774637ebe42d6b3d9841db4ae0a;0xfcefdbed81bcaf870b249cb215f876b8cce8c0409f219769d8674a7f4866af74;0xa662880a;0x9f219769L;0.500000;1503202552;1503202580
1;8096;8048;0x9af10fdebf89539c1a565c66534788d74dd1cf097f7ee3df70ad7099f96a7893;0xad749f15b3df3d9f1e35723ffce7c623bb42262e0750f6907653f4fea3661c52;0x0b6bba3b;0x750f690L;0.500000;1503202582;1503202610
1;8096;8048;0x4fcda4fa6a5c7cd9b6bebae6261a6645e950ba009894ad9865a751d361a069b0;0x89988632050ee2425d37ae798eff18bb118ed6c3e93a556b2936a8bd870f7522;0x06238c42;0xe93a556bL;0.500000;1503202612;1503202640
1;8096;8048;0x63c35b9c3a549ecb71b60248222a0fdddb777f20e86b2d57923ee760f7c90d5a;0x29d54bcc12e4f15a5080bad277708877e676a5878f549efd6d0f6ed97fec86c8;0xe60c5cee;0x8f549efdL;0.500000;1503202642;1503202670
1;8096;8048;0xcbdc168dcb6058346a879c0fe9883fbde0130242e01ab7e9c0623c42a21b6e6d;0x896f5776bb3273d151f9c0e4c9b0b166369f159424a23dd44aea0cadff73ea2e;0x5cb69d32;0x24a23dd4L;0.500000;1503202672;1503202700
1;8096;8048;0xd69f6d987d59ea2441f8508e367b826c1e31927118936cf896ab81da78211a4e;0x7c89d81f5adb413b3b60789fddb7035caa39d94758c4e20c254215c4c9064724;0x43843ecb;0x58c4e20cL;0.500000;1503202702;1503202730
1;8096;8048;0xa775b7ea9b35beabd8e2b712ea97afd5a017a336635c3585b0b577629bb44b42;0x7f912321654cc588a7450201c9dd7d55a5268a83acc8a6dbcc85a0ae9e699eae;0x9b1af01e;0xacc8a6dbL;0.500000;1503202732;1503202760
1;8096;8048;0x381dc1cf636b9b56fbe1addb0c45ad3294c4668c69153414819c6e2d101bc848;0x72727c55f65c96d7a8e1f80c4699736f90697d99f73c269cf4eb9fc8d710cdc2;0xf0130843;0xf73c269cL;0.500000;1503202762;1503202791
1;8096;8048;0x0e4ee5acd1220508140377bf133b67920965c8f7be937e65c2f6224e8efcf29d;0x87d16b7bdaa6c3bac6c1c1a211a2c8a202338465863cb9e460f29f153a0e534d;0xe0f3d939;0x863cb9e4L;0.500000;1503202793;1503202822
1;8096;8048;0x65061b6b6bca990023c924939cf33d4f892e540a49932f6e64282f1990fd1df5;0x9ec4a4b73f0c95be0ebcf8738e7d78665c310733a0db1c66f419840a370922af;0x4d45b203;0xa0db1c66L;0.500000;1503202824;1503202856
1;8096;8048;0xe8d2f0fd04bf1f55ccfe89e14f16339a117a9ae82c548d4a99b2a1dca04c5d88;0xee1ade22e7bee60449bab56a642dc24a94f6b3249dee6375fe7d35dca2da5e57;0x71ec8c3b;0x9dee6375L;0.500000;1503202858;1503202890
1;8096;8048;0x12ed94c36519e5ec5145c834788b4dd84f8f0568f6ef322563d4688b51ffaf63;0x56b6e06d71ab67e077dbe29dae69b26b46adc4f56b7662d8683528ca2dac4806;0xf7baf880;0x6b7662d8L;0.500000;1503202892;1503202924
