1;8096;8048;0x707bd68167bb8ee300d1c2538db346e779309c76f53c10ccc69a81a3962ab007;0x9fd507e8423cc1b3d909f3b58f383288356a87c551d12cc178fdeb752da928ae;0x2339ab0c;0x51d12cc1L;0.500000;1503229613;1503229644
1;8096;8048;0xb68bbd469a7133ff55478e0f438441fc8d7c5a6bce65aaf1785fe87702e221b9;0x9ef3c2794c9c610ba9bea4355a154326c703096c0face8ffefd9900876b90973;0x081c2b9e;0xface8ffL;0.500000;1503229646;1503229678
1;8096;8048;0x8a904a6e0c3bd4355f8011f2594183490f474eb18d67145e08959a3495a45f20;0xf3bc6d9fd2ba4194b7f241e6e8b591a31f79cfde546bf44963a1bab0d122bfe3;0xc7f0caec;0x546bf449L;0.500000;1503229680;1503229712
1;8096;8048;0x8dcfa8819a91cb8c0bd28e685d8c33a1908f88119a49ce9eac9548e37bf4c408;0xc9b8eb52972364c6d394664e16e7f7c69800e72ddc397e54b801fea181fbfe71;0xd02841d9;0xdc397e54L;0.500000;1503229714;1503229746
1;8096;8048;0x9ae246acb68c5d4da264e2ca95d91dc8213cfe8fb65283faf66f6973e6b75380;0x443327e7ebe138e2931a5da043e47ddee01f85458805b2cfae9b7967c5148405;0x47238b19;0x8805b2cfL;0.500000;1503229748;1503229779
1;8096;8048;0x8c006e2a9745c7778b886a50f152b13a4ba4dda7c67717645a235acc0fc93a9b;0x234e89403166d61ebc4043f4dd00de64c630a8d6e10ef968291621490d083cd3;0x922d8589;0xe10ef968L;0.500000;1503229781;1503229813
1;8096;8048;0x3884932d37419a20595103d0138fb8e0753c47973ade811d5157b18e24588c5c;0xc2c0c9bd3e32abdb5afed10826424d020ac9364cf0ff95b8101f40465595c25d;0x4630a1f9;0xf0ff95b8L;0.500000;1503229815;1503229846
1;8096;8048;0x98fa0c8be3d57910849f2be90a694918b3c144f4e2144441695f4eac7401230c;0x96fae5fdaf78f06aded803071d0114842a74af10e734ed5ec7374dc701b972d0;0xc476a47b;0xe734ed5eL;0.500000;1503229848;1503229879
0;8096;8048;0x753c585e5cbc58a6545376b34d61f5c96dbd1d2f798d2aab31f5037ef1eaa167;0xd7aef892a942081d0b7a24735c579742c02585a269ee006bbf03291169932a91;0x58ddc622;0x842086bL;0.500000;1503229881;1503229912
1;8096;8048;0x436c01a7838ffcaa930abcd1998dd30e456f2f8e45713a74f4a53c606f9fe2b3;0xcb4aeee490440304ee05bdcd3dece06588ba5157ce74397bfbe949427532f4d2;0xdd299388;0xce74397bL;0.500000;1503229914;1503229944
1;8096;8048;0x04291f5b26e981b7474051d2c3efcd749382089d0fe8d35034917534dfd0a0e3;0x3e88d5d52035c185a340e23401ec1f68227dcf715d3d47ad111c1c780a7fd34a;0x72915a20;0x5d3d47adL;0.500000;1503229946;1503229976
0;8096;8048;0xea6772e680ba00d91aad3486b19305f87efa833cdc7e8a339f29e05ab951efa3;0x56dda83a5fb436fc431fb8b14b175aefca9dc6cf959600b5b6f37d4cde03009e;0x7db3ad01;0x511414b5L;0.500000;1503229978;1503230008
1;8096;8048;0xc3d6d8d52329ea28f1c54b172ff661effb54171a31436bc8a0e75a649ccf6360;0x2cf1aed77662dba03e98ae6fb600f8cdee64d0bf54e82fc2b209b92875a9906d;0xe6c8e9b6;0x54e82fc2L;0.500000;1503230010;1503230040
1;8096;8048;0xa5a8057056da7200f45250c89f0de6e4095824f618a39b657aab7dabd418db79;0x8bbf99cbfa3fe15c6f46231c9e123fe1e6652f6f7ebc6999926e40ac591998f1;0x72c521fd;0x7ebc6999L;0.500000;1503230042;1503230072
1;8096;8048;0x39adfd2a22700430e7962f65bcc0303f08ad5761b94d33537c108cc69ede43d7;0x96855a5742e062a43825f527d51db9953d20dc0e809832dd9f82b80176ad7228;0x6516f242;0x809832ddL;0.500000;1503230073;1503230103
1;8096;8048;0xfb0a2bb3774f887c0895c8c33865dbca81be7dce7ce030501c350563d21369cd;0x6afe41ce94e77507768e43f6e5651d9e704a8cfed44e51d58af21edd74ed0eaf;0xd5baad76;0xd44e51d5L;0.500000;1503230105;1503230136
0;8096;8048;0x3ab49ac7eaa0fbf4ad5ed9644c17d64d23e0999c9c248c07be99a6888176c9bb;0x3dfd840e56846919716ebb1b5f8900acfa8d2d7af9fe5f063e620e6d260420b6;0x67a037c2;0x90820289L;0.500000;1503230138;1503230171
1;8096;8048;0x94a1391fdeaa0f8861f47ab502d69827c7bea6631d593c75d8552fc76bb54f00;0xb743481e9b72f9c4a48bd1a9a3b78cf9108f9a647c08e2d5c56fd79523f60818;0xd6f61d17;0x7c08e2d5L;0.500000;1503230173;1503230206
1;8096;8048;0xf1a2207457b27431c1a06264ca684c382feca4ed44d647f89413e50ddcc4b5cd;0x7c5863de0eab32b2c2ab772ba9a118e55edbddbbc40c9934678a25438f742718;0x6f0579c2;0xc40c9934L;0.500000;1503230208;1503230240
1;8096;8048;0x30cde8129ebb22273a75300f663af8a87b0b7e9437be585a1cf9521d60788791;0x3b841fb99487182a227266eaf25d0ad7f50c4cdd49512b4136daa7a35872c39f;0x491c9cda;0x49512b41L;0.500000;1503230242;1503230275
