1;8096;8048;0x3b891c31b735e6982f796c64a1aa4e72ca3437da8992f61f6d3e4c83aa623be6;0xf20acbfd3a98dc8d423e6d0f06d51f6bda0c4deaca6548368518c9deef1ad65c;0x10cf53fd;0xca654836L;0.500000;1503122456;1503122488
1;8096;8048;0xa55a40144ad80235e5c5ba7445068b56dd3bd9ebbf0c92d1f02745162f78f0d4;0xbf7800500db769dad13240f90bacd3a584449c779d7968387157f3adf44a7f28;0x9ed7bb98;0x9d796838L;0.500000;1503122490;1503122522
0;8096;8048;0x50cc685ff9700964ed8ebcc5c2f698a8912ebde6d5ca7f23cd80fda461bdc8b1;0x1cd6d373d2a2b93d7a3587c1823be5ee95d4f8926d618d210d2c4850c8d36b1d;0xcb3fc32c;0xffffffffL;0.500000;1503122524;1503122556
1;8096;8048;0x3969e58f7017f4b215acccda9a9d4183cac68776d50118ff145c9666cdc9fe06;0x0df610264637996a483dbaf0ffe2a21711a4fc11a6ea1aab9ec0641eea27b4b6;0xcfacac44;0xa6ea1aabL;0.500000;1503122558;1503122586
1;8096;8048;0xd0ac842fe00d393a07c5d44354897e134099dc48246fc21866fad84fdcc7eaac;0xc979b1ff048156df478e0dde4266b89a785d1d58be1a2af195f2e7fe8d9822aa;0x723e1122;0xbe1a2af1L;0.500000;1503122588;1503122617
1;8096;8048;0xe86cba2930daa47b7be6c8a5d32d00d0e3542b332011477d46a391645ffc0147;0x73e0aaa6a820792d20ea3432d5c12882f63ba0b2c864c05ccffd8de89900af0a;0x65c5dc87;0xc864c05cL;0.500000;1503122619;1503122648
1;8096;8048;0xfcccb2524c7a9df12bdf03a34a9b9c7645a0f4313a0a3694ee92fa110463b800;0xecaf137e0f86a3879e2739985066c70ed721433d6eaeeeffcff94aec75ca83cb;0x0794fe2f;0x6eaeeeffL;0.500000;1503122650;1503122679
0;8096;8048;0x0d733fd783709af40779bd43913115761836d049875ced4c276f647b2dcf1b3a;0x8f6529bfb9a735d0d7f4f5fabf6435796e2703861d6f7341bff5e23dd8e24606;0x3458f4b0;0xffffffffL;0.500000;1503122681;1503122712
1;8096;8048;0x7dd396446eb0e523a6bb376bd5682edd1bd60abc3c47273b55d2cba85a08bcd7;0x667cf5b4ab804c524cbeeece616f5da9f4be9ac9823eab629b16538a7aadabbd;0x6a17afd9;0x823eab62L;0.500000;1503122715;1503122745
1;8096;8048;0x5b08bee0ed09b5027041c29674f00f94d61b7278ec394b290cfbfb469e186ff9;0x40da9528476d8fc777f10ecb2c319b0876d118b1ca348c9ae6bcd725b7910865;0x77d1ce8b;0xca348c9aL;0.500000;1503122747;1503122779
0;8096;8048;0x4d758bc16ff1023ae8c706f0d0d8e113a88a8fb4659c3a5b97e7ddbbbb25f708;0x43b4ea9cec985170f6b27fdda56e799c8d59cc69bdd53f44225dd2db01b7f253;0x7b7a398b;0x29290852L;0.500000;1503122781;1503122812
1;8096;8048;0x6e9047318327b26e8b5b973865420c3d61aa7be4fff685ae6c990479f3793961;0x279f55f13df4ea84c12acb4d291754d6fbad45ada7b2cb717bf1fc52d3d9f98e;0x8f4838dc;0xa7b2cb71L;0.500000;1503122814;1503122845
1;8096;8048;0x8c249d41685709b1f1220ab95d95599987e94c3e12337c82e21400d1ac76b838;0xb28a95605d771d4a8d59e5250d6c93bf573a8a6c626131eda2da2793472d4add;0xce2adbc7;0x626131edL;0.500000;1503122847;1503122878
1;8096;8048;0xda000d3724981b798ec49334462d68b33a8455e3383463638e81891170f1904b;0x2675426568fd210b1cb4d11aae984dd1b14f19b137cdf726a94c66a09e09144d;0x71608862;0x37cdf726L;0.500000;1503122880;1503122912
1;8096;8048;0xb92882b8fcd07238b9789e52b03a6f21886e27935dec0900fbc2d45df4ea74ae;0xf4b9b3b5c1f5a8d23cd0c2079fe15c0630bc5910e786721d3bfc36e2143fab13;0xbf76c094;0xe786721dL;0.500000;1503122915;1503122947
1;8096;8048;0x7e17b84daa1bda806dfa59ae8cf8716ec439ee94bac87684b8b5f3b8a291d921;0x8094bed6a6a30dc372d87b0668391109900fa24720a1807e583fed3ed341d5c8;0xaf60ef93;0x20a1807eL;0.500000;1503122950;1503122981
1;8096;8048;0x67f746d45c340966daff5942b0a77364f3f96e45858d8612881db813b46c7a1c;0x3a80d78a37809eef5196e839ed9dcb6e0c633c31d4b66f4d51173116a5e9201d;0xb13794cd;0xd4b66f4dL;0.500000;1503122983;1503123015
1;8096;8048;0x9e911a111ad491f1fa0dfe51f3d80790e8757fe484aac32c516f2a85376cbed5;0x60d40b494172a2cf072ca10a8f7fb4444b3003583684a0b7b77adf788a1650cf;0x150f66bf;0x3684a0b7L;0.500000;1503123017;1503123049
1;8096;8048;0xb4bafed2c358521cb39e996c93046db310014f69e7c55d8fa6d4ace8b65dfd6a;0x10a547eaf753ed1801b88180e0178153218718d3f3a55bede7402d58fca2dfd9;0xbc60924a;0xf3a55bedL;0.500000;1503123051;1503123082
1;8096;8048;0xd5f9de38f0341d65e8efecd68d55ea086b0c6fa416ca37efcfeea6ee58dcaf2d;0xaeb3a58704e68805da2da3545a07a65b3189e757e11921b3668b03dc454be271;0x61b4f0dd;0xe11921b3L;0.500000;1503123084;1503123116
