1;8096;8048;0x200d0b1a4ffee1395032caefb27aba11c51418513053b48af7f48ddd7a3d559a;0x43231c4daaca130ebf01fd6139d714f5539a0479b443c88ced372006b76e370f;0x5d85aead;0xb443c88cL;0.500000;1503247411;1503247439
1;8096;8048;0x287b8e82e6d8d990c1e84262becea52623bbcb13c6c7b49379f2fa7716b9493f;0x3ae06baf42ee45021b3c4f4f8e321c768d3276f2652c9468ed7ba83482f4627e;0xb846454d;0x652c9468L;0.500000;1503247441;1503247470
1;8096;8048;0x80dfab03a3e27a72cdfcdb28b512e952b360de61a18a4bc18bec0c9985619105;0xa90c0a32ee2239ad97e8324f7e18dc124e547f9b258bc4b48906dbdffee2651d;0x7adeb05f;0x258bc4b4L;0.500000;1503247472;1503247500
1;8096;8048;0x84a48293dcdcb76a98cb4faa5286ce1e307e3513db2044f4bbed1ab885e1ec0a;0x5062613d7156d6b069ede32f791e3ae7287faa991654a25bf487ae42545c9e9e;0x740d325c;0x1654a25bL;0.500000;1503247502;1503247530
1;8096;8048;0x1a68c3417e02350650f967a75445fe281242f867ad8284118ce84eabef40f809;0x12ba674f55e2dd64c568fee8cd7b2da30e54b1e2e591c94736a3166d51c25915;0x67207952;0xe591c947L;0.500000;1503247532;1503247562
1;8096;8048;0x40b02a9bb428a06a809db328721d58d8f2962207de0b58758adca0d5295c0e69;0x71b69e5c5f3420872b87ea18fe8502bf338c1bea913a0ef1fe205b70b0a0b60b;0xe3d8e588;0x913a0ef1L;0.500000;1503247564;1503247596
0;8096;8048;0xe36ff7b609d71cda4bfe07b08eaa08482895231c4bbb068fd094052a298e1a0c;0x757c738caedd879c84baf7b112fdd0508c1f608354003125fca82fd64554295a;0x0e7047ef;0x5103125L;0.500000;1503247598;1503247630
1;8096;8048;0x1571b86175a68ea32bbcff59d9c1f94d4fa27fc267c32c592985617bbcdee2d2;0x8428acb66a383c6a4f0e39a1752997938e30b877f7b20b8f8405ee153f920ce6;0xd0e6c9b6;0xf7b20b8fL;0.500000;1503247632;1503247663
1;8096;8048;0xee9e92e9ee54bf87f9ebae6082166d2cee57c94cabce5636528ba448e54905d4;0xab54e2118d559d60fbffe6207258d16a989773d762e894a1852f0955d1a0ac41;0x88fb9947;0x62e894a1L;0.500000;1503247666;1503247698
1;8096;8048;0x2513c27de5a1c0bf99fd90bf3cf647d9ab230b2313b7d5453810076d0a141a30;0x974409db3c1a2b4a92310f757ddf238952edc43afb85231f8ff21d25e51f5d93;0x20249dcb;0xfb85231fL;0.500000;1503247700;1503247731
1;8096;8048;0xe32d497c8d4263cdf01d52e42a51a0140601a6566217367205e8856507a5eaea;0xd4afe8adccb6d7483342704dffe65e0c845f683610c0fe23a633e81b85d7e855;0xde38ed27;0x10c0fe23L;0.500000;1503247733;1503247765
1;8096;8048;0xd4668f3900ec41316687aad62e093e12b23be70c6c73c4936ca4c7e7f83857cc;0x0b87eab1cba4e1b9783bd590b2250c2250b76cc5c74f4155d3056894b9428043;0x95329a26;0xc74f4155L;0.500000;1503247767;1503247797
1;8096;8048;0x34137d62ad39fb0f660a08cc8042eacc8584308fd5d29c3f08915d6134fc6a68;0x69b05ea087af29c4d682085e5ab76d4e236da7533e19e088542fe4e385fee4e3;0x4ecf67d3;0x3e19e088L;0.500000;1503247799;1503247830
1;8096;8048;0x6d948ef5ca8c0faa4569f8c4f9da5371517053d5494d6178d8be1788529785bf;0x606c82140c8ab8a3a4fe4e9b5c64ab81b1f708ef21ae426716afae7501e41207;0xc4d27d30;0x21ae4267L;0.500000;1503247832;1503247863
1;8096;8048;0xf88cfc6d21c50335b288178919329ac3f73e39fd1b778282dd75ee4a41602139;0xc1bbe58b1b78b9a5f689b58d4019541782417ae1e5789312b3b5dba7ce585f39;0xbd5b5edc;0xe5789312L;0.500000;1503247865;1503247895
1;8096;8048;0xd10b1aad9ebc8cb05d1b03edb38906bf93f4e209a920b5ea59b1410a5cb9512d;0x3613ed00b5fb2f4ef731b514ffb8a010d85f9ea1169ef367fea63368778a1b24;0x6d68238a;0x169ef367L;0.500000;1503247897;1503247926
1;8096;8048;0x7450f400fdc763c00edebcc3490285ad018fc268b851df7ceace875be836d55c;0x9b1eb95b59ef7593bec1b4587e5133e69bfb03f346744d10be5cbce6a25c0f35;0x58f86683;0x46744d10L;0.500000;1503247928;1503247959
1;8096;8048;0xe0e8f56071bf10d872ef46d44610f96ec6895780dfd08201171d7cdd53a19b33;0xd9302a17ff35cb4370ee1c29ce1954fc24bfee4234ac22d3e359c8d538cf94fc;0x026730c1;0x34ac22d3L;0.500000;1503247961;1503247995
1;8096;8048;0x6d8074e9c193e9c5f4bcd2fa44cb91968a4f1d229efa7b7b5a055d10fb9dbe68;0x41b3f2a94b0167d40ae3ab575cca60ad53bc5b349da2eb3faa0e86ada5112018;0x0b273c3b;0x9da2eb3fL;0.500000;1503247997;1503248030
1;8096;8048;0x3d5ad2476d4fb9c45ef00a9e9960410b5befb988f79b146626113e9f52a39690;0x9c43fd7f9dfde279e34442ea4165e2d27f176acbc93acaf69c2aa83611ecc558;0x1cd89adf;0xc93acaf6L;0.500000;1503248032;1503248065
