1;8096;8048;0x24ba599f9a512c458837054dc4aa2f2b2f24533f4133a9eae32c7cf8b5fa43d9;0xad32fd5470fdfe293db09679ffab05e74433465666638d5038ed403f3192ce15;0x7b876279;0x66638d50L;0.500000;1503151199;1503151232
1;8096;8048;0x8e09a20ded812369323a999aeb4d0357de789e344f8f1b51ec463e3b77305705;0xc096696589fac08d66573ed603404d6f54a021c55239291224dfe38f340092c1;0x64f39b8c;0x52392912L;0.500000;1503151234;1503151266
1;8096;8048;0xb80f64bcaa252396db26d7211e13653190e7298f1a3b29ee0d2b8ea7595e0412;0x2cdba7f4ef6b1517b4bcfc8dca280dd06168260434502a3ec178f0ad285b7dee;0x70512fdf;0x34502a3eL;0.500000;1503151269;1503151300
1;8096;8048;0x3101e837f86e2d924b947d6a825cf0682fcca495df087b2917b334a47ec03caf;0x67a2946ea5e10368bfd08cd3513a50089f03a16141e7f73d0adf7203cd326244;0x3d3be33d;0x41e7f73dL;0.500000;1503151302;1503151335
1;8096;8048;0xae32561f162dc7868ef6e63aa643e35e606a81a074ad068844e0a07ed5450683;0xf0fa70168161a88e2de8b7e9a5effab214ce146fdba20f23b3dfade79bff5536;0xe8d8c88a;0xdba20f23L;0.500000;1503151336;1503151370
1;8096;8048;0x030b6ab10df8c401a327260c69b6895186b235506b9beb60dc195d0b23a73926;0xf605147dec55900c2cf84ecbcb087c79ddf8f9a25302ede2584c8187d1b0fb48;0xa890a21e;0x5302ede2L;0.500000;1503151372;1503151403
1;8096;8048;0xf780db5cc1b401b25aeb01a882febcd842b19c330a448d9edaf3c7b8cfe20fc6;0xbb24c9d5d1249e3005d3a96ebc20cfb2752b4013ffd1b8a50da411f836488b1b;0xd071ce6e;0xffd1b8a5L;0.500000;1503151405;1503151436
1;8096;8048;0x4ad4002b05e681844e5709b1a09181bf98936f3dae580e245179db9b5c2588a7;0xa5011265869102c00d5993485a4615cd5787d6566560b042bb4c9746a1f24466;0x2244c9c8;0x6560b042L;0.500000;1503151438;1503151468
1;8096;8048;0x8a70c18c83dd0a3158bde9967b0ba6d23ba69f6664bc58346309b41616a707a0;0xf9944676ad1ae61c5778b11cbfd82e9b37e7fb5582eaa6791d8040513ba299a5;0x56943517;0x82eaa679L;0.500000;1503151470;1503151500
1;8096;8048;0x5b8e091f2cd36f91a26de806b7bce9790e5c5c753834f17d2f1b5ccd15f47970;0x2b08b1a57daae49105c1ae4b84209795088dcf99300fe0b13c47fa9c01dfb7d6;0x4a9ec206;0x300fe0b1L;0.500000;1503151502;1503151532
1;8096;8048;0x70e1294f490c590382a8f95ed4b62f29d0b24adb88d6d26ce0f67bf5a9be901a;0x551331166390d51e29b4ea1261561f4c369e5343829bc0c00f38585e756e0edd;0xef4791ed;0x829bc0c0L;0.500000;1503151534;1503151565
1;8096;8048;0xfe085f2981a40c09236e37317ef5700f392d45d6c9c26a065040f6654b71864a;0xbc382c1a37216570e178ce5516af518415e63fe2691c0855c806c52a789be0bf;0x0b35add1;0x691c0855L;0.500000;1503151567;1503151596
1;8096;8048;0x45c179c12325e4eb2f6a3743548542d148492d2dd744dc9781135083b26866f7;0x0f1f5a67541d5f5a1498d24a91166b5779c989e5d5ce75ab992f42fbafdafd40;0x11e05e3d;0xd5ce75abL;0.500000;1503151598;1503151627
1;8096;8048;0xa72fd231ec42da5e557a9bb8cd598cef524414d52258bd97cb9ee584bbd09463;0x528ec8656af5e1a358bab5a647e69fa7707e6854ee3ea08ad851aba831447b35;0xc08a2ac9;0xee3ea08aL;0.500000;1503151629;1503151658
1;8096;8048;0xac61bdc06e121c37e3d1e49b736a4a3f8d37ac0ddd23d2a981b8c3f79b7e0f47;0x6de98281e3252ee1500e3f0306d8ae562ed954e607b19906a35384c1e515ea14;0x18087721;0x7b19906L;0.500000;1503151660;1503151690
1;8096;8048;0x7b3e4bc4c62e085618aee3ad72e9560784a991d2f1afcbb03e705e7a5a7cf3d5;0xa892cfc5919bbad8fd9836371dfe05d0a1298a1b0837c634c2e43c8d03a7ffcf;0x424d74c4;0x837c634L;0.500000;1503151692;1503151721
1;8096;8048;0x5d3e7cfa37ad17771308a23c51ae7561724fd11652411b33e27372cac9690b26;0x41071cd3ea66bf525543e78fd983632e489d57b284262bdfaa36544f4ae384d6;0xa154781d;0x84262bdfL;0.500000;1503151723;1503151752
1;8096;8048;0xbe682fef0d01ea268d62190116ee5b8674ae10f6e18be9ad0f485b3621a128e0;0x5eaae2e20f306c99ee103c4a165c886600a64f5583ef301739daa0b90421eb5b;0x6e2fe324;0x83ef3017L;0.500000;1503151754;1503151783
1;8096;8048;0x6eb1ad439260876164d0184b037db90e016442a946a0e85e738f65cce83f0f56;0x4721b3adf8ee352ea749a19199343f153ca83ac5c6281a199eaa846a86ba3529;0x67b75a5e;0xc6281a19L;0.500000;1503151786;1503151815
0;8096;8048;0xe65eadbc226f19cd40eb7b1aa94b0b8f194e4ede6120ce6baee81b30ba53e6a0;0x546106181749016370e0c8210da17bcea742db63836ffc8170065342b31467d5;0x0c69c253;0x28020852L;0.500000;1503151816;1503151845
