1;8096;8048;0x9ab38cc0d57ba3b9bcfcb299183595e0193ff89ae6a77a61af2c5141dbb78a75;0x26b8243a8db2fe754390c24081ddf1528e9ae754ebcdb0e664f782584c251f9d;0x6f750207;0xebcdb0e6L;0.500000;1503108500;1503108532
1;8096;8048;0x4e1ed56aab87d816571be5815692035de31d09d0f034393a74a7432ed8c41a26;0xf1bb817d03d6d2051792cf65f9f5ebfb29efcffcba57860d1ec32063475715c3;0xc0ee683c;0xba57860dL;0.500000;1503108534;1503108566
1;8096;8048;0x8d7c599d48d162984b8616021de2ad2b05d86c4a03b74cb17a8a748baf49d03d;0x35a186c2bcab1054c2468b6a45a12c36086119fa1b4ee9d67a664b5660d7e554;0x0594d602;0x1b4ee9d6L;0.500000;1503108568;1503108600
1;8096;8048;0x5674d0ce1c4c98c268ddc78c972b8b3d2b45590017d36f80f818188482610ed8;0x68c5de733e2761f2ca00c78b88d66084666494680595bb06a931a850d984f758;0xc80449f0;0x595bb06L;0.500000;1503108602;1503108633
1;8096;8048;0x81e5a669983bd0c07eb8ab6fe00ba267938651e333840cf0bf735891dd4bfc5e;0x648a303ebc319fd0537710e509f3662176f76c7b9b9b79f65444a6d42a68c40d;0x988a1d82;0x9b9b79f6L;0.500000;1503108635;1503108669
1;8096;8048;0xd5c7c093c2c65a784541ef8896b78350ce4537e45737def39d80041697d33a6d;0x5b4fe50ca264975b19952093f610bd823a47c50e75590bcc49c2aabb6b41960c;0xda59c252;0x75590bccL;0.500000;1503108671;1503108709
1;8096;8048;0xa494a4787be94b806ba95ebbde3d7b7435f46a96d9406b9557ce766587e7702b;0x337f5d3df9376df826bdabdc614d96785a499c9fc006a6a1b67ffb7ca7674674;0x98747ed9;0xc006a6a1L;0.500000;1503108711;1503108746
1;8096;8048;0x6a0250f164756f726f1ce8ba11694d69e81926c35bf48c7c1eca7368caeeaf34;0xff8f3199e000be0a89e7db264da27476f28dae548e88b6d3a4cc3532acc74902;0x559d7d81;0x8e88b6d3L;0.500000;1503108748;1503108780
1;8096;8048;0x4a8f6f24c4bfa0fa0db27a8c8a8200a8c21e310474d122e7dec9887540894a8a;0x6c06833f3508b9a1f14b1e1b2204519b3b5578c8105cbc345199d0e5d483a5d5;0xfb40e8e3;0x105cbc34L;0.500000;1503108782;1503108814
1;8096;8048;0x48515111ad6475ec2d0126f449499c293bb675ad841b86ca5230b378524dff9b;0x6c87154abcbb6580beed0bbd13db6d1f248150642b837287c8d52fd341da2bab;0x49f88253;0x2b837287L;0.500000;1503108816;1503108849
1;8096;8048;0x55b9f3df457e3135ec519f2da2304ab4f7f8620a059e1efda87d1904614524b6;0x4371af24f93f623aa98454404b8125f4769aba80502c8b8a048509d30caf74fa;0xbbd129eb;0x502c8b8aL;0.500000;1503108851;1503108885
1;8096;8048;0x4ea885185e31a3d6e0af42afbaceacf923047ae9349e476f9e3918e58e72e1dc;0xa472c6f3c685e5b582b2ecf1609e9f2eb76252dbf9387e830570007149783b81;0xc1b4c696;0xf9387e83L;0.500000;1503108887;1503108922
1;8096;8048;0xd0a3aba8ef9ed5a6342d1a66629306cb4df4bba182c6365298e3be762653dbf6;0x2ba1825a36ad1196ad9ec80b0b284679da8d430e98c920a185fa715bb8bca63f;0xb552e9f1;0x98c920a1L;0.500000;1503108924;1503108959
1;8096;8048;0x09c2a028b2b3beec355587e9b106e71340aaecbfba398fcbed563a5a0cc65016;0xff3ef18b6e9e5c496229f94cd232fc32f60326c5c1a3973c682a4fea9e9fae79;0x784adb43;0xc1a3973cL;0.500000;1503108961;1503108994
1;8096;8048;0xa744c7c302849bea02590973a3813485ca71e1a3ad345eaf54e7a6a5b17c1258;0xd092ae9a4832f0cffbccf57fa1d3a42c0d54cdea40e06eff97878e2c1edb7e2f;0xb33b095d;0x40e06effL;0.500000;1503108996;1503109030
1;8096;8048;0x72b5054e553eeccba5fc5b4585f628deb0281f5be239bf51e0fe9fc9d3d19245;0xb8450c16ef8c6a2c87f571ff92de803533fb2e50d640eb0fda1946c8ba42cbd5;0x4e6c21ba;0xd640eb0fL;0.500000;1503109032;1503109065
1;8096;8048;0x4a99235b20bb6730bd2de4a2acafd2cacec8dfc06c12fe5a3f18e1b23291f07d;0xaadabf828aaa61879a044df1f4005efaedf78b836ec5d8e2cfda5855cc451e96;0x01acc82d;0x6ec5d8e2L;0.500000;1503109067;1503109101
1;8096;8048;0x6d7094fb7ec8e2103e546a12729d1d6d48f612816716e7d48142327d35c1eea2;0x63b6cee79b0d44dc5450ce3d78caabe0c816bfe63dc0956f44bf3deccabbcc93;0x86963ce5;0x3dc0956fL;0.500000;1503109103;1503109136
1;8096;8048;0x33d1517239fa2f2cbcc739fce988859db6e3ce1bbf7b85e87a83c42d062ab139;0x46bcaf12469feff2967627170666d6bb2df62bcdeca3473032a2002df2b03680;0x29e3ea34;0xeca34730L;0.500000;1503109138;1503109171
1;8096;8048;0x16b44cecad5300009524a3dea1c3f5273da506c2087e64f7531f3da23bd10151;0x121ad7a3013f6a78143bc03e43a3a648ceb520ba14d47c11332e69406becbac1;0x8b08b2ea;0x14d47c11L;0.500000;1503109173;1503109206
