0;8096;8048;0x98cb61c867fb94f383d94c2a0204a27197568770fdd5bf6dd7366c20a4e2243c;0x039f267dce9de7b55a566d60af399291943c2b5736843011d52494a458d384ec;0x1b1a4617;0xffffffffL;0.500000;1503084220;1503084255
1;8096;8048;0x9edf3568a5479fbd53570ea85885a2707ee3e16761add951392b199112d022b0;0x62025dadec523a4b38eca95b246628dffaf55aba6cdf9cb8675c11a612d725b4;0x895845c4;0x6cdf9cb8L;0.500000;1503084257;1503084290
1;8096;8048;0xe700890e8cce25c8ebc424a2607b5d96940c1a6bd8c3e01fc10af51a781b4a5f;0x0fdecc2020a52ab25b1939ae31b4d6e8c7ee47be0ca7ffdb5de96039f93f329c;0x54556584;0xca7ffdbL;0.500000;1503084293;1503084326
1;8096;8048;0x26bea3efcdc650274c689452ee6228a6102a46398dde7d85d3297ce7f3dae419;0x554be82275b50c78c7424c7e501db5935a5c5fe4317dd1e7b6b174d1376ac5ca;0x72c03030;0x317dd1e7L;0.500000;1503084329;1503084363
1;8096;8048;0xc0ab419252c066ea936b24cbde2dec22e5ebdd78c8c2b05f6a6c772847612207;0x0e1a27ce51b9354c75a0835eb0d3c70275910bd394601b7ff8626850db082543;0xb931dfe2;0x94601b7fL;0.500000;1503084366;1503084400
1;8096;8048;0x09563aa4a4511ac339a9e1d1604290d27df767f338279c661578465fb2b018bb;0x688bb2dbc85713b9a457802788c391ed71958faa1d68c37a7d41e94631d51bd1;0x27efe08e;0x1d68c37aL;0.500000;1503084402;1503084438
1;8096;8048;0x78c67d97c65c567c261b6e0bb47d9622a65a671375c6d09f8b61b2ac2ebbcfa6;0x160fcdc51d9b661e3837973d164a501807fe6cf77d69a3dfc59937168789a108;0x4d468274;0x7d69a3dfL;0.500000;1503084441;1503084479
1;8096;8048;0x562f2dd133dca31ce74238dcdbd81366499937d4b8edfd9b0273f4a171bac2c8;0x5a687cde3e40a51a8b22726ddf50842c8c54643f236f1f15b1f006999402ad49;0x5c63a850;0x236f1f15L;0.500000;1503084481;1503084518
1;8096;8048;0x9bab6a28ed809a35e91754f228a0d989ba8495a3c02f79bf23bf9578160b4fb1;0x9e50407fc8b103fef1b6d341e2a0582c1650661ad39d72d0bcaa03183cd5e76f;0xbd4300b6;0xd39d72d0L;0.500000;1503084520;1503084555
1;8096;8048;0x9bcf54fb8c573f7a41c1d49c6007326d23c6f51cde70a1a9d1ee01a41f8d9bbb;0x4779ef04b4d000cebc04de25dfb382ec97b55392ff645a592b8fe57720f18508;0x055095c4;0xff645a59L;0.500000;1503084558;1503084593
1;8096;8048;0x6c155c8568c1a7457f5464e864a864fba9a3d8c6cb9bfa78c0022927620f2bce;0x0f797d4fd0c2037e4717abd058ab21c42927a34e1270bd77ab12f9a0690aa813;0xf075eefe;0x1270bd77L;0.500000;1503084596;1503084632
0;8096;8048;0x658a428dd7bdae6eccd9079bd6975d4d879ffa4a6995ad5130c9fdef484322ad;0xa728610c4f8b6792ab431d2d39ef77512426fbf5e70076dd7791641e12590474;0x85be908d;0xf0976ddL;0.500000;1503084634;1503084671
1;8096;8048;0x4075c1133ba7ba05c2521fdc5816e2e4568284907f7c75dfda43240d25b09d65;0xc939d4304f040fe7076c84d0580e0d284b5dae5fcd46c252973d5e4251391db4;0x893b5247;0xcd46c252L;0.500000;1503084674;1503084710
1;8096;8048;0xd7626a2deb8ef575aa58cff360bd1f8e75725e091523b153024f0882dfd2a7b7;0x44d26334dd893330a09d130df1a9706ef3d461cedac1ce6d20c16710ba988fa1;0xb805d207;0xdac1ce6dL;0.500000;1503084712;1503084749
1;8096;8048;0x7ebf3d5dcc955afb6fefa66b04f72b1ee7b51edaa71f01471e54f3f20106a37f;0xb6a056a607637166ed3f64b58448cb53477fcc7757274ad14f5a512443c5d803;0xc18a8c57;0x57274ad1L;0.500000;1503084751;1503084788
1;8096;8048;0x46105ed7e7b8cb32ddde2f4cbf62963b4c601e664575e0cdc483e4d6ff10ea45;0x0efebec21118dced64677c28c700c37ae3892dc98f120ac3d6a7dd2f4e263f57;0x81fbf939;0x8f120ac3L;0.500000;1503084790;1503084826
1;8096;8048;0xe89bb4c167bea200cc2d29276ef9867d5b066dc8051a4e50ec20b4b789d89e72;0x10366d465f2832953d055d4742940143e703699e3a8ea968268ec12e6b14af56;0x9a21aace;0x3a8ea968L;0.500000;1503084829;1503084865
1;8096;8048;0xc820b73654db53d2a01e2936d195ab6a615ac5d7acacf6fc51e8b2eaf03feab8;0x25e6f2838f33c4e64ed71e6d8bc22e9a184fbae9714908e81b731a0778a533c0;0xad47afd6;0x714908e8L;0.500000;1503084867;1503084904
1;8096;8048;0x35afa91bef5b8b2d8731eb97f6f6e623db13d9a087458c77b6fa8e2875e92baa;0x68cd4902f7a0f033db51edd9205996074d1c0ab5c363d6f6b8dc110dc49597f1;0x06786452;0xc363d6f6L;0.500000;1503084907;1503084944
1;8096;8048;0xa5b3ade3c26badd4789ff0ba79f5ec70c158aa2c500f781289e96a7a0b3f77b1;0x27c07abc20791df7ad9385a21d5b07430728f0bd55066f629bf2fcd7f5efff40;0x4e10b399;0x55066f62L;0.500000;1503084946;1503084982
