1;8096;8048;0x646955ce532ebae198c872620f0f74487c2ddb3c594eda3bfbb8acad57c3b7bc;0x54fbda64b30b699e820b6dc96fb4ebf5221e53a64dfed32cce6e0476b7a6dce5;0xaa154d86;0x4dfed32cL;0.500000;1503150017;1503150045
1;8096;8048;0xd5b4a57429206c8b101ed7dd5b3420068551443b5e559034e0d3d0e5da6b8caf;0xe66913289607e50b1407aca4619481080311c5a0fff1bd3e3d17cbce223194d3;0x60c24908;0xfff1bd3eL;0.500000;1503150047;1503150076
1;8096;8048;0xe55eac177d7e45c687ba08616c7ad610ee66fc0d560a677d22f195da2081df05;0x317e5152d3803d56857277ac039e4391e5b6b6738a0c33bad468c0c9962d63af;0x43b55bfe;0x8a0c33baL;0.500000;1503150078;1503150106
1;8096;8048;0x47f62cce07cf6fc4037a816e4b574a48b3fbfa39a59acf73df4ef9744d76d194;0x3e8e00c5fffbfff6a620b84c0642032970eeb99e21144dd6fee6dbfa5a839d64;0x886380fb;0x21144dd6L;0.500000;1503150108;1503150136
1;8096;8048;0x21606457d7e44291fcbd0369ce19113052c9ec36fe7977b1c04cbb3b18199339;0xc808a947c26b1b65f01ca6f4b5f2b90292338c27dea9bd345018d936a8105d88;0xc04105dc;0xdea9bd34L;0.500000;1503150138;1503150167
1;8096;8048;0xe350afbdc2f99761b9882e503f20114dc82a414e946588d25c90a68ce1a882c4;0xd54bdcfc85cb67fba86559633ee28b41bcbf0a226793aa9ae9d70f5e7401dc0f;0xad7f959c;0x6793aa9aL;0.500000;1503150169;1503150198
1;8096;8048;0xdac5a01a0d7c6913d54ffe714f25ab75348aad98f1f5cdf4bbfb35dc494b5823;0x40e8d6ff078f73f7a036448ca3728e7d828502b7de845e7fcfa007c0cfe5c8aa;0xac8f1f24;0xde845e7fL;0.500000;1503150200;1503150228
0;8096;8048;0x4ca09a77e4d244d8682efe672ff1e5dc5723bd90be8b637876918c5c808a6bcc;0x7a868b9a3695513972bb114099274e95534e92d79b45f6082a524a388387ae0a;0xa254effa;0x52540245L;0.500000;1503150230;1503150259
1;8096;8048;0xaff01c6cc5ee2e06639e6a2568dbc0b95a2bcbafe747b6456ecce02da9f41b58;0xe44a596a7a30b9685254dbd29b793e1a4de1a9d269338c7e05ac800f338453f1;0x42e6df9c;0x69338c7eL;0.500000;1503150261;1503150290
1;8096;8048;0x1262163746c6010fdfa14306c233dcac77f19955641b47085024f2611856d52a;0xb5f158bf1fac43ac4e9bf5b1be66717ae5fb30dcbc9697c999bc6b63627ffabf;0xf733c419;0xbc9697c9L;0.500000;1503150292;1503150321
1;8096;8048;0x4fa2e504fc2d9905e5b5b71b599bbc6cadd6e3c975e0d424e945459ce91d9438;0xd7060c6f068798f730b0022d23a4ea1edc109b792c3ae7f8bb27772287613887;0x7929cc29;0x2c3ae7f8L;0.500000;1503150323;1503150351
1;8096;8048;0x4deacfee61482632aac94238d532d8eaf469169fbcc152505013d0e24bbdc798;0x39a1126fd1cdbfa321c5b2c6e9cb509759934974a1c612a061fa1b0d1d387a1f;0xb7f68140;0xa1c612a0L;0.500000;1503150353;1503150381
1;8096;8048;0xb4c5214cf15f70d5515494b6841fde6d5e8ffe7b1ad29f411c522d32abc8b55f;0x681abdb5258d456a8b1599aeecd279dfb9bb0af9a638c5cb995539352dde0c3a;0x75391535;0xa638c5cbL;0.500000;1503150383;1503150412
1;8096;8048;0xf1069c38d62e6b55e906e49992d685c3d08f6860e400f0279783bf97e0eab4d1;0xec110b73f91a943765ec8b9eaa15879852db4366187bf2173f525269a99f8d3d;0xc1a59430;0x187bf217L;0.500000;1503150414;1503150442
1;8096;8048;0x0274f2209ec5f9b0703d14c435899a5403f1c7da10888e655667afcbeca52fee;0xceb804dd733d9e7e7b66e806eb55625dba8bfb01f90e9ffead1b6bdedc189947;0xfede630b;0xf90e9ffeL;0.500000;1503150444;1503150472
1;8096;8048;0x9862b03e26e0d0e1a2960675d656cffbb05843809e1f8abc53835578203692b8;0xce3fd08c30927e7297262e14d672396437b2f7b5f036eafe71abd5499d6b1775;0x4b351124;0xf036eafeL;0.500000;1503150474;1503150502
1;8096;8048;0xe61235d26cd61d45c0ca41c835f37c941cf943fcf6be58155a5922d0f1d503d7;0xd01d092722b008586fa3919460fdd961fd309459a38f0f769aa4592222ad74c7;0x7d3d3a8e;0xa38f0f76L;0.500000;1503150504;1503150532
1;8096;8048;0xafdb7540ae7d27a2e6262b1b76a93773f8cc251da7e26341c04a18237fbf2a2e;0xe631ec91222e2a8a1dcec43fb504f32d63b733d98b6cab7e156792444ceed631;0x6c18efbd;0x8b6cab7eL;0.500000;1503150534;1503150562
1;8096;8048;0xc905c1bca4b1733457bfb1de20514861b94596b07a6068a3e43d5b0a5298d61c;0x31eb01efe0c726adacf85043dd9fc7bbbc52231327d6b5070961a85608000119;0x7595250e;0x27d6b507L;0.500000;1503150564;1503150592
1;8096;8048;0x24bc85b85cc03601ccdc6aa038575e00fd6c5c22d40cb311cf0cc431ffc33c23;0xde221288033df0feabd6aa11ff6c965791f793b5d870650d54ff3e03c22831e0;0x3466c8f3;0xd870650dL;0.500000;1503150595;1503150623
