1;8096;8048;0xe65b479caf1e701ed684ceccecb2e71756416df3a72359679ef0248a3b245521;0xef79c16d1dc7399776d35416cc88c361875382bc1dac7ee72792dc937451b029;0xe8a938a1;0x1dac7ee7L;0.500000;1503137667;1503137696
1;8096;8048;0x2f4da72dee1fc47aa294a44fd2dd65c08b611783d86550465be20f5b84411db3;0x3008394708ce9dfe1f20e6244ade1eca3ab8aec705de365ac491f0eaae7481f7;0x4df2fe2c;0x5de365aL;0.500000;1503137698;1503137727
1;8096;8048;0x183567f91527cbc6375715e3e99f7f8239d8bd19416c52b37638be8019046431;0xc3292b60a6552761ec30aeaa2df37a19c43cbf762325f8a334e699a235464024;0xd44ef666;0x2325f8a3L;0.500000;1503137729;1503137758
0;8096;8048;0x2c34d8e80c441807621b86066d93649d222f65b4d5423f636ddecc6fa6f677d2;0x719c5861ae5a52827e161122ab783c7f0be9320373277630aaabe989a76935b3;0x45ef393e;0x70064430L;0.500000;1503137760;1503137790
1;8096;8048;0xe71179c17b052630a3cfcee1b06a774ab57a11e256ccc4b7672443a215604efd;0x1e2afae5bb39c5fca2e3cce87766cc42b658565e71443bab4402f7219420fee7;0xe41266b2;0x71443babL;0.500000;1503137792;1503137823
1;8096;8048;0x91d576c6d6748bd4b4ef8785d38afdf3ab8bcc336500aa9225b76d50724b9104;0x4ac6cc90d0d76d79311c6d998bbc1e68faf92c93d30328d50ad2121e44666cc5;0xf9f6c964;0xd30328d5L;0.500000;1503137825;1503137856
1;8096;8048;0xb657e85d8962c500fb864ad58d6b1c8450250c927f69e357e1b28bd604d34fba;0x019c5ed93f8121364d255c3324a42d901e7fa4a61b3222b7d418e9d4136ad733;0x638fd32a;0x1b3222b7L;0.500000;1503137859;1503137890
1;8096;8048;0xf67ea350fcf1298a01d3599c2ef47f4cc7b699f3f00e09f54c0cd5c5b4687caa;0x83a90c464e8b6a6abc8317ca465f345e9fe7a13814e30d342abe25ec0f007e29;0xbd42b1f4;0x14e30d34L;0.500000;1503137892;1503137923
1;8096;8048;0x5f2aefe2d3d45bf6a476e51948524c6b2c3495bcd94255e01b7cdb597b525dda;0xb4d67656c2fe41cab34655c1aa5233d24f1e76177c36479eba0f055c40e24899;0x90725140;0x7c36479eL;0.500000;1503137925;1503137956
1;8096;8048;0xe709fbfdb4fac82eebf215cbf2ddcae1004c5e88b9965c401cda25543713a41f;0x41c71508d583b179c65a034d6879f080a9df1f6a66eadab6edba4e4fa942fc81;0xf935790a;0x66eadab6L;0.500000;1503137958;1503137989
1;8096;8048;0xc50f2555138628ba6148e6195e26486d88835cc382b4688d8b24be1f2776cbec;0xd1a706840de79596b5bcb4414b9c59176810d7bc462696c6e3ddb5ffb2803d24;0xc71ec2f3;0x462696c6L;0.500000;1503137991;1503138022
1;8096;8048;0x7bfc94e6b4f6ec872d2276aeebc000f265ed3c9a23dd00fdbbaa78c1b664af31;0x0117fb700532479ba054602a5f12aaf9b4a711e586db220e26de72fbc8e5a89b;0x8c3834d0;0x86db220eL;0.500000;1503138024;1503138056
1;8096;8048;0x17e97b6a3afca9432a9341c1456bb0e7ef2662827eb87c880abfc6a615e5f42c;0xfe33c4d3170fa111915c16453daa442b484d68d7d069b4ddf83447dcc6c943e7;0x5b48f306;0xd069b4ddL;0.500000;1503138058;1503138094
1;8096;8048;0x2c86be305f100e11530117f21797b61dbafe7c7d9c0774007bf50d21c9c130f5;0xef1567d5d5b978b23923dc0adf6138e30ba917004dbc0f6351c9afce34878a5a;0x059ebb3b;0x4dbc0f63L;0.500000;1503138096;1503138133
1;8096;8048;0x2e505fdce2c82189cd6de2a3c1bd942c93a282b31413e376c670c7cae4f80712;0x2beca79698dad23f522228e23903a05a89fccb752079d3bb3658af2eee24195a;0xae1aa69d;0x2079d3bbL;0.500000;1503138135;1503138172
1;8096;8048;0xf37d1bc229130740092346e30c55089139216c948242e5b1fae46bd7a70a8c9b;0x6bfaade9de22ce571335924f259aa303bcdc360ace794cedf146b37754a475b8;0xea4918cd;0xce794cedL;0.500000;1503138174;1503138211
1;8096;8048;0x3e21d4bb49a02379a83291ff97d06a2da7f69866bbdc3dad8be1fa6e22702860;0xf74862f824409ffdef37c8619ca1ea5b17efaa99ffee7e0e7991938a84973f0f;0x07c7b985;0xffee7e0eL;0.500000;1503138213;1503138250
1;8096;8048;0x61bf253f1da667609090123168b50ba77b517a783fef56fbe294fa5519de707a;0x499e00862c5e4a9ae6e9ba62c531ef198663fa0e18d1063e366c4f5c7b7514ad;0x38809077;0x18d1063eL;0.500000;1503138252;1503138288
1;8096;8048;0x3e5707d4ae30f153eef93f56b059b1325b45a421bae35a71678bc15aeba9a12a;0x4ef2e796a7a00643c8cba4a4fc00e0587813f5de18f738a55a5251f21e5c3d54;0x470f4025;0x18f738a5L;0.500000;1503138290;1503138326
1;8096;8048;0x2734d4ef936eb7b81cb7b996e2d2d9bfa898d907c36611d0322898938965e3b1;0x56aaedd7fb1f1b3fc7ea88eb5c668d45cbb150b5d9721e3a7664fdf15c05270f;0xb543fda4;0xd9721e3aL;0.500000;1503138328;1503138361
