1;8096;8048;0x36932c69c3728f28ffb532a8d1aa46d5aafb0b9dfb408b4e4d6975817387c0aa;0xfe0f55de452308e7f4f47ce63dd09b8f85a44cef4f2155f1f28204a8c5c1b574;0x712e7c65;0x4f2155f1L;0.500000;1503214200;1503214232
1;8096;8048;0x5e8fafa42468147ce1dcd8434aeeeff8ac046c5df79644ccca26d3620fe5586d;0x7ada96804c938a84c0697187237a62d522aab6ba6683c73ad870faab2104d603;0xc8f77673;0x6683c73aL;0.500000;1503214234;1503214265
1;8096;8048;0xb394317aecefab6939246bca43533f0e1a5d741f81b528d1f77fd1f414a86ec7;0xfd6cd913998af4b85af2acc13701cc54777a0db8fd52d865440029fc81a01380;0x255246c8;0xfd52d865L;0.500000;1503214267;1503214297
1;8096;8048;0x4fa1a9ab8b5788aa23ca3b84fe43ec7598ad4a25d5509ac1dea4502fe302fa33;0x50cb0d30564926d4ff86775e55b44cb14360eb72cfd81ad11b5e713b501bc400;0x05346482;0xcfd81ad1L;0.500000;1503214299;1503214329
0;8096;8048;0x280e376ddd3373683d13e6fdd6ce52de73ae5cf34a8e22839306176ea5ccfcce;0x106898f861a18469e00d97b67b89a5974851f6be69bf64d061f2e434f383acda;0xa5d453c2;0xffffffa4L;0.500000;1503214331;1503214362
1;8096;8048;0x6346e9e548a864ddd43357e103818224af0f8a5ba9e648c620e2d3246320b7c6;0x013dc7a54486a5f80b319e69541dd659c775272721253daa4593e9edb3ccd72c;0xb9759e89;0x21253daaL;0.500000;1503214364;1503214394
1;8096;8048;0xf55249875cebe793559ce0d7c9975a045c8e34953f21da8ea0a4fa566b368660;0xe5a1d7a0cf63f431a9b08d10aabe12545b683fd5d433205e30c06d1914aa6d36;0xe3ae247f;0xd433205eL;0.500000;1503214396;1503214426
0;8096;8048;0x3e0a89533c90b312ebf66e12b851a83d3310d0abfaade864a8eada494f79b78d;0x1e328ab3892ad25166da3d1dc9737fc2f32729e95e69a21041b4899ac3748b9c;0x62166801;0x810a4211L;0.500000;1503214428;1503214457
0;8096;8048;0xcd7f9c043c84abc36015c201583810fd6d9e143ba426152eaefeb6daff4a56cc;0x00e202c4b899e89a5d6621737459f002fb6671c47fbe35418b548df0f22b6cd8;0x48367154;0x46a04892L;0.500000;1503214459;1503214488
1;8096;8048;0x6a8bd7e38885994073d5cde2ddb2fadac2f46796a58f7dd3dc1e75dc70f698db;0xcc9ec1749be03ee33e31be02dc7699962f00b448a423ea19a6032f2362d34343;0x7344e4d6;0xa423ea19L;0.500000;1503214490;1503214520
1;8096;8048;0x58c951b96289a9833d4295f13d06892a225b9e44647feb19b12c948d9f6f09f8;0x8d4ce12d411d5c28a35b755db67a0b96fa0fdd0284f9892678d850986c7f03c8;0xdc3cbcec;0x84f98926L;0.500000;1503214522;1503214551
1;8096;8048;0x6879204d16b7934273031a91bbbed6286b6a68ded2a91968e3ffbaf72893da90;0x5b8b0abe986c98f5b573402bbd54c0effb46eb1fa827192c05f8c1e554189659;0x02c8cc69;0xa827192cL;0.500000;1503214553;1503214582
1;8096;8048;0x7be1b09fd37d483e013549aac4c239361711e1ee8acdced4215aa516b9922134;0xfea315ef5da42cdf64e27ff5c1bb140779665a05f845a48357a8d86cb5e31a3c;0x5da1815c;0xf845a483L;0.500000;1503214585;1503214614
1;8096;8048;0x4ec0969ef4607087994c6ea4d5f509792d9a4d077fa2650dd3ffd54e34de4d83;0x882f0d2912fa737f65d0488492f391148afaa076b070775f313201117a7bc2ab;0x1820a22a;0xb070775fL;0.500000;1503214616;1503214645
0;8096;8048;0xe150eb18f2688f7382d9ff3e46d68f8ade85779a8ee93ce57ea5e00a82fd4964;0xf0a111a152bbc6b4d65ddcb57a599c6a1d12ecb9ed571a4051e115652ca53b9b;0xb74439d8;0x52428101L;0.500000;1503214647;1503214675
1;8096;8048;0x3d37199083c1732881a980b8737b620dadd4d1ec89d67ef39a32cbe5a3128de1;0xf5689e5922cca7119c727d83ff0a20ebd6d4596c3518e25cc20921b889357302;0xd4c640fb;0x3518e25cL;0.500000;1503214677;1503214706
1;8096;8048;0x6b6cafa1e43b42cbe800ee56ed2f42b664ef794959b763a8168d0422ea42de55;0x7e4042e718e9b003d04af8bd4fe3cd10d0621930c054aa48c09175101974bb95;0xf127737c;0xc054aa48L;0.500000;1503214708;1503214736
1;8096;8048;0x3d8bb6e36c16d893077e5e4ebe84549724a280c0edafd13deb5b4b684d49dc8a;0x9f88dbb8fcf0b3254b5bbd39e53b8bc13674023a0c0dcc0dd19008ef720866b6;0x0fb4a2ae;0xc0dcc0dL;0.500000;1503214738;1503214766
1;8096;8048;0xcca795bb59fc9d5f6bbe120ee7d0004f26304c09e3a0a03c009fe33003a3bacf;0x9989310d87f904862925f9ec7584ee922cdbaf370b26d053bed828cbb544de0a;0xe952fcdc;0xb26d053L;0.500000;1503214768;1503214797
1;8096;8048;0xa0ad13a65717ed1235004adec8489308a9fbbc39a9732d01345126bbdb3fa07b;0x3c0ae3a4c1145ed54963b2d518f9fb8bd44ca2ae3727d8c1aed16d22beb80a26;0x08b2f3b2;0x3727d8c1L;0.500000;1503214799;1503214827
