1;8096;8048;0x1a75440dea2af38c22f21b8c35a5b831bcd3a86500743f8443144dd9a656abc1;0x271615d929377c2f368de5cb09815cc3af0434a74f8f97a85507c7dceb2d0bbd;0x1512b6d0;0x4f8f97a8L;0.500000;1503074146;1503074180
1;8096;8048;0xb2678724437ccef7b15d9378b9366f2488a36c083b9d71c22e7b844e487acafb;0xa8f214cc0e6aa8dbc30e5f5164393012376156d040ee0f998847523844582753;0x39b85f0d;0x40ee0f99L;0.500000;1503074182;1503074214
1;8096;8048;0x5020db1fccc1af3ab54bec25646b61d32ca27ecac3606eeca54d857adbffb42b;0x69ccb911e31ce52f7eaeb4e10598f28179774431cb1c163939f2f82a8a0cc2db;0x0e9499f2;0xcb1c1639L;0.500000;1503074216;1503074252
1;8096;8048;0xfee3dd9724ca2acd791a072e5df33163f3af52cc69bc5548f644c28f67788d65;0x2d36e1bcb487c9b02222783160ec497a4fd7cb6a2486c8984bd532e6e5dd90f0;0x5c81ca07;0x2486c898L;0.500000;1503074254;1503074288
0;8096;8048;0x575f4222e2d45cbb651bc33d2d5edc17027c7c3d4481f8eae7212345ef901046;0xcdd596685861bd9ea1a9a1821bd9d14101c3581c7d77288461123d24fb69e6d6;0x31727e9d;0x84929402L;0.500000;1503074290;1503074325
1;8096;8048;0x7fa33688cfe495ffdbe77e4b4738e2e983b4cbcc3cc53cc172d6befd9e4c8d1d;0xeae9637c98d86a0cfc77a20b9986ea32fb8666614536e63c0f59a8d9c4e714c8;0xd5b38cc0;0x4536e63cL;0.500000;1503074327;1503074362
1;8096;8048;0x8b0d0f6e2fb43b9926eba96cee12630fa7fd7488c12cfb0088ad5ab777ff2002;0x1413a2b1c1c4ac98618d05fe4f54dc95b03d56c951c6f282061b97662ea7f0e4;0x68968a4b;0x51c6f282L;0.500000;1503074364;1503074399
1;8096;8048;0x8bde7ed45cb5d115d4c53ec6b71c1329617ded12e945027ddd665bb07aa72d05;0xd6f64b1b52fc07d9047c375044184734b1b6655ef08cc065a4f9c3c1323aa39a;0x33b4d5f8;0xf08cc065L;0.500000;1503074401;1503074436
1;8096;8048;0x2090fdb0a9c3355af7b18feec3c3a7c5c778ab540dca8f09be093e8e7ceed09c;0xc7663c65bd8ee194b8c465fb8bb64c92c38a65a64a16a9bcfb20a2845c18b470;0x03aa1367;0x4a16a9bcL;0.500000;1503074438;1503074475
1;8096;8048;0x411df430c10f2e31648d8fa4e1697f1493263fa6fd7457c29dd2fe84751198b6;0xa3062b295da4555c123083aa7b04c88cbd376efc9853d1977b710831013a142a;0xd4eb895f;0x9853d197L;0.500000;1503074478;1503074512
1;8096;8048;0x28aaae078884cdb2c1c5c23111cd504df0d66d8e4861b2c4e1f71df2ee8bc316;0xb553db39d70f48e97a728d895bb992f8f43746e8a3a5a7b6a2ca9bfbb1448796;0xfc29866a;0xa3a5a7b6L;0.500000;1503074514;1503074546
1;8096;8048;0xf970ded6f2c9c4f92ea579e27ceecc3587e7a35f892771dd590ef0a4f69b6cf0;0xeedb450d60aa607299c517e0ffe6d0bf1b20a18241b4ac6ced8a185c8dfa601f;0x5eae6fb2;0x41b4ac6cL;0.500000;1503074548;1503074580
1;8096;8048;0x5d5ea6b8d564445962fe12b69cf991b11e0d93de799dac327a445c48232bff81;0xd82f84e416b3dcef011d0227ed8c656d1b646fa79a9ef0f4ccc1495c0403acda;0xffcc6c2c;0x9a9ef0f4L;0.500000;1503074582;1503074614
1;8096;8048;0x13ae9b4e3bb7239f6540c08d0d33953ecb50890d7db8dd5a38cfff900ccfca1f;0x75018b74201115c4fa096846d174bf1e209681cd64466196844ab2574ba83cec;0x78e74e61;0x64466196L;0.500000;1503074616;1503074648
1;8096;8048;0x9d870356cb20c38dafb387cf610793844c112fb37e08039c00ad7f9533b9bdd1;0x9f74d435f11e77f4540165f87555af0862453b16ed14c287290a417afbf80183;0xc1694b03;0xed14c287L;0.500000;1503074650;1503074681
1;8096;8048;0xdea48c39f979293afc0ab1ee3b6c3b7a3e89144834099bf3a2927b55b84b7096;0x9c64a28a5bdad428915a6b8afd864ff1d0c9cc53c58178d6513836305273244f;0xf88de639;0xc58178d6L;0.500000;1503074683;1503074719
1;8096;8048;0xa741897155c43f830846b3c476c334dc7f9fa18be4964233156b9079db97fc82;0x78022bdb01f53d7380a549de960a8d7b22d8f86817544325ddff72e20aed9ad6;0xeee219ff;0x17544325L;0.500000;1503074721;1503074756
1;8096;8048;0x0d5ed615010891ce0f9b69babb4e28ee1b7933af1a458529c5be21df5e872e6b;0x2d8369456a4db713ff61bbc912883adedd0426020d42992ad8878a653cfb6e80;0xd645d7f1;0xd42992aL;0.500000;1503074758;1503074791
0;8096;8048;0xcc881893e44d39bf46a6c5e1463b04a866a23646a9ba7ac757d8be050feb17db;0x6b7724a16e83b273bb51c65c7125231aa28738338e4b1f10f6c6fb597d707eb1;0x21a0df77;0xa6920f95L;0.500000;1503074793;1503074830
1;8096;8048;0x8d766306a9d654d1ee7ea9db1308c8ed6879c5bc0a78412edae1d06e6fefd8fc;0xb8820ca249c59128aedfb184f23b6742953b4f0712581bd239849e618f94a77e;0x6dbd3c17;0x12581bd2L;0.500000;1503074832;1503074867
