1;8096;8048;0x53f2c59cb0d0804631090feb65108bf29f2b4d01268b3be29c8792fd10a6ab63;0x9c532f126b09d0ae9f0467a13f95fe82fa9eb3bf7debd5a6c3772bf260388d2d;0xe3fb4d90;0x7debd5a6L;0.500000;1503091685;1503091722
1;8096;8048;0xfe653071b5042f0442649559d241143a17000a4e95c64b992606c57807d57b05;0x92b36c3aeefee48337079606fb71339f2f25e574f0383c92a877e99449a7559b;0x196f7b01;0xf0383c92L;0.500000;1503091724;1503091761
1;8096;8048;0x85e079228e89eb6ed0397da19d0ee684df57ab3e4de30eaaf71c1f2c29c738ae;0xd5adf9bc1746e1a56de542739dd4de64a27179d86c73ca7172c1baba8117ed88;0x95b54f2b;0x6c73ca71L;0.500000;1503091763;1503091803
1;8096;8048;0x58a84d6586e651dd5acc6cbb275c5860c05be2d50710967758551e86f8fdec50;0x4e1c8eed0f970a3c08367db3d30b30c7333d3584440872c443a86ecd2975078a;0xeb580358;0x440872c4L;0.500000;1503091806;1503091849
1;8096;8048;0xa7122f9a07b9253ef895927014563a9d3d6fd7c4b43e5789f6e13d4900edcea8;0xca410ceccf3206365f1e8fd91cb829c25771597e08c5e875b4d94101a367009e;0xf4f60d10;0x8c5e875L;0.500000;1503091851;1503091894
1;8096;8048;0xc885e6c860799b12f24355cb6d8483b65e8de584390f6f0f854e69dc54cd591d;0xf015a57651dfa6fe13cb48c295519c9ae2180f39ddc2a219a65730c250293839;0x63ae5a78;0xddc2a219L;0.500000;1503091897;1503091941
1;8096;8048;0x2e2d9f4d9edeb1ac36f85872c236bc18d78a705b9f955d65483c33c64790be75;0x406300d645991eb49254bcd44fd57494ce7d527a66e23eb2ab18705d3327a07f;0x77db09d2;0x66e23eb2L;0.500000;1503091943;1503091985
1;8096;8048;0x2eb2bff495ff434d5bcdd45bc7f0d7f7d0045e5dfc790122f3e8e2ea11f2563f;0xc7693511cac70e92418610c1e5604cdcbc098bfda1fd1a6724ccb586e2ea8cc8;0x53c45487;0xa1fd1a67L;0.500000;1503091987;1503092028
1;8096;8048;0x09e260752d0e870e3aa838e2c5b1c2f280034112b5ee4d3bc7357efc4a916953;0xcb54916707fd92bad26a23f9c7c772df00be9d824e1061aada39b434b532d2c9;0xb8da50bc;0x4e1061aaL;0.500000;1503092030;1503092066
1;8096;8048;0x4c3ed90a2575e033e174478d59b8263fa37ec6ac129f3afb7ad4f5c98f1b84db;0x3e2ed2993d1440ab04ee698cc40ab994cb4a1acd0f88184635958441a7851bca;0xf5460f73;0xf881846L;0.500000;1503092068;1503092104
1;8096;8048;0x8597e4cdc9e01317d2187953c669a0f5c1a2c21c72d10b7a07fecefed594585a;0xa0c2c8b536a9503b5675a3b9ca7c9051d6905b2917d475ce9ccb07fcfa00afed;0xe5b33ced;0x17d475ceL;0.500000;1503092106;1503092144
1;8096;8048;0xbc5a3efcc9e5db2c99b190f7c9bf79e37ac18c683177310680dc98cc17d461d3;0x32005283834ea1ba685e0d4adb6ad1b92dfdcf9f364e27f298208f1b7d458473;0xe5d142ae;0x364e27f2L;0.500000;1503092146;1503092183
1;8096;8048;0x41a19d9dcd16cdb2e0b15895b21dfc09217923528d920d5a46fe22a666cc12a7;0xd6d8097331240d8474ccc9a05baee4bbad04d64cfa4db3aad2c057be7ac6b668;0x31600f4f;0xfa4db3aaL;0.500000;1503092185;1503092224
1;8096;8048;0x898cc85b26a83f9aed64799abbc043332dfa86274767d8ef9a6b64d207eedf91;0x7a78b59373883a9c28eb3eb802298b5903a02090d17b7dd996cc4bdcaef4e02f;0x090a382a;0xd17b7dd9L;0.500000;1503092226;1503092264
1;8096;8048;0x4efd0868c2bc9904476e3c7b73db4d5515e4c25ab2e69abacf9a582d182b1a66;0x4849254ebbc22d83215259956a1a5b2b7e7d21acc08997587eb383eac49413b5;0x0290b3b4;0xc0899758L;0.500000;1503092266;1503092305
1;8096;8048;0x2ad85716f2f7dbe5fc72b406fdda05498db52b9c6ecb6749c510a37be3a50e0d;0x4eddf8f5c057e3f676fcd5101b5b00771e6c47f209bd37faebcf7af1c485f3b8;0xf0d8e8db;0x9bd37faL;0.500000;1503092307;1503092346
1;8096;8048;0x4eb732bdb25837418733cdf03311cb4e24abc27c71fc16b33a24a67bc53cbe13;0xc607bbed696b52dda8735833db7fa3be3c0345527b011ad110e516a2a1aa3eb7;0x002ea5a2;0x7b011ad1L;0.500000;1503092348;1503092385
1;8096;8048;0x2178ab2711a0aa17512dbc503e9b4a917992ea444b4f0dd55f51382af417e716;0x1808b1fac6cd4b12b778808604601c014f09b2f592a9c44241a26126a41193ac;0xf89441e0;0x92a9c442L;0.500000;1503092388;1503092426
1;8096;8048;0xa22646f0335ccc8643f8d593f291ef4c6b0dcd38ca6ff55fbdb8c294e89aa28a;0x83ffd0dcc82b7c4905d82ae5a9efc525031a137954f6710d962ee3ecbe88eed3;0x9b6fc786;0x54f6710dL;0.500000;1503092428;1503092466
1;8096;8048;0x8c7617d624908782752741b9e931af4e2f3b649284686f280f0ed095c85fdf55;0xbe3ec80d2d4941388df69c63a0c581b6f8c23cedaf847aec741a489ed7aefc56;0x12140b34;0xaf847aecL;0.500000;1503092468;1503092506
