1;8096;8048;0x7b286aaf501623d74c28e3c704f4277efad4162f3aecc387e437818bc6f18841;0xab45ee3b3aee842fabb1ba16a0d2315f412828fc96bbdd3873939e160c80ff78;0xfc5fc8d0;0x96bbdd38L;0.500000;1503248614;1503248642
1;8096;8048;0x9ba7833a0f9ca5b3e35720ba696753312cecd1897065a24845245568b5cb5a51;0x05aace40203358155ea441343b3d723c07effced168efe76234ca8ee88d36632;0xd02dc6bf;0x168efe76L;0.500000;1503248644;1503248673
1;8096;8048;0x734edec24d10398a42e3cb07ca65746bbdf9a3db39990a92aa3c888bd2494945;0x00ea9166012353a87ce390a843e6a545b9e13b4944766b222eb02544bece88ea;0xc716039c;0x44766b22L;0.500000;1503248675;1503248703
1;8096;8048;0x50d9311eedf64574743f44397a6faa73a75d97ce7d0e8f050b443417e73c1137;0xe1cface9c32d9f7ca215d722e920146ac3d57225384381f1d8e2c46a53493fd5;0xe745315f;0x384381f1L;0.500000;1503248705;1503248734
1;8096;8048;0xb8ae73874ec5885cedc9edd44b077a2e623e2f810deab5c0ca3859c67d4eb736;0x25b3f7cfb5200fb2a808e4e54c6886d0af2f68b1a081963fac03866145d69997;0x6f9f5038;0xa081963fL;0.500000;1503248736;1503248764
1;8096;8048;0x3e7d1642f282827c2a823df6d14ba9de8ba5a6da9283ba99c8514fef9387b0d1;0x30ec310ba4b97b3304dc12a75f8d1dddff823f6c69cfecf5d4eb3d5541e308ad;0x8dd6b37f;0x69cfecf5L;0.500000;1503248766;1503248795
1;8096;8048;0x032ecd38807e32d6c0161074c5d5b773822ede544fc386ebabead6aee146f3e4;0xce747fb151e439fd076ea23142f770c397d7edce9a759e2337a6722ec95a1a1d;0x26d529d8;0x9a759e23L;0.500000;1503248797;1503248825
1;8096;8048;0xfa79d1fddde41a175267aaae94d8f4297a4e80c72265ae2ba5d1d2d3204e661a;0x6d83fa7924323c4667a00c0f398541ae11080bf10838a6939298026e923de993;0x95c41570;0x838a693L;0.500000;1503248827;1503248855
1;8096;8048;0x9ec1b750cf86db1d98bf8be83a48870ee078edd9ef6153c19b2102762c14c2cb;0x0cd8ede9537c2d277a62f6d324af518c7cfbd6ea460afeea299223583bb7c804;0xcca3f4b5;0x460afeeaL;0.500000;1503248857;1503248886
0;8096;8048;0x01839c0069d57d262fdf531802af77fa61afd79f6cab98a349959d47f293cff3;0xca6f96de60d2981a926887c3851ed29718666b2c5dd8b6049cba9660635723c2;0x29910d0b;0x8829201L;0.500000;1503248888;1503248916
1;8096;8048;0xdff66655784c24c19bf22d136e66d338cec9d5791bbc3d389323cb8c4a19e92a;0xaa4015201e19b61fb1d45581369a5c6a6f545380eee0a3d52068cfe405fd763f;0x9289b1ae;0xeee0a3d5L;0.500000;1503248919;1503248947
1;8096;8048;0xebe338ee63a298f085d2544c4290b42d2ed0c792233183ccdc770e336598a850;0xca5ff109103b3c6ac301edaf566c4129361632cdbcc2d8f51fc27b44d467bc52;0xbb1c4245;0xbcc2d8f5L;0.500000;1503248949;1503248977
1;8096;8048;0x3f10ae1da9c099237ee13ada6033de131a89033db334e461a08a4f0e6e2588ae;0x5c09e314467ba1b55da26850c6912e42417f2ed6951872de128bb2c764a33fff;0xf720daec;0x951872deL;0.500000;1503248979;1503249008
1;8096;8048;0x964dc62d1f0f6c9cdc6983dcc0c8d53a41232f88de3fd58836059b79f2bfed88;0x82e54779ff3d81adeb0d4d69c7bee83a0435b710cdcf4d39be64fe095e0bc652;0x17a71b6b;0xcdcf4d39L;0.500000;1503249010;1503249038
1;8096;8048;0xe972ab71ae601ff2f1f7ba229503d78ff4d8177d587f9ab1a9fd00ad70828059;0xd6f41651cd1c4414c25b7edcce697f1f5845b4ff1da6ff7cf0ee981ab4da2c6a;0xf0637a47;0x1da6ff7cL;0.500000;1503249040;1503249068
0;8096;8048;0x68fa516bf0c15e330161139026715ce8fd6048b2c2a7f0fb423ee618c766092f;0xc45559755f257bbc40e1432b9a7a2088cad1f6541800c0f2dd5190cda43de5e2;0xf5120dd5;0x8a40c0f2L;0.500000;1503249070;1503249098
0;8096;8048;0xaa5048eedecda68382e8fb75377259eec1baa05c1d0a593eff8aee42fa7da9a5;0xc059d936c521b282deb83684c7fe1bffd57ad2acd5cd37018de535cdfe6a933e;0x7a680c91;0xad594a01L;0.500000;1503249100;1503249128
1;8096;8048;0xdfa2492e47667e789a9fc4ea8fc7727c2f94b37d7dfe5bfdcb9fbd7cc12355a0;0xfd1d7a482805bb83e5da64dd113c42eb3a5eda9d3d17558c9e25277ecb5e9aaf;0xd243be61;0x3d17558cL;0.500000;1503249130;1503249158
1;8096;8048;0x21f83fb13572c6c81b26adcfa1c86f82f3ee0b27d761c44088eac5a5f43af516;0xb9f4978e567f6f7d952353f9426af7bd577083717843eb4e835a3a3b0ecd77c7;0x34d8f75f;0x7843eb4eL;0.500000;1503249161;1503249189
1;8096;8048;0x7c58795dd3293cb8a6bf78770fa0fccb701b3868d97910e3846a30c40776e784;0xf03816c09d1eb3a7a97b1c02581a3bd456bc936a1580bf7ebc2a8cfb8dfa5baa;0x2760bc31;0x1580bf7eL;0.500000;1503249191;1503249219
