1;8096;8048;0x819db3c0eaf32e1f00eecf8a7cfcad153982d36262e6b629e8a943ff399736ba;0x70119c79e4b6e824c763d9eca7e4cf51984e7b1725c8d6caa8275567e98dfde9;0x68313fd2;0x25c8d6caL;0.500000;1503138954;1503138986
1;8096;8048;0x4e445e73f7f04af2a28ad585903e8243c2a6d4b77342ddd13dbb85e89bc452e9;0xc2433a36573e3a2bc851248a160c836a4ddeb17855af7516571586583e8a81cf;0xfa0a65ac;0x55af7516L;0.500000;1503138988;1503139016
1;8096;8048;0x9f4ef9dc8a7c7192a076188f5b5d84bccbdede02ac8d5014fbbe3de3afeda74e;0xfbfeb80f46cb59f857e6e53721661d5a1601fa68c81169a6340d27e95348164b;0xa387a761;0xc81169a6L;0.500000;1503139018;1503139047
1;8096;8048;0x4936563036b8f2940e2cd296abf8a3ba63870c56a11b79bd5c5036ef6b4be1b4;0x9aff24da872194a3be953a0ccb2a75df4206a8ba98da87373996e12970c7b8c1;0xe9f8b0e2;0x98da8737L;0.500000;1503139049;1503139078
1;8096;8048;0x6e0e61efc6b0c0aa3ec29d34fe857b2c85d4ec212e3b32f0f0e84802104d0d7e;0xc9c797b82441357f6588ccc371eef003bbedda394965d7accdff5e210a5e6186;0xf1963d54;0x4965d7acL;0.500000;1503139081;1503139110
1;8096;8048;0xb2050c35add225e7d62dcd9f427d5b4e5ad93950ff865c7e53d31ed5d962948b;0xd848738f395210b0da749ea937e5e7cf2719a767be3f4c8c1b37193308d31218;0x864793fe;0xbe3f4c8cL;0.500000;1503139112;1503139144
1;8096;8048;0xa95d495cd89ce4283647f87d74c04fbd349e996e881056a30fda49759bd1bc44;0x90841bddcddb3676899fac921cb5925c4db56fb98688e7319edab3f5c32327da;0x65210e9c;0x8688e731L;0.500000;1503139146;1503139177
1;8096;8048;0x1e81049e0b80c70315ec1a5a7347ea50906b1eeeca5f7a831be9ab4eedc2320b;0xfb64fcd9b80518028c271d7b160895e922183d695f695ec3cade6e9dc59e9e61;0xd8a9c431;0x5f695ec3L;0.500000;1503139179;1503139210
1;8096;8048;0xd2d8687282586d4a1190cbe34a1dc0d470e0bbabb20b9286a6327ff7df5258b1;0xaaefec98387b11aff1fec62ba20cdee12c3b27e835685b5d0799685f4e570501;0xf8b01fe5;0x35685b5dL;0.500000;1503139212;1503139243
1;8096;8048;0x9fae78ee53a71f300aa7234ee2dee3b4e8ba676f70c7338371d008804cdc99eb;0x52cb56248d2c537fe4dbd931c9b2c3078039bd4adcc9cd3a32b5cde423ce6651;0xb874a819;0xdcc9cd3aL;0.500000;1503139245;1503139276
1;8096;8048;0xc97fcd795857d333e4408794de3fe978ac8ccfd3083fcee77b67df869ee76467;0xd5fb536e803b090fe78f91df3d80992774834200c394f9f3f87460bf9921b098;0xa51dde49;0xc394f9f3L;0.500000;1503139278;1503139310
1;8096;8048;0x87a80d276e291479b201f3d69e12a32f45cdabc9be1d3c6dec586a9c105a8897;0x24449ec4dd30ca5aa7902a8a3fa71e89d438cfbedc60707ebca1c73602c487ce;0x52ddb2f1;0xdc60707eL;0.500000;1503139312;1503139344
0;8096;8048;0x15504e5749bdbf4ed7f16ec3003df9c9dc60b737314f029026d189398a18799f;0x2cd2f1c299731e9106afe51b8b91ed6f8a3ddbbb86b1f20a610f80e47005e654;0x1d78554a;0xffffffffL;0.500000;1503139346;1503139377
1;8096;8048;0xc0dba94798731059f99a0a6970339c592cdf02942adcc887d1516718173810d7;0x71d0df475eb9fb6aa4ac681fee89253f2c25dc4a567f3f46e80fb1e38f534ee7;0x4927f33e;0x567f3f46L;0.500000;1503139379;1503139411
0;8096;8048;0x4579d35d1c492d03a655ebf2b8db1bac6169cd9b18419faa396d86e4f659143c;0xc268ccf225e62055ab345e49dc571f9234e6b64a462500d3888f36d14d08cca1;0xae8e2021;0x5c420d3L;0.500000;1503139413;1503139445
1;8096;8048;0xb75670761ffc19d62436ed40112f3518e043cb3f94ebd8cd01d67d278099c637;0x7a224c2f5246cf1be2c4ee7e025431a08d201f63692833858ae01fa2a501220d;0xe5b5fade;0x69283385L;0.500000;1503139447;1503139478
1;8096;8048;0x26c7a63342ceaa04e5733ba17b63cbca9ff0cf672545bacd2675505140111d66;0xb485a4b1d253d5ab14cf9dcf6db669d2f8361ec7835224a89713f1b321bf54b8;0xc76e2744;0x835224a8L;0.500000;1503139480;1503139512
0;8096;8048;0x30bf74d0e68ac59bcc4b687336fe27b1a3ffcc4d8d708b7276f6d95284bc20b5;0xae701411ee43d6d8a9d79bd2e3e20d32bf20ae51933ca70216ea9775e7b79ab8;0xdac8cfe7;0x7ad70a25L;0.500000;1503139514;1503139546
1;8096;8048;0x418a5959f4371b47b381e62a4ba9bd82f2c346f0530ca35ef5096ae8530f6795;0x710f80b6a83c67fbfe5ec6dccacf9d0f9b6448525bac4ce0a8214c5657e57bcc;0xc7afcc8d;0x5bac4ce0L;0.500000;1503139548;1503139579
1;8096;8048;0x8bdffe04709743e15992327ece22e5c768eeb17586a0d54f2e728bcb1a23f9a6;0xc7c0263b8fb66593bd71db69d956a123031b05ef97f87975d2bb7d9ed3e36ce1;0x76950ee4;0x97f87975L;0.500000;1503139581;1503139613
