1;8096;8048;0x7ce7ac5f9a8c42d0839403e869d6c023207714156a6cd9a580b4fcea39eceeb5;0x006f5ffab59e63c3a444deb4685c5847c89984732348c425e878b8662602041c;0x968e3c9e;0x2348c425L;0.500000;1503196358;1503196388
1;8096;8048;0x85b9b83fb483fc89c43c02bbd5713d9e46320e64c8745fa663e15f0e849fd90a;0xc9b7f03c4d0cfa215328f9041818e6b155894f2351d906985d996c06dc7b8001;0x2639db5c;0x51d90698L;0.500000;1503196390;1503196420
1;8096;8048;0xa72cf6581c39f35dd572b567c18f7a64146cf4237097acd8f7ce247a600ba307;0xe241a263f0f49272f04b5ad656a3887354e34594facb03d4cd39fd0efae79f6c;0xa9c963f6;0xfacb03d4L;0.500000;1503196422;1503196452
1;8096;8048;0xa0d835e167d59a9032dbb2430281e3f6a7fdd3ba8c69b0336cbba64cdca61b7c;0xd58299f4a25ce67bf7c0839a7a53a52c8e73627fb830ef8597a1c9f239f68be3;0x9eaae322;0xb830ef85L;0.500000;1503196453;1503196483
1;8096;8048;0xaa79066497d02db8bf7b4b33c48d688e38fc77989e0293ecff0e3accc6bf0970;0x8a9a50cfb0feeb52045be439f57ee4dd83be4eaf47cdf10509c18b3999d1a97c;0x9d03735b;0x47cdf105L;0.500000;1503196485;1503196514
1;8096;8048;0x8c370f09af30c785dceae71494038d848fbe7a47cb06b70f6df4d12ede69a36a;0x773d644aa115fc8fad4b0dcdcae13f8459bbab71eb0c3f846ebdf75ccc085acc;0xf4376ae4;0xeb0c3f84L;0.500000;1503196516;1503196545
1;8096;8048;0x1bfa2833bedfd6683e1a7fd651a69b29ca4b492d10e1a7f92818de46032c171e;0xcaec55faead57e4858a045d0b1e734ceb6de65ed22907cbb897f4bbaf870dba6;0xcb0bce79;0x22907cbbL;0.500000;1503196547;1503196577
1;8096;8048;0xcc4976b8b85ca9de505c2682f4ade6e7cae4917799e18b3b526d7868052c38d1;0xe12cb20dad250534d7ce2ebb79d8e53b5941a63646114cc44b4bdf6e3b6262ce;0x7f752532;0x46114cc4L;0.500000;1503196579;1503196608
0;8096;8048;0x9343fc52698aea4da54f6810ec3b40a825dbb9d9c0e221ce5fa50045b7e1cd4a;0x685dd8dd3de64658b985fb028a1a9f4c4c03718bdde594bca557dbe8350d2bbf;0x82ce3e4d;0xffffffffL;0.500000;1503196610;1503196640
1;8096;8048;0xb9dfd3e0427f35a9eb7cb1f820b043d0c270aad808a66969b43c1c066aec1824;0xa96a955c58699ac5d5d56bfc6d9fa9f24bc941a982b42223f32343057772e14b;0xe1459b93;0x82b42223L;0.500000;1503196642;1503196671
1;8096;8048;0x6c5102028f74b4174b85a9fbdeb24b89acf6ebcc4fd092986dec84b15ce8e3c8;0xe12f113b72e09a2f329b0b854770dd168288a5506ca60e5d9730c9d58016a778;0x8499ffa5;0x6ca60e5dL;0.500000;1503196673;1503196701
1;8096;8048;0x61ccd71bbf2fd28b9faea6f40cd60e787d299c32de5f24a82a904981c1dd2e22;0x949c4692ef38d6e8af2520092ca5973c09c318a9b07f5f1851fef2da96e11e2e;0x7a75a8a5;0xb07f5f18L;0.500000;1503196703;1503196731
1;8096;8048;0x0d7ea9ff8dd02569fa4292a376f1bc96be0da0e2d23542242828a2e355dcc362;0x738401751b40fe4f955b88ed67826cbc2a62ea1a948ccc19ffa5fb456115d8c4;0x93bfac99;0x948ccc19L;0.500000;1503196733;1503196762
1;8096;8048;0xf8ff501c80bf923bff135d8c28eba49ccb1ba3a2b0d4c32d62722b7b832bbb7b;0xee4b8b71890c409fe1f4ad4bd441a10d63974bee8763e63dc309c25d8cc4810f;0x62424bdb;0x8763e63dL;0.500000;1503196764;1503196792
1;8096;8048;0x13df29cd3f636adf5c808fbdbfa46fd600d3cd7babeac1e1225dfd2cdd9aaff0;0xf8048d15fadce414f5b33caa2a0ee851ffa7db807a265f2348ad88be5202e1db;0xaec8189b;0x7a265f23L;0.500000;1503196794;1503196823
1;8096;8048;0x7d553fddedf88affb85f6de73e01c3776069ebb8f93f4ea8ba28492669bb88e7;0x540ad14063ad03a18aa7e3abd1e9950b13d7ff6b934a22cd5dde1278b557f1cb;0x01fed447;0x934a22cdL;0.500000;1503196824;1503196853
1;8096;8048;0xe40b3d3f51f8cb3fa584f5974fc3f50ca60c83f8d7b8cecdf71b89dcd8b328bc;0x2b6060bdfd9197d151394dfdf1392464433c2b7dd360550ecca4fe6906f13b49;0x1dcd6976;0xd360550eL;0.500000;1503196855;1503196883
1;8096;8048;0x6fe75d9b9cfb4530b04c833126980edb307a5a8abd954119c4924dfcb361c822;0x19a1b29198f4f534526748e0245c889f226ae3517440148fc3d21d256c752877;0xacabc274;0x7440148fL;0.500000;1503196885;1503196914
1;8096;8048;0xd953799d414b3ea1c78469f8b9c41ebcbafc156bb709f9ba0cccaf254d926f26;0x427233fb2900a1952504ed5e5fa995f913cd6163349e1be5c532c9b993c5201a;0xf1abd74b;0x349e1be5L;0.500000;1503196915;1503196944
1;8096;8048;0x8ef9af7f82c48e8f2c44e87948b3e91bedfe69948ed39f4bf5174d24b6c03844;0x30365e54225904d87b5cbaf03eab4e3cd9a5c2759610efdfedaa875f1f3ebc2e;0x61104c82;0x9610efdfL;0.500000;1503196946;1503196975
