1;8096;8048;0x03562f7d631b8db545bace017874b68c61dd08a4c96bf76959bd0aa3e4987ce7;0xccdf2a7702cc29c88bb97a22a63f158293aa358804b807129e66d31d7a3a8b33;0x0ff79bb9;0x4b80712L;0.500000;1503152380;1503152408
1;8096;8048;0x2613090df6700ec90a15c83d86d6a8cc4dc767982ad83019e38d1edac41bc9ea;0x6c33616e94d25e1981de0656137b11a7c8624c07a6d41306870e03d84bdc3944;0xc4b0f357;0xa6d41306L;0.500000;1503152410;1503152439
1;8096;8048;0xe807ec7e2ac0dd3faf5438535ffb8c0f0d1485f43ebe2703caa85903b6b5249f;0x303077cc9a8d384985444481458e15a33498831b44c4df32d7a894898e590475;0xdc794825;0x44c4df32L;0.500000;1503152441;1503152469
0;8096;8048;0xcb4627476b9469c2968acd9cd4d601649a372e4a27e2a0943ff00372036775ce;0xa28414b8ca7b7bb1aedc23f7234911c96830777c857597100f3a03d0d1150ceb;0x20efcdfa;0xffffffffL;0.500000;1503152471;1503152499
1;8096;8048;0xa9063f46679531ebde8a8776a8823fe645957803f4dd0712a012aaf56c7d1016;0x5a3ab7916cd82d3e5020b76491e679a8fbeac68e5fd904834d89dc56c304b002;0x84ab8dab;0x5fd90483L;0.500000;1503152501;1503152530
1;8096;8048;0x7cb39ec553961485f1bb10dd1185aa58e5f961c606cbc400910253f016883692;0x8b6da7e71fc287be03a3d3480c48de8c385beebeda30dcaa6c2337ebeffbece7;0x91883645;0xda30dcaaL;0.500000;1503152532;1503152565
1;8096;8048;0x4ddf9fa242c751ffe79441584b49540d450fbed53770e950e45320caac9b4af9;0x07aa8e30be2303e5ef2d635035817b1ad4d3d79ee5347a6e3d2a9554836ac8c4;0x948f64f8;0xe5347a6eL;0.500000;1503152567;1503152599
1;8096;8048;0x313c4989df264a4f9fbb2a5b50b20f4326272a82f5dd1bc0e6a876a2cd819bfe;0x5fa9410fd38cfab46847d9786e09a3a131c19866fc4d10adbafc874061069b82;0xd2daef88;0xfc4d10adL;0.500000;1503152601;1503152633
1;8096;8048;0x8d480a1d6996b74304a163c0a309d09c49b4b5d55c95c24e15a13a7cb34c5041;0xed621b28e9f02cc1ac2e28c70bd2fea6461ad03746e0a3a37d5e90da9c0a1ae6;0x34717f22;0x46e0a3a3L;0.500000;1503152635;1503152666
1;8096;8048;0xdd1cd3ad7e3316d56b17aaa5416e8518bb22fe9e43ecde38040c6d0d559dba32;0xf4cd48b5ce0d9f9a9705844114d67e9299485e6bc58e9790d4002c370b0df264;0xd9d995ce;0xc58e9790L;0.500000;1503152668;1503152700
1;8096;8048;0xdfa671c4e746343892cdc4a0b641ad393a8b85669ffe2eed9c91616879dfba58;0x6059c6730fa589c29f487c70c0578634a6066f741cd46238bc01a72f615b9b4e;0xff271044;0x1cd46238L;0.500000;1503152702;1503152733
1;8096;8048;0x3b1107ff9839d212c16d0a389841cea52da25d34afbdb03882705ec13f2aac7a;0x28c9de57dda19a1a6d546dd1a5fd9590c968e570e8b539df59711497fcbbf2c6;0xf0c58b22;0xe8b539dfL;0.500000;1503152735;1503152766
1;8096;8048;0x5e267c586378b0f901ad971383f8cf43495a9c09054cb1dea39021e5c86edf26;0x0a99f07d8c4946841d0c172459ec378a38afe8b281250818d09154bf8cc4e4e6;0x18d623de;0x81250818L;0.500000;1503152768;1503152799
1;8096;8048;0xa7829c208db51571549067a9675c6b4317fc01c729bdce6ff14d8cd2792c2f20;0xdd499f5ce7c5d9199a5a1e08ba5b26abb0cde5bab520f4347a9af879426f77c3;0xba74973e;0xb520f434L;0.500000;1503152800;1503152831
1;8096;8048;0x1f08d476c41c39fa8c3f51c87cc327e132fe687ea2218da94f32203e9dfc11bc;0xfe1e68652e54c75a1a1ded0f2122ea0aefc362b8c3047d9923af582fa3534b93;0xfe1d9d5b;0xc3047d99L;0.500000;1503152833;1503152863
0;8096;8048;0xd203ac20dee8afc28ff3142041fad966c8e6fec116de2ff1af67469bec66eebe;0xe258577f0400ad6d697935deb1db9aec4dbb40faf67fcb9024f3262e4a7df927;0x1d62b6a0;0x51508529L;0.500000;1503152865;1503152895
1;8096;8048;0xef204a4e997cc0444df48a93ab3c4c398d74cda188f802e898be3ed0d2a9e8c1;0xa83baf718cc55655916992c634ed3aaf9cd3fa264ed02c55cb62d97d722af093;0xbc031061;0x4ed02c55L;0.500000;1503152897;1503152930
1;8096;8048;0x0dd1007aabeca896560a5446b6604d8523f6e912e42da33240106ce340855c4d;0x8a5789221253e11daac7a9be1360d60e218d3628b8a1de36fc316f91671ba728;0x497047df;0xb8a1de36L;0.500000;1503152932;1503152966
1;8096;8048;0xad7b54345f9d0b14649a4e61f037f3f7944af5dfb5de2a1bbb477cba6fee021c;0xf918adc8dbefdc7b3cbf790df9482d3b1a6b1a7d55c6cecd6c226b7ac527996d;0x0a3c13db;0x55c6cecdL;0.500000;1503152968;1503153001
1;8096;8048;0x6d25344d84229fa627b44fcf0bc6e8eded53669d840c7f1d671bc591fd3c2f6a;0x50d653f8521fd1e432671d03d7b3f2f642766df07ecacd75db9165cc49d545f2;0xac5a3261;0x7ecacd75L;0.500000;1503153003;1503153037
