1;8096;8048;0xf40a964dcf80bbcc2eaaed9b39e5075fddcbe27b59868b0428babb41b66113ab;0xd0319cab0bfb0eedb2094603bcbe89881489ca08dcd997f142d246e256fc2fb1;0x16179846;0xdcd997f1L;0.500000;1503121173;1503121205
1;8096;8048;0x914131c1a0f5e637eb9e7e3270f2c24088177c11fe51870ad73e61789e6f502f;0xe21f2a1468daf8ea5a798fa404e76821d4375b1b6e0b3db1bd018bb738345ae8;0xff49faa2;0x6e0b3db1L;0.500000;1503121207;1503121236
1;8096;8048;0xe7b224012d6782b46ced6bfb4db010bffb4bbef48a1e664ddb48b0cfea7503d1;0xb3e3aa855ba05ba05cbc6d2cc5c2a94a4cfa3cef6d3d0b5e666bd29140391ba9;0x4ec115b1;0x6d3d0b5eL;0.500000;1503121238;1503121266
1;8096;8048;0x6785d9e54db57a88f178bf058af7486db17df576bdfd75da3ed2c095b3730e1a;0x175140e587085f12f05822603529acfeaed28fad9d2fd65c8174077c7a3d420f;0x74373ebb;0x9d2fd65cL;0.500000;1503121268;1503121297
1;8096;8048;0xbf9de3fe14412283259a021e9e99bf42a4d84b05a759da0a2411e798a5c96564;0x803ce6d8169ae0b70309aebc74d9d1ee8c8cf58a9b5bc9680f2cff0b888ea9dd;0x335b0b8c;0x9b5bc968L;0.500000;1503121299;1503121329
1;8096;8048;0xd90642896c7589409b070bbe40f8d61c4d9c79db8aa6824c157e91d78984f162;0xc43fbe1febc5eb3f15435b4d43d28bd1f897dd730e75b28a92c9f83108f90e9d;0x8054e2a9;0xe75b28aL;0.500000;1503121331;1503121361
1;8096;8048;0xc05d4d3108e730fc78f2a5a91dd4a17a87666222072e1b8cb074c3def831abb8;0x63ed03542e592d8f381796f55ba3626d48be2f6789fa6f266eaeea7d82f72d83;0x2318a935;0x89fa6f26L;0.500000;1503121363;1503121394
1;8096;8048;0x4a3ffb3dd149a4c08e1ebf86035535fdc97536b4d719487e155be07aa00fdbea;0xa39dfddf0e59c6921c306a80d4a4d1b2982723121552f36f5a1378e88d8c50fd;0x5dcb0da3;0x1552f36fL;0.500000;1503121396;1503121427
1;8096;8048;0xf765dfbe9cad94bd6370d177f5ac7677d09226426e3032ea19b2de6eb3a6f5aa;0xdc1d82e400027f83e86419d8baea34c7099ee1d17712308f333f0bab01a4e824;0x28d9e346;0x7712308fL;0.500000;1503121430;1503121461
1;8096;8048;0x306b784c41cad196eba17d487bea107276d77e91ddaa0c38b1aed735bd0f68ed;0x9c2a2909ef2e3c8a9035e290e7a5614f9cb56683c1ef5aa49844d796f398d8f7;0x3bbadf1b;0xc1ef5aa4L;0.500000;1503121463;1503121494
1;8096;8048;0x650b6f381f02920a449c43ddeeb64a803f70e0677945b525f512bc6f95efe7fa;0x5935eb10ce160de64e2ef1209104d12120ce81f60fd9945c03020d727180bd77;0x38db522a;0xfd9945cL;0.500000;1503121496;1503121527
1;8096;8048;0x9d3ce2176f91ebf5fda867b44e1f5a08aab2b2821072e95a687447d0c43fb562;0x2765bff84eaad2b19bdd2b32d767429efde4f631f2b89f9f2d03b6ca60b27a17;0x87937842;0xf2b89f9fL;0.500000;1503121529;1503121563
1;8096;8048;0xfd7312a0d5d752b7d66f4851e883641b56d3f4e80706c1495ccde047620cbc5f;0x57445cd8556674ae70d2460839bf56ce8363c4c952e9ecf45af9bfcc6ce00f38;0x1943c63e;0x52e9ecf4L;0.500000;1503121565;1503121603
1;8096;8048;0x69317035a5cd509a8cd7d757d02c054911e31687cdb5ce1a18bfd4f1463639af;0x087f95666941c5ec9126e9c42cb40ea82df697e924ef8fc0c9e379c06bb1349c;0x35fce40f;0x24ef8fc0L;0.500000;1503121605;1503121642
1;8096;8048;0xe6e241792152faf72027f40ba90c4928040ed040a2d2c16159a10865c035d1a6;0xe6c1265f85073ecdae9f3e514c9d3b60f9c9c3f1c553021672758d87c6865639;0x29bf7ab2;0xc5530216L;0.500000;1503121644;1503121681
1;8096;8048;0x304b5e4f3700c4c7aae5ffc1966564aae8c590300504626055528fe63f3f5b70;0x9995b918fa36533ef7bc925ea42c7510adcfbb391b035bd2c343da604632b7f5;0x3a1f5eaa;0x1b035bd2L;0.500000;1503121683;1503121719
0;8096;8048;0x9d4b3e091a7afda2a5c264c1ca127e71083e78a02ba9752ff651d3e57082330d;0xd52104727836bfe71b2d12aaa614ce05a32839c364db5e011905409e4a20a506;0x679c50ec;0x4a201425L;0.500000;1503121721;1503121758
1;8096;8048;0x3eec7b37b87c64013c0a4f6a366b8fd507757e5b327b29f0735fc6ad7282f7b0;0x1b5a2652d4fbf01714645566b561386daf4c2b3bd554baf4df6cb54a502430c2;0x97f063c8;0xd554baf4L;0.500000;1503121760;1503121795
1;8096;8048;0x14ccc8f4151ea106c82cb7f7db04a1a926f99f3d4daafae50666072cd935c1ed;0x052aae5a09af02ab60924282155c833f8daf23df4f6b6219c9d84a9307f17a5e;0x6a4dfabc;0x4f6b6219L;0.500000;1503121797;1503121833
1;8096;8048;0x651ac0d27ff0386ec073f886aa3163564b6780b96587205384a2cf6d13f52079;0xd35154d902f0e01468fec92f7edd152386a3d5d056c51979a41bce28580d920c;0x6b11908a;0x56c51979L;0.500000;1503121835;1503121870
