1;8096;8048;0x14a85fc934c5dd5a46b35eb3f23dc40d1d626718323752a48400522577ac188b;0x0b2fa967c39883b4c2b9da159239d5b79541b814a3ff109e28e2acb93f7f9e70;0x1c088762;0xa3ff109eL;0.500000;1503099572;1503099605
1;8096;8048;0x27892cb9567d823b6e490ffdfebc761e87179190dc1bbadfd19c46a7307f1a58;0xa204113ed11940b9c63d766fb66de0c13f69fd1cf0327f4162c1272c98da7000;0xb389e38c;0xf0327f41L;0.500000;1503099607;1503099641
1;8096;8048;0x1f68e76b0d728e646dbc27686592efd046e314e97cd42d1276d160bd6d3e9f8d;0xe31ed7420dd7395f4ee9930f1247ffac47a06c98028d9f4c0584edb8f0e5560c;0x58144c68;0x28d9f4cL;0.500000;1503099643;1503099677
1;8096;8048;0x5cb4272bf1c7ed9835f6bac7bb501033e26b06799234191d941d2001a7014d04;0x852de320e268f6a2e399591ae36eb2933cae5e58a96bcd8716745bc068acdb6b;0xd28b592f;0xa96bcd87L;0.500000;1503099679;1503099714
1;8096;8048;0xc8556361ebcf1ffb9564fb657dbc778bb8b7bbecb5ae415e7dc26175eb2456b4;0x21575e00ce46519512214e4c7e9dc8bbcde4a507d6f41c58a02fcae2285428af;0x9d6a550d;0xd6f41c58L;0.500000;1503099716;1503099750
1;8096;8048;0x9f56271c9a37e855bcf6efd40d7b3ca7ca2168f9420d0f0859e63886e3577282;0x8ed3b0073104d06ef533aad3e5c394a227e28b028929a374fb65fc46da264f39;0x8f756d83;0x8929a374L;0.500000;1503099752;1503099785
1;8096;8048;0x1e4ea84566170ad924342774efe450098ee3d3036d20202a6c748c8bd26906f0;0x2c6aa5eb39ec58bdd2ee3b2d8156b9015bb6022a5827c47e8b58d833d18b972d;0x23a95ae5;0x5827c47eL;0.500000;1503099787;1503099820
1;8096;8048;0x3644037fde11ed6cbf39c9971aa60582f021e69a19e62c4cd5a400538ed3fcc5;0xaba17ad853859e9cbc1cce8c550931662fce324e0c77b6d5bddf642adba7924a;0x50ed1e5e;0xc77b6d5L;0.500000;1503099822;1503099857
1;8096;8048;0x1d5af1280fb2416d61ae8971eb9b7d76c4f40e939849f224f56945c0d7d8a3f4;0xf233b84715933985d4f30815c62bd1413981f3f5baa128a4a30ad0322666411c;0x8e345ec7;0xbaa128a4L;0.500000;1503099859;1503099892
1;8096;8048;0x39a632ec01539309e6a826640c1577d3d771e6c63322b2f556045acfb19039ea;0x65ff5851d8c231198aa6fc84576cbe48b8d10d5fa1939b0dd51d946cd5d1be4d;0xbb8c78da;0xa1939b0dL;0.500000;1503099894;1503099927
1;8096;8048;0xc72057e1a9c176c384d58b45f834598349c7e6c0910b63ed4bf4d623ba021681;0x172a805303b2fe7eddae84427540473a7c9e76c2414ace02bc2928ef0e2d0a12;0xaf691304;0x414ace02L;0.500000;1503099929;1503099962
1;8096;8048;0xdc336d93417e0a0fd16b3d1095b0f02fbe3d689081b4943c10a960688bfcd267;0x0f32d65217f24c6f9234c460c0ed759ea8ff8c321364ed3cb26ff2fff71907dd;0x7f392f07;0x1364ed3cL;0.500000;1503099963;1503099996
1;8096;8048;0x8b630fe159f5cbbfa52d8f49406bcd418dc810ae13759b78ed423498a3a2822e;0x0ea327c508adc0a71fe5ce6f04c963b36271830b2d13688fe2d4e6fe77773da4;0xcebadfc8;0x2d13688fL;0.500000;1503099998;1503100032
1;8096;8048;0x50a68130055ba41ce0684a3b2321ff4c6d5f06878182e876b058d5f3bcc8630c;0x78adef34bd57786312d9631411556623f5e574f178aab7e58b26d127e1aab1db;0x4a2ae8e1;0x78aab7e5L;0.500000;1503100033;1503100066
1;8096;8048;0x2c76b7d2ce88379835d3364db4a7e41198a7ad4c11b5a4e07ee509d998f184c4;0xfd2ffa279ba9269912a11e0290ed01be38c8b090c2cd0782bce5037fb4e3b7b5;0xb3175f04;0xc2cd0782L;0.500000;1503100069;1503100101
1;8096;8048;0xbf5c5ee6414557f77cc0c880140cd7804e8196927793ff74719b8614c5e61d84;0xd3a00c91fe62854c02e12d3ebb533cdd8c777f3c4599d24c0621f42423f04ea6;0x9aac1d9f;0x4599d24cL;0.500000;1503100103;1503100136
1;8096;8048;0x81a2cdace6dec691984df38108128a685cc3efa8210bf47cfcaede6eecb3f96d;0x8fc99bfe6db45eae105a5e6b71ea6b51724f4e4d77d42026c3e5ed8a9b390ed9;0xad683260;0x77d42026L;0.500000;1503100138;1503100170
1;8096;8048;0xad8fc435f466a6a66a770ef9718e849dfbc87d9d223a63efdf6d86645f46e10c;0x0a30225ed5334ba3e380ac58a5383f0c8a222d411e7076f4074c7d86e26ed458;0xf374e4eb;0x1e7076f4L;0.500000;1503100172;1503100201
1;8096;8048;0x3a924a370b2857d089b43c31d8356b9f8237bc7cc96afdce272aad213ba90275;0x178c50c3c57a05814c286301bd80c521a3d8b3591e26fdac43703195dc379e07;0x42c53435;0x1e26fdacL;0.500000;1503100203;1503100231
1;8096;8048;0xdf0c15c82b6b71f351eb8fd2befe11a1bfc716b01201a20dcc986c308a89666a;0xcf3708a24751f566b5e90f1cda81f8dbbaeb99b07820358fcc5d9a74afdf248a;0xefcd932e;0x7820358fL;0.500000;1503100233;1503100263
