1;8096;8048;0xc0726573178d34bae4443337be7c1ecf738b5ef75fd00a0452659b6b43fb8203;0xc0c474998d3b9138c3953873849de93ec0a8e978de80457c80b09eb0494e5a24;0xe4d6ec8c;0xde80457cL;0.500000;1503180896;1503180925
1;8096;8048;0xce663d947f152df1db17dd1f1a6c53330e6d38532d4e9dc9a5036929305cd4ff;0x1370e44bcf4f1c8176ae3c8079504464f1a96f0769b56ddac5918f3b4dde6b07;0x21a99b42;0x69b56ddaL;0.500000;1503180927;1503180955
1;8096;8048;0xc50135acd9d230dc06212884a7851a12de93f5322e45fb30d0c28729da66e6a0;0x68f3cc91092bba251dac3a0e521da94bfdd46eb5c74b8fdec69c652a21611971;0x16b30a70;0xc74b8fdeL;0.500000;1503180957;1503180985
1;8096;8048;0x985dca5e0d2dbbd76a6b64ec00228cbb38fc18cad91e0d78a9fcc0e215395bad;0x152f7d547accc48f6c83fd7ac1641512cf01498bbb24ef665e377200ffc48512;0x7c665094;0xbb24ef66L;0.500000;1503180987;1503181015
1;8096;8048;0x14c9348f46d155a516451fa0cb0b2b7cdc8e431a04e1bb0da6332c237f636693;0xc1653cfc89245f602ee42ae754dc78098856095afa46843315d0adb8d1f02eed;0x1cb602d7;0xfa468433L;0.500000;1503181017;1503181045
1;8096;8048;0xa420329cabdd4f8250918afdbe0cf5fd132e83bfd917ce1f0e27fd1a720e9b16;0x475e0f8afe8331dbdc6aa14f9e2a534dba43c4c88b6ea46f49ac602d29e4e7fa;0xd279df35;0x8b6ea46fL;0.500000;1503181047;1503181076
1;8096;8048;0x6604ef2a547f6674410a95821d28b040d993918277b1bf97c0e69638c26fce29;0x36364b17f57278ca845bfa315750ccd25f1876c4c7c0ae7c1f53f9586e040334;0x3d9ec322;0xc7c0ae7cL;0.500000;1503181078;1503181106
1;8096;8048;0xac7ba6c45003d5f1f4c9570df3516f72f21949e95e792fd3381a92f9bbd38767;0x75fa132d56274743b9b4441d2def5de26cb4e9d5d08514fbc6f999639f04e463;0xd9c7d47a;0xd08514fbL;0.500000;1503181108;1503181137
1;8096;8048;0xe291579da6d2ae92a47300a40265c23dabf0c5d44605738b7792aa50157914f7;0x1d3e7ae646bdce9fa55a79934b6418fd9bf225a5f6524384b25e5028a6b083e6;0x77676929;0xf6524384L;0.500000;1503181139;1503181167
1;8096;8048;0xbab99678452f91216bfd70f0afe5a941f46b899d8981a4780fd8a030f06b4faa;0x754dad581d3a039db590ea59aef38ea503a567f5b61a8224a839a0628f5e2329;0x741df099;0xb61a8224L;0.500000;1503181168;1503181197
1;8096;8048;0xfe584bc124c3a7ff50ae77dd5a5fe127107342652c2eb7572ac4f6756f65b96e;0x9fec0743b868f2bbb78b834051989bae1258185253ca4548e5b36986ddb87b6a;0x86350f31;0x53ca4548L;0.500000;1503181199;1503181228
1;8096;8048;0x25da71211425a143330bb92f4a5910b02d5829dd6cd526c65227c4edd9db84fe;0xa9ad75ed381c57703a11af1f494d567c34738a1cda0910246f9072403e7bf718;0xe719e537;0xda091024L;0.500000;1503181230;1503181258
1;8096;8048;0x2c7eb2d35bef64b971dfe12d16e54696d4a405d5b09d47f69d8b5bfeec753a19;0xe1272f2de856ca7199e1672ac98ca289576112c041eef435bdd389658aa4865b;0xa0ff575a;0x41eef435L;0.500000;1503181260;1503181291
1;8096;8048;0xa2a8a759059bb0eb0db9edfa35c3b94bdb27448138918299afbaa9437d92241f;0xf33933f95be808fe922ef57525125d832bff5f6e148e9e7def60576a067ea2fa;0xb85c2681;0x148e9e7dL;0.500000;1503181294;1503181325
1;8096;8048;0xd67872af137faa047b870b12aca30aaaac71f7d251e0bd1cdb4425b851450027;0xfd0c32a82faeecd2f5216c216227d5c89dc26cd9c09c4db2dbc02ccd435f8629;0x64dcdf85;0xc09c4db2L;0.500000;1503181327;1503181359
1;8096;8048;0x92ef6777ec055b6cd7441df0432de8b51de298ee748a426b8c9a798d0d46b89f;0x96cac17aa4911d852ff0b22cf0c026242691d53729e6446f395acfc715deb527;0xc4c742a3;0x29e6446fL;0.500000;1503181361;1503181393
1;8096;8048;0x68f61a5e1cb85d37fad77823cca349f268898596930cc7c3f6d6b41a5417b1bc;0x60a6b810a088fcc15169dad4c752a546890cef3b17a0b63d53477f0659694ca0;0x7e59c25a;0x17a0b63dL;0.500000;1503181395;1503181426
1;8096;8048;0x4a45b2a52cc5fc8f292ff368d103265823164b37092842e7335f4adf8ee9afd8;0x8484817b4bf5d5c722e0929d2e171391f7a960d9ebb432d19b94f8a5b5303112;0x8bbf55f3;0xebb432d1L;0.500000;1503181428;1503181460
1;8096;8048;0x71c259b8d02824b2d148efd9389308a2e7486a7e7d364b6c1c7a6a7d489514b9;0xb01618467102f72f218fbb767286ce13adfb6c3f6f4b15c8d3ddd85dcf7abbe9;0x1648ccd4;0x6f4b15c8L;0.500000;1503181462;1503181493
1;8096;8048;0x31496f60528548fb59086034931d0e28a94d15c0095affeb23a61a96fd11032e;0xb011ffccb2997ba8b1f4f8db0e64e8208983c4d61c68dcfe38cd0be91a046e93;0x95f0c259;0x1c68dcfeL;0.500000;1503181495;1503181526
