1;8096;8048;0x923304000b79c6dc23c2b28a8078b68287e422b99fd8d3050d2e08fe14fe01a6;0xea7821f8bb17e757843ad8e7c4b1869e2f0bf2c28cce9321d84749829de4a42a;0x91be1e64;0x8cce9321L;0.500000;1503246230;1503246263
1;8096;8048;0x1965415f412719114cda2ced98b64e817a96d4fb6d3ce46954f14c8265d55c7e;0x1d717775f440793a81e1ac1fcfff140716c86a80be8f75fd466ce998074dcf80;0xd4f1995c;0xbe8f75fdL;0.500000;1503246265;1503246298
0;8096;8048;0xa94aecb09a819a6a2ec34b80982518782a7d4a3ed517e203179c79865fb79f08;0x6f6cc4bf745e480b4b944a096b7839163d636956011b00853763d54b2a636ff3;0x3377be6e;0x50084885L;0.500000;1503246300;1503246332
1;8096;8048;0x3c2c39412a66e7c53a603aad655a3ba810f91af7deeb12b2ca5dd43fd3d2e70f;0xb738eba5500a6f07b9f29057eb84cecd7e8782658c6af591f531f85d69b3860d;0xd405aa04;0x8c6af591L;0.500000;1503246335;1503246367
1;8096;8048;0x49b7867d819c3f62934014fe89b2709c7d7663e91d42b81cb3d92fb664d411ad;0xf327d5bf3d7ef380e5797fae78ada3787d6b2b70a64c85da4d1514526891c8c6;0xe9e7c7a6;0xa64c85daL;0.500000;1503246369;1503246401
1;8096;8048;0x625782c90b297d6d3966b3ef51992350b632fd66320ceb16b89e6fcc618394c3;0xa31b98167ed202b64b7dccd49c4e9ac4483c55582abbf2a6cf78555eca7a9916;0x708073af;0x2abbf2a6L;0.500000;1503246403;1503246435
1;8096;8048;0x7ad74c734a1b52873bf6c6ec8867b1cac9b281ef9537912ae356189a362ebbb0;0xde63a4149e29eea9be3e3604e081977803e639a6ef0cc6e2a87d602f6c44ab9c;0xb9bf52ff;0xef0cc6e2L;0.500000;1503246437;1503246468
1;8096;8048;0x90036e0a7db21ea85e0103427fc75bfe681f01b17da842d2d70a4a9f441263d5;0x4192c152deb7f25dab9a667a9cf88067a4a1ddf00ccd8b414e14df3f511f9ede;0x0ea844e3;0xccd8b41L;0.500000;1503246470;1503246500
1;8096;8048;0x1798c51e27e8bbcb5140dc7430bde685a553bbea6e18cdfa237070929b4f57b2;0xff1e91ea67600cbc4d87152597e5a213e18f1486c2704a038d717ab37159a1e8;0xcd248a73;0xc2704a03L;0.500000;1503246502;1503246532
1;8096;8048;0xde22a98a5d71f1f719ebdbead106393cff871a6ec9d4e485f8c47edb54f38c32;0xb170e3e62f3ff4e9c3d89142b98e4e25ad54396bfae143d83c39da9e74186260;0x98e8a588;0xfae143d8L;0.500000;1503246534;1503246564
1;8096;8048;0x3834f68c25a1d0330f21ed2a4fc86139c87d12af550028772d1c212b6ef386a6;0x959692f4a5393354e4da7ee46352c93997a7b7502459bfb6deb61de4f5ede5f9;0x002197a5;0x2459bfb6L;0.500000;1503246566;1503246596
0;8096;8048;0x5092d4fe32086d6b3db74f9e30dd96b5519db160d1055f0b17daaa4c7fc2aecf;0x27a41e6a6a29549a3644daffe00b77e4f385cf4a59723c049dc55bb874c61b93;0x15082ad8;0x516e094aL;0.500000;1503246598;1503246628
1;8096;8048;0x66a0f7ac573746477e6e2c3996adc1ac91de5e7cdcac7be32c030d0796c191fd;0x030fc80f9e6c5ca051e388c39ce30ef3c3342bdb6411762819753b2324144825;0x4d5105b0;0x64117628L;0.500000;1503246630;1503246659
1;8096;8048;0x0b2cb75f77cdb2fc95b7e1b401d7afc585494a3ca5cf9b4e7da72d647c119187;0x00bb86bf6293397c942e6a45b3b459c31ae5d8f95257a86c84734179895d9fd3;0xebe41028;0x5257a86cL;0.500000;1503246661;1503246690
1;8096;8048;0xf1a2c9b41026ec546201471ca04ac48c3e38e7b55c4051fc5b940e53f7dcf9e8;0x0c8159a35ec746081857647d71fcbcaedcbf7ba119f92c4b793c8470e3be9588;0x0cf72c60;0x19f92c4bL;0.500000;1503246692;1503246721
1;8096;8048;0x5e0154ebaae5b67c7b1945057fa64b841edc398d999b8dce9374b4dcb81e8c16;0x96e038848513b859dbf4784b902c97c6107ffac7221af09a7c2bfa2b14ff676c;0x3f031b4a;0x221af09aL;0.500000;1503246723;1503246753
1;8096;8048;0x5b0060cc7e690da13c01d3c8a564f224a9ba93aa879625ecbeb267091219ec6d;0x7ea5d79bc38f0dd69d9ff699af0dc0ab7077ffde7cb51a9ca849159e7ad24a58;0x6f89d2c4;0x7cb51a9cL;0.500000;1503246754;1503246784
0;8096;8048;0x2021d5bdcd49b7b1267f9dbce3f647b02066160f769e028abc34333c8fa7c9b0;0x60a5fb8d1532df42c7eae0025095675dcaa26c24c46330108bbc21bcce40998a;0x188eba52;0x94a2201L;0.500000;1503246786;1503246815
1;8096;8048;0x824263a1bbb809f8d24e1c3584945027196eb687ade036cc0a6604ab16293c98;0xe85ab3bb684c18a14f460d9a448a02a1f098bf3b18a0366e2b9b54b61e8f678a;0xc180f9e3;0x18a0366eL;0.500000;1503246817;1503246846
1;8096;8048;0xb85349d8ddc90feaeb8fe1209f8807c11cf98267de04e4d8e34e2aa9bc494d74;0x64377f2d2e8caae2019ad99a5f9116aa1d01c22eb5c8819228c4cf0d1b309ac8;0x10d607a1;0xb5c88192L;0.500000;1503246848;1503246876
