1;8096;8048;0x543ad5fe9b87f7ec56412c4690e15109e0998ab9aa7bff05ff830672521cb7a6;0x43454883d5bc27790f1c0e31955f2be2f50ba7eb361fb4f7444c294959109bab;0xa763f237;0x361fb4f7L;0.500000;1503127558;1503127591
1;8096;8048;0x96a93385029ef074d6e2cc66c2fd18992c1cad60cd1101485ae2a94caf3bd445;0x299c6954e48b46dc5b6e6d285f3a9f63bd3bcad7c8f708cbb61fb918b8697ca8;0x1f110997;0xc8f708cbL;0.500000;1503127593;1503127626
1;8096;8048;0xfb37c980f4ff72d48e0fd8c02658c8cd64f1dad5b64ff55229dfcfd57c811a78;0xc151c7761f82c659b078b1d20b6b65d0759cbfbb596919cbc2febfa432cb5da6;0x1da6c3a0;0x596919cbL;0.500000;1503127628;1503127661
1;8096;8048;0x326fed7df94a0316508c83c600869c51a0010466f1955db2dbfb02f02b159d5e;0x9b9c12c0b217803f642b8c0b20c24632bf833101a512bc71bf51bc4bca5de8d5;0x998c5135;0xa512bc71L;0.500000;1503127663;1503127696
0;8096;8048;0xda8da5214a7ec596c6b3543da6785781a181705d0f372d50d5695c792d325d07;0xbf4bee7e62d02ae4ebda259f336e45736dee82066d5dd9aedb43402a44921783;0x34a50c37;0xffffffffL;0.500000;1503127698;1503127731
1;8096;8048;0xc251c5b195993167de6788ae43b479839b5379077f62f4228a357aa19d061a5f;0x85d9c1e76f7f232cc8a6cd0cff829ac976942c1a6101999863767dab9a92cd9f;0xdf01e5fe;0x61019998L;0.500000;1503127733;1503127766
1;8096;8048;0xef496ef3d0641df69a089ed5647e0a45192e32c42bef3d143f10cc10cacff2b9;0x0a2be52988ca8feb4c672b5539203b985ce4b446eb19f06a759fd2decda9a9bc;0x5d31f997;0xeb19f06aL;0.500000;1503127768;1503127801
1;8096;8048;0x931cbc08a716641ad5599f3afaad6cc83aae0e3c1f946f9fb6c46fa23b7c01ce;0x621f7d7640c6f56f76da4fa59f65fd7ad2844144f47be41bad60797537786e30;0xf153f9dd;0xf47be41bL;0.500000;1503127803;1503127835
1;8096;8048;0x8b42e7b6c52a8cded69f7fe667fea565ce922985d78ac23c9f2c2b32bff19e4a;0x1ad83047ec755408a227c9527dd633b35dc67d992a0cc737c9c61383c9b4d392;0xc9a5b7d4;0x2a0cc737L;0.500000;1503127837;1503127868
1;8096;8048;0xcb2d7aeac61dd6c9040384c5a6ebadd0c2dc2192337e1a5a160722aa85d4db50;0x39e48813d0506458c1faf9035498e86188c3d78707187ec43177885231ef5471;0x34e7b7bd;0x7187ec4L;0.500000;1503127871;1503127900
1;8096;8048;0x8bb769fed52b4a343517509bdd3e9bfc26ae1c5fa832790a77782cda98b2a324;0xa7d723cb136de91e9adc9fe9c12a06beb2b8d64fbc2863ccec4b54f1696f49c0;0x53bc4fee;0xbc2863ccL;0.500000;1503127902;1503127930
1;8096;8048;0x01e9be62a095c6978bd0aa7548a8ea8895028540c266ee67f0722cb8946b5b95;0xbabd63becb222e149e70e92d0c1edd2b1a4149f3a766e617854fb9dc90503e91;0x2cd812cb;0xa766e617L;0.500000;1503127932;1503127962
1;8096;8048;0x462c4e4712ed237f46a1da56533bcd2f59c4c6cf3e664a373416a78a0d15ca53;0xc95cb7a32b7a0e49b3ec62063cb1e6165b666cffad4328ae570dc0fe49fcbd89;0x6b8320a2;0xad4328aeL;0.500000;1503127964;1503127993
1;8096;8048;0x8c7eeca3af56a1bee77d6620bb23a0b0650c88b07726dd2328ca4a307c6e6d08;0x167fbad7f8f6877fd0a8204151103d578f28c92b324da93b3e7cf52145c2b327;0xd9d373e4;0x324da93bL;0.500000;1503127995;1503128026
1;8096;8048;0x8c0b8dff56d5fa8775568727fa8df4ef6aa5a36a0706c17306f7344a6d9d7efa;0x6db4b3b0b24ea4ad486843c6a055230862c63385e98a60ea3ceee7014d7776a6;0x12eb0d77;0xe98a60eaL;0.500000;1503128028;1503128059
1;8096;8048;0xe37fefd21916251213b00081c3c81a6d9ae023b590ad5e05dd7a0942b9e2fb9d;0x7a037731f09595394416e0c853d96c951deb2352bd2d6e3d47cc2cdfbf05e589;0x3862fca5;0xbd2d6e3dL;0.500000;1503128061;1503128092
1;8096;8048;0x7b82a4680e462054f89841f162cd21e96f98b103465c1fff70a2da22ad901a28;0x7557f5c6eb86fae5d2ffa73b9b0c11280743414e91ff5e68cde6328dd17aea10;0x8e69cedf;0x91ff5e68L;0.500000;1503128094;1503128125
1;8096;8048;0x6e086cc1c4171174f951f171a3446b16168e5c8a029327784386c589cf2f8f3d;0x405d405bccb45f4cd397ace60f4ef6dbb78ade0e138321d0f8630251601d1626;0x3cf22387;0x138321d0L;0.500000;1503128128;1503128159
1;8096;8048;0xd57458d521cdf63298ab01a36f43a35f2de9924d321106d9a41c4e9dc102d396;0x11a0efb52e268cee57c94b1865834173325cbf86482206b40eacc5e259ca6e4d;0x6f45df39;0x482206b4L;0.500000;1503128161;1503128193
1;8096;8048;0x81c63af2e48c4191b97a343463eaf772d79e5c3a08bc3517fedd063cc5edb446;0x5a0076bdd243e53ac268e2a21a11a150c0869cafd416f64fa795d1642a81ad29;0xbdd80f51;0xd416f64fL;0.500000;1503128195;1503128227
