1;8096;8048;0xacb8861f511f904c11abe448b01ccd6f236c6a12b7e9036c85ba1a8514581dc0;0xb42faa0327e37716d244fa7433c27c525a3369579d38f15b6c7548a0350da1cf;0x224353bf;0x9d38f15bL;0.500000;1503230820;1503230848
1;8096;8048;0x93ca11fe08e17ac2abd62a47f38c6a915b5cc9fc413fe508079dd2ccbd15b250;0x7e8a5e109de1c6b040cb74916d2df028d8934b051a1a49f7db4b76bfb258ea01;0x4eba7501;0x1a1a49f7L;0.500000;1503230850;1503230879
1;8096;8048;0xb283fd02170b5e93699b666df85b1fb14680f4b83066a1b826f6ad3e62eec614;0x30a190998766a9d3ae24ac9184dc42193cd3ca6b694afb673713f029f4afa30b;0xeaeeadd4;0x694afb67L;0.500000;1503230881;1503230909
1;8096;8048;0xa6e3259443d521b2002c07628233ba52dc37eced60cab00fe72fb81bdce54682;0xb0acaa521740088243c37e0b66e2977cc10449ae54ae5b837f6aafa30547dffc;0xd339e5e6;0x54ae5b83L;0.500000;1503230911;1503230940
1;8096;8048;0x7f0e949b1a2a271d5a4c4eab8ec58a18d3d197257486f9d595cc35d181dda000;0xaacdfa0189743cb061ac632f41737c36b8eaf34d229d917afbd4905c2136f4be;0xf18ac5fd;0x229d917aL;0.500000;1503230942;1503230970
1;8096;8048;0xf3597c2b79685c7c74125c56a239e8aaead47fb083751764bcd2797295e5f688;0xf6f96c52f35d199ba081b1581f7860cac0cdbc3361c26edab17a65eef6463c02;0xda68101f;0x61c26edaL;0.500000;1503230972;1503231001
1;8096;8048;0xe7dc8303d2ba08c1f40c811985c6cc8aada535e8e5eaaf918ccdd41d59e2b740;0x349cabc3b924e05839df797663c2349e96050e13be9094f8b27e70fbfd1890bc;0x84cb129e;0xbe9094f8L;0.500000;1503231003;1503231033
1;8096;8048;0xdda3530f095d0a604821649cf141bfca33831aae94aa280d24d1ca3ad125abae;0x8ff87230c82b9e68dcc4dd01163fe8f097e8957afd837ab4ea6d49bda6374b4c;0x978eb5a5;0xfd837ab4L;0.500000;1503231035;1503231064
1;8096;8048;0x37d7275653ebed1a44841259b02683b46cc932b43b1bf48c3662b246b4ecb1eb;0x741880445a7cbca743af7aaf1c7b029391d3e3cebb37cedfa7b32134570e43aa;0xfb30c8fb;0xbb37cedfL;0.500000;1503231066;1503231094
1;8096;8048;0x658642c6a32d2419fabc907d55c37b556a8426fed3ed11e0622ba6a2484b49ae;0x65b2164f3140c49219d5d2055d5f10ee832332ba3293d185dea5c678b9c417b3;0x879bd1f8;0x3293d185L;0.500000;1503231096;1503231125
1;8096;8048;0x01f4414f36dc3b12a4359dd0710a3c03d656b55b1ab10f5d74284c3bd1f346d2;0xfa58326bc610398973067bcbc02207a270f68c6f7a3f293bd82d010fcd45087b;0x537a3496;0x7a3f293bL;0.500000;1503231127;1503231155
1;8096;8048;0x75d39738afd404a74f1cb64fb022c3c00876bac44769bab531467d0334867da9;0x2cbbc458d61b5203ea55de0bfe2d42c7cc78337521a103db1b3a9551bc2bdfa5;0x976a6bbb;0x21a103dbL;0.500000;1503231157;1503231185
1;8096;8048;0xe598264f1e80eeed485bc54f709c7cf18e10946718d92f1bc323719dc1f82ca6;0x3dd36af2ef1b76b0df8aa8b7796e8a374c573e2ffa78101ea2bbb427740459f8;0xf4cedb57;0xfa78101eL;0.500000;1503231187;1503231216
1;8096;8048;0x1792c2b36d1dd1152aa6f316fe028fca943e2d183119172628e81a7cde6f17f5;0x9d00a5a59dac31fbb25454e21a1adbcaf56ee3974ed06765c895d400ca168102;0xf3cd0547;0x4ed06765L;0.500000;1503231218;1503231246
1;8096;8048;0x5e561c03b16a0b346de8fd6f1aa142c3c9fae79e6795f2e7c41f6ecf6a65e4c8;0x52ec8c5be30f3c056899b185e5bbea8fc74d58d1416a0368016979e94e814871;0xcdfd4d9c;0x416a0368L;0.500000;1503231248;1503231276
1;8096;8048;0x42b4eb220044e86ff2b2fe44ae72807d55e13ed8fefba8ae0b7f839693abc7d6;0xc31e50b106baf2bb9dedff372b51ad3377facdc3270dae2f37d2756126d29e5a;0xd93d7fea;0x270dae2fL;0.500000;1503231278;1503231306
1;8096;8048;0xa21f8eda3b478036e5d98473da7cba2a6cdab65143f6b8530ab2fa015be72afe;0xfda5767f5ad2a9d943a0ed244f7e49a09eaed25135d877418d78d5152c038609;0xdf865342;0x35d87741L;0.500000;1503231308;1503231336
1;8096;8048;0xa3e35e333ff836ec9df303ed775dc77db87fc5360fafd4c01b861757e27f4b85;0x036ebae9f2f924ea1ef4fa8cf3137725aaeaae3882b916575f05e7f384ef96a6;0xf010f9c9;0x82b91657L;0.500000;1503231338;1503231366
1;8096;8048;0xa6b4fbd77c19dda04a65f79474ee960de2ef14c94cdc018936e6ed2e492010ef;0x458b026ee451cfd9414d92e1abf2cbb34f3945f01b51b3a12c88240759e21c89;0xab9567e0;0x1b51b3a1L;0.500000;1503231368;1503231396
1;8096;8048;0xede6fcdc6d8a94b734b19dd14dcfc685d3957030a70cecd295e810b6e817aad6;0x98fe3e594b4bde0852188ddeab78cfb1275e0a8c9a01bcf816040019be5bedc1;0xe102fbea;0x9a01bcf8L;0.500000;1503231398;1503231428
