1;8096;8048;0xece8bf6f54e1df7e9ed4ec051c25fc5f6a31af0b3439265f13d66c18fab9c7e6;0x9394157bfa740c2e33bb4953354439412f2275ade697fac63662dc6d70fab603;0x79eb996e;0xe697fac6L;0.500000;1503159512;1503159540
1;8096;8048;0x4c731e8859639671871a7c78722c7f7c5edc612ec423658577ca81f33aa68486;0xe72e44c97beda92227b5be18a569943cab0f2d1acba4e2d8c79c5d6ef8d8ed02;0x59675d1a;0xcba4e2d8L;0.500000;1503159542;1503159571
1;8096;8048;0x90a262fae240cacbafd834ccceeb077de50da1468256c0e9350d4c174ac0ccda;0xfe3033a375cd04e29babea3abb56d5956476bfbe415f8a3f8ae0add9e23244fa;0x24958a2c;0x415f8a3fL;0.500000;1503159573;1503159601
1;8096;8048;0x47e691ce7e46f2555c8b10a819e1a9061da2e8fb1eada7abc6d7d7e04f985c96;0xa7cc7d40c96eb257fc297e09c162ea5b6744052ba2fb65ba3552bdc335395391;0x5509ae3a;0xa2fb65baL;0.500000;1503159603;1503159632
1;8096;8048;0xdfb40d2afa6a41e4c38c73276171ef94752b189a8c3e1837c34019f5971fb076;0xfed7b8a686182eda706c8f4e4e84b799c3f51f45c4ade8d9aee1c8010e3b79ac;0x42a379c4;0xc4ade8d9L;0.500000;1503159634;1503159662
1;8096;8048;0xabb1995f46bdd8197b52c8bd924f3222a614968d41590ba0600cf5f08faef13a;0xcca7395e758efec3ab471dc46e4df63f955bf8d12d1b89a57f7ee05d30192199;0xd37e8614;0x2d1b89a5L;0.500000;1503159664;1503159692
1;8096;8048;0x4a5013102147a09ef1bddab67f8ffdefcf1479db55856fb865992764803109ca;0x797a5bdf07a47e485813cee854182bf0ff67c979976946f4793ea5175e1b377f;0xb3459ab0;0x976946f4L;0.500000;1503159694;1503159726
1;8096;8048;0x9b3f8d5096d8351bc78f9d9cb19f4427958661d27e43158f4c7f77c99ae30335;0x16c6232ded2be8f07fc5077c2f61b36b365eae4de62f8cf33ee3908b36c7fc87;0x7a2a60d9;0xe62f8cf3L;0.500000;1503159728;1503159760
1;8096;8048;0xa85d06263f26aba6bacccf9aa80c8d684969e61f1519ca85896e232ef155529a;0x149cef5421a4f1cfd812ebcda49209e351f17c72744a793ccf2a34bb9aee2fe2;0x7b769b29;0x744a793cL;0.500000;1503159763;1503159794
1;8096;8048;0xf709e6c424664453e963b2c2b49ed487bdcc8ca5c3f0a4a5882ce540cc4fc7c3;0x96ddb094e465b2c37035206417c905e98dabbc48d291854d9b6bbc2974f7342e;0xc93c27ef;0xd291854dL;0.500000;1503159796;1503159828
1;8096;8048;0x1a6fa221e6a9005180fed139ef8d3bc7f0b156080bca578f5ed8b0d10719e422;0x4176e8863d20c7e602a64160917c5f8c3f32fbaed759c6b263c79c2432c82834;0x216f191c;0xd759c6b2L;0.500000;1503159830;1503159861
1;8096;8048;0x156117c60ee5a8802219dcb5cfdbb16bec6b5fcc2005fee7906804f56d4c2b82;0x601c52301dd7ef3f7acbfc15bc74fa9ccb5d559a8ab0fd30ed6b58e54d132856;0xb4ae88fc;0x8ab0fd30L;0.500000;1503159863;1503159895
1;8096;8048;0xa3b3b4d31aab2eee350b28806b377826e9b1ce4a7a98ea81521e338f6a59150d;0x7e9ee67940373077200d96ac35d43a1bbc400f0e051ba46e73b8950fdb04c8f1;0x60689bfb;0x51ba46eL;0.500000;1503159897;1503159927
1;8096;8048;0x5d48e92a7709671c60bd768471ddd08bbe0bb71a0f707bc54851254d5e9fefbb;0xdde984521de039c1975ce8f693892c9bfb6725901512105af04b7353d695e294;0x6c8a9c8e;0x1512105aL;0.500000;1503159929;1503159960
1;8096;8048;0x3176e927d0dbb5d41c32e9ece156bfe881300639498260dea31880e7150b3446;0x4a9f20d5dfbb3a012ecfa078e27c6524ad03ef31537bb2b43edb612f9c64a832;0x9440b11f;0x537bb2b4L;0.500000;1503159962;1503159993
1;8096;8048;0xd2d7c1f82473863be7722c58e9af595a5c130550f778b3f4c1b481750994fadb;0xb81960d9a9fd784138496d347bd6b29e1504208c176f09336179717bea213ca2;0x45efb3b9;0x176f0933L;0.500000;1503159995;1503160025
1;8096;8048;0xfc2f90982456c164a16541d56a82833dc895ab8fdc9e101be67703382d0a5c29;0x8b50065829c1f9d4f8cadac936dcc855e8d96c83ca45c9bc23e4a4d534c3acf0;0x361be4c7;0xca45c9bcL;0.500000;1503160027;1503160057
1;8096;8048;0x80a926277016b5acccc2b1e99a11bbe8e95857080441287af64bb9809e34301e;0x711e6fba2587c0846f13c8edb641c2746b5b13bc8fb58fbf92fa79e38addeae5;0x94c35f95;0x8fb58fbfL;0.500000;1503160060;1503160090
1;8096;8048;0x247153ff8456ba57638b9b081f700f5b8aca67733a40501c10123b4885fab3a9;0x57b00483d84c7cbc10ed62a73922492554f9c3c61e0a0b7ec57f5bf663cea451;0x58df8a7c;0x1e0a0b7eL;0.500000;1503160092;1503160126
1;8096;8048;0x425d254fbb917fa3843954c24d4dc5287c45d4291d5d461c58f1b45cecb7962e;0xbb200245110f13a5db9bfb3bec7f6d2ac4aa709de06cc569b5f61d9eb2fc3262;0x18952173;0xe06cc569L;0.500000;1503160128;1503160162
