1;8096;8048;0xe67e1de69106687773defd90fde09c7ddb9c8c34864ebc433caf1e394fa76535;0xed67e8afb1940acc5a6b35c36bae07d69a9d7de2fa29f289ccf81f12fe8afb15;0x98067452;0xfa29f289L;0.500000;1503148811;1503148839
1;8096;8048;0x2cdfe028951307bc8bb5d08107ffee25684cf8cc589923795da16665c464bdf0;0xd40d26c0f8029e6d0771dead14e9d5996e592bacd1fffb524ee87b0502b66661;0x6edb8ab6;0xd1fffb52L;0.500000;1503148841;1503148869
0;8096;8048;0xe84e4282f8b8959427fa9831cc323702949a30ada624fedcff04867d31105519;0x1593f8a60da8238bf790d6c5c5a12f23c9f51755815fa6091f0d6a540d16b7ff;0x2e1395b3;0xffffffffL;0.500000;1503148871;1503148899
1;8096;8048;0x10bb4ef5f1696ff9c84dc543f3c17596bea39d04d98b99129761141475fb8c85;0xf94dd68710d83ba05b5e183c5dc2b7f4d4fad78d87522c0925a84d1e9443e4b2;0x37a2d353;0x87522c09L;0.500000;1503148901;1503148929
1;8096;8048;0x18bda0bba758abb785a04fabcbe11bdf8fabdf04e49f7cfcd649e2145c98df74;0x39ab97835d084f78796ade3ab7d57c3334981f100184f77d9c93b67b1337bad0;0xcd211d48;0x184f77dL;0.500000;1503148932;1503148962
1;8096;8048;0xcaf62c6c638eb6037c38227a279112b2d1aafac8c4eb46cc3156f348921b2f5d;0xa2a747f406338323e9ffb9ddc3a09b571af00b3a1aeaf267a1a3f6d91cbe88ba;0x1259b255;0x1aeaf267L;0.500000;1503148964;1503148996
1;8096;8048;0xb65e643fc92a10890c62773121d33b5b6a9936244cf08b96a4dd4db2159a4fcb;0x1480bc715acad6931f83550d19ecc5536f790d37d5312d1d1a3cb76118e885da;0x787f0569;0xd5312d1dL;0.500000;1503148998;1503149030
1;8096;8048;0x914db17c317841521a4890d5bbe86119261af8a27d0217b48eb597c4e7175f79;0x6d1dc9699eed871362aa4cd4ff9fa05b11d6ed35fb4f09b1a2037e8c282efe1b;0xb794454d;0xfb4f09b1L;0.500000;1503149031;1503149063
1;8096;8048;0x390171584205d2646b7d1eb413484e561c5ba56efaf5374457a0b43901e3513b;0xa4f6684ac49d8476d5fe470988dbf8a598f8bbbf1367c2fc3709bac294a80bf1;0x0460e0ba;0x1367c2fcL;0.500000;1503149065;1503149096
1;8096;8048;0xabbf997dfa1ced5192d8472726fa8f3b548b1cec817a7cd58a2e8512471b64f3;0xf685466a5262deb0de966b56930cd6f24b57ccc83dfe274aa8ec15fd208c3294;0x20d6c998;0x3dfe274aL;0.500000;1503149098;1503149129
0;8096;8048;0x2d9c6b4ed5fdb6e0a91bcbabb1b25706c15b0e7df244027931cfd59dc949b7f6;0xc153b9bd4fd5e8866d71f796517a9844bfba95e73a438780192d395015767df4;0x914c49f6;0x11541f49L;0.500000;1503149132;1503149163
1;8096;8048;0x38da2ce421436b6cafcb7b91a4427800a852438ab8e3d2dc66642a52816975b9;0xa6768071be1816af13658298bf5a99c606397ca1dbf9d7ad16f1c7350c51d58b;0x6e5c4f36;0xdbf9d7adL;0.500000;1503149165;1503149195
1;8096;8048;0xcc33e5a30af81da7893c054d7dc256e7f1a893304680ca3bfc5eb2eb66467d32;0xb9b175bba299c8f4e20b1108b2561e5329759f88ba2f93cd85b53ee26f673827;0xca065882;0xba2f93cdL;0.500000;1503149198;1503149228
1;8096;8048;0xeafb18058d844ff1a68ec7dd2221becfaf6fc66444085403d0faf60f08b2b2f2;0x8d4f46fdd4432a73617c35cb20e7c1b47fcbe740eb7a743ac8b6a902cad1d9fd;0x04ddec75;0xeb7a743aL;0.500000;1503149230;1503149261
1;8096;8048;0x13ab56fb0a9e46cd2e67b4fa21f10ebda6723a0387611e81cdbc0114e42056f8;0xeef94b36edb7c9f9e0d796446d0d374fc1114882f2d4e8fe36fffafc0497ec0c;0xd2193d0d;0xf2d4e8feL;0.500000;1503149263;1503149292
1;8096;8048;0x559303e1c7fb8ab213b654ee8a5441ae076d64d73befc35f4a20f39ab1f64a06;0xc09dce57f96c93fdf8f1566e66a0e82e3a1aae46e87477a416bf5730afb4aafa;0xfc6c5cb7;0xe87477a4L;0.500000;1503149294;1503149327
1;8096;8048;0x5f523337bd3e6b460f8dd801242ecfbf3ae0a5a96c23151d45b7f2a0ff907a5e;0x84d290abc011a229d8df90ac8a6ae5f0ad4c07cfc2794ca54923a659ef9e0800;0x53d75a76;0xc2794ca5L;0.500000;1503149329;1503149364
1;8096;8048;0x8d4dc7f2fcd16ed47948bc38423d1857f8a75dd3bb24c6005069d82312bd669f;0xf24a87c46dad68821be200519215c7c3881eb5354067a9c6fd8539f4eb23ce65;0x23018b87;0x4067a9c6L;0.500000;1503149366;1503149400
1;8096;8048;0xd48d7061d83252e8a6d52cc0a69c21ae714c607b2b96ce554c0520ff50d86625;0x856341f0ad1a5f4827525ef8294ddf33511f71553d7932d525c3d65682bdd9ee;0xeb78b460;0x3d7932d5L;0.500000;1503149402;1503149434
1;8096;8048;0xef0b7f775988abe9556981e231563eee1266dae3a57c0d9cbe8a55d8b65a91a5;0x48dea97ef2f6fe06b1a1df75e31257c9e43a72e384cb5f817d354e33870312f1;0x3571c091;0x84cb5f81L;0.500000;1503149436;1503149470
