1;8096;8048;0x635b9be8a4fba67b5f84f20206304820c09ffba4061a519ff3bee7b2d1e62234;0xe21957df286c0a7dd0bb25a953abdda721c1ef5805674c88b5cc4315bba0ce69;0xfeecdd9e;0x5674c88L;0.500000;1503190388;1503190420
1;8096;8048;0xec0d35b981f06a4301c14f30344d48c71f553013c8fb453a3ff089ad7e60e36a;0xe27dcf477295815b4c05e835f8a98625ce02b4423b454193c956cf376f2ade5e;0x3f45450d;0x3b454193L;0.500000;1503190422;1503190453
1;8096;8048;0x4a23915cd533d8545e37f0d6b1a54248a0ada1983fa37fdd94bdfa06fe8eb448;0x7d3d7940f7ed7c0d567d7a18e4ac791fa549c70c8f04d3c5f8894513d1276df1;0x69146916;0x8f04d3c5L;0.500000;1503190455;1503190485
0;8096;8048;0xb5c792b3004e96d7d13b880937ea3b59c7cd9696dd4c4924cd9a3434fe7aabb3;0x4b0e57b22a5ac8f0a9deacab7d5618aa2a5707cee75ff6c098acf901645f7ae0;0x44d99b23;0x4428094aL;0.500000;1503190487;1503190518
1;8096;8048;0x260ed652e45f184a47ee99bc5f7c0bab4ed269115f0547ab7035a61d0f55fd36;0x10dd47c5d4bfcb80db36ed27f3b7642038f8de9e5df56ea3ff163a75931b8f14;0x8ce7e10c;0x5df56ea3L;0.500000;1503190520;1503190551
1;8096;8048;0xa254c62d1303056087b689932e5508b0ed4463a9846c5a2dafa431587736811a;0x4bdc4b0f64a53e46e25c52bad9e7c776bfe3a5237d322923cc46796f45108483;0xe01c10c9;0x7d322923L;0.500000;1503190553;1503190584
1;8096;8048;0x7fdc618fc99efd4dd7177df3df33d9f506d35f01b471f63418911f4dfd174a7c;0xe091e11c2aa9ab8f6ccf7569a3396dafd006ddb18ce84146c4517eb72baea86f;0x649efe52;0x8ce84146L;0.500000;1503190586;1503190620
1;8096;8048;0xa7ec2afc061bd0b1bd19a88277aedc333909b765d5317da0414f529d3a4482e1;0xe52b57363ac8440ae24c9cf3db309ae65bfccef784e692aadb490b6c9d1c0780;0x5e6fb1d1;0x84e692aaL;0.500000;1503190622;1503190656
1;8096;8048;0x60417c857e8c6fb7431cb6a4063aa266c9561002e0d8dc92ebb399ad0c40b56c;0x57fc0d87418ef5f356d56408122d89e71c1ed25d8ab09e52877655fb3b02ac92;0x39b84a39;0x8ab09e52L;0.500000;1503190658;1503190692
1;8096;8048;0x6fe2b1e976ee9635c920507f8c4e804b11c9675960baf624a4b2cf6d9c41e70b;0x07e4f20a6cb6f1750f701064f937ca96d9a1b5df48865f1f0d1db8ccbbbe55ef;0x5f2bffb3;0x48865f1fL;0.500000;1503190694;1503190726
1;8096;8048;0x422adc14cc8d4d29d3651c185499a001839fd22ac58d3e68c3f7e3c02a7b4e6c;0xee73e4310b39125926167ef3fbe089c3ac29d6ce61822160be9fd5eb1810603d;0x84bed66d;0x61822160L;0.500000;1503190728;1503190761
1;8096;8048;0x2b195d6c86a6a3a36b5f2d6a78913e44f36058d57adb3b0213ae01f8285e0653;0xf5ab937a043307f4d4002e651a1cb947c9b189f0d0ae4aedcce71d26a39aeca5;0xd1064195;0xd0ae4aedL;0.500000;1503190763;1503190795
1;8096;8048;0xb72c7c755f32ca4661b7aa366f3a190dcc3b273070b209448229115c62b7b41a;0x513518b1c76861cb1f5221d12f0178c44478610d8716bf9be23fcbd2ec959c79;0xfdc16016;0x8716bf9bL;0.500000;1503190797;1503190829
0;8096;8048;0xd628deec235abb96fcc57b22bc3221c78afca7d1ee2630f86bc32db7f6a9ffcc;0x85e390583181492e57475e3e47d1321f5b5e4683935d99a18c202cae79a1e7f6;0xc5cd93ba;0xffffffffL;0.500000;1503190831;1503190863
1;8096;8048;0x4d21a7e2724a79ca92203722171bd2eeb8cc32ac10f4621914b67f96af6014fc;0xe428d32e6e3b6f11623613b6a12b57334dfaaed8709292dca16fb0f182ca01d2;0xed54fe2b;0x709292dcL;0.500000;1503190865;1503190897
1;8096;8048;0x6d9d011ebf1863765dadfe79b6f63739fe3c9a55adf1352558251276a0eeaf0d;0xd0fd08d53ca4aa5481ee6fb847404742446356a46f9452f5c52dbd52bd484102;0x3911bfa2;0x6f9452f5L;0.500000;1503190899;1503190929
0;8096;8048;0xad5e797451d566504374c9f2f11564e3fc336edcc5b5d5f956aaee0f7700db24;0x9dd881d5dcff425debfe2dd49a6117eb69c674720050ecaea1f5d446a83ff359;0x100c1f42;0x5050ecaeL;0.500000;1503190932;1503190962
1;8096;8048;0x93178c3c00d1f76383344a7f11d070e0884f9d87d5a6354a973fe12450613be4;0x95f1afd8da149f02505fe07ef418a2bf5d0a01802964329491e74bd37aebed9c;0xfbdab16f;0x29643294L;0.500000;1503190964;1503190994
1;8096;8048;0x6e05bc8de8f9dc73f4d12a9942c0126f36b7dcccf2ec2f830254c027cc76493a;0xeaac92dd1fa555d5163c2c72fafc4f7d22fb9f66f8230cf4587d25da43472a59;0x0778890c;0xf8230cf4L;0.500000;1503190996;1503191027
1;8096;8048;0x33eb82de94dab42d3f6f1ea3a5d9a86fefc1fa9787248e71b6aa89b1ae258de1;0x9bc51a3314a65d1f5956f921dfc9c61c87381e13428e80fad4df5ec75f40659e;0x04fce4c4;0x428e80faL;0.500000;1503191029;1503191058
