1;8096;8048;0x347415bb64b1e8b07c0380faf6ab3a6543d6ca9b1722e70f1fc9f8fe2f5dd163;0x940427712e31fa5dc4318d33c3d8dd1a0e40a32eee86254e4f8cd4217aa01cb3;0x0a601ef9;0xee86254eL;0.500000;1503146447;1503146476
1;8096;8048;0xc20c7efd63874e460130a6489afe348c59a77f6bacaad2796769a2a5c1806883;0xaef796499f4826bba831bb172772ba2ef174de2ebc2cb1e149d4fe0a0b7e0d6d;0xcb21d7c0;0xbc2cb1e1L;0.500000;1503146477;1503146506
1;8096;8048;0xebd996b32ae737d5398d6aaeda06bcd3d5d1fe686dd36e6e12a91ad18ea86f79;0x018618722b0f7ff4a764d34f2b30c1ae8788982d125f1fb157ea0c7c0c5392ca;0x192aa483;0x125f1fb1L;0.500000;1503146508;1503146536
1;8096;8048;0x12d44bff3f50664608f8dbcbafc8fb4633734e754714c3950047e41d4da2505f;0x62dbd5ab4b6aeef76e5c1474c17a3bb6ae92b873e0ebb4f3f4546c14b9490f10;0x762dd480;0xe0ebb4f3L;0.500000;1503146538;1503146567
1;8096;8048;0xde7fdbe16db870a9d67e15ec05f1109c8cf03730c7be6229b202a97e2cf6830b;0x3a6d8753d380fc2adf00cb18ac1f7a847a2fd9cfa663d42a8c528a66c4ab00f7;0xc1941fda;0xa663d42aL;0.500000;1503146569;1503146597
1;8096;8048;0xe47d586bc81b33002bb0890a5eeb001993050839e0f13038331ecd9c393a581d;0x6796273487615002aa51ba402ff59ce1b30d95fd2182bec9ad9e14d0c3c772e5;0x0394e082;0x2182bec9L;0.500000;1503146599;1503146627
0;8096;8048;0x1b0aad85b28efa1c89380167eea82b5649ac30a3395141e66057b2cf39009154;0x7814c7f720226b6a17e03f567998c8cc5b0863c0586088202659f1f8a22b5cbc;0x5e5dbd3a;0xa96914a5L;0.500000;1503146630;1503146659
1;8096;8048;0x16c1b07241e1ce2c3a3977b822ec9a70325d23541fcdbf040c45fe600c180d22;0x2a5bed0e384b7f9e4e7b954623385311ad57929f942adc156fd788416f652256;0xfefba5b1;0x942adc15L;0.500000;1503146661;1503146689
1;8096;8048;0xfa873268243ab469b1f5779529854d0a69baf5eb4ef5d7220514dc64db8e51d5;0xf99a1cf1f0511894d7b05e12e3f5aa96878661a7e1bcc99fe4e4cc1740d4c8ee;0xcf2200a6;0xe1bcc99fL;0.500000;1503146691;1503146720
1;8096;8048;0x934bf1ba37d0ca6b16d1a13c43271e9c5df693e2f2289d915899a3ca78d43c0c;0xd23f574899c59e89c5a8709695b4e91e871694587048a2a02c57cb5ed8663345;0xa578c2a3;0x7048a2a0L;0.500000;1503146721;1503146750
1;8096;8048;0xd0e0a110777108b24c159c99774c73078786ea2b26415f03b22eb6be67045338;0xd54bbdea81e67bf474b5cf51d9d04debdd7e46c6fa4c977c2b870e6003509cf9;0xbd3510b2;0xfa4c977cL;0.500000;1503146752;1503146780
1;8096;8048;0x77dd6d87c23b553d68c27462b4f1ae630980a42983505d2aa03f7bc12197be99;0x6aff646cc30b74091d82dd1638356f531f5223b77966e70bafab3e9f50d7ba1b;0x50dca203;0x7966e70bL;0.500000;1503146782;1503146811
1;8096;8048;0xeb5ac2c970ae93f91d3220eec6bfde56ae466f78fb7fcb93b5771473d81318c4;0xfcd519e4a0e418343dc1f033304d385eddfc554df9ef653eca3c6dc348759977;0xc7d31ece;0xf9ef653eL;0.500000;1503146813;1503146841
1;8096;8048;0xb10604c4ea899903f7836fe49eb822ea92726c1c4ad7cf042e3576a91b92ffcc;0xbce8b50285acec636ec0ac9dbf775bf336011741e5aeaf2e787ab5b6ff2528f4;0x9a9f6526;0xe5aeaf2eL;0.500000;1503146843;1503146871
1;8096;8048;0x429b3498734df0d13dceabe4c2528510508ac30f93aabee7dd9119b84baec38d;0x91bb4dbdfe980a270ad69488c8a501cef89067ca5abeb13f26350dc801fae757;0x3dc8f6e8;0x5abeb13fL;0.500000;1503146873;1503146901
1;8096;8048;0xf6fe77fe9fced5d6aeca9f4e9adc87751236db499428dfee52d8954472133468;0x87eb53c3d74bde03082911f746d07f21e68fcceef4ca3e56c6af2fe57ce0de6b;0x05b5d703;0xf4ca3e56L;0.500000;1503146903;1503146931
0;8096;8048;0x92c69052e6fe88816834ad0d2a4de0f52e0c4936f7eeafd0971621b36576c8f7;0x755289b80927d8d4df0966c798b9d7e30b2bf785d68400d7780ea694b070579c;0xd6748fee;0x10408d7L;0.500000;1503146933;1503146962
1;8096;8048;0x11d642f94fa9324cca416cbe99ac7474abdd0f298a64a83ae18d5aaf2ec9e840;0x2fee43afa674c754d087ada6181eccbd3b5673f09644602c2f19b8d64dff015b;0xbcaae435;0x9644602cL;0.500000;1503146964;1503146992
1;8096;8048;0x4d8a3417d70fee761be5165d6a97f192456c6348bc8d6ed3b0c7ec192354f270;0x186132ccdf8fe64e4a7ba8dc3a80cfafc3af8211c6781625ec03dd2d9203d682;0x95ae2860;0xc6781625L;0.500000;1503146994;1503147022
1;8096;8048;0xaeee9af4b5aabd922b2558a09d0f251adedc1c73c0f432da6b69001b8cffae3b;0x9bacbbdf2c982cd31ca8c8ea3835f3aedee4e93c4847fa7d4c76c77cc89fd45a;0xfa15c3c4;0x4847fa7dL;0.500000;1503147024;1503147053
