1;8096;8048;0xee90809ec26eaf9f2cec52316287b122df3d7e4c7919af393639f21b4f93793e;0x36bd30e87d984611f9d1621e92558a4f1a530453956340d2ffd815a48dae112d;0xb58b82b7;0x956340d2L;0.500000;1503131330;1503131362
1;8096;8048;0x0d10058e4a254b1a2fff639761792c5817c3b17fc3db109986f625ce94018ca1;0xbd5ad136b3422df7e97febb6c6152b75619becab0f86759c8c80ea88e1918519;0xa6ba24b8;0xf86759cL;0.500000;1503131364;1503131396
1;8096;8048;0x47977d839e1f4b6bb4717151d5ba68f7c1842baad5d5596fbf3e0ba69c4ee7e3;0xd816d8f8041934b78ce36252c258d6b6ed2bbe528d076ef84db7dfba745dd3b6;0x58b5963e;0x8d076ef8L;0.500000;1503131398;1503131430
1;8096;8048;0x66d3ecf500e5f0a161d88348f160ba90654cfc4b1a711fcf7c953c8d129efc79;0xc3a91afce1c57a374d4bd1b3b82561bf6fed5817e4b85f5406466d5dba0ad438;0x0b3dc4a8;0xe4b85f54L;0.500000;1503131433;1503131465
1;8096;8048;0x8d506f48e9d5852f7395209cea7a718f9e6b6920622d711fbd69192d781a6b06;0xf37dc4dfb1f1709b48b33bc33e18419a8eacf803b21b53242e72dbb08b90df58;0xc8acca58;0xb21b5324L;0.500000;1503131467;1503131499
0;8096;8048;0x5e2375342a004114a0470f3623b8879791c1d8b76e0516b34fe3d8dedbaed539;0xa0578fff1b2f6cc9bb219aa27e65ee5db4c15adeebf66f5d9cceb3f90fe66379;0x3ce870a8;0xffffffffL;0.500000;1503131501;1503131533
1;8096;8048;0x67253bc18d8128bf3dab612c9039e2d660c3c50de1ad59d8300d7eecc96faa30;0xcee0773063c7d0fd0f314c63e981e2115cfcc2aa776d914405a518d1f65fd042;0x10b0d1e7;0x776d9144L;0.500000;1503131535;1503131567
1;8096;8048;0x09ae60a3338dc74a3ab9a2d01daca5853a9970b946c754f2483afd3247106451;0xdfca9c26708812e144d90b493a80da8149dcece6dbfe7fdc2263b18b8bd52db0;0x25f7161f;0xdbfe7fdcL;0.500000;1503131569;1503131602
1;8096;8048;0xee694954e6fedb04311281aa492c3f7b05e47719bd917abc358eec3e7290da60;0xb9fc86e20343baaad62956701a67f375154be5fc57b8abc1183d29817a2c8f0d;0xc418e147;0x57b8abc1L;0.500000;1503131604;1503131636
1;8096;8048;0xf03cf4a5df0d2a51e2da59b91016c4f62b8657a98ec814e791d98dd1bd06f1ad;0x2cdc6983d2d628444fdf1f541f4c657316958599c17a516f9b154e935c0b3c0c;0xc55ffedc;0xc17a516fL;0.500000;1503131638;1503131670
1;8096;8048;0x2a4bf89d7a558791529aef1d3be06fd84410f72bbc5afa98dec4eb1b893720b3;0xb6e515738c74c0402a61fbad0ee9ddd14f0f501027ccf14ce16ed3dd2d3ff7e6;0xdbd4cfd8;0x27ccf14cL;0.500000;1503131672;1503131704
1;8096;8048;0xf7e20b8b2140bd464ca3d839a39434b58d20eea19d0cfd9f58af0e2805a36ffc;0xd2df4987fd1fb23ec2d8ede62833d9376d45c52d240e970f8f8569356c32c02f;0x083bc5fe;0x240e970fL;0.500000;1503131706;1503131738
1;8096;8048;0x07f75c3f1fe0b82e6cabed5639346c538118bb0b5299ffef3efc0bcf49a9f750;0xcf9262e7b0de3c1b370cd72a471a5b0887c8322ee7f944834aa52e6c7309956f;0xa1579fd6;0xe7f94483L;0.500000;1503131740;1503131772
1;8096;8048;0xdee87948810ec499d61caffdc7c543d7729b2f7f998f45593cc1376d2d55b90c;0xa593dd35e080411d3bd3dfe59e6e40a57e1b38cd8671ac513c8231ae21b6eda1;0x8c9e0fd7;0x8671ac51L;0.500000;1503131774;1503131805
1;8096;8048;0x0c69b97b1e4c457b6aec1b7dda5eb5aa5381892b8039c6f6402c0a72842a8690;0x018b94079710010e0127583f0869d9ef4baa27447a1b3b8959482cd1e1bdee43;0xab46c968;0x7a1b3b89L;0.500000;1503131807;1503131836
1;8096;8048;0x17bc60595c1d6ea361a92df4bdf878c3eb9678d958f1e13bb88cb8b425c8f73c;0x4a37854b198ecd668a609c76fc718eb6ac4022b071962e38688e51295e67c9eb;0xb6363d94;0x71962e38L;0.500000;1503131838;1503131866
1;8096;8048;0x201b7228a8f03e39c5c0bddf44c003f0fb667facf2eccf6181afc15dbb5324db;0x42e7d7bbda2fa2d589d7270bcd24052cfccfd3ccbb465a54f2e6f986d1c60ad6;0xfc3bf57f;0xbb465a54L;0.500000;1503131868;1503131898
1;8096;8048;0x90725c169c33153b3e1e9765687ee393dd842a75ccac7ca5dc3cdbd554fc74e5;0x319097d66f902dd7eec2992a26056ccefae64dd72fc67a29b5c1b88a8541d616;0x8dc62bba;0x2fc67a29L;0.500000;1503131900;1503131929
1;8096;8048;0x801967fd5c31dbae1eb075529b7d5e9c9ba6c49f951afd79ea2aa240514dd8d2;0xa547c794036377ca9f948df436840ebd10959f842a93d85f8d194457886238fd;0x0295c7b1;0x2a93d85fL;0.500000;1503131931;1503131962
1;8096;8048;0x18efecd382a234e9490dd3bcce80895997e9b5b2e332d8e30d4a4a5aacc7dec4;0xae15dada725fb0ef45e442ca8f8bf05a9387b1ede966c13a9ead723636dff0e1;0x4ebd7cab;0xe966c13aL;0.500000;1503131964;1503131995
