1;8096;8048;0x6c9b6146ffdcfad7256c23764e9557d3e8a6db539bd301909d271b8e87efe7f3;0x8ab662005fbc9d8d607321a77562d47ac16a100d50483bb1abc824037d121f73;0xae1a06f0;0x50483bb1L;0.500000;1503114830;1503114862
1;8096;8048;0xd8ef5538a857502c1e4af9435b52e22a5b88041be8114dca01e73815ed6a5dc5;0x98e4f035de5419c5d3ba22c7bbcb62269f52ba43fe87c3843bebd85e420f4d2e;0x3298c053;0xfe87c384L;0.500000;1503114864;1503114895
1;8096;8048;0x36ac6f427f1c7d2fae468ca0a6d42107e579ecce203a9877bd7be31662231f98;0x9768318fa5738372674196aa2b8d992b14df693a3d5d8cb222804d89c7249693;0xe0b14e21;0x3d5d8cb2L;0.500000;1503114897;1503114930
0;8096;8048;0x4c35fd4212b672b473e3204846090863740129b3de1eb96ac868db8a6cba69b9;0x1f30039898acf3d1768d38b4c65bd089e9d3aa14a11d3e0249f1e57fa57d2910;0x822846bc;0x55550421L;0.500000;1503114932;1503114963
1;8096;8048;0x96862fad1478495826d6edb4a031bf51f991f2a50753e76b424fe06fdc4a0d72;0x8c61fb8500fa718d29e4b59ca7969b9c62291e833e72d8d72e2a384d0901a702;0x4319b051;0x3e72d8d7L;0.500000;1503114965;1503114997
1;8096;8048;0x9f5f102b6212f04906e5a97c69e89eb272d62d245ef9548f65dedb4b55e15af4;0x218cac5287a12b16d18821c0bc055be94c17e69c7db57e926ee7c79450181750;0xaae241b8;0x7db57e92L;0.500000;1503114999;1503115031
0;8096;8048;0x77c8ee712c5b7bc62e04bad34265afb61403f3c4bbe1fde399333872656cd5dd;0x4e4e9602037ed29801a44ccf4ef83f361e426c43298710400b691343b8ad34d6;0xa98f5821;0x52500a21L;0.500000;1503115033;1503115065
1;8096;8048;0x9b709053c26501d96c3355fb8f668633c8ba5064b44b2267ced980fe90cba02b;0x45f387a7e20905a1ccc8e3dab43d4b8f2f8b602bfc96410720a6c9b9fc8988ba;0xd8264b60;0xfc964107L;0.500000;1503115066;1503115099
1;8096;8048;0xd8f76fb4015eed42abeda0d6d261675799b9861a9c533f9c906bd2dec93b9ba1;0xf2d1e153ccf0d464878926f1ac2d36582dc1a1fde973e0896637ed9db3a08a12;0x8d64e658;0xe973e089L;0.500000;1503115101;1503115133
1;8096;8048;0xe442e3181282b4f35c760436f03929f35f4bfa8a72162d2346127503ca4ce4ae;0xcd2ac7f0c65d7a83993d6d615bb26c38e5ce257543b24ae7f60d6d6e060d4706;0x3a53fab0;0x43b24ae7L;0.500000;1503115135;1503115168
1;8096;8048;0x326e5703541e7a86799f27dd33f5a6f1781230d13346ceb6817ef388c6c74df8;0x32c8d400842e803270b1c471fe8deb24b4df1a3de5ca6d77d2cdacb259da17a2;0x6217ed42;0xe5ca6d77L;0.500000;1503115170;1503115202
1;8096;8048;0x9f6ea0caae24cb2bb9c80bc691f1f2d76ce28190f1ac0e68860510a05b967cfa;0x062256121b45935133e00ba20547dc774904e87ca7d8dad3e7d809100de28aae;0x751e90ae;0xa7d8dad3L;0.500000;1503115205;1503115237
1;8096;8048;0x1758b6b44dfcee51edc9c2802a6dd0d8d148e30a6267e85ada3266ee603b0377;0x278663deb2e7e75901e630e4044ee1eaff11868c9047c82349157c543cb21996;0x79e323d3;0x9047c823L;0.500000;1503115239;1503115271
1;8096;8048;0x05608a26dc3e33b21fc16f3b8da05a12bf868d3e1f9960b529b2b9afb3d03fb8;0x0d1818c61ecfaf0bea3cd4622157765a13bd1d82eb7144722227fbbf238bfcd4;0xefcc5587;0xeb714472L;0.500000;1503115273;1503115305
1;8096;8048;0x8360e9d4455a1ef7d88aced1dfdd575b02a3d68b4850e7f5cff8570d0db62c90;0x41720339eb437346407afd4e65d7c084bc131792b08c6bf413c13c3fa1a79317;0x491df5ce;0xb08c6bf4L;0.500000;1503115307;1503115337
0;8096;8048;0x342c6b7c35d2a91287f44df7a5bdd5496bf091dc7bf9ab9b8a540dfad551950a;0x5e5d7396714a497746ae6248a9438df021b375b75ad76b30b784fd72ea98483b;0x7792816b;0x74091525L;0.500000;1503115339;1503115368
1;8096;8048;0xf44b78036c19532e4fde90269877779c28f0eda5761e810ee6f37938de12d5d2;0x3f5cb522480cb9bf61d0d50eb99844242f2b8198bcfeb99cb618b2a19e4b8c1f;0x6389f6d1;0xbcfeb99cL;0.500000;1503115370;1503115398
1;8096;8048;0xe2501fe4546dcaa9be9c701ed31367c2009281c6e927ba94f465db443b99601e;0xa92f6c615805b3fa1c47560d2d22e5e92aa43e68303e8e8f8e4e92d2701070e9;0x96ba1f86;0x303e8e8fL;0.500000;1503115400;1503115429
1;8096;8048;0x296f6f68aa69d9c6134af1c1263ed496b2f2a046af848e7b21f3892dfb1d6024;0x150c4464ec94c3bce1fa26ff87beea86a19e0572603aab867170d71aa11c7e1a;0xfff27341;0x603aab86L;0.500000;1503115431;1503115461
1;8096;8048;0xfe681462bcbe55d946bdd555a3032f27696a50308de552c7552b252429132d27;0x6d522e7ba0dfc964835747f00705234b10ee0ecad79477bee9adb47b24b6129d;0xe6ccb9e2;0xd79477beL;0.500000;1503115463;1503115493
