1;8096;8048;0x4d9dc02a337cea83b9fb9abe7a03044e18274861dbfa2ee748af2ff5ca530f18;0x53432f50a60a0b96c8550d82b9edf750189a9e1c1ad775325577049f25522672;0xc481e1c4;0x1ad77532L;0.500000;1503216575;1503216604
1;8096;8048;0xf7c6e180ea1e54c6fc9b06fcffe197ae9cc2d1d2ac852d246dcf99e5b592b3ac;0x8282105b4288e1483e08e2dc7cafdffc7b2cb08c85624c434597d1e6153073d6;0x13a97639;0x85624c43L;0.500000;1503216605;1503216634
0;8096;8048;0x096d08b74d43adbc86dac5557c81c13ea2f08b4eaacb2e16718c597028828431;0x3860d89d0c5d0f5e136e4e81d6340dc50fc16798d26f3b1338d1e3c865cce02f;0x4e35e4cc;0xffffffffL;0.500000;1503216636;1503216664
1;8096;8048;0x88d76dd98136f0a8db00b836ad77b0eb6f3ea00cc49de80c1fd3d91b19d894a1;0xa06d7e085d7d70d62de8aadf870d46f29e57e0c5fb473c8d360f8031217b7a82;0x438fc27f;0xfb473c8dL;0.500000;1503216666;1503216695
1;8096;8048;0x88ed4dbb856092cd983a01df309f1085a8e4b1bf05a11b1ff66b132f047cab8d;0xf6c5068a6263a53f7ae7cc84685a6f92f23c224d7237e9c7a1c6c134bc836c38;0xd36c0f39;0x7237e9c7L;0.500000;1503216697;1503216725
1;8096;8048;0xf1299e99945cf9fbcfb5fc385f3f33f05d8913cbdb0f49435a292d08713d3362;0xe72c401b594310e33c0075fcfe894067ed2704efc4cfb7bfc7262e19c5132291;0x7f6fcfed;0xc4cfb7bfL;0.500000;1503216727;1503216755
1;8096;8048;0x8ca4dc8b9860f751873d6432014fb5bb39deba228144bc7833c01242b03f403d;0x656d32c18440d1a42503ce728ec9efd97c200a7b66e503bc1047e5539655e1b0;0xefe23216;0x66e503bcL;0.500000;1503216757;1503216786
1;8096;8048;0x376850d6cae8af0aae7085d758ad41be150dfa01739a9cfc24dc5bffa43f44db;0xd19b1f740693e709978415a3259ccd2ee9ee35a55e38cec25c3254ad6d855a66;0xe048266a;0x5e38cec2L;0.500000;1503216788;1503216816
1;8096;8048;0xb1cb67ea67c8720d5ec3f916a8a0316e424da000a59c1fdaaec9a84c51b03a02;0x6a62120c6f66f5e71335c6c441e9ba4fe93e4438915b625a8e464a393ac66825;0x0046a482;0x915b625aL;0.500000;1503216818;1503216847
1;8096;8048;0xa8a9c2a2c2b3868b8549b5ec3d4836327845c45619cf900a5877fdec7141ee19;0x5cc044ad34df0c12755ede0d0396038d17c0fe466e71ce6b258b86fe15e2e77a;0xaf9bbef9;0x6e71ce6bL;0.500000;1503216849;1503216877
1;8096;8048;0x7c27573ee2d0c1fef27dbde148fd42d760265a5440ac4e5b09003f5915358e91;0xea9bd9307a0c5b06c28d31479044120cbf3b9342b2da71d294de58afad357e0f;0xa200aff6;0xb2da71d2L;0.500000;1503216879;1503216907
1;8096;8048;0xd65fc8ce8f66ff536160937bb0f26130bb8871b3266db0a7be3c1cb380b35956;0x650f77cf86991a530f40b5e6c72bc7c245b42650cedd4bfe4ba89ed1f7f4a765;0xda28c00d;0xcedd4bfeL;0.500000;1503216909;1503216937
1;8096;8048;0xcefb2285982524725724d60be561f68516dd6d7206ae3826598f5744a9ff6777;0x28c3b60391b4d9d7045643fd088e7ac700bd036954548b286967e6424d9f79e8;0x9123e7d7;0x54548b28L;0.500000;1503216939;1503216968
1;8096;8048;0xebed87cd6bf94bf29513e3e9f9a2e1e2820d9eab3815b888ab3c8bdd16b49202;0xfb7b3468ef64e0140891445867ba4194699eea0a81a6f806b35b7913ba2f6fe4;0x381fe5d0;0x81a6f806L;0.500000;1503216970;1503216999
1;8096;8048;0x7a9bf94154933e407334de7dd45bbfdc6f45ae75a314b15c2a3b6babd8e0b252;0x0e52c0116474d951ae727ab6a6f9807244aa0e0c794b69f0daf00ccd0d8b29b1;0xd00c9d65;0x794b69f0L;0.500000;1503217001;1503217029
1;8096;8048;0x52f016c53ff6d5083d575625b591bf3682a374b6f7ec0236f42c4d912ace4c7c;0xb32bbab124e8ff8aad4809fa20dd77dc98dd41d961648e95a0682cdfbd3d9efa;0x541c7d8c;0x61648e95L;0.500000;1503217031;1503217059
1;8096;8048;0x225567c6d184aa83e2b19601e84a87e48fd8e061b40e971e64d3c1d2124dca35;0xa78516b226af72327f4c0a22a5ac3aab02356282ae95ce2fec8d418cfe75e808;0x72972cd5;0xae95ce2fL;0.500000;1503217061;1503217089
1;8096;8048;0x6de52d5148a75f7fb955d3d28e1670d0f4d3ae4b549498325f5f85c49e84550b;0x27bdc90ca9660104bb0aa3abeb9c5c86f6fadd0e1b31dd2330e270d925e5c07c;0x620ca13b;0x1b31dd23L;0.500000;1503217091;1503217119
1;8096;8048;0xab167df9b8c76bfc30544f817a0b1aac4309fcb2683f66b8a420b32ae5758a90;0x85723d094e995d17bfbc09fbbbecd1d955a3ec3bc5c2bd975284e9860ab2143a;0x508d17d0;0xc5c2bd97L;0.500000;1503217121;1503217150
1;8096;8048;0x6efa566f08e51b3cd8bfafc56620d7086cd26d9999a4fbbaad898f628b40a3f9;0x6659bebb1744efa9fd86e0fd79cfb5ccc7badd16351eaf377ea7ba1fe63cd8ba;0x8a8f4ebd;0x351eaf37L;0.500000;1503217152;1503217184
