1;8096;8048;0x15d92e95127244d0dd6c0344c8e80ceec71888e37879da0732294cb6dc4f68f1;0xbc052f3f61cee41a77e75930f616c643a9e86d13fedddb951fc447fbaf8b5e8c;0xc9c5ef8a;0xfedddb95L;0.500000;1503211801;1503211832
1;8096;8048;0xb1441c240e5a3f21b420ac35157abdf6a91087dc05b95973ae8a4bd8a6ccf958;0x6ad5dde9977863897970562d800296e744d11ffff4112d15cfab755306399a85;0x82735930;0xf4112d15L;0.500000;1503211835;1503211867
1;8096;8048;0x8221b3d97819748fbf64ffbe03ff92d40893383e4fe1d0d7b586ccea4705a3c9;0x5767e4a64a5b152e9ffcd2689d781548d06baec2aeef4a95619ff0bc4e72b62b;0x19c90325;0xaeef4a95L;0.500000;1503211869;1503211900
1;8096;8048;0x76ed6358bb910910104eaf118736f7db3c78d9be594a234a986f8947d18f3a47;0x1db7d61f44f58c4dab936792de35e4df863c6ce11033f63e01edd62c4bd2dbee;0x946d48af;0x1033f63eL;0.500000;1503211902;1503211934
1;8096;8048;0x03d55f649396455ecda7e949d07763efa19dd64fe46129ecbd575d6482853c85;0x903f49f2daeece99984d457539d766e4f6101e2ebf6c4a38b0a4e6e9b9392d7a;0x2871dcfb;0xbf6c4a38L;0.500000;1503211936;1503211967
0;8096;8048;0xd9890de223462611235c67a3721a3b93b59ad980b7e6e6751113b2f9d120b7aa;0x6cc4c962ac0c6f379c0396308a521055813c38ecf7cd1e80d00f56eb7824c266;0xbd46f1a5;0x254fa502L;0.500000;1503211969;1503211999
1;8096;8048;0x3cd137a414648468c280de6ee0ead232f605de2813bdb7a36e212cccd635a412;0xc93afc2e872a584b9a491c2427f292a40f040b8497ad0d6c6cf767427cd4f592;0x0a0ec518;0x97ad0d6cL;0.500000;1503212001;1503212032
1;8096;8048;0x3914b388d3301ce79510f8aa59fbf0ae107d6662e80c8bbc989dfb960527c83e;0x4cdfee26e29ee36cacf13f8ecfe551364268131a4f264a5d52911200521cf468;0x25a08687;0x4f264a5dL;0.500000;1503212034;1503212065
1;8096;8048;0x7bbc25c9ae81139b95e7bd5a881b9ba7b032a0a0662cea87633b908658eddcd3;0xda4bb83c7706aa3b8c019bda0046c7405a34f0dc4cc55c25f789e1ca8c337b35;0x2ce6f743;0x4cc55c25L;0.500000;1503212066;1503212096
1;8096;8048;0x0266051f95d30af128b056c1f46227857ae9642397021969a202591de15543e3;0xe4d746db7dd584af0edd1a6b56dd114bd13eae12da0ee8ee7066ca4a57163d60;0xa0392947;0xda0ee8eeL;0.500000;1503212098;1503212128
1;8096;8048;0xebb98af874f29b4d06f0ec3f0765161187d945a526d9439e3b8e6d7daec97599;0x63c5e1ebb8b494669f6e9d869096efada584f05a8838aec3dc4669401287c4f8;0xd10f2bdf;0x8838aec3L;0.500000;1503212130;1503212160
1;8096;8048;0xd9fbcef034173f79053e6749fc9a0104f03b12ccdcb36ba04fdd463b7123634b;0x46b7cf691f34182e966b8c91a58c8ef33b31e3675c9e812d2c745a1d02bc72fc;0xca954dfd;0x5c9e812dL;0.500000;1503212162;1503212193
1;8096;8048;0xcb817c04e234f4fb98086b549fcd8173a0eab712b17bb9bad84e22fe7cc0d347;0xf6314f53bab95e58af12382ec08c26e80bcd3abd9fb5ec1429a77057fe2ed772;0xb1738328;0x9fb5ec14L;0.500000;1503212195;1503212228
1;8096;8048;0xe8c6de74364061ae1bc57383b851d96e9434c6a75d7736599c963f43c70035af;0x469a93323b4cc1e4bcd796618c514ab3b11efa4cf63d2268e773be4f4a17e7df;0x774ebc30;0xf63d2268L;0.500000;1503212230;1503212263
1;8096;8048;0x79d0dfc84b7669bbbc73e5a707c20865271ed56038d62f917855823c0e9a6087;0xead9caed421aca82f063d0072669db26bb775f9a7c6554818d05766dc7452e1b;0x684a5160;0x7c655481L;0.500000;1503212265;1503212297
1;8096;8048;0x82dc8663c2d5276e8f1bec087826e45225b631c67bfc0ae60a5c39f70d65638f;0x0fd8bf727e75ee5aab96054da7876c2630180b3072ca543848c469119ebb1c89;0x04d5a787;0x72ca5438L;0.500000;1503212300;1503212332
1;8096;8048;0xf6799443e4df6a44a5fcffda550cedf44f032003dac85376c216f0d9dc937bd2;0x28735667485e56ec1943c0b2fdd52f313a75a3da852384cf1805c4f9776c70d9;0xe397da82;0x852384cfL;0.500000;1503212334;1503212367
1;8096;8048;0xb235d80ef40d1b68810d8e7f63c6ee0dc69714dfa9107ab7b1086e2a94838046;0xfabd2f32b3cf6fe637aeb902a2ce45af62af4d02181e86397e98437d89d5825d;0xe6de225e;0x181e8639L;0.500000;1503212368;1503212401
1;8096;8048;0xef1929270cb30b42114ca0f371a609ea448e42ab035a7ea503850145bab8d7a9;0x20e1dc422c2a419f7218f159dfbba93c17efa9d8c4397eeb3a56f87b0fc732f4;0x2b148ad0;0xc4397eebL;0.500000;1503212403;1503212435
1;8096;8048;0x54fb5fac4341a790af9bba1b0aa65039fd49441d069d877a78c378111d63ac71;0x39dcca7e01799a2b7a6c7b840146ae5a682e4276d0029f6768ed2034334f24eb;0x36e8fede;0xd0029f67L;0.500000;1503212437;1503212468
