0;16;8048;0x72e369c23cc03932b969582b9c7fb962fd3adb084333a3903f69a200f4ebcc66;0xbb9b8b1ac056a97c3d68229ff499818f8191bd15964bc71b9dedeca8f22de97c;0x0d8edcd0;0x31b3cd0L;0.500000;1503122543;1503122543
0;16;8048;0x72e369c23cc03932b969582b9c7fb962fd3adb084333a3903f69a200f4ebcc66;0xbb9b8b1ac056a97c3d68229ff499818f8191bd15964bc71b9dedeca8f22de97c;0x0d8edcd0;0x31b3cd0L;0.500000;1503122543;1503122543
0;16;8048;0x72e369c23cc03932b969582b9c7fb962fd3adb084333a3903f69a200f4ebcc66;0xbb9b8b1ac056a97c3d68229ff499818f8191bd15964bc71b9dedeca8f22de97c;0x0d8edcd0;0x31b3cd0L;0.500000;1503122543;1503122543
0;16;8048;0x146b5786736c5825916e412728814e2eb69dd0f7d1cf8b9f72e9c7ea66a9247a;0x28a8951c0cc7c2e2695a60f1a5fe60136c90123a0b21780456363ef393bc399d;0xd7637572;0x31b3cd0L;0.500000;1503122544;1503122544
0;16;8048;0x146b5786736c5825916e412728814e2eb69dd0f7d1cf8b9f72e9c7ea66a9247a;0x28a8951c0cc7c2e2695a60f1a5fe60136c90123a0b21780456363ef393bc399d;0xd7637572;0x31b3cd0L;0.500000;1503122544;1503122544
0;16;8048;0x146b5786736c5825916e412728814e2eb69dd0f7d1cf8b9f72e9c7ea66a9247a;0x28a8951c0cc7c2e2695a60f1a5fe60136c90123a0b21780456363ef393bc399d;0xd7637572;0x31b3cd0L;0.500000;1503122544;1503122544
0;16;8048;0x146b5786736c5825916e412728814e2eb69dd0f7d1cf8b9f72e9c7ea66a9247a;0x28a8951c0cc7c2e2695a60f1a5fe60136c90123a0b21780456363ef393bc399d;0xd7637572;0x31b3cd0L;0.500000;1503122544;1503122544
0;16;8048;0x146b5786736c5825916e412728814e2eb69dd0f7d1cf8b9f72e9c7ea66a9247a;0x28a8951c0cc7c2e2695a60f1a5fe60136c90123a0b21780456363ef393bc399d;0xd7637572;0x31b3cd0L;0.500000;1503122544;1503122544
0;16;8048;0x146b5786736c5825916e412728814e2eb69dd0f7d1cf8b9f72e9c7ea66a9247a;0x28a8951c0cc7c2e2695a60f1a5fe60136c90123a0b21780456363ef393bc399d;0xd7637572;0x31b3cd0L;0.500000;1503122544;1503122544
0;16;8048;0x146b5786736c5825916e412728814e2eb69dd0f7d1cf8b9f72e9c7ea66a9247a;0x28a8951c0cc7c2e2695a60f1a5fe60136c90123a0b21780456363ef393bc399d;0xd7637572;0x31b3cd0L;0.500000;1503122544;1503122544
0;16;8048;0x146b5786736c5825916e412728814e2eb69dd0f7d1cf8b9f72e9c7ea66a9247a;0x28a8951c0cc7c2e2695a60f1a5fe60136c90123a0b21780456363ef393bc399d;0xd7637572;0x31b3cd0L;0.500000;1503122544;1503122545
0;16;8048;0xfebf0b24f108379975aaf9d54200dd993490d69c94106afe7b75ee33520abb50;0x16d352bd96e27b31d2cf1000dd30b492872f04d0d63f65f74832e0782ca41c6d;0x8cfc62ad;0x31b3cd0L;0.500000;1503122545;1503122545
0;16;8048;0xfebf0b24f108379975aaf9d54200dd993490d69c94106afe7b75ee33520abb50;0x16d352bd96e27b31d2cf1000dd30b492872f04d0d63f65f74832e0782ca41c6d;0x8cfc62ad;0x31b3cd0L;0.500000;1503122545;1503122545
0;16;8048;0xfebf0b24f108379975aaf9d54200dd993490d69c94106afe7b75ee33520abb50;0x16d352bd96e27b31d2cf1000dd30b492872f04d0d63f65f74832e0782ca41c6d;0x8cfc62ad;0x31b3cd0L;0.500000;1503122545;1503122545
0;16;8048;0xfebf0b24f108379975aaf9d54200dd993490d69c94106afe7b75ee33520abb50;0x16d352bd96e27b31d2cf1000dd30b492872f04d0d63f65f74832e0782ca41c6d;0x8cfc62ad;0x31b3cd0L;0.500000;1503122545;1503122545
0;16;8048;0xfebf0b24f108379975aaf9d54200dd993490d69c94106afe7b75ee33520abb50;0x16d352bd96e27b31d2cf1000dd30b492872f04d0d63f65f74832e0782ca41c6d;0x8cfc62ad;0x31b3cd0L;0.500000;1503122545;1503122545
0;16;8048;0xfebf0b24f108379975aaf9d54200dd993490d69c94106afe7b75ee33520abb50;0x16d352bd96e27b31d2cf1000dd30b492872f04d0d63f65f74832e0782ca41c6d;0x8cfc62ad;0x31b3cd0L;0.500000;1503122545;1503122545
0;16;8048;0xfebf0b24f108379975aaf9d54200dd993490d69c94106afe7b75ee33520abb50;0x16d352bd96e27b31d2cf1000dd30b492872f04d0d63f65f74832e0782ca41c6d;0x8cfc62ad;0x31b3cd0L;0.500000;1503122545;1503122545
0;16;8048;0xfebf0b24f108379975aaf9d54200dd993490d69c94106afe7b75ee33520abb50;0x16d352bd96e27b31d2cf1000dd30b492872f04d0d63f65f74832e0782ca41c6d;0x8cfc62ad;0x31b3cd0L;0.500000;1503122545;1503122546
0;16;8048;0xb263c0dd067441e1a76d10c3dc7ba60c52765c4ca443e2b79bc2e1827955b42b;0x55c2a2dc99d73ca72f91e11633aaa5fe059f45b303737d8e91ea0433a7bb2574;0x318cb20a;0x31b3cd0L;0.500000;1503122546;1503122546
