0;16;8048;0x32152b9dba8333d5b0a78aa89df4a19e3ea165aa78f280de6a0b3b27af40d4e1;0x0660fecd1776da9b0ece39632fc4a45b66e8338d1a6c1331aae090757b0003ff;0x78218283;0x31b3cd0L;0.500000;1503091212;1503091212
0;16;8048;0xf9c035140ce130c5d12106c1cf5f00c169ee581218adf7621fe9bcf02f72e528;0x78ca17da55ed27f648ec66c22156cbb98d18a78ad48e14b50382813864820648;0x84cc3f5c;0x31b3cd0L;0.500000;1503091212;1503091212
0;16;8048;0xf9c035140ce130c5d12106c1cf5f00c169ee581218adf7621fe9bcf02f72e528;0x78ca17da55ed27f648ec66c22156cbb98d18a78ad48e14b50382813864820648;0x84cc3f5c;0x31b3cd0L;0.500000;1503091212;1503091212
0;16;8048;0xf9c035140ce130c5d12106c1cf5f00c169ee581218adf7621fe9bcf02f72e528;0x78ca17da55ed27f648ec66c22156cbb98d18a78ad48e14b50382813864820648;0x84cc3f5c;0x31b3cd0L;0.500000;1503091212;1503091212
0;16;8048;0xf9c035140ce130c5d12106c1cf5f00c169ee581218adf7621fe9bcf02f72e528;0x78ca17da55ed27f648ec66c22156cbb98d18a78ad48e14b50382813864820648;0x84cc3f5c;0x31b3cd0L;0.500000;1503091212;1503091212
0;16;8048;0xf9c035140ce130c5d12106c1cf5f00c169ee581218adf7621fe9bcf02f72e528;0x78ca17da55ed27f648ec66c22156cbb98d18a78ad48e14b50382813864820648;0x84cc3f5c;0x31b3cd0L;0.500000;1503091212;1503091212
0;16;8048;0xf9c035140ce130c5d12106c1cf5f00c169ee581218adf7621fe9bcf02f72e528;0x78ca17da55ed27f648ec66c22156cbb98d18a78ad48e14b50382813864820648;0x84cc3f5c;0x31b3cd0L;0.500000;1503091212;1503091212
0;16;8048;0x3301879ad0c7088badab202146e6721d3de2fe1105175e370e0b71ebf1497324;0x0edae83d6104c3120201b85a9281cfc847d5fd58b34e12fa5519ca3ed06a02cd;0x4729464c;0x31b3cd0L;0.500000;1503091213;1503091213
0;16;8048;0x3301879ad0c7088badab202146e6721d3de2fe1105175e370e0b71ebf1497324;0x0edae83d6104c3120201b85a9281cfc847d5fd58b34e12fa5519ca3ed06a02cd;0x4729464c;0x31b3cd0L;0.500000;1503091213;1503091213
0;16;8048;0x3301879ad0c7088badab202146e6721d3de2fe1105175e370e0b71ebf1497324;0x0edae83d6104c3120201b85a9281cfc847d5fd58b34e12fa5519ca3ed06a02cd;0x4729464c;0x31b3cd0L;0.500000;1503091213;1503091213
0;16;8048;0x3301879ad0c7088badab202146e6721d3de2fe1105175e370e0b71ebf1497324;0x0edae83d6104c3120201b85a9281cfc847d5fd58b34e12fa5519ca3ed06a02cd;0x4729464c;0x31b3cd0L;0.500000;1503091213;1503091213
0;16;8048;0x3301879ad0c7088badab202146e6721d3de2fe1105175e370e0b71ebf1497324;0x0edae83d6104c3120201b85a9281cfc847d5fd58b34e12fa5519ca3ed06a02cd;0x4729464c;0x31b3cd0L;0.500000;1503091213;1503091213
0;16;8048;0x3301879ad0c7088badab202146e6721d3de2fe1105175e370e0b71ebf1497324;0x0edae83d6104c3120201b85a9281cfc847d5fd58b34e12fa5519ca3ed06a02cd;0x4729464c;0x31b3cd0L;0.500000;1503091213;1503091213
0;16;8048;0x3301879ad0c7088badab202146e6721d3de2fe1105175e370e0b71ebf1497324;0x0edae83d6104c3120201b85a9281cfc847d5fd58b34e12fa5519ca3ed06a02cd;0x4729464c;0x31b3cd0L;0.500000;1503091213;1503091213
0;16;8048;0xdea010a41139bfc99a3a1cc2dda27738084d5f939f4a316c11def5635270db30;0x8d116644209f4b348edf081289a5e738b254059f88182e2aef3a3304bfdb62c0;0xb6dd9db1;0x31b3cd0L;0.500000;1503091214;1503091214
0;16;8048;0xdea010a41139bfc99a3a1cc2dda27738084d5f939f4a316c11def5635270db30;0x8d116644209f4b348edf081289a5e738b254059f88182e2aef3a3304bfdb62c0;0xb6dd9db1;0x31b3cd0L;0.500000;1503091214;1503091214
0;16;8048;0xdea010a41139bfc99a3a1cc2dda27738084d5f939f4a316c11def5635270db30;0x8d116644209f4b348edf081289a5e738b254059f88182e2aef3a3304bfdb62c0;0xb6dd9db1;0x31b3cd0L;0.500000;1503091214;1503091214
0;16;8048;0xdea010a41139bfc99a3a1cc2dda27738084d5f939f4a316c11def5635270db30;0x8d116644209f4b348edf081289a5e738b254059f88182e2aef3a3304bfdb62c0;0xb6dd9db1;0x31b3cd0L;0.500000;1503091214;1503091214
0;16;8048;0xdea010a41139bfc99a3a1cc2dda27738084d5f939f4a316c11def5635270db30;0x8d116644209f4b348edf081289a5e738b254059f88182e2aef3a3304bfdb62c0;0xb6dd9db1;0x31b3cd0L;0.500000;1503091214;1503091214
0;16;8048;0xdea010a41139bfc99a3a1cc2dda27738084d5f939f4a316c11def5635270db30;0x8d116644209f4b348edf081289a5e738b254059f88182e2aef3a3304bfdb62c0;0xb6dd9db1;0x31b3cd0L;0.500000;1503091214;1503091214
