0;16;8048;0xcb6aa0fd85590c99ab7577f3d1405a064ab5e00ab8420c7f94ff1b5ac06c9c8c;0x9f78528b427c6766a69f442787f32d7a6d7a16fc622fe3a914c72573325db274;0x78ca3ee6;0x31b3cd0L;0.500000;1503121898;1503121898
0;16;8048;0xcb6aa0fd85590c99ab7577f3d1405a064ab5e00ab8420c7f94ff1b5ac06c9c8c;0x9f78528b427c6766a69f442787f32d7a6d7a16fc622fe3a914c72573325db274;0x78ca3ee6;0x31b3cd0L;0.500000;1503121898;1503121898
0;16;8048;0xcb6aa0fd85590c99ab7577f3d1405a064ab5e00ab8420c7f94ff1b5ac06c9c8c;0x9f78528b427c6766a69f442787f32d7a6d7a16fc622fe3a914c72573325db274;0x78ca3ee6;0x31b3cd0L;0.500000;1503121898;1503121899
0;16;8048;0xe40fbfd1dd247d1bf658374fbc5e3bdb97fd931d14185a5176b0000bbf6609a3;0x186ce107c1283959271313e812d714f4a7c538d6609fc8754ca280bbea8c09d6;0x38954902;0x31b3cd0L;0.500000;1503121899;1503121899
0;16;8048;0xe40fbfd1dd247d1bf658374fbc5e3bdb97fd931d14185a5176b0000bbf6609a3;0x186ce107c1283959271313e812d714f4a7c538d6609fc8754ca280bbea8c09d6;0x38954902;0x31b3cd0L;0.500000;1503121899;1503121899
0;16;8048;0xe40fbfd1dd247d1bf658374fbc5e3bdb97fd931d14185a5176b0000bbf6609a3;0x186ce107c1283959271313e812d714f4a7c538d6609fc8754ca280bbea8c09d6;0x38954902;0x31b3cd0L;0.500000;1503121899;1503121899
0;16;8048;0xe40fbfd1dd247d1bf658374fbc5e3bdb97fd931d14185a5176b0000bbf6609a3;0x186ce107c1283959271313e812d714f4a7c538d6609fc8754ca280bbea8c09d6;0x38954902;0x31b3cd0L;0.500000;1503121899;1503121899
0;16;8048;0xe40fbfd1dd247d1bf658374fbc5e3bdb97fd931d14185a5176b0000bbf6609a3;0x186ce107c1283959271313e812d714f4a7c538d6609fc8754ca280bbea8c09d6;0x38954902;0x31b3cd0L;0.500000;1503121899;1503121899
0;16;8048;0xe40fbfd1dd247d1bf658374fbc5e3bdb97fd931d14185a5176b0000bbf6609a3;0x186ce107c1283959271313e812d714f4a7c538d6609fc8754ca280bbea8c09d6;0x38954902;0x31b3cd0L;0.500000;1503121899;1503121899
0;16;8048;0xe40fbfd1dd247d1bf658374fbc5e3bdb97fd931d14185a5176b0000bbf6609a3;0x186ce107c1283959271313e812d714f4a7c538d6609fc8754ca280bbea8c09d6;0x38954902;0x31b3cd0L;0.500000;1503121899;1503121899
0;16;8048;0xe40fbfd1dd247d1bf658374fbc5e3bdb97fd931d14185a5176b0000bbf6609a3;0x186ce107c1283959271313e812d714f4a7c538d6609fc8754ca280bbea8c09d6;0x38954902;0x31b3cd0L;0.500000;1503121899;1503121900
0;16;8048;0x13df4471b13d9303a7dfa1a7406aa3546226f04428dde12e44e5cc7541ce2254;0x69c0ff42ee002a7ff57cbd2214d106ae1120b1a044464e09c5b7a06278874da4;0xa3c6f456;0x31b3cd0L;0.500000;1503121900;1503121900
0;16;8048;0x13df4471b13d9303a7dfa1a7406aa3546226f04428dde12e44e5cc7541ce2254;0x69c0ff42ee002a7ff57cbd2214d106ae1120b1a044464e09c5b7a06278874da4;0xa3c6f456;0x31b3cd0L;0.500000;1503121900;1503121900
0;16;8048;0x13df4471b13d9303a7dfa1a7406aa3546226f04428dde12e44e5cc7541ce2254;0x69c0ff42ee002a7ff57cbd2214d106ae1120b1a044464e09c5b7a06278874da4;0xa3c6f456;0x31b3cd0L;0.500000;1503121900;1503121900
0;16;8048;0x13df4471b13d9303a7dfa1a7406aa3546226f04428dde12e44e5cc7541ce2254;0x69c0ff42ee002a7ff57cbd2214d106ae1120b1a044464e09c5b7a06278874da4;0xa3c6f456;0x31b3cd0L;0.500000;1503121900;1503121900
0;16;8048;0x13df4471b13d9303a7dfa1a7406aa3546226f04428dde12e44e5cc7541ce2254;0x69c0ff42ee002a7ff57cbd2214d106ae1120b1a044464e09c5b7a06278874da4;0xa3c6f456;0x31b3cd0L;0.500000;1503121900;1503121900
0;16;8048;0x13df4471b13d9303a7dfa1a7406aa3546226f04428dde12e44e5cc7541ce2254;0x69c0ff42ee002a7ff57cbd2214d106ae1120b1a044464e09c5b7a06278874da4;0xa3c6f456;0x31b3cd0L;0.500000;1503121900;1503121900
0;16;8048;0x13df4471b13d9303a7dfa1a7406aa3546226f04428dde12e44e5cc7541ce2254;0x69c0ff42ee002a7ff57cbd2214d106ae1120b1a044464e09c5b7a06278874da4;0xa3c6f456;0x31b3cd0L;0.500000;1503121900;1503121900
0;16;8048;0x13df4471b13d9303a7dfa1a7406aa3546226f04428dde12e44e5cc7541ce2254;0x69c0ff42ee002a7ff57cbd2214d106ae1120b1a044464e09c5b7a06278874da4;0xa3c6f456;0x31b3cd0L;0.500000;1503121900;1503121901
0;16;8048;0x35de3dafb97a07f3f631586fa4e758dcf34cda0934b94f99ba03edff1ee5ae53;0x2f57651be87f1ef0c5f3be013778761b935c18501ce596040b411ecac2a3d666;0x03c65033;0x31b3cd0L;0.500000;1503121901;1503121901
