0;16;8048;0x096f80ccdf6137b9001c05b443ea5d69d348e311bcdef535e13b6c353eb62047;0x74193628015ecab92b76d2282caf14ba13b76afcc204ae5e66d9d3cdd1dd5e6f;0xef2e1eb3;0x31b3cd0L;0.500000;1503092010;1503092011
0;16;8048;0x7933e1c2cb8b07a4ed740506933b3203b2826f457181c0a8af06e0b9d3551d4c;0xd7c9bc6eca9201fe1a267beb79b2b2f6647595b326b055ea57125522d896f99b;0x938b002b;0x31b3cd0L;0.500000;1503092011;1503092011
0;16;8048;0x7933e1c2cb8b07a4ed740506933b3203b2826f457181c0a8af06e0b9d3551d4c;0xd7c9bc6eca9201fe1a267beb79b2b2f6647595b326b055ea57125522d896f99b;0x938b002b;0x31b3cd0L;0.500000;1503092011;1503092011
0;16;8048;0x7933e1c2cb8b07a4ed740506933b3203b2826f457181c0a8af06e0b9d3551d4c;0xd7c9bc6eca9201fe1a267beb79b2b2f6647595b326b055ea57125522d896f99b;0x938b002b;0x31b3cd0L;0.500000;1503092011;1503092011
0;16;8048;0x7933e1c2cb8b07a4ed740506933b3203b2826f457181c0a8af06e0b9d3551d4c;0xd7c9bc6eca9201fe1a267beb79b2b2f6647595b326b055ea57125522d896f99b;0x938b002b;0x31b3cd0L;0.500000;1503092011;1503092011
0;16;8048;0x7933e1c2cb8b07a4ed740506933b3203b2826f457181c0a8af06e0b9d3551d4c;0xd7c9bc6eca9201fe1a267beb79b2b2f6647595b326b055ea57125522d896f99b;0x938b002b;0x31b3cd0L;0.500000;1503092011;1503092011
0;16;8048;0x7933e1c2cb8b07a4ed740506933b3203b2826f457181c0a8af06e0b9d3551d4c;0xd7c9bc6eca9201fe1a267beb79b2b2f6647595b326b055ea57125522d896f99b;0x938b002b;0x31b3cd0L;0.500000;1503092011;1503092011
0;16;8048;0x99c1a4384a03b6bfb602a5010a30705f8c6bbba5756955af2d08b1171d3765b6;0xb30e904517ba3ec6752d0e5b4925babe5fd36235a64a214e0efab7124d7434f1;0x10cec6da;0x31b3cd0L;0.500000;1503092012;1503092012
0;16;8048;0x99c1a4384a03b6bfb602a5010a30705f8c6bbba5756955af2d08b1171d3765b6;0xb30e904517ba3ec6752d0e5b4925babe5fd36235a64a214e0efab7124d7434f1;0x10cec6da;0x31b3cd0L;0.500000;1503092012;1503092012
0;16;8048;0x99c1a4384a03b6bfb602a5010a30705f8c6bbba5756955af2d08b1171d3765b6;0xb30e904517ba3ec6752d0e5b4925babe5fd36235a64a214e0efab7124d7434f1;0x10cec6da;0x31b3cd0L;0.500000;1503092012;1503092012
0;16;8048;0x99c1a4384a03b6bfb602a5010a30705f8c6bbba5756955af2d08b1171d3765b6;0xb30e904517ba3ec6752d0e5b4925babe5fd36235a64a214e0efab7124d7434f1;0x10cec6da;0x31b3cd0L;0.500000;1503092012;1503092012
0;16;8048;0x99c1a4384a03b6bfb602a5010a30705f8c6bbba5756955af2d08b1171d3765b6;0xb30e904517ba3ec6752d0e5b4925babe5fd36235a64a214e0efab7124d7434f1;0x10cec6da;0x31b3cd0L;0.500000;1503092012;1503092012
0;16;8048;0x99c1a4384a03b6bfb602a5010a30705f8c6bbba5756955af2d08b1171d3765b6;0xb30e904517ba3ec6752d0e5b4925babe5fd36235a64a214e0efab7124d7434f1;0x10cec6da;0x31b3cd0L;0.500000;1503092012;1503092012
0;16;8048;0x99c1a4384a03b6bfb602a5010a30705f8c6bbba5756955af2d08b1171d3765b6;0xb30e904517ba3ec6752d0e5b4925babe5fd36235a64a214e0efab7124d7434f1;0x10cec6da;0x31b3cd0L;0.500000;1503092012;1503092013
0;16;8048;0x14b1c1ad4bd46c93e23072d3154a6348089e41e1203a3caeb1f83db454ee8168;0xfe5516a06999561d837a61d4a6525705510364616455934186f0014f2b4469ed;0xbd9bb829;0x31b3cd0L;0.500000;1503092013;1503092013
0;16;8048;0x14b1c1ad4bd46c93e23072d3154a6348089e41e1203a3caeb1f83db454ee8168;0xfe5516a06999561d837a61d4a6525705510364616455934186f0014f2b4469ed;0xbd9bb829;0x31b3cd0L;0.500000;1503092013;1503092013
0;16;8048;0x14b1c1ad4bd46c93e23072d3154a6348089e41e1203a3caeb1f83db454ee8168;0xfe5516a06999561d837a61d4a6525705510364616455934186f0014f2b4469ed;0xbd9bb829;0x31b3cd0L;0.500000;1503092013;1503092013
0;16;8048;0x14b1c1ad4bd46c93e23072d3154a6348089e41e1203a3caeb1f83db454ee8168;0xfe5516a06999561d837a61d4a6525705510364616455934186f0014f2b4469ed;0xbd9bb829;0x31b3cd0L;0.500000;1503092013;1503092013
0;16;8048;0x14b1c1ad4bd46c93e23072d3154a6348089e41e1203a3caeb1f83db454ee8168;0xfe5516a06999561d837a61d4a6525705510364616455934186f0014f2b4469ed;0xbd9bb829;0x31b3cd0L;0.500000;1503092013;1503092013
0;16;8048;0x14b1c1ad4bd46c93e23072d3154a6348089e41e1203a3caeb1f83db454ee8168;0xfe5516a06999561d837a61d4a6525705510364616455934186f0014f2b4469ed;0xbd9bb829;0x31b3cd0L;0.500000;1503092013;1503092014
