0;16;8048;0x81e73fcfe0d21333eca963162958cffa3c448d3c7c501e4276193a54a733a229;0x084aa2dba5d356013a97d69229824a95be62d7d0f6ce1e40e89343d92792710f;0xea75664a;0x31b3cd0L;0.500000;1503086566;1503086566
0;16;8048;0x81e73fcfe0d21333eca963162958cffa3c448d3c7c501e4276193a54a733a229;0x084aa2dba5d356013a97d69229824a95be62d7d0f6ce1e40e89343d92792710f;0xea75664a;0x31b3cd0L;0.500000;1503086566;1503086566
0;16;8048;0x81e73fcfe0d21333eca963162958cffa3c448d3c7c501e4276193a54a733a229;0x084aa2dba5d356013a97d69229824a95be62d7d0f6ce1e40e89343d92792710f;0xea75664a;0x31b3cd0L;0.500000;1503086566;1503086566
0;16;8048;0x81e73fcfe0d21333eca963162958cffa3c448d3c7c501e4276193a54a733a229;0x084aa2dba5d356013a97d69229824a95be62d7d0f6ce1e40e89343d92792710f;0xea75664a;0x31b3cd0L;0.500000;1503086566;1503086567
0;16;8048;0x42bf9f3bdbb24457893c378eafdd8dc4dcda2437d24de6d00dde28e1e2269425;0x2c3b85f6bf818cdfcbdee77cec19293dae419fcb0d46f364a9f7d435be7b36bb;0x05ff6562;0x31b3cd0L;0.500000;1503086567;1503086567
0;16;8048;0x42bf9f3bdbb24457893c378eafdd8dc4dcda2437d24de6d00dde28e1e2269425;0x2c3b85f6bf818cdfcbdee77cec19293dae419fcb0d46f364a9f7d435be7b36bb;0x05ff6562;0x31b3cd0L;0.500000;1503086567;1503086567
0;16;8048;0x42bf9f3bdbb24457893c378eafdd8dc4dcda2437d24de6d00dde28e1e2269425;0x2c3b85f6bf818cdfcbdee77cec19293dae419fcb0d46f364a9f7d435be7b36bb;0x05ff6562;0x31b3cd0L;0.500000;1503086567;1503086567
0;16;8048;0x42bf9f3bdbb24457893c378eafdd8dc4dcda2437d24de6d00dde28e1e2269425;0x2c3b85f6bf818cdfcbdee77cec19293dae419fcb0d46f364a9f7d435be7b36bb;0x05ff6562;0x31b3cd0L;0.500000;1503086567;1503086567
0;16;8048;0x42bf9f3bdbb24457893c378eafdd8dc4dcda2437d24de6d00dde28e1e2269425;0x2c3b85f6bf818cdfcbdee77cec19293dae419fcb0d46f364a9f7d435be7b36bb;0x05ff6562;0x31b3cd0L;0.500000;1503086567;1503086567
0;16;8048;0x42bf9f3bdbb24457893c378eafdd8dc4dcda2437d24de6d00dde28e1e2269425;0x2c3b85f6bf818cdfcbdee77cec19293dae419fcb0d46f364a9f7d435be7b36bb;0x05ff6562;0x31b3cd0L;0.500000;1503086567;1503086567
0;16;8048;0x42bf9f3bdbb24457893c378eafdd8dc4dcda2437d24de6d00dde28e1e2269425;0x2c3b85f6bf818cdfcbdee77cec19293dae419fcb0d46f364a9f7d435be7b36bb;0x05ff6562;0x31b3cd0L;0.500000;1503086567;1503086568
0;16;8048;0x2358f6975c45137c23fc165ded68ec1b7c77eeae26a75524bc1ec8745dec3780;0xc99cb97ef6b2ffddbc779ef7569f34aa102bdedd7aa20b477983a965b0cf3b47;0x27095acc;0x31b3cd0L;0.500000;1503086568;1503086568
0;16;8048;0x2358f6975c45137c23fc165ded68ec1b7c77eeae26a75524bc1ec8745dec3780;0xc99cb97ef6b2ffddbc779ef7569f34aa102bdedd7aa20b477983a965b0cf3b47;0x27095acc;0x31b3cd0L;0.500000;1503086568;1503086568
0;16;8048;0x2358f6975c45137c23fc165ded68ec1b7c77eeae26a75524bc1ec8745dec3780;0xc99cb97ef6b2ffddbc779ef7569f34aa102bdedd7aa20b477983a965b0cf3b47;0x27095acc;0x31b3cd0L;0.500000;1503086568;1503086568
0;16;8048;0x2358f6975c45137c23fc165ded68ec1b7c77eeae26a75524bc1ec8745dec3780;0xc99cb97ef6b2ffddbc779ef7569f34aa102bdedd7aa20b477983a965b0cf3b47;0x27095acc;0x31b3cd0L;0.500000;1503086568;1503086568
0;16;8048;0x2358f6975c45137c23fc165ded68ec1b7c77eeae26a75524bc1ec8745dec3780;0xc99cb97ef6b2ffddbc779ef7569f34aa102bdedd7aa20b477983a965b0cf3b47;0x27095acc;0x31b3cd0L;0.500000;1503086568;1503086568
0;16;8048;0x2358f6975c45137c23fc165ded68ec1b7c77eeae26a75524bc1ec8745dec3780;0xc99cb97ef6b2ffddbc779ef7569f34aa102bdedd7aa20b477983a965b0cf3b47;0x27095acc;0x31b3cd0L;0.500000;1503086568;1503086568
0;16;8048;0x2358f6975c45137c23fc165ded68ec1b7c77eeae26a75524bc1ec8745dec3780;0xc99cb97ef6b2ffddbc779ef7569f34aa102bdedd7aa20b477983a965b0cf3b47;0x27095acc;0x31b3cd0L;0.500000;1503086568;1503086568
0;16;8048;0x2358f6975c45137c23fc165ded68ec1b7c77eeae26a75524bc1ec8745dec3780;0xc99cb97ef6b2ffddbc779ef7569f34aa102bdedd7aa20b477983a965b0cf3b47;0x27095acc;0x31b3cd0L;0.500000;1503086569;1503086569
0;16;8048;0xa5d6542aef9f2e3f527f56ad10c31a0bdfd467b7e19b575b7b31aa30fdae4aa2;0x84cfe4f2c1b5f3c39c0b2e1e3e90beeb8a5db8e578bd2e3695d9ced7be4f4af2;0xc2bb3851;0x31b3cd0L;0.500000;1503086569;1503086569
