0;16;8048;0x3236905a730bdc39ebb624a9b6b074ed825d308b058a09a21fa339332e865660;0x1aaed17cb49b19c9cbc032ca7d94d56cd3e43e396c6c4200a91a23752b784055;0xa8eb63c7;0x31b3cd0L;0.500000;1503098181;1503098181
0;16;8048;0x3236905a730bdc39ebb624a9b6b074ed825d308b058a09a21fa339332e865660;0x1aaed17cb49b19c9cbc032ca7d94d56cd3e43e396c6c4200a91a23752b784055;0xa8eb63c7;0x31b3cd0L;0.500000;1503098181;1503098181
0;16;8048;0x3236905a730bdc39ebb624a9b6b074ed825d308b058a09a21fa339332e865660;0x1aaed17cb49b19c9cbc032ca7d94d56cd3e43e396c6c4200a91a23752b784055;0xa8eb63c7;0x31b3cd0L;0.500000;1503098181;1503098182
0;16;8048;0xa2de67b4891b77a1644bc251ff24dc712119a6f83ca4f6c056ec3409d8796f7a;0x5807cf47cd79d59419b0ad9582640c810b6c64882f6976c6c0c0b21d1e6e4e3b;0x34000c83;0x31b3cd0L;0.500000;1503098182;1503098182
0;16;8048;0xa2de67b4891b77a1644bc251ff24dc712119a6f83ca4f6c056ec3409d8796f7a;0x5807cf47cd79d59419b0ad9582640c810b6c64882f6976c6c0c0b21d1e6e4e3b;0x34000c83;0x31b3cd0L;0.500000;1503098182;1503098182
0;16;8048;0xa2de67b4891b77a1644bc251ff24dc712119a6f83ca4f6c056ec3409d8796f7a;0x5807cf47cd79d59419b0ad9582640c810b6c64882f6976c6c0c0b21d1e6e4e3b;0x34000c83;0x31b3cd0L;0.500000;1503098182;1503098182
0;16;8048;0xa2de67b4891b77a1644bc251ff24dc712119a6f83ca4f6c056ec3409d8796f7a;0x5807cf47cd79d59419b0ad9582640c810b6c64882f6976c6c0c0b21d1e6e4e3b;0x34000c83;0x31b3cd0L;0.500000;1503098182;1503098182
0;16;8048;0xa2de67b4891b77a1644bc251ff24dc712119a6f83ca4f6c056ec3409d8796f7a;0x5807cf47cd79d59419b0ad9582640c810b6c64882f6976c6c0c0b21d1e6e4e3b;0x34000c83;0x31b3cd0L;0.500000;1503098182;1503098182
0;16;8048;0xa2de67b4891b77a1644bc251ff24dc712119a6f83ca4f6c056ec3409d8796f7a;0x5807cf47cd79d59419b0ad9582640c810b6c64882f6976c6c0c0b21d1e6e4e3b;0x34000c83;0x31b3cd0L;0.500000;1503098182;1503098182
0;16;8048;0xa2de67b4891b77a1644bc251ff24dc712119a6f83ca4f6c056ec3409d8796f7a;0x5807cf47cd79d59419b0ad9582640c810b6c64882f6976c6c0c0b21d1e6e4e3b;0x34000c83;0x31b3cd0L;0.500000;1503098182;1503098183
0;16;8048;0xd9c55a2b62195bf07a5a2fc3b668802b82c91cdbf69fd9204a42244749499922;0xd65efd4ca15b85e8eeded7f79c84b8ca1581286a5a8509a87ca755bebb0b5cce;0xdbbd6bb0;0x31b3cd0L;0.500000;1503098183;1503098183
0;16;8048;0xd9c55a2b62195bf07a5a2fc3b668802b82c91cdbf69fd9204a42244749499922;0xd65efd4ca15b85e8eeded7f79c84b8ca1581286a5a8509a87ca755bebb0b5cce;0xdbbd6bb0;0x31b3cd0L;0.500000;1503098183;1503098183
0;16;8048;0xd9c55a2b62195bf07a5a2fc3b668802b82c91cdbf69fd9204a42244749499922;0xd65efd4ca15b85e8eeded7f79c84b8ca1581286a5a8509a87ca755bebb0b5cce;0xdbbd6bb0;0x31b3cd0L;0.500000;1503098183;1503098183
0;16;8048;0xd9c55a2b62195bf07a5a2fc3b668802b82c91cdbf69fd9204a42244749499922;0xd65efd4ca15b85e8eeded7f79c84b8ca1581286a5a8509a87ca755bebb0b5cce;0xdbbd6bb0;0x31b3cd0L;0.500000;1503098183;1503098183
0;16;8048;0xd9c55a2b62195bf07a5a2fc3b668802b82c91cdbf69fd9204a42244749499922;0xd65efd4ca15b85e8eeded7f79c84b8ca1581286a5a8509a87ca755bebb0b5cce;0xdbbd6bb0;0x31b3cd0L;0.500000;1503098183;1503098183
0;16;8048;0xd9c55a2b62195bf07a5a2fc3b668802b82c91cdbf69fd9204a42244749499922;0xd65efd4ca15b85e8eeded7f79c84b8ca1581286a5a8509a87ca755bebb0b5cce;0xdbbd6bb0;0x31b3cd0L;0.500000;1503098183;1503098183
0;16;8048;0xd9c55a2b62195bf07a5a2fc3b668802b82c91cdbf69fd9204a42244749499922;0xd65efd4ca15b85e8eeded7f79c84b8ca1581286a5a8509a87ca755bebb0b5cce;0xdbbd6bb0;0x31b3cd0L;0.500000;1503098183;1503098184
0;16;8048;0xf07691a71a73c89210fd265a08767e0693b1d3e3830a09262001fa4c4ce9bd3c;0x15658741df7b5c7b6019ec6d496c94873ce647d1d2e6437261116ebaa5218f95;0x079b17f0;0x31b3cd0L;0.500000;1503098184;1503098184
0;16;8048;0xf07691a71a73c89210fd265a08767e0693b1d3e3830a09262001fa4c4ce9bd3c;0x15658741df7b5c7b6019ec6d496c94873ce647d1d2e6437261116ebaa5218f95;0x079b17f0;0x31b3cd0L;0.500000;1503098184;1503098184
0;16;8048;0xf07691a71a73c89210fd265a08767e0693b1d3e3830a09262001fa4c4ce9bd3c;0x15658741df7b5c7b6019ec6d496c94873ce647d1d2e6437261116ebaa5218f95;0x079b17f0;0x31b3cd0L;0.500000;1503098184;1503098184
