0;16;8048;0xbccf92fb54f6e05574d3e231026c6c5091bf4b77747446d941212ac8f7de27b3;0xd569c3fbd0713dc1d30f4dead83c86c3519540711e2e218b53db5f2c4fb0cd0b;0xa6557ab1;0x31b3cd0L;0.500000;1503137023;1503137023
0;16;8048;0xbccf92fb54f6e05574d3e231026c6c5091bf4b77747446d941212ac8f7de27b3;0xd569c3fbd0713dc1d30f4dead83c86c3519540711e2e218b53db5f2c4fb0cd0b;0xa6557ab1;0x31b3cd0L;0.500000;1503137023;1503137023
0;16;8048;0xbccf92fb54f6e05574d3e231026c6c5091bf4b77747446d941212ac8f7de27b3;0xd569c3fbd0713dc1d30f4dead83c86c3519540711e2e218b53db5f2c4fb0cd0b;0xa6557ab1;0x31b3cd0L;0.500000;1503137023;1503137023
0;16;8048;0xbccf92fb54f6e05574d3e231026c6c5091bf4b77747446d941212ac8f7de27b3;0xd569c3fbd0713dc1d30f4dead83c86c3519540711e2e218b53db5f2c4fb0cd0b;0xa6557ab1;0x31b3cd0L;0.500000;1503137023;1503137023
0;16;8048;0xbccf92fb54f6e05574d3e231026c6c5091bf4b77747446d941212ac8f7de27b3;0xd569c3fbd0713dc1d30f4dead83c86c3519540711e2e218b53db5f2c4fb0cd0b;0xa6557ab1;0x31b3cd0L;0.500000;1503137024;1503137024
0;16;8048;0x586efcb5c62744661cc380183b57c98ba8d99a18a229d083baaf1691827f11db;0xbdbf823f8fddde9769136dc5b9b21e85253c5b671a348e81d248cb1d374a1881;0xbaa6b7a6;0x31b3cd0L;0.500000;1503137024;1503137024
0;16;8048;0x586efcb5c62744661cc380183b57c98ba8d99a18a229d083baaf1691827f11db;0xbdbf823f8fddde9769136dc5b9b21e85253c5b671a348e81d248cb1d374a1881;0xbaa6b7a6;0x31b3cd0L;0.500000;1503137024;1503137024
0;16;8048;0x586efcb5c62744661cc380183b57c98ba8d99a18a229d083baaf1691827f11db;0xbdbf823f8fddde9769136dc5b9b21e85253c5b671a348e81d248cb1d374a1881;0xbaa6b7a6;0x31b3cd0L;0.500000;1503137024;1503137024
0;16;8048;0x586efcb5c62744661cc380183b57c98ba8d99a18a229d083baaf1691827f11db;0xbdbf823f8fddde9769136dc5b9b21e85253c5b671a348e81d248cb1d374a1881;0xbaa6b7a6;0x31b3cd0L;0.500000;1503137024;1503137024
0;16;8048;0x586efcb5c62744661cc380183b57c98ba8d99a18a229d083baaf1691827f11db;0xbdbf823f8fddde9769136dc5b9b21e85253c5b671a348e81d248cb1d374a1881;0xbaa6b7a6;0x31b3cd0L;0.500000;1503137024;1503137024
0;16;8048;0x586efcb5c62744661cc380183b57c98ba8d99a18a229d083baaf1691827f11db;0xbdbf823f8fddde9769136dc5b9b21e85253c5b671a348e81d248cb1d374a1881;0xbaa6b7a6;0x31b3cd0L;0.500000;1503137024;1503137024
0;16;8048;0x586efcb5c62744661cc380183b57c98ba8d99a18a229d083baaf1691827f11db;0xbdbf823f8fddde9769136dc5b9b21e85253c5b671a348e81d248cb1d374a1881;0xbaa6b7a6;0x31b3cd0L;0.500000;1503137024;1503137024
0;16;8048;0x586efcb5c62744661cc380183b57c98ba8d99a18a229d083baaf1691827f11db;0xbdbf823f8fddde9769136dc5b9b21e85253c5b671a348e81d248cb1d374a1881;0xbaa6b7a6;0x31b3cd0L;0.500000;1503137025;1503137025
0;16;8048;0x471b74991aad4132f0d01f847d5fbbf17bf1113e200cb3a124a7bb22179ce25e;0x1a663b374885e23105c5f9b066e3f1fb4b3d6c96febe4fbd6d3624ad28811443;0x2e9d69d2;0x31b3cd0L;0.500000;1503137025;1503137025
0;16;8048;0x471b74991aad4132f0d01f847d5fbbf17bf1113e200cb3a124a7bb22179ce25e;0x1a663b374885e23105c5f9b066e3f1fb4b3d6c96febe4fbd6d3624ad28811443;0x2e9d69d2;0x31b3cd0L;0.500000;1503137025;1503137025
0;16;8048;0x471b74991aad4132f0d01f847d5fbbf17bf1113e200cb3a124a7bb22179ce25e;0x1a663b374885e23105c5f9b066e3f1fb4b3d6c96febe4fbd6d3624ad28811443;0x2e9d69d2;0x31b3cd0L;0.500000;1503137025;1503137025
0;16;8048;0x471b74991aad4132f0d01f847d5fbbf17bf1113e200cb3a124a7bb22179ce25e;0x1a663b374885e23105c5f9b066e3f1fb4b3d6c96febe4fbd6d3624ad28811443;0x2e9d69d2;0x31b3cd0L;0.500000;1503137025;1503137025
0;16;8048;0x471b74991aad4132f0d01f847d5fbbf17bf1113e200cb3a124a7bb22179ce25e;0x1a663b374885e23105c5f9b066e3f1fb4b3d6c96febe4fbd6d3624ad28811443;0x2e9d69d2;0x31b3cd0L;0.500000;1503137025;1503137025
0;16;8048;0x471b74991aad4132f0d01f847d5fbbf17bf1113e200cb3a124a7bb22179ce25e;0x1a663b374885e23105c5f9b066e3f1fb4b3d6c96febe4fbd6d3624ad28811443;0x2e9d69d2;0x31b3cd0L;0.500000;1503137025;1503137025
0;16;8048;0x471b74991aad4132f0d01f847d5fbbf17bf1113e200cb3a124a7bb22179ce25e;0x1a663b374885e23105c5f9b066e3f1fb4b3d6c96febe4fbd6d3624ad28811443;0x2e9d69d2;0x31b3cd0L;0.500000;1503137025;1503137026
