0;16;8048;0x072133b7de577c88f2ad698a2491f5d41123a8d5af8d5a042099958c5374db5a;0x768ad78cb837f753b74f58cecae2bb98f36eb7f9aad34ffdc50d9aafa4d44e16;0x3d49b99d;0x31b3cd0L;0.500000;1503079595;1503079595
0;16;8048;0x072133b7de577c88f2ad698a2491f5d41123a8d5af8d5a042099958c5374db5a;0x768ad78cb837f753b74f58cecae2bb98f36eb7f9aad34ffdc50d9aafa4d44e16;0x3d49b99d;0x31b3cd0L;0.500000;1503079595;1503079595
0;16;8048;0x072133b7de577c88f2ad698a2491f5d41123a8d5af8d5a042099958c5374db5a;0x768ad78cb837f753b74f58cecae2bb98f36eb7f9aad34ffdc50d9aafa4d44e16;0x3d49b99d;0x31b3cd0L;0.500000;1503079595;1503079595
0;16;8048;0x072133b7de577c88f2ad698a2491f5d41123a8d5af8d5a042099958c5374db5a;0x768ad78cb837f753b74f58cecae2bb98f36eb7f9aad34ffdc50d9aafa4d44e16;0x3d49b99d;0x31b3cd0L;0.500000;1503079595;1503079596
0;16;8048;0x8c5e33f74aff5987a1cd3637559803315ea4aa188561abf65662fac4d2c5bd5e;0x9fd49905a904213771e0ca54182e68e77d2de0a741f1181eaddf97fbf98f9546;0x1df81dbc;0x31b3cd0L;0.500000;1503079596;1503079596
0;16;8048;0x8c5e33f74aff5987a1cd3637559803315ea4aa188561abf65662fac4d2c5bd5e;0x9fd49905a904213771e0ca54182e68e77d2de0a741f1181eaddf97fbf98f9546;0x1df81dbc;0x31b3cd0L;0.500000;1503079596;1503079596
0;16;8048;0x8c5e33f74aff5987a1cd3637559803315ea4aa188561abf65662fac4d2c5bd5e;0x9fd49905a904213771e0ca54182e68e77d2de0a741f1181eaddf97fbf98f9546;0x1df81dbc;0x31b3cd0L;0.500000;1503079596;1503079596
0;16;8048;0x8c5e33f74aff5987a1cd3637559803315ea4aa188561abf65662fac4d2c5bd5e;0x9fd49905a904213771e0ca54182e68e77d2de0a741f1181eaddf97fbf98f9546;0x1df81dbc;0x31b3cd0L;0.500000;1503079596;1503079596
0;16;8048;0x8c5e33f74aff5987a1cd3637559803315ea4aa188561abf65662fac4d2c5bd5e;0x9fd49905a904213771e0ca54182e68e77d2de0a741f1181eaddf97fbf98f9546;0x1df81dbc;0x31b3cd0L;0.500000;1503079596;1503079596
0;16;8048;0x8c5e33f74aff5987a1cd3637559803315ea4aa188561abf65662fac4d2c5bd5e;0x9fd49905a904213771e0ca54182e68e77d2de0a741f1181eaddf97fbf98f9546;0x1df81dbc;0x31b3cd0L;0.500000;1503079596;1503079597
0;16;8048;0x84adb1235c3f878d7ba1da06b8ee36c2ef94e292afe6d3bc418597ed7e638b02;0xa9eab6727c12207a54ffeefd242b7ded09f3f181c55c866832e2af29c11175e3;0x04ea64df;0x31b3cd0L;0.500000;1503079597;1503079597
0;16;8048;0x84adb1235c3f878d7ba1da06b8ee36c2ef94e292afe6d3bc418597ed7e638b02;0xa9eab6727c12207a54ffeefd242b7ded09f3f181c55c866832e2af29c11175e3;0x04ea64df;0x31b3cd0L;0.500000;1503079597;1503079597
0;16;8048;0x84adb1235c3f878d7ba1da06b8ee36c2ef94e292afe6d3bc418597ed7e638b02;0xa9eab6727c12207a54ffeefd242b7ded09f3f181c55c866832e2af29c11175e3;0x04ea64df;0x31b3cd0L;0.500000;1503079597;1503079597
0;16;8048;0x84adb1235c3f878d7ba1da06b8ee36c2ef94e292afe6d3bc418597ed7e638b02;0xa9eab6727c12207a54ffeefd242b7ded09f3f181c55c866832e2af29c11175e3;0x04ea64df;0x31b3cd0L;0.500000;1503079597;1503079597
0;16;8048;0x84adb1235c3f878d7ba1da06b8ee36c2ef94e292afe6d3bc418597ed7e638b02;0xa9eab6727c12207a54ffeefd242b7ded09f3f181c55c866832e2af29c11175e3;0x04ea64df;0x31b3cd0L;0.500000;1503079597;1503079597
0;16;8048;0x84adb1235c3f878d7ba1da06b8ee36c2ef94e292afe6d3bc418597ed7e638b02;0xa9eab6727c12207a54ffeefd242b7ded09f3f181c55c866832e2af29c11175e3;0x04ea64df;0x31b3cd0L;0.500000;1503079597;1503079597
0;16;8048;0x84adb1235c3f878d7ba1da06b8ee36c2ef94e292afe6d3bc418597ed7e638b02;0xa9eab6727c12207a54ffeefd242b7ded09f3f181c55c866832e2af29c11175e3;0x04ea64df;0x31b3cd0L;0.500000;1503079598;1503079598
0;16;8048;0x8dbdf8a1190d6e27980d337594311030025c328e9f4d5ced3426598c417831cf;0x6dc0dc4ce1ba8dfb52ebfafbdff80527d770ce78ab710f74ce46b227edd7e257;0x4ff861b1;0x31b3cd0L;0.500000;1503079598;1503079598
0;16;8048;0x8dbdf8a1190d6e27980d337594311030025c328e9f4d5ced3426598c417831cf;0x6dc0dc4ce1ba8dfb52ebfafbdff80527d770ce78ab710f74ce46b227edd7e257;0x4ff861b1;0x31b3cd0L;0.500000;1503079598;1503079598
0;16;8048;0x8dbdf8a1190d6e27980d337594311030025c328e9f4d5ced3426598c417831cf;0x6dc0dc4ce1ba8dfb52ebfafbdff80527d770ce78ab710f74ce46b227edd7e257;0x4ff861b1;0x31b3cd0L;0.500000;1503079598;1503079598
