0;16;8048;0x17eca10e4c80d4ba9f3974d55914d5065d07536092eb521db6e446896997fe80;0xe0c417842bf43e36d073b7d51a660845427d71fb3746453f9f4a0ba8b03a7e9b;0x7ee44136;0x31b3cd0L;0.500000;1503093526;1503093526
0;16;8048;0x17eca10e4c80d4ba9f3974d55914d5065d07536092eb521db6e446896997fe80;0xe0c417842bf43e36d073b7d51a660845427d71fb3746453f9f4a0ba8b03a7e9b;0x7ee44136;0x31b3cd0L;0.500000;1503093526;1503093526
0;16;8048;0x17eca10e4c80d4ba9f3974d55914d5065d07536092eb521db6e446896997fe80;0xe0c417842bf43e36d073b7d51a660845427d71fb3746453f9f4a0ba8b03a7e9b;0x7ee44136;0x31b3cd0L;0.500000;1503093526;1503093526
0;16;8048;0x17eca10e4c80d4ba9f3974d55914d5065d07536092eb521db6e446896997fe80;0xe0c417842bf43e36d073b7d51a660845427d71fb3746453f9f4a0ba8b03a7e9b;0x7ee44136;0x31b3cd0L;0.500000;1503093526;1503093526
0;16;8048;0x17eca10e4c80d4ba9f3974d55914d5065d07536092eb521db6e446896997fe80;0xe0c417842bf43e36d073b7d51a660845427d71fb3746453f9f4a0ba8b03a7e9b;0x7ee44136;0x31b3cd0L;0.500000;1503093526;1503093526
0;16;8048;0x17eca10e4c80d4ba9f3974d55914d5065d07536092eb521db6e446896997fe80;0xe0c417842bf43e36d073b7d51a660845427d71fb3746453f9f4a0ba8b03a7e9b;0x7ee44136;0x31b3cd0L;0.500000;1503093526;1503093526
0;16;8048;0x17eca10e4c80d4ba9f3974d55914d5065d07536092eb521db6e446896997fe80;0xe0c417842bf43e36d073b7d51a660845427d71fb3746453f9f4a0ba8b03a7e9b;0x7ee44136;0x31b3cd0L;0.500000;1503093527;1503093527
0;16;8048;0x32b41393d41ed9160d40fd488177ba3cbff8955c8be64c246a4e2d1a95ce06c7;0x6ad665d45d3314291a8309ab64d18da2d9243582853fa8b3214b1ddc9ec40e04;0xabe2dbb6;0x31b3cd0L;0.500000;1503093527;1503093527
0;16;8048;0x32b41393d41ed9160d40fd488177ba3cbff8955c8be64c246a4e2d1a95ce06c7;0x6ad665d45d3314291a8309ab64d18da2d9243582853fa8b3214b1ddc9ec40e04;0xabe2dbb6;0x31b3cd0L;0.500000;1503093527;1503093527
0;16;8048;0x32b41393d41ed9160d40fd488177ba3cbff8955c8be64c246a4e2d1a95ce06c7;0x6ad665d45d3314291a8309ab64d18da2d9243582853fa8b3214b1ddc9ec40e04;0xabe2dbb6;0x31b3cd0L;0.500000;1503093527;1503093527
0;16;8048;0x32b41393d41ed9160d40fd488177ba3cbff8955c8be64c246a4e2d1a95ce06c7;0x6ad665d45d3314291a8309ab64d18da2d9243582853fa8b3214b1ddc9ec40e04;0xabe2dbb6;0x31b3cd0L;0.500000;1503093527;1503093527
0;16;8048;0x32b41393d41ed9160d40fd488177ba3cbff8955c8be64c246a4e2d1a95ce06c7;0x6ad665d45d3314291a8309ab64d18da2d9243582853fa8b3214b1ddc9ec40e04;0xabe2dbb6;0x31b3cd0L;0.500000;1503093527;1503093527
0;16;8048;0x32b41393d41ed9160d40fd488177ba3cbff8955c8be64c246a4e2d1a95ce06c7;0x6ad665d45d3314291a8309ab64d18da2d9243582853fa8b3214b1ddc9ec40e04;0xabe2dbb6;0x31b3cd0L;0.500000;1503093527;1503093527
0;16;8048;0x32b41393d41ed9160d40fd488177ba3cbff8955c8be64c246a4e2d1a95ce06c7;0x6ad665d45d3314291a8309ab64d18da2d9243582853fa8b3214b1ddc9ec40e04;0xabe2dbb6;0x31b3cd0L;0.500000;1503093527;1503093527
0;16;8048;0x32b41393d41ed9160d40fd488177ba3cbff8955c8be64c246a4e2d1a95ce06c7;0x6ad665d45d3314291a8309ab64d18da2d9243582853fa8b3214b1ddc9ec40e04;0xabe2dbb6;0x31b3cd0L;0.500000;1503093527;1503093528
0;16;8048;0xcd834c53f43c7206f17be5d8c83be0f5183d2bacf4524fbbc8f7ab665d3e3b2a;0xf330ed33205187adb91f1c9825f3051ead7c42a1585d870e5123508fbad9cd63;0xc2641d5d;0x31b3cd0L;0.500000;1503093528;1503093528
0;16;8048;0xcd834c53f43c7206f17be5d8c83be0f5183d2bacf4524fbbc8f7ab665d3e3b2a;0xf330ed33205187adb91f1c9825f3051ead7c42a1585d870e5123508fbad9cd63;0xc2641d5d;0x31b3cd0L;0.500000;1503093528;1503093528
0;16;8048;0xcd834c53f43c7206f17be5d8c83be0f5183d2bacf4524fbbc8f7ab665d3e3b2a;0xf330ed33205187adb91f1c9825f3051ead7c42a1585d870e5123508fbad9cd63;0xc2641d5d;0x31b3cd0L;0.500000;1503093528;1503093528
0;16;8048;0xcd834c53f43c7206f17be5d8c83be0f5183d2bacf4524fbbc8f7ab665d3e3b2a;0xf330ed33205187adb91f1c9825f3051ead7c42a1585d870e5123508fbad9cd63;0xc2641d5d;0x31b3cd0L;0.500000;1503093528;1503093528
0;16;8048;0xcd834c53f43c7206f17be5d8c83be0f5183d2bacf4524fbbc8f7ab665d3e3b2a;0xf330ed33205187adb91f1c9825f3051ead7c42a1585d870e5123508fbad9cd63;0xc2641d5d;0x31b3cd0L;0.500000;1503093528;1503093528
