0;16;8048;0x5fa218374dabccd534da186026e38153832051f2f29706ae8ef726e7f35cbc53;0x132abbd2014375c0943d40ce85ce3e6aa3ae0086cbdafbabede64e1e8ce28bda;0x7c91989f;0x31b3cd0L;0.500000;1503073822;1503073822
0;16;8048;0x5fa218374dabccd534da186026e38153832051f2f29706ae8ef726e7f35cbc53;0x132abbd2014375c0943d40ce85ce3e6aa3ae0086cbdafbabede64e1e8ce28bda;0x7c91989f;0x31b3cd0L;0.500000;1503073822;1503073822
0;16;8048;0x5fa218374dabccd534da186026e38153832051f2f29706ae8ef726e7f35cbc53;0x132abbd2014375c0943d40ce85ce3e6aa3ae0086cbdafbabede64e1e8ce28bda;0x7c91989f;0x31b3cd0L;0.500000;1503073822;1503073823
0;16;8048;0x8b817643a11a64a15be39a9d32d22bd28d02880dac71ab16caa8a1cfb03f513b;0x2e52b0b3f69875a86bf038b1264734f3e9866f8e3e3b20ac634e24e4d02e9c46;0x464fdad1;0x31b3cd0L;0.500000;1503073823;1503073823
0;16;8048;0x8b817643a11a64a15be39a9d32d22bd28d02880dac71ab16caa8a1cfb03f513b;0x2e52b0b3f69875a86bf038b1264734f3e9866f8e3e3b20ac634e24e4d02e9c46;0x464fdad1;0x31b3cd0L;0.500000;1503073823;1503073823
0;16;8048;0x8b817643a11a64a15be39a9d32d22bd28d02880dac71ab16caa8a1cfb03f513b;0x2e52b0b3f69875a86bf038b1264734f3e9866f8e3e3b20ac634e24e4d02e9c46;0x464fdad1;0x31b3cd0L;0.500000;1503073823;1503073823
0;16;8048;0x8b817643a11a64a15be39a9d32d22bd28d02880dac71ab16caa8a1cfb03f513b;0x2e52b0b3f69875a86bf038b1264734f3e9866f8e3e3b20ac634e24e4d02e9c46;0x464fdad1;0x31b3cd0L;0.500000;1503073823;1503073823
0;16;8048;0x8b817643a11a64a15be39a9d32d22bd28d02880dac71ab16caa8a1cfb03f513b;0x2e52b0b3f69875a86bf038b1264734f3e9866f8e3e3b20ac634e24e4d02e9c46;0x464fdad1;0x31b3cd0L;0.500000;1503073823;1503073823
0;16;8048;0x8b817643a11a64a15be39a9d32d22bd28d02880dac71ab16caa8a1cfb03f513b;0x2e52b0b3f69875a86bf038b1264734f3e9866f8e3e3b20ac634e24e4d02e9c46;0x464fdad1;0x31b3cd0L;0.500000;1503073823;1503073823
0;16;8048;0x8b817643a11a64a15be39a9d32d22bd28d02880dac71ab16caa8a1cfb03f513b;0x2e52b0b3f69875a86bf038b1264734f3e9866f8e3e3b20ac634e24e4d02e9c46;0x464fdad1;0x31b3cd0L;0.500000;1503073823;1503073823
0;16;8048;0x8b817643a11a64a15be39a9d32d22bd28d02880dac71ab16caa8a1cfb03f513b;0x2e52b0b3f69875a86bf038b1264734f3e9866f8e3e3b20ac634e24e4d02e9c46;0x464fdad1;0x31b3cd0L;0.500000;1503073823;1503073824
0;16;8048;0x1cb831fb12738f3bfd231f2db606fee9c1df503ef9cf12c1f593138e5fb0697b;0xe9ac5202acfd89286c2f633f7ac56c384099975f5df68c7a11a5f2193180412e;0x9fe12fef;0x31b3cd0L;0.500000;1503073824;1503073824
0;16;8048;0x1cb831fb12738f3bfd231f2db606fee9c1df503ef9cf12c1f593138e5fb0697b;0xe9ac5202acfd89286c2f633f7ac56c384099975f5df68c7a11a5f2193180412e;0x9fe12fef;0x31b3cd0L;0.500000;1503073824;1503073824
0;16;8048;0x1cb831fb12738f3bfd231f2db606fee9c1df503ef9cf12c1f593138e5fb0697b;0xe9ac5202acfd89286c2f633f7ac56c384099975f5df68c7a11a5f2193180412e;0x9fe12fef;0x31b3cd0L;0.500000;1503073824;1503073824
0;16;8048;0x1cb831fb12738f3bfd231f2db606fee9c1df503ef9cf12c1f593138e5fb0697b;0xe9ac5202acfd89286c2f633f7ac56c384099975f5df68c7a11a5f2193180412e;0x9fe12fef;0x31b3cd0L;0.500000;1503073824;1503073824
0;16;8048;0x1cb831fb12738f3bfd231f2db606fee9c1df503ef9cf12c1f593138e5fb0697b;0xe9ac5202acfd89286c2f633f7ac56c384099975f5df68c7a11a5f2193180412e;0x9fe12fef;0x31b3cd0L;0.500000;1503073824;1503073824
0;16;8048;0x1cb831fb12738f3bfd231f2db606fee9c1df503ef9cf12c1f593138e5fb0697b;0xe9ac5202acfd89286c2f633f7ac56c384099975f5df68c7a11a5f2193180412e;0x9fe12fef;0x31b3cd0L;0.500000;1503073824;1503073824
0;16;8048;0x1cb831fb12738f3bfd231f2db606fee9c1df503ef9cf12c1f593138e5fb0697b;0xe9ac5202acfd89286c2f633f7ac56c384099975f5df68c7a11a5f2193180412e;0x9fe12fef;0x31b3cd0L;0.500000;1503073824;1503073825
0;16;8048;0xb5f2f90cac7dace79fa6410e78d2453c1b4a188ebd1f209b8808d759fa3c66af;0xde6ffff4a13c6a95ba082192e513d20d97570c8b45cd11342a2b1885a47448a2;0x29157b56;0x31b3cd0L;0.500000;1503073825;1503073825
0;16;8048;0xb5f2f90cac7dace79fa6410e78d2453c1b4a188ebd1f209b8808d759fa3c66af;0xde6ffff4a13c6a95ba082192e513d20d97570c8b45cd11342a2b1885a47448a2;0x29157b56;0x31b3cd0L;0.500000;1503073825;1503073825
