0;16;8048;0x39ef091291aa84f4dc27aa3d0b6a6c6244ac2bbf357bd16cd78bf3d8890303c3;0xf08594a1095a4d00f2848a332c5692d1b37c30a11f02c29a4145f1522b339f39;0xeda36040;0x31b3cd0L;0.500000;1503099474;1503099474
0;16;8048;0x39ef091291aa84f4dc27aa3d0b6a6c6244ac2bbf357bd16cd78bf3d8890303c3;0xf08594a1095a4d00f2848a332c5692d1b37c30a11f02c29a4145f1522b339f39;0xeda36040;0x31b3cd0L;0.500000;1503099474;1503099474
0;16;8048;0x39ef091291aa84f4dc27aa3d0b6a6c6244ac2bbf357bd16cd78bf3d8890303c3;0xf08594a1095a4d00f2848a332c5692d1b37c30a11f02c29a4145f1522b339f39;0xeda36040;0x31b3cd0L;0.500000;1503099474;1503099474
0;16;8048;0x39ef091291aa84f4dc27aa3d0b6a6c6244ac2bbf357bd16cd78bf3d8890303c3;0xf08594a1095a4d00f2848a332c5692d1b37c30a11f02c29a4145f1522b339f39;0xeda36040;0x31b3cd0L;0.500000;1503099474;1503099474
0;16;8048;0x39ef091291aa84f4dc27aa3d0b6a6c6244ac2bbf357bd16cd78bf3d8890303c3;0xf08594a1095a4d00f2848a332c5692d1b37c30a11f02c29a4145f1522b339f39;0xeda36040;0x31b3cd0L;0.500000;1503099474;1503099474
0;16;8048;0x39ef091291aa84f4dc27aa3d0b6a6c6244ac2bbf357bd16cd78bf3d8890303c3;0xf08594a1095a4d00f2848a332c5692d1b37c30a11f02c29a4145f1522b339f39;0xeda36040;0x31b3cd0L;0.500000;1503099474;1503099474
0;16;8048;0x39ef091291aa84f4dc27aa3d0b6a6c6244ac2bbf357bd16cd78bf3d8890303c3;0xf08594a1095a4d00f2848a332c5692d1b37c30a11f02c29a4145f1522b339f39;0xeda36040;0x31b3cd0L;0.500000;1503099474;1503099474
0;16;8048;0x39ef091291aa84f4dc27aa3d0b6a6c6244ac2bbf357bd16cd78bf3d8890303c3;0xf08594a1095a4d00f2848a332c5692d1b37c30a11f02c29a4145f1522b339f39;0xeda36040;0x31b3cd0L;0.500000;1503099475;1503099475
0;16;8048;0x1f9745fe88ab85ecefeec951020f38d5949f7a5d80fdb5bc2df201dbfaa1d31a;0x7a7e856ecb22374d2b2ac0ab379707bfb395b3c9b7d60881ee99f64ce0fd2009;0xb84554c6;0x31b3cd0L;0.500000;1503099475;1503099475
0;16;8048;0x1f9745fe88ab85ecefeec951020f38d5949f7a5d80fdb5bc2df201dbfaa1d31a;0x7a7e856ecb22374d2b2ac0ab379707bfb395b3c9b7d60881ee99f64ce0fd2009;0xb84554c6;0x31b3cd0L;0.500000;1503099475;1503099475
0;16;8048;0x1f9745fe88ab85ecefeec951020f38d5949f7a5d80fdb5bc2df201dbfaa1d31a;0x7a7e856ecb22374d2b2ac0ab379707bfb395b3c9b7d60881ee99f64ce0fd2009;0xb84554c6;0x31b3cd0L;0.500000;1503099475;1503099475
0;16;8048;0x1f9745fe88ab85ecefeec951020f38d5949f7a5d80fdb5bc2df201dbfaa1d31a;0x7a7e856ecb22374d2b2ac0ab379707bfb395b3c9b7d60881ee99f64ce0fd2009;0xb84554c6;0x31b3cd0L;0.500000;1503099475;1503099475
0;16;8048;0x1f9745fe88ab85ecefeec951020f38d5949f7a5d80fdb5bc2df201dbfaa1d31a;0x7a7e856ecb22374d2b2ac0ab379707bfb395b3c9b7d60881ee99f64ce0fd2009;0xb84554c6;0x31b3cd0L;0.500000;1503099475;1503099475
0;16;8048;0x1f9745fe88ab85ecefeec951020f38d5949f7a5d80fdb5bc2df201dbfaa1d31a;0x7a7e856ecb22374d2b2ac0ab379707bfb395b3c9b7d60881ee99f64ce0fd2009;0xb84554c6;0x31b3cd0L;0.500000;1503099475;1503099475
0;16;8048;0x1f9745fe88ab85ecefeec951020f38d5949f7a5d80fdb5bc2df201dbfaa1d31a;0x7a7e856ecb22374d2b2ac0ab379707bfb395b3c9b7d60881ee99f64ce0fd2009;0xb84554c6;0x31b3cd0L;0.500000;1503099475;1503099476
0;16;8048;0x72b4b00def3bddf1b00c1746f7be94bbb9d2c9dd433f33dd95475ef82d7b8ea0;0x70c4dcfcfa083b513bde099c18c81e24380b5217130663405946bba140ccb11d;0xf04bf413;0x31b3cd0L;0.500000;1503099476;1503099476
0;16;8048;0x72b4b00def3bddf1b00c1746f7be94bbb9d2c9dd433f33dd95475ef82d7b8ea0;0x70c4dcfcfa083b513bde099c18c81e24380b5217130663405946bba140ccb11d;0xf04bf413;0x31b3cd0L;0.500000;1503099476;1503099476
0;16;8048;0x72b4b00def3bddf1b00c1746f7be94bbb9d2c9dd433f33dd95475ef82d7b8ea0;0x70c4dcfcfa083b513bde099c18c81e24380b5217130663405946bba140ccb11d;0xf04bf413;0x31b3cd0L;0.500000;1503099476;1503099476
0;16;8048;0x72b4b00def3bddf1b00c1746f7be94bbb9d2c9dd433f33dd95475ef82d7b8ea0;0x70c4dcfcfa083b513bde099c18c81e24380b5217130663405946bba140ccb11d;0xf04bf413;0x31b3cd0L;0.500000;1503099476;1503099476
0;16;8048;0x72b4b00def3bddf1b00c1746f7be94bbb9d2c9dd433f33dd95475ef82d7b8ea0;0x70c4dcfcfa083b513bde099c18c81e24380b5217130663405946bba140ccb11d;0xf04bf413;0x31b3cd0L;0.500000;1503099476;1503099476
