0;16;8048;0xcad7ace78db8538ac8c7c78fe87550d8f6943a4e76de10d80e046ad75b469425;0x5fd0083e7c9c8ee6554c677beba6d99d93c0beac7f74b8800634bd438529edcf;0x66ab03ce;0x31b3cd0L;0.500000;1503112694;1503112694
0;16;8048;0xcad7ace78db8538ac8c7c78fe87550d8f6943a4e76de10d80e046ad75b469425;0x5fd0083e7c9c8ee6554c677beba6d99d93c0beac7f74b8800634bd438529edcf;0x66ab03ce;0x31b3cd0L;0.500000;1503112694;1503112695
0;16;8048;0x50e2115f42d63a60f4dd716d62a16b6b4f1c8f0fddb58a22450c7ba517ed6968;0xed915c4bdde7d91c032c48296683ec35fab16adae61e6b9450fb4983a8a689a8;0x358c23cc;0x31b3cd0L;0.500000;1503112695;1503112695
0;16;8048;0x50e2115f42d63a60f4dd716d62a16b6b4f1c8f0fddb58a22450c7ba517ed6968;0xed915c4bdde7d91c032c48296683ec35fab16adae61e6b9450fb4983a8a689a8;0x358c23cc;0x31b3cd0L;0.500000;1503112695;1503112695
0;16;8048;0x50e2115f42d63a60f4dd716d62a16b6b4f1c8f0fddb58a22450c7ba517ed6968;0xed915c4bdde7d91c032c48296683ec35fab16adae61e6b9450fb4983a8a689a8;0x358c23cc;0x31b3cd0L;0.500000;1503112695;1503112695
0;16;8048;0x50e2115f42d63a60f4dd716d62a16b6b4f1c8f0fddb58a22450c7ba517ed6968;0xed915c4bdde7d91c032c48296683ec35fab16adae61e6b9450fb4983a8a689a8;0x358c23cc;0x31b3cd0L;0.500000;1503112695;1503112695
0;16;8048;0x50e2115f42d63a60f4dd716d62a16b6b4f1c8f0fddb58a22450c7ba517ed6968;0xed915c4bdde7d91c032c48296683ec35fab16adae61e6b9450fb4983a8a689a8;0x358c23cc;0x31b3cd0L;0.500000;1503112695;1503112695
0;16;8048;0x50e2115f42d63a60f4dd716d62a16b6b4f1c8f0fddb58a22450c7ba517ed6968;0xed915c4bdde7d91c032c48296683ec35fab16adae61e6b9450fb4983a8a689a8;0x358c23cc;0x31b3cd0L;0.500000;1503112695;1503112695
0;16;8048;0x50e2115f42d63a60f4dd716d62a16b6b4f1c8f0fddb58a22450c7ba517ed6968;0xed915c4bdde7d91c032c48296683ec35fab16adae61e6b9450fb4983a8a689a8;0x358c23cc;0x31b3cd0L;0.500000;1503112695;1503112695
0;16;8048;0x50e2115f42d63a60f4dd716d62a16b6b4f1c8f0fddb58a22450c7ba517ed6968;0xed915c4bdde7d91c032c48296683ec35fab16adae61e6b9450fb4983a8a689a8;0x358c23cc;0x31b3cd0L;0.500000;1503112695;1503112696
0;16;8048;0x5430616fafddcb9711c82c6e5c6234e9007b4b887346525b56c481cccb4d9c1f;0xe845a598d6c3488517c6d0e242e77f47caa8a5f32fda2ebe708107146f4d8831;0x1161ece5;0x31b3cd0L;0.500000;1503112696;1503112696
0;16;8048;0x5430616fafddcb9711c82c6e5c6234e9007b4b887346525b56c481cccb4d9c1f;0xe845a598d6c3488517c6d0e242e77f47caa8a5f32fda2ebe708107146f4d8831;0x1161ece5;0x31b3cd0L;0.500000;1503112696;1503112696
0;16;8048;0x5430616fafddcb9711c82c6e5c6234e9007b4b887346525b56c481cccb4d9c1f;0xe845a598d6c3488517c6d0e242e77f47caa8a5f32fda2ebe708107146f4d8831;0x1161ece5;0x31b3cd0L;0.500000;1503112696;1503112696
0;16;8048;0x5430616fafddcb9711c82c6e5c6234e9007b4b887346525b56c481cccb4d9c1f;0xe845a598d6c3488517c6d0e242e77f47caa8a5f32fda2ebe708107146f4d8831;0x1161ece5;0x31b3cd0L;0.500000;1503112696;1503112696
0;16;8048;0x5430616fafddcb9711c82c6e5c6234e9007b4b887346525b56c481cccb4d9c1f;0xe845a598d6c3488517c6d0e242e77f47caa8a5f32fda2ebe708107146f4d8831;0x1161ece5;0x31b3cd0L;0.500000;1503112696;1503112696
0;16;8048;0x5430616fafddcb9711c82c6e5c6234e9007b4b887346525b56c481cccb4d9c1f;0xe845a598d6c3488517c6d0e242e77f47caa8a5f32fda2ebe708107146f4d8831;0x1161ece5;0x31b3cd0L;0.500000;1503112696;1503112696
0;16;8048;0x5430616fafddcb9711c82c6e5c6234e9007b4b887346525b56c481cccb4d9c1f;0xe845a598d6c3488517c6d0e242e77f47caa8a5f32fda2ebe708107146f4d8831;0x1161ece5;0x31b3cd0L;0.500000;1503112696;1503112696
0;16;8048;0x5430616fafddcb9711c82c6e5c6234e9007b4b887346525b56c481cccb4d9c1f;0xe845a598d6c3488517c6d0e242e77f47caa8a5f32fda2ebe708107146f4d8831;0x1161ece5;0x31b3cd0L;0.500000;1503112696;1503112696
0;16;8048;0x5430616fafddcb9711c82c6e5c6234e9007b4b887346525b56c481cccb4d9c1f;0xe845a598d6c3488517c6d0e242e77f47caa8a5f32fda2ebe708107146f4d8831;0x1161ece5;0x31b3cd0L;0.500000;1503112697;1503112697
0;16;8048;0xce80fd768dc52c7840275c8f3c9f2c9eac4cc318253ee7bebb823c424d428b1b;0xdd193f7b6c750a58629bf8498b040227769f880903bc71273b1c34fbfc77412a;0xb5ce4f1f;0x31b3cd0L;0.500000;1503112697;1503112697
