0;16;8048;0xa105ef72c3f9e7a604e573a47272329ee5a0020c3871ccfb14c47a1fcb9b016c;0xc81ec68e8b1812f7dc47b902590b8418cceb92f0a8ae5146939c3a9572a28ca5;0x39ce3fe1;0x31b3cd0L;0.500000;1503117933;1503117934
0;16;8048;0x381c4ceb0ff299d007ba34dd4e2c553d71f70743cce9016e946d2270896171c1;0xbbb8207227f5f30320d22d486e5dc11b5eb6a713ad07500dcccce75dbe322663;0x814d1c2f;0x31b3cd0L;0.500000;1503117934;1503117934
0;16;8048;0x381c4ceb0ff299d007ba34dd4e2c553d71f70743cce9016e946d2270896171c1;0xbbb8207227f5f30320d22d486e5dc11b5eb6a713ad07500dcccce75dbe322663;0x814d1c2f;0x31b3cd0L;0.500000;1503117934;1503117934
0;16;8048;0x381c4ceb0ff299d007ba34dd4e2c553d71f70743cce9016e946d2270896171c1;0xbbb8207227f5f30320d22d486e5dc11b5eb6a713ad07500dcccce75dbe322663;0x814d1c2f;0x31b3cd0L;0.500000;1503117934;1503117934
0;16;8048;0x381c4ceb0ff299d007ba34dd4e2c553d71f70743cce9016e946d2270896171c1;0xbbb8207227f5f30320d22d486e5dc11b5eb6a713ad07500dcccce75dbe322663;0x814d1c2f;0x31b3cd0L;0.500000;1503117934;1503117934
0;16;8048;0x381c4ceb0ff299d007ba34dd4e2c553d71f70743cce9016e946d2270896171c1;0xbbb8207227f5f30320d22d486e5dc11b5eb6a713ad07500dcccce75dbe322663;0x814d1c2f;0x31b3cd0L;0.500000;1503117934;1503117934
0;16;8048;0x381c4ceb0ff299d007ba34dd4e2c553d71f70743cce9016e946d2270896171c1;0xbbb8207227f5f30320d22d486e5dc11b5eb6a713ad07500dcccce75dbe322663;0x814d1c2f;0x31b3cd0L;0.500000;1503117934;1503117934
0;16;8048;0x381c4ceb0ff299d007ba34dd4e2c553d71f70743cce9016e946d2270896171c1;0xbbb8207227f5f30320d22d486e5dc11b5eb6a713ad07500dcccce75dbe322663;0x814d1c2f;0x31b3cd0L;0.500000;1503117934;1503117934
0;16;8048;0x381c4ceb0ff299d007ba34dd4e2c553d71f70743cce9016e946d2270896171c1;0xbbb8207227f5f30320d22d486e5dc11b5eb6a713ad07500dcccce75dbe322663;0x814d1c2f;0x31b3cd0L;0.500000;1503117935;1503117935
0;16;8048;0xd79575658a66d23c2061cde3d06290a04e87c63347060d23b1cebf8a42b6a619;0xedb346460e7a42d005fcf4f46b618344740a81a22e992dc7588db47ed96c821f;0x01626201;0x31b3cd0L;0.500000;1503117935;1503117935
0;16;8048;0xd79575658a66d23c2061cde3d06290a04e87c63347060d23b1cebf8a42b6a619;0xedb346460e7a42d005fcf4f46b618344740a81a22e992dc7588db47ed96c821f;0x01626201;0x31b3cd0L;0.500000;1503117935;1503117935
0;16;8048;0xd79575658a66d23c2061cde3d06290a04e87c63347060d23b1cebf8a42b6a619;0xedb346460e7a42d005fcf4f46b618344740a81a22e992dc7588db47ed96c821f;0x01626201;0x31b3cd0L;0.500000;1503117935;1503117935
0;16;8048;0xd79575658a66d23c2061cde3d06290a04e87c63347060d23b1cebf8a42b6a619;0xedb346460e7a42d005fcf4f46b618344740a81a22e992dc7588db47ed96c821f;0x01626201;0x31b3cd0L;0.500000;1503117935;1503117935
0;16;8048;0xd79575658a66d23c2061cde3d06290a04e87c63347060d23b1cebf8a42b6a619;0xedb346460e7a42d005fcf4f46b618344740a81a22e992dc7588db47ed96c821f;0x01626201;0x31b3cd0L;0.500000;1503117935;1503117935
0;16;8048;0xd79575658a66d23c2061cde3d06290a04e87c63347060d23b1cebf8a42b6a619;0xedb346460e7a42d005fcf4f46b618344740a81a22e992dc7588db47ed96c821f;0x01626201;0x31b3cd0L;0.500000;1503117935;1503117935
0;16;8048;0xd79575658a66d23c2061cde3d06290a04e87c63347060d23b1cebf8a42b6a619;0xedb346460e7a42d005fcf4f46b618344740a81a22e992dc7588db47ed96c821f;0x01626201;0x31b3cd0L;0.500000;1503117935;1503117936
0;16;8048;0xb6ea571dac3b4d7fc0856d5f5376891eac0c49d99d3a4c0e95c47dd52654d9dc;0xd64791b62338b08198206e36720babddf9b4c9e63291c0258c1f1d082fa8ca10;0x242be496;0x31b3cd0L;0.500000;1503117936;1503117936
0;16;8048;0xb6ea571dac3b4d7fc0856d5f5376891eac0c49d99d3a4c0e95c47dd52654d9dc;0xd64791b62338b08198206e36720babddf9b4c9e63291c0258c1f1d082fa8ca10;0x242be496;0x31b3cd0L;0.500000;1503117936;1503117936
0;16;8048;0xb6ea571dac3b4d7fc0856d5f5376891eac0c49d99d3a4c0e95c47dd52654d9dc;0xd64791b62338b08198206e36720babddf9b4c9e63291c0258c1f1d082fa8ca10;0x242be496;0x31b3cd0L;0.500000;1503117936;1503117936
0;16;8048;0xb6ea571dac3b4d7fc0856d5f5376891eac0c49d99d3a4c0e95c47dd52654d9dc;0xd64791b62338b08198206e36720babddf9b4c9e63291c0258c1f1d082fa8ca10;0x242be496;0x31b3cd0L;0.500000;1503117936;1503117936
