0;16;8048;0x01bb7b320aad77655025de46cae8a20ed1fea96d98984437ebbacf58ba6a67bb;0xd91e4d1044dbd29e5ba434eac8c5c73049c4a41cbb5a78d7894ac73f38f0b271;0x15c16960;0x31b3cd0L;0.500000;1503141606;1503141606
0;16;8048;0x01bb7b320aad77655025de46cae8a20ed1fea96d98984437ebbacf58ba6a67bb;0xd91e4d1044dbd29e5ba434eac8c5c73049c4a41cbb5a78d7894ac73f38f0b271;0x15c16960;0x31b3cd0L;0.500000;1503141606;1503141606
0;16;8048;0x01bb7b320aad77655025de46cae8a20ed1fea96d98984437ebbacf58ba6a67bb;0xd91e4d1044dbd29e5ba434eac8c5c73049c4a41cbb5a78d7894ac73f38f0b271;0x15c16960;0x31b3cd0L;0.500000;1503141606;1503141606
0;16;8048;0x01bb7b320aad77655025de46cae8a20ed1fea96d98984437ebbacf58ba6a67bb;0xd91e4d1044dbd29e5ba434eac8c5c73049c4a41cbb5a78d7894ac73f38f0b271;0x15c16960;0x31b3cd0L;0.500000;1503141606;1503141606
0;16;8048;0x01bb7b320aad77655025de46cae8a20ed1fea96d98984437ebbacf58ba6a67bb;0xd91e4d1044dbd29e5ba434eac8c5c73049c4a41cbb5a78d7894ac73f38f0b271;0x15c16960;0x31b3cd0L;0.500000;1503141606;1503141606
0;16;8048;0x01bb7b320aad77655025de46cae8a20ed1fea96d98984437ebbacf58ba6a67bb;0xd91e4d1044dbd29e5ba434eac8c5c73049c4a41cbb5a78d7894ac73f38f0b271;0x15c16960;0x31b3cd0L;0.500000;1503141606;1503141606
0;16;8048;0x01bb7b320aad77655025de46cae8a20ed1fea96d98984437ebbacf58ba6a67bb;0xd91e4d1044dbd29e5ba434eac8c5c73049c4a41cbb5a78d7894ac73f38f0b271;0x15c16960;0x31b3cd0L;0.500000;1503141606;1503141606
0;16;8048;0x01bb7b320aad77655025de46cae8a20ed1fea96d98984437ebbacf58ba6a67bb;0xd91e4d1044dbd29e5ba434eac8c5c73049c4a41cbb5a78d7894ac73f38f0b271;0x15c16960;0x31b3cd0L;0.500000;1503141606;1503141607
0;16;8048;0xc0a7b4e73a1f17aaac0349604fb166584aec1604c78afc9a15c481022cf7afec;0xaa8de5c6d10d5f4213c5a5a6994515199e927526e8d59c5d9c2ab7b67c5f3c70;0xbf350b71;0x31b3cd0L;0.500000;1503141607;1503141607
0;16;8048;0xc0a7b4e73a1f17aaac0349604fb166584aec1604c78afc9a15c481022cf7afec;0xaa8de5c6d10d5f4213c5a5a6994515199e927526e8d59c5d9c2ab7b67c5f3c70;0xbf350b71;0x31b3cd0L;0.500000;1503141607;1503141607
0;16;8048;0xc0a7b4e73a1f17aaac0349604fb166584aec1604c78afc9a15c481022cf7afec;0xaa8de5c6d10d5f4213c5a5a6994515199e927526e8d59c5d9c2ab7b67c5f3c70;0xbf350b71;0x31b3cd0L;0.500000;1503141607;1503141607
0;16;8048;0xc0a7b4e73a1f17aaac0349604fb166584aec1604c78afc9a15c481022cf7afec;0xaa8de5c6d10d5f4213c5a5a6994515199e927526e8d59c5d9c2ab7b67c5f3c70;0xbf350b71;0x31b3cd0L;0.500000;1503141607;1503141607
0;16;8048;0xc0a7b4e73a1f17aaac0349604fb166584aec1604c78afc9a15c481022cf7afec;0xaa8de5c6d10d5f4213c5a5a6994515199e927526e8d59c5d9c2ab7b67c5f3c70;0xbf350b71;0x31b3cd0L;0.500000;1503141607;1503141607
0;16;8048;0xc0a7b4e73a1f17aaac0349604fb166584aec1604c78afc9a15c481022cf7afec;0xaa8de5c6d10d5f4213c5a5a6994515199e927526e8d59c5d9c2ab7b67c5f3c70;0xbf350b71;0x31b3cd0L;0.500000;1503141607;1503141607
0;16;8048;0xc0a7b4e73a1f17aaac0349604fb166584aec1604c78afc9a15c481022cf7afec;0xaa8de5c6d10d5f4213c5a5a6994515199e927526e8d59c5d9c2ab7b67c5f3c70;0xbf350b71;0x31b3cd0L;0.500000;1503141607;1503141607
0;16;8048;0xc0a7b4e73a1f17aaac0349604fb166584aec1604c78afc9a15c481022cf7afec;0xaa8de5c6d10d5f4213c5a5a6994515199e927526e8d59c5d9c2ab7b67c5f3c70;0xbf350b71;0x31b3cd0L;0.500000;1503141607;1503141608
0;16;8048;0x0130e6fe4a8e1b3b12671c5dfa862eb24e2abdfcf2e3747d0ce6854ff65116f8;0x61b1553d4f97ab0479a7bba1e31bd09beaced3d491c918241e20992ddbd504d0;0x01a6d575;0x31b3cd0L;0.500000;1503141608;1503141608
0;16;8048;0x0130e6fe4a8e1b3b12671c5dfa862eb24e2abdfcf2e3747d0ce6854ff65116f8;0x61b1553d4f97ab0479a7bba1e31bd09beaced3d491c918241e20992ddbd504d0;0x01a6d575;0x31b3cd0L;0.500000;1503141608;1503141608
0;16;8048;0x0130e6fe4a8e1b3b12671c5dfa862eb24e2abdfcf2e3747d0ce6854ff65116f8;0x61b1553d4f97ab0479a7bba1e31bd09beaced3d491c918241e20992ddbd504d0;0x01a6d575;0x31b3cd0L;0.500000;1503141608;1503141608
0;16;8048;0x0130e6fe4a8e1b3b12671c5dfa862eb24e2abdfcf2e3747d0ce6854ff65116f8;0x61b1553d4f97ab0479a7bba1e31bd09beaced3d491c918241e20992ddbd504d0;0x01a6d575;0x31b3cd0L;0.500000;1503141608;1503141608
