0;16;8048;0xeb03e6f265b8b859a9f8f079dff71217d751082425d0af4053ee53ded05567bb;0xd06221677e7da5fa20d452a7de1902f31a20eb9cd88ce09656d064e788d9a75d;0x3bd2c5aa;0x31b3cd0L;0.500000;1503124539;1503124539
0;16;8048;0xeb03e6f265b8b859a9f8f079dff71217d751082425d0af4053ee53ded05567bb;0xd06221677e7da5fa20d452a7de1902f31a20eb9cd88ce09656d064e788d9a75d;0x3bd2c5aa;0x31b3cd0L;0.500000;1503124539;1503124539
0;16;8048;0xeb03e6f265b8b859a9f8f079dff71217d751082425d0af4053ee53ded05567bb;0xd06221677e7da5fa20d452a7de1902f31a20eb9cd88ce09656d064e788d9a75d;0x3bd2c5aa;0x31b3cd0L;0.500000;1503124539;1503124539
0;16;8048;0xeb03e6f265b8b859a9f8f079dff71217d751082425d0af4053ee53ded05567bb;0xd06221677e7da5fa20d452a7de1902f31a20eb9cd88ce09656d064e788d9a75d;0x3bd2c5aa;0x31b3cd0L;0.500000;1503124539;1503124539
0;16;8048;0xeb03e6f265b8b859a9f8f079dff71217d751082425d0af4053ee53ded05567bb;0xd06221677e7da5fa20d452a7de1902f31a20eb9cd88ce09656d064e788d9a75d;0x3bd2c5aa;0x31b3cd0L;0.500000;1503124540;1503124540
0;16;8048;0x0a537e12f4ce2785d949131421f3437f32fa9bcb0e4a3c2bec7ec1c990e48f9a;0xacc0892797d0ae5541d519ba305bc905d7847b46800a38e7ce34929b51ed98be;0xce61c33e;0x31b3cd0L;0.500000;1503124540;1503124540
0;16;8048;0x0a537e12f4ce2785d949131421f3437f32fa9bcb0e4a3c2bec7ec1c990e48f9a;0xacc0892797d0ae5541d519ba305bc905d7847b46800a38e7ce34929b51ed98be;0xce61c33e;0x31b3cd0L;0.500000;1503124540;1503124540
0;16;8048;0x0a537e12f4ce2785d949131421f3437f32fa9bcb0e4a3c2bec7ec1c990e48f9a;0xacc0892797d0ae5541d519ba305bc905d7847b46800a38e7ce34929b51ed98be;0xce61c33e;0x31b3cd0L;0.500000;1503124540;1503124540
0;16;8048;0x0a537e12f4ce2785d949131421f3437f32fa9bcb0e4a3c2bec7ec1c990e48f9a;0xacc0892797d0ae5541d519ba305bc905d7847b46800a38e7ce34929b51ed98be;0xce61c33e;0x31b3cd0L;0.500000;1503124540;1503124540
0;16;8048;0x0a537e12f4ce2785d949131421f3437f32fa9bcb0e4a3c2bec7ec1c990e48f9a;0xacc0892797d0ae5541d519ba305bc905d7847b46800a38e7ce34929b51ed98be;0xce61c33e;0x31b3cd0L;0.500000;1503124540;1503124540
0;16;8048;0x0a537e12f4ce2785d949131421f3437f32fa9bcb0e4a3c2bec7ec1c990e48f9a;0xacc0892797d0ae5541d519ba305bc905d7847b46800a38e7ce34929b51ed98be;0xce61c33e;0x31b3cd0L;0.500000;1503124540;1503124540
0;16;8048;0x0a537e12f4ce2785d949131421f3437f32fa9bcb0e4a3c2bec7ec1c990e48f9a;0xacc0892797d0ae5541d519ba305bc905d7847b46800a38e7ce34929b51ed98be;0xce61c33e;0x31b3cd0L;0.500000;1503124540;1503124540
0;16;8048;0x0a537e12f4ce2785d949131421f3437f32fa9bcb0e4a3c2bec7ec1c990e48f9a;0xacc0892797d0ae5541d519ba305bc905d7847b46800a38e7ce34929b51ed98be;0xce61c33e;0x31b3cd0L;0.500000;1503124540;1503124541
0;16;8048;0x97719e8923d0e1525c4795f032e4dfc7ed76d9108e01447de36e8692874f5e1e;0x4d4e1f8c577d03d3768d0d39063fff4913312dea4bc27d4cd45903cfbd115b2c;0x547c11ac;0x31b3cd0L;0.500000;1503124541;1503124541
0;16;8048;0x97719e8923d0e1525c4795f032e4dfc7ed76d9108e01447de36e8692874f5e1e;0x4d4e1f8c577d03d3768d0d39063fff4913312dea4bc27d4cd45903cfbd115b2c;0x547c11ac;0x31b3cd0L;0.500000;1503124541;1503124541
0;16;8048;0x97719e8923d0e1525c4795f032e4dfc7ed76d9108e01447de36e8692874f5e1e;0x4d4e1f8c577d03d3768d0d39063fff4913312dea4bc27d4cd45903cfbd115b2c;0x547c11ac;0x31b3cd0L;0.500000;1503124541;1503124541
0;16;8048;0x97719e8923d0e1525c4795f032e4dfc7ed76d9108e01447de36e8692874f5e1e;0x4d4e1f8c577d03d3768d0d39063fff4913312dea4bc27d4cd45903cfbd115b2c;0x547c11ac;0x31b3cd0L;0.500000;1503124541;1503124541
0;16;8048;0x97719e8923d0e1525c4795f032e4dfc7ed76d9108e01447de36e8692874f5e1e;0x4d4e1f8c577d03d3768d0d39063fff4913312dea4bc27d4cd45903cfbd115b2c;0x547c11ac;0x31b3cd0L;0.500000;1503124541;1503124541
0;16;8048;0x97719e8923d0e1525c4795f032e4dfc7ed76d9108e01447de36e8692874f5e1e;0x4d4e1f8c577d03d3768d0d39063fff4913312dea4bc27d4cd45903cfbd115b2c;0x547c11ac;0x31b3cd0L;0.500000;1503124541;1503124541
0;16;8048;0x97719e8923d0e1525c4795f032e4dfc7ed76d9108e01447de36e8692874f5e1e;0x4d4e1f8c577d03d3768d0d39063fff4913312dea4bc27d4cd45903cfbd115b2c;0x547c11ac;0x31b3cd0L;0.500000;1503124541;1503124541
