0;16;8048;0x79df050c094b8db5a3bf58afc33f288d971e2c85052f29f961e3ee6bab063024;0x9e5ede8b2486eff5e2cb102d4f4926f36d41f617b9849926af17afc445492e5b;0x728d9c09;0x31b3cd0L;0.500000;1503139626;1503139627
0;16;8048;0x77c3b2a8419de37dd2aa7d99d6e9e03b91bcdff011c79de4ddacf3dd35ee7dac;0xfd31ce86e2b85690b3902056f9b4694500f91abf938ef2fe38c68b9e31f1a23a;0x84790a59;0x31b3cd0L;0.500000;1503139627;1503139627
0;16;8048;0x77c3b2a8419de37dd2aa7d99d6e9e03b91bcdff011c79de4ddacf3dd35ee7dac;0xfd31ce86e2b85690b3902056f9b4694500f91abf938ef2fe38c68b9e31f1a23a;0x84790a59;0x31b3cd0L;0.500000;1503139627;1503139627
0;16;8048;0x77c3b2a8419de37dd2aa7d99d6e9e03b91bcdff011c79de4ddacf3dd35ee7dac;0xfd31ce86e2b85690b3902056f9b4694500f91abf938ef2fe38c68b9e31f1a23a;0x84790a59;0x31b3cd0L;0.500000;1503139627;1503139627
0;16;8048;0x77c3b2a8419de37dd2aa7d99d6e9e03b91bcdff011c79de4ddacf3dd35ee7dac;0xfd31ce86e2b85690b3902056f9b4694500f91abf938ef2fe38c68b9e31f1a23a;0x84790a59;0x31b3cd0L;0.500000;1503139627;1503139627
0;16;8048;0x77c3b2a8419de37dd2aa7d99d6e9e03b91bcdff011c79de4ddacf3dd35ee7dac;0xfd31ce86e2b85690b3902056f9b4694500f91abf938ef2fe38c68b9e31f1a23a;0x84790a59;0x31b3cd0L;0.500000;1503139627;1503139627
0;16;8048;0x77c3b2a8419de37dd2aa7d99d6e9e03b91bcdff011c79de4ddacf3dd35ee7dac;0xfd31ce86e2b85690b3902056f9b4694500f91abf938ef2fe38c68b9e31f1a23a;0x84790a59;0x31b3cd0L;0.500000;1503139627;1503139627
0;16;8048;0x77c3b2a8419de37dd2aa7d99d6e9e03b91bcdff011c79de4ddacf3dd35ee7dac;0xfd31ce86e2b85690b3902056f9b4694500f91abf938ef2fe38c68b9e31f1a23a;0x84790a59;0x31b3cd0L;0.500000;1503139627;1503139627
0;16;8048;0x77c3b2a8419de37dd2aa7d99d6e9e03b91bcdff011c79de4ddacf3dd35ee7dac;0xfd31ce86e2b85690b3902056f9b4694500f91abf938ef2fe38c68b9e31f1a23a;0x84790a59;0x31b3cd0L;0.500000;1503139627;1503139627
0;16;8048;0x77c3b2a8419de37dd2aa7d99d6e9e03b91bcdff011c79de4ddacf3dd35ee7dac;0xfd31ce86e2b85690b3902056f9b4694500f91abf938ef2fe38c68b9e31f1a23a;0x84790a59;0x31b3cd0L;0.500000;1503139628;1503139628
0;16;8048;0xf2f0b45171a2968b3dae6b0496f8822f2655aa86d29ab939c021f09a32c15b24;0x8a7f581690df810364c05bdca6754e22f9c4f9f4003e4620a714df7861401f90;0xb8e36654;0x31b3cd0L;0.500000;1503139628;1503139628
0;16;8048;0xf2f0b45171a2968b3dae6b0496f8822f2655aa86d29ab939c021f09a32c15b24;0x8a7f581690df810364c05bdca6754e22f9c4f9f4003e4620a714df7861401f90;0xb8e36654;0x31b3cd0L;0.500000;1503139628;1503139628
0;16;8048;0xf2f0b45171a2968b3dae6b0496f8822f2655aa86d29ab939c021f09a32c15b24;0x8a7f581690df810364c05bdca6754e22f9c4f9f4003e4620a714df7861401f90;0xb8e36654;0x31b3cd0L;0.500000;1503139628;1503139628
0;16;8048;0xf2f0b45171a2968b3dae6b0496f8822f2655aa86d29ab939c021f09a32c15b24;0x8a7f581690df810364c05bdca6754e22f9c4f9f4003e4620a714df7861401f90;0xb8e36654;0x31b3cd0L;0.500000;1503139628;1503139628
0;16;8048;0xf2f0b45171a2968b3dae6b0496f8822f2655aa86d29ab939c021f09a32c15b24;0x8a7f581690df810364c05bdca6754e22f9c4f9f4003e4620a714df7861401f90;0xb8e36654;0x31b3cd0L;0.500000;1503139628;1503139628
0;16;8048;0xf2f0b45171a2968b3dae6b0496f8822f2655aa86d29ab939c021f09a32c15b24;0x8a7f581690df810364c05bdca6754e22f9c4f9f4003e4620a714df7861401f90;0xb8e36654;0x31b3cd0L;0.500000;1503139628;1503139628
0;16;8048;0xf2f0b45171a2968b3dae6b0496f8822f2655aa86d29ab939c021f09a32c15b24;0x8a7f581690df810364c05bdca6754e22f9c4f9f4003e4620a714df7861401f90;0xb8e36654;0x31b3cd0L;0.500000;1503139628;1503139628
0;16;8048;0xf2f0b45171a2968b3dae6b0496f8822f2655aa86d29ab939c021f09a32c15b24;0x8a7f581690df810364c05bdca6754e22f9c4f9f4003e4620a714df7861401f90;0xb8e36654;0x31b3cd0L;0.500000;1503139628;1503139629
0;16;8048;0x7f1fe8c7945735288855fc6eb01f1d39d4dcfa8edd468adf6961aae5e2141062;0xae0ed9feb59cee284dbca687574fbb9daa8742bb38f2ae1405aeab0ad0faf4f9;0x3baddfd8;0x31b3cd0L;0.500000;1503139629;1503139629
0;16;8048;0x7f1fe8c7945735288855fc6eb01f1d39d4dcfa8edd468adf6961aae5e2141062;0xae0ed9feb59cee284dbca687574fbb9daa8742bb38f2ae1405aeab0ad0faf4f9;0x3baddfd8;0x31b3cd0L;0.500000;1503139629;1503139629
