0;16;8048;0x934c164b0427fa182923cde95ce676ecf217e780f0986be7f6c03f055543c3e8;0xacf827f28fa02704db9ea9eb613539b3d178a8be67d544807f90a78bb748aa78;0xba6e7470;0x31b3cd0L;0.500000;1503135705;1503135705
0;16;8048;0x934c164b0427fa182923cde95ce676ecf217e780f0986be7f6c03f055543c3e8;0xacf827f28fa02704db9ea9eb613539b3d178a8be67d544807f90a78bb748aa78;0xba6e7470;0x31b3cd0L;0.500000;1503135705;1503135705
0;16;8048;0x934c164b0427fa182923cde95ce676ecf217e780f0986be7f6c03f055543c3e8;0xacf827f28fa02704db9ea9eb613539b3d178a8be67d544807f90a78bb748aa78;0xba6e7470;0x31b3cd0L;0.500000;1503135705;1503135705
0;16;8048;0x934c164b0427fa182923cde95ce676ecf217e780f0986be7f6c03f055543c3e8;0xacf827f28fa02704db9ea9eb613539b3d178a8be67d544807f90a78bb748aa78;0xba6e7470;0x31b3cd0L;0.500000;1503135705;1503135706
0;16;8048;0x58f57304ddfb70c7c60e0b83b90289d2e1203d30f1a334d34dad6cd6a2332bfa;0x04552e6f1b1dfd0c3a98a34d99be8ebb4d6b87526e55349c67c14bf7dbc5318a;0xa3d05822;0x31b3cd0L;0.500000;1503135706;1503135706
0;16;8048;0x58f57304ddfb70c7c60e0b83b90289d2e1203d30f1a334d34dad6cd6a2332bfa;0x04552e6f1b1dfd0c3a98a34d99be8ebb4d6b87526e55349c67c14bf7dbc5318a;0xa3d05822;0x31b3cd0L;0.500000;1503135706;1503135706
0;16;8048;0x58f57304ddfb70c7c60e0b83b90289d2e1203d30f1a334d34dad6cd6a2332bfa;0x04552e6f1b1dfd0c3a98a34d99be8ebb4d6b87526e55349c67c14bf7dbc5318a;0xa3d05822;0x31b3cd0L;0.500000;1503135706;1503135706
0;16;8048;0x58f57304ddfb70c7c60e0b83b90289d2e1203d30f1a334d34dad6cd6a2332bfa;0x04552e6f1b1dfd0c3a98a34d99be8ebb4d6b87526e55349c67c14bf7dbc5318a;0xa3d05822;0x31b3cd0L;0.500000;1503135706;1503135706
0;16;8048;0x58f57304ddfb70c7c60e0b83b90289d2e1203d30f1a334d34dad6cd6a2332bfa;0x04552e6f1b1dfd0c3a98a34d99be8ebb4d6b87526e55349c67c14bf7dbc5318a;0xa3d05822;0x31b3cd0L;0.500000;1503135706;1503135706
0;16;8048;0x58f57304ddfb70c7c60e0b83b90289d2e1203d30f1a334d34dad6cd6a2332bfa;0x04552e6f1b1dfd0c3a98a34d99be8ebb4d6b87526e55349c67c14bf7dbc5318a;0xa3d05822;0x31b3cd0L;0.500000;1503135706;1503135706
0;16;8048;0x58f57304ddfb70c7c60e0b83b90289d2e1203d30f1a334d34dad6cd6a2332bfa;0x04552e6f1b1dfd0c3a98a34d99be8ebb4d6b87526e55349c67c14bf7dbc5318a;0xa3d05822;0x31b3cd0L;0.500000;1503135706;1503135706
0;16;8048;0x58f57304ddfb70c7c60e0b83b90289d2e1203d30f1a334d34dad6cd6a2332bfa;0x04552e6f1b1dfd0c3a98a34d99be8ebb4d6b87526e55349c67c14bf7dbc5318a;0xa3d05822;0x31b3cd0L;0.500000;1503135706;1503135707
0;16;8048;0x73b651910772f4ca47cd91e97d5f065fc2251687e27d512e82d27462d253e446;0xc8b03a63c010dccba14a7eee40b7fbb2ca7b9cae6fe182c847a9871f30e69de1;0xd6914776;0x31b3cd0L;0.500000;1503135707;1503135707
0;16;8048;0x73b651910772f4ca47cd91e97d5f065fc2251687e27d512e82d27462d253e446;0xc8b03a63c010dccba14a7eee40b7fbb2ca7b9cae6fe182c847a9871f30e69de1;0xd6914776;0x31b3cd0L;0.500000;1503135707;1503135707
0;16;8048;0x73b651910772f4ca47cd91e97d5f065fc2251687e27d512e82d27462d253e446;0xc8b03a63c010dccba14a7eee40b7fbb2ca7b9cae6fe182c847a9871f30e69de1;0xd6914776;0x31b3cd0L;0.500000;1503135707;1503135707
0;16;8048;0x73b651910772f4ca47cd91e97d5f065fc2251687e27d512e82d27462d253e446;0xc8b03a63c010dccba14a7eee40b7fbb2ca7b9cae6fe182c847a9871f30e69de1;0xd6914776;0x31b3cd0L;0.500000;1503135707;1503135707
0;16;8048;0x73b651910772f4ca47cd91e97d5f065fc2251687e27d512e82d27462d253e446;0xc8b03a63c010dccba14a7eee40b7fbb2ca7b9cae6fe182c847a9871f30e69de1;0xd6914776;0x31b3cd0L;0.500000;1503135707;1503135707
0;16;8048;0x73b651910772f4ca47cd91e97d5f065fc2251687e27d512e82d27462d253e446;0xc8b03a63c010dccba14a7eee40b7fbb2ca7b9cae6fe182c847a9871f30e69de1;0xd6914776;0x31b3cd0L;0.500000;1503135707;1503135707
0;16;8048;0x73b651910772f4ca47cd91e97d5f065fc2251687e27d512e82d27462d253e446;0xc8b03a63c010dccba14a7eee40b7fbb2ca7b9cae6fe182c847a9871f30e69de1;0xd6914776;0x31b3cd0L;0.500000;1503135707;1503135707
0;16;8048;0x73b651910772f4ca47cd91e97d5f065fc2251687e27d512e82d27462d253e446;0xc8b03a63c010dccba14a7eee40b7fbb2ca7b9cae6fe182c847a9871f30e69de1;0xd6914776;0x31b3cd0L;0.500000;1503135707;1503135708
