0;16;8048;0x31bbfd4ef5561f6c85a9572b1409c04ef74ed39b8f787b831b6cd932a1f572d2;0x7e5e2dd242933f98a9654b033ad89be454694bd59e5447e4b9a893659eb3c9c4;0xba5d8fec;0x31b3cd0L;0.500000;1503107426;1503107426
0;16;8048;0x31bbfd4ef5561f6c85a9572b1409c04ef74ed39b8f787b831b6cd932a1f572d2;0x7e5e2dd242933f98a9654b033ad89be454694bd59e5447e4b9a893659eb3c9c4;0xba5d8fec;0x31b3cd0L;0.500000;1503107426;1503107426
0;16;8048;0x31bbfd4ef5561f6c85a9572b1409c04ef74ed39b8f787b831b6cd932a1f572d2;0x7e5e2dd242933f98a9654b033ad89be454694bd59e5447e4b9a893659eb3c9c4;0xba5d8fec;0x31b3cd0L;0.500000;1503107426;1503107426
0;16;8048;0x31bbfd4ef5561f6c85a9572b1409c04ef74ed39b8f787b831b6cd932a1f572d2;0x7e5e2dd242933f98a9654b033ad89be454694bd59e5447e4b9a893659eb3c9c4;0xba5d8fec;0x31b3cd0L;0.500000;1503107426;1503107426
0;16;8048;0x31bbfd4ef5561f6c85a9572b1409c04ef74ed39b8f787b831b6cd932a1f572d2;0x7e5e2dd242933f98a9654b033ad89be454694bd59e5447e4b9a893659eb3c9c4;0xba5d8fec;0x31b3cd0L;0.500000;1503107427;1503107427
0;16;8048;0x344461d16349e539cbd32349948723f4423228ff2a4061b1e54d798cf0d70a24;0x85177b7a384154b90aae0d02f73d87d88af1b26b04fdb61873e0fbff6ba9a721;0xbba97f8f;0x31b3cd0L;0.500000;1503107427;1503107427
0;16;8048;0x344461d16349e539cbd32349948723f4423228ff2a4061b1e54d798cf0d70a24;0x85177b7a384154b90aae0d02f73d87d88af1b26b04fdb61873e0fbff6ba9a721;0xbba97f8f;0x31b3cd0L;0.500000;1503107427;1503107427
0;16;8048;0x344461d16349e539cbd32349948723f4423228ff2a4061b1e54d798cf0d70a24;0x85177b7a384154b90aae0d02f73d87d88af1b26b04fdb61873e0fbff6ba9a721;0xbba97f8f;0x31b3cd0L;0.500000;1503107427;1503107427
0;16;8048;0x344461d16349e539cbd32349948723f4423228ff2a4061b1e54d798cf0d70a24;0x85177b7a384154b90aae0d02f73d87d88af1b26b04fdb61873e0fbff6ba9a721;0xbba97f8f;0x31b3cd0L;0.500000;1503107427;1503107427
0;16;8048;0x344461d16349e539cbd32349948723f4423228ff2a4061b1e54d798cf0d70a24;0x85177b7a384154b90aae0d02f73d87d88af1b26b04fdb61873e0fbff6ba9a721;0xbba97f8f;0x31b3cd0L;0.500000;1503107427;1503107427
0;16;8048;0x344461d16349e539cbd32349948723f4423228ff2a4061b1e54d798cf0d70a24;0x85177b7a384154b90aae0d02f73d87d88af1b26b04fdb61873e0fbff6ba9a721;0xbba97f8f;0x31b3cd0L;0.500000;1503107427;1503107427
0;16;8048;0x344461d16349e539cbd32349948723f4423228ff2a4061b1e54d798cf0d70a24;0x85177b7a384154b90aae0d02f73d87d88af1b26b04fdb61873e0fbff6ba9a721;0xbba97f8f;0x31b3cd0L;0.500000;1503107427;1503107428
0;16;8048;0xd4bbb08721828c574e179b24afd62b39604bedf542dbcd1a03c8b9fee95925bd;0x47d8b8f6115c7ca9ac212dca89306880fe0c54ac359d4a716534d8029354853e;0x2b69239f;0x31b3cd0L;0.500000;1503107428;1503107428
0;16;8048;0xd4bbb08721828c574e179b24afd62b39604bedf542dbcd1a03c8b9fee95925bd;0x47d8b8f6115c7ca9ac212dca89306880fe0c54ac359d4a716534d8029354853e;0x2b69239f;0x31b3cd0L;0.500000;1503107428;1503107428
0;16;8048;0xd4bbb08721828c574e179b24afd62b39604bedf542dbcd1a03c8b9fee95925bd;0x47d8b8f6115c7ca9ac212dca89306880fe0c54ac359d4a716534d8029354853e;0x2b69239f;0x31b3cd0L;0.500000;1503107428;1503107428
0;16;8048;0xd4bbb08721828c574e179b24afd62b39604bedf542dbcd1a03c8b9fee95925bd;0x47d8b8f6115c7ca9ac212dca89306880fe0c54ac359d4a716534d8029354853e;0x2b69239f;0x31b3cd0L;0.500000;1503107428;1503107428
0;16;8048;0xd4bbb08721828c574e179b24afd62b39604bedf542dbcd1a03c8b9fee95925bd;0x47d8b8f6115c7ca9ac212dca89306880fe0c54ac359d4a716534d8029354853e;0x2b69239f;0x31b3cd0L;0.500000;1503107428;1503107428
0;16;8048;0xd4bbb08721828c574e179b24afd62b39604bedf542dbcd1a03c8b9fee95925bd;0x47d8b8f6115c7ca9ac212dca89306880fe0c54ac359d4a716534d8029354853e;0x2b69239f;0x31b3cd0L;0.500000;1503107428;1503107428
0;16;8048;0xd4bbb08721828c574e179b24afd62b39604bedf542dbcd1a03c8b9fee95925bd;0x47d8b8f6115c7ca9ac212dca89306880fe0c54ac359d4a716534d8029354853e;0x2b69239f;0x31b3cd0L;0.500000;1503107428;1503107429
0;16;8048;0x2a6b1de65953763f08c49bc67c4b4dbefab0fdc30c14e59c3fdbf0a63f1a2b69;0x19e82cf125331c33cd39bae1b00376255329ce0266ae569a661c4fc190c3bdb5;0x976bf838;0x31b3cd0L;0.500000;1503107429;1503107429
