0;16;8048;0x001db1e144f5aac74117a229d08ad96a8238d6a248535b7e61682c22e0a829e1;0xb59c6a0a27f34fb9e0183036b618427447bff330e6d8a747715ab923c82225fd;0xfa7490a9;0x31b3cd0L;0.500000;1503120575;1503120576
0;16;8048;0xa879efecfbe0fcfb398592fea554c4fdab4a482acd9a299529827a5d11a895b9;0x680a03475fc2de28fd5458478e8fb2a07c7885d2e3fa035f687d046f60e4c20c;0xd3e8775c;0x31b3cd0L;0.500000;1503120576;1503120576
0;16;8048;0xa879efecfbe0fcfb398592fea554c4fdab4a482acd9a299529827a5d11a895b9;0x680a03475fc2de28fd5458478e8fb2a07c7885d2e3fa035f687d046f60e4c20c;0xd3e8775c;0x31b3cd0L;0.500000;1503120576;1503120576
0;16;8048;0xa879efecfbe0fcfb398592fea554c4fdab4a482acd9a299529827a5d11a895b9;0x680a03475fc2de28fd5458478e8fb2a07c7885d2e3fa035f687d046f60e4c20c;0xd3e8775c;0x31b3cd0L;0.500000;1503120576;1503120576
0;16;8048;0xa879efecfbe0fcfb398592fea554c4fdab4a482acd9a299529827a5d11a895b9;0x680a03475fc2de28fd5458478e8fb2a07c7885d2e3fa035f687d046f60e4c20c;0xd3e8775c;0x31b3cd0L;0.500000;1503120576;1503120576
0;16;8048;0xa879efecfbe0fcfb398592fea554c4fdab4a482acd9a299529827a5d11a895b9;0x680a03475fc2de28fd5458478e8fb2a07c7885d2e3fa035f687d046f60e4c20c;0xd3e8775c;0x31b3cd0L;0.500000;1503120576;1503120576
0;16;8048;0xa879efecfbe0fcfb398592fea554c4fdab4a482acd9a299529827a5d11a895b9;0x680a03475fc2de28fd5458478e8fb2a07c7885d2e3fa035f687d046f60e4c20c;0xd3e8775c;0x31b3cd0L;0.500000;1503120576;1503120576
0;16;8048;0xa879efecfbe0fcfb398592fea554c4fdab4a482acd9a299529827a5d11a895b9;0x680a03475fc2de28fd5458478e8fb2a07c7885d2e3fa035f687d046f60e4c20c;0xd3e8775c;0x31b3cd0L;0.500000;1503120576;1503120576
0;16;8048;0xa879efecfbe0fcfb398592fea554c4fdab4a482acd9a299529827a5d11a895b9;0x680a03475fc2de28fd5458478e8fb2a07c7885d2e3fa035f687d046f60e4c20c;0xd3e8775c;0x31b3cd0L;0.500000;1503120576;1503120577
0;16;8048;0x41edd38f9ca4b7c248dc4fc96da918fdf3eb185ec2ccee0fd3302ae2381fa879;0x59cc83ae39a0c9be46b849ce33f069e8b7bff36badbba6c8fada24deffa176ec;0x4c790b48;0x31b3cd0L;0.500000;1503120577;1503120577
0;16;8048;0x41edd38f9ca4b7c248dc4fc96da918fdf3eb185ec2ccee0fd3302ae2381fa879;0x59cc83ae39a0c9be46b849ce33f069e8b7bff36badbba6c8fada24deffa176ec;0x4c790b48;0x31b3cd0L;0.500000;1503120577;1503120577
0;16;8048;0x41edd38f9ca4b7c248dc4fc96da918fdf3eb185ec2ccee0fd3302ae2381fa879;0x59cc83ae39a0c9be46b849ce33f069e8b7bff36badbba6c8fada24deffa176ec;0x4c790b48;0x31b3cd0L;0.500000;1503120577;1503120577
0;16;8048;0x41edd38f9ca4b7c248dc4fc96da918fdf3eb185ec2ccee0fd3302ae2381fa879;0x59cc83ae39a0c9be46b849ce33f069e8b7bff36badbba6c8fada24deffa176ec;0x4c790b48;0x31b3cd0L;0.500000;1503120577;1503120577
0;16;8048;0x41edd38f9ca4b7c248dc4fc96da918fdf3eb185ec2ccee0fd3302ae2381fa879;0x59cc83ae39a0c9be46b849ce33f069e8b7bff36badbba6c8fada24deffa176ec;0x4c790b48;0x31b3cd0L;0.500000;1503120577;1503120577
0;16;8048;0x41edd38f9ca4b7c248dc4fc96da918fdf3eb185ec2ccee0fd3302ae2381fa879;0x59cc83ae39a0c9be46b849ce33f069e8b7bff36badbba6c8fada24deffa176ec;0x4c790b48;0x31b3cd0L;0.500000;1503120577;1503120577
0;16;8048;0x41edd38f9ca4b7c248dc4fc96da918fdf3eb185ec2ccee0fd3302ae2381fa879;0x59cc83ae39a0c9be46b849ce33f069e8b7bff36badbba6c8fada24deffa176ec;0x4c790b48;0x31b3cd0L;0.500000;1503120577;1503120577
0;16;8048;0x41edd38f9ca4b7c248dc4fc96da918fdf3eb185ec2ccee0fd3302ae2381fa879;0x59cc83ae39a0c9be46b849ce33f069e8b7bff36badbba6c8fada24deffa176ec;0x4c790b48;0x31b3cd0L;0.500000;1503120577;1503120578
0;16;8048;0x2d5c4f8a758d4fc3d1aff2e5d643cf9e4384588348dfa0dcff6297e374ca4aa1;0x17e7c2dcfc9d12f3a98407ca82754f857a2acfa065a4ec6c8365d89d68031007;0xec735a36;0x31b3cd0L;0.500000;1503120578;1503120578
0;16;8048;0x2d5c4f8a758d4fc3d1aff2e5d643cf9e4384588348dfa0dcff6297e374ca4aa1;0x17e7c2dcfc9d12f3a98407ca82754f857a2acfa065a4ec6c8365d89d68031007;0xec735a36;0x31b3cd0L;0.500000;1503120578;1503120578
0;16;8048;0x2d5c4f8a758d4fc3d1aff2e5d643cf9e4384588348dfa0dcff6297e374ca4aa1;0x17e7c2dcfc9d12f3a98407ca82754f857a2acfa065a4ec6c8365d89d68031007;0xec735a36;0x31b3cd0L;0.500000;1503120578;1503120578
