0;16;8048;0xa745986064d1008e94414bb8a51a422f9ca788e1cb8fe1b86fc1925dbb37ac62;0x2fc89be8bb2491961e22db683259c500f879c60f9299c8788a9e3919f452d348;0x8c7aebd4;0x31b3cd0L;0.500000;1503089655;1503089655
0;16;8048;0xa745986064d1008e94414bb8a51a422f9ca788e1cb8fe1b86fc1925dbb37ac62;0x2fc89be8bb2491961e22db683259c500f879c60f9299c8788a9e3919f452d348;0x8c7aebd4;0x31b3cd0L;0.500000;1503089655;1503089655
0;16;8048;0xa745986064d1008e94414bb8a51a422f9ca788e1cb8fe1b86fc1925dbb37ac62;0x2fc89be8bb2491961e22db683259c500f879c60f9299c8788a9e3919f452d348;0x8c7aebd4;0x31b3cd0L;0.500000;1503089655;1503089656
0;16;8048;0xc18741c4064f1e29f8c16e324082c1c33e4bc9fb72830eb18b470d66998b555a;0x5c8caae5f0f2231b5aaa919ab89df025bc5bdca0a4726298f68003872e906dd2;0x92f59548;0x31b3cd0L;0.500000;1503089656;1503089656
0;16;8048;0xc18741c4064f1e29f8c16e324082c1c33e4bc9fb72830eb18b470d66998b555a;0x5c8caae5f0f2231b5aaa919ab89df025bc5bdca0a4726298f68003872e906dd2;0x92f59548;0x31b3cd0L;0.500000;1503089656;1503089656
0;16;8048;0xc18741c4064f1e29f8c16e324082c1c33e4bc9fb72830eb18b470d66998b555a;0x5c8caae5f0f2231b5aaa919ab89df025bc5bdca0a4726298f68003872e906dd2;0x92f59548;0x31b3cd0L;0.500000;1503089656;1503089656
0;16;8048;0xc18741c4064f1e29f8c16e324082c1c33e4bc9fb72830eb18b470d66998b555a;0x5c8caae5f0f2231b5aaa919ab89df025bc5bdca0a4726298f68003872e906dd2;0x92f59548;0x31b3cd0L;0.500000;1503089656;1503089656
0;16;8048;0xc18741c4064f1e29f8c16e324082c1c33e4bc9fb72830eb18b470d66998b555a;0x5c8caae5f0f2231b5aaa919ab89df025bc5bdca0a4726298f68003872e906dd2;0x92f59548;0x31b3cd0L;0.500000;1503089656;1503089656
0;16;8048;0xc18741c4064f1e29f8c16e324082c1c33e4bc9fb72830eb18b470d66998b555a;0x5c8caae5f0f2231b5aaa919ab89df025bc5bdca0a4726298f68003872e906dd2;0x92f59548;0x31b3cd0L;0.500000;1503089656;1503089657
0;16;8048;0xf3b2650f1aaff40b8984552274e675b3e543d49c50b32ab2f881acbe5b8bd74e;0xc9136e0d6b914046d9e3997bfd22d6f0e5e165c4564f93b58482ffc0caaa4a83;0xad31f168;0x31b3cd0L;0.500000;1503089657;1503089657
0;16;8048;0xf3b2650f1aaff40b8984552274e675b3e543d49c50b32ab2f881acbe5b8bd74e;0xc9136e0d6b914046d9e3997bfd22d6f0e5e165c4564f93b58482ffc0caaa4a83;0xad31f168;0x31b3cd0L;0.500000;1503089657;1503089657
0;16;8048;0xf3b2650f1aaff40b8984552274e675b3e543d49c50b32ab2f881acbe5b8bd74e;0xc9136e0d6b914046d9e3997bfd22d6f0e5e165c4564f93b58482ffc0caaa4a83;0xad31f168;0x31b3cd0L;0.500000;1503089657;1503089657
0;16;8048;0xf3b2650f1aaff40b8984552274e675b3e543d49c50b32ab2f881acbe5b8bd74e;0xc9136e0d6b914046d9e3997bfd22d6f0e5e165c4564f93b58482ffc0caaa4a83;0xad31f168;0x31b3cd0L;0.500000;1503089657;1503089657
0;16;8048;0xf3b2650f1aaff40b8984552274e675b3e543d49c50b32ab2f881acbe5b8bd74e;0xc9136e0d6b914046d9e3997bfd22d6f0e5e165c4564f93b58482ffc0caaa4a83;0xad31f168;0x31b3cd0L;0.500000;1503089657;1503089657
0;16;8048;0xf3b2650f1aaff40b8984552274e675b3e543d49c50b32ab2f881acbe5b8bd74e;0xc9136e0d6b914046d9e3997bfd22d6f0e5e165c4564f93b58482ffc0caaa4a83;0xad31f168;0x31b3cd0L;0.500000;1503089657;1503089657
0;16;8048;0xf3b2650f1aaff40b8984552274e675b3e543d49c50b32ab2f881acbe5b8bd74e;0xc9136e0d6b914046d9e3997bfd22d6f0e5e165c4564f93b58482ffc0caaa4a83;0xad31f168;0x31b3cd0L;0.500000;1503089658;1503089658
0;16;8048;0x566f1c0d256265531a99c77ca3b4e7bae946d1438910bdc2fdcb57ee87aba9dd;0xee32680d2256c3beb05783b7c8fae391bbdef964147b43f2742b25b3d86654ae;0xc0707ca0;0x31b3cd0L;0.500000;1503089658;1503089658
0;16;8048;0x566f1c0d256265531a99c77ca3b4e7bae946d1438910bdc2fdcb57ee87aba9dd;0xee32680d2256c3beb05783b7c8fae391bbdef964147b43f2742b25b3d86654ae;0xc0707ca0;0x31b3cd0L;0.500000;1503089658;1503089658
0;16;8048;0x566f1c0d256265531a99c77ca3b4e7bae946d1438910bdc2fdcb57ee87aba9dd;0xee32680d2256c3beb05783b7c8fae391bbdef964147b43f2742b25b3d86654ae;0xc0707ca0;0x31b3cd0L;0.500000;1503089658;1503089658
0;16;8048;0x566f1c0d256265531a99c77ca3b4e7bae946d1438910bdc2fdcb57ee87aba9dd;0xee32680d2256c3beb05783b7c8fae391bbdef964147b43f2742b25b3d86654ae;0xc0707ca0;0x31b3cd0L;0.500000;1503089658;1503089658
