0;16;8048;0x8fa29fbfb0ade88c2ffe04b91b07796e337d6bd450bddbc7bdda132129c928b8;0xa35980c315d2733784a3c4e66c7cb6f553add1ea4313d11f3923dd9ad29565b9;0xc30faa3f;0x31b3cd0L;0.500000;1503085795;1503085795
0;16;8048;0x8fa29fbfb0ade88c2ffe04b91b07796e337d6bd450bddbc7bdda132129c928b8;0xa35980c315d2733784a3c4e66c7cb6f553add1ea4313d11f3923dd9ad29565b9;0xc30faa3f;0x31b3cd0L;0.500000;1503085795;1503085795
0;16;8048;0x8fa29fbfb0ade88c2ffe04b91b07796e337d6bd450bddbc7bdda132129c928b8;0xa35980c315d2733784a3c4e66c7cb6f553add1ea4313d11f3923dd9ad29565b9;0xc30faa3f;0x31b3cd0L;0.500000;1503085795;1503085795
0;16;8048;0x8fa29fbfb0ade88c2ffe04b91b07796e337d6bd450bddbc7bdda132129c928b8;0xa35980c315d2733784a3c4e66c7cb6f553add1ea4313d11f3923dd9ad29565b9;0xc30faa3f;0x31b3cd0L;0.500000;1503085796;1503085796
0;16;8048;0xd6a9d5ccb94c24befbde4f6864456f5d7805a86e3c6ba150b4e62840622c6938;0x68f5e1c94fad2ad2f7752c39430e089d2b9f514f92d67a50313f3435336d58aa;0x6391a5ec;0x31b3cd0L;0.500000;1503085796;1503085796
0;16;8048;0xd6a9d5ccb94c24befbde4f6864456f5d7805a86e3c6ba150b4e62840622c6938;0x68f5e1c94fad2ad2f7752c39430e089d2b9f514f92d67a50313f3435336d58aa;0x6391a5ec;0x31b3cd0L;0.500000;1503085796;1503085796
0;16;8048;0xd6a9d5ccb94c24befbde4f6864456f5d7805a86e3c6ba150b4e62840622c6938;0x68f5e1c94fad2ad2f7752c39430e089d2b9f514f92d67a50313f3435336d58aa;0x6391a5ec;0x31b3cd0L;0.500000;1503085796;1503085796
0;16;8048;0xd6a9d5ccb94c24befbde4f6864456f5d7805a86e3c6ba150b4e62840622c6938;0x68f5e1c94fad2ad2f7752c39430e089d2b9f514f92d67a50313f3435336d58aa;0x6391a5ec;0x31b3cd0L;0.500000;1503085796;1503085796
0;16;8048;0xd6a9d5ccb94c24befbde4f6864456f5d7805a86e3c6ba150b4e62840622c6938;0x68f5e1c94fad2ad2f7752c39430e089d2b9f514f92d67a50313f3435336d58aa;0x6391a5ec;0x31b3cd0L;0.500000;1503085796;1503085796
0;16;8048;0xd6a9d5ccb94c24befbde4f6864456f5d7805a86e3c6ba150b4e62840622c6938;0x68f5e1c94fad2ad2f7752c39430e089d2b9f514f92d67a50313f3435336d58aa;0x6391a5ec;0x31b3cd0L;0.500000;1503085796;1503085797
0;16;8048;0xb288cfe4842a8ea7a473eddf4277bfe7f1fe0604521c38ea2610ac4d2a411cdc;0x9c34278f8deb2e740f338b632ff17af2d3cee25a7f68de563cb612804f0c80f0;0xd873f296;0x31b3cd0L;0.500000;1503085797;1503085797
0;16;8048;0xb288cfe4842a8ea7a473eddf4277bfe7f1fe0604521c38ea2610ac4d2a411cdc;0x9c34278f8deb2e740f338b632ff17af2d3cee25a7f68de563cb612804f0c80f0;0xd873f296;0x31b3cd0L;0.500000;1503085797;1503085797
0;16;8048;0xb288cfe4842a8ea7a473eddf4277bfe7f1fe0604521c38ea2610ac4d2a411cdc;0x9c34278f8deb2e740f338b632ff17af2d3cee25a7f68de563cb612804f0c80f0;0xd873f296;0x31b3cd0L;0.500000;1503085797;1503085797
0;16;8048;0xb288cfe4842a8ea7a473eddf4277bfe7f1fe0604521c38ea2610ac4d2a411cdc;0x9c34278f8deb2e740f338b632ff17af2d3cee25a7f68de563cb612804f0c80f0;0xd873f296;0x31b3cd0L;0.500000;1503085797;1503085797
0;16;8048;0xb288cfe4842a8ea7a473eddf4277bfe7f1fe0604521c38ea2610ac4d2a411cdc;0x9c34278f8deb2e740f338b632ff17af2d3cee25a7f68de563cb612804f0c80f0;0xd873f296;0x31b3cd0L;0.500000;1503085797;1503085797
0;16;8048;0xb288cfe4842a8ea7a473eddf4277bfe7f1fe0604521c38ea2610ac4d2a411cdc;0x9c34278f8deb2e740f338b632ff17af2d3cee25a7f68de563cb612804f0c80f0;0xd873f296;0x31b3cd0L;0.500000;1503085797;1503085798
0;16;8048;0xf08efc9ac4fbd133848d7c2c881f6e05b69fd2aa60a8b967ff08bf10effe01df;0x205dfbcab4c2706ec19a28225057e1f4e5f0e2e1b3d973a37fe7d5fe689c4cb4;0x8ad80170;0x31b3cd0L;0.500000;1503085798;1503085798
0;16;8048;0xf08efc9ac4fbd133848d7c2c881f6e05b69fd2aa60a8b967ff08bf10effe01df;0x205dfbcab4c2706ec19a28225057e1f4e5f0e2e1b3d973a37fe7d5fe689c4cb4;0x8ad80170;0x31b3cd0L;0.500000;1503085798;1503085798
0;16;8048;0xf08efc9ac4fbd133848d7c2c881f6e05b69fd2aa60a8b967ff08bf10effe01df;0x205dfbcab4c2706ec19a28225057e1f4e5f0e2e1b3d973a37fe7d5fe689c4cb4;0x8ad80170;0x31b3cd0L;0.500000;1503085798;1503085798
0;16;8048;0xf08efc9ac4fbd133848d7c2c881f6e05b69fd2aa60a8b967ff08bf10effe01df;0x205dfbcab4c2706ec19a28225057e1f4e5f0e2e1b3d973a37fe7d5fe689c4cb4;0x8ad80170;0x31b3cd0L;0.500000;1503085798;1503085798
