0;16;8048;0xa8061c8efdfef063d154cc8e5761196f76a2d04fa06ca3d09595e55ae2a9418a;0x26e0b64654b926235cbb8687d5857b214d905bf28bbdd8ef96fb613899e38909;0xf7bb3bcd;0x31b3cd0L;0.500000;1503073193;1503073193
0;16;8048;0xa8061c8efdfef063d154cc8e5761196f76a2d04fa06ca3d09595e55ae2a9418a;0x26e0b64654b926235cbb8687d5857b214d905bf28bbdd8ef96fb613899e38909;0xf7bb3bcd;0x31b3cd0L;0.500000;1503073193;1503073193
0;16;8048;0xa8061c8efdfef063d154cc8e5761196f76a2d04fa06ca3d09595e55ae2a9418a;0x26e0b64654b926235cbb8687d5857b214d905bf28bbdd8ef96fb613899e38909;0xf7bb3bcd;0x31b3cd0L;0.500000;1503073193;1503073194
0;16;8048;0x8304cb1be39ac20963e4797ea47fad2a473fd63864d568579e3c9582137b2c97;0x22d62fff647478f457ddea54198ea32986505f1daebc09128fa156e3de6848bb;0x6e2987f9;0x31b3cd0L;0.500000;1503073194;1503073194
0;16;8048;0x8304cb1be39ac20963e4797ea47fad2a473fd63864d568579e3c9582137b2c97;0x22d62fff647478f457ddea54198ea32986505f1daebc09128fa156e3de6848bb;0x6e2987f9;0x31b3cd0L;0.500000;1503073194;1503073194
0;16;8048;0x8304cb1be39ac20963e4797ea47fad2a473fd63864d568579e3c9582137b2c97;0x22d62fff647478f457ddea54198ea32986505f1daebc09128fa156e3de6848bb;0x6e2987f9;0x31b3cd0L;0.500000;1503073194;1503073194
0;16;8048;0x8304cb1be39ac20963e4797ea47fad2a473fd63864d568579e3c9582137b2c97;0x22d62fff647478f457ddea54198ea32986505f1daebc09128fa156e3de6848bb;0x6e2987f9;0x31b3cd0L;0.500000;1503073194;1503073194
0;16;8048;0x8304cb1be39ac20963e4797ea47fad2a473fd63864d568579e3c9582137b2c97;0x22d62fff647478f457ddea54198ea32986505f1daebc09128fa156e3de6848bb;0x6e2987f9;0x31b3cd0L;0.500000;1503073194;1503073194
0;16;8048;0x8304cb1be39ac20963e4797ea47fad2a473fd63864d568579e3c9582137b2c97;0x22d62fff647478f457ddea54198ea32986505f1daebc09128fa156e3de6848bb;0x6e2987f9;0x31b3cd0L;0.500000;1503073194;1503073194
0;16;8048;0x8304cb1be39ac20963e4797ea47fad2a473fd63864d568579e3c9582137b2c97;0x22d62fff647478f457ddea54198ea32986505f1daebc09128fa156e3de6848bb;0x6e2987f9;0x31b3cd0L;0.500000;1503073194;1503073194
0;16;8048;0x8304cb1be39ac20963e4797ea47fad2a473fd63864d568579e3c9582137b2c97;0x22d62fff647478f457ddea54198ea32986505f1daebc09128fa156e3de6848bb;0x6e2987f9;0x31b3cd0L;0.500000;1503073194;1503073195
0;16;8048;0xe925253760ca83de2b76e3667610d1aef1b497b7d111e39a981f6a9513159cfc;0xea616858b18f1bb80da999c601101149dbf472743beab0f9fad4aa843b3623f4;0x216ea1a6;0x31b3cd0L;0.500000;1503073195;1503073195
0;16;8048;0xe925253760ca83de2b76e3667610d1aef1b497b7d111e39a981f6a9513159cfc;0xea616858b18f1bb80da999c601101149dbf472743beab0f9fad4aa843b3623f4;0x216ea1a6;0x31b3cd0L;0.500000;1503073195;1503073195
0;16;8048;0xe925253760ca83de2b76e3667610d1aef1b497b7d111e39a981f6a9513159cfc;0xea616858b18f1bb80da999c601101149dbf472743beab0f9fad4aa843b3623f4;0x216ea1a6;0x31b3cd0L;0.500000;1503073195;1503073195
0;16;8048;0xe925253760ca83de2b76e3667610d1aef1b497b7d111e39a981f6a9513159cfc;0xea616858b18f1bb80da999c601101149dbf472743beab0f9fad4aa843b3623f4;0x216ea1a6;0x31b3cd0L;0.500000;1503073195;1503073195
0;16;8048;0xe925253760ca83de2b76e3667610d1aef1b497b7d111e39a981f6a9513159cfc;0xea616858b18f1bb80da999c601101149dbf472743beab0f9fad4aa843b3623f4;0x216ea1a6;0x31b3cd0L;0.500000;1503073195;1503073195
0;16;8048;0xe925253760ca83de2b76e3667610d1aef1b497b7d111e39a981f6a9513159cfc;0xea616858b18f1bb80da999c601101149dbf472743beab0f9fad4aa843b3623f4;0x216ea1a6;0x31b3cd0L;0.500000;1503073195;1503073195
0;16;8048;0xe925253760ca83de2b76e3667610d1aef1b497b7d111e39a981f6a9513159cfc;0xea616858b18f1bb80da999c601101149dbf472743beab0f9fad4aa843b3623f4;0x216ea1a6;0x31b3cd0L;0.500000;1503073195;1503073195
0;16;8048;0xe925253760ca83de2b76e3667610d1aef1b497b7d111e39a981f6a9513159cfc;0xea616858b18f1bb80da999c601101149dbf472743beab0f9fad4aa843b3623f4;0x216ea1a6;0x31b3cd0L;0.500000;1503073196;1503073196
0;16;8048;0x280f24fa0b43d7862bb802611e7ac3ad77a2f68cf0f4b01da8ea05a42d305255;0x5a5a5afc02fd5ad3f4ddad89a010927d962947126f5f3e02371e27f7b1cf40eb;0xd82280e9;0x31b3cd0L;0.500000;1503073196;1503073196
