0;16;8048;0x845c0320c834c25082d2566d29cdf6d878e027aa15e646c554da3c53ff5cc383;0x8a7b17d507800b590dc40f2eb471214cf742aa406855fdc946115ff70eb59a4f;0x9c288a65;0x31b3cd0L;0.500000;1503078817;1503078817
0;16;8048;0x845c0320c834c25082d2566d29cdf6d878e027aa15e646c554da3c53ff5cc383;0x8a7b17d507800b590dc40f2eb471214cf742aa406855fdc946115ff70eb59a4f;0x9c288a65;0x31b3cd0L;0.500000;1503078817;1503078817
0;16;8048;0x845c0320c834c25082d2566d29cdf6d878e027aa15e646c554da3c53ff5cc383;0x8a7b17d507800b590dc40f2eb471214cf742aa406855fdc946115ff70eb59a4f;0x9c288a65;0x31b3cd0L;0.500000;1503078817;1503078817
0;16;8048;0x845c0320c834c25082d2566d29cdf6d878e027aa15e646c554da3c53ff5cc383;0x8a7b17d507800b590dc40f2eb471214cf742aa406855fdc946115ff70eb59a4f;0x9c288a65;0x31b3cd0L;0.500000;1503078817;1503078818
0;16;8048;0x537e7a6f8b490d87947137048ad00e4aded056a29c2555ee44f75bd9431bca96;0xf271e4e58fb5b27b5344070b67ffdd8f119377aa62b958d9c157c80822eefb4d;0xbb0eae25;0x31b3cd0L;0.500000;1503078818;1503078818
0;16;8048;0x537e7a6f8b490d87947137048ad00e4aded056a29c2555ee44f75bd9431bca96;0xf271e4e58fb5b27b5344070b67ffdd8f119377aa62b958d9c157c80822eefb4d;0xbb0eae25;0x31b3cd0L;0.500000;1503078818;1503078818
0;16;8048;0x537e7a6f8b490d87947137048ad00e4aded056a29c2555ee44f75bd9431bca96;0xf271e4e58fb5b27b5344070b67ffdd8f119377aa62b958d9c157c80822eefb4d;0xbb0eae25;0x31b3cd0L;0.500000;1503078818;1503078818
0;16;8048;0x537e7a6f8b490d87947137048ad00e4aded056a29c2555ee44f75bd9431bca96;0xf271e4e58fb5b27b5344070b67ffdd8f119377aa62b958d9c157c80822eefb4d;0xbb0eae25;0x31b3cd0L;0.500000;1503078818;1503078818
0;16;8048;0x537e7a6f8b490d87947137048ad00e4aded056a29c2555ee44f75bd9431bca96;0xf271e4e58fb5b27b5344070b67ffdd8f119377aa62b958d9c157c80822eefb4d;0xbb0eae25;0x31b3cd0L;0.500000;1503078818;1503078818
0;16;8048;0x537e7a6f8b490d87947137048ad00e4aded056a29c2555ee44f75bd9431bca96;0xf271e4e58fb5b27b5344070b67ffdd8f119377aa62b958d9c157c80822eefb4d;0xbb0eae25;0x31b3cd0L;0.500000;1503078818;1503078818
0;16;8048;0x537e7a6f8b490d87947137048ad00e4aded056a29c2555ee44f75bd9431bca96;0xf271e4e58fb5b27b5344070b67ffdd8f119377aa62b958d9c157c80822eefb4d;0xbb0eae25;0x31b3cd0L;0.500000;1503078818;1503078819
0;16;8048;0x5e13186cd9ac19670546f7b39c3ccc00d024cf6d6ace182ef1dcf8b9d2826a30;0x8621d2f2190937ac671edd1c4dbfd5f2e5995a76fd05db97052e6b5756c2092b;0xd85ba10a;0x31b3cd0L;0.500000;1503078819;1503078819
0;16;8048;0x5e13186cd9ac19670546f7b39c3ccc00d024cf6d6ace182ef1dcf8b9d2826a30;0x8621d2f2190937ac671edd1c4dbfd5f2e5995a76fd05db97052e6b5756c2092b;0xd85ba10a;0x31b3cd0L;0.500000;1503078819;1503078819
0;16;8048;0x5e13186cd9ac19670546f7b39c3ccc00d024cf6d6ace182ef1dcf8b9d2826a30;0x8621d2f2190937ac671edd1c4dbfd5f2e5995a76fd05db97052e6b5756c2092b;0xd85ba10a;0x31b3cd0L;0.500000;1503078819;1503078819
0;16;8048;0x5e13186cd9ac19670546f7b39c3ccc00d024cf6d6ace182ef1dcf8b9d2826a30;0x8621d2f2190937ac671edd1c4dbfd5f2e5995a76fd05db97052e6b5756c2092b;0xd85ba10a;0x31b3cd0L;0.500000;1503078819;1503078819
0;16;8048;0x5e13186cd9ac19670546f7b39c3ccc00d024cf6d6ace182ef1dcf8b9d2826a30;0x8621d2f2190937ac671edd1c4dbfd5f2e5995a76fd05db97052e6b5756c2092b;0xd85ba10a;0x31b3cd0L;0.500000;1503078819;1503078819
0;16;8048;0x5e13186cd9ac19670546f7b39c3ccc00d024cf6d6ace182ef1dcf8b9d2826a30;0x8621d2f2190937ac671edd1c4dbfd5f2e5995a76fd05db97052e6b5756c2092b;0xd85ba10a;0x31b3cd0L;0.500000;1503078819;1503078819
0;16;8048;0x5e13186cd9ac19670546f7b39c3ccc00d024cf6d6ace182ef1dcf8b9d2826a30;0x8621d2f2190937ac671edd1c4dbfd5f2e5995a76fd05db97052e6b5756c2092b;0xd85ba10a;0x31b3cd0L;0.500000;1503078819;1503078820
0;16;8048;0xc0f1e614ad6771d48749f2a4d6e1e4f3b807ba87b453ee2350f020312a6ea6ea;0xda78432cdc416dd669f498c083cc79d943f2ccad1dbf7182f21174993ad62856;0x08d5ac48;0x31b3cd0L;0.500000;1503078820;1503078820
0;16;8048;0xc0f1e614ad6771d48749f2a4d6e1e4f3b807ba87b453ee2350f020312a6ea6ea;0xda78432cdc416dd669f498c083cc79d943f2ccad1dbf7182f21174993ad62856;0x08d5ac48;0x31b3cd0L;0.500000;1503078820;1503078820
