0;16;8048;0x460c31e06172e62efb5933259eca79a9342b3bcc350316647f02a176c50fa70b;0x9c8687dbc85bd5cbe1887bba92865d62433d5db940a993d843ed5e79b7c04489;0x07bdd675;0x31b3cd0L;0.500000;1503110040;1503110040
0;16;8048;0x460c31e06172e62efb5933259eca79a9342b3bcc350316647f02a176c50fa70b;0x9c8687dbc85bd5cbe1887bba92865d62433d5db940a993d843ed5e79b7c04489;0x07bdd675;0x31b3cd0L;0.500000;1503110040;1503110040
0;16;8048;0x460c31e06172e62efb5933259eca79a9342b3bcc350316647f02a176c50fa70b;0x9c8687dbc85bd5cbe1887bba92865d62433d5db940a993d843ed5e79b7c04489;0x07bdd675;0x31b3cd0L;0.500000;1503110040;1503110040
0;16;8048;0x460c31e06172e62efb5933259eca79a9342b3bcc350316647f02a176c50fa70b;0x9c8687dbc85bd5cbe1887bba92865d62433d5db940a993d843ed5e79b7c04489;0x07bdd675;0x31b3cd0L;0.500000;1503110040;1503110041
0;16;8048;0x532c3d73cfd2d62ed721039b4170394ef9fb153c82eedd50e12ea42a10061f63;0x8b7ea97bc09ec80f08f7e6e99e7052ff1ccae63e9777f7b9d8a938debc0863d4;0x2dba402e;0x31b3cd0L;0.500000;1503110041;1503110041
0;16;8048;0x532c3d73cfd2d62ed721039b4170394ef9fb153c82eedd50e12ea42a10061f63;0x8b7ea97bc09ec80f08f7e6e99e7052ff1ccae63e9777f7b9d8a938debc0863d4;0x2dba402e;0x31b3cd0L;0.500000;1503110041;1503110041
0;16;8048;0x532c3d73cfd2d62ed721039b4170394ef9fb153c82eedd50e12ea42a10061f63;0x8b7ea97bc09ec80f08f7e6e99e7052ff1ccae63e9777f7b9d8a938debc0863d4;0x2dba402e;0x31b3cd0L;0.500000;1503110041;1503110041
0;16;8048;0x532c3d73cfd2d62ed721039b4170394ef9fb153c82eedd50e12ea42a10061f63;0x8b7ea97bc09ec80f08f7e6e99e7052ff1ccae63e9777f7b9d8a938debc0863d4;0x2dba402e;0x31b3cd0L;0.500000;1503110041;1503110041
0;16;8048;0x532c3d73cfd2d62ed721039b4170394ef9fb153c82eedd50e12ea42a10061f63;0x8b7ea97bc09ec80f08f7e6e99e7052ff1ccae63e9777f7b9d8a938debc0863d4;0x2dba402e;0x31b3cd0L;0.500000;1503110041;1503110041
0;16;8048;0x532c3d73cfd2d62ed721039b4170394ef9fb153c82eedd50e12ea42a10061f63;0x8b7ea97bc09ec80f08f7e6e99e7052ff1ccae63e9777f7b9d8a938debc0863d4;0x2dba402e;0x31b3cd0L;0.500000;1503110041;1503110041
0;16;8048;0x532c3d73cfd2d62ed721039b4170394ef9fb153c82eedd50e12ea42a10061f63;0x8b7ea97bc09ec80f08f7e6e99e7052ff1ccae63e9777f7b9d8a938debc0863d4;0x2dba402e;0x31b3cd0L;0.500000;1503110041;1503110041
0;16;8048;0x532c3d73cfd2d62ed721039b4170394ef9fb153c82eedd50e12ea42a10061f63;0x8b7ea97bc09ec80f08f7e6e99e7052ff1ccae63e9777f7b9d8a938debc0863d4;0x2dba402e;0x31b3cd0L;0.500000;1503110042;1503110042
0;16;8048;0x62b11c6d27b01eebdb0e8c53d77853742aebd07642b717064a2c6f2e1abb8f7d;0x39a90d5cbe81c8538971e951026fb1542e52baea8fea43efda0843447a66729e;0x77dcdbcf;0x31b3cd0L;0.500000;1503110042;1503110042
0;16;8048;0x62b11c6d27b01eebdb0e8c53d77853742aebd07642b717064a2c6f2e1abb8f7d;0x39a90d5cbe81c8538971e951026fb1542e52baea8fea43efda0843447a66729e;0x77dcdbcf;0x31b3cd0L;0.500000;1503110042;1503110042
0;16;8048;0x62b11c6d27b01eebdb0e8c53d77853742aebd07642b717064a2c6f2e1abb8f7d;0x39a90d5cbe81c8538971e951026fb1542e52baea8fea43efda0843447a66729e;0x77dcdbcf;0x31b3cd0L;0.500000;1503110042;1503110042
0;16;8048;0x62b11c6d27b01eebdb0e8c53d77853742aebd07642b717064a2c6f2e1abb8f7d;0x39a90d5cbe81c8538971e951026fb1542e52baea8fea43efda0843447a66729e;0x77dcdbcf;0x31b3cd0L;0.500000;1503110042;1503110042
0;16;8048;0x62b11c6d27b01eebdb0e8c53d77853742aebd07642b717064a2c6f2e1abb8f7d;0x39a90d5cbe81c8538971e951026fb1542e52baea8fea43efda0843447a66729e;0x77dcdbcf;0x31b3cd0L;0.500000;1503110042;1503110042
0;16;8048;0x62b11c6d27b01eebdb0e8c53d77853742aebd07642b717064a2c6f2e1abb8f7d;0x39a90d5cbe81c8538971e951026fb1542e52baea8fea43efda0843447a66729e;0x77dcdbcf;0x31b3cd0L;0.500000;1503110042;1503110042
0;16;8048;0x62b11c6d27b01eebdb0e8c53d77853742aebd07642b717064a2c6f2e1abb8f7d;0x39a90d5cbe81c8538971e951026fb1542e52baea8fea43efda0843447a66729e;0x77dcdbcf;0x31b3cd0L;0.500000;1503110043;1503110043
0;16;8048;0x3821718ad3e06478bb8f4704d4d579bfd2a1e253d0ba97a3ac77dfba4d0bc385;0x3d9a95c7c393910c61c399511d60955bd4a2068c11342165739936c032dcdc19;0x5c6b9625;0x31b3cd0L;0.500000;1503110043;1503110043
