0;16;8048;0x86f1466f0b8bad1650392e9bc8bc1ee3013db86f65986d67e996fd902483d5aa;0xf6c29e47ce9e2b966a0bbbe34c00dbcf2ecc2092b6bd7f7746e060b75edab8ea;0x44ffe8ca;0x31b3cd0L;0.500000;1503127854;1503127854
0;16;8048;0x86f1466f0b8bad1650392e9bc8bc1ee3013db86f65986d67e996fd902483d5aa;0xf6c29e47ce9e2b966a0bbbe34c00dbcf2ecc2092b6bd7f7746e060b75edab8ea;0x44ffe8ca;0x31b3cd0L;0.500000;1503127854;1503127854
0;16;8048;0x86f1466f0b8bad1650392e9bc8bc1ee3013db86f65986d67e996fd902483d5aa;0xf6c29e47ce9e2b966a0bbbe34c00dbcf2ecc2092b6bd7f7746e060b75edab8ea;0x44ffe8ca;0x31b3cd0L;0.500000;1503127854;1503127854
0;16;8048;0x86f1466f0b8bad1650392e9bc8bc1ee3013db86f65986d67e996fd902483d5aa;0xf6c29e47ce9e2b966a0bbbe34c00dbcf2ecc2092b6bd7f7746e060b75edab8ea;0x44ffe8ca;0x31b3cd0L;0.500000;1503127854;1503127855
0;16;8048;0x5c81cff1a8c26165347912f3feaebfeacd42c9b2f60ee4139d5a4425ecbc5f48;0xf9f9ce049e22dc91bd9d53ef8fbbfb917d208c41693544d8488b902a0022e81a;0xc9f532ba;0x31b3cd0L;0.500000;1503127855;1503127855
0;16;8048;0x5c81cff1a8c26165347912f3feaebfeacd42c9b2f60ee4139d5a4425ecbc5f48;0xf9f9ce049e22dc91bd9d53ef8fbbfb917d208c41693544d8488b902a0022e81a;0xc9f532ba;0x31b3cd0L;0.500000;1503127855;1503127855
0;16;8048;0x5c81cff1a8c26165347912f3feaebfeacd42c9b2f60ee4139d5a4425ecbc5f48;0xf9f9ce049e22dc91bd9d53ef8fbbfb917d208c41693544d8488b902a0022e81a;0xc9f532ba;0x31b3cd0L;0.500000;1503127855;1503127855
0;16;8048;0x5c81cff1a8c26165347912f3feaebfeacd42c9b2f60ee4139d5a4425ecbc5f48;0xf9f9ce049e22dc91bd9d53ef8fbbfb917d208c41693544d8488b902a0022e81a;0xc9f532ba;0x31b3cd0L;0.500000;1503127855;1503127855
0;16;8048;0x5c81cff1a8c26165347912f3feaebfeacd42c9b2f60ee4139d5a4425ecbc5f48;0xf9f9ce049e22dc91bd9d53ef8fbbfb917d208c41693544d8488b902a0022e81a;0xc9f532ba;0x31b3cd0L;0.500000;1503127855;1503127855
0;16;8048;0x5c81cff1a8c26165347912f3feaebfeacd42c9b2f60ee4139d5a4425ecbc5f48;0xf9f9ce049e22dc91bd9d53ef8fbbfb917d208c41693544d8488b902a0022e81a;0xc9f532ba;0x31b3cd0L;0.500000;1503127855;1503127855
0;16;8048;0x5c81cff1a8c26165347912f3feaebfeacd42c9b2f60ee4139d5a4425ecbc5f48;0xf9f9ce049e22dc91bd9d53ef8fbbfb917d208c41693544d8488b902a0022e81a;0xc9f532ba;0x31b3cd0L;0.500000;1503127855;1503127855
0;16;8048;0x5c81cff1a8c26165347912f3feaebfeacd42c9b2f60ee4139d5a4425ecbc5f48;0xf9f9ce049e22dc91bd9d53ef8fbbfb917d208c41693544d8488b902a0022e81a;0xc9f532ba;0x31b3cd0L;0.500000;1503127855;1503127856
0;16;8048;0x8e4aecff18151770ad1ae6ae52c8784e2072c9c51f537f36befe1279ab8e6d39;0x5ecee7505cc7da241dcddd71174b088943f12c0586c1c164a573ae21e2df48a1;0x395eb291;0x31b3cd0L;0.500000;1503127856;1503127856
0;16;8048;0x8e4aecff18151770ad1ae6ae52c8784e2072c9c51f537f36befe1279ab8e6d39;0x5ecee7505cc7da241dcddd71174b088943f12c0586c1c164a573ae21e2df48a1;0x395eb291;0x31b3cd0L;0.500000;1503127856;1503127856
0;16;8048;0x8e4aecff18151770ad1ae6ae52c8784e2072c9c51f537f36befe1279ab8e6d39;0x5ecee7505cc7da241dcddd71174b088943f12c0586c1c164a573ae21e2df48a1;0x395eb291;0x31b3cd0L;0.500000;1503127856;1503127856
0;16;8048;0x8e4aecff18151770ad1ae6ae52c8784e2072c9c51f537f36befe1279ab8e6d39;0x5ecee7505cc7da241dcddd71174b088943f12c0586c1c164a573ae21e2df48a1;0x395eb291;0x31b3cd0L;0.500000;1503127856;1503127856
0;16;8048;0x8e4aecff18151770ad1ae6ae52c8784e2072c9c51f537f36befe1279ab8e6d39;0x5ecee7505cc7da241dcddd71174b088943f12c0586c1c164a573ae21e2df48a1;0x395eb291;0x31b3cd0L;0.500000;1503127856;1503127856
0;16;8048;0x8e4aecff18151770ad1ae6ae52c8784e2072c9c51f537f36befe1279ab8e6d39;0x5ecee7505cc7da241dcddd71174b088943f12c0586c1c164a573ae21e2df48a1;0x395eb291;0x31b3cd0L;0.500000;1503127856;1503127856
0;16;8048;0x8e4aecff18151770ad1ae6ae52c8784e2072c9c51f537f36befe1279ab8e6d39;0x5ecee7505cc7da241dcddd71174b088943f12c0586c1c164a573ae21e2df48a1;0x395eb291;0x31b3cd0L;0.500000;1503127856;1503127856
0;16;8048;0x8e4aecff18151770ad1ae6ae52c8784e2072c9c51f537f36befe1279ab8e6d39;0x5ecee7505cc7da241dcddd71174b088943f12c0586c1c164a573ae21e2df48a1;0x395eb291;0x31b3cd0L;0.500000;1503127856;1503127857
