0;16;8048;0xca21f3f1c3d5d28e4c953e9e8463a03fa38ff8f0d2d887a2136f7193d24c9f9c;0x1907d486f43d4051213aab74f746654f8257fd345392d35438b1dd4061fb2e22;0x3e9fbe58;0x31b3cd0L;0.500000;1503138336;1503138337
0;16;8048;0xda82da4d59e00a40988fa3e54231332ba8df69718eed3dbdfe4a2c496c2e0b47;0x9f68a0808c1ea182dba979d919a938d600823b67e6975f00a589af253e16813e;0xd82bfb00;0x31b3cd0L;0.500000;1503138337;1503138337
0;16;8048;0xda82da4d59e00a40988fa3e54231332ba8df69718eed3dbdfe4a2c496c2e0b47;0x9f68a0808c1ea182dba979d919a938d600823b67e6975f00a589af253e16813e;0xd82bfb00;0x31b3cd0L;0.500000;1503138337;1503138337
0;16;8048;0xda82da4d59e00a40988fa3e54231332ba8df69718eed3dbdfe4a2c496c2e0b47;0x9f68a0808c1ea182dba979d919a938d600823b67e6975f00a589af253e16813e;0xd82bfb00;0x31b3cd0L;0.500000;1503138337;1503138337
0;16;8048;0xda82da4d59e00a40988fa3e54231332ba8df69718eed3dbdfe4a2c496c2e0b47;0x9f68a0808c1ea182dba979d919a938d600823b67e6975f00a589af253e16813e;0xd82bfb00;0x31b3cd0L;0.500000;1503138337;1503138337
0;16;8048;0xda82da4d59e00a40988fa3e54231332ba8df69718eed3dbdfe4a2c496c2e0b47;0x9f68a0808c1ea182dba979d919a938d600823b67e6975f00a589af253e16813e;0xd82bfb00;0x31b3cd0L;0.500000;1503138337;1503138337
0;16;8048;0xda82da4d59e00a40988fa3e54231332ba8df69718eed3dbdfe4a2c496c2e0b47;0x9f68a0808c1ea182dba979d919a938d600823b67e6975f00a589af253e16813e;0xd82bfb00;0x31b3cd0L;0.500000;1503138337;1503138337
0;16;8048;0xda82da4d59e00a40988fa3e54231332ba8df69718eed3dbdfe4a2c496c2e0b47;0x9f68a0808c1ea182dba979d919a938d600823b67e6975f00a589af253e16813e;0xd82bfb00;0x31b3cd0L;0.500000;1503138337;1503138337
0;16;8048;0xda82da4d59e00a40988fa3e54231332ba8df69718eed3dbdfe4a2c496c2e0b47;0x9f68a0808c1ea182dba979d919a938d600823b67e6975f00a589af253e16813e;0xd82bfb00;0x31b3cd0L;0.500000;1503138337;1503138338
0;16;8048;0x64514bc411cd015833bbde7b056bb0a92e7201782b1ffa418aae5158fdbb5162;0x30fe0104272e276391a6b16f23aa7cc4d30702750cf5095d74566d14f643dfde;0x779ac2cb;0x31b3cd0L;0.500000;1503138338;1503138338
0;16;8048;0x64514bc411cd015833bbde7b056bb0a92e7201782b1ffa418aae5158fdbb5162;0x30fe0104272e276391a6b16f23aa7cc4d30702750cf5095d74566d14f643dfde;0x779ac2cb;0x31b3cd0L;0.500000;1503138338;1503138338
0;16;8048;0x64514bc411cd015833bbde7b056bb0a92e7201782b1ffa418aae5158fdbb5162;0x30fe0104272e276391a6b16f23aa7cc4d30702750cf5095d74566d14f643dfde;0x779ac2cb;0x31b3cd0L;0.500000;1503138338;1503138338
0;16;8048;0x64514bc411cd015833bbde7b056bb0a92e7201782b1ffa418aae5158fdbb5162;0x30fe0104272e276391a6b16f23aa7cc4d30702750cf5095d74566d14f643dfde;0x779ac2cb;0x31b3cd0L;0.500000;1503138338;1503138338
0;16;8048;0x64514bc411cd015833bbde7b056bb0a92e7201782b1ffa418aae5158fdbb5162;0x30fe0104272e276391a6b16f23aa7cc4d30702750cf5095d74566d14f643dfde;0x779ac2cb;0x31b3cd0L;0.500000;1503138338;1503138338
0;16;8048;0x64514bc411cd015833bbde7b056bb0a92e7201782b1ffa418aae5158fdbb5162;0x30fe0104272e276391a6b16f23aa7cc4d30702750cf5095d74566d14f643dfde;0x779ac2cb;0x31b3cd0L;0.500000;1503138338;1503138338
0;16;8048;0x64514bc411cd015833bbde7b056bb0a92e7201782b1ffa418aae5158fdbb5162;0x30fe0104272e276391a6b16f23aa7cc4d30702750cf5095d74566d14f643dfde;0x779ac2cb;0x31b3cd0L;0.500000;1503138338;1503138339
0;16;8048;0xe773a7532daa5e923ae97b8ddad111014a3e3f9889e49b58fbea888e184904ff;0x42c13146acaec547afeba7b47931114bf3864c6f85823db2ee579818f0afc066;0xb223ea31;0x31b3cd0L;0.500000;1503138339;1503138339
0;16;8048;0xe773a7532daa5e923ae97b8ddad111014a3e3f9889e49b58fbea888e184904ff;0x42c13146acaec547afeba7b47931114bf3864c6f85823db2ee579818f0afc066;0xb223ea31;0x31b3cd0L;0.500000;1503138339;1503138339
0;16;8048;0xe773a7532daa5e923ae97b8ddad111014a3e3f9889e49b58fbea888e184904ff;0x42c13146acaec547afeba7b47931114bf3864c6f85823db2ee579818f0afc066;0xb223ea31;0x31b3cd0L;0.500000;1503138339;1503138339
0;16;8048;0xe773a7532daa5e923ae97b8ddad111014a3e3f9889e49b58fbea888e184904ff;0x42c13146acaec547afeba7b47931114bf3864c6f85823db2ee579818f0afc066;0xb223ea31;0x31b3cd0L;0.500000;1503138339;1503138339
