0;16;8048;0xbf483c310f8fbba534e2cd11ac44b8dfc65ca8f729aa477673de0e32779ee036;0x569d5e5dadf839dd55942457f06624c93e68fb4274e948d2e1651e320395785e;0x9050c455;0x31b3cd0L;0.500000;1503114652;1503114652
0;16;8048;0xbf483c310f8fbba534e2cd11ac44b8dfc65ca8f729aa477673de0e32779ee036;0x569d5e5dadf839dd55942457f06624c93e68fb4274e948d2e1651e320395785e;0x9050c455;0x31b3cd0L;0.500000;1503114652;1503114652
0;16;8048;0xbf483c310f8fbba534e2cd11ac44b8dfc65ca8f729aa477673de0e32779ee036;0x569d5e5dadf839dd55942457f06624c93e68fb4274e948d2e1651e320395785e;0x9050c455;0x31b3cd0L;0.500000;1503114652;1503114652
0;16;8048;0xbf483c310f8fbba534e2cd11ac44b8dfc65ca8f729aa477673de0e32779ee036;0x569d5e5dadf839dd55942457f06624c93e68fb4274e948d2e1651e320395785e;0x9050c455;0x31b3cd0L;0.500000;1503114652;1503114652
0;16;8048;0xbf483c310f8fbba534e2cd11ac44b8dfc65ca8f729aa477673de0e32779ee036;0x569d5e5dadf839dd55942457f06624c93e68fb4274e948d2e1651e320395785e;0x9050c455;0x31b3cd0L;0.500000;1503114653;1503114653
0;16;8048;0x688f52674cc8bd2bcf754068e1cbed88c3d585b72795fb2c92d218e8814a06ea;0xc5554758050da6ba16d87391c7b4be39f6ca182f085de76b3b1e6669b2f83337;0xde08b012;0x31b3cd0L;0.500000;1503114653;1503114653
0;16;8048;0x688f52674cc8bd2bcf754068e1cbed88c3d585b72795fb2c92d218e8814a06ea;0xc5554758050da6ba16d87391c7b4be39f6ca182f085de76b3b1e6669b2f83337;0xde08b012;0x31b3cd0L;0.500000;1503114653;1503114653
0;16;8048;0x688f52674cc8bd2bcf754068e1cbed88c3d585b72795fb2c92d218e8814a06ea;0xc5554758050da6ba16d87391c7b4be39f6ca182f085de76b3b1e6669b2f83337;0xde08b012;0x31b3cd0L;0.500000;1503114653;1503114653
0;16;8048;0x688f52674cc8bd2bcf754068e1cbed88c3d585b72795fb2c92d218e8814a06ea;0xc5554758050da6ba16d87391c7b4be39f6ca182f085de76b3b1e6669b2f83337;0xde08b012;0x31b3cd0L;0.500000;1503114653;1503114653
0;16;8048;0x688f52674cc8bd2bcf754068e1cbed88c3d585b72795fb2c92d218e8814a06ea;0xc5554758050da6ba16d87391c7b4be39f6ca182f085de76b3b1e6669b2f83337;0xde08b012;0x31b3cd0L;0.500000;1503114653;1503114653
0;16;8048;0x688f52674cc8bd2bcf754068e1cbed88c3d585b72795fb2c92d218e8814a06ea;0xc5554758050da6ba16d87391c7b4be39f6ca182f085de76b3b1e6669b2f83337;0xde08b012;0x31b3cd0L;0.500000;1503114653;1503114653
0;16;8048;0x688f52674cc8bd2bcf754068e1cbed88c3d585b72795fb2c92d218e8814a06ea;0xc5554758050da6ba16d87391c7b4be39f6ca182f085de76b3b1e6669b2f83337;0xde08b012;0x31b3cd0L;0.500000;1503114653;1503114654
0;16;8048;0x37c292cb04b2486b3f971d515000cc17afb3da39da37bc80271fc524a49a83db;0xc49673177a9b49b2f441b4e864e0b4cd980cc1c3285275e7fdf40721c72b6e19;0xa819b8e7;0x31b3cd0L;0.500000;1503114654;1503114654
0;16;8048;0x37c292cb04b2486b3f971d515000cc17afb3da39da37bc80271fc524a49a83db;0xc49673177a9b49b2f441b4e864e0b4cd980cc1c3285275e7fdf40721c72b6e19;0xa819b8e7;0x31b3cd0L;0.500000;1503114654;1503114654
0;16;8048;0x37c292cb04b2486b3f971d515000cc17afb3da39da37bc80271fc524a49a83db;0xc49673177a9b49b2f441b4e864e0b4cd980cc1c3285275e7fdf40721c72b6e19;0xa819b8e7;0x31b3cd0L;0.500000;1503114654;1503114654
0;16;8048;0x37c292cb04b2486b3f971d515000cc17afb3da39da37bc80271fc524a49a83db;0xc49673177a9b49b2f441b4e864e0b4cd980cc1c3285275e7fdf40721c72b6e19;0xa819b8e7;0x31b3cd0L;0.500000;1503114654;1503114654
0;16;8048;0x37c292cb04b2486b3f971d515000cc17afb3da39da37bc80271fc524a49a83db;0xc49673177a9b49b2f441b4e864e0b4cd980cc1c3285275e7fdf40721c72b6e19;0xa819b8e7;0x31b3cd0L;0.500000;1503114654;1503114654
0;16;8048;0x37c292cb04b2486b3f971d515000cc17afb3da39da37bc80271fc524a49a83db;0xc49673177a9b49b2f441b4e864e0b4cd980cc1c3285275e7fdf40721c72b6e19;0xa819b8e7;0x31b3cd0L;0.500000;1503114654;1503114654
0;16;8048;0x37c292cb04b2486b3f971d515000cc17afb3da39da37bc80271fc524a49a83db;0xc49673177a9b49b2f441b4e864e0b4cd980cc1c3285275e7fdf40721c72b6e19;0xa819b8e7;0x31b3cd0L;0.500000;1503114654;1503114655
0;16;8048;0xb591aa793f62ac221f7d17f32a63c13421df9ece82f7a16253508f3beb294ca0;0xaf23077f60805adc037554c12bd92813eb28652eac044a8434462fbfbea873d9;0x47bc41f3;0x31b3cd0L;0.500000;1503114655;1503114655
