0;16;8048;0xb45f4cd3ad017e6b8159ebe0e36faef91ef7dcb12500558755e5d56c0186bdb5;0x83400e3c92fda2d63b5c0c804f224ceab4b86b32bc07740faaae99827a00e328;0x6b43f33d;0x31b3cd0L;0.500000;1503087325;1503087325
0;16;8048;0xb45f4cd3ad017e6b8159ebe0e36faef91ef7dcb12500558755e5d56c0186bdb5;0x83400e3c92fda2d63b5c0c804f224ceab4b86b32bc07740faaae99827a00e328;0x6b43f33d;0x31b3cd0L;0.500000;1503087325;1503087325
0;16;8048;0xb45f4cd3ad017e6b8159ebe0e36faef91ef7dcb12500558755e5d56c0186bdb5;0x83400e3c92fda2d63b5c0c804f224ceab4b86b32bc07740faaae99827a00e328;0x6b43f33d;0x31b3cd0L;0.500000;1503087325;1503087325
0;16;8048;0xb45f4cd3ad017e6b8159ebe0e36faef91ef7dcb12500558755e5d56c0186bdb5;0x83400e3c92fda2d63b5c0c804f224ceab4b86b32bc07740faaae99827a00e328;0x6b43f33d;0x31b3cd0L;0.500000;1503087325;1503087325
0;16;8048;0xb45f4cd3ad017e6b8159ebe0e36faef91ef7dcb12500558755e5d56c0186bdb5;0x83400e3c92fda2d63b5c0c804f224ceab4b86b32bc07740faaae99827a00e328;0x6b43f33d;0x31b3cd0L;0.500000;1503087325;1503087325
0;16;8048;0xb45f4cd3ad017e6b8159ebe0e36faef91ef7dcb12500558755e5d56c0186bdb5;0x83400e3c92fda2d63b5c0c804f224ceab4b86b32bc07740faaae99827a00e328;0x6b43f33d;0x31b3cd0L;0.500000;1503087325;1503087325
0;16;8048;0xb45f4cd3ad017e6b8159ebe0e36faef91ef7dcb12500558755e5d56c0186bdb5;0x83400e3c92fda2d63b5c0c804f224ceab4b86b32bc07740faaae99827a00e328;0x6b43f33d;0x31b3cd0L;0.500000;1503087326;1503087326
0;16;8048;0xd4ad8eae3489738b73722ab26c683197fd62cc694b36263fe8daea59158e06e9;0x940400bb7296c36419296a9f29b4ed2d7eec8374e52d12d85972fd8596acd5ab;0x07ab59b6;0x31b3cd0L;0.500000;1503087326;1503087326
0;16;8048;0xd4ad8eae3489738b73722ab26c683197fd62cc694b36263fe8daea59158e06e9;0x940400bb7296c36419296a9f29b4ed2d7eec8374e52d12d85972fd8596acd5ab;0x07ab59b6;0x31b3cd0L;0.500000;1503087326;1503087326
0;16;8048;0xd4ad8eae3489738b73722ab26c683197fd62cc694b36263fe8daea59158e06e9;0x940400bb7296c36419296a9f29b4ed2d7eec8374e52d12d85972fd8596acd5ab;0x07ab59b6;0x31b3cd0L;0.500000;1503087326;1503087326
0;16;8048;0xd4ad8eae3489738b73722ab26c683197fd62cc694b36263fe8daea59158e06e9;0x940400bb7296c36419296a9f29b4ed2d7eec8374e52d12d85972fd8596acd5ab;0x07ab59b6;0x31b3cd0L;0.500000;1503087326;1503087326
0;16;8048;0xd4ad8eae3489738b73722ab26c683197fd62cc694b36263fe8daea59158e06e9;0x940400bb7296c36419296a9f29b4ed2d7eec8374e52d12d85972fd8596acd5ab;0x07ab59b6;0x31b3cd0L;0.500000;1503087326;1503087326
0;16;8048;0xd4ad8eae3489738b73722ab26c683197fd62cc694b36263fe8daea59158e06e9;0x940400bb7296c36419296a9f29b4ed2d7eec8374e52d12d85972fd8596acd5ab;0x07ab59b6;0x31b3cd0L;0.500000;1503087326;1503087327
0;16;8048;0x2502a101a7cc6dbd7f1c17a26c48d520b9d0f9708cc29e0402dc3009fe40a223;0xc9ccc89b201be0e90a4945b3dc6f649e24701337a28e7b5510dca84ed4a3b12a;0xca3771fb;0x31b3cd0L;0.500000;1503087327;1503087327
0;16;8048;0x2502a101a7cc6dbd7f1c17a26c48d520b9d0f9708cc29e0402dc3009fe40a223;0xc9ccc89b201be0e90a4945b3dc6f649e24701337a28e7b5510dca84ed4a3b12a;0xca3771fb;0x31b3cd0L;0.500000;1503087327;1503087327
0;16;8048;0x2502a101a7cc6dbd7f1c17a26c48d520b9d0f9708cc29e0402dc3009fe40a223;0xc9ccc89b201be0e90a4945b3dc6f649e24701337a28e7b5510dca84ed4a3b12a;0xca3771fb;0x31b3cd0L;0.500000;1503087327;1503087327
0;16;8048;0x2502a101a7cc6dbd7f1c17a26c48d520b9d0f9708cc29e0402dc3009fe40a223;0xc9ccc89b201be0e90a4945b3dc6f649e24701337a28e7b5510dca84ed4a3b12a;0xca3771fb;0x31b3cd0L;0.500000;1503087327;1503087327
0;16;8048;0x2502a101a7cc6dbd7f1c17a26c48d520b9d0f9708cc29e0402dc3009fe40a223;0xc9ccc89b201be0e90a4945b3dc6f649e24701337a28e7b5510dca84ed4a3b12a;0xca3771fb;0x31b3cd0L;0.500000;1503087327;1503087327
0;16;8048;0x2502a101a7cc6dbd7f1c17a26c48d520b9d0f9708cc29e0402dc3009fe40a223;0xc9ccc89b201be0e90a4945b3dc6f649e24701337a28e7b5510dca84ed4a3b12a;0xca3771fb;0x31b3cd0L;0.500000;1503087327;1503087327
0;16;8048;0x2502a101a7cc6dbd7f1c17a26c48d520b9d0f9708cc29e0402dc3009fe40a223;0xc9ccc89b201be0e90a4945b3dc6f649e24701337a28e7b5510dca84ed4a3b12a;0xca3771fb;0x31b3cd0L;0.500000;1503087328;1503087328
