0;16;8048;0x66864c469a89d21e331936456947fb67c1f23b291d4d8bb38a531821a38a1f0a;0x5d5fb79979e80718507b991a870cd2d6854d49a876130d9af447bfeebd88bd40;0xa5b7f573;0x31b3cd0L;0.500000;1503101471;1503101471
0;16;8048;0x66864c469a89d21e331936456947fb67c1f23b291d4d8bb38a531821a38a1f0a;0x5d5fb79979e80718507b991a870cd2d6854d49a876130d9af447bfeebd88bd40;0xa5b7f573;0x31b3cd0L;0.500000;1503101471;1503101471
0;16;8048;0x66864c469a89d21e331936456947fb67c1f23b291d4d8bb38a531821a38a1f0a;0x5d5fb79979e80718507b991a870cd2d6854d49a876130d9af447bfeebd88bd40;0xa5b7f573;0x31b3cd0L;0.500000;1503101471;1503101471
0;16;8048;0x66864c469a89d21e331936456947fb67c1f23b291d4d8bb38a531821a38a1f0a;0x5d5fb79979e80718507b991a870cd2d6854d49a876130d9af447bfeebd88bd40;0xa5b7f573;0x31b3cd0L;0.500000;1503101471;1503101471
0;16;8048;0x66864c469a89d21e331936456947fb67c1f23b291d4d8bb38a531821a38a1f0a;0x5d5fb79979e80718507b991a870cd2d6854d49a876130d9af447bfeebd88bd40;0xa5b7f573;0x31b3cd0L;0.500000;1503101471;1503101471
0;16;8048;0x66864c469a89d21e331936456947fb67c1f23b291d4d8bb38a531821a38a1f0a;0x5d5fb79979e80718507b991a870cd2d6854d49a876130d9af447bfeebd88bd40;0xa5b7f573;0x31b3cd0L;0.500000;1503101471;1503101471
0;16;8048;0x66864c469a89d21e331936456947fb67c1f23b291d4d8bb38a531821a38a1f0a;0x5d5fb79979e80718507b991a870cd2d6854d49a876130d9af447bfeebd88bd40;0xa5b7f573;0x31b3cd0L;0.500000;1503101471;1503101472
0;16;8048;0xe7c404681001563a882290b9a3610e633832576ed4422e95ff8454f813c2a1fa;0x3df06ac663edc02d4301700ba785bcbe82a6cc9f0fc64fefb8b1b0edcb459857;0x0703c508;0x31b3cd0L;0.500000;1503101472;1503101472
0;16;8048;0xe7c404681001563a882290b9a3610e633832576ed4422e95ff8454f813c2a1fa;0x3df06ac663edc02d4301700ba785bcbe82a6cc9f0fc64fefb8b1b0edcb459857;0x0703c508;0x31b3cd0L;0.500000;1503101472;1503101472
0;16;8048;0xe7c404681001563a882290b9a3610e633832576ed4422e95ff8454f813c2a1fa;0x3df06ac663edc02d4301700ba785bcbe82a6cc9f0fc64fefb8b1b0edcb459857;0x0703c508;0x31b3cd0L;0.500000;1503101472;1503101472
0;16;8048;0xe7c404681001563a882290b9a3610e633832576ed4422e95ff8454f813c2a1fa;0x3df06ac663edc02d4301700ba785bcbe82a6cc9f0fc64fefb8b1b0edcb459857;0x0703c508;0x31b3cd0L;0.500000;1503101472;1503101472
0;16;8048;0xe7c404681001563a882290b9a3610e633832576ed4422e95ff8454f813c2a1fa;0x3df06ac663edc02d4301700ba785bcbe82a6cc9f0fc64fefb8b1b0edcb459857;0x0703c508;0x31b3cd0L;0.500000;1503101472;1503101472
0;16;8048;0xe7c404681001563a882290b9a3610e633832576ed4422e95ff8454f813c2a1fa;0x3df06ac663edc02d4301700ba785bcbe82a6cc9f0fc64fefb8b1b0edcb459857;0x0703c508;0x31b3cd0L;0.500000;1503101472;1503101472
0;16;8048;0xe7c404681001563a882290b9a3610e633832576ed4422e95ff8454f813c2a1fa;0x3df06ac663edc02d4301700ba785bcbe82a6cc9f0fc64fefb8b1b0edcb459857;0x0703c508;0x31b3cd0L;0.500000;1503101472;1503101472
0;16;8048;0xe7c404681001563a882290b9a3610e633832576ed4422e95ff8454f813c2a1fa;0x3df06ac663edc02d4301700ba785bcbe82a6cc9f0fc64fefb8b1b0edcb459857;0x0703c508;0x31b3cd0L;0.500000;1503101472;1503101473
0;16;8048;0xc216cf9cf8effd5fcc930e4ba19698331c281df4453bee09d5470bdce2af74a4;0x9bbf424ca35c2810ee67cd356cca1919e9a4b5a8a9c326d8d324bf5be181a5ad;0xa46d7654;0x31b3cd0L;0.500000;1503101473;1503101473
0;16;8048;0xc216cf9cf8effd5fcc930e4ba19698331c281df4453bee09d5470bdce2af74a4;0x9bbf424ca35c2810ee67cd356cca1919e9a4b5a8a9c326d8d324bf5be181a5ad;0xa46d7654;0x31b3cd0L;0.500000;1503101473;1503101473
0;16;8048;0xc216cf9cf8effd5fcc930e4ba19698331c281df4453bee09d5470bdce2af74a4;0x9bbf424ca35c2810ee67cd356cca1919e9a4b5a8a9c326d8d324bf5be181a5ad;0xa46d7654;0x31b3cd0L;0.500000;1503101473;1503101473
0;16;8048;0xc216cf9cf8effd5fcc930e4ba19698331c281df4453bee09d5470bdce2af74a4;0x9bbf424ca35c2810ee67cd356cca1919e9a4b5a8a9c326d8d324bf5be181a5ad;0xa46d7654;0x31b3cd0L;0.500000;1503101473;1503101473
0;16;8048;0xc216cf9cf8effd5fcc930e4ba19698331c281df4453bee09d5470bdce2af74a4;0x9bbf424ca35c2810ee67cd356cca1919e9a4b5a8a9c326d8d324bf5be181a5ad;0xa46d7654;0x31b3cd0L;0.500000;1503101473;1503101473
