0;16;8048;0xeccc0b16fc3de56e53321d23ebfa2531f5fb59b260687abc5c14cf25f6ebcfe2;0x8b1ad9e6b03229abea4afea99dae882ec3bfbd569e91a69d56ec284c2d29f05e;0x348de675;0x31b3cd0L;0.500000;1503136340;1503136340
0;16;8048;0xeccc0b16fc3de56e53321d23ebfa2531f5fb59b260687abc5c14cf25f6ebcfe2;0x8b1ad9e6b03229abea4afea99dae882ec3bfbd569e91a69d56ec284c2d29f05e;0x348de675;0x31b3cd0L;0.500000;1503136340;1503136340
0;16;8048;0xeccc0b16fc3de56e53321d23ebfa2531f5fb59b260687abc5c14cf25f6ebcfe2;0x8b1ad9e6b03229abea4afea99dae882ec3bfbd569e91a69d56ec284c2d29f05e;0x348de675;0x31b3cd0L;0.500000;1503136340;1503136341
0;16;8048;0x00655211595675f5a7471a59f159c5b052ec1a4a3ee35aeaaa0736f3f04b72f0;0x97bab3fd2b87e92bf16b5860687966f10d054285eae7afeb249b2abd01e13be8;0x333f8d5d;0x31b3cd0L;0.500000;1503136341;1503136341
0;16;8048;0x00655211595675f5a7471a59f159c5b052ec1a4a3ee35aeaaa0736f3f04b72f0;0x97bab3fd2b87e92bf16b5860687966f10d054285eae7afeb249b2abd01e13be8;0x333f8d5d;0x31b3cd0L;0.500000;1503136341;1503136341
0;16;8048;0x00655211595675f5a7471a59f159c5b052ec1a4a3ee35aeaaa0736f3f04b72f0;0x97bab3fd2b87e92bf16b5860687966f10d054285eae7afeb249b2abd01e13be8;0x333f8d5d;0x31b3cd0L;0.500000;1503136341;1503136341
0;16;8048;0x00655211595675f5a7471a59f159c5b052ec1a4a3ee35aeaaa0736f3f04b72f0;0x97bab3fd2b87e92bf16b5860687966f10d054285eae7afeb249b2abd01e13be8;0x333f8d5d;0x31b3cd0L;0.500000;1503136341;1503136341
0;16;8048;0x00655211595675f5a7471a59f159c5b052ec1a4a3ee35aeaaa0736f3f04b72f0;0x97bab3fd2b87e92bf16b5860687966f10d054285eae7afeb249b2abd01e13be8;0x333f8d5d;0x31b3cd0L;0.500000;1503136341;1503136341
0;16;8048;0x00655211595675f5a7471a59f159c5b052ec1a4a3ee35aeaaa0736f3f04b72f0;0x97bab3fd2b87e92bf16b5860687966f10d054285eae7afeb249b2abd01e13be8;0x333f8d5d;0x31b3cd0L;0.500000;1503136341;1503136341
0;16;8048;0x00655211595675f5a7471a59f159c5b052ec1a4a3ee35aeaaa0736f3f04b72f0;0x97bab3fd2b87e92bf16b5860687966f10d054285eae7afeb249b2abd01e13be8;0x333f8d5d;0x31b3cd0L;0.500000;1503136341;1503136341
0;16;8048;0x00655211595675f5a7471a59f159c5b052ec1a4a3ee35aeaaa0736f3f04b72f0;0x97bab3fd2b87e92bf16b5860687966f10d054285eae7afeb249b2abd01e13be8;0x333f8d5d;0x31b3cd0L;0.500000;1503136341;1503136342
0;16;8048;0x4356db9b66dd086929ddc78d9e02cde1f3aeb83bca3123254946e008f663703a;0xae20b9740049b979f1299693366d6939d26dec474cb77a582320b34ce94535a3;0x2e3aba68;0x31b3cd0L;0.500000;1503136342;1503136342
0;16;8048;0x4356db9b66dd086929ddc78d9e02cde1f3aeb83bca3123254946e008f663703a;0xae20b9740049b979f1299693366d6939d26dec474cb77a582320b34ce94535a3;0x2e3aba68;0x31b3cd0L;0.500000;1503136342;1503136342
0;16;8048;0x4356db9b66dd086929ddc78d9e02cde1f3aeb83bca3123254946e008f663703a;0xae20b9740049b979f1299693366d6939d26dec474cb77a582320b34ce94535a3;0x2e3aba68;0x31b3cd0L;0.500000;1503136342;1503136342
0;16;8048;0x4356db9b66dd086929ddc78d9e02cde1f3aeb83bca3123254946e008f663703a;0xae20b9740049b979f1299693366d6939d26dec474cb77a582320b34ce94535a3;0x2e3aba68;0x31b3cd0L;0.500000;1503136342;1503136342
0;16;8048;0x4356db9b66dd086929ddc78d9e02cde1f3aeb83bca3123254946e008f663703a;0xae20b9740049b979f1299693366d6939d26dec474cb77a582320b34ce94535a3;0x2e3aba68;0x31b3cd0L;0.500000;1503136342;1503136342
0;16;8048;0x4356db9b66dd086929ddc78d9e02cde1f3aeb83bca3123254946e008f663703a;0xae20b9740049b979f1299693366d6939d26dec474cb77a582320b34ce94535a3;0x2e3aba68;0x31b3cd0L;0.500000;1503136342;1503136342
0;16;8048;0x4356db9b66dd086929ddc78d9e02cde1f3aeb83bca3123254946e008f663703a;0xae20b9740049b979f1299693366d6939d26dec474cb77a582320b34ce94535a3;0x2e3aba68;0x31b3cd0L;0.500000;1503136342;1503136343
0;16;8048;0xa07747315d4577af22b12e7a87f8fbe8a3f88926c1ae517a705ec7ef94785c34;0x25f6713d5224b77d7e14f8e9c9d80e6190295aa818de29a81197c41038213214;0x7049e26d;0x31b3cd0L;0.500000;1503136343;1503136343
0;16;8048;0xa07747315d4577af22b12e7a87f8fbe8a3f88926c1ae517a705ec7ef94785c34;0x25f6713d5224b77d7e14f8e9c9d80e6190295aa818de29a81197c41038213214;0x7049e26d;0x31b3cd0L;0.500000;1503136343;1503136343
