0;16;8048;0x914131c1a0f5e637eb9e7e3270f2c24088177c11fe51870ad73e61789e6f502f;0xe21f2a1468daf8ea5a798fa404e76821d4375b1b6e0b3db1bd018bb738345ae8;0xff49faa2;0x31b3cd0L;0.500000;1503121205;1503121205
0;16;8048;0x914131c1a0f5e637eb9e7e3270f2c24088177c11fe51870ad73e61789e6f502f;0xe21f2a1468daf8ea5a798fa404e76821d4375b1b6e0b3db1bd018bb738345ae8;0xff49faa2;0x31b3cd0L;0.500000;1503121205;1503121206
0;16;8048;0x48f110668a7ee2128cfe48cdcf9286400816eef580187b8fd5d569370452ad4c;0xe9821934684da3bcfc2e9b08db87af6e7aa62687140981720c71ef8ca06f9bb1;0x95622436;0x31b3cd0L;0.500000;1503121206;1503121206
0;16;8048;0x48f110668a7ee2128cfe48cdcf9286400816eef580187b8fd5d569370452ad4c;0xe9821934684da3bcfc2e9b08db87af6e7aa62687140981720c71ef8ca06f9bb1;0x95622436;0x31b3cd0L;0.500000;1503121206;1503121206
0;16;8048;0x48f110668a7ee2128cfe48cdcf9286400816eef580187b8fd5d569370452ad4c;0xe9821934684da3bcfc2e9b08db87af6e7aa62687140981720c71ef8ca06f9bb1;0x95622436;0x31b3cd0L;0.500000;1503121206;1503121206
0;16;8048;0x48f110668a7ee2128cfe48cdcf9286400816eef580187b8fd5d569370452ad4c;0xe9821934684da3bcfc2e9b08db87af6e7aa62687140981720c71ef8ca06f9bb1;0x95622436;0x31b3cd0L;0.500000;1503121206;1503121206
0;16;8048;0x48f110668a7ee2128cfe48cdcf9286400816eef580187b8fd5d569370452ad4c;0xe9821934684da3bcfc2e9b08db87af6e7aa62687140981720c71ef8ca06f9bb1;0x95622436;0x31b3cd0L;0.500000;1503121206;1503121206
0;16;8048;0x48f110668a7ee2128cfe48cdcf9286400816eef580187b8fd5d569370452ad4c;0xe9821934684da3bcfc2e9b08db87af6e7aa62687140981720c71ef8ca06f9bb1;0x95622436;0x31b3cd0L;0.500000;1503121206;1503121206
0;16;8048;0x48f110668a7ee2128cfe48cdcf9286400816eef580187b8fd5d569370452ad4c;0xe9821934684da3bcfc2e9b08db87af6e7aa62687140981720c71ef8ca06f9bb1;0x95622436;0x31b3cd0L;0.500000;1503121206;1503121206
0;16;8048;0x48f110668a7ee2128cfe48cdcf9286400816eef580187b8fd5d569370452ad4c;0xe9821934684da3bcfc2e9b08db87af6e7aa62687140981720c71ef8ca06f9bb1;0x95622436;0x31b3cd0L;0.500000;1503121206;1503121206
0;16;8048;0x48f110668a7ee2128cfe48cdcf9286400816eef580187b8fd5d569370452ad4c;0xe9821934684da3bcfc2e9b08db87af6e7aa62687140981720c71ef8ca06f9bb1;0x95622436;0x31b3cd0L;0.500000;1503121206;1503121207
0;16;8048;0x9c1d13f2eb5dbc6feb6631f6c1f00d4b979c6d9e13301c6b334463f411665fad;0xb77efc837129017fdf0392a95099306abf83297e2c106127fa5d4107472e5ba4;0x0ad23002;0x31b3cd0L;0.500000;1503121207;1503121207
0;16;8048;0x9c1d13f2eb5dbc6feb6631f6c1f00d4b979c6d9e13301c6b334463f411665fad;0xb77efc837129017fdf0392a95099306abf83297e2c106127fa5d4107472e5ba4;0x0ad23002;0x31b3cd0L;0.500000;1503121207;1503121207
0;16;8048;0x9c1d13f2eb5dbc6feb6631f6c1f00d4b979c6d9e13301c6b334463f411665fad;0xb77efc837129017fdf0392a95099306abf83297e2c106127fa5d4107472e5ba4;0x0ad23002;0x31b3cd0L;0.500000;1503121207;1503121207
0;16;8048;0x9c1d13f2eb5dbc6feb6631f6c1f00d4b979c6d9e13301c6b334463f411665fad;0xb77efc837129017fdf0392a95099306abf83297e2c106127fa5d4107472e5ba4;0x0ad23002;0x31b3cd0L;0.500000;1503121207;1503121207
0;16;8048;0x9c1d13f2eb5dbc6feb6631f6c1f00d4b979c6d9e13301c6b334463f411665fad;0xb77efc837129017fdf0392a95099306abf83297e2c106127fa5d4107472e5ba4;0x0ad23002;0x31b3cd0L;0.500000;1503121207;1503121207
0;16;8048;0x9c1d13f2eb5dbc6feb6631f6c1f00d4b979c6d9e13301c6b334463f411665fad;0xb77efc837129017fdf0392a95099306abf83297e2c106127fa5d4107472e5ba4;0x0ad23002;0x31b3cd0L;0.500000;1503121207;1503121207
0;16;8048;0x9c1d13f2eb5dbc6feb6631f6c1f00d4b979c6d9e13301c6b334463f411665fad;0xb77efc837129017fdf0392a95099306abf83297e2c106127fa5d4107472e5ba4;0x0ad23002;0x31b3cd0L;0.500000;1503121207;1503121207
0;16;8048;0x9c1d13f2eb5dbc6feb6631f6c1f00d4b979c6d9e13301c6b334463f411665fad;0xb77efc837129017fdf0392a95099306abf83297e2c106127fa5d4107472e5ba4;0x0ad23002;0x31b3cd0L;0.500000;1503121207;1503121208
0;16;8048;0x01452b6f7f08706395cdd959e30b31f4b0cc994c09a9b85edf7560e10a28350b;0xaccf272983342f1037d12ff1bc9124380c28d553cf6cbe0c552be166d49d07a1;0x668e7b26;0x31b3cd0L;0.500000;1503121208;1503121208
