0;16;8048;0x67bbc0b43de9fa7266d679bcb5160d2ea112a3a6baf1dd90cd92c0f5fa6c0562;0xc89c7edd9cdbd3e56d42866b890e2473ddd92d5d31cc203fd8f7bc2a021ea861;0x86f1f9b6;0x31b3cd0L;0.500000;1503125190;1503125190
0;16;8048;0xd3c4d6fb04b33915d8eec6691e4fb52b90983a4c2f0e6d219857c1fdc91ed09c;0x3ae8f78a4b87363235c2aaaadd8371c4e7ef4511332c3e4f3fc50d074f363e3a;0xdeee41e8;0x31b3cd0L;0.500000;1503125191;1503125191
0;16;8048;0xd3c4d6fb04b33915d8eec6691e4fb52b90983a4c2f0e6d219857c1fdc91ed09c;0x3ae8f78a4b87363235c2aaaadd8371c4e7ef4511332c3e4f3fc50d074f363e3a;0xdeee41e8;0x31b3cd0L;0.500000;1503125191;1503125191
0;16;8048;0xd3c4d6fb04b33915d8eec6691e4fb52b90983a4c2f0e6d219857c1fdc91ed09c;0x3ae8f78a4b87363235c2aaaadd8371c4e7ef4511332c3e4f3fc50d074f363e3a;0xdeee41e8;0x31b3cd0L;0.500000;1503125191;1503125191
0;16;8048;0xd3c4d6fb04b33915d8eec6691e4fb52b90983a4c2f0e6d219857c1fdc91ed09c;0x3ae8f78a4b87363235c2aaaadd8371c4e7ef4511332c3e4f3fc50d074f363e3a;0xdeee41e8;0x31b3cd0L;0.500000;1503125191;1503125191
0;16;8048;0xd3c4d6fb04b33915d8eec6691e4fb52b90983a4c2f0e6d219857c1fdc91ed09c;0x3ae8f78a4b87363235c2aaaadd8371c4e7ef4511332c3e4f3fc50d074f363e3a;0xdeee41e8;0x31b3cd0L;0.500000;1503125191;1503125191
0;16;8048;0xd3c4d6fb04b33915d8eec6691e4fb52b90983a4c2f0e6d219857c1fdc91ed09c;0x3ae8f78a4b87363235c2aaaadd8371c4e7ef4511332c3e4f3fc50d074f363e3a;0xdeee41e8;0x31b3cd0L;0.500000;1503125191;1503125191
0;16;8048;0xd3c4d6fb04b33915d8eec6691e4fb52b90983a4c2f0e6d219857c1fdc91ed09c;0x3ae8f78a4b87363235c2aaaadd8371c4e7ef4511332c3e4f3fc50d074f363e3a;0xdeee41e8;0x31b3cd0L;0.500000;1503125191;1503125191
0;16;8048;0xd3c4d6fb04b33915d8eec6691e4fb52b90983a4c2f0e6d219857c1fdc91ed09c;0x3ae8f78a4b87363235c2aaaadd8371c4e7ef4511332c3e4f3fc50d074f363e3a;0xdeee41e8;0x31b3cd0L;0.500000;1503125191;1503125191
0;16;8048;0xd3c4d6fb04b33915d8eec6691e4fb52b90983a4c2f0e6d219857c1fdc91ed09c;0x3ae8f78a4b87363235c2aaaadd8371c4e7ef4511332c3e4f3fc50d074f363e3a;0xdeee41e8;0x31b3cd0L;0.500000;1503125192;1503125192
0;16;8048;0xe007e8e25e250432cc778644df05e436ebbbcad17082fa727698e654989d2b78;0xfa0300cc522e13d75994a47b8047e086c36ee3bafab0b8b87cfebb19ff0c4fdf;0x6b6b4363;0x31b3cd0L;0.500000;1503125192;1503125192
0;16;8048;0xe007e8e25e250432cc778644df05e436ebbbcad17082fa727698e654989d2b78;0xfa0300cc522e13d75994a47b8047e086c36ee3bafab0b8b87cfebb19ff0c4fdf;0x6b6b4363;0x31b3cd0L;0.500000;1503125192;1503125192
0;16;8048;0xe007e8e25e250432cc778644df05e436ebbbcad17082fa727698e654989d2b78;0xfa0300cc522e13d75994a47b8047e086c36ee3bafab0b8b87cfebb19ff0c4fdf;0x6b6b4363;0x31b3cd0L;0.500000;1503125192;1503125192
0;16;8048;0xe007e8e25e250432cc778644df05e436ebbbcad17082fa727698e654989d2b78;0xfa0300cc522e13d75994a47b8047e086c36ee3bafab0b8b87cfebb19ff0c4fdf;0x6b6b4363;0x31b3cd0L;0.500000;1503125192;1503125192
0;16;8048;0xe007e8e25e250432cc778644df05e436ebbbcad17082fa727698e654989d2b78;0xfa0300cc522e13d75994a47b8047e086c36ee3bafab0b8b87cfebb19ff0c4fdf;0x6b6b4363;0x31b3cd0L;0.500000;1503125192;1503125192
0;16;8048;0xe007e8e25e250432cc778644df05e436ebbbcad17082fa727698e654989d2b78;0xfa0300cc522e13d75994a47b8047e086c36ee3bafab0b8b87cfebb19ff0c4fdf;0x6b6b4363;0x31b3cd0L;0.500000;1503125192;1503125193
0;16;8048;0x7e92bb18f37a6db42afdf2d70e8202d4a6e745c9c1d11239b3ddcad6589fedd6;0xb1a1f020ac27879cb23794377fa3698e4f7c70258cb5766657b2ef2acc0de36d;0x5afb1f1c;0x31b3cd0L;0.500000;1503125193;1503125193
0;16;8048;0x7e92bb18f37a6db42afdf2d70e8202d4a6e745c9c1d11239b3ddcad6589fedd6;0xb1a1f020ac27879cb23794377fa3698e4f7c70258cb5766657b2ef2acc0de36d;0x5afb1f1c;0x31b3cd0L;0.500000;1503125193;1503125193
0;16;8048;0x7e92bb18f37a6db42afdf2d70e8202d4a6e745c9c1d11239b3ddcad6589fedd6;0xb1a1f020ac27879cb23794377fa3698e4f7c70258cb5766657b2ef2acc0de36d;0x5afb1f1c;0x31b3cd0L;0.500000;1503125193;1503125193
0;16;8048;0x7e92bb18f37a6db42afdf2d70e8202d4a6e745c9c1d11239b3ddcad6589fedd6;0xb1a1f020ac27879cb23794377fa3698e4f7c70258cb5766657b2ef2acc0de36d;0x5afb1f1c;0x31b3cd0L;0.500000;1503125193;1503125193
