0;16;8048;0x0bd08571016bc82e66cabae129b19a769c8674982e4df90a9574f648629ee56d;0xe574b69650ee039a64f0a8dcb693663922b19cebe153e6f0149171b9e637b1d6;0xc5f4ad2f;0x31b3cd0L;0.500000;1503103430;1503103430
0;16;8048;0x0bd08571016bc82e66cabae129b19a769c8674982e4df90a9574f648629ee56d;0xe574b69650ee039a64f0a8dcb693663922b19cebe153e6f0149171b9e637b1d6;0xc5f4ad2f;0x31b3cd0L;0.500000;1503103430;1503103431
0;16;8048;0x60b707196298e4cf5cac87b36564b06432e28d75820d7ad836246b9b7650b6d7;0xc78e9874e18e1fea945916d5d4f01a13c8005f12e19d1c47fa8ee7527429debf;0x529952ac;0x31b3cd0L;0.500000;1503103431;1503103431
0;16;8048;0x60b707196298e4cf5cac87b36564b06432e28d75820d7ad836246b9b7650b6d7;0xc78e9874e18e1fea945916d5d4f01a13c8005f12e19d1c47fa8ee7527429debf;0x529952ac;0x31b3cd0L;0.500000;1503103431;1503103431
0;16;8048;0x60b707196298e4cf5cac87b36564b06432e28d75820d7ad836246b9b7650b6d7;0xc78e9874e18e1fea945916d5d4f01a13c8005f12e19d1c47fa8ee7527429debf;0x529952ac;0x31b3cd0L;0.500000;1503103431;1503103431
0;16;8048;0x60b707196298e4cf5cac87b36564b06432e28d75820d7ad836246b9b7650b6d7;0xc78e9874e18e1fea945916d5d4f01a13c8005f12e19d1c47fa8ee7527429debf;0x529952ac;0x31b3cd0L;0.500000;1503103431;1503103431
0;16;8048;0x60b707196298e4cf5cac87b36564b06432e28d75820d7ad836246b9b7650b6d7;0xc78e9874e18e1fea945916d5d4f01a13c8005f12e19d1c47fa8ee7527429debf;0x529952ac;0x31b3cd0L;0.500000;1503103431;1503103431
0;16;8048;0x60b707196298e4cf5cac87b36564b06432e28d75820d7ad836246b9b7650b6d7;0xc78e9874e18e1fea945916d5d4f01a13c8005f12e19d1c47fa8ee7527429debf;0x529952ac;0x31b3cd0L;0.500000;1503103431;1503103431
0;16;8048;0x60b707196298e4cf5cac87b36564b06432e28d75820d7ad836246b9b7650b6d7;0xc78e9874e18e1fea945916d5d4f01a13c8005f12e19d1c47fa8ee7527429debf;0x529952ac;0x31b3cd0L;0.500000;1503103431;1503103431
0;16;8048;0x60b707196298e4cf5cac87b36564b06432e28d75820d7ad836246b9b7650b6d7;0xc78e9874e18e1fea945916d5d4f01a13c8005f12e19d1c47fa8ee7527429debf;0x529952ac;0x31b3cd0L;0.500000;1503103431;1503103432
0;16;8048;0xdb501a1182aae30ba24d1beb5af05bb0aea5d06e934e850cb2ed70241c5e6af8;0x0da3f50ad161297339aeef80d94bcca50cf690541b46f0d65cd04dd27722df4f;0x33ee5b52;0x31b3cd0L;0.500000;1503103432;1503103432
0;16;8048;0xdb501a1182aae30ba24d1beb5af05bb0aea5d06e934e850cb2ed70241c5e6af8;0x0da3f50ad161297339aeef80d94bcca50cf690541b46f0d65cd04dd27722df4f;0x33ee5b52;0x31b3cd0L;0.500000;1503103432;1503103432
0;16;8048;0xdb501a1182aae30ba24d1beb5af05bb0aea5d06e934e850cb2ed70241c5e6af8;0x0da3f50ad161297339aeef80d94bcca50cf690541b46f0d65cd04dd27722df4f;0x33ee5b52;0x31b3cd0L;0.500000;1503103432;1503103432
0;16;8048;0xdb501a1182aae30ba24d1beb5af05bb0aea5d06e934e850cb2ed70241c5e6af8;0x0da3f50ad161297339aeef80d94bcca50cf690541b46f0d65cd04dd27722df4f;0x33ee5b52;0x31b3cd0L;0.500000;1503103432;1503103432
0;16;8048;0xdb501a1182aae30ba24d1beb5af05bb0aea5d06e934e850cb2ed70241c5e6af8;0x0da3f50ad161297339aeef80d94bcca50cf690541b46f0d65cd04dd27722df4f;0x33ee5b52;0x31b3cd0L;0.500000;1503103432;1503103432
0;16;8048;0xdb501a1182aae30ba24d1beb5af05bb0aea5d06e934e850cb2ed70241c5e6af8;0x0da3f50ad161297339aeef80d94bcca50cf690541b46f0d65cd04dd27722df4f;0x33ee5b52;0x31b3cd0L;0.500000;1503103432;1503103432
0;16;8048;0xdb501a1182aae30ba24d1beb5af05bb0aea5d06e934e850cb2ed70241c5e6af8;0x0da3f50ad161297339aeef80d94bcca50cf690541b46f0d65cd04dd27722df4f;0x33ee5b52;0x31b3cd0L;0.500000;1503103432;1503103432
0;16;8048;0xdb501a1182aae30ba24d1beb5af05bb0aea5d06e934e850cb2ed70241c5e6af8;0x0da3f50ad161297339aeef80d94bcca50cf690541b46f0d65cd04dd27722df4f;0x33ee5b52;0x31b3cd0L;0.500000;1503103433;1503103433
0;16;8048;0xbdd84cc8bf453bc582f138050b0278eddd8dca1e4c8617beac908c7f29dac5e6;0xa1aa3e61b89fbb1dfd56c622dc6867fe688b3338f31cb7d6e74cb539466ddcf5;0x337b653c;0x31b3cd0L;0.500000;1503103433;1503103433
0;16;8048;0xbdd84cc8bf453bc582f138050b0278eddd8dca1e4c8617beac908c7f29dac5e6;0xa1aa3e61b89fbb1dfd56c622dc6867fe688b3338f31cb7d6e74cb539466ddcf5;0x337b653c;0x31b3cd0L;0.500000;1503103433;1503103433
