0;16;8048;0xc1f56413dc9d56de770cedf8d7f4f73d8982ad405c07beb48f9d060590c96c52;0x8bf61a318727d6f3dfbb18c03a5d3a819cc95d4e033f3aa3cf443391118c0d20;0x8e31925b;0x31b3cd0L;0.500000;1503132406;1503132406
0;16;8048;0xc1f56413dc9d56de770cedf8d7f4f73d8982ad405c07beb48f9d060590c96c52;0x8bf61a318727d6f3dfbb18c03a5d3a819cc95d4e033f3aa3cf443391118c0d20;0x8e31925b;0x31b3cd0L;0.500000;1503132406;1503132406
0;16;8048;0xc1f56413dc9d56de770cedf8d7f4f73d8982ad405c07beb48f9d060590c96c52;0x8bf61a318727d6f3dfbb18c03a5d3a819cc95d4e033f3aa3cf443391118c0d20;0x8e31925b;0x31b3cd0L;0.500000;1503132406;1503132406
0;16;8048;0xc1f56413dc9d56de770cedf8d7f4f73d8982ad405c07beb48f9d060590c96c52;0x8bf61a318727d6f3dfbb18c03a5d3a819cc95d4e033f3aa3cf443391118c0d20;0x8e31925b;0x31b3cd0L;0.500000;1503132406;1503132407
0;16;8048;0x633d54f1e124297da8bb90bf4e692340cf76299bad95c68e3fa3e4fa37ab439a;0xa0fefa4b22d7105bac067c28394e66175d7489f8e889a9586e195b0d04fe414b;0x15ccccd8;0x31b3cd0L;0.500000;1503132407;1503132407
0;16;8048;0x633d54f1e124297da8bb90bf4e692340cf76299bad95c68e3fa3e4fa37ab439a;0xa0fefa4b22d7105bac067c28394e66175d7489f8e889a9586e195b0d04fe414b;0x15ccccd8;0x31b3cd0L;0.500000;1503132407;1503132407
0;16;8048;0x633d54f1e124297da8bb90bf4e692340cf76299bad95c68e3fa3e4fa37ab439a;0xa0fefa4b22d7105bac067c28394e66175d7489f8e889a9586e195b0d04fe414b;0x15ccccd8;0x31b3cd0L;0.500000;1503132407;1503132407
0;16;8048;0x633d54f1e124297da8bb90bf4e692340cf76299bad95c68e3fa3e4fa37ab439a;0xa0fefa4b22d7105bac067c28394e66175d7489f8e889a9586e195b0d04fe414b;0x15ccccd8;0x31b3cd0L;0.500000;1503132407;1503132407
0;16;8048;0x633d54f1e124297da8bb90bf4e692340cf76299bad95c68e3fa3e4fa37ab439a;0xa0fefa4b22d7105bac067c28394e66175d7489f8e889a9586e195b0d04fe414b;0x15ccccd8;0x31b3cd0L;0.500000;1503132407;1503132407
0;16;8048;0x633d54f1e124297da8bb90bf4e692340cf76299bad95c68e3fa3e4fa37ab439a;0xa0fefa4b22d7105bac067c28394e66175d7489f8e889a9586e195b0d04fe414b;0x15ccccd8;0x31b3cd0L;0.500000;1503132407;1503132407
0;16;8048;0x633d54f1e124297da8bb90bf4e692340cf76299bad95c68e3fa3e4fa37ab439a;0xa0fefa4b22d7105bac067c28394e66175d7489f8e889a9586e195b0d04fe414b;0x15ccccd8;0x31b3cd0L;0.500000;1503132407;1503132407
0;16;8048;0x633d54f1e124297da8bb90bf4e692340cf76299bad95c68e3fa3e4fa37ab439a;0xa0fefa4b22d7105bac067c28394e66175d7489f8e889a9586e195b0d04fe414b;0x15ccccd8;0x31b3cd0L;0.500000;1503132407;1503132408
0;16;8048;0xba9f754518508691b40eddd9062398dad7bc79ed69850de54da20a61a48a8e5f;0xb2cb0861bbe2316fa9beb0ffb9126834cd2ba004ad2456063bf673d5dc98b9bc;0x659446bb;0x31b3cd0L;0.500000;1503132408;1503132408
0;16;8048;0xba9f754518508691b40eddd9062398dad7bc79ed69850de54da20a61a48a8e5f;0xb2cb0861bbe2316fa9beb0ffb9126834cd2ba004ad2456063bf673d5dc98b9bc;0x659446bb;0x31b3cd0L;0.500000;1503132408;1503132408
0;16;8048;0xba9f754518508691b40eddd9062398dad7bc79ed69850de54da20a61a48a8e5f;0xb2cb0861bbe2316fa9beb0ffb9126834cd2ba004ad2456063bf673d5dc98b9bc;0x659446bb;0x31b3cd0L;0.500000;1503132408;1503132408
0;16;8048;0xba9f754518508691b40eddd9062398dad7bc79ed69850de54da20a61a48a8e5f;0xb2cb0861bbe2316fa9beb0ffb9126834cd2ba004ad2456063bf673d5dc98b9bc;0x659446bb;0x31b3cd0L;0.500000;1503132408;1503132408
0;16;8048;0xba9f754518508691b40eddd9062398dad7bc79ed69850de54da20a61a48a8e5f;0xb2cb0861bbe2316fa9beb0ffb9126834cd2ba004ad2456063bf673d5dc98b9bc;0x659446bb;0x31b3cd0L;0.500000;1503132408;1503132408
0;16;8048;0xba9f754518508691b40eddd9062398dad7bc79ed69850de54da20a61a48a8e5f;0xb2cb0861bbe2316fa9beb0ffb9126834cd2ba004ad2456063bf673d5dc98b9bc;0x659446bb;0x31b3cd0L;0.500000;1503132408;1503132408
0;16;8048;0xba9f754518508691b40eddd9062398dad7bc79ed69850de54da20a61a48a8e5f;0xb2cb0861bbe2316fa9beb0ffb9126834cd2ba004ad2456063bf673d5dc98b9bc;0x659446bb;0x31b3cd0L;0.500000;1503132408;1503132408
0;16;8048;0xba9f754518508691b40eddd9062398dad7bc79ed69850de54da20a61a48a8e5f;0xb2cb0861bbe2316fa9beb0ffb9126834cd2ba004ad2456063bf673d5dc98b9bc;0x659446bb;0x31b3cd0L;0.500000;1503132408;1503132409
