0;16;8048;0x6f7ee6a1eb25e5f904f99e810bca443a8b616373efbe19d813f0484655cbf7c4;0x3640616a9918d4380d862085799b918efb440634b0d74fca694cf4f66f3ab6cf;0x1983400e;0x31b3cd0L;0.500000;1503109395;1503109395
0;16;8048;0x6f7ee6a1eb25e5f904f99e810bca443a8b616373efbe19d813f0484655cbf7c4;0x3640616a9918d4380d862085799b918efb440634b0d74fca694cf4f66f3ab6cf;0x1983400e;0x31b3cd0L;0.500000;1503109395;1503109395
0;16;8048;0x6f7ee6a1eb25e5f904f99e810bca443a8b616373efbe19d813f0484655cbf7c4;0x3640616a9918d4380d862085799b918efb440634b0d74fca694cf4f66f3ab6cf;0x1983400e;0x31b3cd0L;0.500000;1503109395;1503109395
0;16;8048;0x6f7ee6a1eb25e5f904f99e810bca443a8b616373efbe19d813f0484655cbf7c4;0x3640616a9918d4380d862085799b918efb440634b0d74fca694cf4f66f3ab6cf;0x1983400e;0x31b3cd0L;0.500000;1503109395;1503109395
0;16;8048;0x6f7ee6a1eb25e5f904f99e810bca443a8b616373efbe19d813f0484655cbf7c4;0x3640616a9918d4380d862085799b918efb440634b0d74fca694cf4f66f3ab6cf;0x1983400e;0x31b3cd0L;0.500000;1503109395;1503109395
0;16;8048;0x6f7ee6a1eb25e5f904f99e810bca443a8b616373efbe19d813f0484655cbf7c4;0x3640616a9918d4380d862085799b918efb440634b0d74fca694cf4f66f3ab6cf;0x1983400e;0x31b3cd0L;0.500000;1503109395;1503109395
0;16;8048;0x6f7ee6a1eb25e5f904f99e810bca443a8b616373efbe19d813f0484655cbf7c4;0x3640616a9918d4380d862085799b918efb440634b0d74fca694cf4f66f3ab6cf;0x1983400e;0x31b3cd0L;0.500000;1503109395;1503109395
0;16;8048;0x869be8f00c32f7dc4c5bcdff750b4c1df40a793e4fda5c2b85fe705508243a8f;0xa165bdadbf3a7dab93f32a0cfc369397d49e82b777780d2aafe04b091064c53a;0x9950f02c;0x31b3cd0L;0.500000;1503109396;1503109396
0;16;8048;0x869be8f00c32f7dc4c5bcdff750b4c1df40a793e4fda5c2b85fe705508243a8f;0xa165bdadbf3a7dab93f32a0cfc369397d49e82b777780d2aafe04b091064c53a;0x9950f02c;0x31b3cd0L;0.500000;1503109396;1503109396
0;16;8048;0x869be8f00c32f7dc4c5bcdff750b4c1df40a793e4fda5c2b85fe705508243a8f;0xa165bdadbf3a7dab93f32a0cfc369397d49e82b777780d2aafe04b091064c53a;0x9950f02c;0x31b3cd0L;0.500000;1503109396;1503109396
0;16;8048;0x869be8f00c32f7dc4c5bcdff750b4c1df40a793e4fda5c2b85fe705508243a8f;0xa165bdadbf3a7dab93f32a0cfc369397d49e82b777780d2aafe04b091064c53a;0x9950f02c;0x31b3cd0L;0.500000;1503109396;1503109396
0;16;8048;0x869be8f00c32f7dc4c5bcdff750b4c1df40a793e4fda5c2b85fe705508243a8f;0xa165bdadbf3a7dab93f32a0cfc369397d49e82b777780d2aafe04b091064c53a;0x9950f02c;0x31b3cd0L;0.500000;1503109396;1503109396
0;16;8048;0x869be8f00c32f7dc4c5bcdff750b4c1df40a793e4fda5c2b85fe705508243a8f;0xa165bdadbf3a7dab93f32a0cfc369397d49e82b777780d2aafe04b091064c53a;0x9950f02c;0x31b3cd0L;0.500000;1503109396;1503109396
0;16;8048;0x869be8f00c32f7dc4c5bcdff750b4c1df40a793e4fda5c2b85fe705508243a8f;0xa165bdadbf3a7dab93f32a0cfc369397d49e82b777780d2aafe04b091064c53a;0x9950f02c;0x31b3cd0L;0.500000;1503109396;1503109396
0;16;8048;0x869be8f00c32f7dc4c5bcdff750b4c1df40a793e4fda5c2b85fe705508243a8f;0xa165bdadbf3a7dab93f32a0cfc369397d49e82b777780d2aafe04b091064c53a;0x9950f02c;0x31b3cd0L;0.500000;1503109396;1503109397
0;16;8048;0x45f657e8ba1a73c3f09a8c2cdc7e3ef742a7e3e3758432aa42b236e193f33ad8;0x5d851146162d4192ae1a8749d866cad06ad4583f2f2e12bbed8ef4ca5baaac38;0xddada529;0x31b3cd0L;0.500000;1503109397;1503109397
0;16;8048;0x45f657e8ba1a73c3f09a8c2cdc7e3ef742a7e3e3758432aa42b236e193f33ad8;0x5d851146162d4192ae1a8749d866cad06ad4583f2f2e12bbed8ef4ca5baaac38;0xddada529;0x31b3cd0L;0.500000;1503109397;1503109397
0;16;8048;0x45f657e8ba1a73c3f09a8c2cdc7e3ef742a7e3e3758432aa42b236e193f33ad8;0x5d851146162d4192ae1a8749d866cad06ad4583f2f2e12bbed8ef4ca5baaac38;0xddada529;0x31b3cd0L;0.500000;1503109397;1503109397
0;16;8048;0x45f657e8ba1a73c3f09a8c2cdc7e3ef742a7e3e3758432aa42b236e193f33ad8;0x5d851146162d4192ae1a8749d866cad06ad4583f2f2e12bbed8ef4ca5baaac38;0xddada529;0x31b3cd0L;0.500000;1503109397;1503109397
0;16;8048;0x45f657e8ba1a73c3f09a8c2cdc7e3ef742a7e3e3758432aa42b236e193f33ad8;0x5d851146162d4192ae1a8749d866cad06ad4583f2f2e12bbed8ef4ca5baaac38;0xddada529;0x31b3cd0L;0.500000;1503109397;1503109397
