0;16;8048;0x9ee45eb3432df036bff992672cdd2c9c88ecd697ca41e062b79f131124a142c2;0xd2c7a49d1f15a9ed593a771c77f1d3518a18a05a27d7c9026c316a1df8b860ed;0x0e9d675c;0x31b3cd0L;0.500000;1503123889;1503123889
0;16;8048;0x9ee45eb3432df036bff992672cdd2c9c88ecd697ca41e062b79f131124a142c2;0xd2c7a49d1f15a9ed593a771c77f1d3518a18a05a27d7c9026c316a1df8b860ed;0x0e9d675c;0x31b3cd0L;0.500000;1503123889;1503123890
0;16;8048;0xd5a58bc1241f197fd5d7eaa9927552cb0be975e1f760424770009dae83993b58;0x4cc3eb0dcdee716d4bc5e21e9fe7e7a5bb2b13c2c42698d714320cffa202875e;0x4ff0fc65;0x31b3cd0L;0.500000;1503123890;1503123890
0;16;8048;0xd5a58bc1241f197fd5d7eaa9927552cb0be975e1f760424770009dae83993b58;0x4cc3eb0dcdee716d4bc5e21e9fe7e7a5bb2b13c2c42698d714320cffa202875e;0x4ff0fc65;0x31b3cd0L;0.500000;1503123890;1503123890
0;16;8048;0xd5a58bc1241f197fd5d7eaa9927552cb0be975e1f760424770009dae83993b58;0x4cc3eb0dcdee716d4bc5e21e9fe7e7a5bb2b13c2c42698d714320cffa202875e;0x4ff0fc65;0x31b3cd0L;0.500000;1503123890;1503123890
0;16;8048;0xd5a58bc1241f197fd5d7eaa9927552cb0be975e1f760424770009dae83993b58;0x4cc3eb0dcdee716d4bc5e21e9fe7e7a5bb2b13c2c42698d714320cffa202875e;0x4ff0fc65;0x31b3cd0L;0.500000;1503123890;1503123890
0;16;8048;0xd5a58bc1241f197fd5d7eaa9927552cb0be975e1f760424770009dae83993b58;0x4cc3eb0dcdee716d4bc5e21e9fe7e7a5bb2b13c2c42698d714320cffa202875e;0x4ff0fc65;0x31b3cd0L;0.500000;1503123890;1503123890
0;16;8048;0xd5a58bc1241f197fd5d7eaa9927552cb0be975e1f760424770009dae83993b58;0x4cc3eb0dcdee716d4bc5e21e9fe7e7a5bb2b13c2c42698d714320cffa202875e;0x4ff0fc65;0x31b3cd0L;0.500000;1503123890;1503123890
0;16;8048;0xd5a58bc1241f197fd5d7eaa9927552cb0be975e1f760424770009dae83993b58;0x4cc3eb0dcdee716d4bc5e21e9fe7e7a5bb2b13c2c42698d714320cffa202875e;0x4ff0fc65;0x31b3cd0L;0.500000;1503123890;1503123890
0;16;8048;0xd5a58bc1241f197fd5d7eaa9927552cb0be975e1f760424770009dae83993b58;0x4cc3eb0dcdee716d4bc5e21e9fe7e7a5bb2b13c2c42698d714320cffa202875e;0x4ff0fc65;0x31b3cd0L;0.500000;1503123890;1503123891
0;16;8048;0x05b7d9f8323ff4a905a2ec67fec2e5bd1f5c18db1fe90cfd8f38f718e2427be7;0xc9516dd95ef14356c3f36dbda1c2c940636eb3c98562304fba440f47c38b03dd;0x8b6fa36c;0x31b3cd0L;0.500000;1503123891;1503123891
0;16;8048;0x05b7d9f8323ff4a905a2ec67fec2e5bd1f5c18db1fe90cfd8f38f718e2427be7;0xc9516dd95ef14356c3f36dbda1c2c940636eb3c98562304fba440f47c38b03dd;0x8b6fa36c;0x31b3cd0L;0.500000;1503123891;1503123891
0;16;8048;0x05b7d9f8323ff4a905a2ec67fec2e5bd1f5c18db1fe90cfd8f38f718e2427be7;0xc9516dd95ef14356c3f36dbda1c2c940636eb3c98562304fba440f47c38b03dd;0x8b6fa36c;0x31b3cd0L;0.500000;1503123891;1503123891
0;16;8048;0x05b7d9f8323ff4a905a2ec67fec2e5bd1f5c18db1fe90cfd8f38f718e2427be7;0xc9516dd95ef14356c3f36dbda1c2c940636eb3c98562304fba440f47c38b03dd;0x8b6fa36c;0x31b3cd0L;0.500000;1503123891;1503123891
0;16;8048;0x05b7d9f8323ff4a905a2ec67fec2e5bd1f5c18db1fe90cfd8f38f718e2427be7;0xc9516dd95ef14356c3f36dbda1c2c940636eb3c98562304fba440f47c38b03dd;0x8b6fa36c;0x31b3cd0L;0.500000;1503123891;1503123891
0;16;8048;0x05b7d9f8323ff4a905a2ec67fec2e5bd1f5c18db1fe90cfd8f38f718e2427be7;0xc9516dd95ef14356c3f36dbda1c2c940636eb3c98562304fba440f47c38b03dd;0x8b6fa36c;0x31b3cd0L;0.500000;1503123891;1503123891
0;16;8048;0x05b7d9f8323ff4a905a2ec67fec2e5bd1f5c18db1fe90cfd8f38f718e2427be7;0xc9516dd95ef14356c3f36dbda1c2c940636eb3c98562304fba440f47c38b03dd;0x8b6fa36c;0x31b3cd0L;0.500000;1503123891;1503123891
0;16;8048;0x05b7d9f8323ff4a905a2ec67fec2e5bd1f5c18db1fe90cfd8f38f718e2427be7;0xc9516dd95ef14356c3f36dbda1c2c940636eb3c98562304fba440f47c38b03dd;0x8b6fa36c;0x31b3cd0L;0.500000;1503123891;1503123892
0;16;8048;0x356e77ad9c32627b641e4e0d3bce044cd8b68d351f306a26b11dfa741806724e;0x55d59ca5923a9a124aa77ef607a5e1b39457ef75bf9d848fbeaae1e578cb43eb;0x8d276792;0x31b3cd0L;0.500000;1503123892;1503123892
0;16;8048;0x356e77ad9c32627b641e4e0d3bce044cd8b68d351f306a26b11dfa741806724e;0x55d59ca5923a9a124aa77ef607a5e1b39457ef75bf9d848fbeaae1e578cb43eb;0x8d276792;0x31b3cd0L;0.500000;1503123892;1503123892
