0;16;8048;0xa9df940cf684117b7f43f007a484f517df14f6287702217ae65778b1e7cb6c91;0xe4a83eace74d2297a71ae4b8e09056775d6219ce20ef699e4090fb6fdab45fe3;0xcfe43e34;0x31b3cd0L;0.500000;1503090462;1503090462
0;16;8048;0xa9df940cf684117b7f43f007a484f517df14f6287702217ae65778b1e7cb6c91;0xe4a83eace74d2297a71ae4b8e09056775d6219ce20ef699e4090fb6fdab45fe3;0xcfe43e34;0x31b3cd0L;0.500000;1503090462;1503090462
0;16;8048;0xa9df940cf684117b7f43f007a484f517df14f6287702217ae65778b1e7cb6c91;0xe4a83eace74d2297a71ae4b8e09056775d6219ce20ef699e4090fb6fdab45fe3;0xcfe43e34;0x31b3cd0L;0.500000;1503090462;1503090462
0;16;8048;0xa9df940cf684117b7f43f007a484f517df14f6287702217ae65778b1e7cb6c91;0xe4a83eace74d2297a71ae4b8e09056775d6219ce20ef699e4090fb6fdab45fe3;0xcfe43e34;0x31b3cd0L;0.500000;1503090462;1503090462
0;16;8048;0x6645eaeb7c52fd072e559d2b292e4929313abf5b2bbba2f61f270ae626d7d28d;0x638ac24b7fbd1257e50ea6dbb6c3d4b750c9ba855b0e742dcf20f254e1833a7a;0x246a57dc;0x31b3cd0L;0.500000;1503090463;1503090463
0;16;8048;0x6645eaeb7c52fd072e559d2b292e4929313abf5b2bbba2f61f270ae626d7d28d;0x638ac24b7fbd1257e50ea6dbb6c3d4b750c9ba855b0e742dcf20f254e1833a7a;0x246a57dc;0x31b3cd0L;0.500000;1503090463;1503090463
0;16;8048;0x6645eaeb7c52fd072e559d2b292e4929313abf5b2bbba2f61f270ae626d7d28d;0x638ac24b7fbd1257e50ea6dbb6c3d4b750c9ba855b0e742dcf20f254e1833a7a;0x246a57dc;0x31b3cd0L;0.500000;1503090463;1503090463
0;16;8048;0x6645eaeb7c52fd072e559d2b292e4929313abf5b2bbba2f61f270ae626d7d28d;0x638ac24b7fbd1257e50ea6dbb6c3d4b750c9ba855b0e742dcf20f254e1833a7a;0x246a57dc;0x31b3cd0L;0.500000;1503090463;1503090463
0;16;8048;0x6645eaeb7c52fd072e559d2b292e4929313abf5b2bbba2f61f270ae626d7d28d;0x638ac24b7fbd1257e50ea6dbb6c3d4b750c9ba855b0e742dcf20f254e1833a7a;0x246a57dc;0x31b3cd0L;0.500000;1503090463;1503090463
0;16;8048;0x6645eaeb7c52fd072e559d2b292e4929313abf5b2bbba2f61f270ae626d7d28d;0x638ac24b7fbd1257e50ea6dbb6c3d4b750c9ba855b0e742dcf20f254e1833a7a;0x246a57dc;0x31b3cd0L;0.500000;1503090463;1503090464
0;16;8048;0x9e48409b211d7a9b2ad835c53ec17cc1e86caf343620de6384280330709b510e;0x5a39182fb5b813c6787c02fcc0f6500593f83be1c80cd2a41841be2d6117ddc4;0x320c1329;0x31b3cd0L;0.500000;1503090464;1503090464
0;16;8048;0x9e48409b211d7a9b2ad835c53ec17cc1e86caf343620de6384280330709b510e;0x5a39182fb5b813c6787c02fcc0f6500593f83be1c80cd2a41841be2d6117ddc4;0x320c1329;0x31b3cd0L;0.500000;1503090464;1503090464
0;16;8048;0x9e48409b211d7a9b2ad835c53ec17cc1e86caf343620de6384280330709b510e;0x5a39182fb5b813c6787c02fcc0f6500593f83be1c80cd2a41841be2d6117ddc4;0x320c1329;0x31b3cd0L;0.500000;1503090464;1503090464
0;16;8048;0x9e48409b211d7a9b2ad835c53ec17cc1e86caf343620de6384280330709b510e;0x5a39182fb5b813c6787c02fcc0f6500593f83be1c80cd2a41841be2d6117ddc4;0x320c1329;0x31b3cd0L;0.500000;1503090464;1503090464
0;16;8048;0x9e48409b211d7a9b2ad835c53ec17cc1e86caf343620de6384280330709b510e;0x5a39182fb5b813c6787c02fcc0f6500593f83be1c80cd2a41841be2d6117ddc4;0x320c1329;0x31b3cd0L;0.500000;1503090464;1503090464
0;16;8048;0x9e48409b211d7a9b2ad835c53ec17cc1e86caf343620de6384280330709b510e;0x5a39182fb5b813c6787c02fcc0f6500593f83be1c80cd2a41841be2d6117ddc4;0x320c1329;0x31b3cd0L;0.500000;1503090464;1503090465
0;16;8048;0x0f5f0d6606533b822d6fd85857190e542d7b442c2557be29b02d315cd92eaae8;0x0efd1f889d91e57a40808cc36f63e2ffd94399f0ecf9f0bd6c0bd412868446e7;0x120b29a9;0x31b3cd0L;0.500000;1503090465;1503090465
0;16;8048;0x0f5f0d6606533b822d6fd85857190e542d7b442c2557be29b02d315cd92eaae8;0x0efd1f889d91e57a40808cc36f63e2ffd94399f0ecf9f0bd6c0bd412868446e7;0x120b29a9;0x31b3cd0L;0.500000;1503090465;1503090465
0;16;8048;0x0f5f0d6606533b822d6fd85857190e542d7b442c2557be29b02d315cd92eaae8;0x0efd1f889d91e57a40808cc36f63e2ffd94399f0ecf9f0bd6c0bd412868446e7;0x120b29a9;0x31b3cd0L;0.500000;1503090465;1503090465
0;16;8048;0x0f5f0d6606533b822d6fd85857190e542d7b442c2557be29b02d315cd92eaae8;0x0efd1f889d91e57a40808cc36f63e2ffd94399f0ecf9f0bd6c0bd412868446e7;0x120b29a9;0x31b3cd0L;0.500000;1503090465;1503090465
