0;16;8048;0x4874ff746d93faa6f6a7b5aa838412b5862aedde5552989d94673f4adff72827;0xeda655fd3489e12136575a49fd9ca272b34a83b249c4ab2a960f600c503e422c;0xb1e8eef9;0x31b3cd0L;0.500000;1503098838;1503098839
0;16;8048;0x0728888b9d8a71653e232dff96ccb8047ed4da92aa6a43f9aa6cb0e5ed93b3f4;0x97bdab75b398b58da328bcac494f1f997685b883db1a5399ef07190e84aa5e58;0x019f276b;0x31b3cd0L;0.500000;1503098839;1503098839
0;16;8048;0x0728888b9d8a71653e232dff96ccb8047ed4da92aa6a43f9aa6cb0e5ed93b3f4;0x97bdab75b398b58da328bcac494f1f997685b883db1a5399ef07190e84aa5e58;0x019f276b;0x31b3cd0L;0.500000;1503098839;1503098839
0;16;8048;0x0728888b9d8a71653e232dff96ccb8047ed4da92aa6a43f9aa6cb0e5ed93b3f4;0x97bdab75b398b58da328bcac494f1f997685b883db1a5399ef07190e84aa5e58;0x019f276b;0x31b3cd0L;0.500000;1503098839;1503098839
0;16;8048;0x0728888b9d8a71653e232dff96ccb8047ed4da92aa6a43f9aa6cb0e5ed93b3f4;0x97bdab75b398b58da328bcac494f1f997685b883db1a5399ef07190e84aa5e58;0x019f276b;0x31b3cd0L;0.500000;1503098839;1503098839
0;16;8048;0x0728888b9d8a71653e232dff96ccb8047ed4da92aa6a43f9aa6cb0e5ed93b3f4;0x97bdab75b398b58da328bcac494f1f997685b883db1a5399ef07190e84aa5e58;0x019f276b;0x31b3cd0L;0.500000;1503098839;1503098839
0;16;8048;0x0728888b9d8a71653e232dff96ccb8047ed4da92aa6a43f9aa6cb0e5ed93b3f4;0x97bdab75b398b58da328bcac494f1f997685b883db1a5399ef07190e84aa5e58;0x019f276b;0x31b3cd0L;0.500000;1503098839;1503098839
0;16;8048;0x0728888b9d8a71653e232dff96ccb8047ed4da92aa6a43f9aa6cb0e5ed93b3f4;0x97bdab75b398b58da328bcac494f1f997685b883db1a5399ef07190e84aa5e58;0x019f276b;0x31b3cd0L;0.500000;1503098839;1503098839
0;16;8048;0x0728888b9d8a71653e232dff96ccb8047ed4da92aa6a43f9aa6cb0e5ed93b3f4;0x97bdab75b398b58da328bcac494f1f997685b883db1a5399ef07190e84aa5e58;0x019f276b;0x31b3cd0L;0.500000;1503098839;1503098840
0;16;8048;0x7e3fc81798031d538adf38db1f24430561a675673d0a5baaa010b997764af7f5;0x55ef3cb2d05a69824ba22817c80be20a63967819483280addca228d566391d81;0x32937584;0x31b3cd0L;0.500000;1503098840;1503098840
0;16;8048;0x7e3fc81798031d538adf38db1f24430561a675673d0a5baaa010b997764af7f5;0x55ef3cb2d05a69824ba22817c80be20a63967819483280addca228d566391d81;0x32937584;0x31b3cd0L;0.500000;1503098840;1503098840
0;16;8048;0x7e3fc81798031d538adf38db1f24430561a675673d0a5baaa010b997764af7f5;0x55ef3cb2d05a69824ba22817c80be20a63967819483280addca228d566391d81;0x32937584;0x31b3cd0L;0.500000;1503098840;1503098840
0;16;8048;0x7e3fc81798031d538adf38db1f24430561a675673d0a5baaa010b997764af7f5;0x55ef3cb2d05a69824ba22817c80be20a63967819483280addca228d566391d81;0x32937584;0x31b3cd0L;0.500000;1503098840;1503098840
0;16;8048;0x7e3fc81798031d538adf38db1f24430561a675673d0a5baaa010b997764af7f5;0x55ef3cb2d05a69824ba22817c80be20a63967819483280addca228d566391d81;0x32937584;0x31b3cd0L;0.500000;1503098840;1503098840
0;16;8048;0x7e3fc81798031d538adf38db1f24430561a675673d0a5baaa010b997764af7f5;0x55ef3cb2d05a69824ba22817c80be20a63967819483280addca228d566391d81;0x32937584;0x31b3cd0L;0.500000;1503098840;1503098840
0;16;8048;0x7e3fc81798031d538adf38db1f24430561a675673d0a5baaa010b997764af7f5;0x55ef3cb2d05a69824ba22817c80be20a63967819483280addca228d566391d81;0x32937584;0x31b3cd0L;0.500000;1503098840;1503098840
0;16;8048;0x7e3fc81798031d538adf38db1f24430561a675673d0a5baaa010b997764af7f5;0x55ef3cb2d05a69824ba22817c80be20a63967819483280addca228d566391d81;0x32937584;0x31b3cd0L;0.500000;1503098840;1503098841
0;16;8048;0x2e17abe7c8e2f5909aa3168776d4ceda559a7821f256e494da7ad84e78edb3a7;0x71b23ccb9be038b526ebefbb8eec2f189f849f9c21415ae327c43667c735dd09;0x6ea27426;0x31b3cd0L;0.500000;1503098841;1503098841
0;16;8048;0x2e17abe7c8e2f5909aa3168776d4ceda559a7821f256e494da7ad84e78edb3a7;0x71b23ccb9be038b526ebefbb8eec2f189f849f9c21415ae327c43667c735dd09;0x6ea27426;0x31b3cd0L;0.500000;1503098841;1503098841
0;16;8048;0x2e17abe7c8e2f5909aa3168776d4ceda559a7821f256e494da7ad84e78edb3a7;0x71b23ccb9be038b526ebefbb8eec2f189f849f9c21415ae327c43667c735dd09;0x6ea27426;0x31b3cd0L;0.500000;1503098841;1503098841
