0;16;8048;0x21f7e49f4b940a2026be3d3fc517bfbbe6adbb767b0e337e2927e893c289c1e4;0xfb2e3ecb78f987efb11447f490aaaa20f30e21c45b679c439d95c3c9fae35274;0x4947ff8f;0x31b3cd0L;0.500000;1503113329;1503113329
0;16;8048;0x9a0dafb21be30c4bbda0d33599f088523e9168cbb2192cda709ec8a93187f4cb;0xcf97e2b54c68d2059eadd2aaa22f942d5e117e0c53858bec03927e5b43e38284;0xd23d3e73;0x31b3cd0L;0.500000;1503113329;1503113329
0;16;8048;0x9a0dafb21be30c4bbda0d33599f088523e9168cbb2192cda709ec8a93187f4cb;0xcf97e2b54c68d2059eadd2aaa22f942d5e117e0c53858bec03927e5b43e38284;0xd23d3e73;0x31b3cd0L;0.500000;1503113329;1503113329
0;16;8048;0x9a0dafb21be30c4bbda0d33599f088523e9168cbb2192cda709ec8a93187f4cb;0xcf97e2b54c68d2059eadd2aaa22f942d5e117e0c53858bec03927e5b43e38284;0xd23d3e73;0x31b3cd0L;0.500000;1503113329;1503113329
0;16;8048;0x9a0dafb21be30c4bbda0d33599f088523e9168cbb2192cda709ec8a93187f4cb;0xcf97e2b54c68d2059eadd2aaa22f942d5e117e0c53858bec03927e5b43e38284;0xd23d3e73;0x31b3cd0L;0.500000;1503113329;1503113329
0;16;8048;0x9a0dafb21be30c4bbda0d33599f088523e9168cbb2192cda709ec8a93187f4cb;0xcf97e2b54c68d2059eadd2aaa22f942d5e117e0c53858bec03927e5b43e38284;0xd23d3e73;0x31b3cd0L;0.500000;1503113329;1503113329
0;16;8048;0x9a0dafb21be30c4bbda0d33599f088523e9168cbb2192cda709ec8a93187f4cb;0xcf97e2b54c68d2059eadd2aaa22f942d5e117e0c53858bec03927e5b43e38284;0xd23d3e73;0x31b3cd0L;0.500000;1503113329;1503113329
0;16;8048;0x9a0dafb21be30c4bbda0d33599f088523e9168cbb2192cda709ec8a93187f4cb;0xcf97e2b54c68d2059eadd2aaa22f942d5e117e0c53858bec03927e5b43e38284;0xd23d3e73;0x31b3cd0L;0.500000;1503113329;1503113330
0;16;8048;0x4c23ffcd6a495b1774bd09821e2735dd922c624c54da8f24f264f230fa79bd46;0xf35bcaeb30def872409db71f612bd79a8d23c5bfeda16068b84a62b1548acd33;0x2ca6539b;0x31b3cd0L;0.500000;1503113330;1503113330
0;16;8048;0x4c23ffcd6a495b1774bd09821e2735dd922c624c54da8f24f264f230fa79bd46;0xf35bcaeb30def872409db71f612bd79a8d23c5bfeda16068b84a62b1548acd33;0x2ca6539b;0x31b3cd0L;0.500000;1503113330;1503113330
0;16;8048;0x4c23ffcd6a495b1774bd09821e2735dd922c624c54da8f24f264f230fa79bd46;0xf35bcaeb30def872409db71f612bd79a8d23c5bfeda16068b84a62b1548acd33;0x2ca6539b;0x31b3cd0L;0.500000;1503113330;1503113330
0;16;8048;0x4c23ffcd6a495b1774bd09821e2735dd922c624c54da8f24f264f230fa79bd46;0xf35bcaeb30def872409db71f612bd79a8d23c5bfeda16068b84a62b1548acd33;0x2ca6539b;0x31b3cd0L;0.500000;1503113330;1503113330
0;16;8048;0x4c23ffcd6a495b1774bd09821e2735dd922c624c54da8f24f264f230fa79bd46;0xf35bcaeb30def872409db71f612bd79a8d23c5bfeda16068b84a62b1548acd33;0x2ca6539b;0x31b3cd0L;0.500000;1503113330;1503113330
0;16;8048;0x4c23ffcd6a495b1774bd09821e2735dd922c624c54da8f24f264f230fa79bd46;0xf35bcaeb30def872409db71f612bd79a8d23c5bfeda16068b84a62b1548acd33;0x2ca6539b;0x31b3cd0L;0.500000;1503113330;1503113330
0;16;8048;0x4c23ffcd6a495b1774bd09821e2735dd922c624c54da8f24f264f230fa79bd46;0xf35bcaeb30def872409db71f612bd79a8d23c5bfeda16068b84a62b1548acd33;0x2ca6539b;0x31b3cd0L;0.500000;1503113330;1503113330
0;16;8048;0x4c23ffcd6a495b1774bd09821e2735dd922c624c54da8f24f264f230fa79bd46;0xf35bcaeb30def872409db71f612bd79a8d23c5bfeda16068b84a62b1548acd33;0x2ca6539b;0x31b3cd0L;0.500000;1503113331;1503113331
0;16;8048;0x95da44ceb6f9c42a5ad445196e94bab33358053d940d75b025eac6b100b12a95;0xfe8d1597bda9946071685ec9657c24edfac1156f303d36a851f35242b35ab8b3;0x99b729fd;0x31b3cd0L;0.500000;1503113331;1503113331
0;16;8048;0x95da44ceb6f9c42a5ad445196e94bab33358053d940d75b025eac6b100b12a95;0xfe8d1597bda9946071685ec9657c24edfac1156f303d36a851f35242b35ab8b3;0x99b729fd;0x31b3cd0L;0.500000;1503113331;1503113331
0;16;8048;0x95da44ceb6f9c42a5ad445196e94bab33358053d940d75b025eac6b100b12a95;0xfe8d1597bda9946071685ec9657c24edfac1156f303d36a851f35242b35ab8b3;0x99b729fd;0x31b3cd0L;0.500000;1503113331;1503113331
0;16;8048;0x95da44ceb6f9c42a5ad445196e94bab33358053d940d75b025eac6b100b12a95;0xfe8d1597bda9946071685ec9657c24edfac1156f303d36a851f35242b35ab8b3;0x99b729fd;0x31b3cd0L;0.500000;1503113331;1503113331
