0;16;8048;0x6879f5cf9472175d0d7e2dce1f2e7b08cfdeba0003c15ec5a5558673db5d3e43;0xe2c17b5530696db66c18ea8ec946ec9bb55d221cc69cc749fd5863c530d1b19a;0xdf4af671;0x31b3cd0L;0.500000;1503128479;1503128479
0;16;8048;0x6879f5cf9472175d0d7e2dce1f2e7b08cfdeba0003c15ec5a5558673db5d3e43;0xe2c17b5530696db66c18ea8ec946ec9bb55d221cc69cc749fd5863c530d1b19a;0xdf4af671;0x31b3cd0L;0.500000;1503128479;1503128479
0;16;8048;0x6879f5cf9472175d0d7e2dce1f2e7b08cfdeba0003c15ec5a5558673db5d3e43;0xe2c17b5530696db66c18ea8ec946ec9bb55d221cc69cc749fd5863c530d1b19a;0xdf4af671;0x31b3cd0L;0.500000;1503128479;1503128480
0;16;8048;0x412b1dc95dcec765f3cacbe13465a1c92c01739b29fcdb638f4648a022ab1b63;0x4d4615a7928c0883123219b29b51b39ec4939070eed888a8c1bb95eafbb71ea4;0x88bcb837;0x31b3cd0L;0.500000;1503128480;1503128480
0;16;8048;0x412b1dc95dcec765f3cacbe13465a1c92c01739b29fcdb638f4648a022ab1b63;0x4d4615a7928c0883123219b29b51b39ec4939070eed888a8c1bb95eafbb71ea4;0x88bcb837;0x31b3cd0L;0.500000;1503128480;1503128480
0;16;8048;0x412b1dc95dcec765f3cacbe13465a1c92c01739b29fcdb638f4648a022ab1b63;0x4d4615a7928c0883123219b29b51b39ec4939070eed888a8c1bb95eafbb71ea4;0x88bcb837;0x31b3cd0L;0.500000;1503128480;1503128480
0;16;8048;0x412b1dc95dcec765f3cacbe13465a1c92c01739b29fcdb638f4648a022ab1b63;0x4d4615a7928c0883123219b29b51b39ec4939070eed888a8c1bb95eafbb71ea4;0x88bcb837;0x31b3cd0L;0.500000;1503128480;1503128480
0;16;8048;0x412b1dc95dcec765f3cacbe13465a1c92c01739b29fcdb638f4648a022ab1b63;0x4d4615a7928c0883123219b29b51b39ec4939070eed888a8c1bb95eafbb71ea4;0x88bcb837;0x31b3cd0L;0.500000;1503128480;1503128480
0;16;8048;0x412b1dc95dcec765f3cacbe13465a1c92c01739b29fcdb638f4648a022ab1b63;0x4d4615a7928c0883123219b29b51b39ec4939070eed888a8c1bb95eafbb71ea4;0x88bcb837;0x31b3cd0L;0.500000;1503128480;1503128480
0;16;8048;0x412b1dc95dcec765f3cacbe13465a1c92c01739b29fcdb638f4648a022ab1b63;0x4d4615a7928c0883123219b29b51b39ec4939070eed888a8c1bb95eafbb71ea4;0x88bcb837;0x31b3cd0L;0.500000;1503128480;1503128480
0;16;8048;0x412b1dc95dcec765f3cacbe13465a1c92c01739b29fcdb638f4648a022ab1b63;0x4d4615a7928c0883123219b29b51b39ec4939070eed888a8c1bb95eafbb71ea4;0x88bcb837;0x31b3cd0L;0.500000;1503128480;1503128481
0;16;8048;0x19ea473df7e325fe0ec0b986104d78cdbf642f1b86af2bdc2888c9ab4082e659;0x329983fee716a150bf733948360e246982f173653fd7f73abbf919965f51a2c8;0x5fb77734;0x31b3cd0L;0.500000;1503128481;1503128481
0;16;8048;0x19ea473df7e325fe0ec0b986104d78cdbf642f1b86af2bdc2888c9ab4082e659;0x329983fee716a150bf733948360e246982f173653fd7f73abbf919965f51a2c8;0x5fb77734;0x31b3cd0L;0.500000;1503128481;1503128481
0;16;8048;0x19ea473df7e325fe0ec0b986104d78cdbf642f1b86af2bdc2888c9ab4082e659;0x329983fee716a150bf733948360e246982f173653fd7f73abbf919965f51a2c8;0x5fb77734;0x31b3cd0L;0.500000;1503128481;1503128481
0;16;8048;0x19ea473df7e325fe0ec0b986104d78cdbf642f1b86af2bdc2888c9ab4082e659;0x329983fee716a150bf733948360e246982f173653fd7f73abbf919965f51a2c8;0x5fb77734;0x31b3cd0L;0.500000;1503128481;1503128481
0;16;8048;0x19ea473df7e325fe0ec0b986104d78cdbf642f1b86af2bdc2888c9ab4082e659;0x329983fee716a150bf733948360e246982f173653fd7f73abbf919965f51a2c8;0x5fb77734;0x31b3cd0L;0.500000;1503128481;1503128481
0;16;8048;0x19ea473df7e325fe0ec0b986104d78cdbf642f1b86af2bdc2888c9ab4082e659;0x329983fee716a150bf733948360e246982f173653fd7f73abbf919965f51a2c8;0x5fb77734;0x31b3cd0L;0.500000;1503128481;1503128481
0;16;8048;0x19ea473df7e325fe0ec0b986104d78cdbf642f1b86af2bdc2888c9ab4082e659;0x329983fee716a150bf733948360e246982f173653fd7f73abbf919965f51a2c8;0x5fb77734;0x31b3cd0L;0.500000;1503128481;1503128481
0;16;8048;0x19ea473df7e325fe0ec0b986104d78cdbf642f1b86af2bdc2888c9ab4082e659;0x329983fee716a150bf733948360e246982f173653fd7f73abbf919965f51a2c8;0x5fb77734;0x31b3cd0L;0.500000;1503128481;1503128482
0;16;8048;0x8fbf1aa1166d3402dcdebe41fba05a1dc75368c76250d12018712f832dd284bc;0xa73c7719af012f6eb412dc7e7c5fff049ec1f37b5898ded62c64d542e47edab9;0x419f42df;0x31b3cd0L;0.500000;1503128482;1503128482
