0;256;8048;0xc4d00d4b515636f94fe1d6ef4b93c8d173639013369a41ab065c84b7fafb70bf;0x060cb3035436311b24920e931cd3b6b6173f962cff0018d9fd3599e4ab226534;0xd6c1be35;0x547318d9L;0.500000;1503198232;1503198232
0;256;8048;0x627e27177d95ac1e4a87b13f9aaf435c6a788934a9e738ffe56ed3af07486a69;0x203407624ec2deca7ba8396ef74a269216f690a11e22cc742d34f3e022b0af65;0x8f8f1678;0xfff7fe72L;0.500000;1503198232;1503198233
0;256;8048;0x59a63d7443d84050991bdd7b78dc6a40740a8b237af369fa943b978c42ecdc9b;0xdbca18761e881829630387a6e83fbc98381724c0be37a8fa92d99dcb899967f3;0x1a788fc1;0xfffdffffL;0.500000;1503198233;1503198234
0;256;8048;0x847cf98b9f820275508aa79c9516ab5b0e7382b07a256f1d6a9de29c0648278a;0x39feff0a3016839dc537ed4833a8a3e1b7dcd67cdbbb0023e67bbc2f8a279477;0x738fa2ca;0x9420a823L;0.500000;1503198234;1503198235
0;256;8048;0x22504e848350f3f378652cdd5011e3796214ce14f445fa70c20c60ae22367144;0x553408ba5f270ac0a513d9842255b6d7cca8921ad927067f7443fc242f1ef271;0xe62eca83;0xd927267fL;0.500000;1503198235;1503198236
0;256;8048;0xa59e248419af38e330ac81fb568efb950d37962dcdae594a7fc842f450ead4f5;0xb5249c21fcb62fc5710ae942a712cf0bc7a7decaf3812846932e347be1439c1e;0x1900030c;0xf3e32842L;0.500000;1503198236;1503198236
0;256;8048;0xa59e248419af38e330ac81fb568efb950d37962dcdae594a7fc842f450ead4f5;0xb5249c21fcb62fc5710ae942a712cf0bc7a7decaf3812846932e347be1439c1e;0x1900030c;0xf3e32842L;0.500000;1503198237;1503198237
0;256;8048;0x07b30a09c1013d293d568e56aa3899547c7457ee883cf12eb43960550bd39012;0x9165303b1c0cff5e9edc70ba183c4cc5c1fa9d1112e84d526ef67bc6cd5c9a08;0x5744973d;0x92e84d56L;0.500000;1503198237;1503198238
0;256;8048;0x372f231e35ab4f9ed0a8377d5897b423a04dbfc10da49f0323a29e40018c0138;0x194ee81cb6f05da173a5ec6cd98180aae784188defee9b8479a692123bfe6c47;0x625ddc87;0xd98a14a9L;0.500000;1503198238;1503198239
0;256;8048;0xc2a3bbfa040892416700e7ba2ea39d3f0f71a4e92feabd8de15d7a065daa961f;0xd1c6440f38f816954824dd735f99943a0169c714af4b0877aa0500e1252a0407;0x196734b8;0xbf4b5877L;0.500000;1503198239;1503198240
0;256;8048;0x7730df9cf3839a11c83138c4166c12884224e1ad627d1774f260a60e33f8a9aa;0xa91087b771f45f48a88e54b79bb67570f7d428ecdd56459324c35a62417d9b9d;0x9db4fa14;0xfdffef2cL;0.500000;1503198240;1503198240
0;256;8048;0x7730df9cf3839a11c83138c4166c12884224e1ad627d1774f260a60e33f8a9aa;0xa91087b771f45f48a88e54b79bb67570f7d428ecdd56459324c35a62417d9b9d;0x9db4fa14;0xfdffef2cL;0.500000;1503198240;1503198241
1;256;8048;0x2139aa9de9142efdcece45f8db42ad0396415b7c3d6a077e098ac843fecf481f;0xb2e9201d237e475d15f0541fd51f1d79cc9a1859b2ac473ace585be907ee52ec;0xee489e00;0xb2ac473aL;0.500000;1503198241;1503198242
0;256;8048;0x6207a07d4dd22a4732169d80d967c1481a03f3fd5225639449fa07c3e0634f42;0x07b5298f6ae2813314004dd99c502edb7016ad7a1b2757903d2b1c8667bbe4ff;0x154e0f83;0x46fffdbaL;0.500000;1503198242;1503198243
1;256;8048;0xd2c11f282a3e774d2c3b59b28f9b014518b3fc6f83265ff6e73d690387a7235a;0x349cd103e58820dedcaf991ddc5b8a2c25b242aff70b11831fadd75e30266a2b;0xe2135866;0xf70b1183L;0.500000;1503198243;1503198244
0;256;8048;0x06e04fda946d7db71230cf5e7816412cb047c9ba98827a200a5c843e40f74246;0xe31ab53179e71085e5c4cd2d7dacf13e740f0ca81803d68446eafa1e6f7294db;0xf839a4f2;0xdfffef42L;0.500000;1503198244;1503198244
0;256;8048;0x06e04fda946d7db71230cf5e7816412cb047c9ba98827a200a5c843e40f74246;0xe31ab53179e71085e5c4cd2d7dacf13e740f0ca81803d68446eafa1e6f7294db;0xf839a4f2;0xdfffef42L;0.500000;1503198244;1503198245
1;256;8048;0xd723b140dcaaa9243f0d5be260e94c1842f10e44e3b6d102bb8a122a2f991406;0xb145aa58dd5845312f409486aa2ddd35a3c95004b129534a9dd62c54962afe53;0x8c880876;0xb129534aL;0.500000;1503198245;1503198246
0;256;8048;0x25e5f412edddee430ec55fc285c7d2d506d54b893d6ff3f0730ea08bf677961b;0xe27aa7718d19576378135527ef90effedfe38c9e464443b3065aab1b1c5ebab5;0xbea34b0c;0x46e442b3L;0.500000;1503198246;1503198247
1;256;8048;0x49d7e46d7744a133bc47f50e3a96010b1f3feb095efe25c6c739489da5af1eee;0x8bca4b8b0d08de7b4d3721be70ce19995bdbad8828ce57b089e867e9fb5b012c;0x44824a93;0x28ce57b0L;0.500000;1503198247;1503198247
