0;256;8048;0xd5863df2e0d58b729869764377e839d5263ccffd137734badcb91c28bb962090;0x9977ee7e3cddca965078539f1e689c13efe0e0823bc6acf7d28985ff17243ad1;0x810a4f51;0x1bc6acf7L;0.500000;1503202962;1503202962
0;256;8048;0xd5863df2e0d58b729869764377e839d5263ccffd137734badcb91c28bb962090;0x9977ee7e3cddca965078539f1e689c13efe0e0823bc6acf7d28985ff17243ad1;0x810a4f51;0x1bc6acf7L;0.500000;1503202962;1503202963
0;256;8048;0x3f494e7eb75e9d5eb8d837646276024dd87b97191a03fa3d2a035e91fa30f239;0x690e6f65683d2f2c149db9fb52ab74031af52a39df2ab231edddb6d25ef1da7c;0x7a825787;0x17646472L;0.500000;1503202963;1503202964
0;256;8048;0x6f6f018bc4acc8d058bab1d86c47497bd327d7aa6fd80cd59475e66a884e39f7;0x8425cc1d3062a87f2df7aaf26c8e6e94ccc3f0f4fcbb01494ba745c291a81a75;0x502c3d2a;0xfcbb2149L;0.500000;1503202964;1503202965
1;256;8048;0x0d81a438a7aeab1c20889a76818e41f0db31ba5fbcc7cd71cca9122d86bf9993;0xe3f4c75f359acffaa2dd148ae48506e2cea550141a5edfd048dffb00f976da80;0x496b50b5;0x1a5edfd0L;0.500000;1503202965;1503202966
0;256;8048;0x2b48573764efab5c0994cf559f7dc118cbcccd65740a550931bc568e6dde1599;0x8eac8f233805e3664983060977dba4afc6b58d39fafd3ae9bf4574beaff516fd;0x09595baa;0xfaed3ae9L;0.500000;1503202966;1503202966
0;256;8048;0x2b48573764efab5c0994cf559f7dc118cbcccd65740a550931bc568e6dde1599;0x8eac8f233805e3664983060977dba4afc6b58d39fafd3ae9bf4574beaff516fd;0x09595baa;0xfaed3ae9L;0.500000;1503202966;1503202967
1;256;8048;0x12355d04cc2d8871cff4419a07a0973b1e3213220d526a97c1ca5b30a61c8ab8;0x034dcfb58f816eb62a8eefa4e10b37e250a7be7ad140694d8f375cdf8682e240;0x1df531cb;0xd140694dL;0.500000;1503202967;1503202968
0;256;8048;0xbb02569fb9ca584729ac9534133de3a9635192be9f11e720e5f5de4953734e0e;0xa66711fda8c2845ce43a5fde84c75734338309adfe41455d5cc223769440ea94;0x95f8e869;0xfe45455dL;0.500000;1503202968;1503202969
0;256;8048;0x08becb12285c6b2f0d1b00fae4df6b3818cb89c2f2082a27fd46f0904ca18155;0xd525598e9c6340f198903ad55a78c12a1d30bcde6a0e05e4d904487e9db664e9;0x242de54f;0xefffff48L;0.500000;1503202969;1503202970
0;256;8048;0x4e086ce2edd1579d8d271dcf50b2a58559fff859f434477ccdbd9d8cb30e5602;0x7e70c7c2b861d6af98ee0dbbc1b6528a8943d2d6fee39fbf5836314a2f016b1c;0xeb209ac7;0xfee79f3fL;0.500000;1503202970;1503202971
0;256;8048;0x16535a04f8c04bf49555f05b395268ea097ca6422c0ab995001ce97a71890e87;0xc6b0a014661e76116f735f63fa3591398a5084183a73b1fa0ddba1edbd28537a;0xd9082954;0xffffffffL;0.500000;1503202971;1503202971
0;256;8048;0x16535a04f8c04bf49555f05b395268ea097ca6422c0ab995001ce97a71890e87;0xc6b0a014661e76116f735f63fa3591398a5084183a73b1fa0ddba1edbd28537a;0xd9082954;0xffffffffL;0.500000;1503202972;1503202972
1;256;8048;0xff3609702f513bbdf5ffb6ab8341cfffa821cbad1d059b022c8ceb5089327988;0x90ad4df3f80e202475bed3a08c281b800d144d92ff011630f815a9df86e77806;0x36c686b4;0xff011630L;0.500000;1503202972;1503202973
1;256;8048;0x4a30bf7244a2b1d967d46e4090a6839117afa18c19310ffb5e2d4c12b19e19fb;0x548615f5ded4a21983e6b0c94c209dfa165c5477f058b45baae2911762521219;0xda685854;0xf058b45bL;0.500000;1503202973;1503202974
0;256;8048;0x2d4950b43acf0957ae5a1357e233f22c4a07307e7f78b9fcf04d39bdd105e7fe;0xeb8b0aadbe27e6c104c6f85e2c98ec14aa93045000f8951d8a581a9b8271791f;0x4710fd76;0x54f8951dL;0.500000;1503202974;1503202975
1;256;8048;0xfb24970d04d08fde8e3fbe009f7e76bff078fc19718e51b8af62bfb76aee5266;0xbeebe8320b812fd760858abeea76c4e0001e04b1ccf247b6a0cd45b0482805e8;0x88a79e82;0xccf247b6L;0.500000;1503202975;1503202975
1;256;8048;0x663a21328a2c2c66e3bcf6bf88fb40cd4e3aa66a3d23b3c3b93aea26232eeb89;0x1ad81ee2da8c2785417fc64444a745b11dcb97e3c2e04fca38c562ad8ae585e1;0x841383ea;0xc2e04fcaL;0.500000;1503202976;1503202976
1;256;8048;0x663a21328a2c2c66e3bcf6bf88fb40cd4e3aa66a3d23b3c3b93aea26232eeb89;0x1ad81ee2da8c2785417fc64444a745b11dcb97e3c2e04fca38c562ad8ae585e1;0x841383ea;0xc2e04fcaL;0.500000;1503202976;1503202977
0;256;8048;0xbe59939d1de4195c1e52652b2ca83545a564d286d724dbda834ca861889be246;0x2164a68c39ad47964467b80643325c5abd8ac94f54f847e8a6699bb5d45524c7;0x002de5f9;0xf4f847e8L;0.500000;1503202977;1503202978
