1;256;8048;0x452236e474656cadfbf57f9109518fc5044df4a0fa530ec66369b230e6211e2b;0xdd0e22e88fbc6e1108098abdff29fa9e776acef90770edacc9e2988fff3857a8;0x61379ec7;0x770edacL;0.500000;1503218430;1503218431
0;256;8048;0xb5ab8dea32753e7319b6c6b5b5050a5ab1f9fd4fb358e4519e4cd8998b2aa540;0xeb514a3625486f44e21cd71666f0421e9d5796c9edf808b75d47c5166dd2116b;0xd23a1301;0xedf828b7L;0.500000;1503218431;1503218431
0;256;8048;0xb5ab8dea32753e7319b6c6b5b5050a5ab1f9fd4fb358e4519e4cd8998b2aa540;0xeb514a3625486f44e21cd71666f0421e9d5796c9edf808b75d47c5166dd2116b;0xd23a1301;0xedf828b7L;0.500000;1503218432;1503218432
1;256;8048;0xd645bdba0a2c500ee7a3574d618f30c90d9b07c63590f6357bc7178489fda15f;0xa7cac8b43bae30047683f0352c55a04a5ace14616a4fbccbe0abc0221577621d;0xb0bbb736;0x6a4fbccbL;0.500000;1503218432;1503218433
1;256;8048;0xa2d5da35ad22abca148354ada37b10fc2a2b626cac51a58d4bdcd1fa4c638bee;0x1d457d011ac9cde5897b7784da02b2c8c263ed522298d7b138dc2b55833f7145;0xd10dd29b;0x2298d7b1L;0.500000;1503218433;1503218434
1;256;8048;0x206e736aa2a3ab6910f1081e4c99eca7d37ae87c9b72f4b9cc363aec75e55b95;0x62a09173c7c5674feef9615f5b1396caff8a258808116a8b0649e754208cb8f5;0xc34be916;0x8116a8bL;0.500000;1503218434;1503218435
0;256;8048;0xe96805e57955e0113e8a561aa0995e1b3e0e53c475434cd4fb4ba5f3ccad7db5;0x4f2ef61317dea0696be6300a7a147cc21679a784192b250eaaee419b1fc0f540;0xf7037598;0xffffff54L;0.500000;1503218435;1503218436
0;256;8048;0x6bd77a75205f713e624fdfaeb3d04d11015d6d13f724552884e164600946aa74;0xa1ab15f9c09e413d1ea3e1e1e000ade8dad6b2d4bf8c2cfa8f5830c9538aed09;0x984aa7ea;0xffffefffL;0.500000;1503218436;1503218436
0;256;8048;0x6bd77a75205f713e624fdfaeb3d04d11015d6d13f724552884e164600946aa74;0xa1ab15f9c09e413d1ea3e1e1e000ade8dad6b2d4bf8c2cfa8f5830c9538aed09;0x984aa7ea;0xffffefffL;0.500000;1503218437;1503218437
0;256;8048;0xc31c62c0cd0d0fd19ab9b1af235d432d2c1014525f715d3f9d136124254816e8;0x299462c0f34b56025a74514056edcd63a7530bb2660057badb72325090e49fa6;0x66db824c;0x924a57baL;0.500000;1503218437;1503218438
0;256;8048;0xa92c72712be180f626759bbae38aa8d6655d974f7ddb3e6ff30ec22d1006e9ba;0x3981fcdfd53c68cafa82726b7401f5031cbd4dfdc2f0a419f9f2163ef3868730;0x2d7a68f3;0xc6f0a419L;0.500000;1503218438;1503218439
0;256;8048;0x821fdedc72d598050949659ade3caec1c6a02773e30fcb5e2fb1a685dcbeaa5e;0x64caa8f17f2ed04a052185ad23fe5e25bd62bd8b6389f0d0a93d106b3f2475fd;0xd1a939f4;0x4389f0d0L;0.500000;1503218439;1503218439
0;256;8048;0x821fdedc72d598050949659ade3caec1c6a02773e30fcb5e2fb1a685dcbeaa5e;0x64caa8f17f2ed04a052185ad23fe5e25bd62bd8b6389f0d0a93d106b3f2475fd;0xd1a939f4;0x4389f0d0L;0.500000;1503218440;1503218440
1;256;8048;0xce6b340c35d177c8e1aa9c4d39d0f9eecb644db9389f7c9425f7f87577cf9d45;0x001f22ae1a8c64515c80195b6af9d94823929993016fc84fba278289da99475b;0x6df1f2a2;0x16fc84fL;0.500000;1503218440;1503218441
1;256;8048;0xc57c150a8367ddb5ec86186457d71377293082c62ebe5adb9883976d7f247f44;0x3e5019c4d683915c2e4e267b83799e770fde7cec0ebc61e839fa91832414e6cb;0x67dcec89;0xebc61e8L;0.500000;1503218441;1503218442
0;256;8048;0xb64120380e852affcf762e6b1d9a3ae98197c3d7d6d1e083fcaaf68a82ea8a38;0xe4fb50ce2dfea5bef5e5cd05bb2a6aa33b39fa06419cf440c573e3541176ee05;0xde3292b7;0x5202421L;0.500000;1503218442;1503218443
1;256;8048;0x3fbaa16472b5182506881225b7578b46be86ae1a8ee4508151b408346869aea8;0x44a9e34564102df7f2de5a984a28f74a56b0888e5d38b0d1b466f65b5a75364f;0x024aafd0;0x5d38b0d1L;0.500000;1503218443;1503218443
1;256;8048;0x3fbaa16472b5182506881225b7578b46be86ae1a8ee4508151b408346869aea8;0x44a9e34564102df7f2de5a984a28f74a56b0888e5d38b0d1b466f65b5a75364f;0x024aafd0;0x5d38b0d1L;0.500000;1503218443;1503218444
0;256;8048;0xbbba56ea397372b6905e41ac7d7a2b5a1ab9b04e73ee8ba7df933c8e3de604f8;0x9f472be80fcb8ab4cd254b99743730379659db02f18bb3deef0bab5ce579e08e;0x67f5f0a0;0xf18ba1deL;0.500000;1503218444;1503218445
0;256;8048;0x620f9f12dba8338460933cfe419e53092e716907ad56967103085110c6140b28;0xe1967bf0471644e20af3be925ee7de3ae470d06b68255ec0cb759003f78f6e65;0x3fc466e6;0x68355ec0L;0.500000;1503218445;1503218446
