0;256;8048;0x2e0e1fc5ef6a6d33012e405be45daaa9e0454d681ac5e45abbd81b869947b2c7;0xd5733cb488be269ec718a64f7dc7f6df1213ce8ad5d73cc76082ea02a0d4c463;0x44df68c7;0xff8ff0d5L;0.500000;1503208941;1503208942
0;256;8048;0x51e429528836881c8a029f7afc97f8b3795d5a499dc438dcdd601647d4234e25;0x5cdbcefc6176e00a6a5138fcfbe4d6cca9e64257767211fdab3501ddb491d731;0x010296bb;0xfeffffbfL;0.500000;1503208942;1503208942
0;256;8048;0x51e429528836881c8a029f7afc97f8b3795d5a499dc438dcdd601647d4234e25;0x5cdbcefc6176e00a6a5138fcfbe4d6cca9e64257767211fdab3501ddb491d731;0x010296bb;0xfeffffbfL;0.500000;1503208943;1503208943
1;256;8048;0xe5d8355fb6cda959d9978234af0db4eab10a34192e56a86d146c56887e132063;0x36ac4d93ab1aa0dd7449889d4f53920b752f5a011d53403797e482f32eaa7973;0xdb4f8237;0x1d534037L;0.500000;1503208943;1503208944
0;256;8048;0xa6585157850e39bf74adb163283a7d11020f9c7422815b91fbcc2fa8cc795373;0xff2f1020c695579a0d690f64185074e881a1e94c5730b38734ca359175a36914;0xb8fa6419;0xffab21d2L;0.500000;1503208944;1503208945
0;256;8048;0xc629e129fafad4ab962dd329740dba3a3eb3e8596a9d3e2edc59cd8d1a0989e0;0x1f96ce61c12f08b2e07bd38e40e96cb022a96f5f0cbb54795b9c704b7a4a8cc6;0xda6b6fb8;0x8cbb5479L;0.500000;1503208945;1503208946
1;256;8048;0xedb5247275836d9a982bfb271b07ce0870ea74cb5727dda1b7f6b7bb30b14b1d;0x2a8af2f1c4f0fbdd8e2efe89197b178074970b2256e30c20822dd921224275eb;0xe191dd9b;0x56e30c20L;0.500000;1503208946;1503208946
1;256;8048;0xedb5247275836d9a982bfb271b07ce0870ea74cb5727dda1b7f6b7bb30b14b1d;0x2a8af2f1c4f0fbdd8e2efe89197b178074970b2256e30c20822dd921224275eb;0xe191dd9b;0x56e30c20L;0.500000;1503208947;1503208947
0;256;8048;0x96135c32fd64faf5022eb59cbf5a299caf0dee22339d25d36d1d16df1b28f7b1;0x30f0c6782a4028bb4ae6937fc108cffa58367de77961f64594c3f37b06c915fd;0x60ea6886;0xfffdff3dL;0.500000;1503208947;1503208948
0;256;8048;0xcbecb8f740e23c821c784f8ad96a778c85fa6664132aebf1d8c133581d1256e8;0x83fef18fbea7d1548414c1458c88189755b014e0995b7e8f5c97af85723bcba3;0x9333c13b;0x99597e8fL;0.500000;1503208948;1503208949
1;256;8048;0xde21b0f46e762025864fbecc4e4d8b960c21e5f8f9cbe63f740924f6abcde989;0x2c7ce433c729733a22815461b0d504da1cb1bc96e03554a5f0dc2aae5e5d90fc;0x13d3f30b;0xe03554a5L;0.500000;1503208949;1503208950
1;256;8048;0xa770aefe2f5da9b9beb37b67769f6041c3f3b762b08e25cdc0913a4f4a1d04f1;0xd02d07b98615ec90c9444a449da468216a0d9aca4a0285ca88451c94751be56a;0xf80eaccd;0x4a0285caL;0.500000;1503208950;1503208950
1;256;8048;0xa770aefe2f5da9b9beb37b67769f6041c3f3b762b08e25cdc0913a4f4a1d04f1;0xd02d07b98615ec90c9444a449da468216a0d9aca4a0285ca88451c94751be56a;0xf80eaccd;0x4a0285caL;0.500000;1503208950;1503208951
0;256;8048;0x5d00e383af7fc63e6768216051a462e740176ddcd800c0c15ff00b5af2f09450;0x1799054ef7d98c5eb72a2e6a6c57eccd9c6a4821971af090543d796640698929;0x0e795eae;0x2240094aL;0.500000;1503208951;1503208952
0;256;8048;0x975a31093c5e11461f1a18fa3fb27a90c02641f00e3a5b5c0bb9055f3ff913d6;0x17c63ec20901a80d9ce6634cb20e1fde3cef0a84e0807dcc4fd33aefa0191d5f;0x7e24e9bb;0x7fffffffL;0.500000;1503208952;1503208953
1;256;8048;0x0160bfc5cf924bc26b326059fae593aa960b0bf8d6d409646c73646ea85d82a9;0x0d96209f3bc8ef89ed203453f57ba7145b61fa121c4ac5ae49fa8d41a0590558;0xb799dd2d;0x1c4ac5aeL;0.500000;1503208953;1503208954
1;256;8048;0xfceb154af311b952e54012e09364bce55593ca7a5595fc724e2c9827904fca8c;0xcb31b7f40ed71212c3ff3ffdd8cc79d91b5768069a58a3e61add986c3ead10bf;0x4f2a2505;0x9a58a3e6L;0.500000;1503208954;1503208954
1;256;8048;0xfceb154af311b952e54012e09364bce55593ca7a5595fc724e2c9827904fca8c;0xcb31b7f40ed71212c3ff3ffdd8cc79d91b5768069a58a3e61add986c3ead10bf;0x4f2a2505;0x9a58a3e6L;0.500000;1503208954;1503208955
0;256;8048;0x7f5bd6bd076d1fa1e45187800981479f65f58091e1521777daee492d51e564d1;0xff530a5d8f63a130edb6e5042694bd74440a456fa580bd973cb4c1fb51e5c34a;0xe6fe9878;0x4a03bd97L;0.500000;1503208955;1503208956
1;256;8048;0x1d369657b781b76e10ebff6189be6331d4365dcbef37b3546f117da73e6bc85b;0x884229b513fb7c5e83b87f8b7a6095f645ce272bbd377c3e73a10f6e06466366;0x2f63d466;0xbd377c3eL;0.500000;1503208956;1503208957
