0;256;8048;0xc93b07c21920b7fef674a29a6bef1228a625c2ca68d3a3bfc2258d18713ef23a;0xe6c7d8385915cfe33acf3d06a00b69da267103ed958b71b2f603f8b92760a0c9;0x2fabc6cd;0x978b71b2L;0.500000;1503226765;1503226766
1;256;8048;0x5eaae0dbddbba854ef7663ebab6e9fdda0d215a56a64d44ed397d4a485f926e4;0xec71c3bde3b35ef7aca6063de66a8ce7242f5a5094384f06b1df600f4664241f;0x3c1fce56;0x94384f06L;0.500000;1503226766;1503226767
0;256;8048;0x8fbb530e068b4a2b6d6dea0622cb63b222083fd6e65437541827f33258d2efe7;0x9d44626470fdf3c94d95eb13f3bf112012f6e5aa1225bb1ad4472af5187eeb03;0x97aa163d;0xffffffffL;0.500000;1503226767;1503226768
1;256;8048;0x819964cabaad0c2fb8c956f58ac880158d177ee2ad22f0621cbe7ba1e6456168;0x3c32512c48e126d486b9502ee9dd84d079dadf12f5eabe1318f939865a536369;0x55912ab2;0xf5eabe13L;0.500000;1503226768;1503226768
1;256;8048;0x819964cabaad0c2fb8c956f58ac880158d177ee2ad22f0621cbe7ba1e6456168;0x3c32512c48e126d486b9502ee9dd84d079dadf12f5eabe1318f939865a536369;0x55912ab2;0xf5eabe13L;0.500000;1503226768;1503226769
1;256;8048;0x6161091d11a8fb03a1f5bb107ffb7174138ad9f281d0c1bc02fdbcbb1899b07a;0x4dcb028853feddd79f5abe695c125001dbe241e61303677264a5da8c05adcd58;0xd5d3de7c;0x13036772L;0.500000;1503226769;1503226770
1;256;8048;0x1d17480d1af8c15f07c8297e4841ebcde3db8570d123e7350e0ebe522209da3f;0xeaf3c706f8b41abc5efb5101badffc9e8a7bd50d15af5136f88d4301f441282e;0x51ecd1b5;0x15af5136L;0.500000;1503226770;1503226771
0;256;8048;0x2e8ad662b0f58328e9cdd3206d957904b0a7093596870515dd6015aab91467e8;0x6f9f912838a6ae3d7415a1d2e46f046cec96ea4592ed07513151526bb89a90da;0xa164be5f;0xbdffff32L;0.500000;1503226771;1503226771
0;256;8048;0x2e8ad662b0f58328e9cdd3206d957904b0a7093596870515dd6015aab91467e8;0x6f9f912838a6ae3d7415a1d2e46f046cec96ea4592ed07513151526bb89a90da;0xa164be5f;0xbdffff32L;0.500000;1503226772;1503226772
0;256;8048;0x798f83a0a1c101e675e1182c3d8cb35ef89b9e92b7c01bc59d7ebea93fa254b8;0x01b79de3fc5cf16ae2c5902564191b4490a100fd1365a0412fa5812a7ca70a98;0xb7c7aa5e;0x1365a441L;0.500000;1503226772;1503226773
0;256;8048;0x6c143ccd78fa233865c9309797744653158a6d298234815bb5410550ec02ce58;0xb3b0efcbbe6f6220f29ad40dc4b1b276ea90c751af6f536de53505fe0c93dbc5;0xe438093c;0xd6f536dL;0.500000;1503226773;1503226774
0;256;8048;0x45bb5a1b93a78d4afe9177078d434b5d46e0e5b171b6e491c41a04b5d5d2451a;0x5b2cca3b11b4ab2395fc70e70f1b9a39ca4fc08e91030e98d2f27bcb89843eee;0x69d1dbee;0x910b0e98L;0.500000;1503226774;1503226775
0;256;8048;0x985c0429033783c4f23c93870342e2727e9ee579b5588ec29142d32b05053c9d;0x41c8ff4e40a54d86b2f8d2659a1aa20fdc30a51e5840b97ea6a2e44a5c71a578;0xda78825c;0x1842b97eL;0.500000;1503226775;1503226775
0;256;8048;0x985c0429033783c4f23c93870342e2727e9ee579b5588ec29142d32b05053c9d;0x41c8ff4e40a54d86b2f8d2659a1aa20fdc30a51e5840b97ea6a2e44a5c71a578;0xda78825c;0x1842b97eL;0.500000;1503226776;1503226776
0;256;8048;0xf751aaa06f3f0b604a6b19c3e655f7d89b7d0bb1c2ca79456ee1b75e615d0658;0xe07a97b83ee6005d7fe1665866f62d57f6a1499767787a43f8386630026f9b12;0xf0b2d3c1;0xfbfeff44L;0.500000;1503226776;1503226777
0;256;8048;0x2dc06ee799108ff05ff57407bbc2a636a0c5ae2daa4de3ab289500423e20b36b;0x10a407b2a4e508d1b05be0bb5721e7c0d37a688b56777c70b723e1edc6562ea7;0x02580aa9;0x56777cfeL;0.500000;1503226777;1503226778
0;256;8048;0x90e338765707324d2a0f747486322b2854e9c856bff711735db12bee270fa7b8;0xf61a8a2f3970cb44ba92266bf429df751e3506966e7d3ba58434d541baba2800;0x1bb28512;0x6efd39a5L;0.500000;1503226778;1503226779
1;256;8048;0x10a4a2739b145bccb106dbc3a9aba78a21b82db61d31f5dc88b83f1c0594c715;0xcac00b01568ba511574b34a999797dee458346ec7889ea5160eaa2a2e2ae809e;0x33605dc9;0x7889ea51L;0.500000;1503226779;1503226779
1;256;8048;0x10a4a2739b145bccb106dbc3a9aba78a21b82db61d31f5dc88b83f1c0594c715;0xcac00b01568ba511574b34a999797dee458346ec7889ea5160eaa2a2e2ae809e;0x33605dc9;0x7889ea51L;0.500000;1503226779;1503226780
1;256;8048;0x533000bfa2582ce733537cc8d3abe295051c13d361925cc9ed25c0d41c72666f;0x6114568c9a835a2604e2664281e860121d8c28d5e61919b93aa20922b6bbf028;0xa832151b;0xe61919b9L;0.500000;1503226780;1503226781
