0;256;8048;0x19489245db11adc56e5c3fc4cc898ab816b035a0e6d062d4cf51a6bc08b31021;0x91231e3895640a57a3581a8149a9706a23e6603fe8654f10c22f0f0a6f0d85fd;0x9a60ff82;0xa2c50a89L;0.500000;1503077649;1503077650
1;256;8048;0x26dc0d8f562c251b2f972cf3ed2ad7c57bcd5adc9dad5c022bf30bf98e782ab5;0x0a9ea7310a50d94420648be35a3471648748bcc0490d255f06dcb200c41012ac;0x468a142b;0x490d255fL;0.500000;1503077650;1503077651
0;256;8048;0x760143761fab37702a054fa8ddd967efd08b4362fd45d29e2ed37916c0e0aa37;0x583789ccc79d39c1c8a823e1be4edb925af84468bf584f0934953d7250486530;0x21729c16;0xfffffffdL;0.500000;1503077651;1503077652
0;256;8048;0x2b10687703939ffd09bf6acb5ad4dab39edf5260090f2b03ba9e1a33d4bc02ff;0xce4dc006265d4bc11e7ed886a4c9429607838d7d4994af30199359073c8de727;0x332134b8;0x4994af34L;0.500000;1503077652;1503077653
1;256;8048;0xd6a67c5161454126ec2ba49fa95c7204b471889a149ed4fa140407a18a314b61;0xf9730211730d290e0af7dcb2000a43b8683c8704de7161fb32e7fa5b7aa81667;0x07943712;0xde7161fbL;0.500000;1503077653;1503077653
1;256;8048;0xd6a67c5161454126ec2ba49fa95c7204b471889a149ed4fa140407a18a314b61;0xf9730211730d290e0af7dcb2000a43b8683c8704de7161fb32e7fa5b7aa81667;0x07943712;0xde7161fbL;0.500000;1503077653;1503077654
1;256;8048;0xf2b6d1656914ab2707e9da96b4e687357441da5a4b3ec2ecdb6ae9d44181e933;0x3284a4b517813a5702415f6b3a2cc0620b5f40c84a5fd2a790a09598823c7b4f;0xf652f365;0x4a5fd2a7L;0.500000;1503077654;1503077655
1;256;8048;0x4d24b87c298b8dd17f041f66d322780be548c0ed554cfc23a5296c001613f064;0x736ba0492d9d2e193e81f2cfffd4586e08370f3d0ce83164c855a8c259e94aa1;0x6cda6078;0xce83164L;0.500000;1503077655;1503077656
0;256;8048;0x836fc7340a52c0e33a44e1208a28996e078ab6f8853e7b0e5c92da0704055788;0x6992400f5bfc0c39f89469d2f8a6fd53a1bcf1763adb7f4bc7e30c4e726e0586;0x45fe3173;0x3a5b7f4bL;0.500000;1503077656;1503077657
1;256;8048;0x16e8fd858a1be67e2d20c01c4b3f65be621fb685e112e2621beca9ca63cc8179;0xd3cac6f947930db741bde079a551ca0a94b84bfb5c7db186a06883e941d4136c;0x85dc5072;0x5c7db186L;0.500000;1503077657;1503077657
1;256;8048;0x16e8fd858a1be67e2d20c01c4b3f65be621fb685e112e2621beca9ca63cc8179;0xd3cac6f947930db741bde079a551ca0a94b84bfb5c7db186a06883e941d4136c;0x85dc5072;0x5c7db186L;0.500000;1503077657;1503077658
0;256;8048;0x683be36af8030907047ab3384850a79bbb113a173aa2e6f47cc3c9381aec4282;0x5b163cc076e2fc64a67844a10d4e4d10e82fb0e164e067ea1f018fcbbf230559;0x0513309c;0x66e067eaL;0.500000;1503077658;1503077659
0;256;8048;0xbea807b2c34f58c4d5ba17b48648d92c19bede6499f8c477b2ce294f8d00e24b;0x6a9ed1ad6b4ffdcb46816c14c020841cc5e8b052ef2a738fbbb975a53bcbdf5c;0x32a6bb50;0xffffff24L;0.500000;1503077659;1503077660
1;256;8048;0xcdab2d606a37944da0ba16c87101ffb2ca9886e6b5cedc27690d7182f4e1bac1;0xe0f47cd9b8e7e6e01adcd5ebf14dcbdaec27398c1f04a3980ef900a72c5c5490;0x8f74844a;0x1f04a398L;0.500000;1503077660;1503077661
1;256;8048;0x1c5749c607956327c8e239ac10bfbfda25ed34ea0164b09bd20670d30949e725;0x2b0ccec7dfb352deb8fd62f010bd5a53734500ccfbcd13d613be9a95516b7139;0x92b85640;0xfbcd13d6L;0.500000;1503077661;1503077662
1;256;8048;0x2b83ff811f747d6a733bc19a687e49c3247670b31962388f214f7c74a69cc1d1;0x3732719361bacebbf515e23c802bea1c3e7331a90c8154a1d8f396e201aa67d1;0xb8fd048b;0xc8154a1L;0.500000;1503077662;1503077662
1;256;8048;0x2b83ff811f747d6a733bc19a687e49c3247670b31962388f214f7c74a69cc1d1;0x3732719361bacebbf515e23c802bea1c3e7331a90c8154a1d8f396e201aa67d1;0xb8fd048b;0xc8154a1L;0.500000;1503077662;1503077663
1;256;8048;0x8ee7890d5ed55b2d03f4be008c7fff35056a02ea835440fd86cf56be85916413;0xcf756c62ea0db3de4ceac07f0f3e0af1933069c539ee947b020592a29a4b8f5c;0xa4c596ba;0x39ee947bL;0.500000;1503077663;1503077664
1;256;8048;0x4d4462e13881bc755f47135b34320218e4ae242cdcb04d0c54644a6c4d40ac9a;0x7e3c07dc4dee0ccad9f2c21df192139b24686d29b3b946cf53f174aa2e02ab17;0x19c9e765;0xb3b946cfL;0.500000;1503077664;1503077665
1;256;8048;0xb94f7a5cb0a5e2312ff4ad0845a647cdd844ef535ad7a2f7e5f06915268e2cdf;0x10fa0a9200d3b7cbb123ca382e80f3168cee3d36323d1c196ee39a8f3974024e;0xea288ef4;0x323d1c19L;0.500000;1503077665;1503077666
