1;256;8048;0x634902ed050874308595f596f4a02037ecb31977b66688a45cfe17d62b38608e;0x454c84e89aeade0c5c03122f5da1726190711d0e30854d9136058c685270c2b9;0x6e1dccd0;0x30854d91L;0.500000;1503137121;1503137122
1;256;8048;0xfd7c96c54cfc03b50a52f127822ef9d816d46d41a3bcb654b204eca65104a24e;0x7cc9642b5713dfac49f9719aea3b79976520b37b6e9cade2fbce146bfb5116d0;0x4f4b8733;0x6e9cade2L;0.500000;1503137122;1503137123
0;256;8048;0xed9a0b5fed911986c332aa836d81e0506a00a537671c519571b66ca35960fe46;0x3a28aa601b45211c19a0515bdb5e17787d82b7d312cf40019494390147a39cc0;0x91862790;0x41246801L;0.500000;1503137123;1503137124
1;256;8048;0xc242e40a1af403da12eb19b49b3b6d16f554d00b84bf29df9f4be281b1c72673;0x791e0b89106d6cd67b466fab13b080fdce7b22f5c2b8cdaf3d00210ea81dca68;0x91f154b7;0xc2b8cdafL;0.500000;1503137124;1503137124
1;256;8048;0xc242e40a1af403da12eb19b49b3b6d16f554d00b84bf29df9f4be281b1c72673;0x791e0b89106d6cd67b466fab13b080fdce7b22f5c2b8cdaf3d00210ea81dca68;0x91f154b7;0xc2b8cdafL;0.500000;1503137125;1503137125
0;256;8048;0x9afa237fba4584974459be43f91486f967f8654983aae364bd3c5c93a70c6f41;0x7f903b0da13cc9e402ad6c78069c1664fabfc54f09db8f976916312a28654643;0x3e823a12;0xffffffa6L;0.500000;1503137125;1503137126
0;256;8048;0x0c25fde4ebfe25aa6806b0f08d8fa0bf5af3eeaf83ec1fc2304cf2ff703d5d7c;0xe4ca62a8620c69afc7121a59589d3a432540a02bfced0cd5528507bf44073245;0x06f82878;0xffbffdffL;0.500000;1503137126;1503137127
0;256;8048;0xc10d42ef175f7200ba8821a8022dd423a68c77191a44d8291a2947aed8d4359a;0x5c4f95381da9320fa574696d6cc29c259f0fed6ca98e4af82245b3db2f45180b;0xb3370aa5;0xad8e4af8L;0.500000;1503137127;1503137128
0;256;8048;0x31855c5b614289e8da5f74dda8cc9b47a9e8cfe9bf58ac716fa39ca3a88353da;0x88eaf05b629db4760815e1ac6fc21b9c2e3e8cabaf9430372f1590a369720a5c;0x01acb28b;0xaf943427L;0.500000;1503137128;1503137129
0;256;8048;0xae1ccf25d32043718cb3cee0d46ab58c19739dc1387cdb8b8fda5b432e02d6dc;0x6f3c5c773d21020671ca02816c36525b708dc43a1a68f5c699500f9d476535fa;0x4bb670a9;0x1a6cf5c6L;0.500000;1503137129;1503137129
0;256;8048;0xae1ccf25d32043718cb3cee0d46ab58c19739dc1387cdb8b8fda5b432e02d6dc;0x6f3c5c773d21020671ca02816c36525b708dc43a1a68f5c699500f9d476535fa;0x4bb670a9;0x1a6cf5c6L;0.500000;1503137129;1503137130
0;256;8048;0x49d148413e01600565cc48607cc2d4bb2505663f138b9c062dd39979ce573817;0xdad5bd4fc0b2c1285b3c37450ee6cab2b41eab71f03eae9ae583c7e1bdf1a907;0x99cf08d1;0xf03eae1aL;0.500000;1503137130;1503137131
1;256;8048;0x8da899494c1a266f23d004c9c4a5ee266bd4d1e9ab04d1e5ce8cec154f40b2dc;0xf6e538866f68ec7c6d606570413503e4b681ea89fd2cda914b6a6098d41ca11a;0x4b2b2e8f;0xfd2cda91L;0.500000;1503137131;1503137132
0;256;8048;0xa0ba613369460a476b2b15f94fd2a3741d1bdc6be54375fb19b8bb4cce05c06f;0x552c5d9a2cd86c863fcaab9ce9820b74cb15794003b718dec19a9f84a51d8bbb;0x8cd0f146;0x23b718deL;0.500000;1503137132;1503137132
0;256;8048;0xa0ba613369460a476b2b15f94fd2a3741d1bdc6be54375fb19b8bb4cce05c06f;0x552c5d9a2cd86c863fcaab9ce9820b74cb15794003b718dec19a9f84a51d8bbb;0x8cd0f146;0x23b718deL;0.500000;1503137133;1503137133
1;256;8048;0x2d3f9f9e74596855ea5cfb343e4497752c4e90ac30f231ca8d0318ff8a3969b8;0xb1eda6d4a6beca3ea7b62f336a9612394ce3cce7338ac4f760d09e7b84806f35;0x57d9d6b8;0x338ac4f7L;0.500000;1503137133;1503137134
1;256;8048;0x7904caba515e7f567f36f8a695f87de0f8a0c3620c8afa059b56cd90297557a3;0xe33c558fab66e93a75fc4ab240132694e6f16496b2b7c88f4aac9f33e9374571;0x8874a17d;0xb2b7c88fL;0.500000;1503137134;1503137135
0;256;8048;0xc3199d4064c610ba0ca94d41a5fe40d13b21ed2251402007ddc44e06ce2ebe91;0x60f2ec1171dfd7eac43c6cd0bc0f3af7cb24b91bf4ea56e589725fee606b4c83;0x41714e96;0xf4eadee5L;0.500000;1503137135;1503137136
0;256;8048;0x8ae95f4b90df944de3d2bd44952bf24c286ff84ccb040ba8b871bfe0f473d67e;0x2342153a29d1bfeb54ae9086cbcc96a8440ea589acbc04258b8f5e427f0f267b;0xe4913436;0xadbcb425L;0.500000;1503137136;1503137136
0;256;8048;0x8ae95f4b90df944de3d2bd44952bf24c286ff84ccb040ba8b871bfe0f473d67e;0x2342153a29d1bfeb54ae9086cbcc96a8440ea589acbc04258b8f5e427f0f267b;0xe4913436;0xadbcb425L;0.500000;1503137136;1503137137
