0;256;8048;0x77a2470b7cb25c0f4a0d7926f0cda5eda277bcc0172ead7405cfe27776f10bed;0xa00ee164a7a48ce65feb0f652e4c70c833b305d600cf84f5d1ef5a41f8baa86b;0x379e8846;0x82ef8df5L;0.500000;1503139652;1503139652
1;256;8048;0x58301f0b1bf86048d69681d377a2ed8ac02444dfef8eba10bd83320821483479;0xe43bb97580d86f2d54a4715cdc43dbc4616b06a0caa450d4873f9b9a771a8d4d;0x5fe427c9;0xcaa450d4L;0.500000;1503139653;1503139653
1;256;8048;0x58301f0b1bf86048d69681d377a2ed8ac02444dfef8eba10bd83320821483479;0xe43bb97580d86f2d54a4715cdc43dbc4616b06a0caa450d4873f9b9a771a8d4d;0x5fe427c9;0xcaa450d4L;0.500000;1503139653;1503139654
1;256;8048;0xe2b7e097b36e800ba5c4801cd98103953f62d634e1655bf81c683c0eb0d36792;0x26c98dfb31dee50208de0b2c6498eff62ef52a91c8c0dd2533acc9237b72d9b6;0x43d11509;0xc8c0dd25L;0.500000;1503139654;1503139655
1;256;8048;0xff0c5308e890941c1ecdfaf0ca92c70e210b1319f405ef01c68dcffa5a921759;0xaa23c6436247deb0d942800b43dc6f488a2a3763e6976aa64133e301006b0627;0x7d4b743f;0xe6976aa6L;0.500000;1503139655;1503139656
1;256;8048;0xa09b7d092f5b25731731b745de3ce9cf80290c74207c4b85d5cee65cfb5b0f9b;0x59630c0f1e86483255bfb084088daad62cfd876ea5ea13b12788d37fa323b921;0x394c1aa5;0xa5ea13b1L;0.500000;1503139656;1503139656
1;256;8048;0xa09b7d092f5b25731731b745de3ce9cf80290c74207c4b85d5cee65cfb5b0f9b;0x59630c0f1e86483255bfb084088daad62cfd876ea5ea13b12788d37fa323b921;0x394c1aa5;0xa5ea13b1L;0.500000;1503139657;1503139657
1;256;8048;0x1e8aef75d4124f3763f85c52229311df792fbb6bc84738dd295b7e6abdc533db;0x99a0c2b9d7ff06eb7cc630b2179e8907b6ad995ce34fe893ff26b4de5996c172;0x96b16b29;0xe34fe893L;0.500000;1503139657;1503139658
1;256;8048;0x0758b046be1692136941e044eeee3e406b16c0a9ffed2184d9bfdf6336f1c13d;0x8b93f58839420a21993e534c1e73ec3aaf15f124e5a0590dd2c635d77d4f9260;0xf26d3efc;0xe5a0590dL;0.500000;1503139658;1503139659
1;256;8048;0x605b09d18f847827e266b6a25a238b64cfda3384736fc68b3a4809877f1cb1df;0xc5df6c07b4488568850162a934d864eb1f7445901e5da27d9a258304af67615b;0xd8a40a98;0x1e5da27dL;0.500000;1503139659;1503139660
1;256;8048;0x63c6b69ddd7004b81551687cc840044b07b461a544679b925251bc255b6d11be;0xb14ef3b5e1c32ae6c456bba1398583dc88b702c7865099d7b826f0f7c71d9e3b;0xd70b67f9;0x865099d7L;0.500000;1503139660;1503139660
1;256;8048;0x63c6b69ddd7004b81551687cc840044b07b461a544679b925251bc255b6d11be;0xb14ef3b5e1c32ae6c456bba1398583dc88b702c7865099d7b826f0f7c71d9e3b;0xd70b67f9;0x865099d7L;0.500000;1503139660;1503139661
1;256;8048;0xf63261ba4eab9968d7682bca65722f775ce96aa4353268fae5d7dcde49dd9640;0xc8c87dc2f5a9e9befde0558a364cb1dc0c1dbbfe4bc202c141fef83a011b41a0;0x16b3be56;0x4bc202c1L;0.500000;1503139661;1503139662
0;256;8048;0xfba9bd46b0b9e8a00374208a721b6fffa2a668e67623764cdb1d88b66b306e66;0x1d5cff87de1c3788381b3dbcd5145c99d1713474bb49cb9cb7b10027802022c7;0x5fb12315;0xab41cb9cL;0.500000;1503139662;1503139663
0;256;8048;0xd769b0505019362b22394c334bafe742a7985e0701ee890243b70f9967d2593f;0xee65f511d9c601c53a01110b3c7a64283ce8de9537d88828a7b15e09a8faa247;0x9599cee6;0x37d89828L;0.500000;1503139663;1503139663
0;256;8048;0xd769b0505019362b22394c334bafe742a7985e0701ee890243b70f9967d2593f;0xee65f511d9c601c53a01110b3c7a64283ce8de9537d88828a7b15e09a8faa247;0x9599cee6;0x37d89828L;0.500000;1503139664;1503139664
0;256;8048;0xd786641650e3654672ed71eb50a1ea14709538928de80c2cd02fdff898680d6f;0xa8cd6f4a6d7091797062d61b274ad466beb2866cf303583b3259ede36e4b9c28;0x894f5f81;0xf35b583bL;0.500000;1503139664;1503139665
1;256;8048;0xbb727dfad5a722b64c234a4b6445b8702238cfc25ef8826afed287e96395821e;0xb1a6facf97312756e06bb254dfae58a1bf72223029fb59bf4d85b397934d077b;0x7dca075d;0x29fb59bfL;0.500000;1503139665;1503139666
0;256;8048;0xf0c1419054d3937749459a7f3f85bb54a547432f724f41ce3e9c79baa0324890;0xd3aecdbd912e581f81e2ba800124f42246d92a29f899d828d40d321a3154f0ff;0xd122e3ff;0x56020e02L;0.500000;1503139666;1503139667
0;256;8048;0x6fe8182a34afffaa17270a079694dd3ea887e2ac6f605a53098930306a5581d9;0xa94634d4dbfeeb690a79ad1860ffab3d6d0f90ed908a01a51e62e12b859d09c1;0x0a638407;0xffffff2dL;0.500000;1503139667;1503139667
