0;256;8048;0xb72f42a499909eb837eb36797667017a3798dd6891dc80090f80b5703d57d2f4;0xe1fa77edca447ffcab225c35dbe93bdb052072694195f0db4c9a31d6743de46a;0x796f9726;0x419ff0dbL;0.500000;1503114274;1503114275
0;256;8048;0xa9f136dbdd4a06cbffda5491c454737cb4218ae6a4f739bb2f746fcaa94ac252;0xebbc38cd81c878cf4914a3890f3bece76dc5ec9c63a5728b0269fccb4d7665a1;0xf47ae73d;0x63a5768bL;0.500000;1503114275;1503114276
1;256;8048;0xcfd987e70370cdef95c7e6bbcea26593d6fc89e3899c07c3b90c6fc60244b8d1;0x886f9afe2dcc55bd19603b95cefeea68b9471571518c289fee28cb07592cb694;0xbe3c3cae;0x518c289fL;0.500000;1503114276;1503114277
0;256;8048;0x8c7c3794aba11b109221012b2256e0643f28683d1df2ec8a3e04343efc474388;0x0418d1c7436d48345790602080c3af0d80570c7f3bad0cf55ff1c7f70bfe976d;0x08a6000a;0x3fad0cf5L;0.500000;1503114277;1503114277
0;256;8048;0x8c7c3794aba11b109221012b2256e0643f28683d1df2ec8a3e04343efc474388;0x0418d1c7436d48345790602080c3af0d80570c7f3bad0cf55ff1c7f70bfe976d;0x08a6000a;0x3fad0cf5L;0.500000;1503114277;1503114278
1;256;8048;0x90d24aaf56df1ed39999649d92277bc192cd667c6b4d6cc5eec265a054b043e4;0x6d05fc89140f6a214522c41dcf06dd34f14b571d1230825e93fb5f7161d84cb6;0xe8e31198;0x1230825eL;0.500000;1503114278;1503114279
0;256;8048;0x7363a6259ad26d744c87050b091d4f1928f53134bc7852e9993e3aa62f384ca2;0x6191b10248daa03e8da2d6e3961fd77c1afc8fd5f6d9a6d8fdf39f2391cccaa4;0x9cc1d851;0xf6d8a6d8L;0.500000;1503114279;1503114280
0;256;8048;0xa90aa074efbae9d3124364c91499821dc45b9169c4c55055c7bb5594350d5dde;0xff8a152706e18793f06eabd8609dff622a6dcf7b963c9d8ee4015c09d706b504;0x14e8c8b7;0x923c9d8eL;0.500000;1503114280;1503114281
1;256;8048;0xbe879bcce793bed83e6f576d361c21a0f85b4491f989b172476b5e53caad2388;0x2b6cec8c511ba2e40d4e3a23499f23079ff1a9425b4e1c9ce6ba072e0dde44f5;0xa6ab1c98;0x5b4e1c9cL;0.500000;1503114281;1503114282
0;256;8048;0x0c8eaeb9d36c84b585ad0e12cee636d5b7dc91cb8a4a5d6185d6595a97f019a3;0x1239f5a050dcf7edf62353615f238a33e832ae9b36f163309b8725e8805d7d7c;0x9c27519f;0x4091afa5L;0.500000;1503114282;1503114282
0;256;8048;0x0c8eaeb9d36c84b585ad0e12cee636d5b7dc91cb8a4a5d6185d6595a97f019a3;0x1239f5a050dcf7edf62353615f238a33e832ae9b36f163309b8725e8805d7d7c;0x9c27519f;0x4091afa5L;0.500000;1503114283;1503114283
0;256;8048;0xb56e823c257fa78c10e3565433e8d413e89ab280ad9eef973247ffd97eaaa634;0x66f314bee80094bdf3da65b312508afa4afec7d2bd601302954e8091439aa63c;0xef8626b9;0xc0a40651L;0.500000;1503114283;1503114284
0;256;8048;0x155f04bbfa338b8e239dd26004dab02eeeb3f16aead5239f898dc48dbec1b7d4;0x472645c9ccb55d14315f568e9de010331a984e4967214acb0b8e4abc2e05f223;0x15048375;0x67210acbL;0.500000;1503114284;1503114285
1;256;8048;0xcd3f11ab23ecbb967eef6c65d0474d0c2e0a34be34f9e4ec4c755fa6d897bea6;0x6f167aaceba31230b0db9a09ee2aedc47fc87d2cd74e7cb8ff836f384386afdb;0x4daaac6f;0xd74e7cb8L;0.500000;1503114285;1503114286
0;256;8048;0x09c8c9aa82bdce5e0268a7c2578921cc890861202ae2e45245d7fa8dcc326cd5;0x2fc998ba998498caa095f3ab7e5a9c13be0d7f941735842e55af96b3b5a69710;0xf6a888dd;0xffff7f4fL;0.500000;1503114286;1503114287
0;256;8048;0xf02a66cae94c6a97e2153a9346604a68f738904a02bc1abf107243ac26fed116;0xf58980eda46c463b9936702ccf962b721b17101999b8f446bb511587bdbfb049;0xa6612796;0xddffffffL;0.500000;1503114287;1503114287
0;256;8048;0xf02a66cae94c6a97e2153a9346604a68f738904a02bc1abf107243ac26fed116;0xf58980eda46c463b9936702ccf962b721b17101999b8f446bb511587bdbfb049;0xa6612796;0xddffffffL;0.500000;1503114288;1503114288
1;256;8048;0x54e56675cfb4f4fa4a31c5eb7763fda4aade09540e739c43a576088ebc22e811;0x07d91d79417fa86857a1461a36142e3263ad11678b79d1d57c4266c03257b467;0xfc37ce1a;0x8b79d1d5L;0.500000;1503114288;1503114289
1;256;8048;0xc3773a5f24157513f44c935a5aea3a00543275700b96a2693202578028d9e2eb;0x5072875ab84616c091975df7cfdb19d74f7106e1b264b08af591cd9dc7c2e915;0x9ec53ce5;0xb264b08aL;0.500000;1503114289;1503114290
0;256;8048;0x184a55eca02ae09db055217cbe51f52989b983904bc16ee7aeb91cca0e5f9726;0x07b93af55a9aa14fa176fc4d9033508f6945db6b90dd748c3d0ce5bf30c0a821;0xe9bdd6b7;0xffff31baL;0.500000;1503114290;1503114291
