1;256;8048;0x8428a0aba995368e2ad7e3bacf47ac9bff702702744264cffd7f9c797c30a400;0x84a1e276dd9f30bc3706d38755c0421d3d1bc5ea354b81d45e3d2e728f6890b5;0xe173a58e;0x354b81d4L;0.500000;1503085028;1503085028
1;256;8048;0xf995f4b0ca3b8577175f21804682eb0b718831523d6ba79959dffaf68a4e4a84;0xd788041c44780b2212e822ddd7d40953ce51ae18fa2712e8a5c5ea70518c4297;0x08933581;0xfa2712e8L;0.500000;1503085029;1503085029
1;256;8048;0x5f8644ed0f9d4fd469d72dbf141f5f98a85463b276e0e4ff628e0aa003f80362;0x07071f49d76affdbe4fd4485df4fe5a40c62758c9cdbfacafbde3bf9a5f5c318;0x98e93147;0x9cdbfacaL;0.500000;1503085030;1503085030
1;256;8048;0x0ce371818916b0befa440c9ff5b163ee994f756ef797ff1c4c01b21820f5eb2c;0x3dac4b7835a3822c494f0263ff5b061d2c394aa0f8f41714f72b466963565836;0x6922c02c;0xf8f41714L;0.500000;1503085031;1503085031
1;256;8048;0xbd9e655e601d83919ad34cc0e5a70303c2d2ed0877e931969005876e88c64445;0x6a5ef04cfa40d0d6b47b6527fe70cebde1a4db0fb5afbae3c69fc48e6c9a15cf;0xe2fb03f1;0xb5afbae3L;0.500000;1503085032;1503085032
0;256;8048;0xef2de45e90250f9f06d61ad073dcafd32ee2b7870fa672ab955f8529aca9519c;0x97da465ab4a1022ce70560899ba0343b457c2a17fdb2d9207aca908252a1421d;0xb6c65ec4;0xbffeff20L;0.500000;1503085032;1503085033
0;256;8048;0x67f84663384f7ea72c22731f85f01aae1c40fa4802a03054c455cd07c747ad2e;0xbabb1648bc2d695042989108c54c42a41d5c621ba40dbeb887995dcafc3bdaef;0x467b21e9;0xffffff81L;0.500000;1503085033;1503085034
0;256;8048;0x171d06babb7d94ca6156035853e4c4a905a8551658921346c56dae923702514e;0x8d5d3f29c01d539da235dc97015f1b91caa9ad7300468107274d25f5a5c0ee3d;0x4314e9c1;0x21468107L;0.500000;1503085034;1503085035
1;256;8048;0xc6d0cfdc93050fcc6343e009613730a10baaeab5fe02299066ff09f85bee4f21;0x27f842757e76eb80a79512997f848840903ab2d6850792fd38c536ca5c230e93;0x65405bdc;0x850792fdL;0.500000;1503085035;1503085036
1;256;8048;0x919de224eb42183e845d705dfc390722df8e07ca746d1c420a05948b680c9bfa;0xd6f05da8848d1c9f631a9386f53ef0db5ee855ce22a7047c3dc01a0ed18407cc;0x2c48e122;0x22a7047cL;0.500000;1503085036;1503085037
1;256;8048;0x104a5fa28ed173ea9c0199744ab63aae4b7c6e28b1d0be9eed5d9676f129a201;0x6675c459bd48f1ac9a2b09e175d58e2a2a8331d6aaa888d2d7cb0043c6452316;0x2c8f0b35;0xaaa888d2L;0.500000;1503085037;1503085038
0;256;8048;0xfc5d22b1bbbb72d5e6756b66d4e301068291c249dfa90d5b891c34372f06162b;0xd5fcc4de778312c17fc931f5d230e1cb087678e07ca250391795db68e6dbe808;0xf02691f0;0x7caa5039L;0.500000;1503085038;1503085039
1;256;8048;0xfeb871693dcdc49912765819818ef36949c7ededeca9204fe23fe5e5908baf8f;0x8e4220faa7bd9c2ae6eee5ea0f5df13e119e91318c0abe9c96d500c97e03172c;0x7405a8ba;0x8c0abe9cL;0.500000;1503085039;1503085040
1;256;8048;0x287a33b82199d4ae8c18044b751b09e005159e0bf39aff3da9a9d1b34e9e3977;0x354252771b385fbfc11f39eda9b58952a5707845e46e304bc3d1e45b95cc10da;0x65554209;0xe46e304bL;0.500000;1503085040;1503085041
1;256;8048;0xc942bcea8e05d6793284d4bac5c0a771e15310a73763973e2ac621b7bea47d87;0x29040be6f53daeda82254851ea497eb13f84d3d6be6f36394cdebbd548fd2b0f;0xea359d82;0xbe6f3639L;0.500000;1503085041;1503085042
0;256;8048;0x9631a0a7182c88491c05e8ee55777953a4c0c8bb8d9179551a0fef9be95f527f;0xbb315ba7849bcce1f9f9f6c82d51c124fec582ddf91e1fb4405b7c30f0efc03f;0x7a1e0ecf;0xffffff44L;0.500000;1503085042;1503085043
0;256;8048;0x9363d1f3abffb2d3ebd0ec308b7de00a61cdb879478a9f6c8ae989fec0497053;0x1cfb376abde29088704df9e3dbd22d875fc3090cf634439dd558bf54d9e75b4d;0xe3fab4ab;0xf634539dL;0.500000;1503085043;1503085043
0;256;8048;0x9363d1f3abffb2d3ebd0ec308b7de00a61cdb879478a9f6c8ae989fec0497053;0x1cfb376abde29088704df9e3dbd22d875fc3090cf634439dd558bf54d9e75b4d;0xe3fab4ab;0xf634539dL;0.500000;1503085044;1503085044
0;256;8048;0x1ef8ad6840132f1effa5b2ce0d0141ad5bc6d6d49d469fb6fa8a9e6e3e97a65c;0xefaa306e1c6550097d7c3c0e6ba3e24f4c4f7500dbddbb0be1a6be4c04f579c1;0xb7ef98c1;0xd7dffbffL;0.500000;1503085045;1503085045
1;256;8048;0xff2d6c0411363509ab420feae35b9e5d1cad92f7519f1d001bfc4ce1c376d1c2;0xed4bcd3176db758fc0993ad2c1996a45573e06a262b9e7b24bfe69fc7909cfb5;0xc8a1be3c;0x62b9e7b2L;0.500000;1503085046;1503085046
