1;256;8048;0x5c90cbbf7b48c92038f0718f1960d477ef9f4cca45c53af020bff8baa712ac03;0x9ff312d5fbae8321d1a71cb8b03d63900529f3dbba88b914369396e05e7c2f43;0x572f037e;0xba88b914L;0.500000;1503230313;1503230314
0;256;8048;0x6806af001d1cae933c25929b47c6cf12e14e8402ad715f859bd12ef46cf922d4;0x0ec29d2d7be3e80358204f0645eb4fea2ee3cbfef6b0f5a32ead85ff1a289deb;0x79fb3f67;0xb6b0f5a3L;0.500000;1503230314;1503230315
1;256;8048;0xe2007968464fcf9c7c7cbb8a84e9c31ff7707cea1889fbff195bed32cb27d5ad;0x7f4ce45efe9ce277a6ddb487d5d78b46174652d5b1c8ca951ad19693295445b2;0x3386d6eb;0xb1c8ca95L;0.500000;1503230315;1503230316
1;256;8048;0x52364180fca61cb35e457cf622407c4de6c17f0eaf7a09639a18aec6350a3188;0x1f4db0f9107949399827593674a3d988bdb24e7e347258d81cbf0f6a12e282c4;0x75b23be2;0x347258d8L;0.500000;1503230316;1503230316
1;256;8048;0x52364180fca61cb35e457cf622407c4de6c17f0eaf7a09639a18aec6350a3188;0x1f4db0f9107949399827593674a3d988bdb24e7e347258d81cbf0f6a12e282c4;0x75b23be2;0x347258d8L;0.500000;1503230316;1503230317
1;256;8048;0x678387f9fff8d1aaa60a3f6612deda9330b7cbdbd37d3dd2968bae02a2ac3609;0x06e5ba68e2910bd1b993f57e192ba70a1e8afe1d43fe4767f401dd6d4a385d34;0x61f4c859;0x43fe4767L;0.500000;1503230317;1503230318
1;256;8048;0x6542d32e964e777a935686433446fd17a383e2fa09ecc683aa6e6b7dc5d6c82a;0xb8360592625d828b92c90fea62e402828fc95bc972eb53865620490cccd3ba82;0x1dea7621;0x72eb5386L;0.500000;1503230318;1503230319
1;256;8048;0x922a1cc4d2201af902dae83da83aa4bc14bc850816a171232e60907e16d179a8;0x1bb6459d1f0188766a157bb4d45789b11e43b5a62f5c518757050a72ddd0b483;0x7cff15a0;0x2f5c5187L;0.500000;1503230319;1503230320
0;256;8048;0x29db66ee674afc4310fd0802a95ae0334aefff515d6c5a5bed3e2df5bac798e3;0x5dbc3e5fbc0cef2cf52a8b68c5f009d831c0847c339ca36789ed6bbd1db558e3;0xb8f07879;0xf77dffffL;0.500000;1503230320;1503230320
0;256;8048;0x29db66ee674afc4310fd0802a95ae0334aefff515d6c5a5bed3e2df5bac798e3;0x5dbc3e5fbc0cef2cf52a8b68c5f009d831c0847c339ca36789ed6bbd1db558e3;0xb8f07879;0xf77dffffL;0.500000;1503230320;1503230321
1;256;8048;0x9d454bb158b3e81851d0c77f49f2b84304af7c2b1087464a450e273a4627a3e3;0xf719f7b691f13719c0dd56dbbd8b6a51db2b06f3be6d670cfcd569d8c90be3b9;0x4f2832ef;0xbe6d670cL;0.500000;1503230321;1503230322
0;256;8048;0x69eb1bbaa0d3b532437d4b008b6b94e3f082fa6fa5fd25ce836fb9cd5ba179c5;0x6b0276fb086130c3d9226f04d2444eb34a338b63541cf0038838e888c065c1f5;0xbb8d0c11;0x24221011L;0.500000;1503230322;1503230323
0;256;8048;0xf4dc0dd7052ea9534fb8604e67fb9ffa522c8f3a3b6525293c1928c1d162d3c6;0x077a4611e2af658457ac0aa875db6083c607c18162fabe372c10da95fe2209e5;0xdf7ef2af;0x60fabe37L;0.500000;1503230323;1503230324
0;256;8048;0xd5458a1e5f278325e691c8ae25b5ecaf53e14bf93284c270f72e1c0d51a82926;0x628b06f78fd1e66f878add5176931199f0155ec7a4d51eef6ae0167581b8b737;0x3cc939ee;0xa4d71e6fL;0.500000;1503230324;1503230325
0;256;8048;0x894f1e8bcff4c1f35f4a5bbbf24acd00dc5961beb770dd6ec366911f0be53b94;0xc5e820442206a642f7c3f9c16c885a42757ea1efd9676e9064c188bfb985222d;0x8d621d3e;0x11280e41L;0.500000;1503230325;1503230325
0;256;8048;0x894f1e8bcff4c1f35f4a5bbbf24acd00dc5961beb770dd6ec366911f0be53b94;0xc5e820442206a642f7c3f9c16c885a42757ea1efd9676e9064c188bfb985222d;0x8d621d3e;0x11280e41L;0.500000;1503230326;1503230326
0;256;8048;0xc1e5256239be0c8c9a8ae4566184e8bcff861a507ee1ffa99f2d4978a0101161;0x3a69297934f5b84d8922d88b21535929e92aa6db01d257ecf6501bcff7e9d750;0x735108ef;0x49d257ecL;0.500000;1503230326;1503230327
0;256;8048;0xb6bd3671461801f73b11225e5eb9a7741781ad25e40046c527d1b581f6f9bdad;0x399103f3f5d40a7460f7478a1d439af35fdbee67d3d48ee3f4c9bca0b9ff59d9;0xacbdcfbf;0xfbffefffL;0.500000;1503230327;1503230328
1;256;8048;0xff2da938b6fe3aaefb4b9fd22c7e8cdc502a136cb503ec066ca896d557ede456;0x5d67fcfed4b9d91bf08882fe225063e153f617dac9203135b9c4432f74d3cc48;0x098c98c9;0xc9203135L;0.500000;1503230328;1503230329
0;256;8048;0xd6b32435e1791b4343020073ee58ddfb26fe33060596d0630ccaa3cea181f378;0xba6fd3dfd098080ddbbc16ff1b702f70b9ae4d3eb0bf367672c418df46243cf1;0x05b39521;0xb4bf3676L;0.500000;1503230329;1503230329
