0;256;8048;0xb3979048dcbd5745909ecf180abf3d4c8e6f4c29f70ebad07b5bf576879f9b3a;0x6034a0ac6febbb8b01381da4f77f25210d79733bea3f6240fb164603b6149448;0x2acc0144;0x4aea1189L;0.500000;1503173273;1503173274
0;256;8048;0x9a73ac3704042ee296d5ac11d3fe8023692e8170f398efa3bcbca9d1f14b518b;0x4597a979a97ffdacad7ba5d1bcb372ea93189d2225549a3408a56545ff218217;0xedb23a42;0xfeff95f4L;0.500000;1503173274;1503173275
1;256;8048;0x24ef520ed237c7d7cd4452329d8d4ccd399fd0df6e2c1e08d3bfa845e3996707;0x141b4c7e0bdcfcd9ecbe51281c02469f743cd564cb8014eef0dce9254c80946b;0x72ffc75d;0xcb8014eeL;0.500000;1503173275;1503173276
0;256;8048;0x33b13ffd9004f0a2c5facbad43580b35b1f2e23b061404baa3ae9a8127aa665b;0x7cbb96cee407aab258dfd3a781ef1bffea581a7668437d61e5a116360f6ac097;0x794f1cae;0xfffaff65L;0.500000;1503173276;1503173276
0;256;8048;0x33b13ffd9004f0a2c5facbad43580b35b1f2e23b061404baa3ae9a8127aa665b;0x7cbb96cee407aab258dfd3a781ef1bffea581a7668437d61e5a116360f6ac097;0x794f1cae;0xfffaff65L;0.500000;1503173276;1503173277
0;256;8048;0xce7f78bdb0228992a835b33d8a1c32ee0a37788b6f800751015718ccef1a9bbe;0xe46ff3bda4cbe49a24acca3f168540983a84abe887ff3cb7683bcd7da44679ca;0xc948cc3e;0xffbf4ef8L;0.500000;1503173277;1503173278
0;256;8048;0x93ed80aa2b341f41e8b77de1a6b395159bb03c5c7fe45e1cb87bb1918449e917;0x6f41eee7996759891c462da0071bcf8e4c4452a3ad1bc5772bf6b7fceb8bb13d;0x593a8eba;0xad13c577L;0.500000;1503173278;1503173279
0;256;8048;0x7ea59ac746ff3cd85593f6b1fcff24d99aaca6f409c34207aefbeefad9119d57;0x48c2f3b668de59a5e68693011553260a95c1846a9686509c1fe0e1aef4760275;0x9d681f04;0xff7fff84L;0.500000;1503173279;1503173280
0;256;8048;0xbc2f9939e16759a3d4bea94f836b14a7df212a5351553bad3b9f63274f08330b;0xda70ad04d945a83de5bddaf85c5d61e1bc2e8a8fbb75f479c291cdd696f4ac91;0x4c7719a7;0xfeff2221L;0.500000;1503173280;1503173280
0;256;8048;0xbc2f9939e16759a3d4bea94f836b14a7df212a5351553bad3b9f63274f08330b;0xda70ad04d945a83de5bddaf85c5d61e1bc2e8a8fbb75f479c291cdd696f4ac91;0x4c7719a7;0xfeff2221L;0.500000;1503173280;1503173281
0;256;8048;0xc0f7db8f9808fa95d2e0067ffd054ed9e1cd307827b5899d5b09bcda953feb55;0x460c93c4e6310799f9b7082e78af8ceb9599400d13041fcbef20c148b368ad77;0x6c582f3a;0x130c1fcbL;0.500000;1503173281;1503173282
0;256;8048;0x4761a0c947e5f7b372f0a172703a28d0227b1c0ce6174b7f7aa26b64e036d427;0x1da81872c1c6a1620573a64061351a483c525aed3d767231ca756b174a7c37b9;0x4bf99042;0xffd1d072L;0.500000;1503173282;1503173283
1;256;8048;0xd2e5562b21fde4f477ad51ce6f54cf4d44f54cb3ff3dfa73887e29da07e59dda;0x712631837d44491b36796a029ffc78e5a6481031c4125c41a590d5b32002801b;0xccc376c7;0xc4125c41L;0.500000;1503173283;1503173284
1;256;8048;0x36d556314cf7977a62e6dedb2ee41ff388542a49cc1c9ff588c5e9f392d350c8;0x5748e9fc3f10ff72e880c3ff0373a10528e2012187513954d62cd72f0b2ae8d3;0xf587f449;0x87513954L;0.500000;1503173284;1503173285
0;256;8048;0x04dcc5ffa8aef18af5366fa1d2cd71c41a57688d0238741156d0c5bc8b1c528f;0xf97dc0ed5c19b91cea9a5d7e9ee1a4df06d585ca975ffd15ff2d667197494586;0xd4eac5f3;0x28244151L;0.500000;1503173285;1503173285
0;256;8048;0x04dcc5ffa8aef18af5366fa1d2cd71c41a57688d0238741156d0c5bc8b1c528f;0xf97dc0ed5c19b91cea9a5d7e9ee1a4df06d585ca975ffd15ff2d667197494586;0xd4eac5f3;0x28244151L;0.500000;1503173285;1503173286
1;256;8048;0xd8b8aa29f70722287fe2b605865dffc1857be2b230e61ecbd9a080fe3fc60417;0x0c34b620538c42f304e6413a226cad226e2836df2f88d3626314ecec5ad543c2;0x7eca5826;0x2f88d362L;0.500000;1503173286;1503173287
1;256;8048;0xebe8bbd24ac3c559ec4a3878fe3c2d71d9da8b4b33d3f008dfbdbb8c8e9b5d79;0x3d03c51b6b888afa76662e2f534bb8404d694dde0e084fa26900985d1d644b0d;0x02523f60;0xe084fa2L;0.500000;1503173287;1503173288
0;256;8048;0x28e0ff3e390bc5de5cf4e38a79efddd44800abe22719cc7195c13f2561d3ba8a;0x897f64589032769182535c4fff7338dfea7240567cdb7f8320adfeddc0e6556a;0xd4a52fc9;0x5cdb7f83L;0.500000;1503173288;1503173288
0;256;8048;0x28e0ff3e390bc5de5cf4e38a79efddd44800abe22719cc7195c13f2561d3ba8a;0x897f64589032769182535c4fff7338dfea7240567cdb7f8320adfeddc0e6556a;0xd4a52fc9;0x5cdb7f83L;0.500000;1503173289;1503173289
