1;256;8048;0xb8b3c5356423c0cf055faea28d18bbf8e565a2bed366d59a6964611d39df6ff2;0x905de70ed2ab27cd4320a6529ff8870596fa77dd565aa178362f374695634abe;0xff1f740a;0x565aa178L;0.500000;1503212507;1503212507
0;256;8048;0x26d6bc74d45063a41506500acadcbcbd4566f4f09150fd33057f332192daa0b9;0x02fce76dbec6575e4b510f9eaa2debc4e3ad0c20c3675f240d6377333c0fd2db;0x1f165386;0x29111a11L;0.500000;1503212507;1503212508
1;256;8048;0xddbb40a9f138368663f72cc002f373980d22252053cf76ed07c6c2abee0999cb;0xa5714e2ee0ece814888913306975600332dfae9285c128ca621cc04226dab506;0x9f80b9b6;0x85c128caL;0.500000;1503212508;1503212509
0;256;8048;0x3820c7146328383f8d511de30d5fa46506ae2948355077c5c26a6d1548fd6881;0x7de29a7e7fd9f117702e5821e5bd2ff7022ef0741f7eeccde155f18866949928;0x568f6eaa;0xe7ffbdbeL;0.500000;1503212509;1503212510
1;256;8048;0x6b1a8f3337505fe40f363790b91041f70c7e4ae032ec4be1d97a47f2139c297e;0x76cf617fc414c858c0e48c98df2dfdb8615b99226204ba23e0a6bf3e3b16c2e9;0x5e4b84e6;0x6204ba23L;0.500000;1503212510;1503212510
1;256;8048;0x6b1a8f3337505fe40f363790b91041f70c7e4ae032ec4be1d97a47f2139c297e;0x76cf617fc414c858c0e48c98df2dfdb8615b99226204ba23e0a6bf3e3b16c2e9;0x5e4b84e6;0x6204ba23L;0.500000;1503212510;1503212511
0;256;8048;0x26b6903914d8dd8f94f202c7425cd24b3cc305441575a13ef7489beaa00558c6;0x40229b531c597d78c12964befd5680589b06bd637f01f5c3bcd66c79cfa41dcb;0xf3410ead;0x7f63f5c3L;0.500000;1503212511;1503212512
1;256;8048;0x19b114439a066da2bce020e63e2f11bfa228e0c34b2684971ea21c791bf89234;0xafc00a833e60edc7252534c4c248cb08c125ce8bbd90042c91a185bbeefd9117;0x2fa3bc4a;0xbd90042cL;0.500000;1503212512;1503212513
1;256;8048;0x3efcef17335c391afe971fa6100161ec0e8d475f5d45c048e82cabfe9acc20d9;0xdbd5cb3836bb794949e3978279fe0629790e77b08673b9fff710d907e641fad9;0x5fafa454;0x8673b9ffL;0.500000;1503212513;1503212513
1;256;8048;0x3efcef17335c391afe971fa6100161ec0e8d475f5d45c048e82cabfe9acc20d9;0xdbd5cb3836bb794949e3978279fe0629790e77b08673b9fff710d907e641fad9;0x5fafa454;0x8673b9ffL;0.500000;1503212514;1503212514
0;256;8048;0xccdf3000a655eb5b1b073ed9c1ab0768e177a3533da8a655b09217e13f391f0c;0x90a744ffe65bbdd5c32882f80b6da093fa459cd06f20d0fa9eb798bae24299f2;0x8eb79141;0xffff9351L;0.500000;1503212514;1503212515
0;256;8048;0xebb1ffc54e3e3ef32a86724ae0d8bffc833ec556e4a8fdd13bb1a0c15b61d546;0x6ef7201158c328cea1e4c5db001de4c999a44e983c7cfd3e1b3c985cf753a543;0xb76d9b36;0x7fff1a49L;0.500000;1503212515;1503212516
1;256;8048;0x7254afac9d4adc849140f67a7e9d13a378569ebb55fb181355d1cd5a2a20779c;0x9d0e3b0e12e1f84fbcc0c7e6386976a248efadd2d261a4efacddecea8ac95bc8;0x3681bab0;0xd261a4efL;0.500000;1503212516;1503212517
1;256;8048;0xb2c12c264fde817a84f3f5722df7de310f567745bb0834f24dbb05dfe4f00a96;0xe69c04e60354de8d9e4bd157e2673d0bd00b521e82dc07b2ba7207d52cb1a8e3;0x56e70398;0x82dc07b2L;0.500000;1503212517;1503212518
0;256;8048;0x1cba236c2532c6954e2a8235aadbf51d15730cd314b1ab4164f6404b995852b6;0x67c9a29fe4d63cab03cacc77dc8bba5fbb5a367466a11c72fec4e5e6a02f614a;0xfa9fa096;0x66a11e72L;0.500000;1503212518;1503212519
1;256;8048;0xc5d310bedae2306e82eab57be9e4b7b7fcd32a619e84e7c73412cf0c1aca6be0;0xa48696e02302107f076cb6979d5d65f0f2fa19aa3afbd65edd2012c585a4ffa9;0xebc2a3ec;0x3afbd65eL;0.500000;1503212519;1503212520
0;256;8048;0x0960e89f8808436219ba83be0b2c849c92f9a723ca68c4992fe258d589520c93;0x2414178fd7b59b4f76cbbdd03141754e422d82100d937f0f3035fbe747721c0a;0xcfcfc322;0xfefef7c1L;0.500000;1503212520;1503212520
0;256;8048;0x0960e89f8808436219ba83be0b2c849c92f9a723ca68c4992fe258d589520c93;0x2414178fd7b59b4f76cbbdd03141754e422d82100d937f0f3035fbe747721c0a;0xcfcfc322;0xfefef7c1L;0.500000;1503212521;1503212521
0;256;8048;0x89bd18ebb6421f48788b436fa3710eab0e275e798ebec98a594029c429832ab2;0xcaa281f13c93ca96dda86e5ca8c25794b88794e4246ee62bf36cc030b36bd895;0xa724495a;0x2c6ee62bL;0.500000;1503212521;1503212522
0;256;8048;0xdaeaad0beb9f8661af37ab6a0225ff059ac073aeb3df74e5849bdc75b3e5e28d;0xaf76615f7f7443e6ffa14576267a8b2f8037c7d1c7d7868868572710ae3f1a8a;0x80f421c9;0xf7fb1647L;0.500000;1503212522;1503212523
