1;256;8048;0x6a105dfe4bc5a451da8ac72ec196554e2d8ced4cfa5357e580b81a5b38e36ca2;0x49e77de1567e62b5061cd2afd5d94e2c8cb29fe270638e63b03aa83d9fe0abb3;0x41c23734;0x70638e63L;0.500000;1503205377;1503205377
0;256;8048;0x318240bae9e70fd013e1c98b77b2235431e9ce85f697f4c36e359db841f37773;0x55c2cb8461f50c49c34bb6d19f40cd5723e50944b8b864bf4e4af4d1dc7e117b;0x5642803d;0xb9b864bfL;0.500000;1503205377;1503205378
0;256;8048;0xeaa666f4f804a2fa076123047a172dfeef7af9ecfd650cf4b9914f846c7a1b56;0x60dd8de1807a07edb5979b6c635e2b0b80747137720a05216abebe424cf9777c;0xbcd77aff;0x72020521L;0.500000;1503205378;1503205379
0;256;8048;0xeb7b23a2f78cc217de00ce0fbdc8b5e2e63a7d76fa4e8914a2f4082b7757af62;0x749a2355f9ac342928de4298e4163877f69def3993d3fc4102d554aa07f154c9;0x2b60b9de;0xffffffdbL;0.500000;1503205379;1503205380
1;256;8048;0x21050c0e2710305532da30c16851ab7f861e5fe33dd079edc8600b186039b082;0xd6481675ce6297fac1d412ffa04248e9f67062fc7c1be662ff65c43d1d3fbb1d;0x71564312;0x7c1be662L;0.500000;1503205380;1503205381
1;256;8048;0x4e2df2ac6d92fa4574bd0b95761eaf377473e86aeab6c4864d3c3dda50d65b9e;0x500bc308787b631fc08d3f9414e87002c68352c66953deee8f205fd0bee34931;0x4cfc96e1;0x6953deeeL;0.500000;1503205381;1503205382
0;256;8048;0x955419104173d0909f4a30a4e60ff61a1f02daadcf4010ecc59eabbe4dc03be3;0xb8dde5dc03a414bda5e1bebd8321fa88345dcf516c7a44fdfcdbbbf8d70daac4;0x8682a373;0x6cfa44fdL;0.500000;1503205382;1503205382
0;256;8048;0x955419104173d0909f4a30a4e60ff61a1f02daadcf4010ecc59eabbe4dc03be3;0xb8dde5dc03a414bda5e1bebd8321fa88345dcf516c7a44fdfcdbbbf8d70daac4;0x8682a373;0x6cfa44fdL;0.500000;1503205383;1503205383
1;256;8048;0xaf3e030152f805f627da879d155730ee17a69929438eb1e1a1f0dae9800b5e2f;0x18bc08e23f128431ca54feb1aefbdd6cf7881d786ac7bb0fbae95dee2b4fd38c;0x6189c9bf;0x6ac7bb0fL;0.500000;1503205383;1503205384
1;256;8048;0xf1a2608a68e5a9a837935c36b8df351a1ed213ad0d990496cd7173b42cf61f1d;0x0673a614e9127d1c95436901c37f4250fa8e22ffd0520e4857083dd89ce70aeb;0x9b77707d;0xd0520e48L;0.500000;1503205384;1503205385
1;256;8048;0x3734576c0ab8f82ab023515d28d1cd558ad72924fdc6527a0ee52e0e43f3887a;0x2226e085af8618a5e22f112408f1d916f952d5aaf1b54ce47546ab17152354e8;0x0492a7a5;0xf1b54ce4L;0.500000;1503205385;1503205386
0;256;8048;0x71d34378b9610763ee1066e2216cb8e80a12853c794c3d2d48e5c20940d3d2b1;0xc097034c4ade0f47b5f6cd6435361881da83558d0d753335764359a20ae532f9;0x412c1789;0xffffff7fL;0.500000;1503205386;1503205386
0;256;8048;0x71d34378b9610763ee1066e2216cb8e80a12853c794c3d2d48e5c20940d3d2b1;0xc097034c4ade0f47b5f6cd6435361881da83558d0d753335764359a20ae532f9;0x412c1789;0xffffff7fL;0.500000;1503205386;1503205387
1;256;8048;0x1c427f087a85359ab6c09f123f6448c4c693a8375f58a33575cc26a58e8208aa;0x5345300136fb4a4f1b4be84e4c56f4bde18a3022196046ffd68315e0af86abd9;0x53d3ea49;0x196046ffL;0.500000;1503205387;1503205388
0;256;8048;0x876a45d05238616b09d38ec3998fd2f66a368493050315e0e7ceea0a4198dcc9;0x5d285dc3191e02a426123483db63379dc589ba652103c38ddbd30dd06f7f98d5;0xecd0f53e;0xdbd7ffd4L;0.500000;1503205388;1503205389
0;256;8048;0x870c50130d0d34566309f5da0d6425d5c1895b32642d78c1d623dbddab058732;0x78c2f07a68e5c5d8d670325ae6fcbf9c03066552e368d9382f924042e39ff2ff;0xb73933ff;0xfb7fff56L;0.500000;1503205389;1503205390
1;256;8048;0x1f7be9ac16111de888f1c749ac728fde286124daa04e442f68276188b33e79d2;0x8ba536865f00f1bfacfd5f6181c81f6aa72020638528f4e9199e065ebeb5a6c7;0xb1f65232;0x8528f4e9L;0.500000;1503205390;1503205390
1;256;8048;0x1f7be9ac16111de888f1c749ac728fde286124daa04e442f68276188b33e79d2;0x8ba536865f00f1bfacfd5f6181c81f6aa72020638528f4e9199e065ebeb5a6c7;0xb1f65232;0x8528f4e9L;0.500000;1503205390;1503205391
1;256;8048;0xbe0dcdab572c43617ceace03504819499daa47651c4c8d254ebedff03e0315fc;0xdda2b22ebbdad0fa6a67d02f92f2301b4df0a3f18c906739af777c466fe8dd76;0xa45a1082;0x8c906739L;0.500000;1503205391;1503205392
0;256;8048;0x735f0bbb7370ed61435e5e79b7a57e4650fd29685ea2bf4b9571302e2b44519e;0x513e2f6f246ac5d5578042c4f6dfe8e129797be44a03347f56d6f4d30329d476;0xf4d8f159;0xca13b47fL;0.500000;1503205392;1503205393
