1;256;8048;0xf1bc0b4214b3b76076ca732afd83e9450b6a09e9a161cb069ffd01dff09a22e2;0x137867842163343cbd1b81775f99a15e2b1c01da645f160d36d79a897e5dd7a0;0xd3b19fd3;0x645f160dL;0.500000;1503111742;1503111743
0;256;8048;0x2005d3abfe1f1fa9114b9254c1392eb6f6cbb289e2859f3d8e330753f76c2317;0x811f4a18c2517cf3e80bb9ae3fc573a738bd59682e502b1d948c44a14d7309f0;0x0f569de3;0x6e502b1dL;0.500000;1503111743;1503111744
0;256;8048;0xaaf3de25d7f29a13428d27a06f04918bf8b4e2e509c3eca652ae0de94ee53af8;0x463d5c606529be8bea8488f155198c9efa6e3dcec28af63152fbfcb5796036c5;0x33ae6cdb;0xfeffffffL;0.500000;1503111744;1503111744
0;256;8048;0xaaf3de25d7f29a13428d27a06f04918bf8b4e2e509c3eca652ae0de94ee53af8;0x463d5c606529be8bea8488f155198c9efa6e3dcec28af63152fbfcb5796036c5;0x33ae6cdb;0xfeffffffL;0.500000;1503111745;1503111745
1;256;8048;0xdbd86927976954f8734d63654f628a36a304bd16835fe5663ace000b373b8f12;0x8fe021d7a0c7341a23a337b3d10ce908d73864822ad615a693f7c233b6b649d9;0x034c4819;0x2ad615a6L;0.500000;1503111745;1503111746
0;256;8048;0x04fae5d6334c28e5ded180c331e4fd3c72beec54454d3d11c68355b7ccc533d0;0x155f0cc0f019ba4e59fdb7b23b0405d13c38c25d9d9e25d66e1095f4a2e4484c;0x66bcd867;0x1d9e25d6L;0.500000;1503111746;1503111747
0;256;8048;0xd81e4a1a1f7248d1fd2af7ed4814c2492c4d3ac965a6a97d597d2643b6e7a38f;0x68496d399839d098132df47ef0cb4a1cb9c21b1e1e278a6e5fe276f2995ee97a;0x32494773;0x1c278a6eL;0.500000;1503111747;1503111748
0;256;8048;0x70e9f9d24a34200f68a938c2786184d189064a2952d4aec4601d7524e16f6c51;0xecf2a765fb61d1d93db1adf4c8691b7cb28165b45bfff69f90553577ff105cdd;0x795e912f;0x59fff69fL;0.500000;1503111748;1503111749
0;256;8048;0xebf54ae119a55ada2b4b7185d77e0c6c8d6a17a2fded9584370cfa90ead226d5;0x885a0f3bae500c351d7d53357929cd3196a415f16b55f7049a545ce83219876b;0xa95ad029;0xffffdffbL;0.500000;1503111749;1503111749
0;256;8048;0xebf54ae119a55ada2b4b7185d77e0c6c8d6a17a2fded9584370cfa90ead226d5;0x885a0f3bae500c351d7d53357929cd3196a415f16b55f7049a545ce83219876b;0xa95ad029;0xffffdffbL;0.500000;1503111750;1503111750
0;256;8048;0xb9f4eb052b0dcf3ba7994adf53f041fd91f0e6d0582dc5807255b0ef0a51a0c3;0xb4104f649a27ac837dddbfd579ff94e18deebcbedac6cc70f40a9838fd6787d4;0xd3709bff;0xffffff9fL;0.500000;1503111750;1503111751
1;256;8048;0x3e98ece713bd37e86e0692408fc73180259b5065b518c28d24e9ed9d59ff4397;0xa01bb1e7bd4377ca9f9757a2a408630531dbfa468c073c0a038bc497a109a0cb;0xa3938484;0x8c073c0aL;0.500000;1503111751;1503111752
0;256;8048;0x1ad1fee418ff9fe6ab383d5f091cca69fe58420095b518dd42ecbd285c928f76;0xb15f785c04bbe92b17a864c90830ef226c3777981371aecb52888749ee28ee99;0xcc735c00;0xff7fff22L;0.500000;1503111752;1503111753
0;256;8048;0xbdd00ec5b68a0e3a99b247cd15003f8f3cfd927b5dd4784ffc6d3d8b4a0fb107;0x7ce4d9368eb2a458fc06cb99705b958b6059d31cf4e934432fb718094e7bc366;0x3fd9ed45;0xf4e93e43L;0.500000;1503111753;1503111754
1;256;8048;0xd6927ed2c1857bb348b002940bf50f497990adbef8a28d3458c4765b75e77b4b;0x424ed503b20d3245f9247ef1b1167ee9035056de24e0872c508379241fd7da86;0xbf0b7d9a;0x24e0872cL;0.500000;1503111754;1503111755
0;256;8048;0x7db042fc1eebd247dbd22ef6e7b0eb262b6317d46c7f49c5fbed3fa3655947e2;0xa053d63892b8b35bc1ed81014d48b318e6ecac4aa6a5671b8bf4e864ede47f87;0xb4b45da4;0xafa5675bL;0.500000;1503111755;1503111755
0;256;8048;0x7db042fc1eebd247dbd22ef6e7b0eb262b6317d46c7f49c5fbed3fa3655947e2;0xa053d63892b8b35bc1ed81014d48b318e6ecac4aa6a5671b8bf4e864ede47f87;0xb4b45da4;0xafa5675bL;0.500000;1503111756;1503111756
1;256;8048;0x383883a4640c4ff5597b1eb9d2fef8387655c171c845649d9d9174c02c8fa164;0x2a38d5c16df25f31ecc6fbcbddf95cd2d4e8f9ccf266a46236930abff6d21463;0xaa85bf00;0xf266a462L;0.500000;1503111756;1503111757
0;256;8048;0x0da5549418c6844442f2c8493e120f0803d8da51d8a6249155bbbdbb75c01a82;0x0e1b72e9c7bc80568136e1424455e15d5948795cb0c16e9440f63a0c82366992;0xd489aa04;0xffffffffL;0.500000;1503111757;1503111758
0;256;8048;0x9eb725f0015ff6f4eb25e870c4f1b8ba540d65eba87cdff35ef3af7832dd52d1;0xcc604758e3cdd8c4d6bc22ea739125a0ef6e9984934756364af18c94c291187f;0x1d5ef1ed;0x93474636L;0.500000;1503111758;1503111759
