0;256;8048;0x46b1f54ea3e316c2f80ac88bfd1c4af6ed350f348e41cd11ff911bc2b50691fb;0x62ab4ebc3c47578cbc3beb6e60f2aae010a09f7cfdad7f4964fa9671be6d956c;0xc5810cb3;0xff2d7f49L;0.500000;1503176845;1503176846
1;256;8048;0xf747fa48a9f78bb96ccfb6a381e9c1b260551002ffddc155dcf6a24708890bff;0x0283a9d90dd0c4e8c016d5839d46d2aa7edc22201cbb07fa0bc1100eff29f500;0x0b32f1f9;0x1cbb07faL;0.500000;1503176846;1503176847
1;256;8048;0xf54f1b7c96d4dba8e8bff0005939af08d51e9834c1e29b0ebda5f15736333c2c;0x7d69724976bfe995c629abfad27618e2b440316eff68f2ccdc21194f08b809c1;0xfec2b13f;0xff68f2ccL;0.500000;1503176847;1503176847
1;256;8048;0xf54f1b7c96d4dba8e8bff0005939af08d51e9834c1e29b0ebda5f15736333c2c;0x7d69724976bfe995c629abfad27618e2b440316eff68f2ccdc21194f08b809c1;0xfec2b13f;0xff68f2ccL;0.500000;1503176847;1503176848
0;256;8048;0x08f8900787fe618d5f9475acc93d58ee0ebf04f6df58515e0614b94be1e8a0e9;0x7f5ea5df2e0f2a1122ecfbb30596b93520b0da28afa3499a279ac533a8f9cfee;0xd11a0e04;0xafa34b9aL;0.500000;1503176848;1503176849
0;256;8048;0x85b1241bb825e645139595562a4b008efd34ba5d32c656d7408c1c4365be63ea;0x3118aa11772e0cc0f9f7db7aa47438fb8c29af2b55fc3ae91679decf818a1f16;0x3a237fea;0xd5160822L;0.500000;1503176849;1503176850
0;256;8048;0x6d01b2e48a09bc38e449f1c4162738a5ffdd3b548f2b2f08bd306604fa91f868;0xcc6b067941192dd06c49873141de8ad808764b3d12a58a78825b3d7df3d89e72;0x613555e3;0x12a58af8L;0.500000;1503176850;1503176851
1;256;8048;0x06794be71a7410e972e399c591c41e1b2e649429c975cde8f414657079f8007f;0x200b97f9493acf5f6de8e48faf6faea05ea5e41a8a7a34bcbc7dae659ff1e198;0x45b78db0;0x8a7a34bcL;0.500000;1503176851;1503176852
1;256;8048;0x1f9d0ab6cc04a3bcc5814a81e6bdaed535eebfe71d59580115a6d912423e9d62;0x184d503d87ac57f37072df12e103a6bcb3a21b198cdecb632f25ee832330a4d1;0xc73834e2;0x8cdecb63L;0.500000;1503176852;1503176852
1;256;8048;0x1f9d0ab6cc04a3bcc5814a81e6bdaed535eebfe71d59580115a6d912423e9d62;0x184d503d87ac57f37072df12e103a6bcb3a21b198cdecb632f25ee832330a4d1;0xc73834e2;0x8cdecb63L;0.500000;1503176852;1503176853
1;256;8048;0xf2bc65b2f0e79a4a20429c2f7551a6bd42437bb0da0708f574d677830af6affd;0x8515d4f9c782097c4a6b45eedb2e7620295e4395c95628d67d824687f5f5387b;0x1f7704fb;0xc95628d6L;0.500000;1503176853;1503176854
0;256;8048;0x8e4531bc537a68115dd7cfc78480530d839e08a2fb62e0e5760673268d53b91b;0xa2b2631b952907bd3bcbe4a33434b5f7ec4e7b40a397cd523b8a5b9dcd3a8e54;0x0fdc181d;0xa717cd5bL;0.500000;1503176854;1503176855
0;256;8048;0x2cdd0c254728146d4d6b87ca9c5cc0006727df17c38784eb519a6a585cca6b88;0x99a0eaff26372c4229be42d1857ae16d19ad6e4c77d51ca549268564084ab7c3;0xcbaf1a97;0xfe8325adL;0.500000;1503176855;1503176856
1;256;8048;0x555ceed1f46094e7c1934f375f20e9db00a684c4f127ce5488184f4705216f5b;0x6d433ed4656fc861654410ca9fbba5aa1e8201e9ef1758968f304de68f18fb0a;0x392ea3f0;0xef175896L;0.500000;1503176856;1503176856
1;256;8048;0x555ceed1f46094e7c1934f375f20e9db00a684c4f127ce5488184f4705216f5b;0x6d433ed4656fc861654410ca9fbba5aa1e8201e9ef1758968f304de68f18fb0a;0x392ea3f0;0xef175896L;0.500000;1503176856;1503176857
1;256;8048;0xd65dfec68875add5b5871d0e0974dfa464937aa9c35b0916fffdeb61e4de5cbb;0x795516ee8178df1a409015126e2902ee1759bfebfc6b776343724cbdf4569e15;0x892cbd67;0xfc6b7763L;0.500000;1503176857;1503176858
1;256;8048;0xab17a1d59ea197bd4ad3a9fddc3b8cf3726d544c03fc06c0f78eb3c6fc1ddfa8;0x8442d6e4373b7ece934640bb5f75b4c5dbc092475c40122d96896271b5f7e133;0x0ca8dcb6;0x5c40122dL;0.500000;1503176858;1503176859
0;256;8048;0x5606ab8b896661e725b10f44a01ad75efe88561ee3dc5f2a5dadb3a8abe93301;0xb4bacece43a37cc7b424c4af105403d05b2896e2da0d301b6ccb48c0814fa4c2;0x0411e2c0;0xda05311bL;0.500000;1503176859;1503176859
0;256;8048;0x5606ab8b896661e725b10f44a01ad75efe88561ee3dc5f2a5dadb3a8abe93301;0xb4bacece43a37cc7b424c4af105403d05b2896e2da0d301b6ccb48c0814fa4c2;0x0411e2c0;0xda05311bL;0.500000;1503176860;1503176860
0;256;8048;0x15d0df4c6251c8295c88a70a3ab66adbb07f57a9816b513cb210a061ad8730c2;0x69580b7d54a5aa19846a5993ccde29cba527e7b875ba56fee1a230a0677ddca4;0x961e4a24;0xfdffffffL;0.500000;1503176860;1503176861
