0;256;8048;0xe31b4fed7299dfb75eaa7ab9f6818b1a27ebd7c11a40bbf834ce6a68466a2629;0xd0a2d5f0ba31dd2d975f28cd9f5d22e719cfb5b97bbe8dcd30a8deb252f7956c;0x83cf703b;0x7bbe8dedL;0.500000;1503151883;1503151883
0;256;8048;0xe31b4fed7299dfb75eaa7ab9f6818b1a27ebd7c11a40bbf834ce6a68466a2629;0xd0a2d5f0ba31dd2d975f28cd9f5d22e719cfb5b97bbe8dcd30a8deb252f7956c;0x83cf703b;0x7bbe8dedL;0.500000;1503151883;1503151884
0;256;8048;0x9b3ee220f5370bd558e8a43ef3d73240d682575f5137daed59c0bfb59d485c38;0x8ce159c2bfa4a2f312d1c2b259a668bf39ad754e0b08eb32770c5925d77783cf;0xb0a543f1;0xfb7fffc5L;0.500000;1503151884;1503151885
0;256;8048;0x8cdd5dca4139d254b4272df4d256e26376534226442e3fe0d605cff5d686e762;0x630cbc943ff6cf1f01c4ade16bcf402fd0a9564db9295f10d0ef4fbc9d125dce;0x1a5f83b1;0xa160910L;0.500000;1503151885;1503151886
1;256;8048;0xf9475faa58f3dc2148abb9a629effce7e6f719985d9d4c71aace045df9143cf2;0xe1bb9b85b78b979238eb1d41cb248afffb08032ea9cc3adff2244bf8102166c6;0x560ab7ad;0xa9cc3adfL;0.500000;1503151886;1503151886
1;256;8048;0xf9475faa58f3dc2148abb9a629effce7e6f719985d9d4c71aace045df9143cf2;0xe1bb9b85b78b979238eb1d41cb248afffb08032ea9cc3adff2244bf8102166c6;0x560ab7ad;0xa9cc3adfL;0.500000;1503151887;1503151887
0;256;8048;0xd14997e53d06bba5be37ae1ca07d59039b558f2caf377a1eed9d474d0c718edd;0xc0313f6da0189eef9623a3e1772cddd9660ec1bde15f5907a841d809148a1978;0x04b7c682;0xe15f5b07L;0.500000;1503151887;1503151888
0;256;8048;0x0f3f6022edb37f832ddca1b3ad4f474f4eacc17e074d849befae13a483a90893;0x7cc5e5b1657027f4c87867950df06414decbefc7c343aec7f9e44cf782537698;0x2abc6a54;0xc343ae47L;0.500000;1503151888;1503151889
1;256;8048;0x839961afa073b07116b7c927dc399e283fab5245ee5b38264919457949cf83cd;0x1dfc70ad14ead81e1dfc216da9db616ce32265ed4b91b681915e364cda4eccc3;0x0b374e06;0x4b91b681L;0.500000;1503151889;1503151890
0;256;8048;0xfbc80fc01e68adc253e9c411f6877cb18f177e3c54767139ee836e15c49ef2bf;0xfe9a42953644cdc666e00669fa9ca9e9b95892cf37697995c3e7365dcc02392f;0x4dd6cbe1;0xffdfffffL;0.500000;1503151890;1503151890
0;256;8048;0xfbc80fc01e68adc253e9c411f6877cb18f177e3c54767139ee836e15c49ef2bf;0xfe9a42953644cdc666e00669fa9ca9e9b95892cf37697995c3e7365dcc02392f;0x4dd6cbe1;0xffdfffffL;0.500000;1503151890;1503151891
0;256;8048;0x50e22fdfe8f96993b993967d8952c6bdacb288207b10b57e963dbaa15d78e3ad;0x2f6e7e596261e8913fea8eaf532e22205d19cd7faa0cda40c3f42b20c2349dc3;0x6e25333d;0x20224011L;0.500000;1503151891;1503151892
0;256;8048;0xcecbc4451d95ebae3830694a8f817cf504d099fa1ef8f4d91b421e80ce15d49c;0xdc7b663bc0706d84ac4912cc90e45c743328a80e22e7f1050e5693dbff37321c;0x1d96d635;0xffffbfffL;0.500000;1503151892;1503151893
1;256;8048;0xfb3d91f2dbb62904f52eb20d99ce409a193a47dcde8264f2683cee5bd72cf7d3;0x1e0a478ccd4621777537f684644746b73aa4e1814c135bae225aedef9c9eb6e5;0x4e403bf2;0x4c135baeL;0.500000;1503151893;1503151893
1;256;8048;0xfb3d91f2dbb62904f52eb20d99ce409a193a47dcde8264f2683cee5bd72cf7d3;0x1e0a478ccd4621777537f684644746b73aa4e1814c135bae225aedef9c9eb6e5;0x4e403bf2;0x4c135baeL;0.500000;1503151893;1503151894
0;256;8048;0x36e3f2c7783758a715a801ec20b51e26b2be3d045a04c38ba4a9d1598fb43ec5;0x4c9f940b3dc4edbcc78eebe9ae5bbe93927a493275dd1a53e2c21984d091e6e8;0x55336e3a;0x55dd1a53L;0.500000;1503151894;1503151895
1;256;8048;0x6ccacf81a8fcd0b972c9ec94447469d85aa482a6b1583e06e9e3a7f8ef69ac5b;0x49263899555bfadd4425efa612c5d4d982e4a3a3d997283e7e607c0d77dcc8ad;0x3f15944e;0xd997283eL;0.500000;1503151895;1503151896
0;256;8048;0xe81047c0ea0c56db40d7b25c20a1a624796745ae4147ac7b172352d2fbec33e4;0x1af210dc5bc98dbb6e020991698c4f9c0fd76f2186e7b85844dc44e63d7604ea;0x5278951e;0xffedffffL;0.500000;1503151896;1503151897
0;256;8048;0x0b59df592efcc2e461d07cac83efd64cfedb18ee0ea1f3b04cc2bafa7a444d85;0xaeed4f34920d4461ba33c64a5845dcb623aa9c850c34835337d3e6d4e25f8b46;0x8ac03adf;0xc34835bL;0.500000;1503151897;1503151897
0;256;8048;0x0b59df592efcc2e461d07cac83efd64cfedb18ee0ea1f3b04cc2bafa7a444d85;0xaeed4f34920d4461ba33c64a5845dcb623aa9c850c34835337d3e6d4e25f8b46;0x8ac03adf;0xc34835bL;0.500000;1503151897;1503151898
