0;256;8048;0xb4d364fc7e57c7d90a67e3d8313c83eb3cec18f091269f5f146fbeb2f4e58da8;0x0cde805985e1a97ca82c186d384975e303d2886b42b5d388e8e2513e87c67733;0xfd2c7dd8;0x90a2b785L;0.500000;1503116828;1503116829
0;256;8048;0x83998acf32ed4fcce78f87bb4f0df9a5bcd4b8fca8bd8261bbbb2326b4bf8537;0x3b65f851f702db913818fa6a12e763469c384a4e4e5f82297fee290b9b6f944a;0xbd5e2859;0x4e5fa321L;0.500000;1503116829;1503116829
0;256;8048;0x83998acf32ed4fcce78f87bb4f0df9a5bcd4b8fca8bd8261bbbb2326b4bf8537;0x3b65f851f702db913818fa6a12e763469c384a4e4e5f82297fee290b9b6f944a;0xbd5e2859;0x4e5fa321L;0.500000;1503116830;1503116830
0;256;8048;0xafaf8680801e414160ed02829697551c27b5d187ce626a371dcb1d0db3f9fa62;0x5cab3e184958ff0c6834f789230b9e26b23100609fec71fff273f33f6b9d19b0;0x16e8ef3f;0xffffffffL;0.500000;1503116830;1503116831
0;256;8048;0xa473d2216461953c48d25e2df4f2398074e35024aad26348510fe646420450e6;0x4f8c4411236046df6565b27b2f0c2b35eb76466fe1478e3b3893d0e52beb528c;0x29b098f3;0xe1578ebbL;0.500000;1503116831;1503116832
1;256;8048;0xd722af62f5dc72c9d88dbe6ee45c904747d92aa318363c4f8f21e444b3dc328a;0x42dcea5651acf8e3b47b6ed1f9712a3886d639b2b2730cfe2deacafd55a953eb;0xdb05a9e4;0xb2730cfeL;0.500000;1503116832;1503116833
1;256;8048;0x4ffdd34a6353dd02dfb71223466b5a2929075f80da3fcae860f2d0cc9873dce8;0x78c641aa3262b67e782128864b3e490be49b94815ae622e7e715150a32f5a401;0x936a92f6;0x5ae622e7L;0.500000;1503116833;1503116834
1;256;8048;0x79d57f56d1f5c5d871b6da8c4eedb6437a718fec98398e6fc411f6cf54bbbecd;0x695ef70abfa4194e36948c5127a47c75a20af5ab3398d3f8ebf150a301477d86;0xce523e1f;0x3398d3f8L;0.500000;1503116834;1503116834
1;256;8048;0x79d57f56d1f5c5d871b6da8c4eedb6437a718fec98398e6fc411f6cf54bbbecd;0x695ef70abfa4194e36948c5127a47c75a20af5ab3398d3f8ebf150a301477d86;0xce523e1f;0x3398d3f8L;0.500000;1503116834;1503116835
1;256;8048;0x49cf8051f4733fc81eb578b20e84be67d973dcfe188ad3b4fb99aed3e21f302c;0x624d5d264a95b5b16d4037ddd01965ceef1045797cf662513fe8cee7186328c6;0x9889431f;0x7cf66251L;0.500000;1503116835;1503116836
0;256;8048;0x151651dffe7c1bba50cdc6e2e3f5d0de6c236316c0cc106765593d4fd1e687e7;0xa1040faeb8cdfe25fbd5c70cc77260c11fe6e49e253c6890f77ed0c9b485a30b;0xf51a6bb5;0x4922200aL;0.500000;1503116836;1503116837
0;256;8048;0x1c225cec736aadf9954b9c654e6eb7209fb6deb81c442e1474d9315b6bbc1a88;0xca6865fd316e4eceae36e7839720bdba9d1155a4a87ab211b50ed90df0c606b0;0x89bc0383;0xa87ab2b9L;0.500000;1503116837;1503116838
1;256;8048;0x9110b37ae07174cc146c8caadd0e7e481380b3e2653a88b4664865d65c95bfed;0x2db98cffd2a1c36042c97338e158420031bc70ec4a8c2d8b7c4885202fef9dc9;0x32bf233e;0x4a8c2d8bL;0.500000;1503116838;1503116838
1;256;8048;0x9110b37ae07174cc146c8caadd0e7e481380b3e2653a88b4664865d65c95bfed;0x2db98cffd2a1c36042c97338e158420031bc70ec4a8c2d8b7c4885202fef9dc9;0x32bf233e;0x4a8c2d8bL;0.500000;1503116839;1503116839
1;256;8048;0x9dd425ff5074a776a0f9871cff2d508c784a314769f5ea9adb81396bd8728b75;0x5de32042619f95114c11f7e33818a63007bd307c220b99214c2d6d82e45af945;0x91f4c3e3;0x220b9921L;0.500000;1503116839;1503116840
0;256;8048;0x8444ae481b0e7902bdb1a43d1de8140a0268058f55144f1a0f960e4678fdbdfd;0xee28ab04e0a99bc95be585fe439fcb12cb435629d0481b7d104eba19d342e713;0xa9d942bb;0xd04a1b7dL;0.500000;1503116840;1503116841
1;256;8048;0x848de6468df137e46cdbb1755e63afc4f8ad62c3da8c23e29d8f5d4e2749dbab;0x9c08ed805122ba83f89cb03548a2dff03f7dccf795c874d6e77f1d6b4cdc629e;0x61ad4b29;0x95c874d6L;0.500000;1503116841;1503116842
1;256;8048;0x4ab216cc2c4d3115f696115bf615c32278daf3bc53fb157b601bd277910f59db;0x254c2e1f99cb3be7482d77b6492d3e51dd6fb107d528dcabbec4eafb16ad2fe7;0xd936cb56;0xd528dcabL;0.500000;1503116842;1503116843
0;256;8048;0xf28f943c6535f02aec998eddcb158b058da89cc71439c5edc81b33689cd82c8e;0x4d3cfa1a6ce33464b9c84d4abdf3c9570183d41e9510b19d9b3dea3a51aff036;0x69a30a34;0x5ffebb08L;0.500000;1503116843;1503116843
0;256;8048;0xf28f943c6535f02aec998eddcb158b058da89cc71439c5edc81b33689cd82c8e;0x4d3cfa1a6ce33464b9c84d4abdf3c9570183d41e9510b19d9b3dea3a51aff036;0x69a30a34;0x5ffebb08L;0.500000;1503116844;1503116844
