1;256;8048;0xf0a6be0b5703b879dff52ce24d8e3966334b5e3d1fce86421a6b95f8b380e2a3;0x77cd2fc4eef11410f9aca87d6b95ee02441221a446a92e8e1ebe769eb1ad72cd;0xff6c31e3;0x46a92e8eL;0.500000;1503211299;1503211299
1;256;8048;0xf0a6be0b5703b879dff52ce24d8e3966334b5e3d1fce86421a6b95f8b380e2a3;0x77cd2fc4eef11410f9aca87d6b95ee02441221a446a92e8e1ebe769eb1ad72cd;0xff6c31e3;0x46a92e8eL;0.500000;1503211299;1503211300
1;256;8048;0xc49403a00acb2877ac07cf037342a81ff18c9c89e1f31f97bf390f44c0ca4284;0x4fbac43c1ecee69e872f6aff2a447df4392f947ccb3d6636a12113a69366da82;0x47c7b78f;0xcb3d6636L;0.500000;1503211300;1503211301
1;256;8048;0x47a637790eb5d0b07916da774fd53b5a5a686c5fcdaa2bbe52fd8ff5220fb269;0x4a7b5299d037666509a5ba54b4c35b768a7bae8c76dc2a5f6e0b95150989f76f;0x90dc49ae;0x76dc2a5fL;0.500000;1503211301;1503211302
1;256;8048;0xaa8acd07a2d9e9da3693050d28febfdcebf8a357c50ca455701f60cf410d47eb;0x0dc478aad8e2f30de0b4a80987db400d1b6e5226182a50711dd348fc80f351da;0x4bc0a1f9;0x182a5071L;0.500000;1503211302;1503211302
1;256;8048;0xaa8acd07a2d9e9da3693050d28febfdcebf8a357c50ca455701f60cf410d47eb;0x0dc478aad8e2f30de0b4a80987db400d1b6e5226182a50711dd348fc80f351da;0x4bc0a1f9;0x182a5071L;0.500000;1503211302;1503211303
1;256;8048;0xa2f9af3c2c0da95b924b464d807d5d5280c9bce98ace3f28cb71e1672c271acf;0x7d12a0c43a339b03353963226d7ee03450d101a1b071c0ba3d4b0ee9697014d6;0xc33ee1e4;0xb071c0baL;0.500000;1503211303;1503211304
0;256;8048;0xb1a4b427ce2b36f8c33d9f6f1dac26fc0400aacfb27fdf1c0e9285048afba63b;0xcc9bff9c67990bc58c4a9cf979fa88a6da4c4962e6175c9ad1c3fd303aba8731;0xc1e37c9c;0xe6175c9bL;0.500000;1503211304;1503211305
1;256;8048;0x61921241d08900c6388f0cb5169075cf38cd2452279633c7ea38d01917dcb279;0x1942f31140b3bf686e71fe5ab7c22ed7b7f3c059ba84a8701b739780b31db44d;0x44319957;0xba84a870L;0.500000;1503211305;1503211306
1;256;8048;0x46c03c87f59b7511c97d865ca0b65b8aef442ec2642fb5f4cb9d961272b994b8;0x07b6b7a21e9e2c780827141688e10e9cadff60ac2bb1d8897e55e9b8d58c4b35;0xec5a589d;0x2bb1d889L;0.500000;1503211306;1503211306
1;256;8048;0x46c03c87f59b7511c97d865ca0b65b8aef442ec2642fb5f4cb9d961272b994b8;0x07b6b7a21e9e2c780827141688e10e9cadff60ac2bb1d8897e55e9b8d58c4b35;0xec5a589d;0x2bb1d889L;0.500000;1503211307;1503211307
1;256;8048;0xb3375bf806ee89bb2ebd7f922dfad7f1c20572cbe4d83f191a0f688f259090d8;0x2ef190ae52c7456c79f2e0750ada829624cdde9a289e8e1298e6f38a6b218c5b;0x43934ed8;0x289e8e12L;0.500000;1503211307;1503211308
1;256;8048;0xb82856040db7748e5b1faf40abe69db80c98f044051444beaeefa71354eae90c;0xf1c0158a5532f249189ede37bae5be4d60381093742b11d9d0f4f7ab6476cc06;0xdbd2a247;0x742b11d9L;0.500000;1503211308;1503211309
0;256;8048;0x2a649fe8c512cc5e613d3fc27d81cc48e008ac5858a96a472cfd040105895b2f;0x9cb8b943eb023b727b7d97910dd35e3c2268313ccb24974e2f1e6082abca762d;0xe0a06b26;0xcba4d74eL;0.500000;1503211309;1503211310
0;256;8048;0x5436d040f90f1e94fc55076e674a13a3966f03ad8cfb704299e90040dc767a31;0xa9edcd48d002bc36359d3d4d4c4ca32333fe2d318e38f3c4b2d50fd191862578;0xf44898b8;0xf7fedfd4L;0.500000;1503211310;1503211310
0;256;8048;0x85a408f6934a13ed3793bf85c91893bf99d527f9dbb0bf2d741677d95fd08ee4;0xc33d998c31dfc489094623ee7949b2fa7a53b335b2d6005778a8cd1187683341;0x978c4cf5;0xe32d2457L;0.500000;1503211311;1503211311
0;256;8048;0x85a408f6934a13ed3793bf85c91893bf99d527f9dbb0bf2d741677d95fd08ee4;0xc33d998c31dfc489094623ee7949b2fa7a53b335b2d6005778a8cd1187683341;0x978c4cf5;0xe32d2457L;0.500000;1503211311;1503211312
0;256;8048;0xcd4009e993e5fa5b37197362c92bf8ec7b24b74fa2c25ba7ceea8b92d1826c9e;0x00290aab4f0aef6d84245808cd66583b93992bd107e85fabff62079ea7b65172;0x4b148fdc;0xdfffdfffL;0.500000;1503211312;1503211313
0;256;8048;0x2d54395c92a60d1b5242cb927484edb4d38d115816d6082a5bef55b9a6b758d4;0xa138d16357502c75a058e3a3bca2e81df6245b6589ba5cb87ed635f486c1489a;0x3b89dbff;0x9bfffff7L;0.500000;1503211313;1503211314
0;256;8048;0xd1fbb1e9c0efada5f7c4e643e9d3a367465208efcaee80d4670b317c2ab504fc;0x18c622016b1d7a9b9bf487e0172e6c8d752d68afc75840241d0865262a239462;0xf84450d3;0xc7584424L;0.500000;1503211314;1503211314
