1;256;8048;0x0d2ffda4d7201c403a4a936c8071072fe21fb6cfea031de3e0fcc2ed1a3e4527;0xf57bc4dd7e1fdfa34ffb56c62138917d6172ee1e760757e6238f5da9a50e7b8a;0x4d66ed9e;0x760757e6L;0.500000;1503157788;1503157789
0;256;8048;0x738f0a81acee0f3a76a423e1ed51e11b41c0a764340128d8816b66043da506b0;0x5707c3231725960444556368d0cc066f2daed7d97f67848dd9183f56885d22ee;0x1116e128;0x7f65cc8dL;0.500000;1503157789;1503157789
0;256;8048;0x738f0a81acee0f3a76a423e1ed51e11b41c0a764340128d8816b66043da506b0;0x5707c3231725960444556368d0cc066f2daed7d97f67848dd9183f56885d22ee;0x1116e128;0x7f65cc8dL;0.500000;1503157790;1503157790
1;256;8048;0xed88eba7c61c37a2a98908624ee6dc0f0af45f466c4b7c7187e896e8c8443cb5;0xacc4a37790b99e0e5c4e352c88af6dbd2b66f4f4d7a5a5bd3e4fbd96513cce5c;0xa84738c2;0xd7a5a5bdL;0.500000;1503157790;1503157791
1;256;8048;0x131355a063bdccb7c28b6ca374e4b7f64f8ff30d5e7ab876142f650fdcfad1ef;0xbc8ba04f1212c128dbf294b55663664a20dafb40ebba43137a24ea9aa4cd2588;0x6810695c;0xebba4313L;0.500000;1503157791;1503157792
1;256;8048;0x9d7ee87dc3b45fc66827338bc4dc014c14f77e693b01a3d7009abebd411498de;0x79db13894364fa48ebb9410e576bb543a98856125a57e08163d475700f32d5b3;0xe8e97fb1;0x5a57e081L;0.500000;1503157792;1503157793
0;256;8048;0x7d29502ac8b0db052a248275072bab9d1a90feb7ff8b781b9e12e88e7f881dfc;0xbbc3bd94650365dc61bbc0e3da8eb0b632328c3c55de2e92328cf86da31604ca;0x6447432b;0x51de2e92L;0.500000;1503157793;1503157794
1;256;8048;0xd93904a76ac828e01eaf10394e40ba7b46ba58b0434ba8ebebde692b0fb1f9e8;0xdd17306efebd8315b7f0987872c0b0acd6997b36a4fd521fd95cdad8ca8d4f63;0x8c327f81;0xa4fd521fL;0.500000;1503157794;1503157795
1;256;8048;0x07a515eaa9545260c3338cb35f080896ac0a5eb77cab651652f1ccfb2adaca31;0xd8199b5dd6b56822468f0cdc1601d2f4c7412b55e815e0fcb635e8aa44ebe5cf;0x14dc3cd0;0xe815e0fcL;0.500000;1503157795;1503157795
1;256;8048;0x07a515eaa9545260c3338cb35f080896ac0a5eb77cab651652f1ccfb2adaca31;0xd8199b5dd6b56822468f0cdc1601d2f4c7412b55e815e0fcb635e8aa44ebe5cf;0x14dc3cd0;0xe815e0fcL;0.500000;1503157795;1503157796
0;256;8048;0x2718895955b82844493a067b62cf00cdde7f1d164761db372a258fd284bbacab;0xfa4e935a5305a8da7b9198bafce7f9ac0137e017d060de570567be353cfc32c5;0x48fc3390;0xd060fe57L;0.500000;1503157796;1503157797
0;256;8048;0xea4fa30abad2855058940ea67467445eb8924811c3b171ce953eb8568ee83478;0x89ff09bb019cf63037521859906efe19706fc214726928ec7cf094600db66bbf;0xf1e86883;0xffffbfffL;0.500000;1503157797;1503157798
1;256;8048;0xba88e3acc6f60ab3d5cd4d64b3fae7af6101c8082db21da9c42da1a547d24c02;0xb8bd907558cab2146a5640e1cfb1c7b730f83a7deb6f6d3ead9924b0d7f4c58a;0x8f60e354;0xeb6f6d3eL;0.500000;1503157798;1503157798
1;256;8048;0xba88e3acc6f60ab3d5cd4d64b3fae7af6101c8082db21da9c42da1a547d24c02;0xb8bd907558cab2146a5640e1cfb1c7b730f83a7deb6f6d3ead9924b0d7f4c58a;0x8f60e354;0xeb6f6d3eL;0.500000;1503157798;1503157799
0;256;8048;0x70b0c2989761ccd28e64cdf07f3185d69eaad85efd84e8e67146a3ed8c228ffc;0xbbeabfc1a411a70fde7c69bb32b553f1608ac8820738ffa19808b61262304fd7;0x996df94a;0xffffdbe3L;0.500000;1503157799;1503157800
0;256;8048;0x94cb350ed9a5cd5546f25c2ad0cb167d27e61570cf143fdd6e3e95b45fd3c8f4;0x7918ac786acae30f4c1d1cf0f8e28fa90a084dc5dd0e26e19c3804176ec5e561;0xf6379c87;0xdd0e27e1L;0.500000;1503157800;1503157801
0;256;8048;0xdc6ff230a3249788b13c5a39ad484b5ae61b4cef020d4281a254f0ed577fa133;0x720884aebf1e2bdff0e1d99e8a03b6168ba6d8322a856170a27330e77c786055;0x08ebe7e0;0xfbffffefL;0.500000;1503157801;1503157802
0;256;8048;0x7f973a5e68170141ca2d4f46fd18c7e547d7d7ce9f53d0038cbdee7ecf30b94e;0xc4dc2e56ca0a22f8cc51ca001da6028319d75605d69d971d2853820a4459b715;0xf6e8e1fa;0xffbdfb4aL;0.500000;1503157802;1503157802
0;256;8048;0x7f973a5e68170141ca2d4f46fd18c7e547d7d7ce9f53d0038cbdee7ecf30b94e;0xc4dc2e56ca0a22f8cc51ca001da6028319d75605d69d971d2853820a4459b715;0xf6e8e1fa;0xffbdfb4aL;0.500000;1503157802;1503157803
1;256;8048;0xa59cc5bca30996804c9bb77ddbb676b370ef5c46495dd777cdb379b89bfcfe40;0xfadf5e1f83adf733810cda6054f28daca9d4101c118b15e19f3d4945d1370b51;0xc6a4f8c0;0x118b15e1L;0.500000;1503157803;1503157804
