1;256;8048;0x3342c0b04a4524124f0cffc7cef91c36dd3b3107462a8bcbd043dd4db7e8dfea;0x506d08508cf54b793ece7105d28255f32801e491d251072bc1287414f03d6042;0xca67f319;0xd251072bL;0.500000;1503229116;1503229117
1;256;8048;0xe05c353b5b3939bb18ea6ae9d67e8f0b9f4582f920c9e966d5228e0c6727cc47;0xb5591586173e85c4ddb0c4ae7476e89de9ae36b56e091e27ca80899efd083a09;0x7f9be0b8;0x6e091e27L;0.500000;1503229117;1503229118
1;256;8048;0x4f4d037168cd97a5b567fe90e93f2ed48920581e7d3bc66e890e926c1c79026b;0x89dc6cc849cd3a6db368f8979efd0edde8d653cfac1095a5b42b8ad4eb50ccc8;0x178c3a66;0xac1095a5L;0.500000;1503229118;1503229119
0;256;8048;0x6874dbc50449381b9faa55da772e1d1c1a1a8c2a781d1432f72885ded617993e;0x0b1753d22cc598112221184f3981543dbfab6258badc4d28837fcdb858319b96;0x51f10d90;0xff800ce0L;0.500000;1503229119;1503229119
0;256;8048;0x6874dbc50449381b9faa55da772e1d1c1a1a8c2a781d1432f72885ded617993e;0x0b1753d22cc598112221184f3981543dbfab6258badc4d28837fcdb858319b96;0x51f10d90;0xff800ce0L;0.500000;1503229120;1503229120
1;256;8048;0x85c9a5fc1b2e2555701ddb7699c4281ab8153fa29f831082fe8233ea03b75288;0x2cc71764ee14177187ac19d63e0cfda1f9844bde805f823805ab957604af244f;0x8d85b8f9;0x805f8238L;0.500000;1503229120;1503229121
0;256;8048;0x0ef1639b64a7d80135d03e8464ac0153360dd609e1ae977767f36ad9aeb4cebc;0x77cc528490211910c7c2b89dbd03815c9414e507bc8903c224e4c5de98d3bd86;0x450e41ba;0xbc8903caL;0.500000;1503229121;1503229122
1;256;8048;0x0a134bee3d856587cedab035c5e81daa65c825a0ffb008b125517a2d84ffce8e;0xee9237c90853a72b9a2c71b591a14e410ce1362989b193c37ab30ce2bae36e8c;0x89a9c55f;0x89b193c3L;0.500000;1503229122;1503229123
1;256;8048;0x21380904603aa2df8f9296fb5d4635b4a8e2468aa95669c635311898837b3ea4;0xd20c797b1600904e400ef712a16973bdd558a64e22118586e2cad310db6b63f8;0x9f65578d;0x22118586L;0.500000;1503229123;1503229123
1;256;8048;0x21380904603aa2df8f9296fb5d4635b4a8e2468aa95669c635311898837b3ea4;0xd20c797b1600904e400ef712a16973bdd558a64e22118586e2cad310db6b63f8;0x9f65578d;0x22118586L;0.500000;1503229123;1503229124
1;256;8048;0x5e6ddb45d9d7030ae6a90c6e496e8c8ed9edcf95204c47028bc938b6878e53e5;0x599ba0d24f047aa38ae611a85dbb382e018a334f1d4fc0b17b2a0cfc6e6ef60f;0xbd22f063;0x1d4fc0b1L;0.500000;1503229124;1503229125
0;256;8048;0x151f2996bc8d71aa08fdac6cb128291c1a747fd21dc8131895b07a06fd9bc212;0x5460c813f2ecd7cfe339a794e7df3faedc266f75e4b3e9288d9e33173a06c272;0x6d4812ca;0xffffffddL;0.500000;1503229125;1503229126
0;256;8048;0xa05d0c7fbdf5fb3e8f67b48e15bd4199a9aaca862b8b54aabf6ddfcb0c8006ac;0x28c8e50b882cc59366470481fb12ed8b4d55a7e83912bd6bc9c924d02fb2460d;0xf2c4232a;0x3917bd6bL;0.500000;1503229126;1503229127
1;256;8048;0x206320e4a0c19575ba9356e6e55f276fda6c952e6188e4103b339fd721416742;0x13c2c83cb66a3d3b72e8b786525c398796a8a2994418065520df13a6f1a7e309;0xb9ca612d;0x44180655L;0.500000;1503229127;1503229127
1;256;8048;0x206320e4a0c19575ba9356e6e55f276fda6c952e6188e4103b339fd721416742;0x13c2c83cb66a3d3b72e8b786525c398796a8a2994418065520df13a6f1a7e309;0xb9ca612d;0x44180655L;0.500000;1503229127;1503229128
1;256;8048;0x158120b5f8d80a3e4e7d516925eec2d46676ff573d3197d001b2f453f926cd0f;0xc5aa9194893304f2b4808102807d7d13809a965cf9312f1f6cb0fb66528ae700;0x761edd21;0xf9312f1fL;0.500000;1503229128;1503229129
1;256;8048;0xc2af31d7ee573e2a763464fd0b5d9f57b3de8717e9a3e9d7ab68b8ee02ab04c4;0xa01c353fc3e450cdc22e8bf553b721a8fcabe347d00a574c8026373497408bc5;0xccd5abe0;0xd00a574cL;0.500000;1503229129;1503229130
0;256;8048;0x1f3e60288a8f86e1456fcd54370f1f669d46758e4b7dbf82725d277da847b2c7;0xabe31d00d1a5b70ff75de5976058eea1aeae6e84fd8c257284b0c90cad61d310;0x31a0d5d0;0xfd8c2d72L;0.500000;1503229130;1503229130
0;256;8048;0x1f3e60288a8f86e1456fcd54370f1f669d46758e4b7dbf82725d277da847b2c7;0xabe31d00d1a5b70ff75de5976058eea1aeae6e84fd8c257284b0c90cad61d310;0x31a0d5d0;0xfd8c2d72L;0.500000;1503229130;1503229131
0;256;8048;0x5b05b0f77bf196a6aedd1f785067178b8b986cad41232cffe66a8ec82e15ce89;0x6b780ff169127863af619df6a4c87833bf1b3c76b48d5220c4b0bd9fe9b29500;0xfa9c0b0a;0x94124043L;0.500000;1503229131;1503229132
