1;256;8048;0xdd65e4cc531b4a40985246ede2e8af4140793025073d573e4a167fb23c69c519;0xce13600f154bfeddb42d6733c81cf464944794885994a4ff47123176ac8a52c1;0xd2b2fb41;0x5994a4ffL;0.500000;1503162569;1503162570
0;256;8048;0x310f0633210f87431f0ab48f958a07b12c21c656899f9b52a371d75568294099;0x9d51bdaaec19008a4f78b8329f10a13a2cbcaf7bd6fb78438f87e9a1e5f2fbfb;0x0db96d14;0x4040c802L;0.500000;1503162570;1503162570
0;256;8048;0x310f0633210f87431f0ab48f958a07b12c21c656899f9b52a371d75568294099;0x9d51bdaaec19008a4f78b8329f10a13a2cbcaf7bd6fb78438f87e9a1e5f2fbfb;0x0db96d14;0x4040c802L;0.500000;1503162570;1503162571
0;256;8048;0xdb9f09505c7418683013ccb4356970f82743845a51ffd6623cde963c7af18955;0xcb3c78e25cc9319aee49e1bf6429e2deef15b304c409a9f0554936cb093bd7d9;0x1a07e349;0xc429a9f0L;0.500000;1503162571;1503162572
1;256;8048;0xa75571a3372ecbde59d36a9247ac08e13bd258f70a4b246a4b3b321bc771fc6f;0x4a45bb6b6e9695b7b92de3e5270c2d606a6392313b23fdc8a4272e32dfc392b7;0x82c358e0;0x3b23fdc8L;0.500000;1503162572;1503162573
0;256;8048;0xb9bd7b69d95df503a100d4d9566bc1487e4387dbe117e2dbf350990cc18e597a;0x75952e6ca64504f0fabfdc444f97c98a7d2ffceef15b9820625d2cd68080a53c;0xea2bda36;0x62440a42L;0.500000;1503162573;1503162573
0;256;8048;0xb9bd7b69d95df503a100d4d9566bc1487e4387dbe117e2dbf350990cc18e597a;0x75952e6ca64504f0fabfdc444f97c98a7d2ffceef15b9820625d2cd68080a53c;0xea2bda36;0x62440a42L;0.500000;1503162574;1503162574
1;256;8048;0x3ece8642f7d276aca2dc2e2e987dea7c02e5e1c25830f036d01ef64a2f44b96d;0x47f2f0cda4c17f47261b0a5c39ed4579b02df3abec56dcbb6b5e6d1b2882d623;0x23b34a1e;0xec56dcbbL;0.500000;1503162574;1503162575
1;256;8048;0xcc58ef1e37b086457126586cc900ffce8ed7c4b57881cdfc75d88ced21926ded;0xf978756ac00f04a1982f048cc13710560dffcd89dcf7d25e5322c884cde0e28d;0xda53567a;0xdcf7d25eL;0.500000;1503162575;1503162576
1;256;8048;0x0a63d98a0513e54b77870bdc16d2b62f610877bb3b3a1f86921675ab176fbf21;0x4c9d07fbad508726ab648b9ddba64caa92072264de611631d9b9a16ca6824ff4;0xa21170d8;0xde611631L;0.500000;1503162576;1503162577
1;256;8048;0xe8de26bd56de0417025aed847cdcd044a608fdff0b3a7a158672baf7a5a1c88e;0x50b7ed4dc19f20de6696ff8394b6a49df8c372890c433dfaad7fefcd310772d7;0x9876b193;0xc433dfaL;0.500000;1503162577;1503162577
1;256;8048;0xe8de26bd56de0417025aed847cdcd044a608fdff0b3a7a158672baf7a5a1c88e;0x50b7ed4dc19f20de6696ff8394b6a49df8c372890c433dfaad7fefcd310772d7;0x9876b193;0xc433dfaL;0.500000;1503162577;1503162578
0;256;8048;0x724fd7f699b3cd03beba1cbf2324111fb56c7db7c056e5ad4ffd2d5fe3771b55;0xed9ce99ac9896a274af04b213aa082e59032d51476029c86d0764dea4271e3be;0xbefaf78a;0x76c39c86L;0.500000;1503162578;1503162579
1;256;8048;0x46733c3985d8ecefdd1393e93a54d72c6efbcc2de0af5119e2f7feebce998c14;0xb551877f4640b46640199dbc248a04268ae3f3bad0b08b50235a24ace22d971a;0xb2f35cbb;0xd0b08b50L;0.500000;1503162579;1503162580
1;256;8048;0x47283447c5ec3c1e54d10c1f5e31485013e73b8d1b3c800cb2e98d010a377651;0xb890074ac5762fdb2612bd25b95aa90625952709b9e30b680e8da1e773ce213b;0xf103376b;0xb9e30b68L;0.500000;1503162580;1503162581
0;256;8048;0x6fd07acb49ee8823aac9e9ab4fe2a3381378beb6495dd908e2974c6bf1543061;0x096e613e5bbd41b33137318eaa25107780c0343c8ebea8ded8fba35769fe074d;0x9acce0da;0xffefffffL;0.500000;1503162581;1503162582
1;256;8048;0xf8c4a0ed6832c3b434d06824572f8ca9b0be52de883c96f150d32f993e38cc36;0xb3af5b73c083a41b8834e57773627fd4362f81d6248936592b5c78ee96bac6a0;0x7c7cff9c;0x24893659L;0.500000;1503162582;1503162582
1;256;8048;0xf8c4a0ed6832c3b434d06824572f8ca9b0be52de883c96f150d32f993e38cc36;0xb3af5b73c083a41b8834e57773627fd4362f81d6248936592b5c78ee96bac6a0;0x7c7cff9c;0x24893659L;0.500000;1503162583;1503162583
0;256;8048;0xd42fc115bfaed1d65f209a2a4a0179221580e8f7f909c7e102a83d53062b68da;0x0631470d4088b47791274782e2109513893c0065b2dce2fa88ddbb300d33ac9e;0xd5317ceb;0xb2dce7faL;0.500000;1503162583;1503162584
1;256;8048;0xb93fa047443cf010c4fa71f3799358ab207c2d0f7c0c35b95930b0502f0769e8;0x54c22cd51bd4a73e1d213645be092c70e3453bb7609c547a4af2dedcffbb3a91;0xb6e8e65b;0x609c547aL;0.500000;1503162584;1503162585
