0;256;8048;0xbc1698eef093a52715c4286a9c9e106af48d4f41fc38de5ce3915946b0516f6c;0x0b9335eca503a6117207cef69bedeb0aea87f4829ac6ca0d7c98882a7cc450fa;0x35fa5713;0xbac6ca0dL;0.500000;1503186309;1503186310
1;256;8048;0xa6a79a436dc2f77eca8c5ede8ef7de604cb19b0d30f5cff955112aa054dbd0fa;0x7a200cf8d78c4731cc6204a5067993e9241bdefe9150e8ee1647b899eca40b40;0x6c3eb6d9;0x9150e8eeL;0.500000;1503186310;1503186311
1;256;8048;0xf1da7402bf7a14ec2be53cfb676c24bf5339ec0085897022e97aae7d936bb584;0xbd48a5d444828b3771f864ce4e2be5fe4eff04ee6847e20fa5d5238fdd9a7e4e;0x64dc25c9;0x6847e20fL;0.500000;1503186311;1503186312
0;256;8048;0xeb4c084610c12f383a0a54607c2c8fdf3a900f715924b794323454d07deccd69;0xbb93baa0066949acf7bbd4e52896f0c424479f4bee339bad972ceb5f86e7d91b;0x66d836ec;0xee331badL;0.500000;1503186312;1503186312
0;256;8048;0xeb4c084610c12f383a0a54607c2c8fdf3a900f715924b794323454d07deccd69;0xbb93baa0066949acf7bbd4e52896f0c424479f4bee339bad972ceb5f86e7d91b;0x66d836ec;0xee331badL;0.500000;1503186312;1503186313
0;256;8048;0x8a6d8a59e38434a62508331e319d4c5dabcadc85b608ed643f36e3a5ae966439;0xa145b61553c19e96fd112b9e5a96f02995902c91cf01befd58617e9c107e1f9a;0x3cdc884c;0xcf01bef5L;0.500000;1503186313;1503186314
1;256;8048;0xbb6bbb4eef9bc1c39d26a0bff7d56705769f5f7997b74c56375917531f5943da;0x42f3256563105dc417211350043ddd658c78305793c3376693a6fd14983c9da8;0xd7660e87;0x93c33766L;0.500000;1503186314;1503186315
0;256;8048;0xa14902aa2e984720cbab740d14aa87ef7a7e10f66a1bc391c8cfe6841eacdbbf;0x17db613cf5aa8d6545aef17fc45eb78cbd7c69dba5a3a4b06389bf54e075481a;0xf657e23a;0xdffbff45L;0.500000;1503186315;1503186315
0;256;8048;0xa14902aa2e984720cbab740d14aa87ef7a7e10f66a1bc391c8cfe6841eacdbbf;0x17db613cf5aa8d6545aef17fc45eb78cbd7c69dba5a3a4b06389bf54e075481a;0xf657e23a;0xdffbff45L;0.500000;1503186316;1503186316
0;256;8048;0xe92a5cb0db1a9ca3aa5547239b00f8bb496ba199a7fd729b4b57be0d2444940e;0x59b842c593affe7bbe4686cd9c4fa29aa9cbb004e9970c212778aef6cfbbea63;0xb9e33ecf;0x5fd103d2L;0.500000;1503186316;1503186317
0;256;8048;0xac374daecd74dbc6d4953601de9bb3f5f5d5dc8eebc5b650648ee280ae488f5a;0xe139fe35563efac2bc1154a283d8c61c134ac7a7d78a7de9a24ac6177ee62856;0x42472f6e;0xffff1772L;0.500000;1503186317;1503186318
1;256;8048;0xa0b3524d19fc5d3df5b1e4772909324e53979163c4654e85dfc31b2642fcc3e2;0x9558f9b88e7ed556bb89f147a420668e3d3f2306725e05cf9fca51c8c492464d;0xa19da029;0x725e05cfL;0.500000;1503186318;1503186319
1;256;8048;0x66f67bf3870a4a620efec3aa93d2e242a857b68f57e4502bc315ff2ff030c556;0x019258abbc57fb0f4cc6b52ad2841b4c4187113a11a05d3c4ae3f4e103a8e7aa;0x5fdabec1;0x11a05d3cL;0.500000;1503186319;1503186319
1;256;8048;0x66f67bf3870a4a620efec3aa93d2e242a857b68f57e4502bc315ff2ff030c556;0x019258abbc57fb0f4cc6b52ad2841b4c4187113a11a05d3c4ae3f4e103a8e7aa;0x5fdabec1;0x11a05d3cL;0.500000;1503186320;1503186320
0;256;8048;0xf14e45c94bb2d7a63a0d7666f4f329b166da27dc7c586817334cba8b9411ce85;0x1ff9952cb947e4f43194868a0f82bf0fc9dc24681e17c4286d4719236ea0cd12;0x9d6e9946;0x15251081L;0.500000;1503186320;1503186321
0;256;8048;0xc135133a11c325e69f74ff5fd6a119f7d749106448695e003bdd82cf5779e518;0x16fd12133b67a616db0b93781d7c445407fb0eaac0fa44531142fb9023caa128;0xf8280c2a;0xc0fa4452L;0.500000;1503186321;1503186322
0;256;8048;0xe950b0f127167a2d1b9747231a1562ce87617a30d0b7ace2e44783afcafcf6b3;0x83377e6e72d11e0bb1098977f6d2b62a5cd1f0885e37d830f6c4fe25e92a2a7c;0x824ad20b;0x1b260830L;0.500000;1503186322;1503186323
0;256;8048;0x7f843cec4325cd84b5c3b407f7ef15c6bab034c0f309f6a466bf59d296675215;0x483094b22165c2a31f8d32b93aad55132f21a8c6bdfac4b2d7fa163ddea43123;0xafd5f8f7;0xffffc572L;0.500000;1503186323;1503186323
0;256;8048;0x7f843cec4325cd84b5c3b407f7ef15c6bab034c0f309f6a466bf59d296675215;0x483094b22165c2a31f8d32b93aad55132f21a8c6bdfac4b2d7fa163ddea43123;0xafd5f8f7;0xffffc572L;0.500000;1503186323;1503186324
0;256;8048;0x4c74e51642c60cda19074930fb7b301cb361ed22758a1a9ace5696195bbb41a7;0x7ab514c05d1cf5876416a0db6d6946a3719ceb319aae70e0daa9d4ef9d3f54e4;0xe814d1f3;0x9aae74e0L;0.500000;1503186324;1503186325
