0;256;8048;0xc207ae1322164293b3693acb23b36d4bc60b1f1fb99f1c2db4252d4e95e38857;0xbee242487e7fbdfd39a3883ec5355533e5cde4b7da5f020b2a97633e34e79d98;0xf16aa617;0xffffffbfL;0.500000;1503210093;1503210093
0;256;8048;0xc207ae1322164293b3693acb23b36d4bc60b1f1fb99f1c2db4252d4e95e38857;0xbee242487e7fbdfd39a3883ec5355533e5cde4b7da5f020b2a97633e34e79d98;0xf16aa617;0xffffffbfL;0.500000;1503210093;1503210094
1;256;8048;0x568cebbce8cb0b0b0568b82013c42450c01a61efabebe656541e71612ae48a81;0x596ade5dec5773b5aeb36140e8b4209e6572e85ba0a20f3c6f2632604640839d;0x927e15bb;0xa0a20f3cL;0.500000;1503210094;1503210095
0;256;8048;0xe860ceda5d024dfee65842100f576535c1ba8c4f96b68edaa35beee1432fbd2c;0x2ed7832edb0d2fd85fd5113686ec02f9b2225a9cc081bcce22d29284a08fbde1;0x945e097d;0xc081bc4eL;0.500000;1503210095;1503210096
0;256;8048;0x4f8dc84b3d0f6f7c158ca6b407acb723091e8d715bb2b2b4a3d606c38e23f6dd;0x9d322c2c4942d4af75a7e2fd1bd52bab130d3a4145fb0fb7ce1098d51f1b9cea;0xf9b2ccde;0xdffffffbL;0.500000;1503210096;1503210097
0;256;8048;0xc6096b70b8e9d8139587d37ebae60ba311fe229c7d4b274b01dba34e18faffde;0x5827bd11031955a1ec84a5d5e3e0409d33f07da03ad864169ba036a106f46ffd;0xd1467576;0x3ad86436L;0.500000;1503210097;1503210097
0;256;8048;0xc6096b70b8e9d8139587d37ebae60ba311fe229c7d4b274b01dba34e18faffde;0x5827bd11031955a1ec84a5d5e3e0409d33f07da03ad864169ba036a106f46ffd;0xd1467576;0x3ad86436L;0.500000;1503210098;1503210098
1;256;8048;0x2d36392ebce0a0341cf8ba70b4c2e7fed41acfc355516eb992ac6ce8b8f445e5;0xcd2cdefc7c4b99be84ec57c4b839870b38236d15fcc386585c672b6c7cb7b780;0x2379f0d5;0xfcc38658L;0.500000;1503210098;1503210099
0;256;8048;0x5460044320bd3844d92a551fa67ea652e2d346a5ff3873d05f9ad67754b286a9;0xa86da5bec6e431d80daac4111829e40afb142e47a8ae9c04402c214d81eda15a;0xc9a7efbf;0xca441211L;0.500000;1503210099;1503210100
0;256;8048;0x5dff5681b0580427b4217f998196cc479437cec8d2506068c6336fc748f862a6;0xa7752d28ff18e68709a2e0b2f373fbea076eaecc7c2e5504fbd1eeb80ac5af39;0xa8d95472;0xd0b6050aL;0.500000;1503210100;1503210101
0;256;8048;0x0e254f6a3df39463eef57afe6c9abae13273897d3ea27b3153dffa89bd4c38cb;0xd4476b4bb5d90bd9b7823cb74d0c2c80ff976a4947c64edeeddd1ce2d0b15ea4;0x007e78e1;0x47c64e9eL;0.500000;1503210101;1503210102
1;256;8048;0xf7fd50fb39954de60f641b5c42dfbf850a447e1ce08047a8ed0288b2734b826a;0x0e565450b5a6d7d428fcf6180e899466be70ada2062415f1ed901da62cbb45a9;0xbdde68e1;0x62415f1L;0.500000;1503210102;1503210103
1;256;8048;0x12faf3055384c9211be2e10249188ff3ef793b6ce78e58d38393a4da76780388;0xbde42fc6535c2af24820c9619101ab8b42b142d97d6f0dd4c0358ee85cee4574;0xc622017e;0x7d6f0dd4L;0.500000;1503210103;1503210103
1;256;8048;0x12faf3055384c9211be2e10249188ff3ef793b6ce78e58d38393a4da76780388;0xbde42fc6535c2af24820c9619101ab8b42b142d97d6f0dd4c0358ee85cee4574;0xc622017e;0x7d6f0dd4L;0.500000;1503210103;1503210104
0;256;8048;0x2b7703cca7c82067dc49b7edc2082ba2d923d025f5ae8fe73a59128403499c2e;0x3bfdbbbf05839f9a95f5d35c035914da04db06eb3c453e8c31b19e864c46382b;0xe1228948;0x3c453e88L;0.500000;1503210104;1503210105
1;256;8048;0x3d5a11941881dea1734e183ff74f1ee70b58099451274f92271ddecca5c79ce2;0x67c77ee3458c3db0712c918644b587e4ce685a9cf88a5b9d7ef258a6df2b457a;0x2edcf1d6;0xf88a5b9dL;0.500000;1503210105;1503210106
0;256;8048;0xbcd7d001fd35ad50ad593ea38542ba841bce6307efe8883a15cb8dae0859e1c5;0xb8c12f4ef80f8578fe8fbe12d987ea83cbfc0452c65280054857515e21418d4a;0x6593b4e2;0xc6528025L;0.500000;1503210106;1503210107
1;256;8048;0x28db11cd6220ca1ed46c60bce4485b33d0f62ea7c714df20087d2aa61935d641;0x878a4f0606833eaf8c91ee3923d90656341dc1f690771184a8ea110e00782980;0xc4ef7a49;0x90771184L;0.500000;1503210107;1503210107
1;256;8048;0x28db11cd6220ca1ed46c60bce4485b33d0f62ea7c714df20087d2aa61935d641;0x878a4f0606833eaf8c91ee3923d90656341dc1f690771184a8ea110e00782980;0xc4ef7a49;0x90771184L;0.500000;1503210107;1503210108
1;256;8048;0x3b4c8ec2ea21586ce5bfab0a82d2cddc7d4117d2016ccb359bb6c97cdaf39015;0x76b19d0069ad8ff9394e40ad77bcaa155a7e9a9d266df02e9574305bb265ccc0;0x95eca7ba;0x266df02eL;0.500000;1503210108;1503210109
