0;256;8048;0xd41f1e37a56030343e3b55b0b208382c1810ddcdf6f95cf1d31619a82122f1f5;0x1b31ff46d06f438f7c0c7c101c5d0235258ef6766cda3636dafbfb1959aab021;0x6c59d00d;0x2cda3636L;0.500000;1503193441;1503193442
0;256;8048;0x8c5c0a2c250a3faf6fd5e0c392a1c3e92b8cd96606948bdeaa4d779d64b3c1f0;0x3bbf081215d14268e064da1befea0d3845099aceb0f0f0d23927152150fcdb5f;0xafbf8154;0xffffffffL;0.500000;1503193442;1503193443
1;256;8048;0xcfcac3cbde470af787df588098b4ffb87640e87a5aaa00badea5082351769720;0xd2072a6263ffce7d3a4a74bed53afef1d4e30fe879968dc36fe2d9510edd1192;0xfcb9032f;0x79968dc3L;0.500000;1503193443;1503193444
0;256;8048;0x52e49a5964ee4bf3b019d6208f2d60223591bffa8b51020cf60853fdc3aa1615;0x5d076239fd89505d15f8c66b4e43376931020fc5e8aa18d87c8ebd4a151dc410;0x319c7758;0xffefffffL;0.500000;1503193444;1503193444
0;256;8048;0x52e49a5964ee4bf3b019d6208f2d60223591bffa8b51020cf60853fdc3aa1615;0x5d076239fd89505d15f8c66b4e43376931020fc5e8aa18d87c8ebd4a151dc410;0x319c7758;0xffefffffL;0.500000;1503193444;1503193445
0;256;8048;0x498e448713934e5e1f83d676ba434aac19bbd6419e8896416754ee78a97569f2;0xb7987be45dd16db913dd075d4866f8a7f55bb84659081aad1e6f101bd32c55d5;0x2fba8476;0x59481aadL;0.500000;1503193445;1503193446
0;256;8048;0x58228d7c87b5d1205ad61327cbedf05b96a6d1f46a3ceef22c3d58e75fbfd4b8;0xb2fb52ba0c722f513707c9e135225c8a275261ecc862d58d0e573afa0b0c3a7d;0x7a071b8b;0xc862d5cdL;0.500000;1503193446;1503193447
1;256;8048;0x21daab7a2895a0b73d6b947071531a122709be8ca0a5b110bd23baeec39725e4;0x8a82e5a0814db4a2e298c1b08587d402411d66517fc049db735b8676de700af2;0x95dc7996;0x7fc049dbL;0.500000;1503193447;1503193448
0;256;8048;0xeb425528d0a7e666377c6d8a55d8a3961ab3ccbf8322195ef37f7e8c035c1fee;0x9230590d841d03d906f9035ce1666c8614fdc16d185bc131e76204fe86bc41d4;0xa3b41556;0xffffffffL;0.500000;1503193448;1503193448
0;256;8048;0xeb425528d0a7e666377c6d8a55d8a3961ab3ccbf8322195ef37f7e8c035c1fee;0x9230590d841d03d906f9035ce1666c8614fdc16d185bc131e76204fe86bc41d4;0xa3b41556;0xffffffffL;0.500000;1503193449;1503193449
1;256;8048;0xf0744bb0253569c726fe5d1186477f42ab43e09a9ff2388a77e9372cb738c5a7;0xe8acb8110976fe611aa558024af7b71f2706d7eb2dc541eb59dea8ece4c05f10;0x77ba06ad;0x2dc541ebL;0.500000;1503193449;1503193450
1;256;8048;0x2dc1f9ba2ff000480968bdb3582d42478a19f6af2c25b7d54ee7b1e2f53a0322;0xa8d3fd831570fed639258b1b769e7a5b176ac065dab76db8c4afc03335c7ae30;0x789892cc;0xdab76db8L;0.500000;1503193450;1503193451
0;256;8048;0xd2f4f5af2a83231ef71659271d54a7017fbd87f0c0461293f79cac49c6270e98;0x4936b1b07dddf7bf4e56524c2d8b523143c1bb034fee6b1645855d891c0f6480;0x3419031c;0xffffffffL;0.500000;1503193451;1503193452
0;256;8048;0x7b020ebcd5b3d06ee0ce11ddf1a1d4d2775047b57a228d4d829b09382b21e7a7;0xe81d11f415af56ab8dbc82f94f2382b141a2580f584e9ac556885660fca3c971;0x82fad1f9;0x594e9ac5L;0.500000;1503193452;1503193452
0;256;8048;0x7b020ebcd5b3d06ee0ce11ddf1a1d4d2775047b57a228d4d829b09382b21e7a7;0xe81d11f415af56ab8dbc82f94f2382b141a2580f584e9ac556885660fca3c971;0x82fad1f9;0x594e9ac5L;0.500000;1503193452;1503193453
0;256;8048;0xc252d57999e0eafd1cb3929603a4194815b0a5578619ffb41d3485038bc07d4d;0x28b760c20d337f3e346f876d3d76a824d138bdfbb2fc0bb3e47875028cd62d60;0x5038deb3;0xf2fc0bb3L;0.500000;1503193453;1503193454
0;256;8048;0x27c3fcdbf3e1b2a827ef9f00dc601b317e991f2bd4e525b632cec83e720cd399;0x83a39999cbc4625f978696ac3f2f3606447b9d9ce30ab0a36cf2d940be7715c0;0x68e3c53f;0xe31af0abL;0.500000;1503193454;1503193455
1;256;8048;0x7caccb766ab99d6d44ecd1eb329bc2557531190f6cd71e2358316d99d1eaab4d;0x7b4f4912974aa3a89698fe0965dbcc722447bcec94404342a93e46f5b49c0bae;0x936a5dad;0x94404342L;0.500000;1503193455;1503193455
1;256;8048;0x7caccb766ab99d6d44ecd1eb329bc2557531190f6cd71e2358316d99d1eaab4d;0x7b4f4912974aa3a89698fe0965dbcc722447bcec94404342a93e46f5b49c0bae;0x936a5dad;0x94404342L;0.500000;1503193456;1503193456
0;256;8048;0x966c03236f6ee72db30f3be1e7dd3c7e71f49f976e59d9409078fea10393e599;0x97769a587955192d24cdbb1a59ac26a3d35640d201c3e0e2e0e91be8af74d79d;0x0e21bdc1;0x1c7e0e2L;0.500000;1503193456;1503193457
