0;256;8048;0x38262b319862a10f94740e535ae627a46ad082c636a13d69a84ad6f5c42aadfd;0x8ad641b65d229646bd2910917609c56d1e4a202eda94f3aeb1094bae925e7b7d;0x28950d8e;0xda94f38eL;0.500000;1503106657;1503106658
1;256;8048;0xcf2f35e0d18905e56d045f27d3d99abe48875f8013ffc2a5eda74a3eeac84ab9;0x6f1c8ecc625453d200ed1326329d05bc4fe60e5d27219dab8442acd6ccab3085;0xe3e75707;0x27219dabL;0.500000;1503106658;1503106659
1;256;8048;0x4639c1de9760242d20184b814139ac28e14a663004a373f78bc5d9a1968d22dc;0x2cbe03d97fc62ae41c6cb058296da0a9ee40cc0ff4d7375a14b330ad673efabc;0x3cdf2bdc;0xf4d7375aL;0.500000;1503106659;1503106659
1;256;8048;0x4639c1de9760242d20184b814139ac28e14a663004a373f78bc5d9a1968d22dc;0x2cbe03d97fc62ae41c6cb058296da0a9ee40cc0ff4d7375a14b330ad673efabc;0x3cdf2bdc;0xf4d7375aL;0.500000;1503106660;1503106660
0;256;8048;0xa9f9455514b9471415d426ee057982aefb3eade195c69aeea9ebca72b344385c;0xfd80f241da95ecca5a1d6a09c9fc52f16b57249ddd80f451381462705be461fc;0x450170c8;0x9480f451L;0.500000;1503106660;1503106661
0;256;8048;0xc65b9843eb62cad1871915b9dd1e013138e172593c57c36cd70568d451c81e17;0x2ca87062bf683a17805a62723be860896502e6e0ca4d8f76824bc15e53ffd2c5;0x35bf65d0;0xca4c8f76L;0.500000;1503106661;1503106662
0;256;8048;0x5bfa18f849263171b5ba2aed54dd7a3841e513392e6e00f2865cfb33a9f23604;0xc5a5e7913cec59a3503c71b7df380def727ec5e9d0abd47a541fd1bc5ec78054;0x1d02c4de;0xd0ab547aL;0.500000;1503106662;1503106663
0;256;8048;0x98331d6bb7cfb5bb48fa5d54ee90728a0ea2373d0fbe67662fd7e99ec3c64e5b;0x94e605d5732bb8be6b0eba64f1fe89950f2eae952bb9b932895d075be9923ea3;0xc9602d7d;0x2bb9b912L;0.500000;1503106663;1503106663
0;256;8048;0x98331d6bb7cfb5bb48fa5d54ee90728a0ea2373d0fbe67662fd7e99ec3c64e5b;0x94e605d5732bb8be6b0eba64f1fe89950f2eae952bb9b932895d075be9923ea3;0xc9602d7d;0x2bb9b912L;0.500000;1503106663;1503106664
1;256;8048;0x903fb667ca5296fa8fff1270a72e143d13c1c9546bdc96e48e7118635f5848f0;0x218016b1095d1a026226e4d3ab4a1416d27bbdafab0109589894689c07c97f71;0x0c466e89;0xab010958L;0.500000;1503106664;1503106665
1;256;8048;0x3f3598dd671a49e2fb5c9339cf40d0d038557760b359c4553053770e5c0b039c;0x157604aa4da37d12ab1180843b1aa96a1def74198de8ce9880c62b2b26d603ac;0x08368f2e;0x8de8ce98L;0.500000;1503106665;1503106666
1;256;8048;0x97b8dfc21491f452b2aac1dba9267affa8a26c59e9803a8afed1e881e900d680;0x5fc91ce266fdc9b45cc21496c5e6fdc4ee078962313de9e1970c7d60bae6ba97;0xd2a05732;0x313de9e1L;0.500000;1503106666;1503106667
1;256;8048;0x71cf4c41a7fee4555b84d35afd45750301fbbfddaf0167b3ef268d5a8eb8dcff;0xd043633fd342bc7a24a67c8a6821351e37a5c8589bd893270f39b271085fe27c;0x1fbf13b8;0x9bd89327L;0.500000;1503106667;1503106667
1;256;8048;0x71cf4c41a7fee4555b84d35afd45750301fbbfddaf0167b3ef268d5a8eb8dcff;0xd043633fd342bc7a24a67c8a6821351e37a5c8589bd893270f39b271085fe27c;0x1fbf13b8;0x9bd89327L;0.500000;1503106667;1503106668
1;256;8048;0x70acbf6c6b64c22a503b1c454be1df639b89340c25f46bbeb6e2bea005ce9975;0xdd6f8e41f82e8572452b7faff99c5fb1d5fc942b8e14164df5eb94739b9cda22;0x56a5763b;0x8e14164dL;0.500000;1503106668;1503106669
0;256;8048;0x0f9c21e61edf610071596eb779ca94456576cc5311b1ce06fa7f728449de0658;0x1f55abef9e8ead48bdec0bbe61a97f78c648a67c267e67362f5db58f28c1e543;0xb37c2280;0x267e6f36L;0.500000;1503106669;1503106670
0;256;8048;0x9e1e7ece21fb9bc59bc1fe01390c14ce7fa0d85d7b3468ebea39502e9d92d43c;0x36903152979e833f9574f82495171396cd190e8d3bb504d789eaf52039647089;0xefed17c3;0xfffffffbL;0.500000;1503106670;1503106671
1;256;8048;0x9d31e1699278c438ec9514882b986889761bf7f0149893826045ba345bc461f8;0x9fc7a80a3f8df5f145a1e3d68e07b580a9b50abca70d2e39b44d4bb7203084cc;0x97bebc7e;0xa70d2e39L;0.500000;1503106671;1503106671
1;256;8048;0x9d31e1699278c438ec9514882b986889761bf7f0149893826045ba345bc461f8;0x9fc7a80a3f8df5f145a1e3d68e07b580a9b50abca70d2e39b44d4bb7203084cc;0x97bebc7e;0xa70d2e39L;0.500000;1503106671;1503106672
0;256;8048;0x745e683d275165e203c8ce291dac4f0e0c9284577772532e87e2707a0b5f487f;0x35b1e2aea9864a1ec6570d242ebec711ec7791039d8b17ae7545c5d5d61d319c;0xc9af884a;0x9d8b17eeL;0.500000;1503106672;1503106673
