1;256;8048;0xe9597c5436c2ce38a6a96a7e6eda47b582d0b112521edfc8ae24a99b8405116d;0xdeacfb67d76fd9a8910a988df667dde8b7e9dc615e1076b7e1f0cf3b7ef6b98f;0x1598aaf3;0x5e1076b7L;0.500000;1503092554;1503092555
0;256;8048;0x703c368545362e4843a895a5105c64cebd376d4f450c405442ab4afa5497e6c4;0x064696081bb4feab5bef30850bbe7c02001d69b8cd0f2d87cc6fce6ecc6f1ce7;0xb51da650;0xcd1f2d87L;0.500000;1503092555;1503092555
0;256;8048;0x703c368545362e4843a895a5105c64cebd376d4f450c405442ab4afa5497e6c4;0x064696081bb4feab5bef30850bbe7c02001d69b8cd0f2d87cc6fce6ecc6f1ce7;0xb51da650;0xcd1f2d87L;0.500000;1503092556;1503092557
0;256;8048;0xdbe21a887bfd4d665e8e4161a086d6e30ecf33f776fcd5fbcaae5ecf84271d5f;0xa2c8d25ed73b7a0528474edbece758f7b8ac5012cc68e2e5e10a1a4cf13b42c0;0x1b8d6a3a;0xcc68e2a5L;0.500000;1503092557;1503092558
1;256;8048;0x670590e1d344a9fd5609939a9f90f0ec592674a1195711c957810fec6b0170d3;0xc5e1b898d6131982718fe8ea451411f8e5978ee989aa10784e8caf3d819e7fa7;0x012068f3;0x89aa1078L;0.500000;1503092558;1503092559
1;256;8048;0x5328403c1e03fb58d360484dea86f623f659ad6dde7437d91eed3334bba4310f;0x5fcdd1be185aa6f510921c7846ee1c6dcf7aa2cd735588589568e471be7bf391;0x282c4ad9;0x73558858L;0.500000;1503092559;1503092560
1;256;8048;0x0f24c611cf56faec2e777c3777196c29eead87e986930f8986730dbba98a0fb8;0x0cbc807c94050aaba8fea79bfa3edd9912074098a1348eb29d03015fc7741aac;0x07ec5dfe;0xa1348eb2L;0.500000;1503092560;1503092561
1;256;8048;0xbbabf6d85a3b8339835ab7f6f6d583af296b62bdc81c75613bd383025cdcc818;0x64d4794757c0c4352cb9662aa6fbb2a63419a0355bd74f754b8d3f1e62721a54;0xdf386859;0x5bd74f75L;0.500000;1503092561;1503092562
0;256;8048;0x50b8349ce03c794f4bda97e9da28ad510e7700c117b7e1b50b87e68cffa9d44f;0x73912327d05fb554579a1a3d904f52b1979352776a305fd081a82ded64c1e4fa;0x028a1952;0x6a785fd0L;0.500000;1503092562;1503092562
0;256;8048;0x50b8349ce03c794f4bda97e9da28ad510e7700c117b7e1b50b87e68cffa9d44f;0x73912327d05fb554579a1a3d904f52b1979352776a305fd081a82ded64c1e4fa;0x028a1952;0x6a785fd0L;0.500000;1503092563;1503092563
0;256;8048;0x356137a698e6a1d1357967d56278ca108d74df5a7bbc841dcdc5631cc40d36fa;0xf762c7a11b0aebbf946b8a5acf5c7bf95ce6b5b01dc1200f62a0ff196d377109;0xf2a4e8d8;0x1dc5200fL;0.500000;1503092564;1503092565
1;256;8048;0x8c69be51d3a10afc6f83fd8c2ce285b9188b120d62c86320220f69fb2516bbb1;0x22a0877e4f2fdee1b7abdd1dd9df84cd64fe68b1c0762654889fea01fd577b82;0xb4e48c07;0xc0762654L;0.500000;1503092565;1503092566
1;256;8048;0x2dd17a07190e5bebf2bc6775a8ca6bee95098fd5eddf5f25c42a612744acda71;0x12eec908583d844a991548a203bbdd07a9c6de237a5cdca5692d5f187bfb264d;0xd0b06595;0x7a5cdca5L;0.500000;1503092566;1503092567
0;256;8048;0x35f53481e50cc824f6251f6196bbf1af258be93e9f7ac3de3f3a29a911bd0146;0xb69e547126e9967c75aabef669291537f234f04fd3777f9a3cdcd43904c8a3be;0x529dfa36;0xd3777fdaL;0.500000;1503092567;1503092568
0;256;8048;0xf753b07dd3c81b5fd052db9cf50af21db824b42eaef1b6d053b618e7d2d745c9;0x4d8271a0a7b8efdc42be8246d81b1221795e75d1773e0dddd286604c9ece47bd;0x25e737d7;0xffffefedL;0.500000;1503092568;1503092569
0;256;8048;0x8d5187f39d71fbe84500f0508a622654d72ad97c7544d23b6e20d46c1259229f;0x28178322631a48cd8a8947f8a5726887c2e1b3f021344af682d186578fb1b99f;0xa03612c6;0xfffaffffL;0.500000;1503092569;1503092570
1;256;8048;0x4ac90ed506284e92be1e5723d632f6210f7195cf0eebc1438b1d8b63e6bdff30;0xa09eb58992ae7e7787fd09cfa40954a1aff8b9cd0b27ae1241222951e86421fa;0x6967f4c9;0xb27ae12L;0.500000;1503092570;1503092570
1;256;8048;0x4ac90ed506284e92be1e5723d632f6210f7195cf0eebc1438b1d8b63e6bdff30;0xa09eb58992ae7e7787fd09cfa40954a1aff8b9cd0b27ae1241222951e86421fa;0x6967f4c9;0xb27ae12L;0.500000;1503092571;1503092571
1;256;8048;0x90adbaf701d173c55980507bbf9bbc936c36e1b466278658108a857850be6ee0;0x5ac9f8448cfc8877be4c8370da4167d6dc32911467ba68c56e03c381abd1ab6c;0xbd32e401;0x67ba68c5L;0.500000;1503092571;1503092572
0;256;8048;0x044f811d6007822acfb0f63bd35dcfc3d5fc0df59286bb344c2e0abffdac9701;0x2ce3d79a8266b73386aeef24d51d8191cc0bee19528fd98f4ef94709915b754b;0xb8e0100f;0x768fd98fL;0.500000;1503092572;1503092573
