1;256;8048;0x4b4c0092d38378fd6d9e706b27efc72e5946c3aa7c20d12bde5acf103cab1687;0x74e3899b463cc51497ab61bb13a76406a0f90239af47673bd6002d286472164f;0x7a745d18;0xaf47673bL;0.500000;1503109245;1503109246
1;256;8048;0xd08447662f839df5cb0460ce5228074b1c40a6dd0413bbb4d9b97bd2c2987f92;0x7779bec8b91babeecab399f35487872e6218368daaa7f1ba3065fca93988a1b3;0x96b82f60;0xaaa7f1baL;0.500000;1503109246;1503109247
0;256;8048;0x9b1b4c08d3029aed54e1a9bf0963a2550e249d28f56de7e74a7b5cc176acef11;0x4af04ba953ff2b030a93755c755eea99e012a6419e6da8570dc7185675c27cb0;0x0d01ccdc;0xde6da857L;0.500000;1503109247;1503109248
0;256;8048;0x12a92ccf7c71a02e1969733ba3e8f6a3b9295091ea51fdfc4648599c884ce19a;0xcef0c387029b42537c079ad2f21b544d07c6ad149fcf8096803a839486bcda62;0x630ef4f0;0x9fcd8096L;0.500000;1503109248;1503109248
0;256;8048;0x12a92ccf7c71a02e1969733ba3e8f6a3b9295091ea51fdfc4648599c884ce19a;0xcef0c387029b42537c079ad2f21b544d07c6ad149fcf8096803a839486bcda62;0x630ef4f0;0x9fcd8096L;0.500000;1503109249;1503109249
0;256;8048;0xb219bdf39b1ce1f7711896c0a24f4838d9540ae228fed51d47cd3c4ac9bd5f7b;0x23d33047732abf6f6f2ade8e538a3588ef061ef8deb3f8e276913ce48e4fb460;0x6f1ba1ab;0x5eb3f8e2L;0.500000;1503109249;1503109250
1;256;8048;0x437bd8b5ecfd017bc2a7143db42ded6636fa4693c05f631404494c670a2c5c4d;0x29474292a4bf5826e1e2a83756f260abb079bce044616935aa305614a4fbcb2f;0x13f0fe97;0x44616935L;0.500000;1503109250;1503109251
0;256;8048;0x88a229b6573911f5442583cdeb4a9c7521ad8c5c3598b7e5fb500cf231a510ba;0x14d04f4710a285b6585477f4039dd6f325d986c34fdd2c36f95a477c21f5e88e;0x7a8c1a1d;0xfdffff7dL;0.500000;1503109251;1503109252
0;256;8048;0x31c77cfa2f12efcea4470797c2f00a9c851f5556cfe01ae729c375cdbaede6ec;0x1d69e30c4a735ccf2add0485a32fb2d54e900987976da4d47b1271273f49bb5c;0x1eadad18;0x976fa4d4L;0.500000;1503109252;1503109252
0;256;8048;0x31c77cfa2f12efcea4470797c2f00a9c851f5556cfe01ae729c375cdbaede6ec;0x1d69e30c4a735ccf2add0485a32fb2d54e900987976da4d47b1271273f49bb5c;0x1eadad18;0x976fa4d4L;0.500000;1503109253;1503109253
0;256;8048;0xdbb75f94d0ecacabe58db517662c9cfbe3e69412a23fdc81e53ffd42132c7bee;0x91a9275d2d44d2efbcf58f5604061349ffc1fe02a84f06a190682c89f7be6eb8;0x0e11a391;0xa8cf06a1L;0.500000;1503109253;1503109254
1;256;8048;0x3a4a30835df81d7d53725f8718905157254bd66048719866c513b6d74a69be84;0x0763579ab347bc6e7ee2cdba107931d587fd82d5f14fb40aa9034d6aa6cf5b8f;0x8517bbc9;0xf14fb40aL;0.500000;1503109254;1503109255
1;256;8048;0x2f5d3ba148e6ca85adbbb6e9bbd32a25e0974659805448c39a65e6dd19bdbc48;0xe1e441867ec716e8138032ab4949ad609c47592d46c3a230845ceeb401f8755d;0xf94c4ee6;0x46c3a230L;0.500000;1503109255;1503109256
1;256;8048;0xb00a1231164c877de6962f20449c01e0540d4011f30bfa682caae036fc9c67ad;0x2bbd3fa87ac08fbe945f6ccd1bc323e051b573a3d3b2ce3155b2d22d691c5e85;0x24ee8312;0xd3b2ce31L;0.500000;1503109256;1503109256
1;256;8048;0xb00a1231164c877de6962f20449c01e0540d4011f30bfa682caae036fc9c67ad;0x2bbd3fa87ac08fbe945f6ccd1bc323e051b573a3d3b2ce3155b2d22d691c5e85;0x24ee8312;0xd3b2ce31L;0.500000;1503109256;1503109257
1;256;8048;0x191357acddf81a5bb42a356ee9abbeca611982bcfcf430819760954e4dfa0f66;0x7c97e99442f5a4fdced8ed00c17187f20181ad76214bb139fa11d9af663f9d9f;0x59ec4c70;0x214bb139L;0.500000;1503109257;1503109258
0;256;8048;0xba5e9637e74493f50fe43ed59b2e44b93fabf8038cd87c5607abbc7916f5ced0;0x42e506a2a6be31ab23936e70bfe97ea49363759a6bdeceda8fb84ea416aa7a01;0xd1b42548;0x6b9ecedaL;0.500000;1503109258;1503109259
1;256;8048;0xac9b17d7b67887f6e8b9351f9a385bc68cf9b7fc169b5c44d7088a137ed2262a;0x13f810f6fa83e9f9abdf00c47d51d404fcb4bea353b4c18c454983cd5bc6d282;0xf2209979;0x53b4c18cL;0.500000;1503109259;1503109260
1;256;8048;0x2c78dd3efac6bf1df80ff31eec9033b927790e65139e59e2ea70a1dde4d51510;0x48b0061764d97f255bc7dc7bef8c7e045ffa164bd51270ef6c4e722b54e66a20;0x25a63cd7;0xd51270efL;0.500000;1503109260;1503109260
0;256;8048;0x6e2a8b3bcac68057dc841751f81897693489a19b6aacebfa56bec96f15622a84;0xf6889169eef886ee58c87222f9d284692ea375ce07a2d3042e775a3c176da244;0x31b3ebbe;0xfffefffbL;0.500000;1503109261;1503109261
