1;256;8048;0xbcd8b0612f77f5647e3407bcba053f3615e4da8701d0a05e1026b3136189fb1e;0x80e66f087a88d11e52d17aa74bbb3653ff7a753e4f778a504d2f0610f97bce39;0x6c9599c6;0x4f778a50L;0.500000;1503250477;1503250477
1;256;8048;0xbcd8b0612f77f5647e3407bcba053f3615e4da8701d0a05e1026b3136189fb1e;0x80e66f087a88d11e52d17aa74bbb3653ff7a753e4f778a504d2f0610f97bce39;0x6c9599c6;0x4f778a50L;0.500000;1503250478;1503250478
0;256;8048;0x5d6dca1f151be2cf4b9b6ddcb181ec0e8cc9d381d1f8dd7c6ae84cf31f117a7c;0x8a2330a40858979f641dcb27384841d7430a786d222c2131ecfcca002bdf9085;0x5afee04d;0x222c2135L;0.500000;1503250478;1503250479
0;256;8048;0x90c420e5f5895a5b7c1d0a51f234368605df85ee725c67c852223971c6f32556;0x66ff87d400be867e4010849d497a7bfbe1f7e7caf0266180b941391565774d87;0xc94ffac7;0x50c81695L;0.500000;1503250479;1503250480
1;256;8048;0x01fbb8d50a96debe618e6e4b2c24e6b86595db962070ea7e384d403591c2bd92;0x76d4f9e385890eee2f97e629d7dac65da59735152ec2d92fedddf8243cc6673b;0x2bd3d4d8;0x2ec2d92fL;0.500000;1503250480;1503250481
0;256;8048;0xcb50469d4a15d54806a25f8f0aec40256833e645f1016fda4f85aae9845f274f;0xf9226bd867b5eb0346467febc1812ae9bb61302ab3a070d76e49a342e3b22c0e;0x3c880ca3;0xb7a070d7L;0.500000;1503250481;1503250481
0;256;8048;0xcb50469d4a15d54806a25f8f0aec40256833e645f1016fda4f85aae9845f274f;0xf9226bd867b5eb0346467febc1812ae9bb61302ab3a070d76e49a342e3b22c0e;0x3c880ca3;0xb7a070d7L;0.500000;1503250481;1503250482
1;256;8048;0xaf850e55b99ad58d1481d5255b95185ce2ec6c8b30b0ad41f43a069ee0fa978f;0x4963793cef7478e40735dfc0edc4e3012d6051382353a2739344d66f8d0932ff;0xfa709a66;0x2353a273L;0.500000;1503250482;1503250483
0;256;8048;0x10acf546488e9a25f618a083046c474e44b48ad4a8380948a279eb880ce3e41c;0x255b448e6b2e032373f9e2843e7fa1aaf01e1c75fadacb0419dcce9b13c11faf;0xa6965b1f;0xffffff1aL;0.500000;1503250483;1503250484
0;256;8048;0xfe25ebb4b421c69e735b6fdcb535df19c8d0e8f7da1b86139037c63f21d6c01f;0xd541bc1b28f8fe589e479f12eadd588d1f950a42e8121c480e97ab37a6d0e01e;0x7c2640b2;0xe8125c4cL;0.500000;1503250484;1503250485
0;256;8048;0x1f7d0386e0969c321f8f9efeafd68e5d6d8471027e371d1ecf655ba4ef15330f;0x60673b4628cc34f428e87ee31e0da13b790fc0fb791094d09238aa5d0f18b731;0xc23ef4e4;0xffea8205L;0.500000;1503250485;1503250486
1;256;8048;0xe0d0903d88e088e0e951d93147985b137b900b3b56668eb9b44cf40de0392bc0;0xd78d4fd7590005e62e9160dcdb85e69945624e006c0d255fd5fe787a5ebefc67;0xe61f85cc;0x6c0d255fL;0.500000;1503250486;1503250486
1;256;8048;0xe0d0903d88e088e0e951d93147985b137b900b3b56668eb9b44cf40de0392bc0;0xd78d4fd7590005e62e9160dcdb85e69945624e006c0d255fd5fe787a5ebefc67;0xe61f85cc;0x6c0d255fL;0.500000;1503250486;1503250487
0;256;8048;0xd67fc96bf52d59a9e93848563575634d793141c524bf5d79e36025de963d616c;0x1a61ec51d20d92339177e9fd7b827d1475641250dfac31a4b7bce4db6838d90d;0x3c521221;0x8aaa2124L;0.500000;1503250487;1503250488
0;256;8048;0xabfb5c32fb78fcde7edd3ac59a8b458e6102522fa26d93f2547bfb9230960fdb;0x01cb71d32ce5f71714b25f2a17dbfc6faf697358d912acac758ed65444726a99;0x1d9522f1;0xffebe088L;0.500000;1503250488;1503250489
0;256;8048;0xde0023e8db0fdeaee8bd1bdb07f18bb3a7392a52c8a7a4b8feed654f54419d33;0x8b8f102cae61984efe591146c47c8c8140931a41ff888c6901cdc282fdfe4ae0;0x86fcc1e5;0xff88cc69L;0.500000;1503250489;1503250490
0;256;8048;0x54f54032b73ec021b623baac81124e9541b73c4c72d5794255b4db650c835560;0x1a563aae4d5095f133e61b50a86dc54cc6adfd0fa54d001f4835e636c8ca77e5;0x5f8e8f64;0x8288df1fL;0.500000;1503250490;1503250491
1;256;8048;0x5f9a15a4ba4f52d19a04499cb58ef2b06cbe1071f0b792224ae45639322eac91;0x73e52116a3b81eb5bbe1e0c13375ed7ec13909e36799924d5f137386d077c10e;0xa21595d1;0x6799924dL;0.500000;1503250491;1503250491
1;256;8048;0x5f9a15a4ba4f52d19a04499cb58ef2b06cbe1071f0b792224ae45639322eac91;0x73e52116a3b81eb5bbe1e0c13375ed7ec13909e36799924d5f137386d077c10e;0xa21595d1;0x6799924dL;0.500000;1503250491;1503250492
1;256;8048;0x2b8ce5ffa018387ed6eeae1a29e3d9b3010f83896ae807eddc4e8640fab8ae25;0x87005807347091e5dcea076999d4591697fc2c25ada359ec56f0c2490bb4bb28;0x00dad32a;0xada359ecL;0.500000;1503250492;1503250493
