1;256;8048;0xf575425e83d00995fc9beb8cdfc6f1b1be7b85db29e87d7ea8b9f6436d0ec963;0x971539c4293c4a58b81e29fb8449b5d6d12ca787738536a91521bfaa8e23f70c;0x9fa0ba2f;0x738536a9L;0.500000;1503145940;1503145941
0;256;8048;0xcdb20632eb65823af7f8c17fe3cd4c391d93de9a49e30b600803dfb077ac6645;0xc46080c660209d846a06a32195dc4f6051f07edab12212c888d7dd484e859aaf;0x7469f0eb;0xffffffc6L;0.500000;1503145941;1503145942
1;256;8048;0x55dbf2138d443bdb8bcc902b87e5754ba8ff655887fd345f772d21efd9663f2e;0x720c06e4ce4c803e1d6bff1840c64af3aa827940605f1725b816658e5802e5a7;0x362724cc;0x605f1725L;0.500000;1503145942;1503145943
0;256;8048;0xe7e64e8c862e53de4cb2cb9bbc0ae233e544d892e16664c1b4a61f0912602af9;0xff1fbed623b9d082dcd8b8a51438619e26852025234e9169ece0b5a8a83b440e;0xa7d8e006;0xfffda222L;0.500000;1503145943;1503145943
0;256;8048;0xe7e64e8c862e53de4cb2cb9bbc0ae233e544d892e16664c1b4a61f0912602af9;0xff1fbed623b9d082dcd8b8a51438619e26852025234e9169ece0b5a8a83b440e;0xa7d8e006;0xfffda222L;0.500000;1503145944;1503145944
0;256;8048;0x573b6cd928babdafb82aa41a8f2a06301073a9649c7914b153c32676d523f82c;0x8a09cfc49b85df422f6fc7899644e2639f09745458c904af2190083ea9be6226;0x81378c9c;0x58c904efL;0.500000;1503145944;1503145945
0;256;8048;0x4246339d8ff28a0a838a68bf137f47cf13144faf3cc313e467afaad720e16e63;0x148d5abe0a47d3f84931ded98b23039d2b4c85a99524e9a0fae483770a4639d5;0xd63f7c76;0x9534e9a0L;0.500000;1503145945;1503145946
0;256;8048;0x7df7ce5c5175194bf6c6b104dc562e4b6fe580fadef0b7ad39bef96b5fbc0cdc;0x694d1b0721a7d010391b8d994f78a75143fb2787fae6ce2fd66c57e1381b5ef9;0x62003553;0xf9e6ce2fL;0.500000;1503145946;1503145947
0;256;8048;0x0ccfa6e3cb5fd62182bcefd30c28717b190811d10b73daf8709e452956a37463;0xb14562bf7a806b4eddc704082fdeb1fe11982bac31ff8f10ffb7d12797a7d84e;0xe3c3688c;0xffffdfffL;0.500000;1503145947;1503145947
0;256;8048;0x0ccfa6e3cb5fd62182bcefd30c28717b190811d10b73daf8709e452956a37463;0xb14562bf7a806b4eddc704082fdeb1fe11982bac31ff8f10ffb7d12797a7d84e;0xe3c3688c;0xffffdfffL;0.500000;1503145947;1503145948
0;256;8048;0xbe83e26d9968a9d1c18690d815afa85099d3205e5ee108e83c22b1988ea0994d;0x404369c77de523654cd3b7e1d87fafeb5455bfeea78dd61d581ec586f3c22668;0xb0a0576e;0xa78dd61cL;0.500000;1503145948;1503145949
1;256;8048;0x113c7778d0dd0add635c2e59efb831fe9e24d1ebe3b3e6f7b24d729ab28661c3;0x0d6b89a4e37acb3fc1304e88b27829d7ce0740bfa69c80b980affb90c6b1bf76;0x7b4a2cd4;0xa69c80b9L;0.500000;1503145949;1503145950
0;256;8048;0x25e2156e29a3f7bd5a4a28c9572b6b0c80cc26fb8a1cc4deb085b710163a4e3c;0x4fbdbe683a95c68317f537e04c6e86851d68e2147f87249692ca25547c0503cd;0x04985d53;0xffac24d0L;0.500000;1503145950;1503145951
1;256;8048;0x762d3f1f95f70fafa6bac02b429f67f655ac10fcd85bdd1da55fd4ebb3742c29;0xb77608027d27ab57ba79dbcf280797631650f340cbd7a7c6abf08c52323fd97e;0x60dce240;0xcbd7a7c6L;0.500000;1503145951;1503145951
1;256;8048;0x762d3f1f95f70fafa6bac02b429f67f655ac10fcd85bdd1da55fd4ebb3742c29;0xb77608027d27ab57ba79dbcf280797631650f340cbd7a7c6abf08c52323fd97e;0x60dce240;0xcbd7a7c6L;0.500000;1503145952;1503145952
1;256;8048;0x77a945c542efd81064a19905eac9979a2724777cba98726038d03df380d0b8f7;0x4dd384e39ac1123da07ff868c6665c0b3656b3b18d30fb6681aaaf671b7259bf;0x7d5b9140;0x8d30fb66L;0.500000;1503145952;1503145953
0;256;8048;0x19a5774775321813c2b92cf2b928e6102f5059e826aedda39f1337fca7a276c0;0x1e30b20fb4e2d0f405f1e95bac7eac233f046e0f8a8afaa52ccf002cd8d4c6d7;0xa557573e;0x8ecafaa5L;0.500000;1503145953;1503145954
1;256;8048;0xe8bd7e5d6f70698c6ec401b24603c9361c56dcf9048f8e4312d77e5c7380605b;0x7c1b3def4a5185415c61349b35c93150be8f14de1ee49c9e9375a3639f8bbe14;0xa8b22859;0x1ee49c9eL;0.500000;1503145954;1503145955
0;256;8048;0x1023c7d9fb30e22fa1b2eb3966b5e7a0e28e07a68cc9976ab07aa34cfc31810d;0xba360ce5af3d77b36da832c6b22fdbe3077e469065d846216a0a7c9d5eaf813f;0x3bd08db5;0x65d846a1L;0.500000;1503145955;1503145956
1;256;8048;0x2cf07c224bc09f03939b80973622f9f0a1ecc3791078209f4ca8dc16eed00c1b;0xd2e95658a22d0eb0f1bc178aa96e954d23ce3950a2191f0c51d8c6d3ac4344e0;0xee7e3d2e;0xa2191f0cL;0.500000;1503145956;1503145957
