0;256;8048;0xc010c4137a1bd17b0307c11ed2eacc10d25a2083652f1534b8cb8e563b6158fb;0xc7149d14446f3a1ead4d2f7e903615b30ce06ea0d101f9b2d62038ab43da2bac;0x7c6a21a0;0xffffff8aL;0.500000;1503124462;1503124463
0;256;8048;0xa9305ec1e6f65adcd109f63373a258f5cdedc6bccbf9d5f96916992f4769eef0;0x64ef8b07867c73e25c53dfccc711e10d2cc9a0606ffb51806c06405541f03463;0xd9b033b3;0x44251109L;0.500000;1503124463;1503124464
0;256;8048;0x2c63961fec8172cdf8e3e2e929303a5d586be552aa9479698ded8dfcaf0c25db;0x9d0e51dd150ad5c58bed8f737ce2a3b1925472dc9f3b1ba1478d4b7f4cd1aa90;0x6ad76ad7;0xffffffffL;0.500000;1503124464;1503124465
0;256;8048;0x86b454c8d571c7137345231010d742a90be518bb685d0fd551e6a12574749bfa;0xc7c03aeb07988d738e9d5efddf4a8bb24c08a09ad797ff06df209ece0b70fd34;0xa345d9c2;0x10b15501L;0.500000;1503124465;1503124465
0;256;8048;0x86b454c8d571c7137345231010d742a90be518bb685d0fd551e6a12574749bfa;0xc7c03aeb07988d738e9d5efddf4a8bb24c08a09ad797ff06df209ece0b70fd34;0xa345d9c2;0x10b15501L;0.500000;1503124466;1503124466
0;256;8048;0x4f5043a21078b37effe40f2d9500f13d99c6ca1722a4f8ebe0c2b88c5b793eab;0x7de0b1fc66de0a2cb458768c1b5dac39718014334ad7bebdaca5a9d7fdab6c26;0x987d839d;0xfffffef1L;0.500000;1503124466;1503124467
0;256;8048;0x9b049cc52f6bcf81a53bea6a7f1a124df2fae3242f36f5e71c2ff61be628c482;0x610ca7cc4579f42a7f6a9831a50911f4b5a4a0a63a2d44013da2ad1e02cbd7d8;0xd9cc89d4;0x11207242L;0.500000;1503124467;1503124468
1;256;8048;0x3958535769bc4495a55fefc14aa791abf13838be7eed018752db7ac85ff15e98;0x49cb4acdd2ff4a72d5b7c01018d2096035f6066238909e97df43e7d9b8c7092b;0xb5757821;0x38909e97L;0.500000;1503124468;1503124469
0;256;8048;0x3900a1f69c761dfbcc6358209907bd4b2f26bd85ebd6cb490af1a154fc812c35;0x41f74a6ba29fc8e36d6f9317038b9da1fcc041e54584a01cc25dbeb4ed9ac8cb;0x422f2268;0xeffdffffL;0.500000;1503124469;1503124470
1;256;8048;0xfa7cdb90fe5f58f06c9f4f5cc91a93e01a4e2605b3eb7f659773e81f28baae22;0x3a3ff3a032445457cbd791829b3df6a67af8e5183b8216b23eab990989a18f20;0xc9450b7e;0x3b8216b2L;0.500000;1503124470;1503124470
1;256;8048;0xfa7cdb90fe5f58f06c9f4f5cc91a93e01a4e2605b3eb7f659773e81f28baae22;0x3a3ff3a032445457cbd791829b3df6a67af8e5183b8216b23eab990989a18f20;0xc9450b7e;0x3b8216b2L;0.500000;1503124470;1503124471
1;256;8048;0xee4da9188c3244eaee565f980034c256bc5d90b795bbc26ccd62bb7d26bf7315;0x3103d147b9e26b8ae0b57c403a80655248cc8c5122fb72facf7e9010ea1bb5f5;0x5debf8e1;0x22fb72faL;0.500000;1503124471;1503124472
1;256;8048;0x56a6dd3567dd8c316ef7a3f86e9bf505b8d2bfaef10dc4f389da127919abfd6f;0xab7c6e841d1e3d930708932d305abe4e3355d3b279ee012c593b5f2eb964573a;0x89bf78eb;0x79ee012cL;0.500000;1503124472;1503124473
0;256;8048;0xa1b41519efe751c957a5d1b9647b679241629b9a2ee4e1e492ae40d6b3bd8c54;0x5a5a92273b463b5391439f48e7e210626660780f6104fdc87e40907d4073d1fb;0x07484467;0x6184fdc8L;0.500000;1503124473;1503124474
1;256;8048;0x7dffd7a5131dce95f25d3cece8cbbc54a88d528d077d62176bab97146339b8e0;0x25fd60e48c65e2f4a643718d5178a1600257660ab123e3ef477eda7268630b77;0xb31347fe;0xb123e3efL;0.500000;1503124474;1503124474
1;256;8048;0x7dffd7a5131dce95f25d3cece8cbbc54a88d528d077d62176bab97146339b8e0;0x25fd60e48c65e2f4a643718d5178a1600257660ab123e3ef477eda7268630b77;0xb31347fe;0xb123e3efL;0.500000;1503124474;1503124475
0;256;8048;0x724ab6e8e6fe24448cf2fdd485b38fc937a47767d27fd7552d47c92d3108aca3;0x293f671687f0f8c9b73988e18937a5ee53992c5530f9c6c61a7a778dc11f070f;0x3016cbb0;0x32f9c6c6L;0.500000;1503124475;1503124476
0;256;8048;0x42591edd8c54478b04295d529258d357589c41ccba6c2f078451866cc2ad0805;0xbb8fefddeeb0c2ce486bb1df2718c8b785ffde2688bf0c004b3e89f6d6a572aa;0x851703d3;0x15441416L;0.500000;1503124476;1503124477
0;256;8048;0x0194685bc31f9bdfd305d5958ef5908aa5da5844c52b0bb4a50305c1f9e104fa;0xd97eae1f9903195aac7a9752efbb94a5370218261bf29a8b0beb38a3ec85a3ed;0x68120740;0xffffa4c8L;0.500000;1503124477;1503124478
1;256;8048;0xe9065c19a805e4768cb5d771c20b2b63144a3db2b9ee4f21096d1f0101543eea;0x690b2f32eed3130ddd9e8ad5a30a8d3e6947a188a7325b390b4ddf6abe5ff60b;0xd76d7753;0xa7325b39L;0.500000;1503124478;1503124479
