1;256;8048;0x15794d15e1a5617e36b0f639f609a884f69d98b152403f645b22d020692a1d7f;0xd4a2f224ee9f29d34569b488f35d577d15bc1efdaa520bc8bf80d8f71833ba69;0xfac9ee3d;0xaa520bc8L;0.500000;1503220791;1503220791
1;256;8048;0x34a5d51132f83a5d66e160e5051d8e61c58dcd0e00b01f9d6987bd521879994d;0xfd1d1f249044ae6d427d4a7880fb4a6ebe4beb18156437ef8388202c0de769c9;0x8a4d271b;0x156437efL;0.500000;1503220792;1503220792
1;256;8048;0x34a5d51132f83a5d66e160e5051d8e61c58dcd0e00b01f9d6987bd521879994d;0xfd1d1f249044ae6d427d4a7880fb4a6ebe4beb18156437ef8388202c0de769c9;0x8a4d271b;0x156437efL;0.500000;1503220792;1503220793
1;256;8048;0xb940060a83147aa7892b620c35358131033dcad5f1b853cc5b5d9da8a7c2fb60;0x01a8c2683b8e845fe90d1d1fa79d4c1f2860bc1c66fbb2eb4a3adadaff8a1c4e;0x6809bfa3;0x66fbb2ebL;0.500000;1503220793;1503220794
1;256;8048;0x621d01eebcebdd7340c0604f4006f2f75395e405a74641b1e78de37882b5a2e5;0xa5564e9841e1719c6c7ac454748173928b14785ac4b5d887fb638f0c7c70ac46;0x9ab3d90f;0xc4b5d887L;0.500000;1503220794;1503220795
1;256;8048;0xe10775e19a0cdd6aa9bb8063e88c4713344f6904fda15df12cd6884442560b23;0x1ef1494b8a733844692c3cc98f0ddb2d1767275b9ef1304aceb7ced69d11b6ba;0xf33aad12;0x9ef1304aL;0.500000;1503220795;1503220795
1;256;8048;0xe10775e19a0cdd6aa9bb8063e88c4713344f6904fda15df12cd6884442560b23;0x1ef1494b8a733844692c3cc98f0ddb2d1767275b9ef1304aceb7ced69d11b6ba;0xf33aad12;0x9ef1304aL;0.500000;1503220796;1503220796
0;256;8048;0x99b9eff0e82b7df05a707ae594ce9110739df282dd9f2aa6a27211b3270754c0;0xc2e13bd88311d2acf5884926945365c3e4e833a8eefc602efa9a4b9c5d257fb8;0x41410146;0xcefc602eL;0.500000;1503220796;1503220797
0;256;8048;0xbf42f0e225f6d8cef0d7fb7629210fdfe46ad2f68e3a708aac9646cab59b6774;0x9c84f0d6f007aba6c2cf3009a931179d7dd3b52f25a5abd9d69b35af62917df5;0x3e67b232;0xfffbffffL;0.500000;1503220797;1503220798
0;256;8048;0x6a729cad35e46ba4911634df6018143c97f275eb25ec3e23c711e13aca7b7034;0xf14cff63f964e7dcc542cc8e22b2c96ab753883baa6bda9169b1f1455338c56d;0xc116a7e4;0xba6bda91L;0.500000;1503220798;1503220799
1;256;8048;0x30be33d4a0898b8d90ee9ab6c8399a4ee7ed48d2d68c1e6b2dc319db38841c68;0x5d9cc31275127be4cb292adee9cb03aaa5ceff17444a0c0cb7ffa9b1db45353a;0x8f667b67;0x444a0c0cL;0.500000;1503220799;1503220799
1;256;8048;0x30be33d4a0898b8d90ee9ab6c8399a4ee7ed48d2d68c1e6b2dc319db38841c68;0x5d9cc31275127be4cb292adee9cb03aaa5ceff17444a0c0cb7ffa9b1db45353a;0x8f667b67;0x444a0c0cL;0.500000;1503220800;1503220800
0;256;8048;0xf79769d18722f0285021bddaaa4513ce6acad23712182ade0d3b3afb6a580562;0x18f567da39d4fbb26ce8412ecfa0288cd46d777bcd36621523303baf2ef4e834;0x8f4407fa;0xfdffc2b7L;0.500000;1503220800;1503220801
0;256;8048;0xec72fa1142060b906a4e7e860742ede17c544a4f09d482f922b815eb6a64ec56;0xa90eeea1016c1194ae260921e963fde32e2fa40f138e7cdc72adbdb05774cf29;0x971cb970;0x538e7cdcL;0.500000;1503220801;1503220802
1;256;8048;0xf279a8401c8c6d3c2b2b38c1633ae87563c93439a9236da60a605ed36d906d5f;0x3ee831b9cfad3cc55f842a0a6408538ebc5c9c4bf09e29984916afd5f6034be3;0xb3748353;0xf09e2998L;0.500000;1503220802;1503220803
1;256;8048;0x47432537d5a974185633d3effdefd692dd7d430816c405fc07254bd84e8e9e95;0x201f2d345d5b5544557b62343489d0f9d3a9d7836f8c1b6f289e37f6ced26e18;0xa8d9e4b4;0x6f8c1b6fL;0.500000;1503220803;1503220803
0;256;8048;0x1631700455c3b7efbda7d9d973590fc81599710c65595b3e8b07fb673e624a54;0x5e1648b493907a26d8ace989a8bc5bb6c0228d6e977ff5af5d735f0486993dfe;0x6e357dc8;0x977ffdafL;0.500000;1503220804;1503220804
0;256;8048;0x1631700455c3b7efbda7d9d973590fc81599710c65595b3e8b07fb673e624a54;0x5e1648b493907a26d8ace989a8bc5bb6c0228d6e977ff5af5d735f0486993dfe;0x6e357dc8;0x977ffdafL;0.500000;1503220804;1503220805
1;256;8048;0xa3a4389b1449804c4d4b7902bdf61180cbd6427f0e72ef45f32d4e5a6a895d0d;0x66adadfaaea693acec37a0830fd91f7002229c31da06aa9acf3f23ef591b3a90;0xbe2beca8;0xda06aa9aL;0.500000;1503220805;1503220806
0;256;8048;0x3751a6d1c73e6ce79c7e7034da3963187de55fc2276dd843460518b562646799;0x1981707c5847c8e5223f9e1828dfd9e763993ff45eb9bdec8d56b35bdc1c761b;0xd124518b;0x5ef9bdecL;0.500000;1503220806;1503220807
