0;256;8048;0xed1e2bc881945c5d789112e291d5f83b17c6ce6610cbf4e024ca71506e49a45b;0x20905ac47f2a65e7f2c90146da720910c9012dbe467a5e0072c53c501c93770c;0x9e4dbedb;0x48840c89L;0.500000;1503227914;1503227915
0;256;8048;0xe839ba2bc47806acdeefdb879487d31404c28005e874a68d91ea980f10ffa7f8;0x691101d5b55ce97055d558247c4046abb57ef65bbcac004062ca86d36a7aebc9;0xbe8995fe;0x1202a022L;0.500000;1503227915;1503227915
0;256;8048;0xe839ba2bc47806acdeefdb879487d31404c28005e874a68d91ea980f10ffa7f8;0x691101d5b55ce97055d558247c4046abb57ef65bbcac004062ca86d36a7aebc9;0xbe8995fe;0x1202a022L;0.500000;1503227915;1503227916
0;256;8048;0x819c1c206c33ce408d2091c286c2aad9c4707a647416588b4d3611d0c124a743;0x598980f112fb8a69ce4263daac45d8586f87e2f197baffa98a5b996eca21e135;0xece9a43c;0x96baefe9L;0.500000;1503227916;1503227917
1;256;8048;0xc4b1539a6d2a26653806a8020929a229b9ea8d8b76682d475cae6162cf078594;0xcc5111caa7cb7fccfc1e22bf7b4988faa1e8608c6f4e14e4fcb96dd681d32dd1;0x18da461d;0x6f4e14e4L;0.500000;1503227917;1503227918
1;256;8048;0xd5a43b93b09c963467d782f84dd6efc909b21eed62e8de7d42515f2a20c097f5;0x0ab208d68f5358ae41031ace626e980afddb0035b734ca0646d6685d61cc1be1;0x98338163;0xb734ca06L;0.500000;1503227918;1503227919
0;256;8048;0x0ed5f5efb51fd01eabe98f74dcebde0606d82c74924ccf3d4e4a5a7945fd6c54;0x093e11ef1cc4aa25a871e8549378e3e1128095c568ad68f81258bf11e1a6ef79;0x11abfaad;0x7ff7ff35L;0.500000;1503227919;1503227919
0;256;8048;0x0ed5f5efb51fd01eabe98f74dcebde0606d82c74924ccf3d4e4a5a7945fd6c54;0x093e11ef1cc4aa25a871e8549378e3e1128095c568ad68f81258bf11e1a6ef79;0x11abfaad;0x7ff7ff35L;0.500000;1503227919;1503227920
1;256;8048;0x1231063fe406ba6df7ba4f564035a81bac25537537298bc6185cc84d3e53f150;0x62a25560ef994018c87873c8e382855c9ee95bbb148040adc3de7e2480f71b68;0x06bd5537;0x148040adL;0.500000;1503227920;1503227921
0;256;8048;0xe2101e65c3569dc7e583957dba8b4916b97e0461c8f3cf268c35379aa0a99582;0x782ed536c171d1e88d553945cc57d90729c9ef64fd31f33684ccce271b086e46;0xa36e2d99;0xfd35f337L;0.500000;1503227921;1503227922
1;256;8048;0xbe6d6fbc4d0207b5b2c644a4de60458b75897be979d43170be2a361ee0c0479e;0x6c3c52ff75d375afcd132ee43c3957c9b8e27ff33e17ffd81c8b5d4d7f28a35d;0x3f69bf3d;0x3e17ffd8L;0.500000;1503227922;1503227923
0;256;8048;0x2d3f3f0d04a512816cf2ad63e8749fc1a664bd6480d9b2d6e24a04c0e49af511;0xb7456b34175bfdf08c950197a2aeca0dbe1144cbb8eb0ead63da757bb19bf93e;0xad1f4173;0xb8cb06adL;0.500000;1503227923;1503227923
0;256;8048;0x2d3f3f0d04a512816cf2ad63e8749fc1a664bd6480d9b2d6e24a04c0e49af511;0xb7456b34175bfdf08c950197a2aeca0dbe1144cbb8eb0ead63da757bb19bf93e;0xad1f4173;0xb8cb06adL;0.500000;1503227923;1503227924
1;256;8048;0xab500971f6abdea46a3c9ab625cacf9b24c4dfc3b6d590ae2ce59d36a5ac1850;0xd69993de91c7938cc1fd58bf190eadc4e135390fb65115d0e45ab7d8d8b8730a;0x4482b025;0xb65115d0L;0.500000;1503227924;1503227925
0;256;8048;0x97668f743475b303bffbf3bd2c2a6780dfe8a717708637a1255a5f56e8565e7f;0xf180428215845eee39ed2883c46fefe87115342ac3892aeef41a66e3f1dd966f;0x9f838c40;0xc3c92aeeL;0.500000;1503227925;1503227926
0;256;8048;0x3b9aeff34bae393dbf0e28d45e9c7412b2465cb1a39a12c1709471b19affa5d6;0xa8c4960cfa012eed7baa2f86233c8e3294ba064d865e4aaf4365cd00c9d3d5f2;0x76a12a2a;0xffffffbfL;0.500000;1503227926;1503227927
1;256;8048;0xd85639dac9532805b8e94ec055b513340ccfe2f95ece28d3179f95cf767d8b4f;0xfa3d2c69042b2bbe91825597e8723ed48098ac21c0b0915f1cf63832326d1858;0x60523968;0xc0b0915fL;0.500000;1503227927;1503227928
1;256;8048;0x1162b43cfe04cf0cce6ba6ad78164882909f2397cdfb1be453ba72cde7b0d3f8;0x73c12e2104b64450976c9e3fb122c28a52da665e68b44ddad4881e61d6057b10;0xbcd2251f;0x68b44ddaL;0.500000;1503227928;1503227929
0;256;8048;0x776b6853b1e0dced78b90c6fa40563ecf0799af2258a8772c1fcb3fbcc193043;0x10632fd28fbf16b9f886ba1c3b0739847f9f1379bac555f419d954e2e59e9cae;0xa8465548;0xfbff7fffL;0.500000;1503227929;1503227929
0;256;8048;0x776b6853b1e0dced78b90c6fa40563ecf0799af2258a8772c1fcb3fbcc193043;0x10632fd28fbf16b9f886ba1c3b0739847f9f1379bac555f419d954e2e59e9cae;0xa8465548;0xfbff7fffL;0.500000;1503227929;1503227930
