1;256;8048;0xc374eb6208e30ce2dd2292fe348d0f2cc411037eb608953304cd3abdb2494475;0xfd8751c7acbd97a231f7b7a92856cdc085d9e8f489236a2870221f00812fdc4b;0xd55131df;0x89236a28L;0.500000;1503120626;1503120627
0;256;8048;0x3a1a9333bca1db8879ba8b9b4850f5b9cd0e7ef11f7f8326b3115cfd7ebf67b9;0x0f99dab04a5e38c0f30db484225f7dd458e54bc7376105e25caf951a1d10e71e;0x8b3416ba;0xefa282a7L;0.500000;1503120627;1503120627
0;256;8048;0x3a1a9333bca1db8879ba8b9b4850f5b9cd0e7ef11f7f8326b3115cfd7ebf67b9;0x0f99dab04a5e38c0f30db484225f7dd458e54bc7376105e25caf951a1d10e71e;0x8b3416ba;0xefa282a7L;0.500000;1503120628;1503120628
0;256;8048;0x77518f0f9fda4d6285f16b25ea8a83c80296fe06088e2d85eb68d012b8d8502f;0xc8a65d75a1f90d445aed8182bb8df131f4dcbd18bc2c6e6674243ab46261b2c8;0x07ab761d;0xbffffb62L;0.500000;1503120628;1503120629
1;256;8048;0x3ae00fe7330cfc5ceaccae59462b0477b60b73d21f9f6a34e67663a07ced4cb6;0xe2d82408f38f53a71dad74e4a994ec83641dadcb60489b27b6404e897a82295d;0x497f34a8;0x60489b27L;0.500000;1503120629;1503120630
1;256;8048;0x76427760c9f03d5d804ec0e2d73124dc7563d5edda5929eff7851b91697046df;0x4dbffc48670a610a011f04c3766d272b49f042c297a68d77bfa7903f9193e1a2;0x35153fe0;0x97a68d77L;0.500000;1503120630;1503120631
0;256;8048;0x8747a295f2e2e098a4dbcc79a11c5bace5a6185896b32339eba7fd93c65e844d;0xf261bcb9bf4062b125878a6a810484281f3d99c2373a6779f2a287dcb3f20412;0x9d2a2be1;0x773a6778L;0.500000;1503120631;1503120631
0;256;8048;0x8747a295f2e2e098a4dbcc79a11c5bace5a6185896b32339eba7fd93c65e844d;0xf261bcb9bf4062b125878a6a810484281f3d99c2373a6779f2a287dcb3f20412;0x9d2a2be1;0x773a6778L;0.500000;1503120631;1503120632
0;256;8048;0x91a3b7a4769ca75955d422a67d72900d27e5ae7783f634d11ee9858294df0325;0xf5255582cd5ad9e054ae628cfac3874dcb7eb1c6ad0ce5ce45e8a55551a0dc5b;0xbe64283e;0xad0ee5ceL;0.500000;1503120632;1503120633
1;256;8048;0xfa6051fe3df55078a8010e1216e384e9542d63210ee29a2a3bf9025d4f7c5949;0xd76f3e503e3d18f23e4c5b8baa898b87dc6ac2e9e0ca49e452011e1d4d7ae327;0x217bc270;0xe0ca49e4L;0.500000;1503120633;1503120634
1;256;8048;0x19d7d32282d31b7815af63224c5e0fedc925a17a9317b20875e5b5cc9423c2ae;0xf4fd5421e76af3a8b6860c99b107740c9dd80e573eba45d7d0279d54cfa460b1;0xe7721696;0x3eba45d7L;0.500000;1503120634;1503120635
0;256;8048;0x5d4e3d8ce05b2953ba354ac3c8d07ab7086b706b6dd328976d5f90782a9c8087;0x8972d747f2994eb8f898f95509032473f4e81082b95e79fadb1c0403345d01ad;0xa1c8c202;0xffffffffL;0.500000;1503120635;1503120635
0;256;8048;0x5d4e3d8ce05b2953ba354ac3c8d07ab7086b706b6dd328976d5f90782a9c8087;0x8972d747f2994eb8f898f95509032473f4e81082b95e79fadb1c0403345d01ad;0xa1c8c202;0xffffffffL;0.500000;1503120635;1503120636
1;256;8048;0x6db552428bde6f1ad90a24deac44c1495fa006dcd9697eb670a7e5f4788091e5;0x7dec869ee23f0507596373bf40df5280d9d73e02c761d79e9c2faeb2f19c057e;0x1a33333b;0xc761d79eL;0.500000;1503120636;1503120637
0;256;8048;0x77d631202d2a4c092d035272922b963d4511c9b9cb607ad8f6d4da6c44499dbb;0x60b1593ea44df25910df24016433dc2234faafba005738f7178b428047f37b8f;0xf093bcca;0x4c5738f7L;0.500000;1503120637;1503120638
0;256;8048;0xbbb229ebd0f2ffbf97131c6bbb89882e6b9eb1b15bb685df5ae2597f9a9ced55;0x56d456470e1206290ef544ce4e9ad2730ab166a5ef1aa87609e90dd552186115;0xb8337b54;0xdfffff62L;0.500000;1503120638;1503120639
0;256;8048;0xdfd4b25ff6775c12607e2067e79b42fe33e18188eac21375830236f66026cd3f;0xbfc20d22ed0b49dfd33459685b85567de65fca6087006b9691ae42ff6927fe73;0x23b2fd4d;0xfbffffe4L;0.500000;1503120639;1503120639
0;256;8048;0xdfd4b25ff6775c12607e2067e79b42fe33e18188eac21375830236f66026cd3f;0xbfc20d22ed0b49dfd33459685b85567de65fca6087006b9691ae42ff6927fe73;0x23b2fd4d;0xfbffffe4L;0.500000;1503120639;1503120640
0;256;8048;0x366f3982dc782871741bdb1ee1358731bffda9eb9e3d15535a58095f1bd5ce51;0xa21ec991bb9b8101d98c96b2a329b70c3328065ca6eed08400d311d950996f64;0xe5689b81;0x842d489L;0.500000;1503120640;1503120641
1;256;8048;0x58f24f7b54029059302b9a1a4faeadde89c16e5861cb2bc94f4fd0d55f5bceb8;0x736695428271814bea5f8ae55236fc374cd3f70ea852949d433acc913f95eb36;0x3e9c09ef;0xa852949dL;0.500000;1503120641;1503120642
