1;256;8048;0x68616e8add8023598a059f53011337c3aaceca6200723ea8b39f1b9c188edd80;0xd974171b3ac0fe112a41c3fa968fee85cb0b9640730728bb789bbae5b0a15700;0xb5bd1e8b;0x730728bbL;0.500000;1503232677;1503232677
1;256;8048;0x68616e8add8023598a059f53011337c3aaceca6200723ea8b39f1b9c188edd80;0xd974171b3ac0fe112a41c3fa968fee85cb0b9640730728bb789bbae5b0a15700;0xb5bd1e8b;0x730728bbL;0.500000;1503232677;1503232678
0;256;8048;0x61dfb53f39e030cc6356648dfb4d958a9847c1c91db32327a14446bc00439f61;0xae2e5144e40bf00243df7ad5c71954db2e194e562027526839c3e346c39a51ff;0xd6c2f1de;0xfff735e0L;0.500000;1503232678;1503232679
1;256;8048;0xa6f0be18a2c84934ee9c90d1a3077bf715a868b93d8f26de8e8d04d5ba93a860;0xf0e2d22b474fc21e15d515eee6a8c1bcff6a800057615a496260cc0351b0170e;0xa23cd9d8;0x57615a49L;0.500000;1503232679;1503232680
0;256;8048;0xfcb51ac28b58be894d3214dda27462ab6d560151af3c23fe39d50014780db175;0x6914df5d0cba9285014b061b2ffcfcf275d5166c656a18e7c3f85ed48c533ba7;0x4d189cf4;0x65ea18e7L;0.500000;1503232680;1503232680
0;256;8048;0xfcb51ac28b58be894d3214dda27462ab6d560151af3c23fe39d50014780db175;0x6914df5d0cba9285014b061b2ffcfcf275d5166c656a18e7c3f85ed48c533ba7;0x4d189cf4;0x65ea18e7L;0.500000;1503232681;1503232681
1;256;8048;0x13b7a63d10f72c7c0e0564cdfb09ef7abfb54b3ef0ca5338424add6a2dbc3d40;0x3ac15cb68274ee6c8de3485915dcd88d252b7aa3a1d9df325be4ea532f9d384f;0x3b429b70;0xa1d9df32L;0.500000;1503232681;1503232682
0;256;8048;0xd0a55e834881329e2dbc3535fde832e025c0c2a3ca1c0f93d4f52eb4a2f30172;0xbea1ac891d8df2a4ad83e06e82f833c2fb20fdfa49fabdf99ada3b0c9bf37cb2;0xed4586db;0x49f8bdf9L;0.500000;1503232682;1503232683
1;256;8048;0xf7b4c769c4734168edc373ac480b559324a5bde866334e4a528b990360616757;0x41b426b8378c032914ad992f92bb113c4fdaceb5f745387a2ff12b2a9efa52d5;0x37d7766b;0xf745387aL;0.500000;1503232683;1503232684
0;256;8048;0x5bc7bd2561eb19e76aa046e3bb113e4bb81a1bd0a2877aaf05f18ab2455ce2a0;0xa1a93f205205f8a8620b905ebc9fb7c99618ac6c4d7fa44d95adaa3841a5cb1e;0xbd8a3901;0x4d7fa46dL;0.500000;1503232684;1503232684
0;256;8048;0x5bc7bd2561eb19e76aa046e3bb113e4bb81a1bd0a2877aaf05f18ab2455ce2a0;0xa1a93f205205f8a8620b905ebc9fb7c99618ac6c4d7fa44d95adaa3841a5cb1e;0xbd8a3901;0x4d7fa46dL;0.500000;1503232684;1503232685
1;256;8048;0x19c2284067f9233b759b83f0d99d9521334fb5c31fef8b994470cff5919a41aa;0x8ea39222067ab1747d8b0360368066a4966996d19ef575b9fae0647d07a2b59b;0xf1ae5d92;0x9ef575b9L;0.500000;1503232685;1503232686
0;256;8048;0xb38bb83cc8f78f6ae988c3c2e279c5011f4f2221246ba38aba3788f8ff0af2b2;0xe2c257e23c367cf536e49f5bdcdbcfd41b63d73e55e795076c8523a8b2433e3e;0x18fa9f87;0xedffff54L;0.500000;1503232686;1503232687
1;256;8048;0x6e992c3f1a43a6eabe644cecd5d37b2bdeea757ccb6d3817cc1cd7d2e2b5f650;0xe930c55820b0b56100b56788e8e0416a6bb18dd1034a3c72f94ad107823f7f2e;0x7f5963cf;0x34a3c72L;0.500000;1503232687;1503232687
1;256;8048;0x6e992c3f1a43a6eabe644cecd5d37b2bdeea757ccb6d3817cc1cd7d2e2b5f650;0xe930c55820b0b56100b56788e8e0416a6bb18dd1034a3c72f94ad107823f7f2e;0x7f5963cf;0x34a3c72L;0.500000;1503232687;1503232688
1;256;8048;0x29d7ad24e3125cf0ec00c6c5f62337ecf7dc775e02dea3529acae756aa81e5d4;0x4d3b3ed429eca37438361e12c4844407bc105d74c974644a2ab3efc930159d95;0x719d2d16;0xc974644aL;0.500000;1503232688;1503232689
0;256;8048;0x045233e233f1a5361476f76b4b04eafa66101eb92515a2192f8d0ce3a4bbc0a9;0x17a5c8aac22de451cb82c02ecc5181b44934aa5d94f2fea91cdd2dd741e36426;0x3e401de1;0x94f23ea9L;0.500000;1503232689;1503232690
0;256;8048;0xc9c7baa2c39e2274e1ad91dfa31c78b352eae82c8d5e93b4193b791009ce9cd2;0xf11d8dd52c2967ca876de225611bf3da91eb17d26b579cf40054a6f2dacb8696;0x644be393;0xfdffffffL;0.500000;1503232690;1503232691
0;256;8048;0x08295f63b6d035cb6c6b277f2c70171a82684131b38f371b758ac2203c84a845;0x6e3e8a5659dc89a1f90128235d30103cf065a7ea2e7861a384f1c519e5d7952b;0xb19e95c9;0x7dffffc8L;0.500000;1503232691;1503232692
1;256;8048;0xf98577988803a32463840f8199d71cbd52a2f21f2a93d73ffcbc2d2738ad3432;0x0b56de51464151399df86409fd7bbf5b3071f97f4abf4115b59c32ecdba3d7f8;0x8fc6c167;0x4abf4115L;0.500000;1503232692;1503232692
