1;256;8048;0x979cc748a5275ba2c21014d21cea1e9014b1f28bd028a8b13b7d3c3a530f91ea;0xf5401501765b8006c26180fcc2cbb7138a3ace4faddf59e319bfb6df51d429b3;0x18bc5dc3;0xaddf59e3L;0.500000;1503201806;1503201807
0;256;8048;0x6b8fedb15bc74f07f1658f251f93c7a7493b44540403f712339e782ff0d3475b;0x5bf607774c75cb0cf9e8ba9391433a4da3ea3a1c2a5adff9122a7814ec93fd82;0x256f6330;0xffffffffL;0.500000;1503201807;1503201807
0;256;8048;0x6b8fedb15bc74f07f1658f251f93c7a7493b44540403f712339e782ff0d3475b;0x5bf607774c75cb0cf9e8ba9391433a4da3ea3a1c2a5adff9122a7814ec93fd82;0x256f6330;0xffffffffL;0.500000;1503201808;1503201808
1;256;8048;0x2cd751a33388a3fed9ef485597b6c45a5bb82e2db2d18795e173eee579684ea5;0xeebb9d370a56297562f9a7ab7a796f525d854a8163793cd6b07502ed114d520d;0xcd416fbe;0x63793cd6L;0.500000;1503201808;1503201809
0;256;8048;0x533b355586fe58ebc6a6d41236ca28220586fd27b4e51d4e380feafd296fd27d;0x819e99a7f09f9200ebe31925ba84b46ae5257c05b7feb261a87c990aa6c7b8e2;0x9c64cd32;0xb6feb261L;0.500000;1503201809;1503201810
1;256;8048;0xd46c0aea34167afcc332f9fbaf8aa28c635a5db72a9dc82031b19e0af2f44ac6;0x070fdb13726f45366c6f0e27f45d357b5b95efab7ee6d88750ef1b66b7e55800;0xe851510d;0x7ee6d887L;0.500000;1503201810;1503201811
0;256;8048;0x648dbfb62b4cae998cb2e8b1eca95b83dd3a6ca3cd438a3999670e0bfa8e765f;0x26f8238c5e07c7440b40e5047824f6d0ea5834fadf2d5d6a84ad803820aa719e;0x8ad08c40;0xdf2d5f6aL;0.500000;1503201811;1503201811
0;256;8048;0x648dbfb62b4cae998cb2e8b1eca95b83dd3a6ca3cd438a3999670e0bfa8e765f;0x26f8238c5e07c7440b40e5047824f6d0ea5834fadf2d5d6a84ad803820aa719e;0x8ad08c40;0xdf2d5f6aL;0.500000;1503201811;1503201812
1;256;8048;0x96d6f25ba7ff10ed3f4aa78a91710edc129bd8c1bc28c98e55f007071a565cb0;0x2e24ddbbc2bcbdffddb216c5e3c2962624b5ef34c32fa6ab3076d2ad0162888b;0xc13649df;0xc32fa6abL;0.500000;1503201812;1503201813
1;256;8048;0x038713e8f43b3152a850866f813e14d8a179e37090631262aa4b36e05b57e95e;0x7beb526817c36a658aa6916ff72f8e68d49dc57c2916261e6e51017b39cdc7b0;0xb8d6562e;0x2916261eL;0.500000;1503201813;1503201814
0;256;8048;0x35fffb094b6b1aa31125794ac273241b64c540d6327a1cc887b3f657a354a5d9;0xbb058718a71e144bfdd0fb3276455c56c00802b1077d6f8389ab5ced7e07caca;0x5f76d319;0x1908684aL;0.500000;1503201814;1503201814
0;256;8048;0x35fffb094b6b1aa31125794ac273241b64c540d6327a1cc887b3f657a354a5d9;0xbb058718a71e144bfdd0fb3276455c56c00802b1077d6f8389ab5ced7e07caca;0x5f76d319;0x1908684aL;0.500000;1503201815;1503201815
1;256;8048;0xf74d60b6c3fa843e9a4fd2bd889f31ffa8926dff83bb2d043453e06812c29e09;0x406e8c7f732e76ef7eb55ea51332dd33d8031d413c473fefc47f2a1481b46b3a;0x8f938721;0x3c473fefL;0.500000;1503201815;1503201816
0;256;8048;0x640ffd3b6950bb442faaf33a3162e9d3822618689ebf3cd9c632f4337769b1db;0x3d7bb03f32f03e58d0f4635456982fba15f7c5126deb60ed7ce17959fce9f966;0xbf4f8a2d;0x6deb62e5L;0.500000;1503201816;1503201817
1;256;8048;0x1668f9b470176db292cc368f35f28a66c9b0d761eb7c75e8782254f8d403cfea;0xfee51a714f7b06023f4967504f67f89a50b77df1bc330f3b19e7fc3f2e47b015;0xab1ba09c;0xbc330f3bL;0.500000;1503201817;1503201818
1;256;8048;0x40074d40cd1b873c5c8cb95fc078b94d31197e9f16d069f43f9574e8c8609e08;0xced108424407eb2d1aec997832109d0e09565d33a4bf76ca55c37c53d0e319fd;0x296fa812;0xa4bf76caL;0.500000;1503201818;1503201818
1;256;8048;0x40074d40cd1b873c5c8cb95fc078b94d31197e9f16d069f43f9574e8c8609e08;0xced108424407eb2d1aec997832109d0e09565d33a4bf76ca55c37c53d0e319fd;0x296fa812;0xa4bf76caL;0.500000;1503201818;1503201819
1;256;8048;0x9f64119f0652216dc7cb85390dc33bafce14cb5403a9892ffbaeec7a199fa8b8;0x16895f48e7e8dfa8105f04ddf690fa1cc0ab855560a99da94b12ee8f4d9208bb;0x844e3963;0x60a99da9L;0.500000;1503201819;1503201820
0;256;8048;0xa98f1d8f2d0c62f8a64714e1e37d2a9a20250c59d81addf380d177727a3dc923;0xdbf5abd0f6dd4ca964ff806a160b97e706606d46511a5251f8adc700ef4c5a35;0xab543ac8;0x511a5271L;0.500000;1503201820;1503201821
0;256;8048;0x9db7793853ef7eb12aa7fe11b591333f64228080e5aed0a099ea5e352f6edbcc;0x008f305ebc94f227c2069e31f4a33d92d389102e4c7e8a6eebd10dda5f3f6cca;0x843dec6b;0x4c7e8b6eL;0.500000;1503201821;1503201821
