0;256;8048;0x9d8193a2d64645bd8ddc443c8736ec69dccdea42b4b50d439ec478d83aa902d7;0x4c06a892fc9d1534260b986731a0ee2a6e7564ae5fba0290bbc99f692751846b;0x605a9bcd;0x5fba5a90L;0.500000;1503156632;1503156632
0;256;8048;0x9d8193a2d64645bd8ddc443c8736ec69dccdea42b4b50d439ec478d83aa902d7;0x4c06a892fc9d1534260b986731a0ee2a6e7564ae5fba0290bbc99f692751846b;0x605a9bcd;0x5fba5a90L;0.500000;1503156632;1503156633
0;256;8048;0x7cc290cbce1377421ad5491faee4e2e4ad025418ce4f1361de59da2277ee43f3;0xbc734b3bc64d4d1e3509c10d4b250edcd9cdcc6f3709b2b0ede76c2151140a34;0x9d441350;0xfdefff1aL;0.500000;1503156633;1503156634
0;256;8048;0xc37fe9a115f90c42be3cdc3d8cc8dd7eac95fdc8cb7836c9f8c36d41060b6eca;0xb7ae599c246afc0dc166c1c8922011c9d577376b130e5a00f3137c76e472bebe;0x53b8103b;0xeb0a0292L;0.500000;1503156634;1503156635
0;256;8048;0x64d4e8a3999b1a4264cbb3ef6c3b7f8d87bd0207ac415af06811b5917406d5d9;0xc5b74af4aa0f371a0142013a05d2be15b879e9fb43540beb1bb2123e8582f2f5;0xb94153c2;0x43542bebL;0.500000;1503156635;1503156636
0;256;8048;0x9ad1e3c7e8431603e044663e222025838fb929a82f2b6c45e3b7e43d85dc5e1f;0x152d2eb96c16782b855aeb891389dd85d00b628d7c88be28562892983f670857;0x3b655415;0x9a12b4c9L;0.500000;1503156636;1503156636
0;256;8048;0x9ad1e3c7e8431603e044663e222025838fb929a82f2b6c45e3b7e43d85dc5e1f;0x152d2eb96c16782b855aeb891389dd85d00b628d7c88be28562892983f670857;0x3b655415;0x9a12b4c9L;0.500000;1503156636;1503156637
0;256;8048;0xdefa5a01be11261159c6d7db8f791720a1f76866d40cfe021c40809427b72705;0x9e6df70c176316c21396c27049712105be0e4c4076362be45aea6cf17e9da693;0xc5d7d7c3;0xff7f9938L;0.500000;1503156637;1503156638
1;256;8048;0x330bb2a9e9eeb7ca5402520ea2863cc1dd92bd2ef95a87fbf7c4318b577e818a;0xa54826b3e740fdbca45251ed80302abb078bad5c90b5cdc90b9a8df054e238f5;0xbe466838;0x90b5cdc9L;0.500000;1503156638;1503156639
0;256;8048;0x70568f82caf9e0fffdbb75ef366578c17dc5268e074bc0f19a39cee3860bf4f6;0x16209ba58d2c7ee2ac7db5dd2134f956716f0667ccb55646a62c6b3dba4cd838;0xa9a5196f;0xfffeffffL;0.500000;1503156639;1503156640
0;256;8048;0x8713d11c2d567fbe2eb94343699a82b022d461b7e72c0dedecdf80e5b51a713c;0xab836e6c5b61462cd159ce0892eec10d6d65741dbbee76dc7fab4e4db67dad5b;0x79989317;0xbaee76dcL;0.500000;1503156640;1503156641
1;256;8048;0x9fdb607fe5274ba4b4839709c14b821ed6103543992d682f2d13366298bac937;0xb820be69e4988c30cc4881dd05e667f37daaf95feb14cd9b5bfefb6b6be4d061;0x9d297c38;0xeb14cd9bL;0.500000;1503156641;1503156642
0;256;8048;0xfa36a0e968ee04d6c3f748dcb580b397cb704ee647a9445db8ebad80048685fe;0xff34da1f8059ce5fcc8e99cc796df344cf85d3a9a8014e005d4a6d6415d1b0cd;0x019581bc;0xfcffffbdL;0.500000;1503156642;1503156642
0;256;8048;0xfa36a0e968ee04d6c3f748dcb580b397cb704ee647a9445db8ebad80048685fe;0xff34da1f8059ce5fcc8e99cc796df344cf85d3a9a8014e005d4a6d6415d1b0cd;0x019581bc;0xfcffffbdL;0.500000;1503156642;1503156643
1;256;8048;0x07e5683d2f971931597c5341d5cf8eb7bc876e25e428615c47cefe05cd4fb2d4;0xe378ee35d6aa7ca07f29242481c34ab57a9ae85a0b141559e4c6c1c407d746ae;0x08868de3;0xb141559L;0.500000;1503156643;1503156644
0;256;8048;0x5bc5b273f5013c63faff9450ff1fe08056dccd1e4f17898eb3401e814268ce9d;0x3b3c350ba854678a5f947434240df62c630d18385c1c7f142dc8ea438eeaec7a;0x7e4e6057;0xddca8901L;0.500000;1503156644;1503156645
1;256;8048;0x03097f0a6554e43157c7ccb992df7e98c2360a627bec852f8c70840a52092655;0x115896a845e9858468bd860ecdd61a781fbf6fd7d0ac983698ce59e5ff8bcc30;0x4c2cf5db;0xd0ac9836L;0.500000;1503156645;1503156646
0;256;8048;0xa6a5acf1452527a1849099d1e356bd60f57259e7f74f220942df4c62b1d70a57;0x2e929926351b57d96c5dab9a24221ced1697188bc89d9b682e050434334ba225;0x151fb903;0xffdf254fL;0.500000;1503156646;1503156646
0;256;8048;0xa6a5acf1452527a1849099d1e356bd60f57259e7f74f220942df4c62b1d70a57;0x2e929926351b57d96c5dab9a24221ced1697188bc89d9b682e050434334ba225;0x151fb903;0xffdf254fL;0.500000;1503156647;1503156647
0;256;8048;0x89bff37196c54480d4d740fac7434d42eab4cfa7b2e1dce115defc5d481b5bd1;0xf3367542c8ee877fd5fea04c73a4e719f8c82d33dbe6fe5da63b56ed501e7a14;0x7f26c8d6;0xfbeef724L;0.500000;1503156647;1503156648
