0;256;8048;0x0b134c764cd75b80b67ad71784c85a999831a92a5f8a7ad945508a22042ef20f;0x02a483f63bc2cef539df8605d25332db4519d1266ac36267f8469cdb94c21018;0x00c7e40b;0x6a836267L;0.500000;1503142248;1503142248
0;256;8048;0x0b134c764cd75b80b67ad71784c85a999831a92a5f8a7ad945508a22042ef20f;0x02a483f63bc2cef539df8605d25332db4519d1266ac36267f8469cdb94c21018;0x00c7e40b;0x6a836267L;0.500000;1503142248;1503142249
0;256;8048;0xb3907aa39e4a2746e8546d7b0dc48cb5c29c34ff46bc61a8b640895cdc018c8f;0x51b5e377ecd5185a01e185a458aa3d84acf4eb8a9b921e508ed8727d38c528eb;0x277afb5d;0x2a6146aL;0.500000;1503142249;1503142250
0;256;8048;0x9daefafff82feba63b3ab5b0e8902d918d3ebc1db243d9ace04578cbfb5bbe99;0x3acd46c3ba017dbc4fd1b92bd546c2dc194ca91f05cb8b6e73ba6e2847bf5fb6;0xe816f339;0xfff7dfe7L;0.500000;1503142250;1503142251
0;256;8048;0x45ca4965bca6cf7b50207851998bdcb57183a2d20e04bd1f8294ed5200969d45;0xa9c1be5e554b17aebf1bac7bb0b5eee26caf89f3f5ef237ebb5cf64325eeda42;0x049453ac;0xf5ef217eL;0.500000;1503142251;1503142252
1;256;8048;0xee6c4606a1a44e3a2bf85aba82ce50fca7e3875210b0ca71e769c1296571ee53;0xebc4a06f61cfd00efd5c72979f3dd09ba20929cd897a1c4c953d97b76902a75a;0x4c71f8c3;0x897a1c4cL;0.500000;1503142252;1503142253
0;256;8048;0x9a1f3ae074c2f9a46fb20778bd9b8c8964b9aa92ba1802e086300007ea1e0b84;0xe816999aea9e13e0313447d570f8d5e946ccd00a0b3da69c434fa04ed28d1b73;0x6662db50;0x4bbda69cL;0.500000;1503142253;1503142253
0;256;8048;0x9a1f3ae074c2f9a46fb20778bd9b8c8964b9aa92ba1802e086300007ea1e0b84;0xe816999aea9e13e0313447d570f8d5e946ccd00a0b3da69c434fa04ed28d1b73;0x6662db50;0x4bbda69cL;0.500000;1503142254;1503142254
0;256;8048;0xe410afbf8c2e8a5b96f69da791973913fa34d38e0e20122b1454f017a8d2958c;0x7b8d06e96cfd77543327e7c7aae963d84260539252a10ce7e0656d714d6e48fe;0x7d85a9de;0x52a18ce7L;0.500000;1503142254;1503142255
1;256;8048;0x037d5e7c481e8b395c439dd847ccfa6a2e8e423bccea0dcd819b3a6ee04904e3;0xb204dd5973fe1eec982a613668eb02f51d0a3cf822521e1d7690e724eee47209;0x8e6b7677;0x22521e1dL;0.500000;1503142255;1503142256
0;256;8048;0xd88dac76e4ac993ee6c3f6c1325432c227461a7acf51f41e01ccd752fef537d6;0xfc0312da2c8e8dfbf4344b6db5f5acb9ed80a93a8a5463d1134c5a5117d8b6e5;0x016e8995;0xdfffffffL;0.500000;1503142256;1503142257
0;256;8048;0xe043405d3230e427a99f7605f9cd1a8d68279154abf7a186e84dcc824795ac28;0x1df27ff5148ed45c5ae3fdc93ab20f60c7d0c7b7108186b74f45164fcc5b6bd5;0xd8ef9551;0x138586b7L;0.500000;1503142257;1503142257
0;256;8048;0xe043405d3230e427a99f7605f9cd1a8d68279154abf7a186e84dcc824795ac28;0x1df27ff5148ed45c5ae3fdc93ab20f60c7d0c7b7108186b74f45164fcc5b6bd5;0xd8ef9551;0x138586b7L;0.500000;1503142258;1503142258
0;256;8048;0x09fbc17c34dd27c75583d89f33733f4e8f5d7c0a5ded4a6cf5b437a06e15b977;0x0d13fdbc1f68fe830972d474b08142748cda79901e071ca1bc5e233de7801414;0x832e9948;0xff4422b4L;0.500000;1503142259;1503142259
0;256;8048;0x06009d8ac53f17d76a739b21294a61907d8ab0a1a6c467d7537ff12e2844c52f;0xb35c1f4feb1726c33588879147b20e4bc350110d7418b793a371daa788fe6819;0xea781ffb;0x7418b593L;0.500000;1503142259;1503142260
0;256;8048;0x2434a62512f2877b3df19eebe58a52354722d8c9b95c4ee2cb8084558f937ab3;0xaf9d150b52f466a11e1a1bfd0e08ff66f15b981dfb2f7cf0186b5cc88b7dde7e;0xa0eab6d1;0xfb2e7cf0L;0.500000;1503142260;1503142261
1;256;8048;0xa7d421aad026b0b888c0a3eaf0334c4618974e49144e4329540f889d960f913d;0x1bf68c3f7a015b9b2c4551cbae7e04ae1fd7b4bfd5fe1364d168a82adae1d6e1;0x73b11a48;0xd5fe1364L;0.500000;1503142261;1503142262
1;256;8048;0x681a0ab9d7cf0b739ec9dcd9f7b0712a55142d4009b4eb7343060dc0fa581962;0xf92aee7c25d986c0be35dde7b64997d26a390f282fbe0972ce9663907333a8d4;0xbc9e7944;0x2fbe0972L;0.500000;1503142262;1503142263
1;256;8048;0xba8a8468544344eeab6d516ae7c4b3beddb9778ba6aeb9bab6dda56202c402bd;0x202a5fe83ea42c59275b92f5a087d0a700076844c06ce85bfe0c3569d85c6d45;0x34275992;0xc06ce85bL;0.500000;1503142263;1503142263
1;256;8048;0xba8a8468544344eeab6d516ae7c4b3beddb9778ba6aeb9bab6dda56202c402bd;0x202a5fe83ea42c59275b92f5a087d0a700076844c06ce85bfe0c3569d85c6d45;0x34275992;0xc06ce85bL;0.500000;1503142264;1503142264
