0;256;8048;0x2494583100f3d741a69c3028894f98584f615290eb9c18d9c982c9bf24a0fc48;0x0e24558c5e4003502a21f2e017eafe395dcc31ff92322c66840935d3aa61367d;0xa171016a;0xefffffffL;0.500000;1503223201;1503223201
0;256;8048;0x2494583100f3d741a69c3028894f98584f615290eb9c18d9c982c9bf24a0fc48;0x0e24558c5e4003502a21f2e017eafe395dcc31ff92322c66840935d3aa61367d;0xa171016a;0xefffffffL;0.500000;1503223202;1503223202
1;256;8048;0x8f82a9b2b03f9267acb3a60ca27f590a4c57b6a4bec46d74d12c17fe2057fab0;0x6166aa11b72f914c2a86d653ce49ebafe92119f67ceee7f99cf83509f041c263;0x25b97324;0x7ceee7f9L;0.500000;1503223202;1503223203
1;256;8048;0x5e68d7c6cbf33f1ee5c92993ab23ce10f8eb30058b50c957cb734198a6041504;0x86e10592b5aa2911beefcb76ccbe05a6992b789c6fe4f7e127e4376d00b2d87e;0x676d46b8;0x6fe4f7e1L;0.500000;1503223203;1503223204
1;256;8048;0xad60ce10c5d92247b6eacaafc258cac57342c470dc1daf8f5e92f5c3fed009ab;0xef2ea3d5b4726bb4472e0eb8e7b6aaa99b5eddd1c40f1714d1770e5d022ecc7f;0x58190b94;0xc40f1714L;0.500000;1503223204;1503223205
1;256;8048;0x286d2bcda597117855254437f67d12c305d32ca7bc2bc74e66ef9f85f5d5e01d;0x555a1995c04b60d6fc68f2a4393fb2ddb4b99c7c064bf7f6f794a5b06c52587c;0x17748d20;0x64bf7f6L;0.500000;1503223205;1503223205
1;256;8048;0x286d2bcda597117855254437f67d12c305d32ca7bc2bc74e66ef9f85f5d5e01d;0x555a1995c04b60d6fc68f2a4393fb2ddb4b99c7c064bf7f6f794a5b06c52587c;0x17748d20;0x64bf7f6L;0.500000;1503223205;1503223206
1;256;8048;0x819da9bdfe0e9c5ce10b7649e965fe19eeaf3ecedeb47975e2f4b41220e5cea1;0x58f68a5aac8561f6d685c816d3f858d09102a0ae913ba52f2202452355499789;0x799d29ee;0x913ba52fL;0.500000;1503223206;1503223207
0;256;8048;0x34c71ece750251132272d826da5067c3f675bd87d22f682b4f179123711c75a5;0x07d21b11d9e80c973b1a30c02ba0cfc621518f7b77b1395d1d5981ba60e9a381;0x8bb3ae8e;0x7fb1395dL;0.500000;1503223207;1503223208
1;256;8048;0x1a651f4ebf1b0dc23e2d441e903860150c4459888150685f471ec6d7aaa0bac4;0x053a693372a6846509caa9edb54fcfe4070a61560e6dfd5bd93e1f9dd92e6bf6;0xf1e17f33;0xe6dfd5bL;0.500000;1503223208;1503223209
1;256;8048;0x9b48e88256d5654b98308346e7b58aa5972a9a4226f8758cd9f2ecfe611912fc;0xdfa6d95bf87561f68f4c43d49b298c2588688943695a212226d74d83f946493e;0x7cc3cd48;0x695a2122L;0.500000;1503223209;1503223209
1;256;8048;0x9b48e88256d5654b98308346e7b58aa5972a9a4226f8758cd9f2ecfe611912fc;0xdfa6d95bf87561f68f4c43d49b298c2588688943695a212226d74d83f946493e;0x7cc3cd48;0x695a2122L;0.500000;1503223209;1503223210
1;256;8048;0x6704f417553b14a68a8d4b7fde926caf97dd5148be522aa0c8eb7481dcdbea43;0x9a4bdf2a298e2fe9959b6273b5890d46a1b939988f2c6b244e347fd2dd4db4fe;0x7c127369;0x8f2c6b24L;0.500000;1503223210;1503223211
0;256;8048;0x0130a3c3a7af75b119f93e85feef52a8a41575688dd2fc12e48cb7e232166433;0xe757409032cf5ba755b0ce54aedf7bb8045546bda803dc04e42ea832bd8729e2;0xe94fc6b0;0x49d88801L;0.500000;1503223211;1503223212
1;256;8048;0xe0a40a35f961364c083252c885ccb200a866051832945de515fdb78bef543ed0;0xc9e60ee0553fd2b24a5cb3cc5ec362f5e4d3a9e917b53f6d3b72833b14966470;0x6a4cdfa3;0x17b53f6dL;0.500000;1503223212;1503223213
1;256;8048;0x327ad539048b0530e49bc752a6d8b101b95c0cdbc4483ae2caada5af1df53c4f;0x65c41738dfd008813cf37fee8a29aabf063c1a198e9aa05343a65fd7b51a278f;0x7873d866;0x8e9aa053L;0.500000;1503223213;1503223214
1;256;8048;0x68d19ec7507dd07ce0b559203e4b4085468ae7e39d4ce71c8e25f83811c8977a;0x3e8d55cfeac7f6d7b09247f4c67a6029041c0b92828c92cd040ba69f87bb9bdf;0xfeaaacb1;0x828c92cdL;0.500000;1503223214;1503223215
1;256;8048;0x0381debe4b6c406b4a0ddc6d07a1750ee812b2a59fc4e5f6a4c29adb319e4c34;0x74da5de4a401354fffb3480029f9e3da41c7038c3d9de03ef4616eac0fc258f2;0xab00d784;0x3d9de03eL;0.500000;1503223215;1503223215
1;256;8048;0x0381debe4b6c406b4a0ddc6d07a1750ee812b2a59fc4e5f6a4c29adb319e4c34;0x74da5de4a401354fffb3480029f9e3da41c7038c3d9de03ef4616eac0fc258f2;0xab00d784;0x3d9de03eL;0.500000;1503223215;1503223216
1;256;8048;0xca0cdf13fa18c2c44032b83eb15f44724e416938589c727626b3429dea33cab4;0xe46283cdd1ac7f009cc9fa9500227cb0fa5d16cca93b31bf4a4585fdbd225dc1;0x6cc3789a;0xa93b31bfL;0.500000;1503223216;1503223217
