1;256;8048;0x48dff264472a1837891efb7ff90763c39ce5a523c06c4e167ff0df7f41f13889;0x3e014e961ad00d03623d08b3171336c7fc3a81edff7468e79ebb9b5f95bbdfb4;0x6e06c5ec;0xff7468e7L;0.500000;1503214865;1503214866
0;256;8048;0x0829fb63ec1cd01b4eff0b31cf4cf7b8931434a04a3353f234cd9f7de3979beb;0xfd9d59b86914b499a37252689357e732e33251ea3bb45e8a1c3c426f2d1f7dda;0xbede5a7d;0xfffffffdL;0.500000;1503214866;1503214867
0;256;8048;0x5ade3bf1e41175e1741d1bcb05088d62badd30cc2a15b67cf4a867c56fe1f1ca;0xe0cb9939e720a118b4f4a4ae4cdbfe69a70c9ab5c540018b3dc6ee772dc00386;0x1472210b;0xffffffffL;0.500000;1503214867;1503214868
1;256;8048;0x58ca79321b018c52a1c204e33dd2ed7c75f79137b26b302cb3761ffe74d623cd;0x16cd4e6c0ce6cc6f825a4be1162cbe89d993f7e4f455e3e914056dc9e8e085c0;0xa587310e;0xf455e3e9L;0.500000;1503214868;1503214868
1;256;8048;0x58ca79321b018c52a1c204e33dd2ed7c75f79137b26b302cb3761ffe74d623cd;0x16cd4e6c0ce6cc6f825a4be1162cbe89d993f7e4f455e3e914056dc9e8e085c0;0xa587310e;0xf455e3e9L;0.500000;1503214868;1503214869
0;256;8048;0xab1cb12425f84ae4e9a808912b3cad1ca1009e0faa392988cec75d330b8eb6b7;0x446c457cd132f310679a5404d8ade2706c0deec8023b6a4630a8899047208eea;0x989efc02;0xffff4ea2L;0.500000;1503214869;1503214870
0;256;8048;0x30dda554d38ea4110da2100d5265df9401b62513d7d70f0af995efbe93f3d1c4;0x3526c3dcbaf15e40e88452538c4a2309564572ffa48878bf509be22e70b59191;0x37e554b6;0xa49b78bfL;0.500000;1503214870;1503214871
1;256;8048;0x26f2422fd2024b0525889c308c5f2d182641bf6ba86cda593e5f9de5821741a8;0xb62e317f26ef63947e91e453a4e36d003eef069a3bd2c9c0b0e99af73a277859;0x03b36dbb;0x3bd2c9c0L;0.500000;1503214871;1503214871
0;256;8048;0x31fe860976aba797e98d92a6972d0d26d3d8b688e87a76e7f722876192f036c3;0x9d4cf1aa9a8af9e02ff14154f2358a4a727aa54f9704252b006cce8818a5ddef;0x16a97f8a;0x9704352bL;0.500000;1503214872;1503214872
0;256;8048;0x31fe860976aba797e98d92a6972d0d26d3d8b688e87a76e7f722876192f036c3;0x9d4cf1aa9a8af9e02ff14154f2358a4a727aa54f9704252b006cce8818a5ddef;0x16a97f8a;0x9704352bL;0.500000;1503214872;1503214873
0;256;8048;0x2309ce8fc4015f50c02997de0aa440f3f4fc5576f20c250a52dced1a2c05354f;0x1eb21aa20bf15038e0d177e666d6c3104c4c614ad7ff893c5cba0a1c42e1b029;0x00b2080c;0xf3fbfd54L;0.500000;1503214873;1503214874
1;256;8048;0x7d86ab1681d1b82af29c2aa944182d2869a9d8f748a57e2846e9fbca421a48bf;0xc061c0db6c5bd0238438561810c369b533fba0693310dd24e355ca4dd12b5309;0x5b03f231;0x3310dd24L;0.500000;1503214874;1503214875
0;256;8048;0x734624416b5be261f6e504e06cd3d22c8f65cd167a827a457b843e3f56fa4bc9;0x5310dc3845a73ac1f2fdc1614ef9852987c18488d84701c4a2d41c820bf223e0;0x429f265b;0xffffff39L;0.500000;1503214875;1503214875
0;256;8048;0x734624416b5be261f6e504e06cd3d22c8f65cd167a827a457b843e3f56fa4bc9;0x5310dc3845a73ac1f2fdc1614ef9852987c18488d84701c4a2d41c820bf223e0;0x429f265b;0xffffff39L;0.500000;1503214875;1503214876
1;256;8048;0xa8385427af34c8d862fbe5efebd1bf3f3546acfec0650dbec69ae738b7c6f560;0xaa8023c05dc5f92d6045f7b34c1429ae52a591413735f6b9a8b779cb94d835cf;0x1142c050;0x3735f6b9L;0.500000;1503214876;1503214877
0;256;8048;0x421174c3ae6ab8b248268957ed8298811e0524778035a1442047ee092d2a0f6f;0x8b94110a5f5871ea73dbcbe72ee7b3967efa36f8a9ec5c72bdbabcdd74064a83;0xa4686232;0xf9f75738L;0.500000;1503214877;1503214878
1;256;8048;0x6f61f947de3224c7f854b583bc53cf3d841c804b13fe644d9db37cebdc4cfa4b;0xd0816c10ed24c2df6fecada28ac012a34246b3561f300e8bafd467a5d70b93a0;0xd9bf0315;0x1f300e8bL;0.500000;1503214878;1503214879
1;256;8048;0xdeac05d9097a9ffe7b9dd46019b5627b1f6ac8c3f564b83c1d8bc3ddf5197bd3;0x8b879d05decb4159bddd150a6f59d24747c92ceb07602b57c14c648bd1c7fc44;0x70783c54;0x7602b57L;0.500000;1503214879;1503214879
1;256;8048;0xdeac05d9097a9ffe7b9dd46019b5627b1f6ac8c3f564b83c1d8bc3ddf5197bd3;0x8b879d05decb4159bddd150a6f59d24747c92ceb07602b57c14c648bd1c7fc44;0x70783c54;0x7602b57L;0.500000;1503214879;1503214880
0;256;8048;0xb1f73853a661dc7cf0a21079bc6d650eebb9002beb03c3237d902e4286252737;0xf9a07cc695cf44cc357e080a781dce4f24367072ccec7e8ec12fb912392f73af;0x1ed40266;0xcccc7e8eL;0.500000;1503214880;1503214881
