0;256;8048;0xdca85dff583fc44281d7a975da914d4069f3ed98ae42a051a5e6ce228d28c369;0x696dcb34ec6d0b0a595ca7ca75773cc51eebe4c8cf1dd46d1fe8a9f42e0a010e;0x4c281502;0xcf15d46dL;0.500000;1503132033;1503132034
0;256;8048;0x4edf26d9a0dcd952d54c1a710a2deed71a565da5d721185e46c6b45ad883ac26;0xb39448688b5fa2864a03b593111dff7c0f39b29b934c82701c702ead2925e39b;0x227cede2;0xffff0388L;0.500000;1503132034;1503132035
0;256;8048;0x1014be25f3714bbb2d6197234a7ccdd58bd5e19313917257988e6e2ce1db79f1;0xd258ad666b8683d5d2e0c24c068af3b02667c4ddab5f8db5d09c59135bd2176d;0x6e1b2214;0x8b578dbdL;0.500000;1503132035;1503132036
1;256;8048;0xf247b59b5f4846f017b27e36f197f52dad76af3df09200305a17a3ed0f721502;0x77ed6b5d303585252be01eef27a332cb07998390c6b84c64c9e23fd5cc3ced6e;0xdca0b688;0xc6b84c64L;0.500000;1503132036;1503132036
1;256;8048;0xf247b59b5f4846f017b27e36f197f52dad76af3df09200305a17a3ed0f721502;0x77ed6b5d303585252be01eef27a332cb07998390c6b84c64c9e23fd5cc3ced6e;0xdca0b688;0xc6b84c64L;0.500000;1503132036;1503132037
0;256;8048;0x2b3cb666930ccf0d6d2cd1bcfd89da6895225e084c0d3c2b309f911d2caa5057;0x86304c93938c315b15142f5917b17dc054f666e47c744eefccbd9fcd80c8959c;0xd6bada9e;0xffffffffL;0.500000;1503132037;1503132038
0;256;8048;0x20eb8846f39dbc6a2d21c825a10982f8727096702039af1148e19f1d5eb0727e;0x9d51d537a63d10ac8d67b0b02d889546715f7ba56e2747359c1fec511a76afdc;0x97df2ba2;0x6ffbfb41L;0.500000;1503132038;1503132039
1;256;8048;0x0834a7845ec059f402af93b3623f87a6f5bc62abc1367373b5503966c15b63c9;0xe2787bb5eade900c21547ee49e6586fac338d62530cf1ace72d1f662c6cd9089;0x0a00890a;0x30cf1aceL;0.500000;1503132039;1503132040
0;256;8048;0x7ae14ffe2af636bf7ab1dda5d71ec940d6be9ff1ec11e644b10aa74dc305b53d;0xe747d5d96c8b9edbdaaceb6f1993a80bc61592ea5cd561e5c50a314fed71e0ec;0x71a51403;0x5cf761efL;0.500000;1503132040;1503132040
0;256;8048;0x7ae14ffe2af636bf7ab1dda5d71ec940d6be9ff1ec11e644b10aa74dc305b53d;0xe747d5d96c8b9edbdaaceb6f1993a80bc61592ea5cd561e5c50a314fed71e0ec;0x71a51403;0x5cf761efL;0.500000;1503132041;1503132041
0;256;8048;0x0fd0f55a5ca93024a6bdaf61b818ea10a347fed84d9d558a89b04d03bbbdb8ca;0x673924f1d6f31d9c354a373b93af6b337682a7365379fa07f67cb4cc0ae04c43;0x9e2e709c;0xd379fa07L;0.500000;1503132041;1503132042
1;256;8048;0x1e7a4b5a401ad77aa44a9bc9f3d67e920811261afabfa5fbe3a761bc1e1a453c;0x2ae2fdfd8200324cb4dec968d0a9ef4e1319ba78af628212f0d67cbeb710efcb;0x00f51fd0;0xaf628212L;0.500000;1503132042;1503132043
1;256;8048;0x8d565b5f3ff7142d84741a96f9efe12e584b939024dfd79e17dda1d22a3b30b8;0x017bf4d7c27cf9aa1b1d067f405709641d6a6c68dc664bf8f107cd3240b5c094;0x17e7ea98;0xdc664bf8L;0.500000;1503132043;1503132044
0;256;8048;0xedaa22454f6a424bbbc1ae105b605de3ecac14800331b4f848f912d82521cf12;0x2cc5cb383cf819a2a0fcc667bb3224fd5c04a6843e3eeec202e8886419cea06e;0x3eee4f06;0x7f7ff7acL;0.500000;1503132044;1503132044
0;256;8048;0xedaa22454f6a424bbbc1ae105b605de3ecac14800331b4f848f912d82521cf12;0x2cc5cb383cf819a2a0fcc667bb3224fd5c04a6843e3eeec202e8886419cea06e;0x3eee4f06;0x7f7ff7acL;0.500000;1503132045;1503132045
1;256;8048;0x6c8d4ac181e2214e36f9d5df01e58d755e2c023714cfc8fe759213b92a475496;0xd9aa11f7e466686c0f0d756b5e9e535dd69267987c969a6af0a451003ff66f26;0xd0aa087f;0x7c969a6aL;0.500000;1503132045;1503132046
0;256;8048;0x725df640e73be1b55e82ccd76578b121c56b6c49861f13a051eeb7f291a31c04;0x2734f90ab197dcf29669ae4fed9a7d3d15f186a03f65d1d1445c6ac106f8439c;0x4b868415;0x3f6dd1d1L;0.500000;1503132046;1503132047
0;256;8048;0xf2ec08d0ebfacf61abacc616bdfbdca93418971915b37ac3392ba0e946659538;0x3593aa7923f42afb2e033ca00d377647e60d7c37614a6133c8f68202f455256a;0xffb526e1;0x654a6133L;0.500000;1503132047;1503132048
0;256;8048;0xe5631360dab8c8822ff0934dc6f607e57ea58d29e5090d0dd9421e790ed2edf4;0x4eb7cbb53f4b9fbabaedf223f22469ccf8631f8171ba1bcf2c73454533cdd062;0xb0db9ca0;0x79ba1fcfL;0.500000;1503132048;1503132048
0;256;8048;0xe5631360dab8c8822ff0934dc6f607e57ea58d29e5090d0dd9421e790ed2edf4;0x4eb7cbb53f4b9fbabaedf223f22469ccf8631f8171ba1bcf2c73454533cdd062;0xb0db9ca0;0x79ba1fcfL;0.500000;1503132049;1503132049
