0;256;8048;0x7a848098d159b77dd48d1f131dd25260e01c655736e0cbe09853dffcd9355353;0x50701d6598bff791ef0047e4bdc9a822377d6ac95b6901eeafad37de992eb948;0x3af07d5b;0x5b6949eeL;0.500000;1503178012;1503178013
0;256;8048;0x9557fd61aedae1ce189b09e7d062b4ddf3706d7d7de9690577ed97b3b2707947;0x6172f8e329b429a05cff62e315cd406aea9682d6eed95d2ea68ef517702bc180;0xeb84c9cd;0xeed94d2eL;0.500000;1503178013;1503178014
1;256;8048;0xe1f836b5f391eca588c202ca8871a013aeb6b7909dc0d347ce1c1f13fd9df2de;0x10aff799456672669e5f9f24f8625ac64861bfabb78357eb4072597fca98412e;0x75cd2832;0xb78357ebL;0.500000;1503178014;1503178014
1;256;8048;0xe1f836b5f391eca588c202ca8871a013aeb6b7909dc0d347ce1c1f13fd9df2de;0x10aff799456672669e5f9f24f8625ac64861bfabb78357eb4072597fca98412e;0x75cd2832;0xb78357ebL;0.500000;1503178014;1503178015
0;256;8048;0x687f948aa313ee5bd8eca653394f55563bb6ec8dcb5626018ca1a15a21e16f89;0xa4ea3516727c9aa96599b1abe4a036c796553b802beabd79d5931a4c6f19ecb2;0x4e3cb398;0x2beabd59L;0.500000;1503178015;1503178016
1;256;8048;0xbf4ea3d0ef7f1299909b34e0717e56ddfbb0cafb5782163b6cd5c54051fcf810;0x3729dbba67f025aeafe9daa28f56a295e18ae27380b42dd2d7f41bfb2f632596;0x4d6cb22d;0x80b42dd2L;0.500000;1503178016;1503178017
0;256;8048;0xcba3cc3dce5c60e6a8a87a2005ca0df377954f1941a95217a3ce739a7cf0d448;0x5ef7768f7a07c980d1e45d59d6d60faa34f243b723db78ca1480fae3a5d95a69;0xdc4b0f9f;0x239b7acaL;0.500000;1503178017;1503178017
0;256;8048;0xcba3cc3dce5c60e6a8a87a2005ca0df377954f1941a95217a3ce739a7cf0d448;0x5ef7768f7a07c980d1e45d59d6d60faa34f243b723db78ca1480fae3a5d95a69;0xdc4b0f9f;0x239b7acaL;0.500000;1503178018;1503178018
0;256;8048;0xfbd26d6587a40137d6af1d53c2583a8d5b53805a41ad8f72ff9501ccd0e58ecc;0x2550a112b75933bc64055f8754a7a57eed545d969f4cd5a375b9eca2442f3c12;0x67ed91d7;0xffffdfffL;0.500000;1503178018;1503178019
1;256;8048;0x45fee368f5fff1ca4bdee64f7f8289308aa628827db4ce8105fdbf5d6083c5a5;0x572e9f28e70597693d613c3e6b6c11f4e979f435d396aa6074913e80e2de7e31;0xe8dc2a83;0xd396aa60L;0.500000;1503178019;1503178020
0;256;8048;0xd27e6719666808a0a934db68008b24bd7733edec2d89aff6ac638386c7a52e99;0xbf4438c8af287bd14907cd51653d53c0e9da018a7977aaf9fa03e9cdb6a7c459;0x6c8072f0;0x7977aa79L;0.500000;1503178020;1503178021
0;256;8048;0x20c7a7341989cc36aad38092f4af3af7be9aa06c286a0d9047df920c48e9ca68;0xcc8e05c7f01041a1b20bfef09a85862f87f57a026f635d053a3731225108ad00;0x83e85fbc;0x40904001L;0.500000;1503178021;1503178021
1;256;8048;0x51c15a57e46f1cdac1dfc40d6cab5eb9b95cc603c1011439be7a15d4d3134d24;0x94e2a20d845a1f47d6ac700306ec8ea1b3560602a2e5b8cf78ad9b4b16e64527;0xa5f6418b;0xa2e5b8cfL;0.500000;1503178022;1503178022
1;256;8048;0x51c15a57e46f1cdac1dfc40d6cab5eb9b95cc603c1011439be7a15d4d3134d24;0x94e2a20d845a1f47d6ac700306ec8ea1b3560602a2e5b8cf78ad9b4b16e64527;0xa5f6418b;0xa2e5b8cfL;0.500000;1503178022;1503178023
0;256;8048;0x32788078a57642cb0f14969e8982dac4ff793bf75393101a44b6cb02e6d13418;0x10a9c4edd381561fadcba93bb27c6276379c25afdeda8eec8117105c10822c00;0xb0d1c51d;0x9eda8eecL;0.500000;1503178023;1503178024
0;256;8048;0x5014058240f6749ed0ae78f658aba732d31999f6c30c3c5a43a473567497e7c4;0x9ba80bc6c225742776b514fda74dfe39f5f27a9d836fcee933849438065cbca9;0xa9a1f449;0xbffdffffL;0.500000;1503178024;1503178025
0;256;8048;0x4dc94db398027b89658ddc86b08defc741d96f4a88c9b2843e2fc85063ccfeb1;0xbee1e46437dd0256906583d9988105edc3520e410042a4b21ea666a589a5d205;0x4f4868da;0x2142a4b2L;0.500000;1503178025;1503178026
0;256;8048;0x9ee37f094fdc81fd62b5a5a3411537ac44ef80232bd21b1c43a7778ccdce856b;0xdbae7d9a88fc5113d6c733183f9c4578fe9ec1ed4b9d71012cc7fe1f6db005bc;0xc03d1287;0xffffffffL;0.500000;1503178026;1503178026
0;256;8048;0x9ee37f094fdc81fd62b5a5a3411537ac44ef80232bd21b1c43a7778ccdce856b;0xdbae7d9a88fc5113d6c733183f9c4578fe9ec1ed4b9d71012cc7fe1f6db005bc;0xc03d1287;0xffffffffL;0.500000;1503178027;1503178027
1;256;8048;0x17d1fd05d6ec10af2df921da02dca79b5aec930fce09694d3a461ba5a18de7b8;0xe3405d02d5453fc59064e61ca87055856896763e27c1b00de42c60e1090ecb75;0x65957ffc;0x27c1b00dL;0.500000;1503178027;1503178028
