0;256;8048;0x55515baa9fd27fd39a829419497744264f1b2c70da57a77346158f7f8e80a6e4;0x85679c4667e3d9714f4134d507484d06ca46b93a14f3bb302ac78c207f2fe7a0;0xd1aaa3be;0x25488c89L;0.500000;1503140953;1503140954
1;256;8048;0x6dc5189e19b100e27069ee574043c5eb9e6b9ea7e8ea8b7e5aa2efc61a089987;0x575bd99e304de0bf18ea128fdbfa7d5cc9a2066325942cf853b68d2e821406da;0x6a8f519b;0x25942cf8L;0.500000;1503140954;1503140955
1;256;8048;0x197db1d606d4c7efca217e1e951707a13dadcc3ee69420a06212290eb2cc45cc;0xf8a1ccaec50ebf456068275f829572fa74bf95c8a5a5b6e2b5d9aa73e3f7e38c;0x937e5fb6;0xa5a5b6e2L;0.500000;1503140955;1503140956
0;256;8048;0xd358da2f72f90cce503c80fbdf6b36ac20dcedcde68f51aaa399cbd375e05948;0xbd0bcd902425001717d809aab19fe231a3748338a69df2f59464ded1889984f0;0xc110b446;0xe69df2f5L;0.500000;1503140956;1503140956
0;256;8048;0xd358da2f72f90cce503c80fbdf6b36ac20dcedcde68f51aaa399cbd375e05948;0xbd0bcd902425001717d809aab19fe231a3748338a69df2f59464ded1889984f0;0xc110b446;0xe69df2f5L;0.500000;1503140957;1503140957
0;256;8048;0xf0acf979ae6cacc7c2abbca72de541a19b2a97a5c1a4d6c792ff71e20e70d1fe;0x6d8c4d90d005220f826c838c76a183131b5ce9f2bd028c1f2143d4421f5cfa55;0xf345a736;0xbd0b9c1fL;0.500000;1503140957;1503140958
1;256;8048;0xbfacbf2471db05081d9468039462e2f7061b00eb81a0e59de361cf44f2664cb1;0x3457048431bb5182e9cf5777fa27a7e941138623b1b45514c5a1881091de6dac;0x1ac8271c;0xb1b45514L;0.500000;1503140958;1503140959
0;256;8048;0x1417ec704702383d31182a0c287771a3e0ab8ef92f9020e9ca0a99726b1aac80;0xc892403656c7a8dc4d6a6a55d99b09f9e3813081dadcf4fb66418e31cc38c8f6;0xacadeb54;0xffff7f08L;0.500000;1503140959;1503140960
1;256;8048;0xbacd3711b6327ccab990ca8c6e0ce5780c7473fa3f2ce542a1c66fe6e9efb6a3;0x68bd6d43ca2e912a98eb9ae732c2a7ff19ac0f5382bca04cd226c11200099e32;0x7544ba3a;0x82bca04cL;0.500000;1503140960;1503140961
1;256;8048;0x33772177e070c2b1db7fe9c63338fc30d0419eba512742c4215340029098d4c3;0x5f9ccad6027d680effc14b7eed40b7a077a4a767c9e048796e546f547d138f4b;0xacf1dd06;0xc9e04879L;0.500000;1503140961;1503140962
1;256;8048;0xa11965e0fe2410091a4c1e1234fee02645b770ac645d7b53c0cd61b52c6b1ecd;0x4ad498b36213b3ea11c526bd21c690653f7ba429b5279ca04cc6f454b6010164;0x0a3b1aeb;0xb5279ca0L;0.500000;1503140962;1503140962
1;256;8048;0xa11965e0fe2410091a4c1e1234fee02645b770ac645d7b53c0cd61b52c6b1ecd;0x4ad498b36213b3ea11c526bd21c690653f7ba429b5279ca04cc6f454b6010164;0x0a3b1aeb;0xb5279ca0L;0.500000;1503140963;1503140963
0;256;8048;0xb5a6254c16a5ebdefd7e0d2418491bcdddaf6545a25f434c29225e3c385634ee;0x7871167b151ec58822030df6bdba7083910ca5d93497858fc385075992ea3d97;0x831ef483;0xffefffffL;0.500000;1503140963;1503140964
1;256;8048;0xe51eb169d3a3168ab22688ac0a631d97dba5d4db7ca328379b758a30c67cebac;0x087249b47bd73d0f740ccfb3265baa0a88416c0a32089f97996604962c4adfba;0x0bc124c1;0x32089f97L;0.500000;1503140964;1503140965
1;256;8048;0x001177120aac5a2fdc29d56efc408d4b9d972a75037abb4ee5613bb2785f2678;0xafa1171435b60e51cc0d85143fdf1129eb205f4e4c68faa67dd5fde1b214d787;0x93f343c9;0x4c68faa6L;0.500000;1503140965;1503140966
1;256;8048;0x68ce913a88ca58b2c4c4148599c26eec365b3d2bc2ee5dfc43adeafe2abda492;0xa6665f8dca70b5311543efa6d4e9a90860b3e4743717a21aed5689a0b1416cb9;0xa82029be;0x3717a21aL;0.500000;1503140966;1503140966
1;256;8048;0x68ce913a88ca58b2c4c4148599c26eec365b3d2bc2ee5dfc43adeafe2abda492;0xa6665f8dca70b5311543efa6d4e9a90860b3e4743717a21aed5689a0b1416cb9;0xa82029be;0x3717a21aL;0.500000;1503140967;1503140967
0;256;8048;0xf514e4d175a33bccc3f0e3f560bd331ab0dba12ef0875d33549d0f5ee014d4d6;0x3ddfe31095f0fac5b1bf75affc1c1ca5d2d487c7df90be9212a8131fb7d6bc68;0x5b0c6e00;0xefffff7fL;0.500000;1503140967;1503140968
0;256;8048;0x49d515b023087de21982fa518d2c69a7971c668f3de98317572ade2ed3b94e1d;0x9734d91e1a5389dc5afa0b234996914b54a06fd9c212521eca4d99d0e52408cf;0xc04c0397;0xfffffc90L;0.500000;1503140968;1503140969
0;256;8048;0x409c20dc12df83c7c5c6eb23617a2e106002b7cfa556bd9bc0d92e9ac03ed000;0x616d949d663b06a6ae3e4e2ebc603808aaa7fd6431eba4699236ec380670a1ad;0xe76fef1c;0xffff7f7fL;0.500000;1503140969;1503140970
