0;256;8048;0x5ca104cd0d16d8ccbc31c1219e38f7eaab74622a471c7a268cf9340df048ba4d;0x4855bf3694384fd0ffe5b82c51b74a4a77c082cae5e640cc35a3f85e69f28b1b;0xa330d2af;0xe5e64cccL;0.500000;1503105411;1503105412
0;256;8048;0x0330ea0d7a6a8f0cf3ba7cae0a5b750d9db33e3eb95bc57a52ae64c431bce834;0xfa72a1d557e7dec0f9660db3138dff5672380ae68e640887eec652cf8979f06a;0x33ee4ca4;0xf7ffef94L;0.500000;1503105412;1503105413
1;256;8048;0x06f0243f96c8e117fd822ad165c62c56789ad185438f829fc07a7239a662f7ac;0x073bcd5b79f34e57bc30d26af27b93b8ed33168bb3578b532f231b598144dce4;0xce24479d;0xb3578b53L;0.500000;1503105413;1503105414
1;256;8048;0xfe7eaabed19572041472cbc11316b57d105405ef7d1cb8277928b33db1bd1baf;0xff39169e69c5d4b1df53d9bb65ef88504a7724e9d07a5f1707ca1b77d9e68a44;0x65fdbfc5;0xd07a5f17L;0.500000;1503105414;1503105415
1;256;8048;0x24e695b9eca98ec4a5f4e199654d8c862c79201c215367c2b78530db036e4e27;0xeb0259df5e24b2d38d112ffdd290c7474d8a9195202e72eae0b1c7fd64e8e4d0;0xea85bd02;0x202e72eaL;0.500000;1503105415;1503105415
1;256;8048;0x24e695b9eca98ec4a5f4e199654d8c862c79201c215367c2b78530db036e4e27;0xeb0259df5e24b2d38d112ffdd290c7474d8a9195202e72eae0b1c7fd64e8e4d0;0xea85bd02;0x202e72eaL;0.500000;1503105416;1503105416
0;256;8048;0xda6ddba854070c9487a22398ce267a33990c02ae7b68252c3403b2b4962d8470;0x5e70462aef61b8af40999cc61d17454ea9d4b46fc4bfe96fe5c407149623b730;0x764ae9da;0x84bfe92fL;0.500000;1503105416;1503105417
1;256;8048;0xe42f7ad8d9d6385e1e8e4dbb637ead73ca0eae664eaa86e76db5fe3492ede876;0x5cfe20140a65ac415176e76c104cfb68031c4008abf20421d84d1fde424dc5e5;0x0f552bdc;0xabf20421L;0.500000;1503105417;1503105418
0;256;8048;0xadd1324a7f31138db301876a8051cb2dc7b8aebaa10e5e8bd6e470f30f1ba3bc;0xafaa304ad66e4a5af15ac848da4a1c8cb0b98f88b72be349158d6588d01f8700;0x56eacef7;0xb72be309L;0.500000;1503105418;1503105419
0;256;8048;0xc68efe6993f137c212116241fe0a988697c6ab544f4cb535dcfcc0060a7f2dd0;0xe8a0de6c3d1502f192a4a4e249d54bcb644cc53c89a522a71ee526e925da7c60;0xf388f39b;0xffffffffL;0.500000;1503105419;1503105420
1;256;8048;0x2deab352a10b6ba7859f6f79bf3d21e28c7da495af817390c4f88003130fdd41;0x997cfd6348d1bffc344c22281cb7babc86f0d50adfc5dde0a2ee53203cbc5c5c;0x1936fb21;0xdfc5dde0L;0.500000;1503105420;1503105420
1;256;8048;0x2deab352a10b6ba7859f6f79bf3d21e28c7da495af817390c4f88003130fdd41;0x997cfd6348d1bffc344c22281cb7babc86f0d50adfc5dde0a2ee53203cbc5c5c;0x1936fb21;0xdfc5dde0L;0.500000;1503105420;1503105421
0;256;8048;0x43926202a1a83a4d5eb071a1253c22e4718d02a7d538908fb88dfeb45ee81da2;0xc0a571c614562232f452c352b3a4f80c0ff9abd304c21603b974aa8edfe37591;0xa1bd9755;0xfbfdffffL;0.500000;1503105421;1503105422
1;256;8048;0xf501706742f1977de95befe99addb7b1088520b6a54761ffd50a5c248cdc9381;0x83a3772af49f9932450436db9b7187ee1472cb6f8f5de5f12c3b8557419ffc13;0x995ae41a;0x8f5de5f1L;0.500000;1503105422;1503105423
0;256;8048;0x3153394335e730f775355fb890465320e3f4a65c000505941242e7142d082e5e;0x605313da1d3e799ba2eb69c31c7ff0c0618116f62585ee3858b94cebd3c3206a;0x17c7ed84;0x2581ee38L;0.500000;1503105423;1503105424
0;256;8048;0x35cda5e3bc00f88c0415d8da2140597605792b5284929532e699d29ecdf74f02;0x8e62c8eddcf32bc2cd703fbd34bb4b6f6ca4dfb1465395f55774625a725b9475;0x6e27595b;0xffcffddfL;0.500000;1503105424;1503105424
0;256;8048;0x35cda5e3bc00f88c0415d8da2140597605792b5284929532e699d29ecdf74f02;0x8e62c8eddcf32bc2cd703fbd34bb4b6f6ca4dfb1465395f55774625a725b9475;0x6e27595b;0xffcffddfL;0.500000;1503105424;1503105425
0;256;8048;0x9ce3c8f69495d8c7e3cd656d51443e3d32d27cf2c1494c2555fc0a78fc480198;0xa6b2b9821ac11b288d161fe98630611e038b7bce3e88ada8bfdd03d52deeffae;0xb3c91460;0x3e8cada8L;0.500000;1503105425;1503105426
0;256;8048;0x21b7ba43498588a0640b316065a9172b82978898d703a9b54a19f33bcccd1ced;0x2293a845249464074d24fb14cb85ce67947a87d752e96234cc6cb3562ba61125;0x607d0156;0xffff1859L;0.500000;1503105426;1503105427
1;256;8048;0x738e8d0f0f006a6079cd019990639d846551b83df6a4a8a2232153e366ed22d9;0x65886d4a8ba7320224908104c7a4fb9fa944da10e992840a4ae1a7fdbbd838e6;0x8ce14212;0xe992840aL;0.500000;1503105427;1503105428
