0;256;8048;0xd56cb1c6199fc7b8584ea625902a8ac4e172ded1a3833191a8cfc1028aaa965f;0xcff1c13a87157ba7162f085d88fc68f96c8f4c3c2361185a7cc448eb486f85fa;0xecd4715c;0x2361585aL;0.500000;1503135824;1503135824
0;256;8048;0x65e98fc44bdf40478f56ec044adab4069111d253e429fb3e41918164fdc69962;0xe213245e495e67a851982ea3b7b85a4748c21ffb0219923d3ce780013f09d0fc;0x28ff8065;0x4219923dL;0.500000;1503135824;1503135825
0;256;8048;0xa6965f082e41404ad7f5bd85dd86d199d3aa7b68f2a7ac652198a8c559e31b00;0x021a5f073dffdacb1ea51b3b0581833e17c1fcd965bd0d90c9b5955682117ede;0xb1d44f53;0xffff85aeL;0.500000;1503135825;1503135826
0;256;8048;0xaaf09cb9de9aa635ff0e6609fd22ff4217f30b78b177303f406a372d11e7febb;0xab6b8a12af765497a6f1f87e9cbd08cd102dcf5482e840eecb749439a36c21eb;0x5d93ba7c;0xe2e852eeL;0.500000;1503135826;1503135827
0;256;8048;0xf04149612f4415ebf3456adcadcc7725389314d4d709d310e1fe3430286ab218;0x41dbb9f38e49731c5b447c8a76b4db0c00732c1e778b433d6656034c91c91125;0xfcb211ee;0x7f201645L;0.500000;1503135827;1503135827
0;256;8048;0xf04149612f4415ebf3456adcadcc7725389314d4d709d310e1fe3430286ab218;0x41dbb9f38e49731c5b447c8a76b4db0c00732c1e778b433d6656034c91c91125;0xfcb211ee;0x7f201645L;0.500000;1503135828;1503135828
1;256;8048;0x12091530c33cb0db2486535a36d30a0cc6673873cab3fa4a344c14d9cd3281df;0x2c599e86e5f7fdffb800cbec03daa29d16db93781c0d95eda5eba9d6a1ce3ea7;0x7c123161;0x1c0d95edL;0.500000;1503135828;1503135829
0;256;8048;0x5fd850f196cfe46f7e0c5201a7b21202a1d4385d5e6eb71cee52473f946edff3;0x0be100683f78ebfc063c40cc13b6785b952ea50869e4c307983dd73807dbcc58;0x67b06a2a;0x69e4c303L;0.500000;1503135829;1503135830
0;256;8048;0xf9efa1dc1479ba251ea36a30e8e8a5f90f84e8b8d0e80d7bbd1ff7406b9a1e64;0xea6f0b437148dd3c7c716c6e8136c17bb4fea094a5d9f88be7c44ba3767968dc;0xdff1b323;0xfbffffffL;0.500000;1503135830;1503135831
1;256;8048;0x177caebeddcd44a8491d2ec2008d419b722a52550900d2e29fa4bc162394473a;0x92e2d2f30d159fa3128dc0e83e8e7694556c2072902501cd0f576d702be63b44;0xf9b6dc4b;0x902501cdL;0.500000;1503135831;1503135831
1;256;8048;0x177caebeddcd44a8491d2ec2008d419b722a52550900d2e29fa4bc162394473a;0x92e2d2f30d159fa3128dc0e83e8e7694556c2072902501cd0f576d702be63b44;0xf9b6dc4b;0x902501cdL;0.500000;1503135832;1503135832
0;256;8048;0xe84ecdf6edfb1793e3b6b19ae70f1a1c4f5218d4fb4f687a775e6619158415fd;0xdfa33c01301206d68b7086418ec6cfe857cb52a1584fe9e0703531c813e6a334;0xfbccb93f;0x5a4fe9e0L;0.500000;1503135832;1503135833
0;256;8048;0x99bd238809b45f3ee5ff9a1ebfdd296c611a51227a6bceb9f90270a2d515c76e;0x6541bba922dc32108a2f33ade4896a5d9f4c81455ba158bf065f713e679bfdd2;0x5dc81703;0xfbefffffL;0.500000;1503135833;1503135834
1;256;8048;0xe531f9a351315c7397e95b9b5ba6298237f510dcdfdd1092678122b4a68f628b;0x9d8d604d7fbd747ce02e68efd674ea45b5f9341b6cc9040ff74ffd09b0ad46fe;0x6b4299cd;0x6cc9040fL;0.500000;1503135834;1503135835
1;256;8048;0xfbd140d63811d8f9e247b8662f40d3960a457e5e904647d407e10da43a1e0536;0x81ed1fa5edcefee0cd9ef523164b6475b91fb17594d363a5ef49e065cf430a5f;0x5fac830b;0x94d363a5L;0.500000;1503135835;1503135835
1;256;8048;0xfbd140d63811d8f9e247b8662f40d3960a457e5e904647d407e10da43a1e0536;0x81ed1fa5edcefee0cd9ef523164b6475b91fb17594d363a5ef49e065cf430a5f;0x5fac830b;0x94d363a5L;0.500000;1503135836;1503135836
0;256;8048;0x3938edd9172044ba77ec6eba5be9ec3f4a35f2165744b24cf797a82c067bf53f;0x82172fe3bc4a06579844625f50c75fb3c867b94fe95f89196160833d667191dc;0xb74782a3;0xffffdffbL;0.500000;1503135836;1503135837
0;256;8048;0x2682abc4e8d629e7066db45ee34ec3920259fb8c76ad96155de5200ec51410eb;0x5c90a6ff3d1398043f95153d873b7cbbf4d8fd7488d58b172da768fb68284631;0x45dd41f8;0xffffffffL;0.500000;1503135837;1503135838
0;256;8048;0x624ba35e840b8cf5e6e3ca8720e630c58dc68e49829e159a1b035a0d722eb4d4;0xf69fedb6c8aaf6478a841f816d6bdb5dbe7d7b11c9b5ac9f5a928a37f18cce6d;0x174258d8;0xc935ac9fL;0.500000;1503135838;1503135839
0;256;8048;0x28f7eb4faf095f978d0a4dec10a44743e46e76ba31f9cc7109ccf79d88194fb0;0xcd5dbe820ea09037d4230e636a0abc9f6eb157e632573b2403265c58544bc2b3;0xf7c9edc9;0xfffffbc1L;0.500000;1503135839;1503135839
