1;256;8048;0xf6b914afa0dd03d4cf0cc354507e05f5e757fa4788d6dd35d9d1f6965db72953;0x964eb7e72ab60ad37f5a342e2773c89adadce293ea2aa1e0ccd546c231ae2bf7;0xb5a3624a;0xea2aa1e0L;0.500000;1503088068;1503088069
0;256;8048;0x35ff36a0c37e26990e8be165a2af3ef280c354b099d5564b84819ecb43eb8378;0x273cedeef88e88c8b08f7682658fb5a1f07baf764f9c2f65c87f0bd12148a798;0xb4b761c5;0xffff7fffL;0.500000;1503088069;1503088070
1;256;8048;0x1b34347122ed30d56d232e2e6cb24e8dff4f527dbf4f0184c833c28eb00769cc;0x73699697507c3971f420f6f5477f30b8ae4c9c65a90e4928c787aa4250765cbe;0xb8d27fad;0xa90e4928L;0.500000;1503088070;1503088071
0;256;8048;0x9fad3eeaae5535d2204844cbddcacd85d86e08e636a474371f83a07a71834d11;0x7f38e5842f75fec2d56be4acc438ae6974b7a937e8d12d331e2d30bba765b2f3;0xf571f031;0xffffffffL;0.500000;1503088071;1503088072
0;256;8048;0x8312e29cac058bb0b6a5026e459df5cf6b65f8c2c12299f9745f040f690614ec;0x364b617db4043a90230d34fc54b7baf08f69e1ca6e98bffa73532f6def7ef6ac;0x57c0862f;0x7e88fffaL;0.500000;1503088072;1503088073
0;256;8048;0xb6ca06351794a6c31765fcbedd19a36373e0e97a8e56cc49aea0cdcb748faa2a;0x52bdd7364dfb361f24d960541385d016e94667459b29c988a6ce830d87bea0f3;0xb5fd2538;0xccc2009L;0.500000;1503088073;1503088074
0;256;8048;0x58a7e1e6299901a17b781a13eab86a3750380e3966b565025843f7b6683ee4c0;0xfc49e06de83c5f684791fdf8949e87f5e108723d0a18f801c6c1bf850d668403;0x8abbcf52;0xffffff62L;0.500000;1503088074;1503088075
1;256;8048;0x9e5f1544c29d565ef29abaf734bd2b770f320f20e70e8de80962c5fb07517fa5;0x4752d6a568019c4848e11293652dc224c682da7e06bae8aa5d876ef259cfdba4;0xb191dc37;0x6bae8aaL;0.500000;1503088075;1503088076
0;256;8048;0x7addc9fd463c106e2c9e06adb89a2471d164d6f02d2ffba4bc68e7a55ff8d8d9;0xa1c54975c4a06fda1793cffaaa4b032cfe35323e4988a60fd6110b2db2d3bfa8;0xe41c2760;0x5988a60fL;0.500000;1503088076;1503088077
1;256;8048;0xf2c3ee0b39264057de1e062f4254acb07b7d58afd2c27d7d5aa9464b8ee22a80;0x447af4473adfe8958a4f6cf85460715ab26e0223aad8187404829e5f3a0989e9;0x211b3a0e;0xaad81874L;0.500000;1503088077;1503088078
0;256;8048;0x5e12b28531a69b59b49961e6dfd40577e470e5e02a2a48baba9d56b3b3101511;0xdf7dcba824b863adb201af6fc061281e474fc6990fb2f9c2490b0230c0aa24ad;0x240daf26;0xfffdff2dL;0.500000;1503088078;1503088079
1;256;8048;0x4a73470c3c6f8cf32b8bbcee7a8333d318a2927090b41d0b1c84d48ce1cb102b;0x9470e3bfcff9e466c52925b61841d2d12312307cd014c6a0db29294d3c78c5fe;0xcd4c134d;0xd014c6a0L;0.500000;1503088079;1503088080
1;256;8048;0x1ed2d40fe877ab82c5f0c39d33a0cf672ea4f27db49eb9ff5589657ee5d5c303;0x3f9b610b9d7e3678758e2793837eaebcfce74c17d8292cf3f5e577572160f1cd;0xebb66adf;0xd8292cf3L;0.500000;1503088080;1503088081
1;256;8048;0x5140be74702a1abfc85d15306a27b8da4d2306f074e3021d49b76d1bc70db218;0x263287b6074187d7b8b38bf7d4dc9afc57b6ac84493ecdbd8b819ddaa2412772;0x08856334;0x493ecdbdL;0.500000;1503088081;1503088082
1;256;8048;0xf7b49a8f52ce7cc317613b5101d7438ae5aa64231da6cf097fd8a30d77d37f6f;0x7d55cbcc6539a1ae8532ee58ac86444a00a226ac318c2d838c18150744734a94;0x48277a8d;0x318c2d83L;0.500000;1503088082;1503088083
0;256;8048;0xb21bf0b2e1222aa2d4740c3af61cafd2904c78e861275fbc22487a8a1d1d83cf;0x58956c0e9f927c0c0eca0576ba0942b93d07a47e1f072fff8f69583aa3dbf174;0x7ab71f05;0xffffff7fL;0.500000;1503088083;1503088084
1;256;8048;0x18f428e0b1f3124471294067e58337bc789bcdc020d555069ace16773a066652;0x475c5d2f9d8b56807d722428da811f5733dce8b73a6025effe11c4e377858d83;0xdcae35a8;0x3a6025efL;0.500000;1503088084;1503088085
1;256;8048;0x7604c74daa815a897de126db5566c702198ca11f9c46a085b3e90f3843bf6fb9;0xc6a5d7f1608101c9e44cd29c10592454566edc63a3a62f5d31d8814ce2625cc2;0x7effe0a8;0xa3a62f5dL;0.500000;1503088085;1503088086
0;256;8048;0x074b60246f41b8072e5b35d7ab5d7743d43c7c471a2a9ab0bcb773fe09140b11;0xa5f129d4a225dd58b620870e3203d4a550093bb1399274355e1f1be6bb85a728;0xd41e0498;0xbfff7f22L;0.500000;1503088086;1503088087
1;256;8048;0x350ae4b8249d8bd7bebc491f2226977d7fa499f096d3bfd63f129da98f2a23c4;0x3bf810fbf0419fe8dc59875f09298b2aa3fc357ecb5d0e7ee1bebc369738e95f;0x4862d577;0xcb5d0e7eL;0.500000;1503088087;1503088088
