1;256;8048;0xed8dd577b6188c6e96f81b05fbbb9cfa207a38e7760bf6b3c26ec5bd52f0a33f;0x695f81e8fff1f6b6065283792e3cdae297535afa1a1ec80721aff11847818b67;0xd96d7e4c;0x1a1ec807L;0.500000;1503236231;1503236232
1;256;8048;0x507a909a88325a25a4611266dfcbc6b0ab2913b9101b78e68ad2860c825099d3;0xd9c2b9648beef9a16e020cfcf23efb5c92d18a0a4741905aaccf969e32fa6aab;0xa7b04831;0x4741905aL;0.500000;1503236232;1503236233
0;256;8048;0x1ef7e0a1dd101de916db50938bfc7965af797464ebddf0f3e30e19b811062430;0x7361a49d0b6baa03707addd5a63771c7169e1b6a1ffaf4400da6be91e5d65f50;0xd230625e;0x548e0201L;0.500000;1503236233;1503236233
0;256;8048;0x1ef7e0a1dd101de916db50938bfc7965af797464ebddf0f3e30e19b811062430;0x7361a49d0b6baa03707addd5a63771c7169e1b6a1ffaf4400da6be91e5d65f50;0xd230625e;0x548e0201L;0.500000;1503236234;1503236234
1;256;8048;0xa46085115107a4c9f09a20295a87ecfdf9433fc66b32566c1edc6e2d77f9921b;0x464085644e19406786454990e38efcab16c139ad120af72b74cac724c13d7e64;0x5737af6f;0x120af72bL;0.500000;1503236234;1503236235
1;256;8048;0xe19607f1969ecc4c45c81c30d5918a36895289a76f1dd48b6e5baab2bc5fa99d;0xb7593864d9a34644618ac86798c11ac31107ee4be2f1df079ffa383589bd043a;0xc2122cd5;0xe2f1df07L;0.500000;1503236235;1503236236
1;256;8048;0xfe8b7c491187cfa7de4dfe3ff62482200033e3353a696548ecf041a5b98cadb7;0x8f0d9c3190c52b42210f0bb86cc9e3ed8f298235a2fcb53cf332f9d91dea4906;0x56fbcc99;0xa2fcb53cL;0.500000;1503236236;1503236237
1;256;8048;0xc720f0a1ece46e02794d163c9e7450bed12d4a7b0f47f48656b17e600182e1c8;0x61d43c891b4fdb802873a551c76217ca3c4baf1b4aa122536a0266fbc379a54e;0xfa466230;0x4aa12253L;0.500000;1503236237;1503236237
1;256;8048;0xc720f0a1ece46e02794d163c9e7450bed12d4a7b0f47f48656b17e600182e1c8;0x61d43c891b4fdb802873a551c76217ca3c4baf1b4aa122536a0266fbc379a54e;0xfa466230;0x4aa12253L;0.500000;1503236237;1503236238
0;256;8048;0x0c7560369cdeb8b164ddbd27793907e10e3dcc2afdb65de996c380c6c70dd3d3;0xe8dcf72891a043b2ce347afd2f82f2d3f195f7b2bde74b5a438f63cbc696ea96;0xb41419a1;0xbfe75b5eL;0.500000;1503236238;1503236239
0;256;8048;0x6d971a9a38f5e82137d9069e24ba809889294ffef7b67aeba5deb1ec8877aef5;0xed262c04ed7d99502a2e02711ac664b37ffde5404ada3c24f77bba385604d96a;0xba6bef50;0xaa4b9901L;0.500000;1503236239;1503236240
0;256;8048;0xd72bfd79f81b303107e3672f0f6454e634be130133f011425bf4d1336f4bce46;0xe16adb327a988f8788194d95ffc7312b2e6825056a3925344b25482c7bb7de7c;0xa97e6a47;0x6a29253cL;0.500000;1503236240;1503236241
0;256;8048;0x9542caef257e2b6f34970116c26a8f1d051c9eff509df9031782646e240272b9;0x92217a17b12efe49e05e5152703fab6de0eaf0adfe37ecd98918777bd163649c;0xd4685c7b;0xdbb7ff95L;0.500000;1503236241;1503236241
0;256;8048;0x9542caef257e2b6f34970116c26a8f1d051c9eff509df9031782646e240272b9;0x92217a17b12efe49e05e5152703fab6de0eaf0adfe37ecd98918777bd163649c;0xd4685c7b;0xdbb7ff95L;0.500000;1503236242;1503236242
0;256;8048;0x13d19262fd71dfba27e587f44dcb54bdc506e899984e64e28731cd04ffe20412;0x9c89d48b560409bfa5c4e1d35bad7c7cbea2a6bd0ac69eb761e49b6508f983f5;0x07685393;0x2ac6beb2L;0.500000;1503236242;1503236243
0;256;8048;0x4e08da367ee3e1fcba736373c2eafdfa9756c2b67d056e336f4daf61c6910e14;0xd258f66380c11cb8545a4214fe844cbdbf8956a22d73e5f420a6166bc5c3199b;0xcf77134b;0x2d77e5f4L;0.500000;1503236243;1503236244
0;256;8048;0x824ce52e9e828d42fcc9eed3bcda18202a7577bc7f914c5bc4fd3ced67333fe9;0xbb66eb7833c8519d383cecb22fec6829bcf41bd06e4032935f39e4d7f31ed9e6;0xe7dca6c7;0x6ec03293L;0.500000;1503236244;1503236245
0;256;8048;0xa671363e0cfeeefc180f748f061c17cc0b259bea57affc8301af4dd83d2168e3;0x8b6956ce56d6292492557e8d22f95f3644e956f996b85d3a12bd504d2ae8aabb;0xd2bf7362;0x92b85d3aL;0.500000;1503236245;1503236245
0;256;8048;0xa671363e0cfeeefc180f748f061c17cc0b259bea57affc8301af4dd83d2168e3;0x8b6956ce56d6292492557e8d22f95f3644e956f996b85d3a12bd504d2ae8aabb;0xd2bf7362;0x92b85d3aL;0.500000;1503236245;1503236246
1;256;8048;0x86a314e4a5aab421042aeaa2d1ae1495b33fd04868703d11bb2c54fc0f52f096;0x8072b3604b1923eda49b88b0975d8205ef06daf859c449c78ee27651e83fa839;0xb47acc59;0x59c449c7L;0.500000;1503236246;1503236247
