1;256;8048;0x910d17c4a0afdec99f93195d65d95ea414b57f920b180bca49cbf5e0eba3aa7c;0x5e07a436433462abb3bf1ec6b5193f84cf332d8fe4afcaeb7105278fef76a1c0;0x3d7bc917;0xe4afcaebL;0.500000;1503133326;1503133327
1;256;8048;0x9c3bcac9a82378168b033660b370b192666e7f046ed66d4118c4ad1374359a11;0x83dd0563b31e73c723daafa243378cacc2ff08ffcad5d6d742bffb86dd50a3b6;0x8228a348;0xcad5d6d7L;0.500000;1503133327;1503133327
1;256;8048;0x9c3bcac9a82378168b033660b370b192666e7f046ed66d4118c4ad1374359a11;0x83dd0563b31e73c723daafa243378cacc2ff08ffcad5d6d742bffb86dd50a3b6;0x8228a348;0xcad5d6d7L;0.500000;1503133328;1503133328
0;256;8048;0xccc36314d1ee883d656e8d9c051a31dabcaa8647c61c68c66eacb63b213353ee;0xe8b11a49990020811882538a6e929f298d060b77ba26b1fe54537460f97fe37d;0x48218bb5;0xba26b3feL;0.500000;1503133328;1503133329
0;256;8048;0x75853250903bed259f0e190df9968bff40f466fc951df24c9a62bf57cfa53145;0x6735d96ce71acc45925cf5fc410c5ca251ad498d3429faf7dd2d1f4497fc0652;0x48f7dad6;0x2429faf7L;0.500000;1503133329;1503133330
0;256;8048;0x4d156f93d1a890d44c90acc8e50923bbab15ea8d9d08177ddcb9bc0b38665f86;0x945f87d080ff99aba4476a3ab5ce825cb57bc669df2ed8e78fcec22f49a2cced;0x01dc31a7;0xffffffffL;0.500000;1503133330;1503133331
0;256;8048;0x4a0b4f7d757e2cd6591f478f6c34d8b4f9e99c7dbe8ea59df2b3f4e56e8508b8;0x22f3aa65fd67e07c36bb471be1ed51b4d138e970cf3902904f10db591e3965cb;0xa126244c;0xfddfff4fL;0.500000;1503133331;1503133331
0;256;8048;0x4a0b4f7d757e2cd6591f478f6c34d8b4f9e99c7dbe8ea59df2b3f4e56e8508b8;0x22f3aa65fd67e07c36bb471be1ed51b4d138e970cf3902904f10db591e3965cb;0xa126244c;0xfddfff4fL;0.500000;1503133332;1503133332
0;256;8048;0xc203e8c322726622b32dc7925e9b41e178cf20fe0764206be591d28fb64a1d78;0x567ac7cf53aee01ca79bb4d16049c26f24d1c986d55987ee400d8916249fe39c;0xec3ab2d7;0xd55b87eeL;0.500000;1503133332;1503133333
1;256;8048;0x67efbe9b3dc96308ecdae03350546413cf2ea6d439e190f0822f049ed2ad4539;0x400fdbf4d739840190f4118ac7342a5c2597817554f61b0d6d3d1cf7a6a5b3c3;0x67e05749;0x54f61b0dL;0.500000;1503133333;1503133334
0;256;8048;0x5fbf9fc36d2f353e5b039e371a88bbffc6f5040cae260c83c07bc6ee4c9a7dab;0x33dace30c59673c8a02705f3a5ef55d18a49989706fcb63ac3ba8ca88935cfae;0x77ceb814;0xffffffc8L;0.500000;1503133334;1503133335
0;256;8048;0xb3e43665845ca076093fa15cead9d90e710ab55688134e93984ee2f0ef344ea2;0x75e551ccfc57e532a84852e81bbfd497718b7a0599fc378611a852f47fd06da6;0x64d7ee71;0x9dfc3f86L;0.500000;1503133335;1503133336
0;256;8048;0x90b1427ea52bb12e7c52df6a0c61f233ca3d2d42b0a19e59c9a910bac9b3f459;0x92ad5913bdabb7c6f391f27dce9ddf7f052a943d6a26c9bc368d330169d7b158;0xc60795ac;0xeefdffa3L;0.500000;1503133336;1503133336
0;256;8048;0x90b1427ea52bb12e7c52df6a0c61f233ca3d2d42b0a19e59c9a910bac9b3f459;0x92ad5913bdabb7c6f391f27dce9ddf7f052a943d6a26c9bc368d330169d7b158;0xc60795ac;0xeefdffa3L;0.500000;1503133336;1503133337
0;256;8048;0xf935245aa0cbf14d12c3b8e57dc893f287f21be14be1cd9d36539e7754fbbf4d;0xde80565aba375c530d6d0c570875145aa49450f27634a649660411d6c61d8bda;0x0daa7751;0xf234a649L;0.500000;1503133337;1503133338
0;256;8048;0x90bd382a79fbe0f4a9a3ca96276a20234eb5dc556df8032022d11ea41f33dcaf;0xf62c17f8717be78b45e8d357db4797ff489dda515bef38294f4ae65f868c6867;0x5acc2084;0x5bef38a1L;0.500000;1503133338;1503133339
0;256;8048;0xf24918d0b056db97cc5022b65ebf7265f3efeefe3b445af3ca329388656f6257;0xa3ff48135f1e1a0ba33dd709a5c12acddfbaac64637a5efa076db7fab9112324;0x01cda241;0xfffdffffL;0.500000;1503133339;1503133340
0;256;8048;0x724d0ceb34b3dc800bbd5e989b6d7cbee975ffc75d2ec376c4278f854fc712c1;0x1a1e7549f8364b5a9f1729ce11e582c47ea443a5572140a41e7b3203d9d615f4;0x26504d6b;0x562140a4L;0.500000;1503133340;1503133340
0;256;8048;0x724d0ceb34b3dc800bbd5e989b6d7cbee975ffc75d2ec376c4278f854fc712c1;0x1a1e7549f8364b5a9f1729ce11e582c47ea443a5572140a41e7b3203d9d615f4;0x26504d6b;0x562140a4L;0.500000;1503133340;1503133341
1;256;8048;0x4fb97e77b3b45b55969893fe6597301668b4a92abaa29c0be2de247c6fdf41bf;0x6037f7d921a20415f8bf0f2bc79a603125830fc3ce7e0f9fb998ae18a1e800d0;0xb6023dcf;0xce7e0f9fL;0.500000;1503133341;1503133342
