1;256;8048;0x61aa22f73690e80315e69d9dfc976a8dadafb7c1a01ad4a5c52031d3e5531446;0xe805335f1692a644b5988914bb2dfa30494f84a0d590322823a908320c92219f;0x65aaa12f;0xd5903228L;0.500000;1503244541;1503244542
1;256;8048;0x685330fadb5607539a0c2f4006733472f1ee88192598395f8dd49273caa21332;0xbe34aa6810b2d98815405ca6cb253aabef741d9a31e281ae04b12c8c37ea342e;0xff4478d6;0x31e281aeL;0.500000;1503244542;1503244543
0;256;8048;0xfc5e6714bb87460f20c83d14a5f0fb0bcff0e39edf0d7a2b5ea5134153c50f4f;0xc16875ded66af67ecc6722b87c33568ae8b9aabfc585537e2295640c43c564b4;0x3d5f88f5;0x4585537eL;0.500000;1503244543;1503244544
0;256;8048;0x1c83456fc0335bfc72b5684b1b6df1eac7f5381c23103a9b4941863c8334459f;0x027483301dd0e2068f037352ffaa712fe2dada2b34cf699d46f22ceb15265c2a;0x04351e4d;0xffffce44L;0.500000;1503244544;1503244544
0;256;8048;0x1c83456fc0335bfc72b5684b1b6df1eac7f5381c23103a9b4941863c8334459f;0x027483301dd0e2068f037352ffaa712fe2dada2b34cf699d46f22ceb15265c2a;0x04351e4d;0xffffce44L;0.500000;1503244544;1503244545
1;256;8048;0x81a629cd072b57be01a7f240c9c9e4237829aa1e80ffb5f6a7ab1a316ed8d4ef;0x44378f1c719ecc3fdddfd17ef199979babc76f6e28c23ff535ecbb668b8caa4c;0xbfcf6b4d;0x28c23ff5L;0.500000;1503244545;1503244546
0;256;8048;0xbe3956c398991db261242165f8a38906e0426e3d2be2263c9b6407dda0e7655e;0x700e7916b7a86288df8c6e4f9031349f36b57f00d6e6e29471e57026b0936b06;0x0565800c;0xd4e6e294L;0.500000;1503244546;1503244547
1;256;8048;0xc4a3c55accf12d750fc306cdd8df40f8b8113db572d3b1c1a228ab0521f380e6;0x01491ecea356c573919fe6e6061cb142f262ef82e40bd8450efb05b2861e2c75;0x80242ad7;0xe40bd845L;0.500000;1503244547;1503244548
0;256;8048;0x4fcdaa680356c5f447a6b166598a0f3c9d16da40adc9324c04c0c937362db585;0x2ca29738c947e228bb592ee4d804657c7a715799b6c110ffe00269c397ac5949;0x3ae70985;0xb6c112ffL;0.500000;1503244548;1503244548
0;256;8048;0x4fcdaa680356c5f447a6b166598a0f3c9d16da40adc9324c04c0c937362db585;0x2ca29738c947e228bb592ee4d804657c7a715799b6c110ffe00269c397ac5949;0x3ae70985;0xb6c112ffL;0.500000;1503244548;1503244549
1;256;8048;0xf481a9b51b76d3f721894baab89b0a901cddd5a67ea30668fd6a4d1c7aa7b76e;0x6a674ee633e24e71cea7e102be3b691cbeca02d0ae3a9eedc2d3dc4f51671df8;0xfffac573;0xae3a9eedL;0.500000;1503244549;1503244550
0;256;8048;0xc0192b51c65a7a52785d086df8703ce5f369cd3aa6ffa876d00bddd82baba3eb;0x416f88e233cdbf6addcf4098619f7c484410ac02a98639d3ac2ac2b1739f1a57;0xdf627629;0x298639d3L;0.500000;1503244550;1503244551
0;256;8048;0xf1797063734c00f7c3a5ae6b1ffad229ec00f4a500657436e05f1def2468dd15;0xcd210bbefd54683185f12213ff57db0a91f2b3c78ae3c40beec35e99045be3b6;0xd5b5f6ba;0x7fff0cadL;0.500000;1503244551;1503244552
0;256;8048;0xb58ca8222c97a3e4e5dcf2e47166aa53752fac1aa8d39402fd7289de1fff84d4;0xcff1a5e594e123c4d8abb37dcda1fc2c0279961717eac296b4a23f20779c5aba;0x1333d873;0xfeffff76L;0.500000;1503244552;1503244552
0;256;8048;0xb58ca8222c97a3e4e5dcf2e47166aa53752fac1aa8d39402fd7289de1fff84d4;0xcff1a5e594e123c4d8abb37dcda1fc2c0279961717eac296b4a23f20779c5aba;0x1333d873;0xfeffff76L;0.500000;1503244552;1503244553
0;256;8048;0xc7ffad9b23bb92011694e66a0c9ffc077e317fc7bcb385f8534818808603214d;0xb797354c5335be88e4da448b7f7f2b1bb5ff7868eaf5f6b91773cc2ef511d446;0x2b0f6e60;0xeaf4f6b9L;0.500000;1503244553;1503244554
0;256;8048;0x08e8484eec9fb5260510a523f2df70ed2cd9608e3d16cbf55bf6224d8a81b392;0x1b5d70f0fbd13fca5e97128d502b2bbd80459264efad222f6f3ad07736291cd8;0x644abb62;0xefad232fL;0.500000;1503244554;1503244555
1;256;8048;0x912d865845383017d79142a158a63956ae8f7fc8a7c49283501aec4242efa0d4;0x15da3184b3528b86f87a5f6bfd1662e7e60b67b3852c18c228850086f1602b56;0xfccd9075;0x852c18c2L;0.500000;1503244555;1503244556
0;256;8048;0x78eee356f0fd5a655404f215ca028a9ccd050976f85d39f4391a0c4bc7f6ae3f;0x70e229fade6754aba1209ae70f2b032ff586416f8b4de229f96a3c2af6c34269;0x13c20c61;0xe8ffff0fL;0.500000;1503244556;1503244556
0;256;8048;0x78eee356f0fd5a655404f215ca028a9ccd050976f85d39f4391a0c4bc7f6ae3f;0x70e229fade6754aba1209ae70f2b032ff586416f8b4de229f96a3c2af6c34269;0x13c20c61;0xe8ffff0fL;0.500000;1503244557;1503244557
