0;256;8048;0x07420d84ca735060ed1c4196b1db1f763323d1ecd9d718c35cad12363f6dea46;0xfb4b453c11d0d85443547fde35c159120034d592ffb16c5afd90f86962417051;0x82a62930;0xffb36c5aL;0.500000;1503121910;1503121911
0;256;8048;0x3735b901af6598fc00f2ded46e08605ede66c65db394f2caa30efd58dc400913;0x0c6933f86100de7d64e1e3769f2b575c92b93b580216bfc758014a20a6dc11c3;0x893bdc3e;0x4206bfc7L;0.500000;1503121911;1503121911
0;256;8048;0x3735b901af6598fc00f2ded46e08605ede66c65db394f2caa30efd58dc400913;0x0c6933f86100de7d64e1e3769f2b575c92b93b580216bfc758014a20a6dc11c3;0x893bdc3e;0x4206bfc7L;0.500000;1503121911;1503121912
0;256;8048;0x6f6339418f5e5a107406421b575ca3e883e730ad115cb0678bbda192c70c5b36;0x137d80b8ead1cee5a8bbb6d943af3c27c0d26f3d157d51f2b89a0fce8813d79d;0x7c831638;0x208088c2L;0.500000;1503121912;1503121913
0;256;8048;0x42c6a376a4af8e016650de0f705703304fdd6fd733ddd21a61b3503b3ccd607e;0xe9ddd36badc9c099492d1f78efe84587640c82687ed1b88450aca1dfcd0b9e1d;0x6f13f6f7;0x10492081L;0.500000;1503121913;1503121914
1;256;8048;0x3800a32cb063f92a51a623327d24f43f6ae5fe652811b02e523ddf46838f0bbb;0x1cc012b8d537585c4f3a6dc0622a6dab726d1a635cf2e9989e7479d5da333bb1;0xf0589d50;0x5cf2e998L;0.500000;1503121914;1503121915
1;256;8048;0x343f1e91530c9b4e0a3d816d2c86d8dadf13ce41002235a32d344f7f5ddcb891;0x016bc4c8dd76453f561c67ae1c2467bdefec74e21ca2012f524bb6d9801755e8;0xc11d44e5;0x1ca2012fL;0.500000;1503121915;1503121915
1;256;8048;0x343f1e91530c9b4e0a3d816d2c86d8dadf13ce41002235a32d344f7f5ddcb891;0x016bc4c8dd76453f561c67ae1c2467bdefec74e21ca2012f524bb6d9801755e8;0xc11d44e5;0x1ca2012fL;0.500000;1503121915;1503121916
0;256;8048;0x2caa4281564ac0a579e84789ee127b364ae140aab2403a664d974adfc8b42bf5;0x2c81d58d8a0e4ab1b043349674432a94d4bddf89246dbca2ac465c9c53995965;0x4b1ac9c0;0x246dbce2L;0.500000;1503121916;1503121917
1;256;8048;0x2c38c06b313c768f62ad1436118c8770112a9710a3d215a0181c3476c53703f1;0x9be6b4f1ac0703f18b23e2bae67abca0a6be6873e9167d56971429b89eb20f6f;0x322cc0a0;0xe9167d56L;0.500000;1503121917;1503121918
1;256;8048;0xa1e72b3a4ca6f6fb39a9c7d422e80aba3c68e30e745843069727565461e1ba02;0x308a62e6a825e33b2190dd1979a6a648105d77954b3539116dc68b8116f0ba32;0x4f6b57d3;0x4b353911L;0.500000;1503121918;1503121919
0;256;8048;0xc832e293dc675d5e6b315a5cae3959304d8660e158a7b2384c829a038d440b55;0xc52c42fd8ce46138703e27ff78480b9664eb4670771e4831c5150c7ed15489dd;0x733909f6;0xffffa864L;0.500000;1503121919;1503121919
0;256;8048;0xc832e293dc675d5e6b315a5cae3959304d8660e158a7b2384c829a038d440b55;0xc52c42fd8ce46138703e27ff78480b9664eb4670771e4831c5150c7ed15489dd;0x733909f6;0xffffa864L;0.500000;1503121919;1503121920
1;256;8048;0x82ab60fe0cf2a113dab64edb6cb220b431b16b927dc28603c1cea3a5010f5883;0xb6d19093cef52e4b3db20b580c763d1dd950d35e9029a81eb7f6df514ee74788;0x00efc97a;0x9029a81eL;0.500000;1503121920;1503121921
0;256;8048;0x41579b466566aa2b7e026cc030455e630bd7f9bd45f734eaf2a00661ad84a7ee;0xbd65552371cd5828f473e8a3ffd794a4269ff237703387f24cae24174310864e;0xc355f3bd;0x303387f2L;0.500000;1503121921;1503121922
0;256;8048;0x2c87b5d335c11e19d6e5b80fdf896acb5e401dcb0447e21989a6cb0bf6e8f923;0x392f7bd3abc654ac8d412d7fabbc4d3a12305c6ef0b871d4a950e41d14416753;0x3de137b3;0xfff79410L;0.500000;1503121922;1503121923
0;256;8048;0xf583230f426b189f83e751b0d42b2ea0c8ab87631c88e7c83ae94684c4607bb9;0x2adf58b62535187b382dc6e7150445f7c4aa1251a028c59bddaa0b0849585922;0x7d2da7bc;0xe028c59bL;0.500000;1503121923;1503121923
0;256;8048;0xf583230f426b189f83e751b0d42b2ea0c8ab87631c88e7c83ae94684c4607bb9;0x2adf58b62535187b382dc6e7150445f7c4aa1251a028c59bddaa0b0849585922;0x7d2da7bc;0xe028c59bL;0.500000;1503121923;1503121924
1;256;8048;0x72df011e0eced215d902184eaefc6adadea993b3f7089297e77e502da7b29c19;0x2ec10a152a863ca3fca002a363dddf2ee43c7a6b95b35f646d9178f25f34b1a5;0x2c417fc1;0x95b35f64L;0.500000;1503121924;1503121925
1;256;8048;0x9a9f9837a251499b0615efe52a31446e34fe020bf6c6dd9db188ad2a1678f7b0;0x3bebb58f37ba9efadc5044282e231e54de4245801de7378197fadb5609602ad8;0xfc24fb77;0x1de73781L;0.500000;1503121925;1503121926
