0;256;8048;0xc85a57b254a7c769d234916e32a5dc1052a09aff51c525ea36e26d5558ad6d20;0xbc50d774a35a06da0ffa9b1c204d8d1b0060dc559a428698289e00c50f2f958d;0x6967ef9f;0xffffffffL;0.500000;1503179183;1503179184
0;256;8048;0x7bc86a3531126d361fe6c418656e36f17b268af03774d297aeec545efc8d5077;0x17745c6f30c1262dff3799a62d71650f0401c39ed655dddda66514a5156af5c3;0x098c434c;0xfefdff82L;0.500000;1503179184;1503179185
1;256;8048;0x913c1833366baca386318146e59245e1f9ca1fd3d9806b35fb5d47023d7491ce;0xe8054806154f8fff99de8c02a48cfa4ebde5e98f4a5bf3199c87b1cf77be48d4;0xc081567a;0x4a5bf319L;0.500000;1503179185;1503179186
1;256;8048;0x5c1916ff753f9988db7d140d296f3c4108cf3f3073bb685975d8cc639883b9f4;0xea5c0132c8060f8b540edd59c5fb674e7d2be02a3d7d42a7830cf87d11199813;0x4c1c3fe4;0x3d7d42a7L;0.500000;1503179186;1503179187
1;256;8048;0x749f0ce259aea0e9bd518233680e2b900b887a5ac9b279f1ec988f4409c99a7d;0xff3945b8de97223973618056a02464bbf59cf696c6071ede3e07eda298569249;0xf05b6cd5;0xc6071edeL;0.500000;1503179187;1503179187
1;256;8048;0x749f0ce259aea0e9bd518233680e2b900b887a5ac9b279f1ec988f4409c99a7d;0xff3945b8de97223973618056a02464bbf59cf696c6071ede3e07eda298569249;0xf05b6cd5;0xc6071edeL;0.500000;1503179187;1503179188
1;256;8048;0x52dda722247830d8ffe1b8104fae581d33b78a8cbb364bf7662b859037b6ea89;0xcd665fe0d2afe786f3ed0c04bb8a1104104b2319f8add38b402da8f21b9bac92;0xd1461175;0xf8add38bL;0.500000;1503179188;1503179189
0;256;8048;0x92562cf36b9561bbce502b3131cc4983fd293f98cbfa30330e9cb217c7606b59;0xcfbb6da61c13dfdfc6e5cfb9828634c718a6200f8c604c0a5e93d38690329eb2;0x8f802d9c;0xff3fff4cL;0.500000;1503179189;1503179190
1;256;8048;0xe6b53e1957b486081456880a5e2cd7066edd050a01e3b6d0ae6d3834ca45b7b0;0xaf60e91bf8739d5c28a52e978ba4573a7bdc5d7396a8d716e112ab6266ac3197;0xc9700b84;0x96a8d716L;0.500000;1503179190;1503179191
0;256;8048;0xf33f69b8a6ccde2fdc0a84fa62f1a3b766276123041e93d6f63ddb152e6eee21;0x94ecdd756ae21f8fd9714c581f826134de114a30c0bbfb30e00dd4be7eaf13b4;0x2f1dc178;0xc0bbfb32L;0.500000;1503179191;1503179191
0;256;8048;0xf33f69b8a6ccde2fdc0a84fa62f1a3b766276123041e93d6f63ddb152e6eee21;0x94ecdd756ae21f8fd9714c581f826134de114a30c0bbfb30e00dd4be7eaf13b4;0x2f1dc178;0xc0bbfb32L;0.500000;1503179192;1503179192
1;256;8048;0xf7850a91799ee7f53329eb2cddf174e7bb9776ba4bbe9ed0b997dafe5e5b7755;0xcdfc706105fe99d2d2933bd5148283c05fc42abd6cc6989402dc9c4ddd68f397;0xad917683;0x6cc69894L;0.500000;1503179192;1503179193
0;256;8048;0x1953374fe3e032822717f23f5faddc6d4e8fe3329435f1b8862089c0d081eaea;0x9773340738bc780dbe9b9bb64cc1e8a3d6deb7171a84fba67d0b6ea8562500b1;0xa72f56d8;0x1a84fbe6L;0.500000;1503179193;1503179194
1;256;8048;0x77bcb4101baef61801945e6ac416d92c34abbb416a57c24831a843f0f54a126c;0x9578ca4f57c5eedda050f9cc33b256ab7e0fb3a03a5f0cc489ebf7707601d2b2;0x66a97621;0x3a5f0cc4L;0.500000;1503179194;1503179195
0;256;8048;0x5178e90eef9377357a39c08423567144cda1a219808dfac75492eff1b3849b04;0x2d2868067ca731c1a0594e427f01563d5787f3a529c1aedd96f2cb0948a9b8a2;0x2f32d062;0x29c0aeddL;0.500000;1503179195;1503179195
0;256;8048;0x5178e90eef9377357a39c08423567144cda1a219808dfac75492eff1b3849b04;0x2d2868067ca731c1a0594e427f01563d5787f3a529c1aedd96f2cb0948a9b8a2;0x2f32d062;0x29c0aeddL;0.500000;1503179195;1503179196
1;256;8048;0x004af53a83be12dd77160d8c7d1a382f28d591affc13ee4cddd8cb971d29c11d;0x138cbb279b776c233a209d327fc54b3b8781e09695814c0a6828f8f25006f69f;0x08793b96;0x95814c0aL;0.500000;1503179196;1503179197
0;256;8048;0x269e94f0c6ab191b5bb380a6e3d4361647a8d4cf675c6ab11ced839a8b6d4cb2;0xcff7418fdb7f3402d8cc307b7965568545ada965410085193a5be8ce432690b3;0x706e3388;0xffafffa4L;0.500000;1503179197;1503179198
1;256;8048;0x9d4b43b46d9ec565ef8fa4ed44362d42b69be130fce226f13d9068d2b4a45751;0x91b9ad428c9b4f86fe7b6e428de1ef5973902e83500e889e96b758e8611870aa;0x8d816c32;0x500e889eL;0.500000;1503179198;1503179198
1;256;8048;0x9d4b43b46d9ec565ef8fa4ed44362d42b69be130fce226f13d9068d2b4a45751;0x91b9ad428c9b4f86fe7b6e428de1ef5973902e83500e889e96b758e8611870aa;0x8d816c32;0x500e889eL;0.500000;1503179199;1503179199
