0;256;8048;0x935e0926ccd47e358285fa1dee5a6a25fb949f28c2effc80a72e92df92609525;0xe7e075bb22f9d06b9b87d8f871fbb946477ac5fb77d6d2bea91e41645334e6f5;0x742dd137;0xffffefffL;0.500000;1503093942;1503093943
0;256;8048;0xc64afb20a1e6383ae9cc589dd43a648ccaf60b8177d55ed9d819eb63fa09f4c0;0x55a1e884926b7f55ca38ae76db5138c250633806bd66fe54fbbb5bcf2f0f41a9;0x55ab70bd;0xbc66fe54L;0.500000;1503093943;1503093943
0;256;8048;0xc64afb20a1e6383ae9cc589dd43a648ccaf60b8177d55ed9d819eb63fa09f4c0;0x55a1e884926b7f55ca38ae76db5138c250633806bd66fe54fbbb5bcf2f0f41a9;0x55ab70bd;0xbc66fe54L;0.500000;1503093944;1503093944
1;256;8048;0xbd1cce1873db851ebf75b504c2b64e622546348ba548b070a08230e955815f12;0x880466ed04faf0c27deadebdee87ffaa43457499644bbb59de397624ed1ea640;0x60c139f2;0x644bbb59L;0.500000;1503093944;1503093945
1;256;8048;0x4b0aee336ac180aa9e8f947526061025c5083919e63a9da70129c53f9c4cc5e7;0x9360c7dc47b51304b9c829aabef58908479895e52705449e3a9b150ca51324a6;0x0c9cbcb0;0x2705449eL;0.500000;1503093945;1503093946
1;256;8048;0x6c06b91028cd84fc4d2169a75111e0361ffbaba668ee4942ed4163db6503efd1;0xadce3af7b4f848af9f11248811bf090ef587cfa1849985cdfa4b3f2b17e4bc25;0x99482085;0x849985cdL;0.500000;1503093946;1503093947
0;256;8048;0x1dd4b7660497196acc2a7b1a73e6fa4cb96d77b96d193f4cb1bfe1a38dbf36aa;0x222ff7dcadb3d2523be36f19e1735a34af8cf5f6c29070699432ca0c56d878a6;0xce265bc4;0xffffff7fL;0.500000;1503093947;1503093947
0;256;8048;0x1dd4b7660497196acc2a7b1a73e6fa4cb96d77b96d193f4cb1bfe1a38dbf36aa;0x222ff7dcadb3d2523be36f19e1735a34af8cf5f6c29070699432ca0c56d878a6;0xce265bc4;0xffffff7fL;0.500000;1503093948;1503093948
1;256;8048;0x45f006df91141229e2c628355da8f44338f1a212e762d3ae1134531d7a25edbf;0x01e27503b583fa1965d1751e0520676ed98fd404137c17a27ff0a9d7114cf0fd;0xdf6a6b2e;0x137c17a2L;0.500000;1503093948;1503093949
0;256;8048;0x492c07c228c559ac97ab8aeb401c61a1a14253aa7ee2c14563ba5861045d044d;0xab98e941f940b0f9c2b931c43eb7f858fa6d62d93b7c50be94f7cf028dcec170;0x19bf537c;0x3a7c50beL;0.500000;1503093949;1503093950
0;256;8048;0x4ae60a50d115fcfb1f36d2f0395ccecf8d68c06f81d1ab5371ae89926c0e2cb6;0x5c1f59cc9074494722d06661f5c016bc21d31495beac3cf688eb6331e1b98695;0xfc956a81;0xbeac1cf6L;0.500000;1503093950;1503093951
1;256;8048;0x0eb72e536c6392cc49e6b79dc78a9e85830cc6b75332e9aa91bdff2f79cf4e87;0x3bb8f694e4d69971116b96f8c36e792d526ca02c3af2dc3ffcbe2cc1f4fc2dab;0x790cd36d;0x3af2dc3fL;0.500000;1503093951;1503093952
1;256;8048;0x48e8c05a2790a4ff8d0c4589602c707d67c65db3f9e85119f5c5e551d166f319;0x7e20ecba4ea14c8acc2e15c42e05945addb20d11402211321712075678468882;0x393eb20b;0x40221132L;0.500000;1503093952;1503093952
1;256;8048;0x48e8c05a2790a4ff8d0c4589602c707d67c65db3f9e85119f5c5e551d166f319;0x7e20ecba4ea14c8acc2e15c42e05945addb20d11402211321712075678468882;0x393eb20b;0x40221132L;0.500000;1503093953;1503093953
0;256;8048;0x8e67a36f6465d3e03b859dc919e352465975e71831d49fe0bdca40812bb3ceb9;0x7398566ff24fb07e90aa06f55334d96f8850d77962a0f50f4aa6b43402b0814c;0xa95d9b74;0x62a0f70fL;0.500000;1503093953;1503093954
0;256;8048;0x4b7b4e80a96f30a4537f4c7712f27996612be7a35a30df1afd0352d024874b6f;0x7ced926d0ba4c6de96ff5dd4e4eaa11363ed90cca3ea8272db379e3090a50bcd;0x6df57795;0xa3ea8a72L;0.500000;1503093954;1503093955
1;256;8048;0xefc27d1ce441b111277af9bdd9e36bdca1fc561ecae582f4b6abe37db9b6b3a8;0x66643d78ac4a05d3fb2ffb239e87bf55f319c45a54d4e1f6e82c05f3b9a575d7;0xc0d490b2;0x54d4e1f6L;0.500000;1503093955;1503093956
1;256;8048;0x8f86039fec8e240d02715c964ae84213bbe1e1c2c8c4ba91381ed0f1bd62154c;0x1f596c1470cf0c86ca846075e2a201a0eb53ab5b338703a3b6e9170678fc18c7;0xa036e893;0x338703a3L;0.500000;1503093956;1503093956
1;256;8048;0x8f86039fec8e240d02715c964ae84213bbe1e1c2c8c4ba91381ed0f1bd62154c;0x1f596c1470cf0c86ca846075e2a201a0eb53ab5b338703a3b6e9170678fc18c7;0xa036e893;0x338703a3L;0.500000;1503093957;1503093957
1;256;8048;0x4724c04248309947c1372174ac407d0e2eea3227610745d60608d2df96afa0de;0x7d35bec9b65892dd0d656edc1742c295428fd59949052943a31099c70f68c3df;0xc4d09ecb;0x49052943L;0.500000;1503093957;1503093958
