1;256;8048;0x5f2c119566166ed89eee24992ff0a1559d6154d8bf40c6a995780cf81eff157d;0x0ea888212389d92eef0d09382288b2a9ded206e92dc647da23df3e76f9de9e92;0x7d7bf3bc;0x2dc647daL;0.500000;1503200585;1503200585
1;256;8048;0x5f2c119566166ed89eee24992ff0a1559d6154d8bf40c6a995780cf81eff157d;0x0ea888212389d92eef0d09382288b2a9ded206e92dc647da23df3e76f9de9e92;0x7d7bf3bc;0x2dc647daL;0.500000;1503200586;1503200586
0;256;8048;0xea41457e5fbcc3d8dec249cf596bbed97cb55d6e13bfb5fa5734aff16493cf4e;0xc3cb8d2a8929d2d53be0d410f373e57db4bf4a1225c87f53148fa0a64901249b;0x0735a284;0xfffdbf7fL;0.500000;1503200586;1503200587
1;256;8048;0xe627af987a9252cc167b099231d1c82d67adf6b78998f551e069f32f9ae27e81;0xfc346becf2784aecff683ef1c6313159453c55b9ebecd56f05a9a180b54359e1;0x05920920;0xebecd56fL;0.500000;1503200587;1503200588
1;256;8048;0x9ca973b8aae24ac4542aa4ba3ba002c5af81d39b32043b0c92406f29525bc7ee;0x26d7c9ee39f2452d8654f21302128f58fc542d90b5cd1ed1d02a6e5b1bac2d51;0xee9cbe11;0xb5cd1ed1L;0.500000;1503200588;1503200589
0;256;8048;0xf1f5c3a7d38f42cc6b53a60dabcc407abda4d7ea3e11ff2a00050783e42327d5;0xe56748ef4cc330a2d58e51ac031f443fc26adde918a9f0d12f306ca704c0297d;0xa3e25ca9;0x1ca9f0d1L;0.500000;1503200589;1503200589
0;256;8048;0xf1f5c3a7d38f42cc6b53a60dabcc407abda4d7ea3e11ff2a00050783e42327d5;0xe56748ef4cc330a2d58e51ac031f443fc26adde918a9f0d12f306ca704c0297d;0xa3e25ca9;0x1ca9f0d1L;0.500000;1503200589;1503200590
0;256;8048;0xfd39267265049ce6c9310a7991cd67f3c6987b3d4a431446eb47e818a45aaba1;0xe1145a553a6d57f601dcae3a764bdd8493523255a51c0aeea285ddc187611285;0x21671a27;0xffffbfffL;0.500000;1503200590;1503200591
0;256;8048;0xff60344e75106581aed67f6d3b1e40a2e77de355f9583f533ea9d8b5a7c9b5a6;0x8865298e102a06b2658e965d7119d3f0c2f4f1835897aeafd7cbefe959c79e5c;0x36fcc998;0x5a97aeafL;0.500000;1503200591;1503200592
1;256;8048;0x54d1e061129f8b36ed402db40972faa6b6798aef51ff8bd881fd60b25c2da3b0;0x6980a63d05cbd7339ccea24e7e1598067a76aca65be0ed3f695ceb88fb9277b0;0xcff65dd0;0x5be0ed3fL;0.500000;1503200592;1503200592
1;256;8048;0x54d1e061129f8b36ed402db40972faa6b6798aef51ff8bd881fd60b25c2da3b0;0x6980a63d05cbd7339ccea24e7e1598067a76aca65be0ed3f695ceb88fb9277b0;0xcff65dd0;0x5be0ed3fL;0.500000;1503200592;1503200593
0;256;8048;0x4477eb75d42b9a6cc9b7374ff801de648c0a089bc4a1829e9d09af0cbdefe901;0x892ba71c917dd2d50a2856bf76b85913c938c31f4f89b4d378a09040030a792e;0x3fd98509;0x4f81b4d3L;0.500000;1503200593;1503200594
1;256;8048;0x09c36434f81d804b01730f7f7a03cc3a5d2208afc433e29223494a0bf9c5d602;0x6549be8236c4535663abf78f9cb88d2cb2441de4bb75149fe91a2c68d73e4fe0;0x21785eb1;0xbb75149fL;0.500000;1503200594;1503200595
1;256;8048;0x83a79fd38ebaf94b34489a48c14ffea8cefb296fcf7f31a5e19ab3399928c21d;0x3a4809a11a9106da9b66cbc7e161c4d77d000d8e84583f4fb7049927c21d25e8;0x92e959b8;0x84583f4fL;0.500000;1503200595;1503200596
0;256;8048;0xf5174929f6ff7985cfcbf8872ff9788543611bcd5f44778563104e7c764bc96b;0x7d17b7b8db4c5b774e9f77a4c156e6bb20f20dcfe94934a164e107b2a4a97882;0x47d5e0b1;0xffffffc1L;0.500000;1503200596;1503200597
0;256;8048;0xa275ef7d0e23164416d5027bd2589583da26262e099a9dde6134edff9b9f7a3e;0x3d4370ba35c418ee0bf9aeb2c01b19435906f6c86a95bd27fc2305ac74092627;0x1dcd6a0c;0x6a96bd27L;0.500000;1503200597;1503200597
0;256;8048;0xa275ef7d0e23164416d5027bd2589583da26262e099a9dde6134edff9b9f7a3e;0x3d4370ba35c418ee0bf9aeb2c01b19435906f6c86a95bd27fc2305ac74092627;0x1dcd6a0c;0x6a96bd27L;0.500000;1503200598;1503200598
0;256;8048;0xebf812be8507b31e5656b72a73b5f037a6f5c4052573983583fd747a9a984986;0x6fe90540d92d95b44fc08c47c6ebd7322359b79714cd53bb5edb1e9563e8b130;0x05f0c2d4;0x14cf53b3L;0.500000;1503200598;1503200599
1;256;8048;0xb8fe778aac9f40996690382a3ee37ad95240dd14eb46a8b37eef5af2eab2bca2;0x39842de6fa3d6dd8dfae0d02f7e4cc1951b15e07e2c3cd7173c88664528934a7;0xfce1219b;0xe2c3cd71L;0.500000;1503200599;1503200600
1;256;8048;0xd048da2a3f67b94eb8aeae19ecfe2b2f7e6efc9a789576ea74c46539f2da1dc2;0x6ed66a2ff9291b07368c0984334813f612519af6ebc0f9efe88ae3936f6d5f55;0x4b090025;0xebc0f9efL;0.500000;1503200600;1503200601
