1;256;8048;0xc5e0d41677b11db3c33e2db122717950a6764b7da45234ca5b2d66a15ad5e720;0xb7dfd28581f43f214c0e9ad998b187c14f7373e35b2248f2619609a33862b39f;0x2f80fe1f;0x2f80fe1fL;0.500000;1503081148;1503081149
1;256;8048;0x781610d130fcf8ba880c5b2daa60af8ea47b1958dba6daa36e63bb71ec66d964;0x9b4faa9f5abf717eefa6f5244bb49a30d561f2136bf7cfe34900f02499d854ee;0xe39a68c9;0xe39a68c9L;0.500000;1503081149;1503081149
1;256;8048;0x781610d130fcf8ba880c5b2daa60af8ea47b1958dba6daa36e63bb71ec66d964;0x9b4faa9f5abf717eefa6f5244bb49a30d561f2136bf7cfe34900f02499d854ee;0xe39a68c9;0xe39a68c9L;0.500000;1503081149;1503081150
1;256;8048;0x2d892aea186112571449347bef569a63363f959dfdf706383c71dcaa84e616b1;0x5c18e6677e0a598c22ac923fc197886541ce62ddc6abfe20f6233a291cde27e7;0x1fb24086;0x1fb24086L;0.500000;1503081150;1503081150
1;256;8048;0x2d892aea186112571449347bef569a63363f959dfdf706383c71dcaa84e616b1;0x5c18e6677e0a598c22ac923fc197886541ce62ddc6abfe20f6233a291cde27e7;0x1fb24086;0x1fb24086L;0.500000;1503081150;1503081151
1;256;8048;0x5cb1da96ce4e014e45acd05689abb99432df0aa8b3a71f17a43854bffec8ed5b;0xa5821dbd29396830529a2af7ab405c965c48d7f02ea37b35ab5e229d86154a05;0x92c73f45;0x92c73f45L;0.500000;1503081151;1503081152
1;256;8048;0xa3357ff0b903eb269adb4e675658e58a08ca12a0dddfde4244b0bebb531b9df6;0x7fe051256832621b48fe20f13a601883ba8e6ce89842df3abf7ad34b251656a0;0x7dde8186;0x7dde8186L;0.500000;1503081152;1503081152
1;256;8048;0xa3357ff0b903eb269adb4e675658e58a08ca12a0dddfde4244b0bebb531b9df6;0x7fe051256832621b48fe20f13a601883ba8e6ce89842df3abf7ad34b251656a0;0x7dde8186;0x7dde8186L;0.500000;1503081152;1503081153
1;256;8048;0x9a8bbf92e0902745987d215c3552a680a15e944714d3fe85bc1fde4228e8f2c2;0x57a63c0e7a08af0b877ed42c5f858fd19098e68e5ddb2b1ae23eac840ca4979a;0x69d0290a;0x69d0290aL;0.500000;1503081153;1503081153
1;256;8048;0x9a8bbf92e0902745987d215c3552a680a15e944714d3fe85bc1fde4228e8f2c2;0x57a63c0e7a08af0b877ed42c5f858fd19098e68e5ddb2b1ae23eac840ca4979a;0x69d0290a;0x69d0290aL;0.500000;1503081153;1503081154
1;256;8048;0x9a378aae04809b26bf8ba6c6c979e7283df1195ea69d7b4894594c5dbbd0ca55;0xaebdcc82a28efc67addd15939229ed16ca8cfb060cd8634ba9d362b4acf1f90d;0x56e66d6d;0x56e66d6dL;0.500000;1503081154;1503081154
1;256;8048;0x9a378aae04809b26bf8ba6c6c979e7283df1195ea69d7b4894594c5dbbd0ca55;0xaebdcc82a28efc67addd15939229ed16ca8cfb060cd8634ba9d362b4acf1f90d;0x56e66d6d;0x56e66d6dL;0.500000;1503081155;1503081155
1;256;8048;0xd34b5288a79b6bdd796541f2edb7e594105d52cc38a8464da4bb1a4b172559eb;0xfbe4e73d07972cf5c03956f3d1df8d5c40f4c94904071806f31f7b55aada8a35;0x16c35cfd;0x16c35cfdL;0.500000;1503081155;1503081155
1;256;8048;0xd34b5288a79b6bdd796541f2edb7e594105d52cc38a8464da4bb1a4b172559eb;0xfbe4e73d07972cf5c03956f3d1df8d5c40f4c94904071806f31f7b55aada8a35;0x16c35cfd;0x16c35cfdL;0.500000;1503081156;1503081156
1;256;8048;0x8f2776300dce5b942adf3211431c751e2541f12855b91fc8f1d736edaa5bf93a;0xa7b47e4e251b34492e74f290bfddb6f8d83e286ead3479484326e0af6d1a9664;0xe48976cd;0xe48976cdL;0.500000;1503081156;1503081157
1;256;8048;0xe61fe4ae76e2ce1164f26bd560e6795a47086fa3a85c2ec8ecc6c9ad155ac7fc;0xb63c765d7066844df7c3e4e5b9d20d6b74e5b7e0fe7096e8bec6adf425ae7fb0;0x75a2488f;0x75a2488fL;0.500000;1503081157;1503081157
1;256;8048;0xe61fe4ae76e2ce1164f26bd560e6795a47086fa3a85c2ec8ecc6c9ad155ac7fc;0xb63c765d7066844df7c3e4e5b9d20d6b74e5b7e0fe7096e8bec6adf425ae7fb0;0x75a2488f;0x75a2488fL;0.500000;1503081157;1503081158
1;256;8048;0x9ccf93ce8ecd2cb712fc3fc8f6e695612c3d3341eeb36a7a9e5353f6ce3db76a;0x345ff35e72c507e4193b8ff520339a2c66c6430bca632dd6ecb46e43251bbacd;0x61ee5c1e;0x61ee5c1eL;0.500000;1503081158;1503081158
1;256;8048;0x9ccf93ce8ecd2cb712fc3fc8f6e695612c3d3341eeb36a7a9e5353f6ce3db76a;0x345ff35e72c507e4193b8ff520339a2c66c6430bca632dd6ecb46e43251bbacd;0x61ee5c1e;0x61ee5c1eL;0.500000;1503081158;1503081159
1;256;8048;0x9fd90aab9557c4cc0a1984da2063f44880b535ee346b630560083ff050123ef0;0x3d19a914f06b43185df8ff82d32f7549eccf8727c804256b095cbe1b2cc3a1e1;0x54ef42ce;0x54ef42ceL;0.500000;1503081159;1503081159
