1;256;8048;0x2c38c06b313c768f62ad1436118c8770112a9710a3d215a0181c3476c53703f1;0x9be6b4f1ac0703f18b23e2bae67abca0a6be6873e9167d56971429b89eb20f6f;0x322cc0a0;0x322cc0a0L;0.500000;1503121917;1503121918
0;256;8048;0xa1e72b3a4ca6f6fb39a9c7d422e80aba3c68e30e745843069727565461e1ba02;0x308a62e6a825e33b2190dd1979a6a648105d77954b3539116dc68b8116f0ba32;0x4f6b57d3;0x2284bf36L;0.500000;1503121918;1503121918
0;256;8048;0xa1e72b3a4ca6f6fb39a9c7d422e80aba3c68e30e745843069727565461e1ba02;0x308a62e6a825e33b2190dd1979a6a648105d77954b3539116dc68b8116f0ba32;0x4f6b57d3;0x2284bf36L;0.500000;1503121918;1503121919
1;256;8048;0xc832e293dc675d5e6b315a5cae3959304d8660e158a7b2384c829a038d440b55;0xc52c42fd8ce46138703e27ff78480b9664eb4670771e4831c5150c7ed15489dd;0x733909f6;0x733909f6L;0.500000;1503121919;1503121919
1;256;8048;0xc832e293dc675d5e6b315a5cae3959304d8660e158a7b2384c829a038d440b55;0xc52c42fd8ce46138703e27ff78480b9664eb4670771e4831c5150c7ed15489dd;0x733909f6;0x733909f6L;0.500000;1503121919;1503121920
1;256;8048;0x82ab60fe0cf2a113dab64edb6cb220b431b16b927dc28603c1cea3a5010f5883;0xb6d19093cef52e4b3db20b580c763d1dd950d35e9029a81eb7f6df514ee74788;0x00efc97a;0xefc97aL;0.500000;1503121920;1503121920
1;256;8048;0x82ab60fe0cf2a113dab64edb6cb220b431b16b927dc28603c1cea3a5010f5883;0xb6d19093cef52e4b3db20b580c763d1dd950d35e9029a81eb7f6df514ee74788;0x00efc97a;0xefc97aL;0.500000;1503121920;1503121920
1;256;8048;0x82ab60fe0cf2a113dab64edb6cb220b431b16b927dc28603c1cea3a5010f5883;0xb6d19093cef52e4b3db20b580c763d1dd950d35e9029a81eb7f6df514ee74788;0x00efc97a;0xefc97aL;0.500000;1503121920;1503121921
1;256;8048;0x41579b466566aa2b7e026cc030455e630bd7f9bd45f734eaf2a00661ad84a7ee;0xbd65552371cd5828f473e8a3ffd794a4269ff237703387f24cae24174310864e;0xc355f3bd;0xc355f3bdL;0.500000;1503121921;1503121921
1;256;8048;0x41579b466566aa2b7e026cc030455e630bd7f9bd45f734eaf2a00661ad84a7ee;0xbd65552371cd5828f473e8a3ffd794a4269ff237703387f24cae24174310864e;0xc355f3bd;0xc355f3bdL;0.500000;1503121921;1503121922
1;256;8048;0x2c87b5d335c11e19d6e5b80fdf896acb5e401dcb0447e21989a6cb0bf6e8f923;0x392f7bd3abc654ac8d412d7fabbc4d3a12305c6ef0b871d4a950e41d14416753;0x3de137b3;0x3de137b3L;0.500000;1503121922;1503121922
1;256;8048;0x2c87b5d335c11e19d6e5b80fdf896acb5e401dcb0447e21989a6cb0bf6e8f923;0x392f7bd3abc654ac8d412d7fabbc4d3a12305c6ef0b871d4a950e41d14416753;0x3de137b3;0x3de137b3L;0.500000;1503121922;1503121923
1;256;8048;0xf583230f426b189f83e751b0d42b2ea0c8ab87631c88e7c83ae94684c4607bb9;0x2adf58b62535187b382dc6e7150445f7c4aa1251a028c59bddaa0b0849585922;0x7d2da7bc;0x7d2da7bcL;0.500000;1503121923;1503121923
1;256;8048;0xf583230f426b189f83e751b0d42b2ea0c8ab87631c88e7c83ae94684c4607bb9;0x2adf58b62535187b382dc6e7150445f7c4aa1251a028c59bddaa0b0849585922;0x7d2da7bc;0x7d2da7bcL;0.500000;1503121923;1503121923
1;256;8048;0xf583230f426b189f83e751b0d42b2ea0c8ab87631c88e7c83ae94684c4607bb9;0x2adf58b62535187b382dc6e7150445f7c4aa1251a028c59bddaa0b0849585922;0x7d2da7bc;0x7d2da7bcL;0.500000;1503121924;1503121924
1;256;8048;0x72df011e0eced215d902184eaefc6adadea993b3f7089297e77e502da7b29c19;0x2ec10a152a863ca3fca002a363dddf2ee43c7a6b95b35f646d9178f25f34b1a5;0x2c417fc1;0x2c417fc1L;0.500000;1503121924;1503121924
1;256;8048;0x72df011e0eced215d902184eaefc6adadea993b3f7089297e77e502da7b29c19;0x2ec10a152a863ca3fca002a363dddf2ee43c7a6b95b35f646d9178f25f34b1a5;0x2c417fc1;0x2c417fc1L;0.500000;1503121924;1503121925
1;256;8048;0x9a9f9837a251499b0615efe52a31446e34fe020bf6c6dd9db188ad2a1678f7b0;0x3bebb58f37ba9efadc5044282e231e54de4245801de7378197fadb5609602ad8;0xfc24fb77;0xfc24fb77L;0.500000;1503121925;1503121925
1;256;8048;0x9a9f9837a251499b0615efe52a31446e34fe020bf6c6dd9db188ad2a1678f7b0;0x3bebb58f37ba9efadc5044282e231e54de4245801de7378197fadb5609602ad8;0xfc24fb77;0xfc24fb77L;0.500000;1503121925;1503121926
1;256;8048;0x3f8c098bc4af0c66f59adb3b19da3bdbdf456cd093ab0112d16717cb72d6e1b1;0x5843013870ef2055eeed999e3b69ae6bea80efd6e915197c51f06b6661418d20;0x7e3c7f03;0x7e3c7f03L;0.500000;1503121926;1503121926
