1;256;8048;0x278eef235170dfbb3aca772644eb87177bb0879e12370f66eff33ac86aed5b91;0x2bedb434f2c4c44afa9b4d9ce23553d551fc4d6b8dd080312b353c0190beb190;0xfd258c5d;0xfd258c5dL;0.500000;1503140326;1503140327
1;256;8048;0x6799986ded07b2243d970f4ace65cf12d89c64dcc00118da84978e3579efcce0;0x7ccbcd2592ab3ec78131a56fdee2f5e9e49c9aaf104a2e7371d4361877962c9a;0x6f8c4070;0x6f8c4070L;0.500000;1503140327;1503140327
1;256;8048;0x6799986ded07b2243d970f4ace65cf12d89c64dcc00118da84978e3579efcce0;0x7ccbcd2592ab3ec78131a56fdee2f5e9e49c9aaf104a2e7371d4361877962c9a;0x6f8c4070;0x6f8c4070L;0.500000;1503140327;1503140328
1;256;8048;0xabe3d56b966a4bc1a1ce2b4bf495997a37dff1754d598689cd9e63349ac76c45;0x0d8ea559b434c6c0808e61be3704a3365aacadc5fbe2f79f9a34d3fc5d0ae388;0x75dd106c;0x75dd106cL;0.500000;1503140328;1503140328
1;256;8048;0xabe3d56b966a4bc1a1ce2b4bf495997a37dff1754d598689cd9e63349ac76c45;0x0d8ea559b434c6c0808e61be3704a3365aacadc5fbe2f79f9a34d3fc5d0ae388;0x75dd106c;0x75dd106cL;0.500000;1503140328;1503140329
1;256;8048;0x3984185b953cd04564df7d37f214ea588be906788894d81ef31d6ed7cbf15204;0x478485d28609cdf7204e2fbc65927c24a3f458fe32dbd22b13180e6b090c2199;0x9de67815;0x9de67815L;0.500000;1503140329;1503140329
1;256;8048;0x3984185b953cd04564df7d37f214ea588be906788894d81ef31d6ed7cbf15204;0x478485d28609cdf7204e2fbc65927c24a3f458fe32dbd22b13180e6b090c2199;0x9de67815;0x9de67815L;0.500000;1503140329;1503140330
0;256;8048;0xf676dfb01331ee5d24c6420f483fa16e54f52a377866392ba0589e1c0fc67c05;0xa91b1cf7705e3810dab6f0898480daafb0a6b7c207c65c1144ca11968b51fdfc;0xb479b0f9;0x38fa8ba8L;0.500000;1503140330;1503140330
0;256;8048;0xf676dfb01331ee5d24c6420f483fa16e54f52a377866392ba0589e1c0fc67c05;0xa91b1cf7705e3810dab6f0898480daafb0a6b7c207c65c1144ca11968b51fdfc;0xb479b0f9;0x38fa8ba8L;0.500000;1503140330;1503140331
1;256;8048;0x57e4ff6197f4ae4b63396b4d5235b17615f8cba603b77b526abbb88432b60389;0xabea7a4012a186c2e46eb0622f5a3a3ec90474a1b9f1d4a756e7019763e78c4c;0xd77c7353;0xd77c7353L;0.500000;1503140331;1503140331
1;256;8048;0x57e4ff6197f4ae4b63396b4d5235b17615f8cba603b77b526abbb88432b60389;0xabea7a4012a186c2e46eb0622f5a3a3ec90474a1b9f1d4a756e7019763e78c4c;0xd77c7353;0xd77c7353L;0.500000;1503140331;1503140332
1;256;8048;0x09c887ea13c6023b3779d74c1acc90be42a50dc2d4c6b34083d6f42412a6471b;0xd118fafdc338f9bd8231c30409d2acbd2a889479eeb8978f8dfc76ed4f3838e1;0x7184aedc;0x7184aedcL;0.500000;1503140332;1503140332
1;256;8048;0x09c887ea13c6023b3779d74c1acc90be42a50dc2d4c6b34083d6f42412a6471b;0xd118fafdc338f9bd8231c30409d2acbd2a889479eeb8978f8dfc76ed4f3838e1;0x7184aedc;0x7184aedcL;0.500000;1503140332;1503140333
1;256;8048;0x94d5aa1824ee237e1ab30eaa15a44ec92742779d1cc6ae064d9189fcbccbef50;0x23e013368d21e3fe83e0318b9227981fa0b6a2a86683e75429d26b3c87473e46;0xa05bf100;0xa05bf100L;0.500000;1503140333;1503140333
1;256;8048;0x94d5aa1824ee237e1ab30eaa15a44ec92742779d1cc6ae064d9189fcbccbef50;0x23e013368d21e3fe83e0318b9227981fa0b6a2a86683e75429d26b3c87473e46;0xa05bf100;0xa05bf100L;0.500000;1503140333;1503140333
1;256;8048;0x94d5aa1824ee237e1ab30eaa15a44ec92742779d1cc6ae064d9189fcbccbef50;0x23e013368d21e3fe83e0318b9227981fa0b6a2a86683e75429d26b3c87473e46;0xa05bf100;0xa05bf100L;0.500000;1503140334;1503140334
1;256;8048;0x81966486afcbdfb72a47d523077fee54471b0753b12f1ab6d1b88f544f6fd5d1;0xebd7b03ed6e24f1b3974be564fb02c51df8f1c66d017e38802817fae7ae70c1f;0x5da49e3c;0x5da49e3cL;0.500000;1503140334;1503140334
1;256;8048;0x81966486afcbdfb72a47d523077fee54471b0753b12f1ab6d1b88f544f6fd5d1;0xebd7b03ed6e24f1b3974be564fb02c51df8f1c66d017e38802817fae7ae70c1f;0x5da49e3c;0x5da49e3cL;0.500000;1503140334;1503140335
1;256;8048;0x9c6c2e925f20104434759a88d84a57a9f420b22cdb97f24e4cef4d370238b49f;0xe973b42f1c66fff71b77d58352f5e5ba56f6e37cfb0441114c42ea55e16b88b5;0x639abcd8;0x639abcd8L;0.500000;1503140335;1503140335
1;256;8048;0x9c6c2e925f20104434759a88d84a57a9f420b22cdb97f24e4cef4d370238b49f;0xe973b42f1c66fff71b77d58352f5e5ba56f6e37cfb0441114c42ea55e16b88b5;0x639abcd8;0x639abcd8L;0.500000;1503140335;1503140336
