1;256;8048;0x6fb49d284ed8cb4b7563205826b0418e149a5ae70be8a68a95b5d09adc82df4b;0xa92be613d9debeef968fa976f1c2bd3b7f3c9c8fcb624d84b729a43a5e5d2f05;0x9e65ddaf;0x9e65ddafL;0.500000;1503142318;1503142318
1;256;8048;0x6fb49d284ed8cb4b7563205826b0418e149a5ae70be8a68a95b5d09adc82df4b;0xa92be613d9debeef968fa976f1c2bd3b7f3c9c8fcb624d84b729a43a5e5d2f05;0x9e65ddaf;0x9e65ddafL;0.500000;1503142318;1503142318
1;256;8048;0x6fb49d284ed8cb4b7563205826b0418e149a5ae70be8a68a95b5d09adc82df4b;0xa92be613d9debeef968fa976f1c2bd3b7f3c9c8fcb624d84b729a43a5e5d2f05;0x9e65ddaf;0x9e65ddafL;0.500000;1503142318;1503142319
0;256;8048;0x747ae5de2146fd3fb538f1a1448fafb784f15b559831cea2daa277d3f7a84f6b;0x419696f9ca803de105566a2ec546e6f5d88e84fc27e5c0254e6ec98d9227d134;0x07521fa0;0xcc990695L;0.500000;1503142319;1503142319
0;256;8048;0x747ae5de2146fd3fb538f1a1448fafb784f15b559831cea2daa277d3f7a84f6b;0x419696f9ca803de105566a2ec546e6f5d88e84fc27e5c0254e6ec98d9227d134;0x07521fa0;0xcc990695L;0.500000;1503142319;1503142320
1;256;8048;0x014781d283daead600a2f208f4c80eb0b797365851a566fad6aa0f01ab41c6ac;0x847de2f23a621daa219ab57fb539c2eaf78ac496db833a8cabded671b5a8c347;0xe06b96f5;0xe06b96f5L;0.500000;1503142320;1503142320
1;256;8048;0x014781d283daead600a2f208f4c80eb0b797365851a566fad6aa0f01ab41c6ac;0x847de2f23a621daa219ab57fb539c2eaf78ac496db833a8cabded671b5a8c347;0xe06b96f5;0xe06b96f5L;0.500000;1503142320;1503142321
1;256;8048;0x73adf23f9a4fd6c1b08e35a0a44f47950798f2e0510252192854eab97b509aee;0x823123f9a3657f5732bd2102dab711a9a08a54f0dee3c90b5b57d0792e8c2e67;0x66aa5e51;0x66aa5e51L;0.500000;1503142321;1503142321
1;256;8048;0x73adf23f9a4fd6c1b08e35a0a44f47950798f2e0510252192854eab97b509aee;0x823123f9a3657f5732bd2102dab711a9a08a54f0dee3c90b5b57d0792e8c2e67;0x66aa5e51;0x66aa5e51L;0.500000;1503142321;1503142321
1;256;8048;0x73adf23f9a4fd6c1b08e35a0a44f47950798f2e0510252192854eab97b509aee;0x823123f9a3657f5732bd2102dab711a9a08a54f0dee3c90b5b57d0792e8c2e67;0x66aa5e51;0x66aa5e51L;0.500000;1503142322;1503142322
1;256;8048;0x88ccd4cd8ee0bbb5955d9b17941e53a83d3a3b6d0532ab924188dd4c16dc8b9e;0xbfe24b62c96c355ab45837293e434e82d2ecfa6017b305f33f48990389b4b9d0;0xc50bc8ea;0xc50bc8eaL;0.500000;1503142322;1503142322
1;256;8048;0x88ccd4cd8ee0bbb5955d9b17941e53a83d3a3b6d0532ab924188dd4c16dc8b9e;0xbfe24b62c96c355ab45837293e434e82d2ecfa6017b305f33f48990389b4b9d0;0xc50bc8ea;0xc50bc8eaL;0.500000;1503142323;1503142323
0;256;8048;0x9749f20ba5e5b7bf77889da3fde1f69d698bd7eee9a3029dbae086deb20da049;0xb9336b3aea2a1967719a7cadd832027a583f42ca11b05b16469f3421df9d4d71;0xa86292fb;0x80949575L;0.500000;1503142323;1503142323
0;256;8048;0x9749f20ba5e5b7bf77889da3fde1f69d698bd7eee9a3029dbae086deb20da049;0xb9336b3aea2a1967719a7cadd832027a583f42ca11b05b16469f3421df9d4d71;0xa86292fb;0x80949575L;0.500000;1503142323;1503142324
1;256;8048;0x2a1076e5fdac783ee673ef573ef7459f2cde11fa27fd38145484637195f48abf;0x058a90f226610852a9f8b825fe24908d7625aae7b21f9ce7b55270952888378d;0xf24d61c1;0xf24d61c1L;0.500000;1503142324;1503142325
1;256;8048;0xa9362af890e10a92194d572a87c97d338f4e610f9f8f4ba19e9d49502cb63cd5;0x44139cd1c4e6a0f9bf138e40011cbd9194dd5fad9c782035428040f3258e8c46;0x6bbef474;0x6bbef474L;0.500000;1503142325;1503142325
1;256;8048;0xa9362af890e10a92194d572a87c97d338f4e610f9f8f4ba19e9d49502cb63cd5;0x44139cd1c4e6a0f9bf138e40011cbd9194dd5fad9c782035428040f3258e8c46;0x6bbef474;0x6bbef474L;0.500000;1503142325;1503142325
1;256;8048;0xa9362af890e10a92194d572a87c97d338f4e610f9f8f4ba19e9d49502cb63cd5;0x44139cd1c4e6a0f9bf138e40011cbd9194dd5fad9c782035428040f3258e8c46;0x6bbef474;0x6bbef474L;0.500000;1503142325;1503142326
1;256;8048;0x24e7b6dd5ec1806eeb9cfa6364e5a96a4d74d2f56555afac8474732796e615bb;0x8c6ae54c25e4029373d17ea127983b15c7594160cccd17777495731c0263319b;0x3d5fd2fd;0x3d5fd2fdL;0.500000;1503142326;1503142326
1;256;8048;0x24e7b6dd5ec1806eeb9cfa6364e5a96a4d74d2f56555afac8474732796e615bb;0x8c6ae54c25e4029373d17ea127983b15c7594160cccd17777495731c0263319b;0x3d5fd2fd;0x3d5fd2fdL;0.500000;1503142326;1503142327
