0;256;8048;0x49810211d1df8c046e1317f0e79ecb48f619159a81bc6f25014bd2982ab57b73;0xaa2da1c7907e4ff61b911bb999221b51fc6610846346c4810b621128bd41fe79;0x937886b7;0x2c9aa208L;0.500000;1503112714;1503112715
1;256;8048;0xae64bf955a0049a75b9329516286aed4fc8286aa3c70635e240dc89e8967fe37;0x121c4703b83df01720bd91458df89f7887478fb021319d10c12c5945fb5be6f0;0x16da2269;0x16da2269L;0.500000;1503112715;1503112715
1;256;8048;0xae64bf955a0049a75b9329516286aed4fc8286aa3c70635e240dc89e8967fe37;0x121c4703b83df01720bd91458df89f7887478fb021319d10c12c5945fb5be6f0;0x16da2269;0x16da2269L;0.500000;1503112715;1503112715
1;256;8048;0xae64bf955a0049a75b9329516286aed4fc8286aa3c70635e240dc89e8967fe37;0x121c4703b83df01720bd91458df89f7887478fb021319d10c12c5945fb5be6f0;0x16da2269;0x16da2269L;0.500000;1503112715;1503112716
1;256;8048;0xe99efd456e9caaa100240220f963ab3daa8164ee2cf5d9b74664049abe9b4da7;0x60d2064d2ff76d01341154765cee6f87ceb8a47169e291f99fc85eca545346e8;0x060f5edd;0x60f5eddL;0.500000;1503112716;1503112716
1;256;8048;0xe99efd456e9caaa100240220f963ab3daa8164ee2cf5d9b74664049abe9b4da7;0x60d2064d2ff76d01341154765cee6f87ceb8a47169e291f99fc85eca545346e8;0x060f5edd;0x60f5eddL;0.500000;1503112716;1503112717
1;256;8048;0xa0586b01e47f59ba534091e2b65c5ad6ec72c2737308e151446d38d21fca0ebf;0x47b0c0390afd77981434f42c4070e2fbe5e4fa33fb330769b760849aa790d5d2;0x58d14298;0x58d14298L;0.500000;1503112717;1503112717
1;256;8048;0xa0586b01e47f59ba534091e2b65c5ad6ec72c2737308e151446d38d21fca0ebf;0x47b0c0390afd77981434f42c4070e2fbe5e4fa33fb330769b760849aa790d5d2;0x58d14298;0x58d14298L;0.500000;1503112717;1503112718
0;256;8048;0xfb4eb8bc823520a4d87b9cf67e9248391e0fbe29644c878aa45f6e73bb4721b6;0x2144d8c36679719ea2676ce3f2d0129a5c661cdb2b5ecccdd2e038469b5f095f;0x2dc3dee2;0x2093f17cL;0.500000;1503112718;1503112718
0;256;8048;0xfb4eb8bc823520a4d87b9cf67e9248391e0fbe29644c878aa45f6e73bb4721b6;0x2144d8c36679719ea2676ce3f2d0129a5c661cdb2b5ecccdd2e038469b5f095f;0x2dc3dee2;0x2093f17cL;0.500000;1503112718;1503112718
0;256;8048;0xfb4eb8bc823520a4d87b9cf67e9248391e0fbe29644c878aa45f6e73bb4721b6;0x2144d8c36679719ea2676ce3f2d0129a5c661cdb2b5ecccdd2e038469b5f095f;0x2dc3dee2;0x2093f17cL;0.500000;1503112719;1503112719
1;256;8048;0x77f06e49d8cd4541afdf0b56db26bbaae2dbc5f7a784ef92842efca008978f7f;0xa743334e2e0850cb5900be48f0d08e0b0a12ea3dd87834ea5891e9893d36c860;0x934e3110;0x934e3110L;0.500000;1503112719;1503112719
1;256;8048;0x77f06e49d8cd4541afdf0b56db26bbaae2dbc5f7a784ef92842efca008978f7f;0xa743334e2e0850cb5900be48f0d08e0b0a12ea3dd87834ea5891e9893d36c860;0x934e3110;0x934e3110L;0.500000;1503112719;1503112720
1;256;8048;0x67e804cef376bb46e2069f942751c0b57820ce76f263b18f3fe7baf87d7434e4;0x8b3c21159199849858e87772c9cd3ad4d4b58145cab5d4e4449597a05ea88bbe;0xc7113499;0xc7113499L;0.500000;1503112720;1503112720
1;256;8048;0x67e804cef376bb46e2069f942751c0b57820ce76f263b18f3fe7baf87d7434e4;0x8b3c21159199849858e87772c9cd3ad4d4b58145cab5d4e4449597a05ea88bbe;0xc7113499;0xc7113499L;0.500000;1503112720;1503112721
0;256;8048;0xa5e472d8d508889c71c84085388aa021ce9a4fb179be307d9b19043007389bac;0x36c45922aa7a83a26f833e55e2f86b537c9dfed961de20e7d6fcace72852ca90;0x3dfba409;0x20f40f5cL;0.500000;1503112721;1503112721
0;256;8048;0xa5e472d8d508889c71c84085388aa021ce9a4fb179be307d9b19043007389bac;0x36c45922aa7a83a26f833e55e2f86b537c9dfed961de20e7d6fcace72852ca90;0x3dfba409;0x20f40f5cL;0.500000;1503112721;1503112722
1;256;8048;0x511283f9cb87bc88997f53181ef97ca41b02d7712530828445cec8cb10bed261;0x50907b8e5e6bdcb68ba2dbfe15c044f9151b78f2802e7a35eb5ef8def5391dc4;0x7dbcfd1e;0x7dbcfd1eL;0.500000;1503112722;1503112722
1;256;8048;0x511283f9cb87bc88997f53181ef97ca41b02d7712530828445cec8cb10bed261;0x50907b8e5e6bdcb68ba2dbfe15c044f9151b78f2802e7a35eb5ef8def5391dc4;0x7dbcfd1e;0x7dbcfd1eL;0.500000;1503112722;1503112723
1;256;8048;0x9c0e8355f6a3e0467175a5b6b6c20e06d8866875b2f84e757efbe56ed7169074;0x7f7544f9af4b73818a5b1a8b320146dd51c01bb1752f7cdc39601b3a22a33d43;0x31ae663a;0x31ae663aL;0.500000;1503112723;1503112723
