1;256;8048;0xc0fb911875cf0124ceb3a3d60c53c39c6496122322cd49e49e2853d021eb7de2;0x37b7a24c37a2dbb580e6c9269db38ab3ae4189c2563fe78c22b34cec9da42409;0xf90a488e;0xf90a488eL;0.500000;1503076658;1503076659
1;256;8048;0x86c193a0fbaa373749f72b52dc0dddb98464d36c5ff4347821753631a80d952e;0x19b831d39df94cf4de63e128885c4989ca39d5661280e82f87acf41f0237fdcc;0x776220ad;0x776220adL;0.500000;1503076659;1503076659
1;256;8048;0x86c193a0fbaa373749f72b52dc0dddb98464d36c5ff4347821753631a80d952e;0x19b831d39df94cf4de63e128885c4989ca39d5661280e82f87acf41f0237fdcc;0x776220ad;0x776220adL;0.500000;1503076659;1503076660
1;256;8048;0x6413128a87d73efff43c2cbe938b562103c275b03ffa8c0f89edde5c0a857f6e;0xe0de8ec5c05ec05696c618cd37c48578facb3b0a2677e7a9e346a1495c62fb5d;0xf15ebf34;0xf15ebf34L;0.500000;1503076660;1503076660
1;256;8048;0x6413128a87d73efff43c2cbe938b562103c275b03ffa8c0f89edde5c0a857f6e;0xe0de8ec5c05ec05696c618cd37c48578facb3b0a2677e7a9e346a1495c62fb5d;0xf15ebf34;0xf15ebf34L;0.500000;1503076660;1503076661
0;256;8048;0x101a48281dcfaf4392f8903250fac1cb8e4ae4a75c5c76fb69344d2618149d28;0x8b2c88e0b162279f332ab0e4eedc5f29a9048e4558590f305b8a60f5e38f025f;0xdcf9b123;0xcbd6104cL;0.500000;1503076661;1503076661
0;256;8048;0x101a48281dcfaf4392f8903250fac1cb8e4ae4a75c5c76fb69344d2618149d28;0x8b2c88e0b162279f332ab0e4eedc5f29a9048e4558590f305b8a60f5e38f025f;0xdcf9b123;0xcbd6104cL;0.500000;1503076661;1503076662
1;256;8048;0xb6e1764a01c47b06af53a3989fef165382359ff8c900eaebdce5f525dcf20c92;0xdafe0a02ab4d38bed6cf50b8155c27d6b9d8152d5f93b5f6fb869322dad650c1;0x7851e509;0x7851e509L;0.500000;1503076662;1503076662
1;256;8048;0xb6e1764a01c47b06af53a3989fef165382359ff8c900eaebdce5f525dcf20c92;0xdafe0a02ab4d38bed6cf50b8155c27d6b9d8152d5f93b5f6fb869322dad650c1;0x7851e509;0x7851e509L;0.500000;1503076662;1503076663
1;256;8048;0x6a44572acaa113f30d098aea51804e1154dd6082d853aae9344089f3239f968d;0x35e177342c86f0e2a9efe5d927e9bc9083156b6cc0eb4375e9ca8e25b4d7730d;0x3556eb4b;0x3556eb4bL;0.500000;1503076663;1503076663
1;256;8048;0x6a44572acaa113f30d098aea51804e1154dd6082d853aae9344089f3239f968d;0x35e177342c86f0e2a9efe5d927e9bc9083156b6cc0eb4375e9ca8e25b4d7730d;0x3556eb4b;0x3556eb4bL;0.500000;1503076663;1503076664
1;256;8048;0xc57874ea49384062bcb676f4da4e9f91f60f6ab7a0c56c9f4172ea9ef2282cb8;0x740801cd996ed8a201149abab53d0c48d4e7f269fa4b1d22913cb7f0651df52a;0x1293724f;0x1293724fL;0.500000;1503076664;1503076664
1;256;8048;0xc57874ea49384062bcb676f4da4e9f91f60f6ab7a0c56c9f4172ea9ef2282cb8;0x740801cd996ed8a201149abab53d0c48d4e7f269fa4b1d22913cb7f0651df52a;0x1293724f;0x1293724fL;0.500000;1503076664;1503076665
1;256;8048;0x982a0ecac2a77d7d4cb337aee21a2bbb72edf95fe218adbab161b7e7bec2a956;0x2725a0bff0836f28be3e78a09db2f5dcc4c519cea4f42fb5acd197ec19f4536e;0x699a7e50;0x699a7e50L;0.500000;1503076665;1503076665
1;256;8048;0x982a0ecac2a77d7d4cb337aee21a2bbb72edf95fe218adbab161b7e7bec2a956;0x2725a0bff0836f28be3e78a09db2f5dcc4c519cea4f42fb5acd197ec19f4536e;0x699a7e50;0x699a7e50L;0.500000;1503076665;1503076666
1;256;8048;0xd00ddc6c6c35ca3a35e1b2c0c4033fdfbaa37fe560e878159d699704229ce3f3;0x5147d2de30948f866c0973ef3c9a8b961901bae1a5ac85df6714054be8cfca05;0xeb08d5b8;0xeb08d5b8L;0.500000;1503076666;1503076666
1;256;8048;0xd00ddc6c6c35ca3a35e1b2c0c4033fdfbaa37fe560e878159d699704229ce3f3;0x5147d2de30948f866c0973ef3c9a8b961901bae1a5ac85df6714054be8cfca05;0xeb08d5b8;0xeb08d5b8L;0.500000;1503076666;1503076667
1;256;8048;0x2f266007cd469977dafa7f3aa14f4e001ba191b93e78b4677c4f4dd8fc59f92b;0x1ef46bf9af8e13ed79fff7d9eaaa29ea4a2bdeab4a7bd3076895b07b72e2ffc2;0x8ddbe151;0x8ddbe151L;0.500000;1503076667;1503076667
1;256;8048;0x2f266007cd469977dafa7f3aa14f4e001ba191b93e78b4677c4f4dd8fc59f92b;0x1ef46bf9af8e13ed79fff7d9eaaa29ea4a2bdeab4a7bd3076895b07b72e2ffc2;0x8ddbe151;0x8ddbe151L;0.500000;1503076667;1503076667
1;256;8048;0x2f266007cd469977dafa7f3aa14f4e001ba191b93e78b4677c4f4dd8fc59f92b;0x1ef46bf9af8e13ed79fff7d9eaaa29ea4a2bdeab4a7bd3076895b07b72e2ffc2;0x8ddbe151;0x8ddbe151L;0.500000;1503076668;1503076668
