1;256;8048;0x4e156afd5234cf88b09e95e85501966b5383ffe8bec6cf8aba6c16962ee2827c;0xd02519f862752511e8da31e1046288778c04840eb18a309bbc47c614f7843e04;0xa3f5457c;0xa3f5457cL;0.500000;1503106095;1503106095
1;256;8048;0x4e156afd5234cf88b09e95e85501966b5383ffe8bec6cf8aba6c16962ee2827c;0xd02519f862752511e8da31e1046288778c04840eb18a309bbc47c614f7843e04;0xa3f5457c;0xa3f5457cL;0.500000;1503106095;1503106096
1;256;8048;0x8c5a08061547f9df7f2ba927d967c8b6e8fb4fad4db574bf7ef8264bf148707d;0x6ede4cd1bcdc9791af14228a5d300d03383e976cbc8c5e621bed55bcf9ea1998;0xba6debb3;0xba6debb3L;0.500000;1503106096;1503106096
1;256;8048;0x8c5a08061547f9df7f2ba927d967c8b6e8fb4fad4db574bf7ef8264bf148707d;0x6ede4cd1bcdc9791af14228a5d300d03383e976cbc8c5e621bed55bcf9ea1998;0xba6debb3;0xba6debb3L;0.500000;1503106096;1503106096
1;256;8048;0x8c5a08061547f9df7f2ba927d967c8b6e8fb4fad4db574bf7ef8264bf148707d;0x6ede4cd1bcdc9791af14228a5d300d03383e976cbc8c5e621bed55bcf9ea1998;0xba6debb3;0xba6debb3L;0.500000;1503106097;1503106097
1;256;8048;0x7d48529c07288e846ca5ae084c72c03be355241c0561c1cf106c69f59e7a621b;0xe67b70598d2bb796f123b4ec76af0ca8f5e6a254829946004e6607d5bfe2ec9c;0x77052fdc;0x77052fdcL;0.500000;1503106097;1503106097
1;256;8048;0x7d48529c07288e846ca5ae084c72c03be355241c0561c1cf106c69f59e7a621b;0xe67b70598d2bb796f123b4ec76af0ca8f5e6a254829946004e6607d5bfe2ec9c;0x77052fdc;0x77052fdcL;0.500000;1503106097;1503106098
1;256;8048;0x5308b54c28690f4ce91d05836ff779558bbf583e871dad5abe8760d79f06c9f2;0x73c1068f67d214e1ac3d00f6383595305e94b89283ef8944d9bf88ac280f7563;0xffb6f681;0xffb6f681L;0.500000;1503106098;1503106098
1;256;8048;0x5308b54c28690f4ce91d05836ff779558bbf583e871dad5abe8760d79f06c9f2;0x73c1068f67d214e1ac3d00f6383595305e94b89283ef8944d9bf88ac280f7563;0xffb6f681;0xffb6f681L;0.500000;1503106098;1503106099
1;256;8048;0xf4b4e239ed6d18f8f7b608b34c4b042ef05d6dc75ad9184df12685438a0e007e;0x27cf98cb0051f9dd9cdc11926f89b601989787c8486ce404cafc71459b9aa8db;0xb944751b;0xb944751bL;0.500000;1503106099;1503106099
1;256;8048;0xf4b4e239ed6d18f8f7b608b34c4b042ef05d6dc75ad9184df12685438a0e007e;0x27cf98cb0051f9dd9cdc11926f89b601989787c8486ce404cafc71459b9aa8db;0xb944751b;0xb944751bL;0.500000;1503106099;1503106099
1;256;8048;0xf4b4e239ed6d18f8f7b608b34c4b042ef05d6dc75ad9184df12685438a0e007e;0x27cf98cb0051f9dd9cdc11926f89b601989787c8486ce404cafc71459b9aa8db;0xb944751b;0xb944751bL;0.500000;1503106100;1503106100
1;256;8048;0x81b8d3104fcd0561147a0a014c25eed0d1aef4744531a3dfd4c30335e3869764;0x163e5ca8680f1de3d3aa095b9e2e3a71446220f325673c824536fcfd7249491b;0x9cb3f2a6;0x9cb3f2a6L;0.500000;1503106100;1503106100
1;256;8048;0x81b8d3104fcd0561147a0a014c25eed0d1aef4744531a3dfd4c30335e3869764;0x163e5ca8680f1de3d3aa095b9e2e3a71446220f325673c824536fcfd7249491b;0x9cb3f2a6;0x9cb3f2a6L;0.500000;1503106100;1503106101
1;256;8048;0x71d265f5a3e4f2774b0ecc41e1589f3b7a53c7fc3dc768be7d04e18e1e73408f;0x035aef905ce04fd74924b2ddec02b400305c2655846372ec61a7d13d74dcc399;0xa9bf3822;0xa9bf3822L;0.500000;1503106101;1503106101
1;256;8048;0x71d265f5a3e4f2774b0ecc41e1589f3b7a53c7fc3dc768be7d04e18e1e73408f;0x035aef905ce04fd74924b2ddec02b400305c2655846372ec61a7d13d74dcc399;0xa9bf3822;0xa9bf3822L;0.500000;1503106101;1503106102
1;256;8048;0x7b02fb057b1c7095db5aa9fabfcd9ee8e4f8e629831191ea70c581cbd39bd14e;0x236f74cb711bd0cb7ba2590ddca1b7d7b2ab2ae95c6b24306f9d48752fe5938c;0x7e18b06f;0x7e18b06fL;0.500000;1503106102;1503106102
1;256;8048;0x7b02fb057b1c7095db5aa9fabfcd9ee8e4f8e629831191ea70c581cbd39bd14e;0x236f74cb711bd0cb7ba2590ddca1b7d7b2ab2ae95c6b24306f9d48752fe5938c;0x7e18b06f;0x7e18b06fL;0.500000;1503106102;1503106103
1;256;8048;0xc1ea4ad26d1cb3ef65465724fb9c2e65480454020d32ff672b88b793f8b80eb9;0xa28323c13215b70e12c6c45ca5e322bbd532115ff8470a336647c131c7bd17c9;0xca35c981;0xca35c981L;0.500000;1503106103;1503106103
1;256;8048;0xc1ea4ad26d1cb3ef65465724fb9c2e65480454020d32ff672b88b793f8b80eb9;0xa28323c13215b70e12c6c45ca5e322bbd532115ff8470a336647c131c7bd17c9;0xca35c981;0xca35c981L;0.500000;1503106103;1503106103
