1;256;8048;0xc7d600828b79ddccdb198c9ea8ee12c8ef54e32e79eb2556f0eb66936354272b;0xa3e2cde214b0e007db23c9d9c22ce76b1b653fded4f38b23cdf7ffd515e4b4d3;0x5e93c6c3;0x5e93c6c3L;0.500000;1503127874;1503127874
1;256;8048;0xc7d600828b79ddccdb198c9ea8ee12c8ef54e32e79eb2556f0eb66936354272b;0xa3e2cde214b0e007db23c9d9c22ce76b1b653fded4f38b23cdf7ffd515e4b4d3;0x5e93c6c3;0x5e93c6c3L;0.500000;1503127874;1503127874
1;256;8048;0xc7d600828b79ddccdb198c9ea8ee12c8ef54e32e79eb2556f0eb66936354272b;0xa3e2cde214b0e007db23c9d9c22ce76b1b653fded4f38b23cdf7ffd515e4b4d3;0x5e93c6c3;0x5e93c6c3L;0.500000;1503127875;1503127875
1;256;8048;0xcf4f3f00ddc76dc813b7fa38e0081b6cc393182e8a687d73b744ebdaaf3ac57f;0x9ee4a41c973fd3f6e66a609e3902c7aa7cfa8466c18805e53937637acbf6125e;0xb88beff1;0xb88beff1L;0.500000;1503127875;1503127875
1;256;8048;0xcf4f3f00ddc76dc813b7fa38e0081b6cc393182e8a687d73b744ebdaaf3ac57f;0x9ee4a41c973fd3f6e66a609e3902c7aa7cfa8466c18805e53937637acbf6125e;0xb88beff1;0xb88beff1L;0.500000;1503127875;1503127876
1;256;8048;0xfec104ba20a6cec79fd44d620224ce1a7c8756ce07ddb29f70bb71208a238088;0x11501c0fbedcea6f27cb5270c755ee8a88f721ed1f856242dc0af4ee5f3625a1;0xee507e22;0xee507e22L;0.500000;1503127876;1503127876
1;256;8048;0xfec104ba20a6cec79fd44d620224ce1a7c8756ce07ddb29f70bb71208a238088;0x11501c0fbedcea6f27cb5270c755ee8a88f721ed1f856242dc0af4ee5f3625a1;0xee507e22;0xee507e22L;0.500000;1503127876;1503127877
1;256;8048;0x0e050d89c776d3ac4693160d04e046b2eda37e4ddb6461cffe35fef7aedf47bc;0x57347645b412918893ca9efa74004394b94fa1eeff0fc7759030e3ad94ff4a8b;0xb1ac1db7;0xb1ac1db7L;0.500000;1503127877;1503127877
1;256;8048;0x0e050d89c776d3ac4693160d04e046b2eda37e4ddb6461cffe35fef7aedf47bc;0x57347645b412918893ca9efa74004394b94fa1eeff0fc7759030e3ad94ff4a8b;0xb1ac1db7;0xb1ac1db7L;0.500000;1503127877;1503127878
1;256;8048;0x045b0b8689e6c978251701639726cd37659c0f4906509521fddf5ad6ae090eb2;0x29aed51c4502f79c47d664d674699a0b08dfc17aeaabf5bd4404fb8c2165dab7;0x58fee004;0x58fee004L;0.500000;1503127878;1503127878
1;256;8048;0x045b0b8689e6c978251701639726cd37659c0f4906509521fddf5ad6ae090eb2;0x29aed51c4502f79c47d664d674699a0b08dfc17aeaabf5bd4404fb8c2165dab7;0x58fee004;0x58fee004L;0.500000;1503127878;1503127878
1;256;8048;0x045b0b8689e6c978251701639726cd37659c0f4906509521fddf5ad6ae090eb2;0x29aed51c4502f79c47d664d674699a0b08dfc17aeaabf5bd4404fb8c2165dab7;0x58fee004;0x58fee004L;0.500000;1503127878;1503127879
1;256;8048;0xf8e2858e779f65e1cab731635e15f82951db8bcd50761f47c49be9bbdef56bd6;0x0e223d73206b8ac0b5807e48a025eeed1173138165b36b7d548c74b4b53c9b88;0x0b7454f9;0xb7454f9L;0.500000;1503127879;1503127879
1;256;8048;0xf8e2858e779f65e1cab731635e15f82951db8bcd50761f47c49be9bbdef56bd6;0x0e223d73206b8ac0b5807e48a025eeed1173138165b36b7d548c74b4b53c9b88;0x0b7454f9;0xb7454f9L;0.500000;1503127879;1503127880
1;256;8048;0xa495b4d5ebe9ed2dc24f16a84ba3ebe03b1bbb4c3bff3dd1841c54645a2230fe;0x0bea30d803c78ec131374f28cb26cccfe440664892be1aae7691f77628289e0c;0xc8030ec9;0xc8030ec9L;0.500000;1503127880;1503127880
1;256;8048;0xa495b4d5ebe9ed2dc24f16a84ba3ebe03b1bbb4c3bff3dd1841c54645a2230fe;0x0bea30d803c78ec131374f28cb26cccfe440664892be1aae7691f77628289e0c;0xc8030ec9;0xc8030ec9L;0.500000;1503127880;1503127881
1;256;8048;0xe771d665ae57e7fbe4343f1eb26c12b2b0997ef1f5d90829e96431c544e9272b;0x0b48c5db7e2c352f568efb0511275c9deaf23a25a50d199bc7af332e10dd2dad;0xa27ffaaa;0xa27ffaaaL;0.500000;1503127881;1503127881
1;256;8048;0xe771d665ae57e7fbe4343f1eb26c12b2b0997ef1f5d90829e96431c544e9272b;0x0b48c5db7e2c352f568efb0511275c9deaf23a25a50d199bc7af332e10dd2dad;0xa27ffaaa;0xa27ffaaaL;0.500000;1503127881;1503127882
1;256;8048;0x444fcae112ad332c8a2decdaab31c8b7d0ea3f61853dec9a60c1e223328ad477;0x9319929155370d3d14e7d3cec62620584339b0c71591962d4d564f862996cf87;0x12b5c078;0x12b5c078L;0.500000;1503127882;1503127882
1;256;8048;0x444fcae112ad332c8a2decdaab31c8b7d0ea3f61853dec9a60c1e223328ad477;0x9319929155370d3d14e7d3cec62620584339b0c71591962d4d564f862996cf87;0x12b5c078;0x12b5c078L;0.500000;1503127882;1503127882
