1;256;8048;0x756c8ef1cd0afc15a7aaeca2ee26abacfb69c819b3b4d48fdca63881894e32fe;0x1abdcc6dbcc17269d5e1b741a16d09dc85eda2bca2668d3321eb51cfe1a51720;0x17ec6da7;0x17ec6da7L;0.500000;1503078088;1503078089
1;256;8048;0xdfdc9f783e49bc0286e490ed0a64321d2f5bd27eb0d6034ab137644833b36512;0x320f6421122f309411365c20554f1b81046d89b33092460fcaa24d54ad7caddb;0x873f03cf;0x873f03cfL;0.500000;1503078089;1503078089
1;256;8048;0xdfdc9f783e49bc0286e490ed0a64321d2f5bd27eb0d6034ab137644833b36512;0x320f6421122f309411365c20554f1b81046d89b33092460fcaa24d54ad7caddb;0x873f03cf;0x873f03cfL;0.500000;1503078089;1503078090
1;256;8048;0x4adb7740dddef24dff28ce495fa20378256366feefd0d31764a36b16e5bb482f;0xb5636d8a0e922117869a1d334e1940b92a8cab3558480f76188bfe2dc64d2b66;0x153db3e6;0x153db3e6L;0.500000;1503078090;1503078090
1;256;8048;0x4adb7740dddef24dff28ce495fa20378256366feefd0d31764a36b16e5bb482f;0xb5636d8a0e922117869a1d334e1940b92a8cab3558480f76188bfe2dc64d2b66;0x153db3e6;0x153db3e6L;0.500000;1503078090;1503078091
1;256;8048;0xd4839845e6b74f8e3e97e61dbb67ab69c9fdc64f2a94b90afe3e6efc9de66872;0xa38c17a9b70a61ebf2867f55e803d566f419c0512aa6f2ffd3d652bb20d1ac03;0xc8317b59;0xc8317b59L;0.500000;1503078091;1503078091
1;256;8048;0xd4839845e6b74f8e3e97e61dbb67ab69c9fdc64f2a94b90afe3e6efc9de66872;0xa38c17a9b70a61ebf2867f55e803d566f419c0512aa6f2ffd3d652bb20d1ac03;0xc8317b59;0xc8317b59L;0.500000;1503078091;1503078092
1;256;8048;0x877b7efd6d1afca390f88c2d5fbc1e8bf442c3b3ec6178e9e13cbee44fd95ed6;0xcf448662fea6ddfd4accdf50249bfe34874b3f9a01cee498f3a6a7e066d5850e;0x58206278;0x58206278L;0.500000;1503078092;1503078092
1;256;8048;0x877b7efd6d1afca390f88c2d5fbc1e8bf442c3b3ec6178e9e13cbee44fd95ed6;0xcf448662fea6ddfd4accdf50249bfe34874b3f9a01cee498f3a6a7e066d5850e;0x58206278;0x58206278L;0.500000;1503078092;1503078093
1;256;8048;0x20c67d5422a149e8beb7c99ff8f31b9400d34b7ee2b59645e6b1b9c764d86c84;0x32d25f7c9aef9d7f3bafd081f111f3e83f36e14685c40f761968a7f2a83435b2;0x9b560b86;0x9b560b86L;0.500000;1503078093;1503078093
1;256;8048;0x20c67d5422a149e8beb7c99ff8f31b9400d34b7ee2b59645e6b1b9c764d86c84;0x32d25f7c9aef9d7f3bafd081f111f3e83f36e14685c40f761968a7f2a83435b2;0x9b560b86;0x9b560b86L;0.500000;1503078093;1503078094
1;256;8048;0x359288d16249ca55d7675cab8fbcd6d47f67933f71b616885d7abdf0e7b9a21d;0xe2ef03ca8cbeecf2794db41bc38ab49fee7d2ae36ae84e13f66daed9bd5226a8;0x67962f54;0x67962f54L;0.500000;1503078094;1503078094
1;256;8048;0x359288d16249ca55d7675cab8fbcd6d47f67933f71b616885d7abdf0e7b9a21d;0xe2ef03ca8cbeecf2794db41bc38ab49fee7d2ae36ae84e13f66daed9bd5226a8;0x67962f54;0x67962f54L;0.500000;1503078094;1503078094
1;256;8048;0x359288d16249ca55d7675cab8fbcd6d47f67933f71b616885d7abdf0e7b9a21d;0xe2ef03ca8cbeecf2794db41bc38ab49fee7d2ae36ae84e13f66daed9bd5226a8;0x67962f54;0x67962f54L;0.500000;1503078095;1503078095
1;256;8048;0x657126e51d1083464225cfcccd26dfae26a7a5cac8747045a7eede20f2152958;0xf57550631ff3c14a88c80b8d8f7006c8f50ae75ae41318bbb21e8f7e39408c9e;0x67d9ec2f;0x67d9ec2fL;0.500000;1503078095;1503078095
1;256;8048;0x657126e51d1083464225cfcccd26dfae26a7a5cac8747045a7eede20f2152958;0xf57550631ff3c14a88c80b8d8f7006c8f50ae75ae41318bbb21e8f7e39408c9e;0x67d9ec2f;0x67d9ec2fL;0.500000;1503078096;1503078096
0;256;8048;0x60743c4f34aa14b74aaf1b6ca721e76a99239b427e97943c760bc8c684ea95e4;0xf9ab668c293e2c23f87ebf3f2575d058e6600227ccfb69a775ba28225193879f;0x557c3f59;0x7af20fb1L;0.500000;1503078096;1503078096
0;256;8048;0x60743c4f34aa14b74aaf1b6ca721e76a99239b427e97943c760bc8c684ea95e4;0xf9ab668c293e2c23f87ebf3f2575d058e6600227ccfb69a775ba28225193879f;0x557c3f59;0x7af20fb1L;0.500000;1503078096;1503078097
1;256;8048;0x9ea2f045ee97843e531787102a191035d04737c39ae06f0cc24494860f2893ad;0x4c55435c88839b3ad37c45f9fa7868c0d29f8659c3197edb3cc2ce329fec3c10;0xb482bb23;0xb482bb23L;0.500000;1503078097;1503078097
1;256;8048;0x9ea2f045ee97843e531787102a191035d04737c39ae06f0cc24494860f2893ad;0x4c55435c88839b3ad37c45f9fa7868c0d29f8659c3197edb3cc2ce329fec3c10;0xb482bb23;0xb482bb23L;0.500000;1503078097;1503078098
