1;256;8048;0x0eaa3af35998431e412fe2758f7a372fa7fab5a4112dca6131732c3648240b56;0x860c46f24ff2a19023146532af3dc5f099796e9a0d52d0c4535e088e03706002;0x96d257f9;0x96d257f9L;0.500000;1503138357;1503138357
1;256;8048;0x0eaa3af35998431e412fe2758f7a372fa7fab5a4112dca6131732c3648240b56;0x860c46f24ff2a19023146532af3dc5f099796e9a0d52d0c4535e088e03706002;0x96d257f9;0x96d257f9L;0.500000;1503138357;1503138358
1;256;8048;0xf07feedb09c95db2cb1ec72ddb7636316701ef0c349224120d51c6515d2b0d4d;0x033b75acd0aed32ba17c8a4bae7a66c21d2777d916a684cf7c671034e09e4a85;0xa47b54c9;0xa47b54c9L;0.500000;1503138358;1503138358
1;256;8048;0xf07feedb09c95db2cb1ec72ddb7636316701ef0c349224120d51c6515d2b0d4d;0x033b75acd0aed32ba17c8a4bae7a66c21d2777d916a684cf7c671034e09e4a85;0xa47b54c9;0xa47b54c9L;0.500000;1503138358;1503138359
1;256;8048;0x5229e0f4197a9764f51fa38d4ca33d0702afeadfd66feedc0a4dc208ef651a41;0x92f077c3fed1f30a5cbc555f3e0a140918acf007ea6683cdb3e2acf626480d8b;0x5f326fea;0x5f326feaL;0.500000;1503138359;1503138359
1;256;8048;0x5229e0f4197a9764f51fa38d4ca33d0702afeadfd66feedc0a4dc208ef651a41;0x92f077c3fed1f30a5cbc555f3e0a140918acf007ea6683cdb3e2acf626480d8b;0x5f326fea;0x5f326feaL;0.500000;1503138359;1503138360
1;256;8048;0xb0a9d97b1ac19a7cd444876a8524c988d5b5cf5a69500453d5dbd0551f802ecf;0x4958ac190ab1f81dc731d74c574dcda6792ec330a0f0c346425bac663a89dad5;0xd010009b;0xd010009bL;0.500000;1503138360;1503138360
1;256;8048;0xb0a9d97b1ac19a7cd444876a8524c988d5b5cf5a69500453d5dbd0551f802ecf;0x4958ac190ab1f81dc731d74c574dcda6792ec330a0f0c346425bac663a89dad5;0xd010009b;0xd010009bL;0.500000;1503138360;1503138360
1;256;8048;0x9b43f8446d2b30828c9db865130d2cd8263bc811481c4448b77aa2e92ae10fc5;0x6a009cf201fb1faeb372ffd0e17b870d72e318df7ec5c569a3302701a624a011;0xf429b6ab;0xf429b6abL;0.500000;1503138361;1503138361
1;256;8048;0x9b43f8446d2b30828c9db865130d2cd8263bc811481c4448b77aa2e92ae10fc5;0x6a009cf201fb1faeb372ffd0e17b870d72e318df7ec5c569a3302701a624a011;0xf429b6ab;0xf429b6abL;0.500000;1503138361;1503138361
1;256;8048;0x9b43f8446d2b30828c9db865130d2cd8263bc811481c4448b77aa2e92ae10fc5;0x6a009cf201fb1faeb372ffd0e17b870d72e318df7ec5c569a3302701a624a011;0xf429b6ab;0xf429b6abL;0.500000;1503138361;1503138362
1;256;8048;0xbf23c5ca2e6d7efed67019570a5d7deb8fd9c18496a4b1b079c31e27d446da93;0xce5cf6069397f9c7eb120d943b8c875487c30dbb2d5434fe3964223716d96e61;0x4fb0ee4b;0x4fb0ee4bL;0.500000;1503138362;1503138362
1;256;8048;0xbf23c5ca2e6d7efed67019570a5d7deb8fd9c18496a4b1b079c31e27d446da93;0xce5cf6069397f9c7eb120d943b8c875487c30dbb2d5434fe3964223716d96e61;0x4fb0ee4b;0x4fb0ee4bL;0.500000;1503138362;1503138363
1;256;8048;0x2ac69ac91482de139e620091c29acc1f5f9a418d431eb594cb23b707295c4754;0xf04b8e68ffcb3851073f5311fb70f88bf89d40aeec064f0dbe68cd6007b114f3;0x193d43ad;0x193d43adL;0.500000;1503138363;1503138363
1;256;8048;0x2ac69ac91482de139e620091c29acc1f5f9a418d431eb594cb23b707295c4754;0xf04b8e68ffcb3851073f5311fb70f88bf89d40aeec064f0dbe68cd6007b114f3;0x193d43ad;0x193d43adL;0.500000;1503138363;1503138364
1;256;8048;0xc291ea027dfbcbbf27b282894cf6588640c10c6ccc1771126a90b597a8098f6b;0x8abbc5f357de37a3235cb5b891438328e711a13f4313055d6484a1c00e172aac;0xe4e69764;0xe4e69764L;0.500000;1503138364;1503138364
1;256;8048;0xc291ea027dfbcbbf27b282894cf6588640c10c6ccc1771126a90b597a8098f6b;0x8abbc5f357de37a3235cb5b891438328e711a13f4313055d6484a1c00e172aac;0xe4e69764;0xe4e69764L;0.500000;1503138364;1503138365
0;256;8048;0x1af6fef6eaa857242846e99f4b3bfa0bf5649dbdc75ad109068b9a27a6e5bcc0;0x71097362cdd93b414aa14d244a1e4de0c8accdf795a4ab448c42d5f1dfa7d078;0xded5f69e;0x28f4447eL;0.500000;1503138365;1503138365
0;256;8048;0x1af6fef6eaa857242846e99f4b3bfa0bf5649dbdc75ad109068b9a27a6e5bcc0;0x71097362cdd93b414aa14d244a1e4de0c8accdf795a4ab448c42d5f1dfa7d078;0xded5f69e;0x28f4447eL;0.500000;1503138365;1503138365
0;256;8048;0x1af6fef6eaa857242846e99f4b3bfa0bf5649dbdc75ad109068b9a27a6e5bcc0;0x71097362cdd93b414aa14d244a1e4de0c8accdf795a4ab448c42d5f1dfa7d078;0xded5f69e;0x28f4447eL;0.500000;1503138366;1503138366
