1;256;8048;0xc4d33d7b8cdc68c76a734e27932e3db05eb9c8c7bfa31f88f635cfa70f847dd3;0xc636f93068d84ef4797f3356f2ace77564eb0219422583e17094e6b57dbdf4d0;0x63bc48e7;0x63bc48e7L;0.500000;1503084255;1503084255
0;256;8048;0x9edf3568a5479fbd53570ea85885a2707ee3e16761add951392b199112d022b0;0x62025dadec523a4b38eca95b246628dffaf55aba6cdf9cb8675c11a612d725b4;0x895845c4;0xadbe6ea3L;0.500000;1503084255;1503084255
1;256;8048;0x17cc6f44a43c2e66d108d28da4017b0c3c754b07c4335ef21675cc47deaa03f5;0x72a59b375f36e5f561999735c8afe98a19baaa77514e123a8632037953b7c540;0x7d1cde82;0x7d1cde82L;0.500000;1503084256;1503084256
1;256;8048;0x17cc6f44a43c2e66d108d28da4017b0c3c754b07c4335ef21675cc47deaa03f5;0x72a59b375f36e5f561999735c8afe98a19baaa77514e123a8632037953b7c540;0x7d1cde82;0x7d1cde82L;0.500000;1503084256;1503084256
1;256;8048;0x17cc6f44a43c2e66d108d28da4017b0c3c754b07c4335ef21675cc47deaa03f5;0x72a59b375f36e5f561999735c8afe98a19baaa77514e123a8632037953b7c540;0x7d1cde82;0x7d1cde82L;0.500000;1503084257;1503084257
1;256;8048;0x8f29c40c65120add7511f80068040c1041f1d984dabea94f950ab3a58706d816;0x48c21f7bbf5884a524c74b9f7f1bfd97301ada4d585253121a817f3dcb6ac2ba;0x9893b82c;0x9893b82cL;0.500000;1503084257;1503084258
1;256;8048;0x3e4eeb9d4e3ef5b29269c99e504b4ef1d53476af62fcbefb35e77ab47edca0bd;0xa3e18fbfb688c61a22e82d3a5dc41c174aad3fa07636661eb9ed1e3a84e8bd5a;0xde934488;0xde934488L;0.500000;1503084258;1503084258
1;256;8048;0x3e4eeb9d4e3ef5b29269c99e504b4ef1d53476af62fcbefb35e77ab47edca0bd;0xa3e18fbfb688c61a22e82d3a5dc41c174aad3fa07636661eb9ed1e3a84e8bd5a;0xde934488;0xde934488L;0.500000;1503084258;1503084259
1;256;8048;0x325aa2501ad76fbc67e83bb52672af31e7671483e34bac81305a15dbc8dc71fa;0xe0f2c9aa99b8f6c51608e55a8f5e3eb9f8c7988d2db518cde9b0456ff4c0d184;0xa6909f78;0xa6909f78L;0.500000;1503084259;1503084259
1;256;8048;0x325aa2501ad76fbc67e83bb52672af31e7671483e34bac81305a15dbc8dc71fa;0xe0f2c9aa99b8f6c51608e55a8f5e3eb9f8c7988d2db518cde9b0456ff4c0d184;0xa6909f78;0xa6909f78L;0.500000;1503084259;1503084260
1;256;8048;0xf9e6f9e476cf6b0622b8a86ee44e012437d26452669806155db8081930408329;0x590b35f497bdc31a014930da610497d097660adc64bf0f986c61d8d43563d4d4;0x7edff9a5;0x7edff9a5L;0.500000;1503084260;1503084260
1;256;8048;0xf9e6f9e476cf6b0622b8a86ee44e012437d26452669806155db8081930408329;0x590b35f497bdc31a014930da610497d097660adc64bf0f986c61d8d43563d4d4;0x7edff9a5;0x7edff9a5L;0.500000;1503084260;1503084261
1;256;8048;0x878a50952eca033e142c16132397e04434797f759526493ac0141c2507bfd58e;0x4e4dbbb64d484573166e31b2e767d331db6e03d770fdd4e04138408f96d5d985;0xbc738807;0xbc738807L;0.500000;1503084261;1503084261
1;256;8048;0x878a50952eca033e142c16132397e04434797f759526493ac0141c2507bfd58e;0x4e4dbbb64d484573166e31b2e767d331db6e03d770fdd4e04138408f96d5d985;0xbc738807;0xbc738807L;0.500000;1503084262;1503084262
1;256;8048;0xf0b314c4375a10351e773f9f263efc467981f46cf75d9b34e7ce96e891196881;0xcab482888fb1c7f79eccd505e27b1e094c19eaf4c237da39b2a67cd42ecd35e2;0xe75be25a;0xe75be25aL;0.500000;1503084262;1503084263
1;256;8048;0xeb35bcbc79490e2ce296b4ae9f9c82505b1c06f007794f11107c1e353aecb725;0x4e035c28439eae13c779784ecd85e24330e3095db7335e2b1c602e9b33728395;0xe1012094;0xe1012094L;0.500000;1503084263;1503084263
1;256;8048;0xeb35bcbc79490e2ce296b4ae9f9c82505b1c06f007794f11107c1e353aecb725;0x4e035c28439eae13c779784ecd85e24330e3095db7335e2b1c602e9b33728395;0xe1012094;0xe1012094L;0.500000;1503084263;1503084264
1;256;8048;0x6817973f39a7d161fb5d805168e4327bd2fca96c952d2cb7b9aa8d8d2c25cb94;0x880b6bcb3c9c27a5cb5067addb1e4ae11228b839e9c4486edc66c7f88b2eb23c;0x91362d3a;0x91362d3aL;0.500000;1503084264;1503084264
1;256;8048;0x6817973f39a7d161fb5d805168e4327bd2fca96c952d2cb7b9aa8d8d2c25cb94;0x880b6bcb3c9c27a5cb5067addb1e4ae11228b839e9c4486edc66c7f88b2eb23c;0x91362d3a;0x91362d3aL;0.500000;1503084264;1503084265
1;256;8048;0xe0dcb68921b7a1b89a490ade509ffb9cf5bef9c0813705d15d8328e9a41fb985;0x05e26b05988229f8c2dc8bcfb6bb16dc1ea387b912d25690f7c579909dfe3131;0x16e9663a;0x16e9663aL;0.500000;1503084265;1503084265
