1;256;8048;0xf5a5235544a5387d62147e4b8f5f7968c35eb0892ed45a496f26fce07132a367;0x07c8283509b203e6723bdfb67d972df0af4df1070c712fe6871b547040e8e63c;0x287698f7;0x287698f7L;0.500000;1503080388;1503080389
1;256;8048;0x92685f7cd1a1969262ee980b28f3e6bed20efa8acad2415b6c9f472881fb1914;0x6d8c3a65afcb9d1608eac914b8c411823b70862a8c7161163cd8ca48e27eaa35;0x07eadb24;0x7eadb24L;0.500000;1503080389;1503080389
1;256;8048;0x92685f7cd1a1969262ee980b28f3e6bed20efa8acad2415b6c9f472881fb1914;0x6d8c3a65afcb9d1608eac914b8c411823b70862a8c7161163cd8ca48e27eaa35;0x07eadb24;0x7eadb24L;0.500000;1503080390;1503080390
1;256;8048;0xa116fdef2eeecfe460d77b5dd4e729e0f412d19bf4351d11811cfc2d405df5e1;0xec86d600cce12ab88970beafbd2b6e996c9409bc02d26e1cfc038f5e4a49426a;0xa9a21cf1;0xa9a21cf1L;0.500000;1503080390;1503080391
1;256;8048;0x112e4b81ee5dc5ea629537adc89d4f806c95f207d5a4e1520cdd5e6138023b4a;0xac0e9a65e1ccb3b137fb89a41e61faf61a181dcbed0677d065aff7004916e009;0x924ece5a;0x924ece5aL;0.500000;1503080391;1503080391
1;256;8048;0x112e4b81ee5dc5ea629537adc89d4f806c95f207d5a4e1520cdd5e6138023b4a;0xac0e9a65e1ccb3b137fb89a41e61faf61a181dcbed0677d065aff7004916e009;0x924ece5a;0x924ece5aL;0.500000;1503080391;1503080392
1;256;8048;0xc8ddff46f64360d1b4d0fa14033e03b02e4a466871cc4211f54fd52b69333331;0x6b7994b4adb95c9920d2a17fc01a57f3263c39f527f800e7b16bb35e906dbd76;0x7e943df0;0x7e943df0L;0.500000;1503080392;1503080392
1;256;8048;0xc8ddff46f64360d1b4d0fa14033e03b02e4a466871cc4211f54fd52b69333331;0x6b7994b4adb95c9920d2a17fc01a57f3263c39f527f800e7b16bb35e906dbd76;0x7e943df0;0x7e943df0L;0.500000;1503080392;1503080393
0;256;8048;0x3d5c44262170c010f8483c273fb0e6b5c6d60e6a29297755c2a981b39b58b6d8;0x97cfd4ee8379c496a54c3bbfaa7af782f4ea5825053733595a25a1b2a58451f0;0xdc7759ec;0x86f2516eL;0.500000;1503080393;1503080393
0;256;8048;0x3d5c44262170c010f8483c273fb0e6b5c6d60e6a29297755c2a981b39b58b6d8;0x97cfd4ee8379c496a54c3bbfaa7af782f4ea5825053733595a25a1b2a58451f0;0xdc7759ec;0x86f2516eL;0.500000;1503080393;1503080394
1;256;8048;0xfa75b57051886c25ae2cacdb8d2a7fc65dedf46bed32d80f54885a3c9c9f3396;0x83f3e8995a6b95d9b0fed4aa3060d85c0b5343118763688820a18db5fd2dd942;0xf349855f;0xf349855fL;0.500000;1503080394;1503080394
1;256;8048;0xfa75b57051886c25ae2cacdb8d2a7fc65dedf46bed32d80f54885a3c9c9f3396;0x83f3e8995a6b95d9b0fed4aa3060d85c0b5343118763688820a18db5fd2dd942;0xf349855f;0xf349855fL;0.500000;1503080394;1503080395
1;256;8048;0x610389903037669997fb77fa35002651073dadf51d1cd36bf4b0b4e547ba30a9;0xcdfc44661d7524a399a9dfbded0b1e518ee26b8792ee87007b5dfa308d871cdf;0xe41075cb;0xe41075cbL;0.500000;1503080395;1503080395
1;256;8048;0x610389903037669997fb77fa35002651073dadf51d1cd36bf4b0b4e547ba30a9;0xcdfc44661d7524a399a9dfbded0b1e518ee26b8792ee87007b5dfa308d871cdf;0xe41075cb;0xe41075cbL;0.500000;1503080395;1503080396
1;256;8048;0x07812dd9b4b11da07c488d1ec89c2f14bc94d8d913efbdc7fa1c2a37bb28aac2;0x94a66766b05bffcaf481708f8e2b7def94a2011d9a8cf7b95f9f5548b9368f13;0xdc3ea692;0xdc3ea692L;0.500000;1503080396;1503080396
1;256;8048;0x07812dd9b4b11da07c488d1ec89c2f14bc94d8d913efbdc7fa1c2a37bb28aac2;0x94a66766b05bffcaf481708f8e2b7def94a2011d9a8cf7b95f9f5548b9368f13;0xdc3ea692;0xdc3ea692L;0.500000;1503080396;1503080397
1;256;8048;0x642ddadd5649796b29d5be374b7a62ec076720f88e45bbe48e1cbdfee2da2a47;0xd55f5e9e77216787907a62debfd466fb988bb29790d9efc08e0d8ff2e7920bd9;0x09f25fc1;0x9f25fc1L;0.500000;1503080397;1503080397
1;256;8048;0x642ddadd5649796b29d5be374b7a62ec076720f88e45bbe48e1cbdfee2da2a47;0xd55f5e9e77216787907a62debfd466fb988bb29790d9efc08e0d8ff2e7920bd9;0x09f25fc1;0x9f25fc1L;0.500000;1503080398;1503080398
1;256;8048;0x65aee639d08827376554fd0ce6767a257eb6028b35e658461a7b8caf11f7d776;0x6c1c54e4045a0f9d12e9e07a4b1303ca268ebe74595ce3f9aadae2394a4cad7d;0x6e7590cb;0x6e7590cbL;0.500000;1503080398;1503080399
1;256;8048;0x3e5c637910ef36bc37a73e8865c1937720c3fb4d21daf624dba6da10867aafc4;0xc31216076f734d81348fddaf840911cc396311ff3b13f530eb5dcbb2c9b3cb8c;0x79e8360d;0x79e8360dL;0.500000;1503080399;1503080399
