1;256;8048;0x85607fdf04472511495aa0b3dd8f10df95fcd2ee1e9c642b0aa397d968e588ed;0x52008cab692d4e6f55f82ae2ae5b90e740e3e7e1a69b2a29e106ddd60114ba15;0xedfe8727;0xedfe8727L;0.500000;1503133758;1503133758
1;256;8048;0x85607fdf04472511495aa0b3dd8f10df95fcd2ee1e9c642b0aa397d968e588ed;0x52008cab692d4e6f55f82ae2ae5b90e740e3e7e1a69b2a29e106ddd60114ba15;0xedfe8727;0xedfe8727L;0.500000;1503133758;1503133759
1;256;8048;0x6a1e0bdaef787a6793006b711113326df43eeff9cd5b7e181a44a3af23599d8d;0xb9794663f2b9e64503fa59390514e327bfe45ebc78edb86fb93b3880d364f04c;0x26358bbe;0x26358bbeL;0.500000;1503133759;1503133759
1;256;8048;0x6a1e0bdaef787a6793006b711113326df43eeff9cd5b7e181a44a3af23599d8d;0xb9794663f2b9e64503fa59390514e327bfe45ebc78edb86fb93b3880d364f04c;0x26358bbe;0x26358bbeL;0.500000;1503133759;1503133759
1;256;8048;0x6a1e0bdaef787a6793006b711113326df43eeff9cd5b7e181a44a3af23599d8d;0xb9794663f2b9e64503fa59390514e327bfe45ebc78edb86fb93b3880d364f04c;0x26358bbe;0x26358bbeL;0.500000;1503133760;1503133760
1;256;8048;0xdd3e1068614e8c659c99b5cec329fd604cc7a0b36a0629d47afaf4dae62e1fc3;0x2aab5d74667f3572007ea7715d2852b6b8b27da035d08cdfcf61005f70436b2f;0x9a69b78b;0x9a69b78bL;0.500000;1503133760;1503133760
1;256;8048;0xdd3e1068614e8c659c99b5cec329fd604cc7a0b36a0629d47afaf4dae62e1fc3;0x2aab5d74667f3572007ea7715d2852b6b8b27da035d08cdfcf61005f70436b2f;0x9a69b78b;0x9a69b78bL;0.500000;1503133760;1503133761
1;256;8048;0x022e71b4e33737dde6e015070439b9976b8ebed4d0cea5c839543badc29bf2c4;0x408dc450376c0d53705fd2283ebb0a9abe50d66bccdb02d9c84bbf62e5f15dff;0x40bc757c;0x40bc757cL;0.500000;1503133761;1503133761
1;256;8048;0x022e71b4e33737dde6e015070439b9976b8ebed4d0cea5c839543badc29bf2c4;0x408dc450376c0d53705fd2283ebb0a9abe50d66bccdb02d9c84bbf62e5f15dff;0x40bc757c;0x40bc757cL;0.500000;1503133761;1503133762
1;256;8048;0xee724386c8af823ceee12abf516e07b4bbe4a433e9012bf6e0d2c83017a7b206;0xe10c23da63beb091a1ccabdfd56e3a9d92ed3f418f096da0dcc463098d72c772;0x36ecada5;0x36ecada5L;0.500000;1503133762;1503133762
1;256;8048;0xee724386c8af823ceee12abf516e07b4bbe4a433e9012bf6e0d2c83017a7b206;0xe10c23da63beb091a1ccabdfd56e3a9d92ed3f418f096da0dcc463098d72c772;0x36ecada5;0x36ecada5L;0.500000;1503133762;1503133763
1;256;8048;0xef2d5901cd48f2c92261ad6637b2362ffebceaeb9be55b5da55eb20ef57b68e5;0x84cf78a2227b1ea0e0aefc7edf82afebb201bee91b44106554fb02457ca72038;0x914c924a;0x914c924aL;0.500000;1503133763;1503133763
1;256;8048;0xef2d5901cd48f2c92261ad6637b2362ffebceaeb9be55b5da55eb20ef57b68e5;0x84cf78a2227b1ea0e0aefc7edf82afebb201bee91b44106554fb02457ca72038;0x914c924a;0x914c924aL;0.500000;1503133763;1503133763
1;256;8048;0xef2d5901cd48f2c92261ad6637b2362ffebceaeb9be55b5da55eb20ef57b68e5;0x84cf78a2227b1ea0e0aefc7edf82afebb201bee91b44106554fb02457ca72038;0x914c924a;0x914c924aL;0.500000;1503133764;1503133764
0;256;8048;0x28ea056c1a26ea559dfd0b8f0a052bcb843000238e67a57697f344e906b5d62f;0x046a788620d5078993aad79c9dba67d852016e0c4770df400775e9d5fad2aff5;0x7546f31a;0x13015af2L;0.500000;1503133764;1503133764
0;256;8048;0x28ea056c1a26ea559dfd0b8f0a052bcb843000238e67a57697f344e906b5d62f;0x046a788620d5078993aad79c9dba67d852016e0c4770df400775e9d5fad2aff5;0x7546f31a;0x13015af2L;0.500000;1503133764;1503133765
1;256;8048;0x2fccbbb78d3df738cf9c7380e01c1d382b461c284ea0c2cadbc2ca7ccad113f9;0x804b7e7ed91f927cee64d648d1c2950f24275a559e35e8f9b1a568f80a838f4d;0xf04c5aee;0xf04c5aeeL;0.500000;1503133765;1503133765
1;256;8048;0x2fccbbb78d3df738cf9c7380e01c1d382b461c284ea0c2cadbc2ca7ccad113f9;0x804b7e7ed91f927cee64d648d1c2950f24275a559e35e8f9b1a568f80a838f4d;0xf04c5aee;0xf04c5aeeL;0.500000;1503133765;1503133766
1;256;8048;0xc6192a3c8540fd8b03fc9798dbf4d8e91e9459891ea579e0bcda22273828b3fe;0x4a92321dd1458b00fb877beef1501b3b9c5caec5ada738811a19ef18290672f5;0xda2ba806;0xda2ba806L;0.500000;1503133766;1503133766
1;256;8048;0xc6192a3c8540fd8b03fc9798dbf4d8e91e9459891ea579e0bcda22273828b3fe;0x4a92321dd1458b00fb877beef1501b3b9c5caec5ada738811a19ef18290672f5;0xda2ba806;0xda2ba806L;0.500000;1503133766;1503133767
