1;256;8048;0xd6e65585191b43e3612dde413db157882514aa357d4c3c7a26f3375cb88c528e;0x0e5ceef8bf70e9c4f4a36e972a5bc949c5638460c084f6b34a10333ea7b9b08c;0x7323a965;0x7323a965L;0.500000;1503098858;1503098859
1;256;8048;0xd732f736e4303c21f15e7b9f73f500df12faac847d8f652dfb33fff55475052b;0x2f42c347e3187c6fbd520ff37e5171731a230a2b7ee41cfd438e91456ff312c6;0x06b8b98f;0x6b8b98fL;0.500000;1503098859;1503098859
1;256;8048;0xd732f736e4303c21f15e7b9f73f500df12faac847d8f652dfb33fff55475052b;0x2f42c347e3187c6fbd520ff37e5171731a230a2b7ee41cfd438e91456ff312c6;0x06b8b98f;0x6b8b98fL;0.500000;1503098859;1503098860
0;256;8048;0x573812df6f89aae8d01a65056235da74c647d7e12462f64cb500e0ac16d82a6d;0x0f97cc0264c75ecbabe9cda951e32ff5d0df7056fadabad9db6e6e14d16b72ac;0x2e112ddb;0x7ff45dd0L;0.500000;1503098860;1503098860
0;256;8048;0x573812df6f89aae8d01a65056235da74c647d7e12462f64cb500e0ac16d82a6d;0x0f97cc0264c75ecbabe9cda951e32ff5d0df7056fadabad9db6e6e14d16b72ac;0x2e112ddb;0x7ff45dd0L;0.500000;1503098860;1503098860
0;256;8048;0x573812df6f89aae8d01a65056235da74c647d7e12462f64cb500e0ac16d82a6d;0x0f97cc0264c75ecbabe9cda951e32ff5d0df7056fadabad9db6e6e14d16b72ac;0x2e112ddb;0x7ff45dd0L;0.500000;1503098860;1503098861
1;256;8048;0x1377b4d3ea05673ad59139af0ff50988e783d928592b2d1162393600b35b9ec6;0x6bb3ed6fec171152982c19951a81dca944e3d420a5a01b2142c9b218ccffc97e;0x8b232e56;0x8b232e56L;0.500000;1503098861;1503098861
1;256;8048;0x1377b4d3ea05673ad59139af0ff50988e783d928592b2d1162393600b35b9ec6;0x6bb3ed6fec171152982c19951a81dca944e3d420a5a01b2142c9b218ccffc97e;0x8b232e56;0x8b232e56L;0.500000;1503098861;1503098862
0;256;8048;0x7dec75294c5d448c4ed9c7eb9d27b6e04861066e06c73012ff88f4395de16adb;0xb453ae87d1009be170a0a98bf67d6794dc3beab37f53fce4988fd4bd5c4afef2;0x806b5c6f;0x76e8c403L;0.500000;1503098862;1503098862
0;256;8048;0x7dec75294c5d448c4ed9c7eb9d27b6e04861066e06c73012ff88f4395de16adb;0xb453ae87d1009be170a0a98bf67d6794dc3beab37f53fce4988fd4bd5c4afef2;0x806b5c6f;0x76e8c403L;0.500000;1503098862;1503098863
1;256;8048;0x9408f47beb97f4461a52aaaf3d85c2c68ac07aedf739fbb9dbba320ff1e28485;0x91148c8ddbcd05c525cf07b39a41df5451ee8da3d36cce1b1fef3c18a307b46e;0x136af670;0x136af670L;0.500000;1503098863;1503098863
1;256;8048;0x9408f47beb97f4461a52aaaf3d85c2c68ac07aedf739fbb9dbba320ff1e28485;0x91148c8ddbcd05c525cf07b39a41df5451ee8da3d36cce1b1fef3c18a307b46e;0x136af670;0x136af670L;0.500000;1503098863;1503098864
1;256;8048;0x2b834b0b3d9ac2ee93f38219e9e6393caf9f95fd0ae3b84ce6e6b155741a7d9f;0xf969f9b6f4bee443495a56d7a99039fac866c76231f88517afe5bafd0b11a05e;0xc998b436;0xc998b436L;0.500000;1503098864;1503098864
1;256;8048;0x2b834b0b3d9ac2ee93f38219e9e6393caf9f95fd0ae3b84ce6e6b155741a7d9f;0xf969f9b6f4bee443495a56d7a99039fac866c76231f88517afe5bafd0b11a05e;0xc998b436;0xc998b436L;0.500000;1503098864;1503098864
1;256;8048;0x2b834b0b3d9ac2ee93f38219e9e6393caf9f95fd0ae3b84ce6e6b155741a7d9f;0xf969f9b6f4bee443495a56d7a99039fac866c76231f88517afe5bafd0b11a05e;0xc998b436;0xc998b436L;0.500000;1503098865;1503098865
1;256;8048;0x50e7ffc796efdc1849811279bc163fe35ecac4ca89ca7799828e8b255397bea3;0x7e3775cb8559f95e5adf10e0ee96bb2c3cf8ce5426485b0aceef51114a42b8ab;0x592f9982;0x592f9982L;0.500000;1503098865;1503098865
1;256;8048;0x50e7ffc796efdc1849811279bc163fe35ecac4ca89ca7799828e8b255397bea3;0x7e3775cb8559f95e5adf10e0ee96bb2c3cf8ce5426485b0aceef51114a42b8ab;0x592f9982;0x592f9982L;0.500000;1503098865;1503098866
1;256;8048;0x2b43bfd6693f874a964b78c369eca99cb034f1dade94125b8bc523826ff6da9a;0xfabb45068e1a52c1479ba0a766be4cc80c6d52f587aedb64d6f5a219b809735b;0x8d89d7c6;0x8d89d7c6L;0.500000;1503098866;1503098866
1;256;8048;0x2b43bfd6693f874a964b78c369eca99cb034f1dade94125b8bc523826ff6da9a;0xfabb45068e1a52c1479ba0a766be4cc80c6d52f587aedb64d6f5a219b809735b;0x8d89d7c6;0x8d89d7c6L;0.500000;1503098866;1503098867
1;256;8048;0x0985d52858674ce97b405dbe268323f57dae28f7b8777429a9bd36ac4d6c5257;0xfcd1b3cf38dd6f4ccc23ebea8589f60f33b81f238892c09da3c6cf95d392206d;0x4b9a1780;0x4b9a1780L;0.500000;1503098867;1503098867
