1;256;8048;0x2b53888f7b2082d0aa04fa59c4a054708f6125c663fe79cd0b32a7cca2242ccd;0xac6ac8b35f6e1af35bfece6fbc18926a8f7f65112d31fffd04e9874755d11cfe;0x01cbceac;0x1cbceacL;0.500000;1503094222;1503094222
1;256;8048;0x2b53888f7b2082d0aa04fa59c4a054708f6125c663fe79cd0b32a7cca2242ccd;0xac6ac8b35f6e1af35bfece6fbc18926a8f7f65112d31fffd04e9874755d11cfe;0x01cbceac;0x1cbceacL;0.500000;1503094222;1503094223
1;256;8048;0x9e4c1a4477502b5ff4cab5df29f0cdddb992ff095426115e46f832517893cb16;0xb9698af516015c0e931c972115137d3c6935fc0586db15b8b88bf1f2a69ee77a;0x89bc20ff;0x89bc20ffL;0.500000;1503094223;1503094223
1;256;8048;0x9e4c1a4477502b5ff4cab5df29f0cdddb992ff095426115e46f832517893cb16;0xb9698af516015c0e931c972115137d3c6935fc0586db15b8b88bf1f2a69ee77a;0x89bc20ff;0x89bc20ffL;0.500000;1503094223;1503094224
0;256;8048;0x656be42b2b87a08c6993d16c0389aa3281ba1b6ca65a03c2e90aa00e9b6c5201;0xd0c248dce3bf9658210afc22b99cf742cb2c2e9413fe272d70e66e7f7b255179;0x094086da;0xc2dd7e1cL;0.500000;1503094224;1503094224
0;256;8048;0x656be42b2b87a08c6993d16c0389aa3281ba1b6ca65a03c2e90aa00e9b6c5201;0xd0c248dce3bf9658210afc22b99cf742cb2c2e9413fe272d70e66e7f7b255179;0x094086da;0xc2dd7e1cL;0.500000;1503094224;1503094225
1;256;8048;0xc332552cfe9f65b922141e7b61bbcd298072e53e862d564ad4e07b313fd0fa02;0x00f888c48228f854a76ca94f4566d9ba08b41bca5114fe842804917e34c80a08;0xa2d4f83c;0xa2d4f83cL;0.500000;1503094225;1503094225
1;256;8048;0xc332552cfe9f65b922141e7b61bbcd298072e53e862d564ad4e07b313fd0fa02;0x00f888c48228f854a76ca94f4566d9ba08b41bca5114fe842804917e34c80a08;0xa2d4f83c;0xa2d4f83cL;0.500000;1503094225;1503094226
1;256;8048;0xb9ab06cd38aa0c51c6fce62a668873a1bc86295df01684b65e066257392ddcf2;0x61fb8bd44d5d5404dc0922dd969707af345e3da49eaa50afe3cd3da409de6607;0x2f3cc76e;0x2f3cc76eL;0.500000;1503094226;1503094226
1;256;8048;0xb9ab06cd38aa0c51c6fce62a668873a1bc86295df01684b65e066257392ddcf2;0x61fb8bd44d5d5404dc0922dd969707af345e3da49eaa50afe3cd3da409de6607;0x2f3cc76e;0x2f3cc76eL;0.500000;1503094226;1503094226
1;256;8048;0xb9ab06cd38aa0c51c6fce62a668873a1bc86295df01684b65e066257392ddcf2;0x61fb8bd44d5d5404dc0922dd969707af345e3da49eaa50afe3cd3da409de6607;0x2f3cc76e;0x2f3cc76eL;0.500000;1503094227;1503094227
1;256;8048;0x72e248c7abad2b6e247b62730ea9635fc8bd95fe736942b3cfe0099115c42b87;0x823ae2e2467832d0e8ad57574b0cb0ff7011ee7fbd80dea72e96cc4040a18be3;0xfc8c03de;0xfc8c03deL;0.500000;1503094227;1503094227
1;256;8048;0x72e248c7abad2b6e247b62730ea9635fc8bd95fe736942b3cfe0099115c42b87;0x823ae2e2467832d0e8ad57574b0cb0ff7011ee7fbd80dea72e96cc4040a18be3;0xfc8c03de;0xfc8c03deL;0.500000;1503094227;1503094228
1;256;8048;0x13a4fa7d40fcab0f375c7405fdec183d4a17b1ec229c5a3a78ad866874604088;0x19efbae1c190ab23eae48e7dc959c8aff68cff5cb78014d4d5eb5484262c6e83;0xfed4ff08;0xfed4ff08L;0.500000;1503094228;1503094228
1;256;8048;0x13a4fa7d40fcab0f375c7405fdec183d4a17b1ec229c5a3a78ad866874604088;0x19efbae1c190ab23eae48e7dc959c8aff68cff5cb78014d4d5eb5484262c6e83;0xfed4ff08;0xfed4ff08L;0.500000;1503094228;1503094229
1;256;8048;0xf56a556e09913c3178d80aa9e5367f817c1cd15be290961c5429a9f25181f446;0x3e726a6093a737ebce7f1fd9f1e3521a342cb795cb2e8f67c35392c4823bda3e;0x38738eed;0x38738eedL;0.500000;1503094229;1503094229
1;256;8048;0xf56a556e09913c3178d80aa9e5367f817c1cd15be290961c5429a9f25181f446;0x3e726a6093a737ebce7f1fd9f1e3521a342cb795cb2e8f67c35392c4823bda3e;0x38738eed;0x38738eedL;0.500000;1503094229;1503094230
1;256;8048;0x71cb5839a0243017fbb966d57fa313b7dee7d3b30af5d738ec26d5fa9f2b7610;0xf6101377c95af63c1694f01bd102fc177a99a86f21be45b44b31f3a956f78612;0xb80b0b77;0xb80b0b77L;0.500000;1503094230;1503094230
1;256;8048;0x71cb5839a0243017fbb966d57fa313b7dee7d3b30af5d738ec26d5fa9f2b7610;0xf6101377c95af63c1694f01bd102fc177a99a86f21be45b44b31f3a956f78612;0xb80b0b77;0xb80b0b77L;0.500000;1503094230;1503094231
1;256;8048;0x9e84e07f0e1d5d718bd939440f0f2ff43364d215db95b5a571694cca44e82fe2;0x62da658c002b486a72673de19cc65132114ccc1dde07ab3984e35bcea49a53e1;0xcd4d3375;0xcd4d3375L;0.500000;1503094231;1503094231
