1;256;8048;0xfd2c526d7ef94ea136e04d5717468ae663a4b65482c9e0965769a91e04678e01;0xe0f36e8e381e027efe85656a7e7ba31ad7a6f351be3afc099d84c5d28b9ebc7b;0x6a69a88e;0x6a69a88eL;0.500000;1503099494;1503099495
1;256;8048;0xb282569da1ae7de600f698257aaefc61afe80cd6caee8342b4f8d1e0aa20e35c;0x31f9215a240dcb2cfc590611ef320f1bbc6c3d0f4a4337fa9f9c1e6f743a2629;0x6bad47d8;0x6bad47d8L;0.500000;1503099495;1503099495
1;256;8048;0xb282569da1ae7de600f698257aaefc61afe80cd6caee8342b4f8d1e0aa20e35c;0x31f9215a240dcb2cfc590611ef320f1bbc6c3d0f4a4337fa9f9c1e6f743a2629;0x6bad47d8;0x6bad47d8L;0.500000;1503099495;1503099496
1;256;8048;0x68c21d10404af406f8ca5dd39228c8081670850d5d3ed6edc07b3b3c0d701d75;0xa3dcf26e7fa97696f5b41b7ad0f1b7759fc19b906c32cc81ae8526f0dd0b7cf7;0x1c3b8f81;0x1c3b8f81L;0.500000;1503099496;1503099496
1;256;8048;0x68c21d10404af406f8ca5dd39228c8081670850d5d3ed6edc07b3b3c0d701d75;0xa3dcf26e7fa97696f5b41b7ad0f1b7759fc19b906c32cc81ae8526f0dd0b7cf7;0x1c3b8f81;0x1c3b8f81L;0.500000;1503099496;1503099497
0;256;8048;0xafefef5540087aa5d9c30fcde0da705787d38747cd59be5c637e6500a8afe257;0xd3af60f1f8bd6362bdd53b29753612345597e4d3ba6bef748d8805917f401f33;0x76a4b8e0;0xebdacb14L;0.500000;1503099497;1503099497
0;256;8048;0xafefef5540087aa5d9c30fcde0da705787d38747cd59be5c637e6500a8afe257;0xd3af60f1f8bd6362bdd53b29753612345597e4d3ba6bef748d8805917f401f33;0x76a4b8e0;0xebdacb14L;0.500000;1503099497;1503099498
1;256;8048;0xf4fb9ccc38657d0b99bf9953ed5c496c7cd77a9cd3675af819645ac334ce0029;0x344b462c416025047e3d5dc6ebe1d3a220ee41a2732e60d01dfc6272013791bf;0x4ce79a05;0x4ce79a05L;0.500000;1503099498;1503099498
1;256;8048;0xf4fb9ccc38657d0b99bf9953ed5c496c7cd77a9cd3675af819645ac334ce0029;0x344b462c416025047e3d5dc6ebe1d3a220ee41a2732e60d01dfc6272013791bf;0x4ce79a05;0x4ce79a05L;0.500000;1503099498;1503099499
1;256;8048;0x8c9a82f5bbfdadd13d0a4b4ddcda339bcee8665bbf2a11cdc90b5adc37f95ec4;0x9e7caed9b3b57d688ae9ac0fe0925fa74825e900cf226365b8f78c2099074185;0x0860e97a;0x860e97aL;0.500000;1503099499;1503099499
1;256;8048;0x8c9a82f5bbfdadd13d0a4b4ddcda339bcee8665bbf2a11cdc90b5adc37f95ec4;0x9e7caed9b3b57d688ae9ac0fe0925fa74825e900cf226365b8f78c2099074185;0x0860e97a;0x860e97aL;0.500000;1503099499;1503099499
1;256;8048;0x8c9a82f5bbfdadd13d0a4b4ddcda339bcee8665bbf2a11cdc90b5adc37f95ec4;0x9e7caed9b3b57d688ae9ac0fe0925fa74825e900cf226365b8f78c2099074185;0x0860e97a;0x860e97aL;0.500000;1503099500;1503099500
1;256;8048;0x7663735376d4dbe60d24fde86e08776d355d76a37d14d70386af613b7c4108f3;0x8c860b217d5b3aeb888852fed0aa1fefe0eceb91aa0e50660e64140abe155a63;0xf27644c8;0xf27644c8L;0.500000;1503099500;1503099500
1;256;8048;0x7663735376d4dbe60d24fde86e08776d355d76a37d14d70386af613b7c4108f3;0x8c860b217d5b3aeb888852fed0aa1fefe0eceb91aa0e50660e64140abe155a63;0xf27644c8;0xf27644c8L;0.500000;1503099500;1503099501
1;256;8048;0xaa3dcf264962c0413e849159de5c6f75e96be1fe199d1eae344e8f0658070502;0xd3f888e0511b1779324921abd2eedfe00a312c13c6aa959edcd5dda62b51d5ae;0x1ba0660c;0x1ba0660cL;0.500000;1503099501;1503099501
1;256;8048;0xaa3dcf264962c0413e849159de5c6f75e96be1fe199d1eae344e8f0658070502;0xd3f888e0511b1779324921abd2eedfe00a312c13c6aa959edcd5dda62b51d5ae;0x1ba0660c;0x1ba0660cL;0.500000;1503099501;1503099502
0;256;8048;0x3ed8abde345083c7e1621ea468ffc9896cf3e30d706ca4f1ac2ea0aa87aa46c5;0x53a428594553e68299757c3361fd0b927fefbd12fbd09c8faa1b8e6faa822dd7;0x054bc61a;0xdd4424a6L;0.500000;1503099502;1503099502
0;256;8048;0x3ed8abde345083c7e1621ea468ffc9896cf3e30d706ca4f1ac2ea0aa87aa46c5;0x53a428594553e68299757c3361fd0b927fefbd12fbd09c8faa1b8e6faa822dd7;0x054bc61a;0xdd4424a6L;0.500000;1503099502;1503099503
1;256;8048;0x0bed948db513c646e4557c89b16db74aa5b5015cb5135718f1e9f942938bd19e;0x8735cf6be6ab2db183e56e33e6cc33529942dbc16b93b884a5c713433b922b8e;0x8adfb7a0;0x8adfb7a0L;0.500000;1503099503;1503099503
1;256;8048;0x0bed948db513c646e4557c89b16db74aa5b5015cb5135718f1e9f942938bd19e;0x8735cf6be6ab2db183e56e33e6cc33529942dbc16b93b884a5c713433b922b8e;0x8adfb7a0;0x8adfb7a0L;0.500000;1503099503;1503099504
