1;256;8048;0xd53a7d55a825543bb42decb5794ac8b59ee39f2bdade47235f91a671ed0d01c3;0x979c8802f21cc6960b181c979c170d1f9b59217588e588bb83e3bf851e3753fc;0x3df3d7b1;0x3df3d7b1L;0.500000;1503143606;1503143606
1;256;8048;0xd53a7d55a825543bb42decb5794ac8b59ee39f2bdade47235f91a671ed0d01c3;0x979c8802f21cc6960b181c979c170d1f9b59217588e588bb83e3bf851e3753fc;0x3df3d7b1;0x3df3d7b1L;0.500000;1503143606;1503143607
0;256;8048;0xc79c9dab19d8a643e868bc3cc0b6ab8e256a1f1dbf6f348305066fd1273638ee;0x873eb003ba4eb0da8c889aa3206a150911c5eb3c811c9eb5b62c081b946f1fa0;0xf3568a88;0x13c09f91L;0.500000;1503143607;1503143607
0;256;8048;0xc79c9dab19d8a643e868bc3cc0b6ab8e256a1f1dbf6f348305066fd1273638ee;0x873eb003ba4eb0da8c889aa3206a150911c5eb3c811c9eb5b62c081b946f1fa0;0xf3568a88;0x13c09f91L;0.500000;1503143607;1503143607
0;256;8048;0xc79c9dab19d8a643e868bc3cc0b6ab8e256a1f1dbf6f348305066fd1273638ee;0x873eb003ba4eb0da8c889aa3206a150911c5eb3c811c9eb5b62c081b946f1fa0;0xf3568a88;0x13c09f91L;0.500000;1503143608;1503143608
1;256;8048;0x616d8f80bf62403826761dc044c696228adbea157e8c565aea0180e995f696f6;0x9cf73d901522c8fb239738b28cffe8b4aeac780f89637f87eeba2654f0c20879;0x64f21a20;0x64f21a20L;0.500000;1503143608;1503143608
1;256;8048;0x616d8f80bf62403826761dc044c696228adbea157e8c565aea0180e995f696f6;0x9cf73d901522c8fb239738b28cffe8b4aeac780f89637f87eeba2654f0c20879;0x64f21a20;0x64f21a20L;0.500000;1503143608;1503143609
1;256;8048;0xecc40450c3cd297fdf3ab0f4f08b47d46ee442c5b1c471e9ac413429fd3815e9;0xfdd8d2447780f0b0895b98529a5769c27b4960a3c7f0009c7e52edbb00052ef8;0xc714093b;0xc714093bL;0.500000;1503143609;1503143609
1;256;8048;0xecc40450c3cd297fdf3ab0f4f08b47d46ee442c5b1c471e9ac413429fd3815e9;0xfdd8d2447780f0b0895b98529a5769c27b4960a3c7f0009c7e52edbb00052ef8;0xc714093b;0xc714093bL;0.500000;1503143609;1503143610
1;256;8048;0x2dbdb1e197400029421677134fe750bd43e94657b65db5e0612310f611f3db3e;0xf1d5afa3364518864f2c21c79f82b64bcb0ea9836aea48bb8288c493b47a3376;0xf9904a37;0xf9904a37L;0.500000;1503143610;1503143610
1;256;8048;0x2dbdb1e197400029421677134fe750bd43e94657b65db5e0612310f611f3db3e;0xf1d5afa3364518864f2c21c79f82b64bcb0ea9836aea48bb8288c493b47a3376;0xf9904a37;0xf9904a37L;0.500000;1503143610;1503143611
1;256;8048;0xf4c5a105af3e7a6da4eb6f75e47c8904a524c6087f5928ee1e37e1f0235e9617;0xbb126314d6f8934b79c2830536fda5a9e64a04fa175cd2676f3b5b77fe053757;0xa1d05e76;0xa1d05e76L;0.500000;1503143611;1503143611
1;256;8048;0xf4c5a105af3e7a6da4eb6f75e47c8904a524c6087f5928ee1e37e1f0235e9617;0xbb126314d6f8934b79c2830536fda5a9e64a04fa175cd2676f3b5b77fe053757;0xa1d05e76;0xa1d05e76L;0.500000;1503143611;1503143611
1;256;8048;0xf4c5a105af3e7a6da4eb6f75e47c8904a524c6087f5928ee1e37e1f0235e9617;0xbb126314d6f8934b79c2830536fda5a9e64a04fa175cd2676f3b5b77fe053757;0xa1d05e76;0xa1d05e76L;0.500000;1503143612;1503143612
1;256;8048;0xf9c44ac758f7f07efa0fdc5d50330ccd6996cc749fee8f5f36648238e93272e2;0xcba1412e043d67e78b14dde619b51f8ad6535cde79cca07dec8fa58eede8739b;0x726d2d02;0x726d2d02L;0.500000;1503143612;1503143612
1;256;8048;0xf9c44ac758f7f07efa0fdc5d50330ccd6996cc749fee8f5f36648238e93272e2;0xcba1412e043d67e78b14dde619b51f8ad6535cde79cca07dec8fa58eede8739b;0x726d2d02;0x726d2d02L;0.500000;1503143612;1503143613
1;256;8048;0x5e475bb3f873eff276d4cfe52f597ffcb2076c5f36e17ebb6a177cb3e1244e40;0x707ba0e6855b292c067a680c129ff013e85b3e9271b39ec6f9c5d3258e945cbd;0xf7199ae5;0xf7199ae5L;0.500000;1503143613;1503143613
1;256;8048;0x5e475bb3f873eff276d4cfe52f597ffcb2076c5f36e17ebb6a177cb3e1244e40;0x707ba0e6855b292c067a680c129ff013e85b3e9271b39ec6f9c5d3258e945cbd;0xf7199ae5;0xf7199ae5L;0.500000;1503143613;1503143614
1;256;8048;0x7e4f6f64b2bbaa72af37ad37ee10400e42004c271b841672ba9fe35131853caf;0x15e49b484a105c7cb70eb689e31bdd3ae684f5aff6c0b8ea54b0ed8048a04dcd;0xc9f74aca;0xc9f74acaL;0.500000;1503143614;1503143614
1;256;8048;0x7e4f6f64b2bbaa72af37ad37ee10400e42004c271b841672ba9fe35131853caf;0x15e49b484a105c7cb70eb689e31bdd3ae684f5aff6c0b8ea54b0ed8048a04dcd;0xc9f74aca;0xc9f74acaL;0.500000;1503143614;1503143615
