0;256;8048;0xb074302f18c0665ba19742887a21102b2202bde895b931d8e9ea7cb840376cf0;0x41e708bd69a7c6f40dc2a217d3077e9cf246d379f561f0f7f6c67875a7f1ba53;0x8adbd1ce;0x5de3506aL;0.500000;1503116667;1503116668
1;256;8048;0xc1895b05e782d9c6cd8c73643669f6a84e468b661dce0cdaebd4dabafd007cbe;0xd372878afe1e30baa696cacc3a1f9532be31fd28f0903e2d677c6e9be728d597;0x3a20d97e;0x3a20d97eL;0.500000;1503116668;1503116668
1;256;8048;0xc1895b05e782d9c6cd8c73643669f6a84e468b661dce0cdaebd4dabafd007cbe;0xd372878afe1e30baa696cacc3a1f9532be31fd28f0903e2d677c6e9be728d597;0x3a20d97e;0x3a20d97eL;0.500000;1503116668;1503116668
1;256;8048;0xc1895b05e782d9c6cd8c73643669f6a84e468b661dce0cdaebd4dabafd007cbe;0xd372878afe1e30baa696cacc3a1f9532be31fd28f0903e2d677c6e9be728d597;0x3a20d97e;0x3a20d97eL;0.500000;1503116669;1503116669
1;256;8048;0xd3388091a7d09f0513ab1570b78ad0aa5b8954a6db0d6f10f5491ed59ce1b170;0x8ca8e701830f9016da6830428d1a4529cf2da47473dcbd6c1688e1078e02fbff;0xef917a40;0xef917a40L;0.500000;1503116669;1503116669
1;256;8048;0xd3388091a7d09f0513ab1570b78ad0aa5b8954a6db0d6f10f5491ed59ce1b170;0x8ca8e701830f9016da6830428d1a4529cf2da47473dcbd6c1688e1078e02fbff;0xef917a40;0xef917a40L;0.500000;1503116669;1503116670
0;256;8048;0xe05a154a187f3453ad7a2f0696ede398214ed0b35ae4db3797b06b5d5bdf433b;0x0391552260577bc87bcde224e44bc8431f73e8a997cac32bf440d001e21a4440;0x2491b951;0x8dd8194L;0.500000;1503116670;1503116670
0;256;8048;0xe05a154a187f3453ad7a2f0696ede398214ed0b35ae4db3797b06b5d5bdf433b;0x0391552260577bc87bcde224e44bc8431f73e8a997cac32bf440d001e21a4440;0x2491b951;0x8dd8194L;0.500000;1503116670;1503116671
1;256;8048;0x4b82d1d73f7e42db6e6118d3305978bd8472a8bc580362786f0f4a306f93bfbb;0xda52bd6bcafc80f552b038184e13dc070d7decca5e7736c4dd4fae5d09c8c7aa;0x384c5b1f;0x384c5b1fL;0.500000;1503116671;1503116671
1;256;8048;0x4b82d1d73f7e42db6e6118d3305978bd8472a8bc580362786f0f4a306f93bfbb;0xda52bd6bcafc80f552b038184e13dc070d7decca5e7736c4dd4fae5d09c8c7aa;0x384c5b1f;0x384c5b1fL;0.500000;1503116671;1503116672
1;256;8048;0x43ca578d6e25c3d71360a386de56eafa51e333cd795344c1638b4708c25b3705;0xafb0731c005f65a568f516e1d5c016b31a4cda255e52c950b0d1e64b29d82bcd;0x1ddbb02d;0x1ddbb02dL;0.500000;1503116672;1503116672
1;256;8048;0x43ca578d6e25c3d71360a386de56eafa51e333cd795344c1638b4708c25b3705;0xafb0731c005f65a568f516e1d5c016b31a4cda255e52c950b0d1e64b29d82bcd;0x1ddbb02d;0x1ddbb02dL;0.500000;1503116672;1503116673
1;256;8048;0xf04b3565ca95bd100e8568a72ef8d440c25bb7f9dee37ba405e96bd1a8ccfc98;0x0002c25a9ab752d170a2c63c8331cf5d448be08a43900d9f96e0d73578f8bfad;0x0c0e02e0;0xc0e02e0L;0.500000;1503116673;1503116673
1;256;8048;0xf04b3565ca95bd100e8568a72ef8d440c25bb7f9dee37ba405e96bd1a8ccfc98;0x0002c25a9ab752d170a2c63c8331cf5d448be08a43900d9f96e0d73578f8bfad;0x0c0e02e0;0xc0e02e0L;0.500000;1503116673;1503116674
0;256;8048;0x37929be7ce82c8cb48e0676156dbadf912a497d900772974b6f60d1058c0ae8f;0x0aa929c9f0076f23686fe944515205ea2a3da51cab902457fb73bab818adc951;0x248976d2;0x75db7cbcL;0.500000;1503116674;1503116674
0;256;8048;0x37929be7ce82c8cb48e0676156dbadf912a497d900772974b6f60d1058c0ae8f;0x0aa929c9f0076f23686fe944515205ea2a3da51cab902457fb73bab818adc951;0x248976d2;0x75db7cbcL;0.500000;1503116674;1503116675
1;256;8048;0xe2740cc607b490922bc046ad510b920bf682444d076b7cd4d0f99fcbbb13ea9d;0x47eea311c0025de194d7ba6ce14b0d228c3b029867b039eda6b5048520807368;0xb65eceb9;0xb65eceb9L;0.500000;1503116675;1503116675
1;256;8048;0xe2740cc607b490922bc046ad510b920bf682444d076b7cd4d0f99fcbbb13ea9d;0x47eea311c0025de194d7ba6ce14b0d228c3b029867b039eda6b5048520807368;0xb65eceb9;0xb65eceb9L;0.500000;1503116675;1503116675
1;256;8048;0xe2740cc607b490922bc046ad510b920bf682444d076b7cd4d0f99fcbbb13ea9d;0x47eea311c0025de194d7ba6ce14b0d228c3b029867b039eda6b5048520807368;0xb65eceb9;0xb65eceb9L;0.500000;1503116676;1503116676
1;256;8048;0xee0e19eb1aa18bd027aa92cba9addd10ccc4e49f03293a886012de8f7597f464;0xfa79c7416b34060de50cb0d8acec1ae465c092e8045badb675215999061507b4;0x79d3cf68;0x79d3cf68L;0.500000;1503116676;1503116676
