1;256;8048;0xa82d40eb1c5dea47c5ef3063cede6df00e2fbd4655efcf6c48d7c7f2d19f1379;0xa2850a10e2cb60a26ef17fb2adf76a2b4bbcbd8182dacb4e248dcef524fd9b9d;0xf97adc6d;0xf97adc6dL;0.500000;1503088157;1503088158
1;256;8048;0x36b809aa38bee4f6e4235dbc34b63bed3d48d0eb67e3f77c5babdc6b0d7d0b43;0x60eccc014d1849d1953b2c401441b5cc2e91d5cf9e612992393b683998e0b228;0xc84b7e6c;0xc84b7e6cL;0.500000;1503088158;1503088158
1;256;8048;0x36b809aa38bee4f6e4235dbc34b63bed3d48d0eb67e3f77c5babdc6b0d7d0b43;0x60eccc014d1849d1953b2c401441b5cc2e91d5cf9e612992393b683998e0b228;0xc84b7e6c;0xc84b7e6cL;0.500000;1503088158;1503088159
1;256;8048;0x7e03ba83907f7164d0125d60b04875a11c600f5a0afa8a38903114a96c1af6ea;0x38c2b8a21cdaaef1da5f36563bdc31bc619949ef2f229630921960c00e6de4f4;0x50c6d66a;0x50c6d66aL;0.500000;1503088159;1503088159
1;256;8048;0x7e03ba83907f7164d0125d60b04875a11c600f5a0afa8a38903114a96c1af6ea;0x38c2b8a21cdaaef1da5f36563bdc31bc619949ef2f229630921960c00e6de4f4;0x50c6d66a;0x50c6d66aL;0.500000;1503088160;1503088160
1;256;8048;0xf99f516b9a0910725aa1c20cfa3bc7f08494686e291d434811df9631d5d4b2ce;0xb4ecdb90c168a0562278bf2136da28f4ceae4fb7fea2749a1e6cd7681c79c88f;0xbccb8411;0xbccb8411L;0.500000;1503088160;1503088161
1;256;8048;0xcaf65532a6ccada065a0b9eb1672ade33702319bd6b080dad8cf5f48ab6f7075;0x899cd756d5c737d0504e366670a358f288bf9a118631ce6f7f7ae523615e6ba3;0xf7396bbd;0xf7396bbdL;0.500000;1503088161;1503088161
1;256;8048;0xcaf65532a6ccada065a0b9eb1672ade33702319bd6b080dad8cf5f48ab6f7075;0x899cd756d5c737d0504e366670a358f288bf9a118631ce6f7f7ae523615e6ba3;0xf7396bbd;0xf7396bbdL;0.500000;1503088161;1503088162
1;256;8048;0x9361f2ed42a2a5ab0ac0b9d5547f466e53da24b8031841354fd1eeafdcd8c06f;0x55bbc2698820865efdb76fd16c6f7bdfb97e0be69cb088b3b6547806ed9bef2c;0x278dbc18;0x278dbc18L;0.500000;1503088162;1503088162
1;256;8048;0x9361f2ed42a2a5ab0ac0b9d5547f466e53da24b8031841354fd1eeafdcd8c06f;0x55bbc2698820865efdb76fd16c6f7bdfb97e0be69cb088b3b6547806ed9bef2c;0x278dbc18;0x278dbc18L;0.500000;1503088162;1503088163
1;256;8048;0xf6bbc7d1020d878526ccb3a6832536682f796a433f2d02581ab1f4ebe0312ad6;0x6fb9652d3e894b97c3d515fa27caecaf524a53e9e2939b5041d4197ab8abf68f;0x3c16d625;0x3c16d625L;0.500000;1503088163;1503088163
1;256;8048;0xf6bbc7d1020d878526ccb3a6832536682f796a433f2d02581ab1f4ebe0312ad6;0x6fb9652d3e894b97c3d515fa27caecaf524a53e9e2939b5041d4197ab8abf68f;0x3c16d625;0x3c16d625L;0.500000;1503088163;1503088164
1;256;8048;0x2350dfbc7b823f37203b76897f4f55a162c5d36b3bdaf2569a6c7713dfd47502;0xed05ba091087c879c6b0a15449847b03b963b8c9e09652bdc6cafce1c51d0340;0x7c404dc9;0x7c404dc9L;0.500000;1503088164;1503088164
1;256;8048;0x2350dfbc7b823f37203b76897f4f55a162c5d36b3bdaf2569a6c7713dfd47502;0xed05ba091087c879c6b0a15449847b03b963b8c9e09652bdc6cafce1c51d0340;0x7c404dc9;0x7c404dc9L;0.500000;1503088165;1503088165
1;256;8048;0x99a7ac44755a29b58c4a35d1827cce20192864d67971ea533e4635adced6ae67;0xe52fe52126a371d0d30e3ecc958b5ee502bce5baf6b235b1c2635ba7fbf34ac1;0x02a93319;0x2a93319L;0.500000;1503088165;1503088165
1;256;8048;0x99a7ac44755a29b58c4a35d1827cce20192864d67971ea533e4635adced6ae67;0xe52fe52126a371d0d30e3ecc958b5ee502bce5baf6b235b1c2635ba7fbf34ac1;0x02a93319;0x2a93319L;0.500000;1503088165;1503088166
1;256;8048;0x6e269451a779bd3a9a382d15fda79bb1c5b6e1f6a5201a20469868830a4aed79;0xc21ee88e2ca92819c979314f9a4359ab395b1869e5577c91a1ccb3891b9e5aec;0x044eb9a3;0x44eb9a3L;0.500000;1503088166;1503088166
1;256;8048;0x6e269451a779bd3a9a382d15fda79bb1c5b6e1f6a5201a20469868830a4aed79;0xc21ee88e2ca92819c979314f9a4359ab395b1869e5577c91a1ccb3891b9e5aec;0x044eb9a3;0x44eb9a3L;0.500000;1503088166;1503088167
1;256;8048;0x1d7ae9544d66e30719e1d6a326b2e983d944a0a40e2c4a6438475fda7a52af98;0x4ccdab90ae48128eea39bc7480382cafa04159ac6f4ddc848a115d674a14d8a6;0x5eaa4022;0x5eaa4022L;0.500000;1503088167;1503088167
1;256;8048;0x1d7ae9544d66e30719e1d6a326b2e983d944a0a40e2c4a6438475fda7a52af98;0x4ccdab90ae48128eea39bc7480382cafa04159ac6f4ddc848a115d674a14d8a6;0x5eaa4022;0x5eaa4022L;0.500000;1503088168;1503088168
