0;256;8048;0x47e774221c8059582d5d782266a2ac6ca508e603384430cbd3e8d03ac1fb5d08;0xc419cd2221c0914bf2ab70640d054287b7b1005c75e1b0b50fca2ec234996f7e;0x56d6ea26;0x63dc2cadL;0.500000;1503109414;1503109414
0;256;8048;0x47e774221c8059582d5d782266a2ac6ca508e603384430cbd3e8d03ac1fb5d08;0xc419cd2221c0914bf2ab70640d054287b7b1005c75e1b0b50fca2ec234996f7e;0x56d6ea26;0x63dc2cadL;0.500000;1503109415;1503109415
1;256;8048;0xf150c6ba2583898e741db4d731e23764d66f69a2d778579525acf4f8a77ff398;0x651bd9c46095b9b0e9e4f594aff7dfbb210e3d3c72cd6328aaf1a3f6df1aad93;0x9cc10838;0x9cc10838L;0.500000;1503109415;1503109415
1;256;8048;0xf150c6ba2583898e741db4d731e23764d66f69a2d778579525acf4f8a77ff398;0x651bd9c46095b9b0e9e4f594aff7dfbb210e3d3c72cd6328aaf1a3f6df1aad93;0x9cc10838;0x9cc10838L;0.500000;1503109415;1503109416
1;256;8048;0x6f1d464a1620c83b22297b812e008dec8f2d0271027fade857f6c79227652196;0xf2442d3ae11a0e3f419906c01d30477c0c3c81279e7e800b302123da6b07dc92;0x90619517;0x90619517L;0.500000;1503109416;1503109416
1;256;8048;0x6f1d464a1620c83b22297b812e008dec8f2d0271027fade857f6c79227652196;0xf2442d3ae11a0e3f419906c01d30477c0c3c81279e7e800b302123da6b07dc92;0x90619517;0x90619517L;0.500000;1503109416;1503109417
1;256;8048;0x05b160421a726cf53a774ce48bd77954718a33f25868466678c2ee581b55f521;0x4b014b68165f4d4102ee8c24b017cf2328cc505f28bae088f710b2f4b5d72c0f;0x096845ae;0x96845aeL;0.500000;1503109417;1503109417
1;256;8048;0x05b160421a726cf53a774ce48bd77954718a33f25868466678c2ee581b55f521;0x4b014b68165f4d4102ee8c24b017cf2328cc505f28bae088f710b2f4b5d72c0f;0x096845ae;0x96845aeL;0.500000;1503109417;1503109418
1;256;8048;0x2c23da2b952fc7e9ab349449920e1f3d781987c739a356ab256fa9c1ab1074d7;0x61ff0beb7104bbea3cdc0047953f9cf2f3510c8eb9792bed7218751c3f28e009;0x35a1f2a7;0x35a1f2a7L;0.500000;1503109418;1503109418
1;256;8048;0x2c23da2b952fc7e9ab349449920e1f3d781987c739a356ab256fa9c1ab1074d7;0x61ff0beb7104bbea3cdc0047953f9cf2f3510c8eb9792bed7218751c3f28e009;0x35a1f2a7;0x35a1f2a7L;0.500000;1503109418;1503109418
1;256;8048;0x2c23da2b952fc7e9ab349449920e1f3d781987c739a356ab256fa9c1ab1074d7;0x61ff0beb7104bbea3cdc0047953f9cf2f3510c8eb9792bed7218751c3f28e009;0x35a1f2a7;0x35a1f2a7L;0.500000;1503109419;1503109419
1;256;8048;0xac19fe6cafd71e87c2159a727cde6d1a652e21a6b05f4e1c4535d3523ce90be8;0xa608c484ca6247c15fce77c1c48d0cca632f72ba306a4999c390eb18f3f4985e;0x00b316a3;0xb316a3L;0.500000;1503109419;1503109419
1;256;8048;0xac19fe6cafd71e87c2159a727cde6d1a652e21a6b05f4e1c4535d3523ce90be8;0xa608c484ca6247c15fce77c1c48d0cca632f72ba306a4999c390eb18f3f4985e;0x00b316a3;0xb316a3L;0.500000;1503109419;1503109420
1;256;8048;0xd0da9b6c172ccca7dc5556a40de016fcfed02cf6e0540269eff3b47663935933;0xe0c8f48813be26c6bef0037c2845aa4798d59cb06082d047eb82f2b3c0bdbd5f;0xa588f387;0xa588f387L;0.500000;1503109420;1503109420
1;256;8048;0xd0da9b6c172ccca7dc5556a40de016fcfed02cf6e0540269eff3b47663935933;0xe0c8f48813be26c6bef0037c2845aa4798d59cb06082d047eb82f2b3c0bdbd5f;0xa588f387;0xa588f387L;0.500000;1503109420;1503109421
1;256;8048;0x3f3ce60352cf0041beeb69999fd9527d5ad7cb0e15abc77e8cc361e853292b92;0x9ed6171a37bae31154706dc3c153734dda15f4186604809ae98f32679ce1742b;0x2d833f45;0x2d833f45L;0.500000;1503109421;1503109421
1;256;8048;0x3f3ce60352cf0041beeb69999fd9527d5ad7cb0e15abc77e8cc361e853292b92;0x9ed6171a37bae31154706dc3c153734dda15f4186604809ae98f32679ce1742b;0x2d833f45;0x2d833f45L;0.500000;1503109421;1503109421
1;256;8048;0x3f3ce60352cf0041beeb69999fd9527d5ad7cb0e15abc77e8cc361e853292b92;0x9ed6171a37bae31154706dc3c153734dda15f4186604809ae98f32679ce1742b;0x2d833f45;0x2d833f45L;0.500000;1503109422;1503109422
1;256;8048;0x58123be6eaa4a4357c435728384b5ef557f811d1bee64e9bdccce5830d230a65;0x581db7d583f5cf4dbfe7ef42c14b4659260ae82ee354aa51a5def46a0887bcb7;0xa70fa67d;0xa70fa67dL;0.500000;1503109422;1503109422
1;256;8048;0x58123be6eaa4a4357c435728384b5ef557f811d1bee64e9bdccce5830d230a65;0x581db7d583f5cf4dbfe7ef42c14b4659260ae82ee354aa51a5def46a0887bcb7;0xa70fa67d;0xa70fa67dL;0.500000;1503109422;1503109423
