1;256;8048;0x6a0250f164756f726f1ce8ba11694d69e81926c35bf48c7c1eca7368caeeaf34;0xff8f3199e000be0a89e7db264da27476f28dae548e88b6d3a4cc3532acc74902;0x559d7d81;0x559d7d81L;0.500000;1503108746;1503108746
1;256;8048;0x6a0250f164756f726f1ce8ba11694d69e81926c35bf48c7c1eca7368caeeaf34;0xff8f3199e000be0a89e7db264da27476f28dae548e88b6d3a4cc3532acc74902;0x559d7d81;0x559d7d81L;0.500000;1503108746;1503108747
1;256;8048;0xed3efa97d283915e7aabc20d1e08639b27c5e76943f0f2b94dad4570a6889293;0x9051c6875bcb6d512a5522b11b7952bd17fe172d8279c041b20eebe2ab6deb6e;0x3f6794de;0x3f6794deL;0.500000;1503108747;1503108747
1;256;8048;0xed3efa97d283915e7aabc20d1e08639b27c5e76943f0f2b94dad4570a6889293;0x9051c6875bcb6d512a5522b11b7952bd17fe172d8279c041b20eebe2ab6deb6e;0x3f6794de;0x3f6794deL;0.500000;1503108747;1503108748
1;256;8048;0x1daed4cda969db9db609b8b54b4bcc6589409bf1dce13f78ed1bec224f06c36c;0x7e633fa7669fc5f7b66b626cbe5586564b85bfcad4d367bad7abec92b3318a0d;0xdd1fa4ac;0xdd1fa4acL;0.500000;1503108748;1503108748
1;256;8048;0x1daed4cda969db9db609b8b54b4bcc6589409bf1dce13f78ed1bec224f06c36c;0x7e633fa7669fc5f7b66b626cbe5586564b85bfcad4d367bad7abec92b3318a0d;0xdd1fa4ac;0xdd1fa4acL;0.500000;1503108748;1503108749
1;256;8048;0x228b0f9ab7e7a835602e63c7928a636553f6cf460897d276896777197a76119c;0xa56c39608dabb4676cc17c9ac6c3602ef8f9b802b8b75d4849f32aa67ddd4aa5;0xf17b8d8c;0xf17b8d8cL;0.500000;1503108749;1503108749
1;256;8048;0x228b0f9ab7e7a835602e63c7928a636553f6cf460897d276896777197a76119c;0xa56c39608dabb4676cc17c9ac6c3602ef8f9b802b8b75d4849f32aa67ddd4aa5;0xf17b8d8c;0xf17b8d8cL;0.500000;1503108749;1503108750
1;256;8048;0x5afcb6b65ba23b04813490e9949256e7ce0aef0c5687dd9bbc40573b519745ab;0xc6661261d9d2555a028e049373d203dfcd3dc5a3a4d190c22d8e8fce33d26af6;0xc09fa6a4;0xc09fa6a4L;0.500000;1503108750;1503108750
1;256;8048;0x5afcb6b65ba23b04813490e9949256e7ce0aef0c5687dd9bbc40573b519745ab;0xc6661261d9d2555a028e049373d203dfcd3dc5a3a4d190c22d8e8fce33d26af6;0xc09fa6a4;0xc09fa6a4L;0.500000;1503108750;1503108750
1;256;8048;0x5afcb6b65ba23b04813490e9949256e7ce0aef0c5687dd9bbc40573b519745ab;0xc6661261d9d2555a028e049373d203dfcd3dc5a3a4d190c22d8e8fce33d26af6;0xc09fa6a4;0xc09fa6a4L;0.500000;1503108751;1503108751
0;256;8048;0x7860454fd9ac0fdbaf2f96316f57699944ed1e4b34ac203991820034bde42035;0x23f21250d4b6a9df8320143eee91583a6197c3a31de1371f6a43acc04bc502b8;0xcc1c1dd9;0xbaad7613L;0.500000;1503108751;1503108751
0;256;8048;0x7860454fd9ac0fdbaf2f96316f57699944ed1e4b34ac203991820034bde42035;0x23f21250d4b6a9df8320143eee91583a6197c3a31de1371f6a43acc04bc502b8;0xcc1c1dd9;0xbaad7613L;0.500000;1503108751;1503108752
1;256;8048;0x29c7d9ef37616e68cbbc1d603e0da5e4eb2b0e6b09de94370b7d5d6c9fcab3c8;0x42786094f700dd67a57c8f65b239e32b944ada5dabaa74bb534f6ac27ea2db4b;0x9ccb0876;0x9ccb0876L;0.500000;1503108752;1503108752
1;256;8048;0x29c7d9ef37616e68cbbc1d603e0da5e4eb2b0e6b09de94370b7d5d6c9fcab3c8;0x42786094f700dd67a57c8f65b239e32b944ada5dabaa74bb534f6ac27ea2db4b;0x9ccb0876;0x9ccb0876L;0.500000;1503108752;1503108753
1;256;8048;0x92ada262d485124488bd63d278a16a9428d0b932e84f993b34b4260e2f8cfbc1;0xf86bb545bd7b2dfb11fcd74bc405d9233f4e5cdf8921ebdeb57a65a1d680a4ed;0xe26ffdaa;0xe26ffdaaL;0.500000;1503108753;1503108753
1;256;8048;0x92ada262d485124488bd63d278a16a9428d0b932e84f993b34b4260e2f8cfbc1;0xf86bb545bd7b2dfb11fcd74bc405d9233f4e5cdf8921ebdeb57a65a1d680a4ed;0xe26ffdaa;0xe26ffdaaL;0.500000;1503108753;1503108754
0;256;8048;0x36bc469f376781d795f39f7bc2932c1b5a3330adcb05cb03ac5d188c913cd7c7;0xc1418a0974ed59eaf2323be242637c1cb849a97683da7f32f0ce0e3a25e5253b;0xfa2018d9;0x10b7844eL;0.500000;1503108754;1503108754
0;256;8048;0x36bc469f376781d795f39f7bc2932c1b5a3330adcb05cb03ac5d188c913cd7c7;0xc1418a0974ed59eaf2323be242637c1cb849a97683da7f32f0ce0e3a25e5253b;0xfa2018d9;0x10b7844eL;0.500000;1503108754;1503108754
0;256;8048;0x36bc469f376781d795f39f7bc2932c1b5a3330adcb05cb03ac5d188c913cd7c7;0xc1418a0974ed59eaf2323be242637c1cb849a97683da7f32f0ce0e3a25e5253b;0xfa2018d9;0x10b7844eL;0.500000;1503108755;1503108755
