1;256;8048;0x1b11f8538f0979a71a1efcb49c35a1e0d1c113a52ac6f4abaf63cd057b8ae497;0x365ba9305aadbb5f0a3974618fb7844ff7d55ff86a6be87b7af68510e2849de7;0x85e0e9a6;0x85e0e9a6L;0.500000;1503119263;1503119264
1;256;8048;0xa001c929a1e32f0a245a557e865f94bbe6986a7503a09c73a3a10b4438bb8fd8;0x48b1b815e1d4416adcc720129a6286fb7dc6948d4e5f93291ae38cd574af3942;0x4cb3e571;0x4cb3e571L;0.500000;1503119264;1503119264
1;256;8048;0xa001c929a1e32f0a245a557e865f94bbe6986a7503a09c73a3a10b4438bb8fd8;0x48b1b815e1d4416adcc720129a6286fb7dc6948d4e5f93291ae38cd574af3942;0x4cb3e571;0x4cb3e571L;0.500000;1503119264;1503119265
1;256;8048;0xe440e45820277e498c9c6e652f35b78dc5e3ce854be78908728e0170b5ee5599;0x2074ba0f351b8005358700744430e22ab8ce7564135eac321d1b017ef6ac2b78;0xa7e41191;0xa7e41191L;0.500000;1503119265;1503119265
1;256;8048;0xe440e45820277e498c9c6e652f35b78dc5e3ce854be78908728e0170b5ee5599;0x2074ba0f351b8005358700744430e22ab8ce7564135eac321d1b017ef6ac2b78;0xa7e41191;0xa7e41191L;0.500000;1503119265;1503119266
1;256;8048;0x0d29ce23a01e81e3e420f03afd2e8e24ffe6426cae2add7579eaa164420acb50;0x5110064b29af5247fc3ab8a9f017983e36502e8fea4d3490d986484acb517fa8;0xbecae124;0xbecae124L;0.500000;1503119266;1503119266
1;256;8048;0x0d29ce23a01e81e3e420f03afd2e8e24ffe6426cae2add7579eaa164420acb50;0x5110064b29af5247fc3ab8a9f017983e36502e8fea4d3490d986484acb517fa8;0xbecae124;0xbecae124L;0.500000;1503119266;1503119267
1;256;8048;0x9a9358f65d945cbdd9478c1718ad40871960be11b972c36ec078fe7d33d0eccd;0x49a078f3e2b5752d60930c154b48373c0ae094f2fcde5b0a5e6648363052e9bf;0xf5c418a1;0xf5c418a1L;0.500000;1503119267;1503119267
1;256;8048;0x9a9358f65d945cbdd9478c1718ad40871960be11b972c36ec078fe7d33d0eccd;0x49a078f3e2b5752d60930c154b48373c0ae094f2fcde5b0a5e6648363052e9bf;0xf5c418a1;0xf5c418a1L;0.500000;1503119267;1503119268
1;256;8048;0xd63047758c993af685853c790aed730744011d59144a3f8c8a174f3bae6ccf85;0xc04e1ffc1f5f661dc9f5e4e98605c2b20b92cd1514b8ba682dd98c74591ba03f;0x00690c1f;0x690c1fL;0.500000;1503119268;1503119268
1;256;8048;0xd63047758c993af685853c790aed730744011d59144a3f8c8a174f3bae6ccf85;0xc04e1ffc1f5f661dc9f5e4e98605c2b20b92cd1514b8ba682dd98c74591ba03f;0x00690c1f;0x690c1fL;0.500000;1503119268;1503119268
1;256;8048;0xd63047758c993af685853c790aed730744011d59144a3f8c8a174f3bae6ccf85;0xc04e1ffc1f5f661dc9f5e4e98605c2b20b92cd1514b8ba682dd98c74591ba03f;0x00690c1f;0x690c1fL;0.500000;1503119269;1503119269
1;256;8048;0x2bb85f2e28fa043130cddf1b053b1d6876f4bb6e64f43987d95db5cfe3ef490e;0x1cfb97dd1c5eedd282edbed0834e1ed772c6ea3053e175f653612399a1498d21;0x1c6579be;0x1c6579beL;0.500000;1503119269;1503119269
1;256;8048;0x2bb85f2e28fa043130cddf1b053b1d6876f4bb6e64f43987d95db5cfe3ef490e;0x1cfb97dd1c5eedd282edbed0834e1ed772c6ea3053e175f653612399a1498d21;0x1c6579be;0x1c6579beL;0.500000;1503119269;1503119270
1;256;8048;0x539c2ee1b76142d2c7d3467f1df74069c1a363f8af21aefbef2642f11b07ba6e;0x5f39b230f2fc7d76e2d9ecabd12ee9acb555c2770195b7dfa369508636d57e57;0xb7600731;0xb7600731L;0.500000;1503119270;1503119270
1;256;8048;0x539c2ee1b76142d2c7d3467f1df74069c1a363f8af21aefbef2642f11b07ba6e;0x5f39b230f2fc7d76e2d9ecabd12ee9acb555c2770195b7dfa369508636d57e57;0xb7600731;0xb7600731L;0.500000;1503119270;1503119271
1;256;8048;0x8ef4f9f80e25c1776e7df5a76c300db2ef244d406db07d3d443aa6d4614cf2ef;0xfe7ffe40450c74e9dbc0197e9f083b5fedf1ef4afd9cbc2407873ba73cafba5b;0xa8ee838e;0xa8ee838eL;0.500000;1503119271;1503119271
1;256;8048;0x8ef4f9f80e25c1776e7df5a76c300db2ef244d406db07d3d443aa6d4614cf2ef;0xfe7ffe40450c74e9dbc0197e9f083b5fedf1ef4afd9cbc2407873ba73cafba5b;0xa8ee838e;0xa8ee838eL;0.500000;1503119271;1503119272
1;256;8048;0xb6d593876f6ec9e4e552e9f16a941d4d6e315998d84bc45aef792e304f0cbf05;0x561358d964a46d91cfd6d97ded3ee12b4cf519078242a16dfa2eba61ef0d59ad;0x2b38f60b;0x2b38f60bL;0.500000;1503119272;1503119272
1;256;8048;0xb6d593876f6ec9e4e552e9f16a941d4d6e315998d84bc45aef792e304f0cbf05;0x561358d964a46d91cfd6d97ded3ee12b4cf519078242a16dfa2eba61ef0d59ad;0x2b38f60b;0x2b38f60bL;0.500000;1503119272;1503119272
