1;256;8048;0xe65b479caf1e701ed684ceccecb2e71756416df3a72359679ef0248a3b245521;0xef79c16d1dc7399776d35416cc88c361875382bc1dac7ee72792dc937451b029;0xe8a938a1;0xe8a938a1L;0.500000;1503137665;1503137665
1;256;8048;0xe65b479caf1e701ed684ceccecb2e71756416df3a72359679ef0248a3b245521;0xef79c16d1dc7399776d35416cc88c361875382bc1dac7ee72792dc937451b029;0xe8a938a1;0xe8a938a1L;0.500000;1503137665;1503137666
1;256;8048;0xc9c92a37ccba03b0734ce41a8d97b1c67d38ae67e8fc9e14ba1f2511a6c1c86f;0x4eb31c4ca0446dfc5b2d3d835993e8f76f650a2bfbbada44040f9f729fb32419;0xa7bd603f;0xa7bd603fL;0.500000;1503137666;1503137666
1;256;8048;0xc9c92a37ccba03b0734ce41a8d97b1c67d38ae67e8fc9e14ba1f2511a6c1c86f;0x4eb31c4ca0446dfc5b2d3d835993e8f76f650a2bfbbada44040f9f729fb32419;0xa7bd603f;0xa7bd603fL;0.500000;1503137666;1503137666
1;256;8048;0xc9c92a37ccba03b0734ce41a8d97b1c67d38ae67e8fc9e14ba1f2511a6c1c86f;0x4eb31c4ca0446dfc5b2d3d835993e8f76f650a2bfbbada44040f9f729fb32419;0xa7bd603f;0xa7bd603fL;0.500000;1503137666;1503137667
1;256;8048;0x0e7f04eccf536edf84df63acd0020b50979f78754dd46d88921197ed6e80fe7d;0xb9194150fcd384a263dc7cf15dd26542483e497b08c70df9e047ef950cac4f59;0xd4eb7236;0xd4eb7236L;0.500000;1503137667;1503137667
1;256;8048;0x0e7f04eccf536edf84df63acd0020b50979f78754dd46d88921197ed6e80fe7d;0xb9194150fcd384a263dc7cf15dd26542483e497b08c70df9e047ef950cac4f59;0xd4eb7236;0xd4eb7236L;0.500000;1503137667;1503137668
1;256;8048;0xfc8c9b31204c714d96c42de90fddf52372ab293591b20939a3556fac5955e355;0xb49e84222bec0243f6cf8a853757ba4865aa22fd6a94997d03160a0004f88998;0x2942252a;0x2942252aL;0.500000;1503137668;1503137668
1;256;8048;0xfc8c9b31204c714d96c42de90fddf52372ab293591b20939a3556fac5955e355;0xb49e84222bec0243f6cf8a853757ba4865aa22fd6a94997d03160a0004f88998;0x2942252a;0x2942252aL;0.500000;1503137668;1503137669
1;256;8048;0x47a192abe4b63cfad23f9ad0adac6c7e533f02e4a3279b16d9fcaa1130a84f78;0x828ec6667f82e689ea09e4b9c82313266acf788323930b83614909884af2f240;0x2b7a511b;0x2b7a511bL;0.500000;1503137669;1503137669
1;256;8048;0x47a192abe4b63cfad23f9ad0adac6c7e533f02e4a3279b16d9fcaa1130a84f78;0x828ec6667f82e689ea09e4b9c82313266acf788323930b83614909884af2f240;0x2b7a511b;0x2b7a511bL;0.500000;1503137669;1503137670
1;256;8048;0xd82f7d6c21b9b52441384a00ee53dccee4ab1b6f4313073a60eae337cda367a5;0x256d8df3daa09e0457062930d63618439bac890f142e5356ce812a18dc197e3d;0x3caa1163;0x3caa1163L;0.500000;1503137670;1503137670
1;256;8048;0xd82f7d6c21b9b52441384a00ee53dccee4ab1b6f4313073a60eae337cda367a5;0x256d8df3daa09e0457062930d63618439bac890f142e5356ce812a18dc197e3d;0x3caa1163;0x3caa1163L;0.500000;1503137670;1503137671
1;256;8048;0x8f3eab88d70fce2f26cad4d15cdbbffced6cf5a0154f91608530a97e2a8b03b9;0x016839d2c5addb23481e3a7c20890945638ba448d1a0c506dd316387c86415a6;0x55ef8899;0x55ef8899L;0.500000;1503137671;1503137671
1;256;8048;0x8f3eab88d70fce2f26cad4d15cdbbffced6cf5a0154f91608530a97e2a8b03b9;0x016839d2c5addb23481e3a7c20890945638ba448d1a0c506dd316387c86415a6;0x55ef8899;0x55ef8899L;0.500000;1503137671;1503137672
1;256;8048;0xda3592ca565aa62c5d6c553b2d5a97688374aa1486f493724cad5b17e75b9ec2;0x97102c1d455c542182f74c72fe2b5a7d6ccbe00778600483943da9a115af4b10;0xc95c3995;0xc95c3995L;0.500000;1503137672;1503137672
1;256;8048;0xda3592ca565aa62c5d6c553b2d5a97688374aa1486f493724cad5b17e75b9ec2;0x97102c1d455c542182f74c72fe2b5a7d6ccbe00778600483943da9a115af4b10;0xc95c3995;0xc95c3995L;0.500000;1503137672;1503137673
1;256;8048;0x7a8c4f302563a5e8dc05e49b960618a0bc1aab1c0a5c4889816f99274cf352c6;0xb1f9ae6ead0a7b45092e3daea23140893ea2ae03c874431a3fa6eba445c2adbc;0x2f3b806c;0x2f3b806cL;0.500000;1503137673;1503137673
1;256;8048;0x7a8c4f302563a5e8dc05e49b960618a0bc1aab1c0a5c4889816f99274cf352c6;0xb1f9ae6ead0a7b45092e3daea23140893ea2ae03c874431a3fa6eba445c2adbc;0x2f3b806c;0x2f3b806cL;0.500000;1503137673;1503137673
1;256;8048;0x7a8c4f302563a5e8dc05e49b960618a0bc1aab1c0a5c4889816f99274cf352c6;0xb1f9ae6ead0a7b45092e3daea23140893ea2ae03c874431a3fa6eba445c2adbc;0x2f3b806c;0x2f3b806cL;0.500000;1503137674;1503137674
