1;256;8048;0x0e54237ff47ff8f0d0976ec91bd4ab0bbf919e0b3fe73a628ee7cc9df347c601;0xfe000a2a39b4d6a2e563ef50f346c2474392e83c09ec3cf6efeb9799af92fa46;0xdff8916f;0xdff8916fL;0.500000;1503123909;1503123910
1;256;8048;0x7ef17710fa77618c03cc486509420396ea9b1ed92e1c0dc31d0bf4805b796fda;0xe0a92c670d6ef3b728265b84cafd1f14589c0d596d3448932a7579208d1a79da;0xba69f0bb;0xba69f0bbL;0.500000;1503123910;1503123910
1;256;8048;0x7ef17710fa77618c03cc486509420396ea9b1ed92e1c0dc31d0bf4805b796fda;0xe0a92c670d6ef3b728265b84cafd1f14589c0d596d3448932a7579208d1a79da;0xba69f0bb;0xba69f0bbL;0.500000;1503123910;1503123911
1;256;8048;0xa1682fd3fd1950bd683fe62ed6cf287bf0a393d019f81538b95c292456e242f7;0x72d06c8f48bdb156ea7092b2caa2826314f0413e7d38b692c357b77868bb2c4e;0x2a2ed23e;0x2a2ed23eL;0.500000;1503123911;1503123911
1;256;8048;0xa1682fd3fd1950bd683fe62ed6cf287bf0a393d019f81538b95c292456e242f7;0x72d06c8f48bdb156ea7092b2caa2826314f0413e7d38b692c357b77868bb2c4e;0x2a2ed23e;0x2a2ed23eL;0.500000;1503123911;1503123912
1;256;8048;0xb2d2e3388d55b2b6799fe27f6cfaee6d325a82e2264e1fd552038124143179c6;0xc8586856a8bcb7fe092d14c6da7fdcdc5a6e93c72b3f45d1d911a462080d8bf2;0x28a1f59b;0x28a1f59bL;0.500000;1503123912;1503123912
1;256;8048;0xb2d2e3388d55b2b6799fe27f6cfaee6d325a82e2264e1fd552038124143179c6;0xc8586856a8bcb7fe092d14c6da7fdcdc5a6e93c72b3f45d1d911a462080d8bf2;0x28a1f59b;0x28a1f59bL;0.500000;1503123912;1503123913
1;256;8048;0x3ed5f4a08aa27a7a792f8c2d46bb0b54cb1218f2388e433d718495c35b1b7199;0xe213a8cb70f1c3c9418c1b3ac8dd4a93f2965d94d64d6d4ed0730c4932dcac96;0xf246eb3f;0xf246eb3fL;0.500000;1503123913;1503123913
1;256;8048;0x3ed5f4a08aa27a7a792f8c2d46bb0b54cb1218f2388e433d718495c35b1b7199;0xe213a8cb70f1c3c9418c1b3ac8dd4a93f2965d94d64d6d4ed0730c4932dcac96;0xf246eb3f;0xf246eb3fL;0.500000;1503123913;1503123914
1;256;8048;0x0c9fd718012ac10cac669e5a89bc4972b1b4b3bd954e2d8393070b02a1df66ad;0x87ffde9a7e07b90fcf46fdd0d8df9e267e654a79c73a7e762a67fd390ba80a19;0x2cc89e60;0x2cc89e60L;0.500000;1503123914;1503123914
1;256;8048;0x0c9fd718012ac10cac669e5a89bc4972b1b4b3bd954e2d8393070b02a1df66ad;0x87ffde9a7e07b90fcf46fdd0d8df9e267e654a79c73a7e762a67fd390ba80a19;0x2cc89e60;0x2cc89e60L;0.500000;1503123914;1503123914
1;256;8048;0x0c9fd718012ac10cac669e5a89bc4972b1b4b3bd954e2d8393070b02a1df66ad;0x87ffde9a7e07b90fcf46fdd0d8df9e267e654a79c73a7e762a67fd390ba80a19;0x2cc89e60;0x2cc89e60L;0.500000;1503123915;1503123915
1;256;8048;0xcd21e341e0ef3329ede573d114a52431d1204ecdf72143b765b42aca13c6e5e1;0x7aff11ccd70aea2b244a46933e10e07244d9f0196c43f8907edbfa47e20bddc0;0xad9df80a;0xad9df80aL;0.500000;1503123915;1503123915
1;256;8048;0xcd21e341e0ef3329ede573d114a52431d1204ecdf72143b765b42aca13c6e5e1;0x7aff11ccd70aea2b244a46933e10e07244d9f0196c43f8907edbfa47e20bddc0;0xad9df80a;0xad9df80aL;0.500000;1503123915;1503123916
0;256;8048;0x3c6acbd7ad9d482905e1294aca1a58121ebb373addfcbbc3bee08a4ee6c2a622;0xac0cdeaf64b1d9363b646db289f9cfdec0e723b65b9012e15f327ca84fb23864;0xd01721ae;0x5a10f18cL;0.500000;1503123916;1503123916
0;256;8048;0x3c6acbd7ad9d482905e1294aca1a58121ebb373addfcbbc3bee08a4ee6c2a622;0xac0cdeaf64b1d9363b646db289f9cfdec0e723b65b9012e15f327ca84fb23864;0xd01721ae;0x5a10f18cL;0.500000;1503123916;1503123917
1;256;8048;0x788ab99973cd12846d959906a05ab55bcf747eb200256d581aeac921c752eb3f;0x174d19747f0a2a191d08896d211493f713104918fe5765368501848d800f4273;0x2415e6c4;0x2415e6c4L;0.500000;1503123917;1503123917
1;256;8048;0x788ab99973cd12846d959906a05ab55bcf747eb200256d581aeac921c752eb3f;0x174d19747f0a2a191d08896d211493f713104918fe5765368501848d800f4273;0x2415e6c4;0x2415e6c4L;0.500000;1503123917;1503123918
1;256;8048;0x4602bc3702324dbd2539d6183df718395ff9d7906ac15a2a5f735b6115b6285c;0x57b03a92f9be46e9437e3b9cedbde92bbfdd57c50c002a2fecccfe6cc8177939;0x5785bf28;0x5785bf28L;0.500000;1503123918;1503123918
1;256;8048;0x4602bc3702324dbd2539d6183df718395ff9d7906ac15a2a5f735b6115b6285c;0x57b03a92f9be46e9437e3b9cedbde92bbfdd57c50c002a2fecccfe6cc8177939;0x5785bf28;0x5785bf28L;0.500000;1503123918;1503123918
