0;256;8048;0x7b35b32af835da87595176c8eadf40e4350fa973a62a5105e155fdf337c240b2;0x94d4bf376c1df9fadeaa1db2de6d56771c599cc7b0eadaadb8852ddee9748e80;0x85280683;0x63955cfaL;0.500000;1503100184;1503100184
0;256;8048;0x7b35b32af835da87595176c8eadf40e4350fa973a62a5105e155fdf337c240b2;0x94d4bf376c1df9fadeaa1db2de6d56771c599cc7b0eadaadb8852ddee9748e80;0x85280683;0x63955cfaL;0.500000;1503100184;1503100185
1;256;8048;0x8e9720cbab1965fad78f2bb86912e2e26cccad5d762983de322cf7a3e493e272;0x92cf73bc9ba5acafba043f23d7a422363beea8ffdc778a1989aa0a3580bb4c4e;0x7008beea;0x7008beeaL;0.500000;1503100185;1503100185
1;256;8048;0x8e9720cbab1965fad78f2bb86912e2e26cccad5d762983de322cf7a3e493e272;0x92cf73bc9ba5acafba043f23d7a422363beea8ffdc778a1989aa0a3580bb4c4e;0x7008beea;0x7008beeaL;0.500000;1503100185;1503100186
1;256;8048;0x43a91bb2c08038d70c1092fcf6de2e77e6a4ea8f3d5ff0c738aa4ff25ddd46a1;0xe7eb6bce4f7b9e1ddbb780fca0bbd4c73d533f1e72e26fa2fe2deafa9b16f080;0x02bd797f;0x2bd797fL;0.500000;1503100186;1503100186
1;256;8048;0x43a91bb2c08038d70c1092fcf6de2e77e6a4ea8f3d5ff0c738aa4ff25ddd46a1;0xe7eb6bce4f7b9e1ddbb780fca0bbd4c73d533f1e72e26fa2fe2deafa9b16f080;0x02bd797f;0x2bd797fL;0.500000;1503100186;1503100186
1;256;8048;0x1009a34549a4b9739a5fe0d16ba1069788421ebb70b3309cb464fca1efe4cfff;0x60475337834049a65f2c3c0e190b7a1328c77c133f4a0de27f76612b4e408acc;0xbdb4d419;0xbdb4d419L;0.500000;1503100187;1503100187
1;256;8048;0x1009a34549a4b9739a5fe0d16ba1069788421ebb70b3309cb464fca1efe4cfff;0x60475337834049a65f2c3c0e190b7a1328c77c133f4a0de27f76612b4e408acc;0xbdb4d419;0xbdb4d419L;0.500000;1503100187;1503100187
1;256;8048;0x1009a34549a4b9739a5fe0d16ba1069788421ebb70b3309cb464fca1efe4cfff;0x60475337834049a65f2c3c0e190b7a1328c77c133f4a0de27f76612b4e408acc;0xbdb4d419;0xbdb4d419L;0.500000;1503100188;1503100188
1;256;8048;0xa15dc0473b88e656433003d4311dc06078ffacec3e1303e201e22939f5197096;0x98504312e059aaedaa9e74e3cbb5f63001c48f087db0df7d2593272786722684;0x11d0b3f8;0x11d0b3f8L;0.500000;1503100188;1503100188
1;256;8048;0xa15dc0473b88e656433003d4311dc06078ffacec3e1303e201e22939f5197096;0x98504312e059aaedaa9e74e3cbb5f63001c48f087db0df7d2593272786722684;0x11d0b3f8;0x11d0b3f8L;0.500000;1503100188;1503100189
1;256;8048;0x8a013671be78c5432db3444c0548af0162ea2e184d1dd0947b3e8b502a05c7b4;0x13e4e497e6a0442f3889824bb3bb6d86593f63f46c500a531b2935292016fec5;0xdd0f6505;0xdd0f6505L;0.500000;1503100189;1503100189
1;256;8048;0x8a013671be78c5432db3444c0548af0162ea2e184d1dd0947b3e8b502a05c7b4;0x13e4e497e6a0442f3889824bb3bb6d86593f63f46c500a531b2935292016fec5;0xdd0f6505;0xdd0f6505L;0.500000;1503100189;1503100190
1;256;8048;0x5e171f59d324fe0083d2e6e193fb199e3a6711498979c27b49e0fd0c3f14af9e;0x09d5f46d86181505f9544da699e1706365d98668ecc6a720a64030a5f7b83363;0xa15c02bb;0xa15c02bbL;0.500000;1503100190;1503100190
1;256;8048;0x5e171f59d324fe0083d2e6e193fb199e3a6711498979c27b49e0fd0c3f14af9e;0x09d5f46d86181505f9544da699e1706365d98668ecc6a720a64030a5f7b83363;0xa15c02bb;0xa15c02bbL;0.500000;1503100190;1503100191
1;256;8048;0x6b6a9ca542e22850c865420762686924eb4225266c3a6e57470f9fad719427dc;0xc8f8c067e89368657a6e071b0a16ba4c24a3bff7cc563e56df83b65126cc27b4;0xbc0276bc;0xbc0276bcL;0.500000;1503100191;1503100191
1;256;8048;0x6b6a9ca542e22850c865420762686924eb4225266c3a6e57470f9fad719427dc;0xc8f8c067e89368657a6e071b0a16ba4c24a3bff7cc563e56df83b65126cc27b4;0xbc0276bc;0xbc0276bcL;0.500000;1503100191;1503100191
1;256;8048;0x6b6a9ca542e22850c865420762686924eb4225266c3a6e57470f9fad719427dc;0xc8f8c067e89368657a6e071b0a16ba4c24a3bff7cc563e56df83b65126cc27b4;0xbc0276bc;0xbc0276bcL;0.500000;1503100192;1503100192
1;256;8048;0x3d6466695e3b524e0d9138b363de2c6ef7544428ebe24496f567663acd7e4e0a;0x0d413cec52154f8175015321007113b12c516a7ba41341b1f1d3dddde6a8917d;0xaa2888dc;0xaa2888dcL;0.500000;1503100192;1503100192
1;256;8048;0x3d6466695e3b524e0d9138b363de2c6ef7544428ebe24496f567663acd7e4e0a;0x0d413cec52154f8175015321007113b12c516a7ba41341b1f1d3dddde6a8917d;0xaa2888dc;0xaa2888dcL;0.500000;1503100192;1503100193
