0;256;8048;0xa46750610fcda1df7b536a740069255cca7d5bbf5f625f517ac45b8ecf22d873;0xa882594cecef55d61ba75b0bace6e91f0ead9961650b75db611fe11243d84b70;0xea55bfac;0x973ca8cbL;0.500000;1503108085;1503108086
1;256;8048;0x5035083cb815147d2f07f816c33dc1bb1d2ea1c6f45dcd693b236552cca83c1d;0x1059dd6354bf4b4b27ed748bd8134252cb7187943d775a4a8f59e580f3f82ac4;0x5d731ea7;0x5d731ea7L;0.500000;1503108086;1503108086
1;256;8048;0x5035083cb815147d2f07f816c33dc1bb1d2ea1c6f45dcd693b236552cca83c1d;0x1059dd6354bf4b4b27ed748bd8134252cb7187943d775a4a8f59e580f3f82ac4;0x5d731ea7;0x5d731ea7L;0.500000;1503108086;1503108087
1;256;8048;0xd084cff80d2ca9176880c99caf70c6e67db64280d88b075d3deeea0aab151a7b;0x4afdd868be1f5930f949977d999c6d8e15b94ac3142ea4a6481c833efe34b9bf;0x257c9e9d;0x257c9e9dL;0.500000;1503108087;1503108087
1;256;8048;0xd084cff80d2ca9176880c99caf70c6e67db64280d88b075d3deeea0aab151a7b;0x4afdd868be1f5930f949977d999c6d8e15b94ac3142ea4a6481c833efe34b9bf;0x257c9e9d;0x257c9e9dL;0.500000;1503108087;1503108088
0;256;8048;0xdf4446627078196d7dac824a16e8a7c28f2ea99d16e019cec3690a08f1fb8dd1;0xb733a04d1819ffe88712e403e5eea05a8d09d98b8e9561243e2e2a6a8eda70f8;0x2b35478b;0x1123e7e5L;0.500000;1503108088;1503108088
0;256;8048;0xdf4446627078196d7dac824a16e8a7c28f2ea99d16e019cec3690a08f1fb8dd1;0xb733a04d1819ffe88712e403e5eea05a8d09d98b8e9561243e2e2a6a8eda70f8;0x2b35478b;0x1123e7e5L;0.500000;1503108088;1503108088
0;256;8048;0xdf4446627078196d7dac824a16e8a7c28f2ea99d16e019cec3690a08f1fb8dd1;0xb733a04d1819ffe88712e403e5eea05a8d09d98b8e9561243e2e2a6a8eda70f8;0x2b35478b;0x1123e7e5L;0.500000;1503108089;1503108089
1;256;8048;0x1d70d69ff770f3913bc72407ddf4ed14d71fddd58ba90ea83e61b6eb54ea9b72;0x283e8b82f9770a8dce218e04ce50543f0cddc77515a3c3b735a06bb3410bc6c8;0x0da9383a;0xda9383aL;0.500000;1503108089;1503108089
1;256;8048;0x1d70d69ff770f3913bc72407ddf4ed14d71fddd58ba90ea83e61b6eb54ea9b72;0x283e8b82f9770a8dce218e04ce50543f0cddc77515a3c3b735a06bb3410bc6c8;0x0da9383a;0xda9383aL;0.500000;1503108089;1503108090
1;256;8048;0xc30ac948354ca722b04215bb299e39e60a7324da1f217ca267c3b0852c3369f0;0xcfdc7fcfb6611572c08d5d6c8e9f6d89918ab293f39dab4a324958ebd5fa8008;0xa5bbec5e;0xa5bbec5eL;0.500000;1503108090;1503108090
1;256;8048;0xc30ac948354ca722b04215bb299e39e60a7324da1f217ca267c3b0852c3369f0;0xcfdc7fcfb6611572c08d5d6c8e9f6d89918ab293f39dab4a324958ebd5fa8008;0xa5bbec5e;0xa5bbec5eL;0.500000;1503108090;1503108091
1;256;8048;0xca6a50591ab210c995aa4740e36f967dac2e9cee3f5daf38d0935a9ec687d790;0xa20acc6b2e96a19cfd07f32af0ba6202ee5b17c3dc80eea102fb2e89d6be54c7;0xc037f9b2;0xc037f9b2L;0.500000;1503108091;1503108091
1;256;8048;0xca6a50591ab210c995aa4740e36f967dac2e9cee3f5daf38d0935a9ec687d790;0xa20acc6b2e96a19cfd07f32af0ba6202ee5b17c3dc80eea102fb2e89d6be54c7;0xc037f9b2;0xc037f9b2L;0.500000;1503108091;1503108091
1;256;8048;0xca6a50591ab210c995aa4740e36f967dac2e9cee3f5daf38d0935a9ec687d790;0xa20acc6b2e96a19cfd07f32af0ba6202ee5b17c3dc80eea102fb2e89d6be54c7;0xc037f9b2;0xc037f9b2L;0.500000;1503108092;1503108092
1;256;8048;0x5bc29165f63af94f602dbf0eccca0f5aaa86ca8307f999ade70424738e79dee9;0xa3fcc738a32483384708590fc4b9ec469d81d1768edc6aeed82ca1ddf6626178;0x39e5fe30;0x39e5fe30L;0.500000;1503108092;1503108092
1;256;8048;0x5bc29165f63af94f602dbf0eccca0f5aaa86ca8307f999ade70424738e79dee9;0xa3fcc738a32483384708590fc4b9ec469d81d1768edc6aeed82ca1ddf6626178;0x39e5fe30;0x39e5fe30L;0.500000;1503108092;1503108093
1;256;8048;0xd1bffbb481dc1b6558e6cfb9c663a0ad25d558e67c0edb5e0c8f730d76dc0a47;0xe83b1b502650ef803e5737199ac503cda45b4c019d03b0ed769eb8ba7dbd948d;0x41d35b6b;0x41d35b6bL;0.500000;1503108093;1503108093
1;256;8048;0xd1bffbb481dc1b6558e6cfb9c663a0ad25d558e67c0edb5e0c8f730d76dc0a47;0xe83b1b502650ef803e5737199ac503cda45b4c019d03b0ed769eb8ba7dbd948d;0x41d35b6b;0x41d35b6bL;0.500000;1503108093;1503108094
1;256;8048;0x7a94f000e113e92b36d56aee2319510c737cd5db18a076a9219c5584e2c19a5c;0x7617fc83482ff9968f7c28446303950a3abd8916b45f00c85a42b6af85938fd9;0x5d6620a2;0x5d6620a2L;0.500000;1503108094;1503108094
