1;256;8048;0x596b4598a4c666ab3dfe5dab0ffbd70b4c2ef09996170201cbbfddc0cabae223;0xd83785ec32c60fd7d1e8869fc1545ea50f93e959df32643eb7b30218a8e5141d;0x318cb72c;0x318cb72cL;0.500000;1503107446;1503107446
1;256;8048;0x596b4598a4c666ab3dfe5dab0ffbd70b4c2ef09996170201cbbfddc0cabae223;0xd83785ec32c60fd7d1e8869fc1545ea50f93e959df32643eb7b30218a8e5141d;0x318cb72c;0x318cb72cL;0.500000;1503107446;1503107447
1;256;8048;0x02e893335a4b3ee269859ff7519f01e865c8065b9e2c6bd92b9dc62d1fc21e22;0xdd16c74c46d4af78ff43869a314537cc82b8ac5fbf5e3c4e032a117814424668;0x83934dd3;0x83934dd3L;0.500000;1503107447;1503107447
1;256;8048;0x02e893335a4b3ee269859ff7519f01e865c8065b9e2c6bd92b9dc62d1fc21e22;0xdd16c74c46d4af78ff43869a314537cc82b8ac5fbf5e3c4e032a117814424668;0x83934dd3;0x83934dd3L;0.500000;1503107447;1503107448
1;256;8048;0xcaca4c060e74064592bc4a091bb62956a557ffeaf1f6378e744515ac7f4a2d49;0x1fc46b22956a499497cc0eb48b3bdd2ecd91c909c21c27b325695a012b264874;0x1d13fd08;0x1d13fd08L;0.500000;1503107448;1503107448
1;256;8048;0xcaca4c060e74064592bc4a091bb62956a557ffeaf1f6378e744515ac7f4a2d49;0x1fc46b22956a499497cc0eb48b3bdd2ecd91c909c21c27b325695a012b264874;0x1d13fd08;0x1d13fd08L;0.500000;1503107448;1503107448
1;256;8048;0xcaca4c060e74064592bc4a091bb62956a557ffeaf1f6378e744515ac7f4a2d49;0x1fc46b22956a499497cc0eb48b3bdd2ecd91c909c21c27b325695a012b264874;0x1d13fd08;0x1d13fd08L;0.500000;1503107449;1503107449
1;256;8048;0x52ddedc55e5c2ab0998f3e15414a33a5b7394ae1d69efb9769659c58e10aa634;0x891ad144dc67ec6e255afc5250465342a14d9d67cec80aa1cdd0b2e749172ba4;0xed3931f3;0xed3931f3L;0.500000;1503107449;1503107449
1;256;8048;0x52ddedc55e5c2ab0998f3e15414a33a5b7394ae1d69efb9769659c58e10aa634;0x891ad144dc67ec6e255afc5250465342a14d9d67cec80aa1cdd0b2e749172ba4;0xed3931f3;0xed3931f3L;0.500000;1503107450;1503107450
1;256;8048;0x5f4573b717f20c720df434b08d526370c8e3aac10e0b2ab5c380e732016b4460;0xb3a8ca21e65d13612a2b314fdfc1ca07209f5598e34f80963384b56707698b2b;0x192ffe66;0x192ffe66L;0.500000;1503107450;1503107450
1;256;8048;0x5f4573b717f20c720df434b08d526370c8e3aac10e0b2ab5c380e732016b4460;0xb3a8ca21e65d13612a2b314fdfc1ca07209f5598e34f80963384b56707698b2b;0x192ffe66;0x192ffe66L;0.500000;1503107450;1503107451
0;256;8048;0x5396fea45ff0cab8fdbab460670c6704f30b4c2bf995765865a6fc39d2d37f25;0xe0ae68d54778d02a92f5e7e0994528e84461d8e46b6e45980fb7b55c6fb5d12c;0xbbabdfd6;0x54f108beL;0.500000;1503107451;1503107451
0;256;8048;0x5396fea45ff0cab8fdbab460670c6704f30b4c2bf995765865a6fc39d2d37f25;0xe0ae68d54778d02a92f5e7e0994528e84461d8e46b6e45980fb7b55c6fb5d12c;0xbbabdfd6;0x54f108beL;0.500000;1503107451;1503107452
1;256;8048;0x975984ac63baef55e56a012b1d8ab1356b4e41a7cda9af862d5690ea269a16be;0x03d9942006a62674ceb573b73bd49b9ca2c2ea11be93c49b70b7ee772a302d00;0xc53c7c33;0xc53c7c33L;0.500000;1503107452;1503107452
1;256;8048;0x975984ac63baef55e56a012b1d8ab1356b4e41a7cda9af862d5690ea269a16be;0x03d9942006a62674ceb573b73bd49b9ca2c2ea11be93c49b70b7ee772a302d00;0xc53c7c33;0xc53c7c33L;0.500000;1503107452;1503107452
1;256;8048;0x975984ac63baef55e56a012b1d8ab1356b4e41a7cda9af862d5690ea269a16be;0x03d9942006a62674ceb573b73bd49b9ca2c2ea11be93c49b70b7ee772a302d00;0xc53c7c33;0xc53c7c33L;0.500000;1503107453;1503107453
1;256;8048;0x1ac70207c2db231ca3d17ced483e12836587590cdea0bd661f6feff3a555f2bf;0x05c85e7ec244501d5288cc4836a827ba6bb2fbe2f7367e992945f9febbf3d9b4;0x8e93d06d;0x8e93d06dL;0.500000;1503107453;1503107453
1;256;8048;0x1ac70207c2db231ca3d17ced483e12836587590cdea0bd661f6feff3a555f2bf;0x05c85e7ec244501d5288cc4836a827ba6bb2fbe2f7367e992945f9febbf3d9b4;0x8e93d06d;0x8e93d06dL;0.500000;1503107453;1503107454
1;256;8048;0xc31da97fee3ec0b75ee165f7f9d0c522e1f0c2145fbf08ea0decb6fd35dad7f9;0x7524e3627bc2939bb75fa90efd2a301d795edfd2ddc6ff7b354d3a50f52fd8b1;0xb1c7c133;0xb1c7c133L;0.500000;1503107454;1503107454
1;256;8048;0xc31da97fee3ec0b75ee165f7f9d0c522e1f0c2145fbf08ea0decb6fd35dad7f9;0x7524e3627bc2939bb75fa90efd2a301d795edfd2ddc6ff7b354d3a50f52fd8b1;0xb1c7c133;0xb1c7c133L;0.500000;1503107454;1503107455
