1;256;8048;0x09345d58c6ad3d238857d5d6cdf78cdceacd629885658cdd974af8915996fe63;0x99a8071ae83eac8de90a8614a6ad1ca5172b052c9f709ad15d4b473f86c4d240;0xa90c236a;0xa90c236aL;0.500000;1503073214;1503073214
1;256;8048;0x09345d58c6ad3d238857d5d6cdf78cdceacd629885658cdd974af8915996fe63;0x99a8071ae83eac8de90a8614a6ad1ca5172b052c9f709ad15d4b473f86c4d240;0xa90c236a;0xa90c236aL;0.500000;1503073214;1503073215
1;256;8048;0x03d637e5a7a62854bfb723a4f9c2fb8b1f1df22fe0056bf7388437c0ef813bf2;0xcd92ed9e35d20b790dfb208ad187c20fc268a50c34f58849e5db04346528a23f;0x7469bbf0;0x7469bbf0L;0.500000;1503073215;1503073215
1;256;8048;0x03d637e5a7a62854bfb723a4f9c2fb8b1f1df22fe0056bf7388437c0ef813bf2;0xcd92ed9e35d20b790dfb208ad187c20fc268a50c34f58849e5db04346528a23f;0x7469bbf0;0x7469bbf0L;0.500000;1503073215;1503073215
1;256;8048;0x03d637e5a7a62854bfb723a4f9c2fb8b1f1df22fe0056bf7388437c0ef813bf2;0xcd92ed9e35d20b790dfb208ad187c20fc268a50c34f58849e5db04346528a23f;0x7469bbf0;0x7469bbf0L;0.500000;1503073216;1503073216
0;256;8048;0x901632137a52e9af7411ac66d806eb60ac1dcedbdca0a3dda3c5b0a975222806;0x694893758fa20dc9ec8569dba0783d0eb1fd65dd07a5a5c703cf27cbff9cef4e;0x79916b90;0x1a09a89eL;0.500000;1503073216;1503073216
0;256;8048;0x901632137a52e9af7411ac66d806eb60ac1dcedbdca0a3dda3c5b0a975222806;0x694893758fa20dc9ec8569dba0783d0eb1fd65dd07a5a5c703cf27cbff9cef4e;0x79916b90;0x1a09a89eL;0.500000;1503073216;1503073217
1;256;8048;0xcfd66fcbba9cf02e9bee84fea430a75fe4cbfd80f6f4e7bde0dca5be95dc7264;0x40464ca930162734488136c32bee9ea2ce81cb25d325f5409d0ddf02d9a4c657;0xa2a310e3;0xa2a310e3L;0.500000;1503073217;1503073217
1;256;8048;0xcfd66fcbba9cf02e9bee84fea430a75fe4cbfd80f6f4e7bde0dca5be95dc7264;0x40464ca930162734488136c32bee9ea2ce81cb25d325f5409d0ddf02d9a4c657;0xa2a310e3;0xa2a310e3L;0.500000;1503073217;1503073218
0;256;8048;0xeda1ada5737739e32764e072be625537fdfe4b45a415cb7586bdc474d6917fc3;0xbe6032258d772a8c4b1d20fa3f5daa1cf4ea96f5775139b923eef95520ec2fda;0x56e12716;0x963ed132L;0.500000;1503073218;1503073218
0;256;8048;0xeda1ada5737739e32764e072be625537fdfe4b45a415cb7586bdc474d6917fc3;0xbe6032258d772a8c4b1d20fa3f5daa1cf4ea96f5775139b923eef95520ec2fda;0x56e12716;0x963ed132L;0.500000;1503073218;1503073219
1;256;8048;0xf26f85a41b58248b101cd08b5a542d70a8553e40ce5e1e5bf3c509c8f6ca53e8;0x62ff43c7e745aaa33872c8e09ffc2a345f9c8a0404477e9a7e0a74ef80bb6e18;0x86fca031;0x86fca031L;0.500000;1503073219;1503073219
1;256;8048;0xf26f85a41b58248b101cd08b5a542d70a8553e40ce5e1e5bf3c509c8f6ca53e8;0x62ff43c7e745aaa33872c8e09ffc2a345f9c8a0404477e9a7e0a74ef80bb6e18;0x86fca031;0x86fca031L;0.500000;1503073219;1503073220
1;256;8048;0x30e373c143d56377968f6d819a44a22731a35f1005a1342b2aa995ce52988d82;0x6595a6686853ebca548fd7ca506345d1324cb0d1b1c57447f6d65134f525496a;0xa53cfe33;0xa53cfe33L;0.500000;1503073220;1503073220
1;256;8048;0x30e373c143d56377968f6d819a44a22731a35f1005a1342b2aa995ce52988d82;0x6595a6686853ebca548fd7ca506345d1324cb0d1b1c57447f6d65134f525496a;0xa53cfe33;0xa53cfe33L;0.500000;1503073220;1503073221
0;256;8048;0x52ce48419fe7cff500ccff9af63e89aaa0b325cf478be7996b2407df16e64f69;0x1b5c967398cf04b3a9dde2351ed2b41518668473073a8c41f986718e3f1e72b9;0xd48c476b;0x758000b3L;0.500000;1503073221;1503073221
0;256;8048;0x52ce48419fe7cff500ccff9af63e89aaa0b325cf478be7996b2407df16e64f69;0x1b5c967398cf04b3a9dde2351ed2b41518668473073a8c41f986718e3f1e72b9;0xd48c476b;0x758000b3L;0.500000;1503073221;1503073222
1;256;8048;0xe063810f1a59928882a886c633668843bf69d45ab6ca1db63cc70f9942574e22;0x3e2784bc6c5344987bc5d26051ac9bb4fa5c0b5316983ae501d37bbcd1157c29;0x32ceb8ff;0x32ceb8ffL;0.500000;1503073222;1503073222
1;256;8048;0xe063810f1a59928882a886c633668843bf69d45ab6ca1db63cc70f9942574e22;0x3e2784bc6c5344987bc5d26051ac9bb4fa5c0b5316983ae501d37bbcd1157c29;0x32ceb8ff;0x32ceb8ffL;0.500000;1503073222;1503073223
0;256;8048;0x2cd69137902bdc6f71d774209968cd3b06834f30a4d929975275d6d39396cac0;0xded8da166636161de38d0394da2d0b04e8711dbd58fd6e818da39c644eac22b0;0x57bbf3aa;0x42c0a0f6L;0.500000;1503073223;1503073223
