1;256;8048;0x686487196ceca15988f73a8933e50cd2f4a492c2528cbad9ec897c71ac3b9614;0x59ece2a5d032ad7c975dcf23786976c9e9cdb349e4118d585c09bbbf51441a43;0x30137f68;0x30137f68L;0.500000;1503095551;1503095552
1;256;8048;0x0de4144e96fef1e618a5d99bd7ca65f9881d8e29969b7c608f0603a90f17b81c;0xe17248e3c47492b7ec8ae4bfef6d61feaec66682e08cfa55adb94ed23190994a;0xcfb5b333;0xcfb5b333L;0.500000;1503095552;1503095552
1;256;8048;0x0de4144e96fef1e618a5d99bd7ca65f9881d8e29969b7c608f0603a90f17b81c;0xe17248e3c47492b7ec8ae4bfef6d61feaec66682e08cfa55adb94ed23190994a;0xcfb5b333;0xcfb5b333L;0.500000;1503095552;1503095553
1;256;8048;0x956ecedab9871eb1d503d40108a8dbf929d72f172edd62f17442aa2757198bec;0x450ea60ce8af5e42191298fa35ed1a33855fbf50daf4c4ec912b8153af704027;0x8a49714a;0x8a49714aL;0.500000;1503095553;1503095553
1;256;8048;0x956ecedab9871eb1d503d40108a8dbf929d72f172edd62f17442aa2757198bec;0x450ea60ce8af5e42191298fa35ed1a33855fbf50daf4c4ec912b8153af704027;0x8a49714a;0x8a49714aL;0.500000;1503095553;1503095553
1;256;8048;0x956ecedab9871eb1d503d40108a8dbf929d72f172edd62f17442aa2757198bec;0x450ea60ce8af5e42191298fa35ed1a33855fbf50daf4c4ec912b8153af704027;0x8a49714a;0x8a49714aL;0.500000;1503095554;1503095554
0;256;8048;0xe9535ded0cfbb05adbd565b07b359d0da4a672173b66d07058ac46b9a63c358f;0xbba61f07498c97461c9f039c73ccd32aba9ce2b69a2e9629b8991feed573cadf;0x7458152a;0xe824e854L;0.500000;1503095554;1503095554
0;256;8048;0xe9535ded0cfbb05adbd565b07b359d0da4a672173b66d07058ac46b9a63c358f;0xbba61f07498c97461c9f039c73ccd32aba9ce2b69a2e9629b8991feed573cadf;0x7458152a;0xe824e854L;0.500000;1503095554;1503095555
1;256;8048;0xf15e410608c92b3047667cf2fff2e586f82fbbf48afe3064f39d1ec12d00fb1e;0xa5d0980154cdf04316e3f04cd630dab798a3197bcbf251f87646dd5f1b1d222f;0xdd2b4d0d;0xdd2b4d0dL;0.500000;1503095555;1503095555
1;256;8048;0xf15e410608c92b3047667cf2fff2e586f82fbbf48afe3064f39d1ec12d00fb1e;0xa5d0980154cdf04316e3f04cd630dab798a3197bcbf251f87646dd5f1b1d222f;0xdd2b4d0d;0xdd2b4d0dL;0.500000;1503095555;1503095556
1;256;8048;0x41b9f3c95171b54d771a232ee49dde0a4ae057c55d8f05b6f77d9acc927ee6d3;0xbe7a8b172cbd147181f1caf69ad307bd260f2381f1fd3d8a717f76b76f00b1ad;0x963594f4;0x963594f4L;0.500000;1503095556;1503095556
1;256;8048;0x41b9f3c95171b54d771a232ee49dde0a4ae057c55d8f05b6f77d9acc927ee6d3;0xbe7a8b172cbd147181f1caf69ad307bd260f2381f1fd3d8a717f76b76f00b1ad;0x963594f4;0x963594f4L;0.500000;1503095556;1503095556
1;256;8048;0x41b9f3c95171b54d771a232ee49dde0a4ae057c55d8f05b6f77d9acc927ee6d3;0xbe7a8b172cbd147181f1caf69ad307bd260f2381f1fd3d8a717f76b76f00b1ad;0x963594f4;0x963594f4L;0.500000;1503095557;1503095557
1;256;8048;0x8d27c52f3e329f0362d280874016ded9e26ef87da6084044700d5a2ea0e4652d;0x722c67531ab7059acb983a52b141afb5d6c83f2742cb0d90f261636870e656db;0x36183dcb;0x36183dcbL;0.500000;1503095557;1503095557
1;256;8048;0x8d27c52f3e329f0362d280874016ded9e26ef87da6084044700d5a2ea0e4652d;0x722c67531ab7059acb983a52b141afb5d6c83f2742cb0d90f261636870e656db;0x36183dcb;0x36183dcbL;0.500000;1503095557;1503095558
0;256;8048;0x76569a8adc01aeefa0e6dc533e47bed08d390f131d3ab0f260dfc5d1ec8a1362;0x96c0b42a71705a2a8912ef96213fe2faf45c48a5e87b73f9af39ea4f201f5287;0xfb6f0d5b;0x92f43cd9L;0.500000;1503095558;1503095558
0;256;8048;0x76569a8adc01aeefa0e6dc533e47bed08d390f131d3ab0f260dfc5d1ec8a1362;0x96c0b42a71705a2a8912ef96213fe2faf45c48a5e87b73f9af39ea4f201f5287;0xfb6f0d5b;0x92f43cd9L;0.500000;1503095558;1503095559
1;256;8048;0xd6aa6170eb74dc0ed73270cd9fb83a85219a9003fc8c8d4c91fb36d8e671b3bd;0x9d63984c0e678c24b529b977cb873ec7122e6f2e42f0fc9046908d3c3fe34975;0x13dbd095;0x13dbd095L;0.500000;1503095559;1503095559
1;256;8048;0xd6aa6170eb74dc0ed73270cd9fb83a85219a9003fc8c8d4c91fb36d8e671b3bd;0x9d63984c0e678c24b529b977cb873ec7122e6f2e42f0fc9046908d3c3fe34975;0x13dbd095;0x13dbd095L;0.500000;1503095559;1503095559
1;256;8048;0xd6aa6170eb74dc0ed73270cd9fb83a85219a9003fc8c8d4c91fb36d8e671b3bd;0x9d63984c0e678c24b529b977cb873ec7122e6f2e42f0fc9046908d3c3fe34975;0x13dbd095;0x13dbd095L;0.500000;1503095560;1503095560
