0;256;8048;0xfacd64f71accb4c867934edd6a8c05dbf3bdc287c084289617373db5ab04c7a6;0xfc97c22ace22947eda3c0bb59704f10efc5ac2274761aa6247de21a9e6dadd07;0x6799a3f7;0x374ae5fbL;0.500000;1503115335;1503115336
1;256;8048;0x233c6a74e740afc9e409939f3f2ac4842189281f8f6e6ff8bf4d804ea1bc24c5;0xf46a7de191c7003f35ea7d5ec65690347caff88a8fc75b8394310e07edf518b9;0x2c5815fb;0x2c5815fbL;0.500000;1503115336;1503115336
1;256;8048;0x233c6a74e740afc9e409939f3f2ac4842189281f8f6e6ff8bf4d804ea1bc24c5;0xf46a7de191c7003f35ea7d5ec65690347caff88a8fc75b8394310e07edf518b9;0x2c5815fb;0x2c5815fbL;0.500000;1503115336;1503115337
1;256;8048;0x342c6b7c35d2a91287f44df7a5bdd5496bf091dc7bf9ab9b8a540dfad551950a;0x5e5d7396714a497746ae6248a9438df021b375b75ad76b30b784fd72ea98483b;0x7792816b;0x7792816bL;0.500000;1503115337;1503115337
1;256;8048;0x342c6b7c35d2a91287f44df7a5bdd5496bf091dc7bf9ab9b8a540dfad551950a;0x5e5d7396714a497746ae6248a9438df021b375b75ad76b30b784fd72ea98483b;0x7792816b;0x7792816bL;0.500000;1503115337;1503115337
1;256;8048;0x342c6b7c35d2a91287f44df7a5bdd5496bf091dc7bf9ab9b8a540dfad551950a;0x5e5d7396714a497746ae6248a9438df021b375b75ad76b30b784fd72ea98483b;0x7792816b;0x7792816bL;0.500000;1503115337;1503115338
1;256;8048;0x573482ff6ecc327d6bf0d5c3e92247377121e9784883dada32e3b080c5b9b91c;0x1d84bf428fd0ae4c1081c4fc3df216e2b05a1fce58eb9c08364ac0cb8460d455;0xcb4e645a;0xcb4e645aL;0.500000;1503115338;1503115338
1;256;8048;0x573482ff6ecc327d6bf0d5c3e92247377121e9784883dada32e3b080c5b9b91c;0x1d84bf428fd0ae4c1081c4fc3df216e2b05a1fce58eb9c08364ac0cb8460d455;0xcb4e645a;0xcb4e645aL;0.500000;1503115338;1503115339
1;256;8048;0xc324e3d0463275e9f0897dc11397eaa4f3b40dd65de2c0df48a92da152462115;0x925f9c81402adbbc2112ef162f43d9d8d76160327333e94af8e88f1a74c4d41c;0xb0b06385;0xb0b06385L;0.500000;1503115339;1503115339
1;256;8048;0xc324e3d0463275e9f0897dc11397eaa4f3b40dd65de2c0df48a92da152462115;0x925f9c81402adbbc2112ef162f43d9d8d76160327333e94af8e88f1a74c4d41c;0xb0b06385;0xb0b06385L;0.500000;1503115339;1503115339
1;256;8048;0xc324e3d0463275e9f0897dc11397eaa4f3b40dd65de2c0df48a92da152462115;0x925f9c81402adbbc2112ef162f43d9d8d76160327333e94af8e88f1a74c4d41c;0xb0b06385;0xb0b06385L;0.500000;1503115340;1503115340
1;256;8048;0x391ad9ab03705b755790e25dab8c01dd1ca61198b2f6ff3ca0b17c2ad7c15510;0xea152bc4fecc878ef114351131294792d61837321ea020a14a65cc968fa1287e;0x11aa7b6b;0x11aa7b6bL;0.500000;1503115340;1503115340
1;256;8048;0x391ad9ab03705b755790e25dab8c01dd1ca61198b2f6ff3ca0b17c2ad7c15510;0xea152bc4fecc878ef114351131294792d61837321ea020a14a65cc968fa1287e;0x11aa7b6b;0x11aa7b6bL;0.500000;1503115340;1503115341
0;256;8048;0x59de9e9316e33b8df118968fb39d5f2f4327c98537c1459a72e36061a7c1e300;0x33b7d18cd71bd5adea2a1b3db43a5d6f3883a8e0b5c0d99b5cb705e64b8b0907;0xdffb34ef;0x9435925eL;0.500000;1503115341;1503115341
0;256;8048;0x59de9e9316e33b8df118968fb39d5f2f4327c98537c1459a72e36061a7c1e300;0x33b7d18cd71bd5adea2a1b3db43a5d6f3883a8e0b5c0d99b5cb705e64b8b0907;0xdffb34ef;0x9435925eL;0.500000;1503115341;1503115342
1;256;8048;0xfbf7e77d4664acb9bb879f2f2f8ba65e1506f842a2e37657d8e8c8dc34b8f52f;0xcd4ab1690638f04c4859b0d78cc7177070c24f773d6fa5f5ad2e5626e0ab24a5;0x32ae147e;0x32ae147eL;0.500000;1503115342;1503115342
1;256;8048;0xfbf7e77d4664acb9bb879f2f2f8ba65e1506f842a2e37657d8e8c8dc34b8f52f;0xcd4ab1690638f04c4859b0d78cc7177070c24f773d6fa5f5ad2e5626e0ab24a5;0x32ae147e;0x32ae147eL;0.500000;1503115342;1503115343
1;256;8048;0xd57de2d02afba1c1e64cb3e73c85695a711e9e0b87eb53152e581385eddc8ac2;0xf2be65e15926c180a015fba39725ddc9e336dd4e92146e082cb737a17fe6e0ce;0x5a4499ee;0x5a4499eeL;0.500000;1503115343;1503115343
1;256;8048;0xd57de2d02afba1c1e64cb3e73c85695a711e9e0b87eb53152e581385eddc8ac2;0xf2be65e15926c180a015fba39725ddc9e336dd4e92146e082cb737a17fe6e0ce;0x5a4499ee;0x5a4499eeL;0.500000;1503115343;1503115343
1;256;8048;0xcab4b12f8ef3edbac06f6f14e862292984c3261b742dd9653fbea08ff1f183bb;0xf3cc942680a133aa31f9289b188ddec92ed63489d3ea8625e40955e636e77ddc;0x1ac1b95e;0x1ac1b95eL;0.500000;1503115344;1503115344
