1;256;8048;0xff655f935e51c3d3cc2a5a0377b3541860db33bc400ab4eff464de2fea6e1ae9;0x127507ed1cf273e7e5c4fb27a6ca479ad85cba50894bba42b7edfe4f598891a1;0x7324109a;0x7324109aL;0.500000;1503083499;1503083499
1;256;8048;0x10497fb08184ebe2ce7a5da5c20326e4a965be163f7e96e3218b51367b4bac8b;0xe2a49aa42a60d56dda61fdf07647a74cf86ad6a15349ef535f6e255714185b58;0x14a56943;0x14a56943L;0.500000;1503083499;1503083500
0;256;8048;0xd0904bb35bf95ae62fabcbbd3a37ebde3a53c7b91a8683c2e95d20816f42a240;0x2190fa54ce8163b902a5c82b43d220637edd0b98bdc27379738b02879cddd7d2;0x999b6e39;0xdd6d8e9cL;0.500000;1503083500;1503083500
0;256;8048;0xd0904bb35bf95ae62fabcbbd3a37ebde3a53c7b91a8683c2e95d20816f42a240;0x2190fa54ce8163b902a5c82b43d220637edd0b98bdc27379738b02879cddd7d2;0x999b6e39;0xdd6d8e9cL;0.500000;1503083500;1503083501
1;256;8048;0x7024b3195a19115e896618ed592c8e3e680ba5b8004daee2049345baa1271c11;0x48d1091eb8832569b24b97efebda10de566542acb30fcaf40db83daea955085e;0xddeec725;0xddeec725L;0.500000;1503083501;1503083501
1;256;8048;0x7024b3195a19115e896618ed592c8e3e680ba5b8004daee2049345baa1271c11;0x48d1091eb8832569b24b97efebda10de566542acb30fcaf40db83daea955085e;0xddeec725;0xddeec725L;0.500000;1503083501;1503083502
1;256;8048;0x346a88ce1d7025199fb7884bea4400be4d7e336be5209e0b576ec4d895faf9c9;0xad25ddd3c3cc60b1f5094c7cc748c39fb76810db9da3dedb2945b1cbb0ac9dd0;0x51ff9fdd;0x51ff9fddL;0.500000;1503083502;1503083502
1;256;8048;0x346a88ce1d7025199fb7884bea4400be4d7e336be5209e0b576ec4d895faf9c9;0xad25ddd3c3cc60b1f5094c7cc748c39fb76810db9da3dedb2945b1cbb0ac9dd0;0x51ff9fdd;0x51ff9fddL;0.500000;1503083502;1503083503
1;256;8048;0x6a332699d6029af48957737d5754e9039164fb0a6ec8bca0e9e1ae258d5451f7;0x25466ec63dc36f912bb08a15565e2f6fc2229c1ccb7b39001d7a2977b907801f;0xbceaa95c;0xbceaa95cL;0.500000;1503083503;1503083504
1;256;8048;0x81b491fbb2d072fe4c9fdab9e03ae618627975d8d61a4920fcb8a412703897f1;0xec3ff4fee78f95d540064997fe18d2582d9014c5b578d75a428ffeb4764e3f7f;0x6411fe4e;0x6411fe4eL;0.500000;1503083504;1503083504
1;256;8048;0x81b491fbb2d072fe4c9fdab9e03ae618627975d8d61a4920fcb8a412703897f1;0xec3ff4fee78f95d540064997fe18d2582d9014c5b578d75a428ffeb4764e3f7f;0x6411fe4e;0x6411fe4eL;0.500000;1503083504;1503083505
1;256;8048;0x6f3ec033918675deaafe281126f2d74656bb65ba49a20aa5bafc4ecf644e5fd4;0x4ce073504381fa261ce9e57b2e330cf526db78e6c2dc1213de0a2d2c04251d22;0x0b6b2763;0xb6b2763L;0.500000;1503083505;1503083505
1;256;8048;0x6f3ec033918675deaafe281126f2d74656bb65ba49a20aa5bafc4ecf644e5fd4;0x4ce073504381fa261ce9e57b2e330cf526db78e6c2dc1213de0a2d2c04251d22;0x0b6b2763;0xb6b2763L;0.500000;1503083505;1503083506
0;256;8048;0x522e6660463eacab7847fe31b5f5f8351aabf139063a906f2ffc28e6e9451f3c;0x40ffa5b99f62f77abd20564934958ce5bfb9d12f9d5761fec8faf815767f3e18;0xde3e5e8f;0x12d3eb74L;0.500000;1503083506;1503083507
1;256;8048;0x7cfae1d733860cd5b9041d8c28a9b1b3b619e433be58eb76ba729376feec297a;0x658bcdaf5620730a96642953e2e8f7e5098e7191cbae38dae9d910114608eb06;0x23b20bba;0x23b20bbaL;0.500000;1503083507;1503083507
1;256;8048;0x7cfae1d733860cd5b9041d8c28a9b1b3b619e433be58eb76ba729376feec297a;0x658bcdaf5620730a96642953e2e8f7e5098e7191cbae38dae9d910114608eb06;0x23b20bba;0x23b20bbaL;0.500000;1503083507;1503083508
1;256;8048;0x8bb0fed69da54f780f6cbaca99957ce714005c693f203020fabf000dc5383a50;0x0742596059739fbff8e25d7a0c8c57964aa70e9c0475362a9e4ab9916a7f5b59;0x329bc8f8;0x329bc8f8L;0.500000;1503083508;1503083508
1;256;8048;0x8bb0fed69da54f780f6cbaca99957ce714005c693f203020fabf000dc5383a50;0x0742596059739fbff8e25d7a0c8c57964aa70e9c0475362a9e4ab9916a7f5b59;0x329bc8f8;0x329bc8f8L;0.500000;1503083508;1503083509
1;256;8048;0x4653eb8da0e2152a7a04cde6dfc1629af1fcfe35c08516b1658a765a2c844172;0xdd16c3d182f2675841409c05694532a252e7ca2bd2e3416ffa30134198872dcb;0x71c98546;0x71c98546L;0.500000;1503083509;1503083509
1;256;8048;0x4653eb8da0e2152a7a04cde6dfc1629af1fcfe35c08516b1658a765a2c844172;0xdd16c3d182f2675841409c05694532a252e7ca2bd2e3416ffa30134198872dcb;0x71c98546;0x71c98546L;0.500000;1503083509;1503083510
