1;256;8048;0xef400c28bd8a2c70b9ea26a82bbd5d7cf43832f25c94d049a0a20cb4fd0303ec;0xa0eaf6e3b50d5e92a2193cb32bc9f154c324037164d2993172dc22bff4d08d7b;0xe3682b3e;0xe3682b3eL;0.500000;1503120595;1503120596
1;256;8048;0xb2fd4a20f68efbbb2030244ddb3e50c6716ee69ce58378a987745b48727fed24;0x2acf8fa30f9abb9fdd4f8ba63eb370e425aba6cee2b0a68bcc300688367f0e18;0x963b6137;0x963b6137L;0.500000;1503120596;1503120596
1;256;8048;0xb2fd4a20f68efbbb2030244ddb3e50c6716ee69ce58378a987745b48727fed24;0x2acf8fa30f9abb9fdd4f8ba63eb370e425aba6cee2b0a68bcc300688367f0e18;0x963b6137;0x963b6137L;0.500000;1503120596;1503120596
1;256;8048;0xb2fd4a20f68efbbb2030244ddb3e50c6716ee69ce58378a987745b48727fed24;0x2acf8fa30f9abb9fdd4f8ba63eb370e425aba6cee2b0a68bcc300688367f0e18;0x963b6137;0x963b6137L;0.500000;1503120597;1503120597
0;256;8048;0x5b985bfa611cddf516d0f125b0b5f2dbe9dab85914940da550be432c13c0d66e;0xe871ec01667a4516f473a5e4f400bf1e943b00e419a7755f051bc50a256f3924;0x0c5f4733;0x600651L;0.500000;1503120597;1503120597
0;256;8048;0x5b985bfa611cddf516d0f125b0b5f2dbe9dab85914940da550be432c13c0d66e;0xe871ec01667a4516f473a5e4f400bf1e943b00e419a7755f051bc50a256f3924;0x0c5f4733;0x600651L;0.500000;1503120597;1503120598
1;256;8048;0x3a577c70beffa4c5d7c8d744eddbd0c94ae8f8a60fd0765d89e6ac1d5374718d;0xfb284a38e0fc3bfbae4f7b54947009cae4a18e7192c1ab775e0ca6de14e55f41;0x4b6664d2;0x4b6664d2L;0.500000;1503120598;1503120598
1;256;8048;0x3a577c70beffa4c5d7c8d744eddbd0c94ae8f8a60fd0765d89e6ac1d5374718d;0xfb284a38e0fc3bfbae4f7b54947009cae4a18e7192c1ab775e0ca6de14e55f41;0x4b6664d2;0x4b6664d2L;0.500000;1503120598;1503120599
1;256;8048;0x72ebb5a692d4b922bc549f4ea12a3f8c2cc177a276e16496ed0dfb71ea6a945c;0x7ca9c0e5752cc1dea1329a9b44441826f6c4b66965d4f175631723e3eb558b18;0x9c766b47;0x9c766b47L;0.500000;1503120599;1503120599
1;256;8048;0x72ebb5a692d4b922bc549f4ea12a3f8c2cc177a276e16496ed0dfb71ea6a945c;0x7ca9c0e5752cc1dea1329a9b44441826f6c4b66965d4f175631723e3eb558b18;0x9c766b47;0x9c766b47L;0.500000;1503120599;1503120599
1;256;8048;0x72ebb5a692d4b922bc549f4ea12a3f8c2cc177a276e16496ed0dfb71ea6a945c;0x7ca9c0e5752cc1dea1329a9b44441826f6c4b66965d4f175631723e3eb558b18;0x9c766b47;0x9c766b47L;0.500000;1503120600;1503120600
1;256;8048;0xe01087761cd48b17acfadb287d38897beb2ae9ca5655d0c463ceaf644af39a2a;0x20738bb00221612cc65b352e2e3346f82c8585880669731281dd8b27ead21bbc;0x862a992b;0x862a992bL;0.500000;1503120600;1503120600
1;256;8048;0xe01087761cd48b17acfadb287d38897beb2ae9ca5655d0c463ceaf644af39a2a;0x20738bb00221612cc65b352e2e3346f82c8585880669731281dd8b27ead21bbc;0x862a992b;0x862a992bL;0.500000;1503120600;1503120601
1;256;8048;0x9dfcdb86521c12e1a2a0345d82066d4b8356e2cc800067935231b0cfdc2bdf79;0xdb64a628d732814ef9cfe6706cc2b19be01c45e0f2413e0b5703ce3ad0ca5c73;0x3c169d14;0x3c169d14L;0.500000;1503120601;1503120601
1;256;8048;0x9dfcdb86521c12e1a2a0345d82066d4b8356e2cc800067935231b0cfdc2bdf79;0xdb64a628d732814ef9cfe6706cc2b19be01c45e0f2413e0b5703ce3ad0ca5c73;0x3c169d14;0x3c169d14L;0.500000;1503120601;1503120602
1;256;8048;0xd4af600d72060342ba9fcb81f4929e43b4b794c93305f7d9d9e558ad5ba44230;0xfecf443d460be7a40c89539669920ec3e218d2fe63cf3ddfd3681c903764e9f1;0x95949587;0x95949587L;0.500000;1503120602;1503120602
1;256;8048;0xd4af600d72060342ba9fcb81f4929e43b4b794c93305f7d9d9e558ad5ba44230;0xfecf443d460be7a40c89539669920ec3e218d2fe63cf3ddfd3681c903764e9f1;0x95949587;0x95949587L;0.500000;1503120602;1503120602
1;256;8048;0xd4af600d72060342ba9fcb81f4929e43b4b794c93305f7d9d9e558ad5ba44230;0xfecf443d460be7a40c89539669920ec3e218d2fe63cf3ddfd3681c903764e9f1;0x95949587;0x95949587L;0.500000;1503120603;1503120603
1;256;8048;0x7469f359c4ca0b1c480638d9267f5eb4d77e87a635460c51726b595072c347e7;0x303e57eb53ba8ed63d98ad734f80773a5a236b6e5b4be8601669373fde97705a;0x44839b50;0x44839b50L;0.500000;1503120603;1503120603
1;256;8048;0x7469f359c4ca0b1c480638d9267f5eb4d77e87a635460c51726b595072c347e7;0x303e57eb53ba8ed63d98ad734f80773a5a236b6e5b4be8601669373fde97705a;0x44839b50;0x44839b50L;0.500000;1503120603;1503120604
