1;256;8048;0xa49a87f125321997fd6e50b12677ce03b6944e643a4e5c387f96124570388814;0x5f680835e454b4c759d5a4bff7ec52db11aab0a41a0c2e5218f014bdec04d0da;0x9883f227;0x9883f227L;0.500000;1503125210;1503125211
1;256;8048;0x0f9efaae9f12ba25bd9fa4eade6956a3bc2906771b31732a31c4dce84ff7715f;0xb9dad2a9bf68de3f46eae7341710d5f789e7792e246bf27c3654a88f4c491877;0x31916f0b;0x31916f0bL;0.500000;1503125211;1503125211
1;256;8048;0x0f9efaae9f12ba25bd9fa4eade6956a3bc2906771b31732a31c4dce84ff7715f;0xb9dad2a9bf68de3f46eae7341710d5f789e7792e246bf27c3654a88f4c491877;0x31916f0b;0x31916f0bL;0.500000;1503125211;1503125211
1;256;8048;0x0f9efaae9f12ba25bd9fa4eade6956a3bc2906771b31732a31c4dce84ff7715f;0xb9dad2a9bf68de3f46eae7341710d5f789e7792e246bf27c3654a88f4c491877;0x31916f0b;0x31916f0bL;0.500000;1503125212;1503125212
1;256;8048;0x7002986ffde524cd2a42ba1c3a177921af368e3fc0570a1314a19f079fb72b0f;0xdb87b62a1d1bb0cac4ac99d6fe17ab6dcd10fc3f687485552f110b90a0a275ed;0x3df22b23;0x3df22b23L;0.500000;1503125212;1503125212
1;256;8048;0x7002986ffde524cd2a42ba1c3a177921af368e3fc0570a1314a19f079fb72b0f;0xdb87b62a1d1bb0cac4ac99d6fe17ab6dcd10fc3f687485552f110b90a0a275ed;0x3df22b23;0x3df22b23L;0.500000;1503125212;1503125213
1;256;8048;0xf381716fee79efbaa6b35628d1cf39f94af5482b8847d4ed90baed1cd2da51c5;0xdf9afb2a884e9eef1e836d1f49dc4d4a3d99c319fd0dcc751fb2c72afda8b5ba;0x4a8f022f;0x4a8f022fL;0.500000;1503125213;1503125213
1;256;8048;0xf381716fee79efbaa6b35628d1cf39f94af5482b8847d4ed90baed1cd2da51c5;0xdf9afb2a884e9eef1e836d1f49dc4d4a3d99c319fd0dcc751fb2c72afda8b5ba;0x4a8f022f;0x4a8f022fL;0.500000;1503125213;1503125214
1;256;8048;0xec549c087f5873850545c9ac602df0804c0084fe7ef2e081aabe824f029d52ef;0x658d12490369b4709b93e0d1bd3c56ee992a9c0d2cf91852c4f01723ea56d1db;0x9c72a684;0x9c72a684L;0.500000;1503125214;1503125214
1;256;8048;0xec549c087f5873850545c9ac602df0804c0084fe7ef2e081aabe824f029d52ef;0x658d12490369b4709b93e0d1bd3c56ee992a9c0d2cf91852c4f01723ea56d1db;0x9c72a684;0x9c72a684L;0.500000;1503125214;1503125215
1;256;8048;0xbbf19a98a3b8124717e137f35cffdf6250f36fc5ccac7e424ab5a4f36322ee1e;0xf9dc2fba677eac1d73c861ae26f944075932028c5748f633e7d350538ecef224;0xc3091c75;0xc3091c75L;0.500000;1503125215;1503125215
1;256;8048;0xbbf19a98a3b8124717e137f35cffdf6250f36fc5ccac7e424ab5a4f36322ee1e;0xf9dc2fba677eac1d73c861ae26f944075932028c5748f633e7d350538ecef224;0xc3091c75;0xc3091c75L;0.500000;1503125215;1503125215
1;256;8048;0xbbf19a98a3b8124717e137f35cffdf6250f36fc5ccac7e424ab5a4f36322ee1e;0xf9dc2fba677eac1d73c861ae26f944075932028c5748f633e7d350538ecef224;0xc3091c75;0xc3091c75L;0.500000;1503125215;1503125216
1;256;8048;0x60f7000e130937e6e969a9ed9031fdc5f78f9724dd4b6dc167f9d77c7b2ceadb;0x1b8dcd320402bee8c33fe15c86ab060b88c4bf5302430192b8dc4842add71d57;0xe6c731af;0xe6c731afL;0.500000;1503125216;1503125216
1;256;8048;0x60f7000e130937e6e969a9ed9031fdc5f78f9724dd4b6dc167f9d77c7b2ceadb;0x1b8dcd320402bee8c33fe15c86ab060b88c4bf5302430192b8dc4842add71d57;0xe6c731af;0xe6c731afL;0.500000;1503125216;1503125217
1;256;8048;0x0e05afa195e3914bee26101a122831c4e3ff6ac0b2c88d0da6628bc70f20941d;0xf3791e76cb629a501117f2e5937a9b5b9ecb5eb1f8f49dac3b19523b40d19f3d;0xb313985d;0xb313985dL;0.500000;1503125217;1503125217
1;256;8048;0x0e05afa195e3914bee26101a122831c4e3ff6ac0b2c88d0da6628bc70f20941d;0xf3791e76cb629a501117f2e5937a9b5b9ecb5eb1f8f49dac3b19523b40d19f3d;0xb313985d;0xb313985dL;0.500000;1503125217;1503125218
1;256;8048;0xb422e73c0602c326d81a16bf8b5b2c4398709b341a9545cd0bab87156512a919;0x14f34a0bfc7bbbb629b84696dbf6ccf49cf545a1a433579b7cb67c1d1436e9fb;0x83d732a0;0x83d732a0L;0.500000;1503125218;1503125218
1;256;8048;0xb422e73c0602c326d81a16bf8b5b2c4398709b341a9545cd0bab87156512a919;0x14f34a0bfc7bbbb629b84696dbf6ccf49cf545a1a433579b7cb67c1d1436e9fb;0x83d732a0;0x83d732a0L;0.500000;1503125218;1503125219
1;256;8048;0x404b3698eb6d8eeab99424f26a9589d61db44c3c1f90bdabe8b7718899b175d9;0x1a61aa2eaf03b72d6038495869b0b44034c99ccf5690351da891746c4ff62705;0xf10ca3a4;0xf10ca3a4L;0.500000;1503125219;1503125219
