1;256;8048;0xc41f39d1b9ede5a67d002d94f2ad6e613156a3d862dd6b053ebf7a49057148c9;0x67db10327cef935cab3548ddb99cf7df68bd54a9ea1a72f9fe51f647e57a0304;0x9482dbd7;0x9482dbd7L;0.500000;1503091235;1503091235
1;256;8048;0x143ec4cfb646bc621ab3e3f9b0ce54b92aa66138795117a416d1b99ad6060aea;0x345fbcabee723f7a039eb76b9078b60536cf59735943e50fc6d34f48fff2036a;0x97e0d722;0x97e0d722L;0.500000;1503091235;1503091235
1;256;8048;0x143ec4cfb646bc621ab3e3f9b0ce54b92aa66138795117a416d1b99ad6060aea;0x345fbcabee723f7a039eb76b9078b60536cf59735943e50fc6d34f48fff2036a;0x97e0d722;0x97e0d722L;0.500000;1503091236;1503091236
1;256;8048;0x16ce01e30c22d1f2d635d80dc2b4d0c94bf042c23fc307612833bec72fe6c845;0xef69e69a8845f345fe1a2c3c5426cebd278ea27f7028c946602e1a9a037859ea;0x1a571716;0x1a571716L;0.500000;1503091236;1503091237
1;256;8048;0x885474f0d5b0ac854dfc3af26c38046e05ada0897f33a015c35aef01263160ae;0xde02ca475b32860a62f4e0e3bcf92bde89d3cbc8d6d5fb7b2e3e8c55fee0c896;0x9b3c589d;0x9b3c589dL;0.500000;1503091237;1503091237
1;256;8048;0x885474f0d5b0ac854dfc3af26c38046e05ada0897f33a015c35aef01263160ae;0xde02ca475b32860a62f4e0e3bcf92bde89d3cbc8d6d5fb7b2e3e8c55fee0c896;0x9b3c589d;0x9b3c589dL;0.500000;1503091237;1503091238
1;256;8048;0xef186a6af43a4601ea40bbba08daaa36267529b9660a8c6baad1d00b8a565f79;0xc51b754cc34cfa50ab51a85ff8195e003d035060ae1a8caab6a7a67580933bea;0x7f1faeec;0x7f1faeecL;0.500000;1503091238;1503091238
1;256;8048;0xef186a6af43a4601ea40bbba08daaa36267529b9660a8c6baad1d00b8a565f79;0xc51b754cc34cfa50ab51a85ff8195e003d035060ae1a8caab6a7a67580933bea;0x7f1faeec;0x7f1faeecL;0.500000;1503091238;1503091239
0;256;8048;0xa5f594d6f0625f3089b97c65d5591a556c12d5440203135a091d29ee66c5a20b;0xb8fa1c8496b62a8485cb3c2ac3204c314a3b2d5e2449e5345ff7e27553fc9b10;0x7bcbb6d2;0x3eec0303L;0.500000;1503091239;1503091239
0;256;8048;0xa5f594d6f0625f3089b97c65d5591a556c12d5440203135a091d29ee66c5a20b;0xb8fa1c8496b62a8485cb3c2ac3204c314a3b2d5e2449e5345ff7e27553fc9b10;0x7bcbb6d2;0x3eec0303L;0.500000;1503091239;1503091240
1;256;8048;0x6093b3a4983f22cf12d63fe214756ed6923fb222a2655cce0181aabb78ee6ed8;0xf5d4896476295772c20cca8f2f669a4e222ad24febef1e91652f3c30c7ebee0f;0xd1ab255a;0xd1ab255aL;0.500000;1503091240;1503091240
1;256;8048;0x6093b3a4983f22cf12d63fe214756ed6923fb222a2655cce0181aabb78ee6ed8;0xf5d4896476295772c20cca8f2f669a4e222ad24febef1e91652f3c30c7ebee0f;0xd1ab255a;0xd1ab255aL;0.500000;1503091241;1503091241
1;256;8048;0x8599f0e3d058c094b1fbc1465f035ee2e822515c9a08edfb60de164b182b3b9d;0xc3adb29a66838d132f2573b0022150cbc74ceb37b24a25782a3f2e07d2c09352;0xdf5629ec;0xdf5629ecL;0.500000;1503091241;1503091242
1;256;8048;0xc07e4064e23034e778e5a6ce9727d03e02d2d4505bf6d323018e5994f91044ba;0x7f0594e25c476f6bff9fc4e743435a1c6f35c8a53fcb34714be71366871a82b0;0x155d28d7;0x155d28d7L;0.500000;1503091242;1503091242
1;256;8048;0xc07e4064e23034e778e5a6ce9727d03e02d2d4505bf6d323018e5994f91044ba;0x7f0594e25c476f6bff9fc4e743435a1c6f35c8a53fcb34714be71366871a82b0;0x155d28d7;0x155d28d7L;0.500000;1503091242;1503091243
1;256;8048;0x99eed317a2fd238f57a14e503acfc00bfe6040e73e675d0c4c0e2fdec1df925b;0xabd8a24b9a9b0964de496b3ea74e451d6f600e0530f66b77411310e955b0ea21;0x1dc5a334;0x1dc5a334L;0.500000;1503091243;1503091243
1;256;8048;0x99eed317a2fd238f57a14e503acfc00bfe6040e73e675d0c4c0e2fdec1df925b;0xabd8a24b9a9b0964de496b3ea74e451d6f600e0530f66b77411310e955b0ea21;0x1dc5a334;0x1dc5a334L;0.500000;1503091243;1503091244
1;256;8048;0xd050a8c355ec119069f038c6a35dc8939cf7e4da5b043971ebf184774da2531d;0xab8ff0699b7e0e0e2d2213232c8a62fd9bb898bfc3cf9c2624dff9b29ea4dc2c;0xbed0cfa6;0xbed0cfa6L;0.500000;1503091244;1503091244
1;256;8048;0xd050a8c355ec119069f038c6a35dc8939cf7e4da5b043971ebf184774da2531d;0xab8ff0699b7e0e0e2d2213232c8a62fd9bb898bfc3cf9c2624dff9b29ea4dc2c;0xbed0cfa6;0xbed0cfa6L;0.500000;1503091244;1503091245
1;256;8048;0xf47ede9ce53f36196f8fd01f29b4b4a91f72368e0a03a113129377f9b203c2a6;0x342b3f45155d3ee2643167a7e772a53a8e979e17fd6d4acdcf839a538c7bc336;0x730f845f;0x730f845fL;0.500000;1503091245;1503091245
