0;256;8048;0x01081967bcb6a2b2523a97d339ad550847909b558f6d0980f71e43695c96b85d;0x8ff4d43adab800a766fce810bc7aa376c3d75adb4480b5b90b2dfd7df35421e6;0x5e61519c;0xfed7b265L;0.500000;1503114672;1503114673
1;256;8048;0xcb7ccc7586c96f6657ef1e1963abaf52454c13cad40673406e48effc485b5c13;0x25eaa8750ce0567a66e742e6f6b083cfb541d0ea9d284fbfe5626a2ed49cd005;0x03b5446e;0x3b5446eL;0.500000;1503114673;1503114673
1;256;8048;0xcb7ccc7586c96f6657ef1e1963abaf52454c13cad40673406e48effc485b5c13;0x25eaa8750ce0567a66e742e6f6b083cfb541d0ea9d284fbfe5626a2ed49cd005;0x03b5446e;0x3b5446eL;0.500000;1503114673;1503114673
1;256;8048;0xcb7ccc7586c96f6657ef1e1963abaf52454c13cad40673406e48effc485b5c13;0x25eaa8750ce0567a66e742e6f6b083cfb541d0ea9d284fbfe5626a2ed49cd005;0x03b5446e;0x3b5446eL;0.500000;1503114674;1503114674
1;256;8048;0x22fdda87055f35eac4e680a6a53fb9898e15cf1a9eb6bc464f3e4085cb0bf6ed;0xf4bccbca15883d6519ec073ff36ac4c237ce50f64eeabd6b397429e53db7db61;0xb06dffee;0xb06dffeeL;0.500000;1503114674;1503114674
1;256;8048;0x22fdda87055f35eac4e680a6a53fb9898e15cf1a9eb6bc464f3e4085cb0bf6ed;0xf4bccbca15883d6519ec073ff36ac4c237ce50f64eeabd6b397429e53db7db61;0xb06dffee;0xb06dffeeL;0.500000;1503114674;1503114675
1;256;8048;0xb6d11056b140803abe57c1ba98ba4bbae77d16f65e9f0c0854275688c3a9287a;0xd9f5b05ca84abb58e51f671e47b9d261b9c8e05024244dfc3c55473c8a9fb5a0;0x9dbf5f75;0x9dbf5f75L;0.500000;1503114675;1503114675
1;256;8048;0xb6d11056b140803abe57c1ba98ba4bbae77d16f65e9f0c0854275688c3a9287a;0xd9f5b05ca84abb58e51f671e47b9d261b9c8e05024244dfc3c55473c8a9fb5a0;0x9dbf5f75;0x9dbf5f75L;0.500000;1503114675;1503114676
1;256;8048;0x333b486e5b424df84735c5b7d5551f1b435becbabaa12fd5771f63fae0f59213;0xb7a6f83e90faf95b812a78418e9b2676c4e8c541e36c1f99b6cf5642afab86e9;0xbfee6c73;0xbfee6c73L;0.500000;1503114676;1503114676
1;256;8048;0x333b486e5b424df84735c5b7d5551f1b435becbabaa12fd5771f63fae0f59213;0xb7a6f83e90faf95b812a78418e9b2676c4e8c541e36c1f99b6cf5642afab86e9;0xbfee6c73;0xbfee6c73L;0.500000;1503114676;1503114677
1;256;8048;0x5f6f1c366798065c59dab1550c2c7e94984ca9563a20928398694a5472efcbd1;0x1a0045fa782d3a068f95780491f9bdcf8358c15236196c75676a1d9c3143a929;0xa645d6f9;0xa645d6f9L;0.500000;1503114677;1503114677
1;256;8048;0x5f6f1c366798065c59dab1550c2c7e94984ca9563a20928398694a5472efcbd1;0x1a0045fa782d3a068f95780491f9bdcf8358c15236196c75676a1d9c3143a929;0xa645d6f9;0xa645d6f9L;0.500000;1503114677;1503114677
1;256;8048;0x707d3191309fbf93e2d3b1c6b0715bb11603e2696a60950d413a4850098a4079;0x53795f03d531da009ea6c61f016e2e643d1d1719a7fe1f35f0d84293dedd8b4a;0x109c6dd5;0x109c6dd5L;0.500000;1503114678;1503114678
1;256;8048;0x707d3191309fbf93e2d3b1c6b0715bb11603e2696a60950d413a4850098a4079;0x53795f03d531da009ea6c61f016e2e643d1d1719a7fe1f35f0d84293dedd8b4a;0x109c6dd5;0x109c6dd5L;0.500000;1503114678;1503114678
1;256;8048;0x707d3191309fbf93e2d3b1c6b0715bb11603e2696a60950d413a4850098a4079;0x53795f03d531da009ea6c61f016e2e643d1d1719a7fe1f35f0d84293dedd8b4a;0x109c6dd5;0x109c6dd5L;0.500000;1503114679;1503114679
1;256;8048;0x4740877db9b07be4a05dad8552bc0f9b0b45e974a95569d9f2e469f07649f1bd;0x82dca4c3501966cf589f22f1cf64e3ed2352378bb47667681efcd0838427c455;0x78a3c1fe;0x78a3c1feL;0.500000;1503114679;1503114679
1;256;8048;0x4740877db9b07be4a05dad8552bc0f9b0b45e974a95569d9f2e469f07649f1bd;0x82dca4c3501966cf589f22f1cf64e3ed2352378bb47667681efcd0838427c455;0x78a3c1fe;0x78a3c1feL;0.500000;1503114679;1503114680
1;256;8048;0x2530b8d1901aed3af7cb1b99b5720740a613e9bbfeb403f99746765127960c4c;0xe0ab51d0d21c9e031755bd1f39d4e1b113f256c326fc5027399d8bfc9dbfe9d4;0x384ec943;0x384ec943L;0.500000;1503114680;1503114680
1;256;8048;0x2530b8d1901aed3af7cb1b99b5720740a613e9bbfeb403f99746765127960c4c;0xe0ab51d0d21c9e031755bd1f39d4e1b113f256c326fc5027399d8bfc9dbfe9d4;0x384ec943;0x384ec943L;0.500000;1503114680;1503114681
0;256;8048;0xdd36ab9f909c4dc50c05d44347fd5a1b679ee9f8081fdaf98133218d28f37c05;0xaca3c796a4b26b84bed91634b4504800e538f27febf75ad099c0cc105b61a94c;0xc3edb259;0x783dfa59L;0.500000;1503114681;1503114681
