1;256;8048;0xbcdf1ca09be64edf73d503b68eebbab200af7b1cd2f54337715ce599094b5bc5;0x3bcfb7e2fa7f6ef474742ce2ff147d52b7b06a2a0d88c93a03477f09f400d2db;0x740f829c;0x740f829cL;0.500000;1503128499;1503128499
1;256;8048;0xbcdf1ca09be64edf73d503b68eebbab200af7b1cd2f54337715ce599094b5bc5;0x3bcfb7e2fa7f6ef474742ce2ff147d52b7b06a2a0d88c93a03477f09f400d2db;0x740f829c;0x740f829cL;0.500000;1503128499;1503128499
1;256;8048;0xbcdf1ca09be64edf73d503b68eebbab200af7b1cd2f54337715ce599094b5bc5;0x3bcfb7e2fa7f6ef474742ce2ff147d52b7b06a2a0d88c93a03477f09f400d2db;0x740f829c;0x740f829cL;0.500000;1503128499;1503128500
1;256;8048;0x07ced455f7ff887af216bcd74b6fb78f4480912e21cfc9c03863b2c2e36df5ea;0x35309c29eb358c5f4a729a4862dc0b935fcc04a777da3619bc058f63fbd26dbb;0x25bcc6d1;0x25bcc6d1L;0.500000;1503128500;1503128500
1;256;8048;0x07ced455f7ff887af216bcd74b6fb78f4480912e21cfc9c03863b2c2e36df5ea;0x35309c29eb358c5f4a729a4862dc0b935fcc04a777da3619bc058f63fbd26dbb;0x25bcc6d1;0x25bcc6d1L;0.500000;1503128500;1503128501
1;256;8048;0xd5ecc302e8287b8ce6c5031119f1431727fd0948ab35ae0f4e6f8d72e6524fbc;0x3545ed00d71ad8176b3c531466ff6b659baef7e6ab1c772ae707907d3b2596ca;0x1e837ae9;0x1e837ae9L;0.500000;1503128501;1503128501
1;256;8048;0xd5ecc302e8287b8ce6c5031119f1431727fd0948ab35ae0f4e6f8d72e6524fbc;0x3545ed00d71ad8176b3c531466ff6b659baef7e6ab1c772ae707907d3b2596ca;0x1e837ae9;0x1e837ae9L;0.500000;1503128501;1503128502
1;256;8048;0x54273a2528dbdb1e89dc71b34bb52a2d8da3f63b9772f10a0127da60907ebbe4;0x4bd6fb58ba0252f1f9ea23bfaa110b1782e718cc3f17c5d042b23b0a893ed4aa;0x65f7cec5;0x65f7cec5L;0.500000;1503128502;1503128502
1;256;8048;0x54273a2528dbdb1e89dc71b34bb52a2d8da3f63b9772f10a0127da60907ebbe4;0x4bd6fb58ba0252f1f9ea23bfaa110b1782e718cc3f17c5d042b23b0a893ed4aa;0x65f7cec5;0x65f7cec5L;0.500000;1503128502;1503128502
1;256;8048;0x54273a2528dbdb1e89dc71b34bb52a2d8da3f63b9772f10a0127da60907ebbe4;0x4bd6fb58ba0252f1f9ea23bfaa110b1782e718cc3f17c5d042b23b0a893ed4aa;0x65f7cec5;0x65f7cec5L;0.500000;1503128502;1503128503
1;256;8048;0x8bdc78eb2605726a16a9e656b2fc61b7f743db129728986691cc0212785b9d04;0xb539d4effdb712ba5aeabb9f063b6e4a5adab92a7344c83d866aa7b0e7a1ff21;0xe209620f;0xe209620fL;0.500000;1503128503;1503128503
1;256;8048;0x8bdc78eb2605726a16a9e656b2fc61b7f743db129728986691cc0212785b9d04;0xb539d4effdb712ba5aeabb9f063b6e4a5adab92a7344c83d866aa7b0e7a1ff21;0xe209620f;0xe209620fL;0.500000;1503128503;1503128504
1;256;8048;0x72c7b97f228b59a4419483a148a34dd64a40439d6f50bd2dddd56c1e7e2b2ff0;0x3bb41c758e27926f532cc319006b27bd02efee6a91e65ef94338888e2692e8b3;0xbdd03e7c;0xbdd03e7cL;0.500000;1503128504;1503128504
1;256;8048;0x72c7b97f228b59a4419483a148a34dd64a40439d6f50bd2dddd56c1e7e2b2ff0;0x3bb41c758e27926f532cc319006b27bd02efee6a91e65ef94338888e2692e8b3;0xbdd03e7c;0xbdd03e7cL;0.500000;1503128504;1503128505
1;256;8048;0x84be2ebe84d974cf765cd513b15b12284a7b1b50abda1f66a3b7c1d42a7a02af;0x8fd3734726a405872a1a78c2eed27273ca0f2871e420ec5d146fc0e67507bdf2;0x5a781c02;0x5a781c02L;0.500000;1503128505;1503128505
1;256;8048;0x84be2ebe84d974cf765cd513b15b12284a7b1b50abda1f66a3b7c1d42a7a02af;0x8fd3734726a405872a1a78c2eed27273ca0f2871e420ec5d146fc0e67507bdf2;0x5a781c02;0x5a781c02L;0.500000;1503128505;1503128505
1;256;8048;0x84be2ebe84d974cf765cd513b15b12284a7b1b50abda1f66a3b7c1d42a7a02af;0x8fd3734726a405872a1a78c2eed27273ca0f2871e420ec5d146fc0e67507bdf2;0x5a781c02;0x5a781c02L;0.500000;1503128505;1503128506
1;256;8048;0x57c08ee2db0415f35b3eaa22dd9eb826484cbf81bb4ab159684945f7c21aa81a;0xf28e32779a27d0f1d1f43e2b22b9d8837023cf63518383f2313f1efae1ebf89e;0xe5def72c;0xe5def72cL;0.500000;1503128506;1503128506
1;256;8048;0x57c08ee2db0415f35b3eaa22dd9eb826484cbf81bb4ab159684945f7c21aa81a;0xf28e32779a27d0f1d1f43e2b22b9d8837023cf63518383f2313f1efae1ebf89e;0xe5def72c;0xe5def72cL;0.500000;1503128506;1503128507
1;256;8048;0xf3e28686b58b45d15c81c597170472d1cd950d6d79bc635851558d2638893c2b;0xaed527cc7266728fe4fc666fe3163ab15259a14e0a617d036270328f2c1e819f;0xcd5d6f52;0xcd5d6f52L;0.500000;1503128507;1503128507
