1;256;8048;0xf70743f3469d60c1d9fe36dc1db4719a5aa2d69b4bab6100ec72101901221ff9;0x44bb60ef48cda82bbd09156c164da77be3199b462457ccd452cb96a634ac4682;0xa7a7a92d;0xa7a7a92dL;0.500000;1503117290;1503117291
1;256;8048;0x88f0961067a96ba8d6c3b0d407eb816155e479aeea84718b37ccd5a509f55d91;0xe198445969ffc23025d686149c552083fa319714c32fc2c8e0c212cccc6cce9a;0x7b968b0d;0x7b968b0dL;0.500000;1503117291;1503117291
1;256;8048;0x88f0961067a96ba8d6c3b0d407eb816155e479aeea84718b37ccd5a509f55d91;0xe198445969ffc23025d686149c552083fa319714c32fc2c8e0c212cccc6cce9a;0x7b968b0d;0x7b968b0dL;0.500000;1503117291;1503117292
1;256;8048;0x90891a2424f4780f1777625cbb8d47d3338d529580c1767c47ab6ede9b32912c;0x280fa39379a3436b3c16efc2891ec8c60a093c6c0f254d9660f3284214cd28c9;0xfb81b83a;0xfb81b83aL;0.500000;1503117292;1503117292
1;256;8048;0x90891a2424f4780f1777625cbb8d47d3338d529580c1767c47ab6ede9b32912c;0x280fa39379a3436b3c16efc2891ec8c60a093c6c0f254d9660f3284214cd28c9;0xfb81b83a;0xfb81b83aL;0.500000;1503117292;1503117292
1;256;8048;0x90891a2424f4780f1777625cbb8d47d3338d529580c1767c47ab6ede9b32912c;0x280fa39379a3436b3c16efc2891ec8c60a093c6c0f254d9660f3284214cd28c9;0xfb81b83a;0xfb81b83aL;0.500000;1503117293;1503117293
1;256;8048;0x3e6eaae3f5779a0402564e3b8f1e6c7717de73d027703c44f1a0a17bb11c01ef;0xbc82de42df4d8399eaf399a7c0989ea05130c81b6f7114128af7ec93685c1106;0x6d284dc1;0x6d284dc1L;0.500000;1503117293;1503117293
1;256;8048;0x3e6eaae3f5779a0402564e3b8f1e6c7717de73d027703c44f1a0a17bb11c01ef;0xbc82de42df4d8399eaf399a7c0989ea05130c81b6f7114128af7ec93685c1106;0x6d284dc1;0x6d284dc1L;0.500000;1503117293;1503117294
1;256;8048;0xa2d094cad89f102cd6e7e0001fcbb1edcc763636b0a7512cc262d3ef7fb0d621;0x4d48432ad5cb5f3bc2b78e2dc022e75f06d012e50566b98c6c2e54442a142622;0x79bf9308;0x79bf9308L;0.500000;1503117294;1503117294
1;256;8048;0xa2d094cad89f102cd6e7e0001fcbb1edcc763636b0a7512cc262d3ef7fb0d621;0x4d48432ad5cb5f3bc2b78e2dc022e75f06d012e50566b98c6c2e54442a142622;0x79bf9308;0x79bf9308L;0.500000;1503117294;1503117295
1;256;8048;0x1e0fec59f82c34bc676e4a4e387c61fa74a23597b21a4fb983b9f1b8dd5f9bfb;0xd4d5fc37b51849da1d32d222571ed54adbf702fd303fc5b1a9136c3aab55b34c;0x716d2b9d;0x716d2b9dL;0.500000;1503117295;1503117295
1;256;8048;0x1e0fec59f82c34bc676e4a4e387c61fa74a23597b21a4fb983b9f1b8dd5f9bfb;0xd4d5fc37b51849da1d32d222571ed54adbf702fd303fc5b1a9136c3aab55b34c;0x716d2b9d;0x716d2b9dL;0.500000;1503117295;1503117295
1;256;8048;0x1e0fec59f82c34bc676e4a4e387c61fa74a23597b21a4fb983b9f1b8dd5f9bfb;0xd4d5fc37b51849da1d32d222571ed54adbf702fd303fc5b1a9136c3aab55b34c;0x716d2b9d;0x716d2b9dL;0.500000;1503117296;1503117296
1;256;8048;0x6be135bdb3d73282a67ea6275a7eafdd0044c0068a81be6be051c0214f08f7ba;0x2f32177fc2023ed15c594c2f5584656ba828ffc79aa23758dd1ab3a5dbfbd15b;0xede27d87;0xede27d87L;0.500000;1503117296;1503117296
1;256;8048;0x6be135bdb3d73282a67ea6275a7eafdd0044c0068a81be6be051c0214f08f7ba;0x2f32177fc2023ed15c594c2f5584656ba828ffc79aa23758dd1ab3a5dbfbd15b;0xede27d87;0xede27d87L;0.500000;1503117296;1503117297
1;256;8048;0x8f52b84acb59e629ea67eeec3039a7a097e16f439bedd17a85a44088aa7a1c39;0x5881b68771496951341f6c37f7ddac230ded4cc3b760314d5b41fd48e661794a;0xe33cc347;0xe33cc347L;0.500000;1503117297;1503117297
1;256;8048;0x8f52b84acb59e629ea67eeec3039a7a097e16f439bedd17a85a44088aa7a1c39;0x5881b68771496951341f6c37f7ddac230ded4cc3b760314d5b41fd48e661794a;0xe33cc347;0xe33cc347L;0.500000;1503117297;1503117298
1;256;8048;0x7857efc7f220de783575ecf6c1b5e3c09d0912b36427cdef55247cfca6fad91e;0x0809c001e3239426df733e317876c4b425aa58b4f10857b7ab88187343aa02b7;0x447ac981;0x447ac981L;0.500000;1503117298;1503117298
1;256;8048;0x7857efc7f220de783575ecf6c1b5e3c09d0912b36427cdef55247cfca6fad91e;0x0809c001e3239426df733e317876c4b425aa58b4f10857b7ab88187343aa02b7;0x447ac981;0x447ac981L;0.500000;1503117298;1503117299
1;256;8048;0xb7c5e12c3f1717b06206abd87efee3ccb705c85fe5c1a392f8fa07beab5e5462;0x3e5253f0459b69485a4f32525ea3c02b844b5f42f50f601661743496d2744467;0xc22bd9e9;0xc22bd9e9L;0.500000;1503117299;1503117299
