1;1024;8048;0xf9171e5bed7b80a6f9d5042b3c978b5b31857d23c4dd827b50888d2584b7e17d;0x4220c7066d07923d8e2e4e0b52779e91d713dbf488b8ca399782621f698ed2f8;0x50d5444a;0x50d5444aL;0.500000;1503129214;1503129215
1;1024;8048;0x0f9488cae07d7778c4ee77dbaeb14088a282a6798f0bcb8307ec86fc1241b821;0xe8e310089e096d362da7682b067944a234706879880408f73c86b1c92017333d;0x3eeb6ffc;0x3eeb6ffcL;0.500000;1503129215;1503129217
1;1024;8048;0x669f94c4b559ac0614f35b9cd7bf3012aaecba23dd865dd56847f7341ad56e80;0x2fc4d673287ec175f09c90cada6e8f3b46bc77235938d19179e8d370c06262a4;0xb3af1b7e;0xb3af1b7eL;0.500000;1503129217;1503129218
1;1024;8048;0x94232a194a81c7e2e525ea0ac96d8533a55bec8d0538add5d955a21ce3501077;0xa712f943d7feedc4f115a9e51e5c6f841593a978fde27ef2e4e7cac4e9fb5f75;0x28ec3adb;0x28ec3adbL;0.500000;1503129218;1503129220
1;1024;8048;0x94996a503229e8e36fea13397ee41e9ebef94e6de163f11f778916220cf19ba0;0xac43af7b408f9457bc1417bd7d570dfae5ce32f7aa32586f3e99c3df0cf888ab;0x700984b1;0x700984b1L;0.500000;1503129220;1503129221
1;1024;8048;0xb0317752ebc57556acc9c89f867e5f4540b073c9aa75d79616c7bd55db6b148c;0xc7e498cf7decb8ec9647422af000561af54e712aabe344b2336866ba23e85e58;0x3387da12;0x3387da12L;0.500000;1503129221;1503129223
1;1024;8048;0x9d5cb14a26787830aec1f49b9e299507f20b4bc2a182606b75124a50aef6df4c;0x8bf9ea413a084923e955082a7f98230d2e1bab801db3715e42a7c86daa0a8414;0xb6b482e5;0xb6b482e5L;0.500000;1503129223;1503129224
1;1024;8048;0xe979cac3677669b7e510a1443bf50425e9e564469f6235516f151a5e2af47113;0x41bd91294502f4127d6d04157a4625aafc5084f67794cd8d6fe57625598856a5;0x8135303f;0x8135303fL;0.500000;1503129224;1503129226
1;1024;8048;0x9785ad30a2748db90babfe014ef70e27a0a6ca705d9a025df468e8415b3acef2;0xafa40441465bf3ba29be3b035204abf557676fcb5f517f7c6ccf78d24251f1a4;0x6c26358d;0x6c26358dL;0.500000;1503129226;1503129227
1;1024;8048;0xf4f5bfff32b9a9f80f49fa9a89b977858f292f16bcf861c4207bed6ba31e7697;0x1ffbbeb1114ce48d2ff8e13a99579696a0ed563446a2683fc1c04766a1af266f;0x88964a1f;0x88964a1fL;0.500000;1503129227;1503129229
1;1024;8048;0x8ed54fa8071419bafa97169f5928e3b52c58870eba90b1e386bba89c54a034e2;0xbe9f72a3aa35562ec420d7ce25ac3e637200837b3935110da75afda7b28c37d8;0x2d58e4a1;0x2d58e4a1L;0.500000;1503129229;1503129230
1;1024;8048;0x6eca64ea0f81cf8c2c375fc9ded630b7b5d9b62d4f32bbd136ab7660568ce9c4;0xdfaaba7470f77cd6757f60532157863f3326438e890ac08f61130ba596983508;0xf460e82e;0xf460e82eL;0.500000;1503129230;1503129231
1;1024;8048;0x51ae5d9a1c407754a99928dc8eba1e048bcc251104419eff59b2a362fe1d154f;0x58dfca9409bc457e7cca8a88b96bff7e99901e5dec0968ec9ecdfcb31e6a1e88;0x651c93c4;0x651c93c4L;0.500000;1503129232;1503129233
1;1024;8048;0x6085c37757eecfee715b2f65986cf29f2efa886fe8c2ab8f87e3a57c669d4cc7;0xbab0e29904b28421016256d28e7e93282d21a4322fc652ff132de5e083805a9f;0xe33a07db;0xe33a07dbL;0.500000;1503129233;1503129234
1;1024;8048;0x0c25883c5cf1a3c16cdeb1bdcec2077e9007e1866261c71e67c1711558381e64;0xabfaea4f744a95936f9c86e02042e58c5c927349fc2162db678e9d4432087753;0xf9001465;0xf9001465L;0.500000;1503129235;1503129236
1;1024;8048;0x6d6e1ad21459e08cbe5202145304e6c0410c8184c532d9db944b96e2f7627364;0x9de97fee4dd4626c8e6fe2fda81b5be9d89abc5d5f22d490e5e9643543808b98;0xb4f5e6aa;0xb4f5e6aaL;0.500000;1503129236;1503129237
1;1024;8048;0x50eb067692c761a9c0562fde1ff3318d3b6672dec7fae5ee1930046c79ba7eca;0xecb54fccb191dd44781c16c78a7de6156697e76e8b3ca5c726eb4426de171767;0x42c32697;0x42c32697L;0.500000;1503129238;1503129239
1;1024;8048;0xe15f32c997a4d62237ef16a758063c96f8943d3308df9c682a83cac4b93b8b9b;0x4ec4d8d1684a15faf71c548184ead2d07d9a75e652cd52d92d459948a3f19943;0x1f4ccb4a;0x1f4ccb4aL;0.500000;1503129239;1503129240
1;1024;8048;0x1622d3a15832cd344594502557abe3bf373a6fb01697321ddc05e592ad2a66c4;0x38eb52043500ee661f3f906688f9df64625f1c266b0c2aacb963ee6f265841a0;0x96da8047;0x96da8047L;0.500000;1503129240;1503129242
1;1024;8048;0x8cbf018d6e908e6f28b8d38d1650b0eec4f2a5c8ae6d7503129758fcddf7ae6a;0x5174374967846c2f2352397336e785c77e0b429bb383daf6a132c6dd45bf33fd;0x76b3cc48;0x76b3cc48L;0.500000;1503129242;1503129243
