1;1024;8048;0x9c01f897c5b18c91c8fb5256101dbdb2c085a81ffd1ab239a17120782f156ecb;0xa9c0830c08fef154f632d97204c5e995f0a3015cb05f4e3e7e919a6291aaed04;0x9c24ecf7;0x9c24ecf7L;0.500000;1503140352;1503140353
1;1024;8048;0x67117f0968dd84e43d83113e4e0aa042d06ff574bc68f09a0a2badae574bfcbf;0xf7801ec9353f0945728a29f23e03f1a15860c1cc5ec0de680764b54b69c4a484;0x441e319a;0x441e319aL;0.500000;1503140353;1503140355
1;1024;8048;0x966e445670b75588c175d1a1bbc20822da957012f8f42d4faaba13790a7053a0;0x17e0fbabb37f969afbf5c8040451eadd616e0d2f0c945399b2b56932cb63ca2f;0x4ff25d25;0x4ff25d25L;0.500000;1503140355;1503140356
1;1024;8048;0xda44da3cbcabb471290d403baac25a837ed1684cd7f1bfb26af827485bebcc35;0x7b38ba4025646a9ef645bc3a9797184bdf0d55c109bcc71ac7f67f7fc1e4e62c;0x485ab914;0x485ab914L;0.500000;1503140356;1503140357
1;1024;8048;0x49ac28c739f6dce800dd12036344a402a53deb9afb68071eab99eb6c7d812dc6;0xa42686d597a21ca242b7da2fc838477a33320af457c0abf8dbf7151555e9e0cc;0x8b8904c8;0x8b8904c8L;0.500000;1503140358;1503140359
1;1024;8048;0xa2f0be1865ca9f832f6f0c8aed4e3588525b474314bd56679fca9a2c1ca936bf;0xc42348eb26ae892278283eced0eb691d31a711e2a44e4b3ee22b5393bfe7ccf6;0x4b88997e;0x4b88997eL;0.500000;1503140359;1503140360
1;1024;8048;0x1db573bdecbb6acfd5ff69e9e624194942e3e078787cb5678b3ac6ff6f72138c;0x4ad582457a4d4efcc4308a3c176af4aa854aaf117ade3bdf311fe43ec3cb74af;0x38271ab1;0x38271ab1L;0.500000;1503140361;1503140362
1;1024;8048;0x34228cac2a45192a2f91f49c3b61612dc425161c21ce1900da33b5d22c860b61;0xe0e15e5689cb885e46894f60ad6acfd93e2241270036253531e43b28c1f77319;0xafa7bcb1;0xafa7bcb1L;0.500000;1503140362;1503140363
1;1024;8048;0x11c81d109797e260b05b8f099a45f83bcbec3c381cbe7cdb28865c2ffbb5b60c;0x9b995393dd99d40a7a57ed853885a7b9f5f85273e85c929de7e1741415d299b4;0xb836671a;0xb836671aL;0.500000;1503140364;1503140365
1;1024;8048;0x0803b90c5b44105d352b27978788d11589f5494693591257d6e24f5753e1a85b;0x8c5045d0ebd36c3f86b4de74649c8a540cdbfebf5ea076e21869003232f73eb1;0xd84f8fee;0xd84f8feeL;0.500000;1503140365;1503140366
1;1024;8048;0x64940bf79a26bc0cd80e3973c8b88244f42922f65a61ba231dcd644857438fbb;0xff8fe35827e536ffe029cac6710db161ec0a96719f0ba9f4a48e6b7000a0507a;0xdc7ffd7f;0xdc7ffd7fL;0.500000;1503140366;1503140368
1;1024;8048;0xafa2741d4be7ffe42002a57d5e68e98d53aaaf8a7275ceb33eb77af743409df2;0xfeb0ff5a0d557b64a31d2c571e68f87dcdb118e0f70d7ca1ead9d9e559471c4f;0xcabe27b2;0xcabe27b2L;0.500000;1503140368;1503140369
1;1024;8048;0x2e7d62e5f1c5d96d65727473b3848d8de186454c6a01269c4fe54cdd69a08998;0x06b8ba93e4acf77ea5b8462d4a34755f7fdfb83d3b5b533409d256579291a3b3;0x2e03c569;0x2e03c569L;0.500000;1503140369;1503140370
1;1024;8048;0xfe7ce5761603cbfd2fd8039b342fcb231b68728a938949f9e37775a8b505d2b3;0xf00a12d349f161a2f98766fe8d7e88038bcbeba3c05941c83af96a5f74bafe18;0x8769f6a2;0x8769f6a2L;0.500000;1503140371;1503140372
0;1024;8048;0x965f8a881862e58c68fb834fa604a6bfb2bf286f175a295f5228692a12fae4a9;0x546ce5dd1ba6f080f665012a55af57646b9f6d19e9cb3ea3475360213270ceb3;0xebfbad58;0x41ab04bcL;0.500000;1503140372;1503140374
1;1024;8048;0x5a215db308b5e198c20ec8b1c14b2823e114b62666e3ec2d04cff4c58f3184e9;0x53a867fd98390c7a7153fa4d08841b952c525bad4c3f105d43f9cd2ee048f8ab;0x5ac7d205;0x5ac7d205L;0.500000;1503140374;1503140375
1;1024;8048;0xa2da937a96e6ab0f14983e45d024154bb67a4e019a6c8154df10ffba6ed6b411;0x7e3026eaec308c104f766ffb962e824c421e364e9f7df6d947bc171c80d495f2;0xcaf61920;0xcaf61920L;0.500000;1503140375;1503140377
1;1024;8048;0x3724ec180b12b0c7ba4c29e20bba2e2ce01455de34db55889b63611db2c5e9e9;0xdc7f2883e939a10410eb6a9a3f2538c0714ca878d115d3b975553f2d915ec6f2;0x719db4d3;0x719db4d3L;0.500000;1503140377;1503140378
1;1024;8048;0x06d733c4d2e317897e471ad4f525a2c6ad8793a8acf21ed7ded6dd8c831bfa89;0xb13fa20af5d77b85c253fc58aff3c11468bf15cf524f91a11252a419d8182235;0x48b70f5f;0x48b70f5fL;0.500000;1503140379;1503140380
1;1024;8048;0x24d33ca933f33b541a5cb23325b0702b043d0adbe87429a5b6f2bac9d718c4fb;0xac607c5cd447bde09ac2aa140661dd4b32a985b6c0a12c0b33596da08468e8a1;0x03b2ac7a;0x3b2ac7aL;0.500000;1503140380;1503140381
