1;1024;8048;0x166b3701c8b8cffdf00415497f661cca45e422fccd1575840afbd2715244ba68;0xe0aa92251093e46a8179691a7e1f51a951b806202a36ae6b3133740ba803aa27;0xa411171a;0xa411171aL;0.500000;1503143631;1503143632
1;1024;8048;0x6643564f438301b3515f5a8a09d352ddc3d5bd61748aae484472dec0b9b31f1f;0x2947b246f34467a91e373d845de96b67544cf20f9f6e88d02f24912bf92606b0;0xd5df7564;0xd5df7564L;0.500000;1503143632;1503143634
1;1024;8048;0x4f7f04701223177a8f82c0ae999df03a70a8d8363a966c7afbcb37e2f6a25646;0x1ba2116e649512fcc4667d746b9f82707a85837a231718a3608fdb188edc1221;0xb7da955b;0xb7da955bL;0.500000;1503143634;1503143635
1;1024;8048;0x627ce45e0f8e5fe5af2d5448ba98fc638e3e731c234bec2ffb7706547159bbd4;0xff3bbdccef594b0cc1be0bf664fcf8cbe5a6eb1d410330d439ba791056e7275e;0xb9eb288d;0xb9eb288dL;0.500000;1503143635;1503143637
1;1024;8048;0x8f191d38af3369d7a1e878cbc00396180b7dad15bfd73802a9dfc0f5d446a863;0x5c7db3c84c0941953b24c4fde4547210ad76a043f16d8a67cf64d1d5e57a26e8;0xc8f97dda;0xc8f97ddaL;0.500000;1503143637;1503143638
1;1024;8048;0x39aff6835306445f50178d0654047c60d5cb4537afbf5d7abb45ec7c2d2e4066;0xea35636ac0de851dee2e1336c0649776831c4c4aa3a2502bad64184cf2c4a798;0x12295f37;0x12295f37L;0.500000;1503143638;1503143640
1;1024;8048;0x9c9a6ce97ca09adff721c9ec51144a3ed22633ca7af0b24b9d8bc5c8592120f5;0x979dea500d59cdc4baa8823f2059ada23f4a2980078a2ac347043d1c47c46b41;0x674ad971;0x674ad971L;0.500000;1503143640;1503143641
1;1024;8048;0x04eeea82bc893e3554d000864da441bbf4a9d6ebbd16dda2ab1e9cdb2d82bf32;0xbeff997457c7577a319d6825b3aa2d7a829a9a4d9fb7a0ea21ea2c79c6485c60;0xdfbc506b;0xdfbc506bL;0.500000;1503143642;1503143643
1;1024;8048;0x5a1f4482a9481f7549b247290a36f4d44a45c1489ec1425a751318f178aaa6d2;0x2254b8b1a14b4446df8fe82d91beb5ac5b6c8a3878bbe0e667c0ed9822fadb85;0xf251b451;0xf251b451L;0.500000;1503143643;1503143644
1;1024;8048;0x87dca1c0dd4abfa37e5ffd8c9c3603379c8b2918d9ad262cd57900500409208b;0xbae6a80e8387d313a64e3eb48996efcdfb2a0b2926610e282928deb2b5cc82b1;0x724dea93;0x724dea93L;0.500000;1503143645;1503143646
1;1024;8048;0x3ff35c37bc466b7dc1c2b7ea99f5dbc42ef1678280c71c1c134e38eff709ff36;0xf157d9eb77907f36262f4dafed8871c055367d8de7d28a8d5cf6008e9f0b7c78;0x4f286e32;0x4f286e32L;0.500000;1503143646;1503143648
1;1024;8048;0x0975a6cdc72f7a069a95f923c173b4ffc37dc9d0b8843899f15a4be7b60a90c0;0xd0372c8a81ea3f6ae58eb1162d8efdad783adf91e20a01590799f296b1ec532f;0x06a1c877;0x6a1c877L;0.500000;1503143648;1503143649
1;1024;8048;0xc1302497f93b21bfe30716be874727824ecd01093577e200b99a2738363245f7;0x3b2074572a23a6cb3e2b96afa442d4211542cf91ae9a5a3dfccd0fa98ef9cc61;0xd523b21f;0xd523b21fL;0.500000;1503143650;1503143651
1;1024;8048;0xc3b1ec4a2dc788062e3468f7d8356762505665f7d96e39c7a720204d4828fb0b;0xd8da377ffa01696666c544b64f9cef4fc4fa6705635a8c838daf72ba6f59904f;0x85dbc8d4;0x85dbc8d4L;0.500000;1503143651;1503143652
1;1024;8048;0xba29f168a6d04f0317feb0d9af4f7c51ae1a133c36d9f3153ddad433513c280b;0x77d4ae8b278843be507234699a405da341b692bef60813513d977800bee9205b;0xf2fc7dbb;0xf2fc7dbbL;0.500000;1503143653;1503143654
1;1024;8048;0xd88193c68a5169212a77e9cf4844397ab07a0ff8d53be519517b70746081c639;0xbc2dc13023399ec9b2d52a22865d7cea477c7db43d1c67cc7bd299e027d8d3aa;0x81adad60;0x81adad60L;0.500000;1503143654;1503143655
1;1024;8048;0x0a6e522c29701a206f5645959a2452ebc5fee1174eacc937257b30527e8b0c88;0x64caf948addeb2a87bf5f753482a4089501871e7fc15f223df0bf756297887cb;0xf8a93ef7;0xf8a93ef7L;0.500000;1503143655;1503143657
1;1024;8048;0x77b594de26f0b0ce8302c8abc2e9696243302bb6334d553ba8a8d979a276e619;0x46bad69021c799e5618b67a2df6e8877f2ec351c033cf5209515c9358f9c23ae;0x7fb3b392;0x7fb3b392L;0.500000;1503143657;1503143658
1;1024;8048;0x95a26dd79209afc295530e8cbceab9de1c82a6f63cf305b5063b263a6486cef9;0xce031c939bd13cd705fda21be16cae50bd50dd24eb3e260c9bb33ce4ae9f2474;0x3ae8f401;0x3ae8f401L;0.500000;1503143658;1503143660
1;1024;8048;0x8d4ded41e21170845a00f268c8b6c4a1aa5b4551168c4ce4c165f1dbe232646f;0x0e4e65d9176bf46351a351bd4fd4e81683ac005262a2a837a9587987fbbcffe2;0xff9695d1;0xff9695d1L;0.500000;1503143660;1503143661
