1;1024;8048;0x2468a3cc59e7a264f2540afcdf4e87ae54dbe43488b0ff3ad9c8ef718dc869b1;0xf27d2e813a88cf6635da1787e79d230fcf67988c7ce0093452b1867fb3eb7d2b;0xe4cdf030;0xe4cdf030L;0.500000;1503115988;1503115989
1;1024;8048;0x97eb0f4a79234a90809f5a07700d6f3ba84f1cb0ff5bf422e377f4ea515724e8;0x2b417a0fe1350dbab70a5018baaf013501a77bf1dc5884d510504ab904cb7d67;0xc140ff58;0xc140ff58L;0.500000;1503115989;1503115990
1;1024;8048;0x6cf66bbcdc35e5e1f1d2399e85d43fbd6c9bacd9f6de5e9a2c854e3ca7e49913;0x9b30299e3cc865b48ffd6a0e305966c36efed652ab6edcee0f2ae120cc8abcee;0x3720ef9c;0x3720ef9cL;0.500000;1503115991;1503115992
1;1024;8048;0x47e837849f71fd2b3fdb5b91f7f77b1856327c02b6fdf3cb230faedfc8c9960f;0x4a0365bba416b473ae96cf25158399de529c9862ffc24c8e874b652329609452;0x0efa41c8;0xefa41c8L;0.500000;1503115992;1503115993
1;1024;8048;0x365328618d0999bf965858fad719cca8df8bcd13f39dd8532ff81d9d9f2266d5;0x67b6791886a13eae9542328da900674c36fcc0c538f8fc5d409442f6ae07fd4d;0xd3a83d5c;0xd3a83d5cL;0.500000;1503115994;1503115995
1;1024;8048;0xe3772f024f8516d028a71d0168712086d22c76f1c1afc6284e5049ddc19713a5;0x330453751e69de434110d9a0470f1e9efb76b1986ed9c33b9abaf6b65c24e4e2;0xf5325425;0xf5325425L;0.500000;1503115995;1503115996
1;1024;8048;0x4651ff5e584b6cc3d3849cf58d7b91bf6ad2465f70c558b383c45c3f504a7b96;0x8ded2055fbacdf0cb297e2d8d4e33bb435861cf4125e582f8a653ec74c809fa7;0xb6d0dc10;0xb6d0dc10L;0.500000;1503115997;1503115998
1;1024;8048;0x9a39637bd22c8f635720e4a110f6c87ab2aa346abdecbd56a7274c6442f2a6dc;0x6d32c9fbc75ac1b2f0568c0f066a3b2c542ca87568ab9571479f3d2588078b78;0xdbfb5e1f;0xdbfb5e1fL;0.500000;1503115998;1503116000
1;1024;8048;0x23510fb594a168b18e5a88c694dd24c1d9115404893d864968590844c64635e9;0x800ee66c45115f39e4e6fa664644e70a79a395e66966f1bc6651a11d892d8dd0;0x300db83e;0x300db83eL;0.500000;1503116000;1503116001
1;1024;8048;0xae3e1f2131cfc02fd02daff7229c799e684f25949c5e2c7bbd819043fe2e27ac;0xcae675d099d754b6761566af428ac43fb2174fde47c7fbf1a05081cc06a2c3e0;0xd62eafd7;0xd62eafd7L;0.500000;1503116001;1503116003
1;1024;8048;0x6f75f77080eeecfde0fb102a04faed9a864e7bc97ce9e923ed81e13f64d382d3;0xefce5aea6367e77531f797698c213cf6b21196719b570dd651f8261ba78b70bb;0xbe44015f;0xbe44015fL;0.500000;1503116003;1503116004
1;1024;8048;0x765b3e3182a1c678ba776978c7e5e1c00121ecc114c1fadd396c2a6cb64a332c;0x8aadfcb87d95f8d998d18a994c6c6696838562085b87d886818b4d2c0a0ba10d;0xf1d47f2e;0xf1d47f2eL;0.500000;1503116004;1503116006
1;1024;8048;0x64762eac4d6a50d048624169f96f50a6f6b0110f55da42cdae04be9bf20d2a57;0xaeec771a93796d31d3250c82140eda148951b78366e6df7b299ebec2386aa9ac;0xf25325b3;0xf25325b3L;0.500000;1503116006;1503116007
1;1024;8048;0x9b4894433db9b7194693e4d66eaa8de81c25e7d1847ee1a27d364776116ad5ad;0x78ae66a4ed151c555cf0068dcfda3dcb15c0ba54ec63c4a89d56c53ae10b2a3f;0xaa74aff5;0xaa74aff5L;0.500000;1503116008;1503116009
0;1024;8048;0x55a140a540155fdfb6c81a278ac82a2b30a4ede86ad9e35553eabc359f8ed2f5;0x5460d9d6117e64aa4729c4093963cf5c17816bd58ccd3412e393b903d468498d;0xe9cf4840;0x2333179cL;0.500000;1503116009;1503116010
1;1024;8048;0x1c5519a37d8075e2011777d4bd82de4909d91aca3aa06ae1cfe72a523f0cf05b;0x7e2d4f2d921beecc6e968026f2d12e4a0abbce655f47c64a0f693f91536c83fc;0xaaa73629;0xaaa73629L;0.500000;1503116011;1503116012
1;1024;8048;0x0c1d15c47ed69e6effc38329c4c03f044774856600b4f171f852411e613f9c6d;0xdb0df58fd0ff812bbe3ca4cf0623125aadc9b455c110595d12e37b565aa85369;0x692d9389;0x692d9389L;0.500000;1503116012;1503116013
1;1024;8048;0x055951e3c217c8a282b8f42d687a0d195ef16f38cfa6233efc9255dbd32263d8;0xc56bf5741281f03d3a09aefd9ada1886dcd78f8c6f1aab6261f18fa8c9984014;0x2283fd6d;0x2283fd6dL;0.500000;1503116014;1503116015
1;1024;8048;0xaf3a6c1b257bf6460844186d6cdac0008dd649beabf2860ae556639825bbaad5;0x2172f9d18566b0c58da2730fea2c30b151da417ce764b3f1dca208e866b3dda4;0xaa8c0391;0xaa8c0391L;0.500000;1503116015;1503116016
1;1024;8048;0xc376a9b4ec6b97b673c635b9fd7029fc990ad40f494e6585ec0c667209a290cc;0x15014f1d3602158c660d3e4f84cca8e3d38da4c20f9615bf1eba110d5b5dfd50;0x036468c5;0x36468c5L;0.500000;1503116017;1503116018
