1;1024;8048;0x2ca9a9df5164de0db2ec0fd8e768cb154264d22c095e4627547b350fa20305ce;0xf063c9a00220fe535b426dcefcf1626003a52cba50b0424cbb192a5f7c0f1846;0x252a0741;0x252a0741L;0.500000;1503113373;1503113374
1;1024;8048;0x224321aebb4dc3ddfc2768282ac6681cf283d205855fe8477945d3a39df20dbf;0xb686a450450e4bc8e2b553454e3da3d97138559548da709c83109cafdb676343;0x5b4a787d;0x5b4a787dL;0.500000;1503113375;1503113376
1;1024;8048;0x8bcc1e664eeb1eb3821bf74fd7a05d6563bcfd7f5bdb8d90eba3093fe4d06470;0xf2f9d937457f75ed33a0f6223426c6bc6dcd4b4b27a94917525649beb61aaa32;0xd2bf4cb3;0xd2bf4cb3L;0.500000;1503113376;1503113378
1;1024;8048;0x176cc461311da28f28d17e0b56cf54a97b96eadf6d16778ff719b34388053f9f;0x53f7189e8f1ad0957cb370c17aed7e9f64b6b59060198d3808f1cb158ff1f7b1;0xe3927a90;0xe3927a90L;0.500000;1503113378;1503113379
1;1024;8048;0x416effa7cd5c8beb6adb1cc0773ce86d3ee3913c8b26a15c1efa7505e3706f25;0x158cd63b6b9665751514f94af338fc0f27854bb44c7f0bcacd660871e5d194f8;0x59820fe5;0x59820fe5L;0.500000;1503113379;1503113381
1;1024;8048;0x627a6b53a7ecdab9e3279ae7e5a02a850525f4cf3e5130942e71d2260298ee64;0x69cf397326765b7616ab628af4b9ad8e2ca6e026611dbd19b22ea00fed43f42a;0xb0e1e015;0xb0e1e015L;0.500000;1503113381;1503113382
1;1024;8048;0xcbb0cdc9daf3ec189307ebd7ad608c7fd5ec7643462adfa6719c92063e79480a;0x1e812954e0baefb0b948c5da62d7a9b26c4b11d704c5b2c0905949082d81edea;0x4731c4dd;0x4731c4ddL;0.500000;1503113383;1503113384
1;1024;8048;0xcf91586337f67fc81395616d3c4ecfcd1d345531b22679e9cdce013c7eabe84e;0x117449422b929150c8a28dfd63629b588deab0cafa8dd13ff6774d98431073de;0x4676f363;0x4676f363L;0.500000;1503113384;1503113385
1;1024;8048;0xc98da9fbdf458fd41007069151a0e1181a93ffdc2cbb0378d231acf6ff70d5c8;0x8b3dee4b24d49d93dd0f98907e7f5c7f2ebbcd9114240c64eeb810de364a8542;0xe86ec200;0xe86ec200L;0.500000;1503113385;1503113387
1;1024;8048;0x52ede8daa82493cb32a51ebf14794fdb0367b7b08d1b36d4809ea790c9fa161b;0xeed8b86221ff348781ca6dda4a30844a38ffd3c09d2c6902fc879b7c057609d2;0x2b39834f;0x2b39834fL;0.500000;1503113387;1503113388
1;1024;8048;0x4c57016813fb77b08999ced6d6ee5f2656de36f4eb9c9eb0b4b04822feb6ab4a;0x749190632d21ed82010e24bb13f028d91c114c71f4ba4de72bb70ae7fcffdcfd;0xba365b12;0xba365b12L;0.500000;1503113388;1503113389
1;1024;8048;0x9028904d68b56a3b7972ce778bfa6832843e3419f0780edd341709f019bda4aa;0xc68b6f3ff37d15323cbe717bf2b69806bc7c8aea3b2f6f595acb9cec72072ade;0xf92381a6;0xf92381a6L;0.500000;1503113390;1503113391
1;1024;8048;0x27a616aa0cd03db7567193efbdb116ffeaa1efe7b57df59f1b5b69d7a02b88c8;0x3abba713044b7df5db6c73dfc09d50f57c48cbb6860b94fa95c63c8787c7254f;0xdb3b7aa3;0xdb3b7aa3L;0.500000;1503113391;1503113392
1;1024;8048;0x1297ffefff9925e3170e251fa037ba93da7d9d86961fd81c3160f482b9bf0dcc;0xceb6bcf9895eda453cc75ed4b48eb17028e492617415e57b769a897507229130;0x7a9b088c;0x7a9b088cL;0.500000;1503113393;1503113394
1;1024;8048;0x33b3d06010d5f3e1d210c4f2a0b94e4b9fa3c21e2c032974a3931de228f3255b;0xc0fbf213864f8b804b4d5a2ab4317337a32394225d1f93a6272464eb6f943e56;0x56395a4c;0x56395a4cL;0.500000;1503113394;1503113396
1;1024;8048;0x245b172c939b7b4b4fe6ee47813527590eef19a4b26bf2382dee294bc65a0fea;0xca6a6cea35b67e9be9cab2abe119d1052d59c0169f803dc07f736099b3ebd6a2;0x4c28edf1;0x4c28edf1L;0.500000;1503113396;1503113397
1;1024;8048;0x63e1d9e49bfb3095cd8fc558ce55acd4a83c4231523650e0408dd20ac516af28;0xad89d2f57a5708c051bc244477ceba08bc7c4b946a8c8173e5f3eb67167ade24;0xe0d86428;0xe0d86428L;0.500000;1503113397;1503113399
1;1024;8048;0x8aa15947c81eb70ac4d286b81179095af8231951571dfafcb4398ef2c8c9e252;0x60e04ff45a6b72e4b7824d568f081155bce4684d29098309519e2543e22298a2;0xdb36f937;0xdb36f937L;0.500000;1503113399;1503113400
1;1024;8048;0xe6f5a8e1c8853ffac8ee69d9475ca219b5e7615c0f147d2ed841bfef9202db78;0x2a2b65234f198c16d584ee370cc570e395079e12e5a30ff7a9887b3c11064238;0x0ce598cf;0xce598cfL;0.500000;1503113401;1503113402
1;1024;8048;0x665962883f53934d5494c123f0bfbe60d1ada70b0b10a0294c2c81b5639283c9;0xab1f3e664f6892e5753b55f2b371371aec958b589f32bcb397f56813b0530e37;0xd4b88ecc;0xd4b88eccL;0.500000;1503113402;1503113403
