1;1024;8048;0xf8e10114cd13b228b3798545e576d8871d7c0231f7b537ef1fe68d6c6f448167;0xd3c757076c42712e74c6f22531953eeec19c0179969eee501f292810e4b33171;0xcc3988be;0xcc3988beL;0.500000;1503135095;1503135097
1;1024;8048;0x1cabd9c8974847db8d40f492a71c96dff81f87eef24995bc0937af27b8d7c1d5;0x940d13b1efe481c3e8505d19374f4499e1415bc53c2b7c95a4353cdc43c8620b;0x7a1cddf4;0x7a1cddf4L;0.500000;1503135097;1503135098
1;1024;8048;0x6cde31b47e0f14ed5b4b3e2d4bb5b41aae493012d5f95fbec8603ae5ba7ec326;0xfb8be5a5fa41072d471c49ba13fe971b2d9c59c36d7f9de8e234b0702abe8af7;0x578497f9;0x578497f9L;0.500000;1503135098;1503135100
1;1024;8048;0x30e6864055cd48431ad69d505f1ada7253a4cdbed2311bff6646c235f2c7cb23;0xc045bc2b5e5de766a72115ee430038021360b5acf261d1424c5f70f9c6808eef;0x1d1fc8a1;0x1d1fc8a1L;0.500000;1503135100;1503135101
1;1024;8048;0x388d1be921b953bd490dd9d4972192725461efe00e7edf054bfe65346fbe3da7;0xf06e63fc69519d092cb8ceffbf6fb99ca4e33e5ebf39918f3e868321a4a16333;0x662963c6;0x662963c6L;0.500000;1503135101;1503135103
1;1024;8048;0x8629da6817d819f5ef40bf15fbca24c34ad06bc2f679b1b659493ce2378047bd;0x91c80fe1888b82bbc9af166fe7363614b172d1923bd1138251729bf13ce0e37f;0xb2b65b3e;0xb2b65b3eL;0.500000;1503135103;1503135104
1;1024;8048;0x5c9cd472c6e25ae1267922b09d116b48ee2f4b2bc291d0d87987205316724872;0x5ee8578b13188079dcf8b681fc495b980783168757346195b78c4dd5c1ea224c;0xc8f65b74;0xc8f65b74L;0.500000;1503135104;1503135106
1;1024;8048;0xfe1a4a167bc4452f0864ecf578173b8e7dace3ddbc58154ddbff0b59b0e8f2ae;0x80ec06be8bc6dea730a10d5c4ea2927ecbe3c9adf14b36086f31f692ae76e47a;0x49c66fe6;0x49c66fe6L;0.500000;1503135106;1503135107
1;1024;8048;0x463772c16cb79eac8352662417dd38de331e1187a8e836fe5607f67ac77ab50d;0xa13bd33fdb2810c3032900963297fb48ac0a46282a843689b3fa0644d116a75e;0xb2179948;0xb2179948L;0.500000;1503135108;1503135109
1;1024;8048;0xf1ce4306c2a9595d3f0832fd301329c6a705e03dded29e8389bf20a653b8a244;0x5397e28ef855a4341b50a914302d8991ef60c03a1044166c462a067339bfd85f;0xd91480cf;0xd91480cfL;0.500000;1503135109;1503135110
1;1024;8048;0x67ad08e4ad027730b2907f29ac4b19dba18dcfbf74f3478dd0bb8db54335b1aa;0xd1799fd2ac978692b769858b0c8299299cee760854a659e0ea1da92f3c219656;0x89bebf6d;0x89bebf6dL;0.500000;1503135111;1503135112
1;1024;8048;0xc7b66d3fdc55b332e7cd89ad24e4f7979ecec6abf6570871894e474f056860cc;0xe8649e39b1b5e720ff7c69ae6fd7deeb827dfa946da488690d64ecaf0527383a;0x933ae611;0x933ae611L;0.500000;1503135112;1503135114
1;1024;8048;0xaa38cdad97265b3170835d4654fa3f705744683e8db6c6b3f8a10ee3f090149a;0x4b6996e9e2126d1681215006936ab0d040c69ef0f8cae6c10869ac9b45ae9d90;0x4d68ee7b;0x4d68ee7bL;0.500000;1503135114;1503135115
1;1024;8048;0x24a40426a3194bc1321d516e0960814507fa7ce4cfe1103462a6fd6307873f2b;0xf812ae70b217dc2d38ba142a0214a8a52fa2b27cdaeec8c373bf38f6ad199186;0xb8c58a68;0xb8c58a68L;0.500000;1503135116;1503135117
1;1024;8048;0x59f9a41645dc7e79a07dfb10209021d6c7ddd6fa6d84a421e69d34d677ac12d0;0x3b3c59677d381c1acc18573156f38304b2312a2871a0dc9a361d1b30a4e62874;0x1ae807f8;0x1ae807f8L;0.500000;1503135117;1503135118
1;1024;8048;0xf9279b64eeddcad928d80fe9f04f6d3c7f6f5771bd4fcdf86ca529d1c49b9fbd;0xa50ae6c5afbd37c2e58b2540cb5a596ea3d37ef773d8b815c4e0bb55993221f8;0x2d7156ea;0x2d7156eaL;0.500000;1503135119;1503135120
1;1024;8048;0x2455940920f0c5ffbe8b156467630471d9b074d411d463fb22724b2327f11a4c;0x6ff6e6148f9a1ad0323e48ddffce641ad1a5bbe63589c53163f796935a3765d3;0x05d66bcc;0x5d66bccL;0.500000;1503135120;1503135122
1;1024;8048;0x4517b590837ab84f9c3c953ce42f67abf7e44005b12270d52134cf60a17855e6;0x434f7c9e2c7d72bd9ddb3b448569b332d895248a7f3fcb7df0a4f79fee641d7d;0x99cf238c;0x99cf238cL;0.500000;1503135122;1503135123
1;1024;8048;0x3e7c770005df02a09f644b75c5d99bb9b6bf947cb6f7e1d8cf13659b26d46464;0x57456d1eebcd1111e487c8dda1e32eb85d07cdcd133f7ce11b7e1a85bcf808a8;0x223af061;0x223af061L;0.500000;1503135123;1503135124
1;1024;8048;0xd8bcb202325038a2a5849cef75a191524f7d0bd76905448891776b130ed874e6;0x7f4878d19a345c3d9a5ee0af97ff4488d94e22e65e6f0c7efac3ee64f8868141;0x168fdf62;0x168fdf62L;0.500000;1503135125;1503135126
