1;1024;8048;0x3a4e35d062fae3952cb5fb8c1f1e719de888cba5f83314ad744d2616c6cdac00;0x97fa226619635f32fa812bf021b51d73e2241024b421b93a3177e2218e46ad13;0x0761957f;0x761957fL;0.500000;1503109439;1503109440
1;1024;8048;0x38d42166c05649bd8ec8b50286cbd46ad4324fa4863bcaac4ab005a35dea7995;0x06b298cfdb45af51f996ede4d0d73f61b16d398d1d77782b21d1c35767ee612c;0x6e5deab8;0x6e5deab8L;0.500000;1503109441;1503109442
1;1024;8048;0xc70756d4e218ac93478222683ac45da662e1281bb761e5636d3a9f4a6555462c;0x4c5b22d0c48255312293a763b0f5ee7985e5462c1f03cb7b15bcb8687149bdd7;0x4e1227c9;0x4e1227c9L;0.500000;1503109442;1503109444
1;1024;8048;0x2115da48d3ef93da161e711767eaeef6e4a5962699f5456f2f2aa3c30f2fd130;0xabdfbe2917a7c36a38ea6fde9c0105b61bee38b4d7cc7cd844613e35f6d8d7b3;0xc320e504;0xc320e504L;0.500000;1503109444;1503109445
1;1024;8048;0x0208ff96c23efb2e0d0648bf665497582ef2a375bdc95498b435b41319008b1b;0x22e50df7754583648f695d2f26fe313c8895097932d43dbd8367022a17d649de;0xe1ee7ef1;0xe1ee7ef1L;0.500000;1503109445;1503109446
1;1024;8048;0xaf0c0b6202f46286af08ebd092748b8d7f6cb847d612cac09fdd328368801d17;0xc2b5e3522b31fd42e95268f8d4ec9d59edc50677947f9c336e21f01b5381aac6;0x103b65e8;0x103b65e8L;0.500000;1503109447;1503109448
1;1024;8048;0xf710f7d2aeb8c738d53cb0428980e5996cad1026286c39736c68f8b889c93181;0x8fa534b1efccf99e78f3b512d5925685b117387f3d436b98bbdfb70aba7f6a20;0xb3838aae;0xb3838aaeL;0.500000;1503109448;1503109449
1;1024;8048;0xa3114bb4f691b01c6c71d5c140e3cf906cb0bcf32105d8656a10b2b27a0a7b1d;0x5040385b8055095a394c993802f59acce55a137616e95592fcbca6ceb3b3508d;0x2b6aae3c;0x2b6aae3cL;0.500000;1503109450;1503109451
1;1024;8048;0x87cab2f81dcf81e913345c5aa69d49aba8f3d6c61f114e9118e4d3395629a9dd;0xd471c8b30b24395aad6bef391d0090f1df2fe87c1dd5911279b608b97b7d6095;0x66b074f1;0x66b074f1L;0.500000;1503109451;1503109452
1;1024;8048;0x3d27df15923de9cd7fe99fb6e64b542f2088e04d23bfd976f0c8de1f67e523a4;0x1cbb3b413f992a29c166aa238dd22e1c3c35dd93994fab573ad9f9ee7e01edd8;0xbfd35f42;0xbfd35f42L;0.500000;1503109452;1503109454
1;1024;8048;0xf049235e17c585af1136e2cfa97ffea9b5e33d889149096e8436c6ce46bf8936;0xc6e739be28e677838bc15c5c1bb505ec49dc15ead1a94713e9f2cc75eca6efd3;0x0b40ab73;0xb40ab73L;0.500000;1503109454;1503109455
1;1024;8048;0xc43a2820aca81709a436c28628a495c5ad9588839d3fcf9e3654bda72cd701f0;0x6b0f16fda8ecb62038d4414e0b710aa52377cd0a9b79c9efe287b67c6ef7dfdc;0xa7a33fce;0xa7a33fceL;0.500000;1503109455;1503109456
1;1024;8048;0xb9534b98a53202bf0856437e2c51ab75b97caf6ca5edce5c8ef72ccd80636f39;0x241637f47f0d8112242215c85b4116b96e9bba6d3547731f287a781baa4d7185;0xc7059e65;0xc7059e65L;0.500000;1503109457;1503109458
1;1024;8048;0x97f879a300dc296ae403f8e86cff2af77e1fa60a2ee062ab2b1544c4b3069c4a;0x604d02aa302253e6960ba47dc100ed82c4b477ad0313545b1f0a3571182f9cc6;0x8e65b269;0x8e65b269L;0.500000;1503109458;1503109459
1;1024;8048;0x191891e83b057434a00e6271601a76511c281a5d684ec61d2afa9dfaffda1418;0x3a2222df044260abce1aaa81d5e90be7af2eac829b3c4a06e1fc04bfcc26639b;0xe86bb9a2;0xe86bb9a2L;0.500000;1503109460;1503109461
1;1024;8048;0x61ab5babc2cc9cc2937cb560b98ec68d52263c8475a7db6e45f2b4eaf24bc153;0x22329b5c1c808739e9711273308bf738024c27dfead130474c4da765aeb44dbd;0xe17ab456;0xe17ab456L;0.500000;1503109461;1503109462
1;1024;8048;0xe80109cb6d8b39ba33d94cd66cf0abc7f030a1bf717f0afdd562f8ae9d885c85;0x2db28efb1faad70cea8f918fac40c216f571d44ff04e74185cacd9c69f8588a6;0xe99d6457;0xe99d6457L;0.500000;1503109462;1503109464
1;1024;8048;0xbef1cf608f3a6895635f90cfdce782667e0d13444eb1eba44c6608be7bf87a39;0xab5584ce768ce47676223ce9c4606197475c72f9a2a974a82571dd8b8a2253d4;0x02e367fc;0x2e367fcL;0.500000;1503109464;1503109465
1;1024;8048;0xe94ab3c4789c8a7431c4252bd6a743a0bac0960f243fd2f289e37063aaeec293;0x80ac4276589a297b2b87d31e1029f27674f85022e437dd6a4781d8dd50bd3ab6;0xec2eb2bd;0xec2eb2bdL;0.500000;1503109465;1503109467
1;1024;8048;0xff8a3852218717ca32cff848acf7f09be7b71a384448d90d30c1b136ad45b2ad;0xae3ad729820fe429b383f18c45ad1007bd43d5439f041c6d4ed5c4c731927ff2;0x5b18cb40;0x5b18cb40L;0.500000;1503109467;1503109468
