1;1024;8048;0xbfd5b27289e80c9d48983f51712733102f20e3919e331167c177be9ea8fb5867;0x73f74c62cbfae5c9c1e73314e0276358f839bd88b3dab4dca2419d602f6beb98;0xb26ff5d5;0xb26ff5d5L;0.500000;1503078874;1503078875
1;1024;8048;0xebd3819f4bd24f98315e4888217f22b7e494707ed89f2c3b36fd7b65e404f2d0;0x5f5c151d9579eb06504811b27f686a0947b3d0a8105495bc31b79f4b78726437;0x590fa0d5;0x590fa0d5L;0.500000;1503078875;1503078877
1;1024;8048;0xdae638397d1ab814c4151d101a68133514f81e6419d3009bf5b024fbd09809aa;0xb3fd4a58b1808f7c0473d4877358ae492231f5bbf86899a372fc49157a902896;0x711d4e4e;0x711d4e4eL;0.500000;1503078877;1503078879
1;1024;8048;0xd30b519c75cd4eba0e360270ce07e009791656cc0913e0f8f0d1313c2404c6f7;0xe108240997e20507ed2710688c4aa2403f66d366851de4a995649000355fc639;0x44427a79;0x44427a79L;0.500000;1503078879;1503078880
1;1024;8048;0x245f76d4ef687ce5061bd97d83fd037a9edfa652849333e8692e213cfbabb01f;0xc4914d85c33d47f0e84df0f3415ff9b1436f5729524c4f0517ac3aa10e691e18;0x9f4e0148;0x9f4e0148L;0.500000;1503078881;1503078882
1;1024;8048;0xb889c36dd6eddd0983dc59ccb5e4ffd289e32a9294b0bbec51e74a29fb90bfb3;0xf22e8ba02fde0b9416c781de1ce6c5d7ea33b04155d6034c0952e28e926e7c42;0x2c9896ea;0x2c9896eaL;0.500000;1503078882;1503078884
1;1024;8048;0x87d110b98d690a28bdf79441f2e0bbea45e3555cbdc3fe8e0570e1655e0fdde5;0x5d23a9d95315fe4a10ef4db5ca43962c753d9ced013367c6f5fada32661dce3a;0xe14f6c22;0xe14f6c22L;0.500000;1503078884;1503078886
1;1024;8048;0x39cbb3c165913dd0a5121527454b8567ff7688f637ea57db5fd0a93574886cad;0xb4904378b60d6465627c8179deb70f1d71d6510b591ea2daa7e15cd98bd2dc8e;0x8d15ff36;0x8d15ff36L;0.500000;1503078886;1503078887
1;1024;8048;0x73842fa5d5bb4bd738fceef4695a872932cb92ae8768c229a8ff5d1ce14f4955;0xad1b06b4ac1807004795668f3bfd7e3d3f8e899179d86677f1f7531b3c46f812;0x2a677d2d;0x2a677d2dL;0.500000;1503078888;1503078889
1;1024;8048;0xa361dddc8e663cbb0511005ac25ee56f2a1318439625a5210331627d42f326e6;0x86617f974a4b614b88483187541be825598c3dfcae67799f41e2a4bae5ecdf6c;0xb9d1c7fe;0xb9d1c7feL;0.500000;1503078889;1503078891
1;1024;8048;0xa715ed3accb6f7d31cbadc110a1e795d8cf8e5cf5cbe137e060f4f4e1badadc2;0x113005ec4804e0a7bc0512562c984bc7839d0b779be37f3784ba9b0b35762428;0x7e1fab4c;0x7e1fab4cL;0.500000;1503078891;1503078893
1;1024;8048;0x90a2a34e966fcaa1940b09c4d78efcf39483928bc44885b7ab9a3493cf24785f;0x7c036696c1046f2454267dc859a5b342200cacc41c098b3808057f9425babb94;0xfea11772;0xfea11772L;0.500000;1503078893;1503078894
1;1024;8048;0x13b056da27647b6499351b53d568617a0e90cffc2083c0900fb3b999b9ff4bcc;0x5efac89a233623d5f0f48ac0ddfe8f0ccb46d2f8bd539429fa5ef6ec3faeab09;0x5af09ec1;0x5af09ec1L;0.500000;1503078895;1503078896
1;1024;8048;0xe09912013e10102279e0e7d8263e71076ca8b797d47ba90d921aea609cb2347c;0xef8ebec7cbd2ab485fd2236392332b45f864ced41755cd6aa6473c9a1354adb1;0x2740cf71;0x2740cf71L;0.500000;1503078897;1503078898
1;1024;8048;0x319b40543b663ecb41734ad21db6ce5ba78beaec3b331fe112a9d954e05b6312;0xbde21c135642e6ee46ca354502e017edcf9e3008869a25c51cf0efb5c94f58ae;0x9014075c;0x9014075cL;0.500000;1503078898;1503078900
1;1024;8048;0x877d8850ef9857ea31ead73400456d38a729e7a66c6f035443e9da8a298dfab0;0xbac35f389d112d0424933d779ea1789f410a7ca9f64878be304d5bece28a1c5e;0x4a7423ff;0x4a7423ffL;0.500000;1503078900;1503078902
1;1024;8048;0x38bf225d8ae9a3ca2e8e8174313163cf716254f1ed8f7b81788d3d54d3d0990b;0x22298963ba7e2f940473c2d835be2008daf1133736e3d2bacca40f6ddcb70077;0xf73f500c;0xf73f500cL;0.500000;1503078902;1503078904
1;1024;8048;0xe0cededd4bd7cab19bb30fd2823dff1403f6468c7e3b667270b865a49c06f97d;0x866e0a5f3da708cbc648f469c9edb711fd807802ab5aed7cc4adc73137b490cf;0xef026029;0xef026029L;0.500000;1503078904;1503078906
1;1024;8048;0x7d68731368a2c19c83630af4eb30accbc73e35660ee0b47b80d14f6327e0bda4;0x7832dede057a48a499095e36ec7dcc17d5b5204b244a8647270258ced8873929;0x3dd00957;0x3dd00957L;0.500000;1503078906;1503078907
1;1024;8048;0xef52e47252052a0aec19e54f68724ebd4aa0c13405a2a28d2621600cacb09f9c;0x26be51b4f1b194571e08fcc936b27e8a98647badd72f6ced74f74a1f72e4d68b;0x9c15ba8f;0x9c15ba8fL;0.500000;1503078908;1503078909
