1;1024;8048;0x55e3595ec8d2e0e8a82cd48d1b2cd96274f35812bebc2939355fd2a38a3d9cdf;0x7d64928848248e01742039741d014cc1cfd89acbba467008a79ee6b7890d5312;0x0fe9f385;0xfe9f385L;0.500000;1503098883;1503098885
1;1024;8048;0x8eaa40c721227be103863232d4cd97abf83f52117956b7db00aa2303d6354f64;0x771376299db530c47ddebaa6cd98306f983bb00b82013151f1fb12464ad34f48;0xa1ea9d9f;0xa1ea9d9fL;0.500000;1503098885;1503098886
1;1024;8048;0x8f26e8062275bb9ab824a1a5c37113233565cc02374454c617a69059403756cf;0x7ea976199089014396e83262bdffcdee8369ddfdf2595afda99c180ba90bdcb4;0x93c699d8;0x93c699d8L;0.500000;1503098886;1503098888
1;1024;8048;0x3a4a29a33a07f5ba7992badd2e1721ed2533ae4fc9d9020b06d211fac98c3d03;0xfd541df60a739c4bf08bee4b9dfb5b56dda38fb100bb54198629b19784c10b91;0xaa8151e1;0xaa8151e1L;0.500000;1503098888;1503098889
1;1024;8048;0xd41c3ca802d60be4338b2c8f4b94d42385f0ff4b4f16d45cfeca4bbac9bc8d9e;0xf104bc0c4df3c2974bd549c2eda0d11907070f59f7c8f18a6daf2caa638d677c;0x227b091d;0x227b091dL;0.500000;1503098889;1503098890
1;1024;8048;0x7978df8c4f6112bd151d98c86c25c4fa53296f61610ce6ca890b5da89c5d0915;0x0b3c4308b65c1398c3f771e23343d26791e02e921cea66332f0f1df60070581e;0xe9ecb523;0xe9ecb523L;0.500000;1503098891;1503098892
1;1024;8048;0x525e338a1f06602f72cf9f064165701437077b1e24a347d4b7bb9da7100ab963;0xd43ee4f83101b841156a8ba8b2b70c78fdfca781d6bdd3aa79cd778e24d798c8;0x45bb29e2;0x45bb29e2L;0.500000;1503098892;1503098893
1;1024;8048;0xc8e9abbafa70716d48588c4ada619fef6c87ba82539233c30c9199cd8d324756;0xc33c6782dd5951ab65ca755559dbdf6a6ceb5bd1f97527cb79f86963aac2f115;0xb0f21d42;0xb0f21d42L;0.500000;1503098894;1503098895
1;1024;8048;0x86b5856f3dd7ae24ff6400c38a67a00979cd65c5897459b307c149439c634122;0xda066de7a531e1ca1bb8e56379a8648a0a7ee02729cd6e15e99a437be98a33a5;0xbd996e73;0xbd996e73L;0.500000;1503098895;1503098896
1;1024;8048;0xc640361f3f03de3c510387534b0bb1a8f1684848dfd9966aa79a85fb290a25f0;0x47836b3fb0767e86b53bef2118bc115a8d1ae9584e63bd2d94c6a461b1a12696;0xd5436815;0xd5436815L;0.500000;1503098896;1503098898
1;1024;8048;0xb10f483db7aee87c03ea8d62f77a62bd9a9a82aea812edbd323ee981a43e4e55;0x19b68267f025af1f9f3bde018ed3579809a82e7d436f8b57f1738732ae29a846;0xd1c00e6d;0xd1c00e6dL;0.500000;1503098898;1503098899
1;1024;8048;0x3f3cb0c356e05389898ef2fa5c2273e8e12d132523f728a327d9193007411747;0xf21204657ee9bc736e172ccd79791e25683e935deab2f08cea546a3f6e357a76;0x9c76f567;0x9c76f567L;0.500000;1503098899;1503098901
1;1024;8048;0x4644aff1f8725355a5ded2649f138d8553fe5b433bd21e495b6e437fa3144ee9;0x6714f86151d3276bc50a116d5c217c5c90e9eb1ba2f275e1fb94ce64fe729adb;0xa6b56731;0xa6b56731L;0.500000;1503098901;1503098902
1;1024;8048;0x08c90a2b918c7b966d33ac7c4678392a4bb011fa0315fa8bcd439b39f07f37f8;0x76c015c14d55182be6df184f18c4db567f71aa90fbd27caed8eb21e666b27222;0x503e2c40;0x503e2c40L;0.500000;1503098902;1503098903
1;1024;8048;0x1cd49743bf2bfd962b4c247cbb4972771fba98c8bb1989d08abcf8f998481cb4;0xbe78fb5e9892ef1bd6efea4d8af00cbfb817a696022857eb0f216efbab71f76e;0x79008d23;0x79008d23L;0.500000;1503098904;1503098905
1;1024;8048;0x7d6e06f407dfb35732517a8e8bad14d88ac055fa86e3339dc25a12a05374d6d1;0xdca8fd4991056cfc8cfc20fcbff244a9bf0c7cee0ca01a14c161e8a2dbcda7b1;0x0bcf1670;0xbcf1670L;0.500000;1503098905;1503098906
1;1024;8048;0x0e6d711543deb415f23b263739baf7d572a9b3834e14f7edccf0342ad0d421df;0xb795a954e35c3cba4bc4809acf151046f8771672686e9303e83878d52909e122;0x12387708;0x12387708L;0.500000;1503098907;1503098908
1;1024;8048;0xcc1da8cf66959031d08ad0eee0635db1bb08580e6e10ee4292eff86de0d757ac;0x4f83aade800ec6158be1100fc458d97d6e8ac14ca81e9eab2949862415c602a6;0xdef314d0;0xdef314d0L;0.500000;1503098908;1503098909
1;1024;8048;0x5fd70b002741934c3455810f750ad1ba891e50b91e10d82cead5728467ece7c7;0xce0afc03a5880fc66ae99e1ff357cad17cd1f121d4a7c82b3c9c7c949526be10;0xf56307a1;0xf56307a1L;0.500000;1503098909;1503098911
1;1024;8048;0xec40d5374f5e1c70625f852c64b89cdf0aca9cbb63babdf237591dbff123c4dd;0xb7ac2517ce9175904e2c3bca48785e816c37a9ef90973d341d14e66e0b9f5886;0xfacaa726;0xfacaa726L;0.500000;1503098911;1503098912
