1;1024;8048;0x17dee1e32bd2cfcc12ad320341e09dab9ba5be3060b5df118c0fe5a4846c379b;0x63878da7c413229843e6dd03572af4b06094c55521b11d2762c6a856ff131594;0x19bc5d70;0x19bc5d70L;0.500000;1503076012;1503076013
0;1024;8048;0x88186a71f9869f44f3abd034bb643533be6b93c6744475326b6bde282ad186b3;0x79e5c14ef90123779abf7a2ce978074707c107cf9ea8922a19ff89769d67c1e3;0x242c9771;0xda49eb8L;0.500000;1503076014;1503076015
1;1024;8048;0x375ce8cc2ebf602134cf19f7a28205e4a0e0016ec0888b611a20deebb64570ee;0xf355b853bb00bfd29e25ecff7452c9639ea0ac0c76f10e8360b64730829dfc77;0x1f9dcc29;0x1f9dcc29L;0.500000;1503076015;1503076016
1;1024;8048;0x57176a7ff617561f40c8ceea0bc89f239543ed2ddc5715fc6e3696dd3418488b;0xac512cfbc7856de60919f66ee2a69628f76bcc73f2e4de3bd13931b6225104c9;0x4b91adcb;0x4b91adcbL;0.500000;1503076017;1503076018
1;1024;8048;0xefbfc4b15f7675694eb133b7cac4456a5a3ca9e1ef80a3d4b2d2504aa057998f;0x560a408e0247e50870fa35cdf1f7f924aba47d97abc345b6778d7b1cbcc77d62;0x3d402344;0x3d402344L;0.500000;1503076018;1503076020
1;1024;8048;0x91de771a2e75fc3b435360f696e9fbb9db7dc7e065ec881204abba9470518e02;0x94eb557026820072367cbd03c62b1da4e002f211661a4be616fadb3f91f1edf5;0x503b6c21;0x503b6c21L;0.500000;1503076020;1503076021
1;1024;8048;0x573ecb15850faf20e6d8b8cf3052fb43dd9626765ceb763dbfb20a20c7e91f1e;0x4547ebc9905344bbc4e35af6706c3f054bbd1601e3ac6146d3b8b7d68b4bf4ae;0xbd0f497b;0xbd0f497bL;0.500000;1503076022;1503076023
1;1024;8048;0x32ba2c16ec2207963955a0bfd548e8c9f5f354c586ff78952d9bc8183ce9ac6e;0x1798c7b3b3d7d70a3e92346e94ae9eca1df6ba7d23271650666e55a614c4fc2c;0xfb06de46;0xfb06de46L;0.500000;1503076023;1503076025
1;1024;8048;0xc853d2055ea5ffde5a10c939191e6fd21d48290095ed9a9d8813b324d83c00a0;0x584a83fee7c41b43c7ad61ad22cb220bd3479d278ca9b34818e22feb3f386179;0xa2de2a47;0xa2de2a47L;0.500000;1503076025;1503076027
1;1024;8048;0x314c39542ce7e13be8b019da8ea9f81ce0ad34e28ae9420fb726d6d6a12c31d2;0x0e3620555bf9d047557e4794942610fa0fa85bfaff17af2be1540366f8d06d91;0x6e0151ba;0x6e0151baL;0.500000;1503076027;1503076029
1;1024;8048;0xc9452d807cc4293cf82f0dd996eb88d83449d4cfcd32e3970264ede4e64d25af;0x8980c525f5b6af9aae3343347866a5caedb77c438ce2bddf7d2267bbb76f6961;0xf31123dc;0xf31123dcL;0.500000;1503076029;1503076030
1;1024;8048;0x7307876d617fda1e44d95470d8f034e2f6a4981902e0539330dd66c511e54984;0xca8133273584e851d3c24b4769c41c8d573daa701ce7dfba93d21ecd9cea09d7;0x85df0163;0x85df0163L;0.500000;1503076030;1503076032
1;1024;8048;0xdc9892feb4cc791832060d5715aea71771ae10167310363a34a63027adf8d089;0x10cbb2c8437b3ad7d8875f91988488337faa9dd5e47db4c5c71b389a92d56c7f;0xf3b90681;0xf3b90681L;0.500000;1503076032;1503076034
1;1024;8048;0xd5f23755270e740c217347e1a68784c81249d954920032bae5361735ebcedfc0;0xf064ba5c33a5a137fb8638553198cf3e6ad8b199eeb798b96791e83aefbe3753;0xdcb9350b;0xdcb9350bL;0.500000;1503076034;1503076035
1;1024;8048;0x1d65d69887b4119847a9ee56285807be550ea42bfeb78b11ca2b6d7cdf4fd1fc;0xf1e799e0f486dd1b2de0a2997070f89bcc14880e59cd100fc58cbf7a946c92ee;0x5130d1db;0x5130d1dbL;0.500000;1503076036;1503076037
1;1024;8048;0x73ee631723de14921554d12d7d28513dce2a46c31e563958589d90ac0cdf7d80;0x67184f32fd9cb9bef2d264e0a2363fd74cff1d70f508c40594e4c800ae7b1426;0xd5c2e36e;0xd5c2e36eL;0.500000;1503076037;1503076039
1;1024;8048;0x53ad4cfbc5bff1f5e5abbeae4daefa1453f9ad7a45e208bc7203c8d7928cd1e6;0x7417448258c0b4c36793f17ac904c8eb9fbc311544758782ffcf073440b6ef06;0x928db34b;0x928db34bL;0.500000;1503076039;1503076041
1;1024;8048;0xd9b322840e655478f5d2728d5ff4db8272beec293df52629e002681245b1da1f;0x72250f235f02a370bc0be57bc914b8b37f9f8dff80247290269f06f921fbd112;0xf26175b3;0xf26175b3L;0.500000;1503076041;1503076042
1;1024;8048;0xb141b3857e39e5b47ccd65b7e030d30133bb80641d2ece9fb4c48d59e3f01095;0xe273a154597f09538cfb6728652d61a516f25857c639067ade72525536fe0187;0x774d7012;0x774d7012L;0.500000;1503076042;1503076044
1;1024;8048;0xfd20f8ad2644601008e0f81ca1fa2a8b535f84ecdf836ad3eb6b6eb50142e6fe;0xf14f1119a255a3862dbfeac56de855ce5fd27dbadc323bcd953d234c4b219923;0x20f5731d;0x20f5731dL;0.500000;1503076044;1503076046
