1;1024;8048;0xc33636f93857bb4b70d939196fa2bfdb4f85cae0ecb0df2781511d3a03e06ac7;0xe235c9e866bc0e999428c69aa86a816bf70198c4b9fb854115e314d5408928d2;0xc08560e6;0xc08560e6L;0.500000;1503095576;1503095577
1;1024;8048;0xdcb69d4237bd0f3bd9d1b9c2b9f314683e23df563449e7f343705d1da42d2e81;0x8ed665a3aae281374935f9d24d34035bd0535d43310bb003ba42ac4480da7fbf;0x8bfe4654;0x8bfe4654L;0.500000;1503095577;1503095578
1;1024;8048;0xcf28a918767bf8de460f273c0f07bf7283c06aa220cd9a5632e60a2b65e28534;0x163d2d1778ba7567c3ac666b44cf368e56a2a34eb2f7160a5c4ae3ea794cdb50;0xd8834784;0xd8834784L;0.500000;1503095579;1503095580
1;1024;8048;0x61453e91a1c15fa5fa082cf1d4af591341fc256aaa75ca4516d9793c763c86d7;0x98dd9cbb1e5dbb9ea0e0332f2daa79a1f9e884eb5414ac1effdbd682d12a2647;0x30a316e8;0x30a316e8L;0.500000;1503095580;1503095581
1;1024;8048;0xd199a9561c1973804ae2a0f76aceb5b4ad68c3ee5b4d243740c92e14dd7f33ae;0x4d6fd6de0e3c0eda8c35dc50a09e9f41786b26c4052f9b75baad8cc89d981369;0x5fcf9110;0x5fcf9110L;0.500000;1503095582;1503095583
1;1024;8048;0xfaf9edfb4a6653bba9fac5cbff85dcafe892ed7fe66b97c1626fa90062aab25d;0x8acd898cccebda97deb17d4d7286cf63c472117fbb815eda820f2863e5cfdece;0x944940a5;0x944940a5L;0.500000;1503095583;1503095584
1;1024;8048;0x5828f8e95cf210d3294855933d7e3694e73030655e70e7ee7f6d053b4527ad9d;0xf9f5fb0b1502a74ac075e83e810ef5f713bef015808dc29229dac2040b23eeac;0x000f66eb;0xf66ebL;0.500000;1503095585;1503095586
1;1024;8048;0xa915ada9747a033cc0d024602153dfe17ae9e633ee927562eddb6489e4ad028d;0x9590796baa0ec953c4e4c7abccbf91948ed2d043db129158240f4001ea5d312b;0x4629a1df;0x4629a1dfL;0.500000;1503095586;1503095587
1;1024;8048;0xb23f1981e80cfd26e2f5a06d95a3ad2b29b641459c9923dd8492de6f71964d23;0xca801ad67f79b2d9ff447a17032ebb29aa77cbdfcedebe1d9e0c642e31226015;0x50c4bbed;0x50c4bbedL;0.500000;1503095588;1503095589
1;1024;8048;0x9df929c416ba51f3bb038483db4602a64dd49c949fb373154d1ac620e0396e7e;0x349cf9809a0d3cdb302607d21b46c413c5524c9374b3fe49c29f668ec8631416;0xc5d85c54;0xc5d85c54L;0.500000;1503095589;1503095590
1;1024;8048;0x6a3fc55d48db131e2bea771b8b5bb068c17e26a500f43dc07bacb8f710a0ba7a;0x6229fdab60c5dcd573d45ad9fc69fe18a5e58278fbfcedf4d62c9ae759430a9d;0xeefbea17;0xeefbea17L;0.500000;1503095591;1503095592
1;1024;8048;0xf96f14f9b00a44d2cfe5378f4ecec10491fe6844cad48234cbc15af1540b6b4e;0xc9af41679c42b60868d8317aa90b41e4197d549eb779276371057dd2fe727583;0x07826851;0x7826851L;0.500000;1503095592;1503095593
1;1024;8048;0x89c56c33f627dfaea070dc87a880daca564990698f6378841483180c018d3c8a;0x2a50ef3dd345cc52736f3783a3a01faf66ca5d743efd512c5c7af67ae38d0e6c;0x7f497b3f;0x7f497b3fL;0.500000;1503095594;1503095595
1;1024;8048;0xfbf257919c07d661d279b168e9956573bb3a60ed6e0c36bf1bab7bbe77588173;0x1dcfbe7501bd23b11d040c25b52ee2d1260e1e7085e1f14421a80d42d36a01bd;0x25280440;0x25280440L;0.500000;1503095595;1503095596
1;1024;8048;0xdabb50363a6ba5d0a9974b3914d2b2dd441123bca7c525a8d2ff5ebf3cf2a516;0xa9c95124434b4251190d149010e81837e029e09031efbd9ba7d35bbc9e3f12eb;0x4e31e90d;0x4e31e90dL;0.500000;1503095597;1503095598
1;1024;8048;0x09fc1755ee9786fb08119df839b10580664f8880e2521b7b79e7a0c9d7e69ee0;0x47ffbf0fd058810f2942b48044aa4ecffce7903efdd4b97d1dbb745c750078e9;0x454bbac9;0x454bbac9L;0.500000;1503095598;1503095600
1;1024;8048;0x0a3e2bb8c44cbda0c15c81ec823bf8f1e728fc31800bc2d0efab26a26f749279;0xb865fbd14d8e4f5db3c5598b2c728e22acd08b551a9d6ca846c5628c9108e6df;0x726bf1e9;0x726bf1e9L;0.500000;1503095600;1503095601
1;1024;8048;0x43969ce6b6488a3d589393a6e42218b5d5b4e46f3c70d786d9dfbca2a647c8ea;0x36d58f88c9afd5fb73f1818731a48aabe316028c4ce6ea0b660f8c7fe3a5842e;0x5350befc;0x5350befcL;0.500000;1503095601;1503095602
1;1024;8048;0x87428e52d204bf2a0dfc904ca86d824fc1ef528306f69d29cb3c6450c3dd824a;0x12535901cee1d33a20aad89f0fab322c4ed4129ac3b1e33f267b9d44e9b2fac9;0xdf7481ae;0xdf7481aeL;0.500000;1503095603;1503095604
1;1024;8048;0x7ab5191fa9875de4158b2e138f4b63575f61fc38b16978c0ed1366b97bb67ff6;0xcd2afb874ec368b04b65731e6c4f85b3fa7e590dcea333416c92bc5ab25a5524;0xed016a61;0xed016a61L;0.500000;1503095604;1503095605
