1;1024;8048;0x2d3809392238414490da9d028d69e8f172f0c6c7b90dd8f7cc3a44cb2a000c57;0x167ed263362d402482691ac2849b7e1f97a3d85dd7ff7c89d35fa923e98d5717;0xb01755ab;0xb01755abL;0.500000;1503086618;1503086619
1;1024;8048;0xdaa25f72bce5595c56d061c3b449ae872dff6a0c5fc98344679eba020a40eae4;0x4dc7219638311260cb64381867c9e4b12395f7f5dd393cdba9300e6b2aa60d38;0xd733599b;0xd733599bL;0.500000;1503086619;1503086621
1;1024;8048;0x2e4ca7bba05c6091aa4fc06fdf41912b64cf4087447ffb13c805cf4e03116e31;0xf1d5d2f11329351bddd3dbae505d16c88e032716c7286e60764573c867cc2c36;0x5a151a55;0x5a151a55L;0.500000;1503086621;1503086623
1;1024;8048;0xc128266196e7b4c8d8d7c9784d2c2be7895f8f2410616aba3e21193ca132fd63;0x448e516b8e46a2dfdb921d3db5226d29acee2c785a5f4a502d6945b926573e43;0x8ce0d0ce;0x8ce0d0ceL;0.500000;1503086623;1503086625
1;1024;8048;0xeeb175558dc46f6fe0304191d44832071c1191f3a0bd13f466ccedcf6f82b65d;0xb61c8daf0db0b17d42cde4b2dec0be7718c8abc9deafe81640b11ff1755a77f8;0x49b442f6;0x49b442f6L;0.500000;1503086625;1503086626
1;1024;8048;0x923045c225b801f67a733ad9dd93138523391876a87f6b27e7c1d36a0ad92e9c;0xc7c16500cbc65ece9b5e70cb58a1b75d9aa836130b2619f187c5321ae5b0c706;0x0fa302ca;0xfa302caL;0.500000;1503086627;1503086628
1;1024;8048;0x40d5b76187370ae2413f348e23fbc1ef6cf354f829bc7a115e46b126e8c86b28;0x9a281df096369bf69c907aec3b78e8f2af1dd56cc01bb0d9b1eebd17ae5f9b45;0x13a8a5f0;0x13a8a5f0L;0.500000;1503086629;1503086631
1;1024;8048;0x51350ed9bf672617e41a160d53ff9c6c42b898e5a95bc945b465383064f28db5;0x7d9f5c551eabcc47888230cce66ec59f9a5be53641b3b9bee76db9f06fdf1d5a;0x68e9c68d;0x68e9c68dL;0.500000;1503086631;1503086633
1;1024;8048;0x96ff319ab9e21daece849c3650a26a9dc2f68be51bc5072f1eb0052c9f589935;0x02ed04d7111493c60ba0a5fab3622c481d8e485b2152de071c07109d6bc78c72;0x4f86b9f7;0x4f86b9f7L;0.500000;1503086633;1503086635
1;1024;8048;0xffae4cbccec669afeb8716cd9f477fc1146b346a87b37d8f8180354e1bda241a;0x629fd104e253f0e2d4855ada9ebc76473efd733565aeb4dc6d2b8f4db6592ae0;0x2b77c7d1;0x2b77c7d1L;0.500000;1503086635;1503086637
1;1024;8048;0x4fdab7c6c6430a6c8bca4d868f5fd4a45fdd9763bee87ce4682a728b641567b3;0xb8ccc59c2c835c2eb4409a98c4f811f0d7bf6ba19590360c2fa053d2aa9ebe36;0xd78afac8;0xd78afac8L;0.500000;1503086637;1503086639
1;1024;8048;0xd2276b52de897c97b04923d405d38952fa992e34e223d0f3a1e4573b4ce1821e;0x561aa0d693e3d649e67701365092b090c120051fec917bf872195e74a9a75eef;0x2b4915f3;0x2b4915f3L;0.500000;1503086639;1503086640
1;1024;8048;0xbc80450a0b0754a17267404ecd14ad6679f79706af9d1642eb181df96ca82928;0xb1c8172fcc0ebef7e43c416983427baa32f00d5733e6ac3445ef4d754c67db4c;0x950c8cc5;0x950c8cc5L;0.500000;1503086641;1503086642
1;1024;8048;0x289c1042d2463b244c56321e3608209566a9a103e2c85e22269e2c4e21c4cb4a;0xad08e43c59d20b65862fec65e7dce05557c3e953b59e04a1ca9f21c0cb1f99e9;0x32092875;0x32092875L;0.500000;1503086642;1503086644
1;1024;8048;0x078e15b622b853d5c13c017258bba2c94fd3d5f7a6dc48507fec315930c29437;0xdeac1a79a0784734aded78afc2e0198e73e68bf1e1593e94b0b56fba5038f2b8;0xbcb8af31;0xbcb8af31L;0.500000;1503086644;1503086646
1;1024;8048;0xd93c073f493a91fee0649e26caf721f00fa01ec333f922bf539cc61287a7f560;0xd30fa58a864e09ff1e90a8c3f6a03a851c5371e95674210cc47e2255403a0fb3;0x082a958e;0x82a958eL;0.500000;1503086646;1503086648
1;1024;8048;0xd7fc6ba4761f9455ef713c4cc2b87776c25ec08807a567eb35f20c67c4b05d9b;0x00a761bbdbe8d438930b05b130fb0f3e7793628f5be221d55b1469cf6f752539;0xb30776f3;0xb30776f3L;0.500000;1503086648;1503086649
1;1024;8048;0x3db20d1a8c250df466803aa1cb4f8e17ea361f59dd7e4578e3214cc38f18cacd;0x744180834dbb8b8be1811d6a5fb02f09aca34a5b5568710ec92bbab9bb7d8286;0xb792d75e;0xb792d75eL;0.500000;1503086650;1503086651
1;1024;8048;0x854f26f77f7d9f29ba0b74a27a7ee195846312154ea53bc28f554b3089fc7e0e;0xe613335b621706d2095a88737a108d9eea8f20d70817801a8913406ccb1ef90e;0x19876f72;0x19876f72L;0.500000;1503086651;1503086653
1;1024;8048;0x7d11bbbe577cfacd7ccf26592a62f33702f80ade2754372287af199a9e3b961c;0xf8fc2512661ccf7624ef12bec5f7a95f5b3a3f91be7464f939f6f9b1b4a50ff7;0x5c7c6b54;0x5c7c6b54L;0.500000;1503086653;1503086655
