1;1024;8048;0xbe90abe23abdd0176c73127ab08fa19c6cc21400ccb7ab0eb2f7d72d8f5d3d4d;0x270ceb3460f1e256a5c9eaa8b46d26009e86b9fd015b404700c20b17ae947676;0x7bf5dd54;0x7bf5dd54L;0.500000;1503127899;1503127900
1;1024;8048;0x8bb769fed52b4a343517509bdd3e9bfc26ae1c5fa832790a77782cda98b2a324;0xa7d723cb136de91e9adc9fe9c12a06beb2b8d64fbc2863ccec4b54f1696f49c0;0x53bc4fee;0x53bc4feeL;0.500000;1503127900;1503127902
1;1024;8048;0xde520fce564eeca765dacdf1f56a820a496bbce06149e1d65ed0acc746967f24;0x93bd3b247163174e13638a7d5f88a9a70a7315da51aaa429a0bae2114b59c565;0x19714a36;0x19714a36L;0.500000;1503127902;1503127903
1;1024;8048;0x3f82df1847ebbf7688f8c48f3e89fbc8d973b879f4fa87d226c41eafd374bc12;0xd776393b3666a7e995f41900ab74070caaf61005e9912d1481f6c060818b7e4f;0xdabcf2a2;0xdabcf2a2L;0.500000;1503127903;1503127904
1;1024;8048;0x4a842f8019e111be7f067cc757706c184b952093d916bc0fc1a1577e392dd783;0xbe85fc671e85134809ccbc95cc0402f10a1688b0e9026b4782da1f9e0ab2d180;0xb374611c;0xb374611cL;0.500000;1503127905;1503127906
1;1024;8048;0x2b0a036bebe367cdc9c186788d96c632c9a5a5c8ec63f65cd2caef96bd21e7e8;0x23d331bb083c83ae7a23f9850f8dbbaaf75a332100987ea6a2055599122004bf;0xa3c1be80;0xa3c1be80L;0.500000;1503127906;1503127907
1;1024;8048;0x8fdbe1cd363229691e067c76eb3c7701f4683d3708dcd51893943892fad12289;0xdefafd770bf4c658e58d53ec99e8daa0208349fed270db9d1091017d6e5ce20c;0x47da3d9f;0x47da3d9fL;0.500000;1503127908;1503127909
1;1024;8048;0x3b461997c1db66c4df675915eb5dee04124d43da6e2bae81f89102459b27f3d6;0x2a517a38fe45d1168201798114937630de654ecb936566e0b246c75287a22a6d;0x41395e52;0x41395e52L;0.500000;1503127909;1503127910
1;1024;8048;0x2731e54858b85efb67660cb3e2fa52a042b3e19d636a9dee4bbdb2ac246a554b;0x6e06d94ea728adb87e51119afe91b59ad0893e56cc6ba27de109e3cba09579db;0x9930ac06;0x9930ac06L;0.500000;1503127910;1503127912
1;1024;8048;0x35d13fe61290f1775672dd4ecb4f47454b5b009ee851002df4170c0e7cf3c6b2;0x957b257a32ebb290112ee4a52b5961a99df1f099e1430736bbee71f0c3cee5cc;0x37644c06;0x37644c06L;0.500000;1503127912;1503127913
1;1024;8048;0x375e450ddefaadfcbc27b9350ae6eeb2ab25dd129eda26a13c18739897a596ce;0x0430a802490864af751a6bc682d0ac4b8131c6c2c47f676564c58b53affec607;0x2235c553;0x2235c553L;0.500000;1503127913;1503127915
1;1024;8048;0xed3a2b1eb889b30341fae930a233b50dd488680c08574acac9fca013c5bdc2b3;0xe4c03ed62d08f2e3eb2267b20ce210e1845e20f67ae8e5c8ff98f0259b044c75;0x4528f4d3;0x4528f4d3L;0.500000;1503127915;1503127916
1;1024;8048;0x4f08f08025c7bf7bd5099f13341f3bf9a62dbad80d055a3ded9415cd965650e6;0x3850fd385a00792c51e9f038b2d76ec9989aa15c655aa67ab8bd7318eb6ca893;0x62d8a220;0x62d8a220L;0.500000;1503127917;1503127918
1;1024;8048;0x13fcbf21e55ba37732754f92c73ebf4a8fdf8ac5ede3f065a8ec68558e2a6fa2;0x1da998a49340d4f56aa7d7a25e8593c584c8a18784213970d9f0209324066551;0x8e742e49;0x8e742e49L;0.500000;1503127918;1503127919
1;1024;8048;0xc7ab60504ce7ce6c1c81c7142d9833a4e341754f542e72535153fe7d813e5248;0x90029ba9b56269954f28a80fea687cec5947dcb3834ddd64bdbb7186d27d78e3;0xb3e613c4;0xb3e613c4L;0.500000;1503127920;1503127921
1;1024;8048;0xf9e7e8e44eb83f8e731090dd4ba05d3b3f9514acc265add9218cb5102fc21928;0xc8735b6de964d39ecdc4fa8cbb6eea4050bd280d49c887b7021c8100656ddd56;0x54fd73a0;0x54fd73a0L;0.500000;1503127921;1503127923
1;1024;8048;0x7c78ebeb055e562446a595543e80b64d782af3d28a1998e44ef33a2295dc3811;0xa5cfb8e46fa91e0b4b79772cfb4ac9f49adb2de0fde786c054aacbda85c9db3c;0xf926994d;0xf926994dL;0.500000;1503127923;1503127924
1;1024;8048;0xf6f7c2b3c249f8b76d00429367502ee5658350c48764a97b3c8e0273fc3f37f2;0x49e639bc07ee3eeecdd196580abc562677744fe4e82d6466111777f2e2c8b440;0x5cef25db;0x5cef25dbL;0.500000;1503127925;1503127926
1;1024;8048;0x9781ff9bb3e0e9bd555cf4729bc0270efa61f75c473d3b1acc1bbe44bd592d54;0xc0b4191c77f8e210ee3e4851f709579965bb08b350eabefc062c51af73593835;0xff0fc47a;0xff0fc47aL;0.500000;1503127926;1503127927
1;1024;8048;0x5d942f2d423b630ab543feff4dbd429af9b83b45e349a1610a3ebd89f320b550;0x8052a09cfdd25aadfdc601537817f4f96037d35367e1db0e0d9069331eed5b42;0x0b1ef603;0xb1ef603L;0.500000;1503127927;1503127929
