1;1024;8048;0x53bf689b725b6f542b660f44e8fe4ad93cbd4b397e6a66f0f511e12ff233d545;0x8b856e17cba96900f361df04ed9dbc3bb07fed016ed43340cee27da8c04a9d95;0x0aaa6f66;0xaaa6f66L;0.500000;1503136386;1503136388
1;1024;8048;0x24ec2322d834cbe35ef1f2f696fbc1bc5af3b1a96a1ce2f13243e19b852bdca9;0xd68cb34665b0a33ebcc8e956b4cea8eb0a09ea94f79d2b42ce4036e19e5a66ed;0xad8a0178;0xad8a0178L;0.500000;1503136388;1503136389
1;1024;8048;0x69d56b761ed5c766858f806ad5aa12bb674e17cd98395a4a7af1735a51093fba;0x63d88cf4680af64ea36e4538321a162872f82e6013c13c33842b0781ad2d4347;0xb84d3005;0xb84d3005L;0.500000;1503136390;1503136391
1;1024;8048;0x080702b73e55cd76697f2e034a1e3975762c75df669a21ed362e5296cce3e5d5;0x3c1bf121aa5f517da14ae05281687bc9c99279e913d54b84393cb5304570ba7a;0x0cdb46ee;0xcdb46eeL;0.500000;1503136391;1503136392
1;1024;8048;0x3d42a0fdc741b1b8bb7dd26d0b2162e85b91c4b8ef4c0c769f77dc691b89a958;0x588918dfab4bd3cb63a186ae4ba4ed3201a426a0ca1909e515931bef8b016839;0x67b4a5de;0x67b4a5deL;0.500000;1503136393;1503136394
1;1024;8048;0x9813cb235ae41a3fa66227d601ce4c99bcbabd71fc3d8f7984e41256ffb35b97;0xf22a7de45a717309f8b769e815dbc685fac81d6bbe374fa2cf75c832861b03c1;0xee75cd16;0xee75cd16L;0.500000;1503136394;1503136395
1;1024;8048;0xfeec836a18685d22e8468eb30ce4ecedf1922ad23761799d36dcfafe710bb670;0xa5f6630e30089389b06d6527969665a09dd2fb8502a9d82e3635bee8959d416f;0x8a8680f2;0x8a8680f2L;0.500000;1503136395;1503136397
1;1024;8048;0x98179d8d1566043261a4539596f0db16e349d76261ffb11e31584ed9101b10a8;0x03af7d4eaaa9f84866ffe4a169d6428bed0e606a31e166495770c03075735f6f;0x0d481c9a;0xd481c9aL;0.500000;1503136397;1503136398
1;1024;8048;0x6ef90ff1b4b80874c5b6929310138dbbfe0389780ad5569e59eff7370e95f07c;0xe677e2fa84a1e6e0f19ed58a300f25747396f3de52ce7755309afac9e417b902;0x42aa2a17;0x42aa2a17L;0.500000;1503136398;1503136399
1;1024;8048;0xc86cff54556fa83088317c529ac2aa9ee7ca54c9c3607a074c392c21333edefb;0xc3ac6b280c185878ff3380116f7a78e4c5a795454bc4359eeb333a19eb6b22eb;0x05ee19e4;0x5ee19e4L;0.500000;1503136400;1503136401
1;1024;8048;0xa545ede99218af2fd534e7137d3b4cba9d7d63adcb995f9e3c0838ebd232d077;0x4cb840165d9c67764edb8d18ec62b567c6dde683059cbbd1293c5c3b35e25448;0x57ba2c5e;0x57ba2c5eL;0.500000;1503136401;1503136402
1;1024;8048;0x53c7426eee36a367bb6a27c6a20d0b85c8d546bf049c66ac941d2edf20cfa873;0xc197f089003de8a4c62f831b96822d2352c562ba3bdef8f3c8bb21b5a2abb9ce;0x5ce45b2c;0x5ce45b2cL;0.500000;1503136403;1503136404
1;1024;8048;0x1361029fb72814cf09443d391c305a8452a8ab26ec9cd08153e7e0cbef24c902;0xfc6df526342290e13587736d64d13589e9391f100245a389c62749cf3a1387e3;0xbfdb4675;0xbfdb4675L;0.500000;1503136404;1503136405
1;1024;8048;0x6744e72ff770495e1a54702bab066fa5fe5762cfb9175029c4f3cd9a8c6f14f4;0x90e373a1826ec8968d5dba5b237179fa07291e6bb23394e5cdb069a342952ae1;0x45c44533;0x45c44533L;0.500000;1503136406;1503136407
1;1024;8048;0xebe601043de9f0488e5f9d989e4269cc164693e06dbc288bfcbc4c9a4210ca2e;0x08638eceb231174ab7d69550d0d68e7793df19683c7a2819a719d39b71d88760;0x498f3562;0x498f3562L;0.500000;1503136407;1503136408
1;1024;8048;0xb7cecbfa50197ca841457120cf4ef44796fa36f11435f142b2ee9b0bd24e6189;0x1e599717e02d658aa78817af1a5a1d8f5c328ad342c13037a43c4d48ef15810d;0x200a1b94;0x200a1b94L;0.500000;1503136409;1503136410
1;1024;8048;0x9bb925120e3708438fe6a66f59b129deacfd6a64b5251890bb34b8d6648b12ff;0xed5ec06cb8b7bca147ac3a5ab1f9800249073902a019d9aa0a4cf6138e46e388;0x7e0caf5a;0x7e0caf5aL;0.500000;1503136410;1503136411
1;1024;8048;0x9196efdaecd3820cf68e0b2889c012cbed0e1a22a5b311aeb946364a1d7572ae;0xdc9eac1fe5c57167e4dd7e7873fbf281228cd13f114f30f5717183c2580ee46c;0x891d2448;0x891d2448L;0.500000;1503136412;1503136413
1;1024;8048;0x660649895115d083de93d815e2ecc79b6a64c2e9c2cd4aeb82801908f708f95d;0x101f449ccb5d90ee3bff02a26f164a0bd2921b5096dd845d7304c823104a61c3;0x66c70415;0x66c70415L;0.500000;1503136413;1503136415
1;1024;8048;0x1f609ca0e8d294ecb39d3c31d65ce29c3385e3ae9049f169258fd6e015309734;0x203e577dc85345b7ce99fdadd0ad779707a1b475355e1930f11bf5dc850c200d;0x4714e9c1;0x4714e9c1L;0.500000;1503136415;1503136416
