1;1024;8048;0x2d264638f17b225008ff655b6546c46aa36582d62753830b11d44bcde4731412;0x6a7efdc1971aff09cdf1283b8b775bc37a8241de56574feec2210f96516de003;0x692115db;0x692115dbL;0.500000;1503127218;1503127219
1;1024;8048;0xc214cc17e48201244a55a7ba8753e2eb5ea707ce5bf3536cc22276bdf58277b7;0x8b0313481966481f4c4a368b0a058f02ea918114ee07267b6a6d9cb2ae6d9285;0x155c7d10;0x155c7d10L;0.500000;1503127219;1503127221
1;1024;8048;0x06af5c6829faea43d5c3f84c427238fd726a6d32c3697cf517caa7af3d682c43;0xd30ae0c8c7204628a64ec6abec6ed1ad871f57902010831d5a1d4017cbe415fb;0xa6259fa1;0xa6259fa1L;0.500000;1503127221;1503127222
1;1024;8048;0x4d1249228cce811ac5947e64b8f0f9f25c90454c63dd3231a24a7f7b2d686b7a;0x9def84c00ea1e92d3f3b79ce0fad980c05be42c343d07741567f8ee3214c59ec;0x42ff8726;0x42ff8726L;0.500000;1503127222;1503127224
1;1024;8048;0x5041eb92918245161101aaf6896e080b6000d23ef530d69cfda556ba19976c69;0xf1ae07bcfec2b602bd3fbd4fca4c3ec5378ec4c4df8e0219f406d4b750bee214;0xba11caaf;0xba11caafL;0.500000;1503127224;1503127225
1;1024;8048;0x5308df3a417daa9742a77747b2d239d361ade70a96259a2e05b93d6dfe418951;0x9a47f8d373d1b6f442fd7e6c473c173fe482e14da6caa94f6b363d9a67ba5a13;0xb95984b5;0xb95984b5L;0.500000;1503127225;1503127226
1;1024;8048;0x3d4a462dd4d6eebe6f059933ba77de377fab66d719ca653f050cd77bddbef21a;0xb844a86ed14babe5258da132ec6eed99d8b5c74513e0f88ebd46eb1338ff8fd2;0x56a70ac9;0x56a70ac9L;0.500000;1503127227;1503127228
1;1024;8048;0x07ac73ab19eedc9f6df6c49aab4b7ad549fadd4d1a5d15133f7eda2632c0fe3a;0xb83b2132e94919e57078a8f684412584eef88d15a5c26172ade055c04ebae500;0xc0461e3a;0xc0461e3aL;0.500000;1503127228;1503127230
1;1024;8048;0x0806fb62e137c896b53b6e650a4d62f47d6740808071eb09cfd2785f7ecc4186;0xac2966d12245228fa5349d1430419439d5d2b3dedb6fe6d016dc03289d83715c;0x9d3063d7;0x9d3063d7L;0.500000;1503127230;1503127231
1;1024;8048;0x0755763977ef91a380794acf9545791d38ace9a49962bbc3b524e203d66ecddd;0x0949aa2b9e8901aad83113a7c241619788374cfd402f1ebdf5bdbcc1b2acc14d;0xdd1e52c0;0xdd1e52c0L;0.500000;1503127231;1503127233
1;1024;8048;0xd501d14899b1a3ec7ca1d85d3bde5e229c1eb9962cfeaa81dc09d99e238f2df9;0x23e69f9ef43fce53e1bf787cb46b12e3a5aa48bc45e946e458903d2aa26526dd;0x72ce0e54;0x72ce0e54L;0.500000;1503127233;1503127234
1;1024;8048;0x3a4226604c40a5d0ceeab7783d38f244db09f552f1cf302a88c68a52d2ebff0c;0x4dd92475cda7bdbd74d229747fa3713815093eb6252ee7e8d6e7bc1406fbeb28;0x9b7ea037;0x9b7ea037L;0.500000;1503127234;1503127236
1;1024;8048;0x0ea6f23c8557912076229af506d7a92a3976b9d8488d25419c42c48c5ffa026d;0x1ebf19194979598d26a270854c71e8b4ce333521354918e7da75fd814b6b2b8d;0xdcd6ce1b;0xdcd6ce1bL;0.500000;1503127236;1503127237
1;1024;8048;0x9c80635613a09306a6248f81b687d9b5735cdec3a4b6352431498209a4e5f640;0xedafd96d313b93c6ec344bc3d7589e94c70ccc31deb8e8864fe525c7306acc00;0x0921afa8;0x921afa8L;0.500000;1503127238;1503127239
1;1024;8048;0x0a3a2b1bb127b137089e267ead16460aea50bbf2e37fc0b58260455f5a8e0564;0x4c2b08172f601399f9c2bff7124da1360cea6bb56c7153a3102079ae47fdd24e;0x7e9043f6;0x7e9043f6L;0.500000;1503127239;1503127240
1;1024;8048;0x822c46a0e211548bd336ce482fde465b36dd7245a06cb9fdc9d1eab0ab217e2d;0x4eaf5f29c4f05a6d4a15baf44ed3b9582de2f4d9d7b2ecc05b2512e5fa6582a0;0xa37ff437;0xa37ff437L;0.500000;1503127240;1503127242
1;1024;8048;0x15402e2560c8eff47ef7c1b2e4d871e75df8acb570c63d703eadd8a44948d45e;0xae431d5e150fd225571c8e1320eb44ae9863b7be9212457213f745c595307df3;0xa7ba50e2;0xa7ba50e2L;0.500000;1503127242;1503127243
1;1024;8048;0xbaebcddeed4eb8a5edaeb97706beade3bcc52c870d40e33dce3735cf627ecc1d;0x45652fd0347d4cde4a005ff2504e2e1d6cf908d6bb2581e2d5e9fdd017a51508;0x534b4a96;0x534b4a96L;0.500000;1503127244;1503127245
1;1024;8048;0xee9d2e785162a41cc4fac7b55c24cc1083d194b4579837a1d76dc640fce975eb;0x6511441a642b6042df7217b133850c1b1b7cf395319974f0f4b23f863dbbaaae;0x0e97adb5;0xe97adb5L;0.500000;1503127245;1503127246
1;1024;8048;0xa235035e992df5fc9e91cbcddd10e23eac95c601388eb03dedaf299643954fe6;0x8ad24b2ced1bbb5d12b81cfa56a4f5cbc00795e4b49fca2542f8503e7b5dba47;0x6d3a96e2;0x6d3a96e2L;0.500000;1503127247;1503127248
