1;1024;8048;0x9eb1c6e5e941f72df6292d4d7db2fcafdf9d9da33b82495d032e3f9e36fe50d4;0x998969b5cbc254deb3fcf7238658fc8ccb3fbb2bf505c1720f4affb459240391;0xb67c05dd;0xb67c05ddL;0.500000;1503092065;1503092067
1;1024;8048;0x68c3d826de592c6364c9e2a5a929d7f8a06f36fd86c546b37e82a6155e7162c6;0x992695f5f901e19ffe447dfd14489ea8321d65cf4813bb6b522d581a3ab082c3;0x4908bd58;0x4908bd58L;0.500000;1503092067;1503092068
1;1024;8048;0xcef435e918813103b9136c717bb0204139bec159efdde6c39902adf7564f6f24;0xab11d9375f695801dc8395adff51bf48264aefeb8eaf84b6f21804129c05df19;0x2934aad4;0x2934aad4L;0.500000;1503092069;1503092070
1;1024;8048;0x89aa6ca75c9894ee07ba5ba82a39dad5ab122ff9ff829d6730e1d840c020b749;0x0e48a0d45334471836c09073b6768a344170a557d8a78a9ba9cc4137bc9a55dd;0x37908cc9;0x37908cc9L;0.500000;1503092071;1503092072
1;1024;8048;0x48de34ae2fd18775e16bf5b2d28d12432a9c8437df5574a7321c07d57167b8b9;0xfc13c4f924d23eab6c3ee5b1c87ab554e66ea1e00caaf36da4168610713c84e1;0x40d6e309;0x40d6e309L;0.500000;1503092073;1503092074
1;1024;8048;0x90b273695666c2fd07e9f0fadbadf95df821daf878bf7a590110fa6bbef1494e;0x40d6a47879654554a8599f1f82219fc44e191af41dd98d99ede86370bf7ca579;0x333d1c10;0x333d1c10L;0.500000;1503092074;1503092076
1;1024;8048;0xcb3771ac79db728d202daae1dd318420582997b437d027827da40cac8ae91755;0x5844c34ab868e7f0d9a14526945691f3bccf3c59f263cc5b6123f74d0f91daef;0xcdda63ac;0xcdda63acL;0.500000;1503092076;1503092078
1;1024;8048;0xa0330ce2bbecb20e74eabf1d20c7027edfa8127e647384baadacb23cca4e946b;0x74748b1c8dc6e4800122a673f23d286d59f5485564aa4a472eed200ef120f777;0x3fbc5082;0x3fbc5082L;0.500000;1503092078;1503092079
1;1024;8048;0x79ebdb4a84b391a092b66975150dbb81aa11adb58f2ad23d0cd1e3056464c7dd;0xf106efca207f27a79f3199a52801c256f49c751c7d5af3f6e5b2fb32941e7f74;0xea5a1662;0xea5a1662L;0.500000;1503092080;1503092081
1;1024;8048;0xa1232f51cc0921b5dbd3923992cddb54cb4546c11a989cacc98c5a655d92a2fe;0x5a049a04fa3898414ee2c5d16d5f58446269806f63c98abbd4ddc504129fedcb;0xd0adbf0e;0xd0adbf0eL;0.500000;1503092081;1503092083
1;1024;8048;0xd47fad918c69a6e2a7f160ce2fc99b4ee4387f0f363551f9b556867cabbc787f;0x4bb58001f803c43691839d1f31e437efa3ba147c156cbf171f24fa20437f6877;0x43473765;0x43473765L;0.500000;1503092083;1503092085
1;1024;8048;0xb5b20c03af7fe9956558c572e51cbebbd1a691b47e6700651196935c3f7277f4;0x0c45ad1d6e4bd9351e39bf0d306824256cafe3952e609ea7fb6185f5066bf8a9;0x79458fea;0x79458feaL;0.500000;1503092085;1503092086
1;1024;8048;0xb4a583079289f0d1310c7ce2b3924f44fe915d1a6a14af6159a5643804d0f0b9;0xc44158a4367fb31bbd58caad4d8dc217a4c63fc9a167f71af05877216f625abb;0x5f036665;0x5f036665L;0.500000;1503092087;1503092089
1;1024;8048;0xcef1b832a92f282204bc963c272da9e4dc06363f5ae84c76b3d3bcdd796bb847;0xd58448d01d20d82ced58ea34f0062fc558c46e11d2cb233a1545c5b071530858;0xef1ddd39;0xef1ddd39L;0.500000;1503092089;1503092091
1;1024;8048;0x53f7ccfe7e3e3e82fc9f6238aadc72e11309e490270419d922a541f412902c66;0xb778f93b04042e979229ca9d107c560b54d0cba82bc44d4d706395412ab31283;0x4a5cac81;0x4a5cac81L;0.500000;1503092091;1503092092
1;1024;8048;0x42d39d516680b7c51dc831adfd0ca1f5b2a54efb03140b3db528e1839d5d74df;0x8bdfb27ccc791282cc8ae27be7539151e6353e8737cce88b90f0e71a4bbfc3bd;0x9b0a2e9e;0x9b0a2e9eL;0.500000;1503092093;1503092094
1;1024;8048;0xafd07594ed2d4ad652f5946fb7535e77fefc14ad3c4b65fb87f3990dc9edc278;0x2f6cfa04e30db17ce92ceae411d4c5c9737e0b813b4006276b71be305c836f37;0xa535ac56;0xa535ac56L;0.500000;1503092094;1503092096
1;1024;8048;0x6fbae53219a113ee8195357f5fe56fd96192950e76ee6bc29d5bb10018994887;0xfefd93341e732b59c473fb0ea12f82248e7928de0565c9239dd5f0a3638b7755;0x1977c3d1;0x1977c3d1L;0.500000;1503092096;1503092098
1;1024;8048;0x0b5f65291c9dca6b075dc4c890faa8a613cfcdb2d3aabba045770b56a170a4ac;0x3932ea8fc345eeeddb221c794ecc8c76195387cdb76c6d3d5785660a35570d4a;0x33ab24d4;0x33ab24d4L;0.500000;1503092098;1503092099
1;1024;8048;0xf9682bef0d50320a1b5daa553845633f9467352bd2cef71eeb1b2cae7c497f76;0x0c39577a0f57c9558c4c33b87708a6f0c3e00dcc9d5244d9c10506003851a43a;0x76b1f4f1;0x76b1f4f1L;0.500000;1503092100;1503092101
