1;1024;8048;0xa6670500bad12eb5c0bb6c3491860e108b4376d8020cd38b11196052a69ec04c;0x5dd7067b2fbe24f39a4fa4780309a3421e2fdc7af275a070392f658cfa13eb54;0xe0990465;0xe0990465L;0.500000;1503081978;1503081979
1;1024;8048;0xb2178cec170c7083dffcf52e4d2709a9642c33abe9a38bb1542e98cca366a156;0x3870085440135da1ceabe24d6b756d269b0c10b544d6e4c907cdacfdf36f65a5;0x81964d13;0x81964d13L;0.500000;1503081980;1503081981
1;1024;8048;0xe9f0ffed8b56f154da10a81f0e9c87038ae18bfaf007b8e7fcbd2f6abd0115a6;0x84c6770a3cff9fb6a007dd65dda0ccdd6af95dfc07db5fb69bf4e837b3778751;0xbc67f909;0xbc67f909L;0.500000;1503081981;1503081983
1;1024;8048;0x548cb542c4414acdc38ae23286d26f70f4ee7e4d788378999119401899ed9aed;0xfdf50dc11adc7360faf2e6f850bad9abf219a1892e1c006d856b68e0184821fc;0x9c737b48;0x9c737b48L;0.500000;1503081983;1503081984
1;1024;8048;0x79b68df2ad0e46bb6dab9442a7b76faf113988da8ad94f447295a68404ab3d7d;0x29dbbb4f6a84472ccb6be02b0783f5da7d4c78d5771333146450d25a3a41d275;0xdb43a6fd;0xdb43a6fdL;0.500000;1503081985;1503081986
1;1024;8048;0xe878c7f56e209ddd105a62bfb948c9da338eb0a6eb66c8e462d331fe30777c19;0x7664d6166aa9c0ea6ccdedeb27fc03e97a966fea93d6e62722510f27b7a73813;0x2c9bcc21;0x2c9bcc21L;0.500000;1503081987;1503081988
1;1024;8048;0x2491468617d196545117b9651f41dfbda68aba04191f79fc4990bae8786e179d;0x6dea08481a36505c2b62dbde8c6326f45d693d8b776cae96490ba153d3fec1da;0x94746ac3;0x94746ac3L;0.500000;1503081989;1503081990
1;1024;8048;0x3bfe65c478780fb71097524f56cb17907bac41c0e8752a59c3d7f3e912c2894e;0x3d2faa199060811ce693288b8ac6bd53ee7c211dadf52c6c5581258b3dff9ed9;0xa893a4f6;0xa893a4f6L;0.500000;1503081991;1503081992
1;1024;8048;0xb2398272846bde9e9151c52b04431916a73bd3f65b898ce762d63ec36bd7231e;0x03b8bf359a381b1ba9ab88de259ed600acddd1d7df94b0eb485aa87fc6580686;0xe026f634;0xe026f634L;0.500000;1503081992;1503081994
1;1024;8048;0x9bdb7368c1ddc7ed71ffca5f51404a0de3f5a0730c7f0798d31fa429bf06435a;0xe4147f26f411d4ade87dcf43b93b94bcf366c66225bb22c30fd37ef479e306cc;0xdf1137f2;0xdf1137f2L;0.500000;1503081994;1503081996
1;1024;8048;0x5e2ffe1126ff16135d793cfd5b319594624969109e54ced113bb24254cf73aaa;0xcd14f141bbe1a021643c25675a8417ce9a5d2bf12ea4f521ea2a85cfd375ebad;0x16f6883b;0x16f6883bL;0.500000;1503081996;1503081998
1;1024;8048;0x0a867f659ad4180de08551915f57d42eb77853c3d2017517945c3ed608836b12;0x4fab9cd73bec372f941657f10a84060b311ef300c2248b7c35b054ca4d22b79e;0x840d470a;0x840d470aL;0.500000;1503081998;1503082000
1;1024;8048;0x786acfc02c05b280079c832ba65b335ca17f7119566f74d24b6f5ca28bb99703;0x0670d854130c9aad12c895f55075a84ffa6d54f4a02851b13f164f7c0529874a;0x68ca951e;0x68ca951eL;0.500000;1503082000;1503082002
1;1024;8048;0x1c1a5e120878afb67a7cdc1f12d0f209e32d80776b4aded21034bba1a71f31c3;0x034ae2e1e4590a7e4d583862feb1729331a04334b04efa155aa81ee5eff3ff59;0x12e7bce2;0x12e7bce2L;0.500000;1503082002;1503082004
1;1024;8048;0x4918dbd4bd6df5aec08012115496538158f63c90cd054e549eeb9c19024f2b4b;0xe36794a58acb39613d6c603f6813585a91a17be01e5a085c34d7cdbcc74105e5;0x6d0b0361;0x6d0b0361L;0.500000;1503082004;1503082006
1;1024;8048;0x85f04d6cc57bb519400426e59c1ac1a5fc59528873e5b721160c3bfba59e172a;0x1eb7c6c16977b54e5267f784ccf6b64e2e53b2c376251cf172a6e28f68b83726;0x9eed9cb5;0x9eed9cb5L;0.500000;1503082006;1503082007
1;1024;8048;0x8f6722c54caa3e10a03d9aab73c211b453526c4adb1f04daee1ed2c8519a84e0;0x501560a08f92935f761bedeefa767e1b76ee2db2f50aca7aa19274ed83e47e29;0xc40cc288;0xc40cc288L;0.500000;1503082008;1503082009
1;1024;8048;0xb2c2b52298047917d7d0c2b15af23d60b594f22e5b899d2763389fe8577e4d09;0xbdb567e86ca40ffa349aef9631ea60bece8f9a534a7163d062e2e72f4f19492b;0x3e93a6bc;0x3e93a6bcL;0.500000;1503082009;1503082011
1;1024;8048;0xf041c21287b7c0dce179189fcd8e09083977f90116648f0c69a214af81067971;0x1e005c2cf4cb9b4b33e3b6febd62cc6e137446dffee529cb25dbb264024da98c;0x99545a29;0x99545a29L;0.500000;1503082011;1503082013
1;1024;8048;0x7a429a6ca1784586ba8605c47813f3dd9da75a40a1991c19dadee615a297891c;0xad489902f6902d42bfa631c27b93efde1af50291ab176fac9b61d30b6311fd07;0x9d7bc250;0x9d7bc250L;0.500000;1503082013;1503082014
