1;1024;8048;0x666e9c2ce2a2262d71b652c49ce8cf780cc603bf594d7318b3183707c9cfcb2f;0xf4ef34ff334367822669223602813f6fc1c8bff739cd0234c6bd5f889b15834e;0xab3dd52a;0xab3dd52aL;0.500000;1503117315;1503117316
1;1024;8048;0x8465456d6f30591da04501b4b2c048fbaa6bf5391f98ef75843fa7bcc098ac44;0x2bf400bb08376ba92e00e59d33f7e242529cecfa178bec00dc8af8a97969cee9;0x92f55789;0x92f55789L;0.500000;1503117317;1503117318
1;1024;8048;0xa9579818c95c125c12aba35eda5b304d8cdd5aea470c343b336a1503459cbeee;0x9d852a3d7bec1c69b3f83f35569036a138543fe4a11915b6d6e49d07e4853ecd;0x5439ac70;0x5439ac70L;0.500000;1503117318;1503117319
1;1024;8048;0x658803aad059713c0f3ef2e846d087c521b2f247ec69837d5ae5577ca6ec040c;0xbdbe3fb384a7bfd6fef32b328915c569be79490547ef954baec38e907dc0da2a;0xd2213a25;0xd2213a25L;0.500000;1503117320;1503117321
1;1024;8048;0xb2185126e721531721edb7034ea8549085aeb999d29286dae743508dd156de83;0x90fb6804c665ca4dba9806b4124d9443296ac59c07cc89b2789bff6b5a9c7315;0x6542a6fa;0x6542a6faL;0.500000;1503117321;1503117322
1;1024;8048;0xc9cd6558fc01d7608166b1f212de4509d6a916fed45248b9b7aff005959cf55f;0x4efe3609f7c8e94194455f77302316b6ea03713d4a8a0797a6a6ebfdaa5f5303;0x0d3de1cf;0xd3de1cfL;0.500000;1503117322;1503117324
1;1024;8048;0xdf0d89d14328f8b2c5be4ca7d6d058d610dcf7a6e986b14aa545e32a7d3b895c;0x9bba356701c4d3d79894f0eed81faf600d9fad851793438d2a307c80fc5733de;0xd1d5c4c0;0xd1d5c4c0L;0.500000;1503117324;1503117326
1;1024;8048;0xf34cd7d67531ac0a831510bbff227252b0969b313fd02d92f25846e3ba8c09ae;0xee933f2faa213970c022eeb77751364bb4f02aeae67f5669f3c0cd3192296fc1;0x4bb492c6;0x4bb492c6L;0.500000;1503117326;1503117327
1;1024;8048;0x77cf81c07464957342abb862ba346d140a95bd87d77f819fd4a0c7b0af02b526;0xd129c0639e7c2e248d3ecb2834deab63acf41c659f2041a562bd1a566fa1c855;0xe05d7648;0xe05d7648L;0.500000;1503117327;1503117329
1;1024;8048;0xac7c99727a3db1f30b7598147262c180f5b0d645e5d083917f92bc7258293404;0x3201413033bdd72fe8619c329a06de86aa4f75965b838cc9965de04545f1cb7e;0x76563f44;0x76563f44L;0.500000;1503117329;1503117330
1;1024;8048;0xb13c820e74d8af969b1a7217f54c68362d28fafea469710f2e5c64f850ddf701;0xd3429db9aa47f895d98935640e68b68febfa51473d77d7163c34398a3c0cdd13;0x8687bc33;0x8687bc33L;0.500000;1503117331;1503117332
1;1024;8048;0x4659c702c87ed1a73f5827177ddd9c0ace8337f139fa59dacd53a8cc894c8bd0;0xe7dff8d78a883de6d1b6dc754e3543a59eacc829cd7c5e15ebd5beb4c865e2b9;0xed9b035c;0xed9b035cL;0.500000;1503117332;1503117333
1;1024;8048;0x8f3d1cb41634ba213aeb84d1457a2345fb51a1bb203042fd9c624f5cfe06648d;0x7245ef411b560a43ac2fcd1943f7aafb723fbba2b0b90970ada6eae6ca2d88ae;0xaccc69ca;0xaccc69caL;0.500000;1503117334;1503117335
1;1024;8048;0x7203c5a3600d90e20db6813fe8ab96529d3d372f26ec505bee276dfa0d412c7f;0x0ed5d8adda7f4faf792ec136d174f9952717c970c0740b897fe2381f6d7f204c;0x6e798ec2;0x6e798ec2L;0.500000;1503117335;1503117336
1;1024;8048;0xddc93bf5c8ed5d06c2ee0379d05da24ee080f41c4af07a11c374ead271cb034e;0xd30f14a92f76f1f0d5c515bec18d93399c1622bd5149106cf74b032fe0321930;0x40d7ce76;0x40d7ce76L;0.500000;1503117336;1503117338
1;1024;8048;0xbf817a16f24409df21d52fc44db14c34d418f13298337d7b3a568032f3e618b3;0x127d0ee4be039e2da27c948c8aa483b1790efdd5f49bfdb79da190a80fd4bedb;0xaf40dcc4;0xaf40dcc4L;0.500000;1503117338;1503117339
1;1024;8048;0xae6068325638ddd4e1aa95756cff2214e2aae35c8168bfede6eddb2fe8d65396;0xf20308f898af6f65d43f8e543d2254fb234de7b6aebb48cb80ee4a80a90a523e;0x16fa4f8b;0x16fa4f8bL;0.500000;1503117339;1503117341
1;1024;8048;0x5c8f216b7d6a086e514ebd0e9894dfaef3a36047dbdcd6ee881b29c016953e72;0xbbe39d674a2ff0b3bbf4f4d89923bc3ff65a394e0e1522beee5645975931b5f4;0xe8eb4f04;0xe8eb4f04L;0.500000;1503117341;1503117342
1;1024;8048;0xe2aef9d5b998b073e85dfbefc459ba61db686af1e86976253086f69cdfc24dc1;0xc3bd18bf5e5de64c163cb7ec5145feea8b4ed3af61e8b6e8f49d1db40beb6457;0x3104b7f8;0x3104b7f8L;0.500000;1503117343;1503117344
1;1024;8048;0x86f92a96a6c95add956d46d43dd3f489230890955371c2ab75c36f5b145d179a;0x4fe05481e19d516f618a8cee9f50e17a12bbd2e75124c365becb14651bf50968;0xb821cb1d;0xb821cb1dL;0.500000;1503117344;1503117345
