1;1024;8048;0xa5509ead0a6066cf7640dc68fe1648551a62ae189404b8e7317b4c422269adc8;0x76faa4354294598fffab4b0d59a904a05c4c31085ad634c87c44fddf2a782145;0x0ba98b28;0xba98b28L;0.500000;1503108773;1503108774
1;1024;8048;0x3d5e7784ea4fd08d3bc390fd4a9b62a05e3901d5495749f591aad46a8bbd46c8;0xa2f2a260c340906883072a6067b097cf910a1cfcde5e7f3d1bb48d9485dc2438;0x4bfd6884;0x4bfd6884L;0.500000;1503108774;1503108775
1;1024;8048;0x43b87fc1532254dc3f7706d5688483c4c6156f1a938592f82e337c1845457f89;0xc51c551a3e86709d49170da3917050b866b2253e34109124b34eba5979a7b3fc;0x78d300dc;0x78d300dcL;0.500000;1503108776;1503108777
1;1024;8048;0xe850da0d33cb473168a2bf8fb7944c6a2cd432a50290d4ae12fa4d2f5217683a;0xf4bb546c9669739324099b2e6770638cddb638475747c0b6abc4c9d4cb6faec5;0x51d1edbb;0x51d1edbbL;0.500000;1503108777;1503108778
1;1024;8048;0x50eab7522e72790bc278c6b31c3f848550dbcd7f98aff6cf2a7fc4f13e76118e;0x8b2bb7eb62235324fbcf3bedbda22ebef2f8db50249a1659a34907b8628b4e66;0x1c66a905;0x1c66a905L;0.500000;1503108779;1503108780
1;1024;8048;0x4a8f6f24c4bfa0fa0db27a8c8a8200a8c21e310474d122e7dec9887540894a8a;0x6c06833f3508b9a1f14b1e1b2204519b3b5578c8105cbc345199d0e5d483a5d5;0xfb40e8e3;0xfb40e8e3L;0.500000;1503108780;1503108781
1;1024;8048;0x1cd1a84f3d39e46947a96d8c631ffa02f70d4fbc999dc995dab865247e012c9a;0x8cd916948d3c83155e29c656ef38c031a1a4fabc6b9c692467a3953078f65001;0x9a77e5e2;0x9a77e5e2L;0.500000;1503108782;1503108783
1;1024;8048;0xd3f6346aa6216ff0c651d581d5887ec92e7c264eb8940328130fc677e303c7b7;0x70d6e3b5bae6264e422944bcb02084399143b25109ed252d2ddc84f06a9b42ac;0x88b0a55c;0x88b0a55cL;0.500000;1503108783;1503108784
1;1024;8048;0x021e03732ea67d77299298b1497ad7755e9d8e6b9d2f5720e6ce745ffca7b8ff;0x1f9ccff5e340849298b7f028059c444d9f3dced5ffbf1a23a0ab48adae935ee8;0xc30512f6;0xc30512f6L;0.500000;1503108785;1503108786
1;1024;8048;0x1021f50bb905ec76706adf9549d7542949ce6adb4792cd593248b69dbe6e02ce;0xdcb5db6fe8d153b221879bd9d6e0253fef1fbcc8dd67c6f95cec8d41c16c619a;0x175e106e;0x175e106eL;0.500000;1503108786;1503108787
1;1024;8048;0x0211f8d6de7d051ccac19f0e0a3535f8b6c078f73b2db4f5312ce3f28d0bc08f;0x4c103b54f6cc0716d740e174bd8020efa2d76439f6a25c65968918f523fe2f11;0x271fd73b;0x271fd73bL;0.500000;1503108788;1503108789
1;1024;8048;0x181ecd5dec576ce335017ef613ea0ad1c7beb8b3cf925a4e17a52882ad1df4c5;0x68cddd916d3fb2420cda677cce14ebc188fe8f7a500258d49e437d6f88b613a3;0x5b791438;0x5b791438L;0.500000;1503108789;1503108790
1;1024;8048;0xec444349ea0a8da29eac922d14091d878f6f79e984e10f73a991b35c75596362;0xe7ab804d2bad9e0971d0c8164e775ab090e361b2f7a5bf90cc88f3d3b442398f;0x6117659a;0x6117659aL;0.500000;1503108790;1503108792
1;1024;8048;0x1b159009599e8996d8296efee5953d28bdc3f87970d5aab23ad5cc2303eb351f;0x1442556dffff11d828736dbaa03c712869588bb74037e7f0f9fac0da558882f8;0x6fd30913;0x6fd30913L;0.500000;1503108792;1503108793
1;1024;8048;0x1b155679130fb7d8bffaced618e07f31db97e828a38c98f494576c19648f8c80;0xf363b233ce8698f49dd766d24632652d59c31db0ff491e9df954d76ff92a5f31;0xcbed59e1;0xcbed59e1L;0.500000;1503108793;1503108795
1;1024;8048;0xa6c47517f6af6c208cdcef3a5c88d7a263e4e7f1b14c9fe2976c27802f529ed5;0xbe5d95cb967bd5f1fcc268db2d0fd0debbe5fb4b75a62b0de96b7e243eae881d;0xa84c3571;0xa84c3571L;0.500000;1503108795;1503108796
1;1024;8048;0x56ca756302c1e14c926b4d0bf26541d2f7137dcfdeb7cf9cc438201aa2143ef8;0x69da08b29e29fed15881537f3e03ff1af37a9d4ab1282af0f322554b15cea75e;0x495e3f96;0x495e3f96L;0.500000;1503108796;1503108798
1;1024;8048;0x9cdae4eeeda746587bcb7ef8d827d9d498e6549c62a2fe4a4776144358810ef5;0xe8c622aca10e7b70e15dfe40146c2a9bd5f6f04f212cb2de8a1aa2f4d06cb8de;0xebf8de69;0xebf8de69L;0.500000;1503108798;1503108799
1;1024;8048;0x190bec91c764d18b334520d6cea2cca52d2f8c9942130f71fc7e0a93f3dfd20c;0x55f11a862712aa085f2748a7b019baf187a4baef345f2c406d677a2702a22017;0xe326c9ae;0xe326c9aeL;0.500000;1503108799;1503108801
1;1024;8048;0x7a9ae4c34856a70a5dbac76af6ebfd9fa2d96088b5e713eb8e747c7661dbc9db;0xd08ea84910fea976b6a03d72867641e34185e87f37ccd80700122556fa966da0;0x6ed182fb;0x6ed182fbL;0.500000;1503108801;1503108802
