1;1024;8048;0x5c392f4c7bf2617743af5e25394b71c7202f4d13354aea84c16bbb0d81709ade;0xbc8767e2eb5bd1ca38a7d04f03d93184d99c755d5de9a363f4b57bae4c6db239;0x1f88fa6b;0x1f88fa6bL;0.500000;1503099520;1503099521
1;1024;8048;0xb722a20eabe5fbe7c41ddd8e762a200b5b56a091476af2450e8a9624ce727785;0xc869d9aad3bc6d7f63d000f28ab8fabc76e2b975f335ad50807fcd83f4e5bdbc;0xb3d7c72f;0xb3d7c72fL;0.500000;1503099522;1503099523
1;1024;8048;0x6202ef5a9e4612ecf072590bac9c0de83098c6e62d07f08b351703102170b983;0x7c870cd19ece65612177adf83e21181fd6f5d5678ed176d0ca9fd697b3cb9c8b;0xce7cdcf7;0xce7cdcf7L;0.500000;1503099523;1503099524
1;1024;8048;0xe08e56d392ea499d8be1943a4a23a4daa933b8c9bb58390e19482d6d8d26b46d;0x01c08f64150fb18c236c6f802ace287670b035537934137939ccf454cf387d80;0x4af5fdd8;0x4af5fdd8L;0.500000;1503099525;1503099526
1;1024;8048;0x9d1bde096dc5456fdae33075024289d9de07aa5865d0ccc3c9eb178eb2498050;0x974460859210173f85be4334d824f645d7c60f455c36c23992ab33c6412c6351;0xf4c80783;0xf4c80783L;0.500000;1503099526;1503099527
1;1024;8048;0x616a1b5aa169226caf6617ccf711ea2435c33f5324ef76f5aa4009492a56c38b;0xaeb5ddcc8714bf43e5591adddcea9ff54fc4769e21a4b36aa4c917831a690507;0x474e0e1d;0x474e0e1dL;0.500000;1503099528;1503099529
1;1024;8048;0x1e28cbc4f844d7421bb9622fc4a0ffe6b46e467c44e58ce9d33589f1fcf2a41a;0x99c3ae727e848e1da58fb1bec1b9b50de7603727cc0cec6966927619a7bd6894;0x7a54fb8e;0x7a54fb8eL;0.500000;1503099529;1503099530
1;1024;8048;0x152fe0d516c614135ea873687cea267aee072645e030b347a44c4288ebb98b00;0xf7a1c688cb7fa8a6acd64803e7a3e1c1e08561c5a23f65fe7da56a6a4c036568;0xb941e8c9;0xb941e8c9L;0.500000;1503099531;1503099532
1;1024;8048;0xe619750aafd4d7b531fd824d8b5839c73c4e640d1db891aed024925336446e1c;0xbd5ad4a23db8aad9ae7b0d58729721b5ce37ed6a6666eae6422b4ea084e308c6;0x2b33cf6f;0x2b33cf6fL;0.500000;1503099532;1503099534
1;1024;8048;0x34433f8c916407f08a8f24df34da0de5dd135a900de02ec1a06e71187043f9a5;0x24bf935e4354507b474727b854fa118e42f5cf45f8f11f4d0cf97b6ccf478162;0xe60f1b8c;0xe60f1b8cL;0.500000;1503099534;1503099535
1;1024;8048;0xbb69ccd615b429f69492061ab779945e0359825ccd28b1457674cbea1ed03eda;0x068d1a7f1c12a850d2dfcb325c0154a7bd9305f51ce7d639eaa45079f6f5453d;0x39e9cdb7;0x39e9cdb7L;0.500000;1503099535;1503099537
1;1024;8048;0x65d744f72a668c15f690df4ec91183dac991907cdeafdb8a96820f18e369e248;0xba20fd4aee54e4e19e834c2c09abf960c6fa4ac29bd75aa3286822ecf29bc173;0x0e5eb2ba;0xe5eb2baL;0.500000;1503099537;1503099538
1;1024;8048;0xbd4c79b67a84f34971f54e6a3a40925abd1eb893dc0d4a430b4d8c4d8800dc46;0xb9590170cca35fb9ab31d350d1e37bceb76a4d9fd941d6f6736866bd54c68c97;0xe09eae89;0xe09eae89L;0.500000;1503099538;1503099540
1;1024;8048;0xda13a7aad18af57c2ded069239cb4bdec13e0ae8994f046f026e236ff27458cc;0x7b1a6972fb391beb41d10595882ae59020af9fd6ce5c36f72df8e93fa1dce667;0xe74ccd9a;0xe74ccd9aL;0.500000;1503099540;1503099542
1;1024;8048;0x747b8dd4cb3d1f76fa10f86055c9c68641db6223fd3a4185d2b16290200e0c94;0xfd1f2be088c7e56bf9294a97c1fb3f2b99c6db2014fa247b37ec2aedd0b46d00;0x4f427180;0x4f427180L;0.500000;1503099542;1503099543
1;1024;8048;0x1c6af4069bd5ad06751074b2323853016b537ed83db679029820ecad700be08c;0xdec54b6fb7a8dd012923f75d775bc9ac5af46485e43664f06f2292d53f2cfd0e;0xe6e0f129;0xe6e0f129L;0.500000;1503099544;1503099545
1;1024;8048;0x4c890fdc1f7109617c639bd68a0792db300c2f512d413bf03a3fa45ec7ed9713;0x5542efc2f996016d9638577d4ce5770e5743a39a317674770878a0067f0c728e;0x96d6ee0d;0x96d6ee0dL;0.500000;1503099545;1503099547
1;1024;8048;0x5702551d2adf9e1a836213520094be7f32581075410674646550b81b50f7c8a8;0x1181d6816aeff43346b37fab131afeb4569b08c2fe8817549553a9db9884f785;0x0f6ca6df;0xf6ca6dfL;0.500000;1503099547;1503099548
1;1024;8048;0x3e41e84ba3ad865221241190af9da353bcb94ee34c5658e7064c880b466d3384;0xb8a241a9e929e6db88316987c570c4d9130cc29fbfad38424edc240dd608dd2e;0x223e4de3;0x223e4de3L;0.500000;1503099549;1503099550
1;1024;8048;0x0d3b13669a34853a0c264ddb6d41d9168fc5d9a05d9f58b672fd1079680edd75;0x542a585f366b68f84f0c487f5da578c42f23c4eab8b7d013f3990084fc94b2a4;0xdbf5c0be;0xdbf5c0beL;0.500000;1503099550;1503099552
