1;1024;8048;0x71a023fe61b5c7622981e21b9f5f6c02eae78d32d0c6328e633bc78d75c135e6;0x7f14619c145d2f2bf310c303172b3f731d251b34036a3487d617de0405486038;0x2f800e95;0x2f800e95L;0.500000;1503092828;1503092829
1;1024;8048;0x1b89551830cdd37adf281bdf02638230ed6c9dd05870e73019ec91560d091228;0xcf0840679411ab0547ab7d16e115022697e608427907ff1f94e7b40959b78cc9;0x9e52be17;0x9e52be17L;0.500000;1503092830;1503092831
1;1024;8048;0xe19d069621ca9526ea12973294f772ef13631eb26a8fa1190a17ef14ad71008f;0xe2534fce7d6ee4bd98e58f0851b1e96c7913d0bf44cda9509b0254668f81b746;0xf7f09db2;0xf7f09db2L;0.500000;1503092832;1503092833
1;1024;8048;0x80c8bcbfdcdd6235fcef0345311144e09c5be62b5cf44ef0c8efa826f4fe5874;0xd3b5c14dc00d3ca61e35e7773eda9d52e6ca8c009be4f0f236967f3e4183bcea;0xfda4d2d2;0xfda4d2d2L;0.500000;1503092833;1503092835
1;1024;8048;0x138a15f91755b84a56729b7fb79f60ff87a690dfbca48adf28baed085e3a0571;0x66138730dca55132c26002e4cec5eb40fc0161adce9a65464e9e459ce86c719b;0x7c94599b;0x7c94599bL;0.500000;1503092835;1503092836
1;1024;8048;0x902d7085f98e5c319c507b9770cccfbc7f411dd9076b1dd9bcf068c50c853a9d;0x12de071fc31870460f7908c5e4c90005353e59f24ccdd8197265fb4a8c65a69b;0x7efc7801;0x7efc7801L;0.500000;1503092837;1503092838
1;1024;8048;0x18717d8dafeb61e6f85147f55e54907b152710b61fc7d9a835e98638746ba68d;0xa3d3eb667e3f818f09fe25de8ecd5d32c7f56b40eb911844729fa1a120150e1e;0xe7ed51fa;0xe7ed51faL;0.500000;1503092839;1503092840
1;1024;8048;0xa9e5a9e0b4c8d65f6eea2ebe97679b84d255db0b5fad9022463c4c91b4ecb35e;0xd20a5a281e9750969a65f026d0d1a9e7a161c5df6fc1b8bd2d4e90f95f188ee1;0x44859435;0x44859435L;0.500000;1503092840;1503092842
1;1024;8048;0x2e2bb429d037477700e606e72e2e84661be9c0fcf6e0407eca8e52efe11fc10f;0xd996d13c3ead897d37f3e097853163a98ed7c7f5a43402455a27a560e908c655;0x43309752;0x43309752L;0.500000;1503092842;1503092844
1;1024;8048;0xea0c057fbde85c1650a7ecb49dde2827b19715ee0d7089327aca780cba32eca4;0xa8b5bddafd6d5ded3ffcabdfca277b46113613dfc69f1aa52d8a789904086963;0x0fe02485;0xfe02485L;0.500000;1503092844;1503092846
1;1024;8048;0x829f3f47713b63e3a6bc84c255454c91032204445028297c527550905b813ddd;0xb1813ed509a46e17cecf54e5f485056fc23a49d096bd640b3d1519986fff8200;0xd5fb47af;0xd5fb47afL;0.500000;1503092846;1503092848
1;1024;8048;0x65aab35a78bd98084cb5b584ba0ea33232f9c9cea794d350291d07b67149bed6;0xe082c48bf0ee80ad3df9ecaa371c3f1dfd086318f861efa24a3921952adabbeb;0xec705c06;0xec705c06L;0.500000;1503092848;1503092850
1;1024;8048;0x3662f2fb608e28be50495392449640e8ca179ca74f6d17120a08ab1801ee7f37;0x26a8c9bd783fb0628d2a33597501513e0f22423a92104309ff986bfd9c84c615;0x1003d1c1;0x1003d1c1L;0.500000;1503092850;1503092851
1;1024;8048;0xee60b6101762f6ca7c7b1f01a03f042c4767ccc1496c79c118f115845c14824a;0x80c28291cf1494bd64d43bf63d773502cc3b54e537575158f441c4ddd0ada24d;0x5daebb1c;0x5daebb1cL;0.500000;1503092852;1503092853
1;1024;8048;0x52112d23418a39de838bae5ac5455d9a30f5f7481b204d465c31dd9595bef4e7;0x9352ea98c3b9bc0644762f0414f64cb80c6dbf2a0c9428ac49ec98d2bfd8ee59;0xcb96f536;0xcb96f536L;0.500000;1503092854;1503092856
1;1024;8048;0x007be0acd08c6afbdcf229e08cc5f88155f87ec81bbcbf11cd5803a9a7cd93a7;0x1220db27197e51d0ab286cb22c82cf85b1a3f9abf0114e2ef803876399568aeb;0x1e2e772e;0x1e2e772eL;0.500000;1503092856;1503092857
1;1024;8048;0x637ccbf326a0c9d4abff5faa8ba1448cbebf9c82418cc2947e6e16005e9efbc1;0x160ac115203b7ee7b49e9d7b0bb6defaa407b6fd731d729f73a7c338d4049a34;0xb5341e68;0xb5341e68L;0.500000;1503092858;1503092859
1;1024;8048;0x518a7e7fff94be50b0d2a3728b614846ac99e5f6c649135dd90dfa553fbcd591;0x4b6d025ef0392d6ce0aa00ee5ed50dcd199901e622c8aa241656ca8da6ed6566;0x586c0356;0x586c0356L;0.500000;1503092859;1503092861
1;1024;8048;0xf320b59cfbbaea4c2979a700cbb181cadb3dbbe8e89cc48c7f5e47ebedd051e0;0x9ede27b759ea8ccc0b38f789342a97366bee92c3b22a34118351b0ad21e1c475;0xa932ca66;0xa932ca66L;0.500000;1503092861;1503092862
1;1024;8048;0x64c0b82cdba1550f6dfe730f953a4a5d72f5e8c1392cccc549a1e270206bd484;0xee6ab0826b5b7984b8ae85ccd872acefbf38ca11e38ce6e2a1a97514e4b5e99d;0x63781d27;0x63781d27L;0.500000;1503092863;1503092864
