1;1024;8048;0x9e2c882bfe1e2e8a01e6267789fdd419bee1d090f98aa3c5f0b4fb149ee1cc3c;0xa72fbbc8334f35b7a5cc2150d679e8e879e1c780b34122a75e12419135fbeac4;0xb0e49807;0xb0e49807L;0.500000;1503110084;1503110086
1;1024;8048;0x14c00434d88c2b6e2b1f4a1b58e39b7f5332c230ab3cf78840a093ddbaccefce;0x10b5dbddcbd7574d817000d9b12d36cc40ea26316e287d681c794cfd55ef34df;0x6aeb7edf;0x6aeb7edfL;0.500000;1503110086;1503110087
1;1024;8048;0xa6e268b836ebd7843abd006fbc79baf92d04c26b390a3035d8c36c5a8bf46631;0xf8194f07fe7ac93af0baa2d3462f7a907b6b0fb7e6616bf25d2410bdd4430d4d;0x1bb77381;0x1bb77381L;0.500000;1503110087;1503110089
1;1024;8048;0xec0b71810643de6283a422a076d3ee4925c1d60f799b39b5cf479494784a6c65;0xd2768b397d7a33a7f35bf9d6fd040a3f8ef9285921f73f635e2bc47223fd0d7b;0xc91940b9;0xc91940b9L;0.500000;1503110089;1503110090
1;1024;8048;0x43625b7d88757cbb818e8875520e9951814a1d238b0f70f0b7e0680f748b10b7;0xac9f204b7c7c3aadca23843388b8a7a22c6de6f42f21a0918bf6a14a6f877b90;0x9a8c8cf3;0x9a8c8cf3L;0.500000;1503110090;1503110091
1;1024;8048;0x982800b39d893fbf9e80058c5c96475a8f680c17b42f69dfa44a090bb5dac54e;0x06edb74380d36380bac0275d83f5ddbc6c7003e6fec320c4719befef41c009dc;0xdf93e37a;0xdf93e37aL;0.500000;1503110092;1503110093
1;1024;8048;0xb1553c35a724a03d03253b4723eb9f530817f213cb5b371e50bcb5c1ec7d359d;0x45644290dead31c8241449cd0a63053a13b693cf9b5051928fc6351cf8610286;0x7920b2c4;0x7920b2c4L;0.500000;1503110093;1503110094
1;1024;8048;0xb3a21a9be17ba1cd4927098db0d878e1beafcb66279dc4d5fb3013e550b66903;0xaf44cf9850b0df84e572deb06519f1df51ad8ecdce6c8639d881dfccfa345f38;0x3f174afb;0x3f174afbL;0.500000;1503110095;1503110096
1;1024;8048;0x00c2f068e312ead704d2c1025599672539a1d42fa5a7e29389e62a77f5b786f5;0x0bad02b983b3a26fcac293a1cbf34a9838745592b72461ba94402081e1d9d97f;0x9914816a;0x9914816aL;0.500000;1503110096;1503110097
1;1024;8048;0x31876047fb96ffec3901d38ae893dc0b5fe760a1545acbdc29bf9769b9cc24ea;0xf10f4a3f72b4cbc6a0a92d1254e8aaf3f581ce151421f127125b1f3ae6e6f3b6;0x955cb278;0x955cb278L;0.500000;1503110097;1503110099
1;1024;8048;0xf6226e27d2cb660b80db117097b3ff42a20b38d44676b70589db2d0bff92a8f5;0xa0fe96e5f01777f99ffd5cc5ea94eec242bfcefbc2436a93820be8009c79de6b;0x0e8d4df9;0xe8d4df9L;0.500000;1503110099;1503110100
1;1024;8048;0x67590617e7d8ea6e654c7569d1a4af7302c28e7cf48a3abb6f0634ceca614031;0x48d2102c6e8ff150eb0ee4addb4e6badd437a3eb619e67c66ecd3f7c046ac9e3;0x7bcee6e2;0x7bcee6e2L;0.500000;1503110100;1503110101
1;1024;8048;0x96a784fc876230cf4b8eeb1af116479920443aff1d585b26f1edaaea3a7c92d1;0x967138681d6c3cd9d4ce209e7a5f980570050fdc806e21be4fc885efa4cda7e6;0x7fee53e3;0x7fee53e3L;0.500000;1503110102;1503110103
1;1024;8048;0x60dd4a6cd8dc299c19e70d866f4ce03d80de7250ba72af99053379f199f364f9;0xbc8918c92bdc6fc1fda9ef78845292347dec4f8bf1b3c920ea0363938a323b07;0xeb1f9cb8;0xeb1f9cb8L;0.500000;1503110103;1503110104
1;1024;8048;0x57c83cf18f2f1c83c0d2d24165bbd6a4094778260c74cb9a0759964d1331e66a;0xcf7934a903bb3a5212dd5c795014a6c5d32ac197555805710bc7093103d45534;0x990193b4;0x990193b4L;0.500000;1503110105;1503110106
1;1024;8048;0xeedf514802bd5745f24f7718f0df08750c9b876700a2fc40cd5ef75d4ac25d38;0x3a27452c6c761658b167d0efd4637107bd296094d52a53a963efba758aa60dc8;0x79f26331;0x79f26331L;0.500000;1503110106;1503110107
1;1024;8048;0x78465f43d72872130864469f954d530bd82d671a0fca374098b57ee9cf2c9e47;0x3e7fab3f7decbb751abc56feacd0f614be4c41e3a7b90ffa70f717f7ae74735e;0x6c67c43c;0x6c67c43cL;0.500000;1503110108;1503110109
1;1024;8048;0xf94016106fcc51099c776312786e167000c48a439869443570fadf2933f8a82c;0x1838fd5c63181840e319e848757f269a6e78d77073f391c133596962c9dd3c70;0x93b8b9ba;0x93b8b9baL;0.500000;1503110109;1503110110
1;1024;8048;0xb99b338747e95af039fe3d2551c3dcff9397db5c55c4d8586d490a10c225d27b;0x532cefcfc60b3fc7463189a0f54e3b1b9f1602be7af84ca486628f654b4c1217;0xcef5b519;0xcef5b519L;0.500000;1503110110;1503110112
1;1024;8048;0x35bb994fcd25183f3133c16976af22cb3479534c1b3ef07d1ef04d648120b3b6;0xb513f48dca27eaa03a367edbb79dcc5818fedd857594534a2233a1a4ca6e88b3;0x1b3c4f8c;0x1b3c4f8cL;0.500000;1503110112;1503110113
