1;1024;8048;0x3e39251b1bcfb5b26579a913d65af22cc71aafc4bbf500e3c397cd7cec59942a;0xb7ce2314f55cd68ec115a3155cc021bba8a4baa3d9148ba8ac9428cfd95f35b0;0x3088c7dd;0x3088c7ddL;0.500000;1503130500;1503130502
1;1024;8048;0x49e751a4d502f4fdaa7f7cc004e132fa424cba760e38ad569037f794856e91cf;0x0ebc9d14a37625359ea29e0a469c27dd36faae901aca773b88a4e5bbf1d5e3fe;0xbeb8f8c5;0xbeb8f8c5L;0.500000;1503130502;1503130503
1;1024;8048;0x7df898237fcb001a021ec43162d2855c3a9cfad8616bb655681817077b5f88f8;0x588518b1cec640aac43ffd13a3f97c7b4fe2996f487aa280c4810c6320e01013;0x8d68853c;0x8d68853cL;0.500000;1503130503;1503130504
1;1024;8048;0x444a541a3d96cf0c53b4816547412f64f5e64690f622a182bd45131b4323e188;0xee614b684d1afa04fd1c4b92f528d624d16ed1640716a2eec5f21a870c5a75ec;0x5d325562;0x5d325562L;0.500000;1503130505;1503130506
1;1024;8048;0x988a244bccd0e963e4c2296b7a4c77bbc7b3e01390e9c10b8a91dff64d45f4e6;0xf7dae139fb3254f167455314bc95a2d37e240bb32891037f33b90345f41a81df;0x09d041fe;0x9d041feL;0.500000;1503130506;1503130507
1;1024;8048;0xf9102a9cf403bdd1bc6af4a93b4af9d1d2c296f37ada518482320b4451e95f4b;0xecc81f06133bac16f7b69a30bd0460b0635e44842c34bcf28744408c7cab3e51;0x916cc35c;0x916cc35cL;0.500000;1503130508;1503130509
1;1024;8048;0x35970bcf908f6654d114ecec4c652ea5caa9988b694345825e8548235e455a93;0x0a8ab8d1a0d3721625b7d5744d19cb1e6887efb56f819c8711b78e2df92b2de2;0x165fbffe;0x165fbffeL;0.500000;1503130509;1503130510
1;1024;8048;0xce22935253f8659a509a2dc75090ed66787f18511e9438f55caba30ef6f8c7c4;0xdbb49388462f33736dc3832e883bd8353751fd73eb8f2be488e01767f4b588b4;0xad25f801;0xad25f801L;0.500000;1503130510;1503130512
1;1024;8048;0x116039a0a0dd5d80d672ccbfa77af0b8706d00b02e766c5fad6af1c697d367a8;0xfd4e8c6feeb22e1c82b5b0339457dbbb2b549e67f683176b016982b60ab62858;0x69707a62;0x69707a62L;0.500000;1503130512;1503130513
1;1024;8048;0xbbd2b4ce843d34ab7b2223d949dfcf1e4d69ca1900686d5196f3ee6855e75f11;0x9ae8170c74b2365281d4a7c64315828701f3e014b451ed7040a4c8c47198d21a;0x9ff0e67e;0x9ff0e67eL;0.500000;1503130513;1503130514
1;1024;8048;0xf3f65b54c316aaeb20af4683f6b69e0dc08f1c4d1566a3a5c7936a8a1fec9e12;0x21c55ab6726f6b7778d0d5fbd15aa04083846b0a2b592d8c1a3149a3e0cf49d0;0xc7f68771;0xc7f68771L;0.500000;1503130515;1503130516
1;1024;8048;0xc3668bac29bae1e472df77a5a21e82d84ed1d539a789f8014a62517f7e1d1c41;0x6a28d9181f91c72587559cf85446560f4e9b82c9c87624c83cbdf0b819385718;0x05cbd184;0x5cbd184L;0.500000;1503130516;1503130517
1;1024;8048;0x47df837d46c96df1aa579fdfe2ce3272eaa2f73742f429c4cd6c5345a73b38ee;0x25de3731b400c2929fd7d3db8a90f1891fb285362c4fc4456627c92092034a06;0xe894eced;0xe894ecedL;0.500000;1503130518;1503130519
1;1024;8048;0x98992828a5423287f5e8ad5e3e420bf233d3ab2512798d9c4840bfe9eb9cf684;0xb4457036a63511b81f6890bc8748eeb977351b8ba71e9ff67e6acadc08f7681f;0x41206b03;0x41206b03L;0.500000;1503130519;1503130520
1;1024;8048;0x03f624a43a7126f5a88ec159c39a9506ad1a66dd92e7ec5a089b8703716c0874;0x7e21689b5a8692a728070f053a7ddce35c6ccc6e13bc36b384a6a45b6f4ef371;0x456350c2;0x456350c2L;0.500000;1503130521;1503130522
1;1024;8048;0x3a46e1ee628ca0c763c21039cdb26f2d853b367a9e92681f86dd38529bfe51d5;0xdd852c0ddefdb0a482ac175805aa7726083482d7af40b7266750cc2f8c455aa9;0x5a91178e;0x5a91178eL;0.500000;1503130522;1503130523
1;1024;8048;0x33bdc422189a63479456e778ff0d247f4179c539a644e790c1f002362cdc265f;0x3f4676b8575321ffa73d4845128f7ce057f8a76c6317a764d8bc783618e0755f;0xc706500f;0xc706500fL;0.500000;1503130524;1503130525
1;1024;8048;0xee28d6d0c9270937e11e69edf5ccc9b0de3730f25e157fa87d16eb51560fc244;0x2c15a2ad7ba507863f54fbe7befc1fc9fa931a3c46eba42050ff0df92f8fac23;0xb300e212;0xb300e212L;0.500000;1503130526;1503130527
1;1024;8048;0xd8026bb70a7268decf7169b2d93d0a48a35f518a3a3fd82046b2b7a2f51f60cd;0x1748d8ef7ea86b86ede9cc8054b1a9c8b601aa91420497a475bd3447b91c8e89;0x539ee32b;0x539ee32bL;0.500000;1503130527;1503130528
1;1024;8048;0xfe4e84d17d6505461ded93895cbdb1ebffbf93941937dd0771595692cf71fecd;0x24fac8dc8bdbea699258127dba47c6d596f396ee9aeb129705c951e2702ec30b;0x64e6ad8b;0x64e6ad8bL;0.500000;1503130528;1503130530
