1;1024;8048;0xc526e3dfc606e6e48f1d528ce69b56a2890122d5de40bc2b553fea665fdf4c24;0xda651f4396d3da09d58c2d1f8d33fc01ef77d74ca0ad7b630d9e2df90257a497;0x475ae7f0;0x475ae7f0L;0.500000;1503096276;1503096277
1;1024;8048;0x410cfa84d13043eb7821e9d0f4b64040ff4173e9b4439b7855f2fc50e8105029;0x06016fc999e91b506da7f2c8afc807c6d39bc81c0ff4dea28669a4035bd8e196;0x63840f61;0x63840f61L;0.500000;1503096277;1503096279
1;1024;8048;0x4040bd1b3ec92c274aa5eee84d49f71a97f6145848a6362c4a308e517e35debe;0x8abaef5dc81515fbee8695aee6258db40679d1b9ce902fc68e95681b0e1d6f91;0xcf0dbdaa;0xcf0dbdaaL;0.500000;1503096279;1503096280
1;1024;8048;0xdba6732bb937faba5dc6859026f991721caa5082f036344761d62369aad12b85;0x3f7bff99c880a1d5266ee4ec3dabb21b66a78798bed2be15af2b9e288a26449a;0x3d90993f;0x3d90993fL;0.500000;1503096280;1503096281
1;1024;8048;0x81574ce5c48792e084b9c01d83f5831a0fc73d26e1e390024dfd378ea3234224;0x340bc5ce2ce75773e4024de3011382ea94ebafee93aa555b333c964335d0df35;0x5e6fe898;0x5e6fe898L;0.500000;1503096282;1503096283
1;1024;8048;0xeb70753c2d2c51043b08cae3b4d0d844e30eb0b51eb23d1da4071e2b715f665c;0x1a163da5c2ab444e6379db3a7dab03ccbccd03999fad5e92c71513a9fa5622aa;0x8fc2c662;0x8fc2c662L;0.500000;1503096283;1503096284
1;1024;8048;0x8c8ddff9438f4def12b618372fa09cf3735166a5478bfb7f3ad34bf71bc445a7;0xfe2ec6f8a8209da386ccf12f13cf5135096ac8020bb1897e955f2b405a8d70f6;0xf74dd34d;0xf74dd34dL;0.500000;1503096285;1503096286
1;1024;8048;0x055b8eb0c400a2739052c01fefdc6c8500f3994f66b3df94a08954ce9fac96a5;0x4c153f08b11a8e5f82bfc0a682f9688b65bddab4ebff46a8a55ea85b24c1d54a;0xa34282b0;0xa34282b0L;0.500000;1503096286;1503096288
1;1024;8048;0xaab4638a6b961058c81c4d59222bdedfa49336e93681165dffc5a68a6ea1d318;0x0c7aaf7f0affd0c26288944eb0a92cc2d94fd52b592648adfbc11642b024771c;0x1c296c5f;0x1c296c5fL;0.500000;1503096288;1503096289
1;1024;8048;0x75cd03e1d9d7d4e649af6e663b54da67593fe279288f27de92ab67482406a199;0xa8021fa0e0dedbe637a9677b9e065a90cf88f255d7bb91d16114fdb93cd31bf3;0x40f8e1b4;0x40f8e1b4L;0.500000;1503096289;1503096290
1;1024;8048;0x8970f7c31799de49b68513576663b1bf822c08407a2b259827d146608205580b;0x078033e9d2dd65977b28b613d6f52d897fcf049a8fb6cff9ea074f0aa083522e;0x8fc65a2b;0x8fc65a2bL;0.500000;1503096291;1503096292
1;1024;8048;0xb2eb23d09686a2f9529b3cbdfe19fab4312fc2d84e457584129260a73512ebe7;0x481e9243450a1d409b0755794d6efd85e317c283b89ad0ac9b83c19c58430a2b;0x27717762;0x27717762L;0.500000;1503096292;1503096294
1;1024;8048;0x8a7752ca4cfc81c2b735f0b816ad069480337716da22174237671cf7f2a4ef7d;0x1e08d89c322a753dc89a54f879fd73219a5cf1101423819910a56399507fc8b8;0xf1ae2c00;0xf1ae2c00L;0.500000;1503096294;1503096295
1;1024;8048;0xacc5fcd77bb814455d014856a8fb6bca6ffaad7aeedf3a8b792ec8762c4d2fd8;0x08b8602c0b583442f12b7256d7adc7a948b4b4f59412af4d63066bad47db6272;0xbf4a4038;0xbf4a4038L;0.500000;1503096295;1503096297
1;1024;8048;0x7a0007f572a727b316228b05ba38c7c2ed742576f73ef9e68bdd48204c75bec6;0x69c04f4609161a5ab9ffd96c74e6c6258d2ed0cfc3d853bb4a1b9dec61500b0a;0x17a111ac;0x17a111acL;0.500000;1503096297;1503096298
1;1024;8048;0xabf7bd6b1bdb09d3a7d41d11dd16aa65d8900b6d0ee3a053081bc6299c9a8a47;0x7cd4018646acd8c928072ab42a37fcd9539389582ede7cafde1030db38673a26;0x8d0432c6;0x8d0432c6L;0.500000;1503096298;1503096300
1;1024;8048;0x6e10272d9b14ca1c4ac85d29a6842d89665e0bf75bd84cd748e1002a9d6e5d0b;0xa09a544db21bb395f5aecb42dbc90def09f8bfb0894440949ad41d47f7d70573;0xa01e3bcf;0xa01e3bcfL;0.500000;1503096300;1503096301
1;1024;8048;0xe4f827e3487eb4ba438de9a3b71bad37d989818bce5f39f426159f1e3a65b51e;0xe3d5ec34291c2bb2a6ecef0993c587a33c3793fa1a8e08b1f285c42b10a971fd;0xba388be9;0xba388be9L;0.500000;1503096301;1503096302
1;1024;8048;0x6fbc6e2b8f0444e22f396d4ed19ff917ce283740fe023c7e2db0776880f201ef;0x7ee64411cd21e538969104a1e7356577d0df64940f108623a832f296d4a953d6;0xedcf4586;0xedcf4586L;0.500000;1503096303;1503096304
1;1024;8048;0xbbf61d23dbf4e12d5af34b8b2b1dc5c2a6c363fab2d7d4dbee88ec035690de11;0x319a40bbb5ab6fd0a269243780fdb146ef02a71dd776b27c4341bdc831b61001;0x50d65eb4;0x50d65eb4L;0.500000;1503096304;1503096306
