1;1024;8048;0xc3fa9fd3b7bf16af8dce989b7b15e1b23051257d79f7a69040a17ddb3cef4fff;0xf427105a4ad763f94605c9608b6b82cf8b174f1f24ba703a2baaa051d9ab84c3;0x536b44c5;0x536b44c5L;0.500000;1503128523;1503128524
1;1024;8048;0x4bc10bef9d41d90976f9e5a6a1d140cbe99f07f251bf3cd1873baa6e5739f6a2;0xf09f88f0de5e168923a46e24106f49ba1d1e7d31f1a8bba0879dd06cedb21898;0xb12f4451;0xb12f4451L;0.500000;1503128524;1503128526
1;1024;8048;0x39a8727be452265846e2e00e658da8aaf307dd892038ffc856667f3f0480c73e;0xc20c9dc647adc0bf2fc22335a2e4bf16aea96f0a6d78fcffbacced23c267da0c;0xe0b7eb95;0xe0b7eb95L;0.500000;1503128526;1503128527
1;1024;8048;0x469efcf71b610b60a0cfaa15c798d0f2bf5cdeb025d9e78a3edc4bb4193ab95f;0xf7f55cb05edd8380bcb15090e3013cc0cbdd5aa474ae6197c9d2e33cdbfde255;0x8832502d;0x8832502dL;0.500000;1503128527;1503128529
1;1024;8048;0x8fa6fc8b43926e77e33281fa6394a5c70436fa69c6b8ebdb56e294be678536f6;0xe2fdf2511a524032fa45a772e4d54b787ab9d5d1a47e3f8c01e8e58b7bc774cd;0x82f932bf;0x82f932bfL;0.500000;1503128529;1503128530
1;1024;8048;0xc2e4ba15d9a3e7e2d48d56db3881839f629181fba008420e6a6670be25012ee7;0x83a693f7d93ac8e7304fa4a155514969914ce2659eac52ef39895464168aa050;0x8e284f2a;0x8e284f2aL;0.500000;1503128530;1503128532
1;1024;8048;0xbf2baf7b7858609c33b4d5409a0608fd5e78b9f8393e506a4d147c0eb5f25074;0xca5546e7916db66685abba4ec08661005ccd32a7c12014d3b050eb43d6ccb2a8;0xa869bac5;0xa869bac5L;0.500000;1503128532;1503128533
1;1024;8048;0x7bbc9cfb6816b3438e4561a3ee9cfa5a7b9bed81f8238151b62a858f682f78e3;0x7e3ee5024c4dc5bdbc67aa5222cd00352e62125443a02058dae342dd70d46bcb;0xb1354a58;0xb1354a58L;0.500000;1503128533;1503128534
1;1024;8048;0x9134c511252362974d0bf6d2c04b5fb941280347baef13c31f17a26ae482bb75;0x27791ac7c08858c2e0bc0166bf7586c7e73f924d9a4e17e99bff7f13c1cc7ca4;0x810e6adf;0x810e6adfL;0.500000;1503128535;1503128536
1;1024;8048;0xb68fc7013cb0ff0eebeb4d900510d283e99bb154a1a454785c0bd3b557f3100d;0xb7a544c30cf22f2c754342ff1dfb3cf3b631ddeeffd11a458478f125eaa0375c;0x03649550;0x3649550L;0.500000;1503128536;1503128537
1;1024;8048;0x10260568ea3022f8f5bfb35a4a09ca164820b68882ddd0b2d4e366a8a614cfb6;0x5cc8592f3b5c7fefa2b2462cca7203858b4720bc6ddfb466558c745f51dc05ae;0x3861d3d0;0x3861d3d0L;0.500000;1503128538;1503128539
1;1024;8048;0xee32358d6972844b884d79faff1b7e6f9fa3f570fcaa7bf3f09fd589a4594e92;0x1ee1c12baa67fdbd3a41041182a4772281538cb80787947bada12e09faf14db2;0x47f25b86;0x47f25b86L;0.500000;1503128539;1503128540
1;1024;8048;0xeffadcfa5d31066cd0a2973ff66863d1348b5d13b35492a2fc73f67f44d86b34;0x77749840abda380defa5b8e805c379ca7f36866066741a7ad268543e12b95c77;0x126feb83;0x126feb83L;0.500000;1503128541;1503128542
1;1024;8048;0xc0f726f80b8de1a053ae76d77a43ee75252bc846664c488ed328b60b5901a519;0x001c89dc7044859cdd88c0fe62d92772a1dcb7b9ba03aeee23ce85d26fb875fc;0x542de216;0x542de216L;0.500000;1503128542;1503128543
1;1024;8048;0x99e0bdd01598e1b2dda94e476dba08b625469347eb724630b4e837532e8190c8;0x734e6351a9ed7a22f53595aa6aa15bb86b8c082b1923957d0acb802b93d0b202;0x4e65b5d7;0x4e65b5d7L;0.500000;1503128544;1503128545
1;1024;8048;0x9f890679a2bad0b4cfea4887ff4a1ef9b4f91c75010d76aec0c4f9cc3cd8eddb;0x2ba802364c0bada04a87c0bde0cba931f20a9242c0e779d3de6a7fa692989bfd;0xe86493dd;0xe86493ddL;0.500000;1503128545;1503128546
1;1024;8048;0x11c6fef9b6acddc0b9fdce427258b77ddff7647eeff1e8ea0db43b17ee83d300;0x76ef376ad1fa6cd1bc8cacd1cbb768fb67b717acd2e3d071272c5a52d92ea59b;0xfdfe2a34;0xfdfe2a34L;0.500000;1503128547;1503128548
1;1024;8048;0xcb0265dd3a77ca8985cf42242588d5887510e507aa6fcb42dcfe8d5bc6689a91;0xf886d7cffe0d9a1c49b20c48bcf54a03822833fb210987ddadace70502aee3de;0xf826f35b;0xf826f35bL;0.500000;1503128548;1503128549
1;1024;8048;0x4c68f67207fca4e54d699a137f0c105a1d5e7f3900b88ff1ff0e7eede8e46034;0xee46e15c56e710070e10f8397e5e28049ab331996bfef280e1a65aff55a14ead;0x10a34f98;0x10a34f98L;0.500000;1503128550;1503128551
1;1024;8048;0xa0e2cdf39719c2f54876d7ee6381dc46c1efb7e6b1263cba088438b51052f9b0;0x448b4172d4f80205e2dfbb7acaba745d985d6aea4f861aa98126e905664c534f;0x8b8419de;0x8b8419deL;0.500000;1503128551;1503128552
