1;1024;8048;0xcd81741bb33c64bdf67d24cfe99aa60fcb05cb8a6274a95cfde85c5deaea0ab7;0xf7e22fed812bf325f4b4d054a56c235c8f2c9b4fc4b42f8c939144d7d960e377;0x722152e4;0x722152e4L;0.500000;1503101516;1503101517
1;1024;8048;0x0ba19bbcd097d0e8f3fb5a2580a2ca304c04be2b58bdcabf9eb646b2af6924bb;0x665b38e8e0fd0d161d2691ada513d4f67ad34894ec4f2c358af7a28194fba61b;0xeaaddd3e;0xeaaddd3eL;0.500000;1503101517;1503101518
1;1024;8048;0x8fb887f4cab11ff4236c9c696a67fc3cc43a939ed5005409c47ef0d05f1b87ee;0x566ca4bfe06eb427005ea316e37e0879ab0486bf7032f24c3bba8de44e2f1c44;0x6c8e0487;0x6c8e0487L;0.500000;1503101519;1503101520
1;1024;8048;0x486946243db254610d844860fa0be75870c64a444b03cb0b3083b64d9b01e1e4;0x12e1750d5975252b40e3bdbe2df578a9fc0b02898d1e964b314bbefd56959123;0x99b968cc;0x99b968ccL;0.500000;1503101520;1503101521
1;1024;8048;0x0f0e80adeee65e02dc1844fd1f2619905d7ae9a73547dca5e1d2da0459662668;0x83959be9f75d516e6febeb3ff0d9959e55fe4a8f59c9d9bc01e875edd44a0936;0xfc34b803;0xfc34b803L;0.500000;1503101522;1503101523
1;1024;8048;0xb71ab73d4e40179f54e022b265e60701eb861520e063496f2509551da1e5c158;0xd2d488e0b024e53278f803c522d578a6a382da455a6b517d11070cdc6a563516;0x5e3f136e;0x5e3f136eL;0.500000;1503101523;1503101524
1;1024;8048;0x4ecde9e17d5a23c34c14498066d0888f551aeb3003768a8241d7350d3f59a28d;0x4f8d6fb0a89db259382239340ed4dbc0f6bf7b7196bb29e767ddeea3440bbe8f;0x14eb2f03;0x14eb2f03L;0.500000;1503101525;1503101526
1;1024;8048;0xdd09e7f72a804bdc24a4a542151e5f8d67832031bacd4c65120adbea90626a6d;0xfebe6758ccb82810e86cfd71ba0969daf05d11173089700cce932df0fbb1430a;0xd07ea3a4;0xd07ea3a4L;0.500000;1503101526;1503101527
1;1024;8048;0x531f068ab8126e22aeca85d70005b9565d0615adcbfd9477bcd6f43577104acb;0xd4678e9ca6979ada55e429d7e66670a0a36ce7173a8e631126486d40b09b6033;0x233c50ed;0x233c50edL;0.500000;1503101528;1503101529
1;1024;8048;0x85aa4610030848f6410a5214c47e57ad7d05e090fe4f097b88fe028a1bd610a0;0xeb578d340c049508c578a37271b78e8f3a7b0645e4006e362da4069473b0a6ae;0xbd8c5ebe;0xbd8c5ebeL;0.500000;1503101529;1503101531
1;1024;8048;0xd7fc46c92213398e60a373163ee93022a5d2202fddf775ed88e59bb32cde1b03;0xba467bbb33321d6e8a85badd378f82afee9745da1f785e63bc308df781c05c37;0x7dc0babe;0x7dc0babeL;0.500000;1503101531;1503101532
1;1024;8048;0x634c2fa4d3ae46175a3cb7afacec7b22e8c6191a143c9c925a099e10960fcff9;0x7f8b564c6a1ac89aaad936dc68ad6cced740117a5577f3bf5b9f2d7f2c98b961;0x31117b64;0x31117b64L;0.500000;1503101533;1503101534
1;1024;8048;0xadaf118fb668dece7881fe6cc7f5c99a2b88fc21c815c84caa401c856fa8581c;0xe1feb2c40eeee5102ae9ffea2ad952859a4587580526223d1a17932df6f139a8;0xe54b6e5d;0xe54b6e5dL;0.500000;1503101534;1503101535
1;1024;8048;0x4ebb59daef704a1fcd08697e72541f02c903c374a66ca50e7eb440b307ef5c55;0x4f72e88077e087e35662980bc29c3c3e416c38e514ab57d2a12249ed5ecd884d;0x8133f971;0x8133f971L;0.500000;1503101536;1503101537
1;1024;8048;0xfce76f497b2b62f9931d9377d5d9957b66e3e72252abd628f20efe79fa6a89f7;0x5033f625ec60558c99283fa7c1df87b07e9d3527989476291ed5703aa111d7ba;0x73ffb058;0x73ffb058L;0.500000;1503101537;1503101538
1;1024;8048;0x6da58810c686a84c0fc8572fe2af76b74002b85725421f4d10b4adeba6166114;0xb30a49141651f18f8febf8e30d0fa5145ad01828deaed412128b49b242812596;0xac02b50e;0xac02b50eL;0.500000;1503101539;1503101540
1;1024;8048;0x5636df6632e3b5ef379843cf557f183fb8cfa11523468414005e373db60a150d;0x6c6ecc0d859ea80c3c63ef36b3b1406aee05e313e7391f0143188bbc6f7230ca;0xc849cad6;0xc849cad6L;0.500000;1503101540;1503101541
1;1024;8048;0xccf62099030c2b347b207737728baebad82e75b7bfcaf5f8c0f80a543a1ba307;0xa5c67b16fbddd93bc1ae1fe3c40731f44c891bdc97d44e9925157a16cb8d4298;0x81e23834;0x81e23834L;0.500000;1503101542;1503101543
1;1024;8048;0x97dc8ebc7f6a639a3e72e4a68de7cf466077ec7424e971dbdf8ca7f7e9d9d080;0x9f392a290996443b764afc5cf4a6fa9be6fa828708ce35c6b21cbfdcbf67373b;0x44e61b5a;0x44e61b5aL;0.500000;1503101543;1503101544
1;1024;8048;0xc4b0bd2afeb5b7a09b68d08bc0e281eef91595f61047a866929a65dcaf9d7d74;0x53bd3e252849beb95e7edad8f7c1817bce56e75a7741577fd0e48bc76ed5ac91;0xb353682e;0xb353682eL;0.500000;1503101545;1503101546
