1;1024;8048;0xd7517c3bc93fba4aa2d6d0dcbd91241dec13d166a68f88ed4a46b31ff0a522c8;0x1f0a2e8ea131a35911e0df5d8a09879994594335c033f46f53df50a5c430738f;0x669468ba;0x669468baL;0.500000;1503088187;1503088189
1;1024;8048;0x0007dc88c4b49c1330482cabef97c2c5f4216a1c546ab4dec14ea5ef9e22c49e;0xa40de1a32e3b78d7994c57f3716414d18b81c14d5667849e5b407936d69a197f;0x4ae5d34d;0x4ae5d34dL;0.500000;1503088189;1503088190
1;1024;8048;0x3e57af982c353d053d34be2108898dd7cf5ddfb0dc1dc8936d95d0e6d6336814;0x451f91ea89f68e1a251ab34eceb72911e6b1205edb1f8d7b846624357e1aadd2;0xabd21fbb;0xabd21fbbL;0.500000;1503088191;1503088192
1;1024;8048;0x0d51dab323bc3cec2836fa6dc62cc49aa2696a6ded66c862d9465854f8d41206;0xff7492416387524d1d76b06648efb2defe315a5954db266fcfbc3d1231a730d9;0xfe38b779;0xfe38b779L;0.500000;1503088193;1503088194
1;1024;8048;0xa068529b6e766fab8f415254701428a0bbf3633e7215788068d15cf466530906;0xd6dee76fd36f99667b4a8585338b57e1201817ee1ed1206f31d3a63dd390fa55;0x713e5eb9;0x713e5eb9L;0.500000;1503088195;1503088196
1;1024;8048;0xddf82d019f1234cae0c23b076485a5b7db9546e70711feb95769d56c547e7931;0x31baaf6110a68f09332f06ca672641ca5329de9e144cbbc98e810426e1e3737f;0xff5fcb27;0xff5fcb27L;0.500000;1503088196;1503088198
1;1024;8048;0x83c059281cbb38c0e782ed13d689d2ee7e47ab8c93a0552bc32f0b099e960721;0x39a69bf1b6f8033686f8395d0979783f12a324d283a5564e677695d794d7c389;0xc2f23a66;0xc2f23a66L;0.500000;1503088198;1503088199
1;1024;8048;0xc6c511986e4b51f284fc9e163b41be419a1dfc9c03ebb2909d48e48a4409be0b;0xc10113dd0291a76e09f2ffac85ec7c3947533728caef29a044099ef59e312a63;0x10953689;0x10953689L;0.500000;1503088200;1503088202
1;1024;8048;0x9f0918c85faec890de38f3fe425611500a654469b0464ce317082d9269456408;0x7d87dbf5beb0cb52c1cefa7a70a014ca573d764cdb34ec55eb049748f504635f;0x9930ac97;0x9930ac97L;0.500000;1503088202;1503088204
1;1024;8048;0xfe1961713769aa25a6002afd9a5964490a804bacceb4669043456ada2f459f2e;0x3bdd68894ada34dc610fbe32fccce9647642dac321b76f219775e02c9146f83a;0xe9e3348a;0xe9e3348aL;0.500000;1503088204;1503088205
1;1024;8048;0x98149dc9df6aa90dd927ef542c4932a33b39a46e2d2a3477380b86c83f42f3d7;0xc636105c1a6310a7d463f53a0d7fc154d5d96a40a5ef14045f1e25d505bc27f0;0x800e5c0b;0x800e5c0bL;0.500000;1503088206;1503088207
1;1024;8048;0x524bbdbd395384235288c1aafcb482823341b413dbc2332a20873bbef24a5144;0xd24163e062d579a07e7c2e92d9bcf7fd7d3187a91e28407e20f839d9e27aa29f;0x0a05bf3f;0xa05bf3fL;0.500000;1503088207;1503088209
1;1024;8048;0x24f79c8a8b237a83967536d6bfd3a220c821ab1e2c1912ecab6e03e796f228ba;0xd97ab3e62da68012b1c352752cc95da2ef56759e2c9c8264e2da71292706c44a;0xf9877076;0xf9877076L;0.500000;1503088209;1503088211
1;1024;8048;0x2b8dce1a8941ee9821f1c1fc4c15afa3b3aa1051a37c37b8d95b30d0661b9f91;0x2486c6d8ea59235b857be5a8bd8c693cc92a24aff62ef6e99850279617f8add6;0xeaccdf59;0xeaccdf59L;0.500000;1503088211;1503088213
1;1024;8048;0xb61971181011543900c8f40f75475dba94d93024db5922d955aad80c4549d4fb;0x841b0d5e7cb27006a7820c1fba6c9293d1fd4f8c2c50045d706c8b883bb12619;0xdb05e6bc;0xdb05e6bcL;0.500000;1503088213;1503088215
1;1024;8048;0xbd3ca4f0280c10a37ec78a2ab1109ee22cecca22be38771fdbd4bba2c5544883;0x8cb54f05eff1dfed0768a1317d2589591c0f280209d734d0c025ed607066f093;0x8ac0c1d6;0x8ac0c1d6L;0.500000;1503088215;1503088217
1;1024;8048;0xae9d2144fc4b77cf6923edaff2d77bab9f881d163f76c63679b0e1b6b77e5e66;0x8e7ceb8c61de6ac67bb82f226dddd777028d4304c02fe1a3305bf3168c889c10;0x359ea35f;0x359ea35fL;0.500000;1503088217;1503088219
1;1024;8048;0xa6c00b26f2ce10fe39bce7413d990711f2c3244f32865f12c6cfd4c1e7aa908d;0xf9dd2ec9bd04f0117bb38977b42365f63bdedf013b4c416a209570195405086c;0xdd841956;0xdd841956L;0.500000;1503088219;1503088220
1;1024;8048;0x26ba279e7efbb1d35033177203aeae4283fe9825613101fd3e52fd8d080da12e;0x4257aeadd75b7600241f1d55e59152285a57c43ffcd29abfa1c2929a00ddc3cf;0x8e9a906b;0x8e9a906bL;0.500000;1503088220;1503088222
1;1024;8048;0x992b89324b9b1f41d4172e10230842bcc949d423ffdbe3efe0e36ac87196ee0b;0xed05c6d268e0a8215a0c2d8a56286c468892d6a5db25dbc878239d4eb95d3a81;0x000151a7;0x151a7L;0.500000;1503088222;1503088223
