1;1024;8048;0x298757bdcc293db5aa8cfbc7b012981623611dc9567472bfaa00692cd078f2f9;0x65f1c9ccba8efd9281662d7df888861e8e1c013b548ffdf6628f9fd499666dea;0x07c96bbb;0x7c96bbbL;0.500000;1503091266;1503091267
1;1024;8048;0xc08e793d126c1a20fabce70c4e00a21e4683dcf6f589a810048422a479943d39;0x3fb5afee31c2ad915667cee4ce0e59ae56bd9242f5f8ef9cd10b6aac853877f3;0xbd569307;0xbd569307L;0.500000;1503091267;1503091269
1;1024;8048;0xba2773b11fc2b7106bc3971dfdc2e423fa5fda6a8507c4172b6dda6c02b9fcbd;0xce02b9462a33e6f9eebbd42459927c831d899ee7ca83d32e63b6965f6481ddd7;0x961e8473;0x961e8473L;0.500000;1503091269;1503091270
1;1024;8048;0x72ce72c8ddc69711c1eff8422b7991c825542aa35183ad8ba81fe741407239b2;0xf76d4f59ac0d4516ea0e9d7d83e4ea5f7c5cc0112aaa741b158b9cea8c74be0d;0x62493ac6;0x62493ac6L;0.500000;1503091271;1503091272
1;1024;8048;0x0bd06d21e0accc33931eb32fdeee1e44e3b24bf539d1fd4e347c03a88c550e98;0xa658a65a96f868b1f2185490fa0598e201734b9df57453ec48300ae9f4e2b8e0;0x3edd5a2b;0x3edd5a2bL;0.500000;1503091273;1503091274
1;1024;8048;0x619575514b8d6a62c0bf4cd646f3090d1de08a1c93ae7f4110a95ef26fa031d0;0x7ffdb65254f5165d02f48d0f54f32ca215394d707c3403287017695d27c40ca2;0xd175577d;0xd175577dL;0.500000;1503091275;1503091276
1;1024;8048;0xf54553597514172f75f302d90dab3cc22ac3878f027ae9841c579fc0eb60f5e1;0x2ebf4a168a4727cce13ccdfad88920f942a9fe24a61b49a9f736da8780d081ac;0x7bf7dacd;0x7bf7dacdL;0.500000;1503091276;1503091278
1;1024;8048;0x6843a997f4b83ee09d80d1525bba808b75a252bb14decd43a51d2f206bf061d4;0x8911eb437311e58023307750c3ac36448509ce01156348621b289e9a19233c4d;0xbd924b42;0xbd924b42L;0.500000;1503091278;1503091280
1;1024;8048;0x4811a4131a665e7e282f392f7c03e7ecd6277a499fe81f649f4ae9a29b3276e4;0xcf3c12ab9fe12d45e51192c57cffaeb211bafb3234beaf8ea0254d659bc6ebb0;0x028a104a;0x28a104aL;0.500000;1503091280;1503091282
1;1024;8048;0xc6388c4b453eadc771aa19601479de7486cd9972978fe58e31b2b17e2dcfaff3;0x55b574c43fbde7b2bef1df85188ed89c09fedae455671d67d605d052a5ea7196;0xf3a77058;0xf3a77058L;0.500000;1503091282;1503091284
1;1024;8048;0x9a3c1ec58e1159e1fab247599b43b446a28fff7bcbf7e24c2239fe06475c3ae1;0x2dbefe7ed02d0245341ae14a1a00f386dabb692e77c9654bd01bb83f3d671763;0x958065ba;0x958065baL;0.500000;1503091284;1503091285
1;1024;8048;0x6c7a13f41989d81b9457a2acea3acea175afc9a7d522a00b287712bf92b9ccfe;0x57b6edc930d4c1a6f1ef460182328a527c10ad6fe71a66ace2dad4bc0722714b;0x48d08cbd;0x48d08cbdL;0.500000;1503091286;1503091287
1;1024;8048;0xd15b9cfe81502c88b7aae2c6466cffe72c3d17443fef8385366da81d1ccbf1ed;0xc6fbd96fd9c40b5d84869871a328118d6b17a29c6ae8dc8b6abc4256bd98d049;0x14bc32f6;0x14bc32f6L;0.500000;1503091288;1503091289
1;1024;8048;0x9b513d1b4f77724d7e24433d8cbd383c78557212f8db7c6f3b2f99f981edcb1c;0xaa80374b7335e004c4c24be32d037f503a5048f6e951020aee007f5e90b56dc3;0xad9a449c;0xad9a449cL;0.500000;1503091290;1503091291
1;1024;8048;0x5635c99bd921b2345ee507dd75962d78752e3288f09b7d4bf0efabc92098cf77;0xe104417e8b356c41f947a6cf62fcfecd6deecf0bfd4decec5ab9fec6a3a2344a;0xa147e401;0xa147e401L;0.500000;1503091291;1503091293
1;1024;8048;0x9de9725f0899aaa503cf9087487b7354d28b77536e25df22f9334280d5815872;0xe6b060b3735281372cd7274cbc08293349342a58e1b3f86737bb328018bfeaf7;0x833e2d57;0x833e2d57L;0.500000;1503091293;1503091294
1;1024;8048;0xea3983c68eb3119072848051269e870e82dec8ed16675e0623b2d7bb5bb9fb45;0x812da96efa8ee478cedd08cc3efa4b90ca0fe84d49ad4dfcdcf36b14d99fbec0;0xb28c926d;0xb28c926dL;0.500000;1503091295;1503091296
1;1024;8048;0xe0a04da087ed1b212d957eef919757d0d996f2d8a9b050d94ac4348f2c455d0c;0x92e22038111d99d95679049941076bbca900225a1a48ef4d9d6c5709dbc21d3e;0xdc98d1f8;0xdc98d1f8L;0.500000;1503091296;1503091298
1;1024;8048;0xc978174374fe7886631449449364badd3d8bde84c29bef240e064b5962c5ca2b;0x4cd3140491ea6d61dd7df47fe1225ae260f32b27cda9d8659a73d3fe6addd4c7;0x09041ed5;0x9041ed5L;0.500000;1503091298;1503091299
1;1024;8048;0x5e208f74ab9526f8d2a119691e1ae673ead3cc7cdca03147254485c67f4758dd;0x976f307b2c42be6be3e49aadb29bea37ad176f05b4862d782ce0e3686c9d6565;0xd1c4bfec;0xd1c4bfecL;0.500000;1503091300;1503091301
