1;1024;8048;0x36f7d36ed886a7f8f9d0461edadb993b231c4c194f090793333d4ced7655c7ac;0x0771c2ab41ba8a709ab7ab874a653aee9d4888589093b837106ced796a946d6f;0x0a6631b6;0xa6631b6L;0.500000;1503111413;1503111415
1;1024;8048;0xd202800714c3079bf069613f3d2f85c49c5d71216025bceb4aa6a7708a0b7e5c;0x39c19338c50a750a5c879a5a4787b2c21c6eb50a5751606f4806dcc2a470f0bf;0xf9a43b2d;0xf9a43b2dL;0.500000;1503111415;1503111416
1;1024;8048;0x726cb4ef16dfb326ddcb4120ededbe6caca3fbac1ca614c5a2c9d468628a35d4;0x8f9d0c08b43b44f50372d175ccab0f8e02e7c91310d3ba19eeb3e03b57a94e7f;0xa49670ac;0xa49670acL;0.500000;1503111416;1503111417
1;1024;8048;0xd7d7abfcf2bdb2589e66c16fe21890a66ad1ea04f8661455a6939f9ee7310abe;0x08377bcf880bbf257234dca380bad9d76990a9b795f50fcb39d2d983870047c9;0xfe7c7beb;0xfe7c7bebL;0.500000;1503111418;1503111419
1;1024;8048;0x025a8f74ca505721a1d90dd91f3869e85ff41babbbc2efd9b7184821608e4d62;0x318c5ca3600fbf6260452b8c677e2d4f37273529ed9d88ee8bd93edc46584ef6;0xc9207633;0xc9207633L;0.500000;1503111419;1503111420
1;1024;8048;0x151805d9bfbc27a5b3a61e2253e4c235c4c65c55c32a1432eb771093b6cddfcb;0xcd1097bc6d01063df41d2a4165fc9497c4037e59aae0e977b2510ad996356118;0x38a79af5;0x38a79af5L;0.500000;1503111421;1503111422
1;1024;8048;0xa19b5351a6101ecee4673f4bb674db8b89f962bbdedbca522e695193789d2619;0xabfd3ae7b48a8a99ca8b74cb45bcd061f5dcc0e4d78a481f581e3e3c017a9b02;0x82b90397;0x82b90397L;0.500000;1503111422;1503111423
1;1024;8048;0x02320975b63db1fe810dadaa084c5dc863f884cc84ac02896457ed9057aced59;0x518b0f6b3108fbc5d83869f8471bce0c35232fbf50031a178d19d6f06fe96da9;0xe5356ed9;0xe5356ed9L;0.500000;1503111423;1503111425
1;1024;8048;0x106e7e3b66c2546f9653ca0189df55f3b57054c8ad5fefccda5cbc2bdfc93aef;0xff77b508aab1f844491f5b0efd350955644ef21a9d1212979bcaec7f17d0353c;0x0781426f;0x781426fL;0.500000;1503111425;1503111426
1;1024;8048;0x9154fe4a80fbcbfbd0d10b001f74973c83fecfbb62143dd928f7364d89e3f31b;0x2f0717537f5fdce553bd183f52cd0a507f80492bacc81906c4bad96f641a245e;0x9c1451ce;0x9c1451ceL;0.500000;1503111426;1503111428
1;1024;8048;0x62e1f74fadd7b711da53ec0ca04c25edf8ee196a801b814dd76c2602f2f7f554;0x6c56bf3d971b21aba986c7251aca7c0fa62b790034c63e14ccc8ca36a2bbdfb5;0x8939b25b;0x8939b25bL;0.500000;1503111428;1503111429
1;1024;8048;0x3163ecda459e88b2d62408ffc88ed00342138cfef6d091b78b5db10659509f8a;0x0f20f688800242296545b70e52e9e0e1fd30462c354d90f4e4972160452952ff;0xab831569;0xab831569L;0.500000;1503111429;1503111431
1;1024;8048;0xfcc51a588ab67593d4163366b9626ca10c620374f763408cc5cfb4b1ae52abaa;0x2c7c92c6dcb88e8aff96db5a2df019fc9631c114f6ff2fee1778a83f60bd0586;0xa2eae9c4;0xa2eae9c4L;0.500000;1503111431;1503111432
1;1024;8048;0x5da8de831440cae3dd2631f8d95dce6c5f4810aa52b7eb18adb0786aee27494b;0xfdbec5125e3b995b6b5fdd49a2ac1d3a238706e9a8d387f0d370a9b578f973d8;0x66a06bce;0x66a06bceL;0.500000;1503111432;1503111434
1;1024;8048;0x1da077ba232893e6f4f5955ca41055f20b85e4dc470a995bfba1a66d368b0b53;0x572672e8a256d1c4ae702aa8a2c2a7d35100c08463c1f715ebe44549d7ba1e95;0x87d774ac;0x87d774acL;0.500000;1503111434;1503111435
1;1024;8048;0x4437a3b73d363545c937d704e0aff8896540bb471be3f076b1bb4c4259fe7d9d;0x1ce4a7d4f0d1b8362fc1f562ab5b3c275f071539380319fb1509cb3f6ba048f3;0x8813b3e3;0x8813b3e3L;0.500000;1503111436;1503111437
1;1024;8048;0x92f23f09a32c3bf441e68616ecf70b2c8e78ecab9bec18dbfb5e06c1d2404864;0x1b8a16d25086f23f2fc70f654ce7e6a65464fb03445b32f31114321d665bf9d9;0x4d7cfa69;0x4d7cfa69L;0.500000;1503111437;1503111438
1;1024;8048;0x57919cddd23b2ffccc4cd343d53a6d4c7250e7dc8e010d6a8eb127e32a771581;0xffa1aa195473c564f4c2462a8e720b331cea996d0eacc9e410e387e6e3a05f15;0x1f70a04b;0x1f70a04bL;0.500000;1503111439;1503111440
1;1024;8048;0x4e143a4a84cef5a1e41ebb973c0c10b929b683ee83cfb9bd206fd26804084252;0xd9085da50ed2f246038696ae06f88c0d7fbffd38780ae9beda7b8997d81ccce8;0xac017a73;0xac017a73L;0.500000;1503111440;1503111441
1;1024;8048;0x69b694eeb59b14a34c84583f1c88b339a5a5fd7223306c291f8ce9a0d1440d3a;0xc5d41abede2aed0a938d6e129674a7facfe916886e500dc9ceaca28f32ce0793;0xca49f8d9;0xca49f8d9L;0.500000;1503111441;1503111443
