1;1024;8048;0x26f3925e2b361746c5b35d881195063ee54ca1c97aa03a4e3ad1d26fdb6eb802;0xf1565fe59ec5ca682dd00e8af016f20fbefbdc9153bd680f605e36821235ba54;0x509fccc5;0x509fccc5L;0.500000;1503118632;1503118633
1;1024;8048;0xcb8bedaa0adf0a9aefde164260a5cfe44b0a6454e9ab7c041e98a385e840a2b3;0x99f099af850e1c43cfb87178c1398741b5907920abcf7bcab29bf34b27ab09bf;0x7cbd9853;0x7cbd9853L;0.500000;1503118633;1503118635
1;1024;8048;0x3e1e24ee7fc4d354d2b32b32037e32fb1796aadda8178876cfac757982c925c0;0xec8cf93702df0af9bbe7a1c8ec37d939081e924466b91fc9c4714bf0bfae20fb;0x1e9a0822;0x1e9a0822L;0.500000;1503118635;1503118636
1;1024;8048;0x679646ef5e219640eb13ddf0697c1ca8c904aa3efe5463a0958eaa8093dc03fa;0x8fa04a4cb1ecd490f02a596f905708100a0453dd1ca1274600cf112725a7bc49;0x7e9dae87;0x7e9dae87L;0.500000;1503118636;1503118637
1;1024;8048;0x59ac4cf9263b30686581aa2f81cc2cc606f28edeb7a41c0e39d7cdc422a1467b;0x23088700b6dc36d93d7de43ef8bdcffbf684d3d40c289b828d60aa8b58f4e2ec;0x140cf7bd;0x140cf7bdL;0.500000;1503118638;1503118639
1;1024;8048;0x0eb9da1d13c9be166ef04054b0991efcf7ca45ecce4158ef3f2ebd79526dac60;0xe686753e3d33b300a93458dc5f5f2a08a2228f85efb18a6ded17a78090ed128c;0xba27f8e7;0xba27f8e7L;0.500000;1503118639;1503118640
1;1024;8048;0x46fa978dc01db10eed7aaa2ef8faf1ed1d0d118a2c69e9789ae19656c255e708;0xedaf5926c0133ecca47121faa549c18a96e886d18f1d70a35ac489a8cf44d24b;0xc805234c;0xc805234cL;0.500000;1503118641;1503118642
1;1024;8048;0xbefeb68a7ff241ed78b265ea8dd82317a4e2b7f8a3b315743fd844c4a178d85f;0x8f83928c09599107c3e9a67694551e78468ab590b6358e80c08d11e66d4fe601;0xec27ce22;0xec27ce22L;0.500000;1503118642;1503118643
1;1024;8048;0x606202d1c18fa8f111c9b62bd57dc91cc5662c1ab5d26a6ada2faba0801a46e0;0x1c62a7f6b106c1eda43a2fba77b1b41f54af916b83a5e448ceee36f5bbe92785;0x61499c16;0x61499c16L;0.500000;1503118644;1503118645
1;1024;8048;0x946260a6ed3b8462552671efaacb9471761b8e8ab6c5d6dcaafb0359b3794247;0xf966e2e3a20dfb189c0a5aed7f3bac7d407d4611d1310567879b7e445b3f2c0a;0x1f0789f7;0x1f0789f7L;0.500000;1503118645;1503118647
1;1024;8048;0x7146ee0fc97ec0b3b9874e7e6f6fe84207933ba5fa1e3c772803152bf2aa5f63;0xdf541061ffb0aca743f0cbd0eb4007c2cbf4089b0f095a2ee732629ab8b30f4d;0xb0928c35;0xb0928c35L;0.500000;1503118647;1503118648
1;1024;8048;0xe71113a57caf08dd2de00b8868cc19ce8c670e944f804f353708d1247479845c;0x4e472f55bb66da98f54b95a8e7a221e1388c11d69ab89ef7d254f18c98f1f86e;0xda82e3bd;0xda82e3bdL;0.500000;1503118648;1503118650
1;1024;8048;0xc99622beeec07d441c2b6b3c0e54a64e9e7d826b788b2f6a1698029cdd99bba6;0xb487cc44e6459902c7d9f7c25aa485090755f24c547491cae86f204cf8f25c18;0xfb5fb76c;0xfb5fb76cL;0.500000;1503118650;1503118652
1;1024;8048;0x239098ca26dd0941218c91c74d49756fa216cc47f0e0347791e3e5c9badb3edd;0x23c96100acd383d42b592666a3a2083343549e8f0e951e7749e3e99529921919;0xbd7e4710;0xbd7e4710L;0.500000;1503118652;1503118653
1;1024;8048;0x2d4f641787ccd292bedee2592d22c2519bdee0a2998e8169d1aa7d7aa7162fd5;0xe7daf8f1b292c1f92c318a8554c1814d84849c1a1ae3a4aa255fbaa24881b19b;0x57f4177e;0x57f4177eL;0.500000;1503118653;1503118654
1;1024;8048;0x96ce88775eb4c37f570c393987554dabdaf4f754d19df6858d83d5df36a42dcc;0x3617bd3fc8e23d2b05509bd5b37822dabd415c7daf6b131698233e7ce56183ba;0xaf3b78ea;0xaf3b78eaL;0.500000;1503118655;1503118656
1;1024;8048;0xfcb057511bad27e4ac48efeaa3c129540dc6b2bac47b2ba60975aade60daf15c;0x1d23e3535c1422a20e713b9bd305fc9189a2addaccd89512084aff173ac11506;0x06356f5b;0x6356f5bL;0.500000;1503118656;1503118657
1;1024;8048;0x6e71ab0dab17fadf9e8481ae9c11cb6f2d43b3ad2003b7215a613fff7c1ceceb;0xb097855b4101b8470f59a26ea459fbf86803343d5b03f245b3d26ecbfddcf89e;0x8fd1b4ff;0x8fd1b4ffL;0.500000;1503118658;1503118659
1;1024;8048;0xa6f857cac7595615b12d2aa7de3b8fbafd1bc0b5663f23a09f8546bf8c9a4532;0xd717a4644b419e6f7045497499c1e68b1afbf2b00ecc4d49907ca99eda4d60ee;0x9335c24d;0x9335c24dL;0.500000;1503118659;1503118660
1;1024;8048;0x798dc185ee872b8c0608eb6403fdb93ef06f86450efcd33570058b29d323db4c;0xae36a628e4fd32f9c60d8615b26fb7470b4d39901811a6430ac5f23281781a06;0xa134c104;0xa134c104L;0.500000;1503118661;1503118662
