1;1024;8048;0x12aacf9774309789c4a369343224280c6e4f48379596ad01c0fbb866e22d1ff4;0x4e4cf984a8d785090631ec10b9463e4a74119842dbf9b712f13fd9c57073614b;0x8d9047d2;0x8d9047d2L;0.500000;1503134437;1503134438
1;1024;8048;0x02f54bdf760f8160f0f5f49185e9d1b007eefa0c1c2c1a5fa2c7049f5db8175f;0xabcccc654097cca1e5666aca071abb1ba038a1e803f0498be84086caefb415eb;0xfe725ed0;0xfe725ed0L;0.500000;1503134438;1503134439
1;1024;8048;0x452dde06f7a70b5ea4808be306a4361e62235e0c418ef7c7330ddd5a1bed2561;0xedcbf0103e578edb0accb2940cd88694584bc853623eaab6bbf992717ce07181;0x06134b3f;0x6134b3fL;0.500000;1503134440;1503134441
1;1024;8048;0x6c9a665d497ec7e6bc34d175f3ea04347cec0a0359bc7c5181a859bd948c2800;0x230611aa4b3f55418002a5bdc787539cd8416cc43dce8fdbe1b2217850b46b37;0x787d18b9;0x787d18b9L;0.500000;1503134441;1503134442
1;1024;8048;0xee54a2622d14c184c6c56d59be43cb2a578bab2acc5829427f31d7e6f45ceae2;0xa41c06b4d14365867118a6736cb5c40a4762255b44b295dea30ee9515a223407;0xf842fa6b;0xf842fa6bL;0.500000;1503134442;1503134444
1;1024;8048;0xc6e42224451fef47d0e71ec5fac7def6df1cdb65627c45823f8bdfdc7e6fa744;0x02bb98a8fc2e7c9279446508ef81dadc3c416d632f530e1b0a113555e49921d6;0x5594a98b;0x5594a98bL;0.500000;1503134444;1503134445
1;1024;8048;0x0780ecaa78e1425a8f4978b822148655cdcbf6558384dafc2bfb1b6d5ca21d63;0x9261e3932f0717762c038c0bdf3462b6a5981bbfc41fe3fd3fdd544af837fdf8;0x1e8e824c;0x1e8e824cL;0.500000;1503134445;1503134447
1;1024;8048;0x9fd7c3f420f07f9efd0a23e97131c60ea789d91ba0fef871aa024787ea792f89;0xcbd7eda46cf088604ba9e017e416d3f67c36655172e94874daf30f0173f2c609;0x9e4c37d8;0x9e4c37d8L;0.500000;1503134447;1503134448
1;1024;8048;0x2cfe639c6dad71f3c6cfea3092628276231496113fd05b9a9e1932af77db1fa4;0x6e7bfbc41fdb5c742c3a198658a4ab4503ee525e7eeee720948170d0f1e21049;0x90428de3;0x90428de3L;0.500000;1503134448;1503134450
1;1024;8048;0x05687b005c84079079f63f5f0755de52d680bf2401a069fa5cb62940efc8a6f5;0xa15c614760b83b67091ea288e2021017db9d9ba783f024b575316d6963089a37;0x729c04ec;0x729c04ecL;0.500000;1503134450;1503134451
1;1024;8048;0x7047f0b42dffdf9692b00cce4f4683e1a0e0d546788baef9d0e2075d32a4d2a2;0x9343e41bf18e5350b11c4f5f8cc3212053728e70b054854d258dad96c63576a2;0xf39de841;0xf39de841L;0.500000;1503134451;1503134452
1;1024;8048;0xb3adf1674817d4fd4aeea1cab86814862ace73554239e552d24e47b45cf2cc0f;0x3b2d17c1443593a99f5c9b03f7a0c6cc495873ce5eb0ed39f5114a96fe0202ee;0x29734983;0x29734983L;0.500000;1503134453;1503134454
1;1024;8048;0x551995d3750723a5cbd58ab26531b1a6f11091f9a391bfa7ba81ab839cb88ff1;0xd55d2faa3b7af27a3c7d84b748b5b271a042d33a9f5da144666c62b3ea987af1;0xa04bea50;0xa04bea50L;0.500000;1503134454;1503134455
1;1024;8048;0x8131bd5b2032065a45760f5476ace6ae3ecda5a3472e57166136afac087bad89;0x64d7f61ed0bbbdd1335dea17335d3c01d6023875dc545a326a228b6ce1b8bf5e;0xf9627c7b;0xf9627c7bL;0.500000;1503134456;1503134457
1;1024;8048;0x49ad5203ff66eff31dff0bdaf66e8c86064e8fe2603757f56a170c82a0177cea;0x5755ea9edc675259bf7b48a79a42044710f2237aaec4007d757206718cc620ea;0x3320c0bc;0x3320c0bcL;0.500000;1503134457;1503134458
1;1024;8048;0x41b378d47dc952126b2551d6b7699a166b801a4626e4d0f6dacbd45fbe7d1300;0x013c67ad43b64dc8a02baf4f3d954e72d3a2f24c65170dd6dbfbeb8344061a48;0x7b992da5;0x7b992da5L;0.500000;1503134459;1503134460
1;1024;8048;0x7d04a4e81c373de8aa946c973e70bc7c4814798ac50869d4ba1db71e2c7004a9;0x7aadc11ab2359d7f1f168d789c09fbcc6b7dab52b878e4a23919dd70846e7ef5;0x9ca6d2dc;0x9ca6d2dcL;0.500000;1503134460;1503134461
1;1024;8048;0x92095a7237a4ec31523225f587b4f097168f5f081a18e79b2f843369777c5509;0xab51c4bfee1b5b1aa03a84e6944a1958fc352794703471a3ff4dcf69cd00d70d;0x3f0488d2;0x3f0488d2L;0.500000;1503134462;1503134463
1;1024;8048;0xf5a28548f41fc228966f1ccbd8a5791093b4f0b5f592cd810bd69f46e790bddd;0x05f2fa50c3b2e4e2bd1b0959c27c6fa05737fd67ea10fe40794eeb27e4db0493;0x3c06bd0c;0x3c06bd0cL;0.500000;1503134463;1503134464
1;1024;8048;0xdb37067a3d8b38abdfa1de65cbdf3c2d30db4ac42ee8bfbbd1a9221c89a9ce64;0xd5f6a1f5510b1818163c655c958d4f8e01e9ba0482ae5fc08d48988d20dcc36a;0x9469a76a;0x9469a76aL;0.500000;1503134464;1503134466
