1;1024;8048;0x72b4b2ec3452bc7c36f1f4801e3e043dedda88e130bd004740e21494c6476838;0x753d877866ad9938cb0f686160590dc9472c85ff2eafa2bf904099ce71385070;0x1ee5c0eb;0x1ee5c0ebL;0.500000;1503131827;1503131828
1;1024;8048;0x12018813250ca6c5bb8e05778bb9c4d4b3b6ba8b3fd236c79e50e5af76087588;0x704b65f6f7d73119e49978c16094f1253302d06988c06f1d36ffcd9136a383d4;0xa6ad6087;0xa6ad6087L;0.500000;1503131828;1503131829
1;1024;8048;0xcc8c51ff1063461339dd6cba326037c905b0f8caf39c4fb7f30eb5afc64da892;0x1266570ee706340c1fbbb12b1f2fca84192a8497efde33c3e170f487efea2df4;0x779492dd;0x779492ddL;0.500000;1503131830;1503131831
1;1024;8048;0x727e0792a339938debbdd14e5204c97a3956b4f23077a680919b1fe4d698c349;0x293a077e8171d3bbe2ae04f6b8ea79b213df570a2fe920f1a4509e980d7dc2a3;0x1e77fe8a;0x1e77fe8aL;0.500000;1503131831;1503131832
1;1024;8048;0x8f4466741546cb2437cf6451027e85a30bb20d348b4ddf76f5e2e5d9a0e15a2f;0x7e5ca30ece6f708744a75a185f12af66ee307b5c4e12796450bf17e6631a7422;0x045ccb35;0x45ccb35L;0.500000;1503131833;1503131834
1;1024;8048;0x04168715e31f2982a5a733ca4eb9bffe174234d966425de0c9cca1b2ee6124f2;0xb8993cf5b209ac2c1510ad519bcb7d06aa3307820e32ef908962296b56eafd8e;0x8865a83a;0x8865a83aL;0.500000;1503131834;1503131835
1;1024;8048;0x5b27198195bdbdb79c70b3be5987ef5e136912dee39627b98c864367d00fed2c;0xd43d29262ad18fd4074492daffb822eb796ee6b054561cbabd2319cd5792484e;0x0efd645d;0xefd645dL;0.500000;1503131836;1503131837
1;1024;8048;0xc641ada1a20572b5c7396a2784bd01b6bb490c868955e326472d8ae2956f0c5b;0xf21b2f166ca9cc0ba4abf93ec197541b11081c1b719353447dc7573824ad6cbb;0x5026fc6e;0x5026fc6eL;0.500000;1503131837;1503131838
1;1024;8048;0xd5d58c28cfe8afa4ef7dbb0754af7242a45f1dc6db13e21ac092989206419ddb;0x2ac333fcc8a7dfef504672870e346b72751b6c9c6c118e37c88fd3b87af9bdcf;0x1a060d80;0x1a060d80L;0.500000;1503131839;1503131840
1;1024;8048;0x8a4cc71e6ab1ee760e2b8ee0c9307f46186ec36a9b35874f261f4be1411f63cb;0x4f1913f2c8eaeb40ea67de8a9eb70b66704555e5aaf170e0c4f9403f52cb3950;0x4614a927;0x4614a927L;0.500000;1503131841;1503131842
1;1024;8048;0xe95231e9d822549b4f67046c5ca8d662dae138d68f8ecc96f067374c73e1095c;0x7bc85d93897ce385503b771c5679cfa2f63666a3637ccd893715e1cdb66c8f4a;0x9cc1d35c;0x9cc1d35cL;0.500000;1503131842;1503131843
1;1024;8048;0x145cfc68b9004a55e4fc7c6aa879bffb71bdf36ce291d8283bb4c2e35d3d3a71;0x4dba0482907281b8b152a92bf1b21f33c2c05b4793c2f5381e6d85bc5e0b91c0;0x57629197;0x57629197L;0.500000;1503131843;1503131845
1;1024;8048;0xaeb2fe254c0fd699fed7ac5ee9f4a4350da802c32f623a66133154ee02d0c9b0;0xbee82c7045fb6f2201fc393656c80d571dad76c968e6886510319a9c057126d1;0x7c9e43b9;0x7c9e43b9L;0.500000;1503131845;1503131846
1;1024;8048;0xb06ba2bd442649e414750ab4f35c527490486181253a319b89796b7180ec6031;0x18793dc7fc1219f3b5faf2ceb0f0c53c61e255dab997c3e0891d8a5a301cacd6;0x4028005b;0x4028005bL;0.500000;1503131846;1503131847
1;1024;8048;0xa0cd085317792ae9b48e2d88c75f6716e51f2db9391fe0a2118ade07a97c1049;0x616ed58aecbef14fe4205decb051a414e8df3ad1c4612070e9d319cfa6ef93d3;0x1cbdf4c1;0x1cbdf4c1L;0.500000;1503131848;1503131849
1;1024;8048;0xe776c6bec5732510e4d4069b6095b6b94614f204a792361bcbc1f5f3338edf1b;0xc9d0a97089c13c90dd5d337778cbb38b2ee17b37461b24d48a64eb7b5ccc5afd;0xf03fed45;0xf03fed45L;0.500000;1503131849;1503131850
1;1024;8048;0xafb28151bbde817c3a392a88f887b1bedb4724aaa79033bc0b148b3c052c6fb4;0xfcd43acbedda73b7f27726a85b70c8f624715d83ac9b54e53cc521f3d79a7e39;0xdb15ad91;0xdb15ad91L;0.500000;1503131851;1503131852
1;1024;8048;0x462b96ef7b822d4a8342ef244a579459a25aad76f675fe8890f64f6b6dff2cb3;0x9f5d3592b8077dcd1d5174bb3b9954135dfc4ea9146cb6dc0a4550d93f67d137;0x26da31c4;0x26da31c4L;0.500000;1503131852;1503131853
1;1024;8048;0x1d4b938a8c6b049f9324540582bc3f5bd3fb2356ba014e228bd5c0f2c71ce9e4;0xa11b305b0375814125f287146f6a6504d64fef57b7e6f9389124002b0616020d;0x725b7888;0x725b7888L;0.500000;1503131853;1503131855
1;1024;8048;0x0db157585078ee686ef52d40815558a5d4399b83091cab1f42dbe8eaf36aec00;0x56db73676fe0619ac9f132d259267e60c44f8c8e521f7aeca5888d9ebb08d616;0xec31ffeb;0xec31ffebL;0.500000;1503131855;1503131856
