1;1024;8048;0xd3f70b032b4389f6d9e07cfe97845ecddc2bc51c110d6dbf3bd958eff9c0d6cc;0x35849f977cbc688deab3c5d797b1a950dcf5fd008dc73c8bfe2520bf7d023edb;0x47e87457;0x47e87457L;0.500000;1503080419;1503080420
1;1024;8048;0x6161c94bbc0798adb520b201eea80e2f1b1924f80c93aebcb5c22625cd59b82e;0xc0f4dc7e79e5a90c67cf0401acf95eb9f84254b45c1b72033ef83f58aca740c0;0xb2404704;0xb2404704L;0.500000;1503080421;1503080422
1;1024;8048;0x4f27bdd6a99c9247304e943cec8d8c254e14917d14e0a721d55959ec41be9b90;0x899ec72c4e5e27c0abf7e0d24afe143bdcd3ad0cd1e9338e81d862006b8649d0;0x7b182f23;0x7b182f23L;0.500000;1503080422;1503080424
1;1024;8048;0x1b7c800b6362a5cc039823823aa10992a52d085307af4f88ca0c8e7037c39952;0x8cd52f5f3b9151f1bb382ef0943319a177f1cc273cc16b2f1bb3aeda268494c0;0x87a95a09;0x87a95a09L;0.500000;1503080424;1503080426
1;1024;8048;0x0cfd06bd3b47d552afadbec472c2cafdd29db694be1bfc2d0decf3898bb72898;0xe86af931dd7682727a8073054ff1495eec7e59969cd2cd6df670d348d1b3021a;0x08d0bad9;0x8d0bad9L;0.500000;1503080426;1503080427
1;1024;8048;0x82da1992618daf3043e1e7f622b10a9ddaca834b94add60f62df1dfc6a5329ec;0xdef3c5053004c793ac341d8e60f48ba4b4976223cb3fe89134b9d147cf257401;0x1305739c;0x1305739cL;0.500000;1503080428;1503080429
1;1024;8048;0xe788832b43b0d3c9d774f5bddbbfaa75e173d1aa827927c450a043e99c818284;0x94328a34e919f0401f1ec19519c568157e54e22f03015911202d59461df118ce;0x350c3052;0x350c3052L;0.500000;1503080430;1503080431
1;1024;8048;0xfee20151290e940c44205cfdd3c268a7456465da84c47af6611441249bfe5599;0x962ea89aea6a0ff8e3ae182eb932a6a897774fcd6e0433772beb607221125014;0x06717840;0x6717840L;0.500000;1503080431;1503080433
1;1024;8048;0x2b86d4fcbd6409865a8fa6ec8234f572095e4b0db46a29d74fde3d55ea3cb215;0xf5145bfc934aa15f536b1468fa3665b6ac1b09d64f775ec5df5022c1bb90bcb2;0xcb4f1b1f;0xcb4f1b1fL;0.500000;1503080433;1503080435
1;1024;8048;0xf04eaab95b2f91de24705354c497c49d71db5df00dfb273f1e28325f53177d43;0xcadbedcfcbeb0a9405ed36c3566e41b954c57b1ae9c653bf6b831316ba6c14a4;0xd16097c3;0xd16097c3L;0.500000;1503080435;1503080437
1;1024;8048;0x316f0993cd5e5d2e1d5fce2fc9cb0cda5c3f5adea8e176792dd3796a780928aa;0x35bd6871daec4b039e60bcdb736cc6894e50029ab95d10e3462fc4926ef85bc0;0xcc741707;0xcc741707L;0.500000;1503080437;1503080439
1;1024;8048;0x364c7fb73d825ca51eff5236fe00ef899022764cc5ec2a904f01f66f0648473c;0x9dc4b3b670da5c16e33b4a7b3f9c69df49556e8416ef4cd50a07aa6acf5c7034;0x7f49a9ed;0x7f49a9edL;0.500000;1503080439;1503080441
1;1024;8048;0x78a1cae261efb7bc7fea7d71fc523eded07ba554e7bcc519686d59013fe2f0b7;0x7675db3c85639ff0bd5814c673708e5adc6db0b7b21fd805764bd542050c6682;0xf8f8cbf9;0xf8f8cbf9L;0.500000;1503080441;1503080442
1;1024;8048;0x48082a67c50f2a7b8b8815385dfaa588a5aaeb071ca22afa4c70b2fa9a8a08e3;0x9af294e8d678f71ce0406397b2eef6dd2f21e5291f5fb57dfe21737b5fa69228;0x129e707a;0x129e707aL;0.500000;1503080443;1503080444
1;1024;8048;0xb8634935fb034920c9241a586fe375716360dd5237e837e21fe313186db07a25;0x17ad53e899bb128fb0f14ea1e09e1639a29fc432107621f15723d01bdf1e62e1;0x7a1ad86b;0x7a1ad86bL;0.500000;1503080444;1503080446
1;1024;8048;0xb34d960202d18eecab89e870c0700f00429f6666583565d564fab57f713a1224;0x5a18c74fcd55201223d9e162bb1ec99b0e3cb190bd06c3aaf3d5386e7e22a71f;0x2ad45dfc;0x2ad45dfcL;0.500000;1503080447;1503080448
1;1024;8048;0x5852302b901bd681cc3482286174268dd11e4cd886011a99e5311064fa83a652;0xc8eaff06ac5b093e728fd2ec5316b7df6126011b7d6af616261fe0a270f2e0ab;0xf8a12269;0xf8a12269L;0.500000;1503080448;1503080450
1;1024;8048;0xcb479ac286c5b799683d2842b59fba5031b97bfa19a872ea1410fa727232c53d;0x956a4ee5f27ee955b54866ca7c9a9c82ab8995898c7c98dafcf0f01c0f7d49ea;0x81d1fdcf;0x81d1fdcfL;0.500000;1503080450;1503080452
1;1024;8048;0xb3a3d4a4f105fc7740c38c0e70071b913d417086568d86247c8e4fe575635428;0xbe057cc26da11ab88aa86483f87aecb60b584d93297d6e31c8bd47b65b8c46ae;0xba7e8835;0xba7e8835L;0.500000;1503080452;1503080454
1;1024;8048;0x87e1a8ec4c03fef20806359e2eaccb2ffbea56de07bdfe51726284500f48a396;0x41d5a737e1674c6072ad26b2d578b60debf83597d27ae5bcd25c4beb5dd0d3f9;0x841fc7b2;0x841fc7b2L;0.500000;1503080454;1503080456
