1;1024;8048;0xbfc3c5dc05eac9d9901a90ee2fa9a5bdf5f20756b0d231398663a3f0b4bd9874;0x05c22b7beae77ff84cd5a47ffac225ff8693eb96df8ca4d4437ddf58b30223d1;0x1eb85ed5;0x1eb85ed5L;0.500000;1503141650;1503141651
1;1024;8048;0x51f2efe4f7cb2de308180c41a57aa7e4b194d83107eab1d8a0754727225cf073;0x8fda025462aab02f7572ae50fcfe0025f445b8edb8b9cec89071f3f0ed679b34;0x68d77f52;0x68d77f52L;0.500000;1503141651;1503141652
1;1024;8048;0x5dbc8e8617003ae6814f8ef0bcb066360f424fda3548fb5f8c01b36eee77014b;0x67c84b3f3da1a60906123142795bce83cb458b6302c38d149e3f15f9512a8217;0xebc21ec0;0xebc21ec0L;0.500000;1503141653;1503141654
1;1024;8048;0x2c2a46f91e55328bb8617b667405420d41a9ed1d88c2a7c741a55d13b60d8ee3;0x9f27448c4ed328066e6868962e1a5446dec2265b3b9fadf20f45f8679f0c1e4c;0xc232478c;0xc232478cL;0.500000;1503141654;1503141655
1;1024;8048;0x490fb516e6a069bc4b1c150a5825ce6c17eff7740415921ad1216dcc1b35ca64;0x1dc732896f5913eadd3b2dedecc806fbf70af5364e2a405af42bf8f87356f19b;0xf484bbfe;0xf484bbfeL;0.500000;1503141656;1503141657
1;1024;8048;0x665b2289ac5bcd3ad469a689c422f31e4edcda8dd1f6f4fba8f67da0cdefad33;0x0c7200d6997c87f85bb8f178b9471f0c715ac2c6f149aa5862e8139b805b86c4;0x23386d20;0x23386d20L;0.500000;1503141657;1503141659
1;1024;8048;0x40c481ff3999960b2be60cd46308aa205b494fda8ec4ad395ff327949f47c7e0;0xf007c04778c4d7cbee1578d8a3297f1384193bee5780754090fbee5c4f003ca8;0x71ca721a;0x71ca721aL;0.500000;1503141659;1503141660
1;1024;8048;0x2f03b09c5d71b2e619bc16bca650dfecdda22a417d172483a0f4b8f19b640aca;0xc33ac1859045e686bd0d492e8d4dd0ad9dd64bcf238b3f11b3ffc860ddc3fa6d;0xf09ab94e;0xf09ab94eL;0.500000;1503141660;1503141661
1;1024;8048;0x2e8209a3766d10b90bc525ffb1c6bfbd9063330e1a525714a52b080d45d58173;0x5d89ceff74d06be3a937355372b1782ba6048a23473f85ea1e5f199eb2de89d1;0xdc720e91;0xdc720e91L;0.500000;1503141662;1503141663
1;1024;8048;0xd60b06e2f223f020f251add881077281dc752b4443834a0433a941a0744e544a;0x8c3d1bca03199ecd4fd34512472e5f53c4fa1d3c6b197e01aaf292b06e67de89;0x449095f6;0x449095f6L;0.500000;1503141663;1503141664
1;1024;8048;0x968970b3bf253f49684d9eb3b4fa57dd43c27d4bf4d2c63bb08f8ee47a05c610;0xf7d8392b4a5238de9f9bbfd8f2551c35deccdbaf0ecec587600704a7a6f85c07;0xc53f8e40;0xc53f8e40L;0.500000;1503141665;1503141666
1;1024;8048;0x469cb0ed0d9432597263d15a274f363bc9354dfb08e47156ffeb9a543bded281;0x51bcd518135a8470b7cb54d41be83445ed15777329b7852f89d9e33dc997b5f6;0xe171b942;0xe171b942L;0.500000;1503141666;1503141667
1;1024;8048;0x95d703429525e4ea44c249b692b81b6f174f2d6c3b424cb8afc3e752ee681484;0x66a642570bfe32c21a10115ea46f19580a43dcf4868fb5d5dca71a92c8a0f6b0;0x5118fa2b;0x5118fa2bL;0.500000;1503141668;1503141669
1;1024;8048;0x928461e2c5d67dc776486fd03751854d7eede2d879f280d279361fed44ca63d6;0x4391768206ca2676742d78cc7445c5c5cd7089360e5f8e40b9d0072fb2bea94a;0x77c25e3e;0x77c25e3eL;0.500000;1503141669;1503141670
1;1024;8048;0x20bcd800b72ea4a8a5db3353a891f7b968bf035be192b300598d0f908e1797ae;0x12b1600cbe18f55e8725d9a7cbea5b2bf515244bda74688f0f7829106f3e1ba0;0xb87d4822;0xb87d4822L;0.500000;1503141671;1503141672
1;1024;8048;0xe3671538dec610d1e23f624c349ef5632246570cc44d7844252837413c36111f;0x1e0df99e177b0e07addc4b6a4ad9802294ec8279c11a8a06ff131ecade70fe1f;0xeb36df8c;0xeb36df8cL;0.500000;1503141672;1503141673
1;1024;8048;0x2072e27fb3caa7f678f2377d762320ae56d77224fc502b04d0e7abc6815115a1;0x9d88722f976aac1f1fb05410972cf872aaaf4fbfeef511ad256b52c6cabcca5b;0x1c2442e2;0x1c2442e2L;0.500000;1503141673;1503141675
1;1024;8048;0x8639d649422e9f36974856b071b2341c1f5bb06f9c7fe8f55f4fa34661da6ee8;0x3a1dc1ee4f840f5aeaadf6eb5fa6ab0bf67ed8c472d860da0428b157ca148c3f;0xb322746d;0xb322746dL;0.500000;1503141675;1503141676
1;1024;8048;0xfd546783b89c65b1ae806dc92dc989f9cbb5faf119d417d034de2449a4fd84a1;0x74635d85de7bbb85bc8da8dcd99470c05bbde922ff2b9df3ca7fd3ed51c8e9f7;0xe38fc6b2;0xe38fc6b2L;0.500000;1503141676;1503141677
1;1024;8048;0xc1c28f5282a68d6cdfe33162e9272abf4d5572c40ff7ade3a3eb16bb453e8706;0x1a0ce47534d7c1d67406487db001ae873b85c98780fcc4a41014b4d74d5044c8;0x7f5d0d36;0x7f5d0d36L;0.500000;1503141678;1503141679
