1;512;8048;0xee0e19eb1aa18bd027aa92cba9addd10ccc4e49f03293a886012de8f7597f464;0xfa79c7416b34060de50cb0d8acec1ae465c092e8045badb675215999061507b4;0x79d3cf68;0x79d3cf68L;0.500000;1503116676;1503116677
1;512;8048;0x7f708790f21abeac0fa9f633045ae0c474dc2c00b3256d3aa62bf77011e66290;0xde43cd0dbace9eb2409f790eba0a61b0a3934b3fbf5e660e0b8fa2031280d237;0x51098471;0x51098471L;0.500000;1503116677;1503116678
1;512;8048;0xc935ac72a9f914c9991f741947c030e2e6e7e4a8072969f04c991eac1c6332e5;0x70e093d190d52c49146a3329ce42b51b7a36adbb1f1b0f191836e365e8c9e148;0x8737a21b;0x8737a21bL;0.500000;1503116678;1503116679
1;512;8048;0x061ad30f85b7b2cafcd41937e4634ae645d81625dcd28d547ae0237a8df5de93;0x4661b0a9da8109397725264b1783d3a12811a2c1302c982c3f74f436ae09b942;0x7c4ce13b;0x7c4ce13bL;0.500000;1503116679;1503116679
1;512;8048;0x061ad30f85b7b2cafcd41937e4634ae645d81625dcd28d547ae0237a8df5de93;0x4661b0a9da8109397725264b1783d3a12811a2c1302c982c3f74f436ae09b942;0x7c4ce13b;0x7c4ce13bL;0.500000;1503116679;1503116680
1;512;8048;0x3ab381520339139793b00c99b8628ad92a4ad7fda85807a5ec55581514c6c74f;0x7ec156355011b6010cf98b92fa5f6d34e7f2ace668e2a02f82909d20ddf1c098;0x7f73e8eb;0x7f73e8ebL;0.500000;1503116680;1503116681
1;512;8048;0xcf123797b3c4f9e05328441eac201e7070be8d17f438dce67261ad95d7ac90a6;0xce6d52c929b530b8b7a58d60db0ef00a441d816d646f0f43bc0f41a705426175;0xda5415e7;0xda5415e7L;0.500000;1503116681;1503116682
1;512;8048;0x10579d1cb5910595420fab95fd6b1ccf66cbf7cbb53b6022fc5bf7e1a30988b4;0xdc271eb7d265e90b328ea5d24a42a72c69ce5a8d80489e23b7d65529e3041d71;0x3f0db23f;0x3f0db23fL;0.500000;1503116682;1503116682
1;512;8048;0x10579d1cb5910595420fab95fd6b1ccf66cbf7cbb53b6022fc5bf7e1a30988b4;0xdc271eb7d265e90b328ea5d24a42a72c69ce5a8d80489e23b7d65529e3041d71;0x3f0db23f;0x3f0db23fL;0.500000;1503116683;1503116683
1;512;8048;0xcec8fcf7c8277f7e1de323f4c35c886bc9d79c17397c51b09ddfaa477dd7484b;0xf902327858c54c7720617cbf76598b063b69bba7b62d14bd15b2a240efb5d829;0xc5d230ea;0xc5d230eaL;0.500000;1503116683;1503116684
1;512;8048;0xcc8ccd3ec04705a9827fdad6d61aec571bd7685b8a265b3539980cc48fcaa45c;0xb65abc84081d27fc4b5cf7bf8f75b299fcf5e95a0591825966eaad949f842fc9;0x2302c8a3;0x2302c8a3L;0.500000;1503116684;1503116685
1;512;8048;0x4827c97488ef0f5e0bb87aaf92b0f4c872656a670ef0c50facff47baf747773f;0xb7b0fee7630ca697913a0ebdef19cfd134b24f75e46cdab7d131b12339c4b69a;0xc4c4c657;0xc4c4c657L;0.500000;1503116685;1503116686
1;512;8048;0x47d87b50b141074fb3c3cb1bc4d9bc6476f28aac93a045bbc9bfa7547bd0f0c3;0xf8df19cf8472bd98ccdcec99e29057d6073e24f3159bd848de6b19902a861bec;0x17d9cb98;0x17d9cb98L;0.500000;1503116686;1503116687
1;512;8048;0x325f5937e5cc52da7d89a98ed91b6f41f0fc3438a53b18c293add6e43427d667;0x0e3bab0b1f5564fe44e0b50362ff80f7a3aa6bbbe5de79a0b491be11f89bfcb7;0x3d912b21;0x3d912b21L;0.500000;1503116687;1503116687
1;512;8048;0x325f5937e5cc52da7d89a98ed91b6f41f0fc3438a53b18c293add6e43427d667;0x0e3bab0b1f5564fe44e0b50362ff80f7a3aa6bbbe5de79a0b491be11f89bfcb7;0x3d912b21;0x3d912b21L;0.500000;1503116687;1503116688
1;512;8048;0xf8b36b14b26b81c68c86a2b1c7370bf3af8f83f5f6a3ebe6ec3ecca1cd4602c5;0xdb6e3a85cbb9ff1e31d35df483055d51e302f96f8a6cb5c4f5b321c6b45d1782;0xa0a5d529;0xa0a5d529L;0.500000;1503116688;1503116689
1;512;8048;0xae33d087cac6da0655c5ed2c20e6d07df1ede1e505af6b45749d6a3827ed46d6;0xea7a18731052c097c2b993f4c24e53ab110280d0ad619fc6eddeee1b0108bdd2;0x0c761e90;0xc761e90L;0.500000;1503116689;1503116690
1;512;8048;0xe4c2a8e3a727a91afc210c4d2375020ed75cb07ba7da38a18eb195a1a4751e89;0xb3ea21ddf1540247781e307ed433e0d7b3fe85390a84a8bc032c28eac086a1c3;0xc4509372;0xc4509372L;0.500000;1503116690;1503116690
1;512;8048;0xe4c2a8e3a727a91afc210c4d2375020ed75cb07ba7da38a18eb195a1a4751e89;0xb3ea21ddf1540247781e307ed433e0d7b3fe85390a84a8bc032c28eac086a1c3;0xc4509372;0xc4509372L;0.500000;1503116691;1503116691
1;512;8048;0xdcd7a3325e1c50806a34371bcf585d48b5e7c71935561a2662676668762ba352;0x45a17ba557e42ed98560e9628df34f86f275f10d30df09f13013f52d8257f4b9;0x21c848f5;0x21c848f5L;0.500000;1503116691;1503116692
