1;512;8048;0x330eaf930043e137c6a7005f1d4769af79b397b00c2f822c6bbd0a7684580db8;0xf8dbe2a82fb493f08a71dc6c1eb0a073348117f2b0cb6c8ab36f80e563e089d4;0xd079ab5a;0xd079ab5aL;0.500000;1503129198;1503129199
1;512;8048;0xb448f1dd6366fb2221f8e9e73c39d6c32eaa53abaa8bf5bce0fc904cd07b5184;0xec22fe28c5aca353739d036f9e197f19c9ccd0626d52eb60772256868d6262b5;0xb06594f0;0xb06594f0L;0.500000;1503129199;1503129199
1;512;8048;0xb448f1dd6366fb2221f8e9e73c39d6c32eaa53abaa8bf5bce0fc904cd07b5184;0xec22fe28c5aca353739d036f9e197f19c9ccd0626d52eb60772256868d6262b5;0xb06594f0;0xb06594f0L;0.500000;1503129200;1503129200
1;512;8048;0x2b057aed50437def1509419cef805afab6e55d15eb03940288c88dbcacb36fd8;0x0c0a508ae847f181a81abca42ce9f8e6d5a12b84f7685741b405ef33fb5f6ca5;0xe6685651;0xe6685651L;0.500000;1503129200;1503129201
1;512;8048;0xcc3427853d292559f8ddbb4c6884981d2967a37986d74fcdc9c2fb3b329735fe;0x6b54b294c596c91f1e6b2b243f02223f03047f82e9f001a2b85cb3999960bfc2;0x0fb72165;0xfb72165L;0.500000;1503129201;1503129202
1;512;8048;0x4697ac5ac81e785c8c75db066a1a79199e7ae69afd6e7b8d5e517ab9caf7ea10;0x2eab7e71743dc18bfffa49b0f428b5cf59a8e4ed54973028ce0c95f72b7465a3;0x4142a698;0x4142a698L;0.500000;1503129202;1503129202
1;512;8048;0x4697ac5ac81e785c8c75db066a1a79199e7ae69afd6e7b8d5e517ab9caf7ea10;0x2eab7e71743dc18bfffa49b0f428b5cf59a8e4ed54973028ce0c95f72b7465a3;0x4142a698;0x4142a698L;0.500000;1503129203;1503129203
1;512;8048;0xe7f5a219361c03a6910063546fa973e5555fe83563e9a99eb50e0cc9a8b0d18f;0x95c2d9db8d96a8d86d532589e75b0bc1956ff0d724c6803954d73d06e8c28b0e;0x6382c1ae;0x6382c1aeL;0.500000;1503129203;1503129204
1;512;8048;0x3ea8955afecbef301f608615ecb3214cb72c60d295fefc0cf504c38782e348c0;0x3428829f41875d0dd1202b5ce12ba24e8b9a7f64c88706c6646ca9d2eebe2abb;0xd1af8a20;0xd1af8a20L;0.500000;1503129204;1503129205
1;512;8048;0xe0a3930ff2fbd9ed304c79c3a8ad88bca380837384540e4052ea764394f9d474;0xede65e825f99c4e7acbffceb883a289d42adfa6c792efd200e13e10c906f7af8;0xc9b87827;0xc9b87827L;0.500000;1503129205;1503129206
1;512;8048;0x53c05b53063b4cb149d72669123ca28c89df98308290a38dadaada3fb2415f05;0x97abe71e241c22615b3320c65d80f7d6841ec302557dead04973b04c9c6b04d4;0x9194a04e;0x9194a04eL;0.500000;1503129206;1503129206
1;512;8048;0x53c05b53063b4cb149d72669123ca28c89df98308290a38dadaada3fb2415f05;0x97abe71e241c22615b3320c65d80f7d6841ec302557dead04973b04c9c6b04d4;0x9194a04e;0x9194a04eL;0.500000;1503129207;1503129207
0;512;8048;0x46482f8a7a8f0c8052c3859bef07c2a026ee32ed01384982dfba0b00a24e7ee8;0x43ea9eb0c6cdb3fc216cd378a76ff61f6138463d8b226112344aa8586d5eb100;0x7357a188;0x1ac797a7L;0.500000;1503129207;1503129208
1;512;8048;0xcf950815fed28b93f8a1b669f88f8b7c4d963a92ccf964f76f1ba92a2e41cffd;0xa73ca62cbcaf1f24cf458f8007cf3cd045e7bf7ab8c30ee0ad4922d424cdf953;0x05a3d6f7;0x5a3d6f7L;0.500000;1503129208;1503129209
1;512;8048;0xb8eef6ef33ace2c3233f46914a18d6ff2c9472ba2506c0b292111daaf3962fab;0x830539c07a1c914ae45bffc542f83611cbcbe069dfb411c410b7e59ff9596f7f;0x677e0705;0x677e0705L;0.500000;1503129209;1503129209
1;512;8048;0xb8eef6ef33ace2c3233f46914a18d6ff2c9472ba2506c0b292111daaf3962fab;0x830539c07a1c914ae45bffc542f83611cbcbe069dfb411c410b7e59ff9596f7f;0x677e0705;0x677e0705L;0.500000;1503129210;1503129210
1;512;8048;0x0fdb1ccaf0990bc8ac2f97120b267d00d909e6618f298af16d05af30017af910;0x8f41f8e74ae46a89384173be21b3c09d976db62b01c133205e899117567e332a;0xc0bde49b;0xc0bde49bL;0.500000;1503129210;1503129211
1;512;8048;0x5a0d1c7f8cb468b763d44785b6c8814913b80f18123b94cd843de440cc7ec826;0x6a5aec31c684214410e2a8cf229dc231c9c6a61f6d359ef6b82ac28999c78bef;0xb50bafc5;0xb50bafc5L;0.500000;1503129211;1503129212
1;512;8048;0x53b36ff66783fcfd8f90687423419d3dd8f00323b4d1841e26deed382694ec79;0x354a931634dc00f9d82f4323c51dcd1513c583b19bacb743d761e664aba5d662;0x1681a376;0x1681a376L;0.500000;1503129212;1503129213
1;512;8048;0x98ecf939b0df2f1faa5584ab40d9e4d4de1c88272028b4cd61c6263117fe01af;0x9a982e6e59ae101abf7c2b078fb66908d20ecc209983fd1233cc75162e1db8e8;0x229f5016;0x229f5016L;0.500000;1503129213;1503129214
