1;512;8048;0x19e4dc5a8855567f46849fd289dd09fe1ae219e0a4673dc7ea8a11be76a07d8f;0x283efd144db4f6248868419089d7a0050943c2c7a8eaa613fe84da27b321dbf9;0xd997eaab;0xd997eaabL;0.500000;1503114011;1503114012
1;512;8048;0xdf276bf5feef5ff6fe828d11221dd4af0892a364b3caf221d09d9c52e5bbfcc5;0x8e2a2b819abf0b2723aa4614b09ed9b2768c6203114a59eb3b2e109d8e4dc755;0xf588294b;0xf588294bL;0.500000;1503114012;1503114013
1;512;8048;0xa687e68adc102512cdc8e60e2db196b801dad8ce07221a3722db22831e7cf6c4;0x1c5ebc34567f5dca1f40cb4e4040219889ce7dcb384b1b320fe2e95e59926c1f;0x1af01ac9;0x1af01ac9L;0.500000;1503114013;1503114014
1;512;8048;0x1b37468acf3fef1b227ead667e1f055169680d929544dbd42a0f64ed546e956f;0xc6bd6bb6fcb4e0de37d7573db4e9e9fc18eaee99d65cdaa5b10beea8eb42e285;0xa14ed729;0xa14ed729L;0.500000;1503114014;1503114014
1;512;8048;0x1b37468acf3fef1b227ead667e1f055169680d929544dbd42a0f64ed546e956f;0xc6bd6bb6fcb4e0de37d7573db4e9e9fc18eaee99d65cdaa5b10beea8eb42e285;0xa14ed729;0xa14ed729L;0.500000;1503114014;1503114015
1;512;8048;0x4ff9f613a25aac086c438763fb42d5bb4867680389627ba10d4694fac262f711;0x7da7aa6018313ba440873129089efe2d0e69cbee5604f0ffc2380fed7743ddad;0x70fc6f45;0x70fc6f45L;0.500000;1503114015;1503114016
1;512;8048;0x77b15afec1e38478ca90a97cb0a92062b2dd6ee0e3d4a3f7fe4bf479d634624d;0x2e4082c68ffcd2a5b1bcc3f42268ed9d7834624b72ec8b237a9745d303f9c825;0x37e9f209;0x37e9f209L;0.500000;1503114016;1503114017
1;512;8048;0x9c1e790456cac9763ae5906d65150c25a951824e5b8a9563600b206d9e7e633a;0x3b95686fc5d316776b7adb74ee7995e2f63f04d03d48c77e0daf0c6b3831ce6c;0x7e885e07;0x7e885e07L;0.500000;1503114017;1503114017
1;512;8048;0x9c1e790456cac9763ae5906d65150c25a951824e5b8a9563600b206d9e7e633a;0x3b95686fc5d316776b7adb74ee7995e2f63f04d03d48c77e0daf0c6b3831ce6c;0x7e885e07;0x7e885e07L;0.500000;1503114018;1503114018
1;512;8048;0x310ed63a9288919b500911f4c88ecddb77480692ba9c2ccdae2a0ba78da0b2be;0xd90d1f8bf170e01215b99d2fa1f1d9acbf13c1d9b3e2996ebb4cff613d2b81da;0x072fb27a;0x72fb27aL;0.500000;1503114018;1503114019
1;512;8048;0xfb73cb74d22f5af9d579b91971ccb54e811951647e66f7cb1a61cd5c29cb0924;0x7462e34464f356d0bea69d8bfff8751202b437d9946cc9521e2664d593a8e467;0xb78ac02b;0xb78ac02bL;0.500000;1503114019;1503114020
1;512;8048;0xf5e496d4813d7039465c78b294da513b53a8d3a16603d466aeedf5a8a9943b9f;0xb6885b23eb3a928a20306bbcdb95e15a1bbc585c8715942c334259fd7521334e;0x80c31d7a;0x80c31d7aL;0.500000;1503114020;1503114021
1;512;8048;0xfcf825bc5d6ce03e47fd9186c4475df957a40fbaf26319783def3a439ce33998;0x4df11dc1d38377e493041a707d685fb82f283bdd822671a5b6747367abcb6b89;0x1bceb847;0x1bceb847L;0.500000;1503114021;1503114021
1;512;8048;0xfcf825bc5d6ce03e47fd9186c4475df957a40fbaf26319783def3a439ce33998;0x4df11dc1d38377e493041a707d685fb82f283bdd822671a5b6747367abcb6b89;0x1bceb847;0x1bceb847L;0.500000;1503114022;1503114022
1;512;8048;0x9eaf056c6111f355a581989e35e977d87438add21fb903c287b393eaae02a64c;0x4132746f5d55999f97f8a9dfa88ac3b97c5699cc004c0eaad441e264bcb4573f;0xa2b62809;0xa2b62809L;0.500000;1503114022;1503114023
1;512;8048;0x68818b93a011b8bf95d2af4bd1dd1529798f45e807a167c48cfd1de22538918d;0x9026b013ef88cb1450bd8d4f49b3acf62ce8052c1d0c71c269af114774acf206;0x657adde3;0x657adde3L;0.500000;1503114023;1503114024
1;512;8048;0xfa9e20a065750bba8836936297e2e07e9ee5f8425c266b499f069ae6e514dce0;0x7e63dfd78fd6a8631b85624a073e1ee06919d6d3e91162a8df977bc86c2850d6;0xc96c19cb;0xc96c19cbL;0.500000;1503114024;1503114025
1;512;8048;0xef5f47d5c47d5ea1a96d716f775b8959d29106a182097d5d00ac2a594bdca63a;0xf6fdcf0a116235df7e1999156fb9e0c001074e9d6a8997ed9f0f209c75671467;0x79fddddf;0x79fddddfL;0.500000;1503114025;1503114025
1;512;8048;0xef5f47d5c47d5ea1a96d716f775b8959d29106a182097d5d00ac2a594bdca63a;0xf6fdcf0a116235df7e1999156fb9e0c001074e9d6a8997ed9f0f209c75671467;0x79fddddf;0x79fddddfL;0.500000;1503114026;1503114026
1;512;8048;0x19ea5e8c9bc757e7b00a09d05dfd7af4731593a45879cfb83617409f60688979;0x669a67a07a59c27b63e49c13451ef200b78a71d6273ab032f23abe6024563011;0x734b51ad;0x734b51adL;0.500000;1503114026;1503114027
