1;512;8048;0xdd36ab9f909c4dc50c05d44347fd5a1b679ee9f8081fdaf98133218d28f37c05;0xaca3c796a4b26b84bed91634b4504800e538f27febf75ad099c0cc105b61a94c;0xc3edb259;0xc3edb259L;0.500000;1503114681;1503114682
1;512;8048;0xb5ee7fa9a7d2f9b14a4d446cdf980979084ba4ee73bd8d26de2128f167c1a61d;0xeed8a1e1b3883a83d3e96961591f361634bbb5f24789d419df8559a972f2b387;0xb0593ff3;0xb0593ff3L;0.500000;1503114682;1503114683
1;512;8048;0x803de00024f399abda6f415cb8c1aeac9f22f984e4b00d5239abb94f6e8255ee;0xe738fb26dc3b51ccfb8c501edaa2e52682adc640aeff25c46af9401b3a4da326;0x04ce99f9;0x4ce99f9L;0.500000;1503114683;1503114683
1;512;8048;0x803de00024f399abda6f415cb8c1aeac9f22f984e4b00d5239abb94f6e8255ee;0xe738fb26dc3b51ccfb8c501edaa2e52682adc640aeff25c46af9401b3a4da326;0x04ce99f9;0x4ce99f9L;0.500000;1503114684;1503114684
1;512;8048;0xba7b69b9a6de3c6c9f2d6a7219d890f295f99d229a4d52febe6173060df33dc7;0x6618a5c155f8c8164ae7721ca6badd1e4a115f11e8886ba90d3458011f850d8a;0x5ee21815;0x5ee21815L;0.500000;1503114684;1503114685
1;512;8048;0x0f5548808fe50166b28688bcb396a39764b8394e17ce9d57d995e5336e97877d;0x576e1f2419adbd6af10b6601b401580e3d3a34ce1a268b0f1e5a919453913fa8;0xeca718e9;0xeca718e9L;0.500000;1503114685;1503114686
1;512;8048;0x3aa33b5720216a2e77c92c8c5fee266a534c472f7e54fea80032fb7f3003886a;0x980c027c1e5a8376beb88ac7f0b2d9018aa66f1baf0bef130b51826c0591bdea;0xb1dc1dad;0xb1dc1dadL;0.500000;1503114686;1503114687
1;512;8048;0x4ef20d1a79fc2149a0ec769b83829687072a15d466221e3ebc5d30e1ada6bcfc;0x4ffaeefc9055794303f4606a5b8a97f3023f13e0b2e2c4fab5d56fd56fe78d45;0x4dd5757e;0x4dd5757eL;0.500000;1503114687;1503114687
1;512;8048;0x4ef20d1a79fc2149a0ec769b83829687072a15d466221e3ebc5d30e1ada6bcfc;0x4ffaeefc9055794303f4606a5b8a97f3023f13e0b2e2c4fab5d56fd56fe78d45;0x4dd5757e;0x4dd5757eL;0.500000;1503114688;1503114688
1;512;8048;0xabfc5f61e018581831025305cece97cc257b067c62cc322551c04a886f4a7c1b;0x58dab56ef08e75016ce72260f823a5412bd81dfba3da2edb0442a29fce3a7be0;0xf8644138;0xf8644138L;0.500000;1503114688;1503114689
1;512;8048;0x72daa441b9f536cf84816686770054d84a60726640c658b7f187cb571136e683;0x2d114fe7d04fc8e50260785f9c118bb50dc5fcaac89f881eddd4a370312a5b2d;0x2bd3106a;0x2bd3106aL;0.500000;1503114689;1503114690
1;512;8048;0x6f2d04f070ad32849f017d65f57019c1d4c7cd779b74a9e7950c6a231e76618d;0x849714ee226aaeacae3481e60cee21cbbaf0e30775b56e288a0b1655dc402df9;0x55f2f22e;0x55f2f22eL;0.500000;1503114690;1503114690
1;512;8048;0x6f2d04f070ad32849f017d65f57019c1d4c7cd779b74a9e7950c6a231e76618d;0x849714ee226aaeacae3481e60cee21cbbaf0e30775b56e288a0b1655dc402df9;0x55f2f22e;0x55f2f22eL;0.500000;1503114691;1503114691
1;512;8048;0xfb952162c493ef25c3fdb3020a5746f5a85be212a3212ca12f7e141765b68660;0x44d06e28e9aa96c96b776fcc0e9d2b9fe667b9784f4f4a77d3c4a2246cc32466;0x066e4cd3;0x66e4cd3L;0.500000;1503114691;1503114692
1;512;8048;0x81c8fd83ee347087458e643fefe51382d523fa20476581f34f85e28838cfd0b9;0x61d8825fb35828a991dc7a84759a2323b4a803cd04d46db14573febebf5c85d1;0x632086f1;0x632086f1L;0.500000;1503114692;1503114693
1;512;8048;0xdf4b2452e820d597258accae101ea35adab40bbcdbdd6e106e0361d0ebaabfca;0xe2ed9922b6ab006124073a3ce52e5db99c8f47d1b694f0000579b18061897fcd;0x35eae39e;0x35eae39eL;0.500000;1503114693;1503114694
1;512;8048;0x5aaae4c3b2feafd6d5e0f1877543fb52b215c28f6f6e5281e117b3e57fca9fd9;0x7dd5e4ded12ae02b203e4fcbb840a1febdd052d5b0db586298b2506d8117eede;0x58fe007d;0x58fe007dL;0.500000;1503114694;1503114694
1;512;8048;0x5aaae4c3b2feafd6d5e0f1877543fb52b215c28f6f6e5281e117b3e57fca9fd9;0x7dd5e4ded12ae02b203e4fcbb840a1febdd052d5b0db586298b2506d8117eede;0x58fe007d;0x58fe007dL;0.500000;1503114694;1503114695
1;512;8048;0xfb39bf49a1d18749ba9141b60f077d929cfa0f72cd6bf5f64467615877f26772;0xad3346bd46f966e7ca129cfcd24b152afcb78a48feb1a8569ce1078f51aa8067;0xc24eaa6c;0xc24eaa6cL;0.500000;1503114695;1503114696
1;512;8048;0x51b0ab30a98abb2dad4ce9684779cf7387281eaef688e4022fd2a7a1f96f764a;0x83d99026f96fc325613c2ad709f301e178d0d8410b003a426f4b2253723dd2fa;0x2973b6aa;0x2973b6aaL;0.500000;1503114696;1503114697
