1;512;8048;0x693a1f11210ee7b0d7f5b289ef31f458e5eccea56387cf05431fd21a5d37acc6;0xcde5b0db01631efcd32ff36bccb82ddc5d825c8930a45c1126538e230833eb05;0xf303f657;0xf303f657L;0.500000;1503073852;1503073853
1;512;8048;0x684096d2950cc613d0ff1e3a1ec541f5d0823b87aad07e166bde7f7f5ccc4bc4;0x8fa04bde2d14e6dad06ddaca93865a7015d274e6801596edc02de1509b345ded;0x8baba410;0x8baba410L;0.500000;1503073853;1503073853
1;512;8048;0x684096d2950cc613d0ff1e3a1ec541f5d0823b87aad07e166bde7f7f5ccc4bc4;0x8fa04bde2d14e6dad06ddaca93865a7015d274e6801596edc02de1509b345ded;0x8baba410;0x8baba410L;0.500000;1503073854;1503073854
1;512;8048;0xe257219536371de50b8955e84a8168e583ff52dcdd1027ce8c453c1daa78958c;0x66d7d8bc0919b5a8cdca414f3c1b9270fb11d079c378f26e1e5a79cb8c1a66c6;0xf63aa9ce;0xf63aa9ceL;0.500000;1503073854;1503073855
1;512;8048;0x0e5accad92b628ded883f40021453c9ad196b27c73663045c0b6d00b9371c9a1;0x7735e3a4eb9bffb1821cc7dd1058cb319340decafcf2037b8d4fa3e68224251b;0xb46d864a;0xb46d864aL;0.500000;1503073855;1503073856
1;512;8048;0xcc37dcdfcee4527daae327bdc482aa236e077fd51613973ff5126f69fe26bdca;0x587a7b5a365eac5d72b4825636ba6d9df1b5f8973285735a8f9d565f9a91490b;0xb36d99a2;0xb36d99a2L;0.500000;1503073856;1503073857
1;512;8048;0xb63302fb3e9ced2f9b5fbbae1e17d60023d84116f6ec05face62683f91b6f447;0xb0632e5d162d470ca6ef35e3a68b1a7aca93a69ed56e8a650c9ea702f7a2be60;0xdf5bc487;0xdf5bc487L;0.500000;1503073857;1503073857
1;512;8048;0xb63302fb3e9ced2f9b5fbbae1e17d60023d84116f6ec05face62683f91b6f447;0xb0632e5d162d470ca6ef35e3a68b1a7aca93a69ed56e8a650c9ea702f7a2be60;0xdf5bc487;0xdf5bc487L;0.500000;1503073858;1503073858
1;512;8048;0x564a35fa7d05ac6aa03d0f6a00d717e47f61178166b476c58f3186b043ea7799;0xd5f6ee8e3d443781b964fc328d78dc39f782b3009412326d17644a20926ead50;0x0bf8d1e9;0xbf8d1e9L;0.500000;1503073858;1503073859
1;512;8048;0xe6dea4d43d14c5340faadf1b620ccb767887a10a3461e5d39c1b5f285bf18c42;0xbc3070c4bf1398a793bf0ca9faac95e1da6dd83ad18b48e6a84ba2b3619fe94e;0x6f146b3f;0x6f146b3fL;0.500000;1503073859;1503073860
1;512;8048;0x1a70680caa20488c8ebffdc98156ebe1190b3db15c8d4d86398fdf7452dc1d6c;0x899a842c97a5dfaf30ebdcf722f25af0524913f69d29ade8dd067e706f0b1ce8;0xd1af50a4;0xd1af50a4L;0.500000;1503073860;1503073861
1;512;8048;0x2da579d5d8b18114ca1bd96ab4c79eeb0014994ff4355c8b3951ac51b1a436de;0x22e0a3fa1bbd6b7ab757b658ffc821b714edf89d0eca2c64ded7885a0b3ce6f8;0x2daea3ad;0x2daea3adL;0.500000;1503073861;1503073862
1;512;8048;0x89f00049c072d1f5fa50b2064a54c8b63fe05d9e8e4dc1f3a39df56cea005b73;0xbcb9d82a83aa483ddce5ce0b15ac1e8da4e75f5d2a05013fc3fdbe8179fe1d50;0x0e2e9dc9;0xe2e9dc9L;0.500000;1503073862;1503073862
1;512;8048;0x89f00049c072d1f5fa50b2064a54c8b63fe05d9e8e4dc1f3a39df56cea005b73;0xbcb9d82a83aa483ddce5ce0b15ac1e8da4e75f5d2a05013fc3fdbe8179fe1d50;0x0e2e9dc9;0xe2e9dc9L;0.500000;1503073863;1503073863
1;512;8048;0x1ab92768f02ea003ac8c18e8d54244d16140bd2267f7bd9b97af82386f581789;0xed9ef2bb6aceeee020c1162998b534a0b36371a4a70c5470d575ca919d00f7ea;0xde8335a4;0xde8335a4L;0.500000;1503073863;1503073864
1;512;8048;0x45120bccd98fc3e17af1ac45d002050b9df340ec3d85a4e9d42ceadd9e4e5fe4;0xb7e90754364868da03ca94544a30cdf60088f72e91c5f920157e760768eb2de8;0xdb25f463;0xdb25f463L;0.500000;1503073864;1503073865
1;512;8048;0x58d9488c1013621e54645edf1e8088b60b51a5abb7ba2c5978a9bc67f94ca951;0x76c22095ac24319d2a190201ce1870f83b71a4c2f2fd06f77c419d0c894235ff;0x6ab64d1f;0x6ab64d1fL;0.500000;1503073865;1503073866
1;512;8048;0x3ffddf53c2aa26a0c13807a7fab775223e0d157e88ac0c9f05b087386849a4a7;0xd3dfaffdc96369b539a393a3856efd7eaa80955494076c8374bcf1303b6046dd;0x0a9cd2a7;0xa9cd2a7L;0.500000;1503073866;1503073867
1;512;8048;0x9ca98d576342816b6ec538c17d94a8fb89e05d9d03020bbc99b01aff8ffb242b;0x2d4e83f7968e5317e699e266ab8e33c48be8b7df46c13a3d6cac3da1eb9b67f3;0x066f01d4;0x66f01d4L;0.500000;1503073867;1503073867
1;512;8048;0x9ca98d576342816b6ec538c17d94a8fb89e05d9d03020bbc99b01aff8ffb242b;0x2d4e83f7968e5317e699e266ab8e33c48be8b7df46c13a3d6cac3da1eb9b67f3;0x066f01d4;0x66f01d4L;0.500000;1503073867;1503073868
