1;512;8048;0x9975ee2b4e9960d6545c672de18730fd25b2b92194729f010395402aa7b9ea40;0x6b37c328a683f77e72a72c46bf16052e50d20d507dd5af039bb86cb199bfbb4f;0x3a9252e4;0x3a9252e4L;0.500000;1503136370;1503136370
1;512;8048;0x43b156a4533063a1e351ca7b0b623ee7f239aa7e401f536ec9f96b178e673cd1;0x252d3bf5bf6178a49236129b2fe77855c0d647809f31f3145b2808796fa252fe;0xe59d51c5;0xe59d51c5L;0.500000;1503136370;1503136371
1;512;8048;0x26d5ca48751e3047fb20bf30aff40995172ec12d0f2dc92659e39565d64179fc;0xc43627e8d4a2fcaa4c0247e9e775f3feebab4aec8c3d13200f876b63fc957d9c;0x06e37e8e;0x6e37e8eL;0.500000;1503136371;1503136372
1;512;8048;0xeb4f7dfeeec9dff321cc716d1614cd55f121bafa4ec6478ecc3fa589ab822b96;0x850f2b2ba8391f04fee9e31482c37937562e55e52319d8a570428650343152b4;0xd7dce337;0xd7dce337L;0.500000;1503136372;1503136373
1;512;8048;0x5eb3c17a5de7fed3cdaa488d749a24a244b1975a9040bc56813d3d0a02034560;0x147497fd37114f53f4ef5ab893b4a013d7f6ba85f7af4908c922089d55a2d968;0x348b77ee;0x348b77eeL;0.500000;1503136373;1503136373
1;512;8048;0x5eb3c17a5de7fed3cdaa488d749a24a244b1975a9040bc56813d3d0a02034560;0x147497fd37114f53f4ef5ab893b4a013d7f6ba85f7af4908c922089d55a2d968;0x348b77ee;0x348b77eeL;0.500000;1503136374;1503136374
1;512;8048;0x71d5861f6854b7dd3f5c8a42892a6c6965368b6b96c406fe38ba348813779584;0x619a9cc55f9b6f1d32f7f89f34efc9fc65046beccf7faeb85533ba8e7006a42f;0x55f5d581;0x55f5d581L;0.500000;1503136374;1503136375
1;512;8048;0x3cbe4c3a40a26e02258075090262ccadc1025249e4a8e496dd1119a27e53fabb;0x998e8f0390cd04b46f381ac1c66b1ecbee7f20205651fdb5d4f825c4800a53f2;0xd199cc81;0xd199cc81L;0.500000;1503136375;1503136376
0;512;8048;0xadcc5cea107de83b22ff4db709d947d3f57a12646e800f0ebe37de7b0087edad;0xcd03fca15d7ff82937a2d1059fd01492b027e01655db0949f1c7a60115f0ba7a;0xf6248037;0x95f494c9L;0.500000;1503136376;1503136377
1;512;8048;0x7acf2436d146d4c9365d17072d1d1edb3ed477e0879b772492ae8794c7983c41;0x4f5cd4b27326e679e30db2afe96c76bcfb1bcf9dd23932625cd43f6e90071916;0xb3233dca;0xb3233dcaL;0.500000;1503136377;1503136378
0;512;8048;0xa654fef1121f7862bc56e0edc03989e37cbe36a755f7569ada5087c5a010da46;0xeb566c5fb7a7093f18f5f1d6ac131fdf5cb054544c9213b251b5ad6c256f853f;0x3962eb84;0xe5760b63L;0.500000;1503136378;1503136379
1;512;8048;0x371e8411a623f9f0cd8255e04695864bb63cb1d82c8affa06511ada911993748;0x0e799551405902af513afe7ad3441f2ebd84ed1885279ddfa856a327d8b7dfda;0xa42fce28;0xa42fce28L;0.500000;1503136379;1503136380
1;512;8048;0x716d1bf465370d6b02997634ffb75f1a76f7aec866ffa75e390abcfcf077fa62;0x1dcb5a69e46ca6ca9d1500c381d9d4aa5681d42cc973ca253b224cf0df7b55cc;0xff640f99;0xff640f99L;0.500000;1503136380;1503136380
1;512;8048;0x716d1bf465370d6b02997634ffb75f1a76f7aec866ffa75e390abcfcf077fa62;0x1dcb5a69e46ca6ca9d1500c381d9d4aa5681d42cc973ca253b224cf0df7b55cc;0xff640f99;0xff640f99L;0.500000;1503136381;1503136381
1;512;8048;0xd91b72c2ddb50cf445b1f21382a198b4b1f53bd11b1a8f1149fea18460011539;0xb214ce6243457ef8263d9578b01ee19b2314d580a7804411c815c4735400b06f;0xbc6f1657;0xbc6f1657L;0.500000;1503136381;1503136382
1;512;8048;0xf4a69824e3d7a7f4e826b06c1492e45c64d1c99f29dc9e5e322cd025d0936bc4;0x23cba0edf9663fdf355bf274e6c84c61fd93fef87fa2063c6121674b86ab1a69;0x3bedd336;0x3bedd336L;0.500000;1503136382;1503136383
1;512;8048;0xfb95d7eaefc09ace34b53540afd18c8131cdc538393332f25dbf1ec7b18eaaad;0x6518384972cf86695a48363c78cdaa6018695896f6f223db05452e619ab8f1e4;0x70b62bb4;0x70b62bb4L;0.500000;1503136383;1503136384
1;512;8048;0x83f6c1da300e86524c2592a3f28ae9599a2ed1101fce5754f5b76b11051ed189;0x45e953ad2cb48e6ff39d1107cb7ff961e3e68b35441d094d2b4b3b262050ee54;0xed5ed2ff;0xed5ed2ffL;0.500000;1503136384;1503136384
1;512;8048;0x83f6c1da300e86524c2592a3f28ae9599a2ed1101fce5754f5b76b11051ed189;0x45e953ad2cb48e6ff39d1107cb7ff961e3e68b35441d094d2b4b3b262050ee54;0xed5ed2ff;0xed5ed2ffL;0.500000;1503136385;1503136385
1;512;8048;0x83c567a14fddf5647e68711e286742b5ddbcfe27fd1920abbf89292b64d063e7;0xe6e807e9550d5ccced75c2acc0448ffa81b07e5ceabb27b870fb6352b807b5a1;0x4d36e609;0x4d36e609L;0.500000;1503136385;1503136386
