1;512;8048;0x4cfa2ea3daf8baaa02780a94b7098c8e50b0bb576eca02e782fede23f8dc1744;0x63425545270efc9361e8d118aaa1779fb0150ea8830ba23ebed3e88409bdd8a5;0x585ced2c;0x585ced2cL;0.500000;1503140336;1503140337
1;512;8048;0xca94ff96418ce55e2a192089544fdc5a977ed17e1f6403516985910e3d452a08;0x62f881629b280bbda8603d4ef6f574a6b07cd319a41e8d2ed3a154303a66c08f;0x9c2ce55d;0x9c2ce55dL;0.500000;1503140337;1503140337
1;512;8048;0xca94ff96418ce55e2a192089544fdc5a977ed17e1f6403516985910e3d452a08;0x62f881629b280bbda8603d4ef6f574a6b07cd319a41e8d2ed3a154303a66c08f;0x9c2ce55d;0x9c2ce55dL;0.500000;1503140338;1503140338
1;512;8048;0x12c4edb77eb41a3bcc3e7a6de7874550347894b860e5c9f386424bbb12125325;0x9a9dff647c71302d01fed440b3da2dc453c9dd42947f4c39342dc7b439453464;0xf628b217;0xf628b217L;0.500000;1503140338;1503140339
1;512;8048;0xacd3235efe9004f7a58a86c48838d549245d91e975ca710f9fa79f1cb96a2865;0x9256228444517d78a9d912b5825649fcf3ffb3ddf47b60815b21e52da4257f09;0xd2d38302;0xd2d38302L;0.500000;1503140339;1503140340
1;512;8048;0x0e40df7f57f385d281678f174d96b0d5ee8658f6e4eff962260d9f47890fe097;0x1829c2bd3389fddb00cb2c0e1c2b541c08b006ff1aefca19e1b5773f3e9d203e;0xe68d6c8e;0xe68d6c8eL;0.500000;1503140340;1503140340
1;512;8048;0x33c5a68153a24d485f8456ba4c334651977653c7f1113c90f715820ee54fca18;0xb4c5cde081cd721f08560433f2eaa1a5616e8549d8c96c1b682abf1c4a3a2cd5;0x10f7cdff;0x10f7cdffL;0.500000;1503140341;1503140341
1;512;8048;0x33c5a68153a24d485f8456ba4c334651977653c7f1113c90f715820ee54fca18;0xb4c5cde081cd721f08560433f2eaa1a5616e8549d8c96c1b682abf1c4a3a2cd5;0x10f7cdff;0x10f7cdffL;0.500000;1503140341;1503140342
1;512;8048;0xe30076f5ef38431a20d0a60582639c27bebf8b81df376ea14664c2ad7a7e965d;0xeebc5fe1a39b419ccd52995441256dfa84468ae693db12e2375f0b24991a9df0;0x7484b322;0x7484b322L;0.500000;1503140342;1503140343
1;512;8048;0x1b8cf31dc16032f2e0d5f96a2fa8033d4014a1cde2534b0be083f7993b7cc256;0x3c723e478a7d38b9c36a3e606cb768f2a19c6db2dc58e29fa468b08b7ea5efd1;0xf88dab6f;0xf88dab6fL;0.500000;1503140343;1503140344
1;512;8048;0x555c3c7e2c95e0ab22eaafc4b96e5d8b8e18e3a2ac3999b31c87c347d038f825;0xc23c147d0779b0aa86dbc5244df4ef1c2974109b0b9c088525c730d773370b59;0x89210f0a;0x89210f0aL;0.500000;1503140344;1503140344
1;512;8048;0x555c3c7e2c95e0ab22eaafc4b96e5d8b8e18e3a2ac3999b31c87c347d038f825;0xc23c147d0779b0aa86dbc5244df4ef1c2974109b0b9c088525c730d773370b59;0x89210f0a;0x89210f0aL;0.500000;1503140345;1503140345
1;512;8048;0xaa3c96cd8f8d096f637869660625b457874bbd37177e82810032de1b131487be;0xbe71a216d013d3b69eec82104c24e8ad68e68daaf6476ec7afb63a8a5515377f;0xee9df96c;0xee9df96cL;0.500000;1503140346;1503140346
1;512;8048;0x1101d7fcb383b3d7bd3eb6c999ac7fdc3d0ec79d1a627df368f3b2cd471ed958;0xd4e3b1f938cfc6c7730a58d07f927cbe6227228061ce1208d3a8615c5e7f6498;0xd4ad6feb;0xd4ad6febL;0.500000;1503140346;1503140347
1;512;8048;0x0fd5756c5bdd22eb4f7c185ff2525b6e8180a44602f791a9fc0ade36a141ffb0;0xe38bb0ca2c5aec72ab025250a2829aacc0110cb7c1bbfbd317d078c2fed7f7ec;0x5ab1be4a;0x5ab1be4aL;0.500000;1503140347;1503140348
1;512;8048;0x71c3fa3fad663ee8c51d495dfad1d626d6daa5cd92fb97e6919e6e6f721456e4;0x4a46bd86f94ee13994788d1d69ccb8b0f1566690d903e2772bf0468108e8f740;0x61fdc417;0x61fdc417L;0.500000;1503140348;1503140349
1;512;8048;0x2785d63f5faa5a4d53e6fb89e9cfff7c0d04681b1a8cef4e2eb4bac50f6c5336;0x9c0ab50d08be87ca172b4ac170209f93729c840e1bc57ef09931442ecadf5da1;0x9f54f812;0x9f54f812L;0.500000;1503140349;1503140349
1;512;8048;0x2785d63f5faa5a4d53e6fb89e9cfff7c0d04681b1a8cef4e2eb4bac50f6c5336;0x9c0ab50d08be87ca172b4ac170209f93729c840e1bc57ef09931442ecadf5da1;0x9f54f812;0x9f54f812L;0.500000;1503140349;1503140350
1;512;8048;0xadade830dccf44584f8ae48b6ac86be61819686f32b2d97d0733b8169bd3fe48;0x38b473b5c457420293fd493808de444bbf80434b75dcb31357b1ef1fd5c5d580;0x15aa0909;0x15aa0909L;0.500000;1503140350;1503140351
1;512;8048;0x5486e09974cc1b8d983462170824c99f78b5663a7c0123c5ce6d2dbba2c84af6;0xb065fe51ee64864883145ee4be2310a7f6176bda562e2ac0accca081ecc66154;0xa952ade6;0xa952ade6L;0.500000;1503140351;1503140352
