1;512;8048;0xf47ede9ce53f36196f8fd01f29b4b4a91f72368e0a03a113129377f9b203c2a6;0x342b3f45155d3ee2643167a7e772a53a8e979e17fd6d4acdcf839a538c7bc336;0x730f845f;0x730f845fL;0.500000;1503091245;1503091246
1;512;8048;0x8eb86c1c0f87b12030ff4d62ecdbb2d1015fca4625175a4be567ff9bfe11648c;0xdb9fdd2848158982c497703d0e50e1354f585c76d39622a8dfb4f521effa8c03;0x02140e19;0x2140e19L;0.500000;1503091246;1503091247
1;512;8048;0xd64b42b12b4836e7523606c8201b3692f1f5fd098bd59cdf83d103fbdb765cb2;0x082515b63a1f0392ae3a4278b88f4a46a3e5a5b613bd932147c7f3de0c7297b5;0x352dcc28;0x352dcc28L;0.500000;1503091247;1503091248
1;512;8048;0x3f192c463339cd54830ad33b15061de897d6224528d564b6ea53824b3422d173;0xe2305de684736b69e7a80ee68fc9e2085b2cfdaafc88f65ac8adb6bf6873c246;0x0de0eb41;0xde0eb41L;0.500000;1503091248;1503091249
1;512;8048;0xf7c69a6d19b2180dfc930972fcc6a3625f2090ac11d8c9d19d25cca82a929922;0xb763afd5c6acbfdeb76b105396590019dee576bbb22ff3203a76bccc468ebcce;0x860bfb65;0x860bfb65L;0.500000;1503091249;1503091250
1;512;8048;0x0e9ef60dfc1e1a5be0f0d101795f7ce7752e16c01c98b40841cb7e98bc24c8ca;0xd31b46f740901cd9ea416acd4a06e55a84d2732330fed9fae044835a97f77310;0xbeb2b662;0xbeb2b662L;0.500000;1503091251;1503091251
1;512;8048;0x95caf3ee052b4bfe05a74b70c24847367aece38d0e4b7b809c6b9d8a3c80fad1;0x10210c559fb9c9f99a10db35aaa5a748d974b1a2a1d12dc4c3d36d0d0550672a;0xd114318b;0xd114318bL;0.500000;1503091252;1503091252
1;512;8048;0xa982cf0b5f14334a1a27c477a3df6ff8453e78368162df5be5fc7a0de0006f89;0x3b304dff77d3f733ebb536d458814934a4df03e26ff5fbab232bf76c73597d13;0x771fbb16;0x771fbb16L;0.500000;1503091252;1503091253
1;512;8048;0x818ffc6662be2785b5c3891a9fbbb4e879ab84f5acfd77afd67a83f4e506e166;0xd841b84331d5447a7e6a3d640886117c81bd61bdaffe5b8566ad0ed9d136e524;0x1a83816b;0x1a83816bL;0.500000;1503091253;1503091254
1;512;8048;0x71f3a8171312d6b8792b644b1757703f6e42767baac9a3669f22abdd76cd40e7;0x90da16f4018d752459a3d475c7035aeb254fe1f1187fb7cf375b701041299561;0xf354e5a3;0xf354e5a3L;0.500000;1503091254;1503091255
1;512;8048;0xdd6349eca1576569da6a1031b7792b6ba68a4dfaf654753c56ad6a15e4fd65c1;0x93b51c50670030c5bf292cdf7e19cf2ba5d1b94367fb7d4c2fd2654c2be6500f;0x6c8359f3;0x6c8359f3L;0.500000;1503091255;1503091256
1;512;8048;0xb5bc52c4baa9012b7db8995e338cc735a5feb50371debec4ad419eca9ec3b053;0x0a626a835a77ddb55a1b195674e5c1709d33ed2eaad642b2c6a3be6d14bfe39d;0xa82e641f;0xa82e641fL;0.500000;1503091256;1503091257
1;512;8048;0x0605a6be2f4b97699b599edcf2b25a41d4197b63551f0204673e696c544eda5b;0x60505b8ab3ddcbfeb8c9ffeb3e97321cabf057cda92af1c06f7ccdfc3c7d7880;0xa365db88;0xa365db88L;0.500000;1503091258;1503091258
1;512;8048;0x1cfca7530e820a85e9affe44626cd0a1404b9b9322704acfa931795bd0179bec;0x86c3addc7c4efbe2a1d792c540d7fd6f4be44f77d912a95f0182de62a870c73e;0xf5dee63e;0xf5dee63eL;0.500000;1503091259;1503091259
1;512;8048;0x1cfca7530e820a85e9affe44626cd0a1404b9b9322704acfa931795bd0179bec;0x86c3addc7c4efbe2a1d792c540d7fd6f4be44f77d912a95f0182de62a870c73e;0xf5dee63e;0xf5dee63eL;0.500000;1503091260;1503091260
1;512;8048;0x1ce096e7ccf14edb0f6766dd9630ddbe0d0b1bcb0895844db8269baca547d3c1;0xe1b71151a873e52716c79cadf9626f73ea6ba4f9a4317ed02fcb06247a736e4b;0xafe563c9;0xafe563c9L;0.500000;1503091261;1503091261
1;512;8048;0x45e9e947d8bc459ec987201c55c7ca25e8cf850964fbe135221462373faad084;0x294b8ec45c6d9e90ae2798c19eb5c679558371d5fa759678c66b38c06b201f24;0x2e57be0f;0x2e57be0fL;0.500000;1503091262;1503091262
1;512;8048;0x214c677cd06f8397f007a6637ac09d419227dbe5dfd6904cf9d5c81e002ac021;0xeb078e421bf3fd83bf69bbd59357aa634b13174edec6d7fb6952f1ebd23760e9;0xd8731186;0xd8731186L;0.500000;1503091262;1503091263
1;512;8048;0x3cb604279948eacdc546b74d97b7c5472a7e1524f5c07654ac29f006a083b5dc;0x8d34c520c6f69c53c80d1f9603ede4bed3c6ddf44d30bfff8732c208317b18b9;0x47f18212;0x47f18212L;0.500000;1503091263;1503091264
1;512;8048;0xd2ae5c8080a9d67f18ae97f79d44b34fd036cf2d714d228b6db5482fa5bf9378;0x242f07a3e3a9feaae9edd6a4207edb0db84efd2e01f1c713cb8a277dbe55e53c;0x7ce9819e;0x7ce9819eL;0.500000;1503091264;1503091265
