1;512;8048;0x6618072b808e56086b32bba7ebbd2ebc54616b07b392b2cdb19dcb11f10ae257;0x7a889bec7d8f698433bbfbc0146c0e38ed56a6a24d119ba87590a568bc6c8b39;0x5142dff1;0x5142dff1L;0.500000;1503138366;1503138367
1;512;8048;0xe31741db79d8f717056e5bf608e97b51e444375700afcc3af3483a33cf2026b3;0x3a5f01617ceb1dff9d0761384dd0a6f89f7a3e396f6a032f33d8d5a603b5e92c;0x127bf7e3;0x127bf7e3L;0.500000;1503138367;1503138367
1;512;8048;0xe31741db79d8f717056e5bf608e97b51e444375700afcc3af3483a33cf2026b3;0x3a5f01617ceb1dff9d0761384dd0a6f89f7a3e396f6a032f33d8d5a603b5e92c;0x127bf7e3;0x127bf7e3L;0.500000;1503138368;1503138368
1;512;8048;0x8634d6803d0c07e727a416e811132e5f24d27798cd7c7e791ae2188210a99896;0x473df5ba5c8b9988dd9be0fc1d17abfe66f31050d1b4c7f69a2ab11e0a164aec;0x577855f2;0x577855f2L;0.500000;1503138368;1503138369
1;512;8048;0x6696bfef5ba80b7f47b626539b0585f7dcef7cb816c7ac3aee16eaa919019380;0xeea8ed98e11f2a58eb0e07f579b468ad972c58501d438cf6c7aafde891939cd2;0x0802f703;0x802f703L;0.500000;1503138369;1503138370
1;512;8048;0x3d11d3739d9cb1791823336a6ffde0e5cf46a6da1dbd26c5ce147abcbfc220fc;0x20e462e04fa57b933a6351ea881413226751435e0c0fcc24a8410d45d43d9fe7;0x5db91b9a;0x5db91b9aL;0.500000;1503138370;1503138371
1;512;8048;0x26dd19f268604774095c3c65cf0c8c581c789bde967edd04bbfbc9f4cb3748f1;0x14d0d74f0a50b9f3222d4d1cce02dea86679387540982b48118587d7a705c0b8;0x22d5b187;0x22d5b187L;0.500000;1503138371;1503138371
1;512;8048;0x26dd19f268604774095c3c65cf0c8c581c789bde967edd04bbfbc9f4cb3748f1;0x14d0d74f0a50b9f3222d4d1cce02dea86679387540982b48118587d7a705c0b8;0x22d5b187;0x22d5b187L;0.500000;1503138371;1503138372
0;512;8048;0xd1d116e5c4af1ac7cf2286de8883eee0c7ea0a045c67e81d825c874282533d53;0x4f3d6833688dadf250ce75687b9d71701c149bbca232bda76c57f79b172c0402;0x47c84034;0xc365b1a4L;0.500000;1503138372;1503138373
1;512;8048;0xc05f6f3e3d6fce1b0d04649be77a45397eef068b05663967a2ffe3a0ef9d67af;0x6556ccc12b6536fb4ef0cef0f81753a1dd7a05bbf60ba0e48add67c6cb80ad54;0xc9a6da88;0xc9a6da88L;0.500000;1503138373;1503138374
1;512;8048;0x59c3f3befcc7664a8de15177985f2a923fd76a384bc465250105faa9cec3dc27;0x96dfe5f28af99ce3758992d48e5e7f4a1dbe645751d3fa992e381bd4d6671ff3;0x562b30ef;0x562b30efL;0.500000;1503138374;1503138374
1;512;8048;0x59c3f3befcc7664a8de15177985f2a923fd76a384bc465250105faa9cec3dc27;0x96dfe5f28af99ce3758992d48e5e7f4a1dbe645751d3fa992e381bd4d6671ff3;0x562b30ef;0x562b30efL;0.500000;1503138374;1503138375
1;512;8048;0xff8357d2144b106e5df767659c6ab0747fac73c70f94005ad9997f56552f2f54;0xa9d30de4f8d6619424c9066861ec27fc43274572052c04745b1e25d80ddb6ef4;0x5e880460;0x5e880460L;0.500000;1503138375;1503138376
1;512;8048;0x9ce01a5808c8e416d702ce3192b1cecdfec91f4a02587eaf96c083b636a291d2;0x6d51cb03013ae9592a932011816432556e006047abfac808a8b4a636e7d28f14;0xea776716;0xea776716L;0.500000;1503138376;1503138377
1;512;8048;0x219af2f837d1c41474c14533809db39862e98701beb2e66aafebd031dbcbb1fc;0x9fd0b9a6808574e86ddc9854069d8f8dbad730d3c5b3758da1c31c31832cfad0;0x864ed701;0x864ed701L;0.500000;1503138377;1503138377
1;512;8048;0x219af2f837d1c41474c14533809db39862e98701beb2e66aafebd031dbcbb1fc;0x9fd0b9a6808574e86ddc9854069d8f8dbad730d3c5b3758da1c31c31832cfad0;0x864ed701;0x864ed701L;0.500000;1503138378;1503138378
1;512;8048;0xc8118124585a7d000d158da9641915709af06e671dee33819ebcf20e78080c40;0xe5c6e1319a44e8d39ea47a6882b25eab56e852ae35fba5cba2478f99862d5cb3;0x165f4551;0x165f4551L;0.500000;1503138378;1503138379
1;512;8048;0x8c6e5e288a0d7828755c3d0e560ca4f06d44dc5ec85ff152e6058fe5204372ad;0x5090dd4005c5238a6a0a80ead77c15ec9b04dd85987169cbf1696d98523e768f;0xb1e3c0e0;0xb1e3c0e0L;0.500000;1503138379;1503138380
1;512;8048;0xe86a242e188e4644ebb0554678d274a3491278f43c3dd91eb1414af9123009fb;0x1b98b48a234363ba0f619aef8bbd00d31ecad94a3198a6aa07d5afeac2e44579;0x7b6072ec;0x7b6072ecL;0.500000;1503138380;1503138381
0;512;8048;0x722eb314eda31504a6a0cbe71871a235d7b0be602dc1c7a124e902cdbc33e22f;0x06597dae1bac254921e9d3a8814d4d43b1a92f05eb0217b102bb5d3ebfaaa2ed;0xc82e3d01;0x497b8a44L;0.500000;1503138381;1503138382
