1;512;8048;0xc171cc2c243aa84d965d5a5decc373c80fb0085fd35d4d69d3021af4bca82a7d;0x4959a711cebc19631f1a4cf453cee753536637384033653381bc2d9b7d398409;0x35da4987;0x35da4987L;0.500000;1503096260;1503096261
1;512;8048;0x89bf6a9cfa12444426ddb2acd70f65ac4b4e295c5ba2df733f69c066cdf6dd56;0xa953d9ab957c32167fe458a2bfd6136ff47dd940c9aed3138ce4a2e5e4214662;0x047c4243;0x47c4243L;0.500000;1503096261;1503096262
1;512;8048;0xd449a8e264494462b29e1d2a6bada5594849238787ba7b12de6b1ae7031448d7;0x30a47a157f828b477bfb8755db148a2bc958d13578917e0efd3f2327ec8f86d1;0x0945fb29;0x945fb29L;0.500000;1503096262;1503096263
1;512;8048;0xb0d0a4648b9f88cc09fb3a0b5883fe3f171638c2d3a24e42d1257026d43fe385;0xeb2d531823149dc076396fafda449dd04365712d9e86e045acc9f39817513af2;0x2a85bcea;0x2a85bceaL;0.500000;1503096263;1503096263
1;512;8048;0xb0d0a4648b9f88cc09fb3a0b5883fe3f171638c2d3a24e42d1257026d43fe385;0xeb2d531823149dc076396fafda449dd04365712d9e86e045acc9f39817513af2;0x2a85bcea;0x2a85bceaL;0.500000;1503096264;1503096264
1;512;8048;0xa607b02524607d5dd35e5a1172c1b48f9735990227d5c571855c4a19361b55dc;0xb3b8307ecbaa279bd87f3b973ff12af9f1644c5e444c9dff420fec319290ff2d;0x59a86e04;0x59a86e04L;0.500000;1503096264;1503096265
1;512;8048;0xc6a2c45475ca2b487b46a13ff84ad46aafbbf3a01c075cb12b2427d7ea0d8fb1;0xe7129d2538a4d5bf69529074922860866786ac9458caf4d79dd0b330b7dfa4c1;0xd3812c61;0xd3812c61L;0.500000;1503096265;1503096266
1;512;8048;0x771bb15b7ee773ff405da763098024a81ae0622af5eb0133485d65844e95bfc5;0xbdd4f9c20535f1d0b45a12565819dda74546b07925a55fbd140859641d758a17;0xbe71a1a1;0xbe71a1a1L;0.500000;1503096266;1503096267
1;512;8048;0x4a5297894c06013a890c9567111f6a31b8436f41cabdf86e123c2927cddf5717;0x30be84e0c888ea2b24d15e260bffa705efb975bd7970c6161411f693b3103088;0x0b84f245;0xb84f245L;0.500000;1503096267;1503096267
1;512;8048;0x4a5297894c06013a890c9567111f6a31b8436f41cabdf86e123c2927cddf5717;0x30be84e0c888ea2b24d15e260bffa705efb975bd7970c6161411f693b3103088;0x0b84f245;0xb84f245L;0.500000;1503096267;1503096268
0;512;8048;0xb5359625eed69ba82da31e6fde1c3c57d3a9017ad7e275af69596ced0d0127c3;0x658822f6e68f43e0d5bd15e6d7affe387ea0885084ab1df02e3d69fbf5ca9b96;0x58c3b338;0x3073b170L;0.500000;1503096268;1503096269
1;512;8048;0xe0ff472e72b495c2ee3fd677cffdd3a87490a8cf51275f33bf8f80ebf6ecbfd6;0xb7ea8603a6464a75a59ebdb03e72fde0dc99d08ae45de340c47694a38da755a6;0x0b72fa75;0xb72fa75L;0.500000;1503096269;1503096270
1;512;8048;0x96a1c85f968d50b08509d8a8658f0fad2962f43c1db3ec9ac419b46cf1106287;0x57f9729f11b73e577f65874efa1b02ff1722a980b4290fff6ec67f8a0db3a6b2;0x6e2ce4cc;0x6e2ce4ccL;0.500000;1503096270;1503096270
1;512;8048;0x96a1c85f968d50b08509d8a8658f0fad2962f43c1db3ec9ac419b46cf1106287;0x57f9729f11b73e577f65874efa1b02ff1722a980b4290fff6ec67f8a0db3a6b2;0x6e2ce4cc;0x6e2ce4ccL;0.500000;1503096270;1503096271
1;512;8048;0xfaaee88d219a8be486f73f49ccfbb3d6ed203ffdeb2ae9b486ea0b6fbc3a1bb6;0x1d8d7a442440db077f1ad7c767b7a7bf0eb7a1c25c5ca9cc3d33ed094b3b58a9;0x36865f7e;0x36865f7eL;0.500000;1503096271;1503096272
1;512;8048;0x7dbe6864660e7c91de692ba7724da1ef460553356dd1dd7ceeb56f5e9c775c1a;0x7772d94186d7d03a9bfdb77f2c593b25a9b4883287ea0b784c0d5bf89d3f3c96;0xbc2ac60b;0xbc2ac60bL;0.500000;1503096272;1503096273
0;512;8048;0xd6d24ea5dd10a45272faa79d0cb5b99a9f1619275ce37d3f6eb286e7066c6adc;0xcbf490a1c949551cee3ac4c23698a80f12206b41dd03324f7cedfff42cb9c626;0x687111dc;0x9f09b9ebL;0.500000;1503096273;1503096273
0;512;8048;0xd6d24ea5dd10a45272faa79d0cb5b99a9f1619275ce37d3f6eb286e7066c6adc;0xcbf490a1c949551cee3ac4c23698a80f12206b41dd03324f7cedfff42cb9c626;0x687111dc;0x9f09b9ebL;0.500000;1503096274;1503096274
1;512;8048;0x43c2e056855f3e921f01c2b3daaba43658a43f6c7ab113770d130c680d316550;0x7e303e3f116de94f64f1bbb36a1b0e7abbe223d70423a37a2187c06b3e0ae0f1;0x55c61319;0x55c61319L;0.500000;1503096274;1503096275
1;512;8048;0x23e280d941f69cac2671b72af5f3ae90aea00edb03e2520b2bd658ef1a91573d;0x1a0f5155fbe3371145160d2b95700a1ace664dadaf659ef9d4389e364c2b90f7;0x5ed8e262;0x5ed8e262L;0.500000;1503096275;1503096276
