1;512;8048;0x74d7be8886a818ae1ecf4661d8c160e89488abd8fa7234c6685e521b2786769b;0x5fbd777468da8259c64c7838c9923a411b4c24ac1ff87ade3206575fb5c9edec;0xb79aa07e;0xb79aa07eL;0.500000;1503101500;1503101501
1;512;8048;0x30fb2dbb0dc25a97b56917498a853826babf76c00835e82fd621ab8bb072bce1;0x5a3334e9a8b5bdb3bc4b7461ee72ba67ba55e2fdac52f65063e50e087a4b3ce1;0x2a75beb3;0x2a75beb3L;0.500000;1503101501;1503101501
1;512;8048;0x30fb2dbb0dc25a97b56917498a853826babf76c00835e82fd621ab8bb072bce1;0x5a3334e9a8b5bdb3bc4b7461ee72ba67ba55e2fdac52f65063e50e087a4b3ce1;0x2a75beb3;0x2a75beb3L;0.500000;1503101502;1503101502
1;512;8048;0x3566096451bb8f5b2c49cf99c896978819600d7b149c09ea1bfc208e08e9673d;0xc9e1da20fcf288b5ca6b6c8421b9fb7ef618632737cb6e380d411db6391dfdda;0xb208dd9d;0xb208dd9dL;0.500000;1503101502;1503101503
1;512;8048;0xdc6c150d2e5d784cc891cc2035fe2f3120737e79b5ad021cae9e6c9909dceee5;0x63bdf0ac64b9b0e79a4c7b55e8120573b45c80b6f3e83c3abd8760ca93cdeaef;0x726b1dc9;0x726b1dc9L;0.500000;1503101503;1503101504
1;512;8048;0xf0f6d90de43234cf4aee2bc26db14027ccbb84e9bfe1315bbc03e83a3e24852e;0x9c4b3933696b1288aec02e1d19cb99077355022ddbbb325e455ea6e00bf0b011;0x0078ae86;0x78ae86L;0.500000;1503101504;1503101505
1;512;8048;0xe6048897b35fd77db386506e3cc10146da5820015de244dcf5ab2678ce0505b4;0x35b7165fe8924b9047f5435822a4ffdcd0691c112bf6b1ebc56956799e3ebaa9;0xd81ede65;0xd81ede65L;0.500000;1503101505;1503101506
1;512;8048;0x6fa4430593f7337d070dfb5788d733879106356f3450450886024b2fc3795632;0x46efef1646c71d2bf71a01e071de15aae600e45e6a77913bd666de1c57ce8b28;0xfcf641d8;0xfcf641d8L;0.500000;1503101506;1503101506
1;512;8048;0x6fa4430593f7337d070dfb5788d733879106356f3450450886024b2fc3795632;0x46efef1646c71d2bf71a01e071de15aae600e45e6a77913bd666de1c57ce8b28;0xfcf641d8;0xfcf641d8L;0.500000;1503101506;1503101507
1;512;8048;0x11daa64243ef320c925abab70ad61dd7803b1563c322cf444f4f7a433f176750;0x92d27760ddeb17ff61062b940cd58f598a442c8403e4443fe92df30de1d6ffc8;0x287d20df;0x287d20dfL;0.500000;1503101507;1503101508
1;512;8048;0xf44c6b7b8716b1d42cafc6c8459f93ed7e23c12e57d92745fb5849955df9f951;0xf9a874ab22279803bae16482a1c2df496c860fe25aa2337bdb16f49c953f9ba8;0xea553886;0xea553886L;0.500000;1503101508;1503101509
1;512;8048;0x70c360cf2471e07d0eab6197d9ab13fdb8cd39be2a2aed18f2a2dd2216126687;0x426ee7b8cd2d80bdf7cddd767d326513562a2ae7dc001bd17a956472e1dfba22;0x75a656d0;0x75a656d0L;0.500000;1503101509;1503101509
1;512;8048;0x70c360cf2471e07d0eab6197d9ab13fdb8cd39be2a2aed18f2a2dd2216126687;0x426ee7b8cd2d80bdf7cddd767d326513562a2ae7dc001bd17a956472e1dfba22;0x75a656d0;0x75a656d0L;0.500000;1503101510;1503101510
1;512;8048;0x46f6902b65890af76c1ed31aed3e7dbcdbf921d83f2fbe123bc9182a97fe89dd;0x730df20a596d3794271b13ba5d779824d71de15d79f6e34de3c28a1c701d2587;0xf6947b3e;0xf6947b3eL;0.500000;1503101510;1503101511
1;512;8048;0xe3093741e38cf555f748bd07cc2c6babc4076a50ab5f971a2ef7e57d64ad9847;0x69acdcd7d43a8950da5ef293c54ccf6050ba9892112edc7b36f8388294611dd0;0x139ab993;0x139ab993L;0.500000;1503101511;1503101512
1;512;8048;0xc73e7d56e2d0626365803a0276b45d3beb71ecfb33f2e26b161c743376cb113e;0xca50d811f301a1a6630a5d152701c41144f6a8c518a05de32b3c6152495ba41a;0x2e7d4459;0x2e7d4459L;0.500000;1503101512;1503101512
1;512;8048;0xc73e7d56e2d0626365803a0276b45d3beb71ecfb33f2e26b161c743376cb113e;0xca50d811f301a1a6630a5d152701c41144f6a8c518a05de32b3c6152495ba41a;0x2e7d4459;0x2e7d4459L;0.500000;1503101513;1503101513
1;512;8048;0xfe1b7b0913f86e1cb97fb67d1e217349b8ebedc3c5d7c4dba936c9b739718c37;0x0e35dc43fb3a888a57e28857fdbf47ed4c49b53899fba86d9f575fcd6a114820;0xaadd9669;0xaadd9669L;0.500000;1503101513;1503101514
1;512;8048;0xde9374db80a0891310d69797266b9b09ff2daee36e47e46832f6cf6ebb3e2d99;0x010a52f3d894f8f9af3c3f232a4caebfe86613a82e89aa9330aafc6b5055c34a;0xb11e229d;0xb11e229dL;0.500000;1503101514;1503101515
1;512;8048;0x7154a83ebf8383bcd6e43d42060199d9baad1083e45de8e4252423e810c5f481;0xeba81a8cd9291423b8b8aa53000c212544228b47118296ed02d62b35b22760ad;0x5c45e098;0x5c45e098L;0.500000;1503101515;1503101516
