0;512;8048;0x90f93c392387ea015208b87dc0d0a0591360f79d836a52f126884ddb67b21bf7;0x4a9ff5ba769fe8399508ae0bf8b897e7bcc1b55bf546e0cb314837368d00939b;0x2a3198df;0x22ea30c6L;0.500000;1503083510;1503083511
1;512;8048;0x08e55c7590bea9cb15a76b847293d1f86350f56dacb23d6a5047faad3be4fa43;0x42aba0d79c9f17cd497afe0228a5f5aa597af990b0c66e981b9ec2a3373a7da4;0x5a9d2484;0x5a9d2484L;0.500000;1503083511;1503083512
1;512;8048;0x61fdf190635586972d167c8f3d19c45511d738471cf4a56f02adbb43f1394e52;0x1d313c41ee0288c55f310fa7b59c10c8bf794810f0b28d7528ec762350972621;0x40239642;0x40239642L;0.500000;1503083512;1503083513
1;512;8048;0x676e8bb6166316b351db8a1925b82c88a33a00a8f5fba1e7435a61dd382eb9a0;0xe8fd84fc0251ca7076042faaf89726bb8fe5dca0fc99653bdea380de63ff3056;0x67ccdffa;0x67ccdffaL;0.500000;1503083513;1503083514
1;512;8048;0x29195a8e576274e90a8de4b9bcaa06533f96296e52866d5d0cb49916ec3c8b15;0xfbed79e07bf6d9de230064db263fedfae53ad67bf475e5a036577399f7bb1be3;0xee3ea30c;0xee3ea30cL;0.500000;1503083514;1503083515
1;512;8048;0xaf3b0b01503d372c1f65d3376093564209fcd6dfa2d879171546829d93182942;0x802df23b8082ad446cb58cdda69c33a50cc00f12a7626344d088bc5fe2067fde;0xc34e73fe;0xc34e73feL;0.500000;1503083515;1503083516
1;512;8048;0x89cc173250d90ee1dd1e324ae1e6d3ef8759a627d4a02d24f0f52379e413d76d;0xcffc17b5593b5de854daeb75b6165b52431d92aef662a2e6f4ea882b6ca3ec04;0x081de91c;0x81de91cL;0.500000;1503083516;1503083517
1;512;8048;0x1392193b26ed355647bd12311b007926cf5da10d66c0a179a8d70faaa4e951b8;0x0afd3a8f7b63f4be96224bffe6370b9708e9f9c9b7f9f6d0ae350c4aeeb8899a;0x423f0c50;0x423f0c50L;0.500000;1503083517;1503083518
1;512;8048;0x9f3f0dd10d8a3417d52f18163e91accba100092f755dff5c61f6fa8e03061aa3;0xe85d4a9e36360afa9c29c6d453f8baf037b696328bd480b8a0138e5e0f8b6dc9;0xab7e5b6e;0xab7e5b6eL;0.500000;1503083518;1503083519
1;512;8048;0xfaf5a60f0e6833c75b888eb47f061aecfcee02173ab92e78da42a5308aa3ed84;0xa87930de9d7e09d38c21d987dc77fef88f95cf6637fd5094e30dd6d8a51e5da0;0x0b4df497;0xb4df497L;0.500000;1503083519;1503083520
1;512;8048;0x32d42dfc86f7c5c25c29a5b3989cf63a1396fe3515a210f3ca1bed4049e04b7b;0x0a96308bd0d950296bc7f250dda2463edfac7ecb1b1c4a60dd838eb12f19281a;0xaced43bd;0xaced43bdL;0.500000;1503083520;1503083521
1;512;8048;0x9ea844228d1ef2eb38058546e0678a9b06d6c28380e86fdfb6daa1495872c1f7;0xe4088b5b4d20e71f5040f90f6b62e733341f9353b4f9b0a957ffa813e13f59b4;0xc5429572;0xc5429572L;0.500000;1503083521;1503083522
1;512;8048;0x621378a70f5edb68aafe354554df6449cb8830f943bf7db9a5ad905fa6377a08;0x63d0ea34b643763ba9ab70224a62dd90598974741f5b99cee70b6ca412d99be9;0xafc61318;0xafc61318L;0.500000;1503083522;1503083523
1;512;8048;0x60f6dde0149c3efde3ac5e792e830fdd010952c2eec2a50a144aa6274ec5c0af;0x1cd3607856a7bce7d486b9ff1a390848c846594b3d4dc55c43e8faa5a4c715eb;0x18b2ddb9;0x18b2ddb9L;0.500000;1503083523;1503083524
1;512;8048;0xcebda606cc2ea39744d149c8aa499b5e9ad87275eb30c3a1be1e901c5281ce21;0x4b28e7bfdf4a1f9bbdb15ea20a688fab08c3c6e451c6953f886387a89470cdd9;0x851ee804;0x851ee804L;0.500000;1503083524;1503083525
1;512;8048;0x8123d81cc96d34dd85b7db91ceb445db793a8d128500bedbb80b280603ec6985;0x36dc2c2bb42240f6d0b551c8627e4a802f0c00921c1c7727ee58c55e747c3c13;0x605cc98e;0x605cc98eL;0.500000;1503083525;1503083526
1;512;8048;0x9d019650ae331d73879341e863e6925e221ceb6487578e60b2620a775e5740fb;0xc8320dbfcb164c731bc5b54d73760c2567f5a4614a3899ab0452176235bfc2a1;0xaddd9df2;0xaddd9df2L;0.500000;1503083526;1503083526
1;512;8048;0x9d019650ae331d73879341e863e6925e221ceb6487578e60b2620a775e5740fb;0xc8320dbfcb164c731bc5b54d73760c2567f5a4614a3899ab0452176235bfc2a1;0xaddd9df2;0xaddd9df2L;0.500000;1503083527;1503083527
1;512;8048;0x7bc81d087e89509defc73e40c2315307517a65d3a34aa6c717ed48ae60cadadc;0x0cb2acc7224ed40171fb9ad32608a6131047474f1a45bb4e1b8cd7cf0fc527ef;0x641d9dd2;0x641d9dd2L;0.500000;1503083528;1503083528
1;512;8048;0x1ab9f01b1c25559afce52afee8040d5d418a071af87dc549eed20b0b5bc1fb75;0x95e3fdfb8a715c950c8490a9dc0481e0dd632eb504b43dcd0a2a79702dcbd254;0x26d7f9e2;0x26d7f9e2L;0.500000;1503083529;1503083529
