1;512;8048;0xdd314cb7e5a3b3096407fd1649fce5a3127a364e8c9075257c2179d8a23f6980;0xdbd30c4b7d32807910b10e462f1e67ded4a0c9bda9d5b0cbf1848ccdad15354d;0x21b0b383;0x21b0b383L;0.500000;1503106749;1503106750
1;512;8048;0x1543d29af2439a92e8895cef67d5687cb4166db288a7da29c9524f35c8396bde;0x547beea566ce385187e9fafd02074e680a71249f29173c951084e4f14b75e8b2;0x7df0c272;0x7df0c272L;0.500000;1503106750;1503106751
1;512;8048;0xfe1461f1e946acddb2b4ad10c8bceb2f2690f289705d93ec826cabcf15758914;0x8a0017e19ee849ee2d4f138cead014839c740ef062f66d86cf4521df8b9d4896;0x3801ccb1;0x3801ccb1L;0.500000;1503106751;1503106752
1;512;8048;0xbb5b6c4a4b8f68851f95699a63c26a460f0e4d7e76e06c166de9c76d8542ea41;0xf5aed6f5cad0707fd4a348414c65688c2f4f0ac1a9379e7ed16254d4bd508e43;0xf41fd18c;0xf41fd18cL;0.500000;1503106752;1503106753
1;512;8048;0x4571dc1e7d6ad746e3085d559571c506bdafedc5aeda0195654c045e655cf4ab;0x7769d8425ba6ca80280800661167c1f29c0f13271f833fe38454b34679a2f1ca;0xd58b0325;0xd58b0325L;0.500000;1503106753;1503106753
1;512;8048;0x4571dc1e7d6ad746e3085d559571c506bdafedc5aeda0195654c045e655cf4ab;0x7769d8425ba6ca80280800661167c1f29c0f13271f833fe38454b34679a2f1ca;0xd58b0325;0xd58b0325L;0.500000;1503106754;1503106754
1;512;8048;0x5f9e78bbf80342d7b560a7fbf614a2033b01ecdcb0cea0a2ec555bcf607da6bf;0xf8326978e5a2d09f59d79211c4a8b3f08db162055a0d3263bfce2a37bc5e2145;0xc76dec72;0xc76dec72L;0.500000;1503106754;1503106755
1;512;8048;0x134d6deb84e91d7c3612a8f0bdabbcdaaa7cb20481d27be87d3452e712e48825;0xec7360975b3f0ad9a5f2e2ffd343a66cc055452a1de127ec2c8f696dc22ba4ec;0x567ccccd;0x567ccccdL;0.500000;1503106755;1503106756
1;512;8048;0x3da793080c558e496c202fc619fb60f4a3ea1dbb81a2fa6fb34a5030727fdeaf;0x0f2ee2c4c551ea8f5b3984850a87bebb0c8d76412a38c0ccd4dbdbeb5c6212b7;0x01ef912a;0x1ef912aL;0.500000;1503106756;1503106756
1;512;8048;0x3da793080c558e496c202fc619fb60f4a3ea1dbb81a2fa6fb34a5030727fdeaf;0x0f2ee2c4c551ea8f5b3984850a87bebb0c8d76412a38c0ccd4dbdbeb5c6212b7;0x01ef912a;0x1ef912aL;0.500000;1503106757;1503106757
1;512;8048;0xd9b7f6c6802623d849483542429684c65735a172489e617aff6ceafe0a7d69e3;0x6caa0ad33a7a1d63f1c02487de3cef5c74f5656f551a9dee6bdce01ac03eb5b3;0xcc71674c;0xcc71674cL;0.500000;1503106757;1503106758
1;512;8048;0xa4bea0a818ff693558b8cd740a68c48660b20ec3d6ef89d983c8aa5c260c94cb;0xf19480a7a1fa05b5c4e3215b3044673e394dae1370c7cb8717d0438313bc7cf5;0xb5718ea1;0xb5718ea1L;0.500000;1503106758;1503106759
1;512;8048;0xb94685a69c6666c68bc5ec22352f03f1377cb20d9f310524b793e92b5575eb0e;0x1ae7c4df0edfeb6f6fca40b4b10880342a6378c2f5e31305945a1f359ab8abc2;0xb30e9328;0xb30e9328L;0.500000;1503106759;1503106759
1;512;8048;0xb94685a69c6666c68bc5ec22352f03f1377cb20d9f310524b793e92b5575eb0e;0x1ae7c4df0edfeb6f6fca40b4b10880342a6378c2f5e31305945a1f359ab8abc2;0xb30e9328;0xb30e9328L;0.500000;1503106760;1503106760
1;512;8048;0x8cb803dd356c754e1fa80cdb4fe8f211870cdad8f88e9d82dd28743f36a878c3;0xf5c116b4e31a01155393876a548b85fbf2c6f2b862b58578a8c8cbf0d61bb71b;0x5ade8f98;0x5ade8f98L;0.500000;1503106760;1503106761
1;512;8048;0xce6d961bd691184b3b0755d0ae0ab61fd7f162b9fe76fda571f38091ea70acb9;0x786f5597f0f83d7a317e9fa478204d648b1df5626dd6866a666fcb83e43d7a25;0x3cc5ddce;0x3cc5ddceL;0.500000;1503106761;1503106762
1;512;8048;0xda796b77f3788c2b020b1424e70769dd943b10a776a50aba5a63d82d66fafb40;0xcd7938531c7cd105dc9d8e393778afd6b3db0e71f81cafcace584bb016463d43;0x3a66ec1c;0x3a66ec1cL;0.500000;1503106762;1503106763
1;512;8048;0x4d91fa40088a66dcf74a73029d6264194fb247a065ae26d217587b8c879a64d5;0xa7f4310eb12c6fba33c90400b6590f79be9af05ea245ed08680736f2d3910b82;0x3476b982;0x3476b982L;0.500000;1503106763;1503106763
1;512;8048;0x4d91fa40088a66dcf74a73029d6264194fb247a065ae26d217587b8c879a64d5;0xa7f4310eb12c6fba33c90400b6590f79be9af05ea245ed08680736f2d3910b82;0x3476b982;0x3476b982L;0.500000;1503106763;1503106764
1;512;8048;0xa5b02e7ee6cdc12316ae1b4bb3a7e8a2711637c168865758b560487b2cf8ffd2;0xa9d87978e8a200e0b42bdd0362832f962f51377234347fd34ef08c389ca3e45b;0xd241eb39;0xd241eb39L;0.500000;1503106764;1503106765
