1;512;8048;0x19e161b51f5da04b9f0102b58914d87d3e3ee005c6f50b1fc974c40a9487e8ae;0xc0879bfa6b975baad8e60e8147e8f9dffbf7d530a06333393db5ce1c9f67361c;0x246ebac3;0x246ebac3L;0.500000;1503130484;1503130485
1;512;8048;0x0e407e5fe6458b471f296812f1165be0f58011cdfb8f46746634fbbe36d5a445;0xc120f3b1ceb757346cb545bb1769743e9cdb1c751d6456a99ef02f110db8569b;0xa3f18b30;0xa3f18b30L;0.500000;1503130485;1503130486
1;512;8048;0x3101ef30559f7a5a9dcf275b87cd834e47d52dc76976205fc676a2bfa69836d7;0x8a9a5c975dd4bc35133f35120e9c266f303bfd304e995990a3390b92d6485a38;0x172455f5;0x172455f5L;0.500000;1503130486;1503130487
1;512;8048;0xb07bf402d9c2d82a154549dfe97841ded12850bfe610c4be7fab76b3af14d160;0x47c4f2014c0ee4a6d0d0b66a642b8cedbc467454c8dc130d0b6da6b9175e0197;0xe0b27f1d;0xe0b27f1dL;0.500000;1503130487;1503130487
1;512;8048;0xb07bf402d9c2d82a154549dfe97841ded12850bfe610c4be7fab76b3af14d160;0x47c4f2014c0ee4a6d0d0b66a642b8cedbc467454c8dc130d0b6da6b9175e0197;0xe0b27f1d;0xe0b27f1dL;0.500000;1503130488;1503130488
1;512;8048;0x3fda704bbe84200138ff5c13343d2e08d1da9fd924d7f5e8a89b4e0b147ccc53;0x60093812dd1066cbf91696fa2e4f2666cad8cf66308bcd8ced34309027a52466;0xab71dcd3;0xab71dcd3L;0.500000;1503130488;1503130489
1;512;8048;0xf97ccece40f923d10703422659e201054d7858ae528a9e63887eca0af0f430ea;0x2a96ad767aa68444a96079d8bc809dc7fa2bc8c83da62e88e3703119e02f7e26;0x8b3f757e;0x8b3f757eL;0.500000;1503130489;1503130490
1;512;8048;0x70ab139a1d160f1ed3edb55fbe327a57aa41f15dfcbc1eace5b9295a0ea87e7e;0x7da2d1eacc0ac04b189e9e19d12397708528a8481316351eb4eecb5f31cfc9c5;0x65708072;0x65708072L;0.500000;1503130490;1503130491
1;512;8048;0xcb4daff32d3ba6c1f6d900e534bf09915d565efbb4bbd0da39f36f68550f5321;0xab97dd986c3a3b80ac461955e51fef0854b881eb2f83a6f361d1e0dcf95fec72;0x2e247dbe;0x2e247dbeL;0.500000;1503130491;1503130491
1;512;8048;0xcb4daff32d3ba6c1f6d900e534bf09915d565efbb4bbd0da39f36f68550f5321;0xab97dd986c3a3b80ac461955e51fef0854b881eb2f83a6f361d1e0dcf95fec72;0x2e247dbe;0x2e247dbeL;0.500000;1503130492;1503130492
1;512;8048;0x6bffb550e74a834549c72aa08b3bf179ebc5025b1061a922418df2467076ebdb;0xe989db7d188ab3c40d7fa8b0e7f5c5fa2042bb7614013540a1ca7b06375ab2f9;0x92860d7b;0x92860d7bL;0.500000;1503130492;1503130493
1;512;8048;0x16b800b921421512d584c82e18b57c0f1d3f232b15d548dcf4324cde951945ab;0x1313bfdf03c2290b4e857f088dc02010cd8aeede79a4f693b5688318a1947f72;0xc3988c1c;0xc3988c1cL;0.500000;1503130493;1503130494
1;512;8048;0x14b145aceea9f374fe348dc3390c7b4a4b7b3b68738d74b258d942d63be4064f;0xdadf9d87c786fd101e44a6db355cb7bf61048c48b0f12b560cbc5e2cdf557a92;0x79661b1e;0x79661b1eL;0.500000;1503130494;1503130495
1;512;8048;0x3eed8ade03ac68fec981ef79ba8bb55f24b78514d2adcee028a70199342b9372;0xa0ae31c43070e61cd2328eebaf991ed86c87720a43bba9c5c42f6b6ac8829664;0xf6fe776c;0xf6fe776cL;0.500000;1503130495;1503130495
1;512;8048;0x3eed8ade03ac68fec981ef79ba8bb55f24b78514d2adcee028a70199342b9372;0xa0ae31c43070e61cd2328eebaf991ed86c87720a43bba9c5c42f6b6ac8829664;0xf6fe776c;0xf6fe776cL;0.500000;1503130496;1503130496
1;512;8048;0x9885e53779c629d08705ca25058027f241676e530292e1d77ba6736c3ee417d6;0xa0038a3cdcbded51670919d34354ce6c40be149c83e183bc54433e9ba39f5cc5;0xb88b58ac;0xb88b58acL;0.500000;1503130496;1503130497
1;512;8048;0xffb8c737955f72ae7fcf0a5ddf8b643f86b830b426a1802561fe620e3702a937;0x587d8f9756a6891abfbc3cad18fcab0cfabf2df452cbf3f2bcf12e70b7c38861;0x83fc2d18;0x83fc2d18L;0.500000;1503130497;1503130498
1;512;8048;0xa0defcb6a9aab219c7499d1ca2b36822bfd094919c2002964bbb3b299b606e3b;0x20d35e1c7908f6e1466f380e35b5ec6f0b14a55117487de8300905f89e27b10f;0x781a9f13;0x781a9f13L;0.500000;1503130498;1503130499
1;512;8048;0xb4b316ff369e7bde5f23305c901acee39dfd0548fb3173fcba9e3f116b439a1f;0xbd87fc2cc2610c28126de9b85a699845971d45261d45cdfcbe3be4ee5069c4e3;0x8047e05e;0x8047e05eL;0.500000;1503130499;1503130499
1;512;8048;0xb4b316ff369e7bde5f23305c901acee39dfd0548fb3173fcba9e3f116b439a1f;0xbd87fc2cc2610c28126de9b85a699845971d45261d45cdfcbe3be4ee5069c4e3;0x8047e05e;0x8047e05eL;0.500000;1503130499;1503130500
