1;512;8048;0x3f8c098bc4af0c66f59adb3b19da3bdbdf456cd093ab0112d16717cb72d6e1b1;0x5843013870ef2055eeed999e3b69ae6bea80efd6e915197c51f06b6661418d20;0x7e3c7f03;0x7e3c7f03L;0.500000;1503121926;1503121927
1;512;8048;0xe024ecec37a3d6e1ce3b256478d67ed5a23e252d884734b785eadc474f41922f;0x8c189da592f0e616670f13b844d9801d6e36fa451963a12864b3b3d37a7268e9;0x0c087994;0xc087994L;0.500000;1503121927;1503121928
1;512;8048;0xc051a9652e48ba7fdb962bf7e395fed48b3d8f8ee984911b482c9eaea78e8f67;0x2523bffbfbce78fb792a7586d00e4a00d4612101995414a3e036cb7d697f80f2;0x745c0351;0x745c0351L;0.500000;1503121928;1503121928
1;512;8048;0xc051a9652e48ba7fdb962bf7e395fed48b3d8f8ee984911b482c9eaea78e8f67;0x2523bffbfbce78fb792a7586d00e4a00d4612101995414a3e036cb7d697f80f2;0x745c0351;0x745c0351L;0.500000;1503121929;1503121929
1;512;8048;0x4cf8eb5dd76913f97446efc0869094298f105244f9b6f2bb1b4bef3bf2bfe03e;0x4ccab47090ad8a851c12e7234c3d8b745ce039247f894f7bcac9e0398cb4f586;0x73ad7d24;0x73ad7d24L;0.500000;1503121929;1503121930
1;512;8048;0x93791bfc6aef567368b0a7a145d418aeeb8281aeaa5a3f34412d0cd5845bfb17;0x3d21b867468d33fc10ba86820b2bf1e217165e0eed2bb91dac6ce09332427c8d;0x94e9217a;0x94e9217aL;0.500000;1503121930;1503121931
1;512;8048;0xeb871c7d36e83f4f483b719c5c8ccfa2b9cd2ab317b9956ef823ebd8b108579c;0x70c00ab044c376943dfc71d1b2ebee71c6d9892eb328b2e143e6f816baab1478;0x726b5eb6;0x726b5eb6L;0.500000;1503121931;1503121932
1;512;8048;0x6cb5df79364aecaef7a82d8556e9d0d2bdf31481660b68f4b408b5202337eb90;0x381c6d99094b297d948872026dab69b3aca84b201ea43e46446d8ed31db26bb6;0x5fa4ce94;0x5fa4ce94L;0.500000;1503121932;1503121932
1;512;8048;0x6cb5df79364aecaef7a82d8556e9d0d2bdf31481660b68f4b408b5202337eb90;0x381c6d99094b297d948872026dab69b3aca84b201ea43e46446d8ed31db26bb6;0x5fa4ce94;0x5fa4ce94L;0.500000;1503121933;1503121933
1;512;8048;0x2877bccf9bcb32af511c98a7d6b0da4a5b2e6dc1cb2da43b60380fdf4ae2ba72;0xc2a063b975863e6c25faac2961388900cc32389619525c8ed92daff6daa6345b;0x8745099c;0x8745099cL;0.500000;1503121933;1503121934
1;512;8048;0xd2143423476e68848f53834a7d2c7b937e6780c87ea0697a16f67fb7e3db5bb5;0x1062f16150dd0d18d7fe311ac5a55fb843acb62a2c7dc9d9283a9a77c367f65b;0xe84e80bf;0xe84e80bfL;0.500000;1503121934;1503121935
1;512;8048;0x6a6e9be74cc458cdd03f6b9ff91d1ed46566655abdefc92af0a938250a188474;0x5eb47e998e087b6de3f70fd31e01daebeb715fa0d2369682bb6233a7cdb92091;0xb19501d0;0xb19501d0L;0.500000;1503121935;1503121936
1;512;8048;0xc24399501e94e19619386c5806cdaa7f1531dbf802dd85ef505e62d76063d022;0x77e51e0dfe54c2d640f3861433d337e0d582246cf2f4b48862d7adac3872f547;0x6db16126;0x6db16126L;0.500000;1503121936;1503121936
1;512;8048;0xc24399501e94e19619386c5806cdaa7f1531dbf802dd85ef505e62d76063d022;0x77e51e0dfe54c2d640f3861433d337e0d582246cf2f4b48862d7adac3872f547;0x6db16126;0x6db16126L;0.500000;1503121937;1503121937
1;512;8048;0x49e70f0b7b252ec50d70bcc14c0f9db7cce35e375211ebf14ebf6447a30772ec;0x956bac1b1e91c5a779ec08ef0fb7caab36864b27a07b6b6afcd77ccd247e106e;0x0a751a6e;0xa751a6eL;0.500000;1503121937;1503121938
1;512;8048;0x177e4d60e61ff26c16205b1599ec59f79fc5832a82b824492a863fc3c1104ed9;0x2be2e2b97af98aed76c83b849dac8b8901561be17a461580ad30efb9b82e05c6;0xfa47ad22;0xfa47ad22L;0.500000;1503121938;1503121939
1;512;8048;0xfa4cdbe4cf4bc660690891c3d6ed75934005123d69974e212be81aee1ea46319;0x85f18c75b574536dc930570aa9581f0ccc7b14bc3cdb5d1300f46f520ecc68b6;0xb75854f6;0xb75854f6L;0.500000;1503121939;1503121940
1;512;8048;0xb135c493b3f131671a0275ba8c0a3dac9d6d1c32eadba9582180c999a4a5f155;0x90e72712ccda5ad5638ad8c6833476efc2995424305ece85927d277cb25366c6;0x609221d5;0x609221d5L;0.500000;1503121940;1503121940
1;512;8048;0xb135c493b3f131671a0275ba8c0a3dac9d6d1c32eadba9582180c999a4a5f155;0x90e72712ccda5ad5638ad8c6833476efc2995424305ece85927d277cb25366c6;0x609221d5;0x609221d5L;0.500000;1503121941;1503121941
1;512;8048;0xaf7bc384cd85b3102a700d790722ee665c84a0a4b730549e2f7325cc8012cc2f;0x3aebedae114b1cecdc082e49ccdf25f7c1930f48ec4420d1044eed0b88409656;0x92b1806d;0x92b1806dL;0.500000;1503121941;1503121942
