1;512;8048;0xdebadeac2c54b21542430dfaa037c9912783bbe7b912d4fd2e8e1edb4ba5cc29;0x3c2436c73c7256b0d16a01ac4faf8a84ff88f5e01d72ab4a265467da7e5e3145;0xd9d826ed;0xd9d826edL;0.500000;1503123218;1503123218
1;512;8048;0xdebadeac2c54b21542430dfaa037c9912783bbe7b912d4fd2e8e1edb4ba5cc29;0x3c2436c73c7256b0d16a01ac4faf8a84ff88f5e01d72ab4a265467da7e5e3145;0xd9d826ed;0xd9d826edL;0.500000;1503123219;1503123219
1;512;8048;0xfba6aa79fcbc7973f05e7d799a59187a729ffd69f09666c8ba808595e4722adf;0x7d38c4084fb29e2312b2be9bf308562ab05ae168117c59194070c91b4540c49e;0x7aeb11d2;0x7aeb11d2L;0.500000;1503123219;1503123220
1;512;8048;0xb86ba38e643a924e38a0856af2d11c8a17959993a9b45f873cc519c5d98b6592;0x80009bafe280a524d9cfd17095ba2757c76cea1a7d955cdabc299f2185b4cb5e;0xe374ab87;0xe374ab87L;0.500000;1503123220;1503123221
1;512;8048;0xab9c497d48afbc28f5bf6dc1076cab2f6c8bd048da6cc7f16cf1ebaa281f2ad3;0xd0e0b2c7719257ce5a30c6439eec379286223fedb770a22fb43119c384f36349;0xd8666f8b;0xd8666f8bL;0.500000;1503123221;1503123221
1;512;8048;0xab9c497d48afbc28f5bf6dc1076cab2f6c8bd048da6cc7f16cf1ebaa281f2ad3;0xd0e0b2c7719257ce5a30c6439eec379286223fedb770a22fb43119c384f36349;0xd8666f8b;0xd8666f8bL;0.500000;1503123222;1503123222
1;512;8048;0x079757aaa9f8b94e0810f08f4e3e7d5fe7040a6baac43bfebe96676411b54f18;0x37c94d57252cc883c3ea21ba32b2aece96e59a0307e142118651a9819dd69a09;0x24363832;0x24363832L;0.500000;1503123222;1503123223
1;512;8048;0x71395b10562cc963125427edda2955fc6c73234547d9cf60c938f375847056f5;0xe6db703e092a177dba3d1815a09663389077a2c5055bfe3a4b8224724d2d66df;0x50adef60;0x50adef60L;0.500000;1503123223;1503123224
1;512;8048;0x5a6e16c28f890ecc215bc4d9e05e96d86f3d6b49b3bcf367ed20e917163c1770;0xee2e28c37ccd70ac0b860e1782d036926d90c932a9edf7c14a6b51813f3f93b0;0xd554fcd4;0xd554fcd4L;0.500000;1503123224;1503123225
1;512;8048;0x60abb80cd0f37c2d5ffdc9f1d4289818774343b6a86da5d5093a916e39da7499;0x2ac83b5cfdf5b3113729450c92e292ed7152cdc16e2b7abaac1ae8072eec36cd;0x720e50c1;0x720e50c1L;0.500000;1503123225;1503123225
1;512;8048;0x60abb80cd0f37c2d5ffdc9f1d4289818774343b6a86da5d5093a916e39da7499;0x2ac83b5cfdf5b3113729450c92e292ed7152cdc16e2b7abaac1ae8072eec36cd;0x720e50c1;0x720e50c1L;0.500000;1503123225;1503123226
1;512;8048;0xa0f3b3dbfa9c8b62dc21023559e00e869b74a6d2b982e902a33242172e3c19ce;0x8bd7659a0870eca676ab84583867caf18883c29b9ce076a87be1a3ed4d3a1d2d;0x08570367;0x8570367L;0.500000;1503123226;1503123227
1;512;8048;0xf30f3784f9a5cb45de52298b1a72489435c41ea9ea2d82b76a5ab93346528339;0x5bd9fdc95f1533b132156e50c80884f72966c439f3b3219fccff3a94c08c4b6b;0xb9b460fc;0xb9b460fcL;0.500000;1503123227;1503123227
1;512;8048;0xf30f3784f9a5cb45de52298b1a72489435c41ea9ea2d82b76a5ab93346528339;0x5bd9fdc95f1533b132156e50c80884f72966c439f3b3219fccff3a94c08c4b6b;0xb9b460fc;0xb9b460fcL;0.500000;1503123228;1503123228
1;512;8048;0x412a8b06cb16b6fc3f84369b06563a072e50e1ea178b17a30aa1c6d8902573d1;0x4df830866c10fb3d17e71c327031f17ae081eaa1a290b199aa991b82c0550bd5;0x40c33457;0x40c33457L;0.500000;1503123228;1503123229
1;512;8048;0x6d42b48e774199b1b925bb3d18d16f0f7b0df594bb28ae12b156ca00fde7926a;0x74e84d081dc7656ed5bf94653ca4d54f713eebb2b5ed9ac2797ae07a06d5b016;0xa3cb6fc3;0xa3cb6fc3L;0.500000;1503123229;1503123230
1;512;8048;0xde4871b25a1b6127c0d9410827fcf5b57596d5612139e81293cde979fec7badc;0xa56f4e2304d76b21bcf04cb7bb0a1e2d62aa14bec568333be82220648561da4b;0xcb60dc7e;0xcb60dc7eL;0.500000;1503123230;1503123230
1;512;8048;0xde4871b25a1b6127c0d9410827fcf5b57596d5612139e81293cde979fec7badc;0xa56f4e2304d76b21bcf04cb7bb0a1e2d62aa14bec568333be82220648561da4b;0xcb60dc7e;0xcb60dc7eL;0.500000;1503123231;1503123231
1;512;8048;0xd15d6088439b23abe7b3487e4c59766ca0496df2f58818c13074e7488f404a60;0xdce6fbe3e03851c72c1f0034f10d3ff0550ac833ff55827f64817c105567ab2c;0x5bce22ca;0x5bce22caL;0.500000;1503123231;1503123232
1;512;8048;0x831077752e5c9d5a1745877230e5e75db0af5845203ce34a49e839ccdb3bbb5f;0xa32af081ddfb503070646113da4fe7b166cce80d7c22169e0e11884144060790;0x44e52402;0x44e52402L;0.500000;1503123232;1503123233
