1;512;8048;0x7a94f000e113e92b36d56aee2319510c737cd5db18a076a9219c5584e2c19a5c;0x7617fc83482ff9968f7c28446303950a3abd8916b45f00c85a42b6af85938fd9;0x5d6620a2;0x5d6620a2L;0.500000;1503108094;1503108095
1;512;8048;0xbf0bad2a01d247b47a0e5fe791d9a996f99321a6967fd64a7e322395134abfd3;0x75cde5d5197ece7d7f6fa52e8964f32da5ff8d673029c882d2722dbd272829dc;0xa981f424;0xa981f424L;0.500000;1503108095;1503108096
1;512;8048;0x9c977e927a190e7473a4ffa149f0fbd0925970ed0165f12ccf6558a4f7823594;0xee4df47fa3722fd8c8826e175bf299d2147c9b7ba19d99e71bb7a889fdff2eb5;0x09a7d8a4;0x9a7d8a4L;0.500000;1503108096;1503108096
1;512;8048;0x9c977e927a190e7473a4ffa149f0fbd0925970ed0165f12ccf6558a4f7823594;0xee4df47fa3722fd8c8826e175bf299d2147c9b7ba19d99e71bb7a889fdff2eb5;0x09a7d8a4;0x9a7d8a4L;0.500000;1503108097;1503108097
1;512;8048;0x370015209e5336b9d691e15a0d64e137d4e4bdda35a75d63b9a9bf23a5c6f4dc;0x7b5e5b101f2deab226c8501ac69d00283d3402627138e3821d8c3ee0317ae6ab;0x046f9c5c;0x46f9c5cL;0.500000;1503108097;1503108098
1;512;8048;0x4c3d14d54ee65ebd2735250f17c0b4f3b568377ea4cb94e1bbfc4a5a620259ae;0x91485e17550323b9d6396c14142ebbb59415485d984d336d364161f80ec9bc0d;0x7ae006d4;0x7ae006d4L;0.500000;1503108098;1503108099
1;512;8048;0x471b8900cf6a7a47d5cfd0bc992623bdf5b9a9faf25267bc9204a21e620e3daa;0x96d8f6104bc01fbd7e58daca7efaf4140d4b23192792d2f22f3006f29a801675;0xa6c1566d;0xa6c1566dL;0.500000;1503108099;1503108100
1;512;8048;0x82065fb035e768234dac449fbdea301c19728d03304b91d55bc24e7d83cc6705;0x70c3d53d4080c98b7c55d7d988fcd1b1d6892948b3ec3b0b858416d03dbf1d24;0x62a9de3f;0x62a9de3fL;0.500000;1503108100;1503108100
1;512;8048;0x82065fb035e768234dac449fbdea301c19728d03304b91d55bc24e7d83cc6705;0x70c3d53d4080c98b7c55d7d988fcd1b1d6892948b3ec3b0b858416d03dbf1d24;0x62a9de3f;0x62a9de3fL;0.500000;1503108100;1503108101
1;512;8048;0x971b0f3ddf9cc6b270ffd6d177dc8dab2c79fdf5d8b4e8dc9b1e861220d9b7b7;0x56ecc67dcc3fb299d04c904a7de1d2cb34458bced63fc7457d3401dc6d5708be;0x70e9352e;0x70e9352eL;0.500000;1503108101;1503108102
1;512;8048;0xeb9783f41d0fb4ca19e6b316aafdbaac8d3b48f0f54d033598945e70b840eda3;0x0aa3d3a96159421ba946d1e98d27bed12edf40a900a926557c8ea46442f328b4;0xb445ef0e;0xb445ef0eL;0.500000;1503108102;1503108103
1;512;8048;0x6dd04ce5a24e8cf584db7fa5fdd8c9ceff140fe512861a453c3bf240bec0202b;0x6082b0133b170c9c671285dde0741891a40653b64081a616ea8071143c32750c;0x78aa0990;0x78aa0990L;0.500000;1503108103;1503108103
1;512;8048;0x6dd04ce5a24e8cf584db7fa5fdd8c9ceff140fe512861a453c3bf240bec0202b;0x6082b0133b170c9c671285dde0741891a40653b64081a616ea8071143c32750c;0x78aa0990;0x78aa0990L;0.500000;1503108103;1503108104
1;512;8048;0xdd101a594a15d5cbe6f69614f873b5f958cc9eb4cd9baabb9b3645643baff019;0x61f4c8a7b323645c6e340abcfc8e86890c49ef3f23fbdf907a89cb154837f2b2;0x3cb32261;0x3cb32261L;0.500000;1503108104;1503108105
1;512;8048;0x900012bab82da9e7334bf4ea3f4b66a505e07d303175f1a86a8bf505cc1eeb5d;0x3eb348ecf76dde52b1a80881987261d0134d6d01621ab88aa19aa8ab3d2fb913;0x252e6de5;0x252e6de5L;0.500000;1503108105;1503108106
1;512;8048;0x55f2b66bea76a8db2d9c32a36c5056db636c6f30e65898dbafbba2b26e31ebc3;0x6232fbaa94ecf1754d74c2b55965192c78492e1d5a502cb2f265af5734692cab;0xe4312cb6;0xe4312cb6L;0.500000;1503108106;1503108106
1;512;8048;0x55f2b66bea76a8db2d9c32a36c5056db636c6f30e65898dbafbba2b26e31ebc3;0x6232fbaa94ecf1754d74c2b55965192c78492e1d5a502cb2f265af5734692cab;0xe4312cb6;0xe4312cb6L;0.500000;1503108106;1503108107
1;512;8048;0x90208d7bcf9270e6204b0564aa7d64f859d2eeca222f51ef110403fdb8b65048;0x386ca14ea297f6a9b64302ea27c1bc5c02db227659e6f214de0a34c40350f96a;0x1df76c82;0x1df76c82L;0.500000;1503108107;1503108108
1;512;8048;0xfaeb623d2ac751605313060e7e32dbfb61295c72f1588b4d3e35bf2d757ebd70;0x78fa6d1e52612435b5be0b02e882ae541f55228e145266c37f7b066fc229fa87;0x3c5e4a23;0x3c5e4a23L;0.500000;1503108108;1503108109
1;512;8048;0x5f48f37598fe2e068b533d47d6082b8755477b0807e770655242415e1f331c7e;0x6f3cace440fb42a244b94661d738f13b488102023c64c19c02b0a325f7cf7948;0x4e745f11;0x4e745f11L;0.500000;1503108109;1503108109
