1;512;8048;0x404b3698eb6d8eeab99424f26a9589d61db44c3c1f90bdabe8b7718899b175d9;0x1a61aa2eaf03b72d6038495869b0b44034c99ccf5690351da891746c4ff62705;0xf10ca3a4;0xf10ca3a4L;0.500000;1503125219;1503125220
1;512;8048;0x24d8a8322f9aa29652cdb95fe88a19df4d5e6dfe1b34681de0358d8163b11d87;0x8d9e70d74cab1f44db542aed3b2b47d000fae65dbe63e917d7c404d01c04450a;0xf8c62f7c;0xf8c62f7cL;0.500000;1503125220;1503125221
1;512;8048;0x910c150c5778bd08f3c70df5a2aacac03c66bb7b1067b160b93ad49152c168e3;0x98cc74f0bd4ded35debc76b01834afac2162b9f563b18130bc8dc5ee23acb0b7;0x7f6201a9;0x7f6201a9L;0.500000;1503125221;1503125222
1;512;8048;0x6bd61aae3b23d91983fe8df38f7e1c8e9f9cf5d6357803ddf79caee94c3c3eb7;0xe971323b995a839a07f4f7f818a11089a81f023bd0fd36e9ea99350e80fbe11c;0x2c77aa1d;0x2c77aa1dL;0.500000;1503125222;1503125223
1;512;8048;0x148d2ac29717db0946d45de1e83e6dff2488236a453c3a8161a01a288a1eaf9e;0xd6e7174bd3e66b8a092e43b4d31d67e333d627e3dd8fd1a0e15e47c3a9c78560;0x599aca5a;0x599aca5aL;0.500000;1503125223;1503125223
1;512;8048;0x148d2ac29717db0946d45de1e83e6dff2488236a453c3a8161a01a288a1eaf9e;0xd6e7174bd3e66b8a092e43b4d31d67e333d627e3dd8fd1a0e15e47c3a9c78560;0x599aca5a;0x599aca5aL;0.500000;1503125223;1503125224
1;512;8048;0xe05ef7e9afbd87135f14ae21ef169967fa7b4445bd72419357297a6cd71044b8;0x1745e6dbf7b2db12f84c0f0fde6dae7f55d800d44f6a49dcf32c3505f3200fbe;0xc4f42654;0xc4f42654L;0.500000;1503125224;1503125225
1;512;8048;0x5161914492ee37cea9eb45d5d353ae86283b1b038033f06cf7199635d5238c26;0x5d6d17ef208ecdaa181852d5593563136a68bf7217764b62af6e89d9d71ebb28;0xb4ca4d8a;0xb4ca4d8aL;0.500000;1503125225;1503125226
1;512;8048;0x3b4625e66204190221f6710e649eaa41ee019434411d7087bce950ef0a81b145;0x7c40618ad77d26088ec12220cb50fb481f3bd03f1752a97ea1af4246fc18e009;0x5cb0a9d4;0x5cb0a9d4L;0.500000;1503125226;1503125226
1;512;8048;0x3b4625e66204190221f6710e649eaa41ee019434411d7087bce950ef0a81b145;0x7c40618ad77d26088ec12220cb50fb481f3bd03f1752a97ea1af4246fc18e009;0x5cb0a9d4;0x5cb0a9d4L;0.500000;1503125227;1503125227
1;512;8048;0xe3562614e67eb8cea37491118c053576311ddcb0bf7510089734db6d759ce258;0x66ff65ab969addc0a1d476824043416db2d70867d0534b88811ec32c302a39f0;0xfdc969a9;0xfdc969a9L;0.500000;1503125227;1503125228
1;512;8048;0x5c0e87c126d86b3aa63d2317b20b09a4333960276cd5ad3bc80274d0752809d1;0x5fb00156ebce8f90d3cb994ce8bcdc4532235cac1afee2ac36f6cc12ed06f2bf;0x7b688215;0x7b688215L;0.500000;1503125228;1503125229
1;512;8048;0xa5e1474c13b141645d7f9a3289a3e6b59bb3650f5e90ca13af2a1ac97392fc18;0xd6463938fd1bbbf3d1850b57c51922ec0e8245e7aae3ec5d05d61da5cfb323de;0x800cda93;0x800cda93L;0.500000;1503125229;1503125230
1;512;8048;0x6ed5025a5c446b7f750e3394f517607b8af60711d56878f666567d50f3ac3262;0x1ac6cfd95090e0d7d9c55a4bf1e1c8d8195dac1174e89902aed981e98e05f118;0xefe90021;0xefe90021L;0.500000;1503125230;1503125230
1;512;8048;0x6ed5025a5c446b7f750e3394f517607b8af60711d56878f666567d50f3ac3262;0x1ac6cfd95090e0d7d9c55a4bf1e1c8d8195dac1174e89902aed981e98e05f118;0xefe90021;0xefe90021L;0.500000;1503125230;1503125231
1;512;8048;0xd300831fee2217d39a0ebf5911b6bd6f51726afc2b84880473bcb46180b90753;0x49a4126d524d989391821c2500ff4dcb983c3bbb0cd0c645591d42a29dfde4b4;0xb0a780f2;0xb0a780f2L;0.500000;1503125231;1503125232
1;512;8048;0xe40463d9081c9f515f9eda1ba48dd2c74a937523b69b6f60ce091bd6a4c92989;0x5c06202b5279bbaede395ea415ca04c00de7a166f55c87d72a0c89a8c7b8ca04;0x78b614e1;0x78b614e1L;0.500000;1503125232;1503125233
1;512;8048;0x5c1e0423a431143e63653c354724fe05117bff246cfb1dc5eb7935aedb939537;0xdde8379ea8e1ffd9ae467680bb0f9182c67b174d26a019aa90dbdedcc095747a;0xfceb0386;0xfceb0386L;0.500000;1503125233;1503125233
1;512;8048;0x5c1e0423a431143e63653c354724fe05117bff246cfb1dc5eb7935aedb939537;0xdde8379ea8e1ffd9ae467680bb0f9182c67b174d26a019aa90dbdedcc095747a;0xfceb0386;0xfceb0386L;0.500000;1503125234;1503125234
1;512;8048;0x3a94a4d4814aec3c65481b84aeab4b3f69b1d760049a9649ce06fea31424f04e;0xd7bc973c74e57711cbf3fd72151aea2d6ef43aaf08f6f66d0c55397ab0955849;0x8e601538;0x8e601538L;0.500000;1503125234;1503125235
