1;512;8048;0x99e730af0c2e33f2f57eaedcab8168bd961021c6f6ee127e57f126a985262f1e;0xcacdaa2ae826d27f428cf062f46910c3d612ee58aa2ab77264bb535aaf3614f8;0x35a1a171;0x35a1a171L;0.500000;1503119931;1503119931
1;512;8048;0x99e730af0c2e33f2f57eaedcab8168bd961021c6f6ee127e57f126a985262f1e;0xcacdaa2ae826d27f428cf062f46910c3d612ee58aa2ab77264bb535aaf3614f8;0x35a1a171;0x35a1a171L;0.500000;1503119932;1503119932
1;512;8048;0x8e68133128d3bb0f3a0b1977a58fb34be5a95c3d61da136d8fa0f1713e79cacc;0x69673ae408bf470af2055f8cd7bd118ee4c53156bbfb950a0167d7c652ef9896;0x4b34c6c1;0x4b34c6c1L;0.500000;1503119932;1503119933
1;512;8048;0xd4a3f6fb65f1dae2438de01a201f932a45c23e606cfc640f79a3c5a9b967c28d;0xe73ab07a479c02d42b54f6765a81c56ac07c19e2c916fe68cc6bb449c954f814;0x614bf299;0x614bf299L;0.500000;1503119933;1503119934
1;512;8048;0x4094b87e14fdd96394c9d93c9dc85cbc5d3372d5ddbfeb41f4c50ec7edb80e2d;0x6c74dc0200bb82f2962434023292ee31b492bb9a40268c6cc6f565d4d58793c3;0xab52a58a;0xab52a58aL;0.500000;1503119934;1503119935
1;512;8048;0xddb6550e0904c70c66849d96915181bf50d62e013bea238bdffa2c6a47167925;0x37ad1347903e9c98ffb1aedfbeeb4e564e169f6286e655b8a5ea27aaadd50af7;0x068b99c0;0x68b99c0L;0.500000;1503119935;1503119935
1;512;8048;0xddb6550e0904c70c66849d96915181bf50d62e013bea238bdffa2c6a47167925;0x37ad1347903e9c98ffb1aedfbeeb4e564e169f6286e655b8a5ea27aaadd50af7;0x068b99c0;0x68b99c0L;0.500000;1503119936;1503119936
1;512;8048;0xb781d6e1ddb474da65359522d27f515f617ef9a13d58e5c6c19f6237c27fe27a;0xe36845b3572d69b5de041003ea2d0c0278b927c5da6e6d729f5858e0ea245c28;0xbdf51a27;0xbdf51a27L;0.500000;1503119936;1503119937
1;512;8048;0xe31ccc4ffa83d82b5cf572cb83966ff57538fd093f827906cd60463625360908;0xe50e982abf8dd767537092168f97b9106af4992b1dde412f18e6dac5386bfdb2;0x86568a7b;0x86568a7bL;0.500000;1503119937;1503119938
1;512;8048;0x0b1667d16ed7640daa69aee7bdae72a12b382ce038263ed2f306439bc3d56fce;0xaaad515d62a2b7aa8b4d479487d22aa51e7c8559c914df60e7643d57168fd468;0x33475250;0x33475250L;0.500000;1503119938;1503119939
1;512;8048;0x64e00ee8203c4f7358c0cd1361826ac07933a29a0a2386f42712345d2f3db894;0x987bee88e9d10e00fafa37eca05b6b3959f4577683a22589388d9ced04ac2180;0x3667339c;0x3667339cL;0.500000;1503119939;1503119939
1;512;8048;0x64e00ee8203c4f7358c0cd1361826ac07933a29a0a2386f42712345d2f3db894;0x987bee88e9d10e00fafa37eca05b6b3959f4577683a22589388d9ced04ac2180;0x3667339c;0x3667339cL;0.500000;1503119940;1503119940
1;512;8048;0x82bb25a0b8eb8823f39dfae9dd611d04467ec95b3ec31194fd4034b011a85893;0xbdac9c5cacc54688bcd360e5ff2565761d42931a8e5c65fafbc56ba4ac3a347b;0x8808fce1;0x8808fce1L;0.500000;1503119940;1503119941
1;512;8048;0xfba801428794f0d72378e900a60568ae655cbe23dba4300f46ef7f032ae52025;0x9c29848811da25bc531d2ee6796d100e9a47aa4c3fe9ae04cc974d8f1be6731d;0x1572024d;0x1572024dL;0.500000;1503119941;1503119942
1;512;8048;0x5322bc22e60f16c1d8327383be271a812442e7154cd60c6476a879804dd6dfa0;0xafb31273be3c3abb8fe52477af6aedb134d760c4363f5b2d92c9e3690c85ec52;0x6915848c;0x6915848cL;0.500000;1503119942;1503119943
1;512;8048;0x4c82f7715917a25da0050d55f8deab3d18c43ab2ded711ca6999927354d729a0;0x2c78ffd8dec65e463f4e289182bd01c4630285c2214bdf2ea4b7c8cf306f9780;0x49341f9d;0x49341f9dL;0.500000;1503119943;1503119943
1;512;8048;0x4c82f7715917a25da0050d55f8deab3d18c43ab2ded711ca6999927354d729a0;0x2c78ffd8dec65e463f4e289182bd01c4630285c2214bdf2ea4b7c8cf306f9780;0x49341f9d;0x49341f9dL;0.500000;1503119944;1503119944
1;512;8048;0xa510372d9d5403bda71bf78fd0f024480b549f95d4bf898b217924f263d48109;0x3335a7934c61d78878e446cc9bc46906fa40db765e4bed6663acbab39df23f76;0xd1c54900;0xd1c54900L;0.500000;1503119944;1503119945
1;512;8048;0x72acaea6e47c22e47d0679efde35daf01334308d68a5da91353effdc64b33ed6;0x133a47551098e5310a568060b98945488bcdbff46d36ab334be7d38627acaabe;0x7dbf7a95;0x7dbf7a95L;0.500000;1503119945;1503119946
1;512;8048;0x8824b2cbf823dfa1c096ba78fd8b14b17146a62d232608d5397200f5c8782750;0x622e7d42fbd48af84fff843e3f08dce94aaf2d88ba974a327258d1d284a006c4;0xc9b73c24;0xc9b73c24L;0.500000;1503119946;1503119947
