1;512;8048;0xc8c32d1b5ebce501575a61ffec626007bb231c0860921fde79d4eb6656f7321e;0x04bcd542add0a308d8b6312fecf76a4369062541714e8dbdd67d61d5b9592ef3;0x21fe3d05;0x21fe3d05L;0.500000;1503124567;1503124568
1;512;8048;0x0c12d810b9d7eb13d9c65bd84ad6a9b47c84aba8ea235b6d2b731b392e8aeb3a;0x79a563b86a3ee3c76ad05fdc490245055ca78c326b40d41339c2b1d3fdb3ae9e;0xc67da7f8;0xc67da7f8L;0.500000;1503124568;1503124568
1;512;8048;0x0c12d810b9d7eb13d9c65bd84ad6a9b47c84aba8ea235b6d2b731b392e8aeb3a;0x79a563b86a3ee3c76ad05fdc490245055ca78c326b40d41339c2b1d3fdb3ae9e;0xc67da7f8;0xc67da7f8L;0.500000;1503124569;1503124569
1;512;8048;0xa05393ce027b28d2522dd14679f54ca25638668d8ae47cb5dd141f6683546624;0xbfa14f9387461881f9d23afe8deed1bcbcb529ef5a9a222b82625f68cd3e6228;0x042cbdc7;0x42cbdc7L;0.500000;1503124569;1503124570
1;512;8048;0x07fc8681af93471281b8006633eacd6ac37a398405b7b258f06f03354453d34b;0xde25af6af23fe0352628fae6c5328ee02d4d1c22a86ceafa5eaeb0cfe0d376d5;0x48cadc21;0x48cadc21L;0.500000;1503124570;1503124571
1;512;8048;0x8cfe7647908219758fb01c48b8e7537f42122b1f9782e0e78b74d7a9c6b7f352;0xf1af52c7b1d6227d3680d050c4b43552b3d518d0577be1c071825e2003b1a1a5;0x4be45eb6;0x4be45eb6L;0.500000;1503124571;1503124571
1;512;8048;0x8cfe7647908219758fb01c48b8e7537f42122b1f9782e0e78b74d7a9c6b7f352;0xf1af52c7b1d6227d3680d050c4b43552b3d518d0577be1c071825e2003b1a1a5;0x4be45eb6;0x4be45eb6L;0.500000;1503124572;1503124572
1;512;8048;0x89e4f93b9c8768f1d7a6bdf7c5de48afa1aaf60cb911bc291ea53c411c6f40a5;0xe2121081f098a9cc8cd362819bfc00ea4c8c1d65c22ea45234677ebdfa5268c6;0x2ce11286;0x2ce11286L;0.500000;1503124572;1503124573
1;512;8048;0x04c8a7d30b964292f1a12576299de64b77a9e97308eca8b7b392e44169d7906d;0x31a376479d3a85e4fa7da4a0383cf0af275f7693f4012f8def31f12ddd976cae;0x3d86239a;0x3d86239aL;0.500000;1503124573;1503124574
1;512;8048;0x929d335f08470d08bf66efdce6467bd10bde52e9968cd8014d054668db96406d;0x40251c75ee87904d036c1afb6d4da89e3d8b7a1a2894681c080b95d2b1005173;0x0a18007c;0xa18007cL;0.500000;1503124574;1503124575
0;512;8048;0xbb72c1bbd3d23173061361f91f1cb1d7aa3afe1312bf1db5bc6a2f808f81774a;0x84437fc0b65e38b95eb1ac4ebc1b1dfe44692f9f9a1948fe9d2ff8f2de6b3e5b;0x74742d2a;0x308f4b28L;0.500000;1503124575;1503124575
0;512;8048;0xbb72c1bbd3d23173061361f91f1cb1d7aa3afe1312bf1db5bc6a2f808f81774a;0x84437fc0b65e38b95eb1ac4ebc1b1dfe44692f9f9a1948fe9d2ff8f2de6b3e5b;0x74742d2a;0x308f4b28L;0.500000;1503124575;1503124576
1;512;8048;0xb27538cf83da2cc7d79bbf6ad9a850ec151c7fc4a79db75bc95d21c6046da6b7;0x237418669ae7998fd80a96b53daf88b60bab029d2dfc7eac57dd8983f9f0e9d6;0x8c863ceb;0x8c863cebL;0.500000;1503124576;1503124577
1;512;8048;0x870ba0c68134badad4ff5814ded59c7c98faa6472b05505acfa29e0be159f868;0xa577605145fd29d72b7ab1255608d913eb5faea210f65cb46d1b0363f80fd1ca;0x2f17537d;0x2f17537dL;0.500000;1503124577;1503124578
1;512;8048;0xfe0145d3f998381193bc9765185e1e5e1364b8739a2b35279aa6ce7ad50636d3;0x71c318c2f1f30b242ee8054623e5d82c98f324fd017262c06713f4be28051a82;0xe244e717;0xe244e717L;0.500000;1503124578;1503124578
1;512;8048;0xfe0145d3f998381193bc9765185e1e5e1364b8739a2b35279aa6ce7ad50636d3;0x71c318c2f1f30b242ee8054623e5d82c98f324fd017262c06713f4be28051a82;0xe244e717;0xe244e717L;0.500000;1503124579;1503124579
1;512;8048;0xbe9d515ca8513d07542d41c50e9abc85c7a0a6b96ad622931f212d65726b8030;0x38b1c56ab3dea3bc6084debc215c3c976ea4a657d2cf1b69fd1686a323260a4f;0xfe4aaa82;0xfe4aaa82L;0.500000;1503124579;1503124580
1;512;8048;0xa4dab01e5256a4127e27cb0d3aab3e0409338207ad4a8f94a226bfb4e4f05b88;0x6451b182f4c247895174338aa69d09ccab0d5e5b5b43321843270da20712f9d0;0xb836b627;0xb836b627L;0.500000;1503124580;1503124581
1;512;8048;0x3600893388d846776487f4e1b48fd6f5e6d64b2880610f60b6d2860d3e835975;0x83bf1e1b66dad9c0fff1a4e854afb9eb0c93cc92087536a8fe6ab17335dbd618;0x0674cfde;0x674cfdeL;0.500000;1503124581;1503124581
1;512;8048;0x3600893388d846776487f4e1b48fd6f5e6d64b2880610f60b6d2860d3e835975;0x83bf1e1b66dad9c0fff1a4e854afb9eb0c93cc92087536a8fe6ab17335dbd618;0x0674cfde;0x674cfdeL;0.500000;1503124582;1503124582
