1;512;8048;0xb6d593876f6ec9e4e552e9f16a941d4d6e315998d84bc45aef792e304f0cbf05;0x561358d964a46d91cfd6d97ded3ee12b4cf519078242a16dfa2eba61ef0d59ad;0x2b38f60b;0x2b38f60bL;0.500000;1503119273;1503119273
1;512;8048;0x54aa0f577557a659392fdeff6443d53bca0a213a04bf9a89f288d7d158d705ac;0xb7e7c483f330bdca932e8c9e4dc57f5cec65f6e493d76d7a2f9ab8ab7d118d33;0xc1529249;0xc1529249L;0.500000;1503119273;1503119274
1;512;8048;0xd262c748e2b0d70b22034fcb224cedcab1da622aa2bc661fa998c009402fb012;0xf0804d4f2b82ab1874df4b80123ee30f055637b407afe6db8362d57a88c7d02b;0xe0070eb7;0xe0070eb7L;0.500000;1503119274;1503119275
1;512;8048;0xd55bd76b5362a0d644dccab615036ea7a39e74c95170560f5930e0e1c48d7699;0x39744ff4f51d1028b203451dccd63489f0b8b365ebe093df0832f735e4bb077e;0xb70d558e;0xb70d558eL;0.500000;1503119275;1503119276
1;512;8048;0x3ab3237b4eb435e3c35fb452055afd21a2806e2f1745a83ca181c1d5d5ee950f;0x0a7cc57d53dd7d8cf205ebc42a4df2575cd20e1917011e0b9c15fb14f61a823a;0x9c0a8fb6;0x9c0a8fb6L;0.500000;1503119276;1503119276
1;512;8048;0x3ab3237b4eb435e3c35fb452055afd21a2806e2f1745a83ca181c1d5d5ee950f;0x0a7cc57d53dd7d8cf205ebc42a4df2575cd20e1917011e0b9c15fb14f61a823a;0x9c0a8fb6;0x9c0a8fb6L;0.500000;1503119277;1503119277
1;512;8048;0xbb7ac300bfaa8ad71c75ef1d05e5750f60e0ed752b0f4a9ca4fee8050681f4c1;0x43698c42d27551c3449b0b0868f034b242b21db9115f9bd14bf5ac9010748a41;0x6782b5fe;0x6782b5feL;0.500000;1503119277;1503119278
1;512;8048;0x45ff85b772d4d934973fcb4c68905e6df5821836bdc3ec469bc63b4a7317acb9;0xa646dbb55ff2f45a0b3fec32e785db0699100ff6fa10f8f676228c615d6ecc65;0x4adc1e66;0x4adc1e66L;0.500000;1503119278;1503119279
1;512;8048;0x620fca53372137edc1ee2154140805cf54ce0c55239efb1867b74dbee4603c46;0xd989cc50ccbe664b27a8abcc87b66ab747862d400b52627ca62c94005243fafa;0xa1f92325;0xa1f92325L;0.500000;1503119279;1503119279
1;512;8048;0xd6030b917f3226c773be6c8889466436335dcc6f86da4d5f1ce333cab200b188;0x9c2677402da4a2647b1f485f3cc6916194eb7287eab55906d1e900a21e04949d;0x5d4887c9;0x5d4887c9L;0.500000;1503119280;1503119280
1;512;8048;0xd6030b917f3226c773be6c8889466436335dcc6f86da4d5f1ce333cab200b188;0x9c2677402da4a2647b1f485f3cc6916194eb7287eab55906d1e900a21e04949d;0x5d4887c9;0x5d4887c9L;0.500000;1503119280;1503119281
1;512;8048;0x6621ad0f05024bb3cbc8cf4d758013a293a29ade9d43380608ac8553bd22ea23;0x1d60ca6cab24a24efb6d6f3981323f9e07ffaf86dd572f2e859d94284b31c2e4;0x2a1bf3f2;0x2a1bf3f2L;0.500000;1503119281;1503119282
1;512;8048;0x97e7ecfb1ec56137034683e42ad15c69d5312b14829ead28bc360bd8fadf7691;0xcfda372862ceb919f847ab5b185513a8daec77418fb372fc16b58b8bf5ac836a;0x6053fa8a;0x6053fa8aL;0.500000;1503119282;1503119283
1;512;8048;0x5904fac586d6444acf139559244afa562332d612439caf4aa649d2a1014f355b;0x01eaaef29a603086eb8e2dd7042422f5b511f0f67f32b009cc66d69f88214a78;0x951ccec0;0x951ccec0L;0.500000;1503119283;1503119283
1;512;8048;0x5904fac586d6444acf139559244afa562332d612439caf4aa649d2a1014f355b;0x01eaaef29a603086eb8e2dd7042422f5b511f0f67f32b009cc66d69f88214a78;0x951ccec0;0x951ccec0L;0.500000;1503119283;1503119284
1;512;8048;0xaad04ec90661f21357ef2e734f2a32999177383e0cb5b709fddbc95c14768fbf;0xaca21d2ab42899d2294a6e6d5f98ff0e0dce0027846dd7c9fa18a0e3f9635ae2;0xb220bd81;0xb220bd81L;0.500000;1503119284;1503119285
1;512;8048;0x034809913b4bb03851416c8d93333c3990d6b74eb723d3033c87e46c308be933;0x4b988bd1d1f2d4f7f1367621b47117aebdd2c36077f223390a8db24857e52808;0xd9cfcbd3;0xd9cfcbd3L;0.500000;1503119285;1503119286
1;512;8048;0x28d4cd716be855c87fa4004d242a7b0f688a0b0325763dede2ebc17d533f427c;0xd318f2b01e65bdb6a93dff9dec4923e0c464e97e7409bbbac7c37ae086f78ee7;0xf7c31a93;0xf7c31a93L;0.500000;1503119286;1503119286
1;512;8048;0x28d4cd716be855c87fa4004d242a7b0f688a0b0325763dede2ebc17d533f427c;0xd318f2b01e65bdb6a93dff9dec4923e0c464e97e7409bbbac7c37ae086f78ee7;0xf7c31a93;0xf7c31a93L;0.500000;1503119287;1503119287
1;512;8048;0x22d615e8b4a8c8c6089d5e658bd9e9d28a6fca4978c0d5fc195eb4fce0a74402;0xbe4731c9e49e82af34b3c7e33508a35f3caa31c4264c86ce4da6a15407ad7051;0x2cb2005c;0x2cb2005cL;0.500000;1503119287;1503119288
