1;512;8048;0xcfbe73ffbec2982f52b73dccc47f0375f64cd5646625277aa8efc769076a93d7;0xd0cede614ad595d9b18f5ea5d4bd1842d1f19bc4c9e1a6519a25aa10321fcbbb;0xd39fb7d7;0xd39fb7d7L;0.500000;1503087358;1503087359
1;512;8048;0x290a4418bef1d4a433726682982b96f75cf5af6ed8fd1fb5625ff94f1f466048;0x02ba140f0568c56abb5d7bf31e33d4e4f08e8e4298d870474b0d6b017a7a7ace;0xdd691639;0xdd691639L;0.500000;1503087359;1503087360
1;512;8048;0xca691893f7a972f29b5c409ca92bca01547ce011cad6cb43b37eb6e338be3902;0x625fe2082beda5c1705f64f06c537b21691962ff05306be6767b8cdacd349b1d;0x5629f2ae;0x5629f2aeL;0.500000;1503087360;1503087361
1;512;8048;0x7b8cffe5194970405cfacd83eae02f0322808223dd4cdb339a40fc5ecdc0cb48;0xc4818fb888d6ad9eab065e84fa26f4f5019532a24d6d7e360283bf492452919d;0x80c3b80c;0x80c3b80cL;0.500000;1503087361;1503087362
1;512;8048;0x00cc418d35e0839bbfe8841d239e538ac6f547c30c5ab76aa4f6fbe8b07d19b0;0xa130a7b377cb3c5245d49b2f92c2d7fe9f2749aa432973e201f7eb01b8319f9e;0x0b395f59;0xb395f59L;0.500000;1503087362;1503087363
1;512;8048;0x3e02682b9b2808be42732baac882d245799c0eec523ad2c9e485182231e04d70;0xd907757e8e45383cf31d2609a64e3e6eeac60427ecd420df56b04d342644a8a2;0xde177476;0xde177476L;0.500000;1503087363;1503087364
1;512;8048;0xd5fc178822dbb3cf3921c3cf0283b730e1dcb6735c3cc91e220bf7e7d7746eac;0xc1df550ca904fb17b6f4e1e5a608812db7905ea7959e2bfccd0d93280b064a1c;0xad35e60a;0xad35e60aL;0.500000;1503087364;1503087365
1;512;8048;0xbea21f6803c6673d359ae7cc179996e3406dfd702e47cb378d5be2bfd8867d96;0xeeb1ac6cc024ee8362f6ca84ad565a37020d132d6fbacef36b6fcef5c088f026;0x459fd21e;0x459fd21eL;0.500000;1503087365;1503087366
1;512;8048;0x5d246f9bc8beb7e4f546ce1db0860742b550b26281d498069e856c324be5eea8;0x310ccdc8824d8bb3a03e599748ce7080120276cdc99cb2d8d0a994c55f25793d;0x4f2a8ab9;0x4f2a8ab9L;0.500000;1503087366;1503087367
1;512;8048;0x96b8a7d19c93cc40dbd3972764d576059728315de8e5863f02abbb86e2db1178;0xee04fc1e5c46045c3f8e03219488ba5cdcd4f97f120f748fbc2519665d0f4138;0x8ab35773;0x8ab35773L;0.500000;1503087367;1503087368
1;512;8048;0x2033dae288f47b20e618e580fa6f41c2e422ad58489183bda1015a8ea47315c5;0x7ddf3ccfc1a7ecec4d0bc5ef639c37adaca5fc0b73c4423430347b0a1d519807;0x8da91138;0x8da91138L;0.500000;1503087368;1503087369
1;512;8048;0xf347589c7230c7e292a4cb96a78aac0c36949a57a7345496b3550dee63ebbe56;0x2ee4f6ef507fea08cbcacab1304d209b5d3f3b37a883b16e7530b9d35a386776;0xe8c90999;0xe8c90999L;0.500000;1503087369;1503087370
1;512;8048;0x947ed8f66419f28b61a09d047efa5abffd62268f78eee47da9ca418811689ea5;0x97ee7e4e4233c310a44a303a78aab0dbaba84a15eda69f521071f3ca6c159e2f;0x28d06895;0x28d06895L;0.500000;1503087370;1503087371
1;512;8048;0x40147cc66a5c16d6e67c70e9ba28258cf4476514818743e878547e426e2822ae;0x29f7b3331c4884dfe954cf1fb27cbdd46d45d466931c5bb23e9d0bf931088011;0x3ec19841;0x3ec19841L;0.500000;1503087371;1503087372
1;512;8048;0x165168efbfc4bddacfa18314e9a7d1bbb84ced9c51935aad28c85790311ab747;0x52e3fe8b4ade4df49dd2ca2376af9069d28853d5e337f48a11b314a054359e7d;0xc3ccbd61;0xc3ccbd61L;0.500000;1503087372;1503087373
1;512;8048;0x0523f39419d730a339d15ae2e09a548110525c39b76505aed0637ffef549c1fa;0xb4c3f580decf83732ec615baaefb6de1e73beebf5df179bfc856e317aeb34be6;0xf44a3c71;0xf44a3c71L;0.500000;1503087373;1503087374
1;512;8048;0xdf8cb82ca23dacc047d377c9aa3c9539a220686229c70bcf2d39bd288a422c69;0x64d4e9a7f6dc817114b1146498dc2fa67ff236784dc991a6b9df73217a5cc438;0x629f4f91;0x629f4f91L;0.500000;1503087374;1503087375
1;512;8048;0x17078a7e801c7b426e8f3af5b9928b17ad73b0ff25f26d652dbbb9be87459a9f;0xf7ffcf977f93740013878779b282bbe08a91b3cd6a29d0f98b581c546f737181;0xc48a302e;0xc48a302eL;0.500000;1503087375;1503087376
1;512;8048;0x2c488f3c2a768d5bab434e9ad164d3520752952a53f953f6c6c861b1520dc57f;0x47dcbac7f13fd4accb109a7bff5e496d5977bb20288f96adfae99772c8d3764c;0x14a09c8d;0x14a09c8dL;0.500000;1503087376;1503087376
1;512;8048;0x2c488f3c2a768d5bab434e9ad164d3520752952a53f953f6c6c861b1520dc57f;0x47dcbac7f13fd4accb109a7bff5e496d5977bb20288f96adfae99772c8d3764c;0x14a09c8d;0x14a09c8dL;0.500000;1503087377;1503087377
