1;512;8048;0x0985d52858674ce97b405dbe268323f57dae28f7b8777429a9bd36ac4d6c5257;0xfcd1b3cf38dd6f4ccc23ebea8589f60f33b81f238892c09da3c6cf95d392206d;0x4b9a1780;0x4b9a1780L;0.500000;1503098867;1503098868
1;512;8048;0x92fda7925e70b91ce5719d7445f2c71c2e7305265e64593c03f0efc2a4b30636;0xe919e985f962d09cb10da28d6a3f6c1cfb283abbb3bc3ffa671ec21e279e6f27;0x4df6318d;0x4df6318dL;0.500000;1503098868;1503098869
1;512;8048;0x1035e3aacc56a167740e448b9115b79169036ff9f101e9e31aeb76e7a0fcd4b0;0xc4574bd04cdcb640811963ecc8e65b70d4facf939771e5b2e5f3d241cfeb9317;0x8836560e;0x8836560eL;0.500000;1503098869;1503098870
1;512;8048;0x4c3297488241563259f88f7a8f79f2fc3615861cc8ef38254f7ddf5c730a96bf;0x1d207d8c54b7bb3620ad513c87f4ab9e3dcc9acf40583dd3ebf02d0af8a0ab37;0x810104f8;0x810104f8L;0.500000;1503098870;1503098870
1;512;8048;0x4c3297488241563259f88f7a8f79f2fc3615861cc8ef38254f7ddf5c730a96bf;0x1d207d8c54b7bb3620ad513c87f4ab9e3dcc9acf40583dd3ebf02d0af8a0ab37;0x810104f8;0x810104f8L;0.500000;1503098871;1503098871
1;512;8048;0x2bdc329596d848a0d7032249827b3ba59646d051ddd0cc2d8e412df0629e1c8d;0x084d6087d864c7d840f54865f5d932255a2a9ce72e0a595e523595cf2b0b06b5;0x8c81ec28;0x8c81ec28L;0.500000;1503098871;1503098872
1;512;8048;0xf9106fc2926c63cd8307cbd3daa2ac8ef508512b185825c1e4f2f676f9d556f2;0x50aa3725b411c3917ae6d53dd51491e5769ddf9ff8cfd0dffee76f3e8ec74d19;0x8b1cd8ee;0x8b1cd8eeL;0.500000;1503098872;1503098873
1;512;8048;0xd17ba3edbb8f4ff785232e5a4698f2460396122bfa4ad84773db046ecabd089c;0xd86b579873422ac9a24c8cde29293f58f2fdc1e3af168bd02a35de0ca9335b52;0x632783fc;0x632783fcL;0.500000;1503098873;1503098874
1;512;8048;0xee489a05a56482165624e05027cea392dd40243f7503f2b5e8db517907d5f0f5;0x9a73422037040f5b59107c1fbc317c2e57a01a407f7985decd4307cda169ee24;0x5cb077ca;0x5cb077caL;0.500000;1503098874;1503098874
1;512;8048;0xee489a05a56482165624e05027cea392dd40243f7503f2b5e8db517907d5f0f5;0x9a73422037040f5b59107c1fbc317c2e57a01a407f7985decd4307cda169ee24;0x5cb077ca;0x5cb077caL;0.500000;1503098875;1503098875
1;512;8048;0x36787b188b436b3459cdf38dfc4bf94b7145b779999bdbf56a8776765a24df91;0x4b3c3831dd271f4c8f454402540e5aa6d118a49f5b1cf0e6c920742d6b0086cb;0x67afb577;0x67afb577L;0.500000;1503098875;1503098876
1;512;8048;0x58a263bd3c7fba641d54e5fbbdc7505ffbd55f8b3d40137907492e3aa37509fb;0xd4dd5961fbfedf891b6ee11d0a10bd0bb533e8162f66bbd076190f5414bc266c;0x806767db;0x806767dbL;0.500000;1503098876;1503098877
1;512;8048;0xe1961fe94fe9253cef564f49ad9229bbfbeb3e70f8224e1f6f767292f86ddfda;0x6292a94e485c0259fcb795d44b68372cd0549f4d4a87e2aaa2c845d52b8a3954;0xc556298a;0xc556298aL;0.500000;1503098877;1503098877
1;512;8048;0xe1961fe94fe9253cef564f49ad9229bbfbeb3e70f8224e1f6f767292f86ddfda;0x6292a94e485c0259fcb795d44b68372cd0549f4d4a87e2aaa2c845d52b8a3954;0xc556298a;0xc556298aL;0.500000;1503098878;1503098878
1;512;8048;0x7b3a37c52374ccc7143ddd9db95f36456f720914bb7bc7f1ebf43d38acbb0627;0x58d0e73c23a89ae358467df55e13878c30fffb67c4efa38d0d8b021eea14cc4f;0xca66f28e;0xca66f28eL;0.500000;1503098878;1503098879
1;512;8048;0xe57460d76c1a201ed9f7d28c16d5d25bfee85ef3b485750d67cccafb40b8cc25;0xf4ecd1111df98264a7bf4d7b426f7d7da0380fdfa0ab65e802b8325e3a88ddd8;0xb92e4c26;0xb92e4c26L;0.500000;1503098879;1503098880
1;512;8048;0xab052b84cfe754e46eb8688dfabd44e6db798d920228553116ccbc84f19e469c;0xaefcefdfe6670d32b2420f20bbbcc771da551f070e43fbdd297cdf4a24b8370a;0x67c9df21;0x67c9df21L;0.500000;1503098880;1503098881
1;512;8048;0x645e60d7bb9a1c77862b1122ce8f2709a4914639ffcea3f227f6dba945a779a9;0xdddf1e28c9d4586c8c0b430e47c9149b2ab4cf36fee9988f1ff27a8c82bd6cf4;0x693273ca;0x693273caL;0.500000;1503098881;1503098882
1;512;8048;0x1e68191631bcc869376d1ce85c9981fabfc4fb24fc92cc3700fe45a1e00611ff;0x3b4a579abca72286122c50d4866b8c769054eb7587b2fe70eddbc225799fd9e1;0x3c4cd7e1;0x3c4cd7e1L;0.500000;1503098882;1503098882
1;512;8048;0x1e68191631bcc869376d1ce85c9981fabfc4fb24fc92cc3700fe45a1e00611ff;0x3b4a579abca72286122c50d4866b8c769054eb7587b2fe70eddbc225799fd9e1;0x3c4cd7e1;0x3c4cd7e1L;0.500000;1503098883;1503098883
