1;512;8048;0xa8b598620340c7af553ca3432eb34c7f8b7b591b8e317b18ebcb2a4893891c3b;0xf86f325a535346c65bc0490726dd905e9b89e2840483e61ba0e1e55f49b412b6;0x332c3ea4;0x332c3ea4L;0.500000;1503121234;1503121235
1;512;8048;0xbc4e776bd548628e270d0d3dd2b20e7cafefbc6dd7f3168d29e57436e0b6a29d;0x593c327d4f4c43967fcf63172f0e8e0ef8e6d20d3814aea5b1b7067221c89d6d;0xa29dd4ea;0xa29dd4eaL;0.500000;1503121235;1503121236
1;512;8048;0xe7b224012d6782b46ced6bfb4db010bffb4bbef48a1e664ddb48b0cfea7503d1;0xb3e3aa855ba05ba05cbc6d2cc5c2a94a4cfa3cef6d3d0b5e666bd29140391ba9;0x4ec115b1;0x4ec115b1L;0.500000;1503121236;1503121237
1;512;8048;0x404ffccf90530c8fc137990ce517420fdb38817f14909569b39bc66de21cec23;0xc3762db3938cfa71d55a675e093b641b7f5051a2418e1b527ca4b00620d388f7;0xba9ce408;0xba9ce408L;0.500000;1503121237;1503121238
1;512;8048;0xe7cbd85c5c3478ab58033a743d6d3580698ac9b5fe35c35cdb61172951515a38;0x35902c6508d7672965f92a59acb2a785b938a4461abc1cacb6e1ccd48c711229;0xfc56752e;0xfc56752eL;0.500000;1503121238;1503121238
1;512;8048;0xe7cbd85c5c3478ab58033a743d6d3580698ac9b5fe35c35cdb61172951515a38;0x35902c6508d7672965f92a59acb2a785b938a4461abc1cacb6e1ccd48c711229;0xfc56752e;0xfc56752eL;0.500000;1503121239;1503121239
1;512;8048;0xc797705332c405542f056f76b6c04110dcb1ad06d3095eb61a2be56ec0772388;0x1fb65288759fda032c4adc22e990b80226b4333bca79bc5f2c87457cae4e0f1b;0xccf34eeb;0xccf34eebL;0.500000;1503121239;1503121240
0;512;8048;0xcc53bcc8605813d4fd8bd4f4897e96421d4072739b862497b698893f99665465;0x2039fdcd3518e218b368247be69971f0d30897db4d14fdce88dfdd91428e2055;0xdf6ddc5b;0xc6074e4bL;0.500000;1503121240;1503121241
1;512;8048;0xad32e8fb2b427eb65cfe29c9ace7a477d69e37a02348a4c1cf53599769160d17;0x9c472079719c3e4115cbe13bc45b3eed60b7b45eff37ae3b2ae4180ac70ad7fe;0x1da19ac7;0x1da19ac7L;0.500000;1503121241;1503121242
1;512;8048;0x6cce3f4535c97aa7c6c4d3c5ce36792ceb97ae7df86d29817364fc64df4bc04b;0x5fa83f4a7981942567f6c4ecf9265696b0b5e24f30b5c9d78060b3b757820d28;0xf8c7f5a4;0xf8c7f5a4L;0.500000;1503121242;1503121243
1;512;8048;0x7b08069bf210497d8418087d1fcd1d9d9d7b91be37c1cdc78b666a6bf9d15b74;0x4e93a74b1c329bfac7d3288078fa0bb7f60012a08df656cd7577aaaf82672631;0x2238a08b;0x2238a08bL;0.500000;1503121243;1503121243
1;512;8048;0x7b08069bf210497d8418087d1fcd1d9d9d7b91be37c1cdc78b666a6bf9d15b74;0x4e93a74b1c329bfac7d3288078fa0bb7f60012a08df656cd7577aaaf82672631;0x2238a08b;0x2238a08bL;0.500000;1503121244;1503121244
1;512;8048;0xe2af4e866a97149298acdef685490d603c558567a9d35203ab120ff0e333c7c5;0x82f9098b30fda574ab75294e2bada6bf833c600b886cf769dd927d4886cceb4e;0x57522bfc;0x57522bfcL;0.500000;1503121244;1503121245
1;512;8048;0xb66b856187998b6285615a6ea989c2cfccce8ad490a5717027aec3bc45f492fc;0x9a5f6da753d5ec1a8a7ef6d3e0434a3871dda2fa54e2620dee153e8ba0a974df;0x1a4c1287;0x1a4c1287L;0.500000;1503121245;1503121246
1;512;8048;0x9eb67b0caab74c161c42ebc3de49f1d5fc04db87fb50d1638b70d9715d7da5fb;0xdb14cdf117d5f6829369d9deb35a9d3f2a9eef56d484f0428281539be075c3b3;0xa09e678b;0xa09e678bL;0.500000;1503121246;1503121247
1;512;8048;0x9d70e2a4a04fc2b1f76599394a9abe25ecd2823ccee5085f4344033da433c042;0xfb0445b42d982253cf2652a8d1d96502a75c8675ea03fe9758d9aea018bd0980;0x0c338b07;0xc338b07L;0.500000;1503121247;1503121247
1;512;8048;0x9d70e2a4a04fc2b1f76599394a9abe25ecd2823ccee5085f4344033da433c042;0xfb0445b42d982253cf2652a8d1d96502a75c8675ea03fe9758d9aea018bd0980;0x0c338b07;0xc338b07L;0.500000;1503121248;1503121248
1;512;8048;0x49d3181be3a3e967a9001ba575eeb23fd5ff138a522eaff9a2e4390de141c22a;0x52919995acfbd4413e620a683f51ac34617d3fba6faf797706387e74f22ecbd2;0x3c3c7b49;0x3c3c7b49L;0.500000;1503121248;1503121249
0;512;8048;0xd9d07606f7a0b49f957ff2cfe2a032730414a699f301650184a69d3e84cf5c5d;0x4e2f7db6197956e9f5631226e81a78d77454f02f5cd68b0db04b8f50a8f3fb11;0x522588ea;0x3a4001c1L;0.500000;1503121249;1503121250
1;512;8048;0xd9a7d26acfc4b0439ebb66ec2efef5b8403b55d0c5abb52f528b4f094a464724;0x7919b151e33f0df2dbe8cbd733162f13a1786392c66409ed3c330d3bec7df200;0x504b3713;0x504b3713L;0.500000;1503121250;1503121250
