1;512;8048;0x4400ebe47c2a39a447771d508aa6a87581398de974131fb61779b40925f3b969;0xade73ec0b3d4fcb0786852264fef07d705dd3388b1f5ecfc4487a4187b07ec12;0xbef7cbac;0xbef7cbacL;0.500000;1503075279;1503075280
1;512;8048;0x175b74ac24cb455a66ca97ffc470f9a929db084c75702ae2aea4b29bc5e2f5dc;0xb787cf4f8e873fa35fa2cad66cfc5578d7b7013befed56560cb772ab2ec8699d;0x549cc2d6;0x549cc2d6L;0.500000;1503075280;1503075281
1;512;8048;0x1cccaa7ba1c8cb342012a41bdc3bd8d7f51d2f35a2d89bd949e1af658e1f10ab;0xd6839f6c7edcdab762e96a9d578540256f5d433e9e2e423f636a9bb98827f0f2;0x09b1fcdc;0x9b1fcdcL;0.500000;1503075281;1503075282
1;512;8048;0x925aed5b7f286177a7801cc3d9ed81df6cbcda0eb1bfa9c100d6b5479327b925;0x31be39be058aea9bbdf57718676068fa6be8bb4e52dd424a13d1b5a198f2663f;0xd2951591;0xd2951591L;0.500000;1503075282;1503075282
1;512;8048;0x925aed5b7f286177a7801cc3d9ed81df6cbcda0eb1bfa9c100d6b5479327b925;0x31be39be058aea9bbdf57718676068fa6be8bb4e52dd424a13d1b5a198f2663f;0xd2951591;0xd2951591L;0.500000;1503075283;1503075283
1;512;8048;0xdf349c85a1c5f1509509a4d1df3cd61e81741f722315b2b24d315a964776f126;0xf3b9b401a4a19ae12b2b121cdb9a730321721130e9246c68a3321ee20150b1bc;0x46846e4c;0x46846e4cL;0.500000;1503075284;1503075284
1;512;8048;0xfffbd1f8716f266a7decb5f14322c84cb0dabbdaf6a50f673e4b00562320a122;0xf3ac28aa4a9fe07c550fd806b6bd17e7148519eb232995158e483fbfb552bfb0;0x55e297ab;0x55e297abL;0.500000;1503075284;1503075285
1;512;8048;0x24243aee010d7695c38d2860031c5b849b6a770238b552f85c46ce37f275a316;0x5dc00e956df7ca44444b011295a4868c9e99e242449dd147937ed759c7768983;0x1ed92470;0x1ed92470L;0.500000;1503075285;1503075286
1;512;8048;0x62671aaef30b4f9ac5ea67296a137a27d9ce74c9cadd6bd821df470f58bbe2ba;0x0594f19cbe6fb4df56181b2b3d560b30af984f72492d3d46a964e35a58e03d1b;0x8da34560;0x8da34560L;0.500000;1503075286;1503075287
1;512;8048;0xd9eea324a65b2f1de7fed80ce7545ef514fc9bd874f2233028345bd34635bb20;0x6d9fd3f312f95599a9a44611e3f67e43ae1e7f8f5bd973cb429623ed0d100d2f;0x5aa52e98;0x5aa52e98L;0.500000;1503075287;1503075287
1;512;8048;0xd9eea324a65b2f1de7fed80ce7545ef514fc9bd874f2233028345bd34635bb20;0x6d9fd3f312f95599a9a44611e3f67e43ae1e7f8f5bd973cb429623ed0d100d2f;0x5aa52e98;0x5aa52e98L;0.500000;1503075288;1503075288
1;512;8048;0x46ca5a0055b4a652ef94871b4de4f0237c53f54676dc53d89a8a05b08e052ed4;0x345b3ce4b79f2d76f32559639bfe0d2e25966bd0dab79d675db87145fdc8c3a1;0x8ab80fee;0x8ab80feeL;0.500000;1503075288;1503075289
1;512;8048;0x6858947d7c72502e351c23d2774dda5ae1cfdd99ff41c92397eaf83fa4f0e60d;0xb7b2d04d44a39638dc42e7e091855d9fe5878c2f305d7a5cbbe34b3306c4a428;0x7d60d80f;0x7d60d80fL;0.500000;1503075289;1503075290
1;512;8048;0x4782843237b71e4620b004a3ecb406886a719cb557cf1e332554a07f2793696e;0x2ee66d67065309513a45c535a1c48db7f83e079f6b2b64833f8431faff16d10b;0x446765a8;0x446765a8L;0.500000;1503075290;1503075291
1;512;8048;0x06edd1b3d71cd3423ccacc1250117511e4c9d060eba00a2d41974882e61b18ec;0x0a292143dcc9c47c5de1f3ee53fbe62f67e603ae5b44fdf78aed436270de5c91;0xbe08820c;0xbe08820cL;0.500000;1503075291;1503075291
1;512;8048;0x39d15b375576a56dcca03fdb7c6b1bdad7d4560e1c1560ce99eae4037a7ccab3;0x730b5d21b63d3c87209e99535823013fcabfa4101ec5060d2655ef4fa9dcd849;0xba0df831;0xba0df831L;0.500000;1503075292;1503075293
1;512;8048;0x7708071284da638b8c93e14243e142cdd68d07287acbc14befb3ac42e7c4525e;0xed9ddf0acbeb4299eaf10fd8f8bd13c5bd70c91d4cb7f01b0c75b993136738b7;0x4f4e3ccd;0x4f4e3ccdL;0.500000;1503075293;1503075293
1;512;8048;0xdbff3a6935117b0bd0fa0530655669a68a8652bd8f5af29e1b10e04c8a2a8065;0x3bf40d9106515271706ca85e556a0347fe320dd52a002c292e3b4650c124e2da;0x21fa44fc;0x21fa44fcL;0.500000;1503075294;1503075294
1;512;8048;0xdbff3a6935117b0bd0fa0530655669a68a8652bd8f5af29e1b10e04c8a2a8065;0x3bf40d9106515271706ca85e556a0347fe320dd52a002c292e3b4650c124e2da;0x21fa44fc;0x21fa44fcL;0.500000;1503075294;1503075295
1;512;8048;0x41d47f1e963303d54ae566ff5b7301e624e74b80884540724df9c4cc8c5e9dcd;0xeeeaf3cf44ea904b1b258f5240a361044595c9013ac2a752840dd8169eeeace2;0x51dbd2cf;0x51dbd2cfL;0.500000;1503075295;1503075296
