0;512;8048;0xfaac24ee5ac9a28559634b5a0ed1fa7f76ed728fb5e5237d3fea18e2b05f57aa;0xfc0268ad482bd8751c1ca21283b30c80687c166daf3ff9dd24e4048f0ac6d2fa;0xc014dcd0;0x4fed92cdL;0.500000;1503092047;1503092048
1;512;8048;0xd7d98b457ee532a5f53bbf3719c547cf99eaf2c4bfb70fa6414f88e00ee1c8e5;0xab7c877489e73585732894fbb20220734242e39443911a53ef618538acc6b123;0xe16270e6;0xe16270e6L;0.500000;1503092048;1503092048
1;512;8048;0xd7d98b457ee532a5f53bbf3719c547cf99eaf2c4bfb70fa6414f88e00ee1c8e5;0xab7c877489e73585732894fbb20220734242e39443911a53ef618538acc6b123;0xe16270e6;0xe16270e6L;0.500000;1503092049;1503092049
0;512;8048;0x297b8afa7c9a9d074125b492b57203a9840aff70260cfd46bd865cf22285484b;0x468b3ff82783c2c0fc4e1df9250902bf864bdfd0edebd89c1a0c0708ae73a8e4;0x2b33bf5b;0x503cc21aL;0.500000;1503092050;1503092050
1;512;8048;0x267f08e4e13fce9fc247d1243155d5edb97e7dbcb6fd9745651438ebbd9c7ae4;0x07758b1925a83eba203e5233d3638cf5ea79a4bd9966c6687fffcdbf3b07985b;0x783f8c70;0x783f8c70L;0.500000;1503092050;1503092051
1;512;8048;0x3bbbe8d3281f8a3e2b78404ae18899d9aef10d6aa31c3edb6a5ea05c5305658e;0xd1d8ea481d4b2850d3f7d870605b9f0465a55aeb4b8c232acede615bcb45a43a;0xfc054b7e;0xfc054b7eL;0.500000;1503092051;1503092052
0;512;8048;0xb764150876ad10cd8988e6eb902b0705ec9cf6b01ed24131dbcd826a26b20cdd;0x1cbde1c7dff743cd2e3e2980fce15e37c15fe9bf9111f15728e83daeb52fff83;0x0875afed;0x5570e24L;0.500000;1503092052;1503092053
1;512;8048;0x2d3e8a598972fc45ed8b48e88a1c281541986a2569086e9d4fde1587c2b6f1f0;0xe9171ab022141a1c22054e84b24c31e14764af83afa05b8c60432a677c91e0b2;0x3561dbb6;0x3561dbb6L;0.500000;1503092053;1503092054
1;512;8048;0x8d7af3048eb583fb0c8c8979ad0194a7c6aaa7b5df76bf0f54c97408c9939e56;0x357d16fba517f528796ae98cb36c01d0cb92ffc3b9a89eff8f8ffe3959580c25;0x6798b2fd;0x6798b2fdL;0.500000;1503092054;1503092055
1;512;8048;0x1af5370aebf751d4af00b44abc5c4058bfe785f7966a36d864b9051327f10442;0x21a8cb5d94d048bfa16f77579a7026036561342488149b922ff54d588b80d10a;0x7e2294be;0x7e2294beL;0.500000;1503092055;1503092056
1;512;8048;0xc27265373d6a1d9ae0da4aae45587274e85210cc7d9c1da8d5a9044effc39dc2;0x1d34b416d0282d8c4f60270b80344641c381e4912d39eb82b0c3f0e9443d37a6;0xcdcf9775;0xcdcf9775L;0.500000;1503092056;1503092056
1;512;8048;0xc27265373d6a1d9ae0da4aae45587274e85210cc7d9c1da8d5a9044effc39dc2;0x1d34b416d0282d8c4f60270b80344641c381e4912d39eb82b0c3f0e9443d37a6;0xcdcf9775;0xcdcf9775L;0.500000;1503092057;1503092057
1;512;8048;0xc3378817e74d9ed206324650e002d0483dcbd53ae0f819c119bf29b57772bf3a;0x93b0c55d900163e972654ebc2afb290592ceca6851658bf00c2562b4480294cf;0x2f2ec614;0x2f2ec614L;0.500000;1503092058;1503092058
1;512;8048;0x0e635984fa598d60ee2cff8efcd2f381477867dff54401bf346bb06219964b27;0x9f14a1294b2cc043739f4ec3e3d16ecd42c6c93c6bf5c781d07373b56deb0459;0x3953054e;0x3953054eL;0.500000;1503092058;1503092059
1;512;8048;0xafbd69cabe9d1afd7bfd665317da500c83782049a2970c890dc8cfea4b2125fa;0x71833b149d44861f05670c32719887749e8d631c31620c8c04484ecbfcb895d7;0xa6db3cad;0xa6db3cadL;0.500000;1503092059;1503092060
1;512;8048;0x8d9b58931184f59b39cec383054b0e2d7bf2cbbf7ce3bc85a202eea6d5e99262;0x1673686b9247530b15e937173d5eb72a9b8c00becad8f18f094511ee77466013;0x7056c048;0x7056c048L;0.500000;1503092060;1503092061
1;512;8048;0x8a2ef365bed2a1afd3148a01efedac4e060ba48ae0e570f2cc7565499c369f26;0x75b3c83ba6f0e8b515f95e403d5738c1205eae3ba1ac35fdc09f53ff1b413e12;0x430b50a4;0x430b50a4L;0.500000;1503092061;1503092062
1;512;8048;0xce4cff9a8276d80abf0439be79d8a77a711899ededd8b96ab1f8beeb42ef8d10;0xd449c36f79b1cca9485da526de6cc973456e01d063b0bfdb8503ef57ae3efeba;0x7e091c0e;0x7e091c0eL;0.500000;1503092062;1503092063
1;512;8048;0x28a65754c086982099796c17faca3cc0d795bf0f1e9e579e851a73b156141c7e;0x1e1cf0653dbe9369705241e09a19eb4ead2c8971dec29c52933203dbc4bfdb59;0x2422452d;0x2422452dL;0.500000;1503092063;1503092064
1;512;8048;0xf7aec75e2f9c69a1fdd078fa3f5892f4f200c5b69602d45d86969ddaa2464e99;0x03b78c7c0d536ddbbd0c09784511d4a008adc9fb50ce0dc9983f2ffc3afb6d1d;0x93cb2b9c;0x93cb2b9cL;0.500000;1503092064;1503092065
