1;512;8048;0xa340bce929d2a676f68c2fec0ccfa04de7c4e6d1c5921e26567b07e9ae0b5151;0xd9d334b75e51116e328fe55867108aa09aef234560a7343f60dc47ba1dec4c75;0xca772470;0xca772470L;0.500000;1503143615;1503143615
1;512;8048;0xa340bce929d2a676f68c2fec0ccfa04de7c4e6d1c5921e26567b07e9ae0b5151;0xd9d334b75e51116e328fe55867108aa09aef234560a7343f60dc47ba1dec4c75;0xca772470;0xca772470L;0.500000;1503143616;1503143616
1;512;8048;0x73e7820eadabcfe0ebf4ef010226aced33a23822a9caeac9436f66c367639bda;0x038328202ecce4acb6ddc7f54ed7bdd6bd2dced7ced90e378fffc48ce81426a0;0xcc5dddb3;0xcc5dddb3L;0.500000;1503143616;1503143617
1;512;8048;0xe11e99a24dfd6dde3e0c6d1296e003d8b2275fe0d37f3e26340549daf98b8ada;0x4cfc31b333af4c225e46d2c135fc8a3fa941c690f0e5bc2c7b3046b9cf5cdacd;0x34abf604;0x34abf604L;0.500000;1503143617;1503143618
1;512;8048;0xcc51e450f3f3e87e40628506a888c8e3e6cb7da3b9b16dc15154d763b0e20d7c;0xb0f52eb68ed15de04bfa5210c65b0556425a3f7062509b5813401cd1dc725452;0x746b3b56;0x746b3b56L;0.500000;1503143618;1503143619
1;512;8048;0x2a23494855f6bdca6f35dad8b51e11b623fa9e42271d091041382820425be96d;0xb43f59c0cb1469748e859580c8906392141af3b9bbdbf94c8df3fabb66ea5a78;0xe17bb734;0xe17bb734L;0.500000;1503143619;1503143619
1;512;8048;0x2a23494855f6bdca6f35dad8b51e11b623fa9e42271d091041382820425be96d;0xb43f59c0cb1469748e859580c8906392141af3b9bbdbf94c8df3fabb66ea5a78;0xe17bb734;0xe17bb734L;0.500000;1503143620;1503143620
1;512;8048;0xd6c71566da4b82a5c215d9062e3f5328086e9aa54b30a2906b65aa3075564b4c;0xf893e92a4d17978209e472810aae8f748154901690a9f0297f5abda2d19231fd;0x04c492c7;0x4c492c7L;0.500000;1503143620;1503143621
1;512;8048;0x100d0c127a1fcbccefa7cf224ec15ad5cda78de5654e491ec9d0cb4dc90f0ed9;0x91fcd55f0ef71aa079fe6e845eaba37c117929803fcf74fbcac5b98903099400;0xae347fac;0xae347facL;0.500000;1503143621;1503143622
1;512;8048;0x60aa90899caffa8cade9399f28654d2841d7c5df1c69ae8bf3a7ad9b26f3ab86;0x1dc2deb964a7da5f27126b956e6222bb485123d13b073fa26ce977b67cfd6459;0x03cab1a6;0x3cab1a6L;0.500000;1503143622;1503143623
1;512;8048;0x49099b71d8c95a0ea51d0a9d159da3bd4d30b2720c5ad7b616998bb308ff7051;0x3673bf282f241ad66d71924010f18cd4252383d5e5c294e9b33128ce78deb2e6;0x326d4c36;0x326d4c36L;0.500000;1503143623;1503143624
1;512;8048;0xc42a56adc849eaf908c5bfe99f739fa3497750c2bf115dbef659e25260c70024;0x6fc8d839643d3b3918b48bfaac508dd230bf331e11a9db1992297085201032c1;0x39e11a24;0x39e11a24L;0.500000;1503143624;1503143624
1;512;8048;0xc42a56adc849eaf908c5bfe99f739fa3497750c2bf115dbef659e25260c70024;0x6fc8d839643d3b3918b48bfaac508dd230bf331e11a9db1992297085201032c1;0x39e11a24;0x39e11a24L;0.500000;1503143625;1503143625
1;512;8048;0x32e94c79dfc3c2352795c4ac99fb7c345b91c55a036fb05ed35846f24f85a281;0xc758edfd94d3cf5b79f4fa4f1eb41eff82a3fd0c6fda09aa1bcb4f940ccff841;0x2d88913b;0x2d88913bL;0.500000;1503143625;1503143626
1;512;8048;0xb36c12d523e40d971996f6bee25a04b574e30c4ae6f4798246682c069b2b7f4e;0xb42da6d53cfc51796e27961638a2ad49948c39571d45a0fdb4102fb22da5af0b;0xd7001040;0xd7001040L;0.500000;1503143626;1503143627
1;512;8048;0xf311e0ae2ff0c43e07829f390194738c7f008cd33d297bba4609db0f52e6f645;0x998eed88b3dbe613ece92ed2eb4c7a3196b69a3ebfcba5c3fd02533f9d147534;0xc5e679bf;0xc5e679bfL;0.500000;1503143627;1503143628
1;512;8048;0x076d6104fd76fcf9b4d7d14ec90458b3ba9daab050ecf524b62e93d0a01ca5a7;0xd39f74c4f07bc452b01ece2f9fa29c44344855c8cfe65b6d58af6219fbd2c34c;0x4941b284;0x4941b284L;0.500000;1503143628;1503143628
1;512;8048;0x076d6104fd76fcf9b4d7d14ec90458b3ba9daab050ecf524b62e93d0a01ca5a7;0xd39f74c4f07bc452b01ece2f9fa29c44344855c8cfe65b6d58af6219fbd2c34c;0x4941b284;0x4941b284L;0.500000;1503143629;1503143629
1;512;8048;0xc52d804e6a4df8a7488c091102bb1d6781a677b7f968644df6c2d53cc159f286;0x4afe19272518755fea8587c72d0b1e747bfc5689e5cfe21a2e8d5cfd1f189fbb;0xd25be43c;0xd25be43cL;0.500000;1503143629;1503143630
1;512;8048;0x9884b3e097e055ea9cdba7535b9e0bd1ba64fa31c019f9c0288bb36ada6c7172;0x9d0c3c9361d4d9fcbf8625f89444bc11eaa3070dd466e48048e9a5631dedf9ba;0xa8772c3d;0xa8772c3dL;0.500000;1503143630;1503143631
