1;512;8048;0x164e95a73e4e9ce55f7546fc6dce858b19996ec6cb48b6e7bfd6dd7482fecb98;0xd13a848714244bd963859d0dcce55d4eecaef858ffb8fc14ce7ffc8c664ac953;0xd7a1f7c7;0xd7a1f7c7L;0.500000;1503093555;1503093556
1;512;8048;0x3e72294d93fd733f3c2b20eda7830650090a359ca27317099f458112aaac17e8;0xd4e5bcf5dc88269a870cd6546480fd58d1e37315d9f8f4c1b281861b1205edcb;0x0cb54cb8;0xcb54cb8L;0.500000;1503093556;1503093557
1;512;8048;0x9e7da78e9d52b001531c4da090a1c3a245b8872b5c28eff9ebae2c53b1a82f4f;0x02bf6d5bc4aea72b9e1c0cf79215152f0c072de4e6ff54c38e367c51ca17d553;0xc200c810;0xc200c810L;0.500000;1503093557;1503093557
1;512;8048;0x9e7da78e9d52b001531c4da090a1c3a245b8872b5c28eff9ebae2c53b1a82f4f;0x02bf6d5bc4aea72b9e1c0cf79215152f0c072de4e6ff54c38e367c51ca17d553;0xc200c810;0xc200c810L;0.500000;1503093558;1503093558
1;512;8048;0xf6a4b49c7e3b09626854153d31b521be757c9d6970c73a5d38ea73b5422b3138;0xb86cd0638411a8ba82f380a985f1bffde69ff0e0c9a19f0bfc5da42ee6ea404b;0xd2b4e03f;0xd2b4e03fL;0.500000;1503093558;1503093559
1;512;8048;0xb04f8efbff8f2a638c830347e9adebdfdb75620855b91f47ac6c5873babb5a6a;0x2b42d531b4c65f4b6e08c595c72b7c7addc46063b2558b8d2231c6d232cdb400;0x890a030c;0x890a030cL;0.500000;1503093559;1503093560
1;512;8048;0xfffa507406a8d75bfc4d6805187237da4256852e4d77387d12bdffe140c3173f;0x881c3f1e61aadd8d0304342a4a0e751d25df1144f8244bb621dd3f6284180925;0xbe41cd98;0xbe41cd98L;0.500000;1503093560;1503093561
1;512;8048;0xef3119fff61860a78bca45f53dc43dad323e7d273f140d3d57513a9f725eef61;0x584bb173e69637395d1abfde2a0ef21f839687e1db68d22df69e11c80567cc08;0xf07865d7;0xf07865d7L;0.500000;1503093561;1503093561
1;512;8048;0xef3119fff61860a78bca45f53dc43dad323e7d273f140d3d57513a9f725eef61;0x584bb173e69637395d1abfde2a0ef21f839687e1db68d22df69e11c80567cc08;0xf07865d7;0xf07865d7L;0.500000;1503093562;1503093562
1;512;8048;0x98080a71dd12a8317e3f6b132481588dea87877a47a964a6cdc67d9ba69fd63e;0xf976e8581e061b2fb1f0230c7f0048d637459416c2ccd94e949f89a9b7ddbed7;0xf6187e17;0xf6187e17L;0.500000;1503093562;1503093563
1;512;8048;0x013b2a045e65fa1ad9d3ea9e4c23b0ff142daf3ffae6ccae3fea894832683d33;0x2304295d60934f0060dea73c7af34fb5fe370de839dc3de0cbb1f222fb126458;0x7c93827b;0x7c93827bL;0.500000;1503093563;1503093564
1;512;8048;0xf35caf3fd9ecd8359b03f93a765c427d2eae6ceee41eb86a43d1afaffa615fed;0x7177aacccf46d3d103ad6346b15942317601634b63aafa08132e5835c3708bc3;0xad3095b1;0xad3095b1L;0.500000;1503093564;1503093564
1;512;8048;0xf35caf3fd9ecd8359b03f93a765c427d2eae6ceee41eb86a43d1afaffa615fed;0x7177aacccf46d3d103ad6346b15942317601634b63aafa08132e5835c3708bc3;0xad3095b1;0xad3095b1L;0.500000;1503093565;1503093565
1;512;8048;0x44aa22dca4fc885b7af317ac5776e83a750503d58e055f73d73cfe8baad5fdee;0x7565d2f682f2a4fb49f0628c79faee7ee9ebf11ca7a7e5e580a602fb1df3f34e;0xa7e8239b;0xa7e8239bL;0.500000;1503093565;1503093566
1;512;8048;0x817bc3126f02096c14c4951550fac6cf1d65235ec45d64dd8d117c179002d711;0xd0afc6c8965ebd8b8f24eaa0774d4115bd62ee5cb27d2c8903b3ab836fd2ac91;0x6d63136e;0x6d63136eL;0.500000;1503093566;1503093567
1;512;8048;0xa63741b2ad59fee0a39e1f04b08219f3bcd293d26009d7e35513b7438d64a434;0x60c2017669f942165daf102c499c915059f898fe854c3797b59c64b80aaf188f;0x0d665f19;0xd665f19L;0.500000;1503093567;1503093567
1;512;8048;0xa63741b2ad59fee0a39e1f04b08219f3bcd293d26009d7e35513b7438d64a434;0x60c2017669f942165daf102c499c915059f898fe854c3797b59c64b80aaf188f;0x0d665f19;0xd665f19L;0.500000;1503093568;1503093568
1;512;8048;0x50779129465172847091f0d160350e73bff61d2bedb94c1e818a3db3e36e0933;0xaa2559007171465bd4ff3286b25475a2b039b54d142968b51ed23f9d69d0b389;0x4ef254f1;0x4ef254f1L;0.500000;1503093568;1503093569
1;512;8048;0x190809493ba09ea83127db97db9bffbbb2c2969962987f18428796da6c9ae785;0x2448bc6b70514052d59c0a8ae73cff1fef1ca8e492278b08bb81ddf90f9a8131;0xe6207123;0xe6207123L;0.500000;1503093569;1503093570
1;512;8048;0xdb380e0b22d4c65926953ca67cf9a74e5222a0b24f81640533903f8311ec62ec;0x1bf2b2cd4c04be68e9b96a1cd5d7c0606b6cbf7695595f6e6460e99c796ef7de;0x4280ebc3;0x4280ebc3L;0.500000;1503093570;1503093570
