1;512;8048;0x63f710732dfe57da75c889e9c97b711432e433a6269eba7e25ed2a67281d988b;0x692788e6ca562b93bd2d17249afcfaddc95cc4d2f2267a1728e66b257caff3e7;0x1efec0a5;0x1efec0a5L;0.500000;1503140993;1503140993
1;512;8048;0x63f710732dfe57da75c889e9c97b711432e433a6269eba7e25ed2a67281d988b;0x692788e6ca562b93bd2d17249afcfaddc95cc4d2f2267a1728e66b257caff3e7;0x1efec0a5;0x1efec0a5L;0.500000;1503140994;1503140994
1;512;8048;0x6e98937c16332d6dbae2e52d84ada99e0ba3603a89ae6dfd87564c807e5fa5ec;0xa086d4c2a3a9eafb4439979172ee864d0b38e68402d6b0fc7e0f57a1c9d60e2c;0xdf56b5ec;0xdf56b5ecL;0.500000;1503140994;1503140995
1;512;8048;0xfdfe55beed47a0647cc232853335d1670eac38059cef354c9eb5f68cefc91bed;0xe5d28782b22d2fde5d5af0ef750cbe88e2d24b8d54cc837e9c3035394db086dd;0x1c2dc347;0x1c2dc347L;0.500000;1503140995;1503140996
1;512;8048;0x90f5a5aece1a2b061568260fb6271cd9174304322a903c02f1227cde23da91b3;0xce00e6187960ae9cd448038a6e7c2f0a31b6f5611d270dd38943cffc30adc27d;0x00395f85;0x395f85L;0.500000;1503140996;1503140996
1;512;8048;0xee2286486a8dac0ca5dab3d2a7e0d5d0d727ec01623b2633dbda4219a5e8d493;0xcba01636058dcf0e7597c0a5dcd69fabb10a8e08ec8e4bab4bfceac31f8b8e25;0xb3a937b9;0xb3a937b9L;0.500000;1503140997;1503140997
1;512;8048;0xee2286486a8dac0ca5dab3d2a7e0d5d0d727ec01623b2633dbda4219a5e8d493;0xcba01636058dcf0e7597c0a5dcd69fabb10a8e08ec8e4bab4bfceac31f8b8e25;0xb3a937b9;0xb3a937b9L;0.500000;1503140997;1503140998
1;512;8048;0xe235936da360591b83795e43ea5518410fceb84ae4024e0caf74044ea366e785;0x58d46d63e465544ae1e7f6b9652d51155f1f9fabac85838b8b33faee3a9ee094;0xe1273c1d;0xe1273c1dL;0.500000;1503140998;1503140999
1;512;8048;0x94a6fa080dcb48a49bd5155230d7776f542b91b4d79de66a755e7280e6c8ef7a;0x62fd1fd9cc2020c630cb3c1696abd020a8b28efc46c97cedd1fb5065ed064f03;0xf5ca7dc6;0xf5ca7dc6L;0.500000;1503140999;1503140999
1;512;8048;0x94a6fa080dcb48a49bd5155230d7776f542b91b4d79de66a755e7280e6c8ef7a;0x62fd1fd9cc2020c630cb3c1696abd020a8b28efc46c97cedd1fb5065ed064f03;0xf5ca7dc6;0xf5ca7dc6L;0.500000;1503141000;1503141000
1;512;8048;0x48ad76a0c4a800a83719754985cb886dc1523d2862f8a789c2e4ee858a891fd2;0xa1f227e07164a16a2c88575bab9573ac3ed566534df6227cb9fbfbbcaa136ad9;0x66cbfd17;0x66cbfd17L;0.500000;1503141000;1503141001
1;512;8048;0x0a87a622a17b7d22914b4a71176b97a7fea829720b47418c5dec935643d6a24d;0x0bb8a058bd957b58ab344aeac87fe14a23c047da42709758c5491f948defa49e;0x0aab8798;0xaab8798L;0.500000;1503141001;1503141002
1;512;8048;0x2da8a7898932bbe07085a9027825abd1927507164903fa3c29f9e87bea715317;0x7063ca84edf86c86bdcb8dfffc4a4f47fdd2a78e7267ec459db4a7d858e576bf;0x2f51825f;0x2f51825fL;0.500000;1503141002;1503141003
1;512;8048;0x9f779670a0150ca66247042e962e60a3a1a634f3d57587a283f799da83348123;0xa5cfb7e9303bb6b29d40da48fa13c5749e2f8006b742819bfdd53ae6d9bb4163;0x2183a49c;0x2183a49cL;0.500000;1503141003;1503141003
1;512;8048;0x9f779670a0150ca66247042e962e60a3a1a634f3d57587a283f799da83348123;0xa5cfb7e9303bb6b29d40da48fa13c5749e2f8006b742819bfdd53ae6d9bb4163;0x2183a49c;0x2183a49cL;0.500000;1503141003;1503141004
1;512;8048;0xb2b59abdbdf2e4ef3503e487e7fc96fcd73abaceecf22a62ae03f31dafb0d461;0x6f5fb8dfdcecd9ec72c7f8c43d9c57c7e0ea34ae3051c0e2cdd836d057eaad6a;0x230ac2d8;0x230ac2d8L;0.500000;1503141004;1503141005
1;512;8048;0xb7374637acfd68dd95b9ea0cdf8451b605b008037604f6d2f844e9e3b4ee336b;0x72eaa50773f95bd94a03552432c86900edacd013bb941794762486d71ef99498;0xb8aaea30;0xb8aaea30L;0.500000;1503141005;1503141005
1;512;8048;0xb7374637acfd68dd95b9ea0cdf8451b605b008037604f6d2f844e9e3b4ee336b;0x72eaa50773f95bd94a03552432c86900edacd013bb941794762486d71ef99498;0xb8aaea30;0xb8aaea30L;0.500000;1503141006;1503141006
1;512;8048;0xd016cef04ece624eddcf78f4a8340c926bd07931907cf0750fe0b599f4caccc5;0xc9d7c8bb5958f1b8b60e6b7976adfe6fd0d98e7b07868757cd872d32c76ad3f8;0x6479ebc3;0x6479ebc3L;0.500000;1503141006;1503141007
1;512;8048;0xe0d87ccaf5093f44548b8e4d246e91a0b76976fe7a8fe7af7ad50dca33094a13;0xcd90a0737658ded2eea977865ffd3007aaefd9566d7a3b8f8be03b85d9c6af0a;0x4d4d63f4;0x4d4d63f4L;0.500000;1503141007;1503141008
