1;512;8048;0x43c3a63a07779fd3d3037716769c7fa7a56993acb650913c47e8b139097f784c;0x6dc50ce00d49137eb7d6745169b7648e532483d23973a9773375c1a1c4fd51b3;0xda406274;0xda406274L;0.500000;1503075994;1503075994
1;512;8048;0x43c3a63a07779fd3d3037716769c7fa7a56993acb650913c47e8b139097f784c;0x6dc50ce00d49137eb7d6745169b7648e532483d23973a9773375c1a1c4fd51b3;0xda406274;0xda406274L;0.500000;1503075995;1503075995
1;512;8048;0x5177d5dd300594b7fce9fea73cdd5d012cd98cf527cb2d5d6d37a1f9fd069b4e;0x4e6fd332cb85b974bc4d73f7e604b29a6938a919c21f57b3513384e4e72f332d;0x54b1b1bf;0x54b1b1bfL;0.500000;1503075995;1503075996
1;512;8048;0xf18bf07b173adb32c3922fadcb9ab88fc406da3b9e77796482ba613e38358129;0x95d204fb1e4dbd557c85ebc3ff2904463a178439005b7cf70f04ddd3a91b21a4;0x58c5afac;0x58c5afacL;0.500000;1503075996;1503075997
1;512;8048;0x3d40476e0a194a0295d4141cf897efe0e21b44b660a8cea5884af08fafad8fec;0x8fc2256973de2353862ea99a214fb709755f659b044e81ece4082f5cd9f82846;0x11d97f6a;0x11d97f6aL;0.500000;1503075997;1503075998
1;512;8048;0xa4103cb5a39ef69b8eafeb4b4cf97450e8d0770767f664357a25136b487694ec;0x2e865fafa612ac8a38f61ce3f5978f7fc9d79dbc00b66d05871f390014544be1;0x0ced635e;0xced635eL;0.500000;1503075998;1503075999
1;512;8048;0x330bd463f41ba09e60fddd918e8f98dce989362abcd44718c8af84b9fa3b512d;0x694c859aeb25a3b497750ae1ff64fc2b1cd410614cd217d69590fdf384103473;0x36c45c2a;0x36c45c2aL;0.500000;1503075999;1503076000
1;512;8048;0x5cf10c4707d076eb414af5954d71313d430c12bb906a710582fb80b2050f7962;0xed8e2161ad416e19c4b70410caf83d0d03b0b881cc9262e981d9099b6139674c;0xf10facf3;0xf10facf3L;0.500000;1503076000;1503076000
1;512;8048;0x5cf10c4707d076eb414af5954d71313d430c12bb906a710582fb80b2050f7962;0xed8e2161ad416e19c4b70410caf83d0d03b0b881cc9262e981d9099b6139674c;0xf10facf3;0xf10facf3L;0.500000;1503076001;1503076001
1;512;8048;0x427f366016a55862dee531260f1fbcbdadab77157ef667226259531190b524d2;0x0c50e21b4f57ec7069ae2d09c17e29bc6ffc96fcadd05c33dab8c673b0d415c0;0x81a80d89;0x81a80d89L;0.500000;1503076002;1503076002
1;512;8048;0x428363fc18a08d36b34b898436846ac163c356e681fbf52e61aa47297449b7b6;0x8694968ef0760ebc9473fff8be2d09e14262f150f7bb426e1a32fc756947c434;0x607dafeb;0x607dafebL;0.500000;1503076003;1503076003
1;512;8048;0x85ba805edbe09bfc649e7b9d24032a6ab2f404084aec93649748509195bce31a;0x56c2283e203bd43f769bbcd391ffebe7c02180ff036a62a85c866de685b8bfc2;0xd5225ad5;0xd5225ad5L;0.500000;1503076004;1503076004
1;512;8048;0x90dc35d6311f29d23de06c65f46c0454001d9f06ece06f848514526cc8fdd058;0xa48b386927029a7c7fceef6bcf517e329c61ac5ae189a7f13413434f014d7589;0xb5dfb440;0xb5dfb440L;0.500000;1503076004;1503076005
1;512;8048;0xd515fa76de4109ddbf0a4ccde603231e019221110110fb3be790eaf788be0b5e;0xb86625d754416ad155270d4b93f8902448936628df0146710b84e56842e05fa0;0xfe08a268;0xfe08a268L;0.500000;1503076005;1503076006
0;512;8048;0xb424c3b0119e9f2320c30980df4934d73f604a1978ea166f0f19b16600b9f5b4;0xc5661663c30be5c495504e66f127e917bef567568da50c7764711ecf044ac2f4;0xde19afd9;0xcf4198f0L;0.500000;1503076006;1503076007
1;512;8048;0xa00768241eb86cca164f8cc89e24be8c34cbd521f63b14f8286e21ac0c41bcac;0x1236fa28d6bca6f937fa8e378f1992e978c9f15b6dbe7b393f154811ec0f2307;0xc0aa5eff;0xc0aa5effL;0.500000;1503076007;1503076008
1;512;8048;0x804d116908abd2d46e8843bee41abaaa713a2cc0b7d4bd0a10f43901ffd6fe7f;0x9b358faaff0f25e083d41687b90418fcceeebe88e6cb88f43a4fa771e7b1a6d3;0xa68483a6;0xa68483a6L;0.500000;1503076008;1503076009
1;512;8048;0x2f5abc1251b88a048fdb1a3d2a1b3b26a149ec80d319ca555529800bd9881209;0xaa1f80824e34045f1017feb15a9f526932555b6aaa765b1cb568125e98a99ec3;0x71d2d456;0x71d2d456L;0.500000;1503076009;1503076010
1;512;8048;0x4c83b0e5b22b7f88f639be3cc9f5e294c5662138fcb28523d20fd4f08db5a3d9;0x01dc7f5ef118db21ba32625dac510eacc51e7b09ae60fcc0e0fe59dd244b2e06;0xd4c73533;0xd4c73533L;0.500000;1503076010;1503076011
1;512;8048;0xe37a1135012e833d93a0236cb3ee35443dbaad900eea964d33a8f8fc40fd5823;0x78a5f17da5e4e422efb91e1de98a5b8aa84cedf510d9f2ce2cd2e28d0aef9ac0;0xa0b76e22;0xa0b76e22L;0.500000;1503076011;1503076012
