1;512;8048;0x65df6e07dea5b8331cfbb5d1fab47d7eaa7ceae1809bb28b6a39079902e74367;0x6a9808b4072d39ab7a8009a697c9769d9deaa445dc5a05677079f99e50923849;0xfb0dfacb;0xfb0dfacbL;0.500000;1503102789;1503102790
1;512;8048;0xeac72f631496055b0bb885dadabb366fb4ff8e3b8c5e59e6288735fb71ce735c;0xb2f2454d7b9d6ecb01d45862f4f565b8a7f9c263f542d872b3034b3a5540dac1;0x8b17fdb5;0x8b17fdb5L;0.500000;1503102790;1503102790
1;512;8048;0xeac72f631496055b0bb885dadabb366fb4ff8e3b8c5e59e6288735fb71ce735c;0xb2f2454d7b9d6ecb01d45862f4f565b8a7f9c263f542d872b3034b3a5540dac1;0x8b17fdb5;0x8b17fdb5L;0.500000;1503102790;1503102791
1;512;8048;0x2f1434772f1fb101ea54d63e79ea17220a1622321db506fe7e80d6a1615e1590;0xdb28f5cf827356a783b10d77572c64d1c96ffde893d6b6b54ddacf9b5e4d7009;0xd070bcc0;0xd070bcc0L;0.500000;1503102791;1503102792
1;512;8048;0xba766e14622d8e521021d48e926296f2b7a8120b5eccfc92241d317401ce59bb;0xda66f915afebba3bff65bb034a45fc5dc5b4b7580227480deee4d257fb9be951;0xbae02121;0xbae02121L;0.500000;1503102792;1503102793
1;512;8048;0xee989a3891189ddbf842dadb3b68e855c61a1edb3a34f7d2611c6a62a5e8c093;0xbadb2c54ece35ac81120533fa2f9cd0c63f46277cbdd4833071aa01576b63c41;0x6a71c0c0;0x6a71c0c0L;0.500000;1503102793;1503102794
0;512;8048;0x43c448635022d4df2c73e4b265b33d0a62b0db6ab86d53dcdd18dc0590aa98d3;0x6469cac6f6808dd27bf0ce8f9549de88d3874b353d2fa2ea66f2f1b2637d8775;0x4dd160db;0xe31b3f63L;0.500000;1503102794;1503102794
0;512;8048;0x43c448635022d4df2c73e4b265b33d0a62b0db6ab86d53dcdd18dc0590aa98d3;0x6469cac6f6808dd27bf0ce8f9549de88d3874b353d2fa2ea66f2f1b2637d8775;0x4dd160db;0xe31b3f63L;0.500000;1503102794;1503102795
1;512;8048;0x50212d30f332172e2538efa21f0be0800143504a98a5f08b696999fd76771cc6;0xa60dbe623c0113c537a9a48ac69bc742a4f8912bf5be38c89e5397380611d514;0xff070348;0xff070348L;0.500000;1503102795;1503102796
1;512;8048;0x1c5b1effe140e3f8a601304d6092ae33d5b898f396bd7b027196a94c48e60964;0xe2af332815dd9dd6272477af00aefb072c4db27c746866739af11bfdccb6b3ab;0x6026909d;0x6026909dL;0.500000;1503102796;1503102797
1;512;8048;0x08ba8fafb814b45890276d473b063e44c7ac91c796b533ce8b6c913d87a2348f;0x9da69d5511602adf66095fd78bab10e41a5c354abb54136e00e726f39370f908;0xa022daf9;0xa022daf9L;0.500000;1503102797;1503102797
1;512;8048;0x08ba8fafb814b45890276d473b063e44c7ac91c796b533ce8b6c913d87a2348f;0x9da69d5511602adf66095fd78bab10e41a5c354abb54136e00e726f39370f908;0xa022daf9;0xa022daf9L;0.500000;1503102798;1503102798
1;512;8048;0x9a6f17bd6957461f97759ad5a2189231efe675bcd96aeb1818a0667305bc29a0;0x6ce5dbc15809546631f3f16177e3ef7b23f3e183a42a1e17439b452e0a72ea3d;0x72428e6f;0x72428e6fL;0.500000;1503102798;1503102799
1;512;8048;0xa1c43036eb4aad57d46d04b92071571de48c058d363f8ebe8c59aad6f8b9239a;0x9b9143f270c036f413ab43b0a8ee510d7d6fdd412fd1c9d386f79b755805e7e0;0x6496951d;0x6496951dL;0.500000;1503102799;1503102800
1;512;8048;0xf7c6462504a779321de2a54d737a99f106ddaf25aa251307d4a74df66e2fb265;0x6e0cd73f083d08cf8692a931c4c49bc4c8480fa0b95bf118609b3efefc7873e0;0x3b1dce31;0x3b1dce31L;0.500000;1503102800;1503102800
1;512;8048;0xf7c6462504a779321de2a54d737a99f106ddaf25aa251307d4a74df66e2fb265;0x6e0cd73f083d08cf8692a931c4c49bc4c8480fa0b95bf118609b3efefc7873e0;0x3b1dce31;0x3b1dce31L;0.500000;1503102801;1503102801
0;512;8048;0x56d6d4d3d96ba19b683e6cc168c22f48384d30f9eba0a432ce4ad5d5acfbdf02;0x666237d7d25b72f8af48a578be0c0922a281bedd182df27c770ab8cd872ea1d9;0x0ca5bbea;0xcab1c50cL;0.500000;1503102801;1503102802
1;512;8048;0x17f3d87bd6a4242f443339474459e55e28be7d584efcc1b255286d6ec11a1ed8;0x077bb7f63502851491fe3e635a7887affd423df4acf94ac9768ee613d8ca03c8;0x969558f1;0x969558f1L;0.500000;1503102802;1503102803
1;512;8048;0x3dd249b0d938cd288d4abcd38743b536aee401254bb600c4f26271e1fa354737;0x9edfc1b84f1de30537cbb64d884d860d180c49aaecfa7181d1527732e867b325;0x8f543ff0;0x8f543ff0L;0.500000;1503102803;1503102803
1;512;8048;0x00d431b13fca7eee8cc8e0758a9759e648686001bff7d467a4e57424e977e8e9;0x6d43569c16baf2e0b2b874782c7a592ec379b601d3ef8dcbfa8277485ad9214b;0x153d9f3b;0x153d9f3bL;0.500000;1503102804;1503102804
