1;512;8048;0xe2b0321a2fceceeff52a8cef60c349566296e05d6456d0a060107e17c7621da9;0xb564245f1e54e7e4e112f8b1a66d0f81fbccc3930719877ec11c7d34fa4fb10a;0x1be42343;0x1be42343L;0.500000;1503110725;1503110726
1;512;8048;0x10e192ff8f1a7fd285b7a2ece00a69a88d1a6541e3e98d4d2597023e16055526;0x035b01bf9c5fb4d62b31f70565f89d993c7ced7ed707bcbbe46ed30655057223;0xd4d7232b;0xd4d7232bL;0.500000;1503110726;1503110727
1;512;8048;0xe0816c117458e35e1366339a18fe7267070a413b78c7676b243f8cb9f3e2bad3;0xbb928d8657e53d5e0daea92b17d97857905bf48344995f839b7f97f4676ff4d3;0x6900a1c6;0x6900a1c6L;0.500000;1503110727;1503110727
1;512;8048;0xe0816c117458e35e1366339a18fe7267070a413b78c7676b243f8cb9f3e2bad3;0xbb928d8657e53d5e0daea92b17d97857905bf48344995f839b7f97f4676ff4d3;0x6900a1c6;0x6900a1c6L;0.500000;1503110728;1503110728
1;512;8048;0x627e87ebb39ed9ca8cea1e0d6ecfcf612baffa5e90379c2170243ff8cfdeea32;0xe4130e86e78c0819798223f38f8feed5cfec00e9aedaa86fea34ef963fea5e2f;0x7d53b6aa;0x7d53b6aaL;0.500000;1503110728;1503110729
1;512;8048;0xc2e35df15050ebeb518e8623687bde293f53e20cbeb1ca307b397f538be7ac4d;0x59cd44027d4080c4cca7e813e8adb75131d7ec37187d14c167bbc5c36b021a5b;0xb5e0ce89;0xb5e0ce89L;0.500000;1503110729;1503110730
1;512;8048;0x24dac10f0649de68334f7cd7a2ab2c8ee3f2225c186c7bfe7ef8db2b7ae5ad9e;0xc2a29f2dec29589c29e8459a5064219555cd9b648fc4e24c0a02a22974617c55;0xe1c28c2e;0xe1c28c2eL;0.500000;1503110730;1503110731
1;512;8048;0x8b72d8f2c9b242f0422e5c527a772d46e18214dd136aaf49ddb70361edd09578;0x56ca11fc20b4125408ade6d9f2f2f2e64d63829dcbc2db116a1b307e42b0e605;0x87f334ec;0x87f334ecL;0.500000;1503110731;1503110731
1;512;8048;0x8b72d8f2c9b242f0422e5c527a772d46e18214dd136aaf49ddb70361edd09578;0x56ca11fc20b4125408ade6d9f2f2f2e64d63829dcbc2db116a1b307e42b0e605;0x87f334ec;0x87f334ecL;0.500000;1503110732;1503110732
1;512;8048;0x3eb043f72234296c7bc59f022a1551721883837b4808b802edb03ad6deb5e41d;0x4f1ee7860d7d273a11bedb8e0272d51a3188b56f585f7097ae571e44a9a9a686;0x600db480;0x600db480L;0.500000;1503110732;1503110733
1;512;8048;0x064555dbf3524c9e06d2ba26c7a44754cf36b17343400084d6a6987fad610db3;0xe09efb02849a5a67c230af2d578a01082914970f9ac132d67b6ef60288545dc0;0x7c53f6b8;0x7c53f6b8L;0.500000;1503110733;1503110734
1;512;8048;0x95c97d2a5bc2974bea35561501d1cf1cfc39a8ebfb573a209c6ebe2f443f1cda;0x47c729342e0ef0c7f89aaadd68ea2a24017ea85b7b5e7f259a2dc6333a216d16;0xf03d03c3;0xf03d03c3L;0.500000;1503110734;1503110735
1;512;8048;0x3a52becfca015a2be78a4ca87f1a1ebd1411970497a88aec235acc350d2f6347;0x7030edc06479dded9cd24537b7915c5e89e20759adf3fc2633f4d518903ded69;0x0ad4099a;0xad4099aL;0.500000;1503110735;1503110736
1;512;8048;0x9d309874f2aa50a01fba947c206d4854a29911db22f4bc0cb3a7fc0eff50919c;0x12af34db27f009482635d2344d37f569bb144c913a64eae9de7718d50d50321c;0x2d3f35df;0x2d3f35dfL;0.500000;1503110736;1503110736
1;512;8048;0x9d309874f2aa50a01fba947c206d4854a29911db22f4bc0cb3a7fc0eff50919c;0x12af34db27f009482635d2344d37f569bb144c913a64eae9de7718d50d50321c;0x2d3f35df;0x2d3f35dfL;0.500000;1503110737;1503110737
1;512;8048;0x5c4be929f3ba6a54ec7c864751133a14e3f15b568f728c49565e76641c0e9778;0xc63fae18d8710e986b35d07362fdca839dc69b9658d69015092e41c6b6126919;0xdd74d2f8;0xdd74d2f8L;0.500000;1503110737;1503110738
1;512;8048;0x96124e474f7e52057f6d823920ccf9c5f4d1511935a6430cc592bad0b170f647;0x5a57f2cb200c4af45812da55283f90ed8ea9dd48a41728a55fb87df9fdcf139c;0xf53041ee;0xf53041eeL;0.500000;1503110738;1503110739
1;512;8048;0x42d879ed70079c855c9feb69ad2abdd8d039355f21b9d57ae58f3c51a66bb2e8;0xed429fd08e64e9eff9b3f6d8b57aeae3e7306d454fced7be32daabbc5d31058e;0x1e9c822d;0x1e9c822dL;0.500000;1503110739;1503110740
1;512;8048;0x7f1c33dd88ed48962e575d616b98feb3eef9eaa0c7a5df31b08bda493539a2b4;0xfd4427a928213318a4d8abfad9b787b5f49521b7cc85967e846d8fcab48e577f;0x5fc2336d;0x5fc2336dL;0.500000;1503110740;1503110741
1;512;8048;0x64201d8071b4a1ca7ce633feb8b9af63c689ff193af45d9f81ae0fe132ce5596;0x72ce114c83b0387b64b53878b041e84db56064a9cbaf04cd853b1a3531c10f14;0x7957d68d;0x7957d68dL;0.500000;1503110741;1503110741
