1;512;8048;0xeb7d20cf66656c54b9a952bdd5ef6c46abbd0b7054a707f67ec6f7455b842a46;0x3a47c436857163e58dd2ea913e4d7d211f7a3e4c8a988938e943fc7e5914ee42;0xca9a07c5;0xca9a07c5L;0.500000;1503102136;1503102136
1;512;8048;0x4b3d48138a16abe72311cfe21526b40726b41219f34766e78781c834072d1352;0x17a8b8032274c7ced29a2d209dabeba85c2d98d204d04a2d4026cab1ea579b19;0x76db6fd0;0x76db6fd0L;0.500000;1503102137;1503102138
1;512;8048;0x9f8b5bd603cca722f87907408ba9eb16c1f1c896b961d680ec504ae9f3d17f92;0x72c6b477178f324c7651b9d4e637cef5eb0bf3dcee8d7bc8e95d3c22131d697e;0xcdcdb9c4;0xcdcdb9c4L;0.500000;1503102138;1503102139
1;512;8048;0x37ee78cd0aaff6cd39efaf0cab83b896bd441c78a51c3e8dd8efd691563dff8d;0xd15d10bdc86133c7010fbb6b732d55c4ad07784e6c19707ff122fd286910a04c;0xd89a5faa;0xd89a5faaL;0.500000;1503102139;1503102139
1;512;8048;0x37ee78cd0aaff6cd39efaf0cab83b896bd441c78a51c3e8dd8efd691563dff8d;0xd15d10bdc86133c7010fbb6b732d55c4ad07784e6c19707ff122fd286910a04c;0xd89a5faa;0xd89a5faaL;0.500000;1503102139;1503102140
1;512;8048;0xa191e4062d9d1f361da04053dc67b669045cdfbeb489866a892a8fbc159cc3b7;0xd00136478a069cce06cd3bfc29cc6eeb25a6918abc57d855a7bc3826f5cc1166;0xa90fe4a8;0xa90fe4a8L;0.500000;1503102140;1503102141
1;512;8048;0x6cf1259f1014428e1118f7e4ac4408ea053fd9d5569a805835c4011379cd76e5;0xb158df18e6bf1a5d0fac85090fcf0b070450ecb7a05229319fc538fbbbca2954;0xfcb12392;0xfcb12392L;0.500000;1503102141;1503102142
1;512;8048;0xe9673d7eccb3296ca38eb184e9739eb8dfd5f19262ba97e25bfa4284888bcf71;0xb8271d090427ea077f5eccbe0ce64fcf4fa9e4c2f803470282ccec74ac230692;0xfc77b5e8;0xfc77b5e8L;0.500000;1503102142;1503102142
1;512;8048;0xe9673d7eccb3296ca38eb184e9739eb8dfd5f19262ba97e25bfa4284888bcf71;0xb8271d090427ea077f5eccbe0ce64fcf4fa9e4c2f803470282ccec74ac230692;0xfc77b5e8;0xfc77b5e8L;0.500000;1503102143;1503102143
1;512;8048;0x49b05c69a1baa1f5062808de964ce700ddcbcb758ce2189d327795dc9d906ae6;0xe5f23442da6bbb6a7e0560e738f6a0195610645dfe0d34ea85bd6f5b5caf7b68;0x6da78780;0x6da78780L;0.500000;1503102143;1503102144
1;512;8048;0xf43c4646c26ed641523e9512fdfbbd594958fea49a719c6640d49e34c507f4ba;0x78a6e3b7688a1728976fc2ce9ae8ca60d54b0befcce5a4b3f2bdd8da882efb10;0x18d96dff;0x18d96dffL;0.500000;1503102144;1503102145
1;512;8048;0xbca104b4419089a745f72c267cef745131463fd4394ff367799640fca95c3b65;0x2394bc351c7d00a1fdc02f3a9fd972fb66930c6a9891bd9ca94e8744fb08c7ae;0x34c131b5;0x34c131b5L;0.500000;1503102145;1503102146
1;512;8048;0xbee04f88038080f0db7bba9312de461060954d6bfe04876b5824a70af3e9c6b2;0xef2e9ebfb5971fcfe9616279662c8fd2654097a04d6aa6577fa1f600188e7995;0x90cd09ab;0x90cd09abL;0.500000;1503102146;1503102146
1;512;8048;0xbee04f88038080f0db7bba9312de461060954d6bfe04876b5824a70af3e9c6b2;0xef2e9ebfb5971fcfe9616279662c8fd2654097a04d6aa6577fa1f600188e7995;0x90cd09ab;0x90cd09abL;0.500000;1503102146;1503102147
1;512;8048;0xc0afeedb1f2b6a309d57fd4cfe3fd76f0c59db9923588454636747f72609cfe6;0xb14532c400def0a592f9797f0b1b2db8eb9924005dc8eb469cead25971aff8ab;0x6146325d;0x6146325dL;0.500000;1503102147;1503102148
1;512;8048;0x2e7c549794d3456f808bd8cb2abd10c441cda249b62d359c30401f356d17ee9b;0x67f654591211639c20c196a027f4310d87274ef094b8cfc65387bbbf6e728c87;0x1548bd7f;0x1548bd7fL;0.500000;1503102148;1503102149
1;512;8048;0x386baa4486acf20d1d2d1e0eea8437115547abc9cd2a0e0cda397c989eb912d6;0x66da13b18facca70c4e1c65811833ba73c3a6a5a14abe5dea0a8d0f8683c3167;0x7df395f3;0x7df395f3L;0.500000;1503102149;1503102149
1;512;8048;0x386baa4486acf20d1d2d1e0eea8437115547abc9cd2a0e0cda397c989eb912d6;0x66da13b18facca70c4e1c65811833ba73c3a6a5a14abe5dea0a8d0f8683c3167;0x7df395f3;0x7df395f3L;0.500000;1503102150;1503102150
1;512;8048;0x16279d3bbf0a4e5354cc1db941f5713ffe185c1c650f5bd835b19103a7b279bd;0x3e2dec862f355c3b2d929ca2f2b9e53f10bad8f59dade1241180e98845564723;0x3115de97;0x3115de97L;0.500000;1503102150;1503102151
1;512;8048;0x9079521366b94a15a07892c31a500dc549444e0c867468b3c8e9d5635567a0e6;0x5b4c3ec6ccc7b565706c3db26b122926f05c6490afbb11bd705e986237f76d0a;0x1a8967fa;0x1a8967faL;0.500000;1503102151;1503102152
