1;512;8048;0x6cdc8c3315236cc7c1f56973019645945e0ad9307a11043be0c7bcf8d328e540;0x4c36caf239634c2f747c96107f1b8aceaff57b0b8e5da949049867d5094ad240;0x8fa9de49;0x8fa9de49L;0.500000;1503089690;1503089691
1;512;8048;0xc7b2f16b07eeadb4c0f3d152f1c031f2c337972b0db23d3a40faedc9a825506f;0x7629cb6cf7d6738a52337ec8e4a62379205a09f82f45fa81dab55eee48c21775;0x78b34509;0x78b34509L;0.500000;1503089691;1503089692
1;512;8048;0xe3e1c3cb8d0c33186667f06617204c72a8a9ff9e25348ea9c835c9e715a072f8;0x04240f98ad43d7b7569abbd4132eb60b59f2bfe4e71a3a395a3da48ddbc8ec64;0xf6255ca9;0xf6255ca9L;0.500000;1503089692;1503089693
1;512;8048;0xc2ae0cb93c679a426a121d58eefe99d386c6ca4843d61bc93263e90282027444;0x0fcdf28f10e154706ac75041286fb6216b563fa5f389cabcdde332f5e6b82d60;0xeb034878;0xeb034878L;0.500000;1503089693;1503089694
1;512;8048;0xc5ecd3ff7fd23576db2093d84152451cb02e379d8ecf38e807a0ff8b2fc1c9f4;0xac640e08e1ad92102bd4df25232f80408d8be72bc5078f48d0ecb313168a8b69;0xbd305d3f;0xbd305d3fL;0.500000;1503089694;1503089695
1;512;8048;0x77ae8c8d5ac31f30c868e49e61dba5ffdca5e348d907efed74ee5fffc7cbcd3e;0x611c3721f10612b07b93c726609f390af4ffe4cdc43600b1a5b6190d6e58d746;0x47b826f4;0x47b826f4L;0.500000;1503089695;1503089696
1;512;8048;0xf94749f3377d030eda4a6a96c8dcc6fc7a77caa190e67c2317f945866173415a;0xe2b2fb01b0fa2ea52a816bb3c7ed5d5d3f4787c7fff9664bafa78154e7fd34a6;0x32418001;0x32418001L;0.500000;1503089696;1503089697
1;512;8048;0xc39b11cae60c48cb46dab4748db6b8b0a13a647882ff254c90c514eb6fe58c32;0x31d271e97306712c58c04358f885a29f1391c69ad52d1686d4b2c33d608ea782;0xec2b56ec;0xec2b56ecL;0.500000;1503089697;1503089698
1;512;8048;0x2bd6789334179eecd84b08d67a389b5536ebfc5dccd70b2f069e5f2f3253075e;0xc11f87148a2724ea46572ac452aa5d99d8a8503e8b655c187ef6e8d73f3ed499;0xd8d1a830;0xd8d1a830L;0.500000;1503089698;1503089699
1;512;8048;0xcbf870bcf23ce8408414456514904e64bdf75cdab371a48165bd663334730700;0x8419e61f0f9a28cb9ad52d2d39fa04fb838a01a2496e2e37bbf262cd3eb2f094;0x36160aa2;0x36160aa2L;0.500000;1503089699;1503089700
1;512;8048;0xdc235eb777f25847fd557c7ac17748ea13bd680a439e2049983a331b55ce4832;0xd85cc08243cd9da9f11b8e57c686b3576bab82062723ee9b6e2fd5e3523c629b;0x48914263;0x48914263L;0.500000;1503089700;1503089701
1;512;8048;0x2fbbb4bdcb6be1a7be10f052aa74f55b9f97f2387d155aa29ac9a80967a58496;0x0ae4e19a175d896fc3d40852d949b1d21c22536ad3871a36152631b8c480043a;0xec2b1e8d;0xec2b1e8dL;0.500000;1503089701;1503089702
1;512;8048;0x4be18f573ec4e84d5972d73aabe5d1806a6504556be3e908d208825ed14d8a1c;0xc6b2ce0eac99b05c2ddd39a12c9711a1d291a451b8ddbefb2edcd7cddd618261;0x626be622;0x626be622L;0.500000;1503089702;1503089703
1;512;8048;0xbfce7cd1b9bb210f30ebc2bae6b9dfcca90d89a5a206cfc017f4a4be52f34a12;0x3bcbb369a1efc51b94d091376b5e4fa5169fb425175f38fa20a03cc35fcf5e66;0x37bb868d;0x37bb868dL;0.500000;1503089703;1503089704
1;512;8048;0xb2e4f6bf329d46b05b7e2bfb0c54215000cf19bcd6811993f02958b920f671d3;0x7df4f7343dfa2f3e15ea8cfe659594f57a407f422a05aa65f3c522dd789fef86;0x284932ca;0x284932caL;0.500000;1503089705;1503089705
1;512;8048;0xba151136b07c3324877dcbac9c702087fa67b9466da9d9022f93bfd3b353c26d;0x318732c812076fec4c37da4db6b3385bc19ab7657fb35c5e86a48303dd0936d6;0x1e2f661f;0x1e2f661fL;0.500000;1503089705;1503089706
1;512;8048;0x354a140119f0a22293d55dfda8a7219d7ffa27fd75c111a305412f8deca42922;0x9040c8ff11c075bf00873b635a0330c0fa5395748ddf84ec726f51aa48108de5;0x67d740c5;0x67d740c5L;0.500000;1503089706;1503089707
1;512;8048;0x492ef56c657b7d0c8e7d575d78a2a2d74c174204ad86cf50a0e2a97747171d90;0x0a6432a3b4006909720349fdd1c14bbbb5456c52161c3af0ecd9435ec3178ccf;0xc4737c09;0xc4737c09L;0.500000;1503089707;1503089708
1;512;8048;0x83a26b9eeb285c326b22852f86c6e6ca64eab61b4dc7abead5fd41dd9b91e21e;0xc3512276e9a68d30ea086fea45d9f1446868c827b90978e985c9e868f3088f64;0x9044e4f2;0x9044e4f2L;0.500000;1503089708;1503089709
1;512;8048;0xd4400ca651508fdce69973d6b962b65b5abdb245ccf7bd21607f49b4b360cd87;0x4a8b9aa969da6f5a562acd2dccda2bc5ecbe9507c28814a7ae747371026b3f04;0xe7c3d383;0xe7c3d383L;0.500000;1503089709;1503089710
