1;512;8048;0x11b54f3b6e37d89f7c73a483021e152a2082ef2672f73ab400ecfcb3edb0e2fe;0x007f94d16ee28f1bc146a33a93d0e6b8c4ab1f5bd479210d8ad6f4ed65e45eb2;0x48d204f3;0x48d204f3L;0.500000;1503086599;1503086599
1;512;8048;0x11b54f3b6e37d89f7c73a483021e152a2082ef2672f73ab400ecfcb3edb0e2fe;0x007f94d16ee28f1bc146a33a93d0e6b8c4ab1f5bd479210d8ad6f4ed65e45eb2;0x48d204f3;0x48d204f3L;0.500000;1503086600;1503086600
1;512;8048;0xf16c72eb3893c7074f9ae5cdb1d11be474e9d356e0a9a5bc397109954dad703e;0xfcab86092f684904ea921dc91cb2cea7aad5eee5a538e92b652a2c2838b1047f;0x815f9c13;0x815f9c13L;0.500000;1503086601;1503086601
1;512;8048;0x83ba29a8ffc3043ce8734911b2f3c9d189cd2fa333513d228bceceda9f86c122;0xafa951c4ccac67d882193bb58127f400bde11264db06e522c7344c6bb5d58777;0x025d0d6f;0x25d0d6fL;0.500000;1503086601;1503086602
1;512;8048;0x230cfc3436fd495d06bfe53215802e14876ccc2eb26d8e794aa4e08bf315e416;0xe57e1ac718224714cdf37ffafb925a43c55dd091bf94d7872aa353485957751c;0x475e0c97;0x475e0c97L;0.500000;1503086602;1503086603
1;512;8048;0x2f249a804bd6ff88a7a6982a1267440cdcaff190a3b44e86c51c9183c275b6f1;0x9246f8eafeb6226a67b7e86d5569de7d0933a2c7f72db6655215c312d3193a48;0x45ddd8b0;0x45ddd8b0L;0.500000;1503086603;1503086604
1;512;8048;0x2ab6312244a73e9360a2677fba87269815368e83faf17658114dc8a324409e4f;0x729826d7854ec6339e1e0a8bfe95ab6377b2844c2938cc7620f93399257d89ac;0xea938b93;0xea938b93L;0.500000;1503086604;1503086605
1;512;8048;0x95ee10589bd23485e69b4a7ba7744a59218f31c07ec426377b4f1cdff896238d;0xc70fb071a34f33ff2999fd8762086bb310802b266948c7adff7a44e5017ac098;0xf014bbb6;0xf014bbb6L;0.500000;1503086605;1503086606
1;512;8048;0xa9df32dd524ea177b2e55bf9e6564573a18cb5d1defd5b7060fb32fc77aa5d20;0xbef806d8c18190bb34c0f65a3014efa817021806fda2d2edc68915269b6e1b7f;0x4d164b63;0x4d164b63L;0.500000;1503086606;1503086607
1;512;8048;0x70855f2638dbb4f20048f4307c92d6555dd7397576b8a3c9a403f1f3982a7408;0xadd2ca58777b1af4b7e9a1b269c1f374ade8d2939e12e3f82dc08709a307da4e;0x5a3e2904;0x5a3e2904L;0.500000;1503086607;1503086608
1;512;8048;0x28041f2a90555cb70bcfb4ab741773f345297fe13820bb1ff4bc5aeca8c12ed0;0x76915082e47a40407e18edc3b987c0701edf7a91aa99d9dcfa2810db8dc33ef5;0x34ecb5f1;0x34ecb5f1L;0.500000;1503086608;1503086609
1;512;8048;0x640da376ebd4b914ad40134b47b28911c478575538abbf37ceac7f0a2776828b;0x925887d5dfe97203b5cab6b96273e7b4b8f9f268052ed2803be35c02e51b3ca2;0xbdde16e7;0xbdde16e7L;0.500000;1503086609;1503086610
1;512;8048;0xe6afef361d0083c8273ee068e0f439de4f67f572b681011eef7c890821924807;0x918fb2411426c8cf6cdfcf83b4468d0d4687cff3e019e77a24ad5fb191678fbb;0xa4b0cd2a;0xa4b0cd2aL;0.500000;1503086610;1503086611
1;512;8048;0x075c9e16466226d3b2f9296004e20f7317e6857f1885fe11489a05fbc36733ca;0x2a3cb759ec61063561e6d2687c3d137ac6640a040f5142794338f210ab1431a3;0x567bb215;0x567bb215L;0.500000;1503086611;1503086612
1;512;8048;0xe42ddc8eb821c43bd069890a2a242c0344423b30c895ad2a7e92abc32800de0c;0xa05ff0c3a90507646af7b274291ec7718c614a60f05353062ba858dc3c85a5f9;0x215e6173;0x215e6173L;0.500000;1503086612;1503086613
1;512;8048;0x21da3cfa791e834fe6ae07bce7ebf26e253f88c68d1d4fb9175d1c90a41b9fc5;0x584fbddf9a91e153c6220ae4ec4829500d0526b3eb9967246f363da2fc69e7ea;0x42ee445a;0x42ee445aL;0.500000;1503086613;1503086614
1;512;8048;0x20263f07d48e3445ee70e200e5116f7826195b367208493a18db48f4008b5e20;0xcfb96066c8b4a4ece12fc95b71defd84e3a8287c9bb700cee2343a709770deb8;0x85b60c71;0x85b60c71L;0.500000;1503086614;1503086615
0;512;8048;0x215e65bec2e43748239383e7d2b1b92db128adfcbf832bb926e353430743cd28;0xcde34a9e3aa15a872d3064cdf5cc3ab3900780a3f9613e12cd5ae786fc258a1b;0xb5fb6ff3;0xabc7aaa6L;0.500000;1503086615;1503086615
0;512;8048;0x215e65bec2e43748239383e7d2b1b92db128adfcbf832bb926e353430743cd28;0xcde34a9e3aa15a872d3064cdf5cc3ab3900780a3f9613e12cd5ae786fc258a1b;0xb5fb6ff3;0xabc7aaa6L;0.500000;1503086616;1503086616
1;512;8048;0x5d2598e432030153ce59eab997e5b04874197b9a0c982a48129f7532069ea963;0xdab03f4ec910135e7833012adcf8d7c92443bb9fe3a3dff6618136458e397905;0x60ef917e;0x60ef917eL;0.500000;1503086617;1503086617
