1;512;8048;0xb269f0371005acb59e40938186ee18a69c15b059e24ef955fa0c2bb7f89c66ab;0x93acc0398a9928667be36bb4b177bb996497bd54a449a891c3c09dfa1376dc48;0xae031aca;0xae031acaL;0.500000;1503107455;1503107455
1;512;8048;0xb269f0371005acb59e40938186ee18a69c15b059e24ef955fa0c2bb7f89c66ab;0x93acc0398a9928667be36bb4b177bb996497bd54a449a891c3c09dfa1376dc48;0xae031aca;0xae031acaL;0.500000;1503107456;1503107456
1;512;8048;0x47a45ad4a309896fbb4ccc81b58383143cb4c2da03637c831a7e616019698960;0x8518ddb3b165f6dea1922c1ee9cda5fa1a86c2e55135a5485da865e895a6b164;0xb905bfa2;0xb905bfa2L;0.500000;1503107456;1503107457
1;512;8048;0xdc2556ec92be7f0bb1895d23bf04a5995df7a0e77b47ae769db696c5612dd83d;0xbc47ecc0d5c9c8af8afa4b9587f5c4a1b2cbed7d531ffee9f0899201e664e314;0xb786d926;0xb786d926L;0.500000;1503107457;1503107458
1;512;8048;0x699f34d7b022fd275fb088b456b16bb45ab5995ca13a14a5779e51df4f79f7b8;0x0516df5291571e396e13dfebedc943a1267172b7374e3c95ddc156b1cf2fb772;0xc43e6c16;0xc43e6c16L;0.500000;1503107458;1503107459
1;512;8048;0x269d0766f39248ef383f747ac50fd1b73ec1f752e5989351f77897896c7b2e92;0x1c04336767694f28aa298247250e1b1cab77651bebe1351a7cec69fd0a317559;0xc30f119c;0xc30f119cL;0.500000;1503107459;1503107460
1;512;8048;0x0d5587bd9772bb5efb127ddf761953b9f7b0ed45c911e1f5b0aebe46f7e07d04;0xb78059c37060993e2058333611e8d5f521d1c945f27f8a2c10341ec5c4ed6a92;0x0cb5183a;0xcb5183aL;0.500000;1503107460;1503107460
1;512;8048;0x0d5587bd9772bb5efb127ddf761953b9f7b0ed45c911e1f5b0aebe46f7e07d04;0xb78059c37060993e2058333611e8d5f521d1c945f27f8a2c10341ec5c4ed6a92;0x0cb5183a;0xcb5183aL;0.500000;1503107461;1503107461
1;512;8048;0x0c204fc82e465c5f182c730b8fcb3991e7ea563c6cd05d3e94c5b9dac7c854d3;0x7b8705458ba54868709268e0d17172695e0ab18b93ba657c784d8211581a8eac;0xe63f0f9b;0xe63f0f9bL;0.500000;1503107461;1503107462
1;512;8048;0x93b81330e645fdac4981eeb1d6c40ad202eb6041264854ed31ee06015af24fed;0x70a1099ae50ddebf2dc2c3d95cfbe16045fa2bc95919e279f8c32b8a7e6433e4;0x5b32390f;0x5b32390fL;0.500000;1503107462;1503107463
1;512;8048;0x5f92dd854ba09d8e91fe2d9385cd06469f384c1c4995d894c72f42447f7c4fde;0x88c387a1c81844128679277ec25e44b14e44487febe67e673f5e34ecd613c1a2;0x64f15430;0x64f15430L;0.500000;1503107463;1503107464
1;512;8048;0xe074055cd95410f0b7aeb92853e6744235f3aed9823fd08d9a33a96865f25b45;0xf914738f5708ddf9865af9cf8ce837ac4dea51147b7d5e7d5b8eb14384fc9c85;0xa98a5a9c;0xa98a5a9cL;0.500000;1503107464;1503107464
1;512;8048;0xe074055cd95410f0b7aeb92853e6744235f3aed9823fd08d9a33a96865f25b45;0xf914738f5708ddf9865af9cf8ce837ac4dea51147b7d5e7d5b8eb14384fc9c85;0xa98a5a9c;0xa98a5a9cL;0.500000;1503107465;1503107465
1;512;8048;0x538cf6e04554d87bff9e95421a38e31573891e446fec19a76b951da29627e8e9;0x388644254189186c717ce6aec283d1bed8d0b66c9685ffceecde7a753e90d0c3;0x4c4d6d5b;0x4c4d6d5bL;0.500000;1503107465;1503107466
1;512;8048;0xe974ca4186a5741ebdf62e27c77dcde9d5523861d898ad0aef5616b4d9ac24c2;0xd84efdac44bd03ea65e4060797b944ad556f53dcad57295644684664f53be914;0xfa841caf;0xfa841cafL;0.500000;1503107466;1503107467
1;512;8048;0x69d7dd1939cb986983aca59fae4a861bc100006253b27091318e45a329e4dc92;0xaf5495bf066bbf17056b317cecf5681000f7744058dc12e1a6d1558d3afb42f7;0x1813679b;0x1813679bL;0.500000;1503107467;1503107468
1;512;8048;0xfb9eac5412b7208f476afa896d03d37c06f1532e63c18b4f15b1a1dd451c2041;0x09075c8044df5e23e002f76d2e0c095408b086931499c47a326fa21fd4ff8cd4;0x1069fe18;0x1069fe18L;0.500000;1503107468;1503107468
1;512;8048;0xfb9eac5412b7208f476afa896d03d37c06f1532e63c18b4f15b1a1dd451c2041;0x09075c8044df5e23e002f76d2e0c095408b086931499c47a326fa21fd4ff8cd4;0x1069fe18;0x1069fe18L;0.500000;1503107469;1503107469
1;512;8048;0x1ccff4269071436576022f7a8db7a4a691ea9ac19417e81b024d4789b29aaace;0x6ffda3eb92d838b85b3c25a84e52ea6c3b1e884df779822647ccfb57cdc1d938;0x3a343b53;0x3a343b53L;0.500000;1503107469;1503107470
1;512;8048;0xc5df0717d277aace09c3c11756c44d355368a1f737eeff8e7ff5a86033d304f8;0xeff3d2edb5a49fa4b7b5c0f41791e786272452b7bbc654c90a7ddf4407b9fbd7;0x8df33783;0x8df33783L;0.500000;1503107470;1503107471
