0;512;8048;0xf3e28686b58b45d15c81c597170472d1cd950d6d79bc635851558d2638893c2b;0xaed527cc7266728fe4fc666fe3163ab15259a14e0a617d036270328f2c1e819f;0xcd5d6f52;0xb073aa03L;0.500000;1503128507;1503128508
1;512;8048;0xbb94e6875e70ad425f5226ad52e58753a70a7df86b8cd79433ea6d962c3b68e7;0x94354ae454b4170341651a978a87e83da56ecbd24845bed0688e11a84b0deb65;0x5e01b599;0x5e01b599L;0.500000;1503128508;1503128509
1;512;8048;0x085df846c7fd3dfacf25a322d85e1600d31c161eb54e54c0366d8c85eabf99f2;0xeb1103c77a759ac0086b450b5c4d2ce0c9d45be7ef1220cb7309ec683091003f;0x78286ca2;0x78286ca2L;0.500000;1503128509;1503128509
1;512;8048;0x085df846c7fd3dfacf25a322d85e1600d31c161eb54e54c0366d8c85eabf99f2;0xeb1103c77a759ac0086b450b5c4d2ce0c9d45be7ef1220cb7309ec683091003f;0x78286ca2;0x78286ca2L;0.500000;1503128510;1503128510
1;512;8048;0x125f5fff12d09c465d6ceb2736aed72170b0c2bbc2c992ca4341ddf171ec9983;0xacac7170e7b192857b3dfc123d47fb650ab40fa6209c6c7b5e0deb2c0ed068a6;0xdce4da22;0xdce4da22L;0.500000;1503128510;1503128511
1;512;8048;0x068cd73ff6af6407a3983c6707342cbfe9713478dc98f864d18ef0669890109e;0xee4221e6beac8679e60add057b9cea094ff8de5cf2983bf9cfa3bb3b81431fba;0xcd41bd12;0xcd41bd12L;0.500000;1503128511;1503128512
1;512;8048;0xf4ad571f3d220a5fd60c82070207cf47d38d890230922ffd1a118f70d79e19cb;0x6dadee4798f83398363ae08fe57d2b5e260bd6ef1d18b7728486aed7ca139591;0xf5c21d4d;0xf5c21d4dL;0.500000;1503128512;1503128512
1;512;8048;0xf4ad571f3d220a5fd60c82070207cf47d38d890230922ffd1a118f70d79e19cb;0x6dadee4798f83398363ae08fe57d2b5e260bd6ef1d18b7728486aed7ca139591;0xf5c21d4d;0xf5c21d4dL;0.500000;1503128513;1503128513
1;512;8048;0x6b9e4827610e95e5d953cbe82578a525b1f91c2f8c8d48d8cdf740ffb305841e;0x8a3ad269d540bab811ffb1ee53713ee5a68488c1d734e2d797583aee707176a7;0xa742fb8f;0xa742fb8fL;0.500000;1503128513;1503128514
1;512;8048;0x5188aa0c81ed285dace5eb3a682100b57c24add68ad621cbeb3a5de63cf65e8d;0x733bf25d9a467004588cd119e3fe9636fed564d69b3306e002448f733c952c1d;0xc4c7cfd6;0xc4c7cfd6L;0.500000;1503128514;1503128515
1;512;8048;0xb41c126dcb517be1dc2a3af9362f4c71abbc43ef95e34bf4152d008a0d7a3cc1;0x64b0f4ba33c797419f69a7de161b89350252b56b842fa0886c97d15894e6c1a4;0x6c2c8656;0x6c2c8656L;0.500000;1503128515;1503128516
1;512;8048;0x1afb08dae566c00746c513cfad937046b8887c50041aa3cb27138c5e0430921e;0x41a256f219366dea6cc0a9ca256337ed31f6ae297fb62b40f255a53fca126366;0x9b0aaf09;0x9b0aaf09L;0.500000;1503128516;1503128516
1;512;8048;0x1afb08dae566c00746c513cfad937046b8887c50041aa3cb27138c5e0430921e;0x41a256f219366dea6cc0a9ca256337ed31f6ae297fb62b40f255a53fca126366;0x9b0aaf09;0x9b0aaf09L;0.500000;1503128517;1503128517
1;512;8048;0x7322b58c36f462b1e46c9e8587c5f9aed557c26d33111c6248106ff6d42b8848;0x025eec52aa4425c38319ed498e98c635744b3342de208f4d7c5189adcc28d56c;0xaec99582;0xaec99582L;0.500000;1503128517;1503128518
1;512;8048;0xcd79a3083d9f9f65779a7629b95d3b290e9fd65c3fa2e633141adca1eaf15db7;0x2da1a409750b3b927a6fb94d3860a85c120f2b2291af16c10811fd6f97697771;0xddb36996;0xddb36996L;0.500000;1503128518;1503128519
1;512;8048;0x8fa289c779118699dc167450e3d082e6920267e35ad2f1d13c49606d113d78a0;0x47a3a9bc1abd1bb9d7440840fc847845ae0516d7c527c04dc8d1fc2f750f2528;0x0335fc5b;0x335fc5bL;0.500000;1503128519;1503128520
1;512;8048;0x6f2f772c5199a2b984c3d81dff7571c6c0732dac329db5fba89a775d98678708;0xadf944a2cf4cc0dc4cfefb4399452b45cbb3fb19cddd40f513d182de58b5da97;0x52fb807c;0x52fb807cL;0.500000;1503128520;1503128520
1;512;8048;0x6f2f772c5199a2b984c3d81dff7571c6c0732dac329db5fba89a775d98678708;0xadf944a2cf4cc0dc4cfefb4399452b45cbb3fb19cddd40f513d182de58b5da97;0x52fb807c;0x52fb807cL;0.500000;1503128520;1503128521
1;512;8048;0xd3273b9a76fe461aaa7831c6ea1ce54c5992b3aaad646f65bc28b31cfe9912d1;0x4d30afd86b70120e47f34f783b5940ddb844459ff704eb2c78b0cfb481f987a5;0xa46d58ab;0xa46d58abL;0.500000;1503128521;1503128522
1;512;8048;0x5c302e27aa021303b62219e374d233332da8eb8e26ceedd3ae44c6c92d1c0889;0xf4b83e39d5741e6d9223c70f62f4bb977fda9111fa7a77d86f003c8ab05d90b0;0xf7da178b;0xf7da178bL;0.500000;1503128522;1503128523
