1;512;8048;0x973e0ffcd31485fa34ba0b06acc8a06944c51f915c2f5a41088577a656e2afee;0x7b5d8a53154b295b7bb07195c8e85d9ef3def9cfe95b6327aa2f90f00f290cb6;0x247c8546;0x247c8546L;0.500000;1503098211;1503098211
1;512;8048;0x973e0ffcd31485fa34ba0b06acc8a06944c51f915c2f5a41088577a656e2afee;0x7b5d8a53154b295b7bb07195c8e85d9ef3def9cfe95b6327aa2f90f00f290cb6;0x247c8546;0x247c8546L;0.500000;1503098212;1503098212
1;512;8048;0x6ee1035f1755fdf83156b375e046e7361fbd1dab52acc4c78e43643e55a289c3;0x3f4e61302b2b246104de65052d76dde223657bf36bfde17e294dc337362bcc4d;0xa477de2c;0xa477de2cL;0.500000;1503098212;1503098213
1;512;8048;0x0af4ff4c80f6bca073d82838209beffa74659ad3b71505db865632d3c6b842d0;0x2baa05e6fecd6bd07a566db043b1de3ffbba15392bc348a7365ee14bc5058c5d;0xd531a043;0xd531a043L;0.500000;1503098213;1503098214
1;512;8048;0x5e7b3c607b102a62d996d3387d1a1f381cddf41a04d1e8c1f9e4e69907da7766;0xfb94ab576322c25be83374a7e26c7fb93bd870086abba5fd3251d9a2dee06618;0x19d45e2d;0x19d45e2dL;0.500000;1503098214;1503098215
1;512;8048;0x86ff9662137f4a20a59c899d580eb7cf0f60e8b514bc989d60b8ff498582e40b;0x7aec5a04a91286d7e2d0b0cde7027f6d99ccd4ed31ab402aa3e7285234b9ac53;0x78adc02a;0x78adc02aL;0.500000;1503098215;1503098215
1;512;8048;0xf7d2bb8008a983dd113f8eb3c223976cf498d9b15c512be934e6bc733343412b;0x845621b95274d37948984f55d0522d3151b5880cb75457242cc634c83ca6cde6;0xa69018fb;0xa69018fbL;0.500000;1503098216;1503098216
1;512;8048;0xf7d2bb8008a983dd113f8eb3c223976cf498d9b15c512be934e6bc733343412b;0x845621b95274d37948984f55d0522d3151b5880cb75457242cc634c83ca6cde6;0xa69018fb;0xa69018fbL;0.500000;1503098216;1503098217
1;512;8048;0xc6da01bf095c3708091e385cae53a77abd720c0494095201ad44340fecbde4b2;0x1607469beeca50d4cc822efdeadf0e8082727dfbea92a8b29f112d43475ee637;0x9143b8fa;0x9143b8faL;0.500000;1503098217;1503098218
1;512;8048;0x453edcfa8c8acd551701afef99eed4a8b7f04fd85fc2cf39d0ea83053c431282;0x56dd8c9a386d7442f56eaa5f49eaebb90f7626baae4d8fb7ff1f891ddf69eb8a;0xa4b11632;0xa4b11632L;0.500000;1503098218;1503098219
1;512;8048;0xffeff2964416d564e40b387da6935c9b0aefebf9664b36a3e1b39d8d794ff579;0x48dbafa0e2ac28ef96ff512d0edd8c922979a7134fcdeb99046597b1fa1e3225;0x5c0955aa;0x5c0955aaL;0.500000;1503098219;1503098219
1;512;8048;0xffeff2964416d564e40b387da6935c9b0aefebf9664b36a3e1b39d8d794ff579;0x48dbafa0e2ac28ef96ff512d0edd8c922979a7134fcdeb99046597b1fa1e3225;0x5c0955aa;0x5c0955aaL;0.500000;1503098219;1503098220
1;512;8048;0x29f4dfeaaf17b3c7798ec89b9fb5310ce9497783977e11a80f70cfbec2364bec;0x43af00224db664d9f5dfd4b1d9850b0da5bb61d8056ecc515fecc86333462a7c;0x5971d940;0x5971d940L;0.500000;1503098220;1503098221
1;512;8048;0x891c659380932ca29a39ded3d45a208edfbf80e7e19a83896aa6feec52e82adb;0x8f501ccdda3dc1919af750d4ba305e1e3e1530cd79a958fcb56d3d0dd3366de9;0xf6f1ac47;0xf6f1ac47L;0.500000;1503098221;1503098222
1;512;8048;0xbc8e39fc1ddcb860c9760fcc1229d110627a4a86849189140a89246b53a3750f;0x5088c98c4831dd36f3513d6c7cfc51cf2475cc8fb280f2906e989ac6f1bd51ff;0x36637270;0x36637270L;0.500000;1503098222;1503098222
1;512;8048;0xbc8e39fc1ddcb860c9760fcc1229d110627a4a86849189140a89246b53a3750f;0x5088c98c4831dd36f3513d6c7cfc51cf2475cc8fb280f2906e989ac6f1bd51ff;0x36637270;0x36637270L;0.500000;1503098223;1503098223
1;512;8048;0x8932304e239ff005990ff8603577cd8400971eeda01f8577e1a39494b42bd43d;0xd64381702b0d83b7d8e23a27528961edefed72ff10802ecebfdcb59454a8911c;0xfebea014;0xfebea014L;0.500000;1503098223;1503098224
1;512;8048;0x78bdc70ebf531aa241425a02c8b862d8aa1f8429224ea1829429083a3054eda8;0xbb0732f85cdba55092b0e61bceabadc772e0cca84cfd427aab0aaf1df9cc5e50;0x4ae47c37;0x4ae47c37L;0.500000;1503098224;1503098225
1;512;8048;0xf0a887bb4ea968e25689f594b61521267ffb0ec4117978af2643c936d4934bc4;0x4f490d82edd95b6b260b0cda6083a83b69bedb91164a9fc0116efed5e206d7a6;0x1dc1cb03;0x1dc1cb03L;0.500000;1503098225;1503098225
1;512;8048;0xf0a887bb4ea968e25689f594b61521267ffb0ec4117978af2643c936d4934bc4;0x4f490d82edd95b6b260b0cda6083a83b69bedb91164a9fc0116efed5e206d7a6;0x1dc1cb03;0x1dc1cb03L;0.500000;1503098226;1503098226
