0;32;8048;0xb591aa793f62ac221f7d17f32a63c13421df9ece82f7a16253508f3beb294ca0;0xaf23077f60805adc037554c12bd92813eb28652eac044a8434462fbfbea873d9;0x47bc41f3;0x62592560L;0.500000;1503114655;1503114655
0;32;8048;0xb591aa793f62ac221f7d17f32a63c13421df9ece82f7a16253508f3beb294ca0;0xaf23077f60805adc037554c12bd92813eb28652eac044a8434462fbfbea873d9;0x47bc41f3;0x62592560L;0.500000;1503114655;1503114655
0;32;8048;0xb591aa793f62ac221f7d17f32a63c13421df9ece82f7a16253508f3beb294ca0;0xaf23077f60805adc037554c12bd92813eb28652eac044a8434462fbfbea873d9;0x47bc41f3;0x62592560L;0.500000;1503114655;1503114655
0;32;8048;0xb591aa793f62ac221f7d17f32a63c13421df9ece82f7a16253508f3beb294ca0;0xaf23077f60805adc037554c12bd92813eb28652eac044a8434462fbfbea873d9;0x47bc41f3;0x62592560L;0.500000;1503114655;1503114655
0;32;8048;0xb591aa793f62ac221f7d17f32a63c13421df9ece82f7a16253508f3beb294ca0;0xaf23077f60805adc037554c12bd92813eb28652eac044a8434462fbfbea873d9;0x47bc41f3;0x62592560L;0.500000;1503114655;1503114655
0;32;8048;0xb591aa793f62ac221f7d17f32a63c13421df9ece82f7a16253508f3beb294ca0;0xaf23077f60805adc037554c12bd92813eb28652eac044a8434462fbfbea873d9;0x47bc41f3;0x62592560L;0.500000;1503114656;1503114656
0;32;8048;0x989d33b8546b1dacbe357b1018220d64f463a33829eddefe3e7c310a3afe6cd3;0xd055f0b5a4523cfc0438fdd6cefdda3952881000466d01d1d085429febd805dd;0x35b7e97f;0x1b1b175fL;0.500000;1503114656;1503114656
0;32;8048;0x989d33b8546b1dacbe357b1018220d64f463a33829eddefe3e7c310a3afe6cd3;0xd055f0b5a4523cfc0438fdd6cefdda3952881000466d01d1d085429febd805dd;0x35b7e97f;0x1b1b175fL;0.500000;1503114656;1503114656
0;32;8048;0x989d33b8546b1dacbe357b1018220d64f463a33829eddefe3e7c310a3afe6cd3;0xd055f0b5a4523cfc0438fdd6cefdda3952881000466d01d1d085429febd805dd;0x35b7e97f;0x1b1b175fL;0.500000;1503114656;1503114656
0;32;8048;0x989d33b8546b1dacbe357b1018220d64f463a33829eddefe3e7c310a3afe6cd3;0xd055f0b5a4523cfc0438fdd6cefdda3952881000466d01d1d085429febd805dd;0x35b7e97f;0x1b1b175fL;0.500000;1503114656;1503114656
0;32;8048;0x989d33b8546b1dacbe357b1018220d64f463a33829eddefe3e7c310a3afe6cd3;0xd055f0b5a4523cfc0438fdd6cefdda3952881000466d01d1d085429febd805dd;0x35b7e97f;0x1b1b175fL;0.500000;1503114656;1503114656
0;32;8048;0x989d33b8546b1dacbe357b1018220d64f463a33829eddefe3e7c310a3afe6cd3;0xd055f0b5a4523cfc0438fdd6cefdda3952881000466d01d1d085429febd805dd;0x35b7e97f;0x1b1b175fL;0.500000;1503114657;1503114657
0;32;8048;0x7214d8eba742d8a6edd13ae0f322d39f613c557be2e91f63c14e2c88ef1b1961;0x848340c52c4067c72b194c8082934e44f834316d101b2474cec7c0070fc730bf;0xe96ca17c;0x1b1b175fL;0.500000;1503114657;1503114657
0;32;8048;0x7214d8eba742d8a6edd13ae0f322d39f613c557be2e91f63c14e2c88ef1b1961;0x848340c52c4067c72b194c8082934e44f834316d101b2474cec7c0070fc730bf;0xe96ca17c;0x1b1b175fL;0.500000;1503114657;1503114657
0;32;8048;0x7214d8eba742d8a6edd13ae0f322d39f613c557be2e91f63c14e2c88ef1b1961;0x848340c52c4067c72b194c8082934e44f834316d101b2474cec7c0070fc730bf;0xe96ca17c;0x1b1b175fL;0.500000;1503114657;1503114657
0;32;8048;0x7214d8eba742d8a6edd13ae0f322d39f613c557be2e91f63c14e2c88ef1b1961;0x848340c52c4067c72b194c8082934e44f834316d101b2474cec7c0070fc730bf;0xe96ca17c;0x1b1b175fL;0.500000;1503114657;1503114657
0;32;8048;0x7214d8eba742d8a6edd13ae0f322d39f613c557be2e91f63c14e2c88ef1b1961;0x848340c52c4067c72b194c8082934e44f834316d101b2474cec7c0070fc730bf;0xe96ca17c;0x1b1b175fL;0.500000;1503114657;1503114657
0;32;8048;0x7214d8eba742d8a6edd13ae0f322d39f613c557be2e91f63c14e2c88ef1b1961;0x848340c52c4067c72b194c8082934e44f834316d101b2474cec7c0070fc730bf;0xe96ca17c;0x1b1b175fL;0.500000;1503114657;1503114657
0;32;8048;0x7214d8eba742d8a6edd13ae0f322d39f613c557be2e91f63c14e2c88ef1b1961;0x848340c52c4067c72b194c8082934e44f834316d101b2474cec7c0070fc730bf;0xe96ca17c;0x1b1b175fL;0.500000;1503114658;1503114658
0;32;8048;0x1a0eb632f3f77126810430291ab1311810d9149623778bbcc0b43708454f595f;0x609948e960d45a18ec77bbb2b5f810e1d5f6a5e8d3153e9c75fda4572a597c3e;0x4320609e;0x1b1b175fL;0.500000;1503114658;1503114658
