0;32;8048;0x7f1fe8c7945735288855fc6eb01f1d39d4dcfa8edd468adf6961aae5e2141062;0xae0ed9feb59cee284dbca687574fbb9daa8742bb38f2ae1405aeab0ad0faf4f9;0x3baddfd8;0x62592560L;0.500000;1503139629;1503139629
0;32;8048;0x7f1fe8c7945735288855fc6eb01f1d39d4dcfa8edd468adf6961aae5e2141062;0xae0ed9feb59cee284dbca687574fbb9daa8742bb38f2ae1405aeab0ad0faf4f9;0x3baddfd8;0x62592560L;0.500000;1503139629;1503139629
0;32;8048;0x7f1fe8c7945735288855fc6eb01f1d39d4dcfa8edd468adf6961aae5e2141062;0xae0ed9feb59cee284dbca687574fbb9daa8742bb38f2ae1405aeab0ad0faf4f9;0x3baddfd8;0x62592560L;0.500000;1503139629;1503139629
0;32;8048;0x7f1fe8c7945735288855fc6eb01f1d39d4dcfa8edd468adf6961aae5e2141062;0xae0ed9feb59cee284dbca687574fbb9daa8742bb38f2ae1405aeab0ad0faf4f9;0x3baddfd8;0x62592560L;0.500000;1503139629;1503139629
0;32;8048;0x7f1fe8c7945735288855fc6eb01f1d39d4dcfa8edd468adf6961aae5e2141062;0xae0ed9feb59cee284dbca687574fbb9daa8742bb38f2ae1405aeab0ad0faf4f9;0x3baddfd8;0x62592560L;0.500000;1503139629;1503139630
0;32;8048;0x15f4858116434046f9c54bff859b37e33ea82dd60a6796c4c5eaccd9618e7d76;0x2aae800b9adeeb56288b037e02ef5e071bda00570416b4268d7deeda7af3c6cb;0xfd421dbd;0x1b1b175fL;0.500000;1503139630;1503139630
0;32;8048;0x15f4858116434046f9c54bff859b37e33ea82dd60a6796c4c5eaccd9618e7d76;0x2aae800b9adeeb56288b037e02ef5e071bda00570416b4268d7deeda7af3c6cb;0xfd421dbd;0x1b1b175fL;0.500000;1503139630;1503139630
0;32;8048;0x15f4858116434046f9c54bff859b37e33ea82dd60a6796c4c5eaccd9618e7d76;0x2aae800b9adeeb56288b037e02ef5e071bda00570416b4268d7deeda7af3c6cb;0xfd421dbd;0x1b1b175fL;0.500000;1503139630;1503139630
0;32;8048;0x15f4858116434046f9c54bff859b37e33ea82dd60a6796c4c5eaccd9618e7d76;0x2aae800b9adeeb56288b037e02ef5e071bda00570416b4268d7deeda7af3c6cb;0xfd421dbd;0x1b1b175fL;0.500000;1503139630;1503139630
0;32;8048;0x15f4858116434046f9c54bff859b37e33ea82dd60a6796c4c5eaccd9618e7d76;0x2aae800b9adeeb56288b037e02ef5e071bda00570416b4268d7deeda7af3c6cb;0xfd421dbd;0x1b1b175fL;0.500000;1503139630;1503139630
0;32;8048;0x15f4858116434046f9c54bff859b37e33ea82dd60a6796c4c5eaccd9618e7d76;0x2aae800b9adeeb56288b037e02ef5e071bda00570416b4268d7deeda7af3c6cb;0xfd421dbd;0x1b1b175fL;0.500000;1503139630;1503139630
0;32;8048;0x15f4858116434046f9c54bff859b37e33ea82dd60a6796c4c5eaccd9618e7d76;0x2aae800b9adeeb56288b037e02ef5e071bda00570416b4268d7deeda7af3c6cb;0xfd421dbd;0x1b1b175fL;0.500000;1503139630;1503139631
0;32;8048;0x3d1a57cb28bec3b4f9cb8a9cca08eb98cbfca3678e28d6a50e04f1967db528ba;0xfaaa1c27cdf4a536746ba9f3e915605c1edc5c71782d4edd4546c02561eca785;0x21fc35e7;0x1b1b175fL;0.500000;1503139631;1503139631
0;32;8048;0x3d1a57cb28bec3b4f9cb8a9cca08eb98cbfca3678e28d6a50e04f1967db528ba;0xfaaa1c27cdf4a536746ba9f3e915605c1edc5c71782d4edd4546c02561eca785;0x21fc35e7;0x1b1b175fL;0.500000;1503139631;1503139631
0;32;8048;0x3d1a57cb28bec3b4f9cb8a9cca08eb98cbfca3678e28d6a50e04f1967db528ba;0xfaaa1c27cdf4a536746ba9f3e915605c1edc5c71782d4edd4546c02561eca785;0x21fc35e7;0x1b1b175fL;0.500000;1503139631;1503139631
0;32;8048;0x3d1a57cb28bec3b4f9cb8a9cca08eb98cbfca3678e28d6a50e04f1967db528ba;0xfaaa1c27cdf4a536746ba9f3e915605c1edc5c71782d4edd4546c02561eca785;0x21fc35e7;0x1b1b175fL;0.500000;1503139631;1503139631
0;32;8048;0x3d1a57cb28bec3b4f9cb8a9cca08eb98cbfca3678e28d6a50e04f1967db528ba;0xfaaa1c27cdf4a536746ba9f3e915605c1edc5c71782d4edd4546c02561eca785;0x21fc35e7;0x1b1b175fL;0.500000;1503139631;1503139631
0;32;8048;0x3d1a57cb28bec3b4f9cb8a9cca08eb98cbfca3678e28d6a50e04f1967db528ba;0xfaaa1c27cdf4a536746ba9f3e915605c1edc5c71782d4edd4546c02561eca785;0x21fc35e7;0x1b1b175fL;0.500000;1503139631;1503139631
0;32;8048;0x3d1a57cb28bec3b4f9cb8a9cca08eb98cbfca3678e28d6a50e04f1967db528ba;0xfaaa1c27cdf4a536746ba9f3e915605c1edc5c71782d4edd4546c02561eca785;0x21fc35e7;0x1b1b175fL;0.500000;1503139631;1503139631
0;32;8048;0xb933f249977b5b7b67b2dfed2b07c53f9cf280197e24f01f9f15015ff5720eae;0xf069a6ce651cb4a3d8e631d70506fb94e65e016e150522d474bf72c16b0166ac;0x7b760dbf;0x1b1b175fL;0.500000;1503139632;1503139632
