0;32;8048;0x348f46c52483937845bb49fd70a7e28702f0bffd76aede73c54d3da68f762cc3;0xf9ee3852ed7da862b401336691e10cdc7b3b8808be1e7ef12872aefd17616ab8;0x516d56b1;0x1b1b175fL;0.500000;1503117274;1503117274
0;32;8048;0x348f46c52483937845bb49fd70a7e28702f0bffd76aede73c54d3da68f762cc3;0xf9ee3852ed7da862b401336691e10cdc7b3b8808be1e7ef12872aefd17616ab8;0x516d56b1;0x1b1b175fL;0.500000;1503117274;1503117274
0;32;8048;0x348f46c52483937845bb49fd70a7e28702f0bffd76aede73c54d3da68f762cc3;0xf9ee3852ed7da862b401336691e10cdc7b3b8808be1e7ef12872aefd17616ab8;0x516d56b1;0x1b1b175fL;0.500000;1503117274;1503117274
0;32;8048;0x348f46c52483937845bb49fd70a7e28702f0bffd76aede73c54d3da68f762cc3;0xf9ee3852ed7da862b401336691e10cdc7b3b8808be1e7ef12872aefd17616ab8;0x516d56b1;0x1b1b175fL;0.500000;1503117274;1503117274
0;32;8048;0x348f46c52483937845bb49fd70a7e28702f0bffd76aede73c54d3da68f762cc3;0xf9ee3852ed7da862b401336691e10cdc7b3b8808be1e7ef12872aefd17616ab8;0x516d56b1;0x1b1b175fL;0.500000;1503117274;1503117274
0;32;8048;0x348f46c52483937845bb49fd70a7e28702f0bffd76aede73c54d3da68f762cc3;0xf9ee3852ed7da862b401336691e10cdc7b3b8808be1e7ef12872aefd17616ab8;0x516d56b1;0x1b1b175fL;0.500000;1503117274;1503117275
0;32;8048;0xe21cba73aaedd67fd25434d430dcb09e8361fd5c0bb069e5cbf06d7d43e06725;0xaa626e5011ea60675ac9af911ed0153c0779769f2b4b6bdebbf8b7786a017dc0;0x7b9bd6cd;0x1b1b175fL;0.500000;1503117275;1503117275
0;32;8048;0xe21cba73aaedd67fd25434d430dcb09e8361fd5c0bb069e5cbf06d7d43e06725;0xaa626e5011ea60675ac9af911ed0153c0779769f2b4b6bdebbf8b7786a017dc0;0x7b9bd6cd;0x1b1b175fL;0.500000;1503117275;1503117275
0;32;8048;0xe21cba73aaedd67fd25434d430dcb09e8361fd5c0bb069e5cbf06d7d43e06725;0xaa626e5011ea60675ac9af911ed0153c0779769f2b4b6bdebbf8b7786a017dc0;0x7b9bd6cd;0x1b1b175fL;0.500000;1503117275;1503117275
0;32;8048;0xe21cba73aaedd67fd25434d430dcb09e8361fd5c0bb069e5cbf06d7d43e06725;0xaa626e5011ea60675ac9af911ed0153c0779769f2b4b6bdebbf8b7786a017dc0;0x7b9bd6cd;0x1b1b175fL;0.500000;1503117275;1503117275
0;32;8048;0xe21cba73aaedd67fd25434d430dcb09e8361fd5c0bb069e5cbf06d7d43e06725;0xaa626e5011ea60675ac9af911ed0153c0779769f2b4b6bdebbf8b7786a017dc0;0x7b9bd6cd;0x1b1b175fL;0.500000;1503117275;1503117275
0;32;8048;0xe21cba73aaedd67fd25434d430dcb09e8361fd5c0bb069e5cbf06d7d43e06725;0xaa626e5011ea60675ac9af911ed0153c0779769f2b4b6bdebbf8b7786a017dc0;0x7b9bd6cd;0x1b1b175fL;0.500000;1503117275;1503117275
0;32;8048;0xe21cba73aaedd67fd25434d430dcb09e8361fd5c0bb069e5cbf06d7d43e06725;0xaa626e5011ea60675ac9af911ed0153c0779769f2b4b6bdebbf8b7786a017dc0;0x7b9bd6cd;0x1b1b175fL;0.500000;1503117275;1503117276
0;32;8048;0x11e2e7ce9de8f90fb78f29ee5913c0430a7b1c07e16d5939bd708a1318d31b2a;0x4e5cd70615186adbd5a12927088937245d719253b730346c1a3c3a53c473bd5b;0xde116708;0x1b1b175fL;0.500000;1503117276;1503117276
0;32;8048;0x11e2e7ce9de8f90fb78f29ee5913c0430a7b1c07e16d5939bd708a1318d31b2a;0x4e5cd70615186adbd5a12927088937245d719253b730346c1a3c3a53c473bd5b;0xde116708;0x1b1b175fL;0.500000;1503117276;1503117276
0;32;8048;0x11e2e7ce9de8f90fb78f29ee5913c0430a7b1c07e16d5939bd708a1318d31b2a;0x4e5cd70615186adbd5a12927088937245d719253b730346c1a3c3a53c473bd5b;0xde116708;0x1b1b175fL;0.500000;1503117276;1503117276
0;32;8048;0x11e2e7ce9de8f90fb78f29ee5913c0430a7b1c07e16d5939bd708a1318d31b2a;0x4e5cd70615186adbd5a12927088937245d719253b730346c1a3c3a53c473bd5b;0xde116708;0x1b1b175fL;0.500000;1503117276;1503117276
0;32;8048;0x11e2e7ce9de8f90fb78f29ee5913c0430a7b1c07e16d5939bd708a1318d31b2a;0x4e5cd70615186adbd5a12927088937245d719253b730346c1a3c3a53c473bd5b;0xde116708;0x1b1b175fL;0.500000;1503117276;1503117276
0;32;8048;0x11e2e7ce9de8f90fb78f29ee5913c0430a7b1c07e16d5939bd708a1318d31b2a;0x4e5cd70615186adbd5a12927088937245d719253b730346c1a3c3a53c473bd5b;0xde116708;0x1b1b175fL;0.500000;1503117276;1503117276
0;32;8048;0x11e2e7ce9de8f90fb78f29ee5913c0430a7b1c07e16d5939bd708a1318d31b2a;0x4e5cd70615186adbd5a12927088937245d719253b730346c1a3c3a53c473bd5b;0xde116708;0x1b1b175fL;0.500000;1503117276;1503117277
