0;32;8048;0xe9f55fe03bba585a940b44ca5658c309a3aba1049dde2856f01cf21dde2965c8;0x2bd171597f17e4fe018e1d5e80928b8fb30fcdb62c2e67d849c998e804f3ae21;0x9c48b927;0x1b1b175fL;0.500000;1503094204;1503094204
0;32;8048;0xe9f55fe03bba585a940b44ca5658c309a3aba1049dde2856f01cf21dde2965c8;0x2bd171597f17e4fe018e1d5e80928b8fb30fcdb62c2e67d849c998e804f3ae21;0x9c48b927;0x1b1b175fL;0.500000;1503094204;1503094204
0;32;8048;0xe9f55fe03bba585a940b44ca5658c309a3aba1049dde2856f01cf21dde2965c8;0x2bd171597f17e4fe018e1d5e80928b8fb30fcdb62c2e67d849c998e804f3ae21;0x9c48b927;0x1b1b175fL;0.500000;1503094204;1503094204
0;32;8048;0xe9f55fe03bba585a940b44ca5658c309a3aba1049dde2856f01cf21dde2965c8;0x2bd171597f17e4fe018e1d5e80928b8fb30fcdb62c2e67d849c998e804f3ae21;0x9c48b927;0x1b1b175fL;0.500000;1503094204;1503094204
0;32;8048;0xe9f55fe03bba585a940b44ca5658c309a3aba1049dde2856f01cf21dde2965c8;0x2bd171597f17e4fe018e1d5e80928b8fb30fcdb62c2e67d849c998e804f3ae21;0x9c48b927;0x1b1b175fL;0.500000;1503094204;1503094205
0;32;8048;0xbde20074a6f93217c21e8f9520c8dc76da163a4efef083e00253800354ed4412;0x8a8217140f2a5022ad95ee3e3ed403ebdc40fd0830cda84281e657de2111ff2d;0x1796e920;0x1b1b175fL;0.500000;1503094205;1503094205
0;32;8048;0xbde20074a6f93217c21e8f9520c8dc76da163a4efef083e00253800354ed4412;0x8a8217140f2a5022ad95ee3e3ed403ebdc40fd0830cda84281e657de2111ff2d;0x1796e920;0x1b1b175fL;0.500000;1503094205;1503094205
0;32;8048;0xbde20074a6f93217c21e8f9520c8dc76da163a4efef083e00253800354ed4412;0x8a8217140f2a5022ad95ee3e3ed403ebdc40fd0830cda84281e657de2111ff2d;0x1796e920;0x1b1b175fL;0.500000;1503094205;1503094205
0;32;8048;0xbde20074a6f93217c21e8f9520c8dc76da163a4efef083e00253800354ed4412;0x8a8217140f2a5022ad95ee3e3ed403ebdc40fd0830cda84281e657de2111ff2d;0x1796e920;0x1b1b175fL;0.500000;1503094205;1503094205
0;32;8048;0xbde20074a6f93217c21e8f9520c8dc76da163a4efef083e00253800354ed4412;0x8a8217140f2a5022ad95ee3e3ed403ebdc40fd0830cda84281e657de2111ff2d;0x1796e920;0x1b1b175fL;0.500000;1503094205;1503094205
0;32;8048;0xbde20074a6f93217c21e8f9520c8dc76da163a4efef083e00253800354ed4412;0x8a8217140f2a5022ad95ee3e3ed403ebdc40fd0830cda84281e657de2111ff2d;0x1796e920;0x1b1b175fL;0.500000;1503094205;1503094205
0;32;8048;0xbde20074a6f93217c21e8f9520c8dc76da163a4efef083e00253800354ed4412;0x8a8217140f2a5022ad95ee3e3ed403ebdc40fd0830cda84281e657de2111ff2d;0x1796e920;0x1b1b175fL;0.500000;1503094205;1503094206
0;32;8048;0xbaa2ce96486bbf75b672f57180e5ed960ed9a69f28e74e7c48f5efb33e1d9ef9;0xcbc03c35107b1393519cc326ad54ca8a52a354be60a635495bb6d90d7268a7d9;0x3dd3fa8b;0x1b1b175fL;0.500000;1503094206;1503094206
0;32;8048;0xbaa2ce96486bbf75b672f57180e5ed960ed9a69f28e74e7c48f5efb33e1d9ef9;0xcbc03c35107b1393519cc326ad54ca8a52a354be60a635495bb6d90d7268a7d9;0x3dd3fa8b;0x1b1b175fL;0.500000;1503094206;1503094206
0;32;8048;0xbaa2ce96486bbf75b672f57180e5ed960ed9a69f28e74e7c48f5efb33e1d9ef9;0xcbc03c35107b1393519cc326ad54ca8a52a354be60a635495bb6d90d7268a7d9;0x3dd3fa8b;0x1b1b175fL;0.500000;1503094206;1503094206
0;32;8048;0xbaa2ce96486bbf75b672f57180e5ed960ed9a69f28e74e7c48f5efb33e1d9ef9;0xcbc03c35107b1393519cc326ad54ca8a52a354be60a635495bb6d90d7268a7d9;0x3dd3fa8b;0x1b1b175fL;0.500000;1503094206;1503094206
0;32;8048;0xbaa2ce96486bbf75b672f57180e5ed960ed9a69f28e74e7c48f5efb33e1d9ef9;0xcbc03c35107b1393519cc326ad54ca8a52a354be60a635495bb6d90d7268a7d9;0x3dd3fa8b;0x1b1b175fL;0.500000;1503094206;1503094206
0;32;8048;0xbaa2ce96486bbf75b672f57180e5ed960ed9a69f28e74e7c48f5efb33e1d9ef9;0xcbc03c35107b1393519cc326ad54ca8a52a354be60a635495bb6d90d7268a7d9;0x3dd3fa8b;0x1b1b175fL;0.500000;1503094206;1503094207
0;32;8048;0xe3aa7e295393556244b5e7680fd79bb4ebdd2ca3ffd9af51c3f4b245aa3ea68e;0x9d152687fe0b3008fb7c8cde9a39b05b0ae4dcf7207b5586ce2d38637f56a231;0xb6eefabc;0x1b1b175fL;0.500000;1503094207;1503094207
0;32;8048;0xe3aa7e295393556244b5e7680fd79bb4ebdd2ca3ffd9af51c3f4b245aa3ea68e;0x9d152687fe0b3008fb7c8cde9a39b05b0ae4dcf7207b5586ce2d38637f56a231;0xb6eefabc;0x1b1b175fL;0.500000;1503094207;1503094207
