0;32;8048;0x800d8afdbf317eef4db34ae9c33b38a42a46aef9c40b7d45d38531b4a69f1326;0xe9dee83e2a5fc7109f7ea441c1b95a5447dc39a9e7d3600d91496ae1a205feb7;0x3a8cf05a;0x1b1b175fL;0.500000;1503080368;1503080368
0;32;8048;0x800d8afdbf317eef4db34ae9c33b38a42a46aef9c40b7d45d38531b4a69f1326;0xe9dee83e2a5fc7109f7ea441c1b95a5447dc39a9e7d3600d91496ae1a205feb7;0x3a8cf05a;0x1b1b175fL;0.500000;1503080368;1503080368
0;32;8048;0x800d8afdbf317eef4db34ae9c33b38a42a46aef9c40b7d45d38531b4a69f1326;0xe9dee83e2a5fc7109f7ea441c1b95a5447dc39a9e7d3600d91496ae1a205feb7;0x3a8cf05a;0x1b1b175fL;0.500000;1503080368;1503080368
0;32;8048;0x800d8afdbf317eef4db34ae9c33b38a42a46aef9c40b7d45d38531b4a69f1326;0xe9dee83e2a5fc7109f7ea441c1b95a5447dc39a9e7d3600d91496ae1a205feb7;0x3a8cf05a;0x1b1b175fL;0.500000;1503080368;1503080368
0;32;8048;0x800d8afdbf317eef4db34ae9c33b38a42a46aef9c40b7d45d38531b4a69f1326;0xe9dee83e2a5fc7109f7ea441c1b95a5447dc39a9e7d3600d91496ae1a205feb7;0x3a8cf05a;0x1b1b175fL;0.500000;1503080368;1503080369
0;32;8048;0x559d20f4fe1fcdaac1da593792609f99dbfbd49709044061dcbe3f85145bd269;0x68fa3f90aebe5ce6a07a66b457dc62c87a7a70018c2033811d840b121f42d569;0xa86fe647;0x1b1b175fL;0.500000;1503080369;1503080369
0;32;8048;0x559d20f4fe1fcdaac1da593792609f99dbfbd49709044061dcbe3f85145bd269;0x68fa3f90aebe5ce6a07a66b457dc62c87a7a70018c2033811d840b121f42d569;0xa86fe647;0x1b1b175fL;0.500000;1503080369;1503080369
0;32;8048;0x559d20f4fe1fcdaac1da593792609f99dbfbd49709044061dcbe3f85145bd269;0x68fa3f90aebe5ce6a07a66b457dc62c87a7a70018c2033811d840b121f42d569;0xa86fe647;0x1b1b175fL;0.500000;1503080369;1503080369
0;32;8048;0x559d20f4fe1fcdaac1da593792609f99dbfbd49709044061dcbe3f85145bd269;0x68fa3f90aebe5ce6a07a66b457dc62c87a7a70018c2033811d840b121f42d569;0xa86fe647;0x1b1b175fL;0.500000;1503080369;1503080369
0;32;8048;0x559d20f4fe1fcdaac1da593792609f99dbfbd49709044061dcbe3f85145bd269;0x68fa3f90aebe5ce6a07a66b457dc62c87a7a70018c2033811d840b121f42d569;0xa86fe647;0x1b1b175fL;0.500000;1503080369;1503080369
0;32;8048;0x559d20f4fe1fcdaac1da593792609f99dbfbd49709044061dcbe3f85145bd269;0x68fa3f90aebe5ce6a07a66b457dc62c87a7a70018c2033811d840b121f42d569;0xa86fe647;0x1b1b175fL;0.500000;1503080369;1503080370
0;32;8048;0x7c175cefe0cc7b5256a64ffbe05ade5bcbfea57fb96e153af7ba2799b3c0402f;0xd1bfc39eaae652dcfcc5adc3b388c9816416a0cf052de9b5a37b2c4b142bedc4;0x0d5089c6;0x1b1b175fL;0.500000;1503080370;1503080370
0;32;8048;0x7c175cefe0cc7b5256a64ffbe05ade5bcbfea57fb96e153af7ba2799b3c0402f;0xd1bfc39eaae652dcfcc5adc3b388c9816416a0cf052de9b5a37b2c4b142bedc4;0x0d5089c6;0x1b1b175fL;0.500000;1503080370;1503080370
0;32;8048;0x7c175cefe0cc7b5256a64ffbe05ade5bcbfea57fb96e153af7ba2799b3c0402f;0xd1bfc39eaae652dcfcc5adc3b388c9816416a0cf052de9b5a37b2c4b142bedc4;0x0d5089c6;0x1b1b175fL;0.500000;1503080370;1503080370
0;32;8048;0x7c175cefe0cc7b5256a64ffbe05ade5bcbfea57fb96e153af7ba2799b3c0402f;0xd1bfc39eaae652dcfcc5adc3b388c9816416a0cf052de9b5a37b2c4b142bedc4;0x0d5089c6;0x1b1b175fL;0.500000;1503080370;1503080370
0;32;8048;0x7c175cefe0cc7b5256a64ffbe05ade5bcbfea57fb96e153af7ba2799b3c0402f;0xd1bfc39eaae652dcfcc5adc3b388c9816416a0cf052de9b5a37b2c4b142bedc4;0x0d5089c6;0x1b1b175fL;0.500000;1503080370;1503080370
0;32;8048;0x7c175cefe0cc7b5256a64ffbe05ade5bcbfea57fb96e153af7ba2799b3c0402f;0xd1bfc39eaae652dcfcc5adc3b388c9816416a0cf052de9b5a37b2c4b142bedc4;0x0d5089c6;0x1b1b175fL;0.500000;1503080370;1503080371
0;32;8048;0xc72970732cb6a122c3f3aac2f40a093e094a795433bb5aac66fb49c889567651;0xd2fc7d440ef043761b3826b2ef18867cf2194379ba7ef779e8bf2dddec57728b;0x6df7acfc;0x1b1b175fL;0.500000;1503080371;1503080371
0;32;8048;0xc72970732cb6a122c3f3aac2f40a093e094a795433bb5aac66fb49c889567651;0xd2fc7d440ef043761b3826b2ef18867cf2194379ba7ef779e8bf2dddec57728b;0x6df7acfc;0x1b1b175fL;0.500000;1503080371;1503080371
0;32;8048;0xc72970732cb6a122c3f3aac2f40a093e094a795433bb5aac66fb49c889567651;0xd2fc7d440ef043761b3826b2ef18867cf2194379ba7ef779e8bf2dddec57728b;0x6df7acfc;0x1b1b175fL;0.500000;1503080371;1503080371
