0;32;8048;0x2e17abe7c8e2f5909aa3168776d4ceda559a7821f256e494da7ad84e78edb3a7;0x71b23ccb9be038b526ebefbb8eec2f189f849f9c21415ae327c43667c735dd09;0x6ea27426;0x1b1b175fL;0.500000;1503098841;1503098841
0;32;8048;0x2e17abe7c8e2f5909aa3168776d4ceda559a7821f256e494da7ad84e78edb3a7;0x71b23ccb9be038b526ebefbb8eec2f189f849f9c21415ae327c43667c735dd09;0x6ea27426;0x1b1b175fL;0.500000;1503098841;1503098841
0;32;8048;0x2e17abe7c8e2f5909aa3168776d4ceda559a7821f256e494da7ad84e78edb3a7;0x71b23ccb9be038b526ebefbb8eec2f189f849f9c21415ae327c43667c735dd09;0x6ea27426;0x1b1b175fL;0.500000;1503098841;1503098841
0;32;8048;0x2e17abe7c8e2f5909aa3168776d4ceda559a7821f256e494da7ad84e78edb3a7;0x71b23ccb9be038b526ebefbb8eec2f189f849f9c21415ae327c43667c735dd09;0x6ea27426;0x1b1b175fL;0.500000;1503098841;1503098842
0;32;8048;0x378aaa42c7e0612d75224dcc47f5cee2e3b1243e02a1f9541049f60ce2976e19;0xeb776209621acd8efb150d43a682d3389e6a89a2cd5bcf745123510a6c965acd;0x07db19c5;0x1b1b175fL;0.500000;1503098842;1503098842
0;32;8048;0x378aaa42c7e0612d75224dcc47f5cee2e3b1243e02a1f9541049f60ce2976e19;0xeb776209621acd8efb150d43a682d3389e6a89a2cd5bcf745123510a6c965acd;0x07db19c5;0x1b1b175fL;0.500000;1503098842;1503098842
0;32;8048;0x378aaa42c7e0612d75224dcc47f5cee2e3b1243e02a1f9541049f60ce2976e19;0xeb776209621acd8efb150d43a682d3389e6a89a2cd5bcf745123510a6c965acd;0x07db19c5;0x1b1b175fL;0.500000;1503098842;1503098842
0;32;8048;0x378aaa42c7e0612d75224dcc47f5cee2e3b1243e02a1f9541049f60ce2976e19;0xeb776209621acd8efb150d43a682d3389e6a89a2cd5bcf745123510a6c965acd;0x07db19c5;0x1b1b175fL;0.500000;1503098842;1503098842
0;32;8048;0x378aaa42c7e0612d75224dcc47f5cee2e3b1243e02a1f9541049f60ce2976e19;0xeb776209621acd8efb150d43a682d3389e6a89a2cd5bcf745123510a6c965acd;0x07db19c5;0x1b1b175fL;0.500000;1503098842;1503098842
0;32;8048;0x378aaa42c7e0612d75224dcc47f5cee2e3b1243e02a1f9541049f60ce2976e19;0xeb776209621acd8efb150d43a682d3389e6a89a2cd5bcf745123510a6c965acd;0x07db19c5;0x1b1b175fL;0.500000;1503098842;1503098842
0;32;8048;0x378aaa42c7e0612d75224dcc47f5cee2e3b1243e02a1f9541049f60ce2976e19;0xeb776209621acd8efb150d43a682d3389e6a89a2cd5bcf745123510a6c965acd;0x07db19c5;0x1b1b175fL;0.500000;1503098842;1503098843
0;32;8048;0x9424176d6e388295487b64a72fc427eaf3db7ddd0569838860a5959d91a31925;0x32b6b075761e6804345c2d42b5e49f1524700ae6eed472cb82eb7c3e5634ca82;0x3beaae2c;0x1b1b175fL;0.500000;1503098843;1503098843
0;32;8048;0x9424176d6e388295487b64a72fc427eaf3db7ddd0569838860a5959d91a31925;0x32b6b075761e6804345c2d42b5e49f1524700ae6eed472cb82eb7c3e5634ca82;0x3beaae2c;0x1b1b175fL;0.500000;1503098843;1503098843
0;32;8048;0x9424176d6e388295487b64a72fc427eaf3db7ddd0569838860a5959d91a31925;0x32b6b075761e6804345c2d42b5e49f1524700ae6eed472cb82eb7c3e5634ca82;0x3beaae2c;0x1b1b175fL;0.500000;1503098843;1503098843
0;32;8048;0x9424176d6e388295487b64a72fc427eaf3db7ddd0569838860a5959d91a31925;0x32b6b075761e6804345c2d42b5e49f1524700ae6eed472cb82eb7c3e5634ca82;0x3beaae2c;0x1b1b175fL;0.500000;1503098843;1503098843
0;32;8048;0x9424176d6e388295487b64a72fc427eaf3db7ddd0569838860a5959d91a31925;0x32b6b075761e6804345c2d42b5e49f1524700ae6eed472cb82eb7c3e5634ca82;0x3beaae2c;0x1b1b175fL;0.500000;1503098843;1503098843
0;32;8048;0x9424176d6e388295487b64a72fc427eaf3db7ddd0569838860a5959d91a31925;0x32b6b075761e6804345c2d42b5e49f1524700ae6eed472cb82eb7c3e5634ca82;0x3beaae2c;0x1b1b175fL;0.500000;1503098843;1503098843
0;32;8048;0x9424176d6e388295487b64a72fc427eaf3db7ddd0569838860a5959d91a31925;0x32b6b075761e6804345c2d42b5e49f1524700ae6eed472cb82eb7c3e5634ca82;0x3beaae2c;0x1b1b175fL;0.500000;1503098844;1503098844
0;32;8048;0xb1d9c76c280448d9112615ca41cc15cd5fb66d39b5aa5cbf512b5dd91b34aecc;0x533b2e2607cd131c74eb43f003edef986fc12c7e6b4fe2a995b235daabb7c061;0x8099e544;0x1b1b175fL;0.500000;1503098844;1503098844
0;32;8048;0xb1d9c76c280448d9112615ca41cc15cd5fb66d39b5aa5cbf512b5dd91b34aecc;0x533b2e2607cd131c74eb43f003edef986fc12c7e6b4fe2a995b235daabb7c061;0x8099e544;0x1b1b175fL;0.500000;1503098844;1503098844
