0;32;8048;0x8b4e947ea4e6234b6f502bbfd3740855ca8dbbf0e9dc7e90820a73e89a361c25;0xbcb77740ed410196dd345cfd58230a07f106bc3ddb6887d7fc395d947258286a;0x85404276;0x1b1b175fL;0.500000;1503142949;1503142949
0;32;8048;0x8b4e947ea4e6234b6f502bbfd3740855ca8dbbf0e9dc7e90820a73e89a361c25;0xbcb77740ed410196dd345cfd58230a07f106bc3ddb6887d7fc395d947258286a;0x85404276;0x1b1b175fL;0.500000;1503142949;1503142950
0;32;8048;0x5e985ce6f3458906488f44c645536c7b4898c7e90f496061e8abee7415427573;0xd76598e47f0f91ac3f3a8f8a0a309ab7554a15ee35931393c06482e4c99a1eef;0x42e05848;0x1b1b175fL;0.500000;1503142950;1503142950
0;32;8048;0x5e985ce6f3458906488f44c645536c7b4898c7e90f496061e8abee7415427573;0xd76598e47f0f91ac3f3a8f8a0a309ab7554a15ee35931393c06482e4c99a1eef;0x42e05848;0x1b1b175fL;0.500000;1503142950;1503142950
0;32;8048;0x5e985ce6f3458906488f44c645536c7b4898c7e90f496061e8abee7415427573;0xd76598e47f0f91ac3f3a8f8a0a309ab7554a15ee35931393c06482e4c99a1eef;0x42e05848;0x1b1b175fL;0.500000;1503142950;1503142950
0;32;8048;0x5e985ce6f3458906488f44c645536c7b4898c7e90f496061e8abee7415427573;0xd76598e47f0f91ac3f3a8f8a0a309ab7554a15ee35931393c06482e4c99a1eef;0x42e05848;0x1b1b175fL;0.500000;1503142950;1503142950
0;32;8048;0x5e985ce6f3458906488f44c645536c7b4898c7e90f496061e8abee7415427573;0xd76598e47f0f91ac3f3a8f8a0a309ab7554a15ee35931393c06482e4c99a1eef;0x42e05848;0x1b1b175fL;0.500000;1503142950;1503142950
0;32;8048;0x5e985ce6f3458906488f44c645536c7b4898c7e90f496061e8abee7415427573;0xd76598e47f0f91ac3f3a8f8a0a309ab7554a15ee35931393c06482e4c99a1eef;0x42e05848;0x1b1b175fL;0.500000;1503142950;1503142950
0;32;8048;0x5e985ce6f3458906488f44c645536c7b4898c7e90f496061e8abee7415427573;0xd76598e47f0f91ac3f3a8f8a0a309ab7554a15ee35931393c06482e4c99a1eef;0x42e05848;0x1b1b175fL;0.500000;1503142950;1503142951
0;32;8048;0x2fd9665c2e33ec2e73316b37e81980dde20e2dfb35cf9be31847e1f82d02315d;0x408d27458823182896bd1f9142c435242c40342144c5fd39e7d6c90d818b5dff;0xac7b2304;0x1b1b175fL;0.500000;1503142951;1503142951
0;32;8048;0x2fd9665c2e33ec2e73316b37e81980dde20e2dfb35cf9be31847e1f82d02315d;0x408d27458823182896bd1f9142c435242c40342144c5fd39e7d6c90d818b5dff;0xac7b2304;0x1b1b175fL;0.500000;1503142951;1503142951
0;32;8048;0x2fd9665c2e33ec2e73316b37e81980dde20e2dfb35cf9be31847e1f82d02315d;0x408d27458823182896bd1f9142c435242c40342144c5fd39e7d6c90d818b5dff;0xac7b2304;0x1b1b175fL;0.500000;1503142951;1503142951
0;32;8048;0x2fd9665c2e33ec2e73316b37e81980dde20e2dfb35cf9be31847e1f82d02315d;0x408d27458823182896bd1f9142c435242c40342144c5fd39e7d6c90d818b5dff;0xac7b2304;0x1b1b175fL;0.500000;1503142951;1503142951
0;32;8048;0x2fd9665c2e33ec2e73316b37e81980dde20e2dfb35cf9be31847e1f82d02315d;0x408d27458823182896bd1f9142c435242c40342144c5fd39e7d6c90d818b5dff;0xac7b2304;0x1b1b175fL;0.500000;1503142951;1503142951
0;32;8048;0x2fd9665c2e33ec2e73316b37e81980dde20e2dfb35cf9be31847e1f82d02315d;0x408d27458823182896bd1f9142c435242c40342144c5fd39e7d6c90d818b5dff;0xac7b2304;0x1b1b175fL;0.500000;1503142951;1503142951
0;32;8048;0x2fd9665c2e33ec2e73316b37e81980dde20e2dfb35cf9be31847e1f82d02315d;0x408d27458823182896bd1f9142c435242c40342144c5fd39e7d6c90d818b5dff;0xac7b2304;0x1b1b175fL;0.500000;1503142951;1503142952
0;32;8048;0xb6a1c6f6bf95b5c87c121329bace8c2df04261ed588c233456f972c65419ef0a;0x182ea02c52317c988be286091960c1cd113e7162af59b5bbbac4f46eaa2a3954;0xd3cb8d1d;0x1b1b175fL;0.500000;1503142952;1503142952
0;32;8048;0xb6a1c6f6bf95b5c87c121329bace8c2df04261ed588c233456f972c65419ef0a;0x182ea02c52317c988be286091960c1cd113e7162af59b5bbbac4f46eaa2a3954;0xd3cb8d1d;0x1b1b175fL;0.500000;1503142952;1503142952
0;32;8048;0xb6a1c6f6bf95b5c87c121329bace8c2df04261ed588c233456f972c65419ef0a;0x182ea02c52317c988be286091960c1cd113e7162af59b5bbbac4f46eaa2a3954;0xd3cb8d1d;0x1b1b175fL;0.500000;1503142952;1503142952
0;32;8048;0xb6a1c6f6bf95b5c87c121329bace8c2df04261ed588c233456f972c65419ef0a;0x182ea02c52317c988be286091960c1cd113e7162af59b5bbbac4f46eaa2a3954;0xd3cb8d1d;0x1b1b175fL;0.500000;1503142952;1503142952
