0;32;8048;0x9d5f1de72e7d4ec6157df6899c9b40fd620f6c549cbe9fc6595136ce3e9dffdb;0xb6f89260bc36b7cbf492afffa4ff74aeda5d0fcc3da1e74978fd68e794d67ad9;0xf477ebcf;0x1b1b175fL;0.500000;1503081927;1503081927
0;32;8048;0x9d5f1de72e7d4ec6157df6899c9b40fd620f6c549cbe9fc6595136ce3e9dffdb;0xb6f89260bc36b7cbf492afffa4ff74aeda5d0fcc3da1e74978fd68e794d67ad9;0xf477ebcf;0x1b1b175fL;0.500000;1503081927;1503081927
0;32;8048;0x9d5f1de72e7d4ec6157df6899c9b40fd620f6c549cbe9fc6595136ce3e9dffdb;0xb6f89260bc36b7cbf492afffa4ff74aeda5d0fcc3da1e74978fd68e794d67ad9;0xf477ebcf;0x1b1b175fL;0.500000;1503081927;1503081928
0;32;8048;0x1ec74437e231c45f0fca970f820b276a5a276c51183e976bbc5c813da68ea2c4;0x2749c4008a27f85145b4c438f8e2e06cfc9e484f7ded6bf42449b25f753114be;0xadb30bc0;0x1b1b175fL;0.500000;1503081928;1503081928
0;32;8048;0x1ec74437e231c45f0fca970f820b276a5a276c51183e976bbc5c813da68ea2c4;0x2749c4008a27f85145b4c438f8e2e06cfc9e484f7ded6bf42449b25f753114be;0xadb30bc0;0x1b1b175fL;0.500000;1503081928;1503081928
0;32;8048;0x1ec74437e231c45f0fca970f820b276a5a276c51183e976bbc5c813da68ea2c4;0x2749c4008a27f85145b4c438f8e2e06cfc9e484f7ded6bf42449b25f753114be;0xadb30bc0;0x1b1b175fL;0.500000;1503081928;1503081928
0;32;8048;0x1ec74437e231c45f0fca970f820b276a5a276c51183e976bbc5c813da68ea2c4;0x2749c4008a27f85145b4c438f8e2e06cfc9e484f7ded6bf42449b25f753114be;0xadb30bc0;0x1b1b175fL;0.500000;1503081928;1503081928
0;32;8048;0x1ec74437e231c45f0fca970f820b276a5a276c51183e976bbc5c813da68ea2c4;0x2749c4008a27f85145b4c438f8e2e06cfc9e484f7ded6bf42449b25f753114be;0xadb30bc0;0x1b1b175fL;0.500000;1503081928;1503081928
0;32;8048;0x1ec74437e231c45f0fca970f820b276a5a276c51183e976bbc5c813da68ea2c4;0x2749c4008a27f85145b4c438f8e2e06cfc9e484f7ded6bf42449b25f753114be;0xadb30bc0;0x1b1b175fL;0.500000;1503081928;1503081929
0;32;8048;0x0e80b65d59b30a72e6c703b36f7ecba65c59b7544a12526f00e7898730ac8e3e;0x05525c0f57ac0336df37b2f1e4b51ca0e83306b1f4d503e4b14505f1db97567f;0x17951c85;0x1b1b175fL;0.500000;1503081929;1503081929
0;32;8048;0x0e80b65d59b30a72e6c703b36f7ecba65c59b7544a12526f00e7898730ac8e3e;0x05525c0f57ac0336df37b2f1e4b51ca0e83306b1f4d503e4b14505f1db97567f;0x17951c85;0x1b1b175fL;0.500000;1503081929;1503081929
0;32;8048;0x0e80b65d59b30a72e6c703b36f7ecba65c59b7544a12526f00e7898730ac8e3e;0x05525c0f57ac0336df37b2f1e4b51ca0e83306b1f4d503e4b14505f1db97567f;0x17951c85;0x1b1b175fL;0.500000;1503081929;1503081929
0;32;8048;0x0e80b65d59b30a72e6c703b36f7ecba65c59b7544a12526f00e7898730ac8e3e;0x05525c0f57ac0336df37b2f1e4b51ca0e83306b1f4d503e4b14505f1db97567f;0x17951c85;0x1b1b175fL;0.500000;1503081929;1503081929
0;32;8048;0x0e80b65d59b30a72e6c703b36f7ecba65c59b7544a12526f00e7898730ac8e3e;0x05525c0f57ac0336df37b2f1e4b51ca0e83306b1f4d503e4b14505f1db97567f;0x17951c85;0x1b1b175fL;0.500000;1503081929;1503081930
0;32;8048;0xe53d2d9e2a968ea687ca511ab21ae041fdad317081363d06339a4fa70b07a1f1;0x1635348c283a42c13b0f56d6a5f5c5fa064d49064cb004a1cdfe7e8b597647ce;0x88302d7d;0x1b1b175fL;0.500000;1503081930;1503081930
0;32;8048;0xe53d2d9e2a968ea687ca511ab21ae041fdad317081363d06339a4fa70b07a1f1;0x1635348c283a42c13b0f56d6a5f5c5fa064d49064cb004a1cdfe7e8b597647ce;0x88302d7d;0x1b1b175fL;0.500000;1503081930;1503081930
0;32;8048;0xe53d2d9e2a968ea687ca511ab21ae041fdad317081363d06339a4fa70b07a1f1;0x1635348c283a42c13b0f56d6a5f5c5fa064d49064cb004a1cdfe7e8b597647ce;0x88302d7d;0x1b1b175fL;0.500000;1503081930;1503081930
0;32;8048;0xe53d2d9e2a968ea687ca511ab21ae041fdad317081363d06339a4fa70b07a1f1;0x1635348c283a42c13b0f56d6a5f5c5fa064d49064cb004a1cdfe7e8b597647ce;0x88302d7d;0x1b1b175fL;0.500000;1503081930;1503081930
0;32;8048;0xe53d2d9e2a968ea687ca511ab21ae041fdad317081363d06339a4fa70b07a1f1;0x1635348c283a42c13b0f56d6a5f5c5fa064d49064cb004a1cdfe7e8b597647ce;0x88302d7d;0x1b1b175fL;0.500000;1503081930;1503081930
0;32;8048;0xe53d2d9e2a968ea687ca511ab21ae041fdad317081363d06339a4fa70b07a1f1;0x1635348c283a42c13b0f56d6a5f5c5fa064d49064cb004a1cdfe7e8b597647ce;0x88302d7d;0x1b1b175fL;0.500000;1503081931;1503081931
