0;32;8048;0x8ba921b431d502aede3d8e6b74d79d48a97ca6e3580e1fd2e37f6b66c1d2854c;0xb17e2956a293ca13bca91b72e5a6a649c289cf0fa476938564b39f4c20db21c7;0xa1add688;0x1b1b175fL;0.500000;1503126525;1503126525
0;32;8048;0x8ba921b431d502aede3d8e6b74d79d48a97ca6e3580e1fd2e37f6b66c1d2854c;0xb17e2956a293ca13bca91b72e5a6a649c289cf0fa476938564b39f4c20db21c7;0xa1add688;0x1b1b175fL;0.500000;1503126525;1503126525
0;32;8048;0x8ba921b431d502aede3d8e6b74d79d48a97ca6e3580e1fd2e37f6b66c1d2854c;0xb17e2956a293ca13bca91b72e5a6a649c289cf0fa476938564b39f4c20db21c7;0xa1add688;0x1b1b175fL;0.500000;1503126525;1503126525
0;32;8048;0x8ba921b431d502aede3d8e6b74d79d48a97ca6e3580e1fd2e37f6b66c1d2854c;0xb17e2956a293ca13bca91b72e5a6a649c289cf0fa476938564b39f4c20db21c7;0xa1add688;0x1b1b175fL;0.500000;1503126526;1503126526
0;32;8048;0xe96759cebfeb771b89abd125d370edc92785bf6f5933ffbfcde3821b6f87ea59;0x25f72674882937b2d75682d4126ec8de50820719eb50969a4b83aa5050952819;0xa58c9afd;0x1b1b175fL;0.500000;1503126526;1503126526
0;32;8048;0xe96759cebfeb771b89abd125d370edc92785bf6f5933ffbfcde3821b6f87ea59;0x25f72674882937b2d75682d4126ec8de50820719eb50969a4b83aa5050952819;0xa58c9afd;0x1b1b175fL;0.500000;1503126526;1503126526
0;32;8048;0xe96759cebfeb771b89abd125d370edc92785bf6f5933ffbfcde3821b6f87ea59;0x25f72674882937b2d75682d4126ec8de50820719eb50969a4b83aa5050952819;0xa58c9afd;0x1b1b175fL;0.500000;1503126526;1503126526
0;32;8048;0xe96759cebfeb771b89abd125d370edc92785bf6f5933ffbfcde3821b6f87ea59;0x25f72674882937b2d75682d4126ec8de50820719eb50969a4b83aa5050952819;0xa58c9afd;0x1b1b175fL;0.500000;1503126526;1503126526
0;32;8048;0xe96759cebfeb771b89abd125d370edc92785bf6f5933ffbfcde3821b6f87ea59;0x25f72674882937b2d75682d4126ec8de50820719eb50969a4b83aa5050952819;0xa58c9afd;0x1b1b175fL;0.500000;1503126526;1503126526
0;32;8048;0xe96759cebfeb771b89abd125d370edc92785bf6f5933ffbfcde3821b6f87ea59;0x25f72674882937b2d75682d4126ec8de50820719eb50969a4b83aa5050952819;0xa58c9afd;0x1b1b175fL;0.500000;1503126526;1503126527
0;32;8048;0xcc9a14ae87fb52685223463c784f295dd3fde2660027b53cb300e7a6bc9e4988;0x22aee47f8537836b058d5ae7385971ec33d4a9cb26e58d593080474343df2743;0xa92bf3cf;0x1b1b175fL;0.500000;1503126527;1503126527
0;32;8048;0xcc9a14ae87fb52685223463c784f295dd3fde2660027b53cb300e7a6bc9e4988;0x22aee47f8537836b058d5ae7385971ec33d4a9cb26e58d593080474343df2743;0xa92bf3cf;0x1b1b175fL;0.500000;1503126527;1503126527
0;32;8048;0xcc9a14ae87fb52685223463c784f295dd3fde2660027b53cb300e7a6bc9e4988;0x22aee47f8537836b058d5ae7385971ec33d4a9cb26e58d593080474343df2743;0xa92bf3cf;0x1b1b175fL;0.500000;1503126527;1503126527
0;32;8048;0xcc9a14ae87fb52685223463c784f295dd3fde2660027b53cb300e7a6bc9e4988;0x22aee47f8537836b058d5ae7385971ec33d4a9cb26e58d593080474343df2743;0xa92bf3cf;0x1b1b175fL;0.500000;1503126527;1503126527
0;32;8048;0xcc9a14ae87fb52685223463c784f295dd3fde2660027b53cb300e7a6bc9e4988;0x22aee47f8537836b058d5ae7385971ec33d4a9cb26e58d593080474343df2743;0xa92bf3cf;0x1b1b175fL;0.500000;1503126527;1503126527
0;32;8048;0xcc9a14ae87fb52685223463c784f295dd3fde2660027b53cb300e7a6bc9e4988;0x22aee47f8537836b058d5ae7385971ec33d4a9cb26e58d593080474343df2743;0xa92bf3cf;0x1b1b175fL;0.500000;1503126527;1503126527
0;32;8048;0xcc9a14ae87fb52685223463c784f295dd3fde2660027b53cb300e7a6bc9e4988;0x22aee47f8537836b058d5ae7385971ec33d4a9cb26e58d593080474343df2743;0xa92bf3cf;0x1b1b175fL;0.500000;1503126527;1503126528
0;32;8048;0x5adc9d87ef9767e26ae6c561604e2c894db08d424273446ab19c96c4b0e1ca0a;0xc5557a6aff8d6e67ea65a5ded0407cdb2ebaaf38311abe5661cc0c45d7045084;0xd5d5d06f;0x62592560L;0.500000;1503126528;1503126528
0;32;8048;0x5adc9d87ef9767e26ae6c561604e2c894db08d424273446ab19c96c4b0e1ca0a;0xc5557a6aff8d6e67ea65a5ded0407cdb2ebaaf38311abe5661cc0c45d7045084;0xd5d5d06f;0x62592560L;0.500000;1503126528;1503126528
0;32;8048;0x5adc9d87ef9767e26ae6c561604e2c894db08d424273446ab19c96c4b0e1ca0a;0xc5557a6aff8d6e67ea65a5ded0407cdb2ebaaf38311abe5661cc0c45d7045084;0xd5d5d06f;0x62592560L;0.500000;1503126528;1503126528
