0;32;8048;0xc0f1e614ad6771d48749f2a4d6e1e4f3b807ba87b453ee2350f020312a6ea6ea;0xda78432cdc416dd669f498c083cc79d943f2ccad1dbf7182f21174993ad62856;0x08d5ac48;0x1b1b175fL;0.500000;1503078820;1503078820
0;32;8048;0xc0f1e614ad6771d48749f2a4d6e1e4f3b807ba87b453ee2350f020312a6ea6ea;0xda78432cdc416dd669f498c083cc79d943f2ccad1dbf7182f21174993ad62856;0x08d5ac48;0x1b1b175fL;0.500000;1503078820;1503078820
0;32;8048;0xc0f1e614ad6771d48749f2a4d6e1e4f3b807ba87b453ee2350f020312a6ea6ea;0xda78432cdc416dd669f498c083cc79d943f2ccad1dbf7182f21174993ad62856;0x08d5ac48;0x1b1b175fL;0.500000;1503078820;1503078820
0;32;8048;0xc0f1e614ad6771d48749f2a4d6e1e4f3b807ba87b453ee2350f020312a6ea6ea;0xda78432cdc416dd669f498c083cc79d943f2ccad1dbf7182f21174993ad62856;0x08d5ac48;0x1b1b175fL;0.500000;1503078820;1503078821
0;32;8048;0xad833a2fa979d5ce127666f938e836550b99a66d92a31a88c9644c7eca3a8577;0x278e4c31940280ddb8f398b988ead82212710e67ba705f20b3e0cd423346f151;0x91eea99a;0x1b1b175fL;0.500000;1503078821;1503078821
0;32;8048;0xad833a2fa979d5ce127666f938e836550b99a66d92a31a88c9644c7eca3a8577;0x278e4c31940280ddb8f398b988ead82212710e67ba705f20b3e0cd423346f151;0x91eea99a;0x1b1b175fL;0.500000;1503078821;1503078821
0;32;8048;0xad833a2fa979d5ce127666f938e836550b99a66d92a31a88c9644c7eca3a8577;0x278e4c31940280ddb8f398b988ead82212710e67ba705f20b3e0cd423346f151;0x91eea99a;0x1b1b175fL;0.500000;1503078821;1503078821
0;32;8048;0xad833a2fa979d5ce127666f938e836550b99a66d92a31a88c9644c7eca3a8577;0x278e4c31940280ddb8f398b988ead82212710e67ba705f20b3e0cd423346f151;0x91eea99a;0x1b1b175fL;0.500000;1503078821;1503078821
0;32;8048;0xad833a2fa979d5ce127666f938e836550b99a66d92a31a88c9644c7eca3a8577;0x278e4c31940280ddb8f398b988ead82212710e67ba705f20b3e0cd423346f151;0x91eea99a;0x1b1b175fL;0.500000;1503078821;1503078821
0;32;8048;0xad833a2fa979d5ce127666f938e836550b99a66d92a31a88c9644c7eca3a8577;0x278e4c31940280ddb8f398b988ead82212710e67ba705f20b3e0cd423346f151;0x91eea99a;0x1b1b175fL;0.500000;1503078821;1503078822
0;32;8048;0x0026576db4d0e2c6160a49dd1561b642f4a6e9e40a46ff89e21e50b31566fc15;0xbc231fd7cfebbafe8de7dbb6fede95edbe56a6d5ec13e53603ae058d8c38018f;0x239ad0d3;0x1b1b175fL;0.500000;1503078822;1503078822
0;32;8048;0x0026576db4d0e2c6160a49dd1561b642f4a6e9e40a46ff89e21e50b31566fc15;0xbc231fd7cfebbafe8de7dbb6fede95edbe56a6d5ec13e53603ae058d8c38018f;0x239ad0d3;0x1b1b175fL;0.500000;1503078822;1503078822
0;32;8048;0x0026576db4d0e2c6160a49dd1561b642f4a6e9e40a46ff89e21e50b31566fc15;0xbc231fd7cfebbafe8de7dbb6fede95edbe56a6d5ec13e53603ae058d8c38018f;0x239ad0d3;0x1b1b175fL;0.500000;1503078822;1503078822
0;32;8048;0x0026576db4d0e2c6160a49dd1561b642f4a6e9e40a46ff89e21e50b31566fc15;0xbc231fd7cfebbafe8de7dbb6fede95edbe56a6d5ec13e53603ae058d8c38018f;0x239ad0d3;0x1b1b175fL;0.500000;1503078822;1503078822
0;32;8048;0x0026576db4d0e2c6160a49dd1561b642f4a6e9e40a46ff89e21e50b31566fc15;0xbc231fd7cfebbafe8de7dbb6fede95edbe56a6d5ec13e53603ae058d8c38018f;0x239ad0d3;0x1b1b175fL;0.500000;1503078823;1503078823
0;32;8048;0x5bdc2fb5a0a547859612d5c776e9bb5d5ca91cfd3f40c3c3c71f01b238272393;0xf5e243bcf25f70cffce0e6252d352e0957d7fe47cb231848e4341684f574a076;0x596c6f7b;0x1b1b175fL;0.500000;1503078823;1503078823
0;32;8048;0x5bdc2fb5a0a547859612d5c776e9bb5d5ca91cfd3f40c3c3c71f01b238272393;0xf5e243bcf25f70cffce0e6252d352e0957d7fe47cb231848e4341684f574a076;0x596c6f7b;0x1b1b175fL;0.500000;1503078823;1503078823
0;32;8048;0x5bdc2fb5a0a547859612d5c776e9bb5d5ca91cfd3f40c3c3c71f01b238272393;0xf5e243bcf25f70cffce0e6252d352e0957d7fe47cb231848e4341684f574a076;0x596c6f7b;0x1b1b175fL;0.500000;1503078823;1503078823
0;32;8048;0x5bdc2fb5a0a547859612d5c776e9bb5d5ca91cfd3f40c3c3c71f01b238272393;0xf5e243bcf25f70cffce0e6252d352e0957d7fe47cb231848e4341684f574a076;0x596c6f7b;0x1b1b175fL;0.500000;1503078823;1503078823
0;32;8048;0x5bdc2fb5a0a547859612d5c776e9bb5d5ca91cfd3f40c3c3c71f01b238272393;0xf5e243bcf25f70cffce0e6252d352e0957d7fe47cb231848e4341684f574a076;0x596c6f7b;0x1b1b175fL;0.500000;1503078823;1503078824
