0;32;8048;0xe5953c8433b2881d2b72d4b989477a2c2dc116956e783039cb027ec2d6c7aebb;0xbabd19ad205647083947519c189e796fbe8bf82d404040ed0c37bbb594865a8b;0xcdf6b620;0x1b1b175fL;0.500000;1503123193;1503123193
0;32;8048;0xe5953c8433b2881d2b72d4b989477a2c2dc116956e783039cb027ec2d6c7aebb;0xbabd19ad205647083947519c189e796fbe8bf82d404040ed0c37bbb594865a8b;0xcdf6b620;0x1b1b175fL;0.500000;1503123193;1503123193
0;32;8048;0xe5953c8433b2881d2b72d4b989477a2c2dc116956e783039cb027ec2d6c7aebb;0xbabd19ad205647083947519c189e796fbe8bf82d404040ed0c37bbb594865a8b;0xcdf6b620;0x1b1b175fL;0.500000;1503123193;1503123193
0;32;8048;0xe5953c8433b2881d2b72d4b989477a2c2dc116956e783039cb027ec2d6c7aebb;0xbabd19ad205647083947519c189e796fbe8bf82d404040ed0c37bbb594865a8b;0xcdf6b620;0x1b1b175fL;0.500000;1503123193;1503123193
0;32;8048;0xe5953c8433b2881d2b72d4b989477a2c2dc116956e783039cb027ec2d6c7aebb;0xbabd19ad205647083947519c189e796fbe8bf82d404040ed0c37bbb594865a8b;0xcdf6b620;0x1b1b175fL;0.500000;1503123193;1503123193
0;32;8048;0xe5953c8433b2881d2b72d4b989477a2c2dc116956e783039cb027ec2d6c7aebb;0xbabd19ad205647083947519c189e796fbe8bf82d404040ed0c37bbb594865a8b;0xcdf6b620;0x1b1b175fL;0.500000;1503123194;1503123194
0;32;8048;0x0fdedffc157333ccce89a28248a40f2be15933460d01eab10a7af87546a0aa56;0x495a01678eb5d239c74254cbffc94fd5d211618c3a4771108e7558e290927433;0xfbe4def0;0x1b1b175fL;0.500000;1503123194;1503123194
0;32;8048;0x0fdedffc157333ccce89a28248a40f2be15933460d01eab10a7af87546a0aa56;0x495a01678eb5d239c74254cbffc94fd5d211618c3a4771108e7558e290927433;0xfbe4def0;0x1b1b175fL;0.500000;1503123194;1503123194
0;32;8048;0x0fdedffc157333ccce89a28248a40f2be15933460d01eab10a7af87546a0aa56;0x495a01678eb5d239c74254cbffc94fd5d211618c3a4771108e7558e290927433;0xfbe4def0;0x1b1b175fL;0.500000;1503123194;1503123194
0;32;8048;0x0fdedffc157333ccce89a28248a40f2be15933460d01eab10a7af87546a0aa56;0x495a01678eb5d239c74254cbffc94fd5d211618c3a4771108e7558e290927433;0xfbe4def0;0x1b1b175fL;0.500000;1503123194;1503123194
0;32;8048;0x0fdedffc157333ccce89a28248a40f2be15933460d01eab10a7af87546a0aa56;0x495a01678eb5d239c74254cbffc94fd5d211618c3a4771108e7558e290927433;0xfbe4def0;0x1b1b175fL;0.500000;1503123194;1503123194
0;32;8048;0x0fdedffc157333ccce89a28248a40f2be15933460d01eab10a7af87546a0aa56;0x495a01678eb5d239c74254cbffc94fd5d211618c3a4771108e7558e290927433;0xfbe4def0;0x1b1b175fL;0.500000;1503123194;1503123194
0;32;8048;0x0fdedffc157333ccce89a28248a40f2be15933460d01eab10a7af87546a0aa56;0x495a01678eb5d239c74254cbffc94fd5d211618c3a4771108e7558e290927433;0xfbe4def0;0x1b1b175fL;0.500000;1503123194;1503123195
0;32;8048;0x46c529aaf04474a510bed2b2b3c71b3b4b1644791b5a783c218488b3f2f2f338;0x060414030892ce98f851bd868b4221424307c7c1a55a0f5bbc9ce10326d144f3;0xa5bd3b14;0x1b1b175fL;0.500000;1503123195;1503123195
0;32;8048;0x46c529aaf04474a510bed2b2b3c71b3b4b1644791b5a783c218488b3f2f2f338;0x060414030892ce98f851bd868b4221424307c7c1a55a0f5bbc9ce10326d144f3;0xa5bd3b14;0x1b1b175fL;0.500000;1503123195;1503123195
0;32;8048;0x46c529aaf04474a510bed2b2b3c71b3b4b1644791b5a783c218488b3f2f2f338;0x060414030892ce98f851bd868b4221424307c7c1a55a0f5bbc9ce10326d144f3;0xa5bd3b14;0x1b1b175fL;0.500000;1503123195;1503123195
0;32;8048;0x46c529aaf04474a510bed2b2b3c71b3b4b1644791b5a783c218488b3f2f2f338;0x060414030892ce98f851bd868b4221424307c7c1a55a0f5bbc9ce10326d144f3;0xa5bd3b14;0x1b1b175fL;0.500000;1503123195;1503123195
0;32;8048;0x46c529aaf04474a510bed2b2b3c71b3b4b1644791b5a783c218488b3f2f2f338;0x060414030892ce98f851bd868b4221424307c7c1a55a0f5bbc9ce10326d144f3;0xa5bd3b14;0x1b1b175fL;0.500000;1503123195;1503123195
0;32;8048;0x46c529aaf04474a510bed2b2b3c71b3b4b1644791b5a783c218488b3f2f2f338;0x060414030892ce98f851bd868b4221424307c7c1a55a0f5bbc9ce10326d144f3;0xa5bd3b14;0x1b1b175fL;0.500000;1503123195;1503123195
0;32;8048;0x46c529aaf04474a510bed2b2b3c71b3b4b1644791b5a783c218488b3f2f2f338;0x060414030892ce98f851bd868b4221424307c7c1a55a0f5bbc9ce10326d144f3;0xa5bd3b14;0x1b1b175fL;0.500000;1503123195;1503123196
