0;32;8048;0xf08efc9ac4fbd133848d7c2c881f6e05b69fd2aa60a8b967ff08bf10effe01df;0x205dfbcab4c2706ec19a28225057e1f4e5f0e2e1b3d973a37fe7d5fe689c4cb4;0x8ad80170;0x1b1b175fL;0.500000;1503085798;1503085798
0;32;8048;0xf08efc9ac4fbd133848d7c2c881f6e05b69fd2aa60a8b967ff08bf10effe01df;0x205dfbcab4c2706ec19a28225057e1f4e5f0e2e1b3d973a37fe7d5fe689c4cb4;0x8ad80170;0x1b1b175fL;0.500000;1503085798;1503085799
0;32;8048;0xe754a1186bebc760bb4f5e60d3ad0f4bb86fa241bdbabbdc926c9354a5ca718d;0x584ad89436e640b6d50728da8873bb246080f55231ef1cd574eaaaee5e5158c9;0x797a6258;0x1b1b175fL;0.500000;1503085799;1503085799
0;32;8048;0xe754a1186bebc760bb4f5e60d3ad0f4bb86fa241bdbabbdc926c9354a5ca718d;0x584ad89436e640b6d50728da8873bb246080f55231ef1cd574eaaaee5e5158c9;0x797a6258;0x1b1b175fL;0.500000;1503085799;1503085799
0;32;8048;0xe754a1186bebc760bb4f5e60d3ad0f4bb86fa241bdbabbdc926c9354a5ca718d;0x584ad89436e640b6d50728da8873bb246080f55231ef1cd574eaaaee5e5158c9;0x797a6258;0x1b1b175fL;0.500000;1503085799;1503085799
0;32;8048;0xe754a1186bebc760bb4f5e60d3ad0f4bb86fa241bdbabbdc926c9354a5ca718d;0x584ad89436e640b6d50728da8873bb246080f55231ef1cd574eaaaee5e5158c9;0x797a6258;0x1b1b175fL;0.500000;1503085799;1503085799
0;32;8048;0xe754a1186bebc760bb4f5e60d3ad0f4bb86fa241bdbabbdc926c9354a5ca718d;0x584ad89436e640b6d50728da8873bb246080f55231ef1cd574eaaaee5e5158c9;0x797a6258;0x1b1b175fL;0.500000;1503085799;1503085799
0;32;8048;0xe754a1186bebc760bb4f5e60d3ad0f4bb86fa241bdbabbdc926c9354a5ca718d;0x584ad89436e640b6d50728da8873bb246080f55231ef1cd574eaaaee5e5158c9;0x797a6258;0x1b1b175fL;0.500000;1503085800;1503085800
0;32;8048;0x94f46598b067608e38f7cbc6ece53d8d88991cb50e67ff942a5a532e2113a9b5;0xa2a88f78dc2389a9519039413aa110732dbd8833422372e4a11d41ea297a20e3;0x003cea6a;0x1b1b175fL;0.500000;1503085800;1503085800
0;32;8048;0x94f46598b067608e38f7cbc6ece53d8d88991cb50e67ff942a5a532e2113a9b5;0xa2a88f78dc2389a9519039413aa110732dbd8833422372e4a11d41ea297a20e3;0x003cea6a;0x1b1b175fL;0.500000;1503085800;1503085800
0;32;8048;0x94f46598b067608e38f7cbc6ece53d8d88991cb50e67ff942a5a532e2113a9b5;0xa2a88f78dc2389a9519039413aa110732dbd8833422372e4a11d41ea297a20e3;0x003cea6a;0x1b1b175fL;0.500000;1503085800;1503085800
0;32;8048;0x94f46598b067608e38f7cbc6ece53d8d88991cb50e67ff942a5a532e2113a9b5;0xa2a88f78dc2389a9519039413aa110732dbd8833422372e4a11d41ea297a20e3;0x003cea6a;0x1b1b175fL;0.500000;1503085800;1503085800
0;32;8048;0x94f46598b067608e38f7cbc6ece53d8d88991cb50e67ff942a5a532e2113a9b5;0xa2a88f78dc2389a9519039413aa110732dbd8833422372e4a11d41ea297a20e3;0x003cea6a;0x1b1b175fL;0.500000;1503085800;1503085801
0;32;8048;0xcbd612906905e3b588699a408965d21146fbaa2a5fc81babd549f5fbbca05387;0x0fef05e49bfae91e04f37a7b1bf6561f39f0179c82b1e0bff9e897d246b5ed37;0xc563cded;0x62592560L;0.500000;1503085801;1503085801
0;32;8048;0xcbd612906905e3b588699a408965d21146fbaa2a5fc81babd549f5fbbca05387;0x0fef05e49bfae91e04f37a7b1bf6561f39f0179c82b1e0bff9e897d246b5ed37;0xc563cded;0x62592560L;0.500000;1503085801;1503085801
0;32;8048;0xcbd612906905e3b588699a408965d21146fbaa2a5fc81babd549f5fbbca05387;0x0fef05e49bfae91e04f37a7b1bf6561f39f0179c82b1e0bff9e897d246b5ed37;0xc563cded;0x62592560L;0.500000;1503085801;1503085801
0;32;8048;0xcbd612906905e3b588699a408965d21146fbaa2a5fc81babd549f5fbbca05387;0x0fef05e49bfae91e04f37a7b1bf6561f39f0179c82b1e0bff9e897d246b5ed37;0xc563cded;0x62592560L;0.500000;1503085801;1503085801
0;32;8048;0xcbd612906905e3b588699a408965d21146fbaa2a5fc81babd549f5fbbca05387;0x0fef05e49bfae91e04f37a7b1bf6561f39f0179c82b1e0bff9e897d246b5ed37;0xc563cded;0x62592560L;0.500000;1503085801;1503085802
0;32;8048;0xa148c24bc6bd066ab1e1954b9e9af76dc4e67e098e02ca6ebc8e7fe997fa1138;0xf33b3af85a3ce8315763a6af96427a7f00a13144613dde5d7786211c9e98892c;0xc063fc03;0x1b1b175fL;0.500000;1503085802;1503085802
0;32;8048;0xa148c24bc6bd066ab1e1954b9e9af76dc4e67e098e02ca6ebc8e7fe997fa1138;0xf33b3af85a3ce8315763a6af96427a7f00a13144613dde5d7786211c9e98892c;0xc063fc03;0x1b1b175fL;0.500000;1503085802;1503085802
