0;32;8048;0xcd834c53f43c7206f17be5d8c83be0f5183d2bacf4524fbbc8f7ab665d3e3b2a;0xf330ed33205187adb91f1c9825f3051ead7c42a1585d870e5123508fbad9cd63;0xc2641d5d;0x1b1b175fL;0.500000;1503093528;1503093528
0;32;8048;0xcd834c53f43c7206f17be5d8c83be0f5183d2bacf4524fbbc8f7ab665d3e3b2a;0xf330ed33205187adb91f1c9825f3051ead7c42a1585d870e5123508fbad9cd63;0xc2641d5d;0x1b1b175fL;0.500000;1503093529;1503093529
0;32;8048;0xab17dfdfc85c48b9755e6c3efbd6bef3a536900def676be81f8afa172dba60d9;0x342dd42d4cfecd59467890ad44a5b03e42db611efdd1a503c8fe4cd7b9130a15;0xfc062139;0x1b1b175fL;0.500000;1503093529;1503093529
0;32;8048;0xab17dfdfc85c48b9755e6c3efbd6bef3a536900def676be81f8afa172dba60d9;0x342dd42d4cfecd59467890ad44a5b03e42db611efdd1a503c8fe4cd7b9130a15;0xfc062139;0x1b1b175fL;0.500000;1503093529;1503093529
0;32;8048;0xab17dfdfc85c48b9755e6c3efbd6bef3a536900def676be81f8afa172dba60d9;0x342dd42d4cfecd59467890ad44a5b03e42db611efdd1a503c8fe4cd7b9130a15;0xfc062139;0x1b1b175fL;0.500000;1503093529;1503093529
0;32;8048;0xab17dfdfc85c48b9755e6c3efbd6bef3a536900def676be81f8afa172dba60d9;0x342dd42d4cfecd59467890ad44a5b03e42db611efdd1a503c8fe4cd7b9130a15;0xfc062139;0x1b1b175fL;0.500000;1503093529;1503093529
0;32;8048;0xab17dfdfc85c48b9755e6c3efbd6bef3a536900def676be81f8afa172dba60d9;0x342dd42d4cfecd59467890ad44a5b03e42db611efdd1a503c8fe4cd7b9130a15;0xfc062139;0x1b1b175fL;0.500000;1503093529;1503093529
0;32;8048;0xab17dfdfc85c48b9755e6c3efbd6bef3a536900def676be81f8afa172dba60d9;0x342dd42d4cfecd59467890ad44a5b03e42db611efdd1a503c8fe4cd7b9130a15;0xfc062139;0x1b1b175fL;0.500000;1503093529;1503093530
0;32;8048;0x0fdbb05d4d08229e6f7f6bfb55b02859dabe0f9bbbcf558facd9667001c8b210;0x8c546da0c01239ae5d7b107724f9ebbfb9769ed6203895d05b8f83135a03ff40;0x3ac5649d;0x1b1b175fL;0.500000;1503093530;1503093530
0;32;8048;0x0fdbb05d4d08229e6f7f6bfb55b02859dabe0f9bbbcf558facd9667001c8b210;0x8c546da0c01239ae5d7b107724f9ebbfb9769ed6203895d05b8f83135a03ff40;0x3ac5649d;0x1b1b175fL;0.500000;1503093530;1503093530
0;32;8048;0x0fdbb05d4d08229e6f7f6bfb55b02859dabe0f9bbbcf558facd9667001c8b210;0x8c546da0c01239ae5d7b107724f9ebbfb9769ed6203895d05b8f83135a03ff40;0x3ac5649d;0x1b1b175fL;0.500000;1503093530;1503093530
0;32;8048;0x0fdbb05d4d08229e6f7f6bfb55b02859dabe0f9bbbcf558facd9667001c8b210;0x8c546da0c01239ae5d7b107724f9ebbfb9769ed6203895d05b8f83135a03ff40;0x3ac5649d;0x1b1b175fL;0.500000;1503093530;1503093530
0;32;8048;0x0fdbb05d4d08229e6f7f6bfb55b02859dabe0f9bbbcf558facd9667001c8b210;0x8c546da0c01239ae5d7b107724f9ebbfb9769ed6203895d05b8f83135a03ff40;0x3ac5649d;0x1b1b175fL;0.500000;1503093530;1503093530
0;32;8048;0x0fdbb05d4d08229e6f7f6bfb55b02859dabe0f9bbbcf558facd9667001c8b210;0x8c546da0c01239ae5d7b107724f9ebbfb9769ed6203895d05b8f83135a03ff40;0x3ac5649d;0x1b1b175fL;0.500000;1503093530;1503093530
0;32;8048;0x0fdbb05d4d08229e6f7f6bfb55b02859dabe0f9bbbcf558facd9667001c8b210;0x8c546da0c01239ae5d7b107724f9ebbfb9769ed6203895d05b8f83135a03ff40;0x3ac5649d;0x1b1b175fL;0.500000;1503093530;1503093531
0;32;8048;0x5158b8caf6f0efe89c05bf1255265a63bba0fde676e77bd43e913cca7b178acc;0x3cfc2d974863d1231edb3138d93eaa2d329cb95d62189923c3d570657e372a40;0xb54bc2e4;0x1b1b175fL;0.500000;1503093531;1503093531
0;32;8048;0x5158b8caf6f0efe89c05bf1255265a63bba0fde676e77bd43e913cca7b178acc;0x3cfc2d974863d1231edb3138d93eaa2d329cb95d62189923c3d570657e372a40;0xb54bc2e4;0x1b1b175fL;0.500000;1503093531;1503093531
0;32;8048;0x5158b8caf6f0efe89c05bf1255265a63bba0fde676e77bd43e913cca7b178acc;0x3cfc2d974863d1231edb3138d93eaa2d329cb95d62189923c3d570657e372a40;0xb54bc2e4;0x1b1b175fL;0.500000;1503093531;1503093531
0;32;8048;0x5158b8caf6f0efe89c05bf1255265a63bba0fde676e77bd43e913cca7b178acc;0x3cfc2d974863d1231edb3138d93eaa2d329cb95d62189923c3d570657e372a40;0xb54bc2e4;0x1b1b175fL;0.500000;1503093531;1503093531
0;32;8048;0x5158b8caf6f0efe89c05bf1255265a63bba0fde676e77bd43e913cca7b178acc;0x3cfc2d974863d1231edb3138d93eaa2d329cb95d62189923c3d570657e372a40;0xb54bc2e4;0x1b1b175fL;0.500000;1503093531;1503093531
