0;32;8048;0xb6ea571dac3b4d7fc0856d5f5376891eac0c49d99d3a4c0e95c47dd52654d9dc;0xd64791b62338b08198206e36720babddf9b4c9e63291c0258c1f1d082fa8ca10;0x242be496;0x1b1b175fL;0.500000;1503117936;1503117936
0;32;8048;0xb6ea571dac3b4d7fc0856d5f5376891eac0c49d99d3a4c0e95c47dd52654d9dc;0xd64791b62338b08198206e36720babddf9b4c9e63291c0258c1f1d082fa8ca10;0x242be496;0x1b1b175fL;0.500000;1503117936;1503117936
0;32;8048;0xb6ea571dac3b4d7fc0856d5f5376891eac0c49d99d3a4c0e95c47dd52654d9dc;0xd64791b62338b08198206e36720babddf9b4c9e63291c0258c1f1d082fa8ca10;0x242be496;0x1b1b175fL;0.500000;1503117936;1503117937
0;32;8048;0x3fd1a8820c5383a009bac6d7055290e7371b64bc5f9383c177a3fc8c86610dc5;0x2075053c55a3045361fc394a22fadb48b91c7f5eb49acca67acbe751131db2e3;0x6790abb0;0x1b1b175fL;0.500000;1503117937;1503117937
0;32;8048;0x3fd1a8820c5383a009bac6d7055290e7371b64bc5f9383c177a3fc8c86610dc5;0x2075053c55a3045361fc394a22fadb48b91c7f5eb49acca67acbe751131db2e3;0x6790abb0;0x1b1b175fL;0.500000;1503117937;1503117937
0;32;8048;0x3fd1a8820c5383a009bac6d7055290e7371b64bc5f9383c177a3fc8c86610dc5;0x2075053c55a3045361fc394a22fadb48b91c7f5eb49acca67acbe751131db2e3;0x6790abb0;0x1b1b175fL;0.500000;1503117937;1503117937
0;32;8048;0x3fd1a8820c5383a009bac6d7055290e7371b64bc5f9383c177a3fc8c86610dc5;0x2075053c55a3045361fc394a22fadb48b91c7f5eb49acca67acbe751131db2e3;0x6790abb0;0x1b1b175fL;0.500000;1503117937;1503117937
0;32;8048;0x3fd1a8820c5383a009bac6d7055290e7371b64bc5f9383c177a3fc8c86610dc5;0x2075053c55a3045361fc394a22fadb48b91c7f5eb49acca67acbe751131db2e3;0x6790abb0;0x1b1b175fL;0.500000;1503117937;1503117937
0;32;8048;0x3fd1a8820c5383a009bac6d7055290e7371b64bc5f9383c177a3fc8c86610dc5;0x2075053c55a3045361fc394a22fadb48b91c7f5eb49acca67acbe751131db2e3;0x6790abb0;0x1b1b175fL;0.500000;1503117937;1503117938
0;32;8048;0xb164f5e4db4fbfcdd427b7db653406419b56384dd476818916255ffb7af53c2c;0x08e43645229a0a8198315e254069408940d980c9c7f608ecb9fc302b908b8cf9;0x1df5070e;0x1b1b175fL;0.500000;1503117938;1503117938
0;32;8048;0xb164f5e4db4fbfcdd427b7db653406419b56384dd476818916255ffb7af53c2c;0x08e43645229a0a8198315e254069408940d980c9c7f608ecb9fc302b908b8cf9;0x1df5070e;0x1b1b175fL;0.500000;1503117938;1503117938
0;32;8048;0xb164f5e4db4fbfcdd427b7db653406419b56384dd476818916255ffb7af53c2c;0x08e43645229a0a8198315e254069408940d980c9c7f608ecb9fc302b908b8cf9;0x1df5070e;0x1b1b175fL;0.500000;1503117938;1503117938
0;32;8048;0xb164f5e4db4fbfcdd427b7db653406419b56384dd476818916255ffb7af53c2c;0x08e43645229a0a8198315e254069408940d980c9c7f608ecb9fc302b908b8cf9;0x1df5070e;0x1b1b175fL;0.500000;1503117938;1503117938
0;32;8048;0xb164f5e4db4fbfcdd427b7db653406419b56384dd476818916255ffb7af53c2c;0x08e43645229a0a8198315e254069408940d980c9c7f608ecb9fc302b908b8cf9;0x1df5070e;0x1b1b175fL;0.500000;1503117938;1503117938
0;32;8048;0xb164f5e4db4fbfcdd427b7db653406419b56384dd476818916255ffb7af53c2c;0x08e43645229a0a8198315e254069408940d980c9c7f608ecb9fc302b908b8cf9;0x1df5070e;0x1b1b175fL;0.500000;1503117938;1503117938
0;32;8048;0xb164f5e4db4fbfcdd427b7db653406419b56384dd476818916255ffb7af53c2c;0x08e43645229a0a8198315e254069408940d980c9c7f608ecb9fc302b908b8cf9;0x1df5070e;0x1b1b175fL;0.500000;1503117938;1503117939
0;32;8048;0xaa4ea3985351f4d27fe2a52c6469255b6f011a0e16c57c521fa6f1fe979a9442;0xc6bd54a8ba24fe8d73ff85fd125b5ab649d91e28d1141b20d292fadba2012ae8;0x403fa0f2;0x1b1b175fL;0.500000;1503117939;1503117939
0;32;8048;0xaa4ea3985351f4d27fe2a52c6469255b6f011a0e16c57c521fa6f1fe979a9442;0xc6bd54a8ba24fe8d73ff85fd125b5ab649d91e28d1141b20d292fadba2012ae8;0x403fa0f2;0x1b1b175fL;0.500000;1503117939;1503117939
0;32;8048;0xaa4ea3985351f4d27fe2a52c6469255b6f011a0e16c57c521fa6f1fe979a9442;0xc6bd54a8ba24fe8d73ff85fd125b5ab649d91e28d1141b20d292fadba2012ae8;0x403fa0f2;0x1b1b175fL;0.500000;1503117939;1503117939
0;32;8048;0xaa4ea3985351f4d27fe2a52c6469255b6f011a0e16c57c521fa6f1fe979a9442;0xc6bd54a8ba24fe8d73ff85fd125b5ab649d91e28d1141b20d292fadba2012ae8;0x403fa0f2;0x1b1b175fL;0.500000;1503117939;1503117939
