0;32;8048;0xb528e4fe428cc9accccb9fa19aae0daf67945f213b3acdfa7ba4f90a2c4349e1;0x8f04ca7f3eafd25fc444e28fc9b08a98952de55fed7011accfe5576231bfc6c9;0x877ec770;0x1b1b175fL;0.500000;1503131122;1503131122
0;32;8048;0x5a1049d5cf30f43506b8ce00ba31bb60dfff565021b99ea92e09a0071b609d75;0x3cc8bb92a51e73a2674607606a80b78741f0c6584b51c3cd389403a7d669f0d3;0xe4b5b57b;0x1b1b175fL;0.500000;1503131122;1503131122
0;32;8048;0x5a1049d5cf30f43506b8ce00ba31bb60dfff565021b99ea92e09a0071b609d75;0x3cc8bb92a51e73a2674607606a80b78741f0c6584b51c3cd389403a7d669f0d3;0xe4b5b57b;0x1b1b175fL;0.500000;1503131122;1503131122
0;32;8048;0x5a1049d5cf30f43506b8ce00ba31bb60dfff565021b99ea92e09a0071b609d75;0x3cc8bb92a51e73a2674607606a80b78741f0c6584b51c3cd389403a7d669f0d3;0xe4b5b57b;0x1b1b175fL;0.500000;1503131122;1503131122
0;32;8048;0x5a1049d5cf30f43506b8ce00ba31bb60dfff565021b99ea92e09a0071b609d75;0x3cc8bb92a51e73a2674607606a80b78741f0c6584b51c3cd389403a7d669f0d3;0xe4b5b57b;0x1b1b175fL;0.500000;1503131122;1503131122
0;32;8048;0x5a1049d5cf30f43506b8ce00ba31bb60dfff565021b99ea92e09a0071b609d75;0x3cc8bb92a51e73a2674607606a80b78741f0c6584b51c3cd389403a7d669f0d3;0xe4b5b57b;0x1b1b175fL;0.500000;1503131122;1503131122
0;32;8048;0x5a1049d5cf30f43506b8ce00ba31bb60dfff565021b99ea92e09a0071b609d75;0x3cc8bb92a51e73a2674607606a80b78741f0c6584b51c3cd389403a7d669f0d3;0xe4b5b57b;0x1b1b175fL;0.500000;1503131122;1503131123
0;32;8048;0xf2eafb86474ad70d179833412c3cf14ca1fdbd1717038d0006fff3ae85aa7877;0xf6893208c705688e869c61cafa9d06819d2810e4b274f1df335428894ab83515;0x5aa61489;0x62592560L;0.500000;1503131123;1503131123
0;32;8048;0xf2eafb86474ad70d179833412c3cf14ca1fdbd1717038d0006fff3ae85aa7877;0xf6893208c705688e869c61cafa9d06819d2810e4b274f1df335428894ab83515;0x5aa61489;0x62592560L;0.500000;1503131123;1503131123
0;32;8048;0xf2eafb86474ad70d179833412c3cf14ca1fdbd1717038d0006fff3ae85aa7877;0xf6893208c705688e869c61cafa9d06819d2810e4b274f1df335428894ab83515;0x5aa61489;0x62592560L;0.500000;1503131123;1503131123
0;32;8048;0xf2eafb86474ad70d179833412c3cf14ca1fdbd1717038d0006fff3ae85aa7877;0xf6893208c705688e869c61cafa9d06819d2810e4b274f1df335428894ab83515;0x5aa61489;0x62592560L;0.500000;1503131123;1503131123
0;32;8048;0xf2eafb86474ad70d179833412c3cf14ca1fdbd1717038d0006fff3ae85aa7877;0xf6893208c705688e869c61cafa9d06819d2810e4b274f1df335428894ab83515;0x5aa61489;0x62592560L;0.500000;1503131123;1503131123
0;32;8048;0xf2eafb86474ad70d179833412c3cf14ca1fdbd1717038d0006fff3ae85aa7877;0xf6893208c705688e869c61cafa9d06819d2810e4b274f1df335428894ab83515;0x5aa61489;0x62592560L;0.500000;1503131123;1503131123
0;32;8048;0xf2eafb86474ad70d179833412c3cf14ca1fdbd1717038d0006fff3ae85aa7877;0xf6893208c705688e869c61cafa9d06819d2810e4b274f1df335428894ab83515;0x5aa61489;0x62592560L;0.500000;1503131124;1503131124
0;32;8048;0x6c4a10a12cdec51588f65854c1d9d54abf2b3dc5642fdc7803c05ebf3f2ab0ab;0xfd1bafd4b7c858d59a34d41ec55b618120837899e8efc3b370842cd80e420a61;0xf76dcfe7;0x1b1b175fL;0.500000;1503131124;1503131124
0;32;8048;0x6c4a10a12cdec51588f65854c1d9d54abf2b3dc5642fdc7803c05ebf3f2ab0ab;0xfd1bafd4b7c858d59a34d41ec55b618120837899e8efc3b370842cd80e420a61;0xf76dcfe7;0x1b1b175fL;0.500000;1503131124;1503131124
0;32;8048;0x6c4a10a12cdec51588f65854c1d9d54abf2b3dc5642fdc7803c05ebf3f2ab0ab;0xfd1bafd4b7c858d59a34d41ec55b618120837899e8efc3b370842cd80e420a61;0xf76dcfe7;0x1b1b175fL;0.500000;1503131124;1503131124
0;32;8048;0x6c4a10a12cdec51588f65854c1d9d54abf2b3dc5642fdc7803c05ebf3f2ab0ab;0xfd1bafd4b7c858d59a34d41ec55b618120837899e8efc3b370842cd80e420a61;0xf76dcfe7;0x1b1b175fL;0.500000;1503131124;1503131124
0;32;8048;0x6c4a10a12cdec51588f65854c1d9d54abf2b3dc5642fdc7803c05ebf3f2ab0ab;0xfd1bafd4b7c858d59a34d41ec55b618120837899e8efc3b370842cd80e420a61;0xf76dcfe7;0x1b1b175fL;0.500000;1503131124;1503131124
0;32;8048;0x6c4a10a12cdec51588f65854c1d9d54abf2b3dc5642fdc7803c05ebf3f2ab0ab;0xfd1bafd4b7c858d59a34d41ec55b618120837899e8efc3b370842cd80e420a61;0xf76dcfe7;0x1b1b175fL;0.500000;1503131124;1503131124
