0;32;8048;0x79f3d9570da4ef1f8a9096c0072df5b56473deca47eaa134cd3f5645091aa482;0x78aa38cd0e570d1b8162ff46f05e58b3760c12670e859d4e4d7df659e5087713;0x0e485d79;0x1b1b175fL;0.500000;1503125876;1503125876
0;32;8048;0x79f3d9570da4ef1f8a9096c0072df5b56473deca47eaa134cd3f5645091aa482;0x78aa38cd0e570d1b8162ff46f05e58b3760c12670e859d4e4d7df659e5087713;0x0e485d79;0x1b1b175fL;0.500000;1503125876;1503125876
0;32;8048;0x79f3d9570da4ef1f8a9096c0072df5b56473deca47eaa134cd3f5645091aa482;0x78aa38cd0e570d1b8162ff46f05e58b3760c12670e859d4e4d7df659e5087713;0x0e485d79;0x1b1b175fL;0.500000;1503125876;1503125876
0;32;8048;0x79f3d9570da4ef1f8a9096c0072df5b56473deca47eaa134cd3f5645091aa482;0x78aa38cd0e570d1b8162ff46f05e58b3760c12670e859d4e4d7df659e5087713;0x0e485d79;0x1b1b175fL;0.500000;1503125876;1503125876
0;32;8048;0x79f3d9570da4ef1f8a9096c0072df5b56473deca47eaa134cd3f5645091aa482;0x78aa38cd0e570d1b8162ff46f05e58b3760c12670e859d4e4d7df659e5087713;0x0e485d79;0x1b1b175fL;0.500000;1503125876;1503125877
0;32;8048;0xf26a90c806bfaf9cc8265660523ffd71479c63f96d5284877554cb4861bea853;0x1feb7d6ceaf436bb47ee306ad07ef0ebfebd20165b432214e927198f5594a65b;0xfad737eb;0x1b1b175fL;0.500000;1503125877;1503125877
0;32;8048;0xf26a90c806bfaf9cc8265660523ffd71479c63f96d5284877554cb4861bea853;0x1feb7d6ceaf436bb47ee306ad07ef0ebfebd20165b432214e927198f5594a65b;0xfad737eb;0x1b1b175fL;0.500000;1503125877;1503125877
0;32;8048;0xf26a90c806bfaf9cc8265660523ffd71479c63f96d5284877554cb4861bea853;0x1feb7d6ceaf436bb47ee306ad07ef0ebfebd20165b432214e927198f5594a65b;0xfad737eb;0x1b1b175fL;0.500000;1503125877;1503125877
0;32;8048;0xf26a90c806bfaf9cc8265660523ffd71479c63f96d5284877554cb4861bea853;0x1feb7d6ceaf436bb47ee306ad07ef0ebfebd20165b432214e927198f5594a65b;0xfad737eb;0x1b1b175fL;0.500000;1503125877;1503125877
0;32;8048;0xf26a90c806bfaf9cc8265660523ffd71479c63f96d5284877554cb4861bea853;0x1feb7d6ceaf436bb47ee306ad07ef0ebfebd20165b432214e927198f5594a65b;0xfad737eb;0x1b1b175fL;0.500000;1503125877;1503125877
0;32;8048;0xf26a90c806bfaf9cc8265660523ffd71479c63f96d5284877554cb4861bea853;0x1feb7d6ceaf436bb47ee306ad07ef0ebfebd20165b432214e927198f5594a65b;0xfad737eb;0x1b1b175fL;0.500000;1503125877;1503125877
0;32;8048;0xf26a90c806bfaf9cc8265660523ffd71479c63f96d5284877554cb4861bea853;0x1feb7d6ceaf436bb47ee306ad07ef0ebfebd20165b432214e927198f5594a65b;0xfad737eb;0x1b1b175fL;0.500000;1503125877;1503125878
0;32;8048;0x74df949524a6a47135dedda6ee5ade7aba662d28829ffbc2ee171199e4b96358;0x0639a8f9ca9cd67aeb4418b416cf3f3b927335976d8c8a0aa95582fa3546c19d;0x75f6bd18;0x1b1b175fL;0.500000;1503125878;1503125878
0;32;8048;0x74df949524a6a47135dedda6ee5ade7aba662d28829ffbc2ee171199e4b96358;0x0639a8f9ca9cd67aeb4418b416cf3f3b927335976d8c8a0aa95582fa3546c19d;0x75f6bd18;0x1b1b175fL;0.500000;1503125878;1503125878
0;32;8048;0x74df949524a6a47135dedda6ee5ade7aba662d28829ffbc2ee171199e4b96358;0x0639a8f9ca9cd67aeb4418b416cf3f3b927335976d8c8a0aa95582fa3546c19d;0x75f6bd18;0x1b1b175fL;0.500000;1503125878;1503125878
0;32;8048;0x74df949524a6a47135dedda6ee5ade7aba662d28829ffbc2ee171199e4b96358;0x0639a8f9ca9cd67aeb4418b416cf3f3b927335976d8c8a0aa95582fa3546c19d;0x75f6bd18;0x1b1b175fL;0.500000;1503125878;1503125878
0;32;8048;0x74df949524a6a47135dedda6ee5ade7aba662d28829ffbc2ee171199e4b96358;0x0639a8f9ca9cd67aeb4418b416cf3f3b927335976d8c8a0aa95582fa3546c19d;0x75f6bd18;0x1b1b175fL;0.500000;1503125878;1503125878
0;32;8048;0x74df949524a6a47135dedda6ee5ade7aba662d28829ffbc2ee171199e4b96358;0x0639a8f9ca9cd67aeb4418b416cf3f3b927335976d8c8a0aa95582fa3546c19d;0x75f6bd18;0x1b1b175fL;0.500000;1503125878;1503125878
0;32;8048;0x74df949524a6a47135dedda6ee5ade7aba662d28829ffbc2ee171199e4b96358;0x0639a8f9ca9cd67aeb4418b416cf3f3b927335976d8c8a0aa95582fa3546c19d;0x75f6bd18;0x1b1b175fL;0.500000;1503125878;1503125879
0;32;8048;0xfd277c3ad29eafa7ebe478016bc1dd3699aea622c62ba75c7d7958e96f3cbe6c;0xa257a013d8a421c69db5d4a4793384bf90d95e2e6d7a88e13d3d508bcdbe5e24;0x5102ff78;0x1b1b175fL;0.500000;1503125879;1503125879
