0;32;8048;0xf2022307cbb13d42e5d7d54e0c859dc70950b033517098e360c2752881ace673;0x3efdd0184cd72b896146ea7c4df41d937db473a86667788bf10048ddb2f1ba5f;0xe8611652;0x1b1b175fL;0.500000;1503134395;1503134395
0;32;8048;0xf2022307cbb13d42e5d7d54e0c859dc70950b033517098e360c2752881ace673;0x3efdd0184cd72b896146ea7c4df41d937db473a86667788bf10048ddb2f1ba5f;0xe8611652;0x1b1b175fL;0.500000;1503134395;1503134395
0;32;8048;0xf2022307cbb13d42e5d7d54e0c859dc70950b033517098e360c2752881ace673;0x3efdd0184cd72b896146ea7c4df41d937db473a86667788bf10048ddb2f1ba5f;0xe8611652;0x1b1b175fL;0.500000;1503134395;1503134395
0;32;8048;0xf2022307cbb13d42e5d7d54e0c859dc70950b033517098e360c2752881ace673;0x3efdd0184cd72b896146ea7c4df41d937db473a86667788bf10048ddb2f1ba5f;0xe8611652;0x1b1b175fL;0.500000;1503134395;1503134395
0;32;8048;0xf2022307cbb13d42e5d7d54e0c859dc70950b033517098e360c2752881ace673;0x3efdd0184cd72b896146ea7c4df41d937db473a86667788bf10048ddb2f1ba5f;0xe8611652;0x1b1b175fL;0.500000;1503134395;1503134395
0;32;8048;0xf2022307cbb13d42e5d7d54e0c859dc70950b033517098e360c2752881ace673;0x3efdd0184cd72b896146ea7c4df41d937db473a86667788bf10048ddb2f1ba5f;0xe8611652;0x1b1b175fL;0.500000;1503134395;1503134395
0;32;8048;0xf2022307cbb13d42e5d7d54e0c859dc70950b033517098e360c2752881ace673;0x3efdd0184cd72b896146ea7c4df41d937db473a86667788bf10048ddb2f1ba5f;0xe8611652;0x1b1b175fL;0.500000;1503134395;1503134396
0;32;8048;0xf426b6dcad8bec7c9b1f7ecde7a331a5ec90bcdc2cde1b9affde1b98ed25fae1;0xbe87c7d9c21c5df6583f971ec352bd1fb1fbb107a206f9da1024720d0c6a5fbc;0xb2e4d4c8;0x1b1b175fL;0.500000;1503134396;1503134396
0;32;8048;0xf426b6dcad8bec7c9b1f7ecde7a331a5ec90bcdc2cde1b9affde1b98ed25fae1;0xbe87c7d9c21c5df6583f971ec352bd1fb1fbb107a206f9da1024720d0c6a5fbc;0xb2e4d4c8;0x1b1b175fL;0.500000;1503134396;1503134396
0;32;8048;0xf426b6dcad8bec7c9b1f7ecde7a331a5ec90bcdc2cde1b9affde1b98ed25fae1;0xbe87c7d9c21c5df6583f971ec352bd1fb1fbb107a206f9da1024720d0c6a5fbc;0xb2e4d4c8;0x1b1b175fL;0.500000;1503134396;1503134396
0;32;8048;0xf426b6dcad8bec7c9b1f7ecde7a331a5ec90bcdc2cde1b9affde1b98ed25fae1;0xbe87c7d9c21c5df6583f971ec352bd1fb1fbb107a206f9da1024720d0c6a5fbc;0xb2e4d4c8;0x1b1b175fL;0.500000;1503134396;1503134396
0;32;8048;0xf426b6dcad8bec7c9b1f7ecde7a331a5ec90bcdc2cde1b9affde1b98ed25fae1;0xbe87c7d9c21c5df6583f971ec352bd1fb1fbb107a206f9da1024720d0c6a5fbc;0xb2e4d4c8;0x1b1b175fL;0.500000;1503134396;1503134396
0;32;8048;0xf426b6dcad8bec7c9b1f7ecde7a331a5ec90bcdc2cde1b9affde1b98ed25fae1;0xbe87c7d9c21c5df6583f971ec352bd1fb1fbb107a206f9da1024720d0c6a5fbc;0xb2e4d4c8;0x1b1b175fL;0.500000;1503134396;1503134396
0;32;8048;0xf426b6dcad8bec7c9b1f7ecde7a331a5ec90bcdc2cde1b9affde1b98ed25fae1;0xbe87c7d9c21c5df6583f971ec352bd1fb1fbb107a206f9da1024720d0c6a5fbc;0xb2e4d4c8;0x1b1b175fL;0.500000;1503134396;1503134397
0;32;8048;0xa7211682fc921a8430354b4706ee1fa26d1194f8fe865bf43183550ca5396b4c;0xf2507f5d0abca5c51f3953a164734218af52f80817a2e3fa63e9e7756a2d6e3e;0x7f382b3b;0x1b1b175fL;0.500000;1503134397;1503134397
0;32;8048;0xa7211682fc921a8430354b4706ee1fa26d1194f8fe865bf43183550ca5396b4c;0xf2507f5d0abca5c51f3953a164734218af52f80817a2e3fa63e9e7756a2d6e3e;0x7f382b3b;0x1b1b175fL;0.500000;1503134397;1503134397
0;32;8048;0xa7211682fc921a8430354b4706ee1fa26d1194f8fe865bf43183550ca5396b4c;0xf2507f5d0abca5c51f3953a164734218af52f80817a2e3fa63e9e7756a2d6e3e;0x7f382b3b;0x1b1b175fL;0.500000;1503134397;1503134397
0;32;8048;0xa7211682fc921a8430354b4706ee1fa26d1194f8fe865bf43183550ca5396b4c;0xf2507f5d0abca5c51f3953a164734218af52f80817a2e3fa63e9e7756a2d6e3e;0x7f382b3b;0x1b1b175fL;0.500000;1503134397;1503134397
0;32;8048;0xa7211682fc921a8430354b4706ee1fa26d1194f8fe865bf43183550ca5396b4c;0xf2507f5d0abca5c51f3953a164734218af52f80817a2e3fa63e9e7756a2d6e3e;0x7f382b3b;0x1b1b175fL;0.500000;1503134397;1503134397
0;32;8048;0xa7211682fc921a8430354b4706ee1fa26d1194f8fe865bf43183550ca5396b4c;0xf2507f5d0abca5c51f3953a164734218af52f80817a2e3fa63e9e7756a2d6e3e;0x7f382b3b;0x1b1b175fL;0.500000;1503134397;1503134397
