0;32;8048;0xe0c09fb1615cd4ef21c624fbb5af83382e460e4891029e6ec1fe0f58e1081bc1;0x9b97cb77ee63872be28eafac376d742c74dc4d6c0153b9c9f26a4f7aeffc32b1;0x2773ca29;0x1b1b175fL;0.500000;1503133741;1503133741
0;32;8048;0xe0c09fb1615cd4ef21c624fbb5af83382e460e4891029e6ec1fe0f58e1081bc1;0x9b97cb77ee63872be28eafac376d742c74dc4d6c0153b9c9f26a4f7aeffc32b1;0x2773ca29;0x1b1b175fL;0.500000;1503133741;1503133741
0;32;8048;0xe0c09fb1615cd4ef21c624fbb5af83382e460e4891029e6ec1fe0f58e1081bc1;0x9b97cb77ee63872be28eafac376d742c74dc4d6c0153b9c9f26a4f7aeffc32b1;0x2773ca29;0x1b1b175fL;0.500000;1503133741;1503133741
0;32;8048;0xe0c09fb1615cd4ef21c624fbb5af83382e460e4891029e6ec1fe0f58e1081bc1;0x9b97cb77ee63872be28eafac376d742c74dc4d6c0153b9c9f26a4f7aeffc32b1;0x2773ca29;0x1b1b175fL;0.500000;1503133741;1503133741
0;32;8048;0xe0c09fb1615cd4ef21c624fbb5af83382e460e4891029e6ec1fe0f58e1081bc1;0x9b97cb77ee63872be28eafac376d742c74dc4d6c0153b9c9f26a4f7aeffc32b1;0x2773ca29;0x1b1b175fL;0.500000;1503133741;1503133741
0;32;8048;0xe0c09fb1615cd4ef21c624fbb5af83382e460e4891029e6ec1fe0f58e1081bc1;0x9b97cb77ee63872be28eafac376d742c74dc4d6c0153b9c9f26a4f7aeffc32b1;0x2773ca29;0x1b1b175fL;0.500000;1503133741;1503133742
0;32;8048;0x95ecdbb128c4ad6a8fe2e678c06a7bf7a026973ca887438f1d0a8d812ebe47c4;0xd98f80bee244f0d2251b4aae0668e5163d1087e1924905893b075cd28601873f;0xcb2324fb;0x1b1b175fL;0.500000;1503133742;1503133742
0;32;8048;0x95ecdbb128c4ad6a8fe2e678c06a7bf7a026973ca887438f1d0a8d812ebe47c4;0xd98f80bee244f0d2251b4aae0668e5163d1087e1924905893b075cd28601873f;0xcb2324fb;0x1b1b175fL;0.500000;1503133742;1503133742
0;32;8048;0x95ecdbb128c4ad6a8fe2e678c06a7bf7a026973ca887438f1d0a8d812ebe47c4;0xd98f80bee244f0d2251b4aae0668e5163d1087e1924905893b075cd28601873f;0xcb2324fb;0x1b1b175fL;0.500000;1503133742;1503133742
0;32;8048;0x95ecdbb128c4ad6a8fe2e678c06a7bf7a026973ca887438f1d0a8d812ebe47c4;0xd98f80bee244f0d2251b4aae0668e5163d1087e1924905893b075cd28601873f;0xcb2324fb;0x1b1b175fL;0.500000;1503133742;1503133742
0;32;8048;0x95ecdbb128c4ad6a8fe2e678c06a7bf7a026973ca887438f1d0a8d812ebe47c4;0xd98f80bee244f0d2251b4aae0668e5163d1087e1924905893b075cd28601873f;0xcb2324fb;0x1b1b175fL;0.500000;1503133742;1503133742
0;32;8048;0x95ecdbb128c4ad6a8fe2e678c06a7bf7a026973ca887438f1d0a8d812ebe47c4;0xd98f80bee244f0d2251b4aae0668e5163d1087e1924905893b075cd28601873f;0xcb2324fb;0x1b1b175fL;0.500000;1503133742;1503133742
0;32;8048;0x95ecdbb128c4ad6a8fe2e678c06a7bf7a026973ca887438f1d0a8d812ebe47c4;0xd98f80bee244f0d2251b4aae0668e5163d1087e1924905893b075cd28601873f;0xcb2324fb;0x1b1b175fL;0.500000;1503133742;1503133743
0;32;8048;0x02cb0dc2856f385ae383706dbcc3190d957828840bf9a1737dc50e7cda9da8dc;0x45e16ec39cea78a898a272a3e29caab0d3f24acc3e1ebc15d5581018e0710bb3;0xcd06246a;0x1b1b175fL;0.500000;1503133743;1503133743
0;32;8048;0x02cb0dc2856f385ae383706dbcc3190d957828840bf9a1737dc50e7cda9da8dc;0x45e16ec39cea78a898a272a3e29caab0d3f24acc3e1ebc15d5581018e0710bb3;0xcd06246a;0x1b1b175fL;0.500000;1503133743;1503133743
0;32;8048;0x02cb0dc2856f385ae383706dbcc3190d957828840bf9a1737dc50e7cda9da8dc;0x45e16ec39cea78a898a272a3e29caab0d3f24acc3e1ebc15d5581018e0710bb3;0xcd06246a;0x1b1b175fL;0.500000;1503133743;1503133743
0;32;8048;0x02cb0dc2856f385ae383706dbcc3190d957828840bf9a1737dc50e7cda9da8dc;0x45e16ec39cea78a898a272a3e29caab0d3f24acc3e1ebc15d5581018e0710bb3;0xcd06246a;0x1b1b175fL;0.500000;1503133743;1503133743
0;32;8048;0x02cb0dc2856f385ae383706dbcc3190d957828840bf9a1737dc50e7cda9da8dc;0x45e16ec39cea78a898a272a3e29caab0d3f24acc3e1ebc15d5581018e0710bb3;0xcd06246a;0x1b1b175fL;0.500000;1503133743;1503133743
0;32;8048;0x02cb0dc2856f385ae383706dbcc3190d957828840bf9a1737dc50e7cda9da8dc;0x45e16ec39cea78a898a272a3e29caab0d3f24acc3e1ebc15d5581018e0710bb3;0xcd06246a;0x1b1b175fL;0.500000;1503133743;1503133743
0;32;8048;0x02cb0dc2856f385ae383706dbcc3190d957828840bf9a1737dc50e7cda9da8dc;0x45e16ec39cea78a898a272a3e29caab0d3f24acc3e1ebc15d5581018e0710bb3;0xcd06246a;0x1b1b175fL;0.500000;1503133744;1503133744
