0;32;8048;0xce80fd768dc52c7840275c8f3c9f2c9eac4cc318253ee7bebb823c424d428b1b;0xdd193f7b6c750a58629bf8498b040227769f880903bc71273b1c34fbfc77412a;0xb5ce4f1f;0x62592560L;0.500000;1503112697;1503112697
0;32;8048;0xce80fd768dc52c7840275c8f3c9f2c9eac4cc318253ee7bebb823c424d428b1b;0xdd193f7b6c750a58629bf8498b040227769f880903bc71273b1c34fbfc77412a;0xb5ce4f1f;0x62592560L;0.500000;1503112697;1503112697
0;32;8048;0xce80fd768dc52c7840275c8f3c9f2c9eac4cc318253ee7bebb823c424d428b1b;0xdd193f7b6c750a58629bf8498b040227769f880903bc71273b1c34fbfc77412a;0xb5ce4f1f;0x62592560L;0.500000;1503112697;1503112697
0;32;8048;0xce80fd768dc52c7840275c8f3c9f2c9eac4cc318253ee7bebb823c424d428b1b;0xdd193f7b6c750a58629bf8498b040227769f880903bc71273b1c34fbfc77412a;0xb5ce4f1f;0x62592560L;0.500000;1503112697;1503112697
0;32;8048;0xce80fd768dc52c7840275c8f3c9f2c9eac4cc318253ee7bebb823c424d428b1b;0xdd193f7b6c750a58629bf8498b040227769f880903bc71273b1c34fbfc77412a;0xb5ce4f1f;0x62592560L;0.500000;1503112697;1503112697
0;32;8048;0xce80fd768dc52c7840275c8f3c9f2c9eac4cc318253ee7bebb823c424d428b1b;0xdd193f7b6c750a58629bf8498b040227769f880903bc71273b1c34fbfc77412a;0xb5ce4f1f;0x62592560L;0.500000;1503112698;1503112698
0;32;8048;0x8ee132a399ef312e77d83068750c0fb4a9d17297f2054db12e9dcdc79c6e032b;0x1b8dc1af4dfb8cf66f4e77144da2f4b571297c0476b50f7753d70ff3da32155e;0x95a7d7d4;0x1b1b175fL;0.500000;1503112698;1503112698
0;32;8048;0x8ee132a399ef312e77d83068750c0fb4a9d17297f2054db12e9dcdc79c6e032b;0x1b8dc1af4dfb8cf66f4e77144da2f4b571297c0476b50f7753d70ff3da32155e;0x95a7d7d4;0x1b1b175fL;0.500000;1503112698;1503112698
0;32;8048;0x8ee132a399ef312e77d83068750c0fb4a9d17297f2054db12e9dcdc79c6e032b;0x1b8dc1af4dfb8cf66f4e77144da2f4b571297c0476b50f7753d70ff3da32155e;0x95a7d7d4;0x1b1b175fL;0.500000;1503112698;1503112698
0;32;8048;0x8ee132a399ef312e77d83068750c0fb4a9d17297f2054db12e9dcdc79c6e032b;0x1b8dc1af4dfb8cf66f4e77144da2f4b571297c0476b50f7753d70ff3da32155e;0x95a7d7d4;0x1b1b175fL;0.500000;1503112698;1503112698
0;32;8048;0x8ee132a399ef312e77d83068750c0fb4a9d17297f2054db12e9dcdc79c6e032b;0x1b8dc1af4dfb8cf66f4e77144da2f4b571297c0476b50f7753d70ff3da32155e;0x95a7d7d4;0x1b1b175fL;0.500000;1503112698;1503112698
0;32;8048;0x8ee132a399ef312e77d83068750c0fb4a9d17297f2054db12e9dcdc79c6e032b;0x1b8dc1af4dfb8cf66f4e77144da2f4b571297c0476b50f7753d70ff3da32155e;0x95a7d7d4;0x1b1b175fL;0.500000;1503112699;1503112699
0;32;8048;0xdd3c09cb0c4f85883f14fa1d2701c4ecd726d4c86be63ef57e03f98e43da3821;0x3b380d4652ce1a000ce4f7903e2e22269474dd6f6a1ed825a707ae6ae4456a14;0x73b57df5;0x1b1b175fL;0.500000;1503112699;1503112699
0;32;8048;0xdd3c09cb0c4f85883f14fa1d2701c4ecd726d4c86be63ef57e03f98e43da3821;0x3b380d4652ce1a000ce4f7903e2e22269474dd6f6a1ed825a707ae6ae4456a14;0x73b57df5;0x1b1b175fL;0.500000;1503112699;1503112699
0;32;8048;0xdd3c09cb0c4f85883f14fa1d2701c4ecd726d4c86be63ef57e03f98e43da3821;0x3b380d4652ce1a000ce4f7903e2e22269474dd6f6a1ed825a707ae6ae4456a14;0x73b57df5;0x1b1b175fL;0.500000;1503112699;1503112699
0;32;8048;0xdd3c09cb0c4f85883f14fa1d2701c4ecd726d4c86be63ef57e03f98e43da3821;0x3b380d4652ce1a000ce4f7903e2e22269474dd6f6a1ed825a707ae6ae4456a14;0x73b57df5;0x1b1b175fL;0.500000;1503112699;1503112699
0;32;8048;0xdd3c09cb0c4f85883f14fa1d2701c4ecd726d4c86be63ef57e03f98e43da3821;0x3b380d4652ce1a000ce4f7903e2e22269474dd6f6a1ed825a707ae6ae4456a14;0x73b57df5;0x1b1b175fL;0.500000;1503112699;1503112699
0;32;8048;0xdd3c09cb0c4f85883f14fa1d2701c4ecd726d4c86be63ef57e03f98e43da3821;0x3b380d4652ce1a000ce4f7903e2e22269474dd6f6a1ed825a707ae6ae4456a14;0x73b57df5;0x1b1b175fL;0.500000;1503112699;1503112700
0;32;8048;0x5212d73228840c9ae5d75ac89cae91aa581d39922cadc47372eaed634b9ae99d;0xfba6d10ea5179b963e352cb06ccc5543c33aac366380c8a7e60e0e2c50f8f562;0xbb0a45ac;0x1b1b175fL;0.500000;1503112700;1503112700
0;32;8048;0x5212d73228840c9ae5d75ac89cae91aa581d39922cadc47372eaed634b9ae99d;0xfba6d10ea5179b963e352cb06ccc5543c33aac366380c8a7e60e0e2c50f8f562;0xbb0a45ac;0x1b1b175fL;0.500000;1503112700;1503112700
