0;32;8048;0xa5d6542aef9f2e3f527f56ad10c31a0bdfd467b7e19b575b7b31aa30fdae4aa2;0x84cfe4f2c1b5f3c39c0b2e1e3e90beeb8a5db8e578bd2e3695d9ced7be4f4af2;0xc2bb3851;0x1b1b175fL;0.500000;1503086569;1503086569
0;32;8048;0xa5d6542aef9f2e3f527f56ad10c31a0bdfd467b7e19b575b7b31aa30fdae4aa2;0x84cfe4f2c1b5f3c39c0b2e1e3e90beeb8a5db8e578bd2e3695d9ced7be4f4af2;0xc2bb3851;0x1b1b175fL;0.500000;1503086569;1503086569
0;32;8048;0xa5d6542aef9f2e3f527f56ad10c31a0bdfd467b7e19b575b7b31aa30fdae4aa2;0x84cfe4f2c1b5f3c39c0b2e1e3e90beeb8a5db8e578bd2e3695d9ced7be4f4af2;0xc2bb3851;0x1b1b175fL;0.500000;1503086569;1503086569
0;32;8048;0xa5d6542aef9f2e3f527f56ad10c31a0bdfd467b7e19b575b7b31aa30fdae4aa2;0x84cfe4f2c1b5f3c39c0b2e1e3e90beeb8a5db8e578bd2e3695d9ced7be4f4af2;0xc2bb3851;0x1b1b175fL;0.500000;1503086569;1503086569
0;32;8048;0xa5d6542aef9f2e3f527f56ad10c31a0bdfd467b7e19b575b7b31aa30fdae4aa2;0x84cfe4f2c1b5f3c39c0b2e1e3e90beeb8a5db8e578bd2e3695d9ced7be4f4af2;0xc2bb3851;0x1b1b175fL;0.500000;1503086569;1503086570
0;32;8048;0x315d457daa717482d766501ced6ab90526906f52d73e158c616aa1c9a78428d8;0x178370b5afbb6e177f14e7a25d201dd82bb4429aff9765a310163db40a4beecb;0x6a3786a0;0x1b1b175fL;0.500000;1503086570;1503086570
0;32;8048;0x315d457daa717482d766501ced6ab90526906f52d73e158c616aa1c9a78428d8;0x178370b5afbb6e177f14e7a25d201dd82bb4429aff9765a310163db40a4beecb;0x6a3786a0;0x1b1b175fL;0.500000;1503086570;1503086570
0;32;8048;0x315d457daa717482d766501ced6ab90526906f52d73e158c616aa1c9a78428d8;0x178370b5afbb6e177f14e7a25d201dd82bb4429aff9765a310163db40a4beecb;0x6a3786a0;0x1b1b175fL;0.500000;1503086570;1503086570
0;32;8048;0x315d457daa717482d766501ced6ab90526906f52d73e158c616aa1c9a78428d8;0x178370b5afbb6e177f14e7a25d201dd82bb4429aff9765a310163db40a4beecb;0x6a3786a0;0x1b1b175fL;0.500000;1503086570;1503086570
0;32;8048;0x315d457daa717482d766501ced6ab90526906f52d73e158c616aa1c9a78428d8;0x178370b5afbb6e177f14e7a25d201dd82bb4429aff9765a310163db40a4beecb;0x6a3786a0;0x1b1b175fL;0.500000;1503086570;1503086570
0;32;8048;0x315d457daa717482d766501ced6ab90526906f52d73e158c616aa1c9a78428d8;0x178370b5afbb6e177f14e7a25d201dd82bb4429aff9765a310163db40a4beecb;0x6a3786a0;0x1b1b175fL;0.500000;1503086571;1503086571
0;32;8048;0x924d8d458dd1081ebd6f567bd15ea8e322696583e955e1eb78125db4f8320a8a;0x218ebb5efc386cd8358acfb187a4b361514374093f6fc10f41b883d13f4a848a;0x99a59911;0x1b1b175fL;0.500000;1503086571;1503086571
0;32;8048;0x924d8d458dd1081ebd6f567bd15ea8e322696583e955e1eb78125db4f8320a8a;0x218ebb5efc386cd8358acfb187a4b361514374093f6fc10f41b883d13f4a848a;0x99a59911;0x1b1b175fL;0.500000;1503086571;1503086571
0;32;8048;0x924d8d458dd1081ebd6f567bd15ea8e322696583e955e1eb78125db4f8320a8a;0x218ebb5efc386cd8358acfb187a4b361514374093f6fc10f41b883d13f4a848a;0x99a59911;0x1b1b175fL;0.500000;1503086571;1503086571
0;32;8048;0x924d8d458dd1081ebd6f567bd15ea8e322696583e955e1eb78125db4f8320a8a;0x218ebb5efc386cd8358acfb187a4b361514374093f6fc10f41b883d13f4a848a;0x99a59911;0x1b1b175fL;0.500000;1503086571;1503086571
0;32;8048;0x924d8d458dd1081ebd6f567bd15ea8e322696583e955e1eb78125db4f8320a8a;0x218ebb5efc386cd8358acfb187a4b361514374093f6fc10f41b883d13f4a848a;0x99a59911;0x1b1b175fL;0.500000;1503086571;1503086572
0;32;8048;0xe8d7ef94dcaa9bb8fdd7c3688bc18b18529ff21542fff3c0517a69f74132212a;0xaa74d173440a8aa339e416e502194f67fa0fff8c23da9bb42d324d28d1c0460d;0x010dc9c5;0x1b1b175fL;0.500000;1503086572;1503086572
0;32;8048;0xe8d7ef94dcaa9bb8fdd7c3688bc18b18529ff21542fff3c0517a69f74132212a;0xaa74d173440a8aa339e416e502194f67fa0fff8c23da9bb42d324d28d1c0460d;0x010dc9c5;0x1b1b175fL;0.500000;1503086572;1503086572
0;32;8048;0xe8d7ef94dcaa9bb8fdd7c3688bc18b18529ff21542fff3c0517a69f74132212a;0xaa74d173440a8aa339e416e502194f67fa0fff8c23da9bb42d324d28d1c0460d;0x010dc9c5;0x1b1b175fL;0.500000;1503086572;1503086572
0;32;8048;0xe8d7ef94dcaa9bb8fdd7c3688bc18b18529ff21542fff3c0517a69f74132212a;0xaa74d173440a8aa339e416e502194f67fa0fff8c23da9bb42d324d28d1c0460d;0x010dc9c5;0x1b1b175fL;0.500000;1503086572;1503086572
