0;32;8048;0xdf4f4f1c8dfae88672d9bf93aae01fcc4f872c72216f300d2f5a5876b6091096;0xa6d8a863ad286b33d143bd905c1d97df1442e5dc7d4ccc933a5e8324c4438c55;0x2fcbf05e;0x1b1b175fL;0.500000;1503116650;1503116650
0;32;8048;0xdf4f4f1c8dfae88672d9bf93aae01fcc4f872c72216f300d2f5a5876b6091096;0xa6d8a863ad286b33d143bd905c1d97df1442e5dc7d4ccc933a5e8324c4438c55;0x2fcbf05e;0x1b1b175fL;0.500000;1503116650;1503116650
0;32;8048;0xdf4f4f1c8dfae88672d9bf93aae01fcc4f872c72216f300d2f5a5876b6091096;0xa6d8a863ad286b33d143bd905c1d97df1442e5dc7d4ccc933a5e8324c4438c55;0x2fcbf05e;0x1b1b175fL;0.500000;1503116650;1503116650
0;32;8048;0xdf4f4f1c8dfae88672d9bf93aae01fcc4f872c72216f300d2f5a5876b6091096;0xa6d8a863ad286b33d143bd905c1d97df1442e5dc7d4ccc933a5e8324c4438c55;0x2fcbf05e;0x1b1b175fL;0.500000;1503116650;1503116651
0;32;8048;0x70b24c021ad444dd79f4e0431f48993efa06d508648d5c44b2b0e880c0106131;0x4707df434776efd39fb8c9964d1a35e71efaece82169b3de9d3b295a366f11d9;0x3a71242c;0x1b1b175fL;0.500000;1503116651;1503116651
0;32;8048;0x70b24c021ad444dd79f4e0431f48993efa06d508648d5c44b2b0e880c0106131;0x4707df434776efd39fb8c9964d1a35e71efaece82169b3de9d3b295a366f11d9;0x3a71242c;0x1b1b175fL;0.500000;1503116651;1503116651
0;32;8048;0x70b24c021ad444dd79f4e0431f48993efa06d508648d5c44b2b0e880c0106131;0x4707df434776efd39fb8c9964d1a35e71efaece82169b3de9d3b295a366f11d9;0x3a71242c;0x1b1b175fL;0.500000;1503116651;1503116651
0;32;8048;0x70b24c021ad444dd79f4e0431f48993efa06d508648d5c44b2b0e880c0106131;0x4707df434776efd39fb8c9964d1a35e71efaece82169b3de9d3b295a366f11d9;0x3a71242c;0x1b1b175fL;0.500000;1503116651;1503116651
0;32;8048;0x70b24c021ad444dd79f4e0431f48993efa06d508648d5c44b2b0e880c0106131;0x4707df434776efd39fb8c9964d1a35e71efaece82169b3de9d3b295a366f11d9;0x3a71242c;0x1b1b175fL;0.500000;1503116651;1503116651
0;32;8048;0x70b24c021ad444dd79f4e0431f48993efa06d508648d5c44b2b0e880c0106131;0x4707df434776efd39fb8c9964d1a35e71efaece82169b3de9d3b295a366f11d9;0x3a71242c;0x1b1b175fL;0.500000;1503116651;1503116651
0;32;8048;0x70b24c021ad444dd79f4e0431f48993efa06d508648d5c44b2b0e880c0106131;0x4707df434776efd39fb8c9964d1a35e71efaece82169b3de9d3b295a366f11d9;0x3a71242c;0x1b1b175fL;0.500000;1503116651;1503116652
0;32;8048;0x91cf47e873dd25077f9966cb53b90d9897bd412e243d3baffbed5354c7707658;0xc16482aadb3d13bfb63e59c678c289fd94078a3be8fc0ee594774a5873e300e5;0xe1c8fdf1;0x1b1b175fL;0.500000;1503116652;1503116652
0;32;8048;0x91cf47e873dd25077f9966cb53b90d9897bd412e243d3baffbed5354c7707658;0xc16482aadb3d13bfb63e59c678c289fd94078a3be8fc0ee594774a5873e300e5;0xe1c8fdf1;0x1b1b175fL;0.500000;1503116652;1503116652
0;32;8048;0x91cf47e873dd25077f9966cb53b90d9897bd412e243d3baffbed5354c7707658;0xc16482aadb3d13bfb63e59c678c289fd94078a3be8fc0ee594774a5873e300e5;0xe1c8fdf1;0x1b1b175fL;0.500000;1503116652;1503116652
0;32;8048;0x91cf47e873dd25077f9966cb53b90d9897bd412e243d3baffbed5354c7707658;0xc16482aadb3d13bfb63e59c678c289fd94078a3be8fc0ee594774a5873e300e5;0xe1c8fdf1;0x1b1b175fL;0.500000;1503116652;1503116652
0;32;8048;0x91cf47e873dd25077f9966cb53b90d9897bd412e243d3baffbed5354c7707658;0xc16482aadb3d13bfb63e59c678c289fd94078a3be8fc0ee594774a5873e300e5;0xe1c8fdf1;0x1b1b175fL;0.500000;1503116652;1503116652
0;32;8048;0x91cf47e873dd25077f9966cb53b90d9897bd412e243d3baffbed5354c7707658;0xc16482aadb3d13bfb63e59c678c289fd94078a3be8fc0ee594774a5873e300e5;0xe1c8fdf1;0x1b1b175fL;0.500000;1503116652;1503116652
0;32;8048;0x91cf47e873dd25077f9966cb53b90d9897bd412e243d3baffbed5354c7707658;0xc16482aadb3d13bfb63e59c678c289fd94078a3be8fc0ee594774a5873e300e5;0xe1c8fdf1;0x1b1b175fL;0.500000;1503116652;1503116653
0;32;8048;0x02b068f07c44322958e3ab6f38b1a81905f41324152670a7915cc16b9f64b6a1;0x62ca8d4e4a1063d9dd48462ef47a3160011c0782e537f2ad8c950bbb509155df;0x96f822ce;0x1b1b175fL;0.500000;1503116653;1503116653
0;32;8048;0x02b068f07c44322958e3ab6f38b1a81905f41324152670a7915cc16b9f64b6a1;0x62ca8d4e4a1063d9dd48462ef47a3160011c0782e537f2ad8c950bbb509155df;0x96f822ce;0x1b1b175fL;0.500000;1503116653;1503116653
