0;32;8048;0x920debf79db92ce4c132127aa5a496aeba820c884a708d1df9346092bbf8334e;0x1cd2b57e4d5ccc105ddbac6e73a59ea57fc1809728d408a3f872e87a5a986098;0xf5e5aea8;0x1b1b175fL;0.500000;1503135708;1503135708
0;32;8048;0x920debf79db92ce4c132127aa5a496aeba820c884a708d1df9346092bbf8334e;0x1cd2b57e4d5ccc105ddbac6e73a59ea57fc1809728d408a3f872e87a5a986098;0xf5e5aea8;0x1b1b175fL;0.500000;1503135708;1503135708
0;32;8048;0x920debf79db92ce4c132127aa5a496aeba820c884a708d1df9346092bbf8334e;0x1cd2b57e4d5ccc105ddbac6e73a59ea57fc1809728d408a3f872e87a5a986098;0xf5e5aea8;0x1b1b175fL;0.500000;1503135708;1503135708
0;32;8048;0x920debf79db92ce4c132127aa5a496aeba820c884a708d1df9346092bbf8334e;0x1cd2b57e4d5ccc105ddbac6e73a59ea57fc1809728d408a3f872e87a5a986098;0xf5e5aea8;0x1b1b175fL;0.500000;1503135708;1503135708
0;32;8048;0x920debf79db92ce4c132127aa5a496aeba820c884a708d1df9346092bbf8334e;0x1cd2b57e4d5ccc105ddbac6e73a59ea57fc1809728d408a3f872e87a5a986098;0xf5e5aea8;0x1b1b175fL;0.500000;1503135708;1503135708
0;32;8048;0x920debf79db92ce4c132127aa5a496aeba820c884a708d1df9346092bbf8334e;0x1cd2b57e4d5ccc105ddbac6e73a59ea57fc1809728d408a3f872e87a5a986098;0xf5e5aea8;0x1b1b175fL;0.500000;1503135708;1503135708
0;32;8048;0x920debf79db92ce4c132127aa5a496aeba820c884a708d1df9346092bbf8334e;0x1cd2b57e4d5ccc105ddbac6e73a59ea57fc1809728d408a3f872e87a5a986098;0xf5e5aea8;0x1b1b175fL;0.500000;1503135708;1503135709
0;32;8048;0xd30086bb70bcb9f905d3fb049e5332bee65c940d8d0ad1c49ea4ce964678d419;0xaebd00b5fe655b53d862dfa2614153645c6ed3c1e11cbc7ae07e42e56565ced3;0xd240650a;0x1b1b175fL;0.500000;1503135709;1503135709
0;32;8048;0xd30086bb70bcb9f905d3fb049e5332bee65c940d8d0ad1c49ea4ce964678d419;0xaebd00b5fe655b53d862dfa2614153645c6ed3c1e11cbc7ae07e42e56565ced3;0xd240650a;0x1b1b175fL;0.500000;1503135709;1503135709
0;32;8048;0xd30086bb70bcb9f905d3fb049e5332bee65c940d8d0ad1c49ea4ce964678d419;0xaebd00b5fe655b53d862dfa2614153645c6ed3c1e11cbc7ae07e42e56565ced3;0xd240650a;0x1b1b175fL;0.500000;1503135709;1503135709
0;32;8048;0xd30086bb70bcb9f905d3fb049e5332bee65c940d8d0ad1c49ea4ce964678d419;0xaebd00b5fe655b53d862dfa2614153645c6ed3c1e11cbc7ae07e42e56565ced3;0xd240650a;0x1b1b175fL;0.500000;1503135709;1503135709
0;32;8048;0xd30086bb70bcb9f905d3fb049e5332bee65c940d8d0ad1c49ea4ce964678d419;0xaebd00b5fe655b53d862dfa2614153645c6ed3c1e11cbc7ae07e42e56565ced3;0xd240650a;0x1b1b175fL;0.500000;1503135709;1503135709
0;32;8048;0xd30086bb70bcb9f905d3fb049e5332bee65c940d8d0ad1c49ea4ce964678d419;0xaebd00b5fe655b53d862dfa2614153645c6ed3c1e11cbc7ae07e42e56565ced3;0xd240650a;0x1b1b175fL;0.500000;1503135709;1503135709
0;32;8048;0xd30086bb70bcb9f905d3fb049e5332bee65c940d8d0ad1c49ea4ce964678d419;0xaebd00b5fe655b53d862dfa2614153645c6ed3c1e11cbc7ae07e42e56565ced3;0xd240650a;0x1b1b175fL;0.500000;1503135710;1503135710
0;32;8048;0xa5f46b94cc8c2a691eacdfe0befea204fc23f0cef37096d9e10897ab2b66b2d0;0x0bc1e8ddb13a2542b624b1d458944751433e8e49c186f516ad7bcfa22276b1d6;0xc5ac6059;0x1b1b175fL;0.500000;1503135710;1503135710
0;32;8048;0xa5f46b94cc8c2a691eacdfe0befea204fc23f0cef37096d9e10897ab2b66b2d0;0x0bc1e8ddb13a2542b624b1d458944751433e8e49c186f516ad7bcfa22276b1d6;0xc5ac6059;0x1b1b175fL;0.500000;1503135710;1503135710
0;32;8048;0xa5f46b94cc8c2a691eacdfe0befea204fc23f0cef37096d9e10897ab2b66b2d0;0x0bc1e8ddb13a2542b624b1d458944751433e8e49c186f516ad7bcfa22276b1d6;0xc5ac6059;0x1b1b175fL;0.500000;1503135710;1503135710
0;32;8048;0xa5f46b94cc8c2a691eacdfe0befea204fc23f0cef37096d9e10897ab2b66b2d0;0x0bc1e8ddb13a2542b624b1d458944751433e8e49c186f516ad7bcfa22276b1d6;0xc5ac6059;0x1b1b175fL;0.500000;1503135710;1503135710
0;32;8048;0xa5f46b94cc8c2a691eacdfe0befea204fc23f0cef37096d9e10897ab2b66b2d0;0x0bc1e8ddb13a2542b624b1d458944751433e8e49c186f516ad7bcfa22276b1d6;0xc5ac6059;0x1b1b175fL;0.500000;1503135710;1503135710
0;32;8048;0xa5f46b94cc8c2a691eacdfe0befea204fc23f0cef37096d9e10897ab2b66b2d0;0x0bc1e8ddb13a2542b624b1d458944751433e8e49c186f516ad7bcfa22276b1d6;0xc5ac6059;0x1b1b175fL;0.500000;1503135710;1503135710
