0;32;8048;0xd0b882c6180a77adb0d5061c7fbc7983a5df3563b77c4fefdd68526bb22f3683;0x539bcdff1b030637d7f5f78fd0ef311d8ab48a538e981ccfc886cadf8355986d;0xee90be51;0x1b1b175fL;0.500000;1503088137;1503088137
0;32;8048;0xd0b882c6180a77adb0d5061c7fbc7983a5df3563b77c4fefdd68526bb22f3683;0x539bcdff1b030637d7f5f78fd0ef311d8ab48a538e981ccfc886cadf8355986d;0xee90be51;0x1b1b175fL;0.500000;1503088137;1503088137
0;32;8048;0xd0b882c6180a77adb0d5061c7fbc7983a5df3563b77c4fefdd68526bb22f3683;0x539bcdff1b030637d7f5f78fd0ef311d8ab48a538e981ccfc886cadf8355986d;0xee90be51;0x1b1b175fL;0.500000;1503088137;1503088137
0;32;8048;0xd0b882c6180a77adb0d5061c7fbc7983a5df3563b77c4fefdd68526bb22f3683;0x539bcdff1b030637d7f5f78fd0ef311d8ab48a538e981ccfc886cadf8355986d;0xee90be51;0x1b1b175fL;0.500000;1503088137;1503088138
0;32;8048;0xdec28bc354a8ec9a720feb4fd254cbb897b82739331f72aa82238b6d7ff2825e;0x0ef9a1b2df56672b9a7cfb2a6778694b2a6c1fbddc9e96995233a6037a7ac225;0x4a27cbc0;0x1b1b175fL;0.500000;1503088138;1503088138
0;32;8048;0xdec28bc354a8ec9a720feb4fd254cbb897b82739331f72aa82238b6d7ff2825e;0x0ef9a1b2df56672b9a7cfb2a6778694b2a6c1fbddc9e96995233a6037a7ac225;0x4a27cbc0;0x1b1b175fL;0.500000;1503088138;1503088138
0;32;8048;0xdec28bc354a8ec9a720feb4fd254cbb897b82739331f72aa82238b6d7ff2825e;0x0ef9a1b2df56672b9a7cfb2a6778694b2a6c1fbddc9e96995233a6037a7ac225;0x4a27cbc0;0x1b1b175fL;0.500000;1503088138;1503088138
0;32;8048;0xdec28bc354a8ec9a720feb4fd254cbb897b82739331f72aa82238b6d7ff2825e;0x0ef9a1b2df56672b9a7cfb2a6778694b2a6c1fbddc9e96995233a6037a7ac225;0x4a27cbc0;0x1b1b175fL;0.500000;1503088138;1503088138
0;32;8048;0xdec28bc354a8ec9a720feb4fd254cbb897b82739331f72aa82238b6d7ff2825e;0x0ef9a1b2df56672b9a7cfb2a6778694b2a6c1fbddc9e96995233a6037a7ac225;0x4a27cbc0;0x1b1b175fL;0.500000;1503088138;1503088138
0;32;8048;0xdec28bc354a8ec9a720feb4fd254cbb897b82739331f72aa82238b6d7ff2825e;0x0ef9a1b2df56672b9a7cfb2a6778694b2a6c1fbddc9e96995233a6037a7ac225;0x4a27cbc0;0x1b1b175fL;0.500000;1503088139;1503088139
0;32;8048;0x0a4ca66188c9963349227a53a2436a3e3cc0492bb4740392da49b3d49495249f;0x1a51928b6997cc603ea9e658b4d23b8b994d8d8f4920cb8b5f33adfcb7fece57;0x730c8035;0x1b1b175fL;0.500000;1503088139;1503088139
0;32;8048;0x0a4ca66188c9963349227a53a2436a3e3cc0492bb4740392da49b3d49495249f;0x1a51928b6997cc603ea9e658b4d23b8b994d8d8f4920cb8b5f33adfcb7fece57;0x730c8035;0x1b1b175fL;0.500000;1503088139;1503088139
0;32;8048;0x0a4ca66188c9963349227a53a2436a3e3cc0492bb4740392da49b3d49495249f;0x1a51928b6997cc603ea9e658b4d23b8b994d8d8f4920cb8b5f33adfcb7fece57;0x730c8035;0x1b1b175fL;0.500000;1503088139;1503088139
0;32;8048;0x0a4ca66188c9963349227a53a2436a3e3cc0492bb4740392da49b3d49495249f;0x1a51928b6997cc603ea9e658b4d23b8b994d8d8f4920cb8b5f33adfcb7fece57;0x730c8035;0x1b1b175fL;0.500000;1503088139;1503088139
0;32;8048;0x0a4ca66188c9963349227a53a2436a3e3cc0492bb4740392da49b3d49495249f;0x1a51928b6997cc603ea9e658b4d23b8b994d8d8f4920cb8b5f33adfcb7fece57;0x730c8035;0x1b1b175fL;0.500000;1503088139;1503088140
0;32;8048;0xe87fcb35e65f683d6901673ae4752849cf879d70416c9a5cf3cebf972e136616;0xde82f839c70cb6a5288904c024ed57e004dcc125bedb774334ad98328b5cece7;0xe1b3efb0;0x1b1b175fL;0.500000;1503088140;1503088140
0;32;8048;0xe87fcb35e65f683d6901673ae4752849cf879d70416c9a5cf3cebf972e136616;0xde82f839c70cb6a5288904c024ed57e004dcc125bedb774334ad98328b5cece7;0xe1b3efb0;0x1b1b175fL;0.500000;1503088140;1503088140
0;32;8048;0xe87fcb35e65f683d6901673ae4752849cf879d70416c9a5cf3cebf972e136616;0xde82f839c70cb6a5288904c024ed57e004dcc125bedb774334ad98328b5cece7;0xe1b3efb0;0x1b1b175fL;0.500000;1503088140;1503088140
0;32;8048;0xe87fcb35e65f683d6901673ae4752849cf879d70416c9a5cf3cebf972e136616;0xde82f839c70cb6a5288904c024ed57e004dcc125bedb774334ad98328b5cece7;0xe1b3efb0;0x1b1b175fL;0.500000;1503088140;1503088140
0;32;8048;0xe87fcb35e65f683d6901673ae4752849cf879d70416c9a5cf3cebf972e136616;0xde82f839c70cb6a5288904c024ed57e004dcc125bedb774334ad98328b5cece7;0xe1b3efb0;0x1b1b175fL;0.500000;1503088140;1503088140
