0;32;8048;0x5c6c092251a32a6b3ca197088214d42cd7f80f1fc2a46fe91c78cde51b13e577;0x44c7fd930aa25c895ce8661d1ba103ea6eb98102e77592b39ace353b4da11ac2;0xfbdaae98;0x1b1b175fL;0.500000;1503075251;1503075251
0;32;8048;0x5c6c092251a32a6b3ca197088214d42cd7f80f1fc2a46fe91c78cde51b13e577;0x44c7fd930aa25c895ce8661d1ba103ea6eb98102e77592b39ace353b4da11ac2;0xfbdaae98;0x1b1b175fL;0.500000;1503075251;1503075251
0;32;8048;0x5c6c092251a32a6b3ca197088214d42cd7f80f1fc2a46fe91c78cde51b13e577;0x44c7fd930aa25c895ce8661d1ba103ea6eb98102e77592b39ace353b4da11ac2;0xfbdaae98;0x1b1b175fL;0.500000;1503075251;1503075252
0;32;8048;0x242e512a0951792bdc102e5bc92f914216fd9fe12ee0585b74930a7f107a4534;0xe47372f7789269ada06b468392ccacb45bb84b844cf086860dca94dbd03e2353;0x1d7b3dd4;0x1b1b175fL;0.500000;1503075252;1503075252
0;32;8048;0x242e512a0951792bdc102e5bc92f914216fd9fe12ee0585b74930a7f107a4534;0xe47372f7789269ada06b468392ccacb45bb84b844cf086860dca94dbd03e2353;0x1d7b3dd4;0x1b1b175fL;0.500000;1503075252;1503075252
0;32;8048;0x242e512a0951792bdc102e5bc92f914216fd9fe12ee0585b74930a7f107a4534;0xe47372f7789269ada06b468392ccacb45bb84b844cf086860dca94dbd03e2353;0x1d7b3dd4;0x1b1b175fL;0.500000;1503075252;1503075252
0;32;8048;0x242e512a0951792bdc102e5bc92f914216fd9fe12ee0585b74930a7f107a4534;0xe47372f7789269ada06b468392ccacb45bb84b844cf086860dca94dbd03e2353;0x1d7b3dd4;0x1b1b175fL;0.500000;1503075252;1503075252
0;32;8048;0x242e512a0951792bdc102e5bc92f914216fd9fe12ee0585b74930a7f107a4534;0xe47372f7789269ada06b468392ccacb45bb84b844cf086860dca94dbd03e2353;0x1d7b3dd4;0x1b1b175fL;0.500000;1503075252;1503075252
0;32;8048;0x242e512a0951792bdc102e5bc92f914216fd9fe12ee0585b74930a7f107a4534;0xe47372f7789269ada06b468392ccacb45bb84b844cf086860dca94dbd03e2353;0x1d7b3dd4;0x1b1b175fL;0.500000;1503075252;1503075253
0;32;8048;0x2c1399846a28b038ae1105e327589cef4d041aeb539bd1f83aa1fca4a42861d0;0xd15b4fb2b9efdac47b6fddfbf758f68c5a0d9ac4fbce3ae89af19f269cb92906;0x096d8e75;0x1b1b175fL;0.500000;1503075253;1503075253
0;32;8048;0x2c1399846a28b038ae1105e327589cef4d041aeb539bd1f83aa1fca4a42861d0;0xd15b4fb2b9efdac47b6fddfbf758f68c5a0d9ac4fbce3ae89af19f269cb92906;0x096d8e75;0x1b1b175fL;0.500000;1503075253;1503075253
0;32;8048;0x2c1399846a28b038ae1105e327589cef4d041aeb539bd1f83aa1fca4a42861d0;0xd15b4fb2b9efdac47b6fddfbf758f68c5a0d9ac4fbce3ae89af19f269cb92906;0x096d8e75;0x1b1b175fL;0.500000;1503075253;1503075253
0;32;8048;0x2c1399846a28b038ae1105e327589cef4d041aeb539bd1f83aa1fca4a42861d0;0xd15b4fb2b9efdac47b6fddfbf758f68c5a0d9ac4fbce3ae89af19f269cb92906;0x096d8e75;0x1b1b175fL;0.500000;1503075253;1503075253
0;32;8048;0x2c1399846a28b038ae1105e327589cef4d041aeb539bd1f83aa1fca4a42861d0;0xd15b4fb2b9efdac47b6fddfbf758f68c5a0d9ac4fbce3ae89af19f269cb92906;0x096d8e75;0x1b1b175fL;0.500000;1503075253;1503075253
0;32;8048;0x2c1399846a28b038ae1105e327589cef4d041aeb539bd1f83aa1fca4a42861d0;0xd15b4fb2b9efdac47b6fddfbf758f68c5a0d9ac4fbce3ae89af19f269cb92906;0x096d8e75;0x1b1b175fL;0.500000;1503075254;1503075254
0;32;8048;0x318cf85117c3d6b3732610cc0c2e76f499fb89fe26fab1060dd9c590db09ee0c;0x88ffe4feef9de0c94ec3f24205b6dbe9bad2c5304c4b1dc0fb96235c21295a37;0xba983a2c;0x1b1b175fL;0.500000;1503075254;1503075254
0;32;8048;0x318cf85117c3d6b3732610cc0c2e76f499fb89fe26fab1060dd9c590db09ee0c;0x88ffe4feef9de0c94ec3f24205b6dbe9bad2c5304c4b1dc0fb96235c21295a37;0xba983a2c;0x1b1b175fL;0.500000;1503075254;1503075254
0;32;8048;0x318cf85117c3d6b3732610cc0c2e76f499fb89fe26fab1060dd9c590db09ee0c;0x88ffe4feef9de0c94ec3f24205b6dbe9bad2c5304c4b1dc0fb96235c21295a37;0xba983a2c;0x1b1b175fL;0.500000;1503075254;1503075254
0;32;8048;0x318cf85117c3d6b3732610cc0c2e76f499fb89fe26fab1060dd9c590db09ee0c;0x88ffe4feef9de0c94ec3f24205b6dbe9bad2c5304c4b1dc0fb96235c21295a37;0xba983a2c;0x1b1b175fL;0.500000;1503075254;1503075254
0;32;8048;0x318cf85117c3d6b3732610cc0c2e76f499fb89fe26fab1060dd9c590db09ee0c;0x88ffe4feef9de0c94ec3f24205b6dbe9bad2c5304c4b1dc0fb96235c21295a37;0xba983a2c;0x1b1b175fL;0.500000;1503075254;1503075254
