0;32;8048;0x35d2bfbd5dc5038df168439fddc78867778c01ac328d849722761809a4a87bda;0x9a2b218fceeb641c0819aabf995d974d5b3d05aeb5f6c8246830e95ea5d7811b;0xabbbddc2;0x1b1b175fL;0.500000;1503076639;1503076639
0;32;8048;0x35d2bfbd5dc5038df168439fddc78867778c01ac328d849722761809a4a87bda;0x9a2b218fceeb641c0819aabf995d974d5b3d05aeb5f6c8246830e95ea5d7811b;0xabbbddc2;0x1b1b175fL;0.500000;1503076639;1503076640
0;32;8048;0x4851b9d178c68b771542ae765d33ce006f39a9f737cdc7dc14c3c4b3596a92a2;0x77453b4d66635868d328a79980b6fc3a23115390dee9d53e2925f7ecb22a5e83;0xb8fc730c;0x62592560L;0.500000;1503076640;1503076640
0;32;8048;0x4851b9d178c68b771542ae765d33ce006f39a9f737cdc7dc14c3c4b3596a92a2;0x77453b4d66635868d328a79980b6fc3a23115390dee9d53e2925f7ecb22a5e83;0xb8fc730c;0x62592560L;0.500000;1503076640;1503076640
0;32;8048;0x4851b9d178c68b771542ae765d33ce006f39a9f737cdc7dc14c3c4b3596a92a2;0x77453b4d66635868d328a79980b6fc3a23115390dee9d53e2925f7ecb22a5e83;0xb8fc730c;0x62592560L;0.500000;1503076640;1503076640
0;32;8048;0x4851b9d178c68b771542ae765d33ce006f39a9f737cdc7dc14c3c4b3596a92a2;0x77453b4d66635868d328a79980b6fc3a23115390dee9d53e2925f7ecb22a5e83;0xb8fc730c;0x62592560L;0.500000;1503076640;1503076640
0;32;8048;0x4851b9d178c68b771542ae765d33ce006f39a9f737cdc7dc14c3c4b3596a92a2;0x77453b4d66635868d328a79980b6fc3a23115390dee9d53e2925f7ecb22a5e83;0xb8fc730c;0x62592560L;0.500000;1503076640;1503076640
0;32;8048;0x4851b9d178c68b771542ae765d33ce006f39a9f737cdc7dc14c3c4b3596a92a2;0x77453b4d66635868d328a79980b6fc3a23115390dee9d53e2925f7ecb22a5e83;0xb8fc730c;0x62592560L;0.500000;1503076640;1503076641
0;32;8048;0x7d0fbb878ecb83303ca1f396eefddd0798519c8a7ac53b13a5716abffd4aa17a;0x08e2ec6459238af03375bde624850b23499ac177dc257e92d1a1c055a9407228;0x029bc5cb;0x1b1b175fL;0.500000;1503076641;1503076641
0;32;8048;0x7d0fbb878ecb83303ca1f396eefddd0798519c8a7ac53b13a5716abffd4aa17a;0x08e2ec6459238af03375bde624850b23499ac177dc257e92d1a1c055a9407228;0x029bc5cb;0x1b1b175fL;0.500000;1503076641;1503076641
0;32;8048;0x7d0fbb878ecb83303ca1f396eefddd0798519c8a7ac53b13a5716abffd4aa17a;0x08e2ec6459238af03375bde624850b23499ac177dc257e92d1a1c055a9407228;0x029bc5cb;0x1b1b175fL;0.500000;1503076641;1503076641
0;32;8048;0x7d0fbb878ecb83303ca1f396eefddd0798519c8a7ac53b13a5716abffd4aa17a;0x08e2ec6459238af03375bde624850b23499ac177dc257e92d1a1c055a9407228;0x029bc5cb;0x1b1b175fL;0.500000;1503076641;1503076641
0;32;8048;0x7d0fbb878ecb83303ca1f396eefddd0798519c8a7ac53b13a5716abffd4aa17a;0x08e2ec6459238af03375bde624850b23499ac177dc257e92d1a1c055a9407228;0x029bc5cb;0x1b1b175fL;0.500000;1503076641;1503076641
0;32;8048;0x7d0fbb878ecb83303ca1f396eefddd0798519c8a7ac53b13a5716abffd4aa17a;0x08e2ec6459238af03375bde624850b23499ac177dc257e92d1a1c055a9407228;0x029bc5cb;0x1b1b175fL;0.500000;1503076641;1503076641
0;32;8048;0x7d0fbb878ecb83303ca1f396eefddd0798519c8a7ac53b13a5716abffd4aa17a;0x08e2ec6459238af03375bde624850b23499ac177dc257e92d1a1c055a9407228;0x029bc5cb;0x1b1b175fL;0.500000;1503076642;1503076642
0;32;8048;0x129f714539f34010b40de593f6bac1b253c4544844bc244c66480554b0783dc2;0x6a14e523f4141c112c3c1a765e698fc0d60df9802789c44e3f9821c3c72f1c18;0x6f114225;0x1b1b175fL;0.500000;1503076642;1503076642
0;32;8048;0x129f714539f34010b40de593f6bac1b253c4544844bc244c66480554b0783dc2;0x6a14e523f4141c112c3c1a765e698fc0d60df9802789c44e3f9821c3c72f1c18;0x6f114225;0x1b1b175fL;0.500000;1503076642;1503076642
0;32;8048;0x129f714539f34010b40de593f6bac1b253c4544844bc244c66480554b0783dc2;0x6a14e523f4141c112c3c1a765e698fc0d60df9802789c44e3f9821c3c72f1c18;0x6f114225;0x1b1b175fL;0.500000;1503076642;1503076642
0;32;8048;0x129f714539f34010b40de593f6bac1b253c4544844bc244c66480554b0783dc2;0x6a14e523f4141c112c3c1a765e698fc0d60df9802789c44e3f9821c3c72f1c18;0x6f114225;0x1b1b175fL;0.500000;1503076642;1503076642
0;32;8048;0x129f714539f34010b40de593f6bac1b253c4544844bc244c66480554b0783dc2;0x6a14e523f4141c112c3c1a765e698fc0d60df9802789c44e3f9821c3c72f1c18;0x6f114225;0x1b1b175fL;0.500000;1503076642;1503076642
