0;32;8048;0xa07747315d4577af22b12e7a87f8fbe8a3f88926c1ae517a705ec7ef94785c34;0x25f6713d5224b77d7e14f8e9c9d80e6190295aa818de29a81197c41038213214;0x7049e26d;0x62592560L;0.500000;1503136343;1503136343
0;32;8048;0xa07747315d4577af22b12e7a87f8fbe8a3f88926c1ae517a705ec7ef94785c34;0x25f6713d5224b77d7e14f8e9c9d80e6190295aa818de29a81197c41038213214;0x7049e26d;0x62592560L;0.500000;1503136343;1503136343
0;32;8048;0xa07747315d4577af22b12e7a87f8fbe8a3f88926c1ae517a705ec7ef94785c34;0x25f6713d5224b77d7e14f8e9c9d80e6190295aa818de29a81197c41038213214;0x7049e26d;0x62592560L;0.500000;1503136343;1503136343
0;32;8048;0xa07747315d4577af22b12e7a87f8fbe8a3f88926c1ae517a705ec7ef94785c34;0x25f6713d5224b77d7e14f8e9c9d80e6190295aa818de29a81197c41038213214;0x7049e26d;0x62592560L;0.500000;1503136343;1503136343
0;32;8048;0xa07747315d4577af22b12e7a87f8fbe8a3f88926c1ae517a705ec7ef94785c34;0x25f6713d5224b77d7e14f8e9c9d80e6190295aa818de29a81197c41038213214;0x7049e26d;0x62592560L;0.500000;1503136343;1503136344
0;32;8048;0x6b55b01b2c1331daa1b9fe74000f8fbb55d6c49240a6eec9334c6eaa456653b1;0x763d4b7f69898db9d34c868c1838173ae184f4b99a3bdd36d87c3110752bc327;0x02ef47ab;0x1b1b175fL;0.500000;1503136344;1503136344
0;32;8048;0x6b55b01b2c1331daa1b9fe74000f8fbb55d6c49240a6eec9334c6eaa456653b1;0x763d4b7f69898db9d34c868c1838173ae184f4b99a3bdd36d87c3110752bc327;0x02ef47ab;0x1b1b175fL;0.500000;1503136344;1503136344
0;32;8048;0x6b55b01b2c1331daa1b9fe74000f8fbb55d6c49240a6eec9334c6eaa456653b1;0x763d4b7f69898db9d34c868c1838173ae184f4b99a3bdd36d87c3110752bc327;0x02ef47ab;0x1b1b175fL;0.500000;1503136344;1503136344
0;32;8048;0x6b55b01b2c1331daa1b9fe74000f8fbb55d6c49240a6eec9334c6eaa456653b1;0x763d4b7f69898db9d34c868c1838173ae184f4b99a3bdd36d87c3110752bc327;0x02ef47ab;0x1b1b175fL;0.500000;1503136344;1503136344
0;32;8048;0x6b55b01b2c1331daa1b9fe74000f8fbb55d6c49240a6eec9334c6eaa456653b1;0x763d4b7f69898db9d34c868c1838173ae184f4b99a3bdd36d87c3110752bc327;0x02ef47ab;0x1b1b175fL;0.500000;1503136344;1503136344
0;32;8048;0x6b55b01b2c1331daa1b9fe74000f8fbb55d6c49240a6eec9334c6eaa456653b1;0x763d4b7f69898db9d34c868c1838173ae184f4b99a3bdd36d87c3110752bc327;0x02ef47ab;0x1b1b175fL;0.500000;1503136344;1503136344
0;32;8048;0x6b55b01b2c1331daa1b9fe74000f8fbb55d6c49240a6eec9334c6eaa456653b1;0x763d4b7f69898db9d34c868c1838173ae184f4b99a3bdd36d87c3110752bc327;0x02ef47ab;0x1b1b175fL;0.500000;1503136344;1503136345
0;32;8048;0xc431b02bb8f26e1d5b1ff703374482d565ba9305c63e96f4174eea4867f1b12b;0x0187ee7d16458248b381749a55512f7a2c816894d3e081c6078c0f65cdbe8fa9;0x1658a6bf;0x1b1b175fL;0.500000;1503136345;1503136345
0;32;8048;0xc431b02bb8f26e1d5b1ff703374482d565ba9305c63e96f4174eea4867f1b12b;0x0187ee7d16458248b381749a55512f7a2c816894d3e081c6078c0f65cdbe8fa9;0x1658a6bf;0x1b1b175fL;0.500000;1503136345;1503136345
0;32;8048;0xc431b02bb8f26e1d5b1ff703374482d565ba9305c63e96f4174eea4867f1b12b;0x0187ee7d16458248b381749a55512f7a2c816894d3e081c6078c0f65cdbe8fa9;0x1658a6bf;0x1b1b175fL;0.500000;1503136345;1503136345
0;32;8048;0xc431b02bb8f26e1d5b1ff703374482d565ba9305c63e96f4174eea4867f1b12b;0x0187ee7d16458248b381749a55512f7a2c816894d3e081c6078c0f65cdbe8fa9;0x1658a6bf;0x1b1b175fL;0.500000;1503136345;1503136345
0;32;8048;0xc431b02bb8f26e1d5b1ff703374482d565ba9305c63e96f4174eea4867f1b12b;0x0187ee7d16458248b381749a55512f7a2c816894d3e081c6078c0f65cdbe8fa9;0x1658a6bf;0x1b1b175fL;0.500000;1503136345;1503136345
0;32;8048;0xc431b02bb8f26e1d5b1ff703374482d565ba9305c63e96f4174eea4867f1b12b;0x0187ee7d16458248b381749a55512f7a2c816894d3e081c6078c0f65cdbe8fa9;0x1658a6bf;0x1b1b175fL;0.500000;1503136345;1503136346
0;32;8048;0x45afba611b950182d8dfa633eb6206dd2d546ab815d9fc8dbbe8d5f2b85112fd;0xa0a61f6f28a132d9dc6dcc8c782bcfed764417ca3d184394f71c8c065e355af3;0x487453f5;0x1b1b175fL;0.500000;1503136346;1503136346
0;32;8048;0x45afba611b950182d8dfa633eb6206dd2d546ab815d9fc8dbbe8d5f2b85112fd;0xa0a61f6f28a132d9dc6dcc8c782bcfed764417ca3d184394f71c8c065e355af3;0x487453f5;0x1b1b175fL;0.500000;1503136346;1503136346
