0;32;8048;0x970d4ae121e96ea138533033cc021bbd4840881f4de4e51400e17fa546c2fdde;0x36c63f5535ed9e16b596120beab9bd19b313198f75a643779678e13b13b97879;0x12657324;0x1b1b175fL;0.500000;1503137648;1503137648
0;32;8048;0x970d4ae121e96ea138533033cc021bbd4840881f4de4e51400e17fa546c2fdde;0x36c63f5535ed9e16b596120beab9bd19b313198f75a643779678e13b13b97879;0x12657324;0x1b1b175fL;0.500000;1503137648;1503137648
0;32;8048;0x970d4ae121e96ea138533033cc021bbd4840881f4de4e51400e17fa546c2fdde;0x36c63f5535ed9e16b596120beab9bd19b313198f75a643779678e13b13b97879;0x12657324;0x1b1b175fL;0.500000;1503137648;1503137648
0;32;8048;0x970d4ae121e96ea138533033cc021bbd4840881f4de4e51400e17fa546c2fdde;0x36c63f5535ed9e16b596120beab9bd19b313198f75a643779678e13b13b97879;0x12657324;0x1b1b175fL;0.500000;1503137648;1503137648
0;32;8048;0x970d4ae121e96ea138533033cc021bbd4840881f4de4e51400e17fa546c2fdde;0x36c63f5535ed9e16b596120beab9bd19b313198f75a643779678e13b13b97879;0x12657324;0x1b1b175fL;0.500000;1503137648;1503137648
0;32;8048;0x970d4ae121e96ea138533033cc021bbd4840881f4de4e51400e17fa546c2fdde;0x36c63f5535ed9e16b596120beab9bd19b313198f75a643779678e13b13b97879;0x12657324;0x1b1b175fL;0.500000;1503137648;1503137648
0;32;8048;0x970d4ae121e96ea138533033cc021bbd4840881f4de4e51400e17fa546c2fdde;0x36c63f5535ed9e16b596120beab9bd19b313198f75a643779678e13b13b97879;0x12657324;0x1b1b175fL;0.500000;1503137649;1503137649
0;32;8048;0xe7331b40e98dcae840be5ef8c055e4f82c419ecc73b8a7c2115bfff1e4af46cb;0x40b2bc0d0a1622fcbde47d710dc3e764d3e2125e461e4f8605bf651aca769b76;0x14bd0d76;0x1b1b175fL;0.500000;1503137649;1503137649
0;32;8048;0xe7331b40e98dcae840be5ef8c055e4f82c419ecc73b8a7c2115bfff1e4af46cb;0x40b2bc0d0a1622fcbde47d710dc3e764d3e2125e461e4f8605bf651aca769b76;0x14bd0d76;0x1b1b175fL;0.500000;1503137649;1503137649
0;32;8048;0xe7331b40e98dcae840be5ef8c055e4f82c419ecc73b8a7c2115bfff1e4af46cb;0x40b2bc0d0a1622fcbde47d710dc3e764d3e2125e461e4f8605bf651aca769b76;0x14bd0d76;0x1b1b175fL;0.500000;1503137649;1503137649
0;32;8048;0xe7331b40e98dcae840be5ef8c055e4f82c419ecc73b8a7c2115bfff1e4af46cb;0x40b2bc0d0a1622fcbde47d710dc3e764d3e2125e461e4f8605bf651aca769b76;0x14bd0d76;0x1b1b175fL;0.500000;1503137649;1503137649
0;32;8048;0xe7331b40e98dcae840be5ef8c055e4f82c419ecc73b8a7c2115bfff1e4af46cb;0x40b2bc0d0a1622fcbde47d710dc3e764d3e2125e461e4f8605bf651aca769b76;0x14bd0d76;0x1b1b175fL;0.500000;1503137649;1503137649
0;32;8048;0xe7331b40e98dcae840be5ef8c055e4f82c419ecc73b8a7c2115bfff1e4af46cb;0x40b2bc0d0a1622fcbde47d710dc3e764d3e2125e461e4f8605bf651aca769b76;0x14bd0d76;0x1b1b175fL;0.500000;1503137649;1503137650
0;32;8048;0xee05d09acddf88dce3bcf75438811d6499b955a3641df7701996ed9eb848b4a6;0xe7900a36668ac329e5be1dd480b5a7bb244c2caf2d73cd19db09e6e1ceccd7b3;0x1ffcc439;0x1b1b175fL;0.500000;1503137650;1503137650
0;32;8048;0xee05d09acddf88dce3bcf75438811d6499b955a3641df7701996ed9eb848b4a6;0xe7900a36668ac329e5be1dd480b5a7bb244c2caf2d73cd19db09e6e1ceccd7b3;0x1ffcc439;0x1b1b175fL;0.500000;1503137650;1503137650
0;32;8048;0xee05d09acddf88dce3bcf75438811d6499b955a3641df7701996ed9eb848b4a6;0xe7900a36668ac329e5be1dd480b5a7bb244c2caf2d73cd19db09e6e1ceccd7b3;0x1ffcc439;0x1b1b175fL;0.500000;1503137650;1503137650
0;32;8048;0xee05d09acddf88dce3bcf75438811d6499b955a3641df7701996ed9eb848b4a6;0xe7900a36668ac329e5be1dd480b5a7bb244c2caf2d73cd19db09e6e1ceccd7b3;0x1ffcc439;0x1b1b175fL;0.500000;1503137650;1503137650
0;32;8048;0xee05d09acddf88dce3bcf75438811d6499b955a3641df7701996ed9eb848b4a6;0xe7900a36668ac329e5be1dd480b5a7bb244c2caf2d73cd19db09e6e1ceccd7b3;0x1ffcc439;0x1b1b175fL;0.500000;1503137650;1503137650
0;32;8048;0xee05d09acddf88dce3bcf75438811d6499b955a3641df7701996ed9eb848b4a6;0xe7900a36668ac329e5be1dd480b5a7bb244c2caf2d73cd19db09e6e1ceccd7b3;0x1ffcc439;0x1b1b175fL;0.500000;1503137650;1503137650
0;32;8048;0xee05d09acddf88dce3bcf75438811d6499b955a3641df7701996ed9eb848b4a6;0xe7900a36668ac329e5be1dd480b5a7bb244c2caf2d73cd19db09e6e1ceccd7b3;0x1ffcc439;0x1b1b175fL;0.500000;1503137650;1503137651
