0;32;8048;0x20f304f0faf1a7c806a5b2ab60f26f94e612acb7e66c9efc480ce5b926324047;0x98eb0d6bd2ee82b5ce3f918983e4ded7a0608347b06519bfb4cf64f54d63f3df;0x8b11b6fb;0x1b1b175fL;0.500000;1503115318;1503115318
0;32;8048;0x20f304f0faf1a7c806a5b2ab60f26f94e612acb7e66c9efc480ce5b926324047;0x98eb0d6bd2ee82b5ce3f918983e4ded7a0608347b06519bfb4cf64f54d63f3df;0x8b11b6fb;0x1b1b175fL;0.500000;1503115318;1503115318
0;32;8048;0x20f304f0faf1a7c806a5b2ab60f26f94e612acb7e66c9efc480ce5b926324047;0x98eb0d6bd2ee82b5ce3f918983e4ded7a0608347b06519bfb4cf64f54d63f3df;0x8b11b6fb;0x1b1b175fL;0.500000;1503115318;1503115318
0;32;8048;0x20f304f0faf1a7c806a5b2ab60f26f94e612acb7e66c9efc480ce5b926324047;0x98eb0d6bd2ee82b5ce3f918983e4ded7a0608347b06519bfb4cf64f54d63f3df;0x8b11b6fb;0x1b1b175fL;0.500000;1503115319;1503115319
0;32;8048;0x43b1347182bc322996426c5982e5b10f8828853e0086d23252243857d4a9dc17;0xdb3e0a5954b93902315bf23b1ac8d680cc69841f8f3095bfe24216deae1caf13;0x66d39a50;0x1b1b175fL;0.500000;1503115319;1503115319
0;32;8048;0x43b1347182bc322996426c5982e5b10f8828853e0086d23252243857d4a9dc17;0xdb3e0a5954b93902315bf23b1ac8d680cc69841f8f3095bfe24216deae1caf13;0x66d39a50;0x1b1b175fL;0.500000;1503115319;1503115319
0;32;8048;0x43b1347182bc322996426c5982e5b10f8828853e0086d23252243857d4a9dc17;0xdb3e0a5954b93902315bf23b1ac8d680cc69841f8f3095bfe24216deae1caf13;0x66d39a50;0x1b1b175fL;0.500000;1503115319;1503115319
0;32;8048;0x43b1347182bc322996426c5982e5b10f8828853e0086d23252243857d4a9dc17;0xdb3e0a5954b93902315bf23b1ac8d680cc69841f8f3095bfe24216deae1caf13;0x66d39a50;0x1b1b175fL;0.500000;1503115319;1503115319
0;32;8048;0x43b1347182bc322996426c5982e5b10f8828853e0086d23252243857d4a9dc17;0xdb3e0a5954b93902315bf23b1ac8d680cc69841f8f3095bfe24216deae1caf13;0x66d39a50;0x1b1b175fL;0.500000;1503115319;1503115319
0;32;8048;0x43b1347182bc322996426c5982e5b10f8828853e0086d23252243857d4a9dc17;0xdb3e0a5954b93902315bf23b1ac8d680cc69841f8f3095bfe24216deae1caf13;0x66d39a50;0x1b1b175fL;0.500000;1503115319;1503115320
0;32;8048;0xc8352811ce37f8dc1c1a31515da6a7f3cc28950f0e8d3ff091d6db5739847002;0xd6b3e7fdbdb8199931630faf5095fdb5c1c55bacad95588de03f8896ec1bd223;0xf498d5fe;0x1b1b175fL;0.500000;1503115320;1503115320
0;32;8048;0xc8352811ce37f8dc1c1a31515da6a7f3cc28950f0e8d3ff091d6db5739847002;0xd6b3e7fdbdb8199931630faf5095fdb5c1c55bacad95588de03f8896ec1bd223;0xf498d5fe;0x1b1b175fL;0.500000;1503115320;1503115320
0;32;8048;0xc8352811ce37f8dc1c1a31515da6a7f3cc28950f0e8d3ff091d6db5739847002;0xd6b3e7fdbdb8199931630faf5095fdb5c1c55bacad95588de03f8896ec1bd223;0xf498d5fe;0x1b1b175fL;0.500000;1503115320;1503115320
0;32;8048;0xc8352811ce37f8dc1c1a31515da6a7f3cc28950f0e8d3ff091d6db5739847002;0xd6b3e7fdbdb8199931630faf5095fdb5c1c55bacad95588de03f8896ec1bd223;0xf498d5fe;0x1b1b175fL;0.500000;1503115320;1503115320
0;32;8048;0xc8352811ce37f8dc1c1a31515da6a7f3cc28950f0e8d3ff091d6db5739847002;0xd6b3e7fdbdb8199931630faf5095fdb5c1c55bacad95588de03f8896ec1bd223;0xf498d5fe;0x1b1b175fL;0.500000;1503115320;1503115320
0;32;8048;0xc8352811ce37f8dc1c1a31515da6a7f3cc28950f0e8d3ff091d6db5739847002;0xd6b3e7fdbdb8199931630faf5095fdb5c1c55bacad95588de03f8896ec1bd223;0xf498d5fe;0x1b1b175fL;0.500000;1503115320;1503115320
0;32;8048;0xc8352811ce37f8dc1c1a31515da6a7f3cc28950f0e8d3ff091d6db5739847002;0xd6b3e7fdbdb8199931630faf5095fdb5c1c55bacad95588de03f8896ec1bd223;0xf498d5fe;0x1b1b175fL;0.500000;1503115321;1503115321
0;32;8048;0x73f16fe0d28a93f5190e50b7c46567b1bf0a5948434250d4d0080a47dd738251;0x8f450ed2aa13483df87c523537df29260dabbf1c976b764b4b90edf3fb037b43;0xcb31b753;0x1b1b175fL;0.500000;1503115321;1503115321
0;32;8048;0x73f16fe0d28a93f5190e50b7c46567b1bf0a5948434250d4d0080a47dd738251;0x8f450ed2aa13483df87c523537df29260dabbf1c976b764b4b90edf3fb037b43;0xcb31b753;0x1b1b175fL;0.500000;1503115321;1503115321
0;32;8048;0x73f16fe0d28a93f5190e50b7c46567b1bf0a5948434250d4d0080a47dd738251;0x8f450ed2aa13483df87c523537df29260dabbf1c976b764b4b90edf3fb037b43;0xcb31b753;0x1b1b175fL;0.500000;1503115321;1503115321
