0;32;8048;0x566f1c0d256265531a99c77ca3b4e7bae946d1438910bdc2fdcb57ee87aba9dd;0xee32680d2256c3beb05783b7c8fae391bbdef964147b43f2742b25b3d86654ae;0xc0707ca0;0x1b1b175fL;0.500000;1503089658;1503089658
0;32;8048;0x566f1c0d256265531a99c77ca3b4e7bae946d1438910bdc2fdcb57ee87aba9dd;0xee32680d2256c3beb05783b7c8fae391bbdef964147b43f2742b25b3d86654ae;0xc0707ca0;0x1b1b175fL;0.500000;1503089658;1503089659
0;32;8048;0x7ce9f4ffdb4b5b04c750b82ee7566e30fcfdcb4b9df79c22e5d4dc05a5355f22;0x6c26aa7f334169075dad81840e658f7b7bc07042efb740b8e6f5da50e6822e15;0xfa5a80af;0x1b1b175fL;0.500000;1503089659;1503089659
0;32;8048;0x7ce9f4ffdb4b5b04c750b82ee7566e30fcfdcb4b9df79c22e5d4dc05a5355f22;0x6c26aa7f334169075dad81840e658f7b7bc07042efb740b8e6f5da50e6822e15;0xfa5a80af;0x1b1b175fL;0.500000;1503089659;1503089659
0;32;8048;0x7ce9f4ffdb4b5b04c750b82ee7566e30fcfdcb4b9df79c22e5d4dc05a5355f22;0x6c26aa7f334169075dad81840e658f7b7bc07042efb740b8e6f5da50e6822e15;0xfa5a80af;0x1b1b175fL;0.500000;1503089659;1503089659
0;32;8048;0x7ce9f4ffdb4b5b04c750b82ee7566e30fcfdcb4b9df79c22e5d4dc05a5355f22;0x6c26aa7f334169075dad81840e658f7b7bc07042efb740b8e6f5da50e6822e15;0xfa5a80af;0x1b1b175fL;0.500000;1503089659;1503089659
0;32;8048;0x7ce9f4ffdb4b5b04c750b82ee7566e30fcfdcb4b9df79c22e5d4dc05a5355f22;0x6c26aa7f334169075dad81840e658f7b7bc07042efb740b8e6f5da50e6822e15;0xfa5a80af;0x1b1b175fL;0.500000;1503089659;1503089660
0;32;8048;0x19c4b841b1f76f799c7252bc4e417858377b9ec1d57f783e2c023f2bc95cc4e2;0xf876cfe40781973ada24be1ef3976ddf571e7dd2d5cebf543542ce67404b848f;0x744ce6af;0x62592560L;0.500000;1503089660;1503089660
0;32;8048;0x19c4b841b1f76f799c7252bc4e417858377b9ec1d57f783e2c023f2bc95cc4e2;0xf876cfe40781973ada24be1ef3976ddf571e7dd2d5cebf543542ce67404b848f;0x744ce6af;0x62592560L;0.500000;1503089660;1503089660
0;32;8048;0x19c4b841b1f76f799c7252bc4e417858377b9ec1d57f783e2c023f2bc95cc4e2;0xf876cfe40781973ada24be1ef3976ddf571e7dd2d5cebf543542ce67404b848f;0x744ce6af;0x62592560L;0.500000;1503089660;1503089660
0;32;8048;0x19c4b841b1f76f799c7252bc4e417858377b9ec1d57f783e2c023f2bc95cc4e2;0xf876cfe40781973ada24be1ef3976ddf571e7dd2d5cebf543542ce67404b848f;0x744ce6af;0x62592560L;0.500000;1503089660;1503089660
0;32;8048;0x19c4b841b1f76f799c7252bc4e417858377b9ec1d57f783e2c023f2bc95cc4e2;0xf876cfe40781973ada24be1ef3976ddf571e7dd2d5cebf543542ce67404b848f;0x744ce6af;0x62592560L;0.500000;1503089660;1503089661
0;32;8048;0x997a79c30a2f79a32953cb58e2c99d515bd78a08001360a408ec835ebd116a56;0x8b85dcf36d80bbd2d2382dbc7aeca0501b00baed2b335729daa9cc9832b82313;0xaa7dbd55;0x1b1b175fL;0.500000;1503089661;1503089661
0;32;8048;0x997a79c30a2f79a32953cb58e2c99d515bd78a08001360a408ec835ebd116a56;0x8b85dcf36d80bbd2d2382dbc7aeca0501b00baed2b335729daa9cc9832b82313;0xaa7dbd55;0x1b1b175fL;0.500000;1503089661;1503089661
0;32;8048;0x997a79c30a2f79a32953cb58e2c99d515bd78a08001360a408ec835ebd116a56;0x8b85dcf36d80bbd2d2382dbc7aeca0501b00baed2b335729daa9cc9832b82313;0xaa7dbd55;0x1b1b175fL;0.500000;1503089661;1503089661
0;32;8048;0x997a79c30a2f79a32953cb58e2c99d515bd78a08001360a408ec835ebd116a56;0x8b85dcf36d80bbd2d2382dbc7aeca0501b00baed2b335729daa9cc9832b82313;0xaa7dbd55;0x1b1b175fL;0.500000;1503089661;1503089661
0;32;8048;0x997a79c30a2f79a32953cb58e2c99d515bd78a08001360a408ec835ebd116a56;0x8b85dcf36d80bbd2d2382dbc7aeca0501b00baed2b335729daa9cc9832b82313;0xaa7dbd55;0x1b1b175fL;0.500000;1503089661;1503089661
0;32;8048;0x997a79c30a2f79a32953cb58e2c99d515bd78a08001360a408ec835ebd116a56;0x8b85dcf36d80bbd2d2382dbc7aeca0501b00baed2b335729daa9cc9832b82313;0xaa7dbd55;0x1b1b175fL;0.500000;1503089661;1503089662
0;32;8048;0xe88cfc7cb084ebec56c4a5b2600d695e7298d56281ca7ad76b7f76287c290064;0xe9ca98885658e2b40fec33c6e91c55a2e687d0c5d69d56270d46c20382ccb3df;0xe1eae2c8;0x1b1b175fL;0.500000;1503089662;1503089662
0;32;8048;0xe88cfc7cb084ebec56c4a5b2600d695e7298d56281ca7ad76b7f76287c290064;0xe9ca98885658e2b40fec33c6e91c55a2e687d0c5d69d56270d46c20382ccb3df;0xe1eae2c8;0x1b1b175fL;0.500000;1503089662;1503089662
