0;32;8048;0x4bfb1fc8a2c8a7e8efdd6c17f85e466ea5e5054e7a15b2abe01cb40f7281ecbd;0x7ec86c55d2cf9163f76d2f4384f11cf8bd515db16f3703a6e0cbf0ae86e02ee0;0x0f7237a9;0x1b1b175fL;0.500000;1503115946;1503115946
0;32;8048;0x4bfb1fc8a2c8a7e8efdd6c17f85e466ea5e5054e7a15b2abe01cb40f7281ecbd;0x7ec86c55d2cf9163f76d2f4384f11cf8bd515db16f3703a6e0cbf0ae86e02ee0;0x0f7237a9;0x1b1b175fL;0.500000;1503115946;1503115946
0;32;8048;0x4bfb1fc8a2c8a7e8efdd6c17f85e466ea5e5054e7a15b2abe01cb40f7281ecbd;0x7ec86c55d2cf9163f76d2f4384f11cf8bd515db16f3703a6e0cbf0ae86e02ee0;0x0f7237a9;0x1b1b175fL;0.500000;1503115946;1503115946
0;32;8048;0x4bfb1fc8a2c8a7e8efdd6c17f85e466ea5e5054e7a15b2abe01cb40f7281ecbd;0x7ec86c55d2cf9163f76d2f4384f11cf8bd515db16f3703a6e0cbf0ae86e02ee0;0x0f7237a9;0x1b1b175fL;0.500000;1503115946;1503115946
0;32;8048;0x4bfb1fc8a2c8a7e8efdd6c17f85e466ea5e5054e7a15b2abe01cb40f7281ecbd;0x7ec86c55d2cf9163f76d2f4384f11cf8bd515db16f3703a6e0cbf0ae86e02ee0;0x0f7237a9;0x1b1b175fL;0.500000;1503115946;1503115946
0;32;8048;0x4bfb1fc8a2c8a7e8efdd6c17f85e466ea5e5054e7a15b2abe01cb40f7281ecbd;0x7ec86c55d2cf9163f76d2f4384f11cf8bd515db16f3703a6e0cbf0ae86e02ee0;0x0f7237a9;0x1b1b175fL;0.500000;1503115947;1503115947
0;32;8048;0x979c581de67eb3bf5f0466fab06d32a4602b4f619aec1ced374b3c6fbdae6654;0x4646c75cec26cc76f1276aea6d2636b48039d723cdcc5019672619715c89b9ec;0xfcbdb37b;0x1b1b175fL;0.500000;1503115947;1503115947
0;32;8048;0x979c581de67eb3bf5f0466fab06d32a4602b4f619aec1ced374b3c6fbdae6654;0x4646c75cec26cc76f1276aea6d2636b48039d723cdcc5019672619715c89b9ec;0xfcbdb37b;0x1b1b175fL;0.500000;1503115947;1503115947
0;32;8048;0x979c581de67eb3bf5f0466fab06d32a4602b4f619aec1ced374b3c6fbdae6654;0x4646c75cec26cc76f1276aea6d2636b48039d723cdcc5019672619715c89b9ec;0xfcbdb37b;0x1b1b175fL;0.500000;1503115947;1503115947
0;32;8048;0x979c581de67eb3bf5f0466fab06d32a4602b4f619aec1ced374b3c6fbdae6654;0x4646c75cec26cc76f1276aea6d2636b48039d723cdcc5019672619715c89b9ec;0xfcbdb37b;0x1b1b175fL;0.500000;1503115947;1503115947
0;32;8048;0x979c581de67eb3bf5f0466fab06d32a4602b4f619aec1ced374b3c6fbdae6654;0x4646c75cec26cc76f1276aea6d2636b48039d723cdcc5019672619715c89b9ec;0xfcbdb37b;0x1b1b175fL;0.500000;1503115947;1503115947
0;32;8048;0x979c581de67eb3bf5f0466fab06d32a4602b4f619aec1ced374b3c6fbdae6654;0x4646c75cec26cc76f1276aea6d2636b48039d723cdcc5019672619715c89b9ec;0xfcbdb37b;0x1b1b175fL;0.500000;1503115947;1503115948
0;32;8048;0xd1ba25214b201b78b2cb1484c9dea509e7c900fce3df76a66652c349c8a85699;0x089564c8311015952817910753ea7f5b66940c621b73339e490215beb40dfc29;0x517af0e2;0x1b1b175fL;0.500000;1503115948;1503115948
0;32;8048;0xd1ba25214b201b78b2cb1484c9dea509e7c900fce3df76a66652c349c8a85699;0x089564c8311015952817910753ea7f5b66940c621b73339e490215beb40dfc29;0x517af0e2;0x1b1b175fL;0.500000;1503115948;1503115948
0;32;8048;0xd1ba25214b201b78b2cb1484c9dea509e7c900fce3df76a66652c349c8a85699;0x089564c8311015952817910753ea7f5b66940c621b73339e490215beb40dfc29;0x517af0e2;0x1b1b175fL;0.500000;1503115948;1503115948
0;32;8048;0xd1ba25214b201b78b2cb1484c9dea509e7c900fce3df76a66652c349c8a85699;0x089564c8311015952817910753ea7f5b66940c621b73339e490215beb40dfc29;0x517af0e2;0x1b1b175fL;0.500000;1503115948;1503115948
0;32;8048;0xd1ba25214b201b78b2cb1484c9dea509e7c900fce3df76a66652c349c8a85699;0x089564c8311015952817910753ea7f5b66940c621b73339e490215beb40dfc29;0x517af0e2;0x1b1b175fL;0.500000;1503115948;1503115948
0;32;8048;0xd1ba25214b201b78b2cb1484c9dea509e7c900fce3df76a66652c349c8a85699;0x089564c8311015952817910753ea7f5b66940c621b73339e490215beb40dfc29;0x517af0e2;0x1b1b175fL;0.500000;1503115948;1503115948
0;32;8048;0xd1ba25214b201b78b2cb1484c9dea509e7c900fce3df76a66652c349c8a85699;0x089564c8311015952817910753ea7f5b66940c621b73339e490215beb40dfc29;0x517af0e2;0x1b1b175fL;0.500000;1503115948;1503115949
0;32;8048;0xdebad6f60a2630f4931fd06e0d89781d65d576cb1f0b59f1ad019a8304aa70e2;0xd130667adf7a6e88db40cdeafb0fcc506d156d5b7cef425cc7367e123c907cc0;0xb9b1595e;0x1b1b175fL;0.500000;1503115949;1503115949
