0;32;8048;0x68896ab688e26203958ccbe95d8c1343eef80d0c41e0f3b3db7658488f9659f7;0xa52d3de25c145467f53a2e23c8a6016ed384962af4b16348047e2a1dfb4bd81f;0xbf2fa977;0x1b1b175fL;0.500000;1503132409;1503132409
0;32;8048;0x68896ab688e26203958ccbe95d8c1343eef80d0c41e0f3b3db7658488f9659f7;0xa52d3de25c145467f53a2e23c8a6016ed384962af4b16348047e2a1dfb4bd81f;0xbf2fa977;0x1b1b175fL;0.500000;1503132409;1503132409
0;32;8048;0x68896ab688e26203958ccbe95d8c1343eef80d0c41e0f3b3db7658488f9659f7;0xa52d3de25c145467f53a2e23c8a6016ed384962af4b16348047e2a1dfb4bd81f;0xbf2fa977;0x1b1b175fL;0.500000;1503132409;1503132409
0;32;8048;0x68896ab688e26203958ccbe95d8c1343eef80d0c41e0f3b3db7658488f9659f7;0xa52d3de25c145467f53a2e23c8a6016ed384962af4b16348047e2a1dfb4bd81f;0xbf2fa977;0x1b1b175fL;0.500000;1503132409;1503132409
0;32;8048;0x68896ab688e26203958ccbe95d8c1343eef80d0c41e0f3b3db7658488f9659f7;0xa52d3de25c145467f53a2e23c8a6016ed384962af4b16348047e2a1dfb4bd81f;0xbf2fa977;0x1b1b175fL;0.500000;1503132409;1503132409
0;32;8048;0x68896ab688e26203958ccbe95d8c1343eef80d0c41e0f3b3db7658488f9659f7;0xa52d3de25c145467f53a2e23c8a6016ed384962af4b16348047e2a1dfb4bd81f;0xbf2fa977;0x1b1b175fL;0.500000;1503132409;1503132409
0;32;8048;0x68896ab688e26203958ccbe95d8c1343eef80d0c41e0f3b3db7658488f9659f7;0xa52d3de25c145467f53a2e23c8a6016ed384962af4b16348047e2a1dfb4bd81f;0xbf2fa977;0x1b1b175fL;0.500000;1503132409;1503132410
0;32;8048;0x244927671e878e6ae8680c75deb11cdca84544923abe1cce841848430b0b7d2f;0x369ee6d4f583780e526555416ac03ba5afd4e60b4317b83160b93a2a1fd9a7af;0xab5b3c3b;0x1b1b175fL;0.500000;1503132410;1503132410
0;32;8048;0x244927671e878e6ae8680c75deb11cdca84544923abe1cce841848430b0b7d2f;0x369ee6d4f583780e526555416ac03ba5afd4e60b4317b83160b93a2a1fd9a7af;0xab5b3c3b;0x1b1b175fL;0.500000;1503132410;1503132410
0;32;8048;0x244927671e878e6ae8680c75deb11cdca84544923abe1cce841848430b0b7d2f;0x369ee6d4f583780e526555416ac03ba5afd4e60b4317b83160b93a2a1fd9a7af;0xab5b3c3b;0x1b1b175fL;0.500000;1503132410;1503132410
0;32;8048;0x244927671e878e6ae8680c75deb11cdca84544923abe1cce841848430b0b7d2f;0x369ee6d4f583780e526555416ac03ba5afd4e60b4317b83160b93a2a1fd9a7af;0xab5b3c3b;0x1b1b175fL;0.500000;1503132410;1503132410
0;32;8048;0x244927671e878e6ae8680c75deb11cdca84544923abe1cce841848430b0b7d2f;0x369ee6d4f583780e526555416ac03ba5afd4e60b4317b83160b93a2a1fd9a7af;0xab5b3c3b;0x1b1b175fL;0.500000;1503132410;1503132410
0;32;8048;0x244927671e878e6ae8680c75deb11cdca84544923abe1cce841848430b0b7d2f;0x369ee6d4f583780e526555416ac03ba5afd4e60b4317b83160b93a2a1fd9a7af;0xab5b3c3b;0x1b1b175fL;0.500000;1503132410;1503132410
0;32;8048;0x244927671e878e6ae8680c75deb11cdca84544923abe1cce841848430b0b7d2f;0x369ee6d4f583780e526555416ac03ba5afd4e60b4317b83160b93a2a1fd9a7af;0xab5b3c3b;0x1b1b175fL;0.500000;1503132411;1503132411
0;32;8048;0xba6a65417934a5e214977e70e654b78a1d298b3c16d24818f8f67bc9e28cf39c;0x0ee6eeee0258fb5631cbfd5caa4d7d50c6ee2e8d1b954bcbbf95838f57201a4d;0x66f3f90c;0x1b1b175fL;0.500000;1503132411;1503132411
0;32;8048;0xba6a65417934a5e214977e70e654b78a1d298b3c16d24818f8f67bc9e28cf39c;0x0ee6eeee0258fb5631cbfd5caa4d7d50c6ee2e8d1b954bcbbf95838f57201a4d;0x66f3f90c;0x1b1b175fL;0.500000;1503132411;1503132411
0;32;8048;0xba6a65417934a5e214977e70e654b78a1d298b3c16d24818f8f67bc9e28cf39c;0x0ee6eeee0258fb5631cbfd5caa4d7d50c6ee2e8d1b954bcbbf95838f57201a4d;0x66f3f90c;0x1b1b175fL;0.500000;1503132411;1503132411
0;32;8048;0xba6a65417934a5e214977e70e654b78a1d298b3c16d24818f8f67bc9e28cf39c;0x0ee6eeee0258fb5631cbfd5caa4d7d50c6ee2e8d1b954bcbbf95838f57201a4d;0x66f3f90c;0x1b1b175fL;0.500000;1503132411;1503132411
0;32;8048;0xba6a65417934a5e214977e70e654b78a1d298b3c16d24818f8f67bc9e28cf39c;0x0ee6eeee0258fb5631cbfd5caa4d7d50c6ee2e8d1b954bcbbf95838f57201a4d;0x66f3f90c;0x1b1b175fL;0.500000;1503132411;1503132411
0;32;8048;0xba6a65417934a5e214977e70e654b78a1d298b3c16d24818f8f67bc9e28cf39c;0x0ee6eeee0258fb5631cbfd5caa4d7d50c6ee2e8d1b954bcbbf95838f57201a4d;0x66f3f90c;0x1b1b175fL;0.500000;1503132411;1503132411
