0;32;8048;0xcfe87242484ca5d5bff29a89b967e051eed2a5650c5edb78195feb5c58eb5c27;0xe02b1a98d63fa37ece2ec4f38cbc301cba8db263c07570c9465c775ba46c9c71;0x2f909804;0x1b1b175fL;0.500000;1503096235;1503096235
0;32;8048;0xf1cd09dc139a835c83f76c7fc2d93d639c6862d61867ce4620a1b0f1399fb22a;0x0ac1c103350a98565ee76df88093cc343df5279207792a9810e8beadb2e1ee52;0x3b097bcb;0x1b1b175fL;0.500000;1503096235;1503096235
0;32;8048;0xf1cd09dc139a835c83f76c7fc2d93d639c6862d61867ce4620a1b0f1399fb22a;0x0ac1c103350a98565ee76df88093cc343df5279207792a9810e8beadb2e1ee52;0x3b097bcb;0x1b1b175fL;0.500000;1503096235;1503096235
0;32;8048;0xf1cd09dc139a835c83f76c7fc2d93d639c6862d61867ce4620a1b0f1399fb22a;0x0ac1c103350a98565ee76df88093cc343df5279207792a9810e8beadb2e1ee52;0x3b097bcb;0x1b1b175fL;0.500000;1503096235;1503096235
0;32;8048;0xf1cd09dc139a835c83f76c7fc2d93d639c6862d61867ce4620a1b0f1399fb22a;0x0ac1c103350a98565ee76df88093cc343df5279207792a9810e8beadb2e1ee52;0x3b097bcb;0x1b1b175fL;0.500000;1503096235;1503096235
0;32;8048;0xf1cd09dc139a835c83f76c7fc2d93d639c6862d61867ce4620a1b0f1399fb22a;0x0ac1c103350a98565ee76df88093cc343df5279207792a9810e8beadb2e1ee52;0x3b097bcb;0x1b1b175fL;0.500000;1503096235;1503096235
0;32;8048;0xf1cd09dc139a835c83f76c7fc2d93d639c6862d61867ce4620a1b0f1399fb22a;0x0ac1c103350a98565ee76df88093cc343df5279207792a9810e8beadb2e1ee52;0x3b097bcb;0x1b1b175fL;0.500000;1503096235;1503096236
0;32;8048;0x8b96bd2f46a20be9d61bf9d542671b59775a28d9ec71da864c9b7fa50daf4f99;0x9e702db692991ce782ca3556075d5e32a6ee38c9e628f774e716f1fae54e808b;0x57c4a38c;0x1b1b175fL;0.500000;1503096236;1503096236
0;32;8048;0x8b96bd2f46a20be9d61bf9d542671b59775a28d9ec71da864c9b7fa50daf4f99;0x9e702db692991ce782ca3556075d5e32a6ee38c9e628f774e716f1fae54e808b;0x57c4a38c;0x1b1b175fL;0.500000;1503096236;1503096236
0;32;8048;0x8b96bd2f46a20be9d61bf9d542671b59775a28d9ec71da864c9b7fa50daf4f99;0x9e702db692991ce782ca3556075d5e32a6ee38c9e628f774e716f1fae54e808b;0x57c4a38c;0x1b1b175fL;0.500000;1503096236;1503096236
0;32;8048;0x8b96bd2f46a20be9d61bf9d542671b59775a28d9ec71da864c9b7fa50daf4f99;0x9e702db692991ce782ca3556075d5e32a6ee38c9e628f774e716f1fae54e808b;0x57c4a38c;0x1b1b175fL;0.500000;1503096236;1503096236
0;32;8048;0x8b96bd2f46a20be9d61bf9d542671b59775a28d9ec71da864c9b7fa50daf4f99;0x9e702db692991ce782ca3556075d5e32a6ee38c9e628f774e716f1fae54e808b;0x57c4a38c;0x1b1b175fL;0.500000;1503096236;1503096236
0;32;8048;0x8b96bd2f46a20be9d61bf9d542671b59775a28d9ec71da864c9b7fa50daf4f99;0x9e702db692991ce782ca3556075d5e32a6ee38c9e628f774e716f1fae54e808b;0x57c4a38c;0x1b1b175fL;0.500000;1503096236;1503096236
0;32;8048;0x8b96bd2f46a20be9d61bf9d542671b59775a28d9ec71da864c9b7fa50daf4f99;0x9e702db692991ce782ca3556075d5e32a6ee38c9e628f774e716f1fae54e808b;0x57c4a38c;0x1b1b175fL;0.500000;1503096236;1503096237
0;32;8048;0x454a5dba01d8af806fee59cc0a44109a111b9e60145f8d8e85f4b9215915229e;0x1abf4b9187bf087d8ad568f5d1b7274444b37db2cc2801f5a5a09d32cdcd40b7;0x1c5c74ba;0x1b1b175fL;0.500000;1503096237;1503096237
0;32;8048;0x454a5dba01d8af806fee59cc0a44109a111b9e60145f8d8e85f4b9215915229e;0x1abf4b9187bf087d8ad568f5d1b7274444b37db2cc2801f5a5a09d32cdcd40b7;0x1c5c74ba;0x1b1b175fL;0.500000;1503096237;1503096237
0;32;8048;0x454a5dba01d8af806fee59cc0a44109a111b9e60145f8d8e85f4b9215915229e;0x1abf4b9187bf087d8ad568f5d1b7274444b37db2cc2801f5a5a09d32cdcd40b7;0x1c5c74ba;0x1b1b175fL;0.500000;1503096237;1503096237
0;32;8048;0x454a5dba01d8af806fee59cc0a44109a111b9e60145f8d8e85f4b9215915229e;0x1abf4b9187bf087d8ad568f5d1b7274444b37db2cc2801f5a5a09d32cdcd40b7;0x1c5c74ba;0x1b1b175fL;0.500000;1503096237;1503096237
0;32;8048;0x454a5dba01d8af806fee59cc0a44109a111b9e60145f8d8e85f4b9215915229e;0x1abf4b9187bf087d8ad568f5d1b7274444b37db2cc2801f5a5a09d32cdcd40b7;0x1c5c74ba;0x1b1b175fL;0.500000;1503096237;1503096237
0;32;8048;0x454a5dba01d8af806fee59cc0a44109a111b9e60145f8d8e85f4b9215915229e;0x1abf4b9187bf087d8ad568f5d1b7274444b37db2cc2801f5a5a09d32cdcd40b7;0x1c5c74ba;0x1b1b175fL;0.500000;1503096237;1503096237
