0;32;8048;0x8fbf1aa1166d3402dcdebe41fba05a1dc75368c76250d12018712f832dd284bc;0xa73c7719af012f6eb412dc7e7c5fff049ec1f37b5898ded62c64d542e47edab9;0x419f42df;0x1b1b175fL;0.500000;1503128482;1503128482
0;32;8048;0x8fbf1aa1166d3402dcdebe41fba05a1dc75368c76250d12018712f832dd284bc;0xa73c7719af012f6eb412dc7e7c5fff049ec1f37b5898ded62c64d542e47edab9;0x419f42df;0x1b1b175fL;0.500000;1503128482;1503128482
0;32;8048;0x8fbf1aa1166d3402dcdebe41fba05a1dc75368c76250d12018712f832dd284bc;0xa73c7719af012f6eb412dc7e7c5fff049ec1f37b5898ded62c64d542e47edab9;0x419f42df;0x1b1b175fL;0.500000;1503128482;1503128482
0;32;8048;0x8fbf1aa1166d3402dcdebe41fba05a1dc75368c76250d12018712f832dd284bc;0xa73c7719af012f6eb412dc7e7c5fff049ec1f37b5898ded62c64d542e47edab9;0x419f42df;0x1b1b175fL;0.500000;1503128482;1503128482
0;32;8048;0x8fbf1aa1166d3402dcdebe41fba05a1dc75368c76250d12018712f832dd284bc;0xa73c7719af012f6eb412dc7e7c5fff049ec1f37b5898ded62c64d542e47edab9;0x419f42df;0x1b1b175fL;0.500000;1503128482;1503128482
0;32;8048;0x8fbf1aa1166d3402dcdebe41fba05a1dc75368c76250d12018712f832dd284bc;0xa73c7719af012f6eb412dc7e7c5fff049ec1f37b5898ded62c64d542e47edab9;0x419f42df;0x1b1b175fL;0.500000;1503128482;1503128483
0;32;8048;0x9b80e65c686b280d0187108333e77555c73281a555cefa0b09576006d7afce73;0x9cc9c635afbc0b86292423f8bdc6ae57e39cea0b1337d06fbcb9911ca00c69d8;0xa2537053;0x1b1b175fL;0.500000;1503128483;1503128483
0;32;8048;0x9b80e65c686b280d0187108333e77555c73281a555cefa0b09576006d7afce73;0x9cc9c635afbc0b86292423f8bdc6ae57e39cea0b1337d06fbcb9911ca00c69d8;0xa2537053;0x1b1b175fL;0.500000;1503128483;1503128483
0;32;8048;0x9b80e65c686b280d0187108333e77555c73281a555cefa0b09576006d7afce73;0x9cc9c635afbc0b86292423f8bdc6ae57e39cea0b1337d06fbcb9911ca00c69d8;0xa2537053;0x1b1b175fL;0.500000;1503128483;1503128483
0;32;8048;0x9b80e65c686b280d0187108333e77555c73281a555cefa0b09576006d7afce73;0x9cc9c635afbc0b86292423f8bdc6ae57e39cea0b1337d06fbcb9911ca00c69d8;0xa2537053;0x1b1b175fL;0.500000;1503128483;1503128483
0;32;8048;0x9b80e65c686b280d0187108333e77555c73281a555cefa0b09576006d7afce73;0x9cc9c635afbc0b86292423f8bdc6ae57e39cea0b1337d06fbcb9911ca00c69d8;0xa2537053;0x1b1b175fL;0.500000;1503128483;1503128483
0;32;8048;0x9b80e65c686b280d0187108333e77555c73281a555cefa0b09576006d7afce73;0x9cc9c635afbc0b86292423f8bdc6ae57e39cea0b1337d06fbcb9911ca00c69d8;0xa2537053;0x1b1b175fL;0.500000;1503128483;1503128483
0;32;8048;0x9b80e65c686b280d0187108333e77555c73281a555cefa0b09576006d7afce73;0x9cc9c635afbc0b86292423f8bdc6ae57e39cea0b1337d06fbcb9911ca00c69d8;0xa2537053;0x1b1b175fL;0.500000;1503128483;1503128483
0;32;8048;0x9b80e65c686b280d0187108333e77555c73281a555cefa0b09576006d7afce73;0x9cc9c635afbc0b86292423f8bdc6ae57e39cea0b1337d06fbcb9911ca00c69d8;0xa2537053;0x1b1b175fL;0.500000;1503128483;1503128484
0;32;8048;0x31be2b0c2805788e87f8e7d7a483fd2863ed7c92caacd6c702f039b660bd0891;0xa1322a3b69a4129abac250640c37e2dd414189542a0085772a3632446e19e3d1;0xb6244af1;0x62592560L;0.500000;1503128484;1503128484
0;32;8048;0x31be2b0c2805788e87f8e7d7a483fd2863ed7c92caacd6c702f039b660bd0891;0xa1322a3b69a4129abac250640c37e2dd414189542a0085772a3632446e19e3d1;0xb6244af1;0x62592560L;0.500000;1503128484;1503128484
0;32;8048;0x31be2b0c2805788e87f8e7d7a483fd2863ed7c92caacd6c702f039b660bd0891;0xa1322a3b69a4129abac250640c37e2dd414189542a0085772a3632446e19e3d1;0xb6244af1;0x62592560L;0.500000;1503128484;1503128484
0;32;8048;0x31be2b0c2805788e87f8e7d7a483fd2863ed7c92caacd6c702f039b660bd0891;0xa1322a3b69a4129abac250640c37e2dd414189542a0085772a3632446e19e3d1;0xb6244af1;0x62592560L;0.500000;1503128484;1503128484
0;32;8048;0x31be2b0c2805788e87f8e7d7a483fd2863ed7c92caacd6c702f039b660bd0891;0xa1322a3b69a4129abac250640c37e2dd414189542a0085772a3632446e19e3d1;0xb6244af1;0x62592560L;0.500000;1503128484;1503128484
0;32;8048;0x31be2b0c2805788e87f8e7d7a483fd2863ed7c92caacd6c702f039b660bd0891;0xa1322a3b69a4129abac250640c37e2dd414189542a0085772a3632446e19e3d1;0xb6244af1;0x62592560L;0.500000;1503128484;1503128484
