0;32;8048;0xdea010a41139bfc99a3a1cc2dda27738084d5f939f4a316c11def5635270db30;0x8d116644209f4b348edf081289a5e738b254059f88182e2aef3a3304bfdb62c0;0xb6dd9db1;0x1b1b175fL;0.500000;1503091214;1503091215
0;32;8048;0xb961d60c5fe6ba15f8688d61f8708aff5e96016d4a4fdc1b04a0b1b07ab38b33;0x7674d1f8f96810683212028287d4f6ecb69e4f09678351346648bc0ce12dbfc0;0x13460e8a;0x1b1b175fL;0.500000;1503091215;1503091215
0;32;8048;0xb961d60c5fe6ba15f8688d61f8708aff5e96016d4a4fdc1b04a0b1b07ab38b33;0x7674d1f8f96810683212028287d4f6ecb69e4f09678351346648bc0ce12dbfc0;0x13460e8a;0x1b1b175fL;0.500000;1503091215;1503091215
0;32;8048;0xb961d60c5fe6ba15f8688d61f8708aff5e96016d4a4fdc1b04a0b1b07ab38b33;0x7674d1f8f96810683212028287d4f6ecb69e4f09678351346648bc0ce12dbfc0;0x13460e8a;0x1b1b175fL;0.500000;1503091215;1503091215
0;32;8048;0xb961d60c5fe6ba15f8688d61f8708aff5e96016d4a4fdc1b04a0b1b07ab38b33;0x7674d1f8f96810683212028287d4f6ecb69e4f09678351346648bc0ce12dbfc0;0x13460e8a;0x1b1b175fL;0.500000;1503091215;1503091215
0;32;8048;0xb961d60c5fe6ba15f8688d61f8708aff5e96016d4a4fdc1b04a0b1b07ab38b33;0x7674d1f8f96810683212028287d4f6ecb69e4f09678351346648bc0ce12dbfc0;0x13460e8a;0x1b1b175fL;0.500000;1503091215;1503091215
0;32;8048;0xb961d60c5fe6ba15f8688d61f8708aff5e96016d4a4fdc1b04a0b1b07ab38b33;0x7674d1f8f96810683212028287d4f6ecb69e4f09678351346648bc0ce12dbfc0;0x13460e8a;0x1b1b175fL;0.500000;1503091215;1503091215
0;32;8048;0xb961d60c5fe6ba15f8688d61f8708aff5e96016d4a4fdc1b04a0b1b07ab38b33;0x7674d1f8f96810683212028287d4f6ecb69e4f09678351346648bc0ce12dbfc0;0x13460e8a;0x1b1b175fL;0.500000;1503091216;1503091216
0;32;8048;0x2dc92b8a9d9e19280861a800e52927bef096f3e0a3e93aed7a404b61eb7c3b18;0xcf998e21e4fedb860214bfb3cb86a55b101c683e94b886f39c7f7f7da32509b5;0x73e0bde5;0x1b1b175fL;0.500000;1503091216;1503091216
0;32;8048;0x2dc92b8a9d9e19280861a800e52927bef096f3e0a3e93aed7a404b61eb7c3b18;0xcf998e21e4fedb860214bfb3cb86a55b101c683e94b886f39c7f7f7da32509b5;0x73e0bde5;0x1b1b175fL;0.500000;1503091216;1503091216
0;32;8048;0x2dc92b8a9d9e19280861a800e52927bef096f3e0a3e93aed7a404b61eb7c3b18;0xcf998e21e4fedb860214bfb3cb86a55b101c683e94b886f39c7f7f7da32509b5;0x73e0bde5;0x1b1b175fL;0.500000;1503091216;1503091216
0;32;8048;0x2dc92b8a9d9e19280861a800e52927bef096f3e0a3e93aed7a404b61eb7c3b18;0xcf998e21e4fedb860214bfb3cb86a55b101c683e94b886f39c7f7f7da32509b5;0x73e0bde5;0x1b1b175fL;0.500000;1503091216;1503091216
0;32;8048;0x2dc92b8a9d9e19280861a800e52927bef096f3e0a3e93aed7a404b61eb7c3b18;0xcf998e21e4fedb860214bfb3cb86a55b101c683e94b886f39c7f7f7da32509b5;0x73e0bde5;0x1b1b175fL;0.500000;1503091216;1503091217
0;32;8048;0x37cbcc91345dd681120a9ad6e2ed61f77ba6c15089802d0cf7bb27e475dd06ad;0x071b51e988a11574c9f7ccda974d8add8ec69d217259db4bc9bcaaaafcb39052;0xc3facdd5;0x1b1b175fL;0.500000;1503091217;1503091217
0;32;8048;0x37cbcc91345dd681120a9ad6e2ed61f77ba6c15089802d0cf7bb27e475dd06ad;0x071b51e988a11574c9f7ccda974d8add8ec69d217259db4bc9bcaaaafcb39052;0xc3facdd5;0x1b1b175fL;0.500000;1503091217;1503091217
0;32;8048;0x37cbcc91345dd681120a9ad6e2ed61f77ba6c15089802d0cf7bb27e475dd06ad;0x071b51e988a11574c9f7ccda974d8add8ec69d217259db4bc9bcaaaafcb39052;0xc3facdd5;0x1b1b175fL;0.500000;1503091217;1503091217
0;32;8048;0x37cbcc91345dd681120a9ad6e2ed61f77ba6c15089802d0cf7bb27e475dd06ad;0x071b51e988a11574c9f7ccda974d8add8ec69d217259db4bc9bcaaaafcb39052;0xc3facdd5;0x1b1b175fL;0.500000;1503091217;1503091217
0;32;8048;0x37cbcc91345dd681120a9ad6e2ed61f77ba6c15089802d0cf7bb27e475dd06ad;0x071b51e988a11574c9f7ccda974d8add8ec69d217259db4bc9bcaaaafcb39052;0xc3facdd5;0x1b1b175fL;0.500000;1503091217;1503091217
0;32;8048;0x37cbcc91345dd681120a9ad6e2ed61f77ba6c15089802d0cf7bb27e475dd06ad;0x071b51e988a11574c9f7ccda974d8add8ec69d217259db4bc9bcaaaafcb39052;0xc3facdd5;0x1b1b175fL;0.500000;1503091217;1503091218
0;32;8048;0x9bc3b8ce08f8dede4d07e1dc4c859aeba3fee587c49d2534ee688d31269adfc1;0xe2d292a9354bba4b37dada9e897318269136ed21854f4cc3aca8cd3c8cb94a37;0x35d2338d;0x1b1b175fL;0.500000;1503091218;1503091218
