0;32;8048;0x98db66d0a766b3bb1daa37ab8856dfc4f78ac8f5239d27a8d11f238562fba1fa;0x86d01358fc612aef39eda1aa9751c7ecf0db5c36c16b6410cd8a8dd5fc4366e1;0x3cccc9ad;0x1b1b175fL;0.500000;1503102110;1503102110
0;32;8048;0x98db66d0a766b3bb1daa37ab8856dfc4f78ac8f5239d27a8d11f238562fba1fa;0x86d01358fc612aef39eda1aa9751c7ecf0db5c36c16b6410cd8a8dd5fc4366e1;0x3cccc9ad;0x1b1b175fL;0.500000;1503102110;1503102110
0;32;8048;0x98db66d0a766b3bb1daa37ab8856dfc4f78ac8f5239d27a8d11f238562fba1fa;0x86d01358fc612aef39eda1aa9751c7ecf0db5c36c16b6410cd8a8dd5fc4366e1;0x3cccc9ad;0x1b1b175fL;0.500000;1503102110;1503102110
0;32;8048;0x98db66d0a766b3bb1daa37ab8856dfc4f78ac8f5239d27a8d11f238562fba1fa;0x86d01358fc612aef39eda1aa9751c7ecf0db5c36c16b6410cd8a8dd5fc4366e1;0x3cccc9ad;0x1b1b175fL;0.500000;1503102111;1503102111
0;32;8048;0x6f5dee8cf91b17adce452cf4eed17666565259a34f23028f56b21ccd7b833aea;0xb63a4dfc93ce527c33d718961bafea505dfdf927b8f0814d6e8c1d6219b5bd08;0xde914dda;0x1b1b175fL;0.500000;1503102111;1503102111
0;32;8048;0x6f5dee8cf91b17adce452cf4eed17666565259a34f23028f56b21ccd7b833aea;0xb63a4dfc93ce527c33d718961bafea505dfdf927b8f0814d6e8c1d6219b5bd08;0xde914dda;0x1b1b175fL;0.500000;1503102111;1503102111
0;32;8048;0x6f5dee8cf91b17adce452cf4eed17666565259a34f23028f56b21ccd7b833aea;0xb63a4dfc93ce527c33d718961bafea505dfdf927b8f0814d6e8c1d6219b5bd08;0xde914dda;0x1b1b175fL;0.500000;1503102111;1503102111
0;32;8048;0x6f5dee8cf91b17adce452cf4eed17666565259a34f23028f56b21ccd7b833aea;0xb63a4dfc93ce527c33d718961bafea505dfdf927b8f0814d6e8c1d6219b5bd08;0xde914dda;0x1b1b175fL;0.500000;1503102111;1503102111
0;32;8048;0x6f5dee8cf91b17adce452cf4eed17666565259a34f23028f56b21ccd7b833aea;0xb63a4dfc93ce527c33d718961bafea505dfdf927b8f0814d6e8c1d6219b5bd08;0xde914dda;0x1b1b175fL;0.500000;1503102111;1503102111
0;32;8048;0x6f5dee8cf91b17adce452cf4eed17666565259a34f23028f56b21ccd7b833aea;0xb63a4dfc93ce527c33d718961bafea505dfdf927b8f0814d6e8c1d6219b5bd08;0xde914dda;0x1b1b175fL;0.500000;1503102111;1503102112
0;32;8048;0xdfbc5fd79b4b642d6cdefa27751ca3ba8a347ca820da2651ca928f390f836dee;0x0a289b11f45b5903717fe5f4b412e42b98c8432938fb36e822b94479dc4c6308;0x014145e0;0x1b1b175fL;0.500000;1503102112;1503102112
0;32;8048;0xdfbc5fd79b4b642d6cdefa27751ca3ba8a347ca820da2651ca928f390f836dee;0x0a289b11f45b5903717fe5f4b412e42b98c8432938fb36e822b94479dc4c6308;0x014145e0;0x1b1b175fL;0.500000;1503102112;1503102112
0;32;8048;0xdfbc5fd79b4b642d6cdefa27751ca3ba8a347ca820da2651ca928f390f836dee;0x0a289b11f45b5903717fe5f4b412e42b98c8432938fb36e822b94479dc4c6308;0x014145e0;0x1b1b175fL;0.500000;1503102112;1503102112
0;32;8048;0xdfbc5fd79b4b642d6cdefa27751ca3ba8a347ca820da2651ca928f390f836dee;0x0a289b11f45b5903717fe5f4b412e42b98c8432938fb36e822b94479dc4c6308;0x014145e0;0x1b1b175fL;0.500000;1503102112;1503102112
0;32;8048;0xdfbc5fd79b4b642d6cdefa27751ca3ba8a347ca820da2651ca928f390f836dee;0x0a289b11f45b5903717fe5f4b412e42b98c8432938fb36e822b94479dc4c6308;0x014145e0;0x1b1b175fL;0.500000;1503102112;1503102112
0;32;8048;0xdfbc5fd79b4b642d6cdefa27751ca3ba8a347ca820da2651ca928f390f836dee;0x0a289b11f45b5903717fe5f4b412e42b98c8432938fb36e822b94479dc4c6308;0x014145e0;0x1b1b175fL;0.500000;1503102112;1503102112
0;32;8048;0xdfbc5fd79b4b642d6cdefa27751ca3ba8a347ca820da2651ca928f390f836dee;0x0a289b11f45b5903717fe5f4b412e42b98c8432938fb36e822b94479dc4c6308;0x014145e0;0x1b1b175fL;0.500000;1503102112;1503102113
0;32;8048;0x7dee8f4c06bd2ff1a4adb2874c523253c45ef49afbab4719bb9d97777067c0ed;0x583fec3b1317e058af147677fb8c472cb78b3a4c9e68bb821e0a0a49ab70aaaf;0x4ad9101d;0x1b1b175fL;0.500000;1503102113;1503102113
0;32;8048;0x7dee8f4c06bd2ff1a4adb2874c523253c45ef49afbab4719bb9d97777067c0ed;0x583fec3b1317e058af147677fb8c472cb78b3a4c9e68bb821e0a0a49ab70aaaf;0x4ad9101d;0x1b1b175fL;0.500000;1503102113;1503102113
0;32;8048;0x7dee8f4c06bd2ff1a4adb2874c523253c45ef49afbab4719bb9d97777067c0ed;0x583fec3b1317e058af147677fb8c472cb78b3a4c9e68bb821e0a0a49ab70aaaf;0x4ad9101d;0x1b1b175fL;0.500000;1503102113;1503102113
