0;32;8048;0x98bc36aa67631672c3ab39a69bc62723fdf17cba048ee15679117d091c89e5b4;0xc58e8d6d98f7ae5537184e974b4758e8287bbed012ed903830ee803af5c1f65b;0xf0b53fc5;0x1b1b175fL;0.500000;1503088904;1503088904
0;32;8048;0x98bc36aa67631672c3ab39a69bc62723fdf17cba048ee15679117d091c89e5b4;0xc58e8d6d98f7ae5537184e974b4758e8287bbed012ed903830ee803af5c1f65b;0xf0b53fc5;0x1b1b175fL;0.500000;1503088905;1503088905
0;32;8048;0x62f94467e9e294e5853105c083e7fb3f68d2bd6a3476fb657a609a6edcaa553e;0x20e087dac178312cc44d009d68d7a7229d9636c163973450489efbd20770f15d;0xa0f8a91a;0x1b1b175fL;0.500000;1503088905;1503088905
0;32;8048;0x62f94467e9e294e5853105c083e7fb3f68d2bd6a3476fb657a609a6edcaa553e;0x20e087dac178312cc44d009d68d7a7229d9636c163973450489efbd20770f15d;0xa0f8a91a;0x1b1b175fL;0.500000;1503088905;1503088905
0;32;8048;0x62f94467e9e294e5853105c083e7fb3f68d2bd6a3476fb657a609a6edcaa553e;0x20e087dac178312cc44d009d68d7a7229d9636c163973450489efbd20770f15d;0xa0f8a91a;0x1b1b175fL;0.500000;1503088905;1503088905
0;32;8048;0x62f94467e9e294e5853105c083e7fb3f68d2bd6a3476fb657a609a6edcaa553e;0x20e087dac178312cc44d009d68d7a7229d9636c163973450489efbd20770f15d;0xa0f8a91a;0x1b1b175fL;0.500000;1503088905;1503088905
0;32;8048;0x62f94467e9e294e5853105c083e7fb3f68d2bd6a3476fb657a609a6edcaa553e;0x20e087dac178312cc44d009d68d7a7229d9636c163973450489efbd20770f15d;0xa0f8a91a;0x1b1b175fL;0.500000;1503088906;1503088906
0;32;8048;0x43abe846317a96c759e71979f8dec6fcb90bab5175aeae62abeb41396d22fbb0;0xa09705e2224daecf44a3d300521aa5d7ce973ec2e84f8e74c8b74a3883b9444b;0x2767b1d6;0x1b1b175fL;0.500000;1503088906;1503088906
0;32;8048;0x43abe846317a96c759e71979f8dec6fcb90bab5175aeae62abeb41396d22fbb0;0xa09705e2224daecf44a3d300521aa5d7ce973ec2e84f8e74c8b74a3883b9444b;0x2767b1d6;0x1b1b175fL;0.500000;1503088906;1503088906
0;32;8048;0x43abe846317a96c759e71979f8dec6fcb90bab5175aeae62abeb41396d22fbb0;0xa09705e2224daecf44a3d300521aa5d7ce973ec2e84f8e74c8b74a3883b9444b;0x2767b1d6;0x1b1b175fL;0.500000;1503088906;1503088906
0;32;8048;0x43abe846317a96c759e71979f8dec6fcb90bab5175aeae62abeb41396d22fbb0;0xa09705e2224daecf44a3d300521aa5d7ce973ec2e84f8e74c8b74a3883b9444b;0x2767b1d6;0x1b1b175fL;0.500000;1503088906;1503088906
0;32;8048;0x43abe846317a96c759e71979f8dec6fcb90bab5175aeae62abeb41396d22fbb0;0xa09705e2224daecf44a3d300521aa5d7ce973ec2e84f8e74c8b74a3883b9444b;0x2767b1d6;0x1b1b175fL;0.500000;1503088906;1503088907
0;32;8048;0x8b0bfa826addb998838945e65613a84f213b1e58a56f2a522cd59325253419b0;0xbedd08d2c0867ac331c09120f69ee5e1c3a0b7cc89b56ab019b25321592d2ca9;0x5036cf8a;0x1b1b175fL;0.500000;1503088907;1503088907
0;32;8048;0x8b0bfa826addb998838945e65613a84f213b1e58a56f2a522cd59325253419b0;0xbedd08d2c0867ac331c09120f69ee5e1c3a0b7cc89b56ab019b25321592d2ca9;0x5036cf8a;0x1b1b175fL;0.500000;1503088907;1503088907
0;32;8048;0x8b0bfa826addb998838945e65613a84f213b1e58a56f2a522cd59325253419b0;0xbedd08d2c0867ac331c09120f69ee5e1c3a0b7cc89b56ab019b25321592d2ca9;0x5036cf8a;0x1b1b175fL;0.500000;1503088907;1503088907
0;32;8048;0x8b0bfa826addb998838945e65613a84f213b1e58a56f2a522cd59325253419b0;0xbedd08d2c0867ac331c09120f69ee5e1c3a0b7cc89b56ab019b25321592d2ca9;0x5036cf8a;0x1b1b175fL;0.500000;1503088907;1503088907
0;32;8048;0x8b0bfa826addb998838945e65613a84f213b1e58a56f2a522cd59325253419b0;0xbedd08d2c0867ac331c09120f69ee5e1c3a0b7cc89b56ab019b25321592d2ca9;0x5036cf8a;0x1b1b175fL;0.500000;1503088907;1503088907
0;32;8048;0x8b0bfa826addb998838945e65613a84f213b1e58a56f2a522cd59325253419b0;0xbedd08d2c0867ac331c09120f69ee5e1c3a0b7cc89b56ab019b25321592d2ca9;0x5036cf8a;0x1b1b175fL;0.500000;1503088908;1503088908
0;32;8048;0xb80d04123fc790f616eacbc050bc8deb43a04fd94a1dca51a726e00f5ff2c718;0x452fb0200adda41e54904e6fd6281e69d7ff320037a422412d281505ad2c5772;0xec36b154;0x1b1b175fL;0.500000;1503088908;1503088908
0;32;8048;0xb80d04123fc790f616eacbc050bc8deb43a04fd94a1dca51a726e00f5ff2c718;0x452fb0200adda41e54904e6fd6281e69d7ff320037a422412d281505ad2c5772;0xec36b154;0x1b1b175fL;0.500000;1503088908;1503088908
