0;32;8048;0xbdd84cc8bf453bc582f138050b0278eddd8dca1e4c8617beac908c7f29dac5e6;0xa1aa3e61b89fbb1dfd56c622dc6867fe688b3338f31cb7d6e74cb539466ddcf5;0x337b653c;0x1b1b175fL;0.500000;1503103433;1503103433
0;32;8048;0xbdd84cc8bf453bc582f138050b0278eddd8dca1e4c8617beac908c7f29dac5e6;0xa1aa3e61b89fbb1dfd56c622dc6867fe688b3338f31cb7d6e74cb539466ddcf5;0x337b653c;0x1b1b175fL;0.500000;1503103433;1503103433
0;32;8048;0xbdd84cc8bf453bc582f138050b0278eddd8dca1e4c8617beac908c7f29dac5e6;0xa1aa3e61b89fbb1dfd56c622dc6867fe688b3338f31cb7d6e74cb539466ddcf5;0x337b653c;0x1b1b175fL;0.500000;1503103433;1503103433
0;32;8048;0xbdd84cc8bf453bc582f138050b0278eddd8dca1e4c8617beac908c7f29dac5e6;0xa1aa3e61b89fbb1dfd56c622dc6867fe688b3338f31cb7d6e74cb539466ddcf5;0x337b653c;0x1b1b175fL;0.500000;1503103433;1503103434
0;32;8048;0x22e22ea5217e2d027e3ebe109c68f21cd6e86522a51fff1eb48554cb1e5e9e40;0x6f28ad10ec70d670d173b49b4169ac7ad8b8d7ec892015aa2149055d6ce83373;0x6b657aed;0x1b1b175fL;0.500000;1503103434;1503103434
0;32;8048;0x22e22ea5217e2d027e3ebe109c68f21cd6e86522a51fff1eb48554cb1e5e9e40;0x6f28ad10ec70d670d173b49b4169ac7ad8b8d7ec892015aa2149055d6ce83373;0x6b657aed;0x1b1b175fL;0.500000;1503103434;1503103434
0;32;8048;0x22e22ea5217e2d027e3ebe109c68f21cd6e86522a51fff1eb48554cb1e5e9e40;0x6f28ad10ec70d670d173b49b4169ac7ad8b8d7ec892015aa2149055d6ce83373;0x6b657aed;0x1b1b175fL;0.500000;1503103434;1503103434
0;32;8048;0x22e22ea5217e2d027e3ebe109c68f21cd6e86522a51fff1eb48554cb1e5e9e40;0x6f28ad10ec70d670d173b49b4169ac7ad8b8d7ec892015aa2149055d6ce83373;0x6b657aed;0x1b1b175fL;0.500000;1503103434;1503103434
0;32;8048;0x22e22ea5217e2d027e3ebe109c68f21cd6e86522a51fff1eb48554cb1e5e9e40;0x6f28ad10ec70d670d173b49b4169ac7ad8b8d7ec892015aa2149055d6ce83373;0x6b657aed;0x1b1b175fL;0.500000;1503103434;1503103434
0;32;8048;0x22e22ea5217e2d027e3ebe109c68f21cd6e86522a51fff1eb48554cb1e5e9e40;0x6f28ad10ec70d670d173b49b4169ac7ad8b8d7ec892015aa2149055d6ce83373;0x6b657aed;0x1b1b175fL;0.500000;1503103434;1503103434
0;32;8048;0x22e22ea5217e2d027e3ebe109c68f21cd6e86522a51fff1eb48554cb1e5e9e40;0x6f28ad10ec70d670d173b49b4169ac7ad8b8d7ec892015aa2149055d6ce83373;0x6b657aed;0x1b1b175fL;0.500000;1503103435;1503103435
0;32;8048;0xc8d51cdfc14bc81745ef8e366311841c7dbfc21a685fc95a54c114498f00d858;0x5bfeb0aa523ebfdafd12002cb2cb5d2f50c1c12e5c8fe1b3497c62249c6109d1;0x3512a49f;0x62592560L;0.500000;1503103435;1503103435
0;32;8048;0xc8d51cdfc14bc81745ef8e366311841c7dbfc21a685fc95a54c114498f00d858;0x5bfeb0aa523ebfdafd12002cb2cb5d2f50c1c12e5c8fe1b3497c62249c6109d1;0x3512a49f;0x62592560L;0.500000;1503103435;1503103435
0;32;8048;0xc8d51cdfc14bc81745ef8e366311841c7dbfc21a685fc95a54c114498f00d858;0x5bfeb0aa523ebfdafd12002cb2cb5d2f50c1c12e5c8fe1b3497c62249c6109d1;0x3512a49f;0x62592560L;0.500000;1503103435;1503103435
0;32;8048;0xc8d51cdfc14bc81745ef8e366311841c7dbfc21a685fc95a54c114498f00d858;0x5bfeb0aa523ebfdafd12002cb2cb5d2f50c1c12e5c8fe1b3497c62249c6109d1;0x3512a49f;0x62592560L;0.500000;1503103435;1503103435
0;32;8048;0xc8d51cdfc14bc81745ef8e366311841c7dbfc21a685fc95a54c114498f00d858;0x5bfeb0aa523ebfdafd12002cb2cb5d2f50c1c12e5c8fe1b3497c62249c6109d1;0x3512a49f;0x62592560L;0.500000;1503103435;1503103435
0;32;8048;0xc8d51cdfc14bc81745ef8e366311841c7dbfc21a685fc95a54c114498f00d858;0x5bfeb0aa523ebfdafd12002cb2cb5d2f50c1c12e5c8fe1b3497c62249c6109d1;0x3512a49f;0x62592560L;0.500000;1503103436;1503103436
0;32;8048;0x919e0abc10c515f28c171bf999847797d211293dc0a9a39e7c334926c472a655;0xc4600f369426644ec49eaf5177b1ed539fbfdaf6577be1a18f554a0001859b03;0xb6cbff1a;0x1b1b175fL;0.500000;1503103436;1503103436
0;32;8048;0x919e0abc10c515f28c171bf999847797d211293dc0a9a39e7c334926c472a655;0xc4600f369426644ec49eaf5177b1ed539fbfdaf6577be1a18f554a0001859b03;0xb6cbff1a;0x1b1b175fL;0.500000;1503103436;1503103436
0;32;8048;0x919e0abc10c515f28c171bf999847797d211293dc0a9a39e7c334926c472a655;0xc4600f369426644ec49eaf5177b1ed539fbfdaf6577be1a18f554a0001859b03;0xb6cbff1a;0x1b1b175fL;0.500000;1503103436;1503103436
