0;32;8048;0xa36ea5e090777ef994c3a17d3a036eb4622ad43aa71655e762ab6824c949066d;0xf62f7d079fce38dad7421e50df3f9272d320bba6dfd1cc5506d0317eb537b7e6;0x4f5da56a;0x1b1b175fL;0.500000;1503127174;1503127175
0;32;8048;0xd7f8a5b103191176d85cf38f2d366a3eadeec779225aa9b3ecd76bcbe5f0bfbc;0x6c143c181a9467cfa1c8f4e5591f63b7688217c49e349686b21df19153b4c767;0xd881e7bd;0x1b1b175fL;0.500000;1503127175;1503127175
0;32;8048;0xd7f8a5b103191176d85cf38f2d366a3eadeec779225aa9b3ecd76bcbe5f0bfbc;0x6c143c181a9467cfa1c8f4e5591f63b7688217c49e349686b21df19153b4c767;0xd881e7bd;0x1b1b175fL;0.500000;1503127175;1503127175
0;32;8048;0xd7f8a5b103191176d85cf38f2d366a3eadeec779225aa9b3ecd76bcbe5f0bfbc;0x6c143c181a9467cfa1c8f4e5591f63b7688217c49e349686b21df19153b4c767;0xd881e7bd;0x1b1b175fL;0.500000;1503127175;1503127175
0;32;8048;0xd7f8a5b103191176d85cf38f2d366a3eadeec779225aa9b3ecd76bcbe5f0bfbc;0x6c143c181a9467cfa1c8f4e5591f63b7688217c49e349686b21df19153b4c767;0xd881e7bd;0x1b1b175fL;0.500000;1503127175;1503127175
0;32;8048;0xd7f8a5b103191176d85cf38f2d366a3eadeec779225aa9b3ecd76bcbe5f0bfbc;0x6c143c181a9467cfa1c8f4e5591f63b7688217c49e349686b21df19153b4c767;0xd881e7bd;0x1b1b175fL;0.500000;1503127175;1503127175
0;32;8048;0xd7f8a5b103191176d85cf38f2d366a3eadeec779225aa9b3ecd76bcbe5f0bfbc;0x6c143c181a9467cfa1c8f4e5591f63b7688217c49e349686b21df19153b4c767;0xd881e7bd;0x1b1b175fL;0.500000;1503127175;1503127176
0;32;8048;0x937258905b0bdddc985344687519f0b7981d04990a2b85f73a0b80cd9ea70231;0xadc650a638e641eb32537e7046eb0642cc283bb76c5d07c734cb7bcf565ab4e1;0xd3852657;0x1b1b175fL;0.500000;1503127176;1503127176
0;32;8048;0x937258905b0bdddc985344687519f0b7981d04990a2b85f73a0b80cd9ea70231;0xadc650a638e641eb32537e7046eb0642cc283bb76c5d07c734cb7bcf565ab4e1;0xd3852657;0x1b1b175fL;0.500000;1503127176;1503127176
0;32;8048;0x937258905b0bdddc985344687519f0b7981d04990a2b85f73a0b80cd9ea70231;0xadc650a638e641eb32537e7046eb0642cc283bb76c5d07c734cb7bcf565ab4e1;0xd3852657;0x1b1b175fL;0.500000;1503127176;1503127176
0;32;8048;0x937258905b0bdddc985344687519f0b7981d04990a2b85f73a0b80cd9ea70231;0xadc650a638e641eb32537e7046eb0642cc283bb76c5d07c734cb7bcf565ab4e1;0xd3852657;0x1b1b175fL;0.500000;1503127176;1503127176
0;32;8048;0x937258905b0bdddc985344687519f0b7981d04990a2b85f73a0b80cd9ea70231;0xadc650a638e641eb32537e7046eb0642cc283bb76c5d07c734cb7bcf565ab4e1;0xd3852657;0x1b1b175fL;0.500000;1503127176;1503127176
0;32;8048;0x937258905b0bdddc985344687519f0b7981d04990a2b85f73a0b80cd9ea70231;0xadc650a638e641eb32537e7046eb0642cc283bb76c5d07c734cb7bcf565ab4e1;0xd3852657;0x1b1b175fL;0.500000;1503127176;1503127176
0;32;8048;0x937258905b0bdddc985344687519f0b7981d04990a2b85f73a0b80cd9ea70231;0xadc650a638e641eb32537e7046eb0642cc283bb76c5d07c734cb7bcf565ab4e1;0xd3852657;0x1b1b175fL;0.500000;1503127176;1503127177
0;32;8048;0xdb10c5f94786db5002851b52999821a0661a23c2419b38a30a58e6e6c1c6ae9d;0x9ff2534ae0cee30bd1df115094613096c35a66db1c59496634969620b15faa3f;0x420d196f;0x1b1b175fL;0.500000;1503127177;1503127177
0;32;8048;0xdb10c5f94786db5002851b52999821a0661a23c2419b38a30a58e6e6c1c6ae9d;0x9ff2534ae0cee30bd1df115094613096c35a66db1c59496634969620b15faa3f;0x420d196f;0x1b1b175fL;0.500000;1503127177;1503127177
0;32;8048;0xdb10c5f94786db5002851b52999821a0661a23c2419b38a30a58e6e6c1c6ae9d;0x9ff2534ae0cee30bd1df115094613096c35a66db1c59496634969620b15faa3f;0x420d196f;0x1b1b175fL;0.500000;1503127177;1503127177
0;32;8048;0xdb10c5f94786db5002851b52999821a0661a23c2419b38a30a58e6e6c1c6ae9d;0x9ff2534ae0cee30bd1df115094613096c35a66db1c59496634969620b15faa3f;0x420d196f;0x1b1b175fL;0.500000;1503127177;1503127177
0;32;8048;0xdb10c5f94786db5002851b52999821a0661a23c2419b38a30a58e6e6c1c6ae9d;0x9ff2534ae0cee30bd1df115094613096c35a66db1c59496634969620b15faa3f;0x420d196f;0x1b1b175fL;0.500000;1503127177;1503127177
0;32;8048;0xdb10c5f94786db5002851b52999821a0661a23c2419b38a30a58e6e6c1c6ae9d;0x9ff2534ae0cee30bd1df115094613096c35a66db1c59496634969620b15faa3f;0x420d196f;0x1b1b175fL;0.500000;1503127177;1503127177
