0;64;8048;0xeb216807979c833057193a8edb084720ee5735662f672f41042a6c19ab92fa96;0x07272052ed48e61fd144f542c4e3a7ba93f76d5483eda2c07c0628ec82158729;0xb7efe0ba;0x489c254bL;0.500000;1503078073;1503078073
0;64;8048;0xeb216807979c833057193a8edb084720ee5735662f672f41042a6c19ab92fa96;0x07272052ed48e61fd144f542c4e3a7ba93f76d5483eda2c07c0628ec82158729;0xb7efe0ba;0x489c254bL;0.500000;1503078073;1503078074
0;64;8048;0x020355352acb3cd676fd28f47d12b12af64f7d7a76189a4a3e9b0aaa36256638;0x58ee53e32e2913617f5137387e4275e9599e8563a69563264f1f74566cfce6ac;0xa46c7fe3;0xa36518b9L;0.500000;1503078074;1503078074
0;64;8048;0x020355352acb3cd676fd28f47d12b12af64f7d7a76189a4a3e9b0aaa36256638;0x58ee53e32e2913617f5137387e4275e9599e8563a69563264f1f74566cfce6ac;0xa46c7fe3;0xa36518b9L;0.500000;1503078074;1503078074
0;64;8048;0x020355352acb3cd676fd28f47d12b12af64f7d7a76189a4a3e9b0aaa36256638;0x58ee53e32e2913617f5137387e4275e9599e8563a69563264f1f74566cfce6ac;0xa46c7fe3;0xa36518b9L;0.500000;1503078074;1503078074
0;64;8048;0x020355352acb3cd676fd28f47d12b12af64f7d7a76189a4a3e9b0aaa36256638;0x58ee53e32e2913617f5137387e4275e9599e8563a69563264f1f74566cfce6ac;0xa46c7fe3;0xa36518b9L;0.500000;1503078074;1503078074
0;64;8048;0x020355352acb3cd676fd28f47d12b12af64f7d7a76189a4a3e9b0aaa36256638;0x58ee53e32e2913617f5137387e4275e9599e8563a69563264f1f74566cfce6ac;0xa46c7fe3;0xa36518b9L;0.500000;1503078074;1503078075
0;64;8048;0x6912ca3fe85ab2dfd087e4eeebccd997c191d6344f50e166b35397733a73bea4;0x222ab1b7749bc20b4828b150150d0b29caf09ec4eed662213e3cc41b1a2995bb;0x0f8e057b;0x489c254bL;0.500000;1503078075;1503078075
0;64;8048;0x6912ca3fe85ab2dfd087e4eeebccd997c191d6344f50e166b35397733a73bea4;0x222ab1b7749bc20b4828b150150d0b29caf09ec4eed662213e3cc41b1a2995bb;0x0f8e057b;0x489c254bL;0.500000;1503078075;1503078075
0;64;8048;0x6912ca3fe85ab2dfd087e4eeebccd997c191d6344f50e166b35397733a73bea4;0x222ab1b7749bc20b4828b150150d0b29caf09ec4eed662213e3cc41b1a2995bb;0x0f8e057b;0x489c254bL;0.500000;1503078075;1503078075
0;64;8048;0x6912ca3fe85ab2dfd087e4eeebccd997c191d6344f50e166b35397733a73bea4;0x222ab1b7749bc20b4828b150150d0b29caf09ec4eed662213e3cc41b1a2995bb;0x0f8e057b;0x489c254bL;0.500000;1503078075;1503078075
0;64;8048;0x6912ca3fe85ab2dfd087e4eeebccd997c191d6344f50e166b35397733a73bea4;0x222ab1b7749bc20b4828b150150d0b29caf09ec4eed662213e3cc41b1a2995bb;0x0f8e057b;0x489c254bL;0.500000;1503078075;1503078076
0;64;8048;0xca44b191c7327e8db09e88e5b3d9a9f0cd6f75cb2eac71fd5eca5131ef5a4eb9;0xf4069934f345f2f80580fa8c97523f71ec66d1b51dd55fd9c4cde4b019cda58f;0x3b8a1822;0x2a5a10d6L;0.500000;1503078076;1503078076
0;64;8048;0xca44b191c7327e8db09e88e5b3d9a9f0cd6f75cb2eac71fd5eca5131ef5a4eb9;0xf4069934f345f2f80580fa8c97523f71ec66d1b51dd55fd9c4cde4b019cda58f;0x3b8a1822;0x2a5a10d6L;0.500000;1503078076;1503078076
0;64;8048;0xca44b191c7327e8db09e88e5b3d9a9f0cd6f75cb2eac71fd5eca5131ef5a4eb9;0xf4069934f345f2f80580fa8c97523f71ec66d1b51dd55fd9c4cde4b019cda58f;0x3b8a1822;0x2a5a10d6L;0.500000;1503078076;1503078076
0;64;8048;0xca44b191c7327e8db09e88e5b3d9a9f0cd6f75cb2eac71fd5eca5131ef5a4eb9;0xf4069934f345f2f80580fa8c97523f71ec66d1b51dd55fd9c4cde4b019cda58f;0x3b8a1822;0x2a5a10d6L;0.500000;1503078076;1503078076
0;64;8048;0xca44b191c7327e8db09e88e5b3d9a9f0cd6f75cb2eac71fd5eca5131ef5a4eb9;0xf4069934f345f2f80580fa8c97523f71ec66d1b51dd55fd9c4cde4b019cda58f;0x3b8a1822;0x2a5a10d6L;0.500000;1503078077;1503078077
0;64;8048;0xc464a2cc3d34b02c874e02867482b5d85bd4848425aa1f77056ad1cc7c287641;0x0a8ab0418dc85e8cf18bb7a15f9a3fbc3078a9220d8e863d0d7528ca6828f4a0;0x489421c9;0x489c254bL;0.500000;1503078077;1503078077
0;64;8048;0xc464a2cc3d34b02c874e02867482b5d85bd4848425aa1f77056ad1cc7c287641;0x0a8ab0418dc85e8cf18bb7a15f9a3fbc3078a9220d8e863d0d7528ca6828f4a0;0x489421c9;0x489c254bL;0.500000;1503078077;1503078077
0;64;8048;0xc464a2cc3d34b02c874e02867482b5d85bd4848425aa1f77056ad1cc7c287641;0x0a8ab0418dc85e8cf18bb7a15f9a3fbc3078a9220d8e863d0d7528ca6828f4a0;0x489421c9;0x489c254bL;0.500000;1503078077;1503078077
