0;64;8048;0x7774559fedb37546fe0b30ede03ed42b7cecb38506ef585bff1acc5ecce56144;0x3ea8ceac16722dd93aea7c1df97891fe1c4e44a33be5f8fb9cca163bf02ab12b;0x0aaa14d2;0x489c254bL;0.500000;1503102766;1503102766
0;64;8048;0x7774559fedb37546fe0b30ede03ed42b7cecb38506ef585bff1acc5ecce56144;0x3ea8ceac16722dd93aea7c1df97891fe1c4e44a33be5f8fb9cca163bf02ab12b;0x0aaa14d2;0x489c254bL;0.500000;1503102766;1503102766
0;64;8048;0x7774559fedb37546fe0b30ede03ed42b7cecb38506ef585bff1acc5ecce56144;0x3ea8ceac16722dd93aea7c1df97891fe1c4e44a33be5f8fb9cca163bf02ab12b;0x0aaa14d2;0x489c254bL;0.500000;1503102766;1503102766
0;64;8048;0x7774559fedb37546fe0b30ede03ed42b7cecb38506ef585bff1acc5ecce56144;0x3ea8ceac16722dd93aea7c1df97891fe1c4e44a33be5f8fb9cca163bf02ab12b;0x0aaa14d2;0x489c254bL;0.500000;1503102766;1503102766
0;64;8048;0x7774559fedb37546fe0b30ede03ed42b7cecb38506ef585bff1acc5ecce56144;0x3ea8ceac16722dd93aea7c1df97891fe1c4e44a33be5f8fb9cca163bf02ab12b;0x0aaa14d2;0x489c254bL;0.500000;1503102766;1503102767
0;64;8048;0x2161f4d10852efcd82ee8c107cbcf48d1c9f535de4fbfe645c051c461d94813e;0xf78f3c3c130bb3f89c70b2285246f5ce0669f10ff2d5643fe1706ca0d218fa4c;0x20f6840c;0x489c254bL;0.500000;1503102767;1503102767
0;64;8048;0x2161f4d10852efcd82ee8c107cbcf48d1c9f535de4fbfe645c051c461d94813e;0xf78f3c3c130bb3f89c70b2285246f5ce0669f10ff2d5643fe1706ca0d218fa4c;0x20f6840c;0x489c254bL;0.500000;1503102767;1503102767
0;64;8048;0x2161f4d10852efcd82ee8c107cbcf48d1c9f535de4fbfe645c051c461d94813e;0xf78f3c3c130bb3f89c70b2285246f5ce0669f10ff2d5643fe1706ca0d218fa4c;0x20f6840c;0x489c254bL;0.500000;1503102767;1503102767
0;64;8048;0x2161f4d10852efcd82ee8c107cbcf48d1c9f535de4fbfe645c051c461d94813e;0xf78f3c3c130bb3f89c70b2285246f5ce0669f10ff2d5643fe1706ca0d218fa4c;0x20f6840c;0x489c254bL;0.500000;1503102767;1503102767
0;64;8048;0x2161f4d10852efcd82ee8c107cbcf48d1c9f535de4fbfe645c051c461d94813e;0xf78f3c3c130bb3f89c70b2285246f5ce0669f10ff2d5643fe1706ca0d218fa4c;0x20f6840c;0x489c254bL;0.500000;1503102767;1503102767
0;64;8048;0x5e070878973a15f05040a83b5a5168970b14e92c95505d579f9dabd640830f9e;0x2fe4eddf8c96748c486a4fac848dfb977032d5fef839212d46d35365b10fadb3;0xc9ef12ad;0x489c254bL;0.500000;1503102768;1503102768
0;64;8048;0x5e070878973a15f05040a83b5a5168970b14e92c95505d579f9dabd640830f9e;0x2fe4eddf8c96748c486a4fac848dfb977032d5fef839212d46d35365b10fadb3;0xc9ef12ad;0x489c254bL;0.500000;1503102768;1503102768
0;64;8048;0x5e070878973a15f05040a83b5a5168970b14e92c95505d579f9dabd640830f9e;0x2fe4eddf8c96748c486a4fac848dfb977032d5fef839212d46d35365b10fadb3;0xc9ef12ad;0x489c254bL;0.500000;1503102768;1503102768
0;64;8048;0x5e070878973a15f05040a83b5a5168970b14e92c95505d579f9dabd640830f9e;0x2fe4eddf8c96748c486a4fac848dfb977032d5fef839212d46d35365b10fadb3;0xc9ef12ad;0x489c254bL;0.500000;1503102768;1503102768
0;64;8048;0x5e070878973a15f05040a83b5a5168970b14e92c95505d579f9dabd640830f9e;0x2fe4eddf8c96748c486a4fac848dfb977032d5fef839212d46d35365b10fadb3;0xc9ef12ad;0x489c254bL;0.500000;1503102768;1503102768
0;64;8048;0x5e070878973a15f05040a83b5a5168970b14e92c95505d579f9dabd640830f9e;0x2fe4eddf8c96748c486a4fac848dfb977032d5fef839212d46d35365b10fadb3;0xc9ef12ad;0x489c254bL;0.500000;1503102769;1503102769
0;64;8048;0xd04b707a66f8194891ba7ecc2bb8df9d455f597556afa380aa8af387f133dbc1;0xe7497fa5418d2e543eec5a271f9a49aa8cb709af032ee594e0945b104a36ab97;0xbd2ecbc4;0x489c254bL;0.500000;1503102769;1503102769
0;64;8048;0xd04b707a66f8194891ba7ecc2bb8df9d455f597556afa380aa8af387f133dbc1;0xe7497fa5418d2e543eec5a271f9a49aa8cb709af032ee594e0945b104a36ab97;0xbd2ecbc4;0x489c254bL;0.500000;1503102769;1503102769
0;64;8048;0xd04b707a66f8194891ba7ecc2bb8df9d455f597556afa380aa8af387f133dbc1;0xe7497fa5418d2e543eec5a271f9a49aa8cb709af032ee594e0945b104a36ab97;0xbd2ecbc4;0x489c254bL;0.500000;1503102769;1503102769
0;64;8048;0xd04b707a66f8194891ba7ecc2bb8df9d455f597556afa380aa8af387f133dbc1;0xe7497fa5418d2e543eec5a271f9a49aa8cb709af032ee594e0945b104a36ab97;0xbd2ecbc4;0x489c254bL;0.500000;1503102769;1503102770
