0;64;8048;0x454a5dba01d8af806fee59cc0a44109a111b9e60145f8d8e85f4b9215915229e;0x1abf4b9187bf087d8ad568f5d1b7274444b37db2cc2801f5a5a09d32cdcd40b7;0x1c5c74ba;0x489c254bL;0.500000;1503096237;1503096238
0;64;8048;0x55e6096cda8ee7cb38730b49019c3efeb2e40881232feb94adc8a01627a1c77c;0xa6c1e98d10fbefc9d9e804fc6d61218dc26e64d43d92f3bf3480ff6d7d90fb54;0xf341c4e7;0x489c254bL;0.500000;1503096238;1503096238
0;64;8048;0x55e6096cda8ee7cb38730b49019c3efeb2e40881232feb94adc8a01627a1c77c;0xa6c1e98d10fbefc9d9e804fc6d61218dc26e64d43d92f3bf3480ff6d7d90fb54;0xf341c4e7;0x489c254bL;0.500000;1503096238;1503096238
0;64;8048;0x55e6096cda8ee7cb38730b49019c3efeb2e40881232feb94adc8a01627a1c77c;0xa6c1e98d10fbefc9d9e804fc6d61218dc26e64d43d92f3bf3480ff6d7d90fb54;0xf341c4e7;0x489c254bL;0.500000;1503096238;1503096238
0;64;8048;0x55e6096cda8ee7cb38730b49019c3efeb2e40881232feb94adc8a01627a1c77c;0xa6c1e98d10fbefc9d9e804fc6d61218dc26e64d43d92f3bf3480ff6d7d90fb54;0xf341c4e7;0x489c254bL;0.500000;1503096238;1503096238
0;64;8048;0x55e6096cda8ee7cb38730b49019c3efeb2e40881232feb94adc8a01627a1c77c;0xa6c1e98d10fbefc9d9e804fc6d61218dc26e64d43d92f3bf3480ff6d7d90fb54;0xf341c4e7;0x489c254bL;0.500000;1503096238;1503096239
0;64;8048;0x2e7af8079f97b942bb8cc799a1d86568fc3699ac6217deb37fffb6e394d454c3;0xd3e4d673a4ad142dd07c1172245f7aa8ac5a95ee9019efb2ff7db4adacf41703;0xecea0291;0x489c254bL;0.500000;1503096239;1503096239
0;64;8048;0x2e7af8079f97b942bb8cc799a1d86568fc3699ac6217deb37fffb6e394d454c3;0xd3e4d673a4ad142dd07c1172245f7aa8ac5a95ee9019efb2ff7db4adacf41703;0xecea0291;0x489c254bL;0.500000;1503096239;1503096239
0;64;8048;0x2e7af8079f97b942bb8cc799a1d86568fc3699ac6217deb37fffb6e394d454c3;0xd3e4d673a4ad142dd07c1172245f7aa8ac5a95ee9019efb2ff7db4adacf41703;0xecea0291;0x489c254bL;0.500000;1503096239;1503096239
0;64;8048;0x2e7af8079f97b942bb8cc799a1d86568fc3699ac6217deb37fffb6e394d454c3;0xd3e4d673a4ad142dd07c1172245f7aa8ac5a95ee9019efb2ff7db4adacf41703;0xecea0291;0x489c254bL;0.500000;1503096239;1503096239
0;64;8048;0x2e7af8079f97b942bb8cc799a1d86568fc3699ac6217deb37fffb6e394d454c3;0xd3e4d673a4ad142dd07c1172245f7aa8ac5a95ee9019efb2ff7db4adacf41703;0xecea0291;0x489c254bL;0.500000;1503096239;1503096239
0;64;8048;0x2e7af8079f97b942bb8cc799a1d86568fc3699ac6217deb37fffb6e394d454c3;0xd3e4d673a4ad142dd07c1172245f7aa8ac5a95ee9019efb2ff7db4adacf41703;0xecea0291;0x489c254bL;0.500000;1503096240;1503096240
0;64;8048;0x828adc176ee35d454de25538b10ecbc976deefb553d59a759b929c4776de24f8;0x2990f7a1f85349e24ca171bfe73878908f06791b2d03ad87c83031efccf26d3a;0x2b203ba5;0x489c254bL;0.500000;1503096240;1503096240
0;64;8048;0x828adc176ee35d454de25538b10ecbc976deefb553d59a759b929c4776de24f8;0x2990f7a1f85349e24ca171bfe73878908f06791b2d03ad87c83031efccf26d3a;0x2b203ba5;0x489c254bL;0.500000;1503096240;1503096240
0;64;8048;0x828adc176ee35d454de25538b10ecbc976deefb553d59a759b929c4776de24f8;0x2990f7a1f85349e24ca171bfe73878908f06791b2d03ad87c83031efccf26d3a;0x2b203ba5;0x489c254bL;0.500000;1503096240;1503096240
0;64;8048;0x828adc176ee35d454de25538b10ecbc976deefb553d59a759b929c4776de24f8;0x2990f7a1f85349e24ca171bfe73878908f06791b2d03ad87c83031efccf26d3a;0x2b203ba5;0x489c254bL;0.500000;1503096240;1503096240
0;64;8048;0x828adc176ee35d454de25538b10ecbc976deefb553d59a759b929c4776de24f8;0x2990f7a1f85349e24ca171bfe73878908f06791b2d03ad87c83031efccf26d3a;0x2b203ba5;0x489c254bL;0.500000;1503096240;1503096241
0;64;8048;0xab5aadff4a979d044110b788daa2e78da26a57610e1fcee7b5d872733cfe2ae7;0x6759d16dcc427f6907e683e2094f6fc9a3c5e9202d37a78e6a1e317d49df4330;0x39f9236d;0x489c254bL;0.500000;1503096241;1503096241
0;64;8048;0xab5aadff4a979d044110b788daa2e78da26a57610e1fcee7b5d872733cfe2ae7;0x6759d16dcc427f6907e683e2094f6fc9a3c5e9202d37a78e6a1e317d49df4330;0x39f9236d;0x489c254bL;0.500000;1503096241;1503096241
0;64;8048;0xab5aadff4a979d044110b788daa2e78da26a57610e1fcee7b5d872733cfe2ae7;0x6759d16dcc427f6907e683e2094f6fc9a3c5e9202d37a78e6a1e317d49df4330;0x39f9236d;0x489c254bL;0.500000;1503096241;1503096241
