0;64;8048;0xdebad6f60a2630f4931fd06e0d89781d65d576cb1f0b59f1ad019a8304aa70e2;0xd130667adf7a6e88db40cdeafb0fcc506d156d5b7cef425cc7367e123c907cc0;0xb9b1595e;0x489c254bL;0.500000;1503115949;1503115949
0;64;8048;0xdebad6f60a2630f4931fd06e0d89781d65d576cb1f0b59f1ad019a8304aa70e2;0xd130667adf7a6e88db40cdeafb0fcc506d156d5b7cef425cc7367e123c907cc0;0xb9b1595e;0x489c254bL;0.500000;1503115949;1503115949
0;64;8048;0xdebad6f60a2630f4931fd06e0d89781d65d576cb1f0b59f1ad019a8304aa70e2;0xd130667adf7a6e88db40cdeafb0fcc506d156d5b7cef425cc7367e123c907cc0;0xb9b1595e;0x489c254bL;0.500000;1503115949;1503115949
0;64;8048;0xdebad6f60a2630f4931fd06e0d89781d65d576cb1f0b59f1ad019a8304aa70e2;0xd130667adf7a6e88db40cdeafb0fcc506d156d5b7cef425cc7367e123c907cc0;0xb9b1595e;0x489c254bL;0.500000;1503115949;1503115949
0;64;8048;0x20241c047b7f4b6c4d68f224487491b4e4827710ac74221c975fc3fc16bf2c36;0x9694566d5601a2ee7e8dc7046a702efc91dc24228701428f4e8a6e0315413504;0x06d508fb;0x489c254bL;0.500000;1503115950;1503115950
0;64;8048;0x20241c047b7f4b6c4d68f224487491b4e4827710ac74221c975fc3fc16bf2c36;0x9694566d5601a2ee7e8dc7046a702efc91dc24228701428f4e8a6e0315413504;0x06d508fb;0x489c254bL;0.500000;1503115950;1503115950
0;64;8048;0x20241c047b7f4b6c4d68f224487491b4e4827710ac74221c975fc3fc16bf2c36;0x9694566d5601a2ee7e8dc7046a702efc91dc24228701428f4e8a6e0315413504;0x06d508fb;0x489c254bL;0.500000;1503115950;1503115950
0;64;8048;0x20241c047b7f4b6c4d68f224487491b4e4827710ac74221c975fc3fc16bf2c36;0x9694566d5601a2ee7e8dc7046a702efc91dc24228701428f4e8a6e0315413504;0x06d508fb;0x489c254bL;0.500000;1503115950;1503115950
0;64;8048;0x20241c047b7f4b6c4d68f224487491b4e4827710ac74221c975fc3fc16bf2c36;0x9694566d5601a2ee7e8dc7046a702efc91dc24228701428f4e8a6e0315413504;0x06d508fb;0x489c254bL;0.500000;1503115950;1503115950
0;64;8048;0x20241c047b7f4b6c4d68f224487491b4e4827710ac74221c975fc3fc16bf2c36;0x9694566d5601a2ee7e8dc7046a702efc91dc24228701428f4e8a6e0315413504;0x06d508fb;0x489c254bL;0.500000;1503115951;1503115951
0;64;8048;0xa62ba70a16e02bc5395eb163ae3ebb3b5f9bb6262432e19694f2218d64c0c50a;0x2f4da78a0a31e296cd716eaaca8bb5f5bc22625f4baa4135a7a9ddd4af581365;0x21c442ad;0x489c254bL;0.500000;1503115951;1503115951
0;64;8048;0xa62ba70a16e02bc5395eb163ae3ebb3b5f9bb6262432e19694f2218d64c0c50a;0x2f4da78a0a31e296cd716eaaca8bb5f5bc22625f4baa4135a7a9ddd4af581365;0x21c442ad;0x489c254bL;0.500000;1503115951;1503115951
0;64;8048;0xa62ba70a16e02bc5395eb163ae3ebb3b5f9bb6262432e19694f2218d64c0c50a;0x2f4da78a0a31e296cd716eaaca8bb5f5bc22625f4baa4135a7a9ddd4af581365;0x21c442ad;0x489c254bL;0.500000;1503115951;1503115951
0;64;8048;0xa62ba70a16e02bc5395eb163ae3ebb3b5f9bb6262432e19694f2218d64c0c50a;0x2f4da78a0a31e296cd716eaaca8bb5f5bc22625f4baa4135a7a9ddd4af581365;0x21c442ad;0x489c254bL;0.500000;1503115951;1503115951
0;64;8048;0xa62ba70a16e02bc5395eb163ae3ebb3b5f9bb6262432e19694f2218d64c0c50a;0x2f4da78a0a31e296cd716eaaca8bb5f5bc22625f4baa4135a7a9ddd4af581365;0x21c442ad;0x489c254bL;0.500000;1503115951;1503115952
0;64;8048;0x0e714f8d441fc65d801b722156caf3a94e6eb35dfe664d4c45a72decf3a2ac01;0x154e0513166a36c570df52029860335947ff5e658077c8ba47a8ec441f933690;0x08ad7e79;0x489c254bL;0.500000;1503115952;1503115952
0;64;8048;0x0e714f8d441fc65d801b722156caf3a94e6eb35dfe664d4c45a72decf3a2ac01;0x154e0513166a36c570df52029860335947ff5e658077c8ba47a8ec441f933690;0x08ad7e79;0x489c254bL;0.500000;1503115952;1503115952
0;64;8048;0x0e714f8d441fc65d801b722156caf3a94e6eb35dfe664d4c45a72decf3a2ac01;0x154e0513166a36c570df52029860335947ff5e658077c8ba47a8ec441f933690;0x08ad7e79;0x489c254bL;0.500000;1503115952;1503115952
0;64;8048;0x0e714f8d441fc65d801b722156caf3a94e6eb35dfe664d4c45a72decf3a2ac01;0x154e0513166a36c570df52029860335947ff5e658077c8ba47a8ec441f933690;0x08ad7e79;0x489c254bL;0.500000;1503115952;1503115952
0;64;8048;0x0e714f8d441fc65d801b722156caf3a94e6eb35dfe664d4c45a72decf3a2ac01;0x154e0513166a36c570df52029860335947ff5e658077c8ba47a8ec441f933690;0x08ad7e79;0x489c254bL;0.500000;1503115952;1503115953
