0;64;8048;0x00d07b043b15d0198133ae9e6e1478bf65651474cacd2f514b7d6937613e4a61;0xcae0bdec871221c654417070a2ab7aab4158f0436fa7f4db3e712e5f60a417cf;0xcb65af45;0x489c254bL;0.500000;1503143592;1503143592
0;64;8048;0x00d07b043b15d0198133ae9e6e1478bf65651474cacd2f514b7d6937613e4a61;0xcae0bdec871221c654417070a2ab7aab4158f0436fa7f4db3e712e5f60a417cf;0xcb65af45;0x489c254bL;0.500000;1503143592;1503143592
0;64;8048;0x00d07b043b15d0198133ae9e6e1478bf65651474cacd2f514b7d6937613e4a61;0xcae0bdec871221c654417070a2ab7aab4158f0436fa7f4db3e712e5f60a417cf;0xcb65af45;0x489c254bL;0.500000;1503143592;1503143592
0;64;8048;0x00d07b043b15d0198133ae9e6e1478bf65651474cacd2f514b7d6937613e4a61;0xcae0bdec871221c654417070a2ab7aab4158f0436fa7f4db3e712e5f60a417cf;0xcb65af45;0x489c254bL;0.500000;1503143592;1503143592
0;64;8048;0x00d07b043b15d0198133ae9e6e1478bf65651474cacd2f514b7d6937613e4a61;0xcae0bdec871221c654417070a2ab7aab4158f0436fa7f4db3e712e5f60a417cf;0xcb65af45;0x489c254bL;0.500000;1503143592;1503143593
0;64;8048;0x057c42aa9be4ae15715f463a4f556193e59a6e4c19c1563bd7e0cb757c26d181;0x966aad2428d463c4f9ec03437dee15e5660f9fb208c6e6b238e1a89fdebdc5c1;0x7249c2d6;0x489c254bL;0.500000;1503143593;1503143593
0;64;8048;0x057c42aa9be4ae15715f463a4f556193e59a6e4c19c1563bd7e0cb757c26d181;0x966aad2428d463c4f9ec03437dee15e5660f9fb208c6e6b238e1a89fdebdc5c1;0x7249c2d6;0x489c254bL;0.500000;1503143593;1503143593
0;64;8048;0x057c42aa9be4ae15715f463a4f556193e59a6e4c19c1563bd7e0cb757c26d181;0x966aad2428d463c4f9ec03437dee15e5660f9fb208c6e6b238e1a89fdebdc5c1;0x7249c2d6;0x489c254bL;0.500000;1503143593;1503143593
0;64;8048;0x057c42aa9be4ae15715f463a4f556193e59a6e4c19c1563bd7e0cb757c26d181;0x966aad2428d463c4f9ec03437dee15e5660f9fb208c6e6b238e1a89fdebdc5c1;0x7249c2d6;0x489c254bL;0.500000;1503143593;1503143593
0;64;8048;0x057c42aa9be4ae15715f463a4f556193e59a6e4c19c1563bd7e0cb757c26d181;0x966aad2428d463c4f9ec03437dee15e5660f9fb208c6e6b238e1a89fdebdc5c1;0x7249c2d6;0x489c254bL;0.500000;1503143593;1503143593
0;64;8048;0x057c42aa9be4ae15715f463a4f556193e59a6e4c19c1563bd7e0cb757c26d181;0x966aad2428d463c4f9ec03437dee15e5660f9fb208c6e6b238e1a89fdebdc5c1;0x7249c2d6;0x489c254bL;0.500000;1503143594;1503143594
0;64;8048;0x1f17b081c97c9491cccbe608f0ec6957c01f5904fb00c67681ed495aea58e60a;0xc23f22543954a2084f595656263ffb920877e05910a3ed6d695467be18dc4823;0x117b5da3;0x489c254bL;0.500000;1503143594;1503143594
0;64;8048;0x1f17b081c97c9491cccbe608f0ec6957c01f5904fb00c67681ed495aea58e60a;0xc23f22543954a2084f595656263ffb920877e05910a3ed6d695467be18dc4823;0x117b5da3;0x489c254bL;0.500000;1503143594;1503143594
0;64;8048;0x1f17b081c97c9491cccbe608f0ec6957c01f5904fb00c67681ed495aea58e60a;0xc23f22543954a2084f595656263ffb920877e05910a3ed6d695467be18dc4823;0x117b5da3;0x489c254bL;0.500000;1503143594;1503143594
0;64;8048;0x1f17b081c97c9491cccbe608f0ec6957c01f5904fb00c67681ed495aea58e60a;0xc23f22543954a2084f595656263ffb920877e05910a3ed6d695467be18dc4823;0x117b5da3;0x489c254bL;0.500000;1503143594;1503143594
0;64;8048;0x1f17b081c97c9491cccbe608f0ec6957c01f5904fb00c67681ed495aea58e60a;0xc23f22543954a2084f595656263ffb920877e05910a3ed6d695467be18dc4823;0x117b5da3;0x489c254bL;0.500000;1503143594;1503143595
0;64;8048;0x7117e4fadd9e51872eae052a3ebe54591227f276b8a2de18d2cd02bbb1011522;0x69b5e5bc6a62ad93d9edd6aa7a3f0151b2b92e75eaa5f1f50e9145c80a075d2b;0x401e7805;0x489c254bL;0.500000;1503143595;1503143595
0;64;8048;0x7117e4fadd9e51872eae052a3ebe54591227f276b8a2de18d2cd02bbb1011522;0x69b5e5bc6a62ad93d9edd6aa7a3f0151b2b92e75eaa5f1f50e9145c80a075d2b;0x401e7805;0x489c254bL;0.500000;1503143595;1503143595
0;64;8048;0x7117e4fadd9e51872eae052a3ebe54591227f276b8a2de18d2cd02bbb1011522;0x69b5e5bc6a62ad93d9edd6aa7a3f0151b2b92e75eaa5f1f50e9145c80a075d2b;0x401e7805;0x489c254bL;0.500000;1503143595;1503143595
0;64;8048;0x7117e4fadd9e51872eae052a3ebe54591227f276b8a2de18d2cd02bbb1011522;0x69b5e5bc6a62ad93d9edd6aa7a3f0151b2b92e75eaa5f1f50e9145c80a075d2b;0x401e7805;0x489c254bL;0.500000;1503143595;1503143595
