0;64;8048;0x6f4bdea6757e47d990f5357078e67aa15cee67cb8c6bb325e84189bcaee84f1e;0xe5647b80bca7ad6c885915e5f822862a4c49761012c667d24a688f84407971f2;0x2ce835ee;0x489c254bL;0.500000;1503137029;1503137029
0;64;8048;0x6f4bdea6757e47d990f5357078e67aa15cee67cb8c6bb325e84189bcaee84f1e;0xe5647b80bca7ad6c885915e5f822862a4c49761012c667d24a688f84407971f2;0x2ce835ee;0x489c254bL;0.500000;1503137029;1503137029
0;64;8048;0x6f4bdea6757e47d990f5357078e67aa15cee67cb8c6bb325e84189bcaee84f1e;0xe5647b80bca7ad6c885915e5f822862a4c49761012c667d24a688f84407971f2;0x2ce835ee;0x489c254bL;0.500000;1503137029;1503137029
0;64;8048;0x6f4bdea6757e47d990f5357078e67aa15cee67cb8c6bb325e84189bcaee84f1e;0xe5647b80bca7ad6c885915e5f822862a4c49761012c667d24a688f84407971f2;0x2ce835ee;0x489c254bL;0.500000;1503137029;1503137029
0;64;8048;0x6f4bdea6757e47d990f5357078e67aa15cee67cb8c6bb325e84189bcaee84f1e;0xe5647b80bca7ad6c885915e5f822862a4c49761012c667d24a688f84407971f2;0x2ce835ee;0x489c254bL;0.500000;1503137030;1503137030
0;64;8048;0xd45cb4268a39a65ec4e6a4a76388342b95eb02187196d8e4061550129c71e870;0x60d7d81f602077ee2325579f8cd204faff52ead5627e37596a6349473914bf36;0x8249dd2a;0x489c254bL;0.500000;1503137030;1503137030
0;64;8048;0xd45cb4268a39a65ec4e6a4a76388342b95eb02187196d8e4061550129c71e870;0x60d7d81f602077ee2325579f8cd204faff52ead5627e37596a6349473914bf36;0x8249dd2a;0x489c254bL;0.500000;1503137030;1503137030
0;64;8048;0xd45cb4268a39a65ec4e6a4a76388342b95eb02187196d8e4061550129c71e870;0x60d7d81f602077ee2325579f8cd204faff52ead5627e37596a6349473914bf36;0x8249dd2a;0x489c254bL;0.500000;1503137030;1503137030
0;64;8048;0xd45cb4268a39a65ec4e6a4a76388342b95eb02187196d8e4061550129c71e870;0x60d7d81f602077ee2325579f8cd204faff52ead5627e37596a6349473914bf36;0x8249dd2a;0x489c254bL;0.500000;1503137030;1503137031
0;64;8048;0xfb92188d4458d4fd293a5bd24885604aead2a9b35006e13e4bce580a39a34234;0x832090361e285d0b84cb94b4c65a29f2e72a7aabfebca2514b941ef63e7e7af7;0xdfa1ea3a;0x489c254bL;0.500000;1503137031;1503137031
0;64;8048;0xfb92188d4458d4fd293a5bd24885604aead2a9b35006e13e4bce580a39a34234;0x832090361e285d0b84cb94b4c65a29f2e72a7aabfebca2514b941ef63e7e7af7;0xdfa1ea3a;0x489c254bL;0.500000;1503137031;1503137031
0;64;8048;0xfb92188d4458d4fd293a5bd24885604aead2a9b35006e13e4bce580a39a34234;0x832090361e285d0b84cb94b4c65a29f2e72a7aabfebca2514b941ef63e7e7af7;0xdfa1ea3a;0x489c254bL;0.500000;1503137031;1503137031
0;64;8048;0xfb92188d4458d4fd293a5bd24885604aead2a9b35006e13e4bce580a39a34234;0x832090361e285d0b84cb94b4c65a29f2e72a7aabfebca2514b941ef63e7e7af7;0xdfa1ea3a;0x489c254bL;0.500000;1503137031;1503137031
0;64;8048;0xfb92188d4458d4fd293a5bd24885604aead2a9b35006e13e4bce580a39a34234;0x832090361e285d0b84cb94b4c65a29f2e72a7aabfebca2514b941ef63e7e7af7;0xdfa1ea3a;0x489c254bL;0.500000;1503137031;1503137032
0;64;8048;0xa5c9279b94ac591cc7e5cb0960cb2e01297ae833ddd6b554b0da85cd19f316be;0xd64291a6e8f69020dd6ca01de4f744cc528a92464b10c9d05f3df642263f0cc9;0xccc878d3;0x489c254bL;0.500000;1503137032;1503137032
0;64;8048;0xa5c9279b94ac591cc7e5cb0960cb2e01297ae833ddd6b554b0da85cd19f316be;0xd64291a6e8f69020dd6ca01de4f744cc528a92464b10c9d05f3df642263f0cc9;0xccc878d3;0x489c254bL;0.500000;1503137032;1503137032
0;64;8048;0xa5c9279b94ac591cc7e5cb0960cb2e01297ae833ddd6b554b0da85cd19f316be;0xd64291a6e8f69020dd6ca01de4f744cc528a92464b10c9d05f3df642263f0cc9;0xccc878d3;0x489c254bL;0.500000;1503137032;1503137032
0;64;8048;0xa5c9279b94ac591cc7e5cb0960cb2e01297ae833ddd6b554b0da85cd19f316be;0xd64291a6e8f69020dd6ca01de4f744cc528a92464b10c9d05f3df642263f0cc9;0xccc878d3;0x489c254bL;0.500000;1503137032;1503137032
0;64;8048;0xa5c9279b94ac591cc7e5cb0960cb2e01297ae833ddd6b554b0da85cd19f316be;0xd64291a6e8f69020dd6ca01de4f744cc528a92464b10c9d05f3df642263f0cc9;0xccc878d3;0x489c254bL;0.500000;1503137032;1503137032
0;64;8048;0xb2217d792b4c0f25298f4010a952afbee5b71103c145f31370f944364f1c5901;0xec29be2686e2074e49612f607adc1411c457d525b1cd86d86dd1e365592a3291;0x5dbd4fb5;0x489c254bL;0.500000;1503137033;1503137033
