0;64;8048;0x43a9a2ad707d97c96c2eb14efa32b149daaf5e4249e56ade59286e170d774051;0x2d215e3286f1e9f88b1ec87d6e0bb404535646beaca0f4130b2a22995a13a386;0x2a6aa42c;0x489c254bL;0.500000;1503108071;1503108072
0;64;8048;0xd4dfbe38183606d17867e75687fe0385e1ce0dfcfb84ad2f756c86ca9b53f06f;0x66d21cf9f45760e3069671005b5ed316332a5ad895d429a1113d92699d896411;0xa010bc83;0x489c254bL;0.500000;1503108072;1503108072
0;64;8048;0xd4dfbe38183606d17867e75687fe0385e1ce0dfcfb84ad2f756c86ca9b53f06f;0x66d21cf9f45760e3069671005b5ed316332a5ad895d429a1113d92699d896411;0xa010bc83;0x489c254bL;0.500000;1503108072;1503108072
0;64;8048;0xd4dfbe38183606d17867e75687fe0385e1ce0dfcfb84ad2f756c86ca9b53f06f;0x66d21cf9f45760e3069671005b5ed316332a5ad895d429a1113d92699d896411;0xa010bc83;0x489c254bL;0.500000;1503108072;1503108072
0;64;8048;0xd4dfbe38183606d17867e75687fe0385e1ce0dfcfb84ad2f756c86ca9b53f06f;0x66d21cf9f45760e3069671005b5ed316332a5ad895d429a1113d92699d896411;0xa010bc83;0x489c254bL;0.500000;1503108072;1503108072
0;64;8048;0xd4dfbe38183606d17867e75687fe0385e1ce0dfcfb84ad2f756c86ca9b53f06f;0x66d21cf9f45760e3069671005b5ed316332a5ad895d429a1113d92699d896411;0xa010bc83;0x489c254bL;0.500000;1503108072;1503108073
0;64;8048;0x8dee843a78f68726c1c92c971ee676ffdcc53558e256e4191b7bb6b612b9dfa0;0x6d512d55d8676e7d3b8e2bda567c54d8f0bd186b9d3cd498d5d37a2045a71954;0x19e0912e;0x489c254bL;0.500000;1503108073;1503108073
0;64;8048;0x8dee843a78f68726c1c92c971ee676ffdcc53558e256e4191b7bb6b612b9dfa0;0x6d512d55d8676e7d3b8e2bda567c54d8f0bd186b9d3cd498d5d37a2045a71954;0x19e0912e;0x489c254bL;0.500000;1503108073;1503108073
0;64;8048;0x8dee843a78f68726c1c92c971ee676ffdcc53558e256e4191b7bb6b612b9dfa0;0x6d512d55d8676e7d3b8e2bda567c54d8f0bd186b9d3cd498d5d37a2045a71954;0x19e0912e;0x489c254bL;0.500000;1503108073;1503108073
0;64;8048;0x8dee843a78f68726c1c92c971ee676ffdcc53558e256e4191b7bb6b612b9dfa0;0x6d512d55d8676e7d3b8e2bda567c54d8f0bd186b9d3cd498d5d37a2045a71954;0x19e0912e;0x489c254bL;0.500000;1503108073;1503108073
0;64;8048;0x8dee843a78f68726c1c92c971ee676ffdcc53558e256e4191b7bb6b612b9dfa0;0x6d512d55d8676e7d3b8e2bda567c54d8f0bd186b9d3cd498d5d37a2045a71954;0x19e0912e;0x489c254bL;0.500000;1503108073;1503108073
0;64;8048;0x8dee843a78f68726c1c92c971ee676ffdcc53558e256e4191b7bb6b612b9dfa0;0x6d512d55d8676e7d3b8e2bda567c54d8f0bd186b9d3cd498d5d37a2045a71954;0x19e0912e;0x489c254bL;0.500000;1503108073;1503108074
0;64;8048;0x0b8143600283a01da0e505564f45e479ba23f50e1be35a0233096b0bba6964c5;0x36b79a712ea6729ac0ce8cffdd991fdb6b33174b4955b4907d28d9e04b741465;0x48623027;0x489c254bL;0.500000;1503108074;1503108074
0;64;8048;0x0b8143600283a01da0e505564f45e479ba23f50e1be35a0233096b0bba6964c5;0x36b79a712ea6729ac0ce8cffdd991fdb6b33174b4955b4907d28d9e04b741465;0x48623027;0x489c254bL;0.500000;1503108074;1503108074
0;64;8048;0x0b8143600283a01da0e505564f45e479ba23f50e1be35a0233096b0bba6964c5;0x36b79a712ea6729ac0ce8cffdd991fdb6b33174b4955b4907d28d9e04b741465;0x48623027;0x489c254bL;0.500000;1503108074;1503108074
0;64;8048;0x0b8143600283a01da0e505564f45e479ba23f50e1be35a0233096b0bba6964c5;0x36b79a712ea6729ac0ce8cffdd991fdb6b33174b4955b4907d28d9e04b741465;0x48623027;0x489c254bL;0.500000;1503108074;1503108074
0;64;8048;0x0b8143600283a01da0e505564f45e479ba23f50e1be35a0233096b0bba6964c5;0x36b79a712ea6729ac0ce8cffdd991fdb6b33174b4955b4907d28d9e04b741465;0x48623027;0x489c254bL;0.500000;1503108074;1503108075
0;64;8048;0x1e2670ccdd899d06316659459daefc2512087a47c9883f6b8efe93418d2556ab;0xd00508423a52c3efd11adfb558323493642b752a73af685aae44bd2f37e522ef;0x7e45f81e;0x489c254bL;0.500000;1503108075;1503108075
0;64;8048;0x1e2670ccdd899d06316659459daefc2512087a47c9883f6b8efe93418d2556ab;0xd00508423a52c3efd11adfb558323493642b752a73af685aae44bd2f37e522ef;0x7e45f81e;0x489c254bL;0.500000;1503108075;1503108075
0;64;8048;0x1e2670ccdd899d06316659459daefc2512087a47c9883f6b8efe93418d2556ab;0xd00508423a52c3efd11adfb558323493642b752a73af685aae44bd2f37e522ef;0x7e45f81e;0x489c254bL;0.500000;1503108075;1503108075
