0;64;8048;0x296099da5c431610bbf03f3924d92e121351647d5451350cd603d42b81255baa;0x4083300f50dfb257f07a96c559b96147e1edb74062486675512d6ee4ed9a9ed6;0xbdad686d;0x489c254bL;0.500000;1503073828;1503073828
0;64;8048;0x296099da5c431610bbf03f3924d92e121351647d5451350cd603d42b81255baa;0x4083300f50dfb257f07a96c559b96147e1edb74062486675512d6ee4ed9a9ed6;0xbdad686d;0x489c254bL;0.500000;1503073828;1503073828
0;64;8048;0x296099da5c431610bbf03f3924d92e121351647d5451350cd603d42b81255baa;0x4083300f50dfb257f07a96c559b96147e1edb74062486675512d6ee4ed9a9ed6;0xbdad686d;0x489c254bL;0.500000;1503073828;1503073828
0;64;8048;0x296099da5c431610bbf03f3924d92e121351647d5451350cd603d42b81255baa;0x4083300f50dfb257f07a96c559b96147e1edb74062486675512d6ee4ed9a9ed6;0xbdad686d;0x489c254bL;0.500000;1503073828;1503073829
0;64;8048;0x2195738ac8083c67e8a28482d3a2f18f4a5cf09dcd3a22f0f3749c627d3a0f9e;0x1deff3c03a599f53a4ce2c0c732f4f54238750a3bfcaa1d9ae5dbdd22472ca73;0x7219e415;0x489c254bL;0.500000;1503073829;1503073829
0;64;8048;0x2195738ac8083c67e8a28482d3a2f18f4a5cf09dcd3a22f0f3749c627d3a0f9e;0x1deff3c03a599f53a4ce2c0c732f4f54238750a3bfcaa1d9ae5dbdd22472ca73;0x7219e415;0x489c254bL;0.500000;1503073829;1503073829
0;64;8048;0x2195738ac8083c67e8a28482d3a2f18f4a5cf09dcd3a22f0f3749c627d3a0f9e;0x1deff3c03a599f53a4ce2c0c732f4f54238750a3bfcaa1d9ae5dbdd22472ca73;0x7219e415;0x489c254bL;0.500000;1503073829;1503073829
0;64;8048;0x2195738ac8083c67e8a28482d3a2f18f4a5cf09dcd3a22f0f3749c627d3a0f9e;0x1deff3c03a599f53a4ce2c0c732f4f54238750a3bfcaa1d9ae5dbdd22472ca73;0x7219e415;0x489c254bL;0.500000;1503073829;1503073829
0;64;8048;0x2195738ac8083c67e8a28482d3a2f18f4a5cf09dcd3a22f0f3749c627d3a0f9e;0x1deff3c03a599f53a4ce2c0c732f4f54238750a3bfcaa1d9ae5dbdd22472ca73;0x7219e415;0x489c254bL;0.500000;1503073829;1503073829
0;64;8048;0x2195738ac8083c67e8a28482d3a2f18f4a5cf09dcd3a22f0f3749c627d3a0f9e;0x1deff3c03a599f53a4ce2c0c732f4f54238750a3bfcaa1d9ae5dbdd22472ca73;0x7219e415;0x489c254bL;0.500000;1503073830;1503073830
0;64;8048;0x775063eb36d0eff5199a6e031ab37497a23d67c601bf0ed81dfc2eb3d073a147;0x9f2fe8291cb02341b7ad7805a3c56f28297399b9276d4f51fd86e00b2b67cc39;0xce23a165;0x489c254bL;0.500000;1503073830;1503073830
0;64;8048;0x775063eb36d0eff5199a6e031ab37497a23d67c601bf0ed81dfc2eb3d073a147;0x9f2fe8291cb02341b7ad7805a3c56f28297399b9276d4f51fd86e00b2b67cc39;0xce23a165;0x489c254bL;0.500000;1503073830;1503073830
0;64;8048;0x775063eb36d0eff5199a6e031ab37497a23d67c601bf0ed81dfc2eb3d073a147;0x9f2fe8291cb02341b7ad7805a3c56f28297399b9276d4f51fd86e00b2b67cc39;0xce23a165;0x489c254bL;0.500000;1503073830;1503073830
0;64;8048;0x775063eb36d0eff5199a6e031ab37497a23d67c601bf0ed81dfc2eb3d073a147;0x9f2fe8291cb02341b7ad7805a3c56f28297399b9276d4f51fd86e00b2b67cc39;0xce23a165;0x489c254bL;0.500000;1503073830;1503073830
0;64;8048;0x775063eb36d0eff5199a6e031ab37497a23d67c601bf0ed81dfc2eb3d073a147;0x9f2fe8291cb02341b7ad7805a3c56f28297399b9276d4f51fd86e00b2b67cc39;0xce23a165;0x489c254bL;0.500000;1503073831;1503073831
0;64;8048;0xe4861631503943cc82d5f989b3a8223f2516ffdd65d1e9e628d711b1bdb0cca1;0x20acf25dfdc2d3597eb0dbd34c50b140da3f035d7b72523537464e0f06032fe0;0xcb51c28f;0x489c254bL;0.500000;1503073831;1503073831
0;64;8048;0xe4861631503943cc82d5f989b3a8223f2516ffdd65d1e9e628d711b1bdb0cca1;0x20acf25dfdc2d3597eb0dbd34c50b140da3f035d7b72523537464e0f06032fe0;0xcb51c28f;0x489c254bL;0.500000;1503073831;1503073831
0;64;8048;0xe4861631503943cc82d5f989b3a8223f2516ffdd65d1e9e628d711b1bdb0cca1;0x20acf25dfdc2d3597eb0dbd34c50b140da3f035d7b72523537464e0f06032fe0;0xcb51c28f;0x489c254bL;0.500000;1503073831;1503073831
0;64;8048;0xe4861631503943cc82d5f989b3a8223f2516ffdd65d1e9e628d711b1bdb0cca1;0x20acf25dfdc2d3597eb0dbd34c50b140da3f035d7b72523537464e0f06032fe0;0xcb51c28f;0x489c254bL;0.500000;1503073831;1503073831
0;64;8048;0xe4861631503943cc82d5f989b3a8223f2516ffdd65d1e9e628d711b1bdb0cca1;0x20acf25dfdc2d3597eb0dbd34c50b140da3f035d7b72523537464e0f06032fe0;0xcb51c28f;0x489c254bL;0.500000;1503073831;1503073832
