0;64;8048;0xe88cfc7cb084ebec56c4a5b2600d695e7298d56281ca7ad76b7f76287c290064;0xe9ca98885658e2b40fec33c6e91c55a2e687d0c5d69d56270d46c20382ccb3df;0xe1eae2c8;0x489c254bL;0.500000;1503089662;1503089662
0;64;8048;0xe88cfc7cb084ebec56c4a5b2600d695e7298d56281ca7ad76b7f76287c290064;0xe9ca98885658e2b40fec33c6e91c55a2e687d0c5d69d56270d46c20382ccb3df;0xe1eae2c8;0x489c254bL;0.500000;1503089662;1503089662
0;64;8048;0xe88cfc7cb084ebec56c4a5b2600d695e7298d56281ca7ad76b7f76287c290064;0xe9ca98885658e2b40fec33c6e91c55a2e687d0c5d69d56270d46c20382ccb3df;0xe1eae2c8;0x489c254bL;0.500000;1503089662;1503089663
0;64;8048;0x0e8c4ed568fd209702bee79742b12b1cc5855ae98b28a0cfae77dd49e5e69af3;0x3d3a12fb46916a2915381e600c842bc1c6dd85805dcc37268a345a8443eed11b;0xb126cd7c;0x489c254bL;0.500000;1503089663;1503089663
0;64;8048;0x0e8c4ed568fd209702bee79742b12b1cc5855ae98b28a0cfae77dd49e5e69af3;0x3d3a12fb46916a2915381e600c842bc1c6dd85805dcc37268a345a8443eed11b;0xb126cd7c;0x489c254bL;0.500000;1503089663;1503089663
0;64;8048;0x0e8c4ed568fd209702bee79742b12b1cc5855ae98b28a0cfae77dd49e5e69af3;0x3d3a12fb46916a2915381e600c842bc1c6dd85805dcc37268a345a8443eed11b;0xb126cd7c;0x489c254bL;0.500000;1503089663;1503089663
0;64;8048;0x0e8c4ed568fd209702bee79742b12b1cc5855ae98b28a0cfae77dd49e5e69af3;0x3d3a12fb46916a2915381e600c842bc1c6dd85805dcc37268a345a8443eed11b;0xb126cd7c;0x489c254bL;0.500000;1503089663;1503089663
0;64;8048;0x0e8c4ed568fd209702bee79742b12b1cc5855ae98b28a0cfae77dd49e5e69af3;0x3d3a12fb46916a2915381e600c842bc1c6dd85805dcc37268a345a8443eed11b;0xb126cd7c;0x489c254bL;0.500000;1503089664;1503089664
0;64;8048;0xe19a8580ce5d003c360a03877deee58cae6b8f2754dd1162992ff7e3fe334cdf;0x9b25e9d9aa80675425820caa715af186714ee6de54e73855253d05255046525c;0xecc020e8;0x489c254bL;0.500000;1503089664;1503089664
0;64;8048;0xe19a8580ce5d003c360a03877deee58cae6b8f2754dd1162992ff7e3fe334cdf;0x9b25e9d9aa80675425820caa715af186714ee6de54e73855253d05255046525c;0xecc020e8;0x489c254bL;0.500000;1503089664;1503089664
0;64;8048;0xe19a8580ce5d003c360a03877deee58cae6b8f2754dd1162992ff7e3fe334cdf;0x9b25e9d9aa80675425820caa715af186714ee6de54e73855253d05255046525c;0xecc020e8;0x489c254bL;0.500000;1503089664;1503089664
0;64;8048;0xe19a8580ce5d003c360a03877deee58cae6b8f2754dd1162992ff7e3fe334cdf;0x9b25e9d9aa80675425820caa715af186714ee6de54e73855253d05255046525c;0xecc020e8;0x489c254bL;0.500000;1503089664;1503089665
0;64;8048;0x7a854faf0691fc96f27f28346ccaf19b1efc32ef25c708219242c2dd1133958b;0xbdcceb3ef141e3d3c6247cc7399975bba5213ce7297b87349da7636f125cb77d;0x218c8147;0x489c254bL;0.500000;1503089665;1503089665
0;64;8048;0x7a854faf0691fc96f27f28346ccaf19b1efc32ef25c708219242c2dd1133958b;0xbdcceb3ef141e3d3c6247cc7399975bba5213ce7297b87349da7636f125cb77d;0x218c8147;0x489c254bL;0.500000;1503089665;1503089665
0;64;8048;0x7a854faf0691fc96f27f28346ccaf19b1efc32ef25c708219242c2dd1133958b;0xbdcceb3ef141e3d3c6247cc7399975bba5213ce7297b87349da7636f125cb77d;0x218c8147;0x489c254bL;0.500000;1503089665;1503089665
0;64;8048;0x7a854faf0691fc96f27f28346ccaf19b1efc32ef25c708219242c2dd1133958b;0xbdcceb3ef141e3d3c6247cc7399975bba5213ce7297b87349da7636f125cb77d;0x218c8147;0x489c254bL;0.500000;1503089665;1503089666
0;64;8048;0x9bc111be0de7b41ea653c7b881bbfed5dac85d437c41798daa1d0cc317ae8db3;0x10ab49ed288b3b274256dc0271e7f89d80a3e8cb25c8a02c8bfc6049668fe133;0x1b7daef1;0x489c254bL;0.500000;1503089666;1503089666
0;64;8048;0x9bc111be0de7b41ea653c7b881bbfed5dac85d437c41798daa1d0cc317ae8db3;0x10ab49ed288b3b274256dc0271e7f89d80a3e8cb25c8a02c8bfc6049668fe133;0x1b7daef1;0x489c254bL;0.500000;1503089666;1503089666
0;64;8048;0x9bc111be0de7b41ea653c7b881bbfed5dac85d437c41798daa1d0cc317ae8db3;0x10ab49ed288b3b274256dc0271e7f89d80a3e8cb25c8a02c8bfc6049668fe133;0x1b7daef1;0x489c254bL;0.500000;1503089666;1503089666
0;64;8048;0x9bc111be0de7b41ea653c7b881bbfed5dac85d437c41798daa1d0cc317ae8db3;0x10ab49ed288b3b274256dc0271e7f89d80a3e8cb25c8a02c8bfc6049668fe133;0x1b7daef1;0x489c254bL;0.500000;1503089666;1503089667
