0;64;8048;0xd11ee649d5204772c2a75f029600fca9069463620503616312c1fd7c17dcd5e8;0x3766775ff96c4485c4364beb7f8373bc6375891f0f65753c9159506fd8e204e1;0x937ebd19;0x489c254bL;0.500000;1503075968;1503075968
0;64;8048;0xd11ee649d5204772c2a75f029600fca9069463620503616312c1fd7c17dcd5e8;0x3766775ff96c4485c4364beb7f8373bc6375891f0f65753c9159506fd8e204e1;0x937ebd19;0x489c254bL;0.500000;1503075968;1503075968
0;64;8048;0xd11ee649d5204772c2a75f029600fca9069463620503616312c1fd7c17dcd5e8;0x3766775ff96c4485c4364beb7f8373bc6375891f0f65753c9159506fd8e204e1;0x937ebd19;0x489c254bL;0.500000;1503075968;1503075969
0;64;8048;0xb356c3f9d27c2ee19cda6152a31c3015c216afbf5075c7c133eda1d7347c55e7;0x28ca345a90d0afab7882f74c70de48d9560b7c14a51bf7de93d5489ec46e43dd;0x6344cec7;0x489c254bL;0.500000;1503075969;1503075969
0;64;8048;0xb356c3f9d27c2ee19cda6152a31c3015c216afbf5075c7c133eda1d7347c55e7;0x28ca345a90d0afab7882f74c70de48d9560b7c14a51bf7de93d5489ec46e43dd;0x6344cec7;0x489c254bL;0.500000;1503075969;1503075969
0;64;8048;0xb356c3f9d27c2ee19cda6152a31c3015c216afbf5075c7c133eda1d7347c55e7;0x28ca345a90d0afab7882f74c70de48d9560b7c14a51bf7de93d5489ec46e43dd;0x6344cec7;0x489c254bL;0.500000;1503075969;1503075969
0;64;8048;0xb356c3f9d27c2ee19cda6152a31c3015c216afbf5075c7c133eda1d7347c55e7;0x28ca345a90d0afab7882f74c70de48d9560b7c14a51bf7de93d5489ec46e43dd;0x6344cec7;0x489c254bL;0.500000;1503075969;1503075969
0;64;8048;0xb356c3f9d27c2ee19cda6152a31c3015c216afbf5075c7c133eda1d7347c55e7;0x28ca345a90d0afab7882f74c70de48d9560b7c14a51bf7de93d5489ec46e43dd;0x6344cec7;0x489c254bL;0.500000;1503075970;1503075970
0;64;8048;0xb82563b922d912038ca2187e1869bbbe0fac967cfe95740840c7ae3407b35abf;0xabc961c5c8a575dca5771ca6360f7b1eb01e02bd74eb26a7bd71eeb7020f8a59;0x307ccdaa;0x489c254bL;0.500000;1503075970;1503075970
0;64;8048;0xb82563b922d912038ca2187e1869bbbe0fac967cfe95740840c7ae3407b35abf;0xabc961c5c8a575dca5771ca6360f7b1eb01e02bd74eb26a7bd71eeb7020f8a59;0x307ccdaa;0x489c254bL;0.500000;1503075970;1503075970
0;64;8048;0xb82563b922d912038ca2187e1869bbbe0fac967cfe95740840c7ae3407b35abf;0xabc961c5c8a575dca5771ca6360f7b1eb01e02bd74eb26a7bd71eeb7020f8a59;0x307ccdaa;0x489c254bL;0.500000;1503075970;1503075970
0;64;8048;0xb82563b922d912038ca2187e1869bbbe0fac967cfe95740840c7ae3407b35abf;0xabc961c5c8a575dca5771ca6360f7b1eb01e02bd74eb26a7bd71eeb7020f8a59;0x307ccdaa;0x489c254bL;0.500000;1503075970;1503075971
0;64;8048;0x4bdd5a54d2619d564be62ebb1c7ef645c97ae4a5727316aee570df1cd9e5d424;0x7a8d09a223fede6f72040a0df2f3949bbd13d9948d51b1e70cbc6c48c085acb6;0x7a5cb95d;0x489c254bL;0.500000;1503075971;1503075971
0;64;8048;0x4bdd5a54d2619d564be62ebb1c7ef645c97ae4a5727316aee570df1cd9e5d424;0x7a8d09a223fede6f72040a0df2f3949bbd13d9948d51b1e70cbc6c48c085acb6;0x7a5cb95d;0x489c254bL;0.500000;1503075971;1503075971
0;64;8048;0x4bdd5a54d2619d564be62ebb1c7ef645c97ae4a5727316aee570df1cd9e5d424;0x7a8d09a223fede6f72040a0df2f3949bbd13d9948d51b1e70cbc6c48c085acb6;0x7a5cb95d;0x489c254bL;0.500000;1503075971;1503075971
0;64;8048;0x4bdd5a54d2619d564be62ebb1c7ef645c97ae4a5727316aee570df1cd9e5d424;0x7a8d09a223fede6f72040a0df2f3949bbd13d9948d51b1e70cbc6c48c085acb6;0x7a5cb95d;0x489c254bL;0.500000;1503075971;1503075971
0;64;8048;0x4bdd5a54d2619d564be62ebb1c7ef645c97ae4a5727316aee570df1cd9e5d424;0x7a8d09a223fede6f72040a0df2f3949bbd13d9948d51b1e70cbc6c48c085acb6;0x7a5cb95d;0x489c254bL;0.500000;1503075971;1503075972
0;64;8048;0x7261c314aacd52892e332e20ab448430adae64d484dcfa9cc06c57fd541084c6;0x60eeab91244f8a2b0a418b77ee34d966bfcfe9758ba970b58f37b93235b363b8;0x23b3800e;0x489c254bL;0.500000;1503075972;1503075972
0;64;8048;0x7261c314aacd52892e332e20ab448430adae64d484dcfa9cc06c57fd541084c6;0x60eeab91244f8a2b0a418b77ee34d966bfcfe9758ba970b58f37b93235b363b8;0x23b3800e;0x489c254bL;0.500000;1503075972;1503075972
0;64;8048;0x7261c314aacd52892e332e20ab448430adae64d484dcfa9cc06c57fd541084c6;0x60eeab91244f8a2b0a418b77ee34d966bfcfe9758ba970b58f37b93235b363b8;0x23b3800e;0x489c254bL;0.500000;1503075972;1503075972
