0;64;8048;0xe8d7ef94dcaa9bb8fdd7c3688bc18b18529ff21542fff3c0517a69f74132212a;0xaa74d173440a8aa339e416e502194f67fa0fff8c23da9bb42d324d28d1c0460d;0x010dc9c5;0x489c254bL;0.500000;1503086572;1503086573
0;64;8048;0x304656ef9ee7792aaea4547d5d64695d3cbaad076ecbaa117eaf6d3231eb7361;0x76191f3a571a6a4ff10403f428dcb0e1f65b6bb5fb23922efc0e40cb1f047b18;0xe8682956;0x489c254bL;0.500000;1503086573;1503086573
0;64;8048;0x304656ef9ee7792aaea4547d5d64695d3cbaad076ecbaa117eaf6d3231eb7361;0x76191f3a571a6a4ff10403f428dcb0e1f65b6bb5fb23922efc0e40cb1f047b18;0xe8682956;0x489c254bL;0.500000;1503086573;1503086573
0;64;8048;0x304656ef9ee7792aaea4547d5d64695d3cbaad076ecbaa117eaf6d3231eb7361;0x76191f3a571a6a4ff10403f428dcb0e1f65b6bb5fb23922efc0e40cb1f047b18;0xe8682956;0x489c254bL;0.500000;1503086573;1503086573
0;64;8048;0x304656ef9ee7792aaea4547d5d64695d3cbaad076ecbaa117eaf6d3231eb7361;0x76191f3a571a6a4ff10403f428dcb0e1f65b6bb5fb23922efc0e40cb1f047b18;0xe8682956;0x489c254bL;0.500000;1503086573;1503086573
0;64;8048;0x304656ef9ee7792aaea4547d5d64695d3cbaad076ecbaa117eaf6d3231eb7361;0x76191f3a571a6a4ff10403f428dcb0e1f65b6bb5fb23922efc0e40cb1f047b18;0xe8682956;0x489c254bL;0.500000;1503086573;1503086574
0;64;8048;0x1164a6af6301bb366b3ce258d45ee62b3b9673c606d68dafa3f774c15932156b;0xd322dd7ffc9f01de7d74400e5c922810f5faf585fd95d49b96bfcbda6cf2c867;0x01266d4c;0x489c254bL;0.500000;1503086574;1503086574
0;64;8048;0x1164a6af6301bb366b3ce258d45ee62b3b9673c606d68dafa3f774c15932156b;0xd322dd7ffc9f01de7d74400e5c922810f5faf585fd95d49b96bfcbda6cf2c867;0x01266d4c;0x489c254bL;0.500000;1503086574;1503086574
0;64;8048;0x1164a6af6301bb366b3ce258d45ee62b3b9673c606d68dafa3f774c15932156b;0xd322dd7ffc9f01de7d74400e5c922810f5faf585fd95d49b96bfcbda6cf2c867;0x01266d4c;0x489c254bL;0.500000;1503086574;1503086574
0;64;8048;0x1164a6af6301bb366b3ce258d45ee62b3b9673c606d68dafa3f774c15932156b;0xd322dd7ffc9f01de7d74400e5c922810f5faf585fd95d49b96bfcbda6cf2c867;0x01266d4c;0x489c254bL;0.500000;1503086574;1503086575
0;64;8048;0x5f2d86a5524f00fef79b76280e27dfdf5490491a01a9a89c85d6e494f6319155;0xb9b573315ab1f887830f4ba6c8bbf68a3827bed06ee872728619f1a3f01e6ac0;0x6a19ffdb;0x489c254bL;0.500000;1503086575;1503086575
0;64;8048;0x5f2d86a5524f00fef79b76280e27dfdf5490491a01a9a89c85d6e494f6319155;0xb9b573315ab1f887830f4ba6c8bbf68a3827bed06ee872728619f1a3f01e6ac0;0x6a19ffdb;0x489c254bL;0.500000;1503086575;1503086575
0;64;8048;0x5f2d86a5524f00fef79b76280e27dfdf5490491a01a9a89c85d6e494f6319155;0xb9b573315ab1f887830f4ba6c8bbf68a3827bed06ee872728619f1a3f01e6ac0;0x6a19ffdb;0x489c254bL;0.500000;1503086575;1503086575
0;64;8048;0x5f2d86a5524f00fef79b76280e27dfdf5490491a01a9a89c85d6e494f6319155;0xb9b573315ab1f887830f4ba6c8bbf68a3827bed06ee872728619f1a3f01e6ac0;0x6a19ffdb;0x489c254bL;0.500000;1503086575;1503086575
0;64;8048;0x5f2d86a5524f00fef79b76280e27dfdf5490491a01a9a89c85d6e494f6319155;0xb9b573315ab1f887830f4ba6c8bbf68a3827bed06ee872728619f1a3f01e6ac0;0x6a19ffdb;0x489c254bL;0.500000;1503086575;1503086576
0;64;8048;0xa703f46d4f1a6a5af86ee7f4b3ff8aa0b87c380cb5d8b2cbe3eb1162885d0a2f;0xa58b10f5287750f616d89ab91c9f13079e10c40d3b22cc5d82dee0f387096fe3;0xa40c0c41;0x489c254bL;0.500000;1503086576;1503086576
0;64;8048;0xa703f46d4f1a6a5af86ee7f4b3ff8aa0b87c380cb5d8b2cbe3eb1162885d0a2f;0xa58b10f5287750f616d89ab91c9f13079e10c40d3b22cc5d82dee0f387096fe3;0xa40c0c41;0x489c254bL;0.500000;1503086576;1503086576
0;64;8048;0xa703f46d4f1a6a5af86ee7f4b3ff8aa0b87c380cb5d8b2cbe3eb1162885d0a2f;0xa58b10f5287750f616d89ab91c9f13079e10c40d3b22cc5d82dee0f387096fe3;0xa40c0c41;0x489c254bL;0.500000;1503086576;1503086576
0;64;8048;0xa703f46d4f1a6a5af86ee7f4b3ff8aa0b87c380cb5d8b2cbe3eb1162885d0a2f;0xa58b10f5287750f616d89ab91c9f13079e10c40d3b22cc5d82dee0f387096fe3;0xa40c0c41;0x489c254bL;0.500000;1503086576;1503086576
0;64;8048;0xa703f46d4f1a6a5af86ee7f4b3ff8aa0b87c380cb5d8b2cbe3eb1162885d0a2f;0xa58b10f5287750f616d89ab91c9f13079e10c40d3b22cc5d82dee0f387096fe3;0xa40c0c41;0x489c254bL;0.500000;1503086576;1503086577
