0;64;8048;0x73f16fe0d28a93f5190e50b7c46567b1bf0a5948434250d4d0080a47dd738251;0x8f450ed2aa13483df87c523537df29260dabbf1c976b764b4b90edf3fb037b43;0xcb31b753;0x489c254bL;0.500000;1503115321;1503115321
0;64;8048;0x73f16fe0d28a93f5190e50b7c46567b1bf0a5948434250d4d0080a47dd738251;0x8f450ed2aa13483df87c523537df29260dabbf1c976b764b4b90edf3fb037b43;0xcb31b753;0x489c254bL;0.500000;1503115321;1503115322
0;64;8048;0xcfd076e7cc20cf0cc0284dfeb37e0a5c79b3303c99f421076636eff433e7c402;0x663caeed76f810d5ec92e199ee5dc29e93291e1eedad47fb2f2624c8addee59e;0xcaaa0a22;0x489c254bL;0.500000;1503115322;1503115322
0;64;8048;0xcfd076e7cc20cf0cc0284dfeb37e0a5c79b3303c99f421076636eff433e7c402;0x663caeed76f810d5ec92e199ee5dc29e93291e1eedad47fb2f2624c8addee59e;0xcaaa0a22;0x489c254bL;0.500000;1503115322;1503115322
0;64;8048;0xcfd076e7cc20cf0cc0284dfeb37e0a5c79b3303c99f421076636eff433e7c402;0x663caeed76f810d5ec92e199ee5dc29e93291e1eedad47fb2f2624c8addee59e;0xcaaa0a22;0x489c254bL;0.500000;1503115322;1503115322
0;64;8048;0xcfd076e7cc20cf0cc0284dfeb37e0a5c79b3303c99f421076636eff433e7c402;0x663caeed76f810d5ec92e199ee5dc29e93291e1eedad47fb2f2624c8addee59e;0xcaaa0a22;0x489c254bL;0.500000;1503115322;1503115322
0;64;8048;0xcfd076e7cc20cf0cc0284dfeb37e0a5c79b3303c99f421076636eff433e7c402;0x663caeed76f810d5ec92e199ee5dc29e93291e1eedad47fb2f2624c8addee59e;0xcaaa0a22;0x489c254bL;0.500000;1503115322;1503115322
0;64;8048;0xcfd076e7cc20cf0cc0284dfeb37e0a5c79b3303c99f421076636eff433e7c402;0x663caeed76f810d5ec92e199ee5dc29e93291e1eedad47fb2f2624c8addee59e;0xcaaa0a22;0x489c254bL;0.500000;1503115322;1503115323
0;64;8048;0xebc4a5c8c4c0905c745823723680f2abed5542e0bdcff025b440db587a870a66;0x1bf08382d25616e4879238bebbe631bfdbb7245a3c6a151d35e5bfc1e3298189;0x9dbdd7d2;0x489c254bL;0.500000;1503115323;1503115323
0;64;8048;0xebc4a5c8c4c0905c745823723680f2abed5542e0bdcff025b440db587a870a66;0x1bf08382d25616e4879238bebbe631bfdbb7245a3c6a151d35e5bfc1e3298189;0x9dbdd7d2;0x489c254bL;0.500000;1503115323;1503115323
0;64;8048;0xebc4a5c8c4c0905c745823723680f2abed5542e0bdcff025b440db587a870a66;0x1bf08382d25616e4879238bebbe631bfdbb7245a3c6a151d35e5bfc1e3298189;0x9dbdd7d2;0x489c254bL;0.500000;1503115323;1503115323
0;64;8048;0xebc4a5c8c4c0905c745823723680f2abed5542e0bdcff025b440db587a870a66;0x1bf08382d25616e4879238bebbe631bfdbb7245a3c6a151d35e5bfc1e3298189;0x9dbdd7d2;0x489c254bL;0.500000;1503115323;1503115323
0;64;8048;0xebc4a5c8c4c0905c745823723680f2abed5542e0bdcff025b440db587a870a66;0x1bf08382d25616e4879238bebbe631bfdbb7245a3c6a151d35e5bfc1e3298189;0x9dbdd7d2;0x489c254bL;0.500000;1503115323;1503115324
0;64;8048;0x994bc21197c6502582dbf51c4f0b0b578a95cb7449fe4c26c9c77379e08b6379;0x5b367336a959e5a2c3d1200120ba3d9ac6e9cc1393351533873956f1ec2a6e5c;0x6b6b28d1;0xa36518b9L;0.500000;1503115324;1503115324
0;64;8048;0x994bc21197c6502582dbf51c4f0b0b578a95cb7449fe4c26c9c77379e08b6379;0x5b367336a959e5a2c3d1200120ba3d9ac6e9cc1393351533873956f1ec2a6e5c;0x6b6b28d1;0xa36518b9L;0.500000;1503115324;1503115324
0;64;8048;0x994bc21197c6502582dbf51c4f0b0b578a95cb7449fe4c26c9c77379e08b6379;0x5b367336a959e5a2c3d1200120ba3d9ac6e9cc1393351533873956f1ec2a6e5c;0x6b6b28d1;0xa36518b9L;0.500000;1503115324;1503115324
0;64;8048;0x994bc21197c6502582dbf51c4f0b0b578a95cb7449fe4c26c9c77379e08b6379;0x5b367336a959e5a2c3d1200120ba3d9ac6e9cc1393351533873956f1ec2a6e5c;0x6b6b28d1;0xa36518b9L;0.500000;1503115324;1503115324
0;64;8048;0x994bc21197c6502582dbf51c4f0b0b578a95cb7449fe4c26c9c77379e08b6379;0x5b367336a959e5a2c3d1200120ba3d9ac6e9cc1393351533873956f1ec2a6e5c;0x6b6b28d1;0xa36518b9L;0.500000;1503115324;1503115325
0;64;8048;0x4e498a79606d4d68a81594826457cfbb8dc0c7ba4e0298c269ad5c8a9149e9df;0x2ca86c86c7dc976cdc762e2c9e89f6f223f806a1dc407ae24b41984b471447e8;0x7e88e1f5;0x489c254bL;0.500000;1503115325;1503115325
0;64;8048;0x4e498a79606d4d68a81594826457cfbb8dc0c7ba4e0298c269ad5c8a9149e9df;0x2ca86c86c7dc976cdc762e2c9e89f6f223f806a1dc407ae24b41984b471447e8;0x7e88e1f5;0x489c254bL;0.500000;1503115325;1503115325
