0;64;8048;0x5dc985b259d96e03745b09e7346d2f36900800a04b4455111f1d978b1e626f7b;0x3d2bcaba313a704161fa61c5fd091d939dec6406abe7729f46a3571ecc12c41a;0x471a7622;0x489c254bL;0.500000;1503077394;1503077394
0;64;8048;0x5dc985b259d96e03745b09e7346d2f36900800a04b4455111f1d978b1e626f7b;0x3d2bcaba313a704161fa61c5fd091d939dec6406abe7729f46a3571ecc12c41a;0x471a7622;0x489c254bL;0.500000;1503077394;1503077394
0;64;8048;0x5dc985b259d96e03745b09e7346d2f36900800a04b4455111f1d978b1e626f7b;0x3d2bcaba313a704161fa61c5fd091d939dec6406abe7729f46a3571ecc12c41a;0x471a7622;0x489c254bL;0.500000;1503077394;1503077394
0;64;8048;0x5dc985b259d96e03745b09e7346d2f36900800a04b4455111f1d978b1e626f7b;0x3d2bcaba313a704161fa61c5fd091d939dec6406abe7729f46a3571ecc12c41a;0x471a7622;0x489c254bL;0.500000;1503077394;1503077395
0;64;8048;0xa82ef7e269ad47c70e85e239854cfff04ae5de4c33bb61cf332051b87503561e;0x707dedfda7174ea5c3a7ed1c7ccd39138cd7b9bf2c6583192180ee08908d5110;0xa27b6398;0xa36518b9L;0.500000;1503077395;1503077395
0;64;8048;0xa82ef7e269ad47c70e85e239854cfff04ae5de4c33bb61cf332051b87503561e;0x707dedfda7174ea5c3a7ed1c7ccd39138cd7b9bf2c6583192180ee08908d5110;0xa27b6398;0xa36518b9L;0.500000;1503077395;1503077395
0;64;8048;0xa82ef7e269ad47c70e85e239854cfff04ae5de4c33bb61cf332051b87503561e;0x707dedfda7174ea5c3a7ed1c7ccd39138cd7b9bf2c6583192180ee08908d5110;0xa27b6398;0xa36518b9L;0.500000;1503077395;1503077395
0;64;8048;0xa82ef7e269ad47c70e85e239854cfff04ae5de4c33bb61cf332051b87503561e;0x707dedfda7174ea5c3a7ed1c7ccd39138cd7b9bf2c6583192180ee08908d5110;0xa27b6398;0xa36518b9L;0.500000;1503077395;1503077395
0;64;8048;0xa82ef7e269ad47c70e85e239854cfff04ae5de4c33bb61cf332051b87503561e;0x707dedfda7174ea5c3a7ed1c7ccd39138cd7b9bf2c6583192180ee08908d5110;0xa27b6398;0xa36518b9L;0.500000;1503077395;1503077396
0;64;8048;0xc4d4e55ac10357379233028b8ca6da9e8d0db6b4152a996daee5c06f1470a3d8;0x36d568ac585f3cd514cd5f9a7fd92eb652dc8e68a04d9b45ff1249698d5da4c8;0x7f3cbd22;0x489c254bL;0.500000;1503077396;1503077396
0;64;8048;0xc4d4e55ac10357379233028b8ca6da9e8d0db6b4152a996daee5c06f1470a3d8;0x36d568ac585f3cd514cd5f9a7fd92eb652dc8e68a04d9b45ff1249698d5da4c8;0x7f3cbd22;0x489c254bL;0.500000;1503077396;1503077396
0;64;8048;0xc4d4e55ac10357379233028b8ca6da9e8d0db6b4152a996daee5c06f1470a3d8;0x36d568ac585f3cd514cd5f9a7fd92eb652dc8e68a04d9b45ff1249698d5da4c8;0x7f3cbd22;0x489c254bL;0.500000;1503077396;1503077396
0;64;8048;0xc4d4e55ac10357379233028b8ca6da9e8d0db6b4152a996daee5c06f1470a3d8;0x36d568ac585f3cd514cd5f9a7fd92eb652dc8e68a04d9b45ff1249698d5da4c8;0x7f3cbd22;0x489c254bL;0.500000;1503077396;1503077396
0;64;8048;0xc4d4e55ac10357379233028b8ca6da9e8d0db6b4152a996daee5c06f1470a3d8;0x36d568ac585f3cd514cd5f9a7fd92eb652dc8e68a04d9b45ff1249698d5da4c8;0x7f3cbd22;0x489c254bL;0.500000;1503077396;1503077396
0;64;8048;0xc4d4e55ac10357379233028b8ca6da9e8d0db6b4152a996daee5c06f1470a3d8;0x36d568ac585f3cd514cd5f9a7fd92eb652dc8e68a04d9b45ff1249698d5da4c8;0x7f3cbd22;0x489c254bL;0.500000;1503077397;1503077397
0;64;8048;0x8292b7459663698de1aae6876a1149cc3b030c4d5045622f8b52aecea4414a27;0x8590956a1977aff26bbf42d4543eb2164e21e8fad1367343d514117c6fb9fbf8;0x69fddb8f;0x489c254bL;0.500000;1503077397;1503077397
0;64;8048;0x8292b7459663698de1aae6876a1149cc3b030c4d5045622f8b52aecea4414a27;0x8590956a1977aff26bbf42d4543eb2164e21e8fad1367343d514117c6fb9fbf8;0x69fddb8f;0x489c254bL;0.500000;1503077397;1503077397
0;64;8048;0x8292b7459663698de1aae6876a1149cc3b030c4d5045622f8b52aecea4414a27;0x8590956a1977aff26bbf42d4543eb2164e21e8fad1367343d514117c6fb9fbf8;0x69fddb8f;0x489c254bL;0.500000;1503077397;1503077397
0;64;8048;0x8292b7459663698de1aae6876a1149cc3b030c4d5045622f8b52aecea4414a27;0x8590956a1977aff26bbf42d4543eb2164e21e8fad1367343d514117c6fb9fbf8;0x69fddb8f;0x489c254bL;0.500000;1503077397;1503077397
0;64;8048;0x8292b7459663698de1aae6876a1149cc3b030c4d5045622f8b52aecea4414a27;0x8590956a1977aff26bbf42d4543eb2164e21e8fad1367343d514117c6fb9fbf8;0x69fddb8f;0x489c254bL;0.500000;1503077397;1503077398
