0;64;8048;0xf0622ae7cd40950a3aa9f4b4885a4d2c26a24a91691884edae1aa1b990a3f881;0xdd619f29ce8dfbd9babc0c4960e375d6916e17ba4598eb2d5e48338403adbb39;0x3f5c56d1;0x489c254bL;0.500000;1503124544;1503124544
0;64;8048;0xf0622ae7cd40950a3aa9f4b4885a4d2c26a24a91691884edae1aa1b990a3f881;0xdd619f29ce8dfbd9babc0c4960e375d6916e17ba4598eb2d5e48338403adbb39;0x3f5c56d1;0x489c254bL;0.500000;1503124544;1503124545
0;64;8048;0xaf7ee54cb8fe23b6ae1da18407307e5da9776eda48982384631989ba58938d07;0x14db08896dcedfee244a41c8f2816b2879afac106e32d1bc8103f7ea62e85dff;0xa1d4e50a;0x489c254bL;0.500000;1503124545;1503124545
0;64;8048;0xaf7ee54cb8fe23b6ae1da18407307e5da9776eda48982384631989ba58938d07;0x14db08896dcedfee244a41c8f2816b2879afac106e32d1bc8103f7ea62e85dff;0xa1d4e50a;0x489c254bL;0.500000;1503124545;1503124545
0;64;8048;0xaf7ee54cb8fe23b6ae1da18407307e5da9776eda48982384631989ba58938d07;0x14db08896dcedfee244a41c8f2816b2879afac106e32d1bc8103f7ea62e85dff;0xa1d4e50a;0x489c254bL;0.500000;1503124545;1503124545
0;64;8048;0xaf7ee54cb8fe23b6ae1da18407307e5da9776eda48982384631989ba58938d07;0x14db08896dcedfee244a41c8f2816b2879afac106e32d1bc8103f7ea62e85dff;0xa1d4e50a;0x489c254bL;0.500000;1503124545;1503124545
0;64;8048;0xaf7ee54cb8fe23b6ae1da18407307e5da9776eda48982384631989ba58938d07;0x14db08896dcedfee244a41c8f2816b2879afac106e32d1bc8103f7ea62e85dff;0xa1d4e50a;0x489c254bL;0.500000;1503124545;1503124545
0;64;8048;0xaf7ee54cb8fe23b6ae1da18407307e5da9776eda48982384631989ba58938d07;0x14db08896dcedfee244a41c8f2816b2879afac106e32d1bc8103f7ea62e85dff;0xa1d4e50a;0x489c254bL;0.500000;1503124545;1503124546
0;64;8048;0x79a60da6551caf8c999bdaf05ae3f4f190bee35df45f0f4801520a959dae3d17;0x7ce287e37043da47fff63c7c398315c1d8e62519eb820c25d9233d1844f86b97;0x084fbfec;0x489c254bL;0.500000;1503124546;1503124546
0;64;8048;0x79a60da6551caf8c999bdaf05ae3f4f190bee35df45f0f4801520a959dae3d17;0x7ce287e37043da47fff63c7c398315c1d8e62519eb820c25d9233d1844f86b97;0x084fbfec;0x489c254bL;0.500000;1503124546;1503124546
0;64;8048;0x79a60da6551caf8c999bdaf05ae3f4f190bee35df45f0f4801520a959dae3d17;0x7ce287e37043da47fff63c7c398315c1d8e62519eb820c25d9233d1844f86b97;0x084fbfec;0x489c254bL;0.500000;1503124546;1503124546
0;64;8048;0x79a60da6551caf8c999bdaf05ae3f4f190bee35df45f0f4801520a959dae3d17;0x7ce287e37043da47fff63c7c398315c1d8e62519eb820c25d9233d1844f86b97;0x084fbfec;0x489c254bL;0.500000;1503124546;1503124546
0;64;8048;0x79a60da6551caf8c999bdaf05ae3f4f190bee35df45f0f4801520a959dae3d17;0x7ce287e37043da47fff63c7c398315c1d8e62519eb820c25d9233d1844f86b97;0x084fbfec;0x489c254bL;0.500000;1503124546;1503124546
0;64;8048;0x79a60da6551caf8c999bdaf05ae3f4f190bee35df45f0f4801520a959dae3d17;0x7ce287e37043da47fff63c7c398315c1d8e62519eb820c25d9233d1844f86b97;0x084fbfec;0x489c254bL;0.500000;1503124547;1503124547
0;64;8048;0xca35ed96a34486e179c74f1c71538263696e1829d16b59664bed45e7a787e671;0x90ef4d90a1c9c41f40beb4504868c83b01e31c2e840c7fd717ae93346619e14e;0x8afa570f;0x489c254bL;0.500000;1503124547;1503124547
0;64;8048;0xca35ed96a34486e179c74f1c71538263696e1829d16b59664bed45e7a787e671;0x90ef4d90a1c9c41f40beb4504868c83b01e31c2e840c7fd717ae93346619e14e;0x8afa570f;0x489c254bL;0.500000;1503124547;1503124547
0;64;8048;0xca35ed96a34486e179c74f1c71538263696e1829d16b59664bed45e7a787e671;0x90ef4d90a1c9c41f40beb4504868c83b01e31c2e840c7fd717ae93346619e14e;0x8afa570f;0x489c254bL;0.500000;1503124547;1503124547
0;64;8048;0xca35ed96a34486e179c74f1c71538263696e1829d16b59664bed45e7a787e671;0x90ef4d90a1c9c41f40beb4504868c83b01e31c2e840c7fd717ae93346619e14e;0x8afa570f;0x489c254bL;0.500000;1503124547;1503124547
0;64;8048;0xca35ed96a34486e179c74f1c71538263696e1829d16b59664bed45e7a787e671;0x90ef4d90a1c9c41f40beb4504868c83b01e31c2e840c7fd717ae93346619e14e;0x8afa570f;0x489c254bL;0.500000;1503124547;1503124548
0;64;8048;0x66f570ec3c899d9c02bd9ee67bf81730c5c9c00b55cf9d050ac9c30801b2dd68;0xf68f00b69caca7ca02533e6543289f5dd634c203a161ae21c5a41617f82f9a74;0x119d749c;0x489c254bL;0.500000;1503124548;1503124548
