0;64;8048;0xaa4ea3985351f4d27fe2a52c6469255b6f011a0e16c57c521fa6f1fe979a9442;0xc6bd54a8ba24fe8d73ff85fd125b5ab649d91e28d1141b20d292fadba2012ae8;0x403fa0f2;0x489c254bL;0.500000;1503117939;1503117939
0;64;8048;0xaa4ea3985351f4d27fe2a52c6469255b6f011a0e16c57c521fa6f1fe979a9442;0xc6bd54a8ba24fe8d73ff85fd125b5ab649d91e28d1141b20d292fadba2012ae8;0x403fa0f2;0x489c254bL;0.500000;1503117939;1503117940
0;64;8048;0xc3f186ce5f73cc09901bfaf4eb40759baa2b3789785353a2a4009569c7b10b8a;0xa4411fdaddb8f4336e379b695008fa0ba1f4d9c68a9807ebb25a8a8cd0ce1ca2;0x7e315eb0;0x489c254bL;0.500000;1503117940;1503117940
0;64;8048;0xc3f186ce5f73cc09901bfaf4eb40759baa2b3789785353a2a4009569c7b10b8a;0xa4411fdaddb8f4336e379b695008fa0ba1f4d9c68a9807ebb25a8a8cd0ce1ca2;0x7e315eb0;0x489c254bL;0.500000;1503117940;1503117940
0;64;8048;0xc3f186ce5f73cc09901bfaf4eb40759baa2b3789785353a2a4009569c7b10b8a;0xa4411fdaddb8f4336e379b695008fa0ba1f4d9c68a9807ebb25a8a8cd0ce1ca2;0x7e315eb0;0x489c254bL;0.500000;1503117940;1503117940
0;64;8048;0xc3f186ce5f73cc09901bfaf4eb40759baa2b3789785353a2a4009569c7b10b8a;0xa4411fdaddb8f4336e379b695008fa0ba1f4d9c68a9807ebb25a8a8cd0ce1ca2;0x7e315eb0;0x489c254bL;0.500000;1503117940;1503117940
0;64;8048;0xc3f186ce5f73cc09901bfaf4eb40759baa2b3789785353a2a4009569c7b10b8a;0xa4411fdaddb8f4336e379b695008fa0ba1f4d9c68a9807ebb25a8a8cd0ce1ca2;0x7e315eb0;0x489c254bL;0.500000;1503117940;1503117941
0;64;8048;0xbe31be519b6f744b0445efa18edb5c26e64dfb28a36d2b700d9391950b3c31ca;0xcae1c06892fb27472a5b284a1b13939ca34cd809647e1f33705ff63ec3b08d66;0xf86f595f;0x489c254bL;0.500000;1503117941;1503117941
0;64;8048;0xbe31be519b6f744b0445efa18edb5c26e64dfb28a36d2b700d9391950b3c31ca;0xcae1c06892fb27472a5b284a1b13939ca34cd809647e1f33705ff63ec3b08d66;0xf86f595f;0x489c254bL;0.500000;1503117941;1503117941
0;64;8048;0xbe31be519b6f744b0445efa18edb5c26e64dfb28a36d2b700d9391950b3c31ca;0xcae1c06892fb27472a5b284a1b13939ca34cd809647e1f33705ff63ec3b08d66;0xf86f595f;0x489c254bL;0.500000;1503117941;1503117941
0;64;8048;0xbe31be519b6f744b0445efa18edb5c26e64dfb28a36d2b700d9391950b3c31ca;0xcae1c06892fb27472a5b284a1b13939ca34cd809647e1f33705ff63ec3b08d66;0xf86f595f;0x489c254bL;0.500000;1503117941;1503117941
0;64;8048;0xbe31be519b6f744b0445efa18edb5c26e64dfb28a36d2b700d9391950b3c31ca;0xcae1c06892fb27472a5b284a1b13939ca34cd809647e1f33705ff63ec3b08d66;0xf86f595f;0x489c254bL;0.500000;1503117941;1503117942
0;64;8048;0x5291930e5c7aa129ec3fc964aa8a7a5ba9f9080b0c9cad00b86cd95a2b2baf7d;0x2cddc38df8bc25a6bd10d181b6af3ebbd6b57c28e256967f8fcc44702a35f93f;0xb51a5483;0x489c254bL;0.500000;1503117942;1503117942
0;64;8048;0x5291930e5c7aa129ec3fc964aa8a7a5ba9f9080b0c9cad00b86cd95a2b2baf7d;0x2cddc38df8bc25a6bd10d181b6af3ebbd6b57c28e256967f8fcc44702a35f93f;0xb51a5483;0x489c254bL;0.500000;1503117942;1503117942
0;64;8048;0x5291930e5c7aa129ec3fc964aa8a7a5ba9f9080b0c9cad00b86cd95a2b2baf7d;0x2cddc38df8bc25a6bd10d181b6af3ebbd6b57c28e256967f8fcc44702a35f93f;0xb51a5483;0x489c254bL;0.500000;1503117942;1503117942
0;64;8048;0x5291930e5c7aa129ec3fc964aa8a7a5ba9f9080b0c9cad00b86cd95a2b2baf7d;0x2cddc38df8bc25a6bd10d181b6af3ebbd6b57c28e256967f8fcc44702a35f93f;0xb51a5483;0x489c254bL;0.500000;1503117942;1503117942
0;64;8048;0x5291930e5c7aa129ec3fc964aa8a7a5ba9f9080b0c9cad00b86cd95a2b2baf7d;0x2cddc38df8bc25a6bd10d181b6af3ebbd6b57c28e256967f8fcc44702a35f93f;0xb51a5483;0x489c254bL;0.500000;1503117942;1503117942
0;64;8048;0xd62ff1b3179c721b48c3cb49f5c73c22400cbe12950c0fcc82c94fa46c418042;0x225bc12ca0e75cb80ba6e1424c8c2887bb037c43f786da27f27dd7c826af6d12;0x63ddc478;0x489c254bL;0.500000;1503117943;1503117943
0;64;8048;0xd62ff1b3179c721b48c3cb49f5c73c22400cbe12950c0fcc82c94fa46c418042;0x225bc12ca0e75cb80ba6e1424c8c2887bb037c43f786da27f27dd7c826af6d12;0x63ddc478;0x489c254bL;0.500000;1503117943;1503117943
0;64;8048;0xd62ff1b3179c721b48c3cb49f5c73c22400cbe12950c0fcc82c94fa46c418042;0x225bc12ca0e75cb80ba6e1424c8c2887bb037c43f786da27f27dd7c826af6d12;0x63ddc478;0x489c254bL;0.500000;1503117943;1503117943
