0;64;8048;0x17a3ddc9f676bb417a4954b67dd2d4a68a5292201af06b24c1b6abb22d1b3e44;0x75e4327f555bb332c86d5c1b465d280999a91eea1a3c5cc84d5aeec20082017b;0x434211ef;0x489c254bL;0.500000;1503122549;1503122549
0;64;8048;0x17a3ddc9f676bb417a4954b67dd2d4a68a5292201af06b24c1b6abb22d1b3e44;0x75e4327f555bb332c86d5c1b465d280999a91eea1a3c5cc84d5aeec20082017b;0x434211ef;0x489c254bL;0.500000;1503122549;1503122549
0;64;8048;0x17a3ddc9f676bb417a4954b67dd2d4a68a5292201af06b24c1b6abb22d1b3e44;0x75e4327f555bb332c86d5c1b465d280999a91eea1a3c5cc84d5aeec20082017b;0x434211ef;0x489c254bL;0.500000;1503122549;1503122549
0;64;8048;0x17a3ddc9f676bb417a4954b67dd2d4a68a5292201af06b24c1b6abb22d1b3e44;0x75e4327f555bb332c86d5c1b465d280999a91eea1a3c5cc84d5aeec20082017b;0x434211ef;0x489c254bL;0.500000;1503122549;1503122550
0;64;8048;0x726c517dcd77bed572ce0e0cb3f6103431b6be875be1f8b57984ac275cee2ece;0x7eb995aa2fd2fc292eb6053d03e2e5ec3edcaf3350db88fc5e7da3a25bf056f9;0x343f3ff7;0x489c254bL;0.500000;1503122550;1503122550
0;64;8048;0x726c517dcd77bed572ce0e0cb3f6103431b6be875be1f8b57984ac275cee2ece;0x7eb995aa2fd2fc292eb6053d03e2e5ec3edcaf3350db88fc5e7da3a25bf056f9;0x343f3ff7;0x489c254bL;0.500000;1503122550;1503122550
0;64;8048;0x726c517dcd77bed572ce0e0cb3f6103431b6be875be1f8b57984ac275cee2ece;0x7eb995aa2fd2fc292eb6053d03e2e5ec3edcaf3350db88fc5e7da3a25bf056f9;0x343f3ff7;0x489c254bL;0.500000;1503122550;1503122550
0;64;8048;0x726c517dcd77bed572ce0e0cb3f6103431b6be875be1f8b57984ac275cee2ece;0x7eb995aa2fd2fc292eb6053d03e2e5ec3edcaf3350db88fc5e7da3a25bf056f9;0x343f3ff7;0x489c254bL;0.500000;1503122550;1503122550
0;64;8048;0x726c517dcd77bed572ce0e0cb3f6103431b6be875be1f8b57984ac275cee2ece;0x7eb995aa2fd2fc292eb6053d03e2e5ec3edcaf3350db88fc5e7da3a25bf056f9;0x343f3ff7;0x489c254bL;0.500000;1503122550;1503122550
0;64;8048;0x726c517dcd77bed572ce0e0cb3f6103431b6be875be1f8b57984ac275cee2ece;0x7eb995aa2fd2fc292eb6053d03e2e5ec3edcaf3350db88fc5e7da3a25bf056f9;0x343f3ff7;0x489c254bL;0.500000;1503122551;1503122551
0;64;8048;0x246912141d16868339bdf42d127f502e65cae476035a789fc6d268b58e5d49b2;0xef83c19ba24835aa42620591eb7558d4c0a1e162719af0d2199c5683715a6f04;0x052bb838;0x489c254bL;0.500000;1503122551;1503122551
0;64;8048;0x246912141d16868339bdf42d127f502e65cae476035a789fc6d268b58e5d49b2;0xef83c19ba24835aa42620591eb7558d4c0a1e162719af0d2199c5683715a6f04;0x052bb838;0x489c254bL;0.500000;1503122551;1503122551
0;64;8048;0x246912141d16868339bdf42d127f502e65cae476035a789fc6d268b58e5d49b2;0xef83c19ba24835aa42620591eb7558d4c0a1e162719af0d2199c5683715a6f04;0x052bb838;0x489c254bL;0.500000;1503122551;1503122551
0;64;8048;0x246912141d16868339bdf42d127f502e65cae476035a789fc6d268b58e5d49b2;0xef83c19ba24835aa42620591eb7558d4c0a1e162719af0d2199c5683715a6f04;0x052bb838;0x489c254bL;0.500000;1503122551;1503122551
0;64;8048;0x246912141d16868339bdf42d127f502e65cae476035a789fc6d268b58e5d49b2;0xef83c19ba24835aa42620591eb7558d4c0a1e162719af0d2199c5683715a6f04;0x052bb838;0x489c254bL;0.500000;1503122551;1503122552
0;64;8048;0xc78056b17cfe96d2ecb54a489b958133cee82154978aca9ba485c0e066234b2d;0xcf539a9ae0aa69aa741ca76544983be68689302692abe58868548821e122fd97;0xe8ddbbd5;0x489c254bL;0.500000;1503122552;1503122552
0;64;8048;0xc78056b17cfe96d2ecb54a489b958133cee82154978aca9ba485c0e066234b2d;0xcf539a9ae0aa69aa741ca76544983be68689302692abe58868548821e122fd97;0xe8ddbbd5;0x489c254bL;0.500000;1503122552;1503122552
0;64;8048;0xc78056b17cfe96d2ecb54a489b958133cee82154978aca9ba485c0e066234b2d;0xcf539a9ae0aa69aa741ca76544983be68689302692abe58868548821e122fd97;0xe8ddbbd5;0x489c254bL;0.500000;1503122552;1503122552
0;64;8048;0xc78056b17cfe96d2ecb54a489b958133cee82154978aca9ba485c0e066234b2d;0xcf539a9ae0aa69aa741ca76544983be68689302692abe58868548821e122fd97;0xe8ddbbd5;0x489c254bL;0.500000;1503122552;1503122552
0;64;8048;0xc78056b17cfe96d2ecb54a489b958133cee82154978aca9ba485c0e066234b2d;0xcf539a9ae0aa69aa741ca76544983be68689302692abe58868548821e122fd97;0xe8ddbbd5;0x489c254bL;0.500000;1503122553;1503122553
