0;64;8048;0xa3d6c453f6ebfd6bc01c4c2cd3c963adc279a000abe08d1136c1ddb26e1cfa11;0x8d20492dede57de8748347eb9e8b2072875d3d73e1127b2aba248ecd8224b98c;0x4cd2cb63;0x489c254bL;0.500000;1503142304;1503142305
0;64;8048;0xd6fa085fa629dda543c0e6b858e323c3bd540679779e46ac9b8d147f2b4fc401;0xd32a55a9515370ec5eb4911a5de92c5ed27daf8bef79458b8bf63e49e4d1b172;0xd43b73b7;0x489c254bL;0.500000;1503142305;1503142305
0;64;8048;0xd6fa085fa629dda543c0e6b858e323c3bd540679779e46ac9b8d147f2b4fc401;0xd32a55a9515370ec5eb4911a5de92c5ed27daf8bef79458b8bf63e49e4d1b172;0xd43b73b7;0x489c254bL;0.500000;1503142305;1503142305
0;64;8048;0xd6fa085fa629dda543c0e6b858e323c3bd540679779e46ac9b8d147f2b4fc401;0xd32a55a9515370ec5eb4911a5de92c5ed27daf8bef79458b8bf63e49e4d1b172;0xd43b73b7;0x489c254bL;0.500000;1503142305;1503142305
0;64;8048;0xd6fa085fa629dda543c0e6b858e323c3bd540679779e46ac9b8d147f2b4fc401;0xd32a55a9515370ec5eb4911a5de92c5ed27daf8bef79458b8bf63e49e4d1b172;0xd43b73b7;0x489c254bL;0.500000;1503142305;1503142305
0;64;8048;0xd6fa085fa629dda543c0e6b858e323c3bd540679779e46ac9b8d147f2b4fc401;0xd32a55a9515370ec5eb4911a5de92c5ed27daf8bef79458b8bf63e49e4d1b172;0xd43b73b7;0x489c254bL;0.500000;1503142305;1503142305
0;64;8048;0xd6fa085fa629dda543c0e6b858e323c3bd540679779e46ac9b8d147f2b4fc401;0xd32a55a9515370ec5eb4911a5de92c5ed27daf8bef79458b8bf63e49e4d1b172;0xd43b73b7;0x489c254bL;0.500000;1503142305;1503142306
0;64;8048;0xa000c93ba3940827f48d0394dc2f22fb5ae5f42c317fe6b21f396ef06c2d0a0c;0x1dff4997a64fd86c4b16b9e5679874d3804bbcb9b41093d84ee309aadec4b629;0x44def2a0;0x489c254bL;0.500000;1503142306;1503142306
0;64;8048;0xa000c93ba3940827f48d0394dc2f22fb5ae5f42c317fe6b21f396ef06c2d0a0c;0x1dff4997a64fd86c4b16b9e5679874d3804bbcb9b41093d84ee309aadec4b629;0x44def2a0;0x489c254bL;0.500000;1503142306;1503142306
0;64;8048;0xa000c93ba3940827f48d0394dc2f22fb5ae5f42c317fe6b21f396ef06c2d0a0c;0x1dff4997a64fd86c4b16b9e5679874d3804bbcb9b41093d84ee309aadec4b629;0x44def2a0;0x489c254bL;0.500000;1503142306;1503142306
0;64;8048;0xa000c93ba3940827f48d0394dc2f22fb5ae5f42c317fe6b21f396ef06c2d0a0c;0x1dff4997a64fd86c4b16b9e5679874d3804bbcb9b41093d84ee309aadec4b629;0x44def2a0;0x489c254bL;0.500000;1503142306;1503142306
0;64;8048;0xa000c93ba3940827f48d0394dc2f22fb5ae5f42c317fe6b21f396ef06c2d0a0c;0x1dff4997a64fd86c4b16b9e5679874d3804bbcb9b41093d84ee309aadec4b629;0x44def2a0;0x489c254bL;0.500000;1503142306;1503142306
0;64;8048;0xa000c93ba3940827f48d0394dc2f22fb5ae5f42c317fe6b21f396ef06c2d0a0c;0x1dff4997a64fd86c4b16b9e5679874d3804bbcb9b41093d84ee309aadec4b629;0x44def2a0;0x489c254bL;0.500000;1503142307;1503142307
0;64;8048;0x40cf946de082dddef22c5e950035d40fff3aca892ee863d3a3daf495cfb6130f;0xb8bfd15e3f6e046df83e7bb263ec18c4822182a7a3f5270654189ec9cf45eb62;0xc242cb43;0x489c254bL;0.500000;1503142307;1503142307
0;64;8048;0x40cf946de082dddef22c5e950035d40fff3aca892ee863d3a3daf495cfb6130f;0xb8bfd15e3f6e046df83e7bb263ec18c4822182a7a3f5270654189ec9cf45eb62;0xc242cb43;0x489c254bL;0.500000;1503142307;1503142307
0;64;8048;0x40cf946de082dddef22c5e950035d40fff3aca892ee863d3a3daf495cfb6130f;0xb8bfd15e3f6e046df83e7bb263ec18c4822182a7a3f5270654189ec9cf45eb62;0xc242cb43;0x489c254bL;0.500000;1503142307;1503142307
0;64;8048;0x40cf946de082dddef22c5e950035d40fff3aca892ee863d3a3daf495cfb6130f;0xb8bfd15e3f6e046df83e7bb263ec18c4822182a7a3f5270654189ec9cf45eb62;0xc242cb43;0x489c254bL;0.500000;1503142307;1503142307
0;64;8048;0x40cf946de082dddef22c5e950035d40fff3aca892ee863d3a3daf495cfb6130f;0xb8bfd15e3f6e046df83e7bb263ec18c4822182a7a3f5270654189ec9cf45eb62;0xc242cb43;0x489c254bL;0.500000;1503142307;1503142308
0;64;8048;0x76ac80f51a37ca9a50d3044e7dacdbddebb33548c2c65719bc249727e90c0160;0x142a8d1355f2241ceba74a690eae906c13ebfdab722483f26673a7ed1fa5cddc;0xc533885a;0x489c254bL;0.500000;1503142308;1503142308
0;64;8048;0x76ac80f51a37ca9a50d3044e7dacdbddebb33548c2c65719bc249727e90c0160;0x142a8d1355f2241ceba74a690eae906c13ebfdab722483f26673a7ed1fa5cddc;0xc533885a;0x489c254bL;0.500000;1503142308;1503142308
