0;64;8048;0x18c6c556d0523ec9231609a7ec31ec8785535efc413171600471a7df83e8aa9b;0xdd7ff9ec132f33d2d2c57660c6ca04e56d251077d4ce011bed5dc2c326e670e6;0x6f9e6e66;0x489c254bL;0.500000;1503095538;1503095538
0;64;8048;0x18c6c556d0523ec9231609a7ec31ec8785535efc413171600471a7df83e8aa9b;0xdd7ff9ec132f33d2d2c57660c6ca04e56d251077d4ce011bed5dc2c326e670e6;0x6f9e6e66;0x489c254bL;0.500000;1503095538;1503095538
0;64;8048;0x18c6c556d0523ec9231609a7ec31ec8785535efc413171600471a7df83e8aa9b;0xdd7ff9ec132f33d2d2c57660c6ca04e56d251077d4ce011bed5dc2c326e670e6;0x6f9e6e66;0x489c254bL;0.500000;1503095538;1503095538
0;64;8048;0x18c6c556d0523ec9231609a7ec31ec8785535efc413171600471a7df83e8aa9b;0xdd7ff9ec132f33d2d2c57660c6ca04e56d251077d4ce011bed5dc2c326e670e6;0x6f9e6e66;0x489c254bL;0.500000;1503095538;1503095538
0;64;8048;0x18c6c556d0523ec9231609a7ec31ec8785535efc413171600471a7df83e8aa9b;0xdd7ff9ec132f33d2d2c57660c6ca04e56d251077d4ce011bed5dc2c326e670e6;0x6f9e6e66;0x489c254bL;0.500000;1503095538;1503095539
0;64;8048;0x6ed64180ed267aa519bc6545f685a261b1cb9042b997f43a0c29cc1b18f53687;0x867e5283864430e60005385828ffa3cad450bf2139dd6aa16d8de3b4a3003cd6;0x6a9c2f24;0x489c254bL;0.500000;1503095539;1503095539
0;64;8048;0x6ed64180ed267aa519bc6545f685a261b1cb9042b997f43a0c29cc1b18f53687;0x867e5283864430e60005385828ffa3cad450bf2139dd6aa16d8de3b4a3003cd6;0x6a9c2f24;0x489c254bL;0.500000;1503095539;1503095539
0;64;8048;0x6ed64180ed267aa519bc6545f685a261b1cb9042b997f43a0c29cc1b18f53687;0x867e5283864430e60005385828ffa3cad450bf2139dd6aa16d8de3b4a3003cd6;0x6a9c2f24;0x489c254bL;0.500000;1503095539;1503095539
0;64;8048;0x6ed64180ed267aa519bc6545f685a261b1cb9042b997f43a0c29cc1b18f53687;0x867e5283864430e60005385828ffa3cad450bf2139dd6aa16d8de3b4a3003cd6;0x6a9c2f24;0x489c254bL;0.500000;1503095539;1503095539
0;64;8048;0x6ed64180ed267aa519bc6545f685a261b1cb9042b997f43a0c29cc1b18f53687;0x867e5283864430e60005385828ffa3cad450bf2139dd6aa16d8de3b4a3003cd6;0x6a9c2f24;0x489c254bL;0.500000;1503095539;1503095540
0;64;8048;0xa9418b870d641c029f860b3dc2d3553eedbee3237280681bad275ab2bfcf6e68;0x0eea6974cdd91326e69429096c364553b44c00bf9e13361c0c8439ccaafae478;0x592d33c4;0x489c254bL;0.500000;1503095540;1503095540
0;64;8048;0xa9418b870d641c029f860b3dc2d3553eedbee3237280681bad275ab2bfcf6e68;0x0eea6974cdd91326e69429096c364553b44c00bf9e13361c0c8439ccaafae478;0x592d33c4;0x489c254bL;0.500000;1503095540;1503095540
0;64;8048;0xa9418b870d641c029f860b3dc2d3553eedbee3237280681bad275ab2bfcf6e68;0x0eea6974cdd91326e69429096c364553b44c00bf9e13361c0c8439ccaafae478;0x592d33c4;0x489c254bL;0.500000;1503095540;1503095540
0;64;8048;0xa9418b870d641c029f860b3dc2d3553eedbee3237280681bad275ab2bfcf6e68;0x0eea6974cdd91326e69429096c364553b44c00bf9e13361c0c8439ccaafae478;0x592d33c4;0x489c254bL;0.500000;1503095540;1503095540
0;64;8048;0xa9418b870d641c029f860b3dc2d3553eedbee3237280681bad275ab2bfcf6e68;0x0eea6974cdd91326e69429096c364553b44c00bf9e13361c0c8439ccaafae478;0x592d33c4;0x489c254bL;0.500000;1503095540;1503095541
0;64;8048;0x946b5640ec3897982119594bdf6726d754ee16e36cd678ac7beebb577c989710;0xfb4ebfc5569495653f94d4600acd69dc7fd50bf890cddde10d9a825e9831adca;0x6000b9f9;0x489c254bL;0.500000;1503095541;1503095541
0;64;8048;0x946b5640ec3897982119594bdf6726d754ee16e36cd678ac7beebb577c989710;0xfb4ebfc5569495653f94d4600acd69dc7fd50bf890cddde10d9a825e9831adca;0x6000b9f9;0x489c254bL;0.500000;1503095541;1503095541
0;64;8048;0x946b5640ec3897982119594bdf6726d754ee16e36cd678ac7beebb577c989710;0xfb4ebfc5569495653f94d4600acd69dc7fd50bf890cddde10d9a825e9831adca;0x6000b9f9;0x489c254bL;0.500000;1503095541;1503095541
0;64;8048;0x946b5640ec3897982119594bdf6726d754ee16e36cd678ac7beebb577c989710;0xfb4ebfc5569495653f94d4600acd69dc7fd50bf890cddde10d9a825e9831adca;0x6000b9f9;0x489c254bL;0.500000;1503095541;1503095541
0;64;8048;0x946b5640ec3897982119594bdf6726d754ee16e36cd678ac7beebb577c989710;0xfb4ebfc5569495653f94d4600acd69dc7fd50bf890cddde10d9a825e9831adca;0x6000b9f9;0x489c254bL;0.500000;1503095541;1503095541
