0;64;8048;0xcb29ebe88382fc3247a5865387f7a8eff6f6cc3bc67878a574f496f5a03dbc6c;0x88be08b8e414b5a2ef344d7ce04a25a43e924f65c598fb00df1ec8b6f224ea14;0x2bc60f29;0x489c254bL;0.500000;1503106081;1503106081
0;64;8048;0xcb29ebe88382fc3247a5865387f7a8eff6f6cc3bc67878a574f496f5a03dbc6c;0x88be08b8e414b5a2ef344d7ce04a25a43e924f65c598fb00df1ec8b6f224ea14;0x2bc60f29;0x489c254bL;0.500000;1503106081;1503106081
0;64;8048;0xcb29ebe88382fc3247a5865387f7a8eff6f6cc3bc67878a574f496f5a03dbc6c;0x88be08b8e414b5a2ef344d7ce04a25a43e924f65c598fb00df1ec8b6f224ea14;0x2bc60f29;0x489c254bL;0.500000;1503106081;1503106081
0;64;8048;0xcb29ebe88382fc3247a5865387f7a8eff6f6cc3bc67878a574f496f5a03dbc6c;0x88be08b8e414b5a2ef344d7ce04a25a43e924f65c598fb00df1ec8b6f224ea14;0x2bc60f29;0x489c254bL;0.500000;1503106081;1503106082
0;64;8048;0x2c6fe22151f17e079b4377fb6166bd866fcd724069ecea0772f9299013778b40;0xeed13c42406b61e19c786a5586289156c0d00ab87fe102da157e52f82f716885;0xa407f140;0x489c254bL;0.500000;1503106082;1503106082
0;64;8048;0x2c6fe22151f17e079b4377fb6166bd866fcd724069ecea0772f9299013778b40;0xeed13c42406b61e19c786a5586289156c0d00ab87fe102da157e52f82f716885;0xa407f140;0x489c254bL;0.500000;1503106082;1503106082
0;64;8048;0x2c6fe22151f17e079b4377fb6166bd866fcd724069ecea0772f9299013778b40;0xeed13c42406b61e19c786a5586289156c0d00ab87fe102da157e52f82f716885;0xa407f140;0x489c254bL;0.500000;1503106082;1503106082
0;64;8048;0x2c6fe22151f17e079b4377fb6166bd866fcd724069ecea0772f9299013778b40;0xeed13c42406b61e19c786a5586289156c0d00ab87fe102da157e52f82f716885;0xa407f140;0x489c254bL;0.500000;1503106082;1503106082
0;64;8048;0x2c6fe22151f17e079b4377fb6166bd866fcd724069ecea0772f9299013778b40;0xeed13c42406b61e19c786a5586289156c0d00ab87fe102da157e52f82f716885;0xa407f140;0x489c254bL;0.500000;1503106082;1503106083
0;64;8048;0x2a97b751d3c6473c580b3f8e5b27505c9120768b140bbf17639774c629cdc953;0xbce0e1a2ce5a62cae03d656fdbb4e642b63ec5f3d171b55dacc5fe29b83d7d20;0x03863125;0x489c254bL;0.500000;1503106083;1503106083
0;64;8048;0x2a97b751d3c6473c580b3f8e5b27505c9120768b140bbf17639774c629cdc953;0xbce0e1a2ce5a62cae03d656fdbb4e642b63ec5f3d171b55dacc5fe29b83d7d20;0x03863125;0x489c254bL;0.500000;1503106083;1503106083
0;64;8048;0x2a97b751d3c6473c580b3f8e5b27505c9120768b140bbf17639774c629cdc953;0xbce0e1a2ce5a62cae03d656fdbb4e642b63ec5f3d171b55dacc5fe29b83d7d20;0x03863125;0x489c254bL;0.500000;1503106083;1503106083
0;64;8048;0x2a97b751d3c6473c580b3f8e5b27505c9120768b140bbf17639774c629cdc953;0xbce0e1a2ce5a62cae03d656fdbb4e642b63ec5f3d171b55dacc5fe29b83d7d20;0x03863125;0x489c254bL;0.500000;1503106083;1503106083
0;64;8048;0x2a97b751d3c6473c580b3f8e5b27505c9120768b140bbf17639774c629cdc953;0xbce0e1a2ce5a62cae03d656fdbb4e642b63ec5f3d171b55dacc5fe29b83d7d20;0x03863125;0x489c254bL;0.500000;1503106083;1503106083
0;64;8048;0x2a97b751d3c6473c580b3f8e5b27505c9120768b140bbf17639774c629cdc953;0xbce0e1a2ce5a62cae03d656fdbb4e642b63ec5f3d171b55dacc5fe29b83d7d20;0x03863125;0x489c254bL;0.500000;1503106084;1503106084
0;64;8048;0x7e6b2fcea0ebc2c30866839d56e856a8a04e18277cd4e3ad79a2fe6476f0c0f4;0x4c00702662fd699186bf2984a754c9c68c377a8d038fb21c3f50099f2459a2f6;0x1667236f;0x489c254bL;0.500000;1503106084;1503106084
0;64;8048;0x7e6b2fcea0ebc2c30866839d56e856a8a04e18277cd4e3ad79a2fe6476f0c0f4;0x4c00702662fd699186bf2984a754c9c68c377a8d038fb21c3f50099f2459a2f6;0x1667236f;0x489c254bL;0.500000;1503106084;1503106084
0;64;8048;0x7e6b2fcea0ebc2c30866839d56e856a8a04e18277cd4e3ad79a2fe6476f0c0f4;0x4c00702662fd699186bf2984a754c9c68c377a8d038fb21c3f50099f2459a2f6;0x1667236f;0x489c254bL;0.500000;1503106084;1503106084
0;64;8048;0x7e6b2fcea0ebc2c30866839d56e856a8a04e18277cd4e3ad79a2fe6476f0c0f4;0x4c00702662fd699186bf2984a754c9c68c377a8d038fb21c3f50099f2459a2f6;0x1667236f;0x489c254bL;0.500000;1503106084;1503106084
0;64;8048;0x7e6b2fcea0ebc2c30866839d56e856a8a04e18277cd4e3ad79a2fe6476f0c0f4;0x4c00702662fd699186bf2984a754c9c68c377a8d038fb21c3f50099f2459a2f6;0x1667236f;0x489c254bL;0.500000;1503106085;1503106085
