0;64;8048;0x0245338068a01720380d1f851936301a33c4c9ecdbadf3f21136dbae23e7d026;0xb2fc11328b51912b838e0884abc6bc49dc3a2f9bcc9722dcd307d3ccc82539a3;0x5ae3fe2c;0x489c254bL;0.500000;1503104101;1503104101
0;64;8048;0x0245338068a01720380d1f851936301a33c4c9ecdbadf3f21136dbae23e7d026;0xb2fc11328b51912b838e0884abc6bc49dc3a2f9bcc9722dcd307d3ccc82539a3;0x5ae3fe2c;0x489c254bL;0.500000;1503104101;1503104101
0;64;8048;0x0245338068a01720380d1f851936301a33c4c9ecdbadf3f21136dbae23e7d026;0xb2fc11328b51912b838e0884abc6bc49dc3a2f9bcc9722dcd307d3ccc82539a3;0x5ae3fe2c;0x489c254bL;0.500000;1503104101;1503104101
0;64;8048;0x0245338068a01720380d1f851936301a33c4c9ecdbadf3f21136dbae23e7d026;0xb2fc11328b51912b838e0884abc6bc49dc3a2f9bcc9722dcd307d3ccc82539a3;0x5ae3fe2c;0x489c254bL;0.500000;1503104101;1503104101
0;64;8048;0x0245338068a01720380d1f851936301a33c4c9ecdbadf3f21136dbae23e7d026;0xb2fc11328b51912b838e0884abc6bc49dc3a2f9bcc9722dcd307d3ccc82539a3;0x5ae3fe2c;0x489c254bL;0.500000;1503104101;1503104102
0;64;8048;0x94ddb954e026026cac4893fdbbaa36d3d04ded42ed236118e896cb575af98fef;0xef6baa4147c9098c11575cc889dbff3046e76530d5b223317b63dd5991f398d9;0x66c25b45;0x489c254bL;0.500000;1503104102;1503104102
0;64;8048;0x94ddb954e026026cac4893fdbbaa36d3d04ded42ed236118e896cb575af98fef;0xef6baa4147c9098c11575cc889dbff3046e76530d5b223317b63dd5991f398d9;0x66c25b45;0x489c254bL;0.500000;1503104102;1503104102
0;64;8048;0x94ddb954e026026cac4893fdbbaa36d3d04ded42ed236118e896cb575af98fef;0xef6baa4147c9098c11575cc889dbff3046e76530d5b223317b63dd5991f398d9;0x66c25b45;0x489c254bL;0.500000;1503104102;1503104102
0;64;8048;0x94ddb954e026026cac4893fdbbaa36d3d04ded42ed236118e896cb575af98fef;0xef6baa4147c9098c11575cc889dbff3046e76530d5b223317b63dd5991f398d9;0x66c25b45;0x489c254bL;0.500000;1503104102;1503104102
0;64;8048;0x94ddb954e026026cac4893fdbbaa36d3d04ded42ed236118e896cb575af98fef;0xef6baa4147c9098c11575cc889dbff3046e76530d5b223317b63dd5991f398d9;0x66c25b45;0x489c254bL;0.500000;1503104102;1503104103
0;64;8048;0x6e4a9b01c281d4e32cc65cf2d38e509de04f0274321ca72ea4e02aab26ba1694;0xa434c484d0570037ca73e1c1ca62b7a95cc00a24ba10142954cc5bbfddf3e446;0xee87efa0;0x489c254bL;0.500000;1503104103;1503104103
0;64;8048;0x6e4a9b01c281d4e32cc65cf2d38e509de04f0274321ca72ea4e02aab26ba1694;0xa434c484d0570037ca73e1c1ca62b7a95cc00a24ba10142954cc5bbfddf3e446;0xee87efa0;0x489c254bL;0.500000;1503104103;1503104103
0;64;8048;0x6e4a9b01c281d4e32cc65cf2d38e509de04f0274321ca72ea4e02aab26ba1694;0xa434c484d0570037ca73e1c1ca62b7a95cc00a24ba10142954cc5bbfddf3e446;0xee87efa0;0x489c254bL;0.500000;1503104103;1503104103
0;64;8048;0x6e4a9b01c281d4e32cc65cf2d38e509de04f0274321ca72ea4e02aab26ba1694;0xa434c484d0570037ca73e1c1ca62b7a95cc00a24ba10142954cc5bbfddf3e446;0xee87efa0;0x489c254bL;0.500000;1503104103;1503104103
0;64;8048;0x6e4a9b01c281d4e32cc65cf2d38e509de04f0274321ca72ea4e02aab26ba1694;0xa434c484d0570037ca73e1c1ca62b7a95cc00a24ba10142954cc5bbfddf3e446;0xee87efa0;0x489c254bL;0.500000;1503104103;1503104103
0;64;8048;0x6e4a9b01c281d4e32cc65cf2d38e509de04f0274321ca72ea4e02aab26ba1694;0xa434c484d0570037ca73e1c1ca62b7a95cc00a24ba10142954cc5bbfddf3e446;0xee87efa0;0x489c254bL;0.500000;1503104103;1503104104
0;64;8048;0xeb2f666e439b0e1853caeb1c5a290d0f2b9d27bec492a4cf08d69f5b083961f4;0xf8e9b1cf8e02345487145dfb01a1adc9e758590eebb25f4856496dd7b99f07d8;0xa5a7c265;0x489c254bL;0.500000;1503104104;1503104104
0;64;8048;0xeb2f666e439b0e1853caeb1c5a290d0f2b9d27bec492a4cf08d69f5b083961f4;0xf8e9b1cf8e02345487145dfb01a1adc9e758590eebb25f4856496dd7b99f07d8;0xa5a7c265;0x489c254bL;0.500000;1503104104;1503104104
0;64;8048;0xeb2f666e439b0e1853caeb1c5a290d0f2b9d27bec492a4cf08d69f5b083961f4;0xf8e9b1cf8e02345487145dfb01a1adc9e758590eebb25f4856496dd7b99f07d8;0xa5a7c265;0x489c254bL;0.500000;1503104104;1503104104
0;64;8048;0xeb2f666e439b0e1853caeb1c5a290d0f2b9d27bec492a4cf08d69f5b083961f4;0xf8e9b1cf8e02345487145dfb01a1adc9e758590eebb25f4856496dd7b99f07d8;0xa5a7c265;0x489c254bL;0.500000;1503104104;1503104104
