0;64;8048;0x842ff1c53c1325331884eb40f5e3eabd571a89376a7d94560aff1d199bbc3120;0x0131651b024e1bf84d7b476d716e374b4cca5f3bb8db3e9d399269dd892bbd80;0x75055986;0x489c254bL;0.500000;1503123196;1503123196
0;64;8048;0x842ff1c53c1325331884eb40f5e3eabd571a89376a7d94560aff1d199bbc3120;0x0131651b024e1bf84d7b476d716e374b4cca5f3bb8db3e9d399269dd892bbd80;0x75055986;0x489c254bL;0.500000;1503123196;1503123196
0;64;8048;0x842ff1c53c1325331884eb40f5e3eabd571a89376a7d94560aff1d199bbc3120;0x0131651b024e1bf84d7b476d716e374b4cca5f3bb8db3e9d399269dd892bbd80;0x75055986;0x489c254bL;0.500000;1503123196;1503123196
0;64;8048;0x842ff1c53c1325331884eb40f5e3eabd571a89376a7d94560aff1d199bbc3120;0x0131651b024e1bf84d7b476d716e374b4cca5f3bb8db3e9d399269dd892bbd80;0x75055986;0x489c254bL;0.500000;1503123196;1503123196
0;64;8048;0x842ff1c53c1325331884eb40f5e3eabd571a89376a7d94560aff1d199bbc3120;0x0131651b024e1bf84d7b476d716e374b4cca5f3bb8db3e9d399269dd892bbd80;0x75055986;0x489c254bL;0.500000;1503123196;1503123196
0;64;8048;0x842ff1c53c1325331884eb40f5e3eabd571a89376a7d94560aff1d199bbc3120;0x0131651b024e1bf84d7b476d716e374b4cca5f3bb8db3e9d399269dd892bbd80;0x75055986;0x489c254bL;0.500000;1503123196;1503123197
0;64;8048;0xf04eb559140c59cf17f2865e8de530eb317ee2ec91fe70bf3223a9290af44efb;0xefebfe52e1aa4022b1976d3cae5244281b8c33f533539693d533504065db60fe;0xec6d9eeb;0x2a5a10d6L;0.500000;1503123197;1503123197
0;64;8048;0xf04eb559140c59cf17f2865e8de530eb317ee2ec91fe70bf3223a9290af44efb;0xefebfe52e1aa4022b1976d3cae5244281b8c33f533539693d533504065db60fe;0xec6d9eeb;0x2a5a10d6L;0.500000;1503123197;1503123197
0;64;8048;0xf04eb559140c59cf17f2865e8de530eb317ee2ec91fe70bf3223a9290af44efb;0xefebfe52e1aa4022b1976d3cae5244281b8c33f533539693d533504065db60fe;0xec6d9eeb;0x2a5a10d6L;0.500000;1503123197;1503123197
0;64;8048;0xf04eb559140c59cf17f2865e8de530eb317ee2ec91fe70bf3223a9290af44efb;0xefebfe52e1aa4022b1976d3cae5244281b8c33f533539693d533504065db60fe;0xec6d9eeb;0x2a5a10d6L;0.500000;1503123197;1503123197
0;64;8048;0xf04eb559140c59cf17f2865e8de530eb317ee2ec91fe70bf3223a9290af44efb;0xefebfe52e1aa4022b1976d3cae5244281b8c33f533539693d533504065db60fe;0xec6d9eeb;0x2a5a10d6L;0.500000;1503123197;1503123198
0;64;8048;0x2eb9c01fa061bf944bbd9f9c9fbb4bacdd93e53434fbde7485635f210830f336;0xb1a7d843bf09f5d13ccd4799331c89d57e9fbccbab8c03e0a8e7cfcbdc67b072;0xc529ec85;0x489c254bL;0.500000;1503123198;1503123198
0;64;8048;0x2eb9c01fa061bf944bbd9f9c9fbb4bacdd93e53434fbde7485635f210830f336;0xb1a7d843bf09f5d13ccd4799331c89d57e9fbccbab8c03e0a8e7cfcbdc67b072;0xc529ec85;0x489c254bL;0.500000;1503123198;1503123198
0;64;8048;0x2eb9c01fa061bf944bbd9f9c9fbb4bacdd93e53434fbde7485635f210830f336;0xb1a7d843bf09f5d13ccd4799331c89d57e9fbccbab8c03e0a8e7cfcbdc67b072;0xc529ec85;0x489c254bL;0.500000;1503123198;1503123198
0;64;8048;0x2eb9c01fa061bf944bbd9f9c9fbb4bacdd93e53434fbde7485635f210830f336;0xb1a7d843bf09f5d13ccd4799331c89d57e9fbccbab8c03e0a8e7cfcbdc67b072;0xc529ec85;0x489c254bL;0.500000;1503123198;1503123198
0;64;8048;0x2eb9c01fa061bf944bbd9f9c9fbb4bacdd93e53434fbde7485635f210830f336;0xb1a7d843bf09f5d13ccd4799331c89d57e9fbccbab8c03e0a8e7cfcbdc67b072;0xc529ec85;0x489c254bL;0.500000;1503123198;1503123198
0;64;8048;0x2eb9c01fa061bf944bbd9f9c9fbb4bacdd93e53434fbde7485635f210830f336;0xb1a7d843bf09f5d13ccd4799331c89d57e9fbccbab8c03e0a8e7cfcbdc67b072;0xc529ec85;0x489c254bL;0.500000;1503123198;1503123199
0;64;8048;0xb36c61ec04c0ad265c6872fe8393f2b450c86cc2b640a63cf69b9985bec01371;0x5ff5a3927c9348fb8e72fff61218563a9617fc3e310c928acf677b12ab97e82f;0xbdfb2d15;0x489c254bL;0.500000;1503123199;1503123199
0;64;8048;0xb36c61ec04c0ad265c6872fe8393f2b450c86cc2b640a63cf69b9985bec01371;0x5ff5a3927c9348fb8e72fff61218563a9617fc3e310c928acf677b12ab97e82f;0xbdfb2d15;0x489c254bL;0.500000;1503123199;1503123199
0;64;8048;0xb36c61ec04c0ad265c6872fe8393f2b450c86cc2b640a63cf69b9985bec01371;0x5ff5a3927c9348fb8e72fff61218563a9617fc3e310c928acf677b12ab97e82f;0xbdfb2d15;0x489c254bL;0.500000;1503123199;1503123199
