0;64;8048;0xba16b105da6d002b3ac0be1fd0a88e68a931248b297a1b97def500a5fbda26b5;0xed3af62b1938f9744da931587467273ab32f4cdc03167029382e33f585338b10;0x51c0e454;0x489c254bL;0.500000;1503078824;1503078824
0;64;8048;0xba16b105da6d002b3ac0be1fd0a88e68a931248b297a1b97def500a5fbda26b5;0xed3af62b1938f9744da931587467273ab32f4cdc03167029382e33f585338b10;0x51c0e454;0x489c254bL;0.500000;1503078824;1503078824
0;64;8048;0xba16b105da6d002b3ac0be1fd0a88e68a931248b297a1b97def500a5fbda26b5;0xed3af62b1938f9744da931587467273ab32f4cdc03167029382e33f585338b10;0x51c0e454;0x489c254bL;0.500000;1503078824;1503078824
0;64;8048;0xba16b105da6d002b3ac0be1fd0a88e68a931248b297a1b97def500a5fbda26b5;0xed3af62b1938f9744da931587467273ab32f4cdc03167029382e33f585338b10;0x51c0e454;0x489c254bL;0.500000;1503078824;1503078825
0;64;8048;0x74c5eba63fc402f89356eabf197d3235778148c2047df0b554baafb26d1154e1;0xbef354cbce55f8c9651b2231f987b08ef86444fa308c4b33bc540a1807264d8e;0xc461a83f;0x489c254bL;0.500000;1503078825;1503078825
0;64;8048;0x74c5eba63fc402f89356eabf197d3235778148c2047df0b554baafb26d1154e1;0xbef354cbce55f8c9651b2231f987b08ef86444fa308c4b33bc540a1807264d8e;0xc461a83f;0x489c254bL;0.500000;1503078825;1503078825
0;64;8048;0x74c5eba63fc402f89356eabf197d3235778148c2047df0b554baafb26d1154e1;0xbef354cbce55f8c9651b2231f987b08ef86444fa308c4b33bc540a1807264d8e;0xc461a83f;0x489c254bL;0.500000;1503078825;1503078825
0;64;8048;0x74c5eba63fc402f89356eabf197d3235778148c2047df0b554baafb26d1154e1;0xbef354cbce55f8c9651b2231f987b08ef86444fa308c4b33bc540a1807264d8e;0xc461a83f;0x489c254bL;0.500000;1503078825;1503078826
0;64;8048;0x84515e166f33f6519408f71b8b717c655cd8bbbf473db44d72084513777192fb;0x43b65313e6d651a56e14c4ac4382fbbd205f3e5d6ee032ff7fd0a7aa69601c68;0xbc65598d;0x489c254bL;0.500000;1503078826;1503078826
0;64;8048;0x84515e166f33f6519408f71b8b717c655cd8bbbf473db44d72084513777192fb;0x43b65313e6d651a56e14c4ac4382fbbd205f3e5d6ee032ff7fd0a7aa69601c68;0xbc65598d;0x489c254bL;0.500000;1503078826;1503078826
0;64;8048;0x84515e166f33f6519408f71b8b717c655cd8bbbf473db44d72084513777192fb;0x43b65313e6d651a56e14c4ac4382fbbd205f3e5d6ee032ff7fd0a7aa69601c68;0xbc65598d;0x489c254bL;0.500000;1503078826;1503078826
0;64;8048;0x84515e166f33f6519408f71b8b717c655cd8bbbf473db44d72084513777192fb;0x43b65313e6d651a56e14c4ac4382fbbd205f3e5d6ee032ff7fd0a7aa69601c68;0xbc65598d;0x489c254bL;0.500000;1503078826;1503078826
0;64;8048;0x84515e166f33f6519408f71b8b717c655cd8bbbf473db44d72084513777192fb;0x43b65313e6d651a56e14c4ac4382fbbd205f3e5d6ee032ff7fd0a7aa69601c68;0xbc65598d;0x489c254bL;0.500000;1503078826;1503078827
0;64;8048;0xf7681fdd4ea812553e3c2674698bc9cd27155429171d489143e415497408606b;0xd44c6b5f3a86dfbe4175d2535f47dbca22aab46330b67824aa12d17377130153;0xb8047031;0x489c254bL;0.500000;1503078827;1503078827
0;64;8048;0xf7681fdd4ea812553e3c2674698bc9cd27155429171d489143e415497408606b;0xd44c6b5f3a86dfbe4175d2535f47dbca22aab46330b67824aa12d17377130153;0xb8047031;0x489c254bL;0.500000;1503078827;1503078827
0;64;8048;0xf7681fdd4ea812553e3c2674698bc9cd27155429171d489143e415497408606b;0xd44c6b5f3a86dfbe4175d2535f47dbca22aab46330b67824aa12d17377130153;0xb8047031;0x489c254bL;0.500000;1503078827;1503078827
0;64;8048;0xf7681fdd4ea812553e3c2674698bc9cd27155429171d489143e415497408606b;0xd44c6b5f3a86dfbe4175d2535f47dbca22aab46330b67824aa12d17377130153;0xb8047031;0x489c254bL;0.500000;1503078827;1503078827
0;64;8048;0xf7681fdd4ea812553e3c2674698bc9cd27155429171d489143e415497408606b;0xd44c6b5f3a86dfbe4175d2535f47dbca22aab46330b67824aa12d17377130153;0xb8047031;0x489c254bL;0.500000;1503078827;1503078828
0;64;8048;0x3f0b6a6ff6d206a56656e8fbeef41ceca5001be478a6a16d19ef7942dd9fe41d;0x94c4206245370054cea80d6cb7700fb3d75edc009cc32ffa0e0aa6625bbe2569;0x66b41423;0x489c254bL;0.500000;1503078828;1503078828
0;64;8048;0x3f0b6a6ff6d206a56656e8fbeef41ceca5001be478a6a16d19ef7942dd9fe41d;0x94c4206245370054cea80d6cb7700fb3d75edc009cc32ffa0e0aa6625bbe2569;0x66b41423;0x489c254bL;0.500000;1503078828;1503078828
