0;64;8048;0x243799aaafca93fd862eaa6e7f87eaec8e0f541e45e5bb1b415d93fed5d05ff9;0xf898a9542d4e0b6666d08181080c2552f140694285a95ff2277da33fd2d979a7;0x2050fd8e;0x489c254bL;0.500000;1503140971;1503140971
0;64;8048;0x5a2025d19978fcd568af85ccb245f979a24b52111c8c1e41deea3e9ce9dc7743;0x9537533493ce6f0e486606b9c1d327332586d3cbd1e1be9853814ab99520d8f8;0xc1c7f14f;0x489c254bL;0.500000;1503140971;1503140971
0;64;8048;0x5a2025d19978fcd568af85ccb245f979a24b52111c8c1e41deea3e9ce9dc7743;0x9537533493ce6f0e486606b9c1d327332586d3cbd1e1be9853814ab99520d8f8;0xc1c7f14f;0x489c254bL;0.500000;1503140971;1503140971
0;64;8048;0x5a2025d19978fcd568af85ccb245f979a24b52111c8c1e41deea3e9ce9dc7743;0x9537533493ce6f0e486606b9c1d327332586d3cbd1e1be9853814ab99520d8f8;0xc1c7f14f;0x489c254bL;0.500000;1503140971;1503140971
0;64;8048;0x5a2025d19978fcd568af85ccb245f979a24b52111c8c1e41deea3e9ce9dc7743;0x9537533493ce6f0e486606b9c1d327332586d3cbd1e1be9853814ab99520d8f8;0xc1c7f14f;0x489c254bL;0.500000;1503140971;1503140971
0;64;8048;0x5a2025d19978fcd568af85ccb245f979a24b52111c8c1e41deea3e9ce9dc7743;0x9537533493ce6f0e486606b9c1d327332586d3cbd1e1be9853814ab99520d8f8;0xc1c7f14f;0x489c254bL;0.500000;1503140971;1503140972
0;64;8048;0x2d31081f9dde79c5281018b3d3ff587164a9561faea6cd3026d13b894e02e37c;0x8fb28dca4b4a2ff90b68a22ba8efbf382a0b3bd0c0c5188bf75bb0e920ef5c5b;0x77fbaa39;0x489c254bL;0.500000;1503140972;1503140972
0;64;8048;0x2d31081f9dde79c5281018b3d3ff587164a9561faea6cd3026d13b894e02e37c;0x8fb28dca4b4a2ff90b68a22ba8efbf382a0b3bd0c0c5188bf75bb0e920ef5c5b;0x77fbaa39;0x489c254bL;0.500000;1503140972;1503140972
0;64;8048;0x2d31081f9dde79c5281018b3d3ff587164a9561faea6cd3026d13b894e02e37c;0x8fb28dca4b4a2ff90b68a22ba8efbf382a0b3bd0c0c5188bf75bb0e920ef5c5b;0x77fbaa39;0x489c254bL;0.500000;1503140972;1503140972
0;64;8048;0x2d31081f9dde79c5281018b3d3ff587164a9561faea6cd3026d13b894e02e37c;0x8fb28dca4b4a2ff90b68a22ba8efbf382a0b3bd0c0c5188bf75bb0e920ef5c5b;0x77fbaa39;0x489c254bL;0.500000;1503140972;1503140972
0;64;8048;0x2d31081f9dde79c5281018b3d3ff587164a9561faea6cd3026d13b894e02e37c;0x8fb28dca4b4a2ff90b68a22ba8efbf382a0b3bd0c0c5188bf75bb0e920ef5c5b;0x77fbaa39;0x489c254bL;0.500000;1503140972;1503140972
0;64;8048;0x2d31081f9dde79c5281018b3d3ff587164a9561faea6cd3026d13b894e02e37c;0x8fb28dca4b4a2ff90b68a22ba8efbf382a0b3bd0c0c5188bf75bb0e920ef5c5b;0x77fbaa39;0x489c254bL;0.500000;1503140973;1503140973
0;64;8048;0xdc6a3c0bd8577d9390be9cc750272c1beccf828a937322737a32666870a0874d;0x5dc3de86eeb3fc3451d742ec1b010e31fb3791ccc6361ceaa5838c7d6dfed288;0x08fa7de1;0x489c254bL;0.500000;1503140973;1503140973
0;64;8048;0xdc6a3c0bd8577d9390be9cc750272c1beccf828a937322737a32666870a0874d;0x5dc3de86eeb3fc3451d742ec1b010e31fb3791ccc6361ceaa5838c7d6dfed288;0x08fa7de1;0x489c254bL;0.500000;1503140973;1503140973
0;64;8048;0xdc6a3c0bd8577d9390be9cc750272c1beccf828a937322737a32666870a0874d;0x5dc3de86eeb3fc3451d742ec1b010e31fb3791ccc6361ceaa5838c7d6dfed288;0x08fa7de1;0x489c254bL;0.500000;1503140973;1503140973
0;64;8048;0xdc6a3c0bd8577d9390be9cc750272c1beccf828a937322737a32666870a0874d;0x5dc3de86eeb3fc3451d742ec1b010e31fb3791ccc6361ceaa5838c7d6dfed288;0x08fa7de1;0x489c254bL;0.500000;1503140973;1503140973
0;64;8048;0xdc6a3c0bd8577d9390be9cc750272c1beccf828a937322737a32666870a0874d;0x5dc3de86eeb3fc3451d742ec1b010e31fb3791ccc6361ceaa5838c7d6dfed288;0x08fa7de1;0x489c254bL;0.500000;1503140973;1503140974
0;64;8048;0xca4d23b65eda4da79d9a6b2d1c68642f903a5a0044ca1d47561626b591c7215b;0x8584a7c264ce0ec47a9b93cd3ef4cf6503afd924a43d0d3803b653775f6b06d6;0x05949a7f;0x489c254bL;0.500000;1503140974;1503140974
0;64;8048;0xca4d23b65eda4da79d9a6b2d1c68642f903a5a0044ca1d47561626b591c7215b;0x8584a7c264ce0ec47a9b93cd3ef4cf6503afd924a43d0d3803b653775f6b06d6;0x05949a7f;0x489c254bL;0.500000;1503140974;1503140974
0;64;8048;0xca4d23b65eda4da79d9a6b2d1c68642f903a5a0044ca1d47561626b591c7215b;0x8584a7c264ce0ec47a9b93cd3ef4cf6503afd924a43d0d3803b653775f6b06d6;0x05949a7f;0x489c254bL;0.500000;1503140974;1503140974
