0;64;8048;0x7dee8f4c06bd2ff1a4adb2874c523253c45ef49afbab4719bb9d97777067c0ed;0x583fec3b1317e058af147677fb8c472cb78b3a4c9e68bb821e0a0a49ab70aaaf;0x4ad9101d;0x489c254bL;0.500000;1503102113;1503102113
0;64;8048;0x7dee8f4c06bd2ff1a4adb2874c523253c45ef49afbab4719bb9d97777067c0ed;0x583fec3b1317e058af147677fb8c472cb78b3a4c9e68bb821e0a0a49ab70aaaf;0x4ad9101d;0x489c254bL;0.500000;1503102113;1503102113
0;64;8048;0x7dee8f4c06bd2ff1a4adb2874c523253c45ef49afbab4719bb9d97777067c0ed;0x583fec3b1317e058af147677fb8c472cb78b3a4c9e68bb821e0a0a49ab70aaaf;0x4ad9101d;0x489c254bL;0.500000;1503102113;1503102114
0;64;8048;0xab044c95281b3b6717dc374373021347b450748ce0cf3dd905328284849bcd2f;0x3784a3447d0146f7fececf5952e4eed5fbb2c58296ba9f46d73e983807817e03;0x439dc708;0x489c254bL;0.500000;1503102114;1503102114
0;64;8048;0xab044c95281b3b6717dc374373021347b450748ce0cf3dd905328284849bcd2f;0x3784a3447d0146f7fececf5952e4eed5fbb2c58296ba9f46d73e983807817e03;0x439dc708;0x489c254bL;0.500000;1503102114;1503102114
0;64;8048;0xab044c95281b3b6717dc374373021347b450748ce0cf3dd905328284849bcd2f;0x3784a3447d0146f7fececf5952e4eed5fbb2c58296ba9f46d73e983807817e03;0x439dc708;0x489c254bL;0.500000;1503102114;1503102114
0;64;8048;0xab044c95281b3b6717dc374373021347b450748ce0cf3dd905328284849bcd2f;0x3784a3447d0146f7fececf5952e4eed5fbb2c58296ba9f46d73e983807817e03;0x439dc708;0x489c254bL;0.500000;1503102114;1503102114
0;64;8048;0xab044c95281b3b6717dc374373021347b450748ce0cf3dd905328284849bcd2f;0x3784a3447d0146f7fececf5952e4eed5fbb2c58296ba9f46d73e983807817e03;0x439dc708;0x489c254bL;0.500000;1503102114;1503102115
0;64;8048;0x789a5c7808cf9483a8845870287670e15dd33ada9e0186f318489cdbd3745f4b;0x48d3e00bd246d61e20c1afda69ccef6676eabab84a4c823923cbc4a122f77288;0x6c5393df;0x489c254bL;0.500000;1503102115;1503102115
0;64;8048;0x789a5c7808cf9483a8845870287670e15dd33ada9e0186f318489cdbd3745f4b;0x48d3e00bd246d61e20c1afda69ccef6676eabab84a4c823923cbc4a122f77288;0x6c5393df;0x489c254bL;0.500000;1503102115;1503102115
0;64;8048;0x789a5c7808cf9483a8845870287670e15dd33ada9e0186f318489cdbd3745f4b;0x48d3e00bd246d61e20c1afda69ccef6676eabab84a4c823923cbc4a122f77288;0x6c5393df;0x489c254bL;0.500000;1503102115;1503102115
0;64;8048;0x789a5c7808cf9483a8845870287670e15dd33ada9e0186f318489cdbd3745f4b;0x48d3e00bd246d61e20c1afda69ccef6676eabab84a4c823923cbc4a122f77288;0x6c5393df;0x489c254bL;0.500000;1503102115;1503102115
0;64;8048;0x789a5c7808cf9483a8845870287670e15dd33ada9e0186f318489cdbd3745f4b;0x48d3e00bd246d61e20c1afda69ccef6676eabab84a4c823923cbc4a122f77288;0x6c5393df;0x489c254bL;0.500000;1503102115;1503102115
0;64;8048;0x789a5c7808cf9483a8845870287670e15dd33ada9e0186f318489cdbd3745f4b;0x48d3e00bd246d61e20c1afda69ccef6676eabab84a4c823923cbc4a122f77288;0x6c5393df;0x489c254bL;0.500000;1503102116;1503102116
0;64;8048;0xc8bedb86a317d6e140efe6bc3c310288513bc0ef5a1589cfa192cb9ffc856cc4;0xc9e46136731496b4621fe9d7b2fd33da9898d8bc4d6d4ed0f7154cab49fdd7b1;0xa5328211;0xa36518b9L;0.500000;1503102116;1503102116
0;64;8048;0xc8bedb86a317d6e140efe6bc3c310288513bc0ef5a1589cfa192cb9ffc856cc4;0xc9e46136731496b4621fe9d7b2fd33da9898d8bc4d6d4ed0f7154cab49fdd7b1;0xa5328211;0xa36518b9L;0.500000;1503102116;1503102116
0;64;8048;0xc8bedb86a317d6e140efe6bc3c310288513bc0ef5a1589cfa192cb9ffc856cc4;0xc9e46136731496b4621fe9d7b2fd33da9898d8bc4d6d4ed0f7154cab49fdd7b1;0xa5328211;0xa36518b9L;0.500000;1503102116;1503102116
0;64;8048;0xc8bedb86a317d6e140efe6bc3c310288513bc0ef5a1589cfa192cb9ffc856cc4;0xc9e46136731496b4621fe9d7b2fd33da9898d8bc4d6d4ed0f7154cab49fdd7b1;0xa5328211;0xa36518b9L;0.500000;1503102116;1503102116
0;64;8048;0xc8bedb86a317d6e140efe6bc3c310288513bc0ef5a1589cfa192cb9ffc856cc4;0xc9e46136731496b4621fe9d7b2fd33da9898d8bc4d6d4ed0f7154cab49fdd7b1;0xa5328211;0xa36518b9L;0.500000;1503102117;1503102117
0;64;8048;0x50f9b0794b9ebe88025f55cb4240478465ed53a80b3930493a3be798c100b011;0xe00636fbf31f1f2c1f45f42f80325a6b9b8d84afc2c7146ea3072fb4b79991a5;0x8a0a00ea;0x489c254bL;0.500000;1503102117;1503102117
