0;64;8048;0x5158b8caf6f0efe89c05bf1255265a63bba0fde676e77bd43e913cca7b178acc;0x3cfc2d974863d1231edb3138d93eaa2d329cb95d62189923c3d570657e372a40;0xb54bc2e4;0x489c254bL;0.500000;1503093532;1503093532
0;64;8048;0xa283a94e520468e4d2c75d9ec8b79c541eb8d4d1633b3ba9251cd8f50fa521b1;0x4ed6679ddbc35e3f9517d4c1990caa1f5e17c4dcf3ae4a55fcd398f5a8745321;0xbed6cef2;0x489c254bL;0.500000;1503093532;1503093532
0;64;8048;0xa283a94e520468e4d2c75d9ec8b79c541eb8d4d1633b3ba9251cd8f50fa521b1;0x4ed6679ddbc35e3f9517d4c1990caa1f5e17c4dcf3ae4a55fcd398f5a8745321;0xbed6cef2;0x489c254bL;0.500000;1503093532;1503093532
0;64;8048;0xa283a94e520468e4d2c75d9ec8b79c541eb8d4d1633b3ba9251cd8f50fa521b1;0x4ed6679ddbc35e3f9517d4c1990caa1f5e17c4dcf3ae4a55fcd398f5a8745321;0xbed6cef2;0x489c254bL;0.500000;1503093532;1503093532
0;64;8048;0xa283a94e520468e4d2c75d9ec8b79c541eb8d4d1633b3ba9251cd8f50fa521b1;0x4ed6679ddbc35e3f9517d4c1990caa1f5e17c4dcf3ae4a55fcd398f5a8745321;0xbed6cef2;0x489c254bL;0.500000;1503093532;1503093532
0;64;8048;0xa283a94e520468e4d2c75d9ec8b79c541eb8d4d1633b3ba9251cd8f50fa521b1;0x4ed6679ddbc35e3f9517d4c1990caa1f5e17c4dcf3ae4a55fcd398f5a8745321;0xbed6cef2;0x489c254bL;0.500000;1503093533;1503093533
0;64;8048;0x8f70249ec2f22bea23a9b904b3a9a2ae810ad91cc7ae7de8da0ecce23a4b26c9;0x05627bebbbe6537ae71a5a2651044dad2989266573d206f18fd22b5ce4b70dcc;0x6ba37406;0x489c254bL;0.500000;1503093533;1503093533
0;64;8048;0x8f70249ec2f22bea23a9b904b3a9a2ae810ad91cc7ae7de8da0ecce23a4b26c9;0x05627bebbbe6537ae71a5a2651044dad2989266573d206f18fd22b5ce4b70dcc;0x6ba37406;0x489c254bL;0.500000;1503093533;1503093533
0;64;8048;0x8f70249ec2f22bea23a9b904b3a9a2ae810ad91cc7ae7de8da0ecce23a4b26c9;0x05627bebbbe6537ae71a5a2651044dad2989266573d206f18fd22b5ce4b70dcc;0x6ba37406;0x489c254bL;0.500000;1503093533;1503093533
0;64;8048;0x8f70249ec2f22bea23a9b904b3a9a2ae810ad91cc7ae7de8da0ecce23a4b26c9;0x05627bebbbe6537ae71a5a2651044dad2989266573d206f18fd22b5ce4b70dcc;0x6ba37406;0x489c254bL;0.500000;1503093533;1503093533
0;64;8048;0x8f70249ec2f22bea23a9b904b3a9a2ae810ad91cc7ae7de8da0ecce23a4b26c9;0x05627bebbbe6537ae71a5a2651044dad2989266573d206f18fd22b5ce4b70dcc;0x6ba37406;0x489c254bL;0.500000;1503093533;1503093534
0;64;8048;0x3ca973ca4a5e8b76ad23290ec8d3b5b7bfa732fe5a97b953fa5549a8cce6c308;0x1d7b3fde8cc1b91a9c278d779f4f39a2628bc6cb1f40470cb3435973f15355e6;0x78230088;0x489c254bL;0.500000;1503093534;1503093534
0;64;8048;0x3ca973ca4a5e8b76ad23290ec8d3b5b7bfa732fe5a97b953fa5549a8cce6c308;0x1d7b3fde8cc1b91a9c278d779f4f39a2628bc6cb1f40470cb3435973f15355e6;0x78230088;0x489c254bL;0.500000;1503093534;1503093534
0;64;8048;0x3ca973ca4a5e8b76ad23290ec8d3b5b7bfa732fe5a97b953fa5549a8cce6c308;0x1d7b3fde8cc1b91a9c278d779f4f39a2628bc6cb1f40470cb3435973f15355e6;0x78230088;0x489c254bL;0.500000;1503093534;1503093534
0;64;8048;0x3ca973ca4a5e8b76ad23290ec8d3b5b7bfa732fe5a97b953fa5549a8cce6c308;0x1d7b3fde8cc1b91a9c278d779f4f39a2628bc6cb1f40470cb3435973f15355e6;0x78230088;0x489c254bL;0.500000;1503093534;1503093534
0;64;8048;0x3ca973ca4a5e8b76ad23290ec8d3b5b7bfa732fe5a97b953fa5549a8cce6c308;0x1d7b3fde8cc1b91a9c278d779f4f39a2628bc6cb1f40470cb3435973f15355e6;0x78230088;0x489c254bL;0.500000;1503093534;1503093534
0;64;8048;0x3ca973ca4a5e8b76ad23290ec8d3b5b7bfa732fe5a97b953fa5549a8cce6c308;0x1d7b3fde8cc1b91a9c278d779f4f39a2628bc6cb1f40470cb3435973f15355e6;0x78230088;0x489c254bL;0.500000;1503093534;1503093535
0;64;8048;0x2bac1dd08dd600c958d432d6e25bc0c7974154355d941bcd043c2249110f7f3c;0xa8b71fe27e70c9c0cc5eeee77a88762855f34181923a73420d137665999eb890;0xc1391350;0x489c254bL;0.500000;1503093535;1503093535
0;64;8048;0x2bac1dd08dd600c958d432d6e25bc0c7974154355d941bcd043c2249110f7f3c;0xa8b71fe27e70c9c0cc5eeee77a88762855f34181923a73420d137665999eb890;0xc1391350;0x489c254bL;0.500000;1503093535;1503093535
0;64;8048;0x2bac1dd08dd600c958d432d6e25bc0c7974154355d941bcd043c2249110f7f3c;0xa8b71fe27e70c9c0cc5eeee77a88762855f34181923a73420d137665999eb890;0xc1391350;0x489c254bL;0.500000;1503093535;1503093535
