0;64;8048;0x80bae555b8eec0f6373a46137f02669971be5c2139fa4af9b7cdc7698f95ec0f;0x1c4be31b8c0d90747e627a33c643c18931c4a62a003f91f252d82c93d043d16e;0xe4bcc8cd;0x489c254bL;0.500000;1503119249;1503119249
0;64;8048;0x80bae555b8eec0f6373a46137f02669971be5c2139fa4af9b7cdc7698f95ec0f;0x1c4be31b8c0d90747e627a33c643c18931c4a62a003f91f252d82c93d043d16e;0xe4bcc8cd;0x489c254bL;0.500000;1503119249;1503119249
0;64;8048;0x80bae555b8eec0f6373a46137f02669971be5c2139fa4af9b7cdc7698f95ec0f;0x1c4be31b8c0d90747e627a33c643c18931c4a62a003f91f252d82c93d043d16e;0xe4bcc8cd;0x489c254bL;0.500000;1503119250;1503119250
0;64;8048;0x6e7a68f0315639f932b45166abe8f638fd7c412d2033e75410e63dfd03b55671;0xe80a28600d1a24444073eef51f1e66dae2eac8eb5ddf27e3c9fa4d615281aec3;0xa67967c9;0x489c254bL;0.500000;1503119250;1503119250
0;64;8048;0x6e7a68f0315639f932b45166abe8f638fd7c412d2033e75410e63dfd03b55671;0xe80a28600d1a24444073eef51f1e66dae2eac8eb5ddf27e3c9fa4d615281aec3;0xa67967c9;0x489c254bL;0.500000;1503119250;1503119250
0;64;8048;0x6e7a68f0315639f932b45166abe8f638fd7c412d2033e75410e63dfd03b55671;0xe80a28600d1a24444073eef51f1e66dae2eac8eb5ddf27e3c9fa4d615281aec3;0xa67967c9;0x489c254bL;0.500000;1503119250;1503119250
0;64;8048;0x6e7a68f0315639f932b45166abe8f638fd7c412d2033e75410e63dfd03b55671;0xe80a28600d1a24444073eef51f1e66dae2eac8eb5ddf27e3c9fa4d615281aec3;0xa67967c9;0x489c254bL;0.500000;1503119250;1503119250
0;64;8048;0x6e7a68f0315639f932b45166abe8f638fd7c412d2033e75410e63dfd03b55671;0xe80a28600d1a24444073eef51f1e66dae2eac8eb5ddf27e3c9fa4d615281aec3;0xa67967c9;0x489c254bL;0.500000;1503119250;1503119251
0;64;8048;0xc887cabdcb83d8e2728ad60a96d77c66de89c0d000bb9a263378a85a5e5c2027;0xaa08e05d5b4cc6f4bc50023344d7e23c1b6c90326687abc92c897395d095a509;0xb20c7f05;0x489c254bL;0.500000;1503119251;1503119251
0;64;8048;0xc887cabdcb83d8e2728ad60a96d77c66de89c0d000bb9a263378a85a5e5c2027;0xaa08e05d5b4cc6f4bc50023344d7e23c1b6c90326687abc92c897395d095a509;0xb20c7f05;0x489c254bL;0.500000;1503119251;1503119251
0;64;8048;0xc887cabdcb83d8e2728ad60a96d77c66de89c0d000bb9a263378a85a5e5c2027;0xaa08e05d5b4cc6f4bc50023344d7e23c1b6c90326687abc92c897395d095a509;0xb20c7f05;0x489c254bL;0.500000;1503119251;1503119251
0;64;8048;0xc887cabdcb83d8e2728ad60a96d77c66de89c0d000bb9a263378a85a5e5c2027;0xaa08e05d5b4cc6f4bc50023344d7e23c1b6c90326687abc92c897395d095a509;0xb20c7f05;0x489c254bL;0.500000;1503119251;1503119251
0;64;8048;0xc887cabdcb83d8e2728ad60a96d77c66de89c0d000bb9a263378a85a5e5c2027;0xaa08e05d5b4cc6f4bc50023344d7e23c1b6c90326687abc92c897395d095a509;0xb20c7f05;0x489c254bL;0.500000;1503119251;1503119252
0;64;8048;0xca6074abc1038dde34713027954de473700f9bdcab65f2dc611d37bc77c04241;0xf324520c39789a2187b4b25bc57b68a55671f33c2b26e85e517dae07a68e60e3;0x9a701473;0x2a5a10d6L;0.500000;1503119252;1503119252
0;64;8048;0xca6074abc1038dde34713027954de473700f9bdcab65f2dc611d37bc77c04241;0xf324520c39789a2187b4b25bc57b68a55671f33c2b26e85e517dae07a68e60e3;0x9a701473;0x2a5a10d6L;0.500000;1503119252;1503119252
0;64;8048;0xca6074abc1038dde34713027954de473700f9bdcab65f2dc611d37bc77c04241;0xf324520c39789a2187b4b25bc57b68a55671f33c2b26e85e517dae07a68e60e3;0x9a701473;0x2a5a10d6L;0.500000;1503119252;1503119252
0;64;8048;0xca6074abc1038dde34713027954de473700f9bdcab65f2dc611d37bc77c04241;0xf324520c39789a2187b4b25bc57b68a55671f33c2b26e85e517dae07a68e60e3;0x9a701473;0x2a5a10d6L;0.500000;1503119252;1503119252
0;64;8048;0xca6074abc1038dde34713027954de473700f9bdcab65f2dc611d37bc77c04241;0xf324520c39789a2187b4b25bc57b68a55671f33c2b26e85e517dae07a68e60e3;0x9a701473;0x2a5a10d6L;0.500000;1503119252;1503119253
0;64;8048;0xbf6fdbaecd9a56cd3f3b97d683298af7809b48ffcf0b92555ed42079fd1903bc;0x1330dffc69905dca7fbb1025d46abb7ad4930d3e0e0d0c177f99fd91ba1640b1;0x40b8ae1f;0x489c254bL;0.500000;1503119253;1503119253
0;64;8048;0xbf6fdbaecd9a56cd3f3b97d683298af7809b48ffcf0b92555ed42079fd1903bc;0x1330dffc69905dca7fbb1025d46abb7ad4930d3e0e0d0c177f99fd91ba1640b1;0x40b8ae1f;0x489c254bL;0.500000;1503119253;1503119253
