0;64;8048;0x4c7954fdc6caf436010da5de5cfe3f76aa2fd4f6b29449f18fd035ff8e5c30db;0x0c3f5b3448c8a0bb3d35bce4e26d8f19091fcc1206cfe0e584fdfca807cff131;0x14cd673e;0x489c254bL;0.500000;1503090469;1503090469
0;64;8048;0x4c7954fdc6caf436010da5de5cfe3f76aa2fd4f6b29449f18fd035ff8e5c30db;0x0c3f5b3448c8a0bb3d35bce4e26d8f19091fcc1206cfe0e584fdfca807cff131;0x14cd673e;0x489c254bL;0.500000;1503090469;1503090469
0;64;8048;0x4c7954fdc6caf436010da5de5cfe3f76aa2fd4f6b29449f18fd035ff8e5c30db;0x0c3f5b3448c8a0bb3d35bce4e26d8f19091fcc1206cfe0e584fdfca807cff131;0x14cd673e;0x489c254bL;0.500000;1503090469;1503090470
0;64;8048;0xe6877f769af45057ed7f2e695ff72077ad64064637e3589d8a84eeffda1aa8c0;0xc6e32234377b1229729fa4e7af415ee95918759414567b63311e652e1fa399aa;0x0219c360;0x489c254bL;0.500000;1503090470;1503090470
0;64;8048;0xe6877f769af45057ed7f2e695ff72077ad64064637e3589d8a84eeffda1aa8c0;0xc6e32234377b1229729fa4e7af415ee95918759414567b63311e652e1fa399aa;0x0219c360;0x489c254bL;0.500000;1503090470;1503090470
0;64;8048;0xe6877f769af45057ed7f2e695ff72077ad64064637e3589d8a84eeffda1aa8c0;0xc6e32234377b1229729fa4e7af415ee95918759414567b63311e652e1fa399aa;0x0219c360;0x489c254bL;0.500000;1503090470;1503090470
0;64;8048;0xe6877f769af45057ed7f2e695ff72077ad64064637e3589d8a84eeffda1aa8c0;0xc6e32234377b1229729fa4e7af415ee95918759414567b63311e652e1fa399aa;0x0219c360;0x489c254bL;0.500000;1503090470;1503090471
0;64;8048;0xe8a775b7ac28e7d86196443c25846e6a5a633ed63eba73871a917239b2931d9a;0xb284934f7628fd46feec9f2d6caab2aa08bcb94ee77db7bff2d70cee9bf3ce44;0x20bcf600;0x489c254bL;0.500000;1503090471;1503090471
0;64;8048;0xe8a775b7ac28e7d86196443c25846e6a5a633ed63eba73871a917239b2931d9a;0xb284934f7628fd46feec9f2d6caab2aa08bcb94ee77db7bff2d70cee9bf3ce44;0x20bcf600;0x489c254bL;0.500000;1503090471;1503090471
0;64;8048;0xe8a775b7ac28e7d86196443c25846e6a5a633ed63eba73871a917239b2931d9a;0xb284934f7628fd46feec9f2d6caab2aa08bcb94ee77db7bff2d70cee9bf3ce44;0x20bcf600;0x489c254bL;0.500000;1503090471;1503090471
0;64;8048;0xe8a775b7ac28e7d86196443c25846e6a5a633ed63eba73871a917239b2931d9a;0xb284934f7628fd46feec9f2d6caab2aa08bcb94ee77db7bff2d70cee9bf3ce44;0x20bcf600;0x489c254bL;0.500000;1503090471;1503090472
0;64;8048;0x0205c9be0e562e5e23f0b84d6fc748fd247656f55099fc49fa6ff44df11364f3;0x14a50bf83d77624509362e4118380293bf36f9ce3994452c6ee01650899e5028;0xde54a143;0x489c254bL;0.500000;1503090472;1503090472
0;64;8048;0x0205c9be0e562e5e23f0b84d6fc748fd247656f55099fc49fa6ff44df11364f3;0x14a50bf83d77624509362e4118380293bf36f9ce3994452c6ee01650899e5028;0xde54a143;0x489c254bL;0.500000;1503090472;1503090472
0;64;8048;0x0205c9be0e562e5e23f0b84d6fc748fd247656f55099fc49fa6ff44df11364f3;0x14a50bf83d77624509362e4118380293bf36f9ce3994452c6ee01650899e5028;0xde54a143;0x489c254bL;0.500000;1503090472;1503090472
0;64;8048;0x0205c9be0e562e5e23f0b84d6fc748fd247656f55099fc49fa6ff44df11364f3;0x14a50bf83d77624509362e4118380293bf36f9ce3994452c6ee01650899e5028;0xde54a143;0x489c254bL;0.500000;1503090472;1503090472
0;64;8048;0x0205c9be0e562e5e23f0b84d6fc748fd247656f55099fc49fa6ff44df11364f3;0x14a50bf83d77624509362e4118380293bf36f9ce3994452c6ee01650899e5028;0xde54a143;0x489c254bL;0.500000;1503090473;1503090473
0;64;8048;0xdb2db1a3e674e39c95c44c32cffb3bc43f3c36f7ddb694e8ccaf15ff44de061f;0xb1358672f48dbfbf6a70bc4958d32856f8dcb6bb4c255cda60de7aee742f65e4;0x5587270a;0x489c254bL;0.500000;1503090473;1503090473
0;64;8048;0xdb2db1a3e674e39c95c44c32cffb3bc43f3c36f7ddb694e8ccaf15ff44de061f;0xb1358672f48dbfbf6a70bc4958d32856f8dcb6bb4c255cda60de7aee742f65e4;0x5587270a;0x489c254bL;0.500000;1503090473;1503090473
0;64;8048;0xdb2db1a3e674e39c95c44c32cffb3bc43f3c36f7ddb694e8ccaf15ff44de061f;0xb1358672f48dbfbf6a70bc4958d32856f8dcb6bb4c255cda60de7aee742f65e4;0x5587270a;0x489c254bL;0.500000;1503090473;1503090473
0;64;8048;0xdb2db1a3e674e39c95c44c32cffb3bc43f3c36f7ddb694e8ccaf15ff44de061f;0xb1358672f48dbfbf6a70bc4958d32856f8dcb6bb4c255cda60de7aee742f65e4;0x5587270a;0x489c254bL;0.500000;1503090473;1503090474
