0;64;8048;0xb1d9c76c280448d9112615ca41cc15cd5fb66d39b5aa5cbf512b5dd91b34aecc;0x533b2e2607cd131c74eb43f003edef986fc12c7e6b4fe2a995b235daabb7c061;0x8099e544;0x489c254bL;0.500000;1503098844;1503098844
0;64;8048;0xb1d9c76c280448d9112615ca41cc15cd5fb66d39b5aa5cbf512b5dd91b34aecc;0x533b2e2607cd131c74eb43f003edef986fc12c7e6b4fe2a995b235daabb7c061;0x8099e544;0x489c254bL;0.500000;1503098844;1503098844
0;64;8048;0xb1d9c76c280448d9112615ca41cc15cd5fb66d39b5aa5cbf512b5dd91b34aecc;0x533b2e2607cd131c74eb43f003edef986fc12c7e6b4fe2a995b235daabb7c061;0x8099e544;0x489c254bL;0.500000;1503098844;1503098844
0;64;8048;0xb1d9c76c280448d9112615ca41cc15cd5fb66d39b5aa5cbf512b5dd91b34aecc;0x533b2e2607cd131c74eb43f003edef986fc12c7e6b4fe2a995b235daabb7c061;0x8099e544;0x489c254bL;0.500000;1503098844;1503098845
0;64;8048;0x40dd9ea9273a120b6bfa96dd87a818864b8ce8aa280838f423681cbd53f88793;0x84e6c8b15ef0be957dd6f2d46ee99260bfea83264c4ea6e76134a0d729b5588a;0xc407ef1c;0x489c254bL;0.500000;1503098845;1503098845
0;64;8048;0x40dd9ea9273a120b6bfa96dd87a818864b8ce8aa280838f423681cbd53f88793;0x84e6c8b15ef0be957dd6f2d46ee99260bfea83264c4ea6e76134a0d729b5588a;0xc407ef1c;0x489c254bL;0.500000;1503098845;1503098845
0;64;8048;0x40dd9ea9273a120b6bfa96dd87a818864b8ce8aa280838f423681cbd53f88793;0x84e6c8b15ef0be957dd6f2d46ee99260bfea83264c4ea6e76134a0d729b5588a;0xc407ef1c;0x489c254bL;0.500000;1503098845;1503098845
0;64;8048;0x40dd9ea9273a120b6bfa96dd87a818864b8ce8aa280838f423681cbd53f88793;0x84e6c8b15ef0be957dd6f2d46ee99260bfea83264c4ea6e76134a0d729b5588a;0xc407ef1c;0x489c254bL;0.500000;1503098845;1503098845
0;64;8048;0x40dd9ea9273a120b6bfa96dd87a818864b8ce8aa280838f423681cbd53f88793;0x84e6c8b15ef0be957dd6f2d46ee99260bfea83264c4ea6e76134a0d729b5588a;0xc407ef1c;0x489c254bL;0.500000;1503098845;1503098845
0;64;8048;0x40dd9ea9273a120b6bfa96dd87a818864b8ce8aa280838f423681cbd53f88793;0x84e6c8b15ef0be957dd6f2d46ee99260bfea83264c4ea6e76134a0d729b5588a;0xc407ef1c;0x489c254bL;0.500000;1503098846;1503098846
0;64;8048;0x5c05924cb3d5e23f4269ad1a05eeb8d24f996b54c60fa7994420cdeeeffcf34b;0x428b9344a66679751e8d33dd53135e81e2b85f21cd4fdb34f4f03ed8093ea5a6;0x5faa77bc;0x489c254bL;0.500000;1503098846;1503098846
0;64;8048;0x5c05924cb3d5e23f4269ad1a05eeb8d24f996b54c60fa7994420cdeeeffcf34b;0x428b9344a66679751e8d33dd53135e81e2b85f21cd4fdb34f4f03ed8093ea5a6;0x5faa77bc;0x489c254bL;0.500000;1503098846;1503098846
0;64;8048;0x5c05924cb3d5e23f4269ad1a05eeb8d24f996b54c60fa7994420cdeeeffcf34b;0x428b9344a66679751e8d33dd53135e81e2b85f21cd4fdb34f4f03ed8093ea5a6;0x5faa77bc;0x489c254bL;0.500000;1503098846;1503098846
0;64;8048;0x5c05924cb3d5e23f4269ad1a05eeb8d24f996b54c60fa7994420cdeeeffcf34b;0x428b9344a66679751e8d33dd53135e81e2b85f21cd4fdb34f4f03ed8093ea5a6;0x5faa77bc;0x489c254bL;0.500000;1503098846;1503098846
0;64;8048;0x5c05924cb3d5e23f4269ad1a05eeb8d24f996b54c60fa7994420cdeeeffcf34b;0x428b9344a66679751e8d33dd53135e81e2b85f21cd4fdb34f4f03ed8093ea5a6;0x5faa77bc;0x489c254bL;0.500000;1503098846;1503098847
0;64;8048;0x5aa4fe3d1dabb6d7295a9dba87950142f91732e9c3959e8dce75c38ef3918c4d;0xa337a450f73e0a991a7f2c48d8c79926b8246a4bb104de8ae8ed1391452d54b5;0xee2790df;0x489c254bL;0.500000;1503098847;1503098847
0;64;8048;0x5aa4fe3d1dabb6d7295a9dba87950142f91732e9c3959e8dce75c38ef3918c4d;0xa337a450f73e0a991a7f2c48d8c79926b8246a4bb104de8ae8ed1391452d54b5;0xee2790df;0x489c254bL;0.500000;1503098847;1503098847
0;64;8048;0x5aa4fe3d1dabb6d7295a9dba87950142f91732e9c3959e8dce75c38ef3918c4d;0xa337a450f73e0a991a7f2c48d8c79926b8246a4bb104de8ae8ed1391452d54b5;0xee2790df;0x489c254bL;0.500000;1503098847;1503098847
0;64;8048;0x5aa4fe3d1dabb6d7295a9dba87950142f91732e9c3959e8dce75c38ef3918c4d;0xa337a450f73e0a991a7f2c48d8c79926b8246a4bb104de8ae8ed1391452d54b5;0xee2790df;0x489c254bL;0.500000;1503098847;1503098847
0;64;8048;0x5aa4fe3d1dabb6d7295a9dba87950142f91732e9c3959e8dce75c38ef3918c4d;0xa337a450f73e0a991a7f2c48d8c79926b8246a4bb104de8ae8ed1391452d54b5;0xee2790df;0x489c254bL;0.500000;1503098847;1503098848
