0;64;8048;0xa5f46b94cc8c2a691eacdfe0befea204fc23f0cef37096d9e10897ab2b66b2d0;0x0bc1e8ddb13a2542b624b1d458944751433e8e49c186f516ad7bcfa22276b1d6;0xc5ac6059;0x489c254bL;0.500000;1503135711;1503135711
0;64;8048;0x3c966017e9650d365edec59a5ee68b34e4818f83551c0c2bc4fc8ea5e4f78620;0x9ae85e875956a8e027bd7f70aae9954d22fafe9de222863505fbe7ed7fd10833;0xc3cfb974;0x489c254bL;0.500000;1503135711;1503135711
0;64;8048;0x3c966017e9650d365edec59a5ee68b34e4818f83551c0c2bc4fc8ea5e4f78620;0x9ae85e875956a8e027bd7f70aae9954d22fafe9de222863505fbe7ed7fd10833;0xc3cfb974;0x489c254bL;0.500000;1503135711;1503135711
0;64;8048;0x3c966017e9650d365edec59a5ee68b34e4818f83551c0c2bc4fc8ea5e4f78620;0x9ae85e875956a8e027bd7f70aae9954d22fafe9de222863505fbe7ed7fd10833;0xc3cfb974;0x489c254bL;0.500000;1503135711;1503135711
0;64;8048;0x3c966017e9650d365edec59a5ee68b34e4818f83551c0c2bc4fc8ea5e4f78620;0x9ae85e875956a8e027bd7f70aae9954d22fafe9de222863505fbe7ed7fd10833;0xc3cfb974;0x489c254bL;0.500000;1503135711;1503135711
0;64;8048;0x3c966017e9650d365edec59a5ee68b34e4818f83551c0c2bc4fc8ea5e4f78620;0x9ae85e875956a8e027bd7f70aae9954d22fafe9de222863505fbe7ed7fd10833;0xc3cfb974;0x489c254bL;0.500000;1503135711;1503135712
0;64;8048;0x82934d5e35a4f6d121feff23a74123d41610a29dd62bb5b4db175988525c7fd5;0xc7e4a9ebcdd89af560b7f7acb642589af3a54be4014a89e6edc8c24fb3ea8f62;0x41b25ce8;0x489c254bL;0.500000;1503135712;1503135712
0;64;8048;0x82934d5e35a4f6d121feff23a74123d41610a29dd62bb5b4db175988525c7fd5;0xc7e4a9ebcdd89af560b7f7acb642589af3a54be4014a89e6edc8c24fb3ea8f62;0x41b25ce8;0x489c254bL;0.500000;1503135712;1503135712
0;64;8048;0x82934d5e35a4f6d121feff23a74123d41610a29dd62bb5b4db175988525c7fd5;0xc7e4a9ebcdd89af560b7f7acb642589af3a54be4014a89e6edc8c24fb3ea8f62;0x41b25ce8;0x489c254bL;0.500000;1503135712;1503135712
0;64;8048;0x82934d5e35a4f6d121feff23a74123d41610a29dd62bb5b4db175988525c7fd5;0xc7e4a9ebcdd89af560b7f7acb642589af3a54be4014a89e6edc8c24fb3ea8f62;0x41b25ce8;0x489c254bL;0.500000;1503135712;1503135712
0;64;8048;0x82934d5e35a4f6d121feff23a74123d41610a29dd62bb5b4db175988525c7fd5;0xc7e4a9ebcdd89af560b7f7acb642589af3a54be4014a89e6edc8c24fb3ea8f62;0x41b25ce8;0x489c254bL;0.500000;1503135712;1503135713
0;64;8048;0x9e0fea75c1198d6f462fb15a792a23dc1008c7c8800f66c6db6908781fbecfbd;0xfb9ed1600daf0d180646d1d1c902163d372515e39422242fb208230507c55798;0x80a82ec5;0x489c254bL;0.500000;1503135713;1503135713
0;64;8048;0x9e0fea75c1198d6f462fb15a792a23dc1008c7c8800f66c6db6908781fbecfbd;0xfb9ed1600daf0d180646d1d1c902163d372515e39422242fb208230507c55798;0x80a82ec5;0x489c254bL;0.500000;1503135713;1503135713
0;64;8048;0x9e0fea75c1198d6f462fb15a792a23dc1008c7c8800f66c6db6908781fbecfbd;0xfb9ed1600daf0d180646d1d1c902163d372515e39422242fb208230507c55798;0x80a82ec5;0x489c254bL;0.500000;1503135713;1503135713
0;64;8048;0x9e0fea75c1198d6f462fb15a792a23dc1008c7c8800f66c6db6908781fbecfbd;0xfb9ed1600daf0d180646d1d1c902163d372515e39422242fb208230507c55798;0x80a82ec5;0x489c254bL;0.500000;1503135713;1503135713
0;64;8048;0x9e0fea75c1198d6f462fb15a792a23dc1008c7c8800f66c6db6908781fbecfbd;0xfb9ed1600daf0d180646d1d1c902163d372515e39422242fb208230507c55798;0x80a82ec5;0x489c254bL;0.500000;1503135713;1503135713
0;64;8048;0x9e0fea75c1198d6f462fb15a792a23dc1008c7c8800f66c6db6908781fbecfbd;0xfb9ed1600daf0d180646d1d1c902163d372515e39422242fb208230507c55798;0x80a82ec5;0x489c254bL;0.500000;1503135713;1503135714
0;64;8048;0x6e7edf88dbeab28d3661d2d24eab2d7a3e7b7cef633813b0d1eec35cb7ec6225;0xc9e38d4631c309eb19d95334c8b90111f2d537166d1a8e1bea392995504bb02b;0xce9c7359;0x489c254bL;0.500000;1503135714;1503135714
0;64;8048;0x6e7edf88dbeab28d3661d2d24eab2d7a3e7b7cef633813b0d1eec35cb7ec6225;0xc9e38d4631c309eb19d95334c8b90111f2d537166d1a8e1bea392995504bb02b;0xce9c7359;0x489c254bL;0.500000;1503135714;1503135714
0;64;8048;0x6e7edf88dbeab28d3661d2d24eab2d7a3e7b7cef633813b0d1eec35cb7ec6225;0xc9e38d4631c309eb19d95334c8b90111f2d537166d1a8e1bea392995504bb02b;0xce9c7359;0x489c254bL;0.500000;1503135714;1503135714
