0;64;8048;0x318cf85117c3d6b3732610cc0c2e76f499fb89fe26fab1060dd9c590db09ee0c;0x88ffe4feef9de0c94ec3f24205b6dbe9bad2c5304c4b1dc0fb96235c21295a37;0xba983a2c;0x489c254bL;0.500000;1503075255;1503075255
0;64;8048;0xe6871a42d9896360bd68a06aa7c6d69611dcd22f9e5ce91b4852eca92bfddc12;0x1980699a6c313bf10d25f2daecb3f663370deb7b54129cb8cd5902bd8b41438a;0xaf6b6769;0xa36518b9L;0.500000;1503075255;1503075255
0;64;8048;0xe6871a42d9896360bd68a06aa7c6d69611dcd22f9e5ce91b4852eca92bfddc12;0x1980699a6c313bf10d25f2daecb3f663370deb7b54129cb8cd5902bd8b41438a;0xaf6b6769;0xa36518b9L;0.500000;1503075255;1503075255
0;64;8048;0xe6871a42d9896360bd68a06aa7c6d69611dcd22f9e5ce91b4852eca92bfddc12;0x1980699a6c313bf10d25f2daecb3f663370deb7b54129cb8cd5902bd8b41438a;0xaf6b6769;0xa36518b9L;0.500000;1503075255;1503075255
0;64;8048;0xe6871a42d9896360bd68a06aa7c6d69611dcd22f9e5ce91b4852eca92bfddc12;0x1980699a6c313bf10d25f2daecb3f663370deb7b54129cb8cd5902bd8b41438a;0xaf6b6769;0xa36518b9L;0.500000;1503075255;1503075256
0;64;8048;0xa04e5d091b202222b7f2336be1e5bab651cadd38ad0d10f00afd6e0e49cae4e9;0x5244f0220db8cd10c975e26b238feb891da1219d440c7b8132ab8fcacf369658;0xcf1173df;0x489c254bL;0.500000;1503075256;1503075256
0;64;8048;0xa04e5d091b202222b7f2336be1e5bab651cadd38ad0d10f00afd6e0e49cae4e9;0x5244f0220db8cd10c975e26b238feb891da1219d440c7b8132ab8fcacf369658;0xcf1173df;0x489c254bL;0.500000;1503075256;1503075256
0;64;8048;0xa04e5d091b202222b7f2336be1e5bab651cadd38ad0d10f00afd6e0e49cae4e9;0x5244f0220db8cd10c975e26b238feb891da1219d440c7b8132ab8fcacf369658;0xcf1173df;0x489c254bL;0.500000;1503075256;1503075256
0;64;8048;0xa04e5d091b202222b7f2336be1e5bab651cadd38ad0d10f00afd6e0e49cae4e9;0x5244f0220db8cd10c975e26b238feb891da1219d440c7b8132ab8fcacf369658;0xcf1173df;0x489c254bL;0.500000;1503075256;1503075256
0;64;8048;0xa04e5d091b202222b7f2336be1e5bab651cadd38ad0d10f00afd6e0e49cae4e9;0x5244f0220db8cd10c975e26b238feb891da1219d440c7b8132ab8fcacf369658;0xcf1173df;0x489c254bL;0.500000;1503075256;1503075257
0;64;8048;0x1d6204ac62f881ae3b3284e17adf619cdc9dcc491de80a24e515aad2f89def15;0x2e71c6b58a16d282a4abe588079b5024e3759009b90f758723a665bb927aecce;0x13064e1c;0x489c254bL;0.500000;1503075257;1503075257
0;64;8048;0x1d6204ac62f881ae3b3284e17adf619cdc9dcc491de80a24e515aad2f89def15;0x2e71c6b58a16d282a4abe588079b5024e3759009b90f758723a665bb927aecce;0x13064e1c;0x489c254bL;0.500000;1503075257;1503075257
0;64;8048;0x1d6204ac62f881ae3b3284e17adf619cdc9dcc491de80a24e515aad2f89def15;0x2e71c6b58a16d282a4abe588079b5024e3759009b90f758723a665bb927aecce;0x13064e1c;0x489c254bL;0.500000;1503075257;1503075257
0;64;8048;0x1d6204ac62f881ae3b3284e17adf619cdc9dcc491de80a24e515aad2f89def15;0x2e71c6b58a16d282a4abe588079b5024e3759009b90f758723a665bb927aecce;0x13064e1c;0x489c254bL;0.500000;1503075257;1503075257
0;64;8048;0x1d6204ac62f881ae3b3284e17adf619cdc9dcc491de80a24e515aad2f89def15;0x2e71c6b58a16d282a4abe588079b5024e3759009b90f758723a665bb927aecce;0x13064e1c;0x489c254bL;0.500000;1503075257;1503075258
0;64;8048;0xb1969f6eef1f791f28b90ad72679a8a156a8b793893c8f1c2d5e72cf8844d63a;0xb62fae4a0ecf1444518caa739240d3d3be6f5fd9cd08c7ca4e3e83280c106858;0xc514fc23;0x489c254bL;0.500000;1503075258;1503075258
0;64;8048;0xb1969f6eef1f791f28b90ad72679a8a156a8b793893c8f1c2d5e72cf8844d63a;0xb62fae4a0ecf1444518caa739240d3d3be6f5fd9cd08c7ca4e3e83280c106858;0xc514fc23;0x489c254bL;0.500000;1503075258;1503075258
0;64;8048;0xb1969f6eef1f791f28b90ad72679a8a156a8b793893c8f1c2d5e72cf8844d63a;0xb62fae4a0ecf1444518caa739240d3d3be6f5fd9cd08c7ca4e3e83280c106858;0xc514fc23;0x489c254bL;0.500000;1503075258;1503075258
0;64;8048;0xb1969f6eef1f791f28b90ad72679a8a156a8b793893c8f1c2d5e72cf8844d63a;0xb62fae4a0ecf1444518caa739240d3d3be6f5fd9cd08c7ca4e3e83280c106858;0xc514fc23;0x489c254bL;0.500000;1503075258;1503075258
0;64;8048;0xb1969f6eef1f791f28b90ad72679a8a156a8b793893c8f1c2d5e72cf8844d63a;0xb62fae4a0ecf1444518caa739240d3d3be6f5fd9cd08c7ca4e3e83280c106858;0xc514fc23;0x489c254bL;0.500000;1503075258;1503075259
