0;64;8048;0x919e0abc10c515f28c171bf999847797d211293dc0a9a39e7c334926c472a655;0xc4600f369426644ec49eaf5177b1ed539fbfdaf6577be1a18f554a0001859b03;0xb6cbff1a;0x489c254bL;0.500000;1503103436;1503103436
0;64;8048;0x919e0abc10c515f28c171bf999847797d211293dc0a9a39e7c334926c472a655;0xc4600f369426644ec49eaf5177b1ed539fbfdaf6577be1a18f554a0001859b03;0xb6cbff1a;0x489c254bL;0.500000;1503103436;1503103437
0;64;8048;0xaa292bdb7b56021b36e96bb6c4413b452c9a23b1b254d9b94b616d8c6ba05e15;0x5f1dbac935027d168ea3f2ba6a7a1d50e60fbb759f6909ac541f1052be8f8217;0x562c00be;0x489c254bL;0.500000;1503103437;1503103437
0;64;8048;0xaa292bdb7b56021b36e96bb6c4413b452c9a23b1b254d9b94b616d8c6ba05e15;0x5f1dbac935027d168ea3f2ba6a7a1d50e60fbb759f6909ac541f1052be8f8217;0x562c00be;0x489c254bL;0.500000;1503103437;1503103437
0;64;8048;0xaa292bdb7b56021b36e96bb6c4413b452c9a23b1b254d9b94b616d8c6ba05e15;0x5f1dbac935027d168ea3f2ba6a7a1d50e60fbb759f6909ac541f1052be8f8217;0x562c00be;0x489c254bL;0.500000;1503103437;1503103437
0;64;8048;0xaa292bdb7b56021b36e96bb6c4413b452c9a23b1b254d9b94b616d8c6ba05e15;0x5f1dbac935027d168ea3f2ba6a7a1d50e60fbb759f6909ac541f1052be8f8217;0x562c00be;0x489c254bL;0.500000;1503103437;1503103437
0;64;8048;0xaa292bdb7b56021b36e96bb6c4413b452c9a23b1b254d9b94b616d8c6ba05e15;0x5f1dbac935027d168ea3f2ba6a7a1d50e60fbb759f6909ac541f1052be8f8217;0x562c00be;0x489c254bL;0.500000;1503103438;1503103438
0;64;8048;0xdc3335f6941e75d73ffff59cb983cd8fdcf80fcfedf34446ff16d9dc9e0a487a;0xd7dbbae6f30dbf245c0572afebdcb4a7a856ba1a15016e23bb925b150c4392ef;0x64f78af9;0x489c254bL;0.500000;1503103438;1503103438
0;64;8048;0xdc3335f6941e75d73ffff59cb983cd8fdcf80fcfedf34446ff16d9dc9e0a487a;0xd7dbbae6f30dbf245c0572afebdcb4a7a856ba1a15016e23bb925b150c4392ef;0x64f78af9;0x489c254bL;0.500000;1503103438;1503103438
0;64;8048;0xdc3335f6941e75d73ffff59cb983cd8fdcf80fcfedf34446ff16d9dc9e0a487a;0xd7dbbae6f30dbf245c0572afebdcb4a7a856ba1a15016e23bb925b150c4392ef;0x64f78af9;0x489c254bL;0.500000;1503103438;1503103438
0;64;8048;0xdc3335f6941e75d73ffff59cb983cd8fdcf80fcfedf34446ff16d9dc9e0a487a;0xd7dbbae6f30dbf245c0572afebdcb4a7a856ba1a15016e23bb925b150c4392ef;0x64f78af9;0x489c254bL;0.500000;1503103438;1503103438
0;64;8048;0xdc3335f6941e75d73ffff59cb983cd8fdcf80fcfedf34446ff16d9dc9e0a487a;0xd7dbbae6f30dbf245c0572afebdcb4a7a856ba1a15016e23bb925b150c4392ef;0x64f78af9;0x489c254bL;0.500000;1503103439;1503103439
0;64;8048;0x7fa182da9b67e5c6617e0da077473e08b6ffcf30d40dbe81d4e31ad8dd3f665d;0x00733f3fea3d6b27edd03f23f4bf33d529481917fdaeaec4c0fe3c9dcceef78e;0xd383d6a5;0x489c254bL;0.500000;1503103439;1503103439
0;64;8048;0x7fa182da9b67e5c6617e0da077473e08b6ffcf30d40dbe81d4e31ad8dd3f665d;0x00733f3fea3d6b27edd03f23f4bf33d529481917fdaeaec4c0fe3c9dcceef78e;0xd383d6a5;0x489c254bL;0.500000;1503103439;1503103439
0;64;8048;0x7fa182da9b67e5c6617e0da077473e08b6ffcf30d40dbe81d4e31ad8dd3f665d;0x00733f3fea3d6b27edd03f23f4bf33d529481917fdaeaec4c0fe3c9dcceef78e;0xd383d6a5;0x489c254bL;0.500000;1503103439;1503103439
0;64;8048;0x7fa182da9b67e5c6617e0da077473e08b6ffcf30d40dbe81d4e31ad8dd3f665d;0x00733f3fea3d6b27edd03f23f4bf33d529481917fdaeaec4c0fe3c9dcceef78e;0xd383d6a5;0x489c254bL;0.500000;1503103439;1503103439
0;64;8048;0x7fa182da9b67e5c6617e0da077473e08b6ffcf30d40dbe81d4e31ad8dd3f665d;0x00733f3fea3d6b27edd03f23f4bf33d529481917fdaeaec4c0fe3c9dcceef78e;0xd383d6a5;0x489c254bL;0.500000;1503103440;1503103440
0;64;8048;0x1813a201824986de65093a3ef36146919fe69dc53ee2598f05a97e5ba8b8fcc1;0xb881d5d59bf2207e73dbb788e322388e70b9b6f2ef991dd1c8d2ce1909d10053;0x808e1599;0x489c254bL;0.500000;1503103440;1503103440
0;64;8048;0x1813a201824986de65093a3ef36146919fe69dc53ee2598f05a97e5ba8b8fcc1;0xb881d5d59bf2207e73dbb788e322388e70b9b6f2ef991dd1c8d2ce1909d10053;0x808e1599;0x489c254bL;0.500000;1503103440;1503103440
0;64;8048;0x1813a201824986de65093a3ef36146919fe69dc53ee2598f05a97e5ba8b8fcc1;0xb881d5d59bf2207e73dbb788e322388e70b9b6f2ef991dd1c8d2ce1909d10053;0x808e1599;0x489c254bL;0.500000;1503103440;1503103440
