0;64;8048;0xbe0a957faa8009d772630c9b876ca7de7668ba473231fff4210305a95b91a81a;0x3ec12d36f9c5b254742729ec28eabe7eaec200e204865e8c16e346a37942de15;0xc85ef542;0x489c254bL;0.500000;1503087331;1503087331
0;64;8048;0xbe0a957faa8009d772630c9b876ca7de7668ba473231fff4210305a95b91a81a;0x3ec12d36f9c5b254742729ec28eabe7eaec200e204865e8c16e346a37942de15;0xc85ef542;0x489c254bL;0.500000;1503087331;1503087332
0;64;8048;0x81ce7ba97a97eb7bbf8f091e6772d1247b6a38965850d1698b8d9bbb3eb1aebf;0x63d8abdf7c0bcd653cecedd0cffd8d5b3287d6f9c9b7cbfb355a8caa7df8283e;0x3e695609;0x489c254bL;0.500000;1503087332;1503087332
0;64;8048;0x81ce7ba97a97eb7bbf8f091e6772d1247b6a38965850d1698b8d9bbb3eb1aebf;0x63d8abdf7c0bcd653cecedd0cffd8d5b3287d6f9c9b7cbfb355a8caa7df8283e;0x3e695609;0x489c254bL;0.500000;1503087332;1503087332
0;64;8048;0x81ce7ba97a97eb7bbf8f091e6772d1247b6a38965850d1698b8d9bbb3eb1aebf;0x63d8abdf7c0bcd653cecedd0cffd8d5b3287d6f9c9b7cbfb355a8caa7df8283e;0x3e695609;0x489c254bL;0.500000;1503087332;1503087332
0;64;8048;0x81ce7ba97a97eb7bbf8f091e6772d1247b6a38965850d1698b8d9bbb3eb1aebf;0x63d8abdf7c0bcd653cecedd0cffd8d5b3287d6f9c9b7cbfb355a8caa7df8283e;0x3e695609;0x489c254bL;0.500000;1503087332;1503087332
0;64;8048;0x81ce7ba97a97eb7bbf8f091e6772d1247b6a38965850d1698b8d9bbb3eb1aebf;0x63d8abdf7c0bcd653cecedd0cffd8d5b3287d6f9c9b7cbfb355a8caa7df8283e;0x3e695609;0x489c254bL;0.500000;1503087333;1503087333
0;64;8048;0xeb2d942a66aa179ec994c12cb5303b4f973cdcb4dbabf201ff229ed07bd78166;0x8b9a25f9f9d95c8d6d3916811527a08d41d26f346a2c186c6f96c1060168cddc;0x90b06f6b;0x489c254bL;0.500000;1503087333;1503087333
0;64;8048;0xeb2d942a66aa179ec994c12cb5303b4f973cdcb4dbabf201ff229ed07bd78166;0x8b9a25f9f9d95c8d6d3916811527a08d41d26f346a2c186c6f96c1060168cddc;0x90b06f6b;0x489c254bL;0.500000;1503087333;1503087333
0;64;8048;0xeb2d942a66aa179ec994c12cb5303b4f973cdcb4dbabf201ff229ed07bd78166;0x8b9a25f9f9d95c8d6d3916811527a08d41d26f346a2c186c6f96c1060168cddc;0x90b06f6b;0x489c254bL;0.500000;1503087333;1503087333
0;64;8048;0xeb2d942a66aa179ec994c12cb5303b4f973cdcb4dbabf201ff229ed07bd78166;0x8b9a25f9f9d95c8d6d3916811527a08d41d26f346a2c186c6f96c1060168cddc;0x90b06f6b;0x489c254bL;0.500000;1503087333;1503087334
0;64;8048;0x29908bae3091e6f0322a02e0398a667cd6e1abeac9f4a8ab0430e269df54a808;0xe85e5b324ef7aadefeff70ceb2168ee2914cb8cdfb27d3ea55f55ef8215f5dd3;0xc34ae21f;0x489c254bL;0.500000;1503087334;1503087334
0;64;8048;0x29908bae3091e6f0322a02e0398a667cd6e1abeac9f4a8ab0430e269df54a808;0xe85e5b324ef7aadefeff70ceb2168ee2914cb8cdfb27d3ea55f55ef8215f5dd3;0xc34ae21f;0x489c254bL;0.500000;1503087334;1503087334
0;64;8048;0x29908bae3091e6f0322a02e0398a667cd6e1abeac9f4a8ab0430e269df54a808;0xe85e5b324ef7aadefeff70ceb2168ee2914cb8cdfb27d3ea55f55ef8215f5dd3;0xc34ae21f;0x489c254bL;0.500000;1503087334;1503087334
0;64;8048;0x29908bae3091e6f0322a02e0398a667cd6e1abeac9f4a8ab0430e269df54a808;0xe85e5b324ef7aadefeff70ceb2168ee2914cb8cdfb27d3ea55f55ef8215f5dd3;0xc34ae21f;0x489c254bL;0.500000;1503087334;1503087335
0;64;8048;0x61091d027cedce96a3f4eafbe69a424d36ee1152842005752d6f69bddc44013e;0x1610433fe9c9aeae32995c808eb26e04946f70dfba50ab157e9caea651f7170a;0xe16d54be;0x489c254bL;0.500000;1503087335;1503087335
0;64;8048;0x61091d027cedce96a3f4eafbe69a424d36ee1152842005752d6f69bddc44013e;0x1610433fe9c9aeae32995c808eb26e04946f70dfba50ab157e9caea651f7170a;0xe16d54be;0x489c254bL;0.500000;1503087335;1503087335
0;64;8048;0x61091d027cedce96a3f4eafbe69a424d36ee1152842005752d6f69bddc44013e;0x1610433fe9c9aeae32995c808eb26e04946f70dfba50ab157e9caea651f7170a;0xe16d54be;0x489c254bL;0.500000;1503087335;1503087335
0;64;8048;0x61091d027cedce96a3f4eafbe69a424d36ee1152842005752d6f69bddc44013e;0x1610433fe9c9aeae32995c808eb26e04946f70dfba50ab157e9caea651f7170a;0xe16d54be;0x489c254bL;0.500000;1503087335;1503087336
0;64;8048;0x8a1686899ef0880f28acaf0fcd4e7f705f90f03a0ee30687e72b2b28998e1523;0x4d117ff2e4f07c79315a8cb94dd376ff3a9a47da31e1961eb05534b0074ebe18;0xd92cfb34;0x489c254bL;0.500000;1503087336;1503087336
