0;64;8048;0x6a3d4589d69fc86b9af495e935cd8fddc630217e4378c0a1b1b3746188dcebf2;0x59926f53d695fa3df94dfff7e576e88463d25318c47c85ca4288eed5e3a6a740;0x523443dc;0x489c254bL;0.500000;1503099479;1503099480
0;64;8048;0x1efe422492f56e5dc836a2704b3def7996462162414793ab345c196648994c66;0x7875414455287f360cd3db0da4a1f96480dd4824effef79f7e7670a4b40fd8a4;0xedcff589;0x489c254bL;0.500000;1503099480;1503099480
0;64;8048;0x1efe422492f56e5dc836a2704b3def7996462162414793ab345c196648994c66;0x7875414455287f360cd3db0da4a1f96480dd4824effef79f7e7670a4b40fd8a4;0xedcff589;0x489c254bL;0.500000;1503099480;1503099480
0;64;8048;0x1efe422492f56e5dc836a2704b3def7996462162414793ab345c196648994c66;0x7875414455287f360cd3db0da4a1f96480dd4824effef79f7e7670a4b40fd8a4;0xedcff589;0x489c254bL;0.500000;1503099480;1503099480
0;64;8048;0x1efe422492f56e5dc836a2704b3def7996462162414793ab345c196648994c66;0x7875414455287f360cd3db0da4a1f96480dd4824effef79f7e7670a4b40fd8a4;0xedcff589;0x489c254bL;0.500000;1503099480;1503099480
0;64;8048;0x1efe422492f56e5dc836a2704b3def7996462162414793ab345c196648994c66;0x7875414455287f360cd3db0da4a1f96480dd4824effef79f7e7670a4b40fd8a4;0xedcff589;0x489c254bL;0.500000;1503099480;1503099481
0;64;8048;0x5e55ad3583aad2d4d7af76b695646245e4ac6e97fdf814c402054481fff7655d;0x8d29656e524ab622fba1dd1815ea1cfe6ac0ce08fa9454a7982d537534c645e0;0xf2bf2a01;0x489c254bL;0.500000;1503099481;1503099481
0;64;8048;0x5e55ad3583aad2d4d7af76b695646245e4ac6e97fdf814c402054481fff7655d;0x8d29656e524ab622fba1dd1815ea1cfe6ac0ce08fa9454a7982d537534c645e0;0xf2bf2a01;0x489c254bL;0.500000;1503099481;1503099481
0;64;8048;0x5e55ad3583aad2d4d7af76b695646245e4ac6e97fdf814c402054481fff7655d;0x8d29656e524ab622fba1dd1815ea1cfe6ac0ce08fa9454a7982d537534c645e0;0xf2bf2a01;0x489c254bL;0.500000;1503099481;1503099481
0;64;8048;0x5e55ad3583aad2d4d7af76b695646245e4ac6e97fdf814c402054481fff7655d;0x8d29656e524ab622fba1dd1815ea1cfe6ac0ce08fa9454a7982d537534c645e0;0xf2bf2a01;0x489c254bL;0.500000;1503099481;1503099481
0;64;8048;0x5e55ad3583aad2d4d7af76b695646245e4ac6e97fdf814c402054481fff7655d;0x8d29656e524ab622fba1dd1815ea1cfe6ac0ce08fa9454a7982d537534c645e0;0xf2bf2a01;0x489c254bL;0.500000;1503099481;1503099482
0;64;8048;0x56cfc86c78cc5994c21e5f6aa66ca4a5da8c7a4f49c416d02fa51a82a28a0cf8;0x21214a29dcfd6092a00a9f9c08eb4b8655d3655a7d11e363c6afd3abbd5f16db;0x02d69529;0x489c254bL;0.500000;1503099482;1503099482
0;64;8048;0x56cfc86c78cc5994c21e5f6aa66ca4a5da8c7a4f49c416d02fa51a82a28a0cf8;0x21214a29dcfd6092a00a9f9c08eb4b8655d3655a7d11e363c6afd3abbd5f16db;0x02d69529;0x489c254bL;0.500000;1503099482;1503099482
0;64;8048;0x56cfc86c78cc5994c21e5f6aa66ca4a5da8c7a4f49c416d02fa51a82a28a0cf8;0x21214a29dcfd6092a00a9f9c08eb4b8655d3655a7d11e363c6afd3abbd5f16db;0x02d69529;0x489c254bL;0.500000;1503099482;1503099482
0;64;8048;0x56cfc86c78cc5994c21e5f6aa66ca4a5da8c7a4f49c416d02fa51a82a28a0cf8;0x21214a29dcfd6092a00a9f9c08eb4b8655d3655a7d11e363c6afd3abbd5f16db;0x02d69529;0x489c254bL;0.500000;1503099482;1503099482
0;64;8048;0x56cfc86c78cc5994c21e5f6aa66ca4a5da8c7a4f49c416d02fa51a82a28a0cf8;0x21214a29dcfd6092a00a9f9c08eb4b8655d3655a7d11e363c6afd3abbd5f16db;0x02d69529;0x489c254bL;0.500000;1503099482;1503099483
0;64;8048;0xf993fccca6fabd8fb48c88ff7496b9d76dfa53217cb61b8b9f2d30257599346e;0x392a6608e38e9f9c4a398d647602d5600996140df0a1a11bb67dc1251896fe0d;0x90985ae4;0x489c254bL;0.500000;1503099483;1503099483
0;64;8048;0xf993fccca6fabd8fb48c88ff7496b9d76dfa53217cb61b8b9f2d30257599346e;0x392a6608e38e9f9c4a398d647602d5600996140df0a1a11bb67dc1251896fe0d;0x90985ae4;0x489c254bL;0.500000;1503099483;1503099483
0;64;8048;0xf993fccca6fabd8fb48c88ff7496b9d76dfa53217cb61b8b9f2d30257599346e;0x392a6608e38e9f9c4a398d647602d5600996140df0a1a11bb67dc1251896fe0d;0x90985ae4;0x489c254bL;0.500000;1503099483;1503099483
0;64;8048;0xf993fccca6fabd8fb48c88ff7496b9d76dfa53217cb61b8b9f2d30257599346e;0x392a6608e38e9f9c4a398d647602d5600996140df0a1a11bb67dc1251896fe0d;0x90985ae4;0x489c254bL;0.500000;1503099483;1503099483
