0;64;8048;0xc322055cec0628731b0c3e1b22985aed1121d5ddf0da2cfbb7ded28f9c14da5f;0x7fd59d2d38d53ebd477ab2a576c6c77dbc37272778ee5afe85315612d1a26361;0xaee7aed5;0x489c254bL;0.500000;1503107432;1503107432
0;64;8048;0xc322055cec0628731b0c3e1b22985aed1121d5ddf0da2cfbb7ded28f9c14da5f;0x7fd59d2d38d53ebd477ab2a576c6c77dbc37272778ee5afe85315612d1a26361;0xaee7aed5;0x489c254bL;0.500000;1503107432;1503107432
0;64;8048;0xc322055cec0628731b0c3e1b22985aed1121d5ddf0da2cfbb7ded28f9c14da5f;0x7fd59d2d38d53ebd477ab2a576c6c77dbc37272778ee5afe85315612d1a26361;0xaee7aed5;0x489c254bL;0.500000;1503107432;1503107432
0;64;8048;0xc322055cec0628731b0c3e1b22985aed1121d5ddf0da2cfbb7ded28f9c14da5f;0x7fd59d2d38d53ebd477ab2a576c6c77dbc37272778ee5afe85315612d1a26361;0xaee7aed5;0x489c254bL;0.500000;1503107432;1503107432
0;64;8048;0xc322055cec0628731b0c3e1b22985aed1121d5ddf0da2cfbb7ded28f9c14da5f;0x7fd59d2d38d53ebd477ab2a576c6c77dbc37272778ee5afe85315612d1a26361;0xaee7aed5;0x489c254bL;0.500000;1503107432;1503107433
0;64;8048;0xa53cd2993eb191b154357e247e1143a708d18351f99af82053c65914652a200a;0xcf14ff1717d3abf43099ad4c69ab05f9722c3dcc4906c032828e40d594d61388;0x363e967a;0x489c254bL;0.500000;1503107433;1503107433
0;64;8048;0xa53cd2993eb191b154357e247e1143a708d18351f99af82053c65914652a200a;0xcf14ff1717d3abf43099ad4c69ab05f9722c3dcc4906c032828e40d594d61388;0x363e967a;0x489c254bL;0.500000;1503107433;1503107433
0;64;8048;0xa53cd2993eb191b154357e247e1143a708d18351f99af82053c65914652a200a;0xcf14ff1717d3abf43099ad4c69ab05f9722c3dcc4906c032828e40d594d61388;0x363e967a;0x489c254bL;0.500000;1503107433;1503107433
0;64;8048;0xa53cd2993eb191b154357e247e1143a708d18351f99af82053c65914652a200a;0xcf14ff1717d3abf43099ad4c69ab05f9722c3dcc4906c032828e40d594d61388;0x363e967a;0x489c254bL;0.500000;1503107433;1503107433
0;64;8048;0xa53cd2993eb191b154357e247e1143a708d18351f99af82053c65914652a200a;0xcf14ff1717d3abf43099ad4c69ab05f9722c3dcc4906c032828e40d594d61388;0x363e967a;0x489c254bL;0.500000;1503107433;1503107434
0;64;8048;0xe6cb8db5f1e67d606eb3c234363e8674ed065272e8c7c18752a77528f60fccdc;0x85f4cadd0478b9e4bbd4facaf324857c652f848bcf66088686cc9df4717b939a;0xa7263b78;0x489c254bL;0.500000;1503107434;1503107434
0;64;8048;0xe6cb8db5f1e67d606eb3c234363e8674ed065272e8c7c18752a77528f60fccdc;0x85f4cadd0478b9e4bbd4facaf324857c652f848bcf66088686cc9df4717b939a;0xa7263b78;0x489c254bL;0.500000;1503107434;1503107434
0;64;8048;0xe6cb8db5f1e67d606eb3c234363e8674ed065272e8c7c18752a77528f60fccdc;0x85f4cadd0478b9e4bbd4facaf324857c652f848bcf66088686cc9df4717b939a;0xa7263b78;0x489c254bL;0.500000;1503107434;1503107434
0;64;8048;0xe6cb8db5f1e67d606eb3c234363e8674ed065272e8c7c18752a77528f60fccdc;0x85f4cadd0478b9e4bbd4facaf324857c652f848bcf66088686cc9df4717b939a;0xa7263b78;0x489c254bL;0.500000;1503107434;1503107434
0;64;8048;0xe6cb8db5f1e67d606eb3c234363e8674ed065272e8c7c18752a77528f60fccdc;0x85f4cadd0478b9e4bbd4facaf324857c652f848bcf66088686cc9df4717b939a;0xa7263b78;0x489c254bL;0.500000;1503107434;1503107435
0;64;8048;0x8e703a07031c151811300f81741cba7d5ed6a46fb75c7e622e36fa6ff19cfa7f;0x5990495f509c401594e1a8d00d64a73634315dc9ed856e5b987cd6e6585f1d5a;0xcc8fc327;0x489c254bL;0.500000;1503107435;1503107435
0;64;8048;0x8e703a07031c151811300f81741cba7d5ed6a46fb75c7e622e36fa6ff19cfa7f;0x5990495f509c401594e1a8d00d64a73634315dc9ed856e5b987cd6e6585f1d5a;0xcc8fc327;0x489c254bL;0.500000;1503107435;1503107435
0;64;8048;0x8e703a07031c151811300f81741cba7d5ed6a46fb75c7e622e36fa6ff19cfa7f;0x5990495f509c401594e1a8d00d64a73634315dc9ed856e5b987cd6e6585f1d5a;0xcc8fc327;0x489c254bL;0.500000;1503107435;1503107435
0;64;8048;0x8e703a07031c151811300f81741cba7d5ed6a46fb75c7e622e36fa6ff19cfa7f;0x5990495f509c401594e1a8d00d64a73634315dc9ed856e5b987cd6e6585f1d5a;0xcc8fc327;0x489c254bL;0.500000;1503107435;1503107435
0;64;8048;0x8e703a07031c151811300f81741cba7d5ed6a46fb75c7e622e36fa6ff19cfa7f;0x5990495f509c401594e1a8d00d64a73634315dc9ed856e5b987cd6e6585f1d5a;0xcc8fc327;0x489c254bL;0.500000;1503107435;1503107435
