0;64;8048;0x7d959292b06eed3053f3eff6a2e683292d426a9b32c235e5bf76be36e512bf62;0x1cbf8a557d845fe900cb0afde49f3e57cddb0a3d79c7a2f563d8227f1c3e4a6b;0x27976629;0x489c254bL;0.500000;1503112000;1503112000
0;64;8048;0x7d959292b06eed3053f3eff6a2e683292d426a9b32c235e5bf76be36e512bf62;0x1cbf8a557d845fe900cb0afde49f3e57cddb0a3d79c7a2f563d8227f1c3e4a6b;0x27976629;0x489c254bL;0.500000;1503112000;1503112001
0;64;8048;0x8d3ec0d4d4259cfc8c079b0e0531e5d3d7f161ca7b19a2e8ec7bf950ef78317c;0x40891c32ce13dc19b796c0e419b1d4f06293f67a58529de6ded84e07bafdc35c;0x491faff1;0x489c254bL;0.500000;1503112001;1503112001
0;64;8048;0x8d3ec0d4d4259cfc8c079b0e0531e5d3d7f161ca7b19a2e8ec7bf950ef78317c;0x40891c32ce13dc19b796c0e419b1d4f06293f67a58529de6ded84e07bafdc35c;0x491faff1;0x489c254bL;0.500000;1503112001;1503112001
0;64;8048;0x8d3ec0d4d4259cfc8c079b0e0531e5d3d7f161ca7b19a2e8ec7bf950ef78317c;0x40891c32ce13dc19b796c0e419b1d4f06293f67a58529de6ded84e07bafdc35c;0x491faff1;0x489c254bL;0.500000;1503112001;1503112001
0;64;8048;0x8d3ec0d4d4259cfc8c079b0e0531e5d3d7f161ca7b19a2e8ec7bf950ef78317c;0x40891c32ce13dc19b796c0e419b1d4f06293f67a58529de6ded84e07bafdc35c;0x491faff1;0x489c254bL;0.500000;1503112001;1503112001
0;64;8048;0x8d3ec0d4d4259cfc8c079b0e0531e5d3d7f161ca7b19a2e8ec7bf950ef78317c;0x40891c32ce13dc19b796c0e419b1d4f06293f67a58529de6ded84e07bafdc35c;0x491faff1;0x489c254bL;0.500000;1503112001;1503112001
0;64;8048;0x8d3ec0d4d4259cfc8c079b0e0531e5d3d7f161ca7b19a2e8ec7bf950ef78317c;0x40891c32ce13dc19b796c0e419b1d4f06293f67a58529de6ded84e07bafdc35c;0x491faff1;0x489c254bL;0.500000;1503112002;1503112002
0;64;8048;0xb065c1a58ea2237bb5ca35642b4d96f81a4ea93ba1db71df8dddd831f49f05a4;0x48df88cbdf8dc755db2544885a7db2033f5c6b36f465019f6d738842d7872b6a;0x9e87dd96;0x489c254bL;0.500000;1503112002;1503112002
0;64;8048;0xb065c1a58ea2237bb5ca35642b4d96f81a4ea93ba1db71df8dddd831f49f05a4;0x48df88cbdf8dc755db2544885a7db2033f5c6b36f465019f6d738842d7872b6a;0x9e87dd96;0x489c254bL;0.500000;1503112002;1503112002
0;64;8048;0xb065c1a58ea2237bb5ca35642b4d96f81a4ea93ba1db71df8dddd831f49f05a4;0x48df88cbdf8dc755db2544885a7db2033f5c6b36f465019f6d738842d7872b6a;0x9e87dd96;0x489c254bL;0.500000;1503112002;1503112002
0;64;8048;0xb065c1a58ea2237bb5ca35642b4d96f81a4ea93ba1db71df8dddd831f49f05a4;0x48df88cbdf8dc755db2544885a7db2033f5c6b36f465019f6d738842d7872b6a;0x9e87dd96;0x489c254bL;0.500000;1503112002;1503112002
0;64;8048;0xb065c1a58ea2237bb5ca35642b4d96f81a4ea93ba1db71df8dddd831f49f05a4;0x48df88cbdf8dc755db2544885a7db2033f5c6b36f465019f6d738842d7872b6a;0x9e87dd96;0x489c254bL;0.500000;1503112002;1503112003
0;64;8048;0x09f7a184dd6b809eec262efe9acf07ccd2517b422e5ca11f0352f2cb7eeb2388;0x9934c244810633fd92d81443c934f6aa89e1bd0fec9713899c4fb2e0a98646b1;0xf7a7c739;0x489c254bL;0.500000;1503112003;1503112003
0;64;8048;0x09f7a184dd6b809eec262efe9acf07ccd2517b422e5ca11f0352f2cb7eeb2388;0x9934c244810633fd92d81443c934f6aa89e1bd0fec9713899c4fb2e0a98646b1;0xf7a7c739;0x489c254bL;0.500000;1503112003;1503112003
0;64;8048;0x09f7a184dd6b809eec262efe9acf07ccd2517b422e5ca11f0352f2cb7eeb2388;0x9934c244810633fd92d81443c934f6aa89e1bd0fec9713899c4fb2e0a98646b1;0xf7a7c739;0x489c254bL;0.500000;1503112003;1503112003
0;64;8048;0x09f7a184dd6b809eec262efe9acf07ccd2517b422e5ca11f0352f2cb7eeb2388;0x9934c244810633fd92d81443c934f6aa89e1bd0fec9713899c4fb2e0a98646b1;0xf7a7c739;0x489c254bL;0.500000;1503112003;1503112003
0;64;8048;0x09f7a184dd6b809eec262efe9acf07ccd2517b422e5ca11f0352f2cb7eeb2388;0x9934c244810633fd92d81443c934f6aa89e1bd0fec9713899c4fb2e0a98646b1;0xf7a7c739;0x489c254bL;0.500000;1503112003;1503112004
0;64;8048;0x452c8f4eabe2060250b4246fd9999e591587c8e399df7f1741bf1528b7d6bdfd;0x247c9274aeab51649a94e32f287041d63498f1e525c329299105e9e0a91a389f;0x7535939b;0x489c254bL;0.500000;1503112004;1503112004
0;64;8048;0x452c8f4eabe2060250b4246fd9999e591587c8e399df7f1741bf1528b7d6bdfd;0x247c9274aeab51649a94e32f287041d63498f1e525c329299105e9e0a91a389f;0x7535939b;0x489c254bL;0.500000;1503112004;1503112004
