0;64;8048;0x931fff7c7c0030b6e4cde2250a154b0fabe35c6f334f742d8f1c2e5cdb863d6e;0x167c2c9426d9c2db6722c0fe2850e9150ae5d6fa46154a03eccd7555327441e8;0xa08d8b6b;0x489c254bL;0.500000;1503104733;1503104733
0;64;8048;0x931fff7c7c0030b6e4cde2250a154b0fabe35c6f334f742d8f1c2e5cdb863d6e;0x167c2c9426d9c2db6722c0fe2850e9150ae5d6fa46154a03eccd7555327441e8;0xa08d8b6b;0x489c254bL;0.500000;1503104733;1503104733
0;64;8048;0x931fff7c7c0030b6e4cde2250a154b0fabe35c6f334f742d8f1c2e5cdb863d6e;0x167c2c9426d9c2db6722c0fe2850e9150ae5d6fa46154a03eccd7555327441e8;0xa08d8b6b;0x489c254bL;0.500000;1503104733;1503104733
0;64;8048;0x931fff7c7c0030b6e4cde2250a154b0fabe35c6f334f742d8f1c2e5cdb863d6e;0x167c2c9426d9c2db6722c0fe2850e9150ae5d6fa46154a03eccd7555327441e8;0xa08d8b6b;0x489c254bL;0.500000;1503104733;1503104733
0;64;8048;0x931fff7c7c0030b6e4cde2250a154b0fabe35c6f334f742d8f1c2e5cdb863d6e;0x167c2c9426d9c2db6722c0fe2850e9150ae5d6fa46154a03eccd7555327441e8;0xa08d8b6b;0x489c254bL;0.500000;1503104733;1503104733
0;64;8048;0x931fff7c7c0030b6e4cde2250a154b0fabe35c6f334f742d8f1c2e5cdb863d6e;0x167c2c9426d9c2db6722c0fe2850e9150ae5d6fa46154a03eccd7555327441e8;0xa08d8b6b;0x489c254bL;0.500000;1503104734;1503104734
0;64;8048;0x70a1d860c9019843e9abbed60310bb90e2ac14e16de17a2af355bcecd72cd648;0x8f38f84bd8f155a4712c986a05e39a14db141713021ca628ce890af6eb64192e;0x5ba812dd;0x489c254bL;0.500000;1503104734;1503104734
0;64;8048;0x70a1d860c9019843e9abbed60310bb90e2ac14e16de17a2af355bcecd72cd648;0x8f38f84bd8f155a4712c986a05e39a14db141713021ca628ce890af6eb64192e;0x5ba812dd;0x489c254bL;0.500000;1503104734;1503104734
0;64;8048;0x70a1d860c9019843e9abbed60310bb90e2ac14e16de17a2af355bcecd72cd648;0x8f38f84bd8f155a4712c986a05e39a14db141713021ca628ce890af6eb64192e;0x5ba812dd;0x489c254bL;0.500000;1503104734;1503104734
0;64;8048;0x70a1d860c9019843e9abbed60310bb90e2ac14e16de17a2af355bcecd72cd648;0x8f38f84bd8f155a4712c986a05e39a14db141713021ca628ce890af6eb64192e;0x5ba812dd;0x489c254bL;0.500000;1503104734;1503104734
0;64;8048;0x70a1d860c9019843e9abbed60310bb90e2ac14e16de17a2af355bcecd72cd648;0x8f38f84bd8f155a4712c986a05e39a14db141713021ca628ce890af6eb64192e;0x5ba812dd;0x489c254bL;0.500000;1503104734;1503104735
0;64;8048;0x4ee78d7d752bcc8522846dce164b0807cc310ab21b196c40fc005a4e7afdc8c9;0xfbc629fd328f52a4d06847ffc71224e49c7fa0f3c30627d182924fb051170803;0x05f9b025;0x489c254bL;0.500000;1503104735;1503104735
0;64;8048;0x4ee78d7d752bcc8522846dce164b0807cc310ab21b196c40fc005a4e7afdc8c9;0xfbc629fd328f52a4d06847ffc71224e49c7fa0f3c30627d182924fb051170803;0x05f9b025;0x489c254bL;0.500000;1503104735;1503104735
0;64;8048;0x4ee78d7d752bcc8522846dce164b0807cc310ab21b196c40fc005a4e7afdc8c9;0xfbc629fd328f52a4d06847ffc71224e49c7fa0f3c30627d182924fb051170803;0x05f9b025;0x489c254bL;0.500000;1503104735;1503104735
0;64;8048;0x4ee78d7d752bcc8522846dce164b0807cc310ab21b196c40fc005a4e7afdc8c9;0xfbc629fd328f52a4d06847ffc71224e49c7fa0f3c30627d182924fb051170803;0x05f9b025;0x489c254bL;0.500000;1503104735;1503104735
0;64;8048;0x4ee78d7d752bcc8522846dce164b0807cc310ab21b196c40fc005a4e7afdc8c9;0xfbc629fd328f52a4d06847ffc71224e49c7fa0f3c30627d182924fb051170803;0x05f9b025;0x489c254bL;0.500000;1503104735;1503104735
0;64;8048;0x4ee78d7d752bcc8522846dce164b0807cc310ab21b196c40fc005a4e7afdc8c9;0xfbc629fd328f52a4d06847ffc71224e49c7fa0f3c30627d182924fb051170803;0x05f9b025;0x489c254bL;0.500000;1503104736;1503104736
0;64;8048;0x9e2d6ea0b12c327d85d76c853f8b1ef59dbee736db130b5ebcb25506a0c8c43e;0x8d98ef3a2da99afb08ff3b67e06877994bd84a254f1bb471b824e88c9d9d8323;0x19075be8;0x489c254bL;0.500000;1503104736;1503104736
0;64;8048;0x9e2d6ea0b12c327d85d76c853f8b1ef59dbee736db130b5ebcb25506a0c8c43e;0x8d98ef3a2da99afb08ff3b67e06877994bd84a254f1bb471b824e88c9d9d8323;0x19075be8;0x489c254bL;0.500000;1503104736;1503104736
0;64;8048;0x9e2d6ea0b12c327d85d76c853f8b1ef59dbee736db130b5ebcb25506a0c8c43e;0x8d98ef3a2da99afb08ff3b67e06877994bd84a254f1bb471b824e88c9d9d8323;0x19075be8;0x489c254bL;0.500000;1503104736;1503104736
