0;64;8048;0xe479ddb5b15b187118cc67fcc3da97dc488ee68713c35a5e72d03a1c027341e6;0x255f456e93987e49f7c045f1fb36d21d27c542590f23c8deb48c08195d971fa3;0x044558c5;0x489c254bL;0.500000;1503125196;1503125196
0;64;8048;0xe479ddb5b15b187118cc67fcc3da97dc488ee68713c35a5e72d03a1c027341e6;0x255f456e93987e49f7c045f1fb36d21d27c542590f23c8deb48c08195d971fa3;0x044558c5;0x489c254bL;0.500000;1503125196;1503125196
0;64;8048;0xe479ddb5b15b187118cc67fcc3da97dc488ee68713c35a5e72d03a1c027341e6;0x255f456e93987e49f7c045f1fb36d21d27c542590f23c8deb48c08195d971fa3;0x044558c5;0x489c254bL;0.500000;1503125196;1503125197
0;64;8048;0x6beacf7192a0b0ccc2a5dbdfc8129d528a167922949278dcff7f9ff786065ff1;0xb0a0985c2cbec4da961873e7b5df3fff50014c67dd51ff6a8a7dd484331bf444;0x6130376e;0x489c254bL;0.500000;1503125197;1503125197
0;64;8048;0x6beacf7192a0b0ccc2a5dbdfc8129d528a167922949278dcff7f9ff786065ff1;0xb0a0985c2cbec4da961873e7b5df3fff50014c67dd51ff6a8a7dd484331bf444;0x6130376e;0x489c254bL;0.500000;1503125197;1503125197
0;64;8048;0x6beacf7192a0b0ccc2a5dbdfc8129d528a167922949278dcff7f9ff786065ff1;0xb0a0985c2cbec4da961873e7b5df3fff50014c67dd51ff6a8a7dd484331bf444;0x6130376e;0x489c254bL;0.500000;1503125197;1503125197
0;64;8048;0x6beacf7192a0b0ccc2a5dbdfc8129d528a167922949278dcff7f9ff786065ff1;0xb0a0985c2cbec4da961873e7b5df3fff50014c67dd51ff6a8a7dd484331bf444;0x6130376e;0x489c254bL;0.500000;1503125197;1503125197
0;64;8048;0x6beacf7192a0b0ccc2a5dbdfc8129d528a167922949278dcff7f9ff786065ff1;0xb0a0985c2cbec4da961873e7b5df3fff50014c67dd51ff6a8a7dd484331bf444;0x6130376e;0x489c254bL;0.500000;1503125197;1503125198
0;64;8048;0x2a2b0c820648d63aaca84d63728924a380bb12d9c80aef2511710ed41364e23d;0x3b992180046678ece2d75b3efdb97eae1c727f7d66033aa52a679cf76fea5f3f;0xfb6a42ba;0x489c254bL;0.500000;1503125198;1503125198
0;64;8048;0x2a2b0c820648d63aaca84d63728924a380bb12d9c80aef2511710ed41364e23d;0x3b992180046678ece2d75b3efdb97eae1c727f7d66033aa52a679cf76fea5f3f;0xfb6a42ba;0x489c254bL;0.500000;1503125198;1503125198
0;64;8048;0x2a2b0c820648d63aaca84d63728924a380bb12d9c80aef2511710ed41364e23d;0x3b992180046678ece2d75b3efdb97eae1c727f7d66033aa52a679cf76fea5f3f;0xfb6a42ba;0x489c254bL;0.500000;1503125198;1503125198
0;64;8048;0x2a2b0c820648d63aaca84d63728924a380bb12d9c80aef2511710ed41364e23d;0x3b992180046678ece2d75b3efdb97eae1c727f7d66033aa52a679cf76fea5f3f;0xfb6a42ba;0x489c254bL;0.500000;1503125198;1503125198
0;64;8048;0x2a2b0c820648d63aaca84d63728924a380bb12d9c80aef2511710ed41364e23d;0x3b992180046678ece2d75b3efdb97eae1c727f7d66033aa52a679cf76fea5f3f;0xfb6a42ba;0x489c254bL;0.500000;1503125198;1503125199
0;64;8048;0x85cef01e980a11bce3f49aa7526b2e1b8eef03efb39bd4207a3cd1faf5f29f7a;0x4b8669e1c7109460a7abc3d6ad068b3609a561b9d936148e9b8bcfa1b0d30317;0x90433ee5;0x489c254bL;0.500000;1503125199;1503125199
0;64;8048;0x85cef01e980a11bce3f49aa7526b2e1b8eef03efb39bd4207a3cd1faf5f29f7a;0x4b8669e1c7109460a7abc3d6ad068b3609a561b9d936148e9b8bcfa1b0d30317;0x90433ee5;0x489c254bL;0.500000;1503125199;1503125199
0;64;8048;0x85cef01e980a11bce3f49aa7526b2e1b8eef03efb39bd4207a3cd1faf5f29f7a;0x4b8669e1c7109460a7abc3d6ad068b3609a561b9d936148e9b8bcfa1b0d30317;0x90433ee5;0x489c254bL;0.500000;1503125199;1503125199
0;64;8048;0x85cef01e980a11bce3f49aa7526b2e1b8eef03efb39bd4207a3cd1faf5f29f7a;0x4b8669e1c7109460a7abc3d6ad068b3609a561b9d936148e9b8bcfa1b0d30317;0x90433ee5;0x489c254bL;0.500000;1503125199;1503125199
0;64;8048;0x85cef01e980a11bce3f49aa7526b2e1b8eef03efb39bd4207a3cd1faf5f29f7a;0x4b8669e1c7109460a7abc3d6ad068b3609a561b9d936148e9b8bcfa1b0d30317;0x90433ee5;0x489c254bL;0.500000;1503125199;1503125200
0;64;8048;0x0a474230754d6c36677fa3f8d7499671430e0b6063720905c88991910ab86415;0x2a05962579f14616dedd6ccfd8b2c30fb86c16b230b3a9f142e3cf4b0a70757f;0xea5c5394;0x489c254bL;0.500000;1503125200;1503125200
0;64;8048;0x0a474230754d6c36677fa3f8d7499671430e0b6063720905c88991910ab86415;0x2a05962579f14616dedd6ccfd8b2c30fb86c16b230b3a9f142e3cf4b0a70757f;0xea5c5394;0x489c254bL;0.500000;1503125200;1503125200
