0;64;8048;0xe1d187b09d0ae400ecdacfe78a496a5d985682f69f445726833c71570be121ec;0xe6a79e347c60c58815a29c70018f1c339493a59e441b48f785a18e9461f96534;0x2a08b30a;0x489c254bL;0.500000;1503108731;1503108732
0;64;8048;0x2c548c957fd94c8bf18d6a7b75542136265b442d066056c77cf68d6ddb3ca407;0x8eaf91e779d492bd3464871e19f971d9e8e17b336b7599b4ac07917ff01c3dd9;0x78710724;0x489c254bL;0.500000;1503108732;1503108732
0;64;8048;0x2c548c957fd94c8bf18d6a7b75542136265b442d066056c77cf68d6ddb3ca407;0x8eaf91e779d492bd3464871e19f971d9e8e17b336b7599b4ac07917ff01c3dd9;0x78710724;0x489c254bL;0.500000;1503108732;1503108732
0;64;8048;0x2c548c957fd94c8bf18d6a7b75542136265b442d066056c77cf68d6ddb3ca407;0x8eaf91e779d492bd3464871e19f971d9e8e17b336b7599b4ac07917ff01c3dd9;0x78710724;0x489c254bL;0.500000;1503108732;1503108732
0;64;8048;0x2c548c957fd94c8bf18d6a7b75542136265b442d066056c77cf68d6ddb3ca407;0x8eaf91e779d492bd3464871e19f971d9e8e17b336b7599b4ac07917ff01c3dd9;0x78710724;0x489c254bL;0.500000;1503108732;1503108732
0;64;8048;0x2c548c957fd94c8bf18d6a7b75542136265b442d066056c77cf68d6ddb3ca407;0x8eaf91e779d492bd3464871e19f971d9e8e17b336b7599b4ac07917ff01c3dd9;0x78710724;0x489c254bL;0.500000;1503108732;1503108733
0;64;8048;0xfc44f06cb73242dc7e288af7f1c2f327937e64c6f062d50b288fbdcf419fe03d;0x26770b2ccbf604026f407d2b81e8d84973659f00800a95fec3c2304119de5788;0x2ff7b757;0x489c254bL;0.500000;1503108733;1503108733
0;64;8048;0xfc44f06cb73242dc7e288af7f1c2f327937e64c6f062d50b288fbdcf419fe03d;0x26770b2ccbf604026f407d2b81e8d84973659f00800a95fec3c2304119de5788;0x2ff7b757;0x489c254bL;0.500000;1503108733;1503108733
0;64;8048;0xfc44f06cb73242dc7e288af7f1c2f327937e64c6f062d50b288fbdcf419fe03d;0x26770b2ccbf604026f407d2b81e8d84973659f00800a95fec3c2304119de5788;0x2ff7b757;0x489c254bL;0.500000;1503108733;1503108733
0;64;8048;0xfc44f06cb73242dc7e288af7f1c2f327937e64c6f062d50b288fbdcf419fe03d;0x26770b2ccbf604026f407d2b81e8d84973659f00800a95fec3c2304119de5788;0x2ff7b757;0x489c254bL;0.500000;1503108733;1503108733
0;64;8048;0xfc44f06cb73242dc7e288af7f1c2f327937e64c6f062d50b288fbdcf419fe03d;0x26770b2ccbf604026f407d2b81e8d84973659f00800a95fec3c2304119de5788;0x2ff7b757;0x489c254bL;0.500000;1503108733;1503108734
0;64;8048;0x6e518abb9ff2e031a38d3ee7dfc2240206b0b6bb94c348bc6890f419ea048459;0x0fd54d2d1063ebf93ec77cc02f55c4e15b804f211a1a5d441c15ffd28a91f5ff;0x8c950501;0x489c254bL;0.500000;1503108734;1503108734
0;64;8048;0x6e518abb9ff2e031a38d3ee7dfc2240206b0b6bb94c348bc6890f419ea048459;0x0fd54d2d1063ebf93ec77cc02f55c4e15b804f211a1a5d441c15ffd28a91f5ff;0x8c950501;0x489c254bL;0.500000;1503108734;1503108734
0;64;8048;0x6e518abb9ff2e031a38d3ee7dfc2240206b0b6bb94c348bc6890f419ea048459;0x0fd54d2d1063ebf93ec77cc02f55c4e15b804f211a1a5d441c15ffd28a91f5ff;0x8c950501;0x489c254bL;0.500000;1503108734;1503108734
0;64;8048;0x6e518abb9ff2e031a38d3ee7dfc2240206b0b6bb94c348bc6890f419ea048459;0x0fd54d2d1063ebf93ec77cc02f55c4e15b804f211a1a5d441c15ffd28a91f5ff;0x8c950501;0x489c254bL;0.500000;1503108734;1503108734
0;64;8048;0x6e518abb9ff2e031a38d3ee7dfc2240206b0b6bb94c348bc6890f419ea048459;0x0fd54d2d1063ebf93ec77cc02f55c4e15b804f211a1a5d441c15ffd28a91f5ff;0x8c950501;0x489c254bL;0.500000;1503108734;1503108735
0;64;8048;0xb7b7a32bbfd5305115db093adcf9f9e1758e4acc266af62a185f878005ceddbc;0xa5ffa100d53b61601baaeaf73e94cca39a2169f4047a71bce50ed701250b4570;0xc913a884;0x489c254bL;0.500000;1503108735;1503108735
0;64;8048;0xb7b7a32bbfd5305115db093adcf9f9e1758e4acc266af62a185f878005ceddbc;0xa5ffa100d53b61601baaeaf73e94cca39a2169f4047a71bce50ed701250b4570;0xc913a884;0x489c254bL;0.500000;1503108735;1503108735
0;64;8048;0xb7b7a32bbfd5305115db093adcf9f9e1758e4acc266af62a185f878005ceddbc;0xa5ffa100d53b61601baaeaf73e94cca39a2169f4047a71bce50ed701250b4570;0xc913a884;0x489c254bL;0.500000;1503108735;1503108735
0;64;8048;0xb7b7a32bbfd5305115db093adcf9f9e1758e4acc266af62a185f878005ceddbc;0xa5ffa100d53b61601baaeaf73e94cca39a2169f4047a71bce50ed701250b4570;0xc913a884;0x489c254bL;0.500000;1503108735;1503108735
