0;64;8048;0x9d3c4885a78a5c51f600c6bfb516d4849c080e1cf9c0f015d912a4ddbd26695a;0x06950560979ec5239aa9f9bb58cd9e978bfc8be4df6f3c03fb19690b92d7f54d;0xe1cb0ceb;0x489c254bL;0.500000;1503135056;1503135056
0;64;8048;0x9d3c4885a78a5c51f600c6bfb516d4849c080e1cf9c0f015d912a4ddbd26695a;0x06950560979ec5239aa9f9bb58cd9e978bfc8be4df6f3c03fb19690b92d7f54d;0xe1cb0ceb;0x489c254bL;0.500000;1503135056;1503135057
0;64;8048;0x1eb484ca0b1cf57a9236e19e99cace31f7dbef6af5a14575e652114ae7fa3f05;0x9dbeb00eed5e615ece6759695e4cf25e33493c1112af7c1d808f6e8d4e758338;0x860476bb;0x489c254bL;0.500000;1503135057;1503135057
0;64;8048;0x1eb484ca0b1cf57a9236e19e99cace31f7dbef6af5a14575e652114ae7fa3f05;0x9dbeb00eed5e615ece6759695e4cf25e33493c1112af7c1d808f6e8d4e758338;0x860476bb;0x489c254bL;0.500000;1503135057;1503135057
0;64;8048;0x1eb484ca0b1cf57a9236e19e99cace31f7dbef6af5a14575e652114ae7fa3f05;0x9dbeb00eed5e615ece6759695e4cf25e33493c1112af7c1d808f6e8d4e758338;0x860476bb;0x489c254bL;0.500000;1503135057;1503135057
0;64;8048;0x1eb484ca0b1cf57a9236e19e99cace31f7dbef6af5a14575e652114ae7fa3f05;0x9dbeb00eed5e615ece6759695e4cf25e33493c1112af7c1d808f6e8d4e758338;0x860476bb;0x489c254bL;0.500000;1503135057;1503135057
0;64;8048;0x1eb484ca0b1cf57a9236e19e99cace31f7dbef6af5a14575e652114ae7fa3f05;0x9dbeb00eed5e615ece6759695e4cf25e33493c1112af7c1d808f6e8d4e758338;0x860476bb;0x489c254bL;0.500000;1503135057;1503135057
0;64;8048;0x1eb484ca0b1cf57a9236e19e99cace31f7dbef6af5a14575e652114ae7fa3f05;0x9dbeb00eed5e615ece6759695e4cf25e33493c1112af7c1d808f6e8d4e758338;0x860476bb;0x489c254bL;0.500000;1503135057;1503135058
0;64;8048;0x8d6cacb27eb0d56280e5afce3eb6027032d2694c7dfd0b8b137a87fd39aeddc7;0x4a3fe2888d84864ba0a4d593ef4aeac50b48ff66d68d513e936293fad55ab241;0x7aa32d7e;0x489c254bL;0.500000;1503135058;1503135058
0;64;8048;0x8d6cacb27eb0d56280e5afce3eb6027032d2694c7dfd0b8b137a87fd39aeddc7;0x4a3fe2888d84864ba0a4d593ef4aeac50b48ff66d68d513e936293fad55ab241;0x7aa32d7e;0x489c254bL;0.500000;1503135058;1503135058
0;64;8048;0x8d6cacb27eb0d56280e5afce3eb6027032d2694c7dfd0b8b137a87fd39aeddc7;0x4a3fe2888d84864ba0a4d593ef4aeac50b48ff66d68d513e936293fad55ab241;0x7aa32d7e;0x489c254bL;0.500000;1503135058;1503135058
0;64;8048;0x8d6cacb27eb0d56280e5afce3eb6027032d2694c7dfd0b8b137a87fd39aeddc7;0x4a3fe2888d84864ba0a4d593ef4aeac50b48ff66d68d513e936293fad55ab241;0x7aa32d7e;0x489c254bL;0.500000;1503135058;1503135058
0;64;8048;0x8d6cacb27eb0d56280e5afce3eb6027032d2694c7dfd0b8b137a87fd39aeddc7;0x4a3fe2888d84864ba0a4d593ef4aeac50b48ff66d68d513e936293fad55ab241;0x7aa32d7e;0x489c254bL;0.500000;1503135058;1503135059
0;64;8048;0x9a141523fde89654464517e6a3c7bf2d0596f45b468cff7def3d7d2991d5552b;0x326fb7cbcf35aef34df4ed0855bad64ac07a4cb3cfaa291f4a2bc06dcaed5bda;0x3c02d36c;0x489c254bL;0.500000;1503135059;1503135059
0;64;8048;0x9a141523fde89654464517e6a3c7bf2d0596f45b468cff7def3d7d2991d5552b;0x326fb7cbcf35aef34df4ed0855bad64ac07a4cb3cfaa291f4a2bc06dcaed5bda;0x3c02d36c;0x489c254bL;0.500000;1503135059;1503135059
0;64;8048;0x9a141523fde89654464517e6a3c7bf2d0596f45b468cff7def3d7d2991d5552b;0x326fb7cbcf35aef34df4ed0855bad64ac07a4cb3cfaa291f4a2bc06dcaed5bda;0x3c02d36c;0x489c254bL;0.500000;1503135059;1503135059
0;64;8048;0x9a141523fde89654464517e6a3c7bf2d0596f45b468cff7def3d7d2991d5552b;0x326fb7cbcf35aef34df4ed0855bad64ac07a4cb3cfaa291f4a2bc06dcaed5bda;0x3c02d36c;0x489c254bL;0.500000;1503135059;1503135059
0;64;8048;0x9a141523fde89654464517e6a3c7bf2d0596f45b468cff7def3d7d2991d5552b;0x326fb7cbcf35aef34df4ed0855bad64ac07a4cb3cfaa291f4a2bc06dcaed5bda;0x3c02d36c;0x489c254bL;0.500000;1503135059;1503135060
0;64;8048;0x0745c6e25996e1669a1aee2627b8cad132e302e3a2b21399da3506b7f5667dfc;0xf0685cdfabab3e9f5ce1294a88bcfc8d6eec8890bf4dff35478ea392ffba49b5;0x97854be3;0x489c254bL;0.500000;1503135060;1503135060
0;64;8048;0x0745c6e25996e1669a1aee2627b8cad132e302e3a2b21399da3506b7f5667dfc;0xf0685cdfabab3e9f5ce1294a88bcfc8d6eec8890bf4dff35478ea392ffba49b5;0x97854be3;0x489c254bL;0.500000;1503135060;1503135060
