0;64;8048;0xd9cd73caf32663d8c770ea51af79112d24a20308f26cb9789b93ffac921b5a6c;0x2899c680c115db44468bb80022970c7646c73a05e088d45d20f1e7b7acc1c895;0x862b9490;0x489c254bL;0.500000;1503127859;1503127860
0;64;8048;0xec9f3826518c88679647e114af06c0be16b4d420a654ac52063a22f60fdcfcfb;0x73fd8d27e8d90b433ca975b453b48f3e3985e95032d23c2200e0ddf786873805;0xa2073348;0x489c254bL;0.500000;1503127860;1503127860
0;64;8048;0xec9f3826518c88679647e114af06c0be16b4d420a654ac52063a22f60fdcfcfb;0x73fd8d27e8d90b433ca975b453b48f3e3985e95032d23c2200e0ddf786873805;0xa2073348;0x489c254bL;0.500000;1503127860;1503127860
0;64;8048;0xec9f3826518c88679647e114af06c0be16b4d420a654ac52063a22f60fdcfcfb;0x73fd8d27e8d90b433ca975b453b48f3e3985e95032d23c2200e0ddf786873805;0xa2073348;0x489c254bL;0.500000;1503127860;1503127860
0;64;8048;0xec9f3826518c88679647e114af06c0be16b4d420a654ac52063a22f60fdcfcfb;0x73fd8d27e8d90b433ca975b453b48f3e3985e95032d23c2200e0ddf786873805;0xa2073348;0x489c254bL;0.500000;1503127860;1503127860
0;64;8048;0xec9f3826518c88679647e114af06c0be16b4d420a654ac52063a22f60fdcfcfb;0x73fd8d27e8d90b433ca975b453b48f3e3985e95032d23c2200e0ddf786873805;0xa2073348;0x489c254bL;0.500000;1503127860;1503127861
0;64;8048;0xdc4acb0e23e1df33277b23e3ca2412ddc9315f501d6b692f82546671651d5f41;0xb8d864a4c25fa1759f4f0a27008f4a4e4ea4cdd9cc167c7190cfc95bda1ff2b2;0x856f19a6;0x489c254bL;0.500000;1503127861;1503127861
0;64;8048;0xdc4acb0e23e1df33277b23e3ca2412ddc9315f501d6b692f82546671651d5f41;0xb8d864a4c25fa1759f4f0a27008f4a4e4ea4cdd9cc167c7190cfc95bda1ff2b2;0x856f19a6;0x489c254bL;0.500000;1503127861;1503127861
0;64;8048;0xdc4acb0e23e1df33277b23e3ca2412ddc9315f501d6b692f82546671651d5f41;0xb8d864a4c25fa1759f4f0a27008f4a4e4ea4cdd9cc167c7190cfc95bda1ff2b2;0x856f19a6;0x489c254bL;0.500000;1503127861;1503127861
0;64;8048;0xdc4acb0e23e1df33277b23e3ca2412ddc9315f501d6b692f82546671651d5f41;0xb8d864a4c25fa1759f4f0a27008f4a4e4ea4cdd9cc167c7190cfc95bda1ff2b2;0x856f19a6;0x489c254bL;0.500000;1503127861;1503127861
0;64;8048;0xdc4acb0e23e1df33277b23e3ca2412ddc9315f501d6b692f82546671651d5f41;0xb8d864a4c25fa1759f4f0a27008f4a4e4ea4cdd9cc167c7190cfc95bda1ff2b2;0x856f19a6;0x489c254bL;0.500000;1503127861;1503127861
0;64;8048;0xdc4acb0e23e1df33277b23e3ca2412ddc9315f501d6b692f82546671651d5f41;0xb8d864a4c25fa1759f4f0a27008f4a4e4ea4cdd9cc167c7190cfc95bda1ff2b2;0x856f19a6;0x489c254bL;0.500000;1503127861;1503127862
0;64;8048;0x9032211796445c16276ea4f7ae77f79b0fe927fad6d3275aa313a22210b642a0;0x554bc3fa544dc5ed11bda33932ee1c88babd16a157be4248a026641045a8ed9c;0xa7487269;0x489c254bL;0.500000;1503127862;1503127862
0;64;8048;0x9032211796445c16276ea4f7ae77f79b0fe927fad6d3275aa313a22210b642a0;0x554bc3fa544dc5ed11bda33932ee1c88babd16a157be4248a026641045a8ed9c;0xa7487269;0x489c254bL;0.500000;1503127862;1503127862
0;64;8048;0x9032211796445c16276ea4f7ae77f79b0fe927fad6d3275aa313a22210b642a0;0x554bc3fa544dc5ed11bda33932ee1c88babd16a157be4248a026641045a8ed9c;0xa7487269;0x489c254bL;0.500000;1503127862;1503127862
0;64;8048;0x9032211796445c16276ea4f7ae77f79b0fe927fad6d3275aa313a22210b642a0;0x554bc3fa544dc5ed11bda33932ee1c88babd16a157be4248a026641045a8ed9c;0xa7487269;0x489c254bL;0.500000;1503127862;1503127862
0;64;8048;0x9032211796445c16276ea4f7ae77f79b0fe927fad6d3275aa313a22210b642a0;0x554bc3fa544dc5ed11bda33932ee1c88babd16a157be4248a026641045a8ed9c;0xa7487269;0x489c254bL;0.500000;1503127862;1503127863
0;64;8048;0xab427e3c23b6a68233595845ba2f556a6ce5ab16c83a163560e6c3c37eba682a;0x21c51480bf11674feea754d1af0645cc21c49d9d1bcc98489115d15b6c29b304;0x65f79f5b;0x489c254bL;0.500000;1503127863;1503127863
0;64;8048;0xab427e3c23b6a68233595845ba2f556a6ce5ab16c83a163560e6c3c37eba682a;0x21c51480bf11674feea754d1af0645cc21c49d9d1bcc98489115d15b6c29b304;0x65f79f5b;0x489c254bL;0.500000;1503127863;1503127863
0;64;8048;0xab427e3c23b6a68233595845ba2f556a6ce5ab16c83a163560e6c3c37eba682a;0x21c51480bf11674feea754d1af0645cc21c49d9d1bcc98489115d15b6c29b304;0x65f79f5b;0x489c254bL;0.500000;1503127863;1503127863
