0;64;8048;0x6c4a10a12cdec51588f65854c1d9d54abf2b3dc5642fdc7803c05ebf3f2ab0ab;0xfd1bafd4b7c858d59a34d41ec55b618120837899e8efc3b370842cd80e420a61;0xf76dcfe7;0x489c254bL;0.500000;1503131125;1503131125
0;64;8048;0xc578171af1de8cade8689b13214bac99cc8c32bd39cee00a6b0ddcc12cecfdf2;0xc70408c8ca344fb082eebcebd55694f94ce60ef522d7ae74b31348168ff420d5;0xfef31d3f;0x489c254bL;0.500000;1503131125;1503131125
0;64;8048;0xc578171af1de8cade8689b13214bac99cc8c32bd39cee00a6b0ddcc12cecfdf2;0xc70408c8ca344fb082eebcebd55694f94ce60ef522d7ae74b31348168ff420d5;0xfef31d3f;0x489c254bL;0.500000;1503131125;1503131125
0;64;8048;0xc578171af1de8cade8689b13214bac99cc8c32bd39cee00a6b0ddcc12cecfdf2;0xc70408c8ca344fb082eebcebd55694f94ce60ef522d7ae74b31348168ff420d5;0xfef31d3f;0x489c254bL;0.500000;1503131125;1503131125
0;64;8048;0xc578171af1de8cade8689b13214bac99cc8c32bd39cee00a6b0ddcc12cecfdf2;0xc70408c8ca344fb082eebcebd55694f94ce60ef522d7ae74b31348168ff420d5;0xfef31d3f;0x489c254bL;0.500000;1503131125;1503131125
0;64;8048;0xc578171af1de8cade8689b13214bac99cc8c32bd39cee00a6b0ddcc12cecfdf2;0xc70408c8ca344fb082eebcebd55694f94ce60ef522d7ae74b31348168ff420d5;0xfef31d3f;0x489c254bL;0.500000;1503131125;1503131126
0;64;8048;0xf7457d1c0bd5d2dc0fb10f0262bf180d2b383c8f7324c72c2330e7e60e119805;0xf081e4d68ffb253adabe214f78acc362a8cabdfcfd7057dc4355b56bb9c1e5bf;0x1009f92a;0xa36518b9L;0.500000;1503131126;1503131126
0;64;8048;0xf7457d1c0bd5d2dc0fb10f0262bf180d2b383c8f7324c72c2330e7e60e119805;0xf081e4d68ffb253adabe214f78acc362a8cabdfcfd7057dc4355b56bb9c1e5bf;0x1009f92a;0xa36518b9L;0.500000;1503131126;1503131126
0;64;8048;0xf7457d1c0bd5d2dc0fb10f0262bf180d2b383c8f7324c72c2330e7e60e119805;0xf081e4d68ffb253adabe214f78acc362a8cabdfcfd7057dc4355b56bb9c1e5bf;0x1009f92a;0xa36518b9L;0.500000;1503131126;1503131126
0;64;8048;0xf7457d1c0bd5d2dc0fb10f0262bf180d2b383c8f7324c72c2330e7e60e119805;0xf081e4d68ffb253adabe214f78acc362a8cabdfcfd7057dc4355b56bb9c1e5bf;0x1009f92a;0xa36518b9L;0.500000;1503131126;1503131126
0;64;8048;0xf7457d1c0bd5d2dc0fb10f0262bf180d2b383c8f7324c72c2330e7e60e119805;0xf081e4d68ffb253adabe214f78acc362a8cabdfcfd7057dc4355b56bb9c1e5bf;0x1009f92a;0xa36518b9L;0.500000;1503131126;1503131127
0;64;8048;0xc2adbb58036c57914e6aee845c954e09e4afad6e301a8d3495ed38df4527dc07;0x3c02593c7918b684b7a832e011b71268388076a4a9d2f33873711349547caadd;0x075691a6;0x489c254bL;0.500000;1503131127;1503131127
0;64;8048;0xc2adbb58036c57914e6aee845c954e09e4afad6e301a8d3495ed38df4527dc07;0x3c02593c7918b684b7a832e011b71268388076a4a9d2f33873711349547caadd;0x075691a6;0x489c254bL;0.500000;1503131127;1503131127
0;64;8048;0xc2adbb58036c57914e6aee845c954e09e4afad6e301a8d3495ed38df4527dc07;0x3c02593c7918b684b7a832e011b71268388076a4a9d2f33873711349547caadd;0x075691a6;0x489c254bL;0.500000;1503131127;1503131127
0;64;8048;0xc2adbb58036c57914e6aee845c954e09e4afad6e301a8d3495ed38df4527dc07;0x3c02593c7918b684b7a832e011b71268388076a4a9d2f33873711349547caadd;0x075691a6;0x489c254bL;0.500000;1503131127;1503131127
0;64;8048;0xc2adbb58036c57914e6aee845c954e09e4afad6e301a8d3495ed38df4527dc07;0x3c02593c7918b684b7a832e011b71268388076a4a9d2f33873711349547caadd;0x075691a6;0x489c254bL;0.500000;1503131127;1503131128
0;64;8048;0x10ca5e0b7b458c8adb7c8244b5069e9bc66c1ce1c38a8a89ba4ff878d882a9e8;0x746787d8390c44f6006709a0bfbfc1e14326a2e174fc16842a01db2207bc82e2;0xfce19cfa;0x489c254bL;0.500000;1503131128;1503131128
0;64;8048;0x10ca5e0b7b458c8adb7c8244b5069e9bc66c1ce1c38a8a89ba4ff878d882a9e8;0x746787d8390c44f6006709a0bfbfc1e14326a2e174fc16842a01db2207bc82e2;0xfce19cfa;0x489c254bL;0.500000;1503131128;1503131128
0;64;8048;0x10ca5e0b7b458c8adb7c8244b5069e9bc66c1ce1c38a8a89ba4ff878d882a9e8;0x746787d8390c44f6006709a0bfbfc1e14326a2e174fc16842a01db2207bc82e2;0xfce19cfa;0x489c254bL;0.500000;1503131128;1503131128
0;64;8048;0x10ca5e0b7b458c8adb7c8244b5069e9bc66c1ce1c38a8a89ba4ff878d882a9e8;0x746787d8390c44f6006709a0bfbfc1e14326a2e174fc16842a01db2207bc82e2;0xfce19cfa;0x489c254bL;0.500000;1503131128;1503131128
