0;4048;8048;0x1d792e93febd9a7fe5ff32c91e4f9680426ca116efd9bb47ce446f096080607d;0x08218a3c7579de24abaab7e428145d616bba7c8db0db5f285fe5325d580961dd;0x48b0c7d5;0x693a14aaL;0.500000;1503143721;1503143737
1;4048;8048;0x9c5e8cd8b26787c88225cedf9349e2f785fa596efdc1a7d6b3c3be4ac122d15e;0xee12e3a5d8b7e7e449dedad3d9ee3bf2aabe085e89862b37c7d6fb9e34e9f850;0x73b6a433;0x89862b37L;0.500000;1503143738;1503143755
1;4048;8048;0x90ea6140cb0be85a7086ef1dc8e6bbd1cfe2e53476eca24344c693f960b1b3f0;0xcc06c359817df267c8a6ad2d7c9418ed9c4a51385d8e20d1392c02ed1878672f;0x787ad5dc;0x5d8e20d1L;0.500000;1503143756;1503143773
1;4048;8048;0x507e66d76d7a6b6500be2015c46d1b9679dfe37f98c3551247c403bcfe13814e;0xcf7f0dcb73e843d05bc051196e17b8a9ddd45835448d1a874f9eed4914621ca5;0xd95bfa8f;0x448d1a87L;0.500000;1503143774;1503143791
1;4048;8048;0xa4738d5a37c9e228413fd292998e726d8695768e427b6cb9c8be96fb04302ca9;0x4fd9b0a0c1dfa8e109f3de30ce6d60d6ed7fff7dd8f1dd6415924fc75f858e43;0x22f98ab5;0xd8f1dd64L;0.500000;1503143792;1503143810
1;4048;8048;0x1ede059b4a650d0bd68e63b6190088586bbe0fd1a9e4194242d1a127d28fbdf0;0xb2316dfe9bd2e34ffbb7cf28176f53578664e587b89632d0d42998d0d8371c6a;0x876a219b;0xb89632d0L;0.500000;1503143811;1503143828
1;4048;8048;0x5613cb55414c5171a3f68061fb2edcebc43a0293241b2ed42f2a80ec613fc9b8;0xdb633f78134a7d6a157a217eb9a04b44f72475f9ac62269b85c2590d1b053fbc;0xcd4a2593;0xac62269bL;0.500000;1503143829;1503143846
1;4048;8048;0x4becd452702c78a60b36c162d5d3d1c6df8d190976b0184e5f50499acc6ce517;0x69f26b2d9209f0464ff71164c95381dd1d55d875c974fad8983167fb54c7d2aa;0x9101c970;0xc974fad8L;0.500000;1503143847;1503143863
1;4048;8048;0x1887a2a4035e2e784c49f1342f73f4e85862c736b3cee7b21f96c64a3c1c2954;0xec61e67c24ceddc6b890207b8ac9dd0cd288b6b2ef102acf6f358d9578201641;0x032a9c05;0xef102acfL;0.500000;1503143865;1503143883
1;4048;8048;0xa2e4167681e11558cf1cc8cb936c5e1aeb4caf4d03a30cdbb517750d2121a9c3;0xf0225b13ce09823782499784f2d702a66702e9eed870ad988c190fb092f78b25;0xa2bf871e;0xd870ad98L;0.500000;1503143884;1503143901
1;4048;8048;0x71106d2bd89513d2ff98eb4140366c68936743d4c1de236a03ce89b5f5620d66;0x3a136f89a82dd2b09fbfb50db24624224207b0e188a91cdda9c1ec605f3bb6da;0xe67f71c7;0x88a91cddL;0.500000;1503143902;1503143918
1;4048;8048;0x55b9d5a2cad11cc7622837bff4e1c3843425c284cca785325a43f950620e18b7;0x4b1a313e3e3827ff5923005e7d42a3a294ceeb3001d85c9e373c3d27a0fb5099;0xcab21683;0x1d85c9eL;0.500000;1503143919;1503143933
1;4048;8048;0x27549531745c24d977d3bbf0da3437c7490b0306d4a59593d98989d13c64fe64;0xe2a91bdd12ceae1548fc9292300586cb361b320ea0e7d934ecc30c0a45e50464;0xe5b9f8b5;0xa0e7d934L;0.500000;1503143934;1503143951
1;4048;8048;0x0d0b0cf1a101ad49b3cfe191d234d53e165118825753dfc27beea97d541aed62;0x8a79fd48962208be8898ebe61266ce3d0c9285f12066e3777e669bb62657777a;0x0e99634a;0x2066e377L;0.500000;1503143952;1503143968
1;4048;8048;0x2eac02c17a37491812dc55a4b49d3c979bdf7d7b38a5b7eba06f49959e7bd6cc;0xb1cf4cc356978b306d0efa06471a980acb9102abb6fa04b47abef838d0e900af;0xf9088cc6;0xb6fa04b4L;0.500000;1503143969;1503143985
1;4048;8048;0xdb34e6a4d8260cc984c11a4c8da021e1c1f28468440d1acab8d0e11d72ba814d;0x0b9f6b861433caf3877b1ea8a16d164b950147a72ebbe8b83fb14c3e82c597e1;0xde06872d;0x2ebbe8b8L;0.500000;1503143986;1503144001
0;4048;8048;0x95eb8edb95e8ab366a23c74360cb80737843dd5363413676154d095fb738fc4c;0x1c73afdc576f8bb1affbce12df6e84379668995f8f93eb394984c20e84b79c06;0xf8ae5774;0xffffffffL;0.500000;1503144002;1503144018
1;4048;8048;0x0fe8858381fb48499838ddb4c963000d4ddc738ec0993d9012b8866d6937bc78;0x44de8b82ecd35f939d4593973ce829ab2775d7f2ee2db4d5ce783107589885f2;0x15832b55;0xee2db4d5L;0.500000;1503144019;1503144035
1;4048;8048;0x2e3adf0134c50ceae43cd2322ebf0539248a81da2979ead2429252ee81a7b8af;0xa3a353b07e1e21d22bf5f23df52a9a1cc33352f2bf084cb3599afd444451140d;0x2f62039b;0xbf084cb3L;0.500000;1503144036;1503144052
0;4048;8048;0x0fc679f2fd59d07d521a50f6537e9be4b6b1c9cea5c6c56f9f617d7000cbc20f;0x726f5cce7b539b5fbbcf28dd3341fbfd2ae6ead0e697a0104974edd0dd5198d6;0xed4e1ce1;0x10a80aa2L;0.500000;1503144053;1503144067
