1;4048;8048;0xaabd8dffba8870bd0ff99787795fa6a31c139b794303e57f0d994cedbc274166;0x304da472bc19053b02930eafdd57ae502a2212fa4f17c66dc48513532dffa52e;0xe5f5894b;0x4f17c66dL;0.500000;1503194871;1503194885
0;4048;8048;0x587d413a5787050de119fee952069bbcca81dea5eb8d060dc07021b562d217bb;0xd4fe81be3f3b7d5db96a5a075437b8c1cd47e827737dac00534cea479e4aa493;0x6c5b2326;0xf437a502L;0.500000;1503194886;1503194899
1;4048;8048;0x3d1d71e02f8e63065baf8eeff8edeb5c75f799e65c2cff87af913a5f9a99e2d8;0xd0905363ae309903a3bfd95ed8c84660e0d3484b37bbc7afca44b22e6cc26596;0x293ffa15;0x37bbc7afL;0.500000;1503194900;1503194913
1;4048;8048;0xa3f3206689a84fcdcef68b6babdd439bb4768b9cee9ed57f561072a8ae12de51;0x1479c27646a1bb1eec417d46c4d14acfd63f58ffa65736f045f66323a6c9d614;0x70397eff;0xa65736f0L;0.500000;1503194914;1503194928
1;4048;8048;0x4e9d0ea44dac0bf5262228e34ce0400f29cc15bd613bbd7c64d4f695155bcd64;0xeec03578b32e3392fe60d75a4f1db5f3c7c02d2a44ff310cb5ea572af86b9cb8;0x9e31ad2a;0x44ff310cL;0.500000;1503194929;1503194943
1;4048;8048;0x7dc10b51e66b761b006dc4aec7a8bafcce537162cf85eb55779d1819b5f25133;0x9b52a887148c59f79ca77636f277913ed01643a89b71abbcfd64773d2801c4fa;0x0577bbfd;0x9b71abbcL;0.500000;1503194944;1503194957
1;4048;8048;0xff01220270e976edb993bd8be15a33ffbc0f1eb39d6bd1c17aceac50a62d3ea5;0x32d4e2fdd74932699d2c5749df6291acec5283afda9b96adaecad3a0552d57e8;0x455f71d5;0xda9b96adL;0.500000;1503194958;1503194971
1;4048;8048;0xa670fa42514a51932c6e2482bb326b207648b5d14275316b4fe98b9b47056aed;0x5e8141aebc4c8c0b13646ca2450d816f42ce843f5dec6e8109bf739879ce83c8;0x23f7a742;0x5dec6e81L;0.500000;1503194972;1503194986
1;4048;8048;0x7e02edb4d9eb7b5d3b09a04920f4945110bccfa2263f348a8b7fbbf382a01800;0xf4c9d91b6480809f02f1ea14fd5d25aef77ccbe306515093cd89ba92a6c618c9;0x45e8a641;0x6515093L;0.500000;1503194987;1503195000
1;4048;8048;0xb030e76b4bba14a9bb09c3d031e749218b591d869856c17979f8834dd03b7580;0x2321bab5be440d1cc0ab16e01b8a97f3f9fdc08bf27b67f730be2223dc125213;0xcf907194;0xf27b67f7L;0.500000;1503195001;1503195014
1;4048;8048;0x7fc4b2fdfebfe84232fd90c0ac34d891ef6e56f844b99dbc1e2ac71b92f46311;0xbca6d3ba2035cc18decdce2925c3af93a7e4144608ecc2343d2221a1356c33da;0xf11dd497;0x8ecc234L;0.500000;1503195015;1503195028
1;4048;8048;0xb4c42c51860293cc978436b5eb19a854e4685fba996af8b997f8314495e6e349;0x45c91dd1e89f1a3b378698e7b386bdb2688519412649cc5ecf3cde6e3d2cfed9;0x95f4a151;0x2649cc5eL;0.500000;1503195029;1503195043
1;4048;8048;0x18abe1b9b8b90971b72babd4e0952dddee9961656f62de8cf256f9098fa961a7;0x6d419bbd14ee373872c50b4238795c2838ad8221f5bafc653d321ef4b7e5c1b8;0xc62f4169;0xf5bafc65L;0.500000;1503195044;1503195057
1;4048;8048;0x8b320d17aa7fb8ea92230d68b91bef2b5210ab3aa4197bcdf5133b03556c0fe0;0x16fbfffd4a04a457c2cd1f33b8bc0fb9ec948d8ddca66270c462e54cca6792ee;0xa6212917;0xdca66270L;0.500000;1503195058;1503195072
1;4048;8048;0x7a4d757cd8bbce766fddadcf167da6291ff5c535c8baec698d9e2ba5b081ee2a;0x611dbedf5cdcbc9772873cae9c331830ecf3a15b1d210c98dacee5f5a41bd7a9;0x41f24904;0x1d210c98L;0.500000;1503195073;1503195086
1;4048;8048;0xa2106df1327f8dae175af8ea7609fd076ce2468cd93d7f15eb211605014a22a3;0x3087010c71cc3e543654bd26ecda4fa69c8202828293dcba036014f44e16a744;0x2fa3c4d6;0x8293dcbaL;0.500000;1503195087;1503195101
1;4048;8048;0x99c2fdea70574fff55b714ddf99d92e31848c2776a357d7a139d97d0277073c0;0x1938ef970275d0fb314ed34cf81aba2a7c231d9eb3305538818df9413a2d46f9;0x0a163315;0xb3305538L;0.500000;1503195102;1503195115
1;4048;8048;0x32b86fc674b8d7cd4f3809caad284b146bcbc6fe1714fd34c9db45e26b19069d;0xcf4ba9605b2e515b7a05ff3c05863415b26beb575fa2f2d891c97db76befd6fb;0xc3e7468c;0x5fa2f2d8L;0.500000;1503195116;1503195130
1;4048;8048;0xaa8db855928eaf515d4ecc8bf22c7581f12100fd2bf0fd78ffc3cc717a81cb24;0x7d014fd890f6bf402fe17ae17aad7d03743b99b12e54e9c7f124fa777a4ee1a6;0x5020aeb4;0x2e54e9c7L;0.500000;1503195131;1503195144
1;4048;8048;0xd75f040e65847b211ce36f15901c4e902d633a9442d0c0aad238267b71042548;0x22a0351f6b0f267beb618506ae0dfa6f28ab7c4dede4c69f7e11b6ce85a03860;0x2f94cc91;0xede4c69fL;0.500000;1503195145;1503195158
