1;4048;8048;0x350766a0910c4818cfd7226a304c21f26a7804a6d38ca4cbcec5a25b817e76b6;0x0cb7bb6be7060ffc799e100e5b0e51c6cc5b757fe3694f1d488db7aa7b620920;0xfc2c59b2;0xe3694f1dL;0.500000;1503206744;1503206758
1;4048;8048;0x1af927ac59b15478c712a8e74da6f22f4f78c13c525831b9d585e426f2b6290c;0xabeb30df824f419ec489cac01e8a6fcc889208c0a3831e95dbc696edefebef56;0x5973f7c1;0xa3831e95L;0.500000;1503206759;1503206773
1;4048;8048;0x2d73d1a9a3a2ce8bfbc51c1b7907b4a094e5dc9f23dbcd94e6bbe5c239c15e67;0xcaefb9ab786666209c3b97b4bfb487c59d2e90fe35c8fc7a9e3874e3a3c21fbf;0x7054a4b1;0x35c8fc7aL;0.500000;1503206774;1503206790
1;4048;8048;0x597233117d3296217b1be0d089fa8718c33e295a5dbf9b491a933d72d1a7c12a;0x30399becb30fe3ad54294ad11730bf4843bed8f6ab090751903c345f0b0b35f2;0xf948817c;0xab090751L;0.500000;1503206791;1503206807
1;4048;8048;0x4638ba2eea3c6e23f24e707a45d6aacf7512c8caf69d65bc442a6100efb12635;0x3c23c9f4aa5f443ab270f7161c87c53f6f43e5f0a43de8be7abf9c91592260b5;0xaeaca8da;0xa43de8beL;0.500000;1503206808;1503206825
1;4048;8048;0x7e522526a2b9599b1f8ffc9e9a1505e125fbf7b8e2f6fd71ea3356a9f1a0916f;0x19f412d46b33997fe96c6603b9af13e117d5cb7612666183773ed131409f1cb9;0x520fb3f3;0x12666183L;0.500000;1503206826;1503206842
1;4048;8048;0x8620090358c3e92f0769679742503646e255b5dd075f4aaeec75380108a1678e;0xbb54a07095afff79ad527e4c279524362955ce39d2db2fe4790bc262c88de7fd;0xe4da870c;0xd2db2fe4L;0.500000;1503206843;1503206858
1;4048;8048;0x64a04e46d3fe2e2447ac05939b2244edb44710a905b9b67b590cc0fdf12ffe55;0x58ae2ce4d29d7e87d7ba072c47d481afc4c172a99e8a9989977da62f5e80910f;0xcb5a1e3c;0x9e8a9989L;0.500000;1503206859;1503206874
1;4048;8048;0x22b7085224227670e231e9462c2b311941fea57c08529e4bfcbbc28bc8ab17ea;0x019a785c996a1aceb6e7fa22f55e1747a9e7272741f0cd9df5b40a3de9b0fb3a;0x0bec6b9b;0x41f0cd9dL;0.500000;1503206875;1503206890
1;4048;8048;0x8645366623256c1c3c09d95c71243ba2978e8902b01b8309f6db46205c448be2;0x560004f3a8370d370f57f6a52ce4902f40ec13afdb4a59d29e9344c452c7bb91;0x328fbb57;0xdb4a59d2L;0.500000;1503206891;1503206906
1;4048;8048;0x4985646b21d200a467f0140ae98f19d7602b30d7faa3fe9eb0ce25f8349e4b7d;0xe580d0e5e00d17bbdfedfebc59f1f3c5b9234ab920ffaf0f749f2b21bfbe3ef3;0x877e8f33;0x20ffaf0fL;0.500000;1503206907;1503206923
1;4048;8048;0x4b505ca058aa733b15a3fcdf3e22e273be487bab88a0f0ab0258f133dd335428;0x19837c5bf2cc1195580a0ae776b1e4aa763ecb310f22edb4bb1313713dcb020f;0xcc0caf65;0xf22edb4L;0.500000;1503206924;1503206939
1;4048;8048;0x5de7dc8180acdfaf0895478592ff71514c728523bfd3eee7224c75d9bd76f81a;0x7022438f627898830ee2297a36a38cd4a167f970f1ad7640fb58494fb27423ae;0x4fa8cedf;0xf1ad7640L;0.500000;1503206940;1503206955
1;4048;8048;0x7e26e3efa19dff0fc0260f4b42bdb02fd6cea535fd1581edc926d39814eb4892;0x9c90f427aeb2a07e9b631edb99d997357c66e7b2c9a98322f0a045d7ac998303;0xc492047e;0xc9a98322L;0.500000;1503206956;1503206972
1;4048;8048;0xf8282029008e249dd57623ece57754b3c113fd5392e054727b8943f9e13742d9;0x880a3ea2f2839fc41d4612c5ddded9cecef908d221ff3893ec84045115176b9a;0xa684fa2a;0x21ff3893L;0.500000;1503206973;1503206987
1;4048;8048;0x52df18f8a86a8b7db12bf93043fe4911653fc85f9bae31239b074465151f4567;0xc9f1f0eb5a25ae261de1dbe5bc61c52f12301745b6ba61dcae8e8594d3e4cb44;0xba0ea186;0xb6ba61dcL;0.500000;1503206988;1503207003
1;4048;8048;0x9c802393d058e2b58eaf730765b1eea9db89a1fe3b634da459af481762dfbbfe;0xffa5deac83d3b069b12eb5929b2fd7a588c90ae1b2d69c8f1e63e4b792f573a5;0x2af9dda2;0xb2d69c8fL;0.500000;1503207004;1503207019
1;4048;8048;0x10762eac4597ecb3bbd81cb5ff05793e04798904f322e737b4954ecb269fc436;0x8db812a24ba9d223f69fce459cdea06923c263273a53756da6f57de7349e22f3;0x36fab2c1;0x3a53756dL;0.500000;1503207020;1503207035
1;4048;8048;0x79eeccaf46f902c70bb57b0d991231429bb5f1df65009350e5a4731a88816d02;0x06eeaf2cb130e42a9eb9442641ebd9b47c0759eed742e5595e010c91f6219202;0x164171a5;0xd742e559L;0.500000;1503207036;1503207051
1;4048;8048;0xa651d40588b1a8aaea5163be0f67845371054b0e9cf39a1e67b8dc7d5cbcc802;0xbbdf57da7f5ffba1f2c8f2bf70416bc80eafe93f942e7d05595825263261cd8e;0x569a6009;0x942e7d05L;0.500000;1503207052;1503207067
