1;4048;8048;0x1c0018fcd21a225c663b8b61ef29b3950ae0494ff4b9ffcca308b41463e5907f;0xde4543549d9c50b2cc8bd18a4b3db5cc6f4ec7a939e0329c46ae114f29c58a12;0x8e22d2e9;0x39e0329cL;0.500000;1503186517;1503186531
1;4048;8048;0x2285a11e5d29d0227cfc0c6652feabf9b1579e66e1f81e03f530764758d1297b;0xe0e4cb63aaac0f7a3276c992990a81dd6475b27a8c95cd2f987ca5e06ac05055;0xe56c6ae4;0x8c95cd2fL;0.500000;1503186532;1503186546
1;4048;8048;0xc0d0887aa1026f0febaf997ff47df44becaccb41bcc99cf1c7c9b14ea77dee67;0xe964fe062dbfb66b30551341abde34f2422397d15266f261e00949398cbe14fc;0x605e4189;0x5266f261L;0.500000;1503186547;1503186560
1;4048;8048;0x57b6091d98144b79bbd8a1bfb61cc149e694216a96070f7429c7c6892aaea381;0x9acaf0050d55751d8c1adae147104646372ade293b2e0671f255f5fa26a8d61c;0x5147885f;0x3b2e0671L;0.500000;1503186561;1503186574
1;4048;8048;0xb8efa610e1c4a2ed9e7e58dda567b644ac94a099ce2eddac6acb948f21b30dda;0xf21cb25b93d7c27e61b4c14ab7277fed231b49c993f623b023cfa25629b3d829;0x00219636;0x93f623b0L;0.500000;1503186575;1503186589
1;4048;8048;0x6970fb3bf82c82fb421f03fb7f284cdf96b66d3d5282d47f9d96f8c19c8c6805;0xa854fde7f8899a10d66db0abca39c6c8b835a95922e9f15ee18799d67c01f6c7;0x77335509;0x22e9f15eL;0.500000;1503186590;1503186603
1;4048;8048;0x6aafc943ebc69ef66be819449f3a20970c917b9df9f56dee8afa05686d00afd8;0x92b5832d52328f13f6d80609302464a995d1ede1139c925d6393226741383efe;0xc9e7fe1d;0x139c925dL;0.500000;1503186604;1503186618
1;4048;8048;0xf395a1eb5bbeb4c8834804bdbad481bb12402ba7bd8f26de7a5c76611a52cb0e;0xa396a4c20a42b97f42c2470c5959abab4239e431bc95f0f305b7d9b91601a15d;0xbdf682bb;0xbc95f0f3L;0.500000;1503186619;1503186632
1;4048;8048;0x5789338933247ce09e9bf8bda75271a8e5cfda01926acb923bb5fac540d35c97;0x5afd4aaf95e3fc240b196ea7f89fc8b1bb42a1ba6daab4ac794e714c95c25a23;0xbe463a36;0x6daab4acL;0.500000;1503186633;1503186647
1;4048;8048;0x7a99789079553ec98c297eea44e92504796a959d96a4119e4c0bbdad3ee208b9;0x7e389c77bfdb62af5934bc756ed8fbdf487f06fb2ff744c5ee04ed0d7658b001;0x75265bbd;0x2ff744c5L;0.500000;1503186648;1503186663
1;4048;8048;0x06032a136d3e196db4830aae9c593b114a647d47bdd4a912a0411b58d42f97da;0x661b5154b36e166f1ab0dc9ced6ddccc5fc20989f911b6877664a0c5b037f1c8;0x6136f6ed;0xf911b687L;0.500000;1503186664;1503186679
1;4048;8048;0x297f77bae2fc5af6057cec86836b935db50b915c0684d60aff8a54858a56d3b3;0x8a4b06554f09ec15176717ea33b1eba421a87082f050194f9efb3564d3c3bb96;0xa19bd670;0xf050194fL;0.500000;1503186680;1503186695
1;4048;8048;0x1571c1bcd63bc68de5a10f14017a056090505bb2738d92a5ae82d5a610a21525;0x066a3c978e9b814fc8327b266f8737838b7ff01e14dc6a56d21b7699b25e498c;0x0b497f36;0x14dc6a56L;0.500000;1503186696;1503186712
1;4048;8048;0x3e926231b7c9d37f14443008c24e27e5261e40827bfaa470f85268252f20866d;0xc9239f4882cb295becf5fa25633d02207c82f2b1d712583fe376ef3e6d2f8541;0x59d4d542;0xd712583fL;0.500000;1503186713;1503186728
1;4048;8048;0x8ce62805905a60ab819bfe3b9a4fdac246c7385d70c38e9c517a025426879ab3;0x7fb4e7e97429ae55f0c26c39c61ffa84754270c1f4a508f6c6782127f46991fa;0xe9ef84af;0xf4a508f6L;0.500000;1503186729;1503186744
1;4048;8048;0x1089a5d1e1cfd6396008b845737dbeff8199df99a6ad8abd94d8266998d77ca8;0xc38227eb9fb3adc0abe5bc75b2aa7b4ea1a1605dbb0740e80832305cc4a28193;0x5dc2a0f0;0xbb0740e8L;0.500000;1503186745;1503186760
1;4048;8048;0xc583e88fe42fa9f6375a9cfe75aa8da1c1bb3d70a5e78cd9f69fb40dbd6fd883;0xaf441030a15e51335bd2d76ca4c297d4c462ebc6def5d45f1951ab533a981d43;0xad50f1c2;0xdef5d45fL;0.500000;1503186761;1503186776
0;4048;8048;0xc498389c72e540edcdf66297b8a88dd8570fba51677293e479f8a2b841bd4905;0xf22d17340966918255af680dbd437994c74bae10a5e9c710218e822f9417bafa;0xa142407f;0x4fa40125L;0.500000;1503186777;1503186792
1;4048;8048;0x98df5afeae266db044bdb2d9d256e07a6f739dfa848eac0ac5a852a97ca26c14;0x6273e75d0130ec891775f566f4bafe0fe05c2401fce03886bf3acb77deda8406;0xca771af8;0xfce03886L;0.500000;1503186793;1503186807
1;4048;8048;0x89e128a15a918ccb5817a300dcdfe0a6c5a24ba1683745b0da2cc4ebf75a9b80;0x3a8f849e1c897a3a32985f2b008fa491ef4b344d3f9ac30b90c6972a5d0d342c;0xfac0ca2f;0x3f9ac30bL;0.500000;1503186808;1503186823
