1;4048;8048;0xbf47895627fe9194c8e913b3774023730013139ce15c1a22a9c70b9c37877bf6;0x5f4b27748c04ecfb506f5aef12c025d83f01866853b338cedb062e4df60e967d;0xf8d8c098;0x53b338ceL;0.500000;1503091307;1503091324
1;4048;8048;0x5e2294d1ec6b325fc0e6c813658d43bd54aa4a53276c2550ed001effff31e95d;0xf8219b5c46f00319392d3de5ef15423888a9a93d321bdc103c2238ca51e27f66;0x4dbf7525;0x321bdc10L;0.500000;1503091325;1503091342
1;4048;8048;0xac58cd3d34eef949cc27c1788b7bc73fee56a6d2376c62ed910102bb5c4adb08;0xb05a687b5e5dd07377ec8b0c19f06f50b3ef850e096bb5d9fe266d96a7a280e9;0xa473e2d6;0x96bb5d9L;0.500000;1503091343;1503091360
1;4048;8048;0xa7f8530a0fab25a2829176b17c76342b173bab8cd2cd55cb91bebcdaf1ec7698;0xdce27cee859e98753b9a7b793d95a9ff8cc07c7c011554fecbc36175e857470b;0x8b8173d8;0x11554feL;0.500000;1503091361;1503091378
1;4048;8048;0x7ddc9a3a85654f7c65e08596651faf6b032ba252670c0a1f757351b1e7bd3664;0x12e6a4e090f7b23b657837131abd1135c0ecfd97f8ed8acaae25ae6d6cb2efd5;0x39b00fe0;0xf8ed8acaL;0.500000;1503091379;1503091397
1;4048;8048;0x06b0dd5c023b002a66c9e4cf69d376213dc60712d86a30ffa4a1e970e9027fef;0x2bf350ee1e9a38b3979339e9a1758efc87aa64a8ef5db2bdb4ca78ccdfaf5cc3;0xbbbdcde4;0xef5db2bdL;0.500000;1503091398;1503091415
1;4048;8048;0x95e51d855503177cde443478075a17a58eacd5cadf7e6e75a8a34517aeb22143;0xda2a9f173fe13616f7d806d3b3213c3531908b3e76d9d4e08af9c9e2a0b5324f;0xf57f11ec;0x76d9d4e0L;0.500000;1503091416;1503091435
1;4048;8048;0x2bd0cc20d844cbb0068104b36fa67e6588b7782937b68ee111a451c9cb7ebdf6;0x5ee5eaea8270cb278d182545199a90dce4c4557b9054583adceb28d05857ad3f;0x561689be;0x9054583aL;0.500000;1503091436;1503091454
1;4048;8048;0x1dff7550f8a218b549cc24566c1c39b259329c49e250bfd5f4294fea7e870d9b;0x2443a0c2047764d1f27fa91cfd95e3ecd482e44e74010d72c36e6a869e0be655;0x2bfce156;0x74010d72L;0.500000;1503091455;1503091472
1;4048;8048;0x42a38770405a378a9e1e1c9438d6ddf0c6655cb0ad1f3ee7c284af79d92ff21b;0xb47e1fdee1901e3ac192d7afcaad4a05301d8ebcf66f8b693c2d96f45be69b45;0x041f90d8;0xf66f8b69L;0.500000;1503091474;1503091492
1;4048;8048;0x8c809312366f28cf59eff78c81f6a02b3b91350757efefb7ccfc0d89f324507f;0x16c8af2d217bcc9697716437bca69a06c08b5f6f7de192261f769dc7cf450741;0x891a5575;0x7de19226L;0.500000;1503091493;1503091510
1;4048;8048;0x7164d840eca78248d71e0176ea4d3e7c2b152087900bd5b9ffbfd62c027e5573;0x59a8dfb866abba3756cf83b2136f64d5b555b3b9663b5f3ba08c097e505a283b;0xf2b793f4;0x663b5f3bL;0.500000;1503091512;1503091531
1;4048;8048;0xee5667a3b66943df42c05371a51ce53772a61ec0ed369cddb8bfc365502aa53e;0x806233a56744ef6a2b2d5dd8093d41c23629545715bdaa94c4b0c6bca09c78ef;0x7a747723;0x15bdaa94L;0.500000;1503091532;1503091551
1;4048;8048;0xbdb3e7931b4705d1cb838b2c017f9b5be34b843f7ef4f2c67a0fe2338727ba44;0x97420267df7feb09b4221630c8d598cd57cf4daf71275d4d062ba3d2e5406a04;0x68059c6d;0x71275d4dL;0.500000;1503091552;1503091570
1;4048;8048;0xeffea9145e6fb9c1e19457363667a9b896fd3be2996a274ae3d322ee73c76f62;0x7e211490d758571f8f9a27fb7163cef66116fb6ec574ed4c2d9911c64648f3f3;0x35a6db59;0xc574ed4cL;0.500000;1503091571;1503091589
1;4048;8048;0x4f3e231e81ee7d2ccbf4b32935d2945363f746564a9b400b8c5fd270b3709702;0x14de06d4cd1823225da9be4f43d7af6ffa12a2d567bc734773b019a2babec8b8;0x64ff95d9;0x67bc7347L;0.500000;1503091590;1503091608
1;4048;8048;0x729a6f948aa10667f694882f04a75f095108276cb33024ba86badf48006c2772;0x43383fb42a1b0570bce668181035407bafec4e37fa9ada4e60269c0653a233ef;0x6f2494f3;0xfa9ada4eL;0.500000;1503091609;1503091626
1;4048;8048;0xb3a23d44bc6091325a358bba02051c68318ba6272c58feb65945cefbff7936b3;0x020a7c77011e7122a9d1c4279b87d3a539d7c23afa08e5f152753f794ebc0c6a;0x4fa8b25f;0xfa08e5f1L;0.500000;1503091628;1503091645
1;4048;8048;0xe64ea768f22845139e50a9421c1424ac7f247ab1966f504e032829c433abd81a;0x7b30451e21a5f72bdb82d49b57feb6855ae256dae80387c251d34739b4f3b3ff;0x039ca3b6;0xe80387c2L;0.500000;1503091646;1503091664
1;4048;8048;0xf86198aed524f582b5ad2f0fe2847f4b58dd5b79e9484e2ab5fb59e76b047e64;0x08fb6fcface633431deb4f01e9c7b5fe49f1b585cb6d28a533b5d8391a84bddb;0x35c89074;0xcb6d28a5L;0.500000;1503091665;1503091683
