1;4048;8048;0x3f831d1c96175c44beb9ddc42ef439c563abcba51d3010e5b2fc0752172f9756;0x250b7d4d9828e42e2c70905e9d1f3de819c756051ddc8beb1ab06c44afca0156;0x45b7826d;0x1ddc8bebL;0.500000;1503136053;1503136068
1;4048;8048;0xf722b2242e7f306cfbff665d074fd37daccb2e082d7db71f03568c73c5b392bc;0x330213597fa49cf2eb5f0c2b4f206fac2ff757c1e86e32b31509f591f8fefff7;0x7b29a542;0xe86e32b3L;0.500000;1503136069;1503136084
1;4048;8048;0xe16449935e31e95b5734600438e596e475ffa992297fe8bcf77277408c79806d;0x8d69fb935cbae028fffffd41c7c9d9296eac5e9b978011268b0e5f227291396a;0x2595a36a;0x97801126L;0.500000;1503136085;1503136100
1;4048;8048;0x9c0bd43bb9ec3a0392cde652173c3c9521cfafe7ddf4c4d8bb980f93a1a8a63d;0x03861d9a12bd64c96b9445aaa38e88dd77665eb5e8429e149710592eac98adc7;0x7fd12b87;0xe8429e14L;0.500000;1503136101;1503136117
1;4048;8048;0xda04629baf106dfcae5f5c0325d5909453d409285be20ee8131d65af53fe5b2d;0x25aa711f3d7b1036bfc3647b281fa328a533b0237a1af14a6505b1eb149e19a6;0xca77746c;0x7a1af14aL;0.500000;1503136118;1503136133
1;4048;8048;0x27a3b5a781e6d99e8ab06a44ab80b3e40aeb856636240df193b1c6def2c49319;0x3765dcfed7e796ebd21f72507d927da47ab95325f60f87f6ba417850d4a43683;0xb763b26a;0xf60f87f6L;0.500000;1503136134;1503136149
1;4048;8048;0xd49f0612ca8165c78c1b3dacb433aa20f054ad35064c03de0c2a202c43d6cc17;0x45a1c346047017110e1170d3b4e88d195aed8efe717cc25295e1d9dc02b26773;0x6b10ff04;0x717cc252L;0.500000;1503136150;1503136164
1;4048;8048;0x5d3b070fdcb5a47ab2ec981242443bbfe9a416054542f3dbed3fd02761688cbf;0x66067439510f4cde40a418ff0de2b0bbb3bcfb0db361ac5253c93d56cbe0b065;0x8ad18ef9;0xb361ac52L;0.500000;1503136165;1503136180
1;4048;8048;0x1227f1399f86f2b6fc0e06e2930da1c6d1801b42acbf430f378b9d9164c84f76;0x34c365202a41ed45c1ec7c00fb0c44364bc050fc7ebb7e69231a79c770d488de;0x2c87394d;0x7ebb7e69L;0.500000;1503136181;1503136196
1;4048;8048;0x86219248badc3183795a0405116b08d88e5ab9856626812998daa04ce1ab5867;0xce3311dc46fb098a2ec0f8cdd6836dd632d3a900a690911cfb543f32fd69beb1;0x74a21a43;0xa690911cL;0.500000;1503136197;1503136212
1;4048;8048;0x34c2bc609e46ef0fb0fc099d1e26c6c8dd37b8fd0e4a23936100430edb3afc0f;0x07270ef89321e2207445e5f12b1769fb2cf0a752b5f9b6ce374204df832ea1b8;0xd8516dbe;0xb5f9b6ceL;0.500000;1503136213;1503136230
1;4048;8048;0xcd1b1f5a3bdb468794e20171e9b458883b0adaaf07053b9250ff83121b4c08e9;0x70dc231f9a56eb6cd022600782d08b772c5edad1468ec4f339d25a2afc2ca61a;0x863f2ed3;0x468ec4f3L;0.500000;1503136231;1503136249
1;4048;8048;0x7510d6cfbc48b1d8c399f3a6a82e0bf492fcf06589cbb71187ae672fce6c2743;0x04a8bf84868025d6ae38f74ebd7a5b4e323e09ff7988198d58ea7112ed451338;0x84c1fcdc;0x7988198dL;0.500000;1503136250;1503136267
1;4048;8048;0xa0533cf56263b517ef1b1843e03cd18f333b15e30af3e80a6b3822c745ca0ae5;0x4a0cb55129c8b299cdeadacc08864d283b078f0ae307ebacd44ae075b7729465;0x2bb9ab4a;0xe307ebacL;0.500000;1503136268;1503136286
1;4048;8048;0xcc99a9cef4be7d79eae6821ba2209f6045034e5437ac244b7ed6a367c906a195;0x66535cd36d04e86e4753363f3c6d437f572caada1ea378f71f4a73deca978717;0xcfc76a9a;0x1ea378f7L;0.500000;1503136287;1503136305
1;4048;8048;0xa75c0e3c4f7bb530dccd82b5df1fbcbe6a7748f0fba5e0c42c15d64478fb3820;0xff9fa456ef0849854fa81243d101f32c65cfca9bafb3412f55b15453dac12e19;0x2c1d7d5d;0xafb3412fL;0.500000;1503136306;1503136324
1;4048;8048;0xb11f506333ab6ca07970f9efe4c3c05503be823b0c16b273b5de716bc393ea74;0xe19e2ab930d7cf60a7d8dca7d9e3934d77f676b76e1bd4c6b976e0aa343b8fc4;0x54e31099;0x6e1bd4c6L;0.500000;1503136325;1503136343
1;4048;8048;0xa07747315d4577af22b12e7a87f8fbe8a3f88926c1ae517a705ec7ef94785c34;0x25f6713d5224b77d7e14f8e9c9d80e6190295aa818de29a81197c41038213214;0x7049e26d;0x18de29a8L;0.500000;1503136344;1503136359
0;4048;8048;0xa2ece100e5310bdefde0bf1d343632de4c5776df57804a7030357e8f01a527a3;0x4ebe0f536680d89c90b4cdfbb1e899743512216270e7b305aa3375741b8dab8a;0x45bdac11;0x2a751085L;0.500000;1503136360;1503136375
1;4048;8048;0x3cbe4c3a40a26e02258075090262ccadc1025249e4a8e496dd1119a27e53fabb;0x998e8f0390cd04b46f381ac1c66b1ecbee7f20205651fdb5d4f825c4800a53f2;0xd199cc81;0x5651fdb5L;0.500000;1503136376;1503136391
