1;4048;8048;0xb48fc787e767f1ca21c8f6feff6257cbe569ea21bda5cda128774c8287190c3c;0xcdf572519ce0f73a373f8156e82f26697e77155583188ef0e796a97f3d2b7e17;0xc8231231;0x83188ef0L;0.500000;1503199605;1503199621
1;4048;8048;0x1f79618aa19674fab9059e51fdf8f80308429c091c6292e760c74a46a6a4a7c5;0x673d91b721f66e246a65d36d135aab9a5c1d1db2af5b5aa4d12a0f0efab47239;0x3c2eeb78;0xaf5b5aa4L;0.500000;1503199622;1503199639
1;4048;8048;0x9cfda28fb71a27ff6aa093f5924cf07bc9f379cbd869022aee9a783c381b7fd4;0x9cc17649a8be82985d6440443ad973c9730117575876ef76a98693660eaffac2;0x616a8196;0x5876ef76L;0.500000;1503199640;1503199656
0;4048;8048;0x4efc12b2bae7cad8effecb4fdce6a66854b28a23791d0833108f9b7d92a400e0;0x51b6b7daf237747092030f28b7d2dfba886622e083edfd82b3fd4328592d8e82;0x3cd703ad;0x17440141L;0.500000;1503199657;1503199671
1;4048;8048;0x16e81085425c04013f1fe278fc297f4dc6edccfef31b89f957e2bf6c97158cad;0x81fa3e2fa3eda6b0f5eaed97e98c44a153572de9320ee4678184ce776d10778b;0xf6135095;0x320ee467L;0.500000;1503199672;1503199688
1;4048;8048;0xc8b70bf431163a0a1a2794f231edac6c457a454791e96eed8812cf596a018732;0xd3cf56fdc5c877843b72bd83958b201ea8a9c3ddf19943ce86ccb8d8cd30fcae;0x107f04f5;0xf19943ceL;0.500000;1503199689;1503199704
1;4048;8048;0x560f09865a2716cb52db84371fbbb852305e7ca516dc1904afd73b2776b1d4cd;0x425cb582a57ae08b5f05f8c121fee8860ae3bd0405efbb7859e35dc8907e0989;0xe660836f;0x5efbb78L;0.500000;1503199705;1503199721
1;4048;8048;0x320c77bfe4d77f59505fa1e035600807536bdb99a0c58758e1db0e15da0c000c;0xc81ecc07502fccb3bb9b450615bded3806576fe13e896f94851460e6f8623257;0x157c3946;0x3e896f94L;0.500000;1503199722;1503199737
1;4048;8048;0xfc7c26e8aa2537f7205dd9a2684500123f8df5db1abf4d3c4e45813dee831dea;0xaf678da698f97b4d24c59fb6c4be362d1ced45c047a77617fc782c1026ab8df1;0x1cbdf24a;0x47a77617L;0.500000;1503199738;1503199753
1;4048;8048;0xd56df05a7da4325ec1e3ec854797df4c7b4867af31c1107954582403c18cb696;0xa5a3be0216311e8d2295357027595ce01bfbb0541bd682b85e59d16775ad5862;0xbf3f04e7;0x1bd682b8L;0.500000;1503199754;1503199770
1;4048;8048;0xe20064140aafe8b3f8ca7ecf7f527efd32d69aee1332b35de0983dec5ed40e40;0x2edbc20d7c28d90025806c9824a12acb650dc010eb9a5399b81b577554648360;0x5581a8f7;0xeb9a5399L;0.500000;1503199771;1503199785
1;4048;8048;0x512bc199e2f167978bb822a453aede9e2364e075b60fe57cd8d376a3d35cae24;0x531a19ac96154802f38eea20987922afa14d823e1d044857a52ddd4a5762651b;0xbaa0f2f1;0x1d044857L;0.500000;1503199787;1503199801
1;4048;8048;0x7fb593267e77d41480990a5b61467875c42e351e71a37ed1fa3f801eb1243b30;0xcc3d5e72820cca7201babd6de23e11d9e8370c989e1626bf82089eabd324fc6b;0x8b095965;0x9e1626bfL;0.500000;1503199802;1503199817
1;4048;8048;0x09a5ddaa45a7f818f7668796bac208f241a09e4bb691bd2279db33c878fb4e81;0xae5d889907fe8524227f12a4e2671ee368ae7000711e33977a4d2dea0aaa2232;0x161b3bee;0x711e3397L;0.500000;1503199818;1503199833
1;4048;8048;0x63780726a5d6ed53dc7b65069ccdad7d0acfe81fbd31497b588b4a4157c7a9ba;0xefc891610ad265e3a6fc85a7b330e96608882b4813f0eb858a62c20745e007bd;0x1883b808;0x13f0eb85L;0.500000;1503199834;1503199849
1;4048;8048;0x1efc3144f1b5565e06ed10795132ed73602c44c7a0e02917e922a8df62c25781;0x9cea4924314b75137e936b3ae6c3c146b0f25d2af398149fc62fc32e499ed2ca;0xf981dad7;0xf398149fL;0.500000;1503199850;1503199865
0;4048;8048;0xed155be9c02534fbc9bbe7856f877596d52ebabef29eac92a7a8c6d37811b566;0x1f410c9e9c945019b70886d222576095e0a8e3756efa3e0a19825574383bdd6c;0xe1bf4f65;0xa4450fb9L;0.500000;1503199866;1503199881
1;4048;8048;0xd06c470eceb887146c6365571c400ad67f8b5924a4ba5a87df835dd576098446;0xfad8231578efb1417c7179b359831525e83731054848bdef9cfa4ebf80b19fd5;0x4c89a802;0x4848bdefL;0.500000;1503199882;1503199896
1;4048;8048;0x0ef517e2c08e1422f9e59e7064b78a245e97796c76a9ca12ec691c73c99720d8;0x2fa8e7daf0b915c47eff0237be7a833fbdb1bab1f08fd4564509c03be9afa86a;0x64dfd01f;0xf08fd456L;0.500000;1503199897;1503199911
1;4048;8048;0x405ccb9f7fc31468fe8321b6034e68501aefc13e7a853cb864024faef0caa130;0x6ecc86f4659f43ece3b18eb6856582aa86668980bc5cbe5aa4563ec782275f11;0x6a53e3a4;0xbc5cbe5aL;0.500000;1503199912;1503199926
