1;4048;8048;0x4c36250d9b9a84a3b4e8271cff97df5d21ab706ed6a166efaff053b87563b8c1;0xdf11575fe3a9aa17debbd508002d8118b2245b14142994be7aff5dfe7e763037;0x3c6ed48b;0x142994beL;0.500000;1503198439;1503198453
1;4048;8048;0x59f226762aa3c4644548eb6c75977b4a142f355e884e8aedd992d39a09b2c363;0xcdd72d1dde133156158b25d14b1b7830d348cde864ab51de865219b5bac329d5;0xfb996991;0x64ab51deL;0.500000;1503198454;1503198467
1;4048;8048;0x3608ca330b5a89635d4bc2645f026249d8770b8765e182ed3e59c428cb56fd01;0xc9ae62b98e6c67bdff1b0d6e92379fbaa8a14fd24492a71d732f0771fb90947a;0x71f94385;0x4492a71dL;0.500000;1503198468;1503198482
0;4048;8048;0x87c57c032cb6323dc47a5a871da5b36f823e2b8260736a7628c16498224884a9;0x059a60bcdee64610ba39cddc0da5e78e8197a9bfd8c9fa238ddd1e34d89fa9ea;0xaa164b38;0xffffffffL;0.500000;1503198483;1503198497
1;4048;8048;0x8e91f1caab0a314f1db7808972f790c7f50908a2ed040dc6f1d74d609be9f729;0xab23af1e2091dc788ceae143bbbc63124d861a512114a143f1fce5e911dbb7fe;0xd1f54d8b;0x2114a143L;0.500000;1503198498;1503198511
1;4048;8048;0x8640fbb22ecdf1adb9081b2f9b660009506755f80a54216952615600cdb88b53;0xd4a8377a80d6cce29008e5013f95db0672263e50dfd3ef636e3746e13055f3d8;0x69cd8658;0xdfd3ef63L;0.500000;1503198512;1503198526
1;4048;8048;0x384df57f240e672399ac2e789c6e4eb3aa21f9e095b1ef42401d5b58ec251d25;0x4d0009bcf5146ff40f5f9e7da260d0f02b3c5ef2ef94682132e1fea555084ac2;0x5c2f5264;0xef946821L;0.500000;1503198527;1503198540
1;4048;8048;0x521fc8fece16983359bb493be27bc3d808640381eb3523b342dd602fc9028d1b;0x7c597cfc1eef490b3a628c4d950e5b096af1b73a1cc47abe3694495ab06427aa;0x85efd79b;0x1cc47abeL;0.500000;1503198541;1503198555
1;4048;8048;0x08d1d64f498fa05cf0d2cc881cfae561348157b41651856cb0b77dbfbf9050c8;0x2cef99a566f8ec9a75ae04738f0ba540fc1e68d6856d0c95e611ca1cafee42ef;0xc6a18e33;0x856d0c95L;0.500000;1503198556;1503198569
1;4048;8048;0x91a851cd5f20e093b9c806d5790a7210cf9e9dc2679c0e6b8c300f32167989a8;0x57a6a97614526509bb9df8f0d29cc2ebf9657058f3ed308510aad1539251dd28;0xa10e52d6;0xf3ed3085L;0.500000;1503198570;1503198584
1;4048;8048;0xd1450bd84f5b0921ed6bcf9d6c572ecbf76e0d0ccbc6fb8be3c414659f286170;0x9c5d91be0ab7dba65c26a858f53a2a1c23b03b17e2c31616170678f80a39ab19;0x69c16b29;0xe2c31616L;0.500000;1503198585;1503198598
1;4048;8048;0xa93243b1ee1723eec16d76c68f1e78087c893021bb1f6c002a96768bda90e684;0x0aec4d8d4cb1fa32eb5ac1e435a30911e5f8db95f1a71ed26330aac1b90d30cf;0xb87e31be;0xf1a71ed2L;0.500000;1503198599;1503198613
1;4048;8048;0xebf70ea74af1878f02f8a58d5da6638c1e9095d15387c67a456985c738105023;0x35aa355a577fc4d87e249e45d30ebc5d81915b93a94d219de6e7534ec709ce25;0xe5d6be1f;0xa94d219dL;0.500000;1503198614;1503198627
1;4048;8048;0xf771fb67256226a18b8af34c9d31e359db1dd6dc5f9c8eb500feddb3b2e5bca9;0x2cc2ebb85853803eb378ec1fd95220beb1060847a194ffe1549cf90e17d64fe2;0xd53393fb;0xa194ffe1L;0.500000;1503198628;1503198642
1;4048;8048;0x0a806590da7c7558eeac6b3e1248cf5fb012e3a6109caefb85b216b9ae6c07b9;0xf06c654dbd0348cca38ca75be3f2fd5be408104fda87e9989ebe28ba7b1b4166;0xcac02067;0xda87e998L;0.500000;1503198643;1503198656
1;4048;8048;0x7deb57a2c94623ee44097cce708a68303108aff9f2be28dca7c2f09e5ab049d7;0xb1d8b8ba6c02a306f0e03a847b8f00ffd9f112459c21694860fa29d28d3ddafc;0x2f490ced;0x9c216948L;0.500000;1503198657;1503198671
1;4048;8048;0x6147d9c3d7da8fb55efbe1bdcc673bee98fc55f82a8dce5d30a5d9f4df369341;0x5d9a509efd87da27d4448eefd6ad5954dd51c2314cc8541fa663d3bf1ad93128;0xf575a83d;0x4cc8541fL;0.500000;1503198672;1503198685
1;4048;8048;0x434620eb3ead3ef72daf42773d37a646c41059bc05c20e3e95f732af71b3aab5;0x68a28c7379c989041718cac0e9576d49574585ada3a65331451af892799d41ad;0x617b1285;0xa3a65331L;0.500000;1503198686;1503198700
1;4048;8048;0x7271591ebb95914489a96b2afd0d6d97e2166d8ad8b13acfcb66c1064a1fb7bd;0x1cd34cab4d5cf56a7987d46aca1b98dc305f371427c33a454651fcbab8a5d3b4;0xff50fb1c;0x27c33a45L;0.500000;1503198701;1503198714
1;4048;8048;0x8d4f06e0772b723196a71d51c504f9452c8d7aaa8df30e02f22c0982895e2f16;0xda25fd6ea7509889a796117af17cea2b11a69b19e580407bb4cd94ff420a6194;0xfe86b862;0xe580407bL;0.500000;1503198715;1503198729
