1;4048;8048;0x6736bd00c009b0bbadc34370d51d3f0be157a5fdfead026d42b608573668019e;0x1f8beb006838a4239a98cc3f17fa794aac53b7fe6091cbfe5385f8fa3cbe4c75;0x1f9d840a;0x6091cbfeL;0.500000;1503182953;1503182966
1;4048;8048;0xaa6b1c1bcd0ba6450a9b4f954ebe29d810f7c4cf1ed3c9d4e7c528fa4edbe6f8;0x3832463ff53d4ed730e90d7fa580c1a1bd5129c70b1f23d3a09011afea8312a1;0xc5348180;0xb1f23d3L;0.500000;1503182967;1503182981
1;4048;8048;0xd4d0b9c331390c853232c32f68f85ea14619366208b50aecbbe682d9bffc3993;0x20c84eafdfac1f3c7f85e22643a49416a7dbfcaf201d7fa3ba5618b23042746b;0x717fe414;0x201d7fa3L;0.500000;1503182982;1503182995
1;4048;8048;0x6f0268e3ca544def3e248884d28a6148574d0b791bee6bfb1b30a172182bef87;0x0caf6fa070b0bf0ae2c1676d50f0c8746e6b10bf65f76aae3a1681902d726494;0xc4505471;0x65f76aaeL;0.500000;1503182996;1503183010
1;4048;8048;0x4f326c49061259e7f2ab67181760582e5191b751e9e1eca88648318fdc970c2c;0xe89bbb046c29ba1ea9974f8843e1253be05a997c82d121c29e71dd95c6e75afb;0x9934af9a;0x82d121c2L;0.500000;1503183011;1503183024
1;4048;8048;0xeb0bca289ec228d4cd1c1759d2e0d138ecb5bf7906d698d3ed61946a6324874e;0x036c3a4c1431c476f7c8ffc60cd63e479b1ba9f8c2f3d8177b9fbcb9fe078de8;0x73d54b30;0xc2f3d817L;0.500000;1503183025;1503183038
1;4048;8048;0x68fee6e65f0a8aee76b67209a9e50b3a6dc9797f90014db9ee60d0e5d76aa03f;0xedc80eb1ab2686e96283292c722afcdcb004555dc796cba4e18a3b3a70b3f6b1;0x54295076;0xc796cba4L;0.500000;1503183039;1503183053
1;4048;8048;0xca0b6a78bee17b5b3c5a98f065511f4c56be0ec0f74354e186316080289165f2;0xe246e286cd846433e6179c8e9d7722a924a5bf712acf2613ebddfe4a771dbc50;0x1def0cdb;0x2acf2613L;0.500000;1503183054;1503183068
1;4048;8048;0x0a0fb18045079ea0c37538c40d92ef4331d0964686576031d64c945f8599ee90;0x58ecbacbb5da257ba6e49d742b4953525f2e5f354cb8774a96365b9abb037866;0x6ebec5a0;0x4cb8774aL;0.500000;1503183069;1503183084
1;4048;8048;0x05a425f46fa54b63f8092db87983b4f9983751691bdae13754354e7edd200ae2;0x9290ef26b1f200202b5067e0d8ee1bd2a10d8f3c562d85d173f78d539ae6b8ce;0xc447f796;0x562d85d1L;0.500000;1503183085;1503183100
1;4048;8048;0x2609d3c77ca960de02ad79677fa7c533473e48d49f55db4e65ac48398096a3a7;0x663b634587d3c1bcaf909f8c0b8c367871fc76ad1b21196b08f228fae6172b3a;0xe0160c39;0x1b21196bL;0.500000;1503183101;1503183117
1;4048;8048;0x567759c6f26f2df6761a7e029bd92f08ad7a86e5561514553bbbdd43e4b4fa3b;0x27c922c77e46662faad689c1a6f7d04c02ba2d56238daa727558829caa170964;0x1445f8c7;0x238daa72L;0.500000;1503183118;1503183133
1;4048;8048;0x121a4d6234dca23c6e3468b86e4afdc4c48fe2decdbf7235fe798d180f6ce822;0x6b33083b341f3056e2a8d3227439f74da9599ff32c8bb1b9fdf7aac134eb4929;0x9044df0a;0x2c8bb1b9L;0.500000;1503183134;1503183148
1;4048;8048;0x28a3bc517e5cac1c0b5568b33413a5905ccb338fce25c0b6ff7ba9f78448f2ad;0x8c048dbf13f972d1859f69a2b28531eb28b4bf2aa2376e1e8fbce868ae72f403;0xaff1e364;0xa2376e1eL;0.500000;1503183149;1503183165
1;4048;8048;0x8fb7c7dcc98987139063d539d18881874ee70ac7ab87a6d41bdcfc3d8dc4691c;0x8c7ba8a6f677e3786339991719176fe4ea8093d3efdcae8c933bf0c1309325e0;0xe477f3a0;0xefdcae8cL;0.500000;1503183166;1503183180
1;4048;8048;0x2a0e1c26a61d8e9a3fbea9b89881194dc0880358a44400be6e567916e137fe0b;0x720bfae7f446da569a74a108c0ffc9e5d595ab0be61c7deab7d497903c291d5b;0xea00ec80;0xe61c7deaL;0.500000;1503183181;1503183196
1;4048;8048;0x3efc939fd669d477745b6daf6b31f603ed8345b32511eb2640cb5deb08a70e47;0x95765fc8c044c1106761a8187128cdaa265680f6b2f3d33e037fe4448739a43a;0xda5da3c8;0xb2f3d33eL;0.500000;1503183197;1503183212
1;4048;8048;0x2c33d569fcf883293a2b82ffe2d7c381dde73cb65a893a58c42f5edb303a9d5c;0xd1225a8bbe2fa0e3fc61f5e7437096a6239594b551aa5d3c3a7d4c4305891cd7;0xeadc2756;0x51aa5d3cL;0.500000;1503183213;1503183228
1;4048;8048;0x541f5801ce7a82a65a07849ed87de4b8aacf48fcac421f6cc761c5bb173d516b;0xc553c1261f61abbd3d5528f0b6bf771beca292b0f8d5aec19c011de5eac03ae0;0xeab240ab;0xf8d5aec1L;0.500000;1503183229;1503183244
1;4048;8048;0xe38882975e9da122d47206859f7bf090925f81ac3b9e4032875ec36551052634;0x71ce8ae071687b3bda25c68a58cffff43ca27818d1ec97eb1da53463d310b103;0x5a0906b7;0xd1ec97ebL;0.500000;1503183245;1503183260
