1;4048;8048;0x60e8043c3632a9a6ede5d127647870c822429324ac908d2eedb4f04367e556c7;0x8fedb76937813129ffc1877a7a985deb56a0b17a4927a0ec7812146354a92407;0x95aee400;0x4927a0ecL;0.500000;1503113254;1503113269
1;4048;8048;0x081f320da4f81b4ae4e77589834af253b505de21669d896cee265ac5fda9a505;0x3ae263ed23537493a96f295feec69bca781e229f86e1280e666563bdce637be6;0x386d419e;0x86e1280eL;0.500000;1503113270;1503113285
1;4048;8048;0x968715aa90930c8766472e6fb300363eadb19acc83e4a7aa2e4a6f19412bd1d7;0x20d9204b57d40b75d6a2172da7525481705b4f3109db506ceb839cb329467dde;0x05f57d05;0x9db506cL;0.500000;1503113286;1503113301
1;4048;8048;0x4ca3ca71781df0bbf4595b3670f9e4e2ec40b54d2579ef6d98b02a31979f2de3;0x657a73a663c3390eb51a5202db8bac15aa187e27410be46ef60210d51e33673e;0x0b2a2cee;0x410be46eL;0.500000;1503113302;1503113317
0;4048;8048;0xdc92ee69fd5099c3cf88c1de5cb75180a8484c93971b227632247a16203764fc;0xe1fc37ebfa7f951a0b3d1bfb5cb0d59ede8756f015962f107583c8555cd5be79;0x33b13204;0x49541001L;0.500000;1503113318;1503113333
1;4048;8048;0xf4792e30ed6dacd30c3c3468ae5e910903a6324306ed3381b0c11b8130b9a724;0x1cebb55dd07aaef4280fc62ce207697ff9fb0a08418e743820b57510d6501430;0xf9e69015;0x418e7438L;0.500000;1503113334;1503113348
1;4048;8048;0xeec6e5fa135e129f0a90f239ff8736670b37a6a48be75e23794fcc06a57fdf93;0x80b722516203943733b37c64ddde8e942fd82ff69a42e7fc2c653dd1f769ab66;0x0ec673a0;0x9a42e7fcL;0.500000;1503113349;1503113362
1;4048;8048;0x21fb275e589793e6f23f4293cfd7622d28f21b1f9830dbcc77d322e9ffa37420;0x60ea76c8b76a1b76e6b1abfd300df8f0a1bd36706949a793e339923471a569bb;0xe9433a96;0x6949a793L;0.500000;1503113363;1503113377
1;4048;8048;0xb8403d7a3a1a6ed9f2179bf086b0b78c03de4c88afe97d5fe40deb11c8867680;0xb4179a6d349391412c7bc8bb1a1b73946280dd3dfa526264255844ff3821f0aa;0xf44d2f06;0xfa526264L;0.500000;1503113378;1503113391
1;4048;8048;0x27a616aa0cd03db7567193efbdb116ffeaa1efe7b57df59f1b5b69d7a02b88c8;0x3abba713044b7df5db6c73dfc09d50f57c48cbb6860b94fa95c63c8787c7254f;0xdb3b7aa3;0x860b94faL;0.500000;1503113392;1503113406
1;4048;8048;0xdc273f5ebcf0f6f249488be572d7afe0a87742979e66e8d0360f764e66f1c042;0x8ecb833707942fe31576b6dd6b4a11f47f69bc6ad269b7a849fdcccb41c82d4e;0x67bcd088;0xd269b7a8L;0.500000;1503113407;1503113421
1;4048;8048;0x4e938549749aa9bd0aff11703f3090dfe068fa44fee39bf3975e76fcc000180e;0x1f0ddc09d76e617df5918c4d6e611fbb3307431404d50ecfd3dc9d1c159dad1b;0xcaf172bc;0x4d50ecfL;0.500000;1503113422;1503113437
1;4048;8048;0xde77099a48298a6bc305f993d22041c63be72ad25631ad474324725fd9917ab7;0x759b07a3ad292653595d7ad935708944d46dcb79438404cc6bda92889d0529b7;0x09b3f095;0x438404ccL;0.500000;1503113438;1503113452
1;4048;8048;0xf3b3b5bef79b6edb2cd1660d6e8c093bacec178493e189ecf12d83bdd4b2fdc7;0x4fe529962e8468d15952d951966ee4b57f73664225235dfb2a79ed865e42758f;0x3df975b7;0x25235dfbL;0.500000;1503113453;1503113467
1;4048;8048;0xa00b57a66035e30814bdec0cd2a0e54e69dcd0a7f7c4b051850771e42da000cd;0xd1af0e2e9344f1de2f1a1e898eb69bb91f622f776a35c8ad7402d9d1dfca7046;0x0fff57fa;0x6a35c8adL;0.500000;1503113468;1503113483
1;4048;8048;0xaa45d2e0eed239aa88100480ee8fab196a9744c42a30f4aaac62bbecfe33dda9;0xdc405b3533f1ea93546538d4cfe04a113f3ff5b85ebf87b051bc910ad01088dc;0x395c025d;0x5ebf87b0L;0.500000;1503113484;1503113499
1;4048;8048;0x3ec743c22b046725e36a67ddb1fbaf54edc6c635dc3a6691701263df7da9f8bb;0xacc48254536f22770df62842b8f135fdde03699d10e8330dc27a5d41ad074bfd;0x4580b406;0x10e8330dL;0.500000;1503113500;1503113515
1;4048;8048;0x2dae6cd0c00860cb54723d8b09f5cc022b42b2a9015ffd5ddbdbbcae57a83084;0xa4c522d1a4e49aeb3c16d46e9109109641746ac080f4916696e6a2768cfebab9;0x49b809cd;0x80f49166L;0.500000;1503113516;1503113531
1;4048;8048;0xe2b3964932e05aac910b1a55bc1ca26a7c8222df4a75ef104fe82c201a1340fd;0x31ef19c3559474506f23ab6df370b6d896998df8a82eef1a0632fd68d32c4717;0xa76fbd14;0xa82eef1aL;0.500000;1503113532;1503113547
1;4048;8048;0x0d1c0bb1681b928073ea99be252be0144c9dfc6481abea7aac781d28de9b65eb;0xbb35eefbb7dc9b516bf140756bd8111def60aa79d279edf4c27ce367443e0382;0x621a6edb;0xd279edf4L;0.500000;1503113548;1503113563
