1;4048;8048;0x66a5612ceedbbca33f1b30013e6f369953b1c614c091eae2529f6c36f6e6575d;0xd6792c80b639aa6f7783b605c617608aff4382fd4cc75ea2b5620087c399e3b4;0x5c0aae72;0x4cc75ea2L;0.500000;1503168691;1503168706
1;4048;8048;0x1d32a0bf65f4b7af5cd35bf0e09a38f108dc5b7185afc2c0ad55621575edaa92;0x94e71d2e99bb50e88121b311123b2c584c915e08464e26ac755260b662acbafb;0xc30de4c6;0x464e26acL;0.500000;1503168707;1503168722
1;4048;8048;0xb135b0599d39a033e1d42c2e5aa32ba1b56f382c502abe6f8cfeb172befd2670;0xfd394ca9dd5b277e17b199e3b7800a4362d63e2c709ededa478b455ef5cf4e78;0xbd10f178;0x709ededaL;0.500000;1503168723;1503168738
1;4048;8048;0x3a7f5ad7fd7141db265fb543254fca5c42ff812beeba7b8693166bca924d34cc;0xcb166f72d1995a0019afa90d41cd80a52e4f888588141de1cfc440570bfc54f1;0x3be382a0;0x88141de1L;0.500000;1503168739;1503168754
1;4048;8048;0x7b2ce6b818c755d85f205c21dc4f801d3d274aebb406c2721a57a2c1050b4880;0x871ccdd3043bd30546b9f21c9518c1255e049d01707cd63ef184da3230b65278;0x0be2aa8a;0x707cd63eL;0.500000;1503168755;1503168770
0;4048;8048;0xccc243ed8e3bcbdb16cad9ec823a6f3944457aa08dd9d7192a640f461b34f0e7;0x2edfa1858dd44bb8f142a42ce1d3bcf81f1317d268a83a009c3fe1dcb59b2160;0xbc068a36;0xd249101L;0.500000;1503168771;1503168786
1;4048;8048;0xe2381e6aa412228ddeaa036446ca35ff6a4ce38e587f56640153369dd78a71b9;0x3f1470a7106a70e6d407735dd42560c4b4a7b99c571a604198a9932a4789047e;0xb8b61a83;0x571a6041L;0.500000;1503168787;1503168802
1;4048;8048;0x4701fd3e9a3d1d8352f8d8bfb5b1648e9b330594da3c38de13cf4ebefd1d4a44;0x000b4d83720dd6b5be7bd820300e5f6d158ac3a2f26be2e5194771b4dcc51932;0x711486da;0xf26be2e5L;0.500000;1503168803;1503168818
1;4048;8048;0x2be110d22f888c111507e5323a5101911782983faf67959a8c88a20b8f1825ba;0x37d3fe424b7c8052d231deb8379ae6da54714d44e43253ff70008cad234223ce;0x4b7afe89;0xe43253ffL;0.500000;1503168819;1503168834
1;4048;8048;0x35b140bc495feffb3351d2a62faa373b6d14b2db5e06045fad8e64a40a897b3f;0x584d1fb28a6d392d62fdc31cf5c1d84dc9571a9ccd52a9e05fef1d40519af465;0xff506aaa;0xcd52a9e0L;0.500000;1503168835;1503168850
1;4048;8048;0xeec1c195075a353665d6ff0a45a26fdcddab25ff2e16c17a4076d6a604a344f3;0x11f5528f95564ef6a025a16dc0cb41988f693ab3c57162a5d31dccd695f20967;0xdac32fee;0xc57162a5L;0.500000;1503168851;1503168867
1;4048;8048;0x6c62484621d2ff1ee37f1f4e91e93e891ac5ebaf228c3f7808a135fa89631ef5;0x6653c4a39d810cb5e5d6f88bf6fe8d8845340f77048a5e5a1e27ee48031a738b;0x0da45e9b;0x48a5e5aL;0.500000;1503168868;1503168882
1;4048;8048;0x1a376ad4d545a09d2fbe1ec2d350a5c6108cf0b6919645bfbfe9d12361c4dd7b;0x5b392a0238ffa1fc5b34782b9be3e61e738a659e42ac9f44041fdf90c1bc473a;0x5a16adb9;0x42ac9f44L;0.500000;1503168883;1503168898
1;4048;8048;0xa973df3a83c45beb82c3599a635968180a55d68d43aa696a27f79f8b17c412c0;0x9db8b227885f0ac618fbfd761ba19fda9306fe423fc85b9f2cba57443b71063d;0xff14eb4a;0x3fc85b9fL;0.500000;1503168899;1503168913
1;4048;8048;0xc4ecf3ad5cc86593ff34c8bee56540bad6aad8dc64f1b5f2c3caf008d1d09795;0x6e16ab02234176a5b1974691c882e0a829134f83d79bdecc62ef22f8964f0959;0x923f56ac;0xd79bdeccL;0.500000;1503168914;1503168929
1;4048;8048;0xddcf32d4027714714309311b1f406942e9838589f3b521066d724299bbc39898;0xb4568792f037a6026534882c72e818f3c6f3fd119a304db4b48ea318cc8f8326;0x5e339b3e;0x9a304db4L;0.500000;1503168930;1503168944
1;4048;8048;0xf3c0e21696d44f4ce458f952a5f466d7947c634d4a92c3c069ed7ff0ffa670f2;0xf6b991be46129ffdda8f9c55dfa34e3c578f389efd87682504472abbe6dfaaff;0x2c3986ea;0xfd876825L;0.500000;1503168945;1503168960
1;4048;8048;0x091942ee1000fa4d4c7647d5b106b22f2968032ff701ac56dcd08d5ee89e0ff1;0xbcef3b94732d7cfbf1fc26a324b4c7736079461ca050451409bc3ac08e638af3;0x89711b5f;0xa0504514L;0.500000;1503168961;1503168975
0;4048;8048;0x2a19684ac081956a49d6cab1b655f79b47e72a7f1c9672d80a17e6b29f4076ca;0xdecd5ebe82a37b0625c274b23c97d85dc1aab067ef277fa073d4c772ebcbdd67;0x687330a6;0x42950129L;0.500000;1503168976;1503168990
1;4048;8048;0xe643dc67de2dbdc18a9fb28c2f04a106da5bfc9b389e738af7f902072be9ae11;0x200fc182e64b3f214cb60e72f4772d1430deec6a9604952448b97ac4ca32855c;0xafd5a10c;0x96049524L;0.500000;1503168991;1503169005
