0;4048;8048;0xef55e3d7995c1dbd4031e52450a27dc83a3e8eb3bab76683ef9ae3d0c49ac9b3;0xe826d30bd5afae39998e6753ef7a681bcd7facdc62c8730074747e45d9fa1470;0xe446f529;0x25500bf4L;0.500000;1503235243;1503235256
1;4048;8048;0xe114acc34b9835f06d22d6d6a57c335584e513839bd63a7991edb233a7b35988;0xedc2c3f13d5ccb9b3041c413e09ef34cd6afc1654cc178e083d6d040184e63c2;0x8caabbd0;0x4cc178e0L;0.500000;1503235257;1503235272
1;4048;8048;0x924953af220ac64a1841735113e940e3c5ce29d71b6eb63ba2d179fbb79cbc49;0x9043b59b2630e29429db7bf5a348a21d8abd2f3f94b96e6ad60a1a9af5251e64;0x53b6c982;0x94b96e6aL;0.500000;1503235273;1503235287
1;4048;8048;0xe65dcf8f2ca276d2eb94205c06714acedfaad01a512bca09773fe903a9ba1a8f;0xd158f9770d38d5d4847a2454be7274cf4869f2b10f3ece1cea9816016c5cfe50;0x0191e648;0xf3ece1cL;0.500000;1503235288;1503235303
1;4048;8048;0x45ee84ea501ba13d9cd260e225a0e22d2ad07310a5c3856728b89fa4a5e8edea;0xfd6bc609d6dfbb8ea15fcfad80f8ec36196ca9142d9d310e8f3fda44c467275c;0x5ac2df75;0x2d9d310eL;0.500000;1503235304;1503235318
1;4048;8048;0x4c27e7a9d10d60f2df394be51c685cf54107b023684e07be2ebb139de575db31;0xed0bba852b0945f0201ee566f7c8d7b5b663e283231d95c60303463833c6cef2;0x08b08571;0x231d95c6L;0.500000;1503235319;1503235333
1;4048;8048;0x38bbb7279ad0814105ede2b34331decc015dd8eb1e3ead1bda606fba723a90aa;0x65a3b62a96e04b10693d002c164d38fcd6bdeb5d5c05e74fa50e4559f5e653e9;0xef8df9c9;0x5c05e74fL;0.500000;1503235334;1503235348
1;4048;8048;0xeef6eb83ee6a84505e8e54d6e3de83f50594d1ff047f2cf298f6892a3a440b29;0x45011d961373e999d092dd9b025675bf15b6409418b91f2c0da8064fd692e25b;0xcbc93e02;0x18b91f2cL;0.500000;1503235349;1503235363
1;4048;8048;0xbfe913bf6ff886842d2771a92514d64b22c680cf3b778914d0b99e35c102d680;0x9bddaea2079151d087fa1f3dfde13c821c4ff3445a5a47f46f5b69ecc910ad97;0xe6003d58;0x5a5a47f4L;0.500000;1503235364;1503235379
1;4048;8048;0x486cbf180ea4deaf28da8bd9cdf3e7bf8490b0c7af0a68297862e901a9227df1;0x1a0cb92170e2f1818479a89047509c11b7e0bf136d26e7e356cedbfad22a9765;0xd6daa618;0x6d26e7e3L;0.500000;1503235380;1503235394
1;4048;8048;0x900cd3d2ab45710b2b53a589b55cfdf2dd912d1ef32550531cfb1c3ec9541c59;0x49d6ee75dc136a1dd3dcdf7391e96353918e523fad8771e1e011cb8aa2888438;0x4547a4bb;0xad8771e1L;0.500000;1503235395;1503235409
1;4048;8048;0x8a8f198fd59c78e5efa644c9117f46a3cc50fe84b133f65ceef06b830a338794;0x8bcd1e54cd211d327bd717d112be025c2c640a3bd37968ae68833903bf3a1861;0xdc788262;0xd37968aeL;0.500000;1503235410;1503235424
1;4048;8048;0x535c736b4d7d1a9d2c5e87419613620c93cb4bcdef38d89196049dd4296d137c;0x1a2bd0c6365a858e11c6e8cca153c8714f2c53c537f4843efb0fb101b70ab77d;0xac793d7b;0x37f4843eL;0.500000;1503235425;1503235440
1;4048;8048;0xd80a22cf33542f4ead218ae197748a5b0d952db29aa09d6b2710fb311a2f5bf2;0x056c705143e9e42799db62c003ddcd9085633f22bab686ab189a26a15bb7e22c;0x16d6ca40;0xbab686abL;0.500000;1503235441;1503235454
1;4048;8048;0x91cfaf807354a31e15a527b35c92bbb64949d849fd5de5028231f3f2483606d9;0x7d287f486089fb3f0bf782d03c8f83f3cfa53aba14ebe1f3b7c0a34f92e7e529;0x794df3e2;0x14ebe1f3L;0.500000;1503235455;1503235469
1;4048;8048;0x27694935b4de5c61dfbd472783b4cdbad306fd8083c29d62b738619e9f423ec7;0xcd1218c54d94104de6bea883870649ac846de1f1c5ff2fe2d0b09c036736eb49;0x4d901bbc;0xc5ff2fe2L;0.500000;1503235470;1503235484
1;4048;8048;0xef21e5c24a4e6ba61c1f6a490879baedf05870848d78615884fadc1118e28007;0xc59ec5bd4010cde216aeab011e68ad37826954726a2417f28464465758a48122;0x1246986b;0x6a2417f2L;0.500000;1503235485;1503235501
1;4048;8048;0x9b3d439b0a76d66db58644dd86dff72f0f1a488a35c0b4cbb21786bd784f6914;0x719091655c615aa0c3a24151eef88fa1ea45e8fd84a52c07a974c01d1783a2ab;0xa6231c33;0x84a52c07L;0.500000;1503235502;1503235517
0;4048;8048;0x84f4f294eb74ad58aa80102a4718f823a2761aa4674091f066b65d728d9b4e11;0x0b1bf94af12b6c281314d13e0ba907fb1346922dc9ca000a30c1598d9882ab8d;0x4f7688c0;0x10a800aL;0.500000;1503235519;1503235534
0;4048;8048;0x36df8dfb39c91798793aefb435ed4f9e95c5e207d804765fc3f589e35729be8e;0x573a4d024786f4857b88314ced673a5479b4eafb31cdfd18a485769c6abc2306;0xcbc8e744;0x811ca082L;0.500000;1503235535;1503235550
