1;4048;8048;0xea0b556c3802e02492b6a43caffc09bc587208b1dd998a991574c64459d54d43;0x1e5e148c8c8304e4adc35745fbc8ed2811ab20b6d9a760e7996dc24a138c5be8;0x0b13315c;0xd9a760e7L;0.500000;1503158006;1503158021
1;4048;8048;0x33b0274a94224a0053d7a16986441a26554f4d9a39b7b2455070f0273830316c;0x8746c144d6a319ac866de865c621a4d4fbe9a1f4ea82c473021159ab3be13d16;0x829c66f7;0xea82c473L;0.500000;1503158022;1503158037
1;4048;8048;0x8802a65798ebf67f4e3b339073205cd5f7c0550b648df496dce661304c91aed4;0x057ab45e7a0dd7272355a66eff7b6889f9c762e620c559c4d748200c5c18f35a;0xe9f9b9d9;0x20c559c4L;0.500000;1503158038;1503158053
1;4048;8048;0x363e969ab95a26ab96bd3902e1f7e8803a68aaa3988726357736f6ff17d42d4e;0xce121c795a289e6bc97d86f5d0cb755c452bbfae01a094069ebc8a53413ce83c;0xf87f88d6;0x1a09406L;0.500000;1503158054;1503158069
1;4048;8048;0xaba0f533a4b78ed2216c6b61665e2197959f8ab32bc20ba2df03d07435fde4e0;0xd51d78dcce8c2bb6a3503a3dcd8128dbf60ebd473fb3a3e3f271bd68e03759f5;0x09ad83d1;0x3fb3a3e3L;0.500000;1503158070;1503158085
0;4048;8048;0x9437e379169ff9c176d7dfd5dcb9a9047f7cba4f50871a1a59e14ad50482cf98;0xb0f9630d14a5a667360db3870f46028ba79358e9db6ff01821fd85ed17c09dec;0x4fc16e6b;0x49481a49L;0.500000;1503158086;1503158100
1;4048;8048;0xadca053ddbe14d89168e69d71e15edb67b21a2f11f935064b2e416d95cb83709;0x33000464e7daf948527352140bf382e23c935c510cfcc0a3fb747a323924ef30;0xd31f786f;0xcfcc0a3L;0.500000;1503158101;1503158116
1;4048;8048;0x7eef622071a9a3673747af7fad2e2795b428b26f5c1b706a579075de5056b1ce;0xdbb4ba8da44b5701231da77fae754536ad6513627efd6a1a943d4b8c32993050;0x060a342f;0x7efd6a1aL;0.500000;1503158117;1503158131
0;4048;8048;0x815aed4cf2f060e961dc09363bf146dff6042f068ed20667d024c979624084e3;0x25ac2f2b8aacd977df0fdbd75795758be50022fe002db5e897d519c5efa0d8a4;0x695a2222;0x82db5e8L;0.500000;1503158132;1503158147
1;4048;8048;0x83ce335b56cbc3f2c0e40aa970e80dfa566042600d1b9f60a167e0ec03a10e86;0x583fccf92e302f891bef511417457f96fbff303044dc439cfdb0c1d1ed78d284;0xaf485f48;0x44dc439cL;0.500000;1503158148;1503158163
1;4048;8048;0x355b9af65c35a8f5c291a5c4bc2ef426927f9223f1911c149f330cf23a1dc16f;0x8089962e15030b090b98b752b22a7310f7fedd98901c2e66b177d720dd78cc79;0xdfcfd307;0x901c2e66L;0.500000;1503158164;1503158178
1;4048;8048;0x5d8c08e395ad885bc970e8aa50a2cd22260f529a583d22c69c842c87f323a350;0x15db083d51dba5dba4ad5136d0e45034a075ab9c2375bc65397de8c1657d2e52;0x1d455c7a;0x2375bc65L;0.500000;1503158179;1503158194
1;4048;8048;0x7a32d0e10058d016581cec038734ef0cd5bc8faaeda49f9504f0b88e6734dfe1;0x7fcddc40019159c618df6cbeb914e1366bd1aa258bb509f5c5534681a3f41a87;0xafe8c4ec;0x8bb509f5L;0.500000;1503158195;1503158209
1;4048;8048;0x8f57c8f4f5a3e9799dd3dc28d0f23896c64797ca50588938683539f5bc00104c;0xc46b6d7d05e523e5bf079dd2933dba84e39881b1a937cf4aa1f4846f7cf651f7;0x9ee7d0c4;0xa937cf4aL;0.500000;1503158210;1503158224
1;4048;8048;0x2764eee9fbb21cad17e1bde035bf1dfd55a416f056990904b3239c2b5812e27f;0x728b6172b2e79261e7005fa55c854b1faba7174246a4742657e94b7cbcce2703;0x87b4fcc3;0x46a47426L;0.500000;1503158225;1503158239
1;4048;8048;0x5f1585d7863e379c3db09864d7ff748d1f3bf783a03cff9b7e193eaa72d1f6d2;0x44d502ab083db6ddc9cbc07ea17ae154c08881e702a533d95d182af79f31a208;0xe706be68;0x2a533d9L;0.500000;1503158240;1503158255
1;4048;8048;0xe3a63a6e754662da6ed6c09cb3ae517e6eb30cf704c486e51112b6f21ffb2302;0xad21d46421b331647fb2532e06321cf7cacdcb89e3998d37a7e3b4e74fd2470e;0xaaffde7f;0xe3998d37L;0.500000;1503158256;1503158270
1;4048;8048;0x60a48be6e7ac5032c268968010dd78dd63b85d04d4f72a8ad9c24e14c5a95625;0xf65abc72c303434b673f2bbdffed7e5e19e3dcc4b39e5c235957fb82371a61ed;0x4445e18b;0xb39e5c23L;0.500000;1503158271;1503158286
1;4048;8048;0x0bc2127df2f3bf3171e7610ef887dc21859785cddbbbc826e52d9d46b49bf4c0;0xdd8f91feb5d3a67898b50f358b41f1b25dc09778a6bc010535889f83bcb016a9;0x11f95625;0xa6bc0105L;0.500000;1503158287;1503158303
0;4048;8048;0xd7823ae11d5793aa468b43b939118c74ab2a743c89167f7579954610a03eff77;0x5a8c207534c7d51e923fe0e960f64f834f8a1c4c19c4fdc1fbf734ec09e30a59;0x841c75e6;0xffffffffL;0.500000;1503158304;1503158321
