1;4048;8048;0x9b80e65c686b280d0187108333e77555c73281a555cefa0b09576006d7afce73;0x9cc9c635afbc0b86292423f8bdc6ae57e39cea0b1337d06fbcb9911ca00c69d8;0xa2537053;0x1337d06fL;0.500000;1503128484;1503128498
1;4048;8048;0x2584710bb5451d5f5eb2e9af16416df9c4b5285263e36e625cd0054b00703b26;0x7c72d77e913a263f8e43c0165ea904785dacb219dad52ed6b6897bc63cdd56f8;0x69f0fe56;0xdad52ed6L;0.500000;1503128499;1503128512
1;4048;8048;0xf4ad571f3d220a5fd60c82070207cf47d38d890230922ffd1a118f70d79e19cb;0x6dadee4798f83398363ae08fe57d2b5e260bd6ef1d18b7728486aed7ca139591;0xf5c21d4d;0x1d18b772L;0.500000;1503128513;1503128526
1;4048;8048;0x39a8727be452265846e2e00e658da8aaf307dd892038ffc856667f3f0480c73e;0xc20c9dc647adc0bf2fc22335a2e4bf16aea96f0a6d78fcffbacced23c267da0c;0xe0b7eb95;0x6d78fcffL;0.500000;1503128527;1503128541
1;4048;8048;0x0fa137eb4bb539a9b4e9fc60eb79953a3dca8711ad828f80bf70cd6818d04a28;0x43dfd5d8e6902db0ad089a8c8f613d6b488b697609e89cb79e125eb3a225bd98;0x35a793d3;0x9e89cb7L;0.500000;1503128542;1503128555
1;4048;8048;0xb5f10d53f902ac93ed7082b1ec23e61771140467889b88c4a583e6bb866ee23c;0x7cac7a8ddffd6f2fd9a732529faf5fb8d2d3938263e6b9909d0e211d11ff6160;0xb73117ea;0x63e6b990L;0.500000;1503128556;1503128570
1;4048;8048;0xd6a9d779990919a762204c884b70ff21afcc2180e0d08ac077b9045790e34a66;0xde14649853eb6f22708726d2f3a5b33029360ae08818785d37a8b3b27a69c362;0x23313b4a;0x8818785dL;0.500000;1503128571;1503128586
1;4048;8048;0xb34f43ddfe3f9b209bdbeb0bfbf38b1b1180508861d9caea31cf3cf8cef9f481;0x5fbbb35b9f4447626344bf3a6c574c37c20acd27a85ed6b9a3a577793d168652;0x5fe7a5ef;0xa85ed6b9L;0.500000;1503128587;1503128604
1;4048;8048;0x6f99a70f43ee1459e1e7b9f11635c3891c2d77b50144cbb85f29239d54fd79c3;0x64f89884f3c96934f907fbbfdaab748f92449e3ef617c64d92f81174e8b09f1b;0xddcb9ba1;0xf617c64dL;0.500000;1503128605;1503128619
1;4048;8048;0x5e4dc95b6fec3dcf139c5a99745b0fee491bd2a25e5a79c99e71dd7e7c7008da;0x1ebb00ce9ae18635450bc526d0a391e84f5a20473b3ba9288bf38c6bf41f72ab;0x7b29eecd;0x3b3ba928L;0.500000;1503128620;1503128635
1;4048;8048;0x991c93f185d6bc0645dcdfcb47bfdd066dc43ebafd63bde8736330c3fff11698;0x17e2be360a8a3bb8c23af5114c259adc71e79248e8d40724204fcb8f5068b164;0x8ebfb306;0xe8d40724L;0.500000;1503128636;1503128650
0;4048;8048;0xf29819385716f8d8a5cad34dd97e9e45d6363245f7052e0d73039f42a8d7ba9a;0x82a65931a5cb1e6382a9b3ad7989afdd64f267365f37982285ab58b4fc338bfe;0x4a65a11a;0xffffffffL;0.500000;1503128651;1503128666
0;4048;8048;0x41e0b3db9b9fa16985dc56e4f41e3f645c5a2cb3651dbead9dd08ed99fb88fe0;0xa023ae2a08039fa60f22ce55ac9e30f694e2b73857ff450a1b35a9f40a2dbdf1;0xe0c98615;0x54be0749L;0.500000;1503128667;1503128682
0;4048;8048;0x757b017c82769ab169f62726e1833d8dd78abb55b8cba9901644c723d6d1f84b;0x7a8e80d9e463a41a3ea6fd02276b4a9ba92eb263ab0ce302942aff204667664b;0x9b8733b0;0x4aaa1529L;0.500000;1503128683;1503128698
1;4048;8048;0x1e6549342cd1c683fb004deb33154e23bc9e3ec2dcd8cd5c233ecc5c9d458cbb;0x19b9971204d9fc8037397d7001374f501c6543154eb07be35455471368e393e3;0xfc119da8;0x4eb07be3L;0.500000;1503128699;1503128714
0;4048;8048;0xe072478745ee9df7b0f47dc32a3f62bdbfc80c3239aa2972df69b5714788b028;0x56fefb364302659e2209d127a7764d37ef22ab659ae6af8eb0a6fc538e247516;0xd5aa7fd3;0xffffffffL;0.500000;1503128715;1503128730
1;4048;8048;0x5902768480bfcc235573c317d00b863c302e23e4c797af5564114a2cece3f245;0xc6379eb49a21216f900e0c556b71beaaa9f0ec2c0d95c89204a63f7e6f81b280;0x8ee7a963;0xd95c892L;0.500000;1503128731;1503128746
1;4048;8048;0x4e587fc1fc615d1666fb48ad389ceec3764628e0292d91ed98304ced5aecd4a8;0xf421bcd4fe4a171b768d2923c284f9c58dfce599a92b814d357329fe07d0f520;0x2efb2ef3;0xa92b814dL;0.500000;1503128747;1503128762
1;4048;8048;0xd5505a7d72ee8ce7c7f3ca80802e900dcf22d22fd29ac21381cf1ec1cc5891a2;0xfdc0ca2eba4b4c9ee24565632ca06075c0f4da57c2d628513c40be688d133bb1;0x3c087dd4;0xc2d62851L;0.500000;1503128763;1503128778
1;4048;8048;0xd7df52ede599b5440a9e7bd03f72feb9610bb04f7128486cb18c20743eca9915;0x7b0338eda8e114c53efd548b8f4f8b523ecd4d3bc84213aebe6cd56449186980;0x413d9b88;0xc84213aeL;0.500000;1503128779;1503128793
