1;4048;8048;0x096346dc54dbf2437e12db3438bd92c51bc71c32df9c160a38af2dc7ea195ff3;0x5177b5d37348aba8468e7e1e433efd87a9d9b8c3368bbefa37a15668b2e5447f;0x2627af01;0x368bbefaL;0.500000;1503110709;1503110724
1;4048;8048;0xcd2801509522658b9e24468762b61584c2718448c46fd28f23950d577ba45948;0x0927f81cdee6406f1c0e1408fbde61bceca2dff5e4436059bc9a1e3a5350dc43;0x02563208;0xe4436059L;0.500000;1503110725;1503110739
1;4048;8048;0x42d879ed70079c855c9feb69ad2abdd8d039355f21b9d57ae58f3c51a66bb2e8;0xed429fd08e64e9eff9b3f6d8b57aeae3e7306d454fced7be32daabbc5d31058e;0x1e9c822d;0x4fced7beL;0.500000;1503110740;1503110755
1;4048;8048;0xf22ca8fa443a716fea4f67ca237567b58df256f6c87c90d57fc16e1e85370777;0xd4f860cf46836be28362d41c346417de02afdf038aeab12a797bffe57ecbe105;0xf8d62d89;0x8aeab12aL;0.500000;1503110756;1503110770
0;4048;8048;0xec26ad54927e630877d6948f2bb5c5accff63e77a3b7891a33332ce0b0086e9c;0x12a8cf730b73b83c34c0f036b9e0bc5a74715b2d9939b942485a6e3a2ea378e1;0x723bc388;0xffffffffL;0.500000;1503110771;1503110786
1;4048;8048;0xec91d46648093aff9d74434d59fe0186cfb0542374e1f50960d7dfc77daab569;0xff41e801e28b0476d19ed063ed78c7e9456f075a5e836bc6d8fc0fe803a1a0ac;0x589d9905;0x5e836bc6L;0.500000;1503110787;1503110802
1;4048;8048;0xca9815fe219ef71e1917992fa1c15972b6444a9c3dfb1e4f2463d4f5fa5471c4;0x67aaca3e6296ffd2e64577d8538136cb554a6a07c05599f7254a1710737e44aa;0x0ed314a8;0xc05599f7L;0.500000;1503110803;1503110819
1;4048;8048;0xe53887d00ca90d97deac5ca09ffca93505a881347b7b5fc627db1bb6db12d6c0;0x2922c2445ba9c4b14c21fbbf9a035d3d47346b439ceb29132597a36e570d8d49;0xbd7cfc93;0x9ceb2913L;0.500000;1503110820;1503110835
1;4048;8048;0x541c0b5bdb14631bab3c51594eb2ab8c88d4366e0f49aec924e73de1696c58bd;0xb0d2a0a6ec8f1de67875f54e1241d2010270d1d6d6a5bfacd7663e33cc54ad21;0x40a702ba;0xd6a5bfacL;0.500000;1503110836;1503110851
1;4048;8048;0x004c0440887de4d4bb2be9f25f222f7d710586dbca9939ebd2055b317af8837b;0x74db2cc76217e192efc7b02e103535ec056b7d8923684f35aa7726c47585a586;0x8417e87e;0x23684f35L;0.500000;1503110852;1503110869
1;4048;8048;0x5d3d299e7eccf947628c589a9a7decbe684d39ebea47fff12a10d3210b2b9d69;0xa329f6f4ee1f06ffc5c83f3841bd1d341d6264f19706b355e8970efb5ea836ff;0x822dee43;0x9706b355L;0.500000;1503110870;1503110886
1;4048;8048;0xc244b1ad0b9585b901450490836a8708625a03ba1161cfcf5ec969fa0026d2c2;0x0fd16abb3cf7a98fc5c0a4e0cd9bfc8eef12bdab4c086fa8fe3d7ea6316ea4e8;0x63c5c182;0x4c086fa8L;0.500000;1503110887;1503110903
1;4048;8048;0xfcd83c06e8c9fe509de44a50ac982a3fc52b123b06134b0ac053f335db01fbd7;0x2015a9aa354f3072412cbd2a50adf001177df9f1b98d671c73ea7e00de37fbaa;0xd6d57325;0xb98d671cL;0.500000;1503110904;1503110920
1;4048;8048;0x85531a9c1246e6c8e41dd4a2989b345b1b4fff00c522afecf59fe573dcf09b61;0x9647f04904639634a14dfacc5e6beb07baebe78b495cefc738e2a2b269c59909;0x5f07e793;0x495cefc7L;0.500000;1503110921;1503110935
1;4048;8048;0x3017451cbbfee311fdfa388186446cdcef7ae0116a463e3a19d3eb4fe54ca215;0x472d92c5245f662a376ee2b410108ecf221586f12841c64749c90dc4171e2bea;0xd3e15701;0x2841c647L;0.500000;1503110936;1503110952
1;4048;8048;0x0a9c69f48f0b1525a8363c7cc27a70c22008e03d74e4da133865308c3a02e845;0xfd842eb4efd5814d6ed770615d7e1d3043ab12875a11d882d20060e466df7bfc;0x13dab6ff;0x5a11d882L;0.500000;1503110953;1503110969
1;4048;8048;0x3c90acd616e51d4f64122d59ecd7c6941bd73db0455bba42025d5a6ed47ff611;0x932aeb2cb1ce26333c269b4b5ed37f0c8a910e2612c013970f257088e9557930;0x4a0020b2;0x12c01397L;0.500000;1503110970;1503110985
1;4048;8048;0xe489c72744ff048bec2a70818c43d800ca51679805792a1651a897c2e2c225c6;0xb970c458df0417ab5f0bfc8fd895ade9366b400ee7246c1ee4d0dbffa18f0c9a;0xd7897fa4;0xe7246c1eL;0.500000;1503110986;1503111002
1;4048;8048;0xf2114f967d9d17039a6208a6dd02f31f35b89f233ef6057d765870243548e927;0xcc8d429b80b019837146b491f4f19fdfd949d9ccb2325dbaab00bda9c7551e74;0x69f2b3e5;0xb2325dbaL;0.500000;1503111003;1503111018
1;4048;8048;0xc8654ae76f264dd35845aa6d707ffccf5147ab7563dacb137e6321d5436bed0b;0x17c75031c63ca5cf88f0d205f8eaf360b58b4bf1dc4206d3d8a1e5dd0e235960;0xaa159471;0xdc4206d3L;0.500000;1503111019;1503111035
