1;4048;8048;0x4f8cfc001724a229f8f1c98ab356e3d0d57cc6f6ed19659f05b8274cc4b0bb13;0xc42fd9300768bd6715950401ae3641a51b452bc4ef6b2b8e6078704f42a791e7;0xbb26db15;0xef6b2b8eL;0.500000;1503086829;1503086848
1;4048;8048;0x51a99dd96c6f40bdc4b81ae12fc534883e67413604cde1dcc1cb0ec747eb1a98;0xb9ce282ce22f1faed4503feae318e01ef93522f07ff44de1a180b825aec990ea;0x7272e3ba;0x7ff44de1L;0.500000;1503086849;1503086866
1;4048;8048;0x9887bc9f4a5741aa1bc691f26c0350c215e51f5f217c6afede43c275d9c9ae71;0xb8f34b19b7b95dc761bceda393a970e692b7ce9a0e88f59c4a7d031ef47a3f69;0x64ccf927;0xe88f59cL;0.500000;1503086868;1503086885
1;4048;8048;0x203bda61918c9bb532273072619f564a8d5b76d275fd02baaa137be47733e297;0xf2ecc8373c0c2e44526c58c0c8d753ed5f5abecececae99989d4414374637096;0xd3a6703a;0xcecae999L;0.500000;1503086886;1503086904
1;4048;8048;0x926badde4367130d713ee1f5125f05f78e20c91389636b511e2da4c4bb9d364e;0x1ad8674eacf47a25d1621708b4e54e6a93e1fcba98e32ea76c25940b68659995;0x35b89c54;0x98e32ea7L;0.500000;1503086905;1503086923
1;4048;8048;0x607d1d894ae7fb9a3fe5bf405c1bfb94a7e13ca263e44cb0058bb99069d8a9c9;0xe88815780532c845a27ceb3063f687a9c1dea19ea53ef772944b6efaf0689da0;0x6fa24adc;0xa53ef772L;0.500000;1503086924;1503086941
1;4048;8048;0xebcbd30314c827f93342fe05a042c1652e8ba51d4d5b6b9579dbc8b2c08b1dab;0x942134d38dc40ef115341965ce7e16ec5e464d2172dc1a1ebf76446f7844b8be;0xb0b731f6;0x72dc1a1eL;0.500000;1503086942;1503086960
1;4048;8048;0x2d92ae356d6b7dab42da90b8385ae332611e2cef7be6324e12ec06ed92c60bc0;0xbac9213ac3b54b37bbfddcbe7c21d24be5b4f677a7ebd3c6f0d001fed81164ee;0x9b8dc709;0xa7ebd3c6L;0.500000;1503086961;1503086978
1;4048;8048;0x252fdc3537f8bf8af66cb80c3bec62b64d0363c508622613e70437d95023ba75;0x50ec0e03053d7d8d054601dbee8d15ae1d4f5db2e90adcf3a4a45367f01ceed3;0xb5e9caf5;0xe90adcf3L;0.500000;1503086980;1503086997
1;4048;8048;0x71e2d46f17395b040867691b8b284f2884f0f7c1e3d6637d6681ce0fc5b28737;0x606e7e7c92fdb4c74199a07144507d10346c91d37f11a5bece77a4c93a6121f9;0xbbfecd7a;0x7f11a5beL;0.500000;1503086998;1503087015
1;4048;8048;0xebf97bd9133f7f014c1605ffc801fddf1d1b549026961efcb03402f568e98753;0xa7ef05c6849f6ef87ee91f8b9f96a2ef596d1f04849ad74d701658c745737e1d;0xef79216f;0x849ad74dL;0.500000;1503087016;1503087034
1;4048;8048;0x51070adadc19974b304a7abedadb0aaf301d95590a024b7187da825367999ab8;0x2df81d5b697997af5cc8b91cee496edb6d37eb5bbc62c929397e6afdb453c81f;0xd075964a;0xbc62c929L;0.500000;1503087035;1503087052
1;4048;8048;0x9b31313ba8ea0ed43576551b0e23010857bc464a81603af9eb42b4d0588cedf4;0x30af2465a0465913fefe40facabbf5a35049ed23ed3ae8cba6f4ec4e65aa4cf2;0x9ccf23fa;0xed3ae8cbL;0.500000;1503087054;1503087071
1;4048;8048;0xa9e50f3a460da0551e901298280e5ef74d401e101bb0497b49ec2d4cc86cad71;0x00b7ef6efd6ead42eb14dd4eb0fd73ac5d4d1212405d4e8d12b79a9114f731d4;0x483880b1;0x405d4e8dL;0.500000;1503087073;1503087090
1;4048;8048;0x9b5b6b16aa1aac31b24f5935992941bc46bdf79a5773667ad5feab614012c9db;0x8814c62dc04eec8752e9793092d700b4ebf5eb4b8701b9a9d0ad2b64150360ad;0xa6be4657;0x8701b9a9L;0.500000;1503087091;1503087109
1;4048;8048;0x2e7d91a3707c4ba6f24c8a21d2a211237f006027ef5bd148fbcdb85abccec4ea;0x447f4df69347e48c3305a930eb51140aa1c4bd57dea887e2c603792aa64d79c1;0xc588f075;0xdea887e2L;0.500000;1503087110;1503087128
1;4048;8048;0xaa6365f0fa6a11ece3c1c316f819aaf3f6b20a3cb9931640b36b2ea72760d4d1;0x0e0a089074e20e42bc83f07e87f99535576347a841134db58ca934f6c2c0f24e;0xb4cb4d39;0x41134db5L;0.500000;1503087129;1503087147
1;4048;8048;0x306bdab66c6a2af6945a6ac90cb8d35b234cf0870ddc568b05349bfc60ef5b90;0xb80789c679d3660fd40adca8a85ec0e456eea89088b8b8c9776d948a2cdbc85c;0xb514e3da;0x88b8b8c9L;0.500000;1503087148;1503087166
0;4048;8048;0x0dfcab071ac3000e8e47e93c0bfcc35d4ab10d9fd1ee79deefbddc6bc51146d3;0x1eec79114ed0cbd58399d0339ec61444d56dbcaf9e1e9f1079519cd80c8863d7;0xa7a07c6e;0x512e1209L;0.500000;1503087167;1503087185
1;4048;8048;0xe4297678431991b0cfe063c6b7059e3feff85e7dacb6d5bba2b4115220cd1505;0x019004e469b739b42ba7ee0080aefa5e7cc38d9a1414928bcdd852f59ea803b9;0x31c561b9;0x1414928bL;0.500000;1503087187;1503087204
