1;4048;8048;0x84d594e3526b80d6ce21ed4814574cd1c09c9c0aa071c395771bb5d87e14d802;0xef5bd032447110e5e6ecaa26be9ebce320099dcaabb885c2318ef8b57991c7fa;0x82b59fdd;0xabb885c2L;0.500000;1503209149;1503209163
0;4048;8048;0x87d1bce9250903b0f6604098f2da7e804c4dccbeef1739653ff08e92572691de;0xe7e98d129b09c083edc80d55b7145bf94510a2a0c54bce02d79b3e1f489f9850;0xc00316c3;0x50124911L;0.500000;1503209164;1503209177
1;4048;8048;0x6f4ae89eb51eadc816d98a2b41da6f45d41d2dc71fb78195ba6477824ac388b9;0xf1fa568a7101af2d890d78dc33423b06dce7696c1e9dc86648996718bc8736db;0x090b6c0d;0x1e9dc866L;0.500000;1503209178;1503209192
1;4048;8048;0xc505137e944f139f46d912ba1060bfc10282e7c6778035af7054f491e61858ab;0xc0fe1a376f5cadbda69073b0766656a120c48b56fcb145bddc79f922c144fee0;0x508b4158;0xfcb145bdL;0.500000;1503209193;1503209206
1;4048;8048;0xecb8991f8835995550bacfff031b7f874263666444b846d3a76af476238cc610;0x036df50ddc5e8564e365141aa89f22f03ad23c32b506adeca026ec2fa4ed69a6;0xbf509115;0xb506adecL;0.500000;1503209207;1503209221
1;4048;8048;0x399569c637f44baf20e54a9d2e14cd131747c502c9f4209088c3e90e6329ce9d;0xaecc4912ef3d4ccef3e008a6b0bd9419d30d44106555deff20da42b7841d2b9e;0x7072febe;0x6555deffL;0.500000;1503209222;1503209236
1;4048;8048;0x0aab262feb3c6a9975c2a71ee7e80bec308dd8c62c70718b45dea8cfbb2504c6;0x15894cfd67931c72e314a0284d358180c3dcca2e5edc0887b0a12bf508dca082;0xcf1619c1;0x5edc0887L;0.500000;1503209237;1503209251
1;4048;8048;0xb2e027f0194c4f2a8846c572edbf89e79dc42c38a740dbf17b27900bbc31e26e;0xcc34739d06d00ab321df8119870b20b5255c491160bedb2af219c93613678e78;0x10a4d975;0x60bedb2aL;0.500000;1503209252;1503209265
1;4048;8048;0x741473bcb44e5808d2e3513bc0901c3ccbf7cf11559d77edacfcf05b49dd5abd;0x3ffb13060ee9dbbd8e8f1c0edd8540740b6cdda23707c55f537875d325900f71;0x45313444;0x3707c55fL;0.500000;1503209266;1503209280
1;4048;8048;0x90f3c3d37f45ccdfee6723595ecbb1e647af4f861b0d30b18206666262f306f2;0xd052167406f9deb0690936e1ccba94ef43139c8f178b3111a1c5487de83adb16;0xf3b6c6bf;0x178b3111L;0.500000;1503209281;1503209295
1;4048;8048;0xc551bee9589d4376af8569af3c7e0683f5fa73cd3643e8f3ac0645ec8d307852;0x9a1b319f9284d103b49460da9aff61e38546f72556952350cc1873888b0780f2;0xeb8bf5d2;0x56952350L;0.500000;1503209296;1503209309
1;4048;8048;0x3e31866161bbaa3ddbffde860ef6fb7565c468e5ec25dde126631f236b1253a9;0x7a601971df2ae7f608e861548e4cce42f932dff2290206c63d33b3f83ee0d371;0x5b423e2b;0x290206c6L;0.500000;1503209310;1503209324
1;4048;8048;0xb6e5b343fc323f22abb675672832660b9724ea4deae10573424473c6807f0f36;0x727aafebd3f0a64fe3fd2eb6b4a34ca6b959ea8bc557e5d09d980e16aa512130;0x46143ea7;0xc557e5d0L;0.500000;1503209325;1503209338
0;4048;8048;0x9b743eb405f54827c19bc60e87e35e57e0b4e609b0841a6963af1a3e29c0f9c4;0x33018455d04435046b81ff6eb673da675ddd205c287ffa909ef0dca0f2f987f3;0x546e9546;0x250a8802L;0.500000;1503209339;1503209352
1;4048;8048;0x27523675fa405a052985c7b4c6e2f977f703a7ad25313f4d0d811b94572a1d7e;0xc05e7f31bf3346b5e4a1633d596e9eedef3c7cc3d9e7a7b6b79b9016ef27f28a;0x15593e43;0xd9e7a7b6L;0.500000;1503209353;1503209367
1;4048;8048;0xb45a2690b6b1801652418db166fc6f31a0e063daca45ca7a1561fb7fc3489a77;0xb3f40555437109d1ba742a70ff70028919aeea00fd04ddbfae611fe79a00edc4;0x32e189bc;0xfd04ddbfL;0.500000;1503209368;1503209381
1;4048;8048;0xb08bd57c076dbe0e0a7ddbe690ba8e1df06177b2c21d2183891a404642bf52f3;0x1cff3c41ee1c23cee3f54ee126cce57080abac05e1e927e1fc2995f0c2a1baf7;0xc539d985;0xe1e927e1L;0.500000;1503209382;1503209395
0;4048;8048;0x356ad5e44f7e7c4039ace30b12ac5c7ef952b0d879bfdeda731f9e4962fd7397;0xd9a559ceb52d90161a913486bd67383ae1f724aebdb06c24c26b7ace16fdd6e6;0xd30a39e8;0x4a4a089dL;0.500000;1503209396;1503209409
1;4048;8048;0x88db39499425546fcfd55600a3ff4033b0b54d0f219df4ba2d48476c66f26eee;0x9aca165c9c1e3759b4db6368542263fdedfd0e85f291d993028d23abc475e456;0x231e4706;0xf291d993L;0.500000;1503209410;1503209424
0;4048;8048;0xcdc16cdbabe7dcde59b4a62137019bd29e44361088e04dda3e41831d0a3035d7;0xc0c480dfdeb7b91b3ffcc7ee103c798f3e45bf391bd7ac0febaef5f6f961c792;0x38dd26cd;0xffffffffL;0.500000;1503209425;1503209438
