0;4048;8048;0xbccc9875ac124bef9f85b523d736fcb451317ee0906d4a3c734050739aaff956;0x9fddbe5c32acdb5eed5eba3a396b9924e5fac7c536f37514f1a6b61085ccf90b;0x0f96546c;0x7ea40441L;0.500000;1503239993;1503240006
1;4048;8048;0xed3a4483ef9393d69e6954f93dafeeabcc694dc89c777106e4d8a994c140f3af;0xe22eea925d872b31b4a72710f517c8489edd03f22eaa22681226afa05ad7e833;0x86b61d0b;0x2eaa2268L;0.500000;1503240007;1503240020
1;4048;8048;0xed87a61f5d09c1810a47cea61a6dd1bc44c0b1449852af0f73562d589fb31c8c;0xbd745eccf114b6741d8499e27234f921e4a93641720d85893206770ae0b1e079;0x30806629;0x720d8589L;0.500000;1503240022;1503240035
1;4048;8048;0xc766ac9f9c409afe230091e9bdefe81db4f36c6e893070c6b5191acd4d4f0214;0xff46a2435092d7002c959661892d5c69be44d0cd34723bf9c8b992a25c66219f;0x21102128;0x34723bf9L;0.500000;1503240036;1503240050
1;4048;8048;0x8c284dbe80bda22ae6050c9aaaa75ef4e6f20a3eabe418fdb22d2775cefc765a;0x3455c588e7196b8b5ec77c0f4134ba6448f058ef11979fda9cecfd5386038b05;0x36112143;0x11979fdaL;0.500000;1503240051;1503240064
0;4048;8048;0x684f3b8319eac82751cd39257a8335b06f80196dd99b735e19337faa94bbc8fd;0xd6cd3487df8b20032255ddcfc9abe57d476fac442b00d3f9fb8878a973d53609;0xa023a7f1;0x9281d3f9L;0.500000;1503240065;1503240079
1;4048;8048;0xaa1830cef345330621f2058ba92a38cae3444f6dcae4a57a7c43951d869d4630;0x87457f8eea77b9322331ccd7d345edca6f586d92522d46e7e18b8ed7039d8b67;0x6079c552;0x522d46e7L;0.500000;1503240080;1503240093
0;4048;8048;0x8af3307de782f8164d5cc0397dce2cbbe0486f446314dba13e78ddc936abaec0;0x473c4c9bf53465a216e2c0196667504efa938356fe9ff80246439cfaae744a73;0x68c6cdb5;0x55044421L;0.500000;1503240094;1503240107
1;4048;8048;0x6e207c1b6cbbad2bc1c2d67cd4197c5818fb2f1a7462253bee3267f051cc63c0;0x8ee158dfba9c73b30c0d984b84300e92ad773416bbe29f16a2ded0d6752aed1f;0xc79a6aed;0xbbe29f16L;0.500000;1503240108;1503240122
1;4048;8048;0x91b2e5bdfc4d68c199e336c8b34c469fb4f3e698ecf3a5802fbc797741756dd2;0xb4d7162bb63c3f29a6818766c71a31e992a6dad20402beb7885c2ce7bc01f116;0x4a5c865e;0x402beb7L;0.500000;1503240123;1503240136
1;4048;8048;0xae85f5b5810f7ee60e2b0b3917c28885bffdaba77d71bfc7d1a9e12acd899c7b;0xaf3067d1f65560f37562dd8ee7f44fe5ba96966e10ed6762540b8c47c8a16c36;0x9c2eea07;0x10ed6762L;0.500000;1503240137;1503240151
1;4048;8048;0x1e9ae82b15b7003d5556cf07a9bcb75a0c4123974274a101551d8e15d8c2c8f6;0xb5a0f3db2a57b49491c025af4c2dba705e4e44636311c236eaba7a3e6b8b7660;0xb6f6e1ac;0x6311c236L;0.500000;1503240152;1503240165
0;4048;8048;0x7c0169bd3414c90caeb313eb38798e49093ccf7ad5f59558aee2952b64e18ae0;0x7c3b1444be6bf3021cdafae2ac13e7cbecc365c6277ce8176521abad57a8003d;0x826f9091;0xffffffffL;0.500000;1503240166;1503240180
1;4048;8048;0x47e7f587c89fe6eb05f18e819fa55d50cf6c0f791e7510b946bd9c12237ca06b;0xa335e1674c2753aa7e7c3cd92982845d68b5292f8b40998e19d2167e5d771cde;0x7c1ec189;0x8b40998eL;0.500000;1503240181;1503240194
1;4048;8048;0x4f799b45b08b4c5ec2fdf689763495c5a9038ea003c34ba217cf157f49b87398;0xe411521ac0521c81a47ae7d900521a57d759c6315672b2d8a9c59f51c63b79df;0x351ed992;0x5672b2d8L;0.500000;1503240195;1503240208
1;4048;8048;0xcb62906ff5a62756323e55e305388d7ebbb8cea908486350a3bcf3f5934b305e;0xba2d575251417cfc27720734583d30489ff591cec260729966ff5a739de37ce7;0xbc3cd6f2;0xc2607299L;0.500000;1503240209;1503240223
1;4048;8048;0xec26f0befffce7e59eecd243ce58376be92104b41b8d73550735dc9019621f06;0x10d1a7ba6d73c8569a2210a90e7366ab090a6504808027492eb5b2a3c22d1821;0x61048a38;0x80802749L;0.500000;1503240224;1503240237
1;4048;8048;0x6b8c7467c4a487e8fc19f1ef95b3cc0485fe0efcb602c65ce10c6b27362e29a1;0x0b843b08153c05aaf8123920348e734c9c4f60a0472aa2da35797036f59128cf;0x0f286d1d;0x472aa2daL;0.500000;1503240238;1503240253
1;4048;8048;0x23984978363c7ab7823fa1cb276f6170864d8f7396ed2216791db7342acfe04d;0x80d88fb69570d609269da773db01a98c5e102b7457af323d247518b25037ec8d;0xc10d8762;0x57af323dL;0.500000;1503240254;1503240267
1;4048;8048;0x935a7e6c439461ba8e62117d2a39020290b2d03acc1fc781a7ed7c1ce8a8e87b;0xe1ea9b58404b7479811e51943fb5a9005ba5e3149b42e653f3e2c9102dfd06a1;0x0cde8966;0x9b42e653L;0.500000;1503240268;1503240281
