1;4048;8048;0x8f6f752eb881efca5b60ab25d75bd6f545fcb094a989e191aae695596a6d3df9;0x4d9afce31d93530e633a1fe9c05bbc5c8ad78a95e76f912a741fc51818ea086b;0xc1234b29;0xe76f912aL;0.500000;1503075165;1503075183
1;4048;8048;0x3655f7170965e5fe56b2d71ce26e26fe573551a500c5e508293478ff707bd1a6;0xcae352d47c627d3d79de359cd3077f9a23eedf7c8fbf79d9137affb81d049f3a;0x5bb1c161;0x8fbf79d9L;0.500000;1503075184;1503075203
1;4048;8048;0xd1db4f65d7f914598eb9d2ee6f426ea7d94ebbf6b8a27cf95ad1ceb495354366;0xea4574c6d66bf1c57a2e1599455bc2c3cb5b3cec8db4ca65e08aaf12b83fa184;0x2784ce83;0x8db4ca65L;0.500000;1503075204;1503075222
1;4048;8048;0xd5065984b43e0668118be71a66cc191d97fa24ffea15ea12b7ce0e2d010984d6;0x7483180ae940ef591bbf767a6c4ceda5eb598f22f7e864d947db794404277e6f;0xf1b3bec3;0xf7e864d9L;0.500000;1503075224;1503075242
1;4048;8048;0x3d7858e57292fb208a1ecb39ff9ae6ce2294880ad63459fabbb11f31d0d32f0d;0xa3758fc173425cc3a511eb08a985ff1f5e0f0310515bf2540c7aafea800383a5;0x37fbd7fa;0x515bf254L;0.500000;1503075243;1503075261
1;4048;8048;0x7dd019b58cfa64d06b77df55de777dffdfde3716b432db4341e5fcee34e6efb2;0xdf780b7954b72619102f02b1e71c5e05f6b00596d75c94d4c6c19d112b46ab6a;0xf5295504;0xd75c94d4L;0.500000;1503075262;1503075277
1;4048;8048;0xfec70fe87ef1f3b01f73638de5b3de87a64de1a9c3085766b3f185b3681c0e66;0xa407e758791e013ed3182e593e79b58b663ef510df7629600b24bc5628fcde35;0xb7abeb4c;0xdf762960L;0.500000;1503075278;1503075294
0;4048;8048;0xdbff3a6935117b0bd0fa0530655669a68a8652bd8f5af29e1b10e04c8a2a8065;0x3bf40d9106515271706ca85e556a0347fe320dd52a002c292e3b4650c124e2da;0x21fa44fc;0x10502c29L;0.500000;1503075295;1503075310
1;4048;8048;0x7e8be13c5667b282bbbaee7596d5e5f80abaa9869b5031e31f4095e8e49e9562;0xbde52c4269d7b14ab6521fb16b0c79cf1de2cd51792116b9cf0dd519a471ad35;0xe15b90c8;0x792116b9L;0.500000;1503075311;1503075328
1;4048;8048;0x006a26f0dc9531c8c9eb63e20c3fb40f7a7de0c2304d1f86c8bdbd472a220d2b;0x41b37d44c3a6efd7e5989e9b65efa0f20fb2f13a19f15114e52619a4cf2a8405;0x1170adce;0x19f15114L;0.500000;1503075329;1503075345
1;4048;8048;0x77f3158861d09347c44f626aa47c3840665233990dc4ad9c6cc62f52397efdb0;0xad61a3fb6dd1903fb94d3338f4f2f180bc1ff014c3568eec3e2e4bee19facc77;0x3e5b7e5d;0xc3568eecL;0.500000;1503075346;1503075362
1;4048;8048;0x9286f165d9be0008d3467ff8e73c0ecf1891128b7c4e0b80dcc4a60a608e5af2;0xa7dfa2dc869d4e00cff48e4d9c8ee68a37e509a1ab411c9e44cebf1177adb281;0x600158c5;0xab411c9eL;0.500000;1503075363;1503075381
1;4048;8048;0x2874f87b9d1202bbd284009bfd5545981980300176c4fd129a4259571661233e;0x9a7dd1ece9acb6ff0d918d27b7818d884a050b236abd363f029983273220957c;0xab0d0c63;0x6abd363fL;0.500000;1503075382;1503075400
1;4048;8048;0x8a762d0d16e42d56bb3aad3282bf6fb82093c78ff9debcba54b05e8ac6c75451;0xa87dc815d66598c11eb04baae29a8fa9bbe9003e7c501269044bb1b2f5240313;0x7da9aad0;0x7c501269L;0.500000;1503075401;1503075418
1;4048;8048;0xa1a1ba7e6f107a1e29d2353252a7518ed7897d8956df5591af6767bd1bb5bbbc;0xffb0d1a45a569e23b97fcd2c92423819546a20fdc0c098c784d8ac62c725b32a;0xaa6bcaf6;0xc0c098c7L;0.500000;1503075419;1503075435
1;4048;8048;0x430d062aa13be548c29a026bb5b2ba5541f93cf71e817847b8f72a8486a6f8c9;0xc4cb5a959767d7da1f0c179d53c7543aebebcb65c0a970a4f5c8c79f7d261d56;0xa350f24d;0xc0a970a4L;0.500000;1503075436;1503075452
1;4048;8048;0xd609f26e99fd4c1000a0a838a00e6cb26bba5588d9728538072f4b54546eaa2b;0xaa80ea8a83af44f24b86ab0f0ab203a0cd8c0003a5f933dd2223a9d66c98736f;0x201dcd42;0xa5f933ddL;0.500000;1503075454;1503075470
1;4048;8048;0xf8fe5275966ecefb11631e0afabd4a617027f2167f677b73b608e0f0f7c29aef;0xfb0fba8ca52409687d553657a405549860b8fdb49f9eabcb34ab42f13fca96fb;0xd260a12d;0x9f9eabcbL;0.500000;1503075472;1503075490
0;4048;8048;0xaaf9efd670b43573219ebfbb7d9ea9ad6ff1774aa99152e356847407effe3499;0xf1c53b310cb521f11898345a02ba78cf5ae67ad266aa61a0624e7539bb0d0893;0xc05f49dd;0xffffffffL;0.500000;1503075491;1503075508
1;4048;8048;0xec2b3ecd0c873fd35cbb710a82c52266453b463b61ec57f972e9c826fe5b0aea;0x54874a2c48229d96cdb784459083e2573fd9589911b9b8501759cea5a0a92377;0x9041c419;0x11b9b850L;0.500000;1503075509;1503075525
