1;4048;8048;0x846572d9581cd5c6633bac3620733d39522083a69beff6187a03e64a81b23505;0xb9ce6317b3fd4484231bae65e35d5bedb560ae0f27404bb98872710be012ca8d;0x9f637ea5;0x27404bb9L;0.500000;1503218637;1503218651
1;4048;8048;0x45e2aaef4e434de5e4ebcdd4a47bbba8e0e3971e320e40357d76c883ecf62531;0x7dd83430ea70ef601fc6b4a451dd3bed7de4458503b359bed0cf1fcf0c469175;0x27f70bfb;0x3b359beL;0.500000;1503218652;1503218665
1;4048;8048;0xed585d7cad3de615ba45d3b13e708bef1a6ce60caa3e591e6e392f2710ca57fd;0x9f9785b8b735624742970159c79d155a38fc5bdc5799016c041c1c8899c00836;0x662b3e12;0x5799016cL;0.500000;1503218666;1503218680
1;4048;8048;0xba812abb87cd8e59cc37f5c501fc1a5b91544204948aff3977d80f69034012bd;0xe8557ef398eb5ab3f2d675243fb0307f93e1eda9fd0aa4b5682c23c2d48af8b0;0xf3acfe6d;0xfd0aa4b5L;0.500000;1503218681;1503218694
1;4048;8048;0xa81140184d52c341acbc146b8c82603838b7b14dc188002a1880dfd03526c9dd;0x69e65a2227d71125a337aa5c569450a4bdae9f93e1f54d5be5d7ba8724f4d526;0xb542f848;0xe1f54d5bL;0.500000;1503218695;1503218709
1;4048;8048;0x6a30fcc279138282e443f303da91432729508406af0289827d733d516006f5cb;0x189faf2f3f4d740b51adcb927f952157e90c82378929c181a207c987c60422c3;0xb2b22448;0x8929c181L;0.500000;1503218710;1503218723
1;4048;8048;0xfc2b93be0c93c8c5046233f99d5ed2811637e816819a4082f75d3ca5eecfdcea;0x623b121490f1db5ecc8fb00a47c5274ddeb9d7b62d2177e99b305ad2e7c72f21;0xa8bda9a4;0x2d2177e9L;0.500000;1503218724;1503218738
1;4048;8048;0x28bf42a579447c82556a709eaea11a935f18bce654106fc96a539c9cf3b56a1b;0xfe2cab470befbf144bc5ec121a393aac3146699ba691edbb52872c7d4d9f7f15;0xef43199f;0xa691edbbL;0.500000;1503218739;1503218752
1;4048;8048;0x348caafa703149e3b3c6c921e5c3ae0551475838636101d55418857b0c79af41;0x52d84857ed6436103c72424e5c1ad0bb8a732921ff4a32d5e430603ce7750a7a;0xb3cdac33;0xff4a32d5L;0.500000;1503218753;1503218767
1;4048;8048;0x7368608656a59f54dd0ef8ef478f4d94870d09b3b18d6781ec9d51e0489d14bb;0x4d5dc8336b5c0f6011d0f2bcbc109f90eae298c3d7d743edad3cbd42c0249da0;0x3127aabe;0xd7d743edL;0.500000;1503218768;1503218781
1;4048;8048;0x22130f8d52e655971580b67e8fc106023c6d8c4ff1dd163f493249d645116467;0xae27d4398c64bf249fc509cdf05eaab4d73c34a1067f94dbd4cbf157b58da40f;0x8c93f13d;0x67f94dbL;0.500000;1503218783;1503218796
1;4048;8048;0xdc5b4b29abc5b0a334181f69668c9b4b4e596b19c0dbcb87e0d39bbdd7b536b3;0x6e971cb00534646b7f20ce49b22f4be40844a9fa180cbcab32249f162faabd4e;0xa18e92ca;0x180cbcabL;0.500000;1503218797;1503218811
1;4048;8048;0x4fdb36927910b20e7559d54c5fee7102eda8005e54f3c4c5c717ec27be41ad0d;0x99e6bf6c6909f40cec87b1cfc4f7d061190f6fafeb301c63a6bb8710d9eaab96;0x9a563340;0xeb301c63L;0.500000;1503218812;1503218825
1;4048;8048;0x51be84087b2a393601ca820023c48603c748e41c7a14a844474d70bed19dcb23;0x8164a1d88b9f9bb112478b0abc9020b7c0386b549757aedff9cb3873f5415b03;0x174c11d2;0x9757aedfL;0.500000;1503218826;1503218840
1;4048;8048;0x74306335368f78ee35a068d9fc9442e75a1493a42ee2f842e505b35d039f2478;0x09928c154fdb2a48e7977db451722fefde337281acd8a9d44117d3d5a6244c5d;0xc4bd6914;0xacd8a9d4L;0.500000;1503218841;1503218854
1;4048;8048;0x118d92074b2c7e4fa910b1dc1ceaaaf62027af0289947f8bf44533a9c41b5bd5;0x41618e02e49eaf90c9d2629ba8f1164527de9c25b75a0921481c35dac18efb9c;0x72e8e85f;0xb75a0921L;0.500000;1503218855;1503218869
1;4048;8048;0xba1024206f6e37f97835f30e838423c9b8dfba46208ba800acda259e0d45f5c7;0xfa8a4cd3da8fdaa2013615798243e6725006f776f89e57e541c8a5be1c484ca4;0xe5927453;0xf89e57e5L;0.500000;1503218870;1503218883
1;4048;8048;0xa77e8a30e58876fa995e83509825472bac40e307a350c712117beea8925b6339;0xd0e692f79be45aff1dbdd09b090e11686e7ae6d4b6b884f85d4a67db1de305a2;0x4ded0a05;0xb6b884f8L;0.500000;1503218884;1503218897
1;4048;8048;0xb6802a8e3218368570bcd52809ede755334c5d4f1729529a509d7a73d6d0c28d;0x48895dc0319f74d0977e77c15eac29712c76657b4d124cf1a386301e036aaf13;0x4e6e1def;0x4d124cf1L;0.500000;1503218898;1503218912
1;4048;8048;0x0af0d43c00712827fdd31b1117a4490e236d5fb40da1c7dcb3a0dd475de7eb68;0xdd189869a337a89c4feec4aedf903d55b72ac06b73362a9c65de34f54c438bf3;0x398e6ba9;0x73362a9cL;0.500000;1503218913;1503218927
