1;4048;8048;0x5af5554e093ded0e36d0a3ed5ca7c48247c6ff05390b2e744f0bf3c8e105a03c;0xc07fae20da3c3431eefe10cec1edef499ad37251f67014fac49a167b888253cf;0x0745d74b;0xf67014faL;0.500000;1503100525;1503100541
1;4048;8048;0xbaeff7d0edaab467d5810ba56a5187840c35c58b6d2a24629cd5bd3c38c197f2;0xc1119a04dc38a72f6d63556fb9d30243f770ca76ad20bc88d235324cea8f8064;0xffa57e4f;0xad20bc88L;0.500000;1503100542;1503100557
1;4048;8048;0xfb626ccc638304912db28db562f50a8685449edbf050badd37110466be2688b9;0x5928cc08f9d22479a71b7fc7bfa354526627e1a337b540249ac9babb2a4b6d68;0xd5c78201;0x37b54024L;0.500000;1503100558;1503100573
1;4048;8048;0x200b647c128cce1942ed0715118bc74aeaf4a11111519d72153f1d394b432b6b;0xe58b3a60523a6a700f8dd491cc6e2973e2ccf4f828d411b73ad582f901dc1d6c;0x982875f1;0x28d411b7L;0.500000;1503100574;1503100589
0;4048;8048;0x31786cdc70cb54cf544c5eb62df19664836e07a2ab1731ec80cc32a7f462d325;0xc8496d4a7b3db5aeced57a0b737883c2dfa6c5f790d758a0a535fe6838df475b;0xdee885bb;0xffffffffL;0.500000;1503100590;1503100605
1;4048;8048;0xb6b9d381846fa130d60cf9c4cb2eb0db55a7046ebe0e6ca889726c7502c7bbb9;0x840b5dc05dbd0aa95c4f14e509bcd9aafc7732e77d69b3278ac95b4ec7cd54b4;0x81d8214e;0x7d69b327L;0.500000;1503100606;1503100621
1;4048;8048;0xa4484275a3b00f2cf367101eff22029572b7f4376f1f86f205ae5e5fca2f116e;0xe2f3fd5d885afbac3a90f316ed103aa05fde5d81e09f79cf2e1d0a9a4999f0b1;0x473dbdf6;0xe09f79cfL;0.500000;1503100622;1503100637
1;4048;8048;0x20fbbfdc12d2f4f61f34772c36506d3bc8eb5545715aa2883c99263a41752b61;0xa4561c038592508155ffdc5d5c3df4867907c4234cca84275d901322d2d0ae2a;0xec56a339;0x4cca8427L;0.500000;1503100638;1503100653
1;4048;8048;0x087d4d5bee55409e7de18814887bc6c697800ed81116d1f78810a88c7576dc7d;0x249b44e13b453f45314ee743a4a55d47b7b97059c241b67af656be80c43d2d26;0x7a5f59ca;0xc241b67aL;0.500000;1503100654;1503100669
1;4048;8048;0x5bb6d17280dd6102abaa7965485432589a9fe9c1a5466cd7a0eb1f254d9d11a8;0x2c12264ccf1cdc5ac4456870a9d3edc21d08644141da42aa0bef62bdb4335957;0x03126bbe;0x41da42aaL;0.500000;1503100670;1503100685
1;4048;8048;0x6e11c94a05c091f4c8202689626dd7d0ebb90a21295dce73f03e5524a7382f15;0x8896a9ffd2badcc15ed19bb76c99a0298f89a6429fbc3cdd3bd588f0f917b84e;0x023b0bc0;0x9fbc3cddL;0.500000;1503100686;1503100701
1;4048;8048;0x42e34b491775f4613b7e549ea05efd85c8e7a2821b3043fda5c71a2bb9e9b2fb;0x25b51c0b63941dc120336562d507b2b5d9f97f8112cb7d0e91f02ddb27352a98;0x866bf1c7;0x12cb7d0eL;0.500000;1503100702;1503100718
1;4048;8048;0xb05d43e9452defaaf219e3b68d6d8e30a129cc244dcf09cc0b551bef65dbba15;0x8588c7d8011bf671b80d9ad8126b0a1e32b725c81bd9463428314063461e98e3;0x65987b08;0x1bd94634L;0.500000;1503100719;1503100734
1;4048;8048;0xfffc160e32f77e79d4076173e3727e04686556963e5e280d08ee8f6cf9d1e8f8;0xab49046edc6125844214a3e40dedcbe2340215d325a3af914144ab684899631b;0xe826a3fb;0x25a3af91L;0.500000;1503100735;1503100751
1;4048;8048;0x89928a90ccaf21f31b707ff005568fd4be05f71db6a7523aacd18bf6330b85bc;0x969c59bdf3517e5230f10b75110bafdd6489d0393d6480bbb9464e725ecaac95;0x04f21570;0x3d6480bbL;0.500000;1503100752;1503100767
1;4048;8048;0x7248648ad960c635ff45f99e49469481c5f8b74abca4265981885ba6dae22f4c;0xc021f4ef1990f2fc4edf3de00d5e9308355e15dd024101e4a1412ab4dd0da1d8;0x00523a63;0x24101e4L;0.500000;1503100768;1503100782
1;4048;8048;0x9fcc1e95475d932a836ac7d9c72cbfa954e144edf90f1368d2c6585e6b21b50b;0x8f448a4537c262c2f2aeedf044105a790707126e01b518a946de27821307b05c;0x0dc4e144;0x1b518a9L;0.500000;1503100784;1503100798
1;4048;8048;0x2f5af0e64bbb20f2f0fcc19ed2ecfb7e63595fc268fabb0dc63b38e735947065;0xe550fc9897e35f0932ab38bb9eac2eb0d5390d1fe047a9a93f149c92ce22271c;0x3adabd3c;0xe047a9a9L;0.500000;1503100799;1503100812
1;4048;8048;0xcbcbb2c9a19f9aad1a9b0449f4bafa6d16aa7a3fb50f21a38ac9cd828f74265a;0x1d3199b3a43e290556810f02cd83e5c85ca7e82588c8fa47aa0ff8fe7539f720;0x247a398a;0x88c8fa47L;0.500000;1503100813;1503100827
1;4048;8048;0xf8a3794daa1a9934c057257a028accf962f021fb7d0ba092a4f8e655ff294cf7;0x1f08aea0db64ba869ad1bb350651c71a384aa32b9a27965ab3000ca7c0b41839;0x8b188ca3;0x9a27965aL;0.500000;1503100828;1503100841
