1;4048;8048;0x7308aa7a1a4e9b88d39c2aab1535a4127d7e8dc909b7343f5414d1a06e6ba2e1;0xd63adad2df254da4207c8c96aa9d41f730fb975c3b7ea5969588edeca7f272ad;0x8685ef30;0x3b7ea596L;0.500000;1503092824;1503092839
1;4048;8048;0x77c962a5ccad3889e691764d95ccfd7ec7032871dc0a82fec04165603e22a7b6;0x01892d3e738eb5a5332361b4908f0de79526e169c6b88bce23f46b12e986a0d3;0xeb17e758;0xc6b88bceL;0.500000;1503092840;1503092857
1;4048;8048;0x637ccbf326a0c9d4abff5faa8ba1448cbebf9c82418cc2947e6e16005e9efbc1;0x160ac115203b7ee7b49e9d7b0bb6defaa407b6fd731d729f73a7c338d4049a34;0xb5341e68;0x731d729fL;0.500000;1503092858;1503092875
1;4048;8048;0xb058eff2ebd5a505b12b12eef613f1c4ee65e2d47d69789666bc198fda11348a;0x7f85600240f42eca7de08cb6e0b833ba0146adbb2f85c7abaf5be2f749db0bdc;0x33b6f346;0x2f85c7abL;0.500000;1503092876;1503092893
0;4048;8048;0x43f3210820bb6dcca05e500df4e0b895c6dffccd6f2c4a1d7164342f31a50c74;0xe9196d449cfe4b369ac77fd5db8e9f9f1a109d9a4e4a21011e75282582c6b3eb;0xa71bd210;0x15255001L;0.500000;1503092894;1503092910
1;4048;8048;0x4ae2d4bfac7acc5b2fab2346d35d86ad2206032d739817de05d96d2518384963;0xd7ff06adba61a54a58a60793f8efab1786748e1d0c7cf75a8ea9f86517394e1d;0xf6af8697;0xc7cf75aL;0.500000;1503092912;1503092929
1;4048;8048;0xc7c05d3af6e4ccc74c43751fc60a7a253bea8cdb876e90f9c3e622ace4298cab;0xd77d7734fe0f8ba91c937c924b6671a877130212435c1f8c68600930cb0db8c2;0xdb1b9acd;0x435c1f8cL;0.500000;1503092930;1503092947
1;4048;8048;0x2511cfd5e614a48ad876ef92281e3431880c769be174b34f4429c051eba5e211;0x44662b62dbad1d717e02b4c280e3a61d2e8cc829f97f5be1cb3510684f5e71d6;0x6321effd;0xf97f5be1L;0.500000;1503092948;1503092966
1;4048;8048;0x3deb7cc2d153ba663afb1f923f55fbc7448824ade260128aaa369e06e549c222;0xa794dccf39a0f0c4b9757a30a8e75a17f29d8e0cf0aad17334d4aa24cc373848;0xc01d2bf0;0xf0aad173L;0.500000;1503092967;1503092984
1;4048;8048;0xc15d2b19d465ed826a71775d4721cf067e6d0d47b3037f79779013b3346497f5;0x6db2b6253321181e51cdebeef6bb88fee77180a697b2852a4df8c56263e8ee82;0x6dad5ebd;0x97b2852aL;0.500000;1503092986;1503093003
1;4048;8048;0xb2d9f9cc90b5a434ffde5f0fd16bc5851503d56e9472a6764ec7cf8ce2897894;0x2d61b0fb899ce8c0d3403fae1fe3d7f1e1e2dba03a57eb63625e38c0d88948e0;0x4468cb1d;0x3a57eb63L;0.500000;1503093004;1503093022
1;4048;8048;0xc23a23ae155ff24ef3050fa59acd9343042630f0f2fd6198e530fbaea019f962;0xfdfe21a1bf54414935d2ae5873d66bf661b1f08f084efccd13a54ee833e0deb6;0x7d02c387;0x84efccdL;0.500000;1503093023;1503093041
1;4048;8048;0xe45799891f7649d6b3cae4dfe8c0bca5605a44e8af62c694eba709d643e0d327;0x6bba96931f35b358a934a060b7b6f9e99a1a5d874689a525eb316f32b0eb2fbe;0xfa54707b;0x4689a525L;0.500000;1503093042;1503093060
1;4048;8048;0xd3b9e9647a9d3d8dbb22a6296e173f16a81863a903eda6cc17345d5950b7a623;0x3a00a789c326e08616f67f0af181f217c66ac6b77db37af7f0fbb94f9c3c45ca;0x8ffc2f02;0x7db37af7L;0.500000;1503093061;1503093079
1;4048;8048;0x97f0efd6049171fa430798c1f2385fa917fa78b4c0a7c3d56f2e5d37e9d86b81;0x6c1759527aa52218051a0c6da32bff09fce031ed50a1a45e6f3111a234cd1903;0xc55d5328;0x50a1a45eL;0.500000;1503093080;1503093097
1;4048;8048;0x2cf1276c3cccc9b0a5b47308e15d2acecf5e0106a958409f254e881a1381763f;0x49d953c1e441b7af4549b0baec66dffda2a4bf65dcb2795f5c53bc3e0c9840d1;0x54771e83;0xdcb2795fL;0.500000;1503093098;1503093117
1;4048;8048;0x1177819509a990748230fa4b91d7735dc27fb8d8e9f9b626124820e404220616;0x92a74584aebc888755afafc3ba116116c9907c08fb7f0da8b0ead952ed4cb167;0x9352e5f4;0xfb7f0da8L;0.500000;1503093118;1503093136
1;4048;8048;0x93135e8ef23998d872ed820ffbcf019f11bbb26f796058760c5f17d1b5221048;0x3ac6f727d4bdec7df5c87dcbdcdd170133022074ff22d84dbd849cedf9e69e97;0x5b51bdd8;0xff22d84dL;0.500000;1503093137;1503093154
1;4048;8048;0x54cfa5a64aa11b7c46ee8c802814cec50e0f347c181c9d7417cd318a499fc29d;0xde64ed04d7fb95b0f5320bae24c168ed333c12fb8f4703aa8b490a59c3aa7e54;0xbf1da2e6;0x8f4703aaL;0.500000;1503093156;1503093174
1;4048;8048;0x94883ed836a84d2683eeb6f9cd2b20c7e5be2b65306ea63f6c5bad9d2f9859c3;0x1846ea4d3f292878668182ed32026c01f4cf3a6568f231eb9afa2f9f14195e89;0x7e865c10;0x68f231ebL;0.500000;1503093175;1503093195
