1;4048;8048;0x1fc9d2ab0759af0ffbf24a5dfed33d76c342f688558a342b160e8f86f073850f;0x3712c7f18d5712e35d67340042bdb5bcb8d4847ad6b06a1cdadad342fd9b89cf;0x22b6825c;0xd6b06a1cL;0.500000;1503117050;1503117065
1;4048;8048;0x4fc42481d059bd1f296f0da634279e5ac1525d0751855748834cff39457a5794;0x56fbe76750f5e7890dcbffd6ce28e63264cfce0689d7624fcef9ecc637ea63ec;0xc4249c3d;0x89d7624fL;0.500000;1503117066;1503117081
1;4048;8048;0x7dd2d2398b575ed97bd4bee39511eb270bf163750db4597fe1ab6d18a1d3ce1e;0xc8e5c2708cfd91b0a1bd5c1fcc122ca7563e5a22d186ff4b4b78cb14c07dce71;0x2e8e08a7;0xd186ff4bL;0.500000;1503117082;1503117097
1;4048;8048;0x7522e01baf2e456d8dcf83b0cad45d62eefc5ed8a0d89843a6c489cda8a8141d;0x638e536f36f65263c379ead0d1412cf57291a124dc069b29afa3c8ef3a580877;0x57998883;0xdc069b29L;0.500000;1503117098;1503117113
1;4048;8048;0x28ecffc53db7c19ed1dea0dfa4c2e7ff1ae7d2f148cf784cae4dff6ce9f3ff11;0xc5f3e2614a445cc5a56530d1991466dcb766572d8a42e23490300353ad3d88fb;0x525ade56;0x8a42e234L;0.500000;1503117114;1503117129
1;4048;8048;0x7c8cad8b2ff1d450d5534dbdffc6e765f7fb7623e66f9320f02e16c00d8cfc8a;0xe921ee5bb49af30162e27d933f67d50739996c56cdde0dc978fa0b5056a7d837;0x01c3948f;0xcdde0dc9L;0.500000;1503117131;1503117146
1;4048;8048;0x154b046fd85c2b4c53e0d998ed632fc94d59390c9bf70ece0eab3ce8270ea73c;0x99ad7e2aedc4666a60ccc369ef3d4413a8ae371ea810ec4fdbaf7b23b47a3561;0xc071f376;0xa810ec4fL;0.500000;1503117147;1503117162
1;4048;8048;0x3e04ea1cb4adbe3a018626750c4d916605af702ee55143af76c1662077de5fb5;0x929db1cd97ede72c86f4864743106388626e7619edc968b6f288ece07a15255f;0x3f07368e;0xedc968b6L;0.500000;1503117163;1503117178
1;4048;8048;0x6121ed95fd9157fd175be693fa5877d1814b8b0a8bea096411a4702c624286c3;0xed8cff0b865108ee3c6c94ce32dc17fd8258a3190747023ef57985112e15b569;0x11699072;0x747023eL;0.500000;1503117179;1503117194
1;4048;8048;0x0671ffd3644af3b49c10d6b8cca20458b0ddb693c6cbae5a465561e81c7fb923;0x328113142c704b8fd2d3ac74742d2f0c4683b0ae8c1071ced22a4e9396986f69;0x5a55a737;0x8c1071ceL;0.500000;1503117195;1503117210
1;4048;8048;0xfae4270cbef86b7330eb6a76561645091dd644cc3f313260de47d4fed8b6cad2;0x030cf84e22ea4f2b0082422f37edd30890987ad3d249ff7c43cd9e2f67cc6bcc;0xd5b1b50c;0xd249ff7cL;0.500000;1503117211;1503117226
1;4048;8048;0x47964c6afd6fd9ae977d91efffb1085cc70e0e8a26ed743732aa20dd27406c6e;0xce1f462459aeea5d4455dfdde9d33c454c85a65fecf8b1ddcc1882a032c3b0bb;0x35ef2adb;0xecf8b1ddL;0.500000;1503117227;1503117242
1;4048;8048;0xbb554bb4efde723d1bcc71a0bcebd69bccbfb88bcf1527da6b6441d0fd6b0cb8;0xa18ddda292e536c0267cb01af5c523e7dde223cfadea885c2bba470bf048fc6d;0x9a6b4376;0xadea885cL;0.500000;1503117243;1503117258
1;4048;8048;0xb18f0af166f5cb0e535bfa7be697de88e92173d75d84d1a1502ef44a3a617deb;0x11f1972be81c32de0e08a949fb15dd7b5ebc68ed38a236cf96a198b29d0b4cbb;0x6f1c7db3;0x38a236cfL;0.500000;1503117259;1503117274
1;4048;8048;0x348f46c52483937845bb49fd70a7e28702f0bffd76aede73c54d3da68f762cc3;0xf9ee3852ed7da862b401336691e10cdc7b3b8808be1e7ef12872aefd17616ab8;0x516d56b1;0xbe1e7ef1L;0.500000;1503117276;1503117289
1;4048;8048;0x883ec50308d74a28d58cfbcd00b952a7e7cb7a37028edb3be48d288ef71bce80;0xd0c37ef172691ac4c118ae71d4fa4d128148b9595585c54c009aec0231e7a2ad;0x5f6e3ec1;0x5585c54cL;0.500000;1503117290;1503117304
1;4048;8048;0xdceac67b967399d589923f4c43eba6f8d071c4de9b35d217c35298ce8129b35e;0x8a019834c34c62771bf1abfcb7dad87ca75fb533b755393e6ff4c7b60eaa7ddc;0x085d2e1b;0xb755393eL;0.500000;1503117305;1503117319
1;4048;8048;0x658803aad059713c0f3ef2e846d087c521b2f247ec69837d5ae5577ca6ec040c;0xbdbe3fb384a7bfd6fef32b328915c569be79490547ef954baec38e907dc0da2a;0xd2213a25;0x47ef954bL;0.500000;1503117320;1503117334
1;4048;8048;0xf499a0a82a2d5344775095ab39c94e81f565f9d0fc3829ecc969ed10360cd02a;0x19389f2970eecf37daf9fa0019580d91de4797d59bf1279e3a0ce4ec34ca4c8a;0xbfa72020;0x9bf1279eL;0.500000;1503117335;1503117348
1;4048;8048;0xbe1880510bef2c334203705e082e280c0aa01fb35b32210887196ffec8ea4586;0xbbe6f2c0b5ba915bd3501510717d17762d937fa11928dd859ca648fc1c3471b5;0xb10f2e31;0x1928dd85L;0.500000;1503117349;1503117364
