1;4048;8048;0x502d43d5b4f78bbd9cfc9494c495fe97a8ee1fd1fb581111119b0cbb9d541ded;0xcc93b73bc3bc6ad9359cddae3585af1301456288a0372b78fd2a306f3b76ea9e;0x4de4c5cb;0xa0372b78L;0.500000;1503077894;1503077914
1;4048;8048;0xd8451ea2000889894e574d8f7f5ae476724c86cdc1f70a5726746c9748abe121;0xa3c633b6e099c0d4b39593f2a9909b0a95c8488dea110ac13b0f343e77f68a28;0x2849d554;0xea110ac1L;0.500000;1503077916;1503077933
0;4048;8048;0xa0bce5aaf40a76c8ab3d03e6e4d178cb528ee427769def7b40019b03c85e7469;0x8b1f36ea9785b8efa15bc24f818fc48e70f1595067a6b68d45f20040f69bd4b9;0xb22987c7;0xffffffffL;0.500000;1503077935;1503077952
1;4048;8048;0xf0c041b884c093753a2826f62ea14a5994e8fbdc62a8bf87ed6d5dfaf1c43be2;0x0fd85b9c92baf08e36b246c7b9efc328022c54df45508d4a9fe55ff45146db04;0x2354b55e;0x45508d4aL;0.500000;1503077953;1503077971
1;4048;8048;0x9a015cd19904c19cf82fb59c7ee52f410571bae15ba49a28012ebf9008e2b6a2;0xfa1e7371bdb2fd3da7815cc7127152b52a023ade6bbd05bc52c1ecf6be1aa79b;0x9dd6c3a8;0x6bbd05bcL;0.500000;1503077973;1503077989
1;4048;8048;0xd3e942d9f0d0d59430677df9375a26188c386fdabe7fa658c78fd4b121528bf5;0xef38d9b017568158b052fdb2ca61049eadb935e7970caca432d6bb10e5b3e1ac;0xbe66601f;0x970caca4L;0.500000;1503077990;1503078007
1;4048;8048;0x74af114e2134f6849fe960bbd24dc2146b9c2a030970b1dc9920f327bc63a531;0xaf64286a899fb78cc5ea69a8dc2e37384f18542bea7fbd49318d757795814064;0xf7283d56;0xea7fbd49L;0.500000;1503078008;1503078024
1;4048;8048;0x8aa43e35c686c937b0c3b02f5d87faf4d6b66c06548f22f5af875234a3ad6d2d;0x6a14b814032599c0cfc7eb784f5679a6f354ce9741b6af9c4c6d493058897f20;0x0fa5b0c6;0x41b6af9cL;0.500000;1503078025;1503078042
1;4048;8048;0x70308ea30f7f27c39ac0f2878b98434790dd906c997549473b00cbd1d2fdb842;0xe1d17f28356f5cc767e65915b1e8801eda612ef2d0eb394fc95712b3e0625d85;0x1a097753;0xd0eb394fL;0.500000;1503078043;1503078060
1;4048;8048;0xd37659683019d0366c1810c07920d7c86c6f41dfce16eb3eb209f64823131af7;0x4d244c8121bbb1b5bde1894deb499729f35e4f6dd49ba1ace80f47a7cb335f64;0xdb2d34b7;0xd49ba1acL;0.500000;1503078061;1503078077
1;4048;8048;0xc464a2cc3d34b02c874e02867482b5d85bd4848425aa1f77056ad1cc7c287641;0x0a8ab0418dc85e8cf18bb7a15f9a3fbc3078a9220d8e863d0d7528ca6828f4a0;0x489421c9;0xd8e863dL;0.500000;1503078078;1503078093
1;4048;8048;0x20c67d5422a149e8beb7c99ff8f31b9400d34b7ee2b59645e6b1b9c764d86c84;0x32d25f7c9aef9d7f3bafd081f111f3e83f36e14685c40f761968a7f2a83435b2;0x9b560b86;0x85c40f76L;0.500000;1503078094;1503078108
0;4048;8048;0x3ae241b2fdc022c97c804c339a9710adac3382aafd5857f4fed94de3054a7c40;0xc2571a39d23ab73b8193e5bef0ecd49207077abf3efb6fa2882fdd972d8fd261;0x26879421;0xffffffffL;0.500000;1503078109;1503078124
1;4048;8048;0xdb699addd09942eda607c87322fd1330eff3c496429d1fe772da3baec9636da4;0x618782fe0d4ee247e608659a2c27429bbecfa0e9912bf3c3cd98b5660a27fd4b;0xf9ea7652;0x912bf3c3L;0.500000;1503078125;1503078140
1;4048;8048;0xe3fc75ce740d4e6e0ec341ec5564aa6297a21ed7fdb02e494acea9bdabcf028e;0x28ca799ebdc839b1ea6b5a2aba944a9cc716047b61ce6c30efc0bc6471366318;0x08edd616;0x61ce6c30L;0.500000;1503078141;1503078156
1;4048;8048;0x9464fbc4846b63d13566e3d3d1b7f058003409485d3b71a160a57a857c51a111;0x3f3de34dd513cf11c32109af7a4171fc01a8e1086232f157128361afc9c63316;0xf3ea56ed;0x6232f157L;0.500000;1503078157;1503078173
1;4048;8048;0x558e65a1e35a69b0a435aaba946ac274f2cee43f68cc40bfe1cf4baeb43ac509;0x44151e2692e899b11bad668b60b50e998919c54fc7f015ffceb47695ebf83c40;0x116e87a0;0xc7f015ffL;0.500000;1503078174;1503078189
1;4048;8048;0x540cedfeb8375b8e56428aedd84ccf1440776fcd72383c76084cbf78cc0df020;0xadc9a0d62aa78ef5625b08fd745a90fbb12c4619f01c96d52a4ef2d5537951e4;0x8423d099;0xf01c96d5L;0.500000;1503078190;1503078206
1;4048;8048;0x57952ad8869c412681b4a920d92521183982398122925f777c2d07b6842c81db;0xf4e4fea5e266eae9109b4b445e25ef1ba80043e5f0b22bafb18ce8d7e4a20516;0xc2edd438;0xf0b22bafL;0.500000;1503078207;1503078222
1;4048;8048;0xde56a2185094aeb01eaa9edd73d2a5962aa6eb2c602a13fc978dfeddd96648b7;0x0f25ccd61a95779d063e74d247804d88042342a3fd3d1546b7699d8f4f601be6;0x1325416c;0xfd3d1546L;0.500000;1503078223;1503078240
