0;4048;8048;0xdd69dc6342f126404f12ea9633599a3975e99d2213c6538ee65d27a17f92f15c;0x0e32f0eaeab1e03cce5be901b8679c5170c018105a64dab4b62604569378b321;0xd02a0f6a;0xffffffffL;0.500000;1503088338;1503088358
1;4048;8048;0x737de25ec268903f94fdcd7e3dd6b7525a8bdb5f96e3f528804cd6c01985048d;0x1386a1de4bf2c2169d9e9b672e1322f88ef46054d736598b5c9a4b1e1c04a03a;0x57674026;0xd736598bL;0.500000;1503088359;1503088377
1;4048;8048;0x774fef8bbbdbfa67c7b08d4d6999388bc99f518fa98d026da9ea2953365878ad;0xa8af7f823ed01b4e518c8b39d21f454cc0513231d9d5776833fd3441a6287e47;0x86503a4d;0xd9d57768L;0.500000;1503088378;1503088396
1;4048;8048;0xc1593df1328f62557a5ea50196e6ec9b7137de5bcb52eb58f26eb91b1f8bcde1;0x02bdfc342f8bf8ae567a28a46cac4f9ca8099f94158bb96f3bcbc0dad30308c2;0xce53fec1;0x158bb96fL;0.500000;1503088397;1503088415
1;4048;8048;0xd1356baeaf09b65301ba760a65e30c938507b5ba34f273d59c11955e247e63f5;0x0f07edbdacc08c136acbdd90f5c0b13ecbf39461534d8ef6132451142cb6079f;0xb5627d71;0x534d8ef6L;0.500000;1503088416;1503088434
1;4048;8048;0xd8439cbebb564a3e085dc839699448716d78f6e35e6c7bba618e944a7a1cb052;0xbbf67e35d44c9ceb5519ea950e38ec65ff820b4ac28267f8f8c8c4611a2b91de;0xa324e5f2;0xc28267f8L;0.500000;1503088435;1503088453
1;4048;8048;0xe14052ed71a2e4815170bc1f84e9caaa0f7c97c2d627e3471c4d07bd21d9f102;0x6489d12a8d65e136c919864c9c14bf66dee48ff3665dbf3500e10c9320ee7c5b;0xed05f265;0x665dbf35L;0.500000;1503088454;1503088472
1;4048;8048;0xb3087355812918be6d6bd352aa39941c0e1def11bfec4a5b87b10dd09fd13153;0x65977ae1e6736a1524f61cfec4729050b1d64fb3ec38bb6e0c9be6c8dd90e702;0x9fcb7c33;0xec38bb6eL;0.500000;1503088473;1503088490
1;4048;8048;0x08348061b50e579f7698b22de943512abfb2dc9c1e7b4711a62abc6d4b90be53;0xc3f503571b842b5c6ac55641316f5687dd2615eb5a04658bbce49f2941e6f148;0x7e3b79e6;0x5a04658bL;0.500000;1503088491;1503088509
1;4048;8048;0xb5ec327b33b5602be10285cd4a00cb7e80ef3ab3565767165f16847d10c576c5;0xf310328f767ee69b8d18ee2534f542deef12894cb1095332e9c5cebe4259abbb;0xba0e3108;0xb1095332L;0.500000;1503088510;1503088528
1;4048;8048;0xeb5127ea9e403c13b2344e080de0c6a1ddc3dc39eaac61190eba6c92f39cfcde;0xb744ef3c1ae25969475b7b7bb50827e2e17c4a8d2d5e7f879d94fbfb1e10d6c6;0x76949aa8;0x2d5e7f87L;0.500000;1503088529;1503088547
1;4048;8048;0x8ef4b74a61caa21109ac5cbc0b9f67b196f4bedbe7975634e9819cbff4c8ff82;0xe72bbe846250b3a364787ca25df97f59e26dbfe527ed9319988f246e20ed23eb;0xfc50f047;0x27ed9319L;0.500000;1503088548;1503088566
1;4048;8048;0x685163b1df5f7620ca9b573174b5a2e4214865ef8897786e4d585fd07d8c2be5;0x393ca9317d36502ed9048e80176899221db6fc6fac6962a666ebec2fc4a2acd7;0x60819735;0xac6962a6L;0.500000;1503088567;1503088585
1;4048;8048;0x852ec6f3a5148f6a68e5afd10d78e162d4a2c8a4c8928d9f1c4bd1d7690682ee;0xb3fafcd75bd34e9c9be3959a88b450fbab8fb16666251ecc0bc1e0e7acbc0fee;0x832f8cb1;0x66251eccL;0.500000;1503088587;1503088604
1;4048;8048;0x32c1a201697c2284faf29eeeb2f10d443948311dd62eba12ec75e3e9956495c7;0x6a41a7d7485bbc92445ef13fd13c21325d7c7231c08606737adf1b79a1dbb2fc;0x845434f5;0xc0860673L;0.500000;1503088606;1503088624
1;4048;8048;0x98dd7d40679ae40b84cd1b86265824a355831b73014df5d1c3e697d9b4467d4c;0x348d5ee49f5d5ee9a717bda7c0c4b28ff583d02950062783551ad5769e77bfb0;0x941ca05f;0x50062783L;0.500000;1503088625;1503088642
1;4048;8048;0xfed718afa7c134da8f170b4ff45462338904d0099bc7eefe8bdbdf3fa9d39aa8;0xc39d3e9ad3b65b072a6b40e25abc999695f370a0d5f0be9c419a68c503189f10;0x8b982b53;0xd5f0be9cL;0.500000;1503088644;1503088663
1;4048;8048;0x0798e6ca7d9ecb7da9463e04b56a5749b97aea9aff8bad0e33b7f3350434b90b;0x2ba1d566108d4c46c0a0ab45305de399f4f51d2355dcd969ad632f107f0a4207;0x708e87fd;0x55dcd969L;0.500000;1503088664;1503088682
1;4048;8048;0x5dc490a3a9a30119d11ceb07f48cfd76ae4706842ab99ffc07a6c7332b73b888;0xba7f28b89e2397681ecd568a77b09dacfa4dbdce891e747603599dd5514d7e84;0xc1dc7ab0;0x891e7476L;0.500000;1503088683;1503088701
1;4048;8048;0x13597ba94c8e33eac78b2c87ddd1d88aee879d14db3f9b7a2f9574c438710d4b;0xb330b5151fc90a2b22711c7d1b729441c53a993263aa3fab8bef47ccb1cf90e2;0xb049f4bd;0x63aa3fabL;0.500000;1503088702;1503088720
