1;4048;8048;0xc3f807aefe6a556af9d7cdc0569d32be93de6e60ad5fd44a74c05ee9e636cea9;0x2da8a94f2193a9b9a75492e519935b39c3e7aae55da289cbcfef973c76356b7b;0x3eccc9ab;0x5da289cbL;0.500000;1503134802;1503134818
0;4048;8048;0x7225c0de0ae69575c08a445791adecccc69594c10a62302be5676ceb303e6fa2;0x6195dfde55abdd8ee088b103bf7091af76c3a82300cc641130fc132a782cbd4d;0xa414e75c;0x54cc6411L;0.500000;1503134819;1503134835
1;4048;8048;0x732e2d8ac78e0cb21b06166471fe4c33d2e1c45930183014cdc68d11d774b34a;0x640e9b4877bfb1317fdc060ab43f014468e380911a860d14f2ee9871ee2034a5;0xf1875773;0x1a860d14L;0.500000;1503134836;1503134852
1;4048;8048;0x8cf02df0022e2ba405808f22cd221e5e173a2dc7ce1d1de1bf424220bec66b4a;0xafae8585bc8e27b8033f2f3640b57773564e86e35e7fe1fdb5932efef9b8c2cd;0xaa931dc2;0x5e7fe1fdL;0.500000;1503134853;1503134869
1;4048;8048;0x62d0d9124f94497b774b26e67262bab8dbfeea26fc10fa32168561a0bc57a71e;0xc085ec2abffc38b4b6b5f5c1af9558d3e702c5da4e678cd5880a33a497932cad;0x79ca1975;0x4e678cd5L;0.500000;1503134870;1503134885
1;4048;8048;0xe39c9d076121c781373a40b3181a2a8062ae75d8a23f4d458af38d7ba7f0078a;0x298f473e3a996a664a09a1b2b0e7c641085493af9eca8fabd92634be776304b9;0x76d96b64;0x9eca8fabL;0.500000;1503134886;1503134901
0;4048;8048;0x0d994dad484976c5c0dc26acc6f635c4d2275e60565e0421be0f0795d18862de;0xb48696d70659ed8464a1683aad46a3c572afb8caed005ca0adbb4b3e47301a90;0xde233409;0x49015ca0L;0.500000;1503134902;1503134918
1;4048;8048;0x18d9478947513ba3aa4eef7b937bfe85feb1c0841d66dc673bf7011e6c3a0b84;0xb52df1de5741200a9b3c58877a4009255ed7946d5a5e3027f58b169625a1ac62;0xb6a4a0bd;0x5a5e3027L;0.500000;1503134919;1503134934
1;4048;8048;0xce888b05cb88577323e9edf3c7f30598223cbf433584607b8ce62c148c1e355a;0xc65e0d3ff630466efe096b361f41afb85b409652ddffa46d2cdc3361613548ac;0x4509610b;0xddffa46dL;0.500000;1503134935;1503134950
1;4048;8048;0x3bad91cd67f96d8d1f6a37d2e37d902547ada75783cea21978f04e854d819f88;0x5ec72bc88970b513da7792d2c17eddea681ea98912cfd1f3057eba5a3e323948;0xa204ba7a;0x12cfd1f3L;0.500000;1503134951;1503134967
1;4048;8048;0x1650ad786abd5ef517848bbfd923d24be8ebfbe675c0603819274d518adffba1;0x105e92b49f753cc8959aeb0764d9fdb784517734dff1d37e4aa83ac38a2803d5;0xb7e5e514;0xdff1d37eL;0.500000;1503134968;1503134983
1;4048;8048;0x08a074eba28f4b0d2f376832cf74fb5193c11e84aad7ddb7df1c737ddfe148e7;0x9d04225dd403e1a2070fdb530fc86f4f74224a7740dfdc7b0106750713b5c2e9;0x1961a6ce;0x40dfdc7bL;0.500000;1503134984;1503134999
1;4048;8048;0xc19962a924b62964cc9fc06a43375d7c5e5a70387997548f8517e437847def46;0xc5dad4114ab45e4558c81d7b5ffed950539e0f7666a07e2e832b930d7ab46169;0x7863e005;0x66a07e2eL;0.500000;1503135001;1503135016
1;4048;8048;0x50e11fe04707a16e1d0194bea74b73f6e0dd49158f15a410131fccdff9f99849;0x7860ee92577666ada46877a76394064eb5ac7e95f19f9254da9e5498a83005b8;0x38b7961b;0xf19f9254L;0.500000;1503135017;1503135033
1;4048;8048;0xaa6ceedc9896d89fb7794e55869b39c5ea2e9c94774cbf07621edd53391580e3;0x3d91ee52590c3b5a0c986c7924f571426dc9451dca60ecdc16046471d827639a;0xa7ae0a38;0xca60ecdcL;0.500000;1503135034;1503135050
1;4048;8048;0x18f2ff3f8d887ccf39bb7b08d0fd5fc3e5b5e77879f41f7485c5f50743dbf45b;0x83ff0934986d8541fc03cf958426501c271302cdbbd6f6512c892e07381d3537;0x8afb5c0a;0xbbd6f651L;0.500000;1503135051;1503135065
1;4048;8048;0xcffcad71019b48063e6e2612f9ea29a9446a8e55a6277cf3848b21cb7f11914e;0xca4ef385ac809df1ad1e6d0232727479791384b4e6152899efa51d81c60383b4;0xbdec033b;0xe6152899L;0.500000;1503135066;1503135080
1;4048;8048;0xe5a405ff23230edbbe9faa2409f7e848c1626419a81b8279deb48c789650a87c;0xcfa5300dce6a7b34e0459f077856abc29c374f543cc4f1d7bbe4db351f362535;0x44ca17dc;0x3cc4f1d7L;0.500000;1503135081;1503135095
0;4048;8048;0xf8e10114cd13b228b3798545e576d8871d7c0231f7b537ef1fe68d6c6f448167;0xd3c757076c42712e74c6f22531953eeec19c0179969eee501f292810e4b33171;0xcc3988be;0xb5448901L;0.500000;1503135096;1503135109
1;4048;8048;0xf1ce4306c2a9595d3f0832fd301329c6a705e03dded29e8389bf20a653b8a244;0x5397e28ef855a4341b50a914302d8991ef60c03a1044166c462a067339bfd85f;0xd91480cf;0x1044166cL;0.500000;1503135110;1503135124
