1;4048;8048;0x68cd70d913c6f1eb80c157526193df0b0f4c84627866f68982609f19c1232929;0x64c1e4d03920c5fe755a1d2ec1c7afe9d64f6f7f8e7567b97a0eb24c6fbdd34a;0x97a245d6;0x8e7567b9L;0.500000;1503200793;1503200806
1;4048;8048;0xa86dd7aec1eddd51bcf4d6f05ecf4e6f932ef4e42d6862e1e0f8498e38900de1;0xe1dac55c924a492b913a2195488997d5846ace28341998fb10194f6aaf4c9ac5;0x585685ea;0x341998fbL;0.500000;1503200807;1503200821
1;4048;8048;0x87128c1b6fa16a1f9cce661c99b14d75f5e8b1ed2f759f5b38acc299de3e0766;0x2a88bb7e5bd3d1a9bef2cdf6fd222060999ce3699534e1a72f24c28f62c88cfe;0x61ac931a;0x9534e1a7L;0.500000;1503200822;1503200836
0;4048;8048;0x1bc41c656fc46501b06b6bbade7544c7152553daf2e7139d48d938b6584f2f73;0x37c3c93d7b0fac177dc01e65297bf7995607f689ea9ff8a055f04c93e0ddef53;0x5ee9b30c;0xa28f5502L;0.500000;1503200837;1503200850
1;4048;8048;0x8c1fa84c94ab2b206b0c860b1bf8db4346d3656ef9d90f00df68045f432c6dd0;0xe31241e23f09b08020055d265c9e77125a7d93419f418b777208390b4051f8f9;0x10a8ed2e;0x9f418b77L;0.500000;1503200851;1503200864
1;4048;8048;0x85c82cd1c2a97f8aeaaee1fc932ff67c3219346754ee54334e8a8914719f26f6;0xca772cfd826f8a263ac14159045034b670498564f78268f6af67587a3f086a70;0x9a468fa3;0xf78268f6L;0.500000;1503200865;1503200879
0;4048;8048;0x41ffa562c1702bbe10ede8eb613e62a8f78d0b3f94c6d17a1d0a6c2a4e62e98f;0xc46f7bd4921984153962cd5501b64872c94bba70def75a21b2ef88d8c8f1b479;0x2f443eb3;0x21081482L;0.500000;1503200880;1503200893
1;4048;8048;0xd8ca7f168b081443b55f682debbf20bd67036574b9592e656445cfe5cfd47ca7;0xb14fd126b75d7dd3e24d93b524eeaa86dca5d3493bd4ee6f3ba322e0cd3b5456;0x67ed0df0;0x3bd4ee6fL;0.500000;1503200894;1503200907
1;4048;8048;0xe71d98a42f4cb079135a471fb5160b6d0ff3413893c7bee514928be68ce57f73;0x212446e6e079a3534116bc7d6703a8597e916660e54f09f1d96c017021218676;0x4e5f5f08;0xe54f09f1L;0.500000;1503200908;1503200922
1;4048;8048;0x9be250c1aba9cb8b520c6e7673fb1e564249d53832df073b736bcce690338a2b;0x55264297e4853255d1e1fb435a16409a16dd3e8f9d1b5073d41afb0724691d87;0xbe3606f8;0x9d1b5073L;0.500000;1503200923;1503200936
1;4048;8048;0x6fb50eb1a58f7a5857a130a0e39d4237e160b9acbc4bc74cabfb02a10af70579;0xf5193835a6c9799b2f7bf629d123b7d718ff0599ec790a0b769f9ba33f0156c3;0x98c75000;0xec790a0bL;0.500000;1503200937;1503200951
1;4048;8048;0x7759755783a767045abed183ca562e568b7373a8196f31d1372273720f130e87;0x3d1d8d7a590781a58e0d4c13fe15ca671d8ee583a7931e4ca21999b83b5b1a0a;0xa0dfb19e;0xa7931e4cL;0.500000;1503200952;1503200965
1;4048;8048;0x990fd6b945edb0fb14c6d6dccfedbfc99612cbbf5c0deb7907a9f119bf122a58;0xb632ac9982f377632b009169df8beaede8965f3c3a8f80bb91abfaf3ace12909;0x882bcf5f;0x3a8f80bbL;0.500000;1503200966;1503200980
0;4048;8048;0xdd728ce3ac255b4113d47120a4d790d8eff14c4866d803d95a5992fd84022a61;0xe03694d142b4d04f6f019ce1ce47774ce9c0fac0737a6900d23a9986b9400098;0x2b0bf4b6;0xa9759495L;0.500000;1503200981;1503200994
1;4048;8048;0x67252840cff3d564b76a1aad383ee896fb9294c133d2759981a0db7cae963c15;0x20ba3fd3d96f2f3923746b5b50d7b31f096439c2ddec60f579529b2d8531dfa9;0xc3ab0f92;0xddec60f5L;0.500000;1503200995;1503201010
1;4048;8048;0xfde44377596bdfb59751ebffd7a7a88557a8994f6271d8d154c3174e3995a836;0x24c036fd32b5c3a28bf96964a5ef1cb05918e8907b0a5232aafb56008d7e96ec;0xab0f2527;0x7b0a5232L;0.500000;1503201011;1503201026
1;4048;8048;0x70ba1554bbb1ec4a9114e8684485b02b9478b666c900ae9f1f08c724564801c7;0xc871a7fd9da80f149fd748a7a0d30399dd314bedd439f6a335732b4262e8e81f;0xec511042;0xd439f6a3L;0.500000;1503201027;1503201043
1;4048;8048;0x748fa8c2add02ab20bde2959c1c36fd6f41880fa7aff202f99bca9a72def78a1;0x0e75111b2ffdcba55a238abfa74c34682ead4ac61d0a5e2a7d5f25bdff5edda4;0xb61d800c;0x1d0a5e2aL;0.500000;1503201044;1503201059
1;4048;8048;0x15bb7d4170663665188860fffb19dae3d6ad353b9e94c1b698c7417a33723349;0x9793976cde447de7398c9aa8269e54f3ca3109af9c94dbff8dbe470cbb35edc6;0x1db3c2ef;0x9c94dbffL;0.500000;1503201060;1503201075
1;4048;8048;0x41ad5e0e888c5913089b03887772bd002bc21b4b30fdccfdffcb2d2162b8c0a3;0x845bff5cfabd3db61e6cbff9e42a036255280cf8147782a0cbc9c5566b4ee5a9;0x37134fff;0x147782a0L;0.500000;1503201076;1503201091
