1;4048;8048;0xc6e5c044cbb4e6f8ca7a10a1eef96bf54dea8f6d62ab0b07d7783057cd2ed893;0x7ef9c815812c50011341e8e257f5e79b6c8af62947adb4d957d035766e287d0d;0x2e701034;0x47adb4d9L;0.500000;1503228131;1503228145
1;4048;8048;0x471c44036ed783810aa15111409b43ebc0bff07de2980f817207936a31153778;0x0a3a7b32c9364f281edb33253561c2252b9a174bb766ceb05de921f90b6cc80a;0xce1adcdc;0xb766ceb0L;0.500000;1503228146;1503228161
1;4048;8048;0xf5437c700ada96cefdac447ce658c4a4839c0a3820ed810f669131300393c4f8;0x09661a84847cd2c33b28c107522295145fbe150d4722ddd4ded63e1aedb2665c;0x437e5e43;0x4722ddd4L;0.500000;1503228162;1503228176
1;4048;8048;0x33cd95f5b5072aeb89f64f096feaa8700034e7ea863293cc6c827ba58d7836c0;0x9272eea1558e4e898e30ea6687739f2d26ea4be7a8e1428c55ed48c63ed249eb;0x889c43fc;0xa8e1428cL;0.500000;1503228177;1503228191
1;4048;8048;0x75b4372536a56e88d08865c77183fc240ee8371a6f19850f10369b7c3a7015b0;0x917f52d8fe0adf6a277a2ae578f74de696fbc6c68fb4cb98c327d88ab7bca4e7;0x8166022f;0x8fb4cb98L;0.500000;1503228192;1503228206
0;4048;8048;0x45b2fb8428072bedda4401f78d2943c020f23bc40cf06b389b562f11bb504f01;0x589645f9d2d76fe7c6c3dd526d9428bece5cfda44f8ffb0422d98f7c99eb6520;0x54e1fa22;0x8a440a25L;0.500000;1503228207;1503228221
1;4048;8048;0x82eb058e91035bcb778f2b204d04bdab7537e00195553ab5ad3e96c04c87b3ce;0x661cd1ab662588285db60abbe8009ba54685a416448cdbe2dafdb738e4fe285c;0x9d85b825;0x448cdbe2L;0.500000;1503228222;1503228236
0;4048;8048;0x1de36b27cb910b72cb43ede87ee50d98a2c19e1a1081e4eb8e344cf02396b840;0x400d82dc9497f4da8e10a5e82724352ed6bbb5a55e5bee0838a6587ceacf7558;0x29b47c93;0x92248081L;0.500000;1503228237;1503228251
1;4048;8048;0x61d33662972a6814af768813f34019e9beb15a52c29dd186e0f3a85f2c981d8d;0x7eb08d2362383b1353c8e3e7adf1473f93900fd6643007228c3267a8ea169b54;0xa16f0b8d;0x64300722L;0.500000;1503228252;1503228266
1;4048;8048;0xa3c417425e1293bba149eaafbe478122fd3f2778fe497f117cb8e408e759638a;0x6c1714f2f5ae87a79f96765c53f1ba18342b6f690b9b33ade0c877576d81e35b;0xcd18e27c;0xb9b33adL;0.500000;1503228267;1503228281
1;4048;8048;0x320bfd27c9e4d06595a8f80c1b51921542fee99a0e4920dd3674e7125c263c8f;0x11b31c9fb083978af62911aa05b9ef6c7fa134f9dfabd873554ce2c064c2de72;0xb185ecc5;0xdfabd873L;0.500000;1503228282;1503228296
1;4048;8048;0x9641d5f3b15feedef5f91f95c4d4a55bbec37fe24e59a07c62ab37f37342f109;0x7cad7c6b4bfc9f525e4ceb3433347a22b241d06817197c1164670c694b0772ee;0x72f079a9;0x17197c11L;0.500000;1503228297;1503228311
1;4048;8048;0xae387f629c88785beb3064797c1e77a629730d00271dedb21bb5ad29b985f867;0x6ca4b84ee6d838c06d6dde013db246b93b4ac3117e1dd5ec84cf4f5a01877df8;0x864b45a3;0x7e1dd5ecL;0.500000;1503228312;1503228325
1;4048;8048;0xc85bca25640faf266e73e7e7754b658431dcfe040b45add81e2b5f6655965d1d;0xb60d6a4f5aa293dd3580216a35b25d98e0d7f6680fa09568a826c385a0d88799;0xf167be75;0xfa09568L;0.500000;1503228326;1503228340
0;4048;8048;0x7583f030509cb53f9855002a5cb60a676413ba2ef8fe3daaf459065800cefa75;0x3fa84b1b193f5ccf625adc4381e51d9257cbafa854ef6e90b757946d5bb5f610;0x44a1684d;0x10950255L;0.500000;1503228341;1503228357
1;4048;8048;0x40d8a5f7c656881dbc194ac41cd924b182c0b0c36b5697912fc19dbdad678eee;0x858b77fb213c934064fc23fff33564c576d6ce8e57e5c95efa2970a1d0265edf;0x75114d7e;0x57e5c95eL;0.500000;1503228358;1503228373
0;4048;8048;0x06529e2b82b360e2237eebb0d55f70e69512a4a7ddcf6af1cbece157cc8fe2d3;0x3f31bf530269cdd5aead107f0da99dd1099122c50f58f102c73e606df5d56a2a;0x8bb40e15;0x14292a01L;0.500000;1503228374;1503228389
1;4048;8048;0x9e116508465303210d0b44c3e3b4e0c25cc7f270e6bfac0b7438ba6cb1adee50;0x0c1f1a204ac8c715e2ae3b1a508dfe922bb4189cc882a9a9c1f85f85c3f7f5bf;0x88725dd4;0xc882a9a9L;0.500000;1503228390;1503228406
0;4048;8048;0xe3ab561afc0a1f0336f1eeaa88da269c61c0b7dc5105f7d5dad5d596608a9b43;0xefa1fdbfa0065fa5cdb7bbf0e4ce522381b09ac7003f92ada11d0384d6573f41;0xd7da9a16;0xa03f92adL;0.500000;1503228407;1503228423
1;4048;8048;0xd492ef704b329a28bc3efd90fab658b6c15d1fe1e8c6214f8ca469d668de3b3c;0xbe24f185e91de59a647db91c3e521bef216ea258c91931f8db01d1c5000e95b3;0xba72f275;0xc91931f8L;0.500000;1503228424;1503228439
