1;4048;8048;0x23a695c6442b38b7308999e17866e03e2077d8d1e9a217ddbe1f604c3793dc5a;0x189fcd777ce666f82532eb7229b438bf935ce20c51689cd900ae534a53a1e03e;0x85c4bf7d;0x51689cd9L;0.500000;1503155658;1503155672
1;4048;8048;0xa4be213d9bd9c45ea9d9917b14d7bf52c25940e2c853ab29629433dfdd08e081;0x56e058e732965cbe097e758441a2ee65206426fe62cc31a239a8f428ee3f7f4d;0x7fed8296;0x62cc31a2L;0.500000;1503155673;1503155686
1;4048;8048;0x978862dc1b7a9546599ad85a09e7e548426b68b22fba34125211ee6cb94ec250;0x3cdc2cb4f2d17ab0b038834bb7157c464d41d13ec1fef450f0a69e0175748be4;0x27f9c9e5;0xc1fef450L;0.500000;1503155687;1503155700
1;4048;8048;0x2f54ac436d699553db29913748b6e985847ebcc598bbba85b12d26021b49114a;0x51fc5b12abf41a94b04b70cb659e5c71b7ad1321d69bd6b03c43dc4a1f89cf80;0x3541aeb7;0xd69bd6b0L;0.500000;1503155701;1503155714
1;4048;8048;0xaac1c8af76d9bb225c8850121e85801a410844206cc8758ab6be11545ac98304;0xce3ee98c3f1f30be754aa60a8f40b3a7e88d380465de86c699ea1120f35d1982;0xfd787171;0x65de86c6L;0.500000;1503155715;1503155729
1;4048;8048;0x7225925b3426ac86854cdc08b5986c379d696b9e6a915d2a8ba0d54df774676a;0xaee20d4646c3e88be9295998d6d1b89a4363e87aa73f4eb0f1f33cff611f0109;0xaf0e6c53;0xa73f4eb0L;0.500000;1503155730;1503155743
1;4048;8048;0x1095562153945fb621856db79663a8e368ba0530aa0fc843409c3e08e8d5a8f8;0xb145104d8cc59335e28d5f1a90c4d72bcb06b533acb9e07e657bb888354bb9ba;0x0e5f75f3;0xacb9e07eL;0.500000;1503155744;1503155758
1;4048;8048;0xebfe0c06b3205c3fe15cc6169845fcfa8e58e80d0e87c82d109fe5af6db6ef59;0x13172b9c30bff65b75f8ac38fdfc3d63eb95febc0b38e66d2dfc7d196c9069a7;0xad5ffb9c;0xb38e66dL;0.500000;1503155759;1503155772
1;4048;8048;0xc68ea0b75079b2bec5be51a90a59b6560750794d926805b2f9ebeaca659af92b;0x0bd0a621b4ddf1eefae8277f57b28bba3f59d514891fd49912180ca48b1540de;0x35495397;0x891fd499L;0.500000;1503155773;1503155787
1;4048;8048;0xd812e6082abd0a75044d00da8910fd8121918d0a5b963e938b8394e53270160a;0xc61cac41ba106e2e74ab2555934c994b8486acffc59d9a658c07da45cd3ce508;0xbf01e4a9;0xc59d9a65L;0.500000;1503155788;1503155801
1;4048;8048;0x8af375106c572e96ec5dabbf5a39f8c04d6f68a969e1557fb2df0c13acd1db36;0x9aeefe1f0aa5a9691f878fb2cf85b55ae562b7989f24a62ab359144f5210897c;0x4da74a5d;0x9f24a62aL;0.500000;1503155802;1503155816
1;4048;8048;0x344f97e5b28425c944ed0a14f2fdf79062b35965fcb89e442537776ba3839cd7;0x889b5e28e34eb6574df613e1bc40fbbb0b5440a2ac1745d602bb35663862f18f;0xb9f9017c;0xac1745d6L;0.500000;1503155817;1503155831
1;4048;8048;0x8350fd7d030d3b027dc56e38a78804f74db4ab92f845730b7ed32ceb14a4c597;0x7a9c4b27c4579de5a888ee99eac9e563a879e20b544aed0562aaa16cd3ee350e;0xac69336b;0x544aed05L;0.500000;1503155832;1503155845
1;4048;8048;0xfa1dfda8a5267d51011ec9b6e7c1c9ec15ad7197cf15e6ae9b5931d59c901d96;0x42fddeee270eefedd5ceb0e54f01ef0a050be16433a5619f988f393d1e716b42;0x33e550f2;0x33a5619fL;0.500000;1503155846;1503155860
1;4048;8048;0xec0144567ec7d8409c47de79eba816fbcf82ae05d2e76d59c8ca318bb7621ba3;0x4c01001bd68054b057014010102f951997e724f88ef5b45b5e5134c7b98886f5;0x59e70728;0x8ef5b45bL;0.500000;1503155861;1503155874
0;4048;8048;0xdd221462eb2e6a57c243294f06394169dbdddef3b36ca6550f4c53d2a34b7280;0xbba3a7fd39de30f3d7f171f8ca9d7271d82b3079cc0d4122bec57786521e1dd6;0x81392a5f;0xffffffffL;0.500000;1503155875;1503155888
1;4048;8048;0x6fe6e12b17ddff30958457afc77728177b6df038573c7a7d85e229b411835180;0x51de382452304d16773fca9ea24afbbc5399a27c26d782f58780038c0958908b;0x44896fab;0x26d782f5L;0.500000;1503155890;1503155903
1;4048;8048;0x8e61c2ccbbef051bd7f875cc6eaef20fe619c92af6949d794fe9bfcdc4d08052;0xf897a01f3acc8952d738732df823c245ddb77e13878b7ce5d422c2f171e934b1;0x90a9c423;0x878b7ce5L;0.500000;1503155904;1503155918
1;4048;8048;0x22629c9998f1b92fdfbbe406bbb5c5cc69f1bfd7419c75127dc304e761c23a83;0xeac6da116541bf54cee15e231518b7f44cf3e9364015d2b63c91d23792d945ab;0xcb841279;0x4015d2b6L;0.500000;1503155919;1503155932
1;4048;8048;0xfe275645273e250e1c3a094bcb66bc9d129e9b64538a45e6e264ee8edf2984dd;0xbf2884d0311e8f303649aea391df7dbd499f26538e73e4181e2feb93d6f6a5b3;0x809129b4;0x8e73e418L;0.500000;1503155933;1503155947
