1;4048;8048;0xe1ea96c99c0cdeb8e64945b9238aba337c1e40b9ffe2c3eff20fdd210c9de7ee;0x2bccecd9a97f5798b45012aec97ee1a67ca656f0e6221e52bbfd48d9c2879364;0x39635704;0xe6221e52L;0.500000;1503203176;1503203191
1;4048;8048;0x3e4dc134adfb2837417149597aeb73538f029ac273e953c328113ea8d1e7a10f;0xbaac1f651c88e0aebabc9e83180401728b2e54c68afd60331fb3bb430efc28ab;0x061c0322;0x8afd6033L;0.500000;1503203192;1503203208
1;4048;8048;0xaa41d2a2b67880cbf6f044ce9fcc1e8ed95959c43119784a619f2fb1a2ae264c;0xb188fb0a229980037581a22192aaaaa55b292dc280ba5525c3e04f69d61e9b7c;0xbf4232fc;0x80ba5525L;0.500000;1503203209;1503203225
1;4048;8048;0x3f5ddb8cd26e895628cc9723d76cf5ef0dd4d8002b70cd00aca4c08d4ece528d;0xbb66c8d4a23e0bb5d07c3bef9058223d64d24055306a49c94f145108ad2c3450;0x511caf2c;0x306a49c9L;0.500000;1503203226;1503203241
0;4048;8048;0xa4a77391b2fa7622f7cf0f88d4ac0dbee4ee1a3731f7f9c7521cc865d9bd457e;0x47336406656ae12dcd02d50a025c8523db14d8683af8e2004808960f784b9926;0xf909945c;0x415f0a91L;0.500000;1503203243;1503203258
1;4048;8048;0x94fc9b54531655152456ce125859073f3ea997479bf10820c2d1f403a8bc323c;0x2ce4a544be151f7f2d7b29f39f556de3d3436d5263ddf85c517eb4634c41e6c4;0x12ebdb7e;0x63ddf85cL;0.500000;1503203259;1503203275
1;4048;8048;0xb538cfac76f114cb7a488c994cec054f74c978c8a3c9f55dc5de45d950883606;0x579a54a4b49e22f9c35dc917e8308383649aa7086b5b34d99ae7a682e4385c10;0xaf0f2e2c;0x6b5b34d9L;0.500000;1503203276;1503203292
1;4048;8048;0x263c63c36f894862f4d27c7a57a382e24b5931eac429b78f1a46757daf7ee6d6;0x61f4f964d3d9321dd6401ff3f9f59df61eb38de8dffdc5aea1c552d70c58b018;0x5398a3b8;0xdffdc5aeL;0.500000;1503203293;1503203309
1;4048;8048;0xec90929007390d77b93ea4a00950a5b2877077664cf57d69ff2d4096f07101dd;0x73086a6e0409ad5fac59cca3ad717986467d798221df9edf2395a02bc20cbf5f;0x2e62830c;0x21df9edfL;0.500000;1503203310;1503203325
1;4048;8048;0x8c80ed0e7ee708c64d4b92da9b54087253288147f7f09a4a7b541ed56eb93afa;0x07ede528cec6a3d804bdd6be8691270bdb6bf357a968e0aadd1c61105516821e;0xa58cfb16;0xa968e0aaL;0.500000;1503203326;1503203341
1;4048;8048;0xd4ccbb327dfa5e06fc2011c2e08b16ead9bb2b37a2004eec0677b946bc43d290;0x967eaf3f0e19fdc534e3d467f55ea65f09dae704dd8c935fd88c93ef165fd9db;0x504c7026;0xdd8c935fL;0.500000;1503203343;1503203358
1;4048;8048;0xd100ef50852fc4c0d2950cbd6fdac8b35778bb220e56d6cedf43d80eadb6e67e;0x64b9d2f0ca4135dd31d07274a1f48f78cef1e9844cf499c7ae31ad7642c988c7;0x4d9b2251;0x4cf499c7L;0.500000;1503203359;1503203374
1;4048;8048;0x1baee37f258d84c2adc62bb7a3477ab3d528f7067d6373c976b20a8d165aed31;0x8f433a4b035530fafd2a3458b53be124eba66a813c6d9b74b70ef63c019f593a;0x04fcd4a0;0x3c6d9b74L;0.500000;1503203375;1503203391
1;4048;8048;0x08a8a1783afa5f35d6c73ed290266bf27e2ced9c118736d55e57d553cc6fced4;0x2a672707492f406e49b227a2dbb36d6b29d5b98410d97b122938090162bc9f23;0x713eb601;0x10d97b12L;0.500000;1503203392;1503203407
1;4048;8048;0x9ba77c499fdf861fe3df080ca725160ff9ddb0cf55459051114aebcff1260f8d;0xdcba7966c53d0ee065df667160861d835a5164a95e69f5bf412f51f2d49458aa;0x8b7e5950;0x5e69f5bfL;0.500000;1503203408;1503203423
1;4048;8048;0xc62a15872ea6b0bd2857424e2ea83caffbbcb2137f48d61879273e4e16ffa6dc;0x7097d31cf87865d866085c5c720d5e49404cca7c493bb5f77e33f62ce1c2fddc;0x3b74e678;0x493bb5f7L;0.500000;1503203424;1503203439
0;4048;8048;0x61e90b5b1b7d42d228713351e92147e529739a6608603eca6316c9c8b923771a;0x9c11aa66c738aafa8a6d83aaae44a6bee5a3aa1f8ff68bfa0bcdb7ec350d5378;0xf5455839;0xffffffffL;0.500000;1503203440;1503203455
1;4048;8048;0xca4b6a97a2ada605c8926a5b62ad713868f7cfc9f90ce87d142d4c88fb4f23c5;0x45fc995f86b7c9fa73cd0f95a9c539a001aa39ae157f120cb5de0923662aa2e2;0xb70d2d28;0x157f120cL;0.500000;1503203456;1503203471
1;4048;8048;0x58483431c4a11ddc1f514a1662676e7cc1263b9d770487c7edb023db4bef7ca3;0x10b5cf110b99b8273586e2af1dc1e7281be1362e687a0417446604741ef382fa;0x3b1ba6db;0x687a0417L;0.500000;1503203472;1503203487
1;4048;8048;0x9949eb6965799af0ba5d1a96125229b815e3c0e493cd04821bebbd2cfdc45296;0x78d3809d84a18cb022dfedb795ec93d6be9db3c39a373747b9ef32464e87099c;0x64dcb121;0x9a373747L;0.500000;1503203488;1503203502
