1;4048;8048;0xe4d193d5230624f1f1f25890879ff64ee1ce0abc50f0ce6a851b2c6d5fe48b43;0xcad087a42cd10a8b7eb17f8dd001e8c342b5ed8dc95b825234e18f5df3a56b45;0x88d564d7;0xc95b8252L;0.500000;1503079359;1503079378
1;4048;8048;0x76c4d7e75db1b9d8d172077b5afb294ef19502ce6a204e960b1a306c0f3ddc85;0xd1f5e80b99199ed154fcd9a7665fd77f6e0b0da1c2243951bf13d474e2f31187;0x2ca15854;0xc2243951L;0.500000;1503079379;1503079397
1;4048;8048;0xdcb26c44da5d92e1f35f91347fe700901868939a6fdf6fa3e7b6a3eb395bab15;0xd3a81246f1101c4875cb4fa95dcd3a4566c11369717897face9df9ca51137a0d;0x24390e6b;0x717897faL;0.500000;1503079399;1503079416
1;4048;8048;0x4b996511d86354dad01b7d115131db97c099053986c5dd3a54b0e6a4633729ae;0x1f67d51178c6ecfaeaf5396e6bac5a50784c2876821dffd0d3b230234591a87d;0xfd14127e;0x821dffd0L;0.500000;1503079417;1503079436
1;4048;8048;0x060d72d22b115768c618dfe388a6160a96d5ec441d9041d2bd8383c15419d15a;0x988f6850b5030c11653a1dcd3a264030039b570bcea29216d89a5e9b50f26259;0x6ec4483a;0xcea29216L;0.500000;1503079437;1503079455
1;4048;8048;0xd1e48fd34ddfb583439762092c5afac7586e33a8c530509bff2c47fdfcdfefcd;0xfaaa0b9018d2bf12d672070fd031860a2cab7035d8a472ccc0eed7eb1c717626;0xaf8fbfc4;0xd8a472ccL;0.500000;1503079456;1503079475
1;4048;8048;0x77d7e2d0d43954ee86afd988054dfe2885f990669e9dcc9033bc677da1a22e18;0xa74555a2bcbe81c5f8f41c07b93d0ab52192877dc76b2bcf1e1eb69fafb6fc67;0xe3b126ab;0xc76b2bcfL;0.500000;1503079476;1503079494
1;4048;8048;0x31f69077ecb0d94dc7085f8ce94474b2e7a911a5022ad6d5917a4701f601f827;0xc1c9ed9de92e5d513dc8dbe3656ccefd5fe3e38e9e4409cce344b0ae61ea4bd6;0x1bfe41f7;0x9e4409ccL;0.500000;1503079495;1503079513
1;4048;8048;0xbe6276d93372add0dd9b39d88c708120dc3fc295e7221466619f1139c8525e87;0xa68170102988df43b6a3fdf99ac159ab8d4b83211851d04801a75dc86b3b0b54;0xfe702f6e;0x1851d048L;0.500000;1503079514;1503079532
1;4048;8048;0x8c62198a25b4c3b9c3a6011e062db0b471c308cf8de44bb959c50225238d46af;0x3da5a5411d077789ade2c8788723d25096686f3a5dc0de8afd30d2940dad4510;0x06c54530;0x5dc0de8aL;0.500000;1503079533;1503079552
1;4048;8048;0x870002b507ef409b961529f3ca4e83b0ebd7f67049e0ebabb99cf340b99e5040;0x77226f3cb29a41626734d3eac210c74cf6ec7288d93e24389e98bc67eca603b2;0x0c6907f8;0xd93e2438L;0.500000;1503079553;1503079570
1;4048;8048;0x04e04c0fb8541cba2dae62fae72770343c710af9824322f457d1920f759fd779;0x0a7a09c993a547a5d7b769e50c736eb0bbce96a2ea8f153424ad4396a50e0bc2;0x503aa363;0xea8f1534L;0.500000;1503079571;1503079590
1;4048;8048;0x34f817ee2f58fc09feb96537a96655ca9d828d0298ffd193ae4bba021fc39753;0xde129cc8d98de54cb26b9c77679f031ddb209869211ca5969337609035a4b64c;0xb3629913;0x211ca596L;0.500000;1503079591;1503079608
1;4048;8048;0xd6f61e41dd853c6a479e576ce54bda8c91e1e892107c8f30a3489af7cf77e4a5;0xb4f7b485745cf9a8205b07e93885cfff79baa250b354847c06c18af09c0a89b6;0xec9f381f;0xb354847cL;0.500000;1503079609;1503079626
1;4048;8048;0xc444fc0530bdf70768a819fbb1ad5cb19b4eafe29c6b1e32a5e9d3438056d544;0x5238bb5f99de2dfe1e0c7b4779d0d5aa01e851fcffbc885dd96f760ba6235e4f;0xfe0c1693;0xffbc885dL;0.500000;1503079627;1503079643
1;4048;8048;0xb8999640aae26c9bddb9d9c88ca495a26e8b666c8a7f5ae3b051dc06a4be555c;0x6339fe9bb4582e3325c6eb83c1e0aa2730975e30ce9c5198a5e3f3af1aaddd4d;0x3098560f;0xce9c5198L;0.500000;1503079644;1503079660
1;4048;8048;0x5ff8c7104cd7b4a0c976d8bd5f3d42ca92265116bf239378fc25b0053d306f9d;0x54e5cb9ec78e0646b792faff7cae55676f2acbca3f2adb496a9a28122c346630;0x640e2c61;0x3f2adb49L;0.500000;1503079661;1503079677
1;4048;8048;0xc8f338cdd78d1bf0995163ca1d1ba091cdf87b1b7dce365620922dbe16dbd4de;0xcbf8c2eeddab14b1f117131f33687bef8aa5c8524fb6872997fbfa87c4eb6ab0;0x3a1437aa;0x4fb68729L;0.500000;1503079679;1503079695
1;4048;8048;0x115e724ba39964a5aa479964d66a9a2b2abff736a7dacb56093916ec167d4127;0xde6847659214e25e76370dbb9727735eaae68b338d955a0f8742be07473f7afb;0xf2e947c2;0x8d955a0fL;0.500000;1503079696;1503079713
1;4048;8048;0xf2a164eb04d8b2ead089e76343677647880a0ad709a94d65707435a2940de286;0xc93180a7f1340104cb49285f7b1abdcca6c87dbe16110c162dae5665ed14ac12;0x683611ab;0x16110c16L;0.500000;1503079714;1503079731
