0;4048;8048;0x64d6db5c0a9019904d306819ee8c014430aa1b4b2228eb0c00586edfb52f471a;0xcacfb2b82d35ddffbb95bdc556a5b24f392cb230eae5eb10a95e032d5f8278c7;0x5b3ddabe;0x10500eaaL;0.500000;1503080828;1503080845
1;4048;8048;0x3767038da37e47fa9d05d1e48e6bc29c62f964effbf34a1c4e4b4a1a6ee4dba5;0xa34056466284a6687f0a416711342050ebc09c09d4de850f866151095266efd3;0xa0af630a;0xd4de850fL;0.500000;1503080846;1503080864
1;4048;8048;0x9110c2077c4376ec74ec0b4deedb134b53b43753e2a30b9b32cc1d0dc59cef56;0x335d1e78054169e3ee112b16808196b255f3866e5de625ea8c577d1f2100e7a7;0xcecfdbfd;0x5de625eaL;0.500000;1503080865;1503080883
1;4048;8048;0x94bea1c20e9252c9d18a37e78b2a5f6c095b3d1d90f4db0e5cbf98404974f9dd;0x7e7129c66ceb30bcb2cb68118d2855b0c35789461aafe03f98926f58b6fbc9f5;0xac1f7760;0x1aafe03fL;0.500000;1503080884;1503080902
1;4048;8048;0x10a5aaa9ca0aa9a9a67c80b28735ac49c0fcf0dab61d369a74d390a4ae2691bf;0x0b20735cbd316684b9c229771ac76f84332742ac14971077408a40e7e041d8d3;0xea46b8cd;0x14971077L;0.500000;1503080903;1503080920
0;4048;8048;0xcc94d94be82ba05a1606128c02a61ad3527ec89d1d3890e3d667b956db3eaba7;0xf90ba723c23de012a744a4d2eef645a81174a908b1eff948ad3837bbd54addda;0x90554566;0x22291501L;0.500000;1503080922;1503080938
1;4048;8048;0x6563abfa547b1712c5c69f3d49beabfaa7f4bb2a0e82d6209eb80d99ef7eaa54;0xce4ff24a5da0b3ad56e5d5eeb1d1fecfa59821f557f96234557a58ed547e3ab9;0x11350bde;0x57f96234L;0.500000;1503080939;1503080957
1;4048;8048;0xc60f788986c6e955a1e0f8fd1e7be107fc6eca5eeb29f5273cb22fe29494725a;0x07efb0068b19105016bc0191ef9fc9a9cdfa006437725146cc0ca6aed3fc5643;0x7eab91d0;0x37725146L;0.500000;1503080959;1503080978
1;4048;8048;0xf35c8c75edcb9f5c43cb9b1b4975d99cf77d4c816e137ecd84acc0d1295a451c;0xdec48c2bc1cae9c5995a441573c14c5896277422fb41b674f8943c1615b83ffd;0x7083f43e;0xfb41b674L;0.500000;1503080979;1503081000
0;4048;8048;0x55659ac397b5e5aff8121fc92b91091a15232346cc0262c042f12490bd281212;0x5b33735e2793b71e1635dcae7e6282bdd257c127d1ecab20f4fb31681ddce066;0xe5a7477b;0xef451081L;0.500000;1503081001;1503081021
1;4048;8048;0x100c55f54d9864fb1c5d1a71f12971ca0c3188d2dc57dfab19a4922b6f802f7f;0x76ee6b92f99148482f7d4bd91c18b29618d8c5e7198584b4a047f7fd417cc8e8;0x89713abf;0x198584b4L;0.500000;1503081022;1503081043
0;4048;8048;0x9ec2fd693087fb3aeab9b8ab5bc2736d8818ed9fca0918db34ea4f639d6c313b;0xf4b7d6cb8597fa26d2a2cc0b0f19f67411a4c2629e276784f3b6ee2a5d346f0f;0xa85aa348;0xaa082885L;0.500000;1503081044;1503081064
1;4048;8048;0x15a6d00e6b98a688f6918a0d8d552202982148f7cbb2d39f880e3c79a66655bb;0x7ad33a1d2b225cbea28ac0d612a4a8f44417580439d1f0fabd05304438926620;0x4e62e3a1;0x39d1f0faL;0.500000;1503081065;1503081086
1;4048;8048;0xeddecf016e3a9cd0ed693fcbc96e71f9fec0f53350e5f218c345e294e866fcd5;0xf7973bafa7f3c03c0e9f0ae2b22044bd3cb67dd39699a3b61836d3e25be9083f;0x60af822f;0x9699a3b6L;0.500000;1503081087;1503081107
1;4048;8048;0x40dd4f8b4dcdb3151766d97daf98b339a7868811d7f141f9e00cce75cfc1670f;0x83624dd10514d0086e3954d4deb4238dcf299bd590b31ed88975b8415d1f01dc;0xd96715ff;0x90b31ed8L;0.500000;1503081108;1503081129
1;4048;8048;0x775464409c70ac5ecad150c85fcd30d8a0edaf47bd982d932833fc275b2b23d2;0x3dfc1b3c462db0f40b4c1b51348e45e7046cf11638619c4329c8d8deb8fc5ad2;0x7210d88c;0x38619c43L;0.500000;1503081130;1503081148
1;4048;8048;0xc5e0d41677b11db3c33e2db122717950a6764b7da45234ca5b2d66a15ad5e720;0xb7dfd28581f43f214c0e9ad998b187c14f7373e35b2248f2619609a33862b39f;0x2f80fe1f;0x5b2248f2L;0.500000;1503081150;1503081167
0;4048;8048;0x6424c07551dc9f19d45447b850de199bebbff89d1e9e89d9ec94e7b14baa2faf;0xa8427f2510ea3f6aead6623de3e37a3a98abc9f1000f629ae0168a0d8f5a4356;0xdfb8f81c;0xa00f629aL;0.500000;1503081169;1503081186
1;4048;8048;0x3efa7c855b501331471ac121a65ff4e8627a7ac13860e66d36bea7c6c3d8c402;0x8235e34bc82300bd2de40f12fd3c50ccf0b2eb8251ac1601450867c7a42a95de;0x5f45e846;0x51ac1601L;0.500000;1503081187;1503081205
1;4048;8048;0x5dcba9ab5cafe05e7b59f8745dcc69e308f9801f8e056d059e49c0584d0d2eab;0x5ec586615d485d00a64fed73ebd22ddca7e5d71c87bc185319df23c1dc446754;0x226dad72;0x87bc1853L;0.500000;1503081206;1503081224
