1;4048;8048;0xacbe0c2ccd33feff7f99c54501320913021eb47597d38565e0a79573d7cf7e84;0x785c67671f3d78b43f48b4bdf0760ad5ddc06746675955260460cc7c8b51c8c9;0x26dbe09e;0x67595526L;0.500000;1503085302;1503085322
1;4048;8048;0x8714a4bb1f65108020de0818a2796a04910cb489e24219886abe8089d7c2bc5e;0x12f817df8b34bba5b080875ccba3c12eed51c48ade91dcbef280de92daade8ec;0x0dd49f7a;0xde91dcbeL;0.500000;1503085324;1503085344
1;4048;8048;0xfe951b3aca47219d8469c2b99e38b70747d3285b9d90fb5661916dde9293ae90;0xffa03c4311f93444d7066d6f05ce204c61937656e0c13ac52b92bace6b8709b5;0x738448a0;0xe0c13ac5L;0.500000;1503085345;1503085366
1;4048;8048;0x5d4e1ad50ee4e8661588c8d3ac735fc3eb9e6e8f2a8ffd3289f88c7a4cbce2a9;0x9cb665d67f959cc2d1d63967496927f34e4736ffa0c3aad59f957050e59c301c;0xbb456e23;0xa0c3aad5L;0.500000;1503085367;1503085389
1;4048;8048;0x54de267e0cf37e710c19560a046ce5441cc40570235561bc93c5473e9b651bef;0x3e4e5092972c8c6332559da7d8f807a4922d01b7f2e09cd500cae040655fda36;0x39071512;0xf2e09cd5L;0.500000;1503085390;1503085410
1;4048;8048;0x8ef68502c312981b85c88b70bac4c606145319fd678394ca70c8886a2fadffbd;0xd20c8eb3d9ac80b8b04ec541696129c530f91acc4604d3e6c1f27d39c8eec0c6;0xe24405a3;0x4604d3e6L;0.500000;1503085411;1503085432
0;4048;8048;0x643da1b16b029d42f77afa1bba84b69ecf1aa2fd3ef095e07ffa8266e602e14a;0x211c1fd3c4ce6f42b75e88894f59c7a014f63dbbbe3b1d051a0548d9d10a382e;0x51f760c2;0xa5ea1455L;0.500000;1503085433;1503085453
1;4048;8048;0x63ddafe7b34135d72e2120554aae9aadb58f866ff8983071c7cc7ed3f6aa0e59;0xfbc244657629d197e878cbc1185c26b947e1175db31e713d0b8c8fb6a485d925;0x60597958;0xb31e713dL;0.500000;1503085454;1503085474
1;4048;8048;0x7e650e8a630b57ff9658c18d17fb10ad2c42fe79f2d0b3eb61bdef0dcad9be49;0xc07f11808855cd53b06199d32dd9b5ce243b13c80ddf0c9859e18ab7aba289e9;0x9025d17f;0xddf0c98L;0.500000;1503085475;1503085495
1;4048;8048;0x0317b33e78850cd7ab7674e13f5150d7205d41c0291af3f6342be602320db336;0xf1b46d09a20444d3ff6345c3dfa501bcf9f50933839a438fdab8067cb5d4eb06;0x8f139566;0x839a438fL;0.500000;1503085496;1503085517
1;4048;8048;0x68c71f4fb72f55121e32ad36531afdc320a3c32c9fb4bb3241af609843876bab;0x4ac0b97566a37331042a517920817a7174b6f7646e13b915565ba25091f1a539;0x60ff851e;0x6e13b915L;0.500000;1503085518;1503085539
1;4048;8048;0xacdbb5ee33d8650d4d292ff9e76e3daef49d3d755e12560625cfa4d07e81ce2a;0xc517e5bff358960e92c2a69572be673d51f4524b7d17dd95d4e09fbd01641f79;0xb707f731;0x7d17dd95L;0.500000;1503085540;1503085561
1;4048;8048;0xf165ce14758afbd4be11a2d3bad7781aa14f25a84d09ad7bb890f7111c23010d;0x6a63956602c86b572658d573c4fdd3e829795161f9e5f1567d1aa67d423ea452;0x16554641;0xf9e5f156L;0.500000;1503085562;1503085582
1;4048;8048;0xd4df4ccfb18082ca3aa12402114d9479d4bf6d0eeb8f0c0f3b44524e206f60f5;0x1b608a81ab3f6587a20286595fa24a251fa2aace4e04eaa800e5274db9de6b22;0xbb966434;0x4e04eaa8L;0.500000;1503085583;1503085603
1;4048;8048;0xfa20cfadbdf60d62f63a267f80c3c524ef1e40f9650ae209a3e1418919b29c13;0x8597bbc4205f5ca279f234494555684d811718af7eac56ce5aafb9006c7b0c50;0x2a2a16b7;0x7eac56ceL;0.500000;1503085604;1503085624
1;4048;8048;0xa189946a447348e438f9ac36eb600122c23c01f919f14bba974f82228160a622;0xecb80fac6bd432cf6e4182b1c7afccaaa1e261112ea23f1065f71841eadf7b5b;0x27a4215b;0x2ea23f10L;0.500000;1503085625;1503085646
1;4048;8048;0x7e06d24109848051ffccb83ec8566554d42beae60867ce68f61c1a03e080875f;0x25de25001a83902a2d353ad9cd1c500af93c9cb26f7b452d70b6f168f05b71b5;0x60959352;0x6f7b452dL;0.500000;1503085647;1503085667
0;4048;8048;0x5aa4fc42b1ab9e80b8b541ba1c1fbd708cb468787a1f7913ef70280522dde57c;0xa3192246dfd05a2094abd8c6cc116e465f192cbff656af768b9a732097358efe;0x96541604;0xffffffffL;0.500000;1503085668;1503085687
1;4048;8048;0xb853ac3e7a57d4288a9394b642a7576b1c197ca48563aa285e5c58d0cefda986;0x6cc275474be2a5edd12a72e5cebfc34076429caa9ad62390638c8b59ac6cda0f;0x209ea492;0x9ad62390L;0.500000;1503085688;1503085707
1;4048;8048;0xa9ce21df35b5faad6b4cc9f0c02e38b23e0a90b9b193301c7988b11f4a5f8bf3;0x5b57097dd49f4ab74cad98ad669b974311b1e1cba2e70f5df08bdf00b31958b9;0xa422bbcd;0xa2e70f5dL;0.500000;1503085708;1503085727
