1;4048;8048;0x2f19e6d7acc0700aa44b23380234675bb85f4b32216c88c4ca5624d5a79265d7;0x61906fa2fe2f61d4a7cb713eac09f1ca840ddc96947be119dd31424422a98c53;0x109c7bc6;0x947be119L;0.500000;1503106891;1503106908
1;4048;8048;0x9de9b948bb2d5a1fb17976814f67d540689137c6ed28ae59b1954b78008bb09d;0xc12f8f371ec08d8cd28d75ba876799b2a5fa84ed69b3ecbfc0d66821f05e1a78;0x6b005a4e;0x69b3ecbfL;0.500000;1503106909;1503106927
1;4048;8048;0xb92b4dd60bb61ba304d11f2c3a7e0aca1aaf3851a2acb345a5f7ab81186627d1;0xe0fdfe3dbf0ec2859a8b6ed81871e516e8d51a558507d9b7c6b490950d66b85d;0x4da9e4c8;0x8507d9b7L;0.500000;1503106928;1503106945
1;4048;8048;0xc2b5a2a5f7fc0cbed7c3f5ea8da99814d972ff9f4fd6ecc5dffd929491caa953;0x16255f56d3735fd262c1390b32e2113427ce83b614fca58edbbec36cc884b8ca;0x3125c2fd;0x14fca58eL;0.500000;1503106946;1503106963
1;4048;8048;0x88a9300124c8207fa33d949182b264538c87d89bd258e86aad2a9cc1d02ce958;0x948f88c58058773f4e4db4555f18d0fcb0e76476dd37fd3138d3050870264cd6;0x728f9bcb;0xdd37fd31L;0.500000;1503106964;1503106982
1;4048;8048;0x5865b11e2fb5968dd112c85c0079b7f30cbd4c65e6ed3a6188b76cd2e5cb813d;0xf1e08469052a3e0af8fdf63220e4a8c2147cb193120bd96ecd0b0ec020f3e0b4;0x7cf56468;0x120bd96eL;0.500000;1503106983;1503107000
1;4048;8048;0x8c838c359fc89295baec764f8632f933306788d5ce557ec534a2640b4c0882d8;0xd995187c2b199f5bc40200ce397c8c0533acd72960e97d5c61e41a556b26a727;0xa61c867a;0x60e97d5cL;0.500000;1503107001;1503107018
0;4048;8048;0x6f96817972c9e33c9e7ea5af0d2342194640421b2b23460334d028453f68ebae;0xe4f26b65ec017719cf821f6db307fe0babd1bd41ed1a7d039189c962e33a12a8;0x25215b7a;0x2f411445L;0.500000;1503107019;1503107035
0;4048;8048;0x3046c1a0bbc6409a354db6007d8456cd37959a0d9559dbdf20d7c6acbd8888ed;0xa23c203b71a75e5716e49d5e248d9576609e4c1122005213d312fb9cdad05a4a;0x58e3dfc8;0x68225213L;0.500000;1503107036;1503107053
1;4048;8048;0x425678b3a232ee1040c592600239545cfdfa9ff812eeb1b24f323140b728edf9;0x7e49b8d2548242cd275ef096d5aab5643416e15ffb3becb85cbcc2b8f115ffea;0x08a188fd;0xfb3becb8L;0.500000;1503107054;1503107070
1;4048;8048;0xa60a594fde966e4cff7aaa032468f87c2c9f5b61f95ba65c726e2e15ad63f754;0xbe765498afae27785856f317b412294460226a44cf9edc173a4d620695e0ee41;0x7af415b3;0xcf9edc17L;0.500000;1503107072;1503107088
0;4048;8048;0x3e9b8aa7ea2e1d30e503375e6884f58655592082dc1331b27234224767a3f9a6;0x31de86130e3a185e8c7b14854994c268432c4cab2dbf4d30d76b89d608ae26bc;0x8eeaa4e2;0x4a241aaaL;0.500000;1503107089;1503107105
1;4048;8048;0x5e1a93092e87a2394c2fe1942e3650d2676cf46c739fae70c71f73bc724f53d0;0x2740cf12c0a218f0fd5af47c0c40884c02dc1ca85d1f839e6ec818c6ff82e4e9;0x092e953f;0x5d1f839eL;0.500000;1503107106;1503107123
1;4048;8048;0x08f1ede88c72500bc998dd0dffbafa92ff71caf1eda9f8eae9dbf9b8b1c079b9;0x65fc6d898aaef3b7ada78aaa23012080ef9c5d54a72f2f7d8f828c4bda7ce087;0xfb22c607;0xa72f2f7dL;0.500000;1503107124;1503107140
1;4048;8048;0x0d82cb71fca704f670280e6aaae369e82922494b21b3f891eb6ceb3d1ea3ec2b;0x80eb84bdcc241be3efe3df746e8c8bae3ae88db599e8b6f8636f2da60e106fe2;0xc09469e6;0x99e8b6f8L;0.500000;1503107141;1503107157
1;4048;8048;0x3aaa7eadf876c29b9da7e3687d8de36d7a8978194c2464df0652c6e708a5d042;0x3f731c6ef1f838c26d35e544db75203287475dd624cbfb6e6611a188a65c8e23;0x909dd5e8;0x24cbfb6eL;0.500000;1503107158;1503107174
1;4048;8048;0x283deb005248be342c17c7d6e6f55e17a7aa0291f7ff5922ac3fa40b0088c828;0x3e48ce8ff07a2699299d9657801349adc10444007dcbf62553fd625b56ae9a1c;0xee706207;0x7dcbf625L;0.500000;1503107175;1503107191
1;4048;8048;0x21447793d54ca976717d76141d4a0bd21149fb92da9cce69ee531e48c1641be2;0xa4ab8dad5fc53f3b8ea0f0b5c2e601284167bb1cc5f24fbe5419b6605ada9015;0x942f0b64;0xc5f24fbeL;0.500000;1503107192;1503107208
1;4048;8048;0xed000c3f997473425afad18ce54fe7be06dbdef45543d3b5c6c6febcd308fbc0;0x55b2685c80f9ff643a3dadbe4c81f5acc0afb392e6bc1a9b936149e1216153be;0xa65b40a1;0xe6bc1a9bL;0.500000;1503107209;1503107225
1;4048;8048;0xeb875cd828d3554374c0dd58cab156387f174773101dfcf01ed790672596e510;0x45f73eace00be8541b3e034276a563aacf67d1032f80e317a79aed062908ec2a;0x37d8fb22;0x2f80e317L;0.500000;1503107226;1503107242
