1;4048;8048;0xa180cda30c153c6ae4717fd353fd9faaac14b0e34d06358335aea7f2e9e0808a;0x6a7f8f2ce340607c1903554101071eb4a07e3996b6321445a87c2a87e4631db8;0x26689bc6;0xb6321445L;0.500000;1503241190;1503241204
1;4048;8048;0xf04e19a32ba8a50229ed1f72e741358c68da629c798d7ad0e2290a54a57c4695;0x2a3b052df4b52cd87874461d161e8b17860e5cdfa35b23c3572f11281b1d5c59;0x1399254f;0xa35b23c3L;0.500000;1503241205;1503241219
1;4048;8048;0xf422811c70aa6509a6f19fb89c7aa33a5903541c45e3d754e72ef89933663627;0x2db1afe9168c09355afba4e0dd09ca64d2f01108530442a0983348d2e8c0ee69;0xffa78102;0x530442a0L;0.500000;1503241220;1503241234
1;4048;8048;0x2fc1aa21e96f134e4c4ef6b412dfb5fd8f60b121b239df165e06376bd3e4d002;0x2ba905ce18ace4b6ed53cdec2e52cfddaaf074e298183e134d00c7408e1e6777;0x0c7e3c99;0x98183e13L;0.500000;1503241235;1503241249
1;4048;8048;0x5686609ee4c8a84b44f01d0bdf1a80bdd9db5f17e57201ef9b79d339170d9b6d;0xd00cf19c3769a7090bd4ebb516e265ae8e09d260ea2bbfeb5d9bc1f4c9099649;0xb1f03009;0xea2bbfebL;0.500000;1503241250;1503241265
1;4048;8048;0xb2b8f24d605eaccdffab3c13494298e9968191a82f261def2eff3f85873db039;0xf147ffc2f0a87f304b8b8ce1cbfe826c79d10327049973a51ff18e54559dfaeb;0xb063a788;0x49973a5L;0.500000;1503241266;1503241279
1;4048;8048;0xf1322e7398149ce5a7487865f6fdc288bd6310cf5f1f5527a87c63a233ff9124;0xcac5a1c37851145db7e26f30e509751fe910110fa1fc9a759020ca00f487c1ad;0x7e94b0fc;0xa1fc9a75L;0.500000;1503241280;1503241294
1;4048;8048;0x140f2fa07c8cf125040588f5d2127a539d3359a4ebfce934cf0edb6d14402728;0x5f674d5cf82bbd3c12a54d4181e010cab15680f5feaab8496ca1ff659eb26009;0x411398ed;0xfeaab849L;0.500000;1503241295;1503241309
1;4048;8048;0x6e9a72c8276d209868c08cdc1a705c5ea2982becf35b0ea5f849dbe659d70fc8;0x8921f80cdb83767f2311a348dace08d468cec1306e1f686fcdc4a8750ee332b6;0xbf4a859b;0x6e1f686fL;0.500000;1503241310;1503241324
1;4048;8048;0xf8838d6721cdc2ae3163f4d35b6c14a72661af32c385d74c956ec5a58d06d986;0xd9129eb1c6eef85a8d5f3428dfcd2a2f6596fa4fa071ff2b920e94563be7966d;0xef9292a4;0xa071ff2bL;0.500000;1503241325;1503241338
1;4048;8048;0xa14dde94e17e034f9bd6457274fe279254cb01aae34384f260c4f6b4cd14556e;0x83fa88bf1a4a1c59ddf37a73a1a3fd3cb022d4aca83aece59e91c2405f2f8e1e;0x86aa5dea;0xa83aece5L;0.500000;1503241339;1503241353
1;4048;8048;0xe3e539d8e8e2455b7eda742eb421f94c59ec5bf03c061fb0b58edda1374fd81a;0x64063881ebc8106492e4643fd326ec85a8c370ce9d6d0ff29077578af9c30b23;0x1790b576;0x9d6d0ff2L;0.500000;1503241354;1503241367
1;4048;8048;0x9ed0d6f347a5fc62f194bec1d94e0f6539b42d1ba6f27065645254f786f52f24;0x3c1af9b93d81d6bcc592fb8e6966a2353dcf887b212b79bfda3bc352fbffdb8c;0x261a10ad;0x212b79bfL;0.500000;1503241368;1503241382
1;4048;8048;0xd7e7bd859310892acdcd6620e83e6255cb2db65e263a426b213fad5f2b5f2103;0x261c010f03b475cd07861a2ac8d62ade5164bfa7d28bf49624d1a77bfc1eedc1;0x8f2b3ff8;0xd28bf496L;0.500000;1503241383;1503241397
1;4048;8048;0x09b87ae1f6a6a7d8022009a8df37f237bb36c1b351544f9dcd34d3aa1f2a4128;0x2683c9c44338aa30953f18a028b545b413374b5f21feda361cfa4897e054f94b;0xbce887c6;0x21feda36L;0.500000;1503241398;1503241412
1;4048;8048;0xbf3af48e7557b0bc6bff6f212e2713e5372d06b35e2330123bd211d5d2881691;0xe5b394939ed8f61cf6913cc1252b3ed0112940861aef747c030335c1f0d2fe01;0xe1af6600;0x1aef747cL;0.500000;1503241413;1503241427
1;4048;8048;0xf2daa1c56741fe8b34e43593a261addba92e77dd53c60cb4b430def161806d54;0xdc262837afb8335180c8d4437773e800ae794e80bf93cb2e21d8dc072b7362fe;0x0b9ad6e1;0xbf93cb2eL;0.500000;1503241428;1503241441
0;4048;8048;0x346dca1b3adf8bdb4d104c7d53e18a66aa96deb9d49a8310c2eff9fdfc6b5930;0x4243ebbe85930bf280bd9e1ed8a0a21355d93439560ca9001d96ec1aefcd85c1;0x1d4e60b7;0xbd0104a4L;0.500000;1503241442;1503241456
1;4048;8048;0xbc8c30564c30d8d542bbed140e469c116bd63cdbbc190330c98af8f0ef6048ab;0x49eba4087610486c8b58637e0cd10141054ac58e69f0de72f21164442a820904;0x8d15622a;0x69f0de72L;0.500000;1503241457;1503241470
1;4048;8048;0x2e1244b93eca9d36c176939d1d533a4fdeef317bdffb461566761bca7f750cad;0x3ddaf5f98f7665962cc3d9ec673b9df26043c8a3736cffd08ed04f23f7df0e52;0xe1436455;0x736cffd0L;0.500000;1503241471;1503241485
