1;4048;8048;0x617efd93e292b7f57044100c4cec0b41b164054ac47a35b1acc09ba9971cbef9;0x4f611d61a0d987f683f36ce73a658524c71315d2e87461983abb4dc7ceedaf9c;0x82fe701f;0xe8746198L;0.500000;1503243556;1503243569
1;4048;8048;0xdef1286cabc6718d0195be775d3e91785bd45fe82c79cedcfb0978258479fd63;0x962cfdff57f119acb68ad194c0ae97bd795811201388dcc00d5468c7e7b3bf41;0x492d431a;0x1388dcc0L;0.500000;1503243570;1503243584
1;4048;8048;0x36d2fedc06790340de079f764eac81fd90bfc3d1879f4ecc60f2df25a4adf3da;0xb167e4323c4f03ac6ec05dba6da1454bdf9fc0909408ec8a91b86a8504db242e;0x7a1402e0;0x9408ec8aL;0.500000;1503243585;1503243598
0;4048;8048;0xa1cb2b7142c82e742d09e6e911a0c7af54fa35395db3b654326c155d5b124dfd;0x812932137fe5dc3e9014cdaaa185767706b56b9fe53ae92ad6b911a610abf4c0;0x7cbe6a02;0xffffff94L;0.500000;1503243599;1503243613
1;4048;8048;0xcf21547ee97d69dfba8c8a6d8d67875c12abe73cbb3e1ddef6b55fc4a5e6c774;0xf6ca08518443be55e7561cb824bacdcbba04a4d7d5f9b2fc5382a78a2724b690;0x017ec3de;0xd5f9b2fcL;0.500000;1503243614;1503243627
1;4048;8048;0x3b86924596eb47565ee78b78e0ac1c61b6b43401f2bca819975a97196c974ba8;0xe247f26fb60337a3451e876317e0d29f9c8413f483d329696296dd043fe1984e;0x53e70fc9;0x83d32969L;0.500000;1503243628;1503243642
1;4048;8048;0x0d3728d324c0dde971971141f6495f03c8d978063b14a6c56f928df72234eb2f;0x804abf086ac140cbc50c7ea5f3b3d510515e801c2418e3b1630a580c1a69b667;0x5c9c1e07;0x2418e3b1L;0.500000;1503243643;1503243656
1;4048;8048;0x46cbc7ccabc271dbc09f0137c571fe51b140d54b0e7f5a946fcdad74cef90e14;0x85c2984c858aa3941d8c2434ea94a44f4bc0bbe26133bff7e4df6fac04037c7d;0x40e937e0;0x6133bff7L;0.500000;1503243657;1503243671
1;4048;8048;0x4280f78ed4c086a9224066c9df6fde71692b407b965f67f9205d07a120a0a563;0xb13474c940d853220f51763fca21a59c96ba18a2e1ff368100eb4a2db4600ab2;0x3ae9fb41;0xe1ff3681L;0.500000;1503243672;1503243686
1;4048;8048;0xc047f6a50770098e12facb3ff78b6209f50b2e0332ccead050b86ecb276e73e8;0x721a3cf3d687ff7b2ec1b7b2b16c5698ddb228c036ead81943cf0901f274c17d;0x0e67189e;0x36ead819L;0.500000;1503243687;1503243700
1;4048;8048;0x31c59644449ed40f945aab4e4fee2c15242c3ef3d1beeb902f979f5648b20279;0x2091b3f4b584db27b22296122690c97532b4702313bb6dc1d9936c52d0ef9241;0xc1c1c501;0x13bb6dc1L;0.500000;1503243701;1503243715
1;4048;8048;0x3965771faaa11cd2bc0780aff84234c08ccb1e40e062f4f03991a6bd73f5b9ac;0x29fd8966bc1d903c350406a410019aa1affb22b642d0609f606a220096d7de65;0x8e2d774c;0x42d0609fL;0.500000;1503243716;1503243729
1;4048;8048;0x21df530a46db37aa01a3120756bd594a1bcf9868526fe593a1d46d642b14984d;0x9568f3ffeefb221da1ba7ad6ac4a552c6ae2b255d550b95fdf3a0f56c595602d;0x4bd84946;0xd550b95fL;0.500000;1503243730;1503243744
1;4048;8048;0x3a9fe4b1afd1fee64c4cc7932ac6eb38493d6f2cfa18d4c7566c6a5cfb140d35;0x70fef5240b55dcc32777da0c8b113f4f389043abe22f9335026d4d90d6720983;0xcd0dcee6;0xe22f9335L;0.500000;1503243745;1503243758
1;4048;8048;0xfbe22cec73e1df4e6b6a70476ac322d1dc1128250a3a63bf70739bcbc9d50dc4;0x7fcf830b32d6d19fc24bf0b0c0fa5585e978c96043e97b0f7f374f9c38448446;0xe61a7fc2;0x43e97b0fL;0.500000;1503243759;1503243772
0;4048;8048;0xa192c6ddb3632ca74e24b7f2150e184a80a6e73447b24efa18e2d7a334ca40d6;0x61c4efb36999e23231e791130639c6436395fb84b61356022a09426e28778448;0x411aedaa;0x12213f44L;0.500000;1503243773;1503243786
1;4048;8048;0xcf813585f6db98670095379736e0ece37d74bc93bff1fba71c8111790368e1d2;0x2ffcb7490c0df12d2075dffdc103ee486d5716fc17445a09e0ca72cf4bdf35d2;0x99e96004;0x17445a09L;0.500000;1503243787;1503243801
1;4048;8048;0x9d17272fceb012f992ebe58645e1a4da8b1006842ca0edbd141dbdfe72c9af0f;0x23121e05e2f00fdf8c32ff33620d471179fd6d291daea8bdbb198dc8b4f66836;0x91ab9f5c;0x1daea8bdL;0.500000;1503243802;1503243815
1;4048;8048;0x62415ef9bf485587b28b5e5268c2cd368c342af0d192eaf3b8da5d2d357a0f97;0xe8e42187561c5a6afcbc3ae5be5940bd772411241b3a53501888b11cec52e381;0x71e0ab2e;0x1b3a5350L;0.500000;1503243816;1503243830
1;4048;8048;0x7c5adfcd52256dc47c12fa38b7c76d5f228a68f4c9654133e8d5a8a0bd77f53a;0x671e19bde40cceac315da7cf3b10b8a7658f79f03113a6b1069d5f6321d27d49;0xbf9647ce;0x3113a6b1L;0.500000;1503243831;1503243845
