1;4048;8048;0x0230e5bc90ff7030935988ba8c5772cdecc2ee544c84c4076bbb2b85f69a63f9;0xd379a42dcda2ac22b477019fbd88f78171ca225e1b2bb5addf6e24de1c24c986;0xd4f55c9f;0x1b2bb5adL;0.500000;1503245916;1503245930
1;4048;8048;0x68ec36407b5c7c3237b072260e6898913ffeee7da74ca6d651c9bb2e6ca6c9d4;0x91b8f2d6fbb5adfd944dd92bc21e5bca2fee96bf031f25f07fad1800492f2e5a;0xbad982c1;0x31f25f0L;0.500000;1503245931;1503245946
1;4048;8048;0x1dfa424033f67ff215b6e345b028723d1a2aa8d7a67f42d807792f5687d4aaa5;0xcccd1c07146ec4a74ea7aaa19f4c754bfbec5ae75a83712849d2835b6a94cfc7;0x3cef8fb4;0x5a837128L;0.500000;1503245947;1503245962
1;4048;8048;0xffcd825f7ed859a7e595f298b29d57bb37f9b9ecd6399a322f67dc785e35d75d;0x02ddef7416ae3f40f4f85303a44454f40bd0fb989d9b976c250e04f7f9286f68;0x64a52c63;0x9d9b976cL;0.500000;1503245963;1503245978
1;4048;8048;0x0e4d58efc84ef1c13d5de05141029ee5e7c935bc961ef1499f5ba6496cb1e07a;0xc19f0620de583d9e155aa61c86dbf619abebcdc207f406705a4797a6918b26a9;0x6f159fc0;0x7f40670L;0.500000;1503245979;1503245993
1;4048;8048;0xd896e2c62efee512e3832c13064029c0a35ccc90dae2be4c65b887396b36df43;0xae0d07dc21e0356ff21c24234ddb42d7c2bf00e73b61a7d103ff68428e71344b;0xb0cfa4a6;0x3b61a7d1L;0.500000;1503245995;1503246009
1;4048;8048;0x1803d0076c4dc184077c1565fd5ca6d9752c4e944e8c530cd10910316b8dd584;0x6e4dd762f6967be7019fd0a1d49c2a131a74502be03b2c83c88cdbb98de10ab6;0x24465028;0xe03b2c83L;0.500000;1503246010;1503246025
0;4048;8048;0x7ec5d2f7ba026298462d5167e9b18f1e25a87952584baf25b4f24dc75b4116d9;0xc5bdfa6f91bd960102a03f1629e164d023c135cd745da708620fd11fe4b87eac;0xf5442dbe;0x527f0aa9L;0.500000;1503246026;1503246040
0;4048;8048;0x41d062e8b2b82dd92274f60bf027f59e5b44b245c1ecb6a9732628f1bbef1afc;0x6a9961750537d3dce36d563672d003c6df378dba40dedd043cb03d3b9b1e204e;0x0620f28f;0x250a2902L;0.500000;1503246041;1503246055
1;4048;8048;0xeb628c43c0b4b60ec2343b132c90dfedcaec197babaea1d711d5e6d5ee9470da;0x5b164a8f93de319ada2424f79687e4b232d8c08db7b9dc5d4816c56f27305739;0x2d66cac3;0xb7b9dc5dL;0.500000;1503246056;1503246070
1;4048;8048;0xc8799f0af71be331f5058087b1cdad2d12940b92860b04fa0ec25312b724d07f;0x1f23fa84a6a1d1b41966dc5d14fc96754085806562cc6f4abfc1b274e03793a2;0xfdf0299b;0x62cc6f4aL;0.500000;1503246071;1503246085
1;4048;8048;0xf74f7bedc802247c85c526d3efce93c93b8b9b913e17b9d8ff403e3986d1a77e;0x491dd43a4294280a7cc43d3d7e1728d0277b21fade96c0b0fc690dfd7e4a83f7;0x0930bf34;0xde96c0b0L;0.500000;1503246086;1503246100
1;4048;8048;0xd7d69cb8e2dcb9e89a5862565e6822e02c91adde6555490c92dadcd51d2d12f4;0x77f76184350157691a63177b7cb81ff2eec558000f812c4f8d76971ff35ef2f5;0xa6a77f68;0xf812c4fL;0.500000;1503246101;1503246115
1;4048;8048;0x0998d7b14bafffa29d93bee0e8d5b248884c08e716d8bcfe2b96dd698572058f;0x2ac9486675860755d4d4bdd9cfd0d62e29bcb931d024b9c2a4bf98ad43648fbb;0x46f5d6c6;0xd024b9c2L;0.500000;1503246116;1503246130
1;4048;8048;0x93ebe4deba37d367fc587cff33dfc306830cc6c7568e8d031deafbecc3738856;0x20466f21a7917185fcca876e305eaac41816ce9e53c58f916570f85ea4c741a3;0xfd7a46fa;0x53c58f91L;0.500000;1503246132;1503246146
1;4048;8048;0x96b221a929f21ad6cd8c8184d00495660ae48f58b16904a6891dafb13c7ac1d2;0x5aae599931b908987ed3355720e1f210cf9838781f2a1b5539ff79b7fed996ee;0xa10ecfde;0x1f2a1b55L;0.500000;1503246147;1503246161
1;4048;8048;0xec137cadd13dabb9afcc56adc51c9199baedaaaf4cd401f6b187ba8b381f0b24;0x938ef3ef0283a82cca72c9113175fa37852d1f9bb0a11fa7cd8e739c9db6e3cb;0xb4d06f09;0xb0a11fa7L;0.500000;1503246162;1503246178
1;4048;8048;0x099f77dba529a2bb8067a7c41d468c1344e2373c32fa09dac4634a5b90a98899;0xa8e99b90c4ca17f342555237fc82fda84d8437fe41a8f786a8d07b12ff9eb757;0xe8ddc5f4;0x41a8f786L;0.500000;1503246179;1503246195
1;4048;8048;0x4c24a8eb99751505112b7723f0a6329cba552aee42458583ed23f7b849ecef96;0x9996b1324a01f51d25171b3e23ab165cf9e507e3c068b3fb4cb3dfc9512deb17;0xd9464fdd;0xc068b3fbL;0.500000;1503246196;1503246211
1;4048;8048;0xfb9692f643e13eda5d11b10887ef14e0ca7ef609806256e4cf9ce91b44d1943f;0x86572c4fedcf5638599d6d4d1ce4c9a11713fd1349c6fab4c06a63d7feb8a45b;0x6a6df2c7;0x49c6fab4L;0.500000;1503246212;1503246228
