1;4048;8048;0xf9c6ca7ed63ddd9f27686ac919635ce01aa18336c23ca0314d783823e502c7de;0x5ab597cc251188a76794d0b00cf662ce9e0c4f2f5a9b333877d7423341500ad7;0x5d61a521;0x5a9b3338L;0.500000;1503148519;1503148533
1;4048;8048;0x496488d9f706a1528074b493a50c1ca077207fb4af4fc5882e9f19244514638e;0x507d7a4e7cce2daa98db42c19f9c9b6a4a07a973ab0cd3f0ab6824217d40236a;0x4bccc067;0xab0cd3f0L;0.500000;1503148534;1503148548
1;4048;8048;0x305c14bf70a20c7d5d2abd434b38b05843b3a9f5d1490d63199f9e70ba22aaea;0xadf51b1cb2ed31c2872064288b2796428a72930b7fdaf0d2bfec24c041b5cb68;0x3a2fb19d;0x7fdaf0d2L;0.500000;1503148549;1503148562
1;4048;8048;0xbf7050926de911bcbc15ea9fdb8d1ebe91d29768c8396a28b745fc95b902df79;0xda94cf952d1707a54e1813a70aeaac2c335a2091e4eb69fc35d18f92dae29451;0x3e33beda;0xe4eb69fcL;0.500000;1503148563;1503148577
1;4048;8048;0x79bce3c985ae2aab69fcb3aac615e16b3d9518a9963cb74c70c1fe17a549e71e;0xeeae0d7371b4fcc3d086934c1bb1f48abfcd830fd2d737bad55ff30b853b9695;0x5466819a;0xd2d737baL;0.500000;1503148578;1503148591
1;4048;8048;0x33357f0b3b2fd48792d6dfc081631964ee81841ac253ff9e635d8312dd88ee11;0xfebe9aa9c92144f8cc164f7c4a9935ee5e71c4b8426f7fba689ce40736b902b5;0x2ac0ec11;0x426f7fbaL;0.500000;1503148592;1503148606
1;4048;8048;0x6460523ccbd6a801dbff60bebd3fbec5f5ca2b73dbd4c363a4bd7650819963e5;0xc1a92bcd8bc671d23ba408fc69dce63dca0745c1051351d9930bc34818bd8d27;0x29073da2;0x51351d9L;0.500000;1503148607;1503148620
1;4048;8048;0x372dcb3ec5d119c0af9c3cb49cabbe834563b9a9ec8a49dbd2e7b152dd1dd514;0xb89a12fcddd30ed5dd1397c071bcd03dc17e27d445e0d6bdcb8502d34a294c9c;0xef22c006;0x45e0d6bdL;0.500000;1503148621;1503148635
1;4048;8048;0x3139a64646f60391a9ecfc4929c24216def04decc171a0a137c0e4496ecddd9f;0xd30725119cc8d968548a09004e648951f2d9383c104fa2a64a4bba7305267194;0xf8c56551;0x104fa2a6L;0.500000;1503148636;1503148649
1;4048;8048;0x6be17bde7376927634290fadb4181d12495b52fe994af745fe2f97c543c64faf;0x4aa82c45f6efaec8b25bb03c6c07a67d6824ccba0502db8b7b81a9b4df2ba995;0xa1c38d5a;0x502db8bL;0.500000;1503148650;1503148664
0;4048;8048;0x53e7640f94ce7b4d32a22d3979327490f888a2ed1e849919cecd5e4c0e113a62;0xbf3a26fafb38f48627b1459882f295dbfef3e1676ff7a512893356430153c025;0x7ec648c5;0xd54a0b12L;0.500000;1503148665;1503148678
0;4048;8048;0x202635be735d9805ae82e851fcb32903b828b53457e94cd6a45b8da5f2520e12;0xac79d777359a05358119ecf1daa2a87b8ab7680264707c41c6c86e5d0525b6f3;0xddf7def0;0xffffffffL;0.500000;1503148679;1503148692
0;4048;8048;0x1cd9f971cc992352a380ab0e23316a70a933b9449b87b4fd5b526aac903960ad;0x06c915095d19afff25450b0f308ed9d52816d6210097da720b0253250a9b91c6;0x9c2add98;0x297da72L;0.500000;1503148693;1503148707
1;4048;8048;0x5b7b124ec44e54002c372a32665528050428f2e428c1b1a469ea1cfc6b177dc7;0x657ae7c659faf00baddd6879d65e47632f9a6e927e840ab26fc94f76774bcdcd;0x8063dd3b;0x7e840ab2L;0.500000;1503148708;1503148722
1;4048;8048;0x337f96521e72adbe26e7ed6f9ad11437a2a7cde011f911997f1506f995a0dbc8;0xe979b2c1cbfa0fed9c965b8d8c9847bf895e312c782b130a343ea30f6d04a675;0x24662e5e;0x782b130aL;0.500000;1503148723;1503148736
1;4048;8048;0x4b3cf0c56adef94abaa7ad98533caf7527733c68ae265434f17ab4dab87a6603;0x8c855bfeec9ea0e58fdb18e9029a8317a3a130aaecf339c57e47d3d7bffc492f;0x6eb11251;0xecf339c5L;0.500000;1503148737;1503148751
1;4048;8048;0xe859f979eaf635d96360c6db12f658b4ebd1a1d7df6d9ecd2b6a59a919dffc01;0x54acf0a8f8a1513a53d50900095ddfc3b2a8828be998822b3625bba1fb5bcda0;0x0e716b26;0xe998822bL;0.500000;1503148752;1503148765
1;4048;8048;0x27545737a15e46a8391864f06356b289cba3898758073ad247f43de68fda4ab6;0x1d3d67c30c5700a6bb1e443a76f07a1d755cb8d7697bec38dd78e1e87983e345;0x8eeeaee3;0x697bec38L;0.500000;1503148766;1503148780
1;4048;8048;0x9a729778ec685c91dc10b86daefa9279172c7fafa5845fb24aef10a05af5dff5;0x577263cd8bfafee0470407d182d7cbfae8d8508fec1a5b4ba2476cb91edb9308;0x8dfb7c97;0xec1a5b4bL;0.500000;1503148781;1503148794
1;4048;8048;0xbf6a606b3b03629e81c857b235565d9ff9f69f8e5f13ba73d49d6ddacb2c2b8a;0x64ff04dd7e8358733b607bcaed49244c236a433c6544228d85ad5be320e1649c;0x2b590958;0x6544228dL;0.500000;1503148795;1503148809
