1;4048;8048;0xea12bcc0403cf243b015dddcd949d73ed52b2102d223220ce4f4e7946194294c;0xe87a189e88f40741cf629e0df95676bc5d0cd92b8310889926e131f05508b967;0xc9e79929;0x83108899L;0.500000;1503152089;1503152103
1;4048;8048;0xf64dfaff607a4af8ebc7a72c2026e9f348c525c8703ffaba417c71b4905bea86;0x7e86b8ff770b11c9e619faf549959de102465195f4c63405562458846508ee0e;0x417ad0b8;0xf4c63405L;0.500000;1503152104;1503152117
1;4048;8048;0xee0a08f3c9de377ccddb39d0f3917b5c2d0c5692fc5b6b49537f15d4612a104f;0x07d8696ec1a1fb0ef7fe7b1068c9d0d52f0662c6c46d8a03a58a3af0e51d406e;0x6f7c2488;0xc46d8a03L;0.500000;1503152118;1503152132
1;4048;8048;0x88d958d9d9d5a02b1f6718f8c6035161d98e8ccb6f5e2a39654cfbec9e2c0426;0x54e9736ae5a2897cc744885022ed8749076812b56b29801e2b8422e322156304;0xc6ffcabd;0x6b29801eL;0.500000;1503152133;1503152146
1;4048;8048;0xbb81ce4e238b8b7defd67e58669488e6cb804ec961c158748d058cc5e5c1c4a0;0x9455e3aad0fdae364368e2e3cda86c65facb9daf02061067f8c8061f5e1ab3d6;0x1281969d;0x2061067L;0.500000;1503152147;1503152161
1;4048;8048;0xd0b9768690bf8a0dd15c7a9c4f185cea0dbde3f705793db0e65c0e2531953202;0x4980eceb355fee600651c4cf6c353bbdd18959bd2aaf38bb589cad9f86cbdfb9;0xd64496b1;0x2aaf38bbL;0.500000;1503152162;1503152176
1;4048;8048;0x8e80bc11aba5767375106922f0f5e79440f6f8ba6898eee95dd3a575f575eb83;0x463652e1e272f4f76bae28f114c53cd1f04d7f33acff986cb5e0f4783c0a5abd;0x3382c868;0xacff986cL;0.500000;1503152177;1503152190
1;4048;8048;0xd3357528ff18167c377008e9970595371f644ebd19474f9e756369a0db7db3ae;0x3b2b2d0d1f3a10b59f6900eddadd98480d300e87561b21bcaf134373e2033c79;0x1f72d3c2;0x561b21bcL;0.500000;1503152191;1503152204
1;4048;8048;0x9e5172043da66503be226c39f0c09949d56c11d1e8257e163cfe7735960b1f34;0xef30e1cf229443278af69135f0490f793fe728edae1c363b1ae6f59e2d1c95a8;0xf877d154;0xae1c363bL;0.500000;1503152205;1503152219
1;4048;8048;0x266297d31343cc956ece9ec637f36273c3749ef2d54b313790fb456bb683bddc;0xfc90d067768bd20e872d638876d1fa743d5897bcd0eeacc6ac95308211306c7d;0x8fc157ed;0xd0eeacc6L;0.500000;1503152220;1503152234
1;4048;8048;0x915f9a06739b0af5d0f76afe6fde983681fa70bfae586758620f721529f524bb;0xda21addad129bc1d7276690d735dbea642c7adc7dfef646fb61cbbf925077452;0x24a6804c;0xdfef646fL;0.500000;1503152235;1503152248
1;4048;8048;0x62aebde50d3a9ba645e7f8048c89517ed295a00127332071ce3a6a3305088667;0x4640741f4ffe946f0981c7477860f348c54aa1828e99cc6ec0e0b9c678c303d0;0xde130e5e;0x8e99cc6eL;0.500000;1503152249;1503152262
1;4048;8048;0x80f1af16d9347959888bd4c2c9e222f51b49e348ae41665516fcf9ee4e517ace;0x13f6bdf1d8435498dd4b48eb4514592016929e3ba78681ef3f7adaab386c9d50;0x0d591333;0xa78681efL;0.500000;1503152263;1503152277
1;4048;8048;0x0981387efe698c6ddead6ca9df3b35e7b038fa6ff9b30d05001d45ce72825c7b;0x79a6ea860065bca6165b8dbb19891bb2aa5bb16fe3ef6db5915f8072dee91637;0x9346f96a;0xe3ef6db5L;0.500000;1503152278;1503152292
1;4048;8048;0x5045a0dee79d67cb641135c9b063c3118feb5fd001881a90df52de8bf0805840;0xbd9e1894f1cfa01351bfc02db97505b345c2d2dd8dfd3e555c5859ebde483a31;0x0e8162f3;0x8dfd3e55L;0.500000;1503152293;1503152306
1;4048;8048;0xcca2ab40996fb8c3927960232aa977c18cd576491aad974efb8be46850ea821c;0x6c2b3408db39474da7f614f235f6fa67d872b4b09a88f33ca7f139d220a8baa6;0x8ed54098;0x9a88f33cL;0.500000;1503152307;1503152321
1;4048;8048;0x20c9f322311474a9715042f88e152f01699dbad3f87f4f9fc1397c8b3d70a85d;0x4ff3641baff141151a40907c6951d2e2c43ac1a8476499c4de75a8240e3dd194;0x3a9662ec;0x476499c4L;0.500000;1503152322;1503152335
1;4048;8048;0xf545ee83a839f2e966734a12b742b6b3a50219344f7a021230c4b1b29a769c8f;0xad46446adcbc635887b96816ea6a9f3f727ccf6e25403529babae40f9797a65a;0xed4406b8;0x25403529L;0.500000;1503152336;1503152350
1;4048;8048;0x91b18b346aa132f855fdba2b7f8387b2afa659256bf73dcca26df71c6ded23ff;0x573bcee381e89af3d609309eeadd9fc386730865e2b7da2d1160b0145fa7e1b1;0xd892fa01;0xe2b7da2dL;0.500000;1503152351;1503152364
0;4048;8048;0x1a423ed8a08488a9465fed2a2c37ce6ef49c0a2bdbe500828b424f19fcdd3717;0xebea8b47f6b891e2320a01fa2290432348c7b245f1c5fd901c008a1b28a19381;0xfe449fce;0x25052101L;0.500000;1503152365;1503152378
