1;4048;8048;0xbd3c3f48f292fa82cb1a12ea813067f6fbf4b18df5fbea1e6793526bd515a992;0x42153c960d4e745d29d91cd9a0cd9a0cc28c73f64b9004cee55dac276c290e37;0xfa7065b6;0x4b9004ceL;0.500000;1503118313;1503118328
1;4048;8048;0x6c43a3200d5c977e72328927f681361a91e982facc7b485fc25ce74504f9b970;0x0777c280abd87c241ac7b63688353cdcc08185a36b77c84dc2e3141ef65e752a;0xf704fca5;0x6b77c84dL;0.500000;1503118329;1503118345
0;4048;8048;0x5406ac597d5cf49127e02a71e9aa6565767c5791895c9c8d9f94beda9bc17af0;0xd8e661c5587f0637dc64ce646e1bc06cd59eea6f54dbd990bfcd722c0553f789;0x0493febf;0x54275202L;0.500000;1503118346;1503118361
1;4048;8048;0x64541c2c4c58172b9b9c6d3a524cf4f6517286b0ddaae0fbf14392896ec461d2;0xca14644ec2a0eaccba812e6e1d9e49678f43868adb44bd2261e83d7bdcd38ea2;0x65f61eda;0xdb44bd22L;0.500000;1503118363;1503118378
0;4048;8048;0x723b7336c2f8cb15e769d3b560e3d5f948fee4e7661da04321b063bc4cc95cbe;0xe23b112235aa44f68a6b1d75ac88434531874ac15f5b2f809159b860adb50b87;0x20e04319;0x74801049L;0.500000;1503118379;1503118394
1;4048;8048;0x4543a614630087a3196a41064196fc3cb856b3db45899871e201a925de142723;0xf06c18d6b1a461dbaf208ee19e53474523e88666fae7d98a2be22f5181c7a1fc;0x8f3d66bf;0xfae7d98aL;0.500000;1503118395;1503118410
1;4048;8048;0xc52580a7fb6370d86f29419c652365873a301815f3bbee5f883fa272a853636d;0xa0f0a01482bac8d8a8758cb028bd0d7eaa6ff0ddafa28765940a5359448c0b52;0xa01d5b17;0xafa28765L;0.500000;1503118411;1503118426
1;4048;8048;0x490cc1ef74b9782ab6b7f03dce9fa03a813cebcd61f34f5b93110871b19307fb;0x1df1d53559843b55030e25bfd37a1119566f5081b3f57c15cdf20f179ec62e09;0xa020ecbb;0xb3f57c15L;0.500000;1503118427;1503118442
1;4048;8048;0xa42d200eb748b19060f2efe7e436ede478f1a0913a96c4f90c62f1bd7eaf0d22;0x8dbc6fe55e073a3e8152169f3b01162971946b29d755eade056e7e6b24df6a47;0xc7c60fc2;0xd755eadeL;0.500000;1503118444;1503118459
1;4048;8048;0xf1b759e7d82af6255cccc2f8ada988b74d0b7fe4b42c8280167e2c906d92195f;0xf8d75602388ddbe055b28bf6e2a5db95c8fdc296b69dc2e14ebe62cb82837d42;0xc2c93379;0xb69dc2e1L;0.500000;1503118460;1503118475
1;4048;8048;0x4df15da8746076416a25889d73c568f3fd0b58b8f056015de3cece89cc277c19;0x34bf4794895b735f17ad9cd88300e1d0e49f03fee0f926095d7afc2a378d37c2;0x3fe075ff;0xe0f92609L;0.500000;1503118476;1503118492
1;4048;8048;0xa828aca11b907899a339693177263111bd80d60d5619e00f0978547534e00bdc;0x8ec781f26f13a1274df4ae67d0df464bf59a1e2748c15e3d6d37a03b266f909b;0x47c74731;0x48c15e3dL;0.500000;1503118493;1503118508
1;4048;8048;0x635236175d569d321ed3518ee3020bf70fde16a842790fc3688d0e08b8b9231b;0xf76a4f3b934cbe8ecf072b1b6267c55e49c3c3a94c1068515f096d5a3ef881d2;0x117b018f;0x4c106851L;0.500000;1503118509;1503118525
0;4048;8048;0xca6ecb0763488fbe2e18253f7f69c787e2633f10b95f830e7a756b6411d260dc;0x2e07e0e6b77b1effbc64283aa937b5ba34e93a089b00643d896f25b904636ce1;0xf53c0007;0x2822643dL;0.500000;1503118526;1503118542
1;4048;8048;0xb418694bd423b05174a45059a2d7e79c390679e46c6073031b94e42d78edd52c;0xf12312ea1e4545753ed8a7e505c982fef4f9fa7b64ec080b517ebbb6d0ceda65;0x559758b8;0x64ec080bL;0.500000;1503118543;1503118558
1;4048;8048;0x212c60f05be3984abd8e20b7e93c9b424e5d8d6f70e9d15fae8fa3ad55124877;0x7738aa6e010cdc8df52ebc28b3f3dcd8a4fb6e5fa58db7472cdc9ca34f759b52;0x075dded7;0xa58db747L;0.500000;1503118559;1503118575
1;4048;8048;0xc644b2ec3c47546644f16b192858b303aecd61dd00bef0dbf67bdc8c1786fede;0xd6af2bd0cd3f0b7b79340d6504e39fde2801770f8c608f56cf719fd764fa8ab8;0x54f3cc8c;0x8c608f56L;0.500000;1503118576;1503118591
1;4048;8048;0xa8018b4907595e36e0cccf2309e9cc2feb07f35244940a2ad32e86694fbf9cf7;0xf4bfb07eac6559d6110ef374235f72cc8a7505485de304ac94a0f367c8228e51;0xd948f308;0x5de304acL;0.500000;1503118592;1503118606
1;4048;8048;0x153f09c2d7ce782f183e69a6bebcb01ba2a4f60fdb5ddf3ac6591bd9fdf1db13;0xd5750ba31f5874567e2465891c6fbc25d83c28ca1d1917cc55514f36ff13b561;0x8b26bf3f;0x1d1917ccL;0.500000;1503118607;1503118621
1;4048;8048;0xcd9764ca0eb9e6670903dac730dd4cc4a9e412425803ff4fe87e92cbd077949d;0x3a4425310a87d9488d26826be31ac7a578be78d941c61b653b4b84f8828d4d20;0x2ad09ba9;0x41c61b65L;0.500000;1503118622;1503118635
