1;4048;8048;0x6a784a13528ea2dbe145236d53018f407853fb1c53cbf211cc65b051ad387b17;0xf7483021d7f58b1f03adf7c9d9968c7bbd847afd439fe878e57c6b6632826dee;0x2285e6ba;0x439fe878L;0.500000;1503238792;1503238807
1;4048;8048;0x04d2b6e260b666f94fa08de41e41beec14c2fbc00ad983c6b6bf9631f66696fa;0x9297dca1c52a486ef465adece6508e20b0a2e7bff307fab8b571bf9dd7217731;0x2746e19b;0xf307fab8L;0.500000;1503238808;1503238823
1;4048;8048;0xfc948564a60318edaf4379500e221e15d17d9bfcb334d664a4ae7969b8eabeb4;0x8f9946630cf5948eade11c687a2a58948ee38b15c65b488b44592330f5de65bb;0x4413960e;0xc65b488bL;0.500000;1503238824;1503238838
0;4048;8048;0x49a9e5eaca1a09d378097f43667a5e54410ece91e48cc4f6fd23996f08f6eb51;0x0834ee8343101980e5b8c0229e2b8ab1cbca306630976df078fd1c9e6216074f;0x4845c6c1;0xffffffffL;0.500000;1503238839;1503238854
1;4048;8048;0xe15af17ab409100f5b829b40ba5ffb57f6688bc122d997e20d4ee4fe61a10143;0x78adf1d6808864f10cd7eef9a2adb2da45fdf7f679d16496f1aa0fc5f86a951b;0x05ece48d;0x79d16496L;0.500000;1503238855;1503238870
1;4048;8048;0xc0b26e5747fa4274a130a7caeca577598b5f8cc6c1ebade02ac44c5bd7d9fe97;0xfe7b0533f393ba258a9aa412612c853f8b58691dd15040b673c926162a6840fc;0x586c3b16;0xd15040b6L;0.500000;1503238871;1503238885
0;4048;8048;0xa135905050392bc05ae3185f80c50ef524f9e1dbb9bf1bfa80059e3ecf417771;0xc6e2e516df7dea2825a05ea99967c5d9462b6268fa72c394cbc111bc7504478c;0x7d12277e;0xffffffffL;0.500000;1503238886;1503238900
1;4048;8048;0xa8e6c2bc406d82ec0cbcb2570ccd438bab521df25ed6c903b663fd334a337bf2;0xab86074f88a9a29b8276ec7f0435601897956c3b3319f5c202bdb68db56a50e9;0xaec931dd;0x3319f5c2L;0.500000;1503238901;1503238917
1;4048;8048;0x5486a44e226bd0dc6d750c263e2c11a7b8d202e6c1e52f803529c2c3701d7ec4;0xa463ad0f3bede429cd85cf95964dcadde6b213e35f1ee514bac8f8c1c967078c;0x153c1022;0x5f1ee514L;0.500000;1503238918;1503238932
1;4048;8048;0x06d582653d84709a2d6bee09c4b32ffa806fcc1583db60f95c0529e48884a68f;0x5149a627d256ed74c8b41e54894eaf70452e136eb6940179be3a4e5c5b61faaf;0x9fd6226c;0xb6940179L;0.500000;1503238933;1503238947
1;4048;8048;0x1fb7190033b0592706e21bbe28511cd7612b803ccb6000479a727815cafa2cea;0xb16517835ce4df21d32129e243c0fd6454b9e1be631ccc4def6a061847d8466b;0x0825eb9f;0x631ccc4dL;0.500000;1503238948;1503238963
1;4048;8048;0x48f1531f25be92033097d53149febbc821e63cfcdf9fc53d342b7881050b064d;0xb7b566ffac376fbca8b8e28e54fbd9bc4051b1c4352cf277f207509ae82e78a4;0xde11476b;0x352cf277L;0.500000;1503238964;1503238978
1;4048;8048;0xb3bca674d1eea5a3eb3b2cddda371fb58b85752cc3ed00003bbd95191feba5d2;0x7b5eb7b3a12927449e4d7e1be706fa016717d5e6a1c6ba450fa77c491dcc16d7;0x38b74d5a;0xa1c6ba45L;0.500000;1503238979;1503238993
1;4048;8048;0x8d5980674f04f1b566b0e506a95a2a0445ea0fb8f00cb97f67c0a5d656060ee3;0x060ba0236ee14ce4ed3c3b948d39f2fe861e1b04b1f5a6c41c26ba7f344ca652;0x8c90b255;0xb1f5a6c4L;0.500000;1503238994;1503239008
1;4048;8048;0xba1ecd2c017b5388f98e3503858b20eba3d1c694f6f47ef39b72e0220fa4c8c9;0x63cd6d144e2bee33df6eaba6dc1d8461b468a77334c6cb6d57b9ef4c6f490187;0x3e9992df;0x34c6cb6dL;0.500000;1503239009;1503239024
1;4048;8048;0xcbb129f56296988809ad424afdf8d8b44378de3fa9edd3957dc2b2ccb044f17b;0xe0cf4b9d29fac16485c39c87727679e68e395504722199d88c60c2c1fa6e136b;0xed5d76fd;0x722199d8L;0.500000;1503239025;1503239038
1;4048;8048;0xdeba04fd7aa24a3a495f5c27680b6490e15160cb6226b089b7c523563e08d31c;0xac22bb7a087ca9a696427c2212dc3708003345b89f7bfacc4b378ece0e44a6e4;0xeaa8b8c8;0x9f7bfaccL;0.500000;1503239039;1503239053
1;4048;8048;0xe4e7a2dafa925e947ea4c068f7f640dca2f88f6ed8e9e4d55b7ff75b2ebfeb12;0x2bc12c439a7e8bb29de52c61cd6314b86e0892c321bbc3adeb64875f306c2440;0x65ff5e63;0x21bbc3adL;0.500000;1503239054;1503239070
1;4048;8048;0x4dfd49ebc23b877299cd21beca7754b349fa51d8403e48cd663a5a602214fa6f;0xac998a280594a91adad3a8bf1dc78a8a12186af09735bcfef01f0808b5a3080b;0x7cc3bb4a;0x9735bcfeL;0.500000;1503239071;1503239087
1;4048;8048;0x5138802caa75e0c0f65f3ba31874378f0842c24f29a648f1213e62f22d48287e;0x2fb6cdc50cae689a37d7d543cb8ebeb80fb48055e9ce89fa0f96d4d39cf006bc;0x6de0193c;0xe9ce89faL;0.500000;1503239088;1503239103
