1;4048;8048;0xbaeaf3d6b3cf9d5e0d0753fe7cc2323601f243cf336469ac7f88aaed689bff22;0x1af60e9ceeba17c1c0bb32c09e4dba33c0c330c7860b8c5a5b360690ded2f389;0x22f7a0b8;0x860b8c5aL;0.500000;1503230524;1503230539
1;4048;8048;0xfafc0267d50872327bce9fd787bcb6b389c68214a9420e844167335afccb4ff6;0xc9d47dc6a2ec25f5572039f51be2bc15a62f8610f7a06efc3669eb3ecbb9c465;0x5bf3d6f6;0xf7a06efcL;0.500000;1503230540;1503230554
0;4048;8048;0xc092f73bc8ea0856d79d7cff17d1567a044f38d115a3bf17c823dd7bdd218b9d;0x8435e0f7c3cc0b5fcee1eb115601da955aa0c214bb5e8a864a9cc83c4d6d278d;0xed94be8e;0xffffffffL;0.500000;1503230555;1503230568
1;4048;8048;0xf2e7fe0db1253384ba76b4a7f391090b457a4500725a23a10ca1e42438b4f22a;0xcc348f863383e51d1d2c4040bee3253190763bd95fff4b635673e633f9148607;0xb884bfe2;0x5fff4b63L;0.500000;1503230569;1503230583
1;4048;8048;0xfafee1036c7bf000532861c2745e6cc09f20886c9b83d56cf50edaedc774ccc1;0xe640c9e07f85c3c8c00ae5b4be0ff40f39f46a55d8e22616f17f5e8e624273a2;0x622d9f90;0xd8e22616L;0.500000;1503230584;1503230598
1;4048;8048;0xa37a99223960c30834b8d56a26f782893199969320b2195c4ef8e2cca9448c4c;0x37683053dab92e0cf40de538e71ad82a79656a47d2d10809612b893a734d15a2;0xede2692b;0xd2d10809L;0.500000;1503230599;1503230613
1;4048;8048;0xbc525473ebccf063cbc6ebd15a06c67f840ee9eb6973583f1e7374fb175658d3;0x63274bca814dcaf3cc51dbac2e05855e0cc465f0598799ba5cc3fce08c708a1d;0x4382c482;0x598799baL;0.500000;1503230614;1503230627
1;4048;8048;0xc20e2772b83d31dc802f66aeecf327ffbadd6151585e3df18c7fc9fbf7f3b6b9;0xaca542b8bbb93593bfac334daf5ba7bdf4194a949fc596b329d1b54019078660;0x073f1a41;0x9fc596b3L;0.500000;1503230628;1503230642
1;4048;8048;0x18c2347d84a0a1456ecc6de16181db9dc0274cb53acf019a916fa7270699371e;0x2a90038731b960f129e8106fab1f6b899acb5cc5b034de7c7fece8d6ff154aaf;0x223a8d72;0xb034de7cL;0.500000;1503230643;1503230657
1;4048;8048;0x24d8e066f1b46042a93a7e228e344f1644769f0eb4fe166d04bbdfe3d2c237f6;0x079fdc8ba7a1bf296292da936908e937585a4a9e75ab61e9a95179cb5583d9b0;0x90a8a860;0x75ab61e9L;0.500000;1503230658;1503230672
1;4048;8048;0x1a255d858a6fc5a780b28e922fcdae9c4c74afa23403ec136b85eb015a6fa374;0x04070c3fcde1288377c9d8a18b9b513d69abe29b6193a58fef6e8a9b491a1d59;0x5ea6ccbe;0x6193a58fL;0.500000;1503230673;1503230686
1;4048;8048;0x056e4aa0199094810f02a2b615041836dddc826abc3a4ec1d4c8a97e6b8e5670;0x370648695250bed8dc77146b73c9d27fa46a6b48bdf65cbba918967a10ffb584;0x7fad4208;0xbdf65cbbL;0.500000;1503230687;1503230701
1;4048;8048;0x04de1ecf7175be0d1a0e9d707275a6be579f5f34ecbf95371cfb88f7657df169;0xd92b465a9a6e6aadc71455ac206e1ed05f95abd67a933ac0b7b3c25698ece5c4;0xbf8acf51;0x7a933ac0L;0.500000;1503230702;1503230715
1;4048;8048;0x17225f984618165f7297303495338e6daeb1989fe154310f048fdc2f48d2605f;0xf55702c1fa64ba242fa3b0287cf7bc97f6c39f00675b9996d451f8a01c2ba859;0x47142805;0x675b9996L;0.500000;1503230716;1503230730
1;4048;8048;0xc9b9f5b07b25bb39a2f9492d0f8e42f5c12e6af5d7f8e631b82ee019b319867d;0x9cb04a573dc7157b1149e96b3ac5411ebf622e79a1f2cc53968149f40ddebde6;0x8b299376;0xa1f2cc53L;0.500000;1503230731;1503230745
1;4048;8048;0x09232c1bf57e73dadb770445c34cea72cb0bab2783e22db420317f03719a927b;0x822511e88a924cae9225c4d67a81a04923f086f8b6fca2ae505c763d55655e0b;0xd2b5406a;0xb6fca2aeL;0.500000;1503230746;1503230759
1;4048;8048;0xbcf37e9dd75020dd2bca28651d286ea1939b0e452730e55510b9ec7a328715ee;0xe454d70fe5589e039ed0b7b47fd5b32007c4741825fbb0d87b7af3d446d090cf;0x087b59a0;0x25fbb0d8L;0.500000;1503230760;1503230774
1;4048;8048;0x537bd5b4ab664e0823ee66f49912ab512a858506e83f1fad8c72cbbbea932f3e;0x36c540422df87bf40a46be4a4b39f598684001c9ffa5b4e94e4934deefa8804b;0xdcc8d175;0xffa5b4e9L;0.500000;1503230775;1503230789
1;4048;8048;0x30dcd46cab11601c9d660e9338322f21148616d30638ff00206d94db41346d71;0x94acd3c3fbeded60581fc43d837f1ad5c5bbd4c3a038b8323ee14134a4ad31e4;0xec342c7d;0xa038b832L;0.500000;1503230790;1503230803
1;4048;8048;0xa90f50dbb1ce543afb014deb1c5d01a17e72ab616121bf4914652d230270f5ab;0xe07f91c7970532eddf07f4b3b6821ce1f8e2cea4bd2ae05bcaa7fd2f338d5682;0x665b3c44;0xbd2ae05bL;0.500000;1503230804;1503230818
