1;4048;8048;0x27ddd615da166415b5d22d2aa313095d3c52074df4bf2164e541c690d0743af7;0x8cfdb04c6a0fd13f56df7701f918ae728d12bc96e7f4281f3ff48c25038e37a2;0x3fc83354;0xe7f4281fL;0.500000;1503101801;1503101817
1;4048;8048;0xe8fc3e14548f384d1e1f69cc16cefdf2f0526a783c0a7dce0af13ede1008f3f8;0x82749fab68ecc2ce3cdd91be5a806259a27337063e6e49e41f938dfbd5f7b7d9;0x1c2a7359;0x3e6e49e4L;0.500000;1503101818;1503101833
1;4048;8048;0xbd843d28f86cb4299bf16d709ee6799df2ceb06d12c2b67b840065da2e0d7bec;0x9dc898abefadece32d5554b9122456e2f5dd4787dfd2bf4554a27bd881b7672c;0x9bbde36d;0xdfd2bf45L;0.500000;1503101834;1503101850
1;4048;8048;0xa4e14fa898305749a2165422152ab0bc671581e48adde484b479e3bf35e9bbda;0xe231a38c076828f802b4c23f92cbb19aa48ec517cc2defd1e4b333609807f4b3;0x59d43cda;0xcc2defd1L;0.500000;1503101851;1503101866
0;4048;8048;0xa25b067e20dad3966f080f5ebe2f17dcdf6985c6030a62e7eb286171e3890485;0x3a822f2558eb3b7c03f4f63294f6dd1346cfdca827b25f113bfe641bf4491028;0xca836e7d;0x45211755L;0.500000;1503101867;1503101882
1;4048;8048;0x20ccecaccc4061284f259a95c059d29369ceeb76bd88286d0be850990041b820;0xcd1b3b9afb0752fc146d00c921f29c21dd6881ecde710dd29a8cb5157bceb2ac;0xd7ec118e;0xde710dd2L;0.500000;1503101883;1503101898
1;4048;8048;0xf83f8951726faffd5f325af6f7c68d48f33dbddb393f6257b94a7523e3903edb;0x3ffb421e1e7c4fe65e024320b30ea85cc6779d12131051d84d429d2c41a48b8c;0x61ce6644;0x131051d8L;0.500000;1503101899;1503101915
1;4048;8048;0xdf9c9bd11232531c665841a96e0bc46667848f53b15a9060e9c3f308ea6c7ec9;0xaee9f783a09dc7778674f8777c3520ef2c8a3debf211a4f0ad1b144b8c818c53;0xc4e62cf1;0xf211a4f0L;0.500000;1503101916;1503101931
1;4048;8048;0x01d0dc4f1854e1a863da14e35f6d11bd0d1b406936823adfe6cf62114e4ca54f;0x3962abce44042ae5a1b222bf1ff24aec1d5bbd2fdb6a56e3c32b3a7c735a5fe2;0x4596f7fa;0xdb6a56e3L;0.500000;1503101932;1503101948
1;4048;8048;0xdfdd5272075cb684e15cc9d5d173094c695d07831f10c90c5c893a4f0cefaceb;0xeec688800a7ca0439d3f11d2c711e22f6f0bb4c4d4be47c14111d187e300d9ad;0x7690fc9a;0xd4be47c1L;0.500000;1503101949;1503101964
1;4048;8048;0x81f53d2e56b3aa240fde67bce4d77601ee168e69ed367a234b1d7bbbaee62c2f;0xdf7bcf964be86f4e8017e22eae144b685ad71f3fad82f19290e23ce073b98558;0xaff57ff4;0xad82f192L;0.500000;1503101965;1503101980
1;4048;8048;0x243ffa934fa6b09fb31e589dcdb31ad524b6b3864117d3bdf02d8186afcd6bd3;0x0e4911f8d8e8616e7498fb52c3c0c20902e6989309cc9e433c08cfcbb0dd381d;0x5d5bd630;0x9cc9e43L;0.500000;1503101981;1503101996
0;4048;8048;0xbaace6e7b9b84131273de846003039054ca3143c298d2cf3c4da0866ef1f52a9;0x3c216d05f15e4dcf942188f3976be5e9a64e792000bf0ac6521e4a5af974dfd3;0x0dce7a3d;0x40bf0ac6L;0.500000;1503101997;1503102012
1;4048;8048;0x97b3d80ee1fe00b1a8cc11eb7968a7410fe7fca8c4ef785558ec9dc8639908fa;0xbe547d64aa32c374730652be410cc0eac2e6a11c07a51403aa226d920d7f102d;0x9e70d478;0x7a51403L;0.500000;1503102013;1503102028
1;4048;8048;0x3ceff93c40150da9e7d99c3454e9884f2a3b1b47a448a4444ac8938ef5678931;0xf1a9b4e148ffae78120186b18c3fe4925b1db4c6d4b3d5712f99e906a1684412;0x6801c732;0xd4b3d571L;0.500000;1503102029;1503102044
1;4048;8048;0xe389c13406332c626c471ee6865eef4a43d94ea6b3e173eb5be5d10d9ecde781;0x423f3f504c6101bfeba4831cc848dc23654970fbc836dabb52987046753f3556;0x609ba70c;0xc836dabbL;0.500000;1503102045;1503102060
0;4048;8048;0xcc45731a9cb239ea422c269f03bd832b5e663afe1f7ae3d9758e635443cce310;0x5dbe9d18ad273345b146fe2b12cf45c1685c72b31d0f76ba87041c9abfe8f17f;0x4774c3c1;0xffffffffL;0.500000;1503102061;1503102077
1;4048;8048;0x8fd9924e3fdfc0b66c7b91e40af86150b2c57daf993b347383474002acf5b43b;0x077223aaad1ab36ce79b2f421ab78b46962cdfcc7f7ba6a308cc504df7fdb707;0x3715fdcf;0x7f7ba6a3L;0.500000;1503102078;1503102092
0;4048;8048;0x37e793e87699b21521fd9fbd4ccefdb0249ed32611bb1cc7b194cfb9def07f15;0x734fe232f904223e938703f7cc4e0cc3238e696d07e1e22065adc8a8b77eeff6;0x9fc9ff27;0x2a824051L;0.500000;1503102093;1503102109
1;4048;8048;0x9158c2c2dda6f48ba911c5e8da7fbb96b058bb2414f8bd6a36b19ef93d75d0ce;0xf35147b710295690d71a0469af488782c93a9a2985be384edcad8e779273ee9e;0xea0e1473;0x85be384eL;0.500000;1503102110;1503102124
