1;4048;8048;0xca3e0128c89faef72982acf917cc862d253edd931d7ce48ec71bcfcb30d731fa;0xd13ec5f440a762ac5578d7547ef07cabd34136dc20aba01f1d20a61a38310382;0x8f28d5cc;0x20aba01fL;0.500000;1503213879;1503213893
0;4048;8048;0x644222f629630f2896b38a07a3bbdb1fb650d44952d8c6d3f900c0c95276f1b6;0x633eccbc4779ae2e69db24b91afda9645077c84c2bf1766074e42323b8dde251;0x23896d3c;0x52a40355L;0.500000;1503213894;1503213908
1;4048;8048;0x8260e4951710465e36c79315630e9a3393b56b7808d4e9960a8169cb7a92ccfc;0x095e5bc0386df1e3015ab7c01e8ab92f1ae189e0948dfe4fa5e430782d662145;0xf2223350;0x948dfe4fL;0.500000;1503213909;1503213923
1;4048;8048;0xe70d440a5f37b5fc98d7dd713f98e4a20a567c97cbb683dea5d520dc9d949a84;0xfbb0d5c5cf5e35214377c818702d215a91c3a9fa97dd162d2135174961ca6512;0x8b0b766d;0x97dd162dL;0.500000;1503213924;1503213938
1;4048;8048;0xa292a93359bae2458cf5d7a918e53dbc3a51173ff584342e23e022bd05ce15a7;0x56e139d552bc2c45e375b9a72e5c2497b154dd2c5a37940c9ffcc3665aa7c1bb;0x792c7758;0x5a37940cL;0.500000;1503213939;1503213953
1;4048;8048;0x78ebccb3a199a3b591c0d174c75da7132055595cdb0429af4a345890e327e55b;0x5016e05187c6df4f9b7ca113657861fe84cbc8642c0cfc10a3ca3fa6acd19c40;0x11cc4f74;0x2c0cfc10L;0.500000;1503213954;1503213968
1;4048;8048;0x45eb488991e77cacae1fc8494b025c8e7d46c1916b341cc491419aa8f622663c;0x23887d42cdd99d927d8c59dd67b30ca1b6cafd79e48aed350609fe74e57ab39b;0xf92420d9;0xe48aed35L;0.500000;1503213969;1503213984
1;4048;8048;0x4c61aeecf87bf993e71c7de65501672e70c3c68b093f3cca6a679db8b79eba04;0x7fbd880faf45bb6e6ef0c10cf331a5cbe5a94dd9a596d6db08576598c079169c;0xb8e6a7f9;0xa596d6dbL;0.500000;1503213985;1503214001
1;4048;8048;0xddc4334838aeb23c8580d4491508a26d133ddcacc4c6e35ffd9e37f464a97742;0x50ccb4533102d254ddae03d523d7d94cb703efc87085bc094769f65d57553efa;0x64863648;0x7085bc09L;0.500000;1503214002;1503214017
1;4048;8048;0xfd4dce50ec6cf0e122639a323686c7b372afbac0e4f0e8bcc9479c681dd16d1b;0xbec025d21064793265b8364fb63606728b4591cd4cf4cac6cee1887146512e97;0x83147f53;0x4cf4cac6L;0.500000;1503214018;1503214034
1;4048;8048;0xa3d17b4fd8fa2e12563cbe41ce5996881e377ff6779159c1e4e3945c3ce913df;0x88ed2cb9abbb7132884d2dd9cb4a6092bc6f9caec3e3ff8e71f81e4051734c5b;0x6ed97fa0;0xc3e3ff8eL;0.500000;1503214035;1503214050
1;4048;8048;0xc5cbadfb4039856bbe63fd05312e4ea4d2f7a1d112cc8abc64e474699e0f7c63;0xfd6ea73a0308e29a557dff6f6414f03a1c900c9620b89f233a87fd6fb388d14c;0x9b62978c;0x20b89f23L;0.500000;1503214051;1503214067
1;4048;8048;0xee01244997d773751a54b4de4ed20a00f62d5751ede4ac66decc5f70ef80b3dd;0x8adf92aaf6683fc7be1688384bfa036a6d46a183558d0fbd0503cd6ecb45d08b;0xf15dc1f4;0x558d0fbdL;0.500000;1503214068;1503214083
1;4048;8048;0x7e9058ede1801c173bf88c51791331f3e2f4feeba7eefc49a2a5e0c88699f004;0x1a3ddef8ed927a71d54166e1666041bbe0bab6519758ba5bd9574720d72af9d5;0x83f8f25d;0x9758ba5bL;0.500000;1503214084;1503214099
1;4048;8048;0x44f27beb80d2f3de0505cf2c9bbfc713092c7dd10ecd9e4ce3641e7767bb42ab;0x12fb648500305adb966926f82d65a206e5c56efc2784d9b89b9b9cd2dcf321f4;0x2dd8fdaa;0x2784d9b8L;0.500000;1503214100;1503214115
1;4048;8048;0x8b956ea10cd3b8ce1fcf42d104deaf83d03a253d25443f913d95302dc79f1952;0x2c1097c05dd0de7c64ede6ca4f85cc38dd69f16e2b68e9319e3236c382115db1;0xf26d327f;0x2b68e931L;0.500000;1503214116;1503214132
1;4048;8048;0x424a1c62bc3f5ed25cf70edac70c73d11d107e2a9463476cd476ac5fca1d5d0c;0x5c6d9f3dfa538a9ab4f9e0a59388813b8b3677bf30798ddab46f6a99e376c641;0xed606448;0x30798ddaL;0.500000;1503214133;1503214148
1;4048;8048;0x4d5fe10e5090ada9280e4b90ad7f3edcaecf04750a4628d822036074da60f427;0x31fac8e9bd83c81c43267198cae3c1dddcb4e25270f6b914355b48b866a5058a;0x76874a55;0x70f6b914L;0.500000;1503214149;1503214165
1;4048;8048;0xc8c7fcbb1a6740dc41e70d0df06701496cfd8122c4d8eb4bc7a10932b269f27a;0xf0dd8be52b5541a72df10153a1ef0dfc7fbde105033c042b09c7ec413769ca9b;0x691388fb;0x33c042bL;0.500000;1503214166;1503214182
1;4048;8048;0xea45b9f9362a52f10503a4c79d2e59d4412efba39b08a5027827b995c41362ae;0xfda125f664d75e95b05453e285bc17d01fe391a426095b95d2de7ef2c7197c56;0x24f5cbff;0x26095b95L;0.500000;1503214183;1503214198
