1;4048;8048;0xeaa2556fc7e26dec9811362b23f40a7dad429b19e51683a82437ddf382e5d96d;0x9dc385a0ea32a9d31cf4680b2be1d359ce30cf59c5b42fba8984cf33d6e5d773;0x738ac008;0xc5b42fbaL;0.500000;1503211506;1503211519
1;4048;8048;0xf94d98a5486eaef719e514510cafa3442281841757d21f51a042c9d257cce751;0x0b6b1e900ada09ade5409c16421135229fa10531214947467863dfd393ffe7e1;0xe89de036;0x21494746L;0.500000;1503211520;1503211534
1;4048;8048;0x2b70f25908cfc6ef2352b27d41c94ffa54867432224536940db6e4a719933d44;0x3d80df38873d80d5b1ec1f39048d8a966b2a30cea50c039a9ddafcf5c44fa8e8;0x722c4feb;0xa50c039aL;0.500000;1503211535;1503211548
1;4048;8048;0x6df7190fa3873822176563c5af725ae4490c5b0dd2297ff181bb2ac80a10af78;0x53f147533e7fc5e0651abad72798342d2f701e58a6e6874f961f4ac4da1ae8af;0xe6cb6180;0xa6e6874fL;0.500000;1503211549;1503211562
1;4048;8048;0x8b47cfb1d6e40d52ebc1012004ca04ff1af3fa91aeb2009e88e98011a6a05531;0xda993cd73b83612bec4a14bfb5e0874d785f3a93e843caed83df9183b3588461;0x11b97e2b;0xe843caedL;0.500000;1503211564;1503211577
1;4048;8048;0xc7973b241b2b4f066eec8a08c23352d02af9ad75e285268dcc9923f14217c209;0x345e911a6ce7435843500f8712fc02930e3d2530e4c113d12d2f94c3f6fc8546;0xd735f1e8;0xe4c113d1L;0.500000;1503211578;1503211591
1;4048;8048;0xa7a2b1c44edeb9bab2610951b2520889ac275363902e713381d118bccad37f72;0x0484a2112d1ac664d38b86a56268574f0b9dc5af0dd7113a6dbc8ad5ff3e2937;0x76ab3774;0xdd7113aL;0.500000;1503211593;1503211606
1;4048;8048;0xd0dfd611b004869e0a322f2359096b55c7ead98d046254c8081dea096ba5a43c;0xea6b551ec2d26bc97ee6cd0102821a2ce2f53c8cf7c7929d4e48e98a9c7a8c24;0xa65c596e;0xf7c7929dL;0.500000;1503211607;1503211620
0;4048;8048;0xa2900bd0700ef641c4ad30b0ff5906c9af844cf06021203b44162773e4b11586;0x3b6db3580de4a87e29665e2a214705727f775f57eabd5b4219773943d8b6d4f4;0x923417f7;0x751e1022L;0.500000;1503211621;1503211634
1;4048;8048;0xe4e3561e41e37cef2c9c6805e85fdbd8a32c6f76932c61db3d4e61c48981e56e;0x2cacc2370a497af684c7225973d7444e270148addfc5991665c34593cd9e43be;0x79883404;0xdfc59916L;0.500000;1503211635;1503211649
1;4048;8048;0xfde8b704b45c886dbe22b5f31be659e4bb4b2b5a6b3e9b278a770f64d12401ce;0xfedd4154ff2c6f36d9987d329380c9be43ea0338ac3d1048579401f84b77e33e;0x15445d0b;0xac3d1048L;0.500000;1503211650;1503211663
0;4048;8048;0xfe4a7cfc254a595a4c2e80b0f7f9057d3edce768bc50796b8e8ff4fa9cc9bd9b;0xb740058470aa79255d9bbaecb5711f0ecf9ce95212f74d402033e5e9ef1e324c;0x0372d92c;0x42050452L;0.500000;1503211664;1503211677
1;4048;8048;0xf5ceefc49f7b32b04a68900ef1c0adea50b3c4e8e0f2dbc40a7ea1ccad70aaa3;0x51497474e88e45a15c799b79cf7fd33242c4e4f584459fbdaf3f50c869369365;0x83118968;0x84459fbdL;0.500000;1503211678;1503211692
1;4048;8048;0x8db22946e0d093921feca126950610ae8e97df4ee4017b9c1608f6d79c786129;0x352e434ef7f404352135c75b3d028b6a77f6892cd6613cbe6c03f1664e31d353;0x5e332e27;0xd6613cbeL;0.500000;1503211693;1503211706
1;4048;8048;0xa9107f99237b67f13992a7392c593a8e6a8dc20c313e05029a820e63167271c0;0x116f1aa2f01b3e2527eb96d243bed8ada3f30dfcdafc4334c75c72fce11240ed;0x9f362fc0;0xdafc4334L;0.500000;1503211707;1503211721
1;4048;8048;0x006e9013960416909acd90c83073c4a2b02fad4f200733ab84e30c25b8bae1b8;0x0327ad39f85ea8e88ee92f6c82f57260fe6939c15156855d4a2170198fe027a3;0x2e0521d3;0x5156855dL;0.500000;1503211722;1503211735
1;4048;8048;0x6ff6a07fd7fd2447e007288a27df988f915f54d9da3333ddf2e6cc9e5a02cec9;0x14f732319d20f3edf3a31b79e8535cc6a1021556a81fc5f483da1f6302dca102;0x599b6356;0xa81fc5f4L;0.500000;1503211736;1503211750
1;4048;8048;0xcae3a1a493dd60182fe498f3d4d6779a0bc5e25038236e4109d38fe3b6e31081;0x8d6415e89c1b3798c68a70a585323564cf35b433bd25be4c8c7d0bbeaf3c45e1;0x52d35e86;0xbd25be4cL;0.500000;1503211751;1503211766
1;4048;8048;0x3d841679752d589eca007dd5ea3a8c618bff7066a692dc661443078a256fc662;0xf766ae82adff4d011e3359ee24d0e9d86710805d67684662b022e61780aa875e;0xb0c7abda;0x67684662L;0.500000;1503211767;1503211783
1;4048;8048;0xc97db70b4a753df08b1d9946ff603b54ac3257581f20790cb852e4531de7ace6;0xd0fb50740cb68c7f5d0055cadcb7e566e8ecf9da43134022dc908d8fb11b99c2;0x6e38506d;0x43134022L;0.500000;1503211784;1503211799
