1;4048;8048;0xaea8b9002f39e7a0a106f42c69792a04b03833617b7954b918a636bb2ce92edb;0x160dd828cc5c5b37fc33cbc04fd3c9e9de193c42c185e8c913f5f71278b7df24;0x0ce580c5;0xc185e8c9L;0.500000;1503250683;1503250697
1;4048;8048;0xe98b9cef06b875417b8b36335661a83ff27a2b46993a8e4aa2aafdfdbf8d81a8;0x35cad15e72a6ab3da9979bd62f54f61bb06851220121f9aa981aeaeb4546a174;0x2ac30a0d;0x121f9aaL;0.500000;1503250698;1503250711
1;4048;8048;0x258a6f40499188270b02d14bb2c9d2db16af56b6c4f02b1acf105424bcd7d8e1;0x65eb94dc28d29ff49f25b83dbec6c02cff931a82479d3b817bdb28488a35e87f;0xa6c65255;0x479d3b81L;0.500000;1503250712;1503250726
1;4048;8048;0xde8a51b733307494258afb0d051c88829d0ac7f306498751da276d26ec8853ca;0x7d008548809b4c74256097731786b0402dc8ece2948c9929ceb3b64bd37364d6;0xcd3e1a4f;0x948c9929L;0.500000;1503250727;1503250740
1;4048;8048;0xe2bf8abf04bf8de71dbce9ec9237cf42729bba9ecc2dacf1cf582322b4dce396;0x073dc6223135d214a96cbbf208c3b3c19dd1d58066bac194f10b812fdba83260;0xdd5b60c9;0x66bac194L;0.500000;1503250742;1503250755
1;4048;8048;0xf4e6946e9e8b3342232b77a3d53516e590b462fff7d14ce07a878cfa27e8e51c;0x3046e8b4072ca99f409c732b129935689164353168aeb47bf0186b81f202e509;0x6736b7ec;0x68aeb47bL;0.500000;1503250756;1503250770
1;4048;8048;0x7c4c7d02197c1289d0d241d5d8bde2e2117a55beda12ecb5629a3a1b65a9b0e1;0x66872da01d79972d7b34eda6c38137b0ecb9e78e706805de249c028d38c98697;0x721c7392;0x706805deL;0.500000;1503250771;1503250784
1;4048;8048;0xf5c9d5e8475ec0d06f0d7a2224d5360f01808a70017549211b87ad7c7fa2de74;0x94a2adb0ff940d9790e29a0833f9ac15d3bed2467a87cc59557368f89e5fd2cf;0xc4af9b59;0x7a87cc59L;0.500000;1503250785;1503250798
1;4048;8048;0x3cf41cb41059bb4ff48105280a33a605ab6cf6dd69486fa8106c8d41bd5c2cf9;0x1a6253b3ed277a3cfa46abf3f7dc70ebb9bdf9b244189f83e58faa238a076f46;0x32f95366;0x44189f83L;0.500000;1503250799;1503250813
1;4048;8048;0x3ff1e7de323efa4ac9c6379406a060475095c441f118b594d9dde75ed8b11317;0x8faec91f9f90a77e37ede3a54cbb7538663c2815cbf4f80dd7cf6d0d3be1ad17;0x9b838752;0xcbf4f80dL;0.500000;1503250814;1503250827
1;4048;8048;0x7f6bbb491efacc76e7196fb7e2d054e24110d845ddea7b4c45850d567d27cdfc;0x9bc085bf440c6c042b90d27911a38223990e0dd75d54141606d7ca44a95029c1;0x6f4211a9;0x5d541416L;0.500000;1503250829;1503250842
1;4048;8048;0x08f31ddbe52875af1cbc486e703546f825e5504ed0f9e632664d533a24d8992c;0x00cfe5d393433b774e6cdca8e43e8a0c8923ded84b4ed766be7cfb0d437877e2;0xee3c6603;0x4b4ed766L;0.500000;1503250843;1503250857
1;4048;8048;0x42fc26c11fee44aa3b6a8802efb5c845300981f7681cce7a1123a0593d718680;0x11346fb752ba19eaaca1815445432e42abea2c03312141464021e85fb5e41897;0xd55cdcad;0x31214146L;0.500000;1503250858;1503250871
1;4048;8048;0x6f688351383dcc703cda0332eb9c6539c8bf0a4cbff34b0aa10fb313dbc7f64a;0xb3dc60095d603920b3d02fcda6d7b7d6462402277ca9d977a0214aaf8fe9cfd7;0x82868f49;0x7ca9d977L;0.500000;1503250872;1503250886
1;4048;8048;0xd9980a6b4a35cc96b1d83efc7f555571394b7baed81a1538a95ab582daa9f5b4;0xfdeae0c2db6fd6094596e6b79a014d728d16ebad28cd122a38fd346356a3ca04;0x1b0b3fbb;0x28cd122aL;0.500000;1503250887;1503250900
1;4048;8048;0x8ecd47635d522ed51c3749bc47d6c2a3af56d586ad880a07a4b9861f466d41d5;0xf1439f7cd7921096b55fea503385319baf3751fd11e0fdc9c0e891e0e638ba01;0xbd4d80dc;0x11e0fdc9L;0.500000;1503250901;1503250915
1;4048;8048;0xb53d262d0c7884267c711224f43e4319c299dd557cc95aaf6aab027b06c8d5bb;0x822dbf9b28fbe8f730e6dfa47b811b6cc729f648b42e24d19d56f2147d5ca369;0xdb645dd9;0xb42e24d1L;0.500000;1503250916;1503250929
1;4048;8048;0x3eb30e49d57a06fe7bcda80702fc366f091fce75fced74b2a8569bc8c28a3e00;0xabdbb864975f8536ced9825b2edd3979ee10f717ce5e49bf5c15259d70f8ccb3;0x46d6481f;0xce5e49bfL;0.500000;1503250930;1503250944
1;4048;8048;0xe4124f9f4514f0ebf78a912f4edd74cb04bc84b58a3f86f4d395261101ada9e5;0x7ece9efa6d65496702602eacf83e9b2f6a9e00564047d8516784c9b72818f64c;0xcc10f0c9;0x4047d851L;0.500000;1503250945;1503250958
1;4048;8048;0xbe564e9757d0f34bdd7f1a665acbd4e29f65eb6e3dbc05beb2dc24e7d03e518f;0xc3449754671482b49d7002cdff96bb1bf7b3c48b6e212bfafe6c9a7015506185;0x2d8a28a8;0x6e212bfaL;0.500000;1503250959;1503250973
