1;4048;8048;0x3fc6dd113194e634f421b9a1e46d29f0f44da3bfd2ac04e7e8881836655710a4;0x8276d71dcfd82e2380e3e08a3e94c4c837a968c332aba6b6b3cf6247da2680b2;0x8fac03e5;0x32aba6b6L;0.500000;1503083838;1503083856
1;4048;8048;0xb974b5f5283b1735ba23f263457b587ea46c19176b5f9212db949cde6574291e;0xcba54d5c12f3429b27c4ba9d7699c9277f36eae9175827919569583a6ab0075f;0xa839b353;0x17582791L;0.500000;1503083857;1503083877
1;4048;8048;0xd4f2737dd29819729fc525f87614bce8e14d273a294f6d346b3e95da21d6e5f6;0x365859a0fc10ee5a687ea9b0640e7e242a8bfc4d5d1a2d5c89f2e65178257104;0x3d1b2713;0x5d1a2d5cL;0.500000;1503083878;1503083896
1;4048;8048;0x9bff7f15f83ebd099824a91fa74323cd724e8df83bce731785ccdc30d38fa86f;0x45ec9d2b6c6fe628113aeadbc8f79204169f6ddfe71b2e75d3ec15e342d415a8;0xd4e7c386;0xe71b2e75L;0.500000;1503083897;1503083915
1;4048;8048;0x2e9f35f9d25f9458c5a86cf4a836584d901344fcd3cf47478407082605dc1d33;0xf5afbad0bc8be0454430e7ecc266010b77b6d7ad1be993e9c1cb784d9381c760;0x0511ae20;0x1be993e9L;0.500000;1503083916;1503083934
1;4048;8048;0x7bda85120604ccd473b9cc4f41749e0358e8713bf8efe51897d18371372fa4b3;0x442e201c1cac2bbe34159c2fb64139ae7413422162dd07037a88680bd18c0c1f;0x470f459c;0x62dd0703L;0.500000;1503083935;1503083953
1;4048;8048;0x4c81f64fbd108d73529f6b1baccafc23469e743e6c22989e08e42ab1e168a32d;0x627b68fb1dfe43b167955e0005c466083412d9dc34e0466254c52a0b57db51e1;0x51650ae2;0x34e04662L;0.500000;1503083954;1503083971
1;4048;8048;0x0f70153beac293ded660a5c51ad95bf98e0d394f51cda201359c24418104a290;0x1adf6f045b621924ce09b63905ebd88153c39e0f9ff6ec030e270dd859838e8e;0xd95ebd9b;0x9ff6ec03L;0.500000;1503083973;1503083991
1;4048;8048;0xce351d8d6654166abb77e736eb4e86168bbcaec5b2531d90557b93281ddd31eb;0x9bfef2fc5ab33b487d81da765bd53e350e141d66e8772887a4369f7d4bad679d;0x75654345;0xe8772887L;0.500000;1503083992;1503084010
1;4048;8048;0xbb99ebb8d7adc6daf98f8fca772de7c26af989ce8f4324d927249dfc8be15846;0xd490bbd0b28a3667e1af676f430471dabd83ac22c71ea0ec6c02a6ba460e52c0;0x1d12d4ab;0xc71ea0ecL;0.500000;1503084011;1503084027
1;4048;8048;0xd9a66bf18c77eccdc3779e47f422ad2c5d1d88ad779cf2f1fb2370fd380b1312;0x991dc6dfdfcf2d3ec2136bcc81c38d9a921bcd40ffb9b78db69ace2467482e63;0x08287124;0xffb9b78dL;0.500000;1503084029;1503084046
1;4048;8048;0xb1f2c981e53a144f9ff6107a4e7b18a16066ded4f88b0f99df30af0d0812e5b9;0x87492afb06005e64bc64752e321990035bd53ab51eb9c9f8d53eb0797872f12a;0xc3121e9a;0x1eb9c9f8L;0.500000;1503084047;1503084065
1;4048;8048;0x40b818c5feb9e3c064591a7d6a7e5180760c5eb2a087afd444928a1db6b370f6;0xfaf276ec39d5c1ec9dbd3784453b8d7b6324f73b1123499b4825e351813803d4;0x657edfba;0x1123499bL;0.500000;1503084066;1503084084
1;4048;8048;0x9fe35d7c849706bc10dcc573621deaf7ee3f1f556f68e9a31edc1884c316d963;0x020d8238223347039331f3772f2de117e01e71d194f87f0f7a858db5c99ad1ee;0x194391a4;0x94f87f0fL;0.500000;1503084085;1503084105
1;4048;8048;0xeb5022e51c9031db4749ce5ee1ff88b2bd27041b8dcfdfde27a27c5e4cc31b37;0x9a7d5cb49e025a216839a3185fd28de9658d53375d0d2028d0420a750c9e7408;0xa24acb54;0x5d0d2028L;0.500000;1503084106;1503084123
1;4048;8048;0xee4ea1b6be2cce04990266e81a6680cd5751423032188694e9d9a634bcd9fbaa;0xd274c76e4c00a716756d24700fecae53f624cf67d1aeeebfc293eb9ad8677244;0x4ceb74fa;0xd1aeeebfL;0.500000;1503084125;1503084142
1;4048;8048;0x251a19e9b9e967cddccd1ac377e21bec67236a0770df0992ecc65e5a788eb89d;0x9ebe7e58fe86cf2690fbc9e08a9b2fa7bce28278273645fe89dbee2dd1468616;0x15b14c32;0x273645feL;0.500000;1503084143;1503084161
1;4048;8048;0x79a8f67969b10550a2f511b88ea6eab0f6729ea039b78983b1eea8d5dacab453;0x32d9a0bc92a038e6e06a6f6a82bc881472aaa807fdc37dd57c2d6aacbe9cbda4;0xc61f5435;0xfdc37dd5L;0.500000;1503084162;1503084180
1;4048;8048;0xe8ff189af4b460d7766e547425a5d9ed2878fb1e4ab70f514274c716f4f974dc;0xa64e9229c172bd5d12604f4f91cb7eb2a4ba2e6e1bf310bc5de6a2ed66ce42e6;0x2da03bd9;0x1bf310bcL;0.500000;1503084181;1503084199
0;4048;8048;0xdf117c39c0b4f5172c407eb3bc18dbff475e23eee59dc33f16d23c7a77ffe556;0x2ee3ec9f61d843ed7aeed544cbaf89fda0406cd200f5b8dd9fbed0fc2acffd6e;0x7e3c46f0;0x40f5b8ddL;0.500000;1503084200;1503084217
