1;4048;8048;0x269ed6736db8dba58262962b8c9e03f32ae79353bdf3c560b9a307b884bca9ab;0x394f88968bdb2c31a360cae4c2a8ec7701015775cbca44334e496e7607b481b8;0x5396bd7a;0xcbca4433L;0.500000;1503094168;1503094186
1;4048;8048;0x698a24611fdeb12225f0b9b56ee87c99c63ceab98432535e6a1fab6cd3e7013c;0xa73fd89886f2a98544a9293050821bcbcebb01c0808ace3b0bf41caa0d4cd896;0x3848ff58;0x808ace3bL;0.500000;1503094187;1503094204
1;4048;8048;0xe9f55fe03bba585a940b44ca5658c309a3aba1049dde2856f01cf21dde2965c8;0x2bd171597f17e4fe018e1d5e80928b8fb30fcdb62c2e67d849c998e804f3ae21;0x9c48b927;0x2c2e67d8L;0.500000;1503094205;1503094219
1;4048;8048;0x8b42bd1585f43ac2573d8d276c0f6b50746c86a9488bc75ca0ed2bfe0cc11297;0x6b676c811f79a0c81f3c433279edfeec538377430e73150edc26f4f070fe0d41;0x664faea5;0xe73150eL;0.500000;1503094220;1503094235
1;4048;8048;0x4ea0b0866a1594b69f2c6f7a96db65c0bac089ea3ac1fb5f709a901bbbc2af09;0x8c2618bb7576e7dadfe46a29b420a2afc4e75835bee18c4f095e95d935ff284f;0xa88a011d;0xbee18c4fL;0.500000;1503094236;1503094250
1;4048;8048;0xf081dd27bc658b455b293eff3aee68a2ff9b51b175b7c3f4119a8c1484543a74;0xc05aa21831085e63bb14abe9e89e578968c2ccd5d92b110dc9674d194f66d2c5;0x09807d48;0xd92b110dL;0.500000;1503094251;1503094266
1;4048;8048;0x1dcea7535a4cf5d435759e614e657b6591f4e502532f9506347f7575a549e8c2;0x3f6f338295c9b1551a135c202e1a7a79fb7b210b83af026dbc434a4f28b5c80d;0xa56d480f;0x83af026dL;0.500000;1503094267;1503094281
1;4048;8048;0x94aeffea3cfb4f5885142b03e9a760264eab106a5313a11e26d93ca3a997cf3e;0xf49ac1ab444bf27ee17c9d1647793a242ecd21800f01cdec6a317acffb699b5f;0xe25353fb;0xf01cdecL;0.500000;1503094282;1503094298
1;4048;8048;0x6419fb80f9fe576f40aade6a04764ab6e765eea931c61e3a1788035f1a7d4e7f;0x1313e7a983325e052d1e8f2b59468c098bfda06b27722f99528236794ded44f4;0x41786795;0x27722f99L;0.500000;1503094299;1503094314
1;4048;8048;0xb84a289a777f7f41d09e3326353b83d48376732521b50ab6bfad5ca1dd84c096;0xa39b399c475eab7a3d5bd115eed661d8614493a2a7076673192a6acb791038d7;0x5449bec6;0xa7076673L;0.500000;1503094315;1503094330
1;4048;8048;0xf7d448ed1b14b1d384dff32b44ba8fd7fb023adb45fd39482552324e91568889;0xac162c380d75adaa724ee89069d829506593bdfc13d55298b37896794be07247;0xaa27b72a;0x13d55298L;0.500000;1503094331;1503094347
0;4048;8048;0xd23963982644f4a3c36228057e2fc3a4baba16c032b8cbf840e726da5f047a31;0xdb855d15997625bcf08160ff8c068288cfe59ce7e1485210c4e7b3558edb3131;0x83afad00;0x294f4102L;0.500000;1503094348;1503094365
0;4048;8048;0x20430246e28a6fa3b9be84c743588f27310af34532ba9043a8a4138ffc48c71d;0xb5fa6f78f525706b58c949d193f77c679cb4a2c5cf976ce372e8708efa554e3d;0x404c1571;0xffffffffL;0.500000;1503094366;1503094382
1;4048;8048;0x159f380dd3f1861ae4a1c0723a217545fd1b076103a3ce7fe416ff7d44150859;0xee64f18820e95e2766fb7d936a88bc51c45e2cc0b66de3aed94a2ccd6053035f;0xf448e698;0xb66de3aeL;0.500000;1503094384;1503094399
1;4048;8048;0xc641b74a10da830876483b24f85f1ed04bae73724cc1b6fb414dc4e521c179e7;0x9ae4a44c3e90642fbeb9502d679437fbb5caf3797e79da715f92934bc36eb266;0xf0e9e2ba;0x7e79da71L;0.500000;1503094400;1503094417
1;4048;8048;0x640413cf6ca7b57b7dfec28edf403b29e26194720147fffc174e62c01c988e80;0xebf75ebd8208ca50deb467c0837e126f4d25c490d4e495f960a822eff207076b;0xdb1d598e;0xd4e495f9L;0.500000;1503094418;1503094434
1;4048;8048;0xc101a14d6773d2a2b8a3cc1fbe24f40033750286bd926439bc36ee4b5a014b1b;0xf71904f07afaa4e6a3ea23aff740a22d42eb4a8dc5ec42ac67c67b57524c5cb4;0x0bc9b70c;0xc5ec42acL;0.500000;1503094435;1503094451
1;4048;8048;0x1dda29942a877a2a45673a4b4acb83099f756ae684ac2bb48ef295a7c9f5d3e6;0x02c20faa7daf9018066e6e5d84160e954bc5e373c6e0559fb3288f7242b0b6a2;0xb9db09e1;0xc6e0559fL;0.500000;1503094452;1503094468
1;4048;8048;0x5c7ca77cbc2429e8f6430f1018bc97c4acfa60b8a0068566bfe74fdcf228604f;0xb50140b7550e6ea74134e7263d1ad74e8a5436c7ef8b2d9facfdbdabc0456f8b;0x9e3cc66a;0xef8b2d9fL;0.500000;1503094469;1503094485
1;4048;8048;0x58f77e59dbabde30ece5b634877451466941a67d5179ac1e253ee7be8d3878e5;0x9dc00d4a652a26e273c8fb12052b8fb7e085023dfd6affe3f3992536e0162f24;0x0877a037;0xfd6affe3L;0.500000;1503094486;1503094503
