0;4048;8048;0xfb3ccd9c256defb808fd0817be4a8450ce045ae7ee68c868787e57ec6dc56868;0xa73a18e9549b6a98d8bc77f4b55042a6d0d1da15ece9225c6c59ef111c4409ca;0xc8abb831;0xffffffffL;0.500000;1503216282;1503216296
1;4048;8048;0x3f00fc55f5da659eb582f98b398089de7e47e4c963105fba6dfd7543ef70862e;0x5db4973beeef8b4dfb8300231dffcfc1df583bb08323cd8d13f89e35d02eab8a;0xafd4bc2d;0x8323cd8dL;0.500000;1503216297;1503216310
1;4048;8048;0x7cf6f2d6b98b6c8e41888088a5f8ba7571f31d527f9cb269823950e5cc5abe48;0x4569caea0d619017c6601095af59e0bd81b4ca918f5da1f2761ff591c5917842;0xcd8f0add;0x8f5da1f2L;0.500000;1503216311;1503216325
1;4048;8048;0xb36f868d4232136fa4145f35c8c61c9f06dafa4f86c5935a8ff23aa72e0ae2e1;0x52d7a1af7a8e2b072344d7eb8e804340f1b6c3ec76d6a971a78443cdef917bb2;0xbdeb485a;0x76d6a971L;0.500000;1503216326;1503216340
1;4048;8048;0x56f97face3ba16924e57b2ce47aa2cbe8db77960ba536137803db18a1498ff6a;0x5f216dca1099157bad29bae3f5dec2ff548eba536bd212dcb58e2c5d70c3b404;0xd5357c8c;0x6bd212dcL;0.500000;1503216341;1503216354
1;4048;8048;0x614bd0f83462710bd7d09a9e6518e781daeb28973021a21312831936aa80020b;0x6c0a32fdacf363149fb6f237fecb7c2f394e969b63b8a7836e5866f0e8d3a7c5;0xab401c54;0x63b8a783L;0.500000;1503216355;1503216369
1;4048;8048;0x5b092790afde916ff9a5cb634ccaa4cd6bcc8c381dbcddb508bd9fbc4df4d4a9;0xb3e341286573086c666d95ecd59d3f13e1f0eba48f259fcb4a155b48392080fe;0x263e7c21;0x8f259fcbL;0.500000;1503216370;1503216384
1;4048;8048;0x20883768fcd2198f53fece857b9cca406699fe8050bf98b224c17f0c5229f772;0x92283fcee8763418199910802325a2264396dac462bce6f970a78296be020569;0xf62d4364;0x62bce6f9L;0.500000;1503216385;1503216398
1;4048;8048;0x3e7b47354f94404629e580ce0db1c64862d282f226862bcea060f4f4845814c2;0x747e18ceda1b7accdc79058c5947b816aa0c0c34e97c591f0947bb4e8b37b12f;0xc94d0809;0xe97c591fL;0.500000;1503216399;1503216413
1;4048;8048;0xba61f21a707e333407f935c576a1a9f5e891ac8f33b379efa06f6ac93f4826f9;0x4dab9c7fa54a7f1f3598cd75f8e016c2db9a7a9a5c1c3938e71465b83c5d228e;0xf00be726;0x5c1c3938L;0.500000;1503216414;1503216428
1;4048;8048;0xdf0ca94759bba4609c5124fc3413d2fbe778e63588f730755b2789fafeb4b7dd;0xfbfe170d8661db0e3a50170a515b2ddd2ab4a8118c0aee82aee2d52197f5e191;0x839e9ae9;0x8c0aee82L;0.500000;1503216429;1503216442
1;4048;8048;0x76823af47c4a48b8582aab401fb614a46fa483f895127c6f30a86b4c26f65b9c;0xc0d9c849be69850d7d5cc46374798c8b2a320efbaffb1c510b3e94fb42e51256;0xdb78d22e;0xaffb1c51L;0.500000;1503216443;1503216457
1;4048;8048;0x0c6448a1fbf862ed8ecd9a038a179fa82507db5f7d027a38f0611f616ac88276;0xb51b5cbc30617c57e735b94ee3feb77eac7508b011c13a2623d3c050351bc69d;0x6989c16a;0x11c13a26L;0.500000;1503216458;1503216471
1;4048;8048;0x8e8acf92808ac1713c4969a9ff7d9002e59f8018edfc5f475d00caf4b4ddfe42;0xd0da7266d1c5bcbffdf1dc5e47508e5cdbc790da47c7963ab00bbc23a7489bf9;0xe19e93a8;0x47c7963aL;0.500000;1503216472;1503216486
1;4048;8048;0x653b1a4fe5b99fe07e520175c78762a41dcd10ee37412ca0d97ca5edadc20012;0x492b90d62ab219dab2f79049206681504c4ab31882d3ba84ca063d0ac52909b2;0xb15b2708;0x82d3ba84L;0.500000;1503216487;1503216500
1;4048;8048;0xe8201d2e43174807d0758c85e1b1f6f4a92ca51cec477e7cc70c4dd841679f29;0x9a3b1c5edd45f8f00f61bfde3a49f8ccb66f307c375cab6d2acb48e295e17b02;0xe20f6304;0x375cab6dL;0.500000;1503216501;1503216515
1;4048;8048;0x0944b13dbc89569c58b73ac546ea89fe854fd778cefe6f0b1b998d9830ead239;0x3642372d9e1f29f0e8cbbe6d5e35a082db6cf6484104ce8ccc7685f7b6e0a642;0x9a8f97c3;0x4104ce8cL;0.500000;1503216516;1503216530
1;4048;8048;0xe3c7e93fd273f20e58dce0d86bb770c1661eb4628a0bc49dd035ef18e6a6a9c9;0x97d873c1736abcc5b55466313dfd3be14e416961958f06805081d19a96071150;0x76b74eb1;0x958f0680L;0.500000;1503216531;1503216544
1;4048;8048;0xcea1f0c9aff519ed9eb3224efd3eb3849297933934a4f31667e245cbd6fb7ca4;0x2a701a71f83d7fda825ab4e6ba9e94b2ab57b4d5228756f649efd75c3eecebd8;0x4be8d23c;0x228756f6L;0.500000;1503216545;1503216558
1;4048;8048;0x6126776289a81dbc805e804d869398e33073d767e170066ebec9695f271e4988;0xef2f4e75ac13b04680c1a688f14824dda2289fa6b18b18d5118aa62a27718edb;0x95992b3b;0xb18b18d5L;0.500000;1503216559;1503216573
