1;4048;8048;0x8a036098acc913fce7e6fee267f698e6d6a91d4a07739086c9f2d34322cfd7ac;0x3b84aa7105294a306c64d2b870b9759bf305e6aedbd397a7a929d7e0394aa533;0x43df8d10;0xdbd397a7L;0.500000;1503178231;1503178246
1;4048;8048;0xa42c3e372ea8d3056eeee4b1b64322f5061e3409becb73bb52b1d7f17abe7c1e;0x449a903c5c2f4c0eed97a9321783d4e342e24a9e82c11c63d485ffba6ab80b59;0x9fee9255;0x82c11c63L;0.500000;1503178247;1503178262
1;4048;8048;0x7c172e613f8ee6d511d30805cf7c5d41028b8401aa357bc658327c71fc525478;0xb70f62ff0850f73ef8274b6cb7042e5cd15234c2230dd2b37ca232360a606ac1;0xb48fb10c;0x230dd2b3L;0.500000;1503178263;1503178278
1;4048;8048;0xf8b6b9b84f6131d538a7e2c45d546a20ee9e54e8179a553e37ff4e08e864d9e0;0x1ce6119e557c9431cc001f1a68af0fc3b2377e2d93626f3e2e711264dc19a45f;0x25c7d031;0x93626f3eL;0.500000;1503178279;1503178294
0;4048;8048;0x8bcb7a0aa876887ec8ec65b89305c3a75464375d109b06980155b8be2d886eb8;0x4bca59660e80e4f91f44c2b87aa6bb229e04aae8041b96027385a9a339343dc8;0xde7e96d4;0xa402902L;0.500000;1503178295;1503178309
1;4048;8048;0x08525ed6e1a9fe2d5a55d06acd03e36d34a607027e5b21b020a1c570c68142ce;0x38bc11743ca4b969d663d7cd85fad93497461b7803f6343a7725aa2ea6d1c72f;0x7b05f3ea;0x3f6343aL;0.500000;1503178310;1503178325
0;4048;8048;0x38e1c8fc2b773f63d946df4b7ad080c48f479f17f038e4ddcc5374d9c06540f8;0xf8528799813a07d652bf8bab4a0951307a9ac7fa7479ab04d2486271bd6f3b01;0x4c18d314;0x911a4502L;0.500000;1503178326;1503178340
1;4048;8048;0xfa609a2583e45e9d95d70ecb03f92e6fe2036761637f5aefaf6bec2b4ca78146;0x4c41c81df7b1c49f501ae62aa4cc2a176a20fc47149cd3972c98df49cac1f539;0x9720dc3b;0x149cd397L;0.500000;1503178341;1503178355
0;4048;8048;0x9e0ccb49909c1a34798ceaf22555d35cf08a8c10839c823f5403740e38cd1dd7;0x4e7d2b4c1f752636fc34f47d514c43c8808f0bb0a1f2d1001e3cc06f08786625;0xdd4d4c9b;0x5a891f49L;0.500000;1503178356;1503178370
1;4048;8048;0x8000ed682317f79f540bb603c0429b7f55eeba78abf509c99e1bd1538e9eb10e;0x0f02d60f7b52fa84e4437374ee5d8537a7673c1a37100de8fd52b9a74824111b;0x64164ba4;0x37100de8L;0.500000;1503178371;1503178385
1;4048;8048;0x084332046c6b10e7c4b827fa9b12db51fc1e2d09e6d9eed8287a1b0ac25ef5ca;0x8fcb647b001315d8cb5800bac560dddbc9040d3702c3459e179f7a9156e10e1a;0xabe26099;0x2c3459eL;0.500000;1503178386;1503178400
1;4048;8048;0x575f08884375c6b83d6287ad799ee52ffcfc86fd9f41848938db9c8e159d996c;0x62d8a1933e7664edd2585e0b87dc80b6ff09aa3d0e936d6cfa5f444bd90a6cb8;0x5e82e220;0xe936d6cL;0.500000;1503178401;1503178415
1;4048;8048;0x4de0cbb28d86cfe405f320ec787690269e59e2ecb960d4c32fada37c90c24fde;0x147c64d5c24f3dc5fad227e96c77bb28fc500b9509b1e6d14a399aa581bbedfb;0xdbcab115;0x9b1e6d1L;0.500000;1503178416;1503178430
1;4048;8048;0x3223e42acb0693fceabca0b32c01def6cd2285ec008957d7ea9390d5a2b039d4;0x107ac3779b6e9f2070a0f5593dad515b24a5212b8e54e5093f6f8b518d3b9c85;0xca7b0d28;0x8e54e509L;0.500000;1503178431;1503178445
1;4048;8048;0xe394885d9ba2541733dab5eaa517a0ca22d6e25429040288e5264418f4430bd7;0x6c7e83ee6dd681963fb10240a670658b92890dbab598f395f6eef32308386b80;0x59503707;0xb598f395L;0.500000;1503178446;1503178459
1;4048;8048;0xf2ee50fe6c9b7429dfa3aafc0ddea619b5115ff9247112b4f6b71fdb6424ae56;0xcb0a247e2d631a699e779b400bc113facbd28a902f933568d3201d5e0d23e31d;0x63d3a021;0x2f933568L;0.500000;1503178460;1503178474
0;4048;8048;0xe8ca71bde8ed61691f98399605ad5ef1acdd1a5086a19544cc48708a9822df80;0x29f1e7658f95ceb1d44f313a2c5220720c0a616d93f5131715f7af464d96456f;0x3eb7225d;0xffffffffL;0.500000;1503178475;1503178489
1;4048;8048;0x739631676c396d66589dcb99efc546edcc1ed28d01e562f2be9342e825f16398;0x11c21928d9a463c6bcb1c17d8c17a0db4c57ad9fb0ea8707097c942d827a4b5b;0xab7d2bff;0xb0ea8707L;0.500000;1503178490;1503178503
1;4048;8048;0x5ad897ec74ab53b944e7bfa80403e12ea2b62da8b4802ee3a4e0a4c047c147a1;0xa08c2679e8862b855ffb7d94c244906d564d32337b70a2744742307ee1639853;0x24dacf2c;0x7b70a274L;0.500000;1503178504;1503178518
1;4048;8048;0xf9a020f6754d9fd3324f72dbdb95ed4d5301e0d81111d83847b27a06c8bab8c1;0x7eb261c63728405fae56089e9139bbc1ebf6d38fe085d9ce7e16c3f3d71bd11a;0xc3663511;0xe085d9ceL;0.500000;1503178519;1503178532
