0;64;8048;0x4d3cb68850e1399c82b5e2c087f589a3f1572455020707d7e8dd5b585f72aaac;0xabded0f76f2c85659fe868ed5851e9c3f7d5df48ff12d18bf510c3ba3c755b24;0x963e6633;0x792a7c02L;0.500000;1503211271;1503211272
0;64;8048;0x8270f1568813782ba9944e11d1c74e8d3d181ac1e7e60733be878470b3189f36;0x6208171e7eb3d150ddb7d924948637582a2cfa88a702c6a4ad4be382b1e9fc05;0x0388a17f;0x442422c5L;0.500000;1503211272;1503211272
0;64;8048;0x8270f1568813782ba9944e11d1c74e8d3d181ac1e7e60733be878470b3189f36;0x6208171e7eb3d150ddb7d924948637582a2cfa88a702c6a4ad4be382b1e9fc05;0x0388a17f;0x442422c5L;0.500000;1503211272;1503211272
0;64;8048;0x8270f1568813782ba9944e11d1c74e8d3d181ac1e7e60733be878470b3189f36;0x6208171e7eb3d150ddb7d924948637582a2cfa88a702c6a4ad4be382b1e9fc05;0x0388a17f;0x442422c5L;0.500000;1503211272;1503211273
0;64;8048;0x151ce566d88f8657292c127713078f9825b065a5efb56a008d1e1ac5944066a9;0x66c776ecac441fbf03ba45778bdeb8e0af90c3208d727633522638bebf7d0422;0x0e07cfbb;0x8e867040L;0.500000;1503211273;1503211273
0;64;8048;0x151ce566d88f8657292c127713078f9825b065a5efb56a008d1e1ac5944066a9;0x66c776ecac441fbf03ba45778bdeb8e0af90c3208d727633522638bebf7d0422;0x0e07cfbb;0x8e867040L;0.500000;1503211273;1503211274
0;64;8048;0x2a398c0ca6dcbaa8d3123c56062fe40b85625d20559183ae490d69577742aca1;0xb62b7435317eb3e059603aeb900347aa1ea0b4dc0eb3932cc2d4431989c7ef71;0x56ea2ae0;0xd4808110L;0.500000;1503211274;1503211274
0;64;8048;0x2a398c0ca6dcbaa8d3123c56062fe40b85625d20559183ae490d69577742aca1;0xb62b7435317eb3e059603aeb900347aa1ea0b4dc0eb3932cc2d4431989c7ef71;0x56ea2ae0;0xd4808110L;0.500000;1503211274;1503211274
0;64;8048;0x2a398c0ca6dcbaa8d3123c56062fe40b85625d20559183ae490d69577742aca1;0xb62b7435317eb3e059603aeb900347aa1ea0b4dc0eb3932cc2d4431989c7ef71;0x56ea2ae0;0xd4808110L;0.500000;1503211274;1503211275
0;64;8048;0xf6b0197488fa8ba430ecd5879e5ff3b6fee3f6380533942f285c58b3ea9886e1;0x8c964765efa0803bd0f88319a3903d8b9ec35d7a2bf174e8e6621b040c886479;0xde7a52ce;0x29a1875dL;0.500000;1503211275;1503211275
0;64;8048;0xf6b0197488fa8ba430ecd5879e5ff3b6fee3f6380533942f285c58b3ea9886e1;0x8c964765efa0803bd0f88319a3903d8b9ec35d7a2bf174e8e6621b040c886479;0xde7a52ce;0x29a1875dL;0.500000;1503211275;1503211275
0;64;8048;0xf6b0197488fa8ba430ecd5879e5ff3b6fee3f6380533942f285c58b3ea9886e1;0x8c964765efa0803bd0f88319a3903d8b9ec35d7a2bf174e8e6621b040c886479;0xde7a52ce;0x29a1875dL;0.500000;1503211275;1503211276
0;64;8048;0x0012b0c1ab1f5258e2cf2cd6f69bac0990660c2027469ef4f8808fc3d56c5dd5;0xc16f8829ca6528e95a1ac99165e63736e1e7fe85a9390d705df853366801ac16;0x9c89cad5;0x2c0a6083L;0.500000;1503211276;1503211276
0;64;8048;0x0012b0c1ab1f5258e2cf2cd6f69bac0990660c2027469ef4f8808fc3d56c5dd5;0xc16f8829ca6528e95a1ac99165e63736e1e7fe85a9390d705df853366801ac16;0x9c89cad5;0x2c0a6083L;0.500000;1503211276;1503211277
0;64;8048;0xc3cf1f894b5b8272de143a914d9c3d40e279f345de52de0f4d3fa4a910f8a5d3;0xc4ec5e9dbb8360c43495cfc6801d352ed7d3229cab4d5a5ab811b112251d5bda;0xdc3e1711;0x1b023849L;0.500000;1503211277;1503211277
0;64;8048;0xc3cf1f894b5b8272de143a914d9c3d40e279f345de52de0f4d3fa4a910f8a5d3;0xc4ec5e9dbb8360c43495cfc6801d352ed7d3229cab4d5a5ab811b112251d5bda;0xdc3e1711;0x1b023849L;0.500000;1503211277;1503211277
0;64;8048;0xc3cf1f894b5b8272de143a914d9c3d40e279f345de52de0f4d3fa4a910f8a5d3;0xc4ec5e9dbb8360c43495cfc6801d352ed7d3229cab4d5a5ab811b112251d5bda;0xdc3e1711;0x1b023849L;0.500000;1503211277;1503211278
0;64;8048;0x4d71d0532aa9f1715562f872b7f8531ed41e43a41ea69812e8ffd28c71d24ebe;0x3824da6cb739babf3ee43c71deda1b7db69b9f798abf5585609797fc2936b30c;0x7282f9fe;0xe8d5b1b5L;0.500000;1503211278;1503211278
0;64;8048;0x4d71d0532aa9f1715562f872b7f8531ed41e43a41ea69812e8ffd28c71d24ebe;0x3824da6cb739babf3ee43c71deda1b7db69b9f798abf5585609797fc2936b30c;0x7282f9fe;0xe8d5b1b5L;0.500000;1503211278;1503211279
0;64;8048;0x9cfe5b121aa2c3adf1886b11f231098c3ac412e4cc03ee8cbeae528d5f6ae6fb;0x1151c18a1530d2c247522ce1957da70400bd30a3ca37f2db27c1de0429ade95a;0x5aa8ca5d;0xc4b88639L;0.500000;1503211279;1503211279
