0;64;8048;0xc7fe42c73de540d71f85a99dc9c14438c1edc8992c1bc72601cc4651c2b3fc8a;0x3e88fd7636430a86ae005fcce71a718bacc2932f2912e1fd4858543f7b7b031a;0xe02efdb7;0x72a51231L;0.500000;1503207702;1503207702
0;64;8048;0xc7fe42c73de540d71f85a99dc9c14438c1edc8992c1bc72601cc4651c2b3fc8a;0x3e88fd7636430a86ae005fcce71a718bacc2932f2912e1fd4858543f7b7b031a;0xe02efdb7;0x72a51231L;0.500000;1503207702;1503207703
0;64;8048;0x10dc38c5b5032451daff10fcae40e2ac22d3224bd8604e69f6cb122b0343d913;0xec492b3ea8fa69e783a13f591b073645cd85dd2c34e317494916eb8c6aab786e;0x860a1137;0x33232b6L;0.500000;1503207703;1503207703
0;64;8048;0x10dc38c5b5032451daff10fcae40e2ac22d3224bd8604e69f6cb122b0343d913;0xec492b3ea8fa69e783a13f591b073645cd85dd2c34e317494916eb8c6aab786e;0x860a1137;0x33232b6L;0.500000;1503207703;1503207703
0;64;8048;0x10dc38c5b5032451daff10fcae40e2ac22d3224bd8604e69f6cb122b0343d913;0xec492b3ea8fa69e783a13f591b073645cd85dd2c34e317494916eb8c6aab786e;0x860a1137;0x33232b6L;0.500000;1503207703;1503207704
0;64;8048;0x0c56b43c74acdc5cf8982641a8f150da8c277dd7060593d17b0e45d4ff6ee60b;0x6748df5076be5bbc96207d3f22df830a96226d9c3ee796e5562272a807e4cc6a;0x718d9656;0x80019c92L;0.500000;1503207704;1503207704
0;64;8048;0x0c56b43c74acdc5cf8982641a8f150da8c277dd7060593d17b0e45d4ff6ee60b;0x6748df5076be5bbc96207d3f22df830a96226d9c3ee796e5562272a807e4cc6a;0x718d9656;0x80019c92L;0.500000;1503207704;1503207705
0;64;8048;0x1e97b367a7c3f7a564d70741e524d4577875e66d0080fd513716f3ee1d6e0b3c;0x5339da8ddc4cd8a8bd7967e210cd2c4f61c5e7848da7fb7400acc59092e9309c;0xdb1a305a;0x3e551d2eL;0.500000;1503207705;1503207705
0;64;8048;0x1e97b367a7c3f7a564d70741e524d4577875e66d0080fd513716f3ee1d6e0b3c;0x5339da8ddc4cd8a8bd7967e210cd2c4f61c5e7848da7fb7400acc59092e9309c;0xdb1a305a;0x3e551d2eL;0.500000;1503207705;1503207705
0;64;8048;0x1e97b367a7c3f7a564d70741e524d4577875e66d0080fd513716f3ee1d6e0b3c;0x5339da8ddc4cd8a8bd7967e210cd2c4f61c5e7848da7fb7400acc59092e9309c;0xdb1a305a;0x3e551d2eL;0.500000;1503207705;1503207706
0;64;8048;0x3cf027d5dbe432bcdeed165b7756ef0f8bb47d8620395f72f336275e5a870e96;0x6b679839db476658259d772ed5c6438827791267648b3226f24d4f9cb1053e6e;0x548d06bc;0x840a3a16L;0.500000;1503207706;1503207706
0;64;8048;0x3cf027d5dbe432bcdeed165b7756ef0f8bb47d8620395f72f336275e5a870e96;0x6b679839db476658259d772ed5c6438827791267648b3226f24d4f9cb1053e6e;0x548d06bc;0x840a3a16L;0.500000;1503207706;1503207706
0;64;8048;0x3cf027d5dbe432bcdeed165b7756ef0f8bb47d8620395f72f336275e5a870e96;0x6b679839db476658259d772ed5c6438827791267648b3226f24d4f9cb1053e6e;0x548d06bc;0x840a3a16L;0.500000;1503207706;1503207707
0;64;8048;0x617efa6662696792a70d00cffee349a62c4c1fc6a5c77f78b81e4f456c75b2ce;0xe031625828d2d1dc978b09aa069d517c5ba007024181eb0e931cf32ef70fb548;0x345d4d3f;0xef07d435L;0.500000;1503207707;1503207707
0;64;8048;0x617efa6662696792a70d00cffee349a62c4c1fc6a5c77f78b81e4f456c75b2ce;0xe031625828d2d1dc978b09aa069d517c5ba007024181eb0e931cf32ef70fb548;0x345d4d3f;0xef07d435L;0.500000;1503207707;1503207708
0;64;8048;0x68f84c5e721e7784da3e55ef78815297020dc907f79fe2ae87609d15fbbb9264;0xb6a0f70598cd4fc8af9ca2078fab0e41caa7d3c9db13039671227e2d0ae17eb3;0x56690d3f;0x5c071c40L;0.500000;1503207708;1503207708
0;64;8048;0x68f84c5e721e7784da3e55ef78815297020dc907f79fe2ae87609d15fbbb9264;0xb6a0f70598cd4fc8af9ca2078fab0e41caa7d3c9db13039671227e2d0ae17eb3;0x56690d3f;0x5c071c40L;0.500000;1503207708;1503207708
0;64;8048;0x68f84c5e721e7784da3e55ef78815297020dc907f79fe2ae87609d15fbbb9264;0xb6a0f70598cd4fc8af9ca2078fab0e41caa7d3c9db13039671227e2d0ae17eb3;0x56690d3f;0x5c071c40L;0.500000;1503207708;1503207709
0;64;8048;0x0ba1765c21e6020412902490879b527f199dd3d2cc93f1af39c34148644d9470;0xd1cefb44de3b21226789ea5af8887c8e73a6f7b9e09efaf25e630374c8bba8a3;0x39a8fee8;0x5f6a8a02L;0.500000;1503207709;1503207709
0;64;8048;0x0ba1765c21e6020412902490879b527f199dd3d2cc93f1af39c34148644d9470;0xd1cefb44de3b21226789ea5af8887c8e73a6f7b9e09efaf25e630374c8bba8a3;0x39a8fee8;0x5f6a8a02L;0.500000;1503207709;1503207709
