0;64;8048;0x4104edc5241baf9b952367a39e00848e0a0676c2a4f45fb3ceb6a6f7e20daf23;0x98603ccf6a2de31deccc0660931d5e0b70fa04a005cb6c505c4a8bc356fce4b9;0x0f214afe;0x103e50eL;0.500000;1503123126;1503123127
0;64;8048;0x55c35b2f121017ecfdc2e66a524e9d94099e3c10699d1ceadad7b71acd06c922;0x67e542cfe80295950de6275ef9b960c90abe974a90507ba57258d7dd81475be4;0xd241e79b;0x40523016L;0.500000;1503123127;1503123127
0;64;8048;0x55c35b2f121017ecfdc2e66a524e9d94099e3c10699d1ceadad7b71acd06c922;0x67e542cfe80295950de6275ef9b960c90abe974a90507ba57258d7dd81475be4;0xd241e79b;0x40523016L;0.500000;1503123127;1503123128
0;64;8048;0xa4799fc5b25b4435662a0bc7611dea5490623e0eb4a756ba98d61fdcfbc9439f;0xb19ab6aae998da85382840503e60c8ae4bbe6284608c3c35d0aadbe5e0b58ad7;0x92634037;0xa01370a2L;0.500000;1503123128;1503123128
0;64;8048;0xa4799fc5b25b4435662a0bc7611dea5490623e0eb4a756ba98d61fdcfbc9439f;0xb19ab6aae998da85382840503e60c8ae4bbe6284608c3c35d0aadbe5e0b58ad7;0x92634037;0xa01370a2L;0.500000;1503123128;1503123128
0;64;8048;0xa4799fc5b25b4435662a0bc7611dea5490623e0eb4a756ba98d61fdcfbc9439f;0xb19ab6aae998da85382840503e60c8ae4bbe6284608c3c35d0aadbe5e0b58ad7;0x92634037;0xa01370a2L;0.500000;1503123128;1503123129
0;64;8048;0x715db24436885d1776674e6cfa042cd15d206cfd74952921cabfc86207695878;0x1960edab3ff35c2c1f07adb5829d453628ababe57d8bec48bcd8c344636fcc4a;0x20a82d70;0xa4561127L;0.500000;1503123129;1503123129
0;64;8048;0x715db24436885d1776674e6cfa042cd15d206cfd74952921cabfc86207695878;0x1960edab3ff35c2c1f07adb5829d453628ababe57d8bec48bcd8c344636fcc4a;0x20a82d70;0xa4561127L;0.500000;1503123129;1503123130
0;64;8048;0x8d62c9d3f158a37b9c0a48c439db41ef200312d374e6062829655bf543c231d0;0x53d93c7fc51c1d2275adb4825a8dc4e48a093bab272f851dd66704ef73ed0460;0xecaae951;0x8036f121L;0.500000;1503123130;1503123130
0;64;8048;0x8d62c9d3f158a37b9c0a48c439db41ef200312d374e6062829655bf543c231d0;0x53d93c7fc51c1d2275adb4825a8dc4e48a093bab272f851dd66704ef73ed0460;0xecaae951;0x8036f121L;0.500000;1503123130;1503123130
0;64;8048;0x8d62c9d3f158a37b9c0a48c439db41ef200312d374e6062829655bf543c231d0;0x53d93c7fc51c1d2275adb4825a8dc4e48a093bab272f851dd66704ef73ed0460;0xecaae951;0x8036f121L;0.500000;1503123130;1503123131
0;64;8048;0xfab44aa8c6b0207ab50ac4b9c21c4893ae817c52dcd2ff337ab23c06f2f25cec;0x09dee079f37e916710b22f0886b29c1335325be80d59e0dc0f94efb56a514f95;0x016fff48;0xb695895L;0.500000;1503123131;1503123131
0;64;8048;0xfab44aa8c6b0207ab50ac4b9c21c4893ae817c52dcd2ff337ab23c06f2f25cec;0x09dee079f37e916710b22f0886b29c1335325be80d59e0dc0f94efb56a514f95;0x016fff48;0xb695895L;0.500000;1503123131;1503123131
0;64;8048;0xfab44aa8c6b0207ab50ac4b9c21c4893ae817c52dcd2ff337ab23c06f2f25cec;0x09dee079f37e916710b22f0886b29c1335325be80d59e0dc0f94efb56a514f95;0x016fff48;0xb695895L;0.500000;1503123132;1503123132
0;64;8048;0x8f34d1bcf643a37881d43c4c9bbb6d9fc5bf1565bf6d419e1b8a97af947ddf23;0x7dd9d128286e5fded5112664746577bb3aa9beba593a188bb59c820002389563;0x4d718c55;0x480b4942L;0.500000;1503123132;1503123132
0;64;8048;0x8f34d1bcf643a37881d43c4c9bbb6d9fc5bf1565bf6d419e1b8a97af947ddf23;0x7dd9d128286e5fded5112664746577bb3aa9beba593a188bb59c820002389563;0x4d718c55;0x480b4942L;0.500000;1503123132;1503123133
0;64;8048;0xa8af521517016da2e46988031a0c3e2eee9a7fbf5f035383bd2ab0ebcea46f76;0x2e73428364cd6e9669b79d970573a2635fc36deeaf5f5080edee18503ecc4871;0x15c7cb8e;0x246b0966L;0.500000;1503123133;1503123133
0;64;8048;0xa8af521517016da2e46988031a0c3e2eee9a7fbf5f035383bd2ab0ebcea46f76;0x2e73428364cd6e9669b79d970573a2635fc36deeaf5f5080edee18503ecc4871;0x15c7cb8e;0x246b0966L;0.500000;1503123133;1503123133
0;64;8048;0xa8af521517016da2e46988031a0c3e2eee9a7fbf5f035383bd2ab0ebcea46f76;0x2e73428364cd6e9669b79d970573a2635fc36deeaf5f5080edee18503ecc4871;0x15c7cb8e;0x246b0966L;0.500000;1503123133;1503123134
0;64;8048;0xfac455e1863cdb9489db4d7902fc818b5c1a78fe6e24ec6ba235df67a84a71a2;0x6d07c796305187669b07c7a716d862c6927b5b15cc80f8eee93712380e584c81;0x433cfd13;0x154c198eL;0.500000;1503123134;1503123134
