0;64;8048;0xec06089ffb20d3db972c88e2fe725182f552dc45be706b70c54dd60c058967f2;0x4d21afed453d07cee6ae99c62a369b8829aea74cb413014c0da80fa24d56ec47;0xc2534f2a;0x5984b010L;0.500000;1503205349;1503205349
0;64;8048;0xec06089ffb20d3db972c88e2fe725182f552dc45be706b70c54dd60c058967f2;0x4d21afed453d07cee6ae99c62a369b8829aea74cb413014c0da80fa24d56ec47;0xc2534f2a;0x5984b010L;0.500000;1503205349;1503205350
0;64;8048;0xc27f6af726db7b773f62b3d6ffb4c08d9387260214f65b03f5b9be405c033f1e;0x324feb6c2bd2aca61eb29809134207195114993cbc5d5308a179bacbefc30075;0x3f4d52b7;0x49800102L;0.500000;1503205350;1503205350
0;64;8048;0xc27f6af726db7b773f62b3d6ffb4c08d9387260214f65b03f5b9be405c033f1e;0x324feb6c2bd2aca61eb29809134207195114993cbc5d5308a179bacbefc30075;0x3f4d52b7;0x49800102L;0.500000;1503205350;1503205350
0;64;8048;0xc27f6af726db7b773f62b3d6ffb4c08d9387260214f65b03f5b9be405c033f1e;0x324feb6c2bd2aca61eb29809134207195114993cbc5d5308a179bacbefc30075;0x3f4d52b7;0x49800102L;0.500000;1503205351;1503205351
0;64;8048;0x71e63257c562d8b06ac7342d090d260730a58e6021e1cc8592f2377ef4eaa766;0x520ad472525f5e215c5e82c213ae5b25d68b4fba46e919fdc82168e2e10b2603;0xcbe5a0cf;0xc988e126L;0.500000;1503205351;1503205351
0;64;8048;0x71e63257c562d8b06ac7342d090d260730a58e6021e1cc8592f2377ef4eaa766;0x520ad472525f5e215c5e82c213ae5b25d68b4fba46e919fdc82168e2e10b2603;0xcbe5a0cf;0xc988e126L;0.500000;1503205351;1503205352
0;64;8048;0x75d74d7af1d0b5ed71516ee529c682b2fc57cb35c3cd92668b0f4da1a95efa1e;0x43008b931aeca2c0faea1c85c6967acb6d85c0280b8cef4bea9acf6d79a4ee9d;0xae29a110;0x3142dc0aL;0.500000;1503205352;1503205352
0;64;8048;0x75d74d7af1d0b5ed71516ee529c682b2fc57cb35c3cd92668b0f4da1a95efa1e;0x43008b931aeca2c0faea1c85c6967acb6d85c0280b8cef4bea9acf6d79a4ee9d;0xae29a110;0x3142dc0aL;0.500000;1503205352;1503205352
0;64;8048;0x75d74d7af1d0b5ed71516ee529c682b2fc57cb35c3cd92668b0f4da1a95efa1e;0x43008b931aeca2c0faea1c85c6967acb6d85c0280b8cef4bea9acf6d79a4ee9d;0xae29a110;0x3142dc0aL;0.500000;1503205352;1503205353
0;64;8048;0xd2f53e0200cc1b681fc760c8fe860e8165584969d6f35c450e62ded11fc4a3f1;0xcf6d066352dcc118e5672654a3dadc3b8ebabeea1853328ab2e91a7116671d8f;0xbb78c8ad;0x806403d2L;0.500000;1503205353;1503205353
0;64;8048;0xd2f53e0200cc1b681fc760c8fe860e8165584969d6f35c450e62ded11fc4a3f1;0xcf6d066352dcc118e5672654a3dadc3b8ebabeea1853328ab2e91a7116671d8f;0xbb78c8ad;0x806403d2L;0.500000;1503205353;1503205353
0;64;8048;0xd2f53e0200cc1b681fc760c8fe860e8165584969d6f35c450e62ded11fc4a3f1;0xcf6d066352dcc118e5672654a3dadc3b8ebabeea1853328ab2e91a7116671d8f;0xbb78c8ad;0x806403d2L;0.500000;1503205354;1503205354
0;64;8048;0x31acad99575a07110a98581f29dd1cd46d7c71591dc4087a81fa51e5e486e315;0x09988e5ee1cac6a56dde65136cd12dda03356d23d6566aa53b8fbc9fa4aa8819;0xd4add306;0x48d303b8L;0.500000;1503205354;1503205354
0;64;8048;0x31acad99575a07110a98581f29dd1cd46d7c71591dc4087a81fa51e5e486e315;0x09988e5ee1cac6a56dde65136cd12dda03356d23d6566aa53b8fbc9fa4aa8819;0xd4add306;0x48d303b8L;0.500000;1503205354;1503205355
0;64;8048;0x819ff31b4ddc0b347849b9a8442683484a95d041c63f108fa413c489a32f3e24;0xcb2b09dee8a69c0f4d5888d16e8320343bd42aa433d32c6625f380fec0298ba5;0x6924dbed;0x19251b39L;0.500000;1503205355;1503205355
0;64;8048;0x819ff31b4ddc0b347849b9a8442683484a95d041c63f108fa413c489a32f3e24;0xcb2b09dee8a69c0f4d5888d16e8320343bd42aa433d32c6625f380fec0298ba5;0x6924dbed;0x19251b39L;0.500000;1503205355;1503205355
0;64;8048;0x819ff31b4ddc0b347849b9a8442683484a95d041c63f108fa413c489a32f3e24;0xcb2b09dee8a69c0f4d5888d16e8320343bd42aa433d32c6625f380fec0298ba5;0x6924dbed;0x19251b39L;0.500000;1503205355;1503205356
0;64;8048;0x1c536e30e5281ef994a4568e72ba061e87e4784605fe0bb98390dba7cfa21feb;0x192652abf7612e8802846b1290c88e436989d71d49efbf02a859f973227713ef;0x81bb9bbb;0xa010c144L;0.500000;1503205356;1503205356
0;64;8048;0x1c536e30e5281ef994a4568e72ba061e87e4784605fe0bb98390dba7cfa21feb;0x192652abf7612e8802846b1290c88e436989d71d49efbf02a859f973227713ef;0x81bb9bbb;0xa010c144L;0.500000;1503205356;1503205356
