0;64;8048;0xbe9a94baa1275321ea0d5085f921093c72388a0ed1a0e549aaceacdba67ecb64;0x700d281cbafe84a1d4d212300d555a78156734ccab06ad30a8ad9359ddbc79fa;0xe422a6e2;0x18e394c2L;0.500000;1503250450;1503250450
0;64;8048;0xbe9a94baa1275321ea0d5085f921093c72388a0ed1a0e549aaceacdba67ecb64;0x700d281cbafe84a1d4d212300d555a78156734ccab06ad30a8ad9359ddbc79fa;0xe422a6e2;0x18e394c2L;0.500000;1503250450;1503250451
0;64;8048;0xcffe7ff6b25473d8a3cc34da1d515da36b7d3bf7316e67b0de38593fb35a9682;0x87d479373f0fecd17f8e747694b1a89207a909395c51b6834df9039580ef5089;0x2785502c;0x636a8331L;0.500000;1503250451;1503250451
0;64;8048;0xcffe7ff6b25473d8a3cc34da1d515da36b7d3bf7316e67b0de38593fb35a9682;0x87d479373f0fecd17f8e747694b1a89207a909395c51b6834df9039580ef5089;0x2785502c;0x636a8331L;0.500000;1503250451;1503250451
0;64;8048;0xcffe7ff6b25473d8a3cc34da1d515da36b7d3bf7316e67b0de38593fb35a9682;0x87d479373f0fecd17f8e747694b1a89207a909395c51b6834df9039580ef5089;0x2785502c;0x636a8331L;0.500000;1503250451;1503250452
0;64;8048;0xf95f0a5a744fb7ddbeefea6df8367e382c2fd767eeece2125f2291b7b31a23ac;0x8775ac89f85c1419056a7420c04ea670a12256c32f8d57b085e8bde93a857f78;0xeab47b79;0x7f5808eeL;0.500000;1503250452;1503250452
0;64;8048;0xf95f0a5a744fb7ddbeefea6df8367e382c2fd767eeece2125f2291b7b31a23ac;0x8775ac89f85c1419056a7420c04ea670a12256c32f8d57b085e8bde93a857f78;0xeab47b79;0x7f5808eeL;0.500000;1503250452;1503250453
0;64;8048;0xb2f1569b3a28e1c51e2361e40b5e98c7c0f68d5c09e8155bd943420e05fd6db7;0x2a2601e574fff0accb423796b2689278a40040a5b2d4d5d49b21851661d29c78;0xe183657e;0x7609002L;0.500000;1503250453;1503250453
0;64;8048;0xb2f1569b3a28e1c51e2361e40b5e98c7c0f68d5c09e8155bd943420e05fd6db7;0x2a2601e574fff0accb423796b2689278a40040a5b2d4d5d49b21851661d29c78;0xe183657e;0x7609002L;0.500000;1503250453;1503250453
0;64;8048;0xb2f1569b3a28e1c51e2361e40b5e98c7c0f68d5c09e8155bd943420e05fd6db7;0x2a2601e574fff0accb423796b2689278a40040a5b2d4d5d49b21851661d29c78;0xe183657e;0x7609002L;0.500000;1503250453;1503250454
0;64;8048;0xa41a362955dfc5367d03f75a69f97427e91a47af903ba0cca5cb75681c246dc0;0x2e650b8a97f8ebab69af6c7ae6468b5901d35181e7e3400a6864fc3f5dba7384;0xe7bc4706;0x390faa4dL;0.500000;1503250454;1503250454
0;64;8048;0xa41a362955dfc5367d03f75a69f97427e91a47af903ba0cca5cb75681c246dc0;0x2e650b8a97f8ebab69af6c7ae6468b5901d35181e7e3400a6864fc3f5dba7384;0xe7bc4706;0x390faa4dL;0.500000;1503250454;1503250455
0;64;8048;0x816fe7c93495db34bc14d7052deae50d3142792d7feb0cee53e408b8c99f2b4b;0x3d7c887a37324e7df50d04b88bc9af7eebbd54d56087461c05542c384fce4bdc;0x0ad7cfbc;0x7182b82L;0.500000;1503250455;1503250455
0;64;8048;0x816fe7c93495db34bc14d7052deae50d3142792d7feb0cee53e408b8c99f2b4b;0x3d7c887a37324e7df50d04b88bc9af7eebbd54d56087461c05542c384fce4bdc;0x0ad7cfbc;0x7182b82L;0.500000;1503250455;1503250455
0;64;8048;0x816fe7c93495db34bc14d7052deae50d3142792d7feb0cee53e408b8c99f2b4b;0x3d7c887a37324e7df50d04b88bc9af7eebbd54d56087461c05542c384fce4bdc;0x0ad7cfbc;0x7182b82L;0.500000;1503250455;1503250456
0;64;8048;0xfa2ffe65981e702216112d03ddd932aa105a1da7a5137e4ddb491a3ff9ce17f3;0x5b2789d95dbd02d47e1804a2a78b74f0b2449a8f209e70e9f0c081df7388dbba;0x64093a4b;0x27840235L;0.500000;1503250456;1503250456
0;64;8048;0xfa2ffe65981e702216112d03ddd932aa105a1da7a5137e4ddb491a3ff9ce17f3;0x5b2789d95dbd02d47e1804a2a78b74f0b2449a8f209e70e9f0c081df7388dbba;0x64093a4b;0x27840235L;0.500000;1503250456;1503250457
0;64;8048;0x17640637c0317747252fbe0d4529063b49edd4bb206fae7777666438fafa0712;0xdbeb4b8bcd64d9986c92605b4026a4b3ff4fa789fcf8005bae9afaa566c0f046;0x17348ba0;0x808a07b0L;0.500000;1503250457;1503250457
0;64;8048;0x17640637c0317747252fbe0d4529063b49edd4bb206fae7777666438fafa0712;0xdbeb4b8bcd64d9986c92605b4026a4b3ff4fa789fcf8005bae9afaa566c0f046;0x17348ba0;0x808a07b0L;0.500000;1503250457;1503250457
0;64;8048;0x17640637c0317747252fbe0d4529063b49edd4bb206fae7777666438fafa0712;0xdbeb4b8bcd64d9986c92605b4026a4b3ff4fa789fcf8005bae9afaa566c0f046;0x17348ba0;0x808a07b0L;0.500000;1503250457;1503250458
