0;64;8048;0xc98d9fdda6d3fdb13943791a00dc33455ccceccf73a46c74de480cd9aaf56a73;0x71674003294410d77d90e1a9adee7ef94bb2f49e7da6e8013551920552871353;0x46931795;0x2508345cL;0.500000;1503142220;1503142220
0;64;8048;0xc98d9fdda6d3fdb13943791a00dc33455ccceccf73a46c74de480cd9aaf56a73;0x71674003294410d77d90e1a9adee7ef94bb2f49e7da6e8013551920552871353;0x46931795;0x2508345cL;0.500000;1503142220;1503142220
0;64;8048;0xc98d9fdda6d3fdb13943791a00dc33455ccceccf73a46c74de480cd9aaf56a73;0x71674003294410d77d90e1a9adee7ef94bb2f49e7da6e8013551920552871353;0x46931795;0x2508345cL;0.500000;1503142220;1503142221
0;64;8048;0x2c7da803715ad950c30e4d5e9d005b98e5408488f3bfffebfde84e3e3aa34266;0x43dfaa072020c22fbe64f38f6e1184ceaf01559638bc92a9bb557316a8c29fb1;0x8c642ff4;0x200c5680L;0.500000;1503142221;1503142221
0;64;8048;0x2c7da803715ad950c30e4d5e9d005b98e5408488f3bfffebfde84e3e3aa34266;0x43dfaa072020c22fbe64f38f6e1184ceaf01559638bc92a9bb557316a8c29fb1;0x8c642ff4;0x200c5680L;0.500000;1503142221;1503142221
0;64;8048;0x2c7da803715ad950c30e4d5e9d005b98e5408488f3bfffebfde84e3e3aa34266;0x43dfaa072020c22fbe64f38f6e1184ceaf01559638bc92a9bb557316a8c29fb1;0x8c642ff4;0x200c5680L;0.500000;1503142222;1503142222
0;64;8048;0xbcd95c00e1e43cc5240713500bfd9d19d7ec84331705d0b7b9a175da31a26fee;0x8f120f2dcbc6e1bbc5d9237dbfeb1a6c3d8512596bcf828d76d006ca0cc5f9d8;0xa87db870;0x1096a2a8L;0.500000;1503142222;1503142222
0;64;8048;0xbcd95c00e1e43cc5240713500bfd9d19d7ec84331705d0b7b9a175da31a26fee;0x8f120f2dcbc6e1bbc5d9237dbfeb1a6c3d8512596bcf828d76d006ca0cc5f9d8;0xa87db870;0x1096a2a8L;0.500000;1503142222;1503142223
0;64;8048;0xbba8ca5d026e8b43afb95aab2a7ad058890e7236b92cf73409f1f47f9338344e;0x679733ad9562f166ab22aec8012ddc0b2d9bc4424b1523afcbdee6e0fe4a3f4f;0x593b8f08;0x9f2904a0L;0.500000;1503142223;1503142223
0;64;8048;0xbba8ca5d026e8b43afb95aab2a7ad058890e7236b92cf73409f1f47f9338344e;0x679733ad9562f166ab22aec8012ddc0b2d9bc4424b1523afcbdee6e0fe4a3f4f;0x593b8f08;0x9f2904a0L;0.500000;1503142223;1503142223
0;64;8048;0xbba8ca5d026e8b43afb95aab2a7ad058890e7236b92cf73409f1f47f9338344e;0x679733ad9562f166ab22aec8012ddc0b2d9bc4424b1523afcbdee6e0fe4a3f4f;0x593b8f08;0x9f2904a0L;0.500000;1503142224;1503142224
0;64;8048;0x464823149e76e139c01cf000d2d36106009a733831045eb2aa53958d6e24a6b4;0x1d797d69782ab4baf08823331d7977a9326a757435926809cd851ce5b86b9b79;0x43f29214;0x4ac681c1L;0.500000;1503142224;1503142224
0;64;8048;0x464823149e76e139c01cf000d2d36106009a733831045eb2aa53958d6e24a6b4;0x1d797d69782ab4baf08823331d7977a9326a757435926809cd851ce5b86b9b79;0x43f29214;0x4ac681c1L;0.500000;1503142224;1503142225
0;64;8048;0xb034fba635ab98a88ef093c11fa36d2ffeccfc6b53df9fcd986a1273f98cfaa9;0x632414593b8d01f281fa8de2bb0ef9e9102654e492129a6f647744d20dd7f2e8;0xe49e2287;0xcb41da10L;0.500000;1503142225;1503142225
0;64;8048;0xb034fba635ab98a88ef093c11fa36d2ffeccfc6b53df9fcd986a1273f98cfaa9;0x632414593b8d01f281fa8de2bb0ef9e9102654e492129a6f647744d20dd7f2e8;0xe49e2287;0xcb41da10L;0.500000;1503142225;1503142225
0;64;8048;0xb034fba635ab98a88ef093c11fa36d2ffeccfc6b53df9fcd986a1273f98cfaa9;0x632414593b8d01f281fa8de2bb0ef9e9102654e492129a6f647744d20dd7f2e8;0xe49e2287;0xcb41da10L;0.500000;1503142226;1503142226
0;64;8048;0xfe39d1350d0f1b76304b0f924cc6637e9a7f41217aab9ffdbd0fd7d71368cf11;0xe92e63b1498c64774f6263c99ea74fe821f12a5e93580d337e026ab5404b2222;0xadfe7009;0x3010a958L;0.500000;1503142226;1503142226
0;64;8048;0xfe39d1350d0f1b76304b0f924cc6637e9a7f41217aab9ffdbd0fd7d71368cf11;0xe92e63b1498c64774f6263c99ea74fe821f12a5e93580d337e026ab5404b2222;0xadfe7009;0x3010a958L;0.500000;1503142226;1503142227
0;64;8048;0x4b0c3f492d101af9cd751e9252d1f586f624c700ce1eaf27cbef7f7e3a4dda85;0x2a71eb93553a0aeafcc61455aab3d1804bcd6b9fda696af66ee16d3e42005f66;0xdb67815a;0x12a862a8L;0.500000;1503142227;1503142227
0;64;8048;0x4b0c3f492d101af9cd751e9252d1f586f624c700ce1eaf27cbef7f7e3a4dda85;0x2a71eb93553a0aeafcc61455aab3d1804bcd6b9fda696af66ee16d3e42005f66;0xdb67815a;0x12a862a8L;0.500000;1503142227;1503142228
