0;64;8048;0x3481a4c6e533af69aa78f15ddb939642e9da97547368c542f5717a60e31fac17;0x044f6d4116f9a5d70c871c588f4ad252cce7858376197f320e60be5673cbc113;0xc8dff301;0xfb4721b0L;0.500000;1503195791;1503195791
0;64;8048;0x3481a4c6e533af69aa78f15ddb939642e9da97547368c542f5717a60e31fac17;0x044f6d4116f9a5d70c871c588f4ad252cce7858376197f320e60be5673cbc113;0xc8dff301;0xfb4721b0L;0.500000;1503195792;1503195792
0;64;8048;0x9491597254698a99ff08ce330a1a9c0169f86f309762290629dc573f767fdc0a;0xef9fb3782cf837abbad37aeb257058cf4ec6d19708a8a4ec62b36e472b8feb07;0xa385d19e;0x12cd1921L;0.500000;1503195792;1503195792
0;64;8048;0x9491597254698a99ff08ce330a1a9c0169f86f309762290629dc573f767fdc0a;0xef9fb3782cf837abbad37aeb257058cf4ec6d19708a8a4ec62b36e472b8feb07;0xa385d19e;0x12cd1921L;0.500000;1503195792;1503195793
0;64;8048;0xa5045dda998662d19374f612b01b7fe7d1cb03e65c05e1eeb72ab310372724dd;0x7c3504d72056f62f129acc681ba68d7cdf0de46bff5df08ff9feb766420e72ea;0x298e7953;0xc16970f9L;0.500000;1503195793;1503195793
0;64;8048;0xa5045dda998662d19374f612b01b7fe7d1cb03e65c05e1eeb72ab310372724dd;0x7c3504d72056f62f129acc681ba68d7cdf0de46bff5df08ff9feb766420e72ea;0x298e7953;0xc16970f9L;0.500000;1503195793;1503195793
0;64;8048;0xa5045dda998662d19374f612b01b7fe7d1cb03e65c05e1eeb72ab310372724dd;0x7c3504d72056f62f129acc681ba68d7cdf0de46bff5df08ff9feb766420e72ea;0x298e7953;0xc16970f9L;0.500000;1503195793;1503195794
0;64;8048;0x6929c876ac164d8da728f16d7d42ed68b76812758eb33723122f01a93f07a6a8;0x6cd7af78daf813aec17b09d1ae1268afe433fa51fc6d1c9d1df632319711e0cd;0xebd289fa;0x1552022eL;0.500000;1503195794;1503195794
0;64;8048;0x6929c876ac164d8da728f16d7d42ed68b76812758eb33723122f01a93f07a6a8;0x6cd7af78daf813aec17b09d1ae1268afe433fa51fc6d1c9d1df632319711e0cd;0xebd289fa;0x1552022eL;0.500000;1503195794;1503195795
0;64;8048;0xc488b3e751159060afac0e93658446d44629b2647294da9daf0085be0580eac9;0xb76fa6eaee36e0680d9af57c29f27c4790dc2f89b3446cb3d97a7cc45b62ac6c;0x30ba08bc;0x9e0a38c0L;0.500000;1503195795;1503195795
0;64;8048;0xc488b3e751159060afac0e93658446d44629b2647294da9daf0085be0580eac9;0xb76fa6eaee36e0680d9af57c29f27c4790dc2f89b3446cb3d97a7cc45b62ac6c;0x30ba08bc;0x9e0a38c0L;0.500000;1503195795;1503195795
0;64;8048;0xc488b3e751159060afac0e93658446d44629b2647294da9daf0085be0580eac9;0xb76fa6eaee36e0680d9af57c29f27c4790dc2f89b3446cb3d97a7cc45b62ac6c;0x30ba08bc;0x9e0a38c0L;0.500000;1503195795;1503195796
0;64;8048;0xda2fb4c20cb8dc6967c66c7bf9719fe4e71bc82e226425568d1f8e51011681db;0xc637e25f76d0a6c257babbe385e369db686470fea4be3fb06d9435f126caea13;0x635e31d5;0x42885902L;0.500000;1503195796;1503195796
0;64;8048;0xda2fb4c20cb8dc6967c66c7bf9719fe4e71bc82e226425568d1f8e51011681db;0xc637e25f76d0a6c257babbe385e369db686470fea4be3fb06d9435f126caea13;0x635e31d5;0x42885902L;0.500000;1503195796;1503195796
0;64;8048;0xda2fb4c20cb8dc6967c66c7bf9719fe4e71bc82e226425568d1f8e51011681db;0xc637e25f76d0a6c257babbe385e369db686470fea4be3fb06d9435f126caea13;0x635e31d5;0x42885902L;0.500000;1503195796;1503195797
0;64;8048;0x443017cc75154ca2a76acae42a7b3ff4e3e20d315110f53ba41254009e2982e2;0x473f265978b90c04db7e24f4abf5bb7054f2e8d9a9bc2337ab8756f8a1a54a2d;0x96f1e94a;0x7e6e702L;0.500000;1503195797;1503195797
0;64;8048;0x443017cc75154ca2a76acae42a7b3ff4e3e20d315110f53ba41254009e2982e2;0x473f265978b90c04db7e24f4abf5bb7054f2e8d9a9bc2337ab8756f8a1a54a2d;0x96f1e94a;0x7e6e702L;0.500000;1503195797;1503195798
0;64;8048;0xcfd5ae8eb4266ff61f79c2abaa74193081bdbbfe9c22db16da2699046b49843a;0x160b8b9d3d29c4bee51b570af9de6aef30970819e0451e7048ab9093786448cf;0x4f7c5352;0xc5075b06L;0.500000;1503195798;1503195798
0;64;8048;0xcfd5ae8eb4266ff61f79c2abaa74193081bdbbfe9c22db16da2699046b49843a;0x160b8b9d3d29c4bee51b570af9de6aef30970819e0451e7048ab9093786448cf;0x4f7c5352;0xc5075b06L;0.500000;1503195798;1503195798
0;64;8048;0xcfd5ae8eb4266ff61f79c2abaa74193081bdbbfe9c22db16da2699046b49843a;0x160b8b9d3d29c4bee51b570af9de6aef30970819e0451e7048ab9093786448cf;0x4f7c5352;0xc5075b06L;0.500000;1503195799;1503195799
