0;64;8048;0x77fc9b8d0f84f9b3b500dd957b4da1221ce54da8138c0618b9131bec6fc3c6e6;0xd11c9b16ca16aaf713184df53c7bbd541d26e3f6b8b24f298d99c3a45fc8d287;0x70d5099c;0x39ae3258L;0.500000;1503113005;1503113005
0;64;8048;0x77fc9b8d0f84f9b3b500dd957b4da1221ce54da8138c0618b9131bec6fc3c6e6;0xd11c9b16ca16aaf713184df53c7bbd541d26e3f6b8b24f298d99c3a45fc8d287;0x70d5099c;0x39ae3258L;0.500000;1503113005;1503113005
0;64;8048;0x77fc9b8d0f84f9b3b500dd957b4da1221ce54da8138c0618b9131bec6fc3c6e6;0xd11c9b16ca16aaf713184df53c7bbd541d26e3f6b8b24f298d99c3a45fc8d287;0x70d5099c;0x39ae3258L;0.500000;1503113005;1503113006
0;64;8048;0x12934f8dc9497931c33e77316011d8b9775228c467ca796690a704df981742ab;0x89c47a98bffa5a22c778e2428af6d0b019f57214f468875be56c69265e390c5f;0x7d892893;0x7462c914L;0.500000;1503113006;1503113006
0;64;8048;0x12934f8dc9497931c33e77316011d8b9775228c467ca796690a704df981742ab;0x89c47a98bffa5a22c778e2428af6d0b019f57214f468875be56c69265e390c5f;0x7d892893;0x7462c914L;0.500000;1503113006;1503113007
0;64;8048;0x7b7bd2c19761a1a55d2c2fd97924dea15332463e30f2a437b4096218733b0eee;0x2f797d996472dd3d46aaae3859ebd299c72213d2026a61efc9c0b371b9b1f786;0xa76c4e6f;0x950b4782L;0.500000;1503113007;1503113007
0;64;8048;0x7b7bd2c19761a1a55d2c2fd97924dea15332463e30f2a437b4096218733b0eee;0x2f797d996472dd3d46aaae3859ebd299c72213d2026a61efc9c0b371b9b1f786;0xa76c4e6f;0x950b4782L;0.500000;1503113007;1503113007
0;64;8048;0x7b7bd2c19761a1a55d2c2fd97924dea15332463e30f2a437b4096218733b0eee;0x2f797d996472dd3d46aaae3859ebd299c72213d2026a61efc9c0b371b9b1f786;0xa76c4e6f;0x950b4782L;0.500000;1503113007;1503113008
0;64;8048;0xe6c4a775c06190f4457ed5e27dab2bfc532feca6ac35ce053f7bb2128614606d;0x790a426810d1a802e0dc4df2f4093e368d7b0ab3f2148830a196573e5b1ad36e;0x63fa7acf;0xb3a26582L;0.500000;1503113008;1503113008
0;64;8048;0xe6c4a775c06190f4457ed5e27dab2bfc532feca6ac35ce053f7bb2128614606d;0x790a426810d1a802e0dc4df2f4093e368d7b0ab3f2148830a196573e5b1ad36e;0x63fa7acf;0xb3a26582L;0.500000;1503113008;1503113009
0;64;8048;0xc1d89681f1a691de2f1df253096acccbdb1e04c4308c79f9e9e48fcc21ce13e2;0xa96453c3fb451ce98fd5695386aee3474aeb5a1dcedd65547dfcf2a44b37ddd3;0x50cfecc5;0x8583a99cL;0.500000;1503113009;1503113009
0;64;8048;0xc1d89681f1a691de2f1df253096acccbdb1e04c4308c79f9e9e48fcc21ce13e2;0xa96453c3fb451ce98fd5695386aee3474aeb5a1dcedd65547dfcf2a44b37ddd3;0x50cfecc5;0x8583a99cL;0.500000;1503113009;1503113009
0;64;8048;0xc1d89681f1a691de2f1df253096acccbdb1e04c4308c79f9e9e48fcc21ce13e2;0xa96453c3fb451ce98fd5695386aee3474aeb5a1dcedd65547dfcf2a44b37ddd3;0x50cfecc5;0x8583a99cL;0.500000;1503113009;1503113010
0;64;8048;0xe43111e4e312ad6d451e75c0fb8441827bea4490e1a6894033d356a85832b93d;0x70152f93cafb488f41ff08b15f115e1ea834b43bf03a48d3fd1dec4a938a9b89;0x3edddd06;0x9032b16L;0.500000;1503113010;1503113010
0;64;8048;0xe43111e4e312ad6d451e75c0fb8441827bea4490e1a6894033d356a85832b93d;0x70152f93cafb488f41ff08b15f115e1ea834b43bf03a48d3fd1dec4a938a9b89;0x3edddd06;0x9032b16L;0.500000;1503113010;1503113010
0;64;8048;0xe43111e4e312ad6d451e75c0fb8441827bea4490e1a6894033d356a85832b93d;0x70152f93cafb488f41ff08b15f115e1ea834b43bf03a48d3fd1dec4a938a9b89;0x3edddd06;0x9032b16L;0.500000;1503113011;1503113011
0;64;8048;0x8a4bf450551f2a88cafd1be84edc3c5c1782d33eaacffbf925bdbf44e9084673;0x80e7f32c5f04b4db52f7493ca62a1b763af7e9633c0fac4fb94167895d0752be;0x341161e6;0x157bc296L;0.500000;1503113011;1503113011
0;64;8048;0x8a4bf450551f2a88cafd1be84edc3c5c1782d33eaacffbf925bdbf44e9084673;0x80e7f32c5f04b4db52f7493ca62a1b763af7e9633c0fac4fb94167895d0752be;0x341161e6;0x157bc296L;0.500000;1503113011;1503113012
0;64;8048;0xffa8ac58c03b3d945177957da7abcf79de2bb05b89fa3336476c51fccb67fecb;0xa5b276956736d96bef70863590e1b71534cfce789226c532222c4cf7d056b5f2;0x6d3a451b;0xe32d4102L;0.500000;1503113012;1503113012
0;64;8048;0xffa8ac58c03b3d945177957da7abcf79de2bb05b89fa3336476c51fccb67fecb;0xa5b276956736d96bef70863590e1b71534cfce789226c532222c4cf7d056b5f2;0x6d3a451b;0xe32d4102L;0.500000;1503113012;1503113012
