0;64;8048;0x00934c14f8590721b6c60908950ca89589da2a69dfdd9419377cf55566d1b166;0x72a835bd9f4409e4c3a749ecd38da69aeda2ffe404af3fe8088d35d2dbb2ec57;0xe14129b7;0x31832806L;0.500000;1503201779;1503201779
0;64;8048;0x00934c14f8590721b6c60908950ca89589da2a69dfdd9419377cf55566d1b166;0x72a835bd9f4409e4c3a749ecd38da69aeda2ffe404af3fe8088d35d2dbb2ec57;0xe14129b7;0x31832806L;0.500000;1503201779;1503201779
0;64;8048;0x00934c14f8590721b6c60908950ca89589da2a69dfdd9419377cf55566d1b166;0x72a835bd9f4409e4c3a749ecd38da69aeda2ffe404af3fe8088d35d2dbb2ec57;0xe14129b7;0x31832806L;0.500000;1503201779;1503201780
0;64;8048;0xfbc296fc23e9d50dbec134d44b1e6a61dd3baf9d9c5f049aae1c98009110388c;0x10c710709707c8622d377d3f834401e425fe1cd22427de62dd35b72f6fc87d52;0xdc579afb;0x83845acdL;0.500000;1503201780;1503201780
0;64;8048;0xfbc296fc23e9d50dbec134d44b1e6a61dd3baf9d9c5f049aae1c98009110388c;0x10c710709707c8622d377d3f834401e425fe1cd22427de62dd35b72f6fc87d52;0xdc579afb;0x83845acdL;0.500000;1503201780;1503201780
0;64;8048;0xfbc296fc23e9d50dbec134d44b1e6a61dd3baf9d9c5f049aae1c98009110388c;0x10c710709707c8622d377d3f834401e425fe1cd22427de62dd35b72f6fc87d52;0xdc579afb;0x83845acdL;0.500000;1503201781;1503201781
0;64;8048;0x867830427677bebb7c5213210c0923023b3a69bbf2aeda37cef2a05df9a11b7f;0x733ced445b4f5b62522c7d3e375d5fe2eef924b23432c52facf45e4ad8236b4a;0x60565c0d;0x41ecaf5fL;0.500000;1503201781;1503201781
0;64;8048;0x867830427677bebb7c5213210c0923023b3a69bbf2aeda37cef2a05df9a11b7f;0x733ced445b4f5b62522c7d3e375d5fe2eef924b23432c52facf45e4ad8236b4a;0x60565c0d;0x41ecaf5fL;0.500000;1503201781;1503201782
0;64;8048;0x1b43b009955d3cd046548778724b887b81ff05bf5da0ec66682c8f40929241ae;0xd9c392d73e4cc27f40f504656d9ba60fb0c3e58bb5b28e13e0d13068bf0fbfae;0xf07455db;0xc0099dbeL;0.500000;1503201782;1503201782
0;64;8048;0x1b43b009955d3cd046548778724b887b81ff05bf5da0ec66682c8f40929241ae;0xd9c392d73e4cc27f40f504656d9ba60fb0c3e58bb5b28e13e0d13068bf0fbfae;0xf07455db;0xc0099dbeL;0.500000;1503201782;1503201782
0;64;8048;0x1b43b009955d3cd046548778724b887b81ff05bf5da0ec66682c8f40929241ae;0xd9c392d73e4cc27f40f504656d9ba60fb0c3e58bb5b28e13e0d13068bf0fbfae;0xf07455db;0xc0099dbeL;0.500000;1503201782;1503201783
0;64;8048;0xff656580589f4b2b96c48a7841074434692c50b85cc793a4a1bbb2606f8ba76f;0x3395f2a8e97050ae3df7423a5fb62407994c68276b3613ff376f7d94bddc1cf7;0x6c2f6e27;0x9016201cL;0.500000;1503201783;1503201783
0;64;8048;0xff656580589f4b2b96c48a7841074434692c50b85cc793a4a1bbb2606f8ba76f;0x3395f2a8e97050ae3df7423a5fb62407994c68276b3613ff376f7d94bddc1cf7;0x6c2f6e27;0x9016201cL;0.500000;1503201783;1503201784
0;64;8048;0x4e9c24912c9a9f0494999b5078c7116c6957daca451054b6417ef37b531e45a2;0x92b9d95044b1a26444ee795cad4ff165ec70bac1d2573776300a1ee4a03c101f;0x1af1a225;0xb25a8402L;0.500000;1503201784;1503201784
0;64;8048;0x4e9c24912c9a9f0494999b5078c7116c6957daca451054b6417ef37b531e45a2;0x92b9d95044b1a26444ee795cad4ff165ec70bac1d2573776300a1ee4a03c101f;0x1af1a225;0xb25a8402L;0.500000;1503201784;1503201784
0;64;8048;0x4e9c24912c9a9f0494999b5078c7116c6957daca451054b6417ef37b531e45a2;0x92b9d95044b1a26444ee795cad4ff165ec70bac1d2573776300a1ee4a03c101f;0x1af1a225;0xb25a8402L;0.500000;1503201784;1503201785
0;64;8048;0x287e8ff1d46ebb728ef6eb063653dd9d10ca80ee8ed8cd261d4ad233deea2806;0xc6cabc83ee356b95d553aff2a14e88033471d27185ca3c26436945c09a32a24d;0xd623596e;0x2ba8861bL;0.500000;1503201785;1503201785
0;64;8048;0x287e8ff1d46ebb728ef6eb063653dd9d10ca80ee8ed8cd261d4ad233deea2806;0xc6cabc83ee356b95d553aff2a14e88033471d27185ca3c26436945c09a32a24d;0xd623596e;0x2ba8861bL;0.500000;1503201785;1503201785
0;64;8048;0x287e8ff1d46ebb728ef6eb063653dd9d10ca80ee8ed8cd261d4ad233deea2806;0xc6cabc83ee356b95d553aff2a14e88033471d27185ca3c26436945c09a32a24d;0xd623596e;0x2ba8861bL;0.500000;1503201786;1503201786
0;64;8048;0x5171dbb7fbc27d2700091eb590dc3b85c8e93eb584e06e48004d5f69805ea6d2;0xbcda326b25e5234c550bb34848b275f8fbab4356f710cd2fe5a84714f4eaedb7;0x1305d56d;0x9f03662aL;0.500000;1503201786;1503201786
