0;64;8048;0x8136455e67e8f2240aa1a3f1bd6de8d2e53996bb52e9c9b5bc671fa5f1e2c472;0x9161cc7e142b9c083f4c18ff29845a6895aa199f9bcd848d3f6f9cb88515489c;0x1c15cfd0;0xa72071a0L;0.500000;1503168453;1503168453
0;64;8048;0x8136455e67e8f2240aa1a3f1bd6de8d2e53996bb52e9c9b5bc671fa5f1e2c472;0x9161cc7e142b9c083f4c18ff29845a6895aa199f9bcd848d3f6f9cb88515489c;0x1c15cfd0;0xa72071a0L;0.500000;1503168453;1503168453
0;64;8048;0x8136455e67e8f2240aa1a3f1bd6de8d2e53996bb52e9c9b5bc671fa5f1e2c472;0x9161cc7e142b9c083f4c18ff29845a6895aa199f9bcd848d3f6f9cb88515489c;0x1c15cfd0;0xa72071a0L;0.500000;1503168453;1503168454
0;64;8048;0x1c4ed5531c0db22ba7ab33fc99a8dda9af47d12f5c9ea53594831a8356b94e72;0xbf924766d83f3a534f0c3738face6ffd119916022c3cfe2b8e78da013bbbae61;0x114e126e;0x30076043L;0.500000;1503168454;1503168454
0;64;8048;0x1c4ed5531c0db22ba7ab33fc99a8dda9af47d12f5c9ea53594831a8356b94e72;0xbf924766d83f3a534f0c3738face6ffd119916022c3cfe2b8e78da013bbbae61;0x114e126e;0x30076043L;0.500000;1503168454;1503168454
0;64;8048;0x1c4ed5531c0db22ba7ab33fc99a8dda9af47d12f5c9ea53594831a8356b94e72;0xbf924766d83f3a534f0c3738face6ffd119916022c3cfe2b8e78da013bbbae61;0x114e126e;0x30076043L;0.500000;1503168455;1503168455
0;64;8048;0xbdc48e5433b851a72224a32d572f9821734f4711402534f638290213be4a277b;0x24ed182bfaa6eb9d8192ac9e9da804e29733785c5b0f981b7764d175a1363e52;0x377a0ce8;0xeb1da20L;0.500000;1503168455;1503168455
0;64;8048;0xbdc48e5433b851a72224a32d572f9821734f4711402534f638290213be4a277b;0x24ed182bfaa6eb9d8192ac9e9da804e29733785c5b0f981b7764d175a1363e52;0x377a0ce8;0xeb1da20L;0.500000;1503168455;1503168456
0;64;8048;0xc3ca7daef64e84c1594ee45eaa13b8278363c84d2d047123c3a19e9114adc3d7;0x495b60331905424817ebe73626a547404821607f05302192af7b0c97b2dac93a;0x7f58e36d;0x600902a2L;0.500000;1503168456;1503168456
0;64;8048;0xc3ca7daef64e84c1594ee45eaa13b8278363c84d2d047123c3a19e9114adc3d7;0x495b60331905424817ebe73626a547404821607f05302192af7b0c97b2dac93a;0x7f58e36d;0x600902a2L;0.500000;1503168456;1503168456
0;64;8048;0xc3ca7daef64e84c1594ee45eaa13b8278363c84d2d047123c3a19e9114adc3d7;0x495b60331905424817ebe73626a547404821607f05302192af7b0c97b2dac93a;0x7f58e36d;0x600902a2L;0.500000;1503168456;1503168457
0;64;8048;0x7e52144f7589d78bc053ac091724e2e2f00f3ba7a49b295ad0e86ea7798512f7;0x16a2799681633823eefc9de2b6bc7a9e323d8438408bb319e816517d281d3e31;0xabbfecdf;0x82f8f802L;0.500000;1503168457;1503168457
0;64;8048;0x7e52144f7589d78bc053ac091724e2e2f00f3ba7a49b295ad0e86ea7798512f7;0x16a2799681633823eefc9de2b6bc7a9e323d8438408bb319e816517d281d3e31;0xabbfecdf;0x82f8f802L;0.500000;1503168457;1503168457
0;64;8048;0x7e52144f7589d78bc053ac091724e2e2f00f3ba7a49b295ad0e86ea7798512f7;0x16a2799681633823eefc9de2b6bc7a9e323d8438408bb319e816517d281d3e31;0xabbfecdf;0x82f8f802L;0.500000;1503168458;1503168458
0;64;8048;0x9f862c51dfa63601b06bc388e0310418295fd604aa91fce9abf0d0f9c2405161;0x5e8aacf2c206313d7d095f498c6395368b463bb3867b4d5484d8353a35903f62;0x1a3625fe;0x1280c026L;0.500000;1503168458;1503168458
0;64;8048;0x9f862c51dfa63601b06bc388e0310418295fd604aa91fce9abf0d0f9c2405161;0x5e8aacf2c206313d7d095f498c6395368b463bb3867b4d5484d8353a35903f62;0x1a3625fe;0x1280c026L;0.500000;1503168458;1503168459
0;64;8048;0x136b8a53bcfb33cbe2f0a85a9793a47ab6834a8728ff7f04584aeb0028ffa43b;0x9d2089c3c3b21cdacebd391d53689e0faa2c8e62b57e43eff362115d285dc5be;0xad10cfd2;0x8290986L;0.500000;1503168459;1503168459
0;64;8048;0x136b8a53bcfb33cbe2f0a85a9793a47ab6834a8728ff7f04584aeb0028ffa43b;0x9d2089c3c3b21cdacebd391d53689e0faa2c8e62b57e43eff362115d285dc5be;0xad10cfd2;0x8290986L;0.500000;1503168459;1503168459
0;64;8048;0x136b8a53bcfb33cbe2f0a85a9793a47ab6834a8728ff7f04584aeb0028ffa43b;0x9d2089c3c3b21cdacebd391d53689e0faa2c8e62b57e43eff362115d285dc5be;0xad10cfd2;0x8290986L;0.500000;1503168459;1503168460
0;64;8048;0x863a3efd783c2425fac6d3cb1a5d5116b85d2007caca80c55f9f65599c815a22;0x41fc3227b3af453a29def29f8ac694982eaec5cd6c1d2e9a82ca825f0cfb5f2a;0xd64f1db4;0xf4c5106L;0.500000;1503168460;1503168460
