0;64;8048;0x6072628bc53a473acef6a7b396707b3b021e01020bc2a3d1b71199bda2aa6002;0x5fccf99afea2158141c62c2b17a6b65c74a232fadbaf075f15b4bdc4263d2e8e;0xa2034f3b;0xa272ab51L;0.500000;1503130743;1503130743
0;64;8048;0x6072628bc53a473acef6a7b396707b3b021e01020bc2a3d1b71199bda2aa6002;0x5fccf99afea2158141c62c2b17a6b65c74a232fadbaf075f15b4bdc4263d2e8e;0xa2034f3b;0xa272ab51L;0.500000;1503130743;1503130743
0;64;8048;0x6072628bc53a473acef6a7b396707b3b021e01020bc2a3d1b71199bda2aa6002;0x5fccf99afea2158141c62c2b17a6b65c74a232fadbaf075f15b4bdc4263d2e8e;0xa2034f3b;0xa272ab51L;0.500000;1503130743;1503130744
0;64;8048;0x51fb6e3f8812adecebf09564b6b32d18abd9dd2dd9f4fe174eadecd41f04cc70;0xc15e50437cdde1108cd197eb87cbf45d6c24868558c393abc40dadf1c2773408;0xa46963cd;0x104c5728L;0.500000;1503130744;1503130744
0;64;8048;0x51fb6e3f8812adecebf09564b6b32d18abd9dd2dd9f4fe174eadecd41f04cc70;0xc15e50437cdde1108cd197eb87cbf45d6c24868558c393abc40dadf1c2773408;0xa46963cd;0x104c5728L;0.500000;1503130744;1503130745
0;64;8048;0x1fbf86b21dc171da979127f81f53defc50c3f7029b81516126b0c571597f7279;0xc89b424c74a2d717acb5ed477ce5a42a0fcab09b5f27d0c32369fa3a8880d97c;0x943581ca;0x95021126L;0.500000;1503130745;1503130745
0;64;8048;0x1fbf86b21dc171da979127f81f53defc50c3f7029b81516126b0c571597f7279;0xc89b424c74a2d717acb5ed477ce5a42a0fcab09b5f27d0c32369fa3a8880d97c;0x943581ca;0x95021126L;0.500000;1503130745;1503130745
0;64;8048;0x1fbf86b21dc171da979127f81f53defc50c3f7029b81516126b0c571597f7279;0xc89b424c74a2d717acb5ed477ce5a42a0fcab09b5f27d0c32369fa3a8880d97c;0x943581ca;0x95021126L;0.500000;1503130746;1503130746
0;64;8048;0xcf96ad22f2c226d6b61152401a332d65d3efa48ed27c994ef248a7a91a1496e9;0xf5a2aa7ff08fee97c214bd0e929b527f3448a01608afc74722e9934888409e55;0x4bbc01c9;0xc882321aL;0.500000;1503130746;1503130746
0;64;8048;0xcf96ad22f2c226d6b61152401a332d65d3efa48ed27c994ef248a7a91a1496e9;0xf5a2aa7ff08fee97c214bd0e929b527f3448a01608afc74722e9934888409e55;0x4bbc01c9;0xc882321aL;0.500000;1503130746;1503130747
0;64;8048;0xbee3f516b2769cd3b0984a504bac5607cac290df43beecf63ef045a6de9f549c;0x08cfba039fc5e9131e7e5a96a6b0f33507eef7e565fadcb70cb9b95dc5dd6404;0xb62824db;0xc0810690L;0.500000;1503130747;1503130747
0;64;8048;0xbee3f516b2769cd3b0984a504bac5607cac290df43beecf63ef045a6de9f549c;0x08cfba039fc5e9131e7e5a96a6b0f33507eef7e565fadcb70cb9b95dc5dd6404;0xb62824db;0xc0810690L;0.500000;1503130747;1503130747
0;64;8048;0xbee3f516b2769cd3b0984a504bac5607cac290df43beecf63ef045a6de9f549c;0x08cfba039fc5e9131e7e5a96a6b0f33507eef7e565fadcb70cb9b95dc5dd6404;0xb62824db;0xc0810690L;0.500000;1503130748;1503130748
0;64;8048;0x3090155fe7253a059d3b824c2a3e3e3299cb3dd815cae9fa8526aa7595a8a8c5;0x4b2974e0996787113f02985ba851927d453daa374e3f6f8a16fea91691caff80;0x307da4d9;0x14850d2L;0.500000;1503130748;1503130748
0;64;8048;0x3090155fe7253a059d3b824c2a3e3e3299cb3dd815cae9fa8526aa7595a8a8c5;0x4b2974e0996787113f02985ba851927d453daa374e3f6f8a16fea91691caff80;0x307da4d9;0x14850d2L;0.500000;1503130748;1503130749
0;64;8048;0x935c4421ade672020ccda3796597509f946aad0eb688d78718de41b38c676e1f;0xa4dcc390e4f20224e043d89883b542d77c16b095690d845572e981ae6b0bcf1a;0x648b129b;0x16581002L;0.500000;1503130749;1503130749
0;64;8048;0x935c4421ade672020ccda3796597509f946aad0eb688d78718de41b38c676e1f;0xa4dcc390e4f20224e043d89883b542d77c16b095690d845572e981ae6b0bcf1a;0x648b129b;0x16581002L;0.500000;1503130749;1503130750
0;64;8048;0x4e7e310688bd3519ee6cd39cd1a45dd17a0d42331324e5da64b9ca1ed49b6722;0x50d69394d51737b4a8cb9aafde3ec1f514b30be83c5324f39dbd801801414412;0x65c0a2de;0x33e10cbL;0.500000;1503130750;1503130750
0;64;8048;0x4e7e310688bd3519ee6cd39cd1a45dd17a0d42331324e5da64b9ca1ed49b6722;0x50d69394d51737b4a8cb9aafde3ec1f514b30be83c5324f39dbd801801414412;0x65c0a2de;0x33e10cbL;0.500000;1503130750;1503130750
0;64;8048;0x4e7e310688bd3519ee6cd39cd1a45dd17a0d42331324e5da64b9ca1ed49b6722;0x50d69394d51737b4a8cb9aafde3ec1f514b30be83c5324f39dbd801801414412;0x65c0a2de;0x33e10cbL;0.500000;1503130750;1503130751
