0;64;8048;0x0e61c838c6565f21d8995b01f67b63f313f7892e238026fe9fa6857154b62462;0x61ce40f9f12ee0be20bccbcd6f62d6bb2252fa4b7ac11560e2b11e7ecb7ded85;0x3d7955b8;0x7442b8fL;0.500000;1503231439;1503231439
0;64;8048;0x119e72f335673aa39ac642e6b36b098a9b4d3c40701bfc2e856605a92fe3ea40;0x191d9b165c52dcfac87ff1aef5ddb43366f3b7714abbf454fa351474ef058217;0x5eb40e1b;0x404a7682L;0.500000;1503231439;1503231439
0;64;8048;0x119e72f335673aa39ac642e6b36b098a9b4d3c40701bfc2e856605a92fe3ea40;0x191d9b165c52dcfac87ff1aef5ddb43366f3b7714abbf454fa351474ef058217;0x5eb40e1b;0x404a7682L;0.500000;1503231439;1503231440
0;64;8048;0x15ebd9e753f7f148ee17e4c156db86b55562d39cd279b6884f9c86dcc943fede;0x07ea669bf40537ca9f8a9f59bd72e043506d96415b1108861bb013a57de0537f;0x179c1ffe;0x1035f06L;0.500000;1503231440;1503231440
0;64;8048;0x15ebd9e753f7f148ee17e4c156db86b55562d39cd279b6884f9c86dcc943fede;0x07ea669bf40537ca9f8a9f59bd72e043506d96415b1108861bb013a57de0537f;0x179c1ffe;0x1035f06L;0.500000;1503231440;1503231440
0;64;8048;0x15ebd9e753f7f148ee17e4c156db86b55562d39cd279b6884f9c86dcc943fede;0x07ea669bf40537ca9f8a9f59bd72e043506d96415b1108861bb013a57de0537f;0x179c1ffe;0x1035f06L;0.500000;1503231440;1503231441
0;64;8048;0xd4e6ed62771136f0f37ad218ce3cc51337207b7642e865ed2cb628b3622d9a36;0x5bb04668820bdb1594e0dedbd7487a7c26f19461389711a40117bceecd90ef5b;0xa2278091;0x25ca6a9bL;0.500000;1503231441;1503231441
0;64;8048;0xd4e6ed62771136f0f37ad218ce3cc51337207b7642e865ed2cb628b3622d9a36;0x5bb04668820bdb1594e0dedbd7487a7c26f19461389711a40117bceecd90ef5b;0xa2278091;0x25ca6a9bL;0.500000;1503231441;1503231442
0;64;8048;0x95a7ccdff8aea4a0d11f1d0dbfba5b048d1929c32e460d369cfea596c9d9935e;0xa8a34ea74c0bce4d9f65ad2afd2a4c95775d9f2a6057bfade939791549b7bc7d;0x5713f446;0x8256110aL;0.500000;1503231442;1503231442
0;64;8048;0x95a7ccdff8aea4a0d11f1d0dbfba5b048d1929c32e460d369cfea596c9d9935e;0xa8a34ea74c0bce4d9f65ad2afd2a4c95775d9f2a6057bfade939791549b7bc7d;0x5713f446;0x8256110aL;0.500000;1503231442;1503231442
0;64;8048;0x95a7ccdff8aea4a0d11f1d0dbfba5b048d1929c32e460d369cfea596c9d9935e;0xa8a34ea74c0bce4d9f65ad2afd2a4c95775d9f2a6057bfade939791549b7bc7d;0x5713f446;0x8256110aL;0.500000;1503231442;1503231443
0;64;8048;0x14fcd9a1db3f842cded2c7d0533bc15636ac0f42db908f44bc328b5d970239ab;0x056397252e214d88de32e0f77252cf40a6d018e9774eb478d26e5776533652a1;0xdfd2c86a;0x48944228L;0.500000;1503231443;1503231443
0;64;8048;0x14fcd9a1db3f842cded2c7d0533bc15636ac0f42db908f44bc328b5d970239ab;0x056397252e214d88de32e0f77252cf40a6d018e9774eb478d26e5776533652a1;0xdfd2c86a;0x48944228L;0.500000;1503231443;1503231444
0;64;8048;0x1fcedeab4f03c413d35cfc0d872d01c14a7715c92837d01ca85c3edfcda955ec;0x2458932553527f0098f2d0d50be34c1f7d26ed86f272925ea79dd3a4cff05985;0x3f841798;0x8811221L;0.500000;1503231444;1503231444
0;64;8048;0x1fcedeab4f03c413d35cfc0d872d01c14a7715c92837d01ca85c3edfcda955ec;0x2458932553527f0098f2d0d50be34c1f7d26ed86f272925ea79dd3a4cff05985;0x3f841798;0x8811221L;0.500000;1503231444;1503231444
0;64;8048;0x1fcedeab4f03c413d35cfc0d872d01c14a7715c92837d01ca85c3edfcda955ec;0x2458932553527f0098f2d0d50be34c1f7d26ed86f272925ea79dd3a4cff05985;0x3f841798;0x8811221L;0.500000;1503231444;1503231445
0;64;8048;0x871ae4e252da65ac5b32b32512d722f6053322193d5c9db1342225f48fb53816;0x91ecb65744b412f350f9ff49fb7e703e2ae09c58b3a9d8e9b0cd00299b6a9ce1;0x2c835759;0xd6a43051L;0.500000;1503231445;1503231445
0;64;8048;0x871ae4e252da65ac5b32b32512d722f6053322193d5c9db1342225f48fb53816;0x91ecb65744b412f350f9ff49fb7e703e2ae09c58b3a9d8e9b0cd00299b6a9ce1;0x2c835759;0xd6a43051L;0.500000;1503231445;1503231445
0;64;8048;0x871ae4e252da65ac5b32b32512d722f6053322193d5c9db1342225f48fb53816;0x91ecb65744b412f350f9ff49fb7e703e2ae09c58b3a9d8e9b0cd00299b6a9ce1;0x2c835759;0xd6a43051L;0.500000;1503231445;1503231446
0;64;8048;0x9f7bb6c0c870a7a29eba0577c8051103e8aa437a8bf7a3c04ff1550275e37f15;0xcee04b7adef5eae1bcd9c63efc5358e52ee645402e5e9afffd8144260be75c32;0x295571fa;0xc1a3acbL;0.500000;1503231446;1503231446
