0;64;8048;0xbb9126bfc7dbcb970e1466cde261d10148c9be6490993a72999466581bc833d6;0xbc953e010d50e497aace5873f33310ce95b56dc20d367c5a670a8fc1a18683f0;0xb402241b;0x144dd2baL;0.500000;1503172023;1503172024
0;64;8048;0x0f78922d37ef476e9f4f9f68eb62ba7522c80d3060ead8b54a205eae3e5ba24d;0xfb38532f7d23252461d2e372f6a7819621b4211e3e85d9c1814d159829d9975e;0x8e834586;0x1473656L;0.500000;1503172024;1503172024
0;64;8048;0x0f78922d37ef476e9f4f9f68eb62ba7522c80d3060ead8b54a205eae3e5ba24d;0xfb38532f7d23252461d2e372f6a7819621b4211e3e85d9c1814d159829d9975e;0x8e834586;0x1473656L;0.500000;1503172024;1503172025
0;64;8048;0xf634530cc229cebd33eb602d609cd207e7161d551bb55ab494047b2ec3e739b9;0xa834bbb1938668e2694a47d992a5debc3ef7be7b9e2afaa9fed2f842a1a23adb;0x1a92a22d;0x390bcaeeL;0.500000;1503172025;1503172025
0;64;8048;0xf634530cc229cebd33eb602d609cd207e7161d551bb55ab494047b2ec3e739b9;0xa834bbb1938668e2694a47d992a5debc3ef7be7b9e2afaa9fed2f842a1a23adb;0x1a92a22d;0x390bcaeeL;0.500000;1503172025;1503172025
0;64;8048;0xf634530cc229cebd33eb602d609cd207e7161d551bb55ab494047b2ec3e739b9;0xa834bbb1938668e2694a47d992a5debc3ef7be7b9e2afaa9fed2f842a1a23adb;0x1a92a22d;0x390bcaeeL;0.500000;1503172025;1503172026
0;64;8048;0x75e3d2a161e880287fb4359187558d7bf0e30b987f2665fe08309155c2095e37;0xe62a0d74b6a814887769bb37cb5040b6874fcbdf66ebbb18bdd616c600d82ea4;0x24463669;0x408b0a94L;0.500000;1503172026;1503172026
0;64;8048;0x75e3d2a161e880287fb4359187558d7bf0e30b987f2665fe08309155c2095e37;0xe62a0d74b6a814887769bb37cb5040b6874fcbdf66ebbb18bdd616c600d82ea4;0x24463669;0x408b0a94L;0.500000;1503172026;1503172026
0;64;8048;0x75e3d2a161e880287fb4359187558d7bf0e30b987f2665fe08309155c2095e37;0xe62a0d74b6a814887769bb37cb5040b6874fcbdf66ebbb18bdd616c600d82ea4;0x24463669;0x408b0a94L;0.500000;1503172026;1503172027
0;64;8048;0xbb2bddfa842cf5ce82e2d6f9281d40f4308a7d0f47c0c2f835c2fee1e2a9579d;0x98eff7b5d59ba382d4f39e5da6fd34942d8c4b47a0fd4ad1456d3bdd75ed31a0;0xcbdaff43;0xc0860dc5L;0.500000;1503172027;1503172027
0;64;8048;0xbb2bddfa842cf5ce82e2d6f9281d40f4308a7d0f47c0c2f835c2fee1e2a9579d;0x98eff7b5d59ba382d4f39e5da6fd34942d8c4b47a0fd4ad1456d3bdd75ed31a0;0xcbdaff43;0xc0860dc5L;0.500000;1503172027;1503172027
0;64;8048;0xbb2bddfa842cf5ce82e2d6f9281d40f4308a7d0f47c0c2f835c2fee1e2a9579d;0x98eff7b5d59ba382d4f39e5da6fd34942d8c4b47a0fd4ad1456d3bdd75ed31a0;0xcbdaff43;0xc0860dc5L;0.500000;1503172028;1503172028
0;64;8048;0x97025b2829d8feb6b265bb72f376f034f82231c21fcf913c19a2096d40f6cdd7;0xde8c7419fa43aa998a773fcc47d00d6666a48d76f8fa63094232b1d161162c95;0x29638b45;0x425e970aL;0.500000;1503172028;1503172028
0;64;8048;0x97025b2829d8feb6b265bb72f376f034f82231c21fcf913c19a2096d40f6cdd7;0xde8c7419fa43aa998a773fcc47d00d6666a48d76f8fa63094232b1d161162c95;0x29638b45;0x425e970aL;0.500000;1503172028;1503172029
0;64;8048;0xa04a983da2d4a6e6cc044a16ac3b40c6d3be3bde8fd777873d341b4526a6d5c6;0x429c9e3c79626200254ef0aedc5751115876d6a0833ad873f7a6418514e5663d;0x6d23eca6;0xe0caf904L;0.500000;1503172029;1503172029
0;64;8048;0xa04a983da2d4a6e6cc044a16ac3b40c6d3be3bde8fd777873d341b4526a6d5c6;0x429c9e3c79626200254ef0aedc5751115876d6a0833ad873f7a6418514e5663d;0x6d23eca6;0xe0caf904L;0.500000;1503172029;1503172029
0;64;8048;0xa04a983da2d4a6e6cc044a16ac3b40c6d3be3bde8fd777873d341b4526a6d5c6;0x429c9e3c79626200254ef0aedc5751115876d6a0833ad873f7a6418514e5663d;0x6d23eca6;0xe0caf904L;0.500000;1503172029;1503172030
0;64;8048;0x390d9730194a487c580038ea0d9826cbb5b04084ec729e42f77af6aef9504033;0x7f0514ef30b3551fa36fe70a0ba3dc88b06cc715d44fcce247a25e1665fe625d;0x026ba253;0xa8a5910aL;0.500000;1503172030;1503172030
0;64;8048;0x390d9730194a487c580038ea0d9826cbb5b04084ec729e42f77af6aef9504033;0x7f0514ef30b3551fa36fe70a0ba3dc88b06cc715d44fcce247a25e1665fe625d;0x026ba253;0xa8a5910aL;0.500000;1503172030;1503172030
0;64;8048;0x390d9730194a487c580038ea0d9826cbb5b04084ec729e42f77af6aef9504033;0x7f0514ef30b3551fa36fe70a0ba3dc88b06cc715d44fcce247a25e1665fe625d;0x026ba253;0xa8a5910aL;0.500000;1503172031;1503172031
