0;64;8048;0xc5b73f11115616e0f11b64882962511fc955cfc69b5b210619da8cfc03c06dc9;0x7126c90bead76b1268c21f30cb7b3796c21ad59cb32ec65cd7ce9a21589f5268;0x00f336aa;0x5c490612L;0.500000;1503221971;1503221971
0;64;8048;0x079726553cab3e1e0403f97b804cd189fff5f54b55191ff563f8cc3befd2acf6;0xa664adc0681e86df9897e7038309f6a19adfa0a6372df6002c0f6a499ddb8265;0xf7dc1281;0x2d517110L;0.500000;1503221971;1503221971
0;64;8048;0x079726553cab3e1e0403f97b804cd189fff5f54b55191ff563f8cc3befd2acf6;0xa664adc0681e86df9897e7038309f6a19adfa0a6372df6002c0f6a499ddb8265;0xf7dc1281;0x2d517110L;0.500000;1503221971;1503221972
0;64;8048;0x3be26802b97f88b803587e078ae6b616b924e9147e2e07c9742ac9c9b3f777ee;0x22ecfa5b1fd93e6c4b449e19e7a46080fe843d25128c66ec0e1b28b0e07d78ba;0xa7021f92;0x43282802L;0.500000;1503221972;1503221972
0;64;8048;0x3be26802b97f88b803587e078ae6b616b924e9147e2e07c9742ac9c9b3f777ee;0x22ecfa5b1fd93e6c4b449e19e7a46080fe843d25128c66ec0e1b28b0e07d78ba;0xa7021f92;0x43282802L;0.500000;1503221972;1503221972
0;64;8048;0x3be26802b97f88b803587e078ae6b616b924e9147e2e07c9742ac9c9b3f777ee;0x22ecfa5b1fd93e6c4b449e19e7a46080fe843d25128c66ec0e1b28b0e07d78ba;0xa7021f92;0x43282802L;0.500000;1503221972;1503221973
0;64;8048;0x60a47496e395ad5db1887cef03217aab0a10f83c60698f6fbe9f012edbf11b3c;0x444ca5832f195b988c20ff115d227dac323694f3277e331ad04f81bde9ad2577;0x589b4b45;0xf1744566L;0.500000;1503221973;1503221973
0;64;8048;0x60a47496e395ad5db1887cef03217aab0a10f83c60698f6fbe9f012edbf11b3c;0x444ca5832f195b988c20ff115d227dac323694f3277e331ad04f81bde9ad2577;0x589b4b45;0xf1744566L;0.500000;1503221973;1503221973
0;64;8048;0x60a47496e395ad5db1887cef03217aab0a10f83c60698f6fbe9f012edbf11b3c;0x444ca5832f195b988c20ff115d227dac323694f3277e331ad04f81bde9ad2577;0x589b4b45;0xf1744566L;0.500000;1503221973;1503221974
0;64;8048;0x897f665f97a46c718d66bea264b6995898d25c5cf1812d79fea4fb06305385ba;0x55ccda6659546ad10fd452704b3fc643d5769b460d603f18971200fb3df03d98;0x509d60bd;0x248378c0L;0.500000;1503221974;1503221974
0;64;8048;0x897f665f97a46c718d66bea264b6995898d25c5cf1812d79fea4fb06305385ba;0x55ccda6659546ad10fd452704b3fc643d5769b460d603f18971200fb3df03d98;0x509d60bd;0x248378c0L;0.500000;1503221974;1503221975
0;64;8048;0xc01fa2efbed47f56ec983341b0c83b5fc8dd38d172dc41c136c12e18600c8220;0x076363f6f2352096b17b133061a5337e73b62d350b7060094088e691d9345e13;0xc76da4f4;0x524c9102L;0.500000;1503221975;1503221975
0;64;8048;0xc01fa2efbed47f56ec983341b0c83b5fc8dd38d172dc41c136c12e18600c8220;0x076363f6f2352096b17b133061a5337e73b62d350b7060094088e691d9345e13;0xc76da4f4;0x524c9102L;0.500000;1503221975;1503221975
0;64;8048;0xc01fa2efbed47f56ec983341b0c83b5fc8dd38d172dc41c136c12e18600c8220;0x076363f6f2352096b17b133061a5337e73b62d350b7060094088e691d9345e13;0xc76da4f4;0x524c9102L;0.500000;1503221975;1503221976
0;64;8048;0x10adda9303367a06ddb08439b2a58049b3804a9c31047c906e425f414c39995d;0x2e2f573de8ccc7a2811b32278db90c5ec3500f279a16ce173ccde05ee2970d7d;0xb7b1e550;0xa6d1b21cL;0.500000;1503221976;1503221976
0;64;8048;0x10adda9303367a06ddb08439b2a58049b3804a9c31047c906e425f414c39995d;0x2e2f573de8ccc7a2811b32278db90c5ec3500f279a16ce173ccde05ee2970d7d;0xb7b1e550;0xa6d1b21cL;0.500000;1503221976;1503221976
0;64;8048;0x10adda9303367a06ddb08439b2a58049b3804a9c31047c906e425f414c39995d;0x2e2f573de8ccc7a2811b32278db90c5ec3500f279a16ce173ccde05ee2970d7d;0xb7b1e550;0xa6d1b21cL;0.500000;1503221976;1503221977
0;64;8048;0x08209d5a236ab363acd77f69779c37b20a1c02d109fce6fe0e2623b4cdc4fbd6;0xf06171d36c129539f066be5658a008741040d80f6386cab8826c1413e7b75265;0xca3d5b08;0x8a110b6L;0.500000;1503221977;1503221977
0;64;8048;0x08209d5a236ab363acd77f69779c37b20a1c02d109fce6fe0e2623b4cdc4fbd6;0xf06171d36c129539f066be5658a008741040d80f6386cab8826c1413e7b75265;0xca3d5b08;0x8a110b6L;0.500000;1503221977;1503221977
0;64;8048;0x08209d5a236ab363acd77f69779c37b20a1c02d109fce6fe0e2623b4cdc4fbd6;0xf06171d36c129539f066be5658a008741040d80f6386cab8826c1413e7b75265;0xca3d5b08;0x8a110b6L;0.500000;1503221978;1503221978
