0;64;8048;0x38d422fb246ffaca6a7ca2bcde24be4d2f30b7e7febdefedc2c5dd58666baf9e;0xf2f517872239460ccf344a305759d576cc0cf2acc5f8cc02e9140c5ac063c01a;0xc8d7a036;0xae84038L;0.500000;1503198204;1503198204
0;64;8048;0x38d422fb246ffaca6a7ca2bcde24be4d2f30b7e7febdefedc2c5dd58666baf9e;0xf2f517872239460ccf344a305759d576cc0cf2acc5f8cc02e9140c5ac063c01a;0xc8d7a036;0xae84038L;0.500000;1503198204;1503198205
0;64;8048;0x552b21e67c7b8ef16e715796beeef646e0dec9442f63b39a458140f1f538b64a;0x012053c2e03b11dc129a59891f88d0af656dda12a049289079b55ee03d49911b;0x75e0e184;0xce682d52L;0.500000;1503198205;1503198205
0;64;8048;0x552b21e67c7b8ef16e715796beeef646e0dec9442f63b39a458140f1f538b64a;0x012053c2e03b11dc129a59891f88d0af656dda12a049289079b55ee03d49911b;0x75e0e184;0xce682d52L;0.500000;1503198205;1503198205
0;64;8048;0x552b21e67c7b8ef16e715796beeef646e0dec9442f63b39a458140f1f538b64a;0x012053c2e03b11dc129a59891f88d0af656dda12a049289079b55ee03d49911b;0x75e0e184;0xce682d52L;0.500000;1503198205;1503198206
0;64;8048;0x7abc5dec0cf8fba6e4261ef33eeddb74c522fc1b8175c230491ea1737c38a8f6;0xedbba7144e1d876a5530e3a2137254fa05408a55f94e381e0bcde469f90aa05d;0x0652bceb;0x151229a2L;0.500000;1503198206;1503198206
0;64;8048;0x7abc5dec0cf8fba6e4261ef33eeddb74c522fc1b8175c230491ea1737c38a8f6;0xedbba7144e1d876a5530e3a2137254fa05408a55f94e381e0bcde469f90aa05d;0x0652bceb;0x151229a2L;0.500000;1503198206;1503198207
0;64;8048;0x8b65defa21efeba3f0a23e95ac601a07eeb3f166e5c0af8b1db99ecdf329587e;0x79168e26bb3d53c8b817ef7dece385b3e276bd0e470aba18a3219e18ecf2a708;0x138ba40a;0x88281c1L;0.500000;1503198207;1503198207
0;64;8048;0x8b65defa21efeba3f0a23e95ac601a07eeb3f166e5c0af8b1db99ecdf329587e;0x79168e26bb3d53c8b817ef7dece385b3e276bd0e470aba18a3219e18ecf2a708;0x138ba40a;0x88281c1L;0.500000;1503198207;1503198208
0;64;8048;0x0a1e668a2f4807430ffbc2480fff2cfaed381f44f2597df9cd05cb5faac3cfb4;0x99c8cb93ba73b213a092bf601bf04d36057ce81392447a096a92281f99df0001;0x3730ed65;0x3134a640L;0.500000;1503198208;1503198208
0;64;8048;0x0a1e668a2f4807430ffbc2480fff2cfaed381f44f2597df9cd05cb5faac3cfb4;0x99c8cb93ba73b213a092bf601bf04d36057ce81392447a096a92281f99df0001;0x3730ed65;0x3134a640L;0.500000;1503198208;1503198208
0;64;8048;0x0a1e668a2f4807430ffbc2480fff2cfaed381f44f2597df9cd05cb5faac3cfb4;0x99c8cb93ba73b213a092bf601bf04d36057ce81392447a096a92281f99df0001;0x3730ed65;0x3134a640L;0.500000;1503198208;1503198209
0;64;8048;0xad567f4fc160607b672c1966d6a4303e94b305c3fea3ede278cbac9075847a22;0x4612b45eecf29e97023200a7e13ddcd5595366fa0c9f7df6d00788c0548e7c8f;0xbecdb3f4;0x86a2898eL;0.500000;1503198209;1503198209
0;64;8048;0xad567f4fc160607b672c1966d6a4303e94b305c3fea3ede278cbac9075847a22;0x4612b45eecf29e97023200a7e13ddcd5595366fa0c9f7df6d00788c0548e7c8f;0xbecdb3f4;0x86a2898eL;0.500000;1503198209;1503198209
0;64;8048;0xad567f4fc160607b672c1966d6a4303e94b305c3fea3ede278cbac9075847a22;0x4612b45eecf29e97023200a7e13ddcd5595366fa0c9f7df6d00788c0548e7c8f;0xbecdb3f4;0x86a2898eL;0.500000;1503198209;1503198210
0;64;8048;0xc6a1208e7994d9dbd7d33369ef0e4a9e21b5b83defea4f2bc09d38a1b8aa9b7e;0x06c279eddcc485221bc2d7db4f73f83706e1494b3e66c8a25b89e58eba0322a5;0xd1d63b52;0x8c60d1c1L;0.500000;1503198210;1503198210
0;64;8048;0xc6a1208e7994d9dbd7d33369ef0e4a9e21b5b83defea4f2bc09d38a1b8aa9b7e;0x06c279eddcc485221bc2d7db4f73f83706e1494b3e66c8a25b89e58eba0322a5;0xd1d63b52;0x8c60d1c1L;0.500000;1503198210;1503198211
0;64;8048;0x9e87b5a316e7422f02ffb60429f4836aa24ca9339c57f2ebd9053dbb99cd0c37;0xea5d74cb1abc6d5586ff2d2561be4857a6d2baf367ccc914f2505e35b15a4a5e;0x64582f79;0x10a4310L;0.500000;1503198211;1503198211
0;64;8048;0x9e87b5a316e7422f02ffb60429f4836aa24ca9339c57f2ebd9053dbb99cd0c37;0xea5d74cb1abc6d5586ff2d2561be4857a6d2baf367ccc914f2505e35b15a4a5e;0x64582f79;0x10a4310L;0.500000;1503198211;1503198211
0;64;8048;0x9e87b5a316e7422f02ffb60429f4836aa24ca9339c57f2ebd9053dbb99cd0c37;0xea5d74cb1abc6d5586ff2d2561be4857a6d2baf367ccc914f2505e35b15a4a5e;0x64582f79;0x10a4310L;0.500000;1503198211;1503198212
