0;64;8048;0xc7d5ca961686012cd33fb040718520093e14264f7f62246b72dd3ee9c99d5890;0xc5dd8c9a7012bb3a19a74b3a840d51ed1f39c9ae057167e52ea765a0fff79588;0x799501d4;0xa8be2382L;0.500000;1503219607;1503219608
0;64;8048;0x16d4634f79aa9e11137aa111011fb90670f2912eedb2db2fe38c7410268c6d3c;0x4b9f6426cac008ae7e212d048697c928288149521a5fafb9c7490d71d161ed81;0x0578e662;0x18016002L;0.500000;1503219608;1503219608
0;64;8048;0x16d4634f79aa9e11137aa111011fb90670f2912eedb2db2fe38c7410268c6d3c;0x4b9f6426cac008ae7e212d048697c928288149521a5fafb9c7490d71d161ed81;0x0578e662;0x18016002L;0.500000;1503219608;1503219609
0;64;8048;0xa75a7aa4f17f12a2af0491056841d2ecbd48d0f88baea23d3faf8ca58eab1b35;0x9261458da0decfa6c452011d59eeb3433c9975841c7830df6a94bcd494871c37;0x21fd3989;0xe7049806L;0.500000;1503219609;1503219609
0;64;8048;0xa75a7aa4f17f12a2af0491056841d2ecbd48d0f88baea23d3faf8ca58eab1b35;0x9261458da0decfa6c452011d59eeb3433c9975841c7830df6a94bcd494871c37;0x21fd3989;0xe7049806L;0.500000;1503219609;1503219609
0;64;8048;0xa75a7aa4f17f12a2af0491056841d2ecbd48d0f88baea23d3faf8ca58eab1b35;0x9261458da0decfa6c452011d59eeb3433c9975841c7830df6a94bcd494871c37;0x21fd3989;0xe7049806L;0.500000;1503219609;1503219610
0;64;8048;0x813d46cfe7f480fea7b67c0ccd44b0b0eeca6c138afe33b0b7a65639d3a4af55;0x9898d7277148468c58ea7da321b2698ff53382e749a11db39754742f4e58e7f8;0x2f33a7bc;0xb6162112L;0.500000;1503219610;1503219610
0;64;8048;0x813d46cfe7f480fea7b67c0ccd44b0b0eeca6c138afe33b0b7a65639d3a4af55;0x9898d7277148468c58ea7da321b2698ff53382e749a11db39754742f4e58e7f8;0x2f33a7bc;0xb6162112L;0.500000;1503219610;1503219610
0;64;8048;0x813d46cfe7f480fea7b67c0ccd44b0b0eeca6c138afe33b0b7a65639d3a4af55;0x9898d7277148468c58ea7da321b2698ff53382e749a11db39754742f4e58e7f8;0x2f33a7bc;0xb6162112L;0.500000;1503219610;1503219611
0;64;8048;0x1b9e2a7e8e247c19d056dcac3d089437106791a42349e202b5b56330e63c4802;0x29cb16465367967916376f71aeeb2b3344b2ff2b176ed3fef2029f5211ed9062;0x1ba05b75;0x1484b01aL;0.500000;1503219611;1503219611
0;64;8048;0x1b9e2a7e8e247c19d056dcac3d089437106791a42349e202b5b56330e63c4802;0x29cb16465367967916376f71aeeb2b3344b2ff2b176ed3fef2029f5211ed9062;0x1ba05b75;0x1484b01aL;0.500000;1503219611;1503219612
0;64;8048;0x1b7a4e0e726042497f199fef10c249e60312718e48a388d8aafa55dd803f109b;0xb585ddb0505d10fded8fe3477c4ba64d7f7ff592583d5e46a564c551d529b999;0x343a168b;0x70100202L;0.500000;1503219612;1503219612
0;64;8048;0x1b7a4e0e726042497f199fef10c249e60312718e48a388d8aafa55dd803f109b;0xb585ddb0505d10fded8fe3477c4ba64d7f7ff592583d5e46a564c551d529b999;0x343a168b;0x70100202L;0.500000;1503219612;1503219612
0;64;8048;0x1b7a4e0e726042497f199fef10c249e60312718e48a388d8aafa55dd803f109b;0xb585ddb0505d10fded8fe3477c4ba64d7f7ff592583d5e46a564c551d529b999;0x343a168b;0x70100202L;0.500000;1503219612;1503219613
0;64;8048;0x3303da10af64c8c79d5e06b78720ef0166e084b7c7361c2c31e53c801ec3ed52;0x47b469fa00942c34967106f7d446d166035e2ea331998a294f9919cfb98f0cee;0x412c9af1;0x8e41c355L;0.500000;1503219613;1503219613
0;64;8048;0x3303da10af64c8c79d5e06b78720ef0166e084b7c7361c2c31e53c801ec3ed52;0x47b469fa00942c34967106f7d446d166035e2ea331998a294f9919cfb98f0cee;0x412c9af1;0x8e41c355L;0.500000;1503219613;1503219614
0;64;8048;0x512bcd213fa716934e9af8d4461404a19e6f3740887e7a0d63cad2d47addcccb;0xb221898fc9bcf2d9b4da31f7edc568a9da03030495849c3a7cd066afc6433e70;0x3010a0b4;0xa438228L;0.500000;1503219614;1503219614
0;64;8048;0x512bcd213fa716934e9af8d4461404a19e6f3740887e7a0d63cad2d47addcccb;0xb221898fc9bcf2d9b4da31f7edc568a9da03030495849c3a7cd066afc6433e70;0x3010a0b4;0xa438228L;0.500000;1503219614;1503219615
0;64;8048;0xbe41a1ae7091d9ca682a32aababcfee789c32b323791265790fab66d83599d41;0x36ed449ce9855ffd833ce612b0f2a1cff5abe962e474c9de950ffff33cd30bab;0xd5fec6b8;0x154131d1L;0.500000;1503219615;1503219615
0;64;8048;0xbe41a1ae7091d9ca682a32aababcfee789c32b323791265790fab66d83599d41;0x36ed449ce9855ffd833ce612b0f2a1cff5abe962e474c9de950ffff33cd30bab;0xd5fec6b8;0x154131d1L;0.500000;1503219615;1503219615
