0;64;8048;0x35020c2ae942e05a478cd617c431f7406b8c92c8cb02bcbd0882d83b43ac9679;0x89f35e00e08cd7500c884cfa2f5cb2bab4f2ecbc27daa24b0e1df3c414105cbf;0xa1ad4b54;0x4042409cL;0.500000;1503183938;1503183939
0;64;8048;0xfe26d18edf4eece0980eb6a37f8a0129fb9cbd0970e24f8a0cb3bc79714c256f;0x20274118bd468a3449804520a4804ec974d4e64e96756cb6624cdb3b286ce61e;0x1bc2812c;0x420fa96aL;0.500000;1503183939;1503183939
0;64;8048;0xfe26d18edf4eece0980eb6a37f8a0129fb9cbd0970e24f8a0cb3bc79714c256f;0x20274118bd468a3449804520a4804ec974d4e64e96756cb6624cdb3b286ce61e;0x1bc2812c;0x420fa96aL;0.500000;1503183939;1503183940
0;64;8048;0xb661322e15d799576adbf6fd9b247459a3ae442faf640777d8147b61b569dc6b;0x3b5df33113614fb8b82bc4ba407fbcc0c3d22045caa5048c8f4356749d947452;0xa5470a42;0xc81072c2L;0.500000;1503183940;1503183940
0;64;8048;0xb661322e15d799576adbf6fd9b247459a3ae442faf640777d8147b61b569dc6b;0x3b5df33113614fb8b82bc4ba407fbcc0c3d22045caa5048c8f4356749d947452;0xa5470a42;0xc81072c2L;0.500000;1503183940;1503183941
0;64;8048;0xe998ca675ab368464fda2b96569e319f88a9e8b41fe266414beda42eb87a82a1;0xd5b26981cc18812b14f122d96a36b43cac401334f8be300592434734c49c73e1;0x55570995;0x73346086L;0.500000;1503183941;1503183941
0;64;8048;0xe998ca675ab368464fda2b96569e319f88a9e8b41fe266414beda42eb87a82a1;0xd5b26981cc18812b14f122d96a36b43cac401334f8be300592434734c49c73e1;0x55570995;0x73346086L;0.500000;1503183941;1503183941
0;64;8048;0xe998ca675ab368464fda2b96569e319f88a9e8b41fe266414beda42eb87a82a1;0xd5b26981cc18812b14f122d96a36b43cac401334f8be300592434734c49c73e1;0x55570995;0x73346086L;0.500000;1503183941;1503183942
0;64;8048;0xe6492fccca4dd6d74dabf6a194e285de7ddcbea57878c408bda59f6570589256;0xbd7516dc295cea8e6f4d6ec9a7a8f052ef357f81e8d872aff88d13875c9f4f73;0x0500e538;0xb5282b20L;0.500000;1503183942;1503183942
0;64;8048;0xe6492fccca4dd6d74dabf6a194e285de7ddcbea57878c408bda59f6570589256;0xbd7516dc295cea8e6f4d6ec9a7a8f052ef357f81e8d872aff88d13875c9f4f73;0x0500e538;0xb5282b20L;0.500000;1503183942;1503183943
0;64;8048;0x259fc1246ef8f1a3ad232e2ccc34ef940afbd1b832b5732d9de6e8a40548b02a;0x86bc04b3474c7830b74a8bb13531d88635e76201b2bfc6c32b4dc3e84028d613;0x74a2eb92;0x428b40a5L;0.500000;1503183943;1503183943
0;64;8048;0x259fc1246ef8f1a3ad232e2ccc34ef940afbd1b832b5732d9de6e8a40548b02a;0x86bc04b3474c7830b74a8bb13531d88635e76201b2bfc6c32b4dc3e84028d613;0x74a2eb92;0x428b40a5L;0.500000;1503183943;1503183943
0;64;8048;0x259fc1246ef8f1a3ad232e2ccc34ef940afbd1b832b5732d9de6e8a40548b02a;0x86bc04b3474c7830b74a8bb13531d88635e76201b2bfc6c32b4dc3e84028d613;0x74a2eb92;0x428b40a5L;0.500000;1503183943;1503183944
0;64;8048;0x5f9398cfebc4136057807b6d3c0b2c1a36002b87b10aadd45cbf3109b68d1a15;0x7751557dd478eac5b62fdef577e4ee3fffc6349e8a3c44b31c38d46e298c5582;0x018df977;0x534fd406L;0.500000;1503183944;1503183944
0;64;8048;0x5f9398cfebc4136057807b6d3c0b2c1a36002b87b10aadd45cbf3109b68d1a15;0x7751557dd478eac5b62fdef577e4ee3fffc6349e8a3c44b31c38d46e298c5582;0x018df977;0x534fd406L;0.500000;1503183944;1503183945
0;64;8048;0x2b2c6d39dae5e08292916fa6af66f38d2ebc0f39d5ba9992ce0a4351979f6ec2;0x7e6173fc027d381f1d95c56f1c78789852ed0691dcfdd41ff094d6e62699cf18;0x3c04743a;0xd481bb3aL;0.500000;1503183945;1503183945
0;64;8048;0x2b2c6d39dae5e08292916fa6af66f38d2ebc0f39d5ba9992ce0a4351979f6ec2;0x7e6173fc027d381f1d95c56f1c78789852ed0691dcfdd41ff094d6e62699cf18;0x3c04743a;0xd481bb3aL;0.500000;1503183945;1503183945
0;64;8048;0x2b2c6d39dae5e08292916fa6af66f38d2ebc0f39d5ba9992ce0a4351979f6ec2;0x7e6173fc027d381f1d95c56f1c78789852ed0691dcfdd41ff094d6e62699cf18;0x3c04743a;0xd481bb3aL;0.500000;1503183945;1503183946
0;64;8048;0x8b522e7b7204d805a6226acf7dd00a1d024e0d19714813f713bc49c2b8ce4343;0x98f29f25a10590222a75edb3a7ad313edf36eaac0775872bdc31eef714ac6dd7;0xdbfe8f02;0xca179c12L;0.500000;1503183946;1503183946
0;64;8048;0x8b522e7b7204d805a6226acf7dd00a1d024e0d19714813f713bc49c2b8ce4343;0x98f29f25a10590222a75edb3a7ad313edf36eaac0775872bdc31eef714ac6dd7;0xdbfe8f02;0xca179c12L;0.500000;1503183946;1503183946
