0;64;8048;0x2587e219b6357ae41d0c037f182084ab81c5e5eeaecf73a267b6534dfbb0f621;0xbbe85e6ae1ec02b74420e8ce49710826b8b694432bb95ebafa35d12f34d9c4be;0xbff536e3;0x250410eL;0.500000;1503124433;1503124434
0;64;8048;0x097ad372a671a35c91fe4da0eecae7ddfb1954c403e9d8bd5fc0fb53993fb3a2;0xbe090f677893c9cdbb48fab32f2ed8abb62a67c093cf304a186a1d3a96f1a7ca;0x63c39c64;0xa94940dfL;0.500000;1503124434;1503124434
0;64;8048;0x097ad372a671a35c91fe4da0eecae7ddfb1954c403e9d8bd5fc0fb53993fb3a2;0xbe090f677893c9cdbb48fab32f2ed8abb62a67c093cf304a186a1d3a96f1a7ca;0x63c39c64;0xa94940dfL;0.500000;1503124434;1503124435
0;64;8048;0xeccace0c8ca8814fb608e9ff71771060977c7dedbf42bd68f17e9819eedd1bda;0x31006a7bdb1145856ed0a37147ccb098d22c561a804a684303a907ae0493364d;0x86e0a146;0x40a1e8ccL;0.500000;1503124435;1503124435
0;64;8048;0xeccace0c8ca8814fb608e9ff71771060977c7dedbf42bd68f17e9819eedd1bda;0x31006a7bdb1145856ed0a37147ccb098d22c561a804a684303a907ae0493364d;0x86e0a146;0x40a1e8ccL;0.500000;1503124435;1503124435
0;64;8048;0xeccace0c8ca8814fb608e9ff71771060977c7dedbf42bd68f17e9819eedd1bda;0x31006a7bdb1145856ed0a37147ccb098d22c561a804a684303a907ae0493364d;0x86e0a146;0x40a1e8ccL;0.500000;1503124435;1503124436
0;64;8048;0xf054c8351f2057c56eb4ec0348a41c1f0497dc321ad56c30ee4f232d075813f7;0x4c452a55e7ec6389190a011ac1e686aacb1889702e5a7674a942acd48e719c79;0x5cc7aa56;0x35096540L;0.500000;1503124436;1503124436
0;64;8048;0xf054c8351f2057c56eb4ec0348a41c1f0497dc321ad56c30ee4f232d075813f7;0x4c452a55e7ec6389190a011ac1e686aacb1889702e5a7674a942acd48e719c79;0x5cc7aa56;0x35096540L;0.500000;1503124436;1503124437
0;64;8048;0x489b11f2ee5be44277e2079106353fb425009ff99ff329c6ff16c860c8770d10;0x8181b078f5ea0fef87707b8ba38fce7d426a8c7461f1f58e3402af81f9f74001;0x1ba9f45f;0x48793216L;0.500000;1503124437;1503124437
0;64;8048;0x489b11f2ee5be44277e2079106353fb425009ff99ff329c6ff16c860c8770d10;0x8181b078f5ea0fef87707b8ba38fce7d426a8c7461f1f58e3402af81f9f74001;0x1ba9f45f;0x48793216L;0.500000;1503124437;1503124437
0;64;8048;0x489b11f2ee5be44277e2079106353fb425009ff99ff329c6ff16c860c8770d10;0x8181b078f5ea0fef87707b8ba38fce7d426a8c7461f1f58e3402af81f9f74001;0x1ba9f45f;0x48793216L;0.500000;1503124437;1503124438
0;64;8048;0x8f3a0c207b7178586ad2284526e8f1dd32157d247fc0775042aa1a97591f27e8;0x418aadeb411cd3f058406eae70e7ef13f05a111176e2de63bb051f2d0c7b2e80;0x13446843;0xa045326L;0.500000;1503124438;1503124438
0;64;8048;0x8f3a0c207b7178586ad2284526e8f1dd32157d247fc0775042aa1a97591f27e8;0x418aadeb411cd3f058406eae70e7ef13f05a111176e2de63bb051f2d0c7b2e80;0x13446843;0xa045326L;0.500000;1503124438;1503124439
0;64;8048;0x90b4043f031be4e1cd24866e42e92c336713e9a73b06e9894b6369db2ee80abe;0xf280fa29a84a48e4449a4e6e1790013e147b859bb48abb1aba740c670b6d4b08;0xeef7b10a;0xb2c25186L;0.500000;1503124439;1503124439
0;64;8048;0x90b4043f031be4e1cd24866e42e92c336713e9a73b06e9894b6369db2ee80abe;0xf280fa29a84a48e4449a4e6e1790013e147b859bb48abb1aba740c670b6d4b08;0xeef7b10a;0xb2c25186L;0.500000;1503124439;1503124439
0;64;8048;0x90b4043f031be4e1cd24866e42e92c336713e9a73b06e9894b6369db2ee80abe;0xf280fa29a84a48e4449a4e6e1790013e147b859bb48abb1aba740c670b6d4b08;0xeef7b10a;0xb2c25186L;0.500000;1503124439;1503124440
0;64;8048;0x43837971a4ec79b7019581f1da811ec41eb47331747bf3e1d5ab5933e780b72a;0x8d46647d45042379cb5934acd196188997ab6aa924ce6a0badf5b99f68d6620c;0xff1898cf;0x1421025L;0.500000;1503124440;1503124440
0;64;8048;0x43837971a4ec79b7019581f1da811ec41eb47331747bf3e1d5ab5933e780b72a;0x8d46647d45042379cb5934acd196188997ab6aa924ce6a0badf5b99f68d6620c;0xff1898cf;0x1421025L;0.500000;1503124440;1503124441
0;64;8048;0xed4c1d6d8e4288f57270509c9eaed141a80ae74cb2fb88e92594ff0c89490d77;0x8be5f8f0c0c1d84ba91f1267edafb4060503a7e74933aa7363e8759af2f81aad;0x7a959a29;0x40103a1fL;0.500000;1503124441;1503124441
0;64;8048;0xed4c1d6d8e4288f57270509c9eaed141a80ae74cb2fb88e92594ff0c89490d77;0x8be5f8f0c0c1d84ba91f1267edafb4060503a7e74933aa7363e8759af2f81aad;0x7a959a29;0x40103a1fL;0.500000;1503124441;1503124441
