0;64;8048;0x88c568852de44fd2486284656b3580754e7f1318400b92a4619858101352169b;0x866a7f72bfb16599b1c7160d9a3c8fa4261a473e0220b8ec31704038e289a7e7;0x4af30cf2;0x11164302L;0.500000;1503244513;1503244513
0;64;8048;0x88c568852de44fd2486284656b3580754e7f1318400b92a4619858101352169b;0x866a7f72bfb16599b1c7160d9a3c8fa4261a473e0220b8ec31704038e289a7e7;0x4af30cf2;0x11164302L;0.500000;1503244514;1503244514
0;64;8048;0x024ee0c8017ddb115cbe54f4ad7b65112f3f8f1ed640f4459a6807c401ae8203;0x68090f06a1978dde7975851bbfc93741cc7c99512639b76f545c18de4404b516;0xee0c4b8d;0x5f0131bcL;0.500000;1503244514;1503244514
0;64;8048;0x024ee0c8017ddb115cbe54f4ad7b65112f3f8f1ed640f4459a6807c401ae8203;0x68090f06a1978dde7975851bbfc93741cc7c99512639b76f545c18de4404b516;0xee0c4b8d;0x5f0131bcL;0.500000;1503244514;1503244515
0;64;8048;0x311775885cbffdfb105541f7f6834f8f1a1fac2321a4e073a29fcee13883db69;0x84536096fdc1c0952d35ea9411ab8830bedc97469dec0c6421cad58d9d3948af;0x19f8c7a4;0xff132b06L;0.500000;1503244515;1503244515
0;64;8048;0x311775885cbffdfb105541f7f6834f8f1a1fac2321a4e073a29fcee13883db69;0x84536096fdc1c0952d35ea9411ab8830bedc97469dec0c6421cad58d9d3948af;0x19f8c7a4;0xff132b06L;0.500000;1503244515;1503244515
0;64;8048;0x311775885cbffdfb105541f7f6834f8f1a1fac2321a4e073a29fcee13883db69;0x84536096fdc1c0952d35ea9411ab8830bedc97469dec0c6421cad58d9d3948af;0x19f8c7a4;0xff132b06L;0.500000;1503244515;1503244516
0;64;8048;0xc3009f446ad1e45ef89498c85134e37ae2539b43d4ff595842993b1cd1037995;0x982727bae19e6924eff5757b2b488fc6b673a9ad09e47782351e9a4f969499c1;0x9546d323;0x338202eeL;0.500000;1503244516;1503244516
0;64;8048;0xc3009f446ad1e45ef89498c85134e37ae2539b43d4ff595842993b1cd1037995;0x982727bae19e6924eff5757b2b488fc6b673a9ad09e47782351e9a4f969499c1;0x9546d323;0x338202eeL;0.500000;1503244516;1503244517
0;64;8048;0xeb3db4c0daf4618152778c2999c9c42caf7c75a60b72dbf860545d1fd2f299bd;0xe909a10dd1d6e6fbd9fb97b329992582e6905cefdedeaa6a72eb482fa109a4f2;0x24d7c17f;0xc8018048L;0.500000;1503244517;1503244517
0;64;8048;0xeb3db4c0daf4618152778c2999c9c42caf7c75a60b72dbf860545d1fd2f299bd;0xe909a10dd1d6e6fbd9fb97b329992582e6905cefdedeaa6a72eb482fa109a4f2;0x24d7c17f;0xc8018048L;0.500000;1503244517;1503244517
0;64;8048;0xeb3db4c0daf4618152778c2999c9c42caf7c75a60b72dbf860545d1fd2f299bd;0xe909a10dd1d6e6fbd9fb97b329992582e6905cefdedeaa6a72eb482fa109a4f2;0x24d7c17f;0xc8018048L;0.500000;1503244517;1503244518
0;64;8048;0xad9b30bbc8b1b4bc2ba44964f818c49a421540961ae9ceea74d04d5d930cdd40;0x5c865889724c4074e71a9d6bfd68bf4be5b6feee0f4e5060664849e7d3cdd903;0xdadb7452;0x23074602L;0.500000;1503244518;1503244518
0;64;8048;0xad9b30bbc8b1b4bc2ba44964f818c49a421540961ae9ceea74d04d5d930cdd40;0x5c865889724c4074e71a9d6bfd68bf4be5b6feee0f4e5060664849e7d3cdd903;0xdadb7452;0x23074602L;0.500000;1503244518;1503244518
0;64;8048;0xad9b30bbc8b1b4bc2ba44964f818c49a421540961ae9ceea74d04d5d930cdd40;0x5c865889724c4074e71a9d6bfd68bf4be5b6feee0f4e5060664849e7d3cdd903;0xdadb7452;0x23074602L;0.500000;1503244519;1503244519
0;64;8048;0xea925a5492a37dde1f0c215a9e5afe88dd26624d8de0b5f1f93ed1487b27f866;0x5e67dc60a563b36116b5c9cd8f2cd2805a7f7317a42380bb4def53e9b027a664;0xf8901086;0x71471646L;0.500000;1503244519;1503244519
0;64;8048;0xea925a5492a37dde1f0c215a9e5afe88dd26624d8de0b5f1f93ed1487b27f866;0x5e67dc60a563b36116b5c9cd8f2cd2805a7f7317a42380bb4def53e9b027a664;0xf8901086;0x71471646L;0.500000;1503244519;1503244520
0;64;8048;0x0136ed9e2424e0a9e2b7aeb750fd3e906c080b28fe451472f008e89f0d1ce00f;0x02b942e98fdc6c96033b16dad79f718d68a1e4b670a853e69f6eeb4fc97191b3;0x2387d5d4;0x427c169L;0.500000;1503244520;1503244520
0;64;8048;0x0136ed9e2424e0a9e2b7aeb750fd3e906c080b28fe451472f008e89f0d1ce00f;0x02b942e98fdc6c96033b16dad79f718d68a1e4b670a853e69f6eeb4fc97191b3;0x2387d5d4;0x427c169L;0.500000;1503244520;1503244520
0;64;8048;0x0136ed9e2424e0a9e2b7aeb750fd3e906c080b28fe451472f008e89f0d1ce00f;0x02b942e98fdc6c96033b16dad79f718d68a1e4b670a853e69f6eeb4fc97191b3;0x2387d5d4;0x427c169L;0.500000;1503244520;1503244521
