0;64;8048;0x6a4a94ebac1621134f01c258cb71984612122bd51dc65146e95cf91ff989a064;0x2f6e9797a87591aa510c8e5bf44ed1050fc4009881e70a55da4a0cd4a220c237;0x47b7a2a8;0x20362c9fL;0.500000;1503095184;1503095184
0;64;8048;0x6a4a94ebac1621134f01c258cb71984612122bd51dc65146e95cf91ff989a064;0x2f6e9797a87591aa510c8e5bf44ed1050fc4009881e70a55da4a0cd4a220c237;0x47b7a2a8;0x20362c9fL;0.500000;1503095184;1503095184
0;64;8048;0x6a4a94ebac1621134f01c258cb71984612122bd51dc65146e95cf91ff989a064;0x2f6e9797a87591aa510c8e5bf44ed1050fc4009881e70a55da4a0cd4a220c237;0x47b7a2a8;0x20362c9fL;0.500000;1503095184;1503095185
0;64;8048;0xcd975519b7e0d503da18fa75e98dcb000f400fccb556ba76bf013093ea3381b8;0x3ac1bcb397b15003cb508e7fbf8a62b6be0c39abcff0fb3e0fc2e4593fb0dd23;0xaf912ef3;0x4519882eL;0.500000;1503095185;1503095185
0;64;8048;0xcd975519b7e0d503da18fa75e98dcb000f400fccb556ba76bf013093ea3381b8;0x3ac1bcb397b15003cb508e7fbf8a62b6be0c39abcff0fb3e0fc2e4593fb0dd23;0xaf912ef3;0x4519882eL;0.500000;1503095185;1503095186
0;64;8048;0x876b490b1fe11406daa3df7318b0898b7b6a8688a0731a5b214f5b9e643f66ec;0x805486a51c55c4c2f031e093f2bbefd8ef21be3309055b89e7b47e99a72f92b4;0x8c6d980d;0x605071a2L;0.500000;1503095186;1503095186
0;64;8048;0x876b490b1fe11406daa3df7318b0898b7b6a8688a0731a5b214f5b9e643f66ec;0x805486a51c55c4c2f031e093f2bbefd8ef21be3309055b89e7b47e99a72f92b4;0x8c6d980d;0x605071a2L;0.500000;1503095186;1503095186
0;64;8048;0x876b490b1fe11406daa3df7318b0898b7b6a8688a0731a5b214f5b9e643f66ec;0x805486a51c55c4c2f031e093f2bbefd8ef21be3309055b89e7b47e99a72f92b4;0x8c6d980d;0x605071a2L;0.500000;1503095186;1503095187
0;64;8048;0x492c68c6604a63ce09ba19e002f291093e7d2f4d1cbcd98b7323af26e319482c;0xc841a23ed6dc860f8f89cecb876814e4c00c41814f348a5612b796bb60a4c8b0;0x26ff7ef0;0x84106306L;0.500000;1503095187;1503095187
0;64;8048;0x492c68c6604a63ce09ba19e002f291093e7d2f4d1cbcd98b7323af26e319482c;0xc841a23ed6dc860f8f89cecb876814e4c00c41814f348a5612b796bb60a4c8b0;0x26ff7ef0;0x84106306L;0.500000;1503095187;1503095188
0;64;8048;0x102806fe2ee5a0488442a7749d7cede6094bf381b8425048bd9a69cd1a71922a;0x36c5afff900c51b67cc951ae6290cbc2bcc1b836d02d0d7cf89a236a40ae8c03;0x104c4ca0;0x1b550e10L;0.500000;1503095188;1503095188
0;64;8048;0x102806fe2ee5a0488442a7749d7cede6094bf381b8425048bd9a69cd1a71922a;0x36c5afff900c51b67cc951ae6290cbc2bcc1b836d02d0d7cf89a236a40ae8c03;0x104c4ca0;0x1b550e10L;0.500000;1503095188;1503095188
0;64;8048;0x102806fe2ee5a0488442a7749d7cede6094bf381b8425048bd9a69cd1a71922a;0x36c5afff900c51b67cc951ae6290cbc2bcc1b836d02d0d7cf89a236a40ae8c03;0x104c4ca0;0x1b550e10L;0.500000;1503095188;1503095189
0;64;8048;0xda60a677383454e3e62b04e0db32860554ab6dff786d22022c2a7a1ca2988e7c;0x4779c75de8013e192ce770eae38c576496572961bd1a7926c96b44fc9485091a;0x3648ccf9;0x5b02028L;0.500000;1503095189;1503095189
0;64;8048;0xda60a677383454e3e62b04e0db32860554ab6dff786d22022c2a7a1ca2988e7c;0x4779c75de8013e192ce770eae38c576496572961bd1a7926c96b44fc9485091a;0x3648ccf9;0x5b02028L;0.500000;1503095189;1503095190
0;64;8048;0xc1acfcf945560c7e9d56c10103da8bab082fedad0f17ecfbddc147fe24cd25e5;0xc1ab0e6085131f47e160b83c1caaa50bd46ac845caeeae811bbab695c3cba545;0xfcdf9800;0x43cdfa83L;0.500000;1503095190;1503095190
0;64;8048;0xc1acfcf945560c7e9d56c10103da8bab082fedad0f17ecfbddc147fe24cd25e5;0xc1ab0e6085131f47e160b83c1caaa50bd46ac845caeeae811bbab695c3cba545;0xfcdf9800;0x43cdfa83L;0.500000;1503095190;1503095190
0;64;8048;0xc1acfcf945560c7e9d56c10103da8bab082fedad0f17ecfbddc147fe24cd25e5;0xc1ab0e6085131f47e160b83c1caaa50bd46ac845caeeae811bbab695c3cba545;0xfcdf9800;0x43cdfa83L;0.500000;1503095190;1503095191
0;64;8048;0xb9d4cb3b308753f5d2c2cde8228e6317bf35551dc6a8f3f8a641f5300b7e9cc5;0x5780799631fe73782d4fbaa96c486b568edc08b7b203fb1585c97cfdfac3c411;0x671e606a;0x3bab90c0L;0.500000;1503095191;1503095191
0;64;8048;0xb9d4cb3b308753f5d2c2cde8228e6317bf35551dc6a8f3f8a641f5300b7e9cc5;0x5780799631fe73782d4fbaa96c486b568edc08b7b203fb1585c97cfdfac3c411;0x671e606a;0x3bab90c0L;0.500000;1503095191;1503095191
