0;64;8048;0xd4ad47153abb0e9d7be3d71f5f1da2387918bf8cf764827e689f8ddbb4673288;0x47c8a5fdf5ebb5514f3744e34711fd77c0e61ade45b410e1b5213c1c1f248154;0x2b2ad174;0xc8473e99L;0.500000;1503166112;1503166112
0;64;8048;0x188d53e395adca465baf1e6b1409188ae2826c1f73fc50c140f5e2fffd737215;0x6819f07fe12525ffb19908d98942d90bafee17133f599296f41b488def9503bc;0x0d3a5a3b;0x8c5a4682L;0.500000;1503166112;1503166112
0;64;8048;0x188d53e395adca465baf1e6b1409188ae2826c1f73fc50c140f5e2fffd737215;0x6819f07fe12525ffb19908d98942d90bafee17133f599296f41b488def9503bc;0x0d3a5a3b;0x8c5a4682L;0.500000;1503166112;1503166113
0;64;8048;0xebd60c228fc821e1b2f07a766ad6e05c811a545f720d9f7227610be2dbe12cc6;0x7ac8d6ef6846ee4d3d2ad2d2f4880e3d2b3b5927aaa73f430c8c8c678ba36ccd;0x22ba5342;0x8468bb09L;0.500000;1503166113;1503166113
0;64;8048;0xebd60c228fc821e1b2f07a766ad6e05c811a545f720d9f7227610be2dbe12cc6;0x7ac8d6ef6846ee4d3d2ad2d2f4880e3d2b3b5927aaa73f430c8c8c678ba36ccd;0x22ba5342;0x8468bb09L;0.500000;1503166113;1503166113
0;64;8048;0xebd60c228fc821e1b2f07a766ad6e05c811a545f720d9f7227610be2dbe12cc6;0x7ac8d6ef6846ee4d3d2ad2d2f4880e3d2b3b5927aaa73f430c8c8c678ba36ccd;0x22ba5342;0x8468bb09L;0.500000;1503166113;1503166114
0;64;8048;0x7db9229b34ed4ab46a7c3ce2f8d52b8d80481b6e57a8cdd6307aa282680643e5;0xda6e359df86dea5f3acce498a8ab487dd72307035627c0f9a23a43101603f738;0x4d6f5078;0x141856aL;0.500000;1503166114;1503166114
0;64;8048;0x7db9229b34ed4ab46a7c3ce2f8d52b8d80481b6e57a8cdd6307aa282680643e5;0xda6e359df86dea5f3acce498a8ab487dd72307035627c0f9a23a43101603f738;0x4d6f5078;0x141856aL;0.500000;1503166114;1503166115
0;64;8048;0xad1eee482a71a32201a36fb8bb7fda0199e40441833e80a900319e5e99ea9e46;0x11533341872d0a312d7acec39f8a6c05d33c33eaa67297b9cb37dcd557d06ed3;0x6c9de048;0x9e034da0L;0.500000;1503166115;1503166115
0;64;8048;0xad1eee482a71a32201a36fb8bb7fda0199e40441833e80a900319e5e99ea9e46;0x11533341872d0a312d7acec39f8a6c05d33c33eaa67297b9cb37dcd557d06ed3;0x6c9de048;0x9e034da0L;0.500000;1503166115;1503166116
0;64;8048;0x0c90d1720d2a5f4c8ea0675faaa1b56f1b7edc6e27be5f7e1a5047b71fd3992b;0x8de9f7ab03e91e58fc299b0b1a2e1f36d3b4046ae90ee300ecd74571531e6304;0x7f0667a5;0x4304b10aL;0.500000;1503166116;1503166116
0;64;8048;0x0c90d1720d2a5f4c8ea0675faaa1b56f1b7edc6e27be5f7e1a5047b71fd3992b;0x8de9f7ab03e91e58fc299b0b1a2e1f36d3b4046ae90ee300ecd74571531e6304;0x7f0667a5;0x4304b10aL;0.500000;1503166116;1503166116
0;64;8048;0x0c90d1720d2a5f4c8ea0675faaa1b56f1b7edc6e27be5f7e1a5047b71fd3992b;0x8de9f7ab03e91e58fc299b0b1a2e1f36d3b4046ae90ee300ecd74571531e6304;0x7f0667a5;0x4304b10aL;0.500000;1503166116;1503166117
0;64;8048;0xc7d061c54887c7b223824cfc5eabf4d3585e260fe3947dfbad72e65b3e126506;0xd7b8db16243b889d0eb773a399734b1070ddb891685e2931e1b286e0f838e5d5;0x557269cb;0x44518a42L;0.500000;1503166117;1503166117
0;64;8048;0xc7d061c54887c7b223824cfc5eabf4d3585e260fe3947dfbad72e65b3e126506;0xd7b8db16243b889d0eb773a399734b1070ddb891685e2931e1b286e0f838e5d5;0x557269cb;0x44518a42L;0.500000;1503166117;1503166118
0;64;8048;0x9df91896eb01893f88ec65cee5bba2781f99397706567ba552da133076367c13;0x7ee56e7194f81f7315926f09e54e3bf0c1705bf3f8bc687c19ed9c0e826322f1;0xa6fb3589;0xd819153dL;0.500000;1503166118;1503166118
0;64;8048;0x9df91896eb01893f88ec65cee5bba2781f99397706567ba552da133076367c13;0x7ee56e7194f81f7315926f09e54e3bf0c1705bf3f8bc687c19ed9c0e826322f1;0xa6fb3589;0xd819153dL;0.500000;1503166118;1503166118
0;64;8048;0x9df91896eb01893f88ec65cee5bba2781f99397706567ba552da133076367c13;0x7ee56e7194f81f7315926f09e54e3bf0c1705bf3f8bc687c19ed9c0e826322f1;0xa6fb3589;0xd819153dL;0.500000;1503166118;1503166119
0;64;8048;0x4cf46017fbc8e3bef4b5b43cebe520f5fa293934524f948f9dc532dea5c4dff1;0xef942b95824ff37573adcc590470aedaebd168ed971f191f7f782ebdf3a0c0fd;0x100a482d;0x3b8b9530L;0.500000;1503166119;1503166119
0;64;8048;0x4cf46017fbc8e3bef4b5b43cebe520f5fa293934524f948f9dc532dea5c4dff1;0xef942b95824ff37573adcc590470aedaebd168ed971f191f7f782ebdf3a0c0fd;0x100a482d;0x3b8b9530L;0.500000;1503166119;1503166119
