0;64;8048;0xd7c92c2d155fcd0c3c261f5d4c577764141a5486848b276579f9bb9096c9fc6d;0x4ce6202677a1bd04f4b62f9537ff8fd4f0322db04510e7ddb75eea15be117a13;0xb4c0a7cb;0x409a5214L;0.500000;1503134542;1503134542
0;64;8048;0xd7c92c2d155fcd0c3c261f5d4c577764141a5486848b276579f9bb9096c9fc6d;0x4ce6202677a1bd04f4b62f9537ff8fd4f0322db04510e7ddb75eea15be117a13;0xb4c0a7cb;0x409a5214L;0.500000;1503134542;1503134542
0;64;8048;0xd7c92c2d155fcd0c3c261f5d4c577764141a5486848b276579f9bb9096c9fc6d;0x4ce6202677a1bd04f4b62f9537ff8fd4f0322db04510e7ddb75eea15be117a13;0xb4c0a7cb;0x409a5214L;0.500000;1503134542;1503134543
0;64;8048;0xb43e326e5c764efe9c9e0513061516dc812862d05d6cb0575b59619078e7302d;0x390ebc44d2d9cfad6eed8da6eccd6a38acee169e5c33ef6c8189cf74d027c7c2;0xfe433194;0x2e0b5906L;0.500000;1503134543;1503134543
0;64;8048;0xb43e326e5c764efe9c9e0513061516dc812862d05d6cb0575b59619078e7302d;0x390ebc44d2d9cfad6eed8da6eccd6a38acee169e5c33ef6c8189cf74d027c7c2;0xfe433194;0x2e0b5906L;0.500000;1503134543;1503134544
0;64;8048;0x207a70a632cf9867c0b567126cba00f693aef1ff56909324566f59690d3f752d;0x0ed7e43b5d6021e956325b6f179d55dbf87fa0d51294d6847587e7307b900810;0x463d9ad7;0x8a78b302L;0.500000;1503134544;1503134544
0;64;8048;0x207a70a632cf9867c0b567126cba00f693aef1ff56909324566f59690d3f752d;0x0ed7e43b5d6021e956325b6f179d55dbf87fa0d51294d6847587e7307b900810;0x463d9ad7;0x8a78b302L;0.500000;1503134544;1503134544
0;64;8048;0x207a70a632cf9867c0b567126cba00f693aef1ff56909324566f59690d3f752d;0x0ed7e43b5d6021e956325b6f179d55dbf87fa0d51294d6847587e7307b900810;0x463d9ad7;0x8a78b302L;0.500000;1503134544;1503134545
0;64;8048;0x1a5bba2906b4158332005ac37f2f747d663229a220c2eba857bfc6d30d0b9a27;0xc47cd02a139c6bab23148f1980a81665e5e37d4b4d38f7a617ea489e0c8af6de;0x1d933074;0x2952028eL;0.500000;1503134545;1503134545
0;64;8048;0x1a5bba2906b4158332005ac37f2f747d663229a220c2eba857bfc6d30d0b9a27;0xc47cd02a139c6bab23148f1980a81665e5e37d4b4d38f7a617ea489e0c8af6de;0x1d933074;0x2952028eL;0.500000;1503134545;1503134546
0;64;8048;0xb19f76defd3540da183bba165848ddd7f042ed5c0112093d6f5410bbbd5ed26e;0x7fadcafc63e01584332c68a2e3d3beaf11df697fa72bfde478c8f64efb938ab1;0xe33bb36d;0x15090456L;0.500000;1503134546;1503134546
0;64;8048;0xb19f76defd3540da183bba165848ddd7f042ed5c0112093d6f5410bbbd5ed26e;0x7fadcafc63e01584332c68a2e3d3beaf11df697fa72bfde478c8f64efb938ab1;0xe33bb36d;0x15090456L;0.500000;1503134546;1503134546
0;64;8048;0xb19f76defd3540da183bba165848ddd7f042ed5c0112093d6f5410bbbd5ed26e;0x7fadcafc63e01584332c68a2e3d3beaf11df697fa72bfde478c8f64efb938ab1;0xe33bb36d;0x15090456L;0.500000;1503134547;1503134547
0;64;8048;0x2e4529a51aec4a1492bb05ece30cfc617c654585da820656b4ec2a16cda7ecfc;0x3d6aa3efbf3c84233a5e66275df2b6ee3f38815f2bbb065ca9007e13223cd42e;0xdb5b2cac;0x278412a8L;0.500000;1503134547;1503134547
0;64;8048;0x2e4529a51aec4a1492bb05ece30cfc617c654585da820656b4ec2a16cda7ecfc;0x3d6aa3efbf3c84233a5e66275df2b6ee3f38815f2bbb065ca9007e13223cd42e;0xdb5b2cac;0x278412a8L;0.500000;1503134547;1503134548
0;64;8048;0x7761d2ac05a411ae58fd87e43a6201af3a8ad3a3d705fc02df652c63898a6500;0xc5e263eac25e1238af6d73a9fa7366e395f73a7a0f3f4655892c956ac7a599f9;0x7607b025;0x8832604L;0.500000;1503134548;1503134548
0;64;8048;0x7761d2ac05a411ae58fd87e43a6201af3a8ad3a3d705fc02df652c63898a6500;0xc5e263eac25e1238af6d73a9fa7366e395f73a7a0f3f4655892c956ac7a599f9;0x7607b025;0x8832604L;0.500000;1503134548;1503134549
0;64;8048;0x74efdeca027b42b4d3b334fae346dee95f8d3a473bdc3e43adccaba22d9ebca2;0x96bf82bbaac266c8fb41699f7f15082b01a67e4c3d2b41fb48f8e601d66d26c7;0x8d2ba1de;0x9e18ce8aL;0.500000;1503134549;1503134549
0;64;8048;0x74efdeca027b42b4d3b334fae346dee95f8d3a473bdc3e43adccaba22d9ebca2;0x96bf82bbaac266c8fb41699f7f15082b01a67e4c3d2b41fb48f8e601d66d26c7;0x8d2ba1de;0x9e18ce8aL;0.500000;1503134549;1503134549
0;64;8048;0x74efdeca027b42b4d3b334fae346dee95f8d3a473bdc3e43adccaba22d9ebca2;0x96bf82bbaac266c8fb41699f7f15082b01a67e4c3d2b41fb48f8e601d66d26c7;0x8d2ba1de;0x9e18ce8aL;0.500000;1503134549;1503134550
