0;64;8048;0x10c3c2c7c58e2fac107e644a99f74697bacde36afd418b2e42c0efcbf3b28603;0x56e2e267adab72b89b33213bb09ce3777562472fdda22bd4dc9d204dcc055832;0xd5675dfc;0x1204448fL;0.500000;1503239759;1503239760
0;64;8048;0x3121ba87e153bee88ebaebbfe9e6b0eacbafde22afb49e8dc3f841f940939e71;0x9ef9fb7363bce72387aac0e60a6b267459fcb07978e91eac4c2a3570140c8f03;0xc795c5be;0x8812b102L;0.500000;1503239760;1503239760
0;64;8048;0x3121ba87e153bee88ebaebbfe9e6b0eacbafde22afb49e8dc3f841f940939e71;0x9ef9fb7363bce72387aac0e60a6b267459fcb07978e91eac4c2a3570140c8f03;0xc795c5be;0x8812b102L;0.500000;1503239760;1503239760
0;64;8048;0x3121ba87e153bee88ebaebbfe9e6b0eacbafde22afb49e8dc3f841f940939e71;0x9ef9fb7363bce72387aac0e60a6b267459fcb07978e91eac4c2a3570140c8f03;0xc795c5be;0x8812b102L;0.500000;1503239760;1503239761
0;64;8048;0x2a5ae743d5139f8c739883bd70e09c7e885c7b952e94bc1c2f746d2c42ec206c;0xad7d5c252fef892b18f222473a76a78bd41d10e8de351595ce69d617f328c52b;0xc4eb4ee5;0x833c4010L;0.500000;1503239761;1503239761
0;64;8048;0x2a5ae743d5139f8c739883bd70e09c7e885c7b952e94bc1c2f746d2c42ec206c;0xad7d5c252fef892b18f222473a76a78bd41d10e8de351595ce69d617f328c52b;0xc4eb4ee5;0x833c4010L;0.500000;1503239761;1503239761
0;64;8048;0x2a5ae743d5139f8c739883bd70e09c7e885c7b952e94bc1c2f746d2c42ec206c;0xad7d5c252fef892b18f222473a76a78bd41d10e8de351595ce69d617f328c52b;0xc4eb4ee5;0x833c4010L;0.500000;1503239761;1503239762
0;64;8048;0xba61fc570b61079fd19654bac866b5ac74e4e8776da3b261ac6a634dcf105289;0xa198e1e53d0f2f1147a29be36d6281327dfed904cec0ee6dfb3ca349d563e52f;0xb4c3c595;0x51746c1L;0.500000;1503239762;1503239762
0;64;8048;0xba61fc570b61079fd19654bac866b5ac74e4e8776da3b261ac6a634dcf105289;0xa198e1e53d0f2f1147a29be36d6281327dfed904cec0ee6dfb3ca349d563e52f;0xb4c3c595;0x51746c1L;0.500000;1503239762;1503239763
0;64;8048;0xc8610fdbd67e4a64f384ebcf03d9daef0fd0b3779e7591aec1f9f3a177fd8b40;0x95450f0d877a9a30de9803d0e5ad05bb14cfb974e4102fc03593492c503bf34d;0x50e3a945;0xa1098ac0L;0.500000;1503239763;1503239763
0;64;8048;0xc8610fdbd67e4a64f384ebcf03d9daef0fd0b3779e7591aec1f9f3a177fd8b40;0x95450f0d877a9a30de9803d0e5ad05bb14cfb974e4102fc03593492c503bf34d;0x50e3a945;0xa1098ac0L;0.500000;1503239763;1503239763
0;64;8048;0xc8610fdbd67e4a64f384ebcf03d9daef0fd0b3779e7591aec1f9f3a177fd8b40;0x95450f0d877a9a30de9803d0e5ad05bb14cfb974e4102fc03593492c503bf34d;0x50e3a945;0xa1098ac0L;0.500000;1503239763;1503239764
0;64;8048;0x293772a1b1898732cb20da5a4b5829f5f722cd57afee917d2004741b517a877a;0x15a68fc1b15c43c3c948089ce4fba8e8374a354aa56e9513462ed49e442e720c;0x10a8dbc2;0xce125a02L;0.500000;1503239764;1503239764
0;64;8048;0x293772a1b1898732cb20da5a4b5829f5f722cd57afee917d2004741b517a877a;0x15a68fc1b15c43c3c948089ce4fba8e8374a354aa56e9513462ed49e442e720c;0x10a8dbc2;0xce125a02L;0.500000;1503239764;1503239764
0;64;8048;0x293772a1b1898732cb20da5a4b5829f5f722cd57afee917d2004741b517a877a;0x15a68fc1b15c43c3c948089ce4fba8e8374a354aa56e9513462ed49e442e720c;0x10a8dbc2;0xce125a02L;0.500000;1503239764;1503239765
0;64;8048;0x4bca3a7fb66d9ba330eca7d8e63e60ebf9106b0bb57803d11dfbc2949b10d8e7;0xf2e1f0f880eb1b10b26d462faf973904bbe42e94613ce6536c3860f106bb831a;0x20f1bf85;0x32a297c1L;0.500000;1503239765;1503239765
0;64;8048;0x4bca3a7fb66d9ba330eca7d8e63e60ebf9106b0bb57803d11dfbc2949b10d8e7;0xf2e1f0f880eb1b10b26d462faf973904bbe42e94613ce6536c3860f106bb831a;0x20f1bf85;0x32a297c1L;0.500000;1503239765;1503239765
0;64;8048;0x4bca3a7fb66d9ba330eca7d8e63e60ebf9106b0bb57803d11dfbc2949b10d8e7;0xf2e1f0f880eb1b10b26d462faf973904bbe42e94613ce6536c3860f106bb831a;0x20f1bf85;0x32a297c1L;0.500000;1503239766;1503239766
0;64;8048;0x42de31cb144bc656e0c3c2b059204c85352c9fa23f91c2bb157cad4a0648cf48;0x8f14801d89fec99a7e4f4ee9bdeb6de0ed7ded1154d5adb4382cafd3b2552dc5;0xa4b3de2e;0x808338e6L;0.500000;1503239766;1503239766
0;64;8048;0x42de31cb144bc656e0c3c2b059204c85352c9fa23f91c2bb157cad4a0648cf48;0x8f14801d89fec99a7e4f4ee9bdeb6de0ed7ded1154d5adb4382cafd3b2552dc5;0xa4b3de2e;0x808338e6L;0.500000;1503239766;1503239767
