0;64;8048;0x605e72909d79fc6a6e8dc877f414b4ff0d900e119e3edde11de1474188b53ce8;0x3458c2b7bf9f10a678cb2f36f9ff4fadd8fbd11fea37f33a392deac374c4ba83;0xc1f765c7;0xb0556a6L;0.500000;1503176818;1503176818
0;64;8048;0x605e72909d79fc6a6e8dc877f414b4ff0d900e119e3edde11de1474188b53ce8;0x3458c2b7bf9f10a678cb2f36f9ff4fadd8fbd11fea37f33a392deac374c4ba83;0xc1f765c7;0xb0556a6L;0.500000;1503176818;1503176818
0;64;8048;0x605e72909d79fc6a6e8dc877f414b4ff0d900e119e3edde11de1474188b53ce8;0x3458c2b7bf9f10a678cb2f36f9ff4fadd8fbd11fea37f33a392deac374c4ba83;0xc1f765c7;0xb0556a6L;0.500000;1503176818;1503176819
0;64;8048;0x7a32cb4b7276ec4ba2d659df4813a6f7569da5ac036fbdaa6fe503d1e36c355d;0x00593efe9dcfc6865d30971b7fe9a814e98a6fb2f20580c54961799a823b8cef;0x9df38e96;0x903d428L;0.500000;1503176819;1503176819
0;64;8048;0x7a32cb4b7276ec4ba2d659df4813a6f7569da5ac036fbdaa6fe503d1e36c355d;0x00593efe9dcfc6865d30971b7fe9a814e98a6fb2f20580c54961799a823b8cef;0x9df38e96;0x903d428L;0.500000;1503176819;1503176820
0;64;8048;0x86040163a66e103768ef22d364c0fa938dd96f98a95de04ef275e0e20b1e1391;0x0c9469b3eea78c9a10fa59d129b66a99c4f12bea700823d0d099d09b7a9489b3;0xbc065d04;0x50524640L;0.500000;1503176820;1503176820
0;64;8048;0x86040163a66e103768ef22d364c0fa938dd96f98a95de04ef275e0e20b1e1391;0x0c9469b3eea78c9a10fa59d129b66a99c4f12bea700823d0d099d09b7a9489b3;0xbc065d04;0x50524640L;0.500000;1503176820;1503176820
0;64;8048;0x86040163a66e103768ef22d364c0fa938dd96f98a95de04ef275e0e20b1e1391;0x0c9469b3eea78c9a10fa59d129b66a99c4f12bea700823d0d099d09b7a9489b3;0xbc065d04;0x50524640L;0.500000;1503176820;1503176821
0;64;8048;0x3c36a57b38ecd528be5891f6efc0c9228222fb84dbe38df72f99997873f0c8af;0x43bbade78a44fc1aca0a93683b11c402db0e59fcf73b1383f3598086efff296d;0x71c09148;0xb12810c2L;0.500000;1503176821;1503176821
0;64;8048;0x3c36a57b38ecd528be5891f6efc0c9228222fb84dbe38df72f99997873f0c8af;0x43bbade78a44fc1aca0a93683b11c402db0e59fcf73b1383f3598086efff296d;0x71c09148;0xb12810c2L;0.500000;1503176821;1503176822
0;64;8048;0x2cb9473188e9a6c15698fa36438a7e8557dc8cabf93c5387049eef468ae987b7;0xe3fcb5c36d8f6afb25b4145062439deffbe4b6a24dc50217e7e7e2c539348023;0x7771b133;0x62e82810L;0.500000;1503176822;1503176822
0;64;8048;0x2cb9473188e9a6c15698fa36438a7e8557dc8cabf93c5387049eef468ae987b7;0xe3fcb5c36d8f6afb25b4145062439deffbe4b6a24dc50217e7e7e2c539348023;0x7771b133;0x62e82810L;0.500000;1503176822;1503176823
0;64;8048;0x1f65d607d51fc41d6330604753b9240eaacb74db30b8171b7253f663f8602617;0xe58f5f0106011d28dfb0b16118cf1cc7c43130a37f88e659f606b4a394827060;0xd10356ff;0x93282c39L;0.500000;1503176823;1503176823
0;64;8048;0x1f65d607d51fc41d6330604753b9240eaacb74db30b8171b7253f663f8602617;0xe58f5f0106011d28dfb0b16118cf1cc7c43130a37f88e659f606b4a394827060;0xd10356ff;0x93282c39L;0.500000;1503176823;1503176823
0;64;8048;0x1f65d607d51fc41d6330604753b9240eaacb74db30b8171b7253f663f8602617;0xe58f5f0106011d28dfb0b16118cf1cc7c43130a37f88e659f606b4a394827060;0xd10356ff;0x93282c39L;0.500000;1503176823;1503176824
0;64;8048;0x7ec77a37711158e8dcd2e181cb46bfec610b7a2448d4316765e5eb53b7afd736;0x1fffd15ae4cb3f94803a813202525851c5050d7d9d856bfe0d95aa375ba0f1cd;0x05ead759;0xf7fccd3eL;0.500000;1503176824;1503176824
0;64;8048;0x7ec77a37711158e8dcd2e181cb46bfec610b7a2448d4316765e5eb53b7afd736;0x1fffd15ae4cb3f94803a813202525851c5050d7d9d856bfe0d95aa375ba0f1cd;0x05ead759;0xf7fccd3eL;0.500000;1503176824;1503176825
0;64;8048;0x5d83751c6c4997496576de589a4bc2bfa7bd3c47a459521b749da38ab3769e10;0x33f8b0f6df49124ce3f241a08f05a04ed21cfda88a12e5afca04c5421e792b17;0x03412499;0x201030d2L;0.500000;1503176825;1503176825
0;64;8048;0x5d83751c6c4997496576de589a4bc2bfa7bd3c47a459521b749da38ab3769e10;0x33f8b0f6df49124ce3f241a08f05a04ed21cfda88a12e5afca04c5421e792b17;0x03412499;0x201030d2L;0.500000;1503176825;1503176825
0;64;8048;0x5d83751c6c4997496576de589a4bc2bfa7bd3c47a459521b749da38ab3769e10;0x33f8b0f6df49124ce3f241a08f05a04ed21cfda88a12e5afca04c5421e792b17;0x03412499;0x201030d2L;0.500000;1503176825;1503176826
