0;64;8048;0xced43e0b209d452e0899b900fc42fdf63093d87d2baca2dbdf43301d36ee6f04;0xb5311d34b43fbedca6d1ec1ebb2e9316282360d709fcb1af40fc4e8db0fb6764;0x9477a806;0xb15cd056L;0.500000;1503143462;1503143462
0;64;8048;0xced43e0b209d452e0899b900fc42fdf63093d87d2baca2dbdf43301d36ee6f04;0xb5311d34b43fbedca6d1ec1ebb2e9316282360d709fcb1af40fc4e8db0fb6764;0x9477a806;0xb15cd056L;0.500000;1503143462;1503143462
0;64;8048;0xced43e0b209d452e0899b900fc42fdf63093d87d2baca2dbdf43301d36ee6f04;0xb5311d34b43fbedca6d1ec1ebb2e9316282360d709fcb1af40fc4e8db0fb6764;0x9477a806;0xb15cd056L;0.500000;1503143462;1503143463
0;64;8048;0x9a1bfa87a0b79a656a61a68c4b1ee9579664158f72adabcec5be7aa172676f0d;0x62170f1d7f80233f872720ac421d8378990de45ec93d1a7d972e3210d95fa83c;0x225e2391;0x4f39908aL;0.500000;1503143463;1503143463
0;64;8048;0x9a1bfa87a0b79a656a61a68c4b1ee9579664158f72adabcec5be7aa172676f0d;0x62170f1d7f80233f872720ac421d8378990de45ec93d1a7d972e3210d95fa83c;0x225e2391;0x4f39908aL;0.500000;1503143463;1503143464
0;64;8048;0xa1a7b3cd71caef982bc0977438981bc0b3bf09ac26fc0128fb39abf51ec9cebf;0xdc6261908d939210ced450861258ac7d0dfacbb96ffac165288f65eb812483b0;0x6022219c;0x7b41508dL;0.500000;1503143464;1503143464
0;64;8048;0xa1a7b3cd71caef982bc0977438981bc0b3bf09ac26fc0128fb39abf51ec9cebf;0xdc6261908d939210ced450861258ac7d0dfacbb96ffac165288f65eb812483b0;0x6022219c;0x7b41508dL;0.500000;1503143464;1503143464
0;64;8048;0xa1a7b3cd71caef982bc0977438981bc0b3bf09ac26fc0128fb39abf51ec9cebf;0xdc6261908d939210ced450861258ac7d0dfacbb96ffac165288f65eb812483b0;0x6022219c;0x7b41508dL;0.500000;1503143464;1503143465
0;64;8048;0x197af0520cc5081561067ad4102962f1682801f294374454620a7e6c29a1e842;0xda351c33acd8a4f4e5f7212a021c7dda750c88272da484b2b0d00f6c5ed56ab8;0x66b2a1c5;0xc5258909L;0.500000;1503143465;1503143465
0;64;8048;0x197af0520cc5081561067ad4102962f1682801f294374454620a7e6c29a1e842;0xda351c33acd8a4f4e5f7212a021c7dda750c88272da484b2b0d00f6c5ed56ab8;0x66b2a1c5;0xc5258909L;0.500000;1503143465;1503143465
0;64;8048;0x197af0520cc5081561067ad4102962f1682801f294374454620a7e6c29a1e842;0xda351c33acd8a4f4e5f7212a021c7dda750c88272da484b2b0d00f6c5ed56ab8;0x66b2a1c5;0xc5258909L;0.500000;1503143465;1503143466
0;64;8048;0x43c28a01c31e4733431469b4dc9d00fe3a87883c5fd17cbc1725ad89c6d46d0a;0x3cc2fd76b8c24ef0902a2e0ccd63774665ee713177fac4b3645f88024f8bc480;0x0c955903;0x8ace280eL;0.500000;1503143466;1503143466
0;64;8048;0x43c28a01c31e4733431469b4dc9d00fe3a87883c5fd17cbc1725ad89c6d46d0a;0x3cc2fd76b8c24ef0902a2e0ccd63774665ee713177fac4b3645f88024f8bc480;0x0c955903;0x8ace280eL;0.500000;1503143466;1503143467
0;64;8048;0x2dccf3adc7ead2837a39457b44279dd5fedad56092e91c6e1b26955b65d37093;0xc50d5bcd1b2eced14694e36ced1309022c5ca1dc97f49436b44b895142bdd1d2;0x7f03a084;0xbe0b9646L;0.500000;1503143467;1503143467
0;64;8048;0x2dccf3adc7ead2837a39457b44279dd5fedad56092e91c6e1b26955b65d37093;0xc50d5bcd1b2eced14694e36ced1309022c5ca1dc97f49436b44b895142bdd1d2;0x7f03a084;0xbe0b9646L;0.500000;1503143467;1503143467
0;64;8048;0x2dccf3adc7ead2837a39457b44279dd5fedad56092e91c6e1b26955b65d37093;0xc50d5bcd1b2eced14694e36ced1309022c5ca1dc97f49436b44b895142bdd1d2;0x7f03a084;0xbe0b9646L;0.500000;1503143467;1503143468
0;64;8048;0xed8c13adf30a119f8e7cb20a187963d81400f4ea4b99766e468a8e6504b390f1;0x24273f5e627723051da8265f636ad3c9cef91f31ec907df1dbf9625b1827c549;0x95d01614;0xa5479182L;0.500000;1503143468;1503143468
0;64;8048;0xed8c13adf30a119f8e7cb20a187963d81400f4ea4b99766e468a8e6504b390f1;0x24273f5e627723051da8265f636ad3c9cef91f31ec907df1dbf9625b1827c549;0x95d01614;0xa5479182L;0.500000;1503143468;1503143469
0;64;8048;0xdfd42e30d194d8e6309248e0c2883a8c9b109b89743eb5f4e9f7b72b91f73670;0x70697c61675423a2a0f7d82656582c7b070781a60d405692b0f849e78f6e2b3d;0xb70cd18d;0x99d26804L;0.500000;1503143469;1503143469
0;64;8048;0xdfd42e30d194d8e6309248e0c2883a8c9b109b89743eb5f4e9f7b72b91f73670;0x70697c61675423a2a0f7d82656582c7b070781a60d405692b0f849e78f6e2b3d;0xb70cd18d;0x99d26804L;0.500000;1503143469;1503143469
