0;64;8048;0x074d01dbe7c6a257025cade52fdad59001af9aabff1278932540aa51cae36ed1;0x4672ffe2967727437159eb6614df0f47da9995e8818807dc72e4db906fa36df2;0xa5d5ae6a;0xfeed84dbL;0.500000;1503200558;1503200558
0;64;8048;0x1b7a9d94fe346a062704ac756d01ceea307b77dc138e1734afab6c65206a7d3b;0x115a1cadd3be44a071264ea523617aa9bf9befdb24cb5d26c920aaed6b5469b7;0x6b085792;0x5761a235L;0.500000;1503200558;1503200558
0;64;8048;0x1b7a9d94fe346a062704ac756d01ceea307b77dc138e1734afab6c65206a7d3b;0x115a1cadd3be44a071264ea523617aa9bf9befdb24cb5d26c920aaed6b5469b7;0x6b085792;0x5761a235L;0.500000;1503200558;1503200559
0;64;8048;0xd91c7786986b22f961e3468215df88ba7e6459197884b0ff3ef8958360622539;0x04e9d06d321aeacf8c8e096f73070a11ef783491e8b9131fa85ca535e55dc4f8;0x79becce8;0x4110ae40L;0.500000;1503200559;1503200559
0;64;8048;0xd91c7786986b22f961e3468215df88ba7e6459197884b0ff3ef8958360622539;0x04e9d06d321aeacf8c8e096f73070a11ef783491e8b9131fa85ca535e55dc4f8;0x79becce8;0x4110ae40L;0.500000;1503200559;1503200559
0;64;8048;0xd91c7786986b22f961e3468215df88ba7e6459197884b0ff3ef8958360622539;0x04e9d06d321aeacf8c8e096f73070a11ef783491e8b9131fa85ca535e55dc4f8;0x79becce8;0x4110ae40L;0.500000;1503200559;1503200560
0;64;8048;0x963e1e50337faf6dbfa82a6b909118ded3f665a3576cadbc385a52ba77694f0d;0x2e6343ce3063885f3419e77234f43425c1d58eaf6fcc9dd2e391523bf9083a47;0x1f8f81dc;0xce186248L;0.500000;1503200560;1503200560
0;64;8048;0x963e1e50337faf6dbfa82a6b909118ded3f665a3576cadbc385a52ba77694f0d;0x2e6343ce3063885f3419e77234f43425c1d58eaf6fcc9dd2e391523bf9083a47;0x1f8f81dc;0xce186248L;0.500000;1503200560;1503200560
0;64;8048;0x963e1e50337faf6dbfa82a6b909118ded3f665a3576cadbc385a52ba77694f0d;0x2e6343ce3063885f3419e77234f43425c1d58eaf6fcc9dd2e391523bf9083a47;0x1f8f81dc;0xce186248L;0.500000;1503200561;1503200561
0;64;8048;0x2224771bc09c8510a4461d67b1db5c8fc33e75d31863b45057fede8daeada2d0;0x2b6c47c7ebf989a74b21a1d511ec6e796b37eaa99c1b5e968ac7413587f823ec;0xbeca8cfa;0x32eb6aa5L;0.500000;1503200561;1503200561
0;64;8048;0x2224771bc09c8510a4461d67b1db5c8fc33e75d31863b45057fede8daeada2d0;0x2b6c47c7ebf989a74b21a1d511ec6e796b37eaa99c1b5e968ac7413587f823ec;0xbeca8cfa;0x32eb6aa5L;0.500000;1503200561;1503200562
0;64;8048;0x0ed7f2cd17dbc607c48ef39c09c21309d104b92485b2bef5c8e9509632937441;0x5012f4c9c618747d6210a45953d90da603dd44c63ce29355cd0f87d93d9184db;0xbb4ba58a;0x586c6402L;0.500000;1503200562;1503200562
0;64;8048;0x0ed7f2cd17dbc607c48ef39c09c21309d104b92485b2bef5c8e9509632937441;0x5012f4c9c618747d6210a45953d90da603dd44c63ce29355cd0f87d93d9184db;0xbb4ba58a;0x586c6402L;0.500000;1503200562;1503200562
0;64;8048;0x0ed7f2cd17dbc607c48ef39c09c21309d104b92485b2bef5c8e9509632937441;0x5012f4c9c618747d6210a45953d90da603dd44c63ce29355cd0f87d93d9184db;0xbb4ba58a;0x586c6402L;0.500000;1503200562;1503200563
0;64;8048;0xb9b45cf2e8165e033541db9226790a782745fe1c5ac3dfac8cd47303742e852d;0x75c9f3b276d0e722b372c1a0ef40c6fe757049600610cb9b002a70ddddb3e8b0;0x3a5870fb;0x1e8fc14eL;0.500000;1503200563;1503200563
0;64;8048;0xb9b45cf2e8165e033541db9226790a782745fe1c5ac3dfac8cd47303742e852d;0x75c9f3b276d0e722b372c1a0ef40c6fe757049600610cb9b002a70ddddb3e8b0;0x3a5870fb;0x1e8fc14eL;0.500000;1503200563;1503200563
0;64;8048;0xb9b45cf2e8165e033541db9226790a782745fe1c5ac3dfac8cd47303742e852d;0x75c9f3b276d0e722b372c1a0ef40c6fe757049600610cb9b002a70ddddb3e8b0;0x3a5870fb;0x1e8fc14eL;0.500000;1503200564;1503200564
0;64;8048;0x9466c1e6ad30d23915e90a01efecc6d0ad60f2c08da4bd96a82af8ccaa67803f;0x0eb81b60d91fc6dcbf10c22d2f034e3046dbc276f1e9c134b2624d86850a65fd;0xb2b0f29b;0x4a842724L;0.500000;1503200564;1503200564
0;64;8048;0x9466c1e6ad30d23915e90a01efecc6d0ad60f2c08da4bd96a82af8ccaa67803f;0x0eb81b60d91fc6dcbf10c22d2f034e3046dbc276f1e9c134b2624d86850a65fd;0xb2b0f29b;0x4a842724L;0.500000;1503200564;1503200565
0;64;8048;0xa61845fa4306d15ee583263e6aa1600402d9db7f17bb839f6c58ae29d18d3a77;0x02288c6f1ce42961e49b953a3e2068bbe50a29a678bc75a323549418b07ef3b4;0x7fc23397;0x16e4e3d2L;0.500000;1503200565;1503200565
