0;64;8048;0xa1ada6b97e8014162d158b0b8af62a307cf3d4a8701621c99f20a2020a1029ab;0xb02c15b1567b3bf6795f1874f61df825ca22cedcced5fef06719117bc9f57aee;0xb5702b80;0x84424451L;0.500000;1503212479;1503212479
0;64;8048;0xa1ada6b97e8014162d158b0b8af62a307cf3d4a8701621c99f20a2020a1029ab;0xb02c15b1567b3bf6795f1874f61df825ca22cedcced5fef06719117bc9f57aee;0xb5702b80;0x84424451L;0.500000;1503212479;1503212479
0;64;8048;0xa1ada6b97e8014162d158b0b8af62a307cf3d4a8701621c99f20a2020a1029ab;0xb02c15b1567b3bf6795f1874f61df825ca22cedcced5fef06719117bc9f57aee;0xb5702b80;0x84424451L;0.500000;1503212479;1503212480
0;64;8048;0xd727ab6fa9568c9ad1db0c7dca15b9c81c0f24ad8a8632ca66c50334600ee437;0xc3719e75903ce0a7bc76c1adeeafb6c6501ee42f13d048d78d694511ed056d8d;0x04d94e20;0x482538a2L;0.500000;1503212480;1503212480
0;64;8048;0xd727ab6fa9568c9ad1db0c7dca15b9c81c0f24ad8a8632ca66c50334600ee437;0xc3719e75903ce0a7bc76c1adeeafb6c6501ee42f13d048d78d694511ed056d8d;0x04d94e20;0x482538a2L;0.500000;1503212480;1503212481
0;64;8048;0x092a54af9f878fd84d173ca00c5a9b764e9d643b6ad704d5f5ce1efbb34570bc;0xfa991e4e68366be2a424698dcf1b899f256783f4c6fa5629302138f8881b6aff;0xfcd89dac;0xb0434708L;0.500000;1503212481;1503212481
0;64;8048;0x092a54af9f878fd84d173ca00c5a9b764e9d643b6ad704d5f5ce1efbb34570bc;0xfa991e4e68366be2a424698dcf1b899f256783f4c6fa5629302138f8881b6aff;0xfcd89dac;0xb0434708L;0.500000;1503212481;1503212481
0;64;8048;0x092a54af9f878fd84d173ca00c5a9b764e9d643b6ad704d5f5ce1efbb34570bc;0xfa991e4e68366be2a424698dcf1b899f256783f4c6fa5629302138f8881b6aff;0xfcd89dac;0xb0434708L;0.500000;1503212481;1503212482
0;64;8048;0x421aab626060c3620d1e3427b2f56f6187fcc2fd00599938794ba1834a07898c;0x1009e283c14a209e317f17352f0d01e7dfd0e0366a4460dabbae8f5207ab76bb;0xea78b898;0x852de214L;0.500000;1503212482;1503212482
0;64;8048;0x421aab626060c3620d1e3427b2f56f6187fcc2fd00599938794ba1834a07898c;0x1009e283c14a209e317f17352f0d01e7dfd0e0366a4460dabbae8f5207ab76bb;0xea78b898;0x852de214L;0.500000;1503212482;1503212482
0;64;8048;0x421aab626060c3620d1e3427b2f56f6187fcc2fd00599938794ba1834a07898c;0x1009e283c14a209e317f17352f0d01e7dfd0e0366a4460dabbae8f5207ab76bb;0xea78b898;0x852de214L;0.500000;1503212483;1503212483
0;64;8048;0x37c5b23634383cb2d83d9a12644444d46b83f5d8a1a742bed517cfc84c974983;0xbe5275fb2ff94ec130f0850a97e90b13d0034ab42e571b734aef19325d59cca0;0x2f526e95;0x3423a4acL;0.500000;1503212483;1503212483
0;64;8048;0x37c5b23634383cb2d83d9a12644444d46b83f5d8a1a742bed517cfc84c974983;0xbe5275fb2ff94ec130f0850a97e90b13d0034ab42e571b734aef19325d59cca0;0x2f526e95;0x3423a4acL;0.500000;1503212483;1503212484
0;64;8048;0x7f79dc429f505f9aaba19ed40e97f5cb908afeb716fcd4c76d607c2daeb5632d;0x4036abd18643c972c2de5ed6322db491c202b52b2070a3234d9a4bb4b1aad09b;0x0cf8cb4d;0x889136ccL;0.500000;1503212484;1503212484
0;64;8048;0x7f79dc429f505f9aaba19ed40e97f5cb908afeb716fcd4c76d607c2daeb5632d;0x4036abd18643c972c2de5ed6322db491c202b52b2070a3234d9a4bb4b1aad09b;0x0cf8cb4d;0x889136ccL;0.500000;1503212484;1503212484
0;64;8048;0x7f79dc429f505f9aaba19ed40e97f5cb908afeb716fcd4c76d607c2daeb5632d;0x4036abd18643c972c2de5ed6322db491c202b52b2070a3234d9a4bb4b1aad09b;0x0cf8cb4d;0x889136ccL;0.500000;1503212484;1503212485
0;64;8048;0xea1e73f0d600b2919250474b9542c1e74f3115fb2ea81305679971b23e207a28;0xb908a526c3bf0268f09c59629d907ac5416db6df11f8d94879f5ccaff0494983;0x7d034650;0x770a4626L;0.500000;1503212485;1503212485
0;64;8048;0xea1e73f0d600b2919250474b9542c1e74f3115fb2ea81305679971b23e207a28;0xb908a526c3bf0268f09c59629d907ac5416db6df11f8d94879f5ccaff0494983;0x7d034650;0x770a4626L;0.500000;1503212485;1503212486
0;64;8048;0xb3dcfb80ecfaff5ddf7b0675794ac32e517f47475856178a8ec5fe4f73d61a26;0x384ce73d4577e2b8ce3ae36d4c57dcc85c5cfc2f021ab21494d7edbe91691b2d;0x6b73ec1a;0x11e24586L;0.500000;1503212486;1503212486
0;64;8048;0xb3dcfb80ecfaff5ddf7b0675794ac32e517f47475856178a8ec5fe4f73d61a26;0x384ce73d4577e2b8ce3ae36d4c57dcc85c5cfc2f021ab21494d7edbe91691b2d;0x6b73ec1a;0x11e24586L;0.500000;1503212486;1503212486
