0;64;8048;0xf3b0351d9caf775ec90d979c44737c79b37953b6a4f3857d30a21ff60c6c4500;0x7a02325c2555b3198466f5669c2181d87b7e6c6f88d6c9cc2ceb60bf7958e4a3;0x57eefed8;0x6aabdc10L;0.500000;1503230286;1503230286
0;64;8048;0xf3b0351d9caf775ec90d979c44737c79b37953b6a4f3857d30a21ff60c6c4500;0x7a02325c2555b3198466f5669c2181d87b7e6c6f88d6c9cc2ceb60bf7958e4a3;0x57eefed8;0x6aabdc10L;0.500000;1503230286;1503230286
0;64;8048;0xf3b0351d9caf775ec90d979c44737c79b37953b6a4f3857d30a21ff60c6c4500;0x7a02325c2555b3198466f5669c2181d87b7e6c6f88d6c9cc2ceb60bf7958e4a3;0x57eefed8;0x6aabdc10L;0.500000;1503230286;1503230287
0;64;8048;0x119eca5393bf58e2b6253f116359c823dcad47cedf96e19648ce0a996447c475;0xfc5f6d727865bfe2540d065f8656ab46ce876f9c254dfa295ada69f51eb920ab;0x38b4bde0;0x501f8a2L;0.500000;1503230287;1503230287
0;64;8048;0x119eca5393bf58e2b6253f116359c823dcad47cedf96e19648ce0a996447c475;0xfc5f6d727865bfe2540d065f8656ab46ce876f9c254dfa295ada69f51eb920ab;0x38b4bde0;0x501f8a2L;0.500000;1503230287;1503230287
0;64;8048;0x119eca5393bf58e2b6253f116359c823dcad47cedf96e19648ce0a996447c475;0xfc5f6d727865bfe2540d065f8656ab46ce876f9c254dfa295ada69f51eb920ab;0x38b4bde0;0x501f8a2L;0.500000;1503230287;1503230288
0;64;8048;0x7104d389845b574eab6e2236b7ce28b522998df8e77f23b2d41a95f2966b4d07;0x6195827b5b5da385cb94af0fdf85fbc98dc99e0fb4c05fcf953eb998b0125e3e;0xa29c6602;0x72141324L;0.500000;1503230288;1503230288
0;64;8048;0x7104d389845b574eab6e2236b7ce28b522998df8e77f23b2d41a95f2966b4d07;0x6195827b5b5da385cb94af0fdf85fbc98dc99e0fb4c05fcf953eb998b0125e3e;0xa29c6602;0x72141324L;0.500000;1503230288;1503230289
0;64;8048;0xd428693e36e462c725726c287f13ab588884cd2005b0cac8d25813c66cce6e40;0x44955363287d94f0fe7c6d56331205c7a364985e51bddf405ebac94e0e0f8388;0x716e5e03;0x40c0f420L;0.500000;1503230289;1503230289
0;64;8048;0xd428693e36e462c725726c287f13ab588884cd2005b0cac8d25813c66cce6e40;0x44955363287d94f0fe7c6d56331205c7a364985e51bddf405ebac94e0e0f8388;0x716e5e03;0x40c0f420L;0.500000;1503230289;1503230289
0;64;8048;0xd428693e36e462c725726c287f13ab588884cd2005b0cac8d25813c66cce6e40;0x44955363287d94f0fe7c6d56331205c7a364985e51bddf405ebac94e0e0f8388;0x716e5e03;0x40c0f420L;0.500000;1503230289;1503230290
0;64;8048;0xea9b092e0a3372b4fe95d130706554709bc56542b0d9447c837f27116adb1d54;0x0b1a00c0597c80c7ba4b7fb671ad1b0cd80ded454f34f9c8aa873ad1aadb1237;0x1119d283;0x610dd5fL;0.500000;1503230290;1503230290
0;64;8048;0xea9b092e0a3372b4fe95d130706554709bc56542b0d9447c837f27116adb1d54;0x0b1a00c0597c80c7ba4b7fb671ad1b0cd80ded454f34f9c8aa873ad1aadb1237;0x1119d283;0x610dd5fL;0.500000;1503230290;1503230291
0;64;8048;0x975a81eb8ac1b8c68bbd88346c0b5f4966cc5c8a7293a9f88965cfed34d454cc;0xe6a3a3ef8a1d793a68bb94e8a31bc8a85923b7c2a7c7df3647b002cdd0a869fa;0x7bba7c26;0x9ce0cfbcL;0.500000;1503230291;1503230291
0;64;8048;0x975a81eb8ac1b8c68bbd88346c0b5f4966cc5c8a7293a9f88965cfed34d454cc;0xe6a3a3ef8a1d793a68bb94e8a31bc8a85923b7c2a7c7df3647b002cdd0a869fa;0x7bba7c26;0x9ce0cfbcL;0.500000;1503230291;1503230291
0;64;8048;0x975a81eb8ac1b8c68bbd88346c0b5f4966cc5c8a7293a9f88965cfed34d454cc;0xe6a3a3ef8a1d793a68bb94e8a31bc8a85923b7c2a7c7df3647b002cdd0a869fa;0x7bba7c26;0x9ce0cfbcL;0.500000;1503230291;1503230292
0;64;8048;0xd16069a2f400573449715086c3a6f5a8fbd645aea4b6c351402e9e1d49414d1a;0x3c74306f6b99dd6c563d0a3289ee6bdaf69129ddef718487356a9bd4fe2db624;0x2d23f0ba;0xb9491a06L;0.500000;1503230292;1503230292
0;64;8048;0xd16069a2f400573449715086c3a6f5a8fbd645aea4b6c351402e9e1d49414d1a;0x3c74306f6b99dd6c563d0a3289ee6bdaf69129ddef718487356a9bd4fe2db624;0x2d23f0ba;0xb9491a06L;0.500000;1503230292;1503230293
0;64;8048;0x9f857822e708ab756ade2cce49d40849137200d3222d5e025e94246c4a0f2dea;0x1072995424fc9f96a6236e123a53f7cfc4f02ea5bea1ada7a71c41083f0beeef;0x64fe9891;0x4208e92L;0.500000;1503230293;1503230293
0;64;8048;0x9f857822e708ab756ade2cce49d40849137200d3222d5e025e94246c4a0f2dea;0x1072995424fc9f96a6236e123a53f7cfc4f02ea5bea1ada7a71c41083f0beeef;0x64fe9891;0x4208e92L;0.500000;1503230293;1503230294
