0;64;8048;0x15508581533f7c9ed02e2978f19aeceea065e50813a82ebbb8e5a4adcaf7abe0;0x52cb7675743bd281491f726a88b62a2127bb8a6dccd904d9ba2530845ce781ca;0x610e11f6;0x100c8451L;0.500000;1503226737;1503226737
0;64;8048;0x15508581533f7c9ed02e2978f19aeceea065e50813a82ebbb8e5a4adcaf7abe0;0x52cb7675743bd281491f726a88b62a2127bb8a6dccd904d9ba2530845ce781ca;0x610e11f6;0x100c8451L;0.500000;1503226737;1503226738
0;64;8048;0x8f91e2f0e360c9061890602b050ca651d0406ef7339b1fabe506acfefe473c8d;0xd2f5cdd18622bff12de03e30a12a5aef8a2790da191119fde6cf1f35fab0ba5a;0x0cb5c1e3;0x2da44223L;0.500000;1503226738;1503226738
0;64;8048;0x8f91e2f0e360c9061890602b050ca651d0406ef7339b1fabe506acfefe473c8d;0xd2f5cdd18622bff12de03e30a12a5aef8a2790da191119fde6cf1f35fab0ba5a;0x0cb5c1e3;0x2da44223L;0.500000;1503226738;1503226739
0;64;8048;0x91b1067160a44f92f84f2e40c7cd84d5464cdd348fe7d0f9dc2c78b694acbb26;0x5ee2f2c250bee379f450381969bbd02ef516a4c8689eae962126fc4d4e213c6c;0x227b04c6;0x1e6b0a26L;0.500000;1503226739;1503226739
0;64;8048;0x91b1067160a44f92f84f2e40c7cd84d5464cdd348fe7d0f9dc2c78b694acbb26;0x5ee2f2c250bee379f450381969bbd02ef516a4c8689eae962126fc4d4e213c6c;0x227b04c6;0x1e6b0a26L;0.500000;1503226739;1503226739
0;64;8048;0x91b1067160a44f92f84f2e40c7cd84d5464cdd348fe7d0f9dc2c78b694acbb26;0x5ee2f2c250bee379f450381969bbd02ef516a4c8689eae962126fc4d4e213c6c;0x227b04c6;0x1e6b0a26L;0.500000;1503226739;1503226740
0;64;8048;0x68520f5e33a8bb6027d163d1286006372387884301ac9cf2cc7434a54cfd05b4;0xb20526eb2ab9d922b62c08b84ca6dd697eaab637f1466b6e660f6c836de83c5b;0x6ec83aca;0x200f0690L;0.500000;1503226740;1503226741
0;64;8048;0x18a923d42f1302d26b458816f59c511920418610cbca851b6786b633368c114e;0x2ee042b40d11e4ad7353a3d48b60d14eb6380351c6a5eb7184dfd26f1f266f63;0x19880250;0xed230402L;0.500000;1503226741;1503226741
0;64;8048;0x18a923d42f1302d26b458816f59c511920418610cbca851b6786b633368c114e;0x2ee042b40d11e4ad7353a3d48b60d14eb6380351c6a5eb7184dfd26f1f266f63;0x19880250;0xed230402L;0.500000;1503226741;1503226741
0;64;8048;0x18a923d42f1302d26b458816f59c511920418610cbca851b6786b633368c114e;0x2ee042b40d11e4ad7353a3d48b60d14eb6380351c6a5eb7184dfd26f1f266f63;0x19880250;0xed230402L;0.500000;1503226741;1503226742
0;64;8048;0x1b99eec386996d2d8dfeefc13001e1f8d4e5e0aac0cefcd715c47a9cc41271e0;0x572e13ef09b6edea98c424c646b0d020f3dd94b96ad0055234f962405a087d54;0xa1be6455;0x425618eL;0.500000;1503226742;1503226742
0;64;8048;0x1b99eec386996d2d8dfeefc13001e1f8d4e5e0aac0cefcd715c47a9cc41271e0;0x572e13ef09b6edea98c424c646b0d020f3dd94b96ad0055234f962405a087d54;0xa1be6455;0x425618eL;0.500000;1503226742;1503226742
0;64;8048;0x1b99eec386996d2d8dfeefc13001e1f8d4e5e0aac0cefcd715c47a9cc41271e0;0x572e13ef09b6edea98c424c646b0d020f3dd94b96ad0055234f962405a087d54;0xa1be6455;0x425618eL;0.500000;1503226743;1503226743
0;64;8048;0xc2cad7a4a7b2ee1a76ec1ce1ca0243291a7c00a6d9d0ca950801767984845946;0x58eae0309a0d9ea8907476df1ba30210d334e77cbfe8e1c8cc8ff378c4a25277;0x2d7d7ebf;0x301b601fL;0.500000;1503226743;1503226743
0;64;8048;0xc2cad7a4a7b2ee1a76ec1ce1ca0243291a7c00a6d9d0ca950801767984845946;0x58eae0309a0d9ea8907476df1ba30210d334e77cbfe8e1c8cc8ff378c4a25277;0x2d7d7ebf;0x301b601fL;0.500000;1503226743;1503226744
0;64;8048;0x2738e299e04530d584894d9d004eac7c6926bd3e2b28208f871f2e0f40640f67;0xf24dd0123bc5fb8060c37b7103f7b328c4210bd192b3c94a2c30b62f31e7301f;0x4a510611;0xc993e64bL;0.500000;1503226744;1503226744
0;64;8048;0x2738e299e04530d584894d9d004eac7c6926bd3e2b28208f871f2e0f40640f67;0xf24dd0123bc5fb8060c37b7103f7b328c4210bd192b3c94a2c30b62f31e7301f;0x4a510611;0xc993e64bL;0.500000;1503226744;1503226744
0;64;8048;0x2738e299e04530d584894d9d004eac7c6926bd3e2b28208f871f2e0f40640f67;0xf24dd0123bc5fb8060c37b7103f7b328c4210bd192b3c94a2c30b62f31e7301f;0x4a510611;0xc993e64bL;0.500000;1503226744;1503226745
0;64;8048;0x79dc89c841f137738448bf3987c5b13aa4387995341397a2a23a64d91db65696;0x1d59e5b9e55ab0fec91f237da3a1f9153a966731df308310c27986b0fdb15c42;0x84b3a337;0x560c5a9cL;0.500000;1503226745;1503226745
