0;64;8048;0xad834fcf8c354c91e0bceeab3e8289f2646f88aabd016f460206797c9b4ebe48;0x59791171daad310ca7971d447a7f44b731e159aa8de4bb27333879201c36084e;0xcfe5dd5d;0x33d25006L;0.500000;1503158986;1503158986
0;64;8048;0xad834fcf8c354c91e0bceeab3e8289f2646f88aabd016f460206797c9b4ebe48;0x59791171daad310ca7971d447a7f44b731e159aa8de4bb27333879201c36084e;0xcfe5dd5d;0x33d25006L;0.500000;1503158987;1503158987
0;64;8048;0x58d53b6fdd8560618df81cd9a80e0c7d60c9c0f118baa0bfe07e17dc4d176ea5;0x8296a99a0526f03a7353a6c355cc81133592415cfb5f2cc0eb6d62d1f8080cee;0xc881b49e;0x98dd118L;0.500000;1503158987;1503158987
0;64;8048;0x58d53b6fdd8560618df81cd9a80e0c7d60c9c0f118baa0bfe07e17dc4d176ea5;0x8296a99a0526f03a7353a6c355cc81133592415cfb5f2cc0eb6d62d1f8080cee;0xc881b49e;0x98dd118L;0.500000;1503158987;1503158988
0;64;8048;0x52aaab892b7d26d7773b8d45c6c64e7559a4497365536aad111b74fb68b7c3ba;0xca4f6a555985962d7b97b51916f57e44dddbefd0fffcd5124bbade6a95f6d894;0x0d151a12;0x5227c3d2L;0.500000;1503158988;1503158988
0;64;8048;0x52aaab892b7d26d7773b8d45c6c64e7559a4497365536aad111b74fb68b7c3ba;0xca4f6a555985962d7b97b51916f57e44dddbefd0fffcd5124bbade6a95f6d894;0x0d151a12;0x5227c3d2L;0.500000;1503158988;1503158988
0;64;8048;0x52aaab892b7d26d7773b8d45c6c64e7559a4497365536aad111b74fb68b7c3ba;0xca4f6a555985962d7b97b51916f57e44dddbefd0fffcd5124bbade6a95f6d894;0x0d151a12;0x5227c3d2L;0.500000;1503158988;1503158989
0;64;8048;0x45daab493a5a82a93ca39ca2994eb7e252c83dce1d93dac0d92814e6b8202cfd;0x833271629a12b63beebb35f02c657458a1f860f8d8c709a8a94d6f295629ae75;0x231c9095;0x24584ab8L;0.500000;1503158989;1503158989
0;64;8048;0x45daab493a5a82a93ca39ca2994eb7e252c83dce1d93dac0d92814e6b8202cfd;0x833271629a12b63beebb35f02c657458a1f860f8d8c709a8a94d6f295629ae75;0x231c9095;0x24584ab8L;0.500000;1503158989;1503158989
0;64;8048;0x45daab493a5a82a93ca39ca2994eb7e252c83dce1d93dac0d92814e6b8202cfd;0x833271629a12b63beebb35f02c657458a1f860f8d8c709a8a94d6f295629ae75;0x231c9095;0x24584ab8L;0.500000;1503158989;1503158990
0;64;8048;0x6e236e664c26223766a78e6b8d5f3fcc80e3ed7e813aa6adee2c8f73c49cf332;0x3528be910c06290fc98bd802494e1f82afe0802af927dc03bc0c0e46d02dd92f;0x2b8f0254;0x61a31357L;0.500000;1503158990;1503158990
0;64;8048;0x6e236e664c26223766a78e6b8d5f3fcc80e3ed7e813aa6adee2c8f73c49cf332;0x3528be910c06290fc98bd802494e1f82afe0802af927dc03bc0c0e46d02dd92f;0x2b8f0254;0x61a31357L;0.500000;1503158990;1503158990
0;64;8048;0x6e236e664c26223766a78e6b8d5f3fcc80e3ed7e813aa6adee2c8f73c49cf332;0x3528be910c06290fc98bd802494e1f82afe0802af927dc03bc0c0e46d02dd92f;0x2b8f0254;0x61a31357L;0.500000;1503158991;1503158991
0;64;8048;0x71ecbf4a8b87b6428ca721c84462cc899ddda69b1435d927325f52910daebd7e;0x19421a838bf939ba1c966863f6c60e970be978828ee5464f7066e4bd465e6dcd;0xf0a2fb6c;0x9c1022c0L;0.500000;1503158991;1503158991
0;64;8048;0x71ecbf4a8b87b6428ca721c84462cc899ddda69b1435d927325f52910daebd7e;0x19421a838bf939ba1c966863f6c60e970be978828ee5464f7066e4bd465e6dcd;0xf0a2fb6c;0x9c1022c0L;0.500000;1503158991;1503158992
0;64;8048;0x0ab0be3d02fe58d918a30f9ca5bfb28e7fcfab4171d000e2eca52cfae05828ea;0x17868381828bc5a59f26964682df6ca76ea98bb0f13c6bb1aa9b9fe97afd2470;0x81341f29;0x204c2110L;0.500000;1503158992;1503158992
0;64;8048;0x0ab0be3d02fe58d918a30f9ca5bfb28e7fcfab4171d000e2eca52cfae05828ea;0x17868381828bc5a59f26964682df6ca76ea98bb0f13c6bb1aa9b9fe97afd2470;0x81341f29;0x204c2110L;0.500000;1503158992;1503158992
0;64;8048;0x0ab0be3d02fe58d918a30f9ca5bfb28e7fcfab4171d000e2eca52cfae05828ea;0x17868381828bc5a59f26964682df6ca76ea98bb0f13c6bb1aa9b9fe97afd2470;0x81341f29;0x204c2110L;0.500000;1503158992;1503158993
0;64;8048;0xc678b5d0e7acf6d770d612e54028f2403d9d8a465fd8e6bba12886bc61512a28;0x68f735550da8990c164ea6496137f4fc6874133ba187bef7361fa115ed59c5f5;0x16b8eb3e;0xe388822eL;0.500000;1503158993;1503158993
0;64;8048;0xc678b5d0e7acf6d770d612e54028f2403d9d8a465fd8e6bba12886bc61512a28;0x68f735550da8990c164ea6496137f4fc6874133ba187bef7361fa115ed59c5f5;0x16b8eb3e;0xe388822eL;0.500000;1503158993;1503158993
