0;64;8048;0x9978d7993d150e6d1b0604b7e926353b75de65e58a7da35870f6174b74bf7d0e;0xae1798d2c2da8cb48803e53d2257c051186459ccaf71c22571b785c11507b61b;0xfd542598;0x891711eeL;0.500000;1503147063;1503147063
0;64;8048;0x9978d7993d150e6d1b0604b7e926353b75de65e58a7da35870f6174b74bf7d0e;0xae1798d2c2da8cb48803e53d2257c051186459ccaf71c22571b785c11507b61b;0xfd542598;0x891711eeL;0.500000;1503147063;1503147063
0;64;8048;0x9978d7993d150e6d1b0604b7e926353b75de65e58a7da35870f6174b74bf7d0e;0xae1798d2c2da8cb48803e53d2257c051186459ccaf71c22571b785c11507b61b;0xfd542598;0x891711eeL;0.500000;1503147063;1503147064
0;64;8048;0x98e37b688d7fdc974df176716a71c265ee8d0f2fea9f3dedbde01b22bd887a55;0xd8aa6cc7021c8a95628bbffe0f721777cc0f0e1763a724637f390dda0ab29860;0x5ac28402;0x406c1c4eL;0.500000;1503147064;1503147064
0;64;8048;0x98e37b688d7fdc974df176716a71c265ee8d0f2fea9f3dedbde01b22bd887a55;0xd8aa6cc7021c8a95628bbffe0f721777cc0f0e1763a724637f390dda0ab29860;0x5ac28402;0x406c1c4eL;0.500000;1503147064;1503147065
0;64;8048;0x2bab87f79d6a7a8c832f1f77d8e7350e394f5c2dbc4d46834316ce7428c5d154;0xdf0330299355a84fd3da39a62db33b15fc3c7352d1632331f5da0c68dd15868e;0x3118c49b;0x7d176210L;0.500000;1503147065;1503147065
0;64;8048;0x2bab87f79d6a7a8c832f1f77d8e7350e394f5c2dbc4d46834316ce7428c5d154;0xdf0330299355a84fd3da39a62db33b15fc3c7352d1632331f5da0c68dd15868e;0x3118c49b;0x7d176210L;0.500000;1503147065;1503147065
0;64;8048;0x2bab87f79d6a7a8c832f1f77d8e7350e394f5c2dbc4d46834316ce7428c5d154;0xdf0330299355a84fd3da39a62db33b15fc3c7352d1632331f5da0c68dd15868e;0x3118c49b;0x7d176210L;0.500000;1503147065;1503147066
0;64;8048;0xd45a3fd1ac717ce3e92c1d434838711fda19026c07ab1ebd1b833b62130480e7;0xd61959b433496f27181ba88ce88cde5e7da949c8042fb3adac74e0dffd93731a;0x90f93881;0x2042a8cdL;0.500000;1503147066;1503147066
0;64;8048;0xd45a3fd1ac717ce3e92c1d434838711fda19026c07ab1ebd1b833b62130480e7;0xd61959b433496f27181ba88ce88cde5e7da949c8042fb3adac74e0dffd93731a;0x90f93881;0x2042a8cdL;0.500000;1503147066;1503147066
0;64;8048;0xd45a3fd1ac717ce3e92c1d434838711fda19026c07ab1ebd1b833b62130480e7;0xd61959b433496f27181ba88ce88cde5e7da949c8042fb3adac74e0dffd93731a;0x90f93881;0x2042a8cdL;0.500000;1503147066;1503147067
0;64;8048;0x8d9179bb422ccef193c077def2209f6cb1da2dd753281f1b2099c2bcd64b4263;0xe77f6f2cd01e57858b58843ccecdf7c28ff4d884223ee8f305e820e2e223e651;0x1fad6e89;0x4063890aL;0.500000;1503147067;1503147067
0;64;8048;0x8d9179bb422ccef193c077def2209f6cb1da2dd753281f1b2099c2bcd64b4263;0xe77f6f2cd01e57858b58843ccecdf7c28ff4d884223ee8f305e820e2e223e651;0x1fad6e89;0x4063890aL;0.500000;1503147067;1503147068
0;64;8048;0x02fe127c40c7f15dff9b6732f7a9feea9f13e8a03751cd9e094d37926241dd64;0xd107bbef5d6f07daf1b59e502e0a9987a668abdfe1c1766fc628143fffcd887c;0x53d06eec;0x290b078fL;0.500000;1503147068;1503147068
0;64;8048;0x02fe127c40c7f15dff9b6732f7a9feea9f13e8a03751cd9e094d37926241dd64;0xd107bbef5d6f07daf1b59e502e0a9987a668abdfe1c1766fc628143fffcd887c;0x53d06eec;0x290b078fL;0.500000;1503147068;1503147068
0;64;8048;0x02fe127c40c7f15dff9b6732f7a9feea9f13e8a03751cd9e094d37926241dd64;0xd107bbef5d6f07daf1b59e502e0a9987a668abdfe1c1766fc628143fffcd887c;0x53d06eec;0x290b078fL;0.500000;1503147068;1503147069
0;64;8048;0x5d5338448bf4f240ace642a9f609b0bae9bad9c7bffc924fd8fb56dbf5027b52;0x467fd508ea592dbb96d0a93c3d6360223862cb275e4e09cf31445c79e9567835;0x0e89da15;0x4f8a5c21L;0.500000;1503147069;1503147069
0;64;8048;0x5d5338448bf4f240ace642a9f609b0bae9bad9c7bffc924fd8fb56dbf5027b52;0x467fd508ea592dbb96d0a93c3d6360223862cb275e4e09cf31445c79e9567835;0x0e89da15;0x4f8a5c21L;0.500000;1503147069;1503147069
0;64;8048;0x5d5338448bf4f240ace642a9f609b0bae9bad9c7bffc924fd8fb56dbf5027b52;0x467fd508ea592dbb96d0a93c3d6360223862cb275e4e09cf31445c79e9567835;0x0e89da15;0x4f8a5c21L;0.500000;1503147069;1503147070
0;64;8048;0xc228e18383b27204be22e5e9954e3428bd416435e2699c97fec5ba747db9383f;0x19801665ca0fe2953e84ec7379f785c2b9523ee5c9820a765a0f2b5ab9f729bd;0xaadd7533;0x156201b1L;0.500000;1503147070;1503147070
