0;64;8048;0xba8db8277c172886c997e0b8fa54b60367f215ccbbdc75d79d761fd2195050d4;0x4952754d82791721325d17a951c353d7a9ffb04464b03e6f102e2d04d1b75662;0x2adca6a1;0x2802e8aaL;0.500000;1503160173;1503160173
0;64;8048;0x85a06e85fa428c920d849e71d9c98c2636a69a538592c0bac6f6e03881df9806;0x69251cc81fcb5f8b67006735913dc2ced71d89effde20708c768e0960f682ef8;0x33b52225;0x412fa2ebL;0.500000;1503160173;1503160173
0;64;8048;0x85a06e85fa428c920d849e71d9c98c2636a69a538592c0bac6f6e03881df9806;0x69251cc81fcb5f8b67006735913dc2ced71d89effde20708c768e0960f682ef8;0x33b52225;0x412fa2ebL;0.500000;1503160173;1503160174
0;64;8048;0x5c6413993d6a0c6811bd4ea993dcc4a63bac09c4b158f543d1461c76a099b6fc;0xb73265a0b08fa3aa628d532095e7dc0b2238a12db7b7ceb159377e96b09d7a0b;0xfbdbbb57;0x6118826aL;0.500000;1503160174;1503160174
0;64;8048;0x5c6413993d6a0c6811bd4ea993dcc4a63bac09c4b158f543d1461c76a099b6fc;0xb73265a0b08fa3aa628d532095e7dc0b2238a12db7b7ceb159377e96b09d7a0b;0xfbdbbb57;0x6118826aL;0.500000;1503160174;1503160174
0;64;8048;0x5c6413993d6a0c6811bd4ea993dcc4a63bac09c4b158f543d1461c76a099b6fc;0xb73265a0b08fa3aa628d532095e7dc0b2238a12db7b7ceb159377e96b09d7a0b;0xfbdbbb57;0x6118826aL;0.500000;1503160174;1503160175
0;64;8048;0x093c5902dbcd056067d136184f0affdd983a18dfa30a2f7c6c0b059fa6b4d1af;0xfafc34caea8d08c83e8c7c917a9c476350ae067aeeda5ad1b36934ae188ce654;0xafedd9b1;0x91010a06L;0.500000;1503160175;1503160175
0;64;8048;0x093c5902dbcd056067d136184f0affdd983a18dfa30a2f7c6c0b059fa6b4d1af;0xfafc34caea8d08c83e8c7c917a9c476350ae067aeeda5ad1b36934ae188ce654;0xafedd9b1;0x91010a06L;0.500000;1503160175;1503160176
0;64;8048;0x9f98c133098d9181aecae919e8bfa5bc88e3821278e544545975399fc9267168;0x1cec76f84608f34b84466ace35288e4b520ba2743b27dcd36daee0eab6dea9ff;0xd323f045;0x640760d0L;0.500000;1503160176;1503160176
0;64;8048;0x9f98c133098d9181aecae919e8bfa5bc88e3821278e544545975399fc9267168;0x1cec76f84608f34b84466ace35288e4b520ba2743b27dcd36daee0eab6dea9ff;0xd323f045;0x640760d0L;0.500000;1503160176;1503160176
0;64;8048;0x9f98c133098d9181aecae919e8bfa5bc88e3821278e544545975399fc9267168;0x1cec76f84608f34b84466ace35288e4b520ba2743b27dcd36daee0eab6dea9ff;0xd323f045;0x640760d0L;0.500000;1503160176;1503160177
0;64;8048;0xa73078e9ab2bf3cd155ea568c91aed0fb6fe2bb3ef62ec47f2d19548eb3cea92;0xdb7639549cb1dbb9c188f8d1b81303a4ec7518e4db7c8d4cdc4f0074d829b8ae;0xa8d21950;0x53522226L;0.500000;1503160177;1503160177
0;64;8048;0xa73078e9ab2bf3cd155ea568c91aed0fb6fe2bb3ef62ec47f2d19548eb3cea92;0xdb7639549cb1dbb9c188f8d1b81303a4ec7518e4db7c8d4cdc4f0074d829b8ae;0xa8d21950;0x53522226L;0.500000;1503160177;1503160178
0;64;8048;0x2a9b8164a59a42370e6c9bc3932abd83df19aa7fcc597cfc0b3e82d371036a9b;0x7780578b5c610ed9d3428ad9b7e9d937cc38a48691d8bf1ec8285eba8ac0b105;0xe51f05bb;0xf5304602L;0.500000;1503160178;1503160178
0;64;8048;0x2a9b8164a59a42370e6c9bc3932abd83df19aa7fcc597cfc0b3e82d371036a9b;0x7780578b5c610ed9d3428ad9b7e9d937cc38a48691d8bf1ec8285eba8ac0b105;0xe51f05bb;0xf5304602L;0.500000;1503160178;1503160178
0;64;8048;0x2a9b8164a59a42370e6c9bc3932abd83df19aa7fcc597cfc0b3e82d371036a9b;0x7780578b5c610ed9d3428ad9b7e9d937cc38a48691d8bf1ec8285eba8ac0b105;0xe51f05bb;0xf5304602L;0.500000;1503160179;1503160179
0;64;8048;0x3ba12b50a7fd7dd8c21e959f9eb450666c893b1eb837bb803d93126d4639bd81;0xfabf3f903bab03d97d68f89b6fb17c09ec46e3d97c571ea18fca89249885e847;0x8adba229;0x38758002L;0.500000;1503160179;1503160179
0;64;8048;0x3ba12b50a7fd7dd8c21e959f9eb450666c893b1eb837bb803d93126d4639bd81;0xfabf3f903bab03d97d68f89b6fb17c09ec46e3d97c571ea18fca89249885e847;0x8adba229;0x38758002L;0.500000;1503160179;1503160180
0;64;8048;0xbb7df0899a0f699140e985a063e9b79e52e98c49d4b7c909209b81fa80ef773b;0xa6f93011cccdfd40677f2c2d5c24271757ca6f0426599ac1612ace2224957cf8;0xa26a898c;0x9a054a54L;0.500000;1503160180;1503160180
0;64;8048;0xbb7df0899a0f699140e985a063e9b79e52e98c49d4b7c909209b81fa80ef773b;0xa6f93011cccdfd40677f2c2d5c24271757ca6f0426599ac1612ace2224957cf8;0xa26a898c;0x9a054a54L;0.500000;1503160180;1503160180
