0;64;8048;0x9c23d361154be9e2644e54420dedad50d83a0a2d41af248690e884129c484b38;0x7a77fccb6fe5f2b74b7c5d66145d9dd113bc65bb1b9567cf2346d26b6e60d5d3;0x69e058c9;0x20561102L;0.500000;1503090999;1503091000
0;64;8048;0x349401f625dc8ad33fa9e7c0512df506ff659fbf9c354dd854cd01f4eb6bf51f;0x08d6d478ebec5e00751afe81d8dd0556c081b528741efc450476043075b47018;0x4375d642;0x4a95a25L;0.500000;1503091000;1503091000
0;64;8048;0x349401f625dc8ad33fa9e7c0512df506ff659fbf9c354dd854cd01f4eb6bf51f;0x08d6d478ebec5e00751afe81d8dd0556c081b528741efc450476043075b47018;0x4375d642;0x4a95a25L;0.500000;1503091000;1503091001
0;64;8048;0x756e3ce8fd635ef2785937ef531387bdb3bff12467f6a99112869656f7b8e26c;0xc8ad8ad9c23af4ead53a11f40fa3e89e3a9ea4abe56b4c8aff05d84a290e2a8a;0xc78333c7;0x11b80feL;0.500000;1503091001;1503091001
0;64;8048;0x756e3ce8fd635ef2785937ef531387bdb3bff12467f6a99112869656f7b8e26c;0xc8ad8ad9c23af4ead53a11f40fa3e89e3a9ea4abe56b4c8aff05d84a290e2a8a;0xc78333c7;0x11b80feL;0.500000;1503091001;1503091002
0;64;8048;0x6dc52a518f0a99e34fcf29d29e968c1b7fe85615fbe7868ed4307a523c748fa9;0x0a51f9a22f117cb0260b8d1f5b0baea87333c4d97f898161df977de735c07efa;0xded12dcb;0x75078260L;0.500000;1503091002;1503091002
0;64;8048;0x6dc52a518f0a99e34fcf29d29e968c1b7fe85615fbe7868ed4307a523c748fa9;0x0a51f9a22f117cb0260b8d1f5b0baea87333c4d97f898161df977de735c07efa;0xded12dcb;0x75078260L;0.500000;1503091002;1503091003
0;64;8048;0x7dc99dfd6d1567bc9461581018a1fcf0f5972177d463f26fd7d09968673a9ce4;0x87937f943496914af87a631ee4a950ad05aaec39f837cd6e1a55a9fe2b63fd3e;0x3ea5fd33;0x87023112L;0.500000;1503091003;1503091003
0;64;8048;0x7dc99dfd6d1567bc9461581018a1fcf0f5972177d463f26fd7d09968673a9ce4;0x87937f943496914af87a631ee4a950ad05aaec39f837cd6e1a55a9fe2b63fd3e;0x3ea5fd33;0x87023112L;0.500000;1503091003;1503091004
0;64;8048;0x3f8b6d71a19cc7cb217aa6e1254b75d5a60f6929b75365f4af43fcb6b014c2f0;0x49306d803a997fc9d4d50c79b592696db41446a9617975fe848963ab53fa2fe2;0x30e34c6c;0x4d0c518eL;0.500000;1503091004;1503091004
0;64;8048;0x3f8b6d71a19cc7cb217aa6e1254b75d5a60f6929b75365f4af43fcb6b014c2f0;0x49306d803a997fc9d4d50c79b592696db41446a9617975fe848963ab53fa2fe2;0x30e34c6c;0x4d0c518eL;0.500000;1503091004;1503091004
0;64;8048;0x3f8b6d71a19cc7cb217aa6e1254b75d5a60f6929b75365f4af43fcb6b014c2f0;0x49306d803a997fc9d4d50c79b592696db41446a9617975fe848963ab53fa2fe2;0x30e34c6c;0x4d0c518eL;0.500000;1503091005;1503091005
0;64;8048;0xb7f664e0879af2fa12f00f68bd759d7f09d8bdafeea98d9c8822bcde936ca74a;0x984343a3cbd019cb23a06dd3bf402137648cd0c4094bdb7f9eccbaeed055099f;0xfc9ef490;0xbb15b5c1L;0.500000;1503091005;1503091005
0;64;8048;0xb7f664e0879af2fa12f00f68bd759d7f09d8bdafeea98d9c8822bcde936ca74a;0x984343a3cbd019cb23a06dd3bf402137648cd0c4094bdb7f9eccbaeed055099f;0xfc9ef490;0xbb15b5c1L;0.500000;1503091005;1503091006
0;64;8048;0x187afdd67ceff5ecc4af20b0ce6e25e8e8ee3b329380e9b5f181aa9f4f00c567;0x9d5eef54917ae624c074f2568e879160aa75afb2a813c910c710f65387996732;0xbd60b179;0xc483028eL;0.500000;1503091006;1503091006
0;64;8048;0x187afdd67ceff5ecc4af20b0ce6e25e8e8ee3b329380e9b5f181aa9f4f00c567;0x9d5eef54917ae624c074f2568e879160aa75afb2a813c910c710f65387996732;0xbd60b179;0xc483028eL;0.500000;1503091007;1503091007
0;64;8048;0x6a3e56dc2d174b15556ee5d040dd4e66b04da60cfdfe7c6f287e89fb4ba5cbb6;0x450742902cb5e00eec4495885cf426c7ce2b4b06cafea0139b35a683fb5d7b26;0x876b3a63;0x1201b0d0L;0.500000;1503091007;1503091007
0;64;8048;0x6a3e56dc2d174b15556ee5d040dd4e66b04da60cfdfe7c6f287e89fb4ba5cbb6;0x450742902cb5e00eec4495885cf426c7ce2b4b06cafea0139b35a683fb5d7b26;0x876b3a63;0x1201b0d0L;0.500000;1503091008;1503091008
0;64;8048;0x07f21e61a494d3733d40476aa7abc2401d14d82c9af16f2317ea93b9f483e0fb;0x2f0697c2968360116e8546758ddba184e7958ff1256800afdfbdf5aa9260fa01;0x0578f6c1;0x5802cb11L;0.500000;1503091008;1503091008
0;64;8048;0x07f21e61a494d3733d40476aa7abc2401d14d82c9af16f2317ea93b9f483e0fb;0x2f0697c2968360116e8546758ddba184e7958ff1256800afdfbdf5aa9260fa01;0x0578f6c1;0x5802cb11L;0.500000;1503091009;1503091009
