0;64;8048;0xd6bc453ccf38a8f341c06e99847b04e34d6875792443f0d66f17120a3e551814;0x6fa0cb46822719367bd3cb2c0b9522dd2ae42acaaa0096595f873f97eb6730e9;0xb0f02119;0x20011902L;0.500000;1503139624;1503139624
0;64;8048;0xd6bc453ccf38a8f341c06e99847b04e34d6875792443f0d66f17120a3e551814;0x6fa0cb46822719367bd3cb2c0b9522dd2ae42acaaa0096595f873f97eb6730e9;0xb0f02119;0x20011902L;0.500000;1503139624;1503139625
0;64;8048;0x73d7364a4fab6514c1333a6cdbab9db6ec686ce6e72f0c8e26fc554d680220db;0x7552271172a785176bdba760198a44c2f5524055e12d093e923dc70e78c174e6;0x92c4f54f;0x7e030210L;0.500000;1503139625;1503139625
0;64;8048;0x73d7364a4fab6514c1333a6cdbab9db6ec686ce6e72f0c8e26fc554d680220db;0x7552271172a785176bdba760198a44c2f5524055e12d093e923dc70e78c174e6;0x92c4f54f;0x7e030210L;0.500000;1503139625;1503139625
0;64;8048;0x73d7364a4fab6514c1333a6cdbab9db6ec686ce6e72f0c8e26fc554d680220db;0x7552271172a785176bdba760198a44c2f5524055e12d093e923dc70e78c174e6;0x92c4f54f;0x7e030210L;0.500000;1503139625;1503139626
0;64;8048;0x79df050c094b8db5a3bf58afc33f288d971e2c85052f29f961e3ee6bab063024;0x9e5ede8b2486eff5e2cb102d4f4926f36d41f617b9849926af17afc445492e5b;0x728d9c09;0x418b6640L;0.500000;1503139626;1503139626
0;64;8048;0x79df050c094b8db5a3bf58afc33f288d971e2c85052f29f961e3ee6bab063024;0x9e5ede8b2486eff5e2cb102d4f4926f36d41f617b9849926af17afc445492e5b;0x728d9c09;0x418b6640L;0.500000;1503139626;1503139627
0;64;8048;0x77c3b2a8419de37dd2aa7d99d6e9e03b91bcdff011c79de4ddacf3dd35ee7dac;0xfd31ce86e2b85690b3902056f9b4694500f91abf938ef2fe38c68b9e31f1a23a;0x84790a59;0x8e090475L;0.500000;1503139627;1503139627
0;64;8048;0x77c3b2a8419de37dd2aa7d99d6e9e03b91bcdff011c79de4ddacf3dd35ee7dac;0xfd31ce86e2b85690b3902056f9b4694500f91abf938ef2fe38c68b9e31f1a23a;0x84790a59;0x8e090475L;0.500000;1503139627;1503139627
0;64;8048;0x77c3b2a8419de37dd2aa7d99d6e9e03b91bcdff011c79de4ddacf3dd35ee7dac;0xfd31ce86e2b85690b3902056f9b4694500f91abf938ef2fe38c68b9e31f1a23a;0x84790a59;0x8e090475L;0.500000;1503139627;1503139628
0;64;8048;0xf2f0b45171a2968b3dae6b0496f8822f2655aa86d29ab939c021f09a32c15b24;0x8a7f581690df810364c05bdca6754e22f9c4f9f4003e4620a714df7861401f90;0xb8e36654;0x8877e102L;0.500000;1503139628;1503139628
0;64;8048;0xf2f0b45171a2968b3dae6b0496f8822f2655aa86d29ab939c021f09a32c15b24;0x8a7f581690df810364c05bdca6754e22f9c4f9f4003e4620a714df7861401f90;0xb8e36654;0x8877e102L;0.500000;1503139628;1503139629
0;64;8048;0x7f1fe8c7945735288855fc6eb01f1d39d4dcfa8edd468adf6961aae5e2141062;0xae0ed9feb59cee284dbca687574fbb9daa8742bb38f2ae1405aeab0ad0faf4f9;0x3baddfd8;0x5d75448eL;0.500000;1503139629;1503139629
0;64;8048;0x7f1fe8c7945735288855fc6eb01f1d39d4dcfa8edd468adf6961aae5e2141062;0xae0ed9feb59cee284dbca687574fbb9daa8742bb38f2ae1405aeab0ad0faf4f9;0x3baddfd8;0x5d75448eL;0.500000;1503139629;1503139629
0;64;8048;0x7f1fe8c7945735288855fc6eb01f1d39d4dcfa8edd468adf6961aae5e2141062;0xae0ed9feb59cee284dbca687574fbb9daa8742bb38f2ae1405aeab0ad0faf4f9;0x3baddfd8;0x5d75448eL;0.500000;1503139629;1503139630
0;64;8048;0x15f4858116434046f9c54bff859b37e33ea82dd60a6796c4c5eaccd9618e7d76;0x2aae800b9adeeb56288b037e02ef5e071bda00570416b4268d7deeda7af3c6cb;0xfd421dbd;0xa0686a16L;0.500000;1503139630;1503139630
0;64;8048;0x15f4858116434046f9c54bff859b37e33ea82dd60a6796c4c5eaccd9618e7d76;0x2aae800b9adeeb56288b037e02ef5e071bda00570416b4268d7deeda7af3c6cb;0xfd421dbd;0xa0686a16L;0.500000;1503139630;1503139630
0;64;8048;0x15f4858116434046f9c54bff859b37e33ea82dd60a6796c4c5eaccd9618e7d76;0x2aae800b9adeeb56288b037e02ef5e071bda00570416b4268d7deeda7af3c6cb;0xfd421dbd;0xa0686a16L;0.500000;1503139630;1503139631
0;64;8048;0x3d1a57cb28bec3b4f9cb8a9cca08eb98cbfca3678e28d6a50e04f1967db528ba;0xfaaa1c27cdf4a536746ba9f3e915605c1edc5c71782d4edd4546c02561eca785;0x21fc35e7;0x14ac9134L;0.500000;1503139631;1503139631
0;64;8048;0x3d1a57cb28bec3b4f9cb8a9cca08eb98cbfca3678e28d6a50e04f1967db528ba;0xfaaa1c27cdf4a536746ba9f3e915605c1edc5c71782d4edd4546c02561eca785;0x21fc35e7;0x14ac9134L;0.500000;1503139631;1503139632
