0;64;8048;0x03c260195029750c47ade634152f730a3a81168388c0face605381a9023b5105;0x962f71b2700daa0b179f61bf28eb1d581b4c95bb8cc69cc5e21675432be09d0e;0x540647b0;0xa9899a04L;0.500000;1503237393;1503237393
0;64;8048;0x03c260195029750c47ade634152f730a3a81168388c0face605381a9023b5105;0x962f71b2700daa0b179f61bf28eb1d581b4c95bb8cc69cc5e21675432be09d0e;0x540647b0;0xa9899a04L;0.500000;1503237394;1503237394
0;64;8048;0xcd31a01c735d7af2312c509de1e026593412e09c9e35aff45dc8ca412427abf1;0x440db88a7a1ff101cd8cfa80c472037edff34795d146a1d4598a7dd7dc28a4b3;0x4c6507ba;0xc9d04a0L;0.500000;1503237394;1503237394
0;64;8048;0xcd31a01c735d7af2312c509de1e026593412e09c9e35aff45dc8ca412427abf1;0x440db88a7a1ff101cd8cfa80c472037edff34795d146a1d4598a7dd7dc28a4b3;0x4c6507ba;0xc9d04a0L;0.500000;1503237394;1503237395
0;64;8048;0xba3517f4191554aa87771b8de4b851889183b86bddf1ce1a238ab2a7a53dfd5f;0xf223f456cfa57aa8bb116b43395e2228234eb18de7551a9a4951478b1ed6f132;0x6f280cd5;0x10150982L;0.500000;1503237395;1503237395
0;64;8048;0xba3517f4191554aa87771b8de4b851889183b86bddf1ce1a238ab2a7a53dfd5f;0xf223f456cfa57aa8bb116b43395e2228234eb18de7551a9a4951478b1ed6f132;0x6f280cd5;0x10150982L;0.500000;1503237395;1503237395
0;64;8048;0xba3517f4191554aa87771b8de4b851889183b86bddf1ce1a238ab2a7a53dfd5f;0xf223f456cfa57aa8bb116b43395e2228234eb18de7551a9a4951478b1ed6f132;0x6f280cd5;0x10150982L;0.500000;1503237395;1503237396
0;64;8048;0x545e62e02099a9698b79a6160343982d507161868b5c9dbe11fb1b6303d0d857;0x1dfaf9f7248406d4e19ff7daf4aa937babfb2f225451225128eb81c0e816e462;0xbe5fb946;0x59124d82L;0.500000;1503237396;1503237396
0;64;8048;0x545e62e02099a9698b79a6160343982d507161868b5c9dbe11fb1b6303d0d857;0x1dfaf9f7248406d4e19ff7daf4aa937babfb2f225451225128eb81c0e816e462;0xbe5fb946;0x59124d82L;0.500000;1503237396;1503237397
0;64;8048;0xcb6be073395ba8e09f38bd80090ecbf6108c86338b4a335139876a66bc08db87;0xfea1e3f55bc61c57183f06d4154d7c6605eddc325184092dd7f33e76f449c3d5;0xc323319a;0x64283c0L;0.500000;1503237397;1503237397
0;64;8048;0xcb6be073395ba8e09f38bd80090ecbf6108c86338b4a335139876a66bc08db87;0xfea1e3f55bc61c57183f06d4154d7c6605eddc325184092dd7f33e76f449c3d5;0xc323319a;0x64283c0L;0.500000;1503237397;1503237397
0;64;8048;0xcb6be073395ba8e09f38bd80090ecbf6108c86338b4a335139876a66bc08db87;0xfea1e3f55bc61c57183f06d4154d7c6605eddc325184092dd7f33e76f449c3d5;0xc323319a;0x64283c0L;0.500000;1503237397;1503237398
0;64;8048;0xdacf038c2a36a291c27f5d64adef2931a4b29db691677705439ecd212f55360a;0xec766f9302714d88de3c260f7ae1b64779f7516d8ad3af98325c09b604d54f46;0xb61add8b;0x978b81d8L;0.500000;1503237398;1503237398
0;64;8048;0xdacf038c2a36a291c27f5d64adef2931a4b29db691677705439ecd212f55360a;0xec766f9302714d88de3c260f7ae1b64779f7516d8ad3af98325c09b604d54f46;0xb61add8b;0x978b81d8L;0.500000;1503237398;1503237398
0;64;8048;0xdacf038c2a36a291c27f5d64adef2931a4b29db691677705439ecd212f55360a;0xec766f9302714d88de3c260f7ae1b64779f7516d8ad3af98325c09b604d54f46;0xb61add8b;0x978b81d8L;0.500000;1503237398;1503237399
0;64;8048;0x20ed8c26840e48c6cbe53f2d3c2fd707f64d8ae7c6622dd01a3fff8042a6b062;0xb3fba74fe814d780716b661263520f939c1c3e7417cbbec2b60f33b58df51e1f;0x198756a8;0xa9e28935L;0.500000;1503237399;1503237399
0;64;8048;0x20ed8c26840e48c6cbe53f2d3c2fd707f64d8ae7c6622dd01a3fff8042a6b062;0xb3fba74fe814d780716b661263520f939c1c3e7417cbbec2b60f33b58df51e1f;0x198756a8;0xa9e28935L;0.500000;1503237399;1503237400
0;64;8048;0xae73ac1edd75bbc7b1d46ee00c8c78ca2587659fca75be97c5bdb105206b75ce;0x192c277031dc95ec929426eef399fda87b5a81a6c7e767480016882be2c21ea4;0x68f529b0;0xe9083c25L;0.500000;1503237400;1503237400
0;64;8048;0xae73ac1edd75bbc7b1d46ee00c8c78ca2587659fca75be97c5bdb105206b75ce;0x192c277031dc95ec929426eef399fda87b5a81a6c7e767480016882be2c21ea4;0x68f529b0;0xe9083c25L;0.500000;1503237400;1503237400
0;64;8048;0xae73ac1edd75bbc7b1d46ee00c8c78ca2587659fca75be97c5bdb105206b75ce;0x192c277031dc95ec929426eef399fda87b5a81a6c7e767480016882be2c21ea4;0x68f529b0;0xe9083c25L;0.500000;1503237400;1503237401
