0;64;8048;0x7ca43a2128dfbca9a6a8147e25cf7cb1584c632c963ee4537ba9966f4410dec1;0x7fefcfec98a1c8eb5beaecfc14ae2fef7910ea6404207da2dc0b2e534fba4537;0x6b6e348a;0xa860903dL;0.500000;1503129516;1503129516
0;64;8048;0x7ca43a2128dfbca9a6a8147e25cf7cb1584c632c963ee4537ba9966f4410dec1;0x7fefcfec98a1c8eb5beaecfc14ae2fef7910ea6404207da2dc0b2e534fba4537;0x6b6e348a;0xa860903dL;0.500000;1503129516;1503129517
0;64;8048;0x02fce66ed86f64679e846dfbbb3f1d7ec05a5d41f4670b964af290ac66e68c68;0xc108a9cdc1297d765956a1530de88dafd2b40dd902eba1c0da2e1c5f0074a319;0xd41f4ed6;0x50654b30L;0.500000;1503129517;1503129517
0;64;8048;0x02fce66ed86f64679e846dfbbb3f1d7ec05a5d41f4670b964af290ac66e68c68;0xc108a9cdc1297d765956a1530de88dafd2b40dd902eba1c0da2e1c5f0074a319;0xd41f4ed6;0x50654b30L;0.500000;1503129517;1503129518
0;64;8048;0xa44fb279e9e265c94f992d7be28b47abc54594af9121bc5b19dc44c9b4570f58;0x8466186585898d4258473884a313ed90cadc19842d68d060e05ac0c0b830703d;0x70c45995;0x2a03722aL;0.500000;1503129518;1503129518
0;64;8048;0xa44fb279e9e265c94f992d7be28b47abc54594af9121bc5b19dc44c9b4570f58;0x8466186585898d4258473884a313ed90cadc19842d68d060e05ac0c0b830703d;0x70c45995;0x2a03722aL;0.500000;1503129518;1503129518
0;64;8048;0xa44fb279e9e265c94f992d7be28b47abc54594af9121bc5b19dc44c9b4570f58;0x8466186585898d4258473884a313ed90cadc19842d68d060e05ac0c0b830703d;0x70c45995;0x2a03722aL;0.500000;1503129518;1503129519
0;64;8048;0xf4e5307bcd175a417c057932ce66041192dc7c0f73a18aa179509a32220f5717;0x5e4515ae9c142997ce5041d9202b587cc3611c870097463f569894891b680b65;0xb2076abc;0xed4e4084L;0.500000;1503129519;1503129519
0;64;8048;0xf4e5307bcd175a417c057932ce66041192dc7c0f73a18aa179509a32220f5717;0x5e4515ae9c142997ce5041d9202b587cc3611c870097463f569894891b680b65;0xb2076abc;0xed4e4084L;0.500000;1503129519;1503129519
0;64;8048;0xf4e5307bcd175a417c057932ce66041192dc7c0f73a18aa179509a32220f5717;0x5e4515ae9c142997ce5041d9202b587cc3611c870097463f569894891b680b65;0xb2076abc;0xed4e4084L;0.500000;1503129520;1503129520
0;64;8048;0xeee2c95b3cf7c04e6c381f56199ff364518662f0b7fb9b7f5b7a282a81767670;0x63a46209d5451868502c77881cd380b8ed3891ba243b033eb0c3f08ce0ec05ac;0x99132ea4;0x88108896L;0.500000;1503129520;1503129520
0;64;8048;0xeee2c95b3cf7c04e6c381f56199ff364518662f0b7fb9b7f5b7a282a81767670;0x63a46209d5451868502c77881cd380b8ed3891ba243b033eb0c3f08ce0ec05ac;0x99132ea4;0x88108896L;0.500000;1503129520;1503129521
0;64;8048;0xccf3e5416b552bc4cf354a5c5be7cb53bfeff209069c923b6998d136fe1cfbca;0xc06ecc9dd25e05789f74595cd1568b5587eefd1f7044155d7839908103421d60;0xe8b32c7d;0x28181d8L;0.500000;1503129521;1503129521
0;64;8048;0xccf3e5416b552bc4cf354a5c5be7cb53bfeff209069c923b6998d136fe1cfbca;0xc06ecc9dd25e05789f74595cd1568b5587eefd1f7044155d7839908103421d60;0xe8b32c7d;0x28181d8L;0.500000;1503129521;1503129521
0;64;8048;0xccf3e5416b552bc4cf354a5c5be7cb53bfeff209069c923b6998d136fe1cfbca;0xc06ecc9dd25e05789f74595cd1568b5587eefd1f7044155d7839908103421d60;0xe8b32c7d;0x28181d8L;0.500000;1503129521;1503129522
0;64;8048;0x2ef25d442688e730aed7675f5be86a7506f3aa0d19cd26aa38c25d55163ea345;0xd260bc2af5b2526fb4c75c049b40724f854619f5380a2c72eab4c3686e085b1e;0x66ee9f94;0x300fda18L;0.500000;1503129522;1503129522
0;64;8048;0x2ef25d442688e730aed7675f5be86a7506f3aa0d19cd26aa38c25d55163ea345;0xd260bc2af5b2526fb4c75c049b40724f854619f5380a2c72eab4c3686e085b1e;0x66ee9f94;0x300fda18L;0.500000;1503129522;1503129523
0;64;8048;0x0374f103bec912dc79350f300b5955652aa688cb5b6aabcee910153dc5968dc8;0x4bcd6eddec92408612d5cb758a549096cdc9b8457c2a83bc960aa2703fb7639b;0xdb9ed297;0x4c21461fL;0.500000;1503129523;1503129523
0;64;8048;0x0374f103bec912dc79350f300b5955652aa688cb5b6aabcee910153dc5968dc8;0x4bcd6eddec92408612d5cb758a549096cdc9b8457c2a83bc960aa2703fb7639b;0xdb9ed297;0x4c21461fL;0.500000;1503129523;1503129523
0;64;8048;0x0374f103bec912dc79350f300b5955652aa688cb5b6aabcee910153dc5968dc8;0x4bcd6eddec92408612d5cb758a549096cdc9b8457c2a83bc960aa2703fb7639b;0xdb9ed297;0x4c21461fL;0.500000;1503129523;1503129524
