0;64;8048;0x9c8fa95b318c1b4a54258fa5bdbc2e28e8560dc0eed481a5ddc69e6472d67f0e;0x50137233f985947b4e8bf446fdb63724e1ba6db934192879056a21499e6a4a60;0x92d8a47c;0x22838052L;0.500000;1503110449;1503110450
0;64;8048;0xf21c4bebe17367c37dce7b494faed219f5d53687782cf05c481d0159eadf61dc;0xb3d8c1f3b36ade140310b026e2cd2073093d196415776fbf4ffbbcae25fabb0a;0xd2a5fa12;0x31ab0342L;0.500000;1503110450;1503110450
0;64;8048;0xf21c4bebe17367c37dce7b494faed219f5d53687782cf05c481d0159eadf61dc;0xb3d8c1f3b36ade140310b026e2cd2073093d196415776fbf4ffbbcae25fabb0a;0xd2a5fa12;0x31ab0342L;0.500000;1503110450;1503110450
0;64;8048;0xf21c4bebe17367c37dce7b494faed219f5d53687782cf05c481d0159eadf61dc;0xb3d8c1f3b36ade140310b026e2cd2073093d196415776fbf4ffbbcae25fabb0a;0xd2a5fa12;0x31ab0342L;0.500000;1503110450;1503110451
0;64;8048;0xa753c6592f052c20838c007342df2b6039d513376029582d599b1245cb7f0d72;0xfbd153db7ace28bfb4fc87f8165236324eed4d0e068348788e505fccfb82eefc;0xb2f36916;0xb810d61aL;0.500000;1503110451;1503110451
0;64;8048;0xa753c6592f052c20838c007342df2b6039d513376029582d599b1245cb7f0d72;0xfbd153db7ace28bfb4fc87f8165236324eed4d0e068348788e505fccfb82eefc;0xb2f36916;0xb810d61aL;0.500000;1503110451;1503110451
0;64;8048;0xa753c6592f052c20838c007342df2b6039d513376029582d599b1245cb7f0d72;0xfbd153db7ace28bfb4fc87f8165236324eed4d0e068348788e505fccfb82eefc;0xb2f36916;0xb810d61aL;0.500000;1503110452;1503110452
0;64;8048;0x54a0a85207310ff1fa96e5de6ae71e96744678271b0ff92d5416def2171ee86b;0xd4ea989686a2340785e145fc8c7e2631a6c5c625d28e8de830e602c89e92191a;0xa48fab0d;0x8f42d031L;0.500000;1503110452;1503110452
0;64;8048;0x54a0a85207310ff1fa96e5de6ae71e96744678271b0ff92d5416def2171ee86b;0xd4ea989686a2340785e145fc8c7e2631a6c5c625d28e8de830e602c89e92191a;0xa48fab0d;0x8f42d031L;0.500000;1503110452;1503110453
0;64;8048;0xf7e32da4ab2e65f79c52bbd7fc7577e403a7f6413cfd8b106408a86f0f546106;0x6745c4c12b48a93135836925182f977801d7520d7cd5c09d485d1a850b1a4aab;0x349023f2;0x3786068L;0.500000;1503110453;1503110453
0;64;8048;0xf7e32da4ab2e65f79c52bbd7fc7577e403a7f6413cfd8b106408a86f0f546106;0x6745c4c12b48a93135836925182f977801d7520d7cd5c09d485d1a850b1a4aab;0x349023f2;0x3786068L;0.500000;1503110453;1503110453
0;64;8048;0xf7e32da4ab2e65f79c52bbd7fc7577e403a7f6413cfd8b106408a86f0f546106;0x6745c4c12b48a93135836925182f977801d7520d7cd5c09d485d1a850b1a4aab;0x349023f2;0x3786068L;0.500000;1503110453;1503110454
0;64;8048;0xcf88fe591b16910eaeccae7fb34b5d588433cdddfedaac5dfccbab9dbfd2b28e;0x8ddebd65abee0b66f92ec5bf0f3307ba0b0fc6650134715831110803d1d6c5e5;0x24e3aa23;0xba1072cbL;0.500000;1503110454;1503110454
0;64;8048;0xcf88fe591b16910eaeccae7fb34b5d588433cdddfedaac5dfccbab9dbfd2b28e;0x8ddebd65abee0b66f92ec5bf0f3307ba0b0fc6650134715831110803d1d6c5e5;0x24e3aa23;0xba1072cbL;0.500000;1503110454;1503110454
0;64;8048;0xcf88fe591b16910eaeccae7fb34b5d588433cdddfedaac5dfccbab9dbfd2b28e;0x8ddebd65abee0b66f92ec5bf0f3307ba0b0fc6650134715831110803d1d6c5e5;0x24e3aa23;0xba1072cbL;0.500000;1503110455;1503110455
0;64;8048;0xf57582b46144000108d5d8e595b4b27979002bf604ddba6479bd8b41da53e1cf;0xc6d99f7e9226bacfe83ce1af8ca9ab5c9b47ab8a053243735f7e1a34eb6fda22;0x6c1fd006;0xe47204c2L;0.500000;1503110455;1503110455
0;64;8048;0xf57582b46144000108d5d8e595b4b27979002bf604ddba6479bd8b41da53e1cf;0xc6d99f7e9226bacfe83ce1af8ca9ab5c9b47ab8a053243735f7e1a34eb6fda22;0x6c1fd006;0xe47204c2L;0.500000;1503110455;1503110456
0;64;8048;0xa588a33867ceb64c0d522363a0113c186468bbebbacf572d34cd1dabd2741777;0xf17cd2b92294966409033f98b22334328b6f50fed83d3a1716ede49404ec74f1;0x3679088b;0x4086dac1L;0.500000;1503110456;1503110456
0;64;8048;0xa588a33867ceb64c0d522363a0113c186468bbebbacf572d34cd1dabd2741777;0xf17cd2b92294966409033f98b22334328b6f50fed83d3a1716ede49404ec74f1;0x3679088b;0x4086dac1L;0.500000;1503110456;1503110456
0;64;8048;0xa588a33867ceb64c0d522363a0113c186468bbebbacf572d34cd1dabd2741777;0xf17cd2b92294966409033f98b22334328b6f50fed83d3a1716ede49404ec74f1;0x3679088b;0x4086dac1L;0.500000;1503110457;1503110457
