0;64;8048;0x325c22b719ac088508e3a277315c868603914ef00d6da02874bf73d41d817650;0xf099d45cb2671af0448abdfc29be177460dc5dd637dfc2d70a71a2a35fdc0cf5;0x5ac5a150;0xae9ec616L;0.500000;1503088035;1503088036
0;64;8048;0x8ff900a88893598b5fdf1cd58f08cf2e652d943bf35bbdb64044b73ce4fba373;0x3fa6f0c68359281ce6caa7ee7df5728bee8a52cafdab9057abe68bcaab686f2f;0x13afd57f;0x1410468eL;0.500000;1503088036;1503088036
0;64;8048;0x8ff900a88893598b5fdf1cd58f08cf2e652d943bf35bbdb64044b73ce4fba373;0x3fa6f0c68359281ce6caa7ee7df5728bee8a52cafdab9057abe68bcaab686f2f;0x13afd57f;0x1410468eL;0.500000;1503088036;1503088037
0;64;8048;0x639c25e92fd83cac3cb9bcd16a96b20dbc06cd7546b9223e5dc75e2d5f1ff7c2;0x26243a960f28a3318a41c63e7259d7670b1a7a53066b7043ab4d0def7a510353;0xea9acbfd;0x17044d16L;0.500000;1503088037;1503088037
0;64;8048;0x639c25e92fd83cac3cb9bcd16a96b20dbc06cd7546b9223e5dc75e2d5f1ff7c2;0x26243a960f28a3318a41c63e7259d7670b1a7a53066b7043ab4d0def7a510353;0xea9acbfd;0x17044d16L;0.500000;1503088037;1503088038
0;64;8048;0x719ece176bfd75292ddc174f3197fec46973ac482d52b2aea394a79fbcc2992d;0xc18b9c2b341677b6e574702ca9ed3b6823c2e04bc1fd84edee705be7bf81c3b6;0x9497e587;0xc889475fL;0.500000;1503088038;1503088038
0;64;8048;0x719ece176bfd75292ddc174f3197fec46973ac482d52b2aea394a79fbcc2992d;0xc18b9c2b341677b6e574702ca9ed3b6823c2e04bc1fd84edee705be7bf81c3b6;0x9497e587;0xc889475fL;0.500000;1503088038;1503088038
0;64;8048;0x719ece176bfd75292ddc174f3197fec46973ac482d52b2aea394a79fbcc2992d;0xc18b9c2b341677b6e574702ca9ed3b6823c2e04bc1fd84edee705be7bf81c3b6;0x9497e587;0xc889475fL;0.500000;1503088039;1503088039
0;64;8048;0x4f56813df53088dcc265bec80e23af22ece25f6c8f094f885b1aefca237e5e73;0x8899212099104f3b8a049bb43851aeaa9a6a03cabde24d2b0622e27f008e437b;0x45b65454;0x57031444L;0.500000;1503088039;1503088039
0;64;8048;0x4f56813df53088dcc265bec80e23af22ece25f6c8f094f885b1aefca237e5e73;0x8899212099104f3b8a049bb43851aeaa9a6a03cabde24d2b0622e27f008e437b;0x45b65454;0x57031444L;0.500000;1503088039;1503088040
0;64;8048;0xb8d9bf78dad1d316fe299022ec61731089c5bc8365deffeee932d053cf3d4988;0xedf869e1e1c39824ad45a2abfe2c59c881fb38ef22532033d5d092ac8b177c50;0x8060f24f;0x8c2dd0c0L;0.500000;1503088040;1503088040
0;64;8048;0xb8d9bf78dad1d316fe299022ec61731089c5bc8365deffeee932d053cf3d4988;0xedf869e1e1c39824ad45a2abfe2c59c881fb38ef22532033d5d092ac8b177c50;0x8060f24f;0x8c2dd0c0L;0.500000;1503088040;1503088041
0;64;8048;0x4dc53fd930312efa1b527ff96c054f9eae876979d44237e2811830cc2cef7a7a;0x843ecbf02dcb2f614117cdb2459e38f8637bc373f90626ce0a9fadb33725f468;0x01368c86;0x418d3044L;0.500000;1503088041;1503088041
0;64;8048;0x4dc53fd930312efa1b527ff96c054f9eae876979d44237e2811830cc2cef7a7a;0x843ecbf02dcb2f614117cdb2459e38f8637bc373f90626ce0a9fadb33725f468;0x01368c86;0x418d3044L;0.500000;1503088042;1503088042
0;64;8048;0x6ae4020d2757cdaa2419dcbad7608d03dcccfc2ac8c2271c21a134e169a574d3;0x702307da1c820da154bd7c180effaa4c98fe8ca3d99ff6a73f0c8c76b69532d2;0x1e149b90;0xf9073116L;0.500000;1503088042;1503088043
0;64;8048;0xeca37dda2c3741fe5e770da8d8bc07070c3d13902cb283eaf285aa06af50649c;0x2c20ce949c251cad5e1f90e6f635867712795562c60e1a6daa33fac78aeba2ba;0x9021a8ad;0x76820216L;0.500000;1503088043;1503088043
0;64;8048;0xeca37dda2c3741fe5e770da8d8bc07070c3d13902cb283eaf285aa06af50649c;0x2c20ce949c251cad5e1f90e6f635867712795562c60e1a6daa33fac78aeba2ba;0x9021a8ad;0x76820216L;0.500000;1503088043;1503088043
0;64;8048;0xeca37dda2c3741fe5e770da8d8bc07070c3d13902cb283eaf285aa06af50649c;0x2c20ce949c251cad5e1f90e6f635867712795562c60e1a6daa33fac78aeba2ba;0x9021a8ad;0x76820216L;0.500000;1503088043;1503088044
0;64;8048;0xbba56f19e82e5a3510f220deff9214982b23cd515b83aece3e9883c9baf66475;0xecb073a2d9b8b88631289bcff543c5d5ec5000225d96a95bab8bf15d1ca2b6c5;0x56b5b332;0xb9393730L;0.500000;1503088044;1503088044
0;64;8048;0xbba56f19e82e5a3510f220deff9214982b23cd515b83aece3e9883c9baf66475;0xecb073a2d9b8b88631289bcff543c5d5ec5000225d96a95bab8bf15d1ca2b6c5;0x56b5b332;0xb9393730L;0.500000;1503088044;1503088045
