0;64;8048;0x768af9451e591373290c40fd481b64fb3941b6012af49ce59e12094232140da8;0x709feb1bf34dca9665df2dfa31635e2465541663a6abd460cb2de2b37a53e6ec;0x56fad6dd;0xe4590a48L;0.500000;1503145912;1503145913
0;64;8048;0x41bf601276c5e1282fd4458a80c6a948152904241a93d97ac8feab4872593ab3;0x4e9c7ea1bae7185b1c61137396d3791f8e65d88559fea5f3911c8af474bdc9c7;0x0528956e;0xcb630e5eL;0.500000;1503145913;1503145913
0;64;8048;0x41bf601276c5e1282fd4458a80c6a948152904241a93d97ac8feab4872593ab3;0x4e9c7ea1bae7185b1c61137396d3791f8e65d88559fea5f3911c8af474bdc9c7;0x0528956e;0xcb630e5eL;0.500000;1503145913;1503145913
0;64;8048;0x41bf601276c5e1282fd4458a80c6a948152904241a93d97ac8feab4872593ab3;0x4e9c7ea1bae7185b1c61137396d3791f8e65d88559fea5f3911c8af474bdc9c7;0x0528956e;0xcb630e5eL;0.500000;1503145913;1503145914
0;64;8048;0x02302273ccca294808efd641d8b7aa8a21bb75bb1f1fa4f53b976900152e0b17;0x6b4d446e13c272a6725f33381e403db560731e30cf0df028fb3a0a2e90f14577;0xec875f68;0x143ec389L;0.500000;1503145914;1503145914
0;64;8048;0x02302273ccca294808efd641d8b7aa8a21bb75bb1f1fa4f53b976900152e0b17;0x6b4d446e13c272a6725f33381e403db560731e30cf0df028fb3a0a2e90f14577;0xec875f68;0x143ec389L;0.500000;1503145914;1503145914
0;64;8048;0x02302273ccca294808efd641d8b7aa8a21bb75bb1f1fa4f53b976900152e0b17;0x6b4d446e13c272a6725f33381e403db560731e30cf0df028fb3a0a2e90f14577;0xec875f68;0x143ec389L;0.500000;1503145915;1503145915
0;64;8048;0x848f34bc378d7b24c10436c75570310ad1300b1a4f01388d4d38ca4dc6c07b4b;0x30c0a4510bd12d0676353993198758dbf09e57ed23450c5863def783048011d7;0x6fa68226;0x77440648L;0.500000;1503145915;1503145915
0;64;8048;0x848f34bc378d7b24c10436c75570310ad1300b1a4f01388d4d38ca4dc6c07b4b;0x30c0a4510bd12d0676353993198758dbf09e57ed23450c5863def783048011d7;0x6fa68226;0x77440648L;0.500000;1503145915;1503145916
0;64;8048;0x9359bc14ac52c1b6b30045b0cf591d3e81b112ad942b6a81ae4f4ee277f1bf0a;0x7acc6f8dc6710dbee118cb20c1ef220687c2bdc91cf20444ac6b447c7698916e;0x647f1bdd;0x15a04318L;0.500000;1503145916;1503145916
0;64;8048;0x9359bc14ac52c1b6b30045b0cf591d3e81b112ad942b6a81ae4f4ee277f1bf0a;0x7acc6f8dc6710dbee118cb20c1ef220687c2bdc91cf20444ac6b447c7698916e;0x647f1bdd;0x15a04318L;0.500000;1503145916;1503145916
0;64;8048;0x9359bc14ac52c1b6b30045b0cf591d3e81b112ad942b6a81ae4f4ee277f1bf0a;0x7acc6f8dc6710dbee118cb20c1ef220687c2bdc91cf20444ac6b447c7698916e;0x647f1bdd;0x15a04318L;0.500000;1503145916;1503145917
0;64;8048;0x43ce4684f7178e6a01a4e7838db407182caca48430bb16386926cec6c944390c;0xd924ff746705cf85eb84aa7b8e2837e5c38eef5e57d0d2e2b7a4480ea5c36a85;0xb7904160;0x31f10911L;0.500000;1503145917;1503145917
0;64;8048;0x43ce4684f7178e6a01a4e7838db407182caca48430bb16386926cec6c944390c;0xd924ff746705cf85eb84aa7b8e2837e5c38eef5e57d0d2e2b7a4480ea5c36a85;0xb7904160;0x31f10911L;0.500000;1503145917;1503145918
0;64;8048;0x33b12e8cc85106879e9958de87b8a5df10df0e1dea95da0f5ee35807241cef58;0x9cf91d2d03db49b1731181a63fc115322e0f61e04c54c7f24f06b9de68cc6e2a;0xb368843c;0x2ca8861cL;0.500000;1503145918;1503145918
0;64;8048;0x33b12e8cc85106879e9958de87b8a5df10df0e1dea95da0f5ee35807241cef58;0x9cf91d2d03db49b1731181a63fc115322e0f61e04c54c7f24f06b9de68cc6e2a;0xb368843c;0x2ca8861cL;0.500000;1503145918;1503145918
0;64;8048;0x33b12e8cc85106879e9958de87b8a5df10df0e1dea95da0f5ee35807241cef58;0x9cf91d2d03db49b1731181a63fc115322e0f61e04c54c7f24f06b9de68cc6e2a;0xb368843c;0x2ca8861cL;0.500000;1503145918;1503145919
0;64;8048;0xd54ebdd79e3b646090c8594a60aab3c39919161e90cc3230026d0f75f8437acd;0xc867d84d1526747652e84e90e5c0b3aba1fa267cd347ca1a2b1e0209c272ab5f;0x5043c69d;0x82041186L;0.500000;1503145919;1503145919
0;64;8048;0xd54ebdd79e3b646090c8594a60aab3c39919161e90cc3230026d0f75f8437acd;0xc867d84d1526747652e84e90e5c0b3aba1fa267cd347ca1a2b1e0209c272ab5f;0x5043c69d;0x82041186L;0.500000;1503145919;1503145919
0;64;8048;0xd54ebdd79e3b646090c8594a60aab3c39919161e90cc3230026d0f75f8437acd;0xc867d84d1526747652e84e90e5c0b3aba1fa267cd347ca1a2b1e0209c272ab5f;0x5043c69d;0x82041186L;0.500000;1503145920;1503145920
