0;64;8048;0x5175c422b6d21ca92142326b895cf6ba62f6f1c0310c08f496af7a8e4450a096;0x64330264bfdabb91896bb2ed6b2b07b7ccf326e43642018414e7a25e1abe0a86;0xa7c7db55;0x388a149cL;0.500000;1503116800;1503116800
0;64;8048;0x5175c422b6d21ca92142326b895cf6ba62f6f1c0310c08f496af7a8e4450a096;0x64330264bfdabb91896bb2ed6b2b07b7ccf326e43642018414e7a25e1abe0a86;0xa7c7db55;0x388a149cL;0.500000;1503116800;1503116800
0;64;8048;0x5175c422b6d21ca92142326b895cf6ba62f6f1c0310c08f496af7a8e4450a096;0x64330264bfdabb91896bb2ed6b2b07b7ccf326e43642018414e7a25e1abe0a86;0xa7c7db55;0x388a149cL;0.500000;1503116800;1503116801
0;64;8048;0x62c9712d8f632846668b1bc2457d95f065daf748648979d39200a4fa2a00be8d;0x0db298587cd3b3645be5b26e46bc784f1620b7afd7729297965f1e5c86ce5b45;0xb9b9b6f7;0x2148c382L;0.500000;1503116801;1503116801
0;64;8048;0x62c9712d8f632846668b1bc2457d95f065daf748648979d39200a4fa2a00be8d;0x0db298587cd3b3645be5b26e46bc784f1620b7afd7729297965f1e5c86ce5b45;0xb9b9b6f7;0x2148c382L;0.500000;1503116801;1503116801
0;64;8048;0x62c9712d8f632846668b1bc2457d95f065daf748648979d39200a4fa2a00be8d;0x0db298587cd3b3645be5b26e46bc784f1620b7afd7729297965f1e5c86ce5b45;0xb9b9b6f7;0x2148c382L;0.500000;1503116802;1503116802
0;64;8048;0x93c798e3b9ab33034390654bd272c1c5fc12907d3e591ccd89aa2beb264e7eb9;0x4bfb5f2e6acbaf014e2e37a015ea879bb1fe56c07703e3de9cebc43154bad5a2;0xfa436ef4;0xa344145fL;0.500000;1503116802;1503116802
0;64;8048;0x93c798e3b9ab33034390654bd272c1c5fc12907d3e591ccd89aa2beb264e7eb9;0x4bfb5f2e6acbaf014e2e37a015ea879bb1fe56c07703e3de9cebc43154bad5a2;0xfa436ef4;0xa344145fL;0.500000;1503116802;1503116803
0;64;8048;0xfe9c19c3885b87b013b4d8c44097d594d71da282d1f8649a5c8f305d6e14456c;0x09efd9a06733170c325fbf684f4d6fbc794e4ab0ce1af12f56f9dfca42d82674;0x04ed7455;0x23479110L;0.500000;1503116803;1503116803
0;64;8048;0xfe9c19c3885b87b013b4d8c44097d594d71da282d1f8649a5c8f305d6e14456c;0x09efd9a06733170c325fbf684f4d6fbc794e4ab0ce1af12f56f9dfca42d82674;0x04ed7455;0x23479110L;0.500000;1503116803;1503116803
0;64;8048;0xfe9c19c3885b87b013b4d8c44097d594d71da282d1f8649a5c8f305d6e14456c;0x09efd9a06733170c325fbf684f4d6fbc794e4ab0ce1af12f56f9dfca42d82674;0x04ed7455;0x23479110L;0.500000;1503116803;1503116804
0;64;8048;0xc03de50d6f1c519493cdd748095cb3e4b01111d39e653d9fb066119f17084dd7;0x2671a69a111ef66c1c642c5e7d982bbf1ddf5a7ea1c463462da4d3712b6b291c;0xe7f41587;0x5c6f6582L;0.500000;1503116804;1503116804
0;64;8048;0xc03de50d6f1c519493cdd748095cb3e4b01111d39e653d9fb066119f17084dd7;0x2671a69a111ef66c1c642c5e7d982bbf1ddf5a7ea1c463462da4d3712b6b291c;0xe7f41587;0x5c6f6582L;0.500000;1503116804;1503116805
0;64;8048;0x6e7d4ad6b250fd9de66ea2cf00ad228ade27100d1925d97044896c779ea0fd0c;0x4357c70b84ce4d0555af402b963b28e0ac9df478e2b59aef78c792eee833f090;0x3ef38b4f;0x1639214L;0.500000;1503116805;1503116805
0;64;8048;0x6e7d4ad6b250fd9de66ea2cf00ad228ade27100d1925d97044896c779ea0fd0c;0x4357c70b84ce4d0555af402b963b28e0ac9df478e2b59aef78c792eee833f090;0x3ef38b4f;0x1639214L;0.500000;1503116805;1503116805
0;64;8048;0x6e7d4ad6b250fd9de66ea2cf00ad228ade27100d1925d97044896c779ea0fd0c;0x4357c70b84ce4d0555af402b963b28e0ac9df478e2b59aef78c792eee833f090;0x3ef38b4f;0x1639214L;0.500000;1503116805;1503116806
0;64;8048;0xde4679a7aeaa5e3d234acc313100daf7b223c8abdcf80e25363b022e0a4e3ae8;0x14612c71254c2a003f2c475cfea8a8ad8942aa54ba40073685ca6f729fa5f301;0x28d97287;0x14d41726L;0.500000;1503116806;1503116806
0;64;8048;0xde4679a7aeaa5e3d234acc313100daf7b223c8abdcf80e25363b022e0a4e3ae8;0x14612c71254c2a003f2c475cfea8a8ad8942aa54ba40073685ca6f729fa5f301;0x28d97287;0x14d41726L;0.500000;1503116806;1503116807
0;64;8048;0x6cb9400cde91d54bfcbde77211339a4f263bcdf3c041457122497880e6e3ba52;0x952e686ed79f492c937f064f79cdea9529b64a7ee1ed3dd575e59e135eb45f3a;0x836afc1b;0x89698010L;0.500000;1503116807;1503116807
0;64;8048;0x6cb9400cde91d54bfcbde77211339a4f263bcdf3c041457122497880e6e3ba52;0x952e686ed79f492c937f064f79cdea9529b64a7ee1ed3dd575e59e135eb45f3a;0x836afc1b;0x89698010L;0.500000;1503116807;1503116807
