0;64;8048;0xd0966c824c966805dc6447d6455a72dfaea524bd8492a47e7f618b6e0ae33ada;0xc2e209a8d4930e845793d41851eff6d9bf6dfe47cb4a65929ce8586e1ea421ac;0x4dec2f07;0xbe6f1112L;0.500000;1503128238;1503128238
0;64;8048;0xd0966c824c966805dc6447d6455a72dfaea524bd8492a47e7f618b6e0ae33ada;0xc2e209a8d4930e845793d41851eff6d9bf6dfe47cb4a65929ce8586e1ea421ac;0x4dec2f07;0xbe6f1112L;0.500000;1503128238;1503128239
0;64;8048;0xcdac919fcffcaa40d11f74e97caa2c801fa6af31c74e69a4d998683385f62352;0x9d5d56820ff5b3bcf3e15c9cc1c4cf289870dd7916c711ce556c0f888872f46e;0x9185a970;0x448807b6L;0.500000;1503128239;1503128239
0;64;8048;0xcdac919fcffcaa40d11f74e97caa2c801fa6af31c74e69a4d998683385f62352;0x9d5d56820ff5b3bcf3e15c9cc1c4cf289870dd7916c711ce556c0f888872f46e;0x9185a970;0x448807b6L;0.500000;1503128239;1503128239
0;64;8048;0xcdac919fcffcaa40d11f74e97caa2c801fa6af31c74e69a4d998683385f62352;0x9d5d56820ff5b3bcf3e15c9cc1c4cf289870dd7916c711ce556c0f888872f46e;0x9185a970;0x448807b6L;0.500000;1503128239;1503128240
0;64;8048;0x170692116f68b7664bbada022d89bedf42c1fb303f7eeb1184f06bd2295a5340;0xc2c74c924e934f0ec104e7cf110adf9e8901561804de381cf1bd908f2c26191b;0x010b0288;0x185c14a2L;0.500000;1503128240;1503128240
0;64;8048;0x170692116f68b7664bbada022d89bedf42c1fb303f7eeb1184f06bd2295a5340;0xc2c74c924e934f0ec104e7cf110adf9e8901561804de381cf1bd908f2c26191b;0x010b0288;0x185c14a2L;0.500000;1503128240;1503128241
0;64;8048;0xdc59e3713b0693155165259432834768dc5bc23ec7deea3737dee1e57d72c159;0x09a0d24b720ab1164890858706210f34e6e58d68f773ed3197988e7946d50278;0xfd1ac038;0x3179a886L;0.500000;1503128241;1503128241
0;64;8048;0xdc59e3713b0693155165259432834768dc5bc23ec7deea3737dee1e57d72c159;0x09a0d24b720ab1164890858706210f34e6e58d68f773ed3197988e7946d50278;0xfd1ac038;0x3179a886L;0.500000;1503128241;1503128241
0;64;8048;0xdc59e3713b0693155165259432834768dc5bc23ec7deea3737dee1e57d72c159;0x09a0d24b720ab1164890858706210f34e6e58d68f773ed3197988e7946d50278;0xfd1ac038;0x3179a886L;0.500000;1503128242;1503128242
0;64;8048;0xe6fb25c15bc13f2f421a34b8bb28866d73f55e52f209c5340f8fd5a6540a8a3a;0xb94ea170ca6b9e05ed562c1267c616bc55be1760a0d31437bf377d88aefc26ab;0x4e71d2a0;0x70a58996L;0.500000;1503128242;1503128242
0;64;8048;0xe6fb25c15bc13f2f421a34b8bb28866d73f55e52f209c5340f8fd5a6540a8a3a;0xb94ea170ca6b9e05ed562c1267c616bc55be1760a0d31437bf377d88aefc26ab;0x4e71d2a0;0x70a58996L;0.500000;1503128242;1503128243
0;64;8048;0xc812540b1808c8c8ec17bb8aed1d61922a867565e276f951aa5007b76a44ce33;0x489a8995bd88fed19ef56476cbc7864a013d60d8da9e3ab76cf74ce7ca5a3967;0x5f7753e5;0x9f03c214L;0.500000;1503128243;1503128243
0;64;8048;0xc812540b1808c8c8ec17bb8aed1d61922a867565e276f951aa5007b76a44ce33;0x489a8995bd88fed19ef56476cbc7864a013d60d8da9e3ab76cf74ce7ca5a3967;0x5f7753e5;0x9f03c214L;0.500000;1503128243;1503128244
0;64;8048;0x330708acb59bc5f920fe33c8b25ba47049c951f0076ff1953052462d78a6c5ab;0x6b0ae0187706fffd7f2199323120e45b6122ff6ddf4b49b9d24a33fa06a8581a;0xe5d3ea7f;0x2c4236a8L;0.500000;1503128244;1503128244
0;64;8048;0x330708acb59bc5f920fe33c8b25ba47049c951f0076ff1953052462d78a6c5ab;0x6b0ae0187706fffd7f2199323120e45b6122ff6ddf4b49b9d24a33fa06a8581a;0xe5d3ea7f;0x2c4236a8L;0.500000;1503128244;1503128245
0;64;8048;0x16f2d9bd03f8c82c17a2b1cd01ada7e4c24c3acbe78c2c9ee9972d5edf4e81f6;0x11f38ffc621010cc95065aed3cb354e742693aba0e574c5351799368a79dcf75;0x88563d4b;0x20088502L;0.500000;1503128245;1503128245
0;64;8048;0x16f2d9bd03f8c82c17a2b1cd01ada7e4c24c3acbe78c2c9ee9972d5edf4e81f6;0x11f38ffc621010cc95065aed3cb354e742693aba0e574c5351799368a79dcf75;0x88563d4b;0x20088502L;0.500000;1503128245;1503128245
0;64;8048;0x16f2d9bd03f8c82c17a2b1cd01ada7e4c24c3acbe78c2c9ee9972d5edf4e81f6;0x11f38ffc621010cc95065aed3cb354e742693aba0e574c5351799368a79dcf75;0x88563d4b;0x20088502L;0.500000;1503128245;1503128246
0;64;8048;0x3ec1c50c4e7340e489b9ecb51c5eb87348b48de6854d7d4ab5faad7532532770;0x1b883a44f12277627096bce617ef2b5c23e9dc8487239d4dd313de0bb4cc581c;0x3f6fbe1b;0x8003b66cL;0.500000;1503128246;1503128246
