0;64;8048;0xc2354e55ffc946460a2b92eb67d7ecf1302c6047f245ec6162b871909fa5cf61;0x465bf26c5b9e78d165577ffb25f3ea29e6362099b00ec7ecd98cf627a2689bee;0x0e35f4e9;0x4a501682L;0.500000;1503199361;1503199362
0;64;8048;0x8ae5470f4ef268e930a67a21c8500af84e567841b890e037f9cb99519523191f;0xcb25bb6570f9643b96d33a8a466d9e86d8914e87a57c9362ccee7709ba69a300;0x08b01aa1;0x407350c0L;0.500000;1503199362;1503199362
0;64;8048;0x8ae5470f4ef268e930a67a21c8500af84e567841b890e037f9cb99519523191f;0xcb25bb6570f9643b96d33a8a466d9e86d8914e87a57c9362ccee7709ba69a300;0x08b01aa1;0x407350c0L;0.500000;1503199362;1503199362
0;64;8048;0x8ae5470f4ef268e930a67a21c8500af84e567841b890e037f9cb99519523191f;0xcb25bb6570f9643b96d33a8a466d9e86d8914e87a57c9362ccee7709ba69a300;0x08b01aa1;0x407350c0L;0.500000;1503199363;1503199363
0;64;8048;0x4d7eff17e12f8a1adb16f5228c916616b749b7129e3d168915e6a0960d3f595a;0xd4d7577a1ef1995ee65785e53c1aa47cce448155f37233757f424e91e131fd16;0x76beecf5;0xb09ae1bL;0.500000;1503199363;1503199363
0;64;8048;0x4d7eff17e12f8a1adb16f5228c916616b749b7129e3d168915e6a0960d3f595a;0xd4d7577a1ef1995ee65785e53c1aa47cce448155f37233757f424e91e131fd16;0x76beecf5;0xb09ae1bL;0.500000;1503199363;1503199364
0;64;8048;0xf49fc8ecea3ef194e13ca71e89c8e6224de7a33acde6c8b5822add449ffa5193;0x3a85c348fb4f9114a1123ae737f391387a241bde9bfbbbed051253407498b1db;0xe67f7910;0x8ab2286L;0.500000;1503199364;1503199364
0;64;8048;0xf49fc8ecea3ef194e13ca71e89c8e6224de7a33acde6c8b5822add449ffa5193;0x3a85c348fb4f9114a1123ae737f391387a241bde9bfbbbed051253407498b1db;0xe67f7910;0x8ab2286L;0.500000;1503199364;1503199364
0;64;8048;0xf49fc8ecea3ef194e13ca71e89c8e6224de7a33acde6c8b5822add449ffa5193;0x3a85c348fb4f9114a1123ae737f391387a241bde9bfbbbed051253407498b1db;0xe67f7910;0x8ab2286L;0.500000;1503199364;1503199365
0;64;8048;0x67cb5c2adc078e82b4a4c1c395db67119b2c51f952df8e8bb817c5707fe734e6;0x6041c416cb0ea614ca4ff26f8796abab1b4459565003fb48957e43ce1612a630;0xbd5a0473;0x80b6f082L;0.500000;1503199365;1503199365
0;64;8048;0x67cb5c2adc078e82b4a4c1c395db67119b2c51f952df8e8bb817c5707fe734e6;0x6041c416cb0ea614ca4ff26f8796abab1b4459565003fb48957e43ce1612a630;0xbd5a0473;0x80b6f082L;0.500000;1503199365;1503199365
0;64;8048;0x67cb5c2adc078e82b4a4c1c395db67119b2c51f952df8e8bb817c5707fe734e6;0x6041c416cb0ea614ca4ff26f8796abab1b4459565003fb48957e43ce1612a630;0xbd5a0473;0x80b6f082L;0.500000;1503199366;1503199366
0;64;8048;0x17ccf161f55dbf0f587cbf86d8ae6e518ff72342b50058d7ebdf105718de3030;0xf36189caf9dad1b8d4d84b25462e6a64cc692827b3e9f520a8bdb7407e603b68;0x11445cc3;0x644f1a80L;0.500000;1503199366;1503199366
0;64;8048;0x17ccf161f55dbf0f587cbf86d8ae6e518ff72342b50058d7ebdf105718de3030;0xf36189caf9dad1b8d4d84b25462e6a64cc692827b3e9f520a8bdb7407e603b68;0x11445cc3;0x644f1a80L;0.500000;1503199366;1503199367
0;64;8048;0x9b613fefa7fb1de134527de7ab6ee19c148d757d9f9c2d6dabcf60a5cd1c4468;0xd0e487f5db40d3430d91654daf7a7d87559bc32f0ba0dce187b0db6d4d92b3b5;0x291b078c;0x558838a0L;0.500000;1503199367;1503199367
0;64;8048;0x9b613fefa7fb1de134527de7ab6ee19c148d757d9f9c2d6dabcf60a5cd1c4468;0xd0e487f5db40d3430d91654daf7a7d87559bc32f0ba0dce187b0db6d4d92b3b5;0x291b078c;0x558838a0L;0.500000;1503199367;1503199367
0;64;8048;0x9b613fefa7fb1de134527de7ab6ee19c148d757d9f9c2d6dabcf60a5cd1c4468;0xd0e487f5db40d3430d91654daf7a7d87559bc32f0ba0dce187b0db6d4d92b3b5;0x291b078c;0x558838a0L;0.500000;1503199367;1503199368
0;64;8048;0xe400422590473f9f3cbd3d549c1d7f7aded020cca17d5a2b2e73d48246dbec2a;0xc90d443c44e21bd6d0fc354d79c043e3b61d94bc545324ffa94c0dc9c6767787;0x91d6a0d7;0x684f708L;0.500000;1503199368;1503199368
0;64;8048;0xe400422590473f9f3cbd3d549c1d7f7aded020cca17d5a2b2e73d48246dbec2a;0xc90d443c44e21bd6d0fc354d79c043e3b61d94bc545324ffa94c0dc9c6767787;0x91d6a0d7;0x684f708L;0.500000;1503199368;1503199369
0;64;8048;0xfc46b3cc2bc3510f690f535181cd93f8e028d595166ebae68b38ec1c523fda4e;0xf8a32e7d5b3dd57a1b682bc2cae5d8ba877302e0fa68a37f188a9f216697cad0;0xab96ebf1;0x4dd13099L;0.500000;1503199369;1503199369
