0;64;8048;0x8a8355d49dfb9f87ff72ff312f7362f7b8fe2a393f84930fddfe310e81f04d0c;0x396418aa86964847878349b799d3146658a81b79c8b5946f9d841e525378d2d3;0x41eb2098;0xa2990a44L;0.500000;1503173246;1503173246
0;64;8048;0x8a8355d49dfb9f87ff72ff312f7362f7b8fe2a393f84930fddfe310e81f04d0c;0x396418aa86964847878349b799d3146658a81b79c8b5946f9d841e525378d2d3;0x41eb2098;0xa2990a44L;0.500000;1503173246;1503173246
0;64;8048;0x8a8355d49dfb9f87ff72ff312f7362f7b8fe2a393f84930fddfe310e81f04d0c;0x396418aa86964847878349b799d3146658a81b79c8b5946f9d841e525378d2d3;0x41eb2098;0xa2990a44L;0.500000;1503173246;1503173247
0;64;8048;0xf3e5692740f71bda33a7378e6d5ed56ac9ba8415eadf9c208ada845e3c4ecb2f;0x707246b9861bfc1dafa89192e420450dbefbca6bdefb0ef73175d3e8a92e533d;0x2a20a447;0x9f98986L;0.500000;1503173247;1503173247
0;64;8048;0xf3e5692740f71bda33a7378e6d5ed56ac9ba8415eadf9c208ada845e3c4ecb2f;0x707246b9861bfc1dafa89192e420450dbefbca6bdefb0ef73175d3e8a92e533d;0x2a20a447;0x9f98986L;0.500000;1503173247;1503173248
0;64;8048;0x6037937c60ad65ca144fa804b56e9e1a8c9a3c297856c5787e1b9d3c1fd8b67f;0xf05512ccd99d74b8a136f89fe4188c5ffcd1a71120b41bd81246f57f0b6b664e;0x3dab3dba;0x8c113a0eL;0.500000;1503173248;1503173248
0;64;8048;0x6037937c60ad65ca144fa804b56e9e1a8c9a3c297856c5787e1b9d3c1fd8b67f;0xf05512ccd99d74b8a136f89fe4188c5ffcd1a71120b41bd81246f57f0b6b664e;0x3dab3dba;0x8c113a0eL;0.500000;1503173248;1503173248
0;64;8048;0x6037937c60ad65ca144fa804b56e9e1a8c9a3c297856c5787e1b9d3c1fd8b67f;0xf05512ccd99d74b8a136f89fe4188c5ffcd1a71120b41bd81246f57f0b6b664e;0x3dab3dba;0x8c113a0eL;0.500000;1503173249;1503173249
0;64;8048;0xd5b005ce0efe8ee2b6840ddd950a7df5efe2d39a97f499a4064a71c80a4f3cdf;0xc1f024fdee502cd4aab7418cb33e157b32206efbc45810055dd85f6cc2f420d8;0x76f019a4;0x1a540294L;0.500000;1503173249;1503173249
0;64;8048;0xd5b005ce0efe8ee2b6840ddd950a7df5efe2d39a97f499a4064a71c80a4f3cdf;0xc1f024fdee502cd4aab7418cb33e157b32206efbc45810055dd85f6cc2f420d8;0x76f019a4;0x1a540294L;0.500000;1503173249;1503173250
0;64;8048;0xbef64af8133d85e3fd6f004c3002e1037e6eefdc48f2554bfed1dd5e8b99b849;0x247aea6c1efdc75596d6f8efb82161309ceca9d063c0bd15e1ddeb0338791af1;0xeb09fd18;0xee091586L;0.500000;1503173250;1503173250
0;64;8048;0xbef64af8133d85e3fd6f004c3002e1037e6eefdc48f2554bfed1dd5e8b99b849;0x247aea6c1efdc75596d6f8efb82161309ceca9d063c0bd15e1ddeb0338791af1;0xeb09fd18;0xee091586L;0.500000;1503173250;1503173250
0;64;8048;0xbef64af8133d85e3fd6f004c3002e1037e6eefdc48f2554bfed1dd5e8b99b849;0x247aea6c1efdc75596d6f8efb82161309ceca9d063c0bd15e1ddeb0338791af1;0xeb09fd18;0xee091586L;0.500000;1503173250;1503173251
0;64;8048;0x5ebb2e22dd96202733612711657c0bc8e26e7139530376ef17a27f82cffb972d;0x747553ba2e7a09ed92c48c57e59a7be44e468fa952d475969f92e3df453aa12d;0xcef03ce3;0xe487c692L;0.500000;1503173251;1503173251
0;64;8048;0x5ebb2e22dd96202733612711657c0bc8e26e7139530376ef17a27f82cffb972d;0x747553ba2e7a09ed92c48c57e59a7be44e468fa952d475969f92e3df453aa12d;0xcef03ce3;0xe487c692L;0.500000;1503173251;1503173251
0;64;8048;0x5ebb2e22dd96202733612711657c0bc8e26e7139530376ef17a27f82cffb972d;0x747553ba2e7a09ed92c48c57e59a7be44e468fa952d475969f92e3df453aa12d;0xcef03ce3;0xe487c692L;0.500000;1503173252;1503173252
0;64;8048;0x5e3fe0c80538dfb3fe972d6d60560879f14d7d7a1116d1f33b77324ec9776127;0x064f257b4250e92b09c1653d2e00e3d87c4a6c8a88cdc733b04747d92cbdf2d6;0x951e4f82;0x8d2064c2L;0.500000;1503173252;1503173252
0;64;8048;0x5e3fe0c80538dfb3fe972d6d60560879f14d7d7a1116d1f33b77324ec9776127;0x064f257b4250e92b09c1653d2e00e3d87c4a6c8a88cdc733b04747d92cbdf2d6;0x951e4f82;0x8d2064c2L;0.500000;1503173252;1503173253
0;64;8048;0x491c59612115866df8aec65805be1d5bdf546eb09b1ad9cc3f341f1eba81ed04;0x7a02d901e18c68ea7cfc9f677a5ae34dc560cc7451568afaa2be4677f4601cbb;0x88b3ec10;0x5202101aL;0.500000;1503173253;1503173253
0;64;8048;0x491c59612115866df8aec65805be1d5bdf546eb09b1ad9cc3f341f1eba81ed04;0x7a02d901e18c68ea7cfc9f677a5ae34dc560cc7451568afaa2be4677f4601cbb;0x88b3ec10;0x5202101aL;0.500000;1503173253;1503173253
