0;64;8048;0x462a9ae3739d5e8d7c35a4665f5d7f7ae8ded2185ca84448b303e7030320b749;0x6ccaaad13ccae1a9d6c4289c50d23bf27f7ff37d22c97c513b35164c2acffe63;0xb54f50d8;0x216a0b20L;0.500000;1503080516;1503080516
0;64;8048;0x11d9ab27c953e5cecb4de438418b14b718b0b09ba80da024863fc217ce3fc6df;0x8f047e661d7f78ccb86fda14a6f72c7fc104b272dad4e8bb15956c302d490f1c;0x4b6e3625;0x8c0cb816L;0.500000;1503080516;1503080516
0;64;8048;0x4d9517af5ee0fb8fda0cfc884db1d5191b08d7536bd2c9a8824cd90b45a3a392;0x7ab0cbc557dde9dc2fa497358fb33c63ec32fdd8aafe45cb0a8b00e5af3de4a4;0x5e56fc07;0x40016468L;0.500000;1503080517;1503080517
0;64;8048;0x4d9517af5ee0fb8fda0cfc884db1d5191b08d7536bd2c9a8824cd90b45a3a392;0x7ab0cbc557dde9dc2fa497358fb33c63ec32fdd8aafe45cb0a8b00e5af3de4a4;0x5e56fc07;0x40016468L;0.500000;1503080517;1503080517
0;64;8048;0xfc120fbce8ba35a54a2b0d2dc8b9e154f021c30c89887ac83499bda45e3f7f5a;0x0089ded529ccce01e7b23565df524c3295cf890838818c11b3a4fae9e5774af1;0x3f247909;0x9aab3035L;0.500000;1503080518;1503080518
0;64;8048;0xfc120fbce8ba35a54a2b0d2dc8b9e154f021c30c89887ac83499bda45e3f7f5a;0x0089ded529ccce01e7b23565df524c3295cf890838818c11b3a4fae9e5774af1;0x3f247909;0x9aab3035L;0.500000;1503080518;1503080519
0;64;8048;0x9236558b9c27d67bac3ec868392cc823381e41b50da810eaebb2566fb0518a42;0x58881f0a19cb6c18dc1d12de689a7cad35920c83e6321106821299385f8fb016;0x9de32cd1;0xb2169044L;0.500000;1503080519;1503080519
0;64;8048;0x9236558b9c27d67bac3ec868392cc823381e41b50da810eaebb2566fb0518a42;0x58881f0a19cb6c18dc1d12de689a7cad35920c83e6321106821299385f8fb016;0x9de32cd1;0xb2169044L;0.500000;1503080519;1503080519
0;64;8048;0x82dd0dc4cccd6686fbbfa63edac66d52d92b812c18c3623b9a5b20754d853dcf;0x4d50ce3cb43fe6972583693ab339bccefdd0da06f0627ce4bfd28c14addd9735;0x95f01cee;0xc2508436L;0.500000;1503080520;1503080520
0;64;8048;0x82dd0dc4cccd6686fbbfa63edac66d52d92b812c18c3623b9a5b20754d853dcf;0x4d50ce3cb43fe6972583693ab339bccefdd0da06f0627ce4bfd28c14addd9735;0x95f01cee;0xc2508436L;0.500000;1503080520;1503080520
0;64;8048;0x82dd0dc4cccd6686fbbfa63edac66d52d92b812c18c3623b9a5b20754d853dcf;0x4d50ce3cb43fe6972583693ab339bccefdd0da06f0627ce4bfd28c14addd9735;0x95f01cee;0xc2508436L;0.500000;1503080521;1503080521
0;64;8048;0xf101798f08aa41f661b14c049ec51297b293be81fc485b110d1d6aa32754ed18;0xdc4cd32beb206b048de4849c094471110ded09ac74f699a9f5083fa3f4acd489;0x9f4e234d;0x10093330L;0.500000;1503080521;1503080521
0;64;8048;0xf101798f08aa41f661b14c049ec51297b293be81fc485b110d1d6aa32754ed18;0xdc4cd32beb206b048de4849c094471110ded09ac74f699a9f5083fa3f4acd489;0x9f4e234d;0x10093330L;0.500000;1503080521;1503080522
0;64;8048;0x97b39c066af321d297c72ebacf5fbcdc877dbef2a05eb37c9933b039cd8e5064;0xe2bb31bb7876e5ac5a8054b406224a6ba565aeb862856a1c46fe611e3efb70f1;0x6b7b7204;0x4a54c25fL;0.500000;1503080522;1503080522
0;64;8048;0x97b39c066af321d297c72ebacf5fbcdc877dbef2a05eb37c9933b039cd8e5064;0xe2bb31bb7876e5ac5a8054b406224a6ba565aeb862856a1c46fe611e3efb70f1;0x6b7b7204;0x4a54c25fL;0.500000;1503080522;1503080523
0;64;8048;0xeb3a7866f1a32dea6b1204f805c466a10c600ad3f2813eb9d6d7da91725abf5d;0xf988c72bd44a71f85c4ff09498de51f651dd4620613e3dc164dd62e188682cad;0xdbfcdf9e;0x41e36006L;0.500000;1503080523;1503080523
0;64;8048;0xeb3a7866f1a32dea6b1204f805c466a10c600ad3f2813eb9d6d7da91725abf5d;0xf988c72bd44a71f85c4ff09498de51f651dd4620613e3dc164dd62e188682cad;0xdbfcdf9e;0x41e36006L;0.500000;1503080523;1503080524
0;64;8048;0x49a1ce6676d2308067195621b4aecad3666bc8388ccc6cede2d08240daa67e23;0x0958446e91346ab09c54e61ce6882bfafe273a687906c512513fae6580e66807;0x3a098815;0x8b092dfL;0.500000;1503080524;1503080524
0;64;8048;0x49a1ce6676d2308067195621b4aecad3666bc8388ccc6cede2d08240daa67e23;0x0958446e91346ab09c54e61ce6882bfafe273a687906c512513fae6580e66807;0x3a098815;0x8b092dfL;0.500000;1503080524;1503080524
0;64;8048;0x49a1ce6676d2308067195621b4aecad3666bc8388ccc6cede2d08240daa67e23;0x0958446e91346ab09c54e61ce6882bfafe273a687906c512513fae6580e66807;0x3a098815;0x8b092dfL;0.500000;1503080525;1503080525
