0;64;8048;0x9b020792ad14d215d6648e47c77abe69ed55933b50aa00299494940a4fa877ea;0x5ac4ec74df8381a4907bd3a1d6255eef87ff098a1a2fa8e4c9ebcc6b6443c0de;0xd5c983db;0xa4e01020L;0.500000;1503111714;1503111714
0;64;8048;0x9b020792ad14d215d6648e47c77abe69ed55933b50aa00299494940a4fa877ea;0x5ac4ec74df8381a4907bd3a1d6255eef87ff098a1a2fa8e4c9ebcc6b6443c0de;0xd5c983db;0xa4e01020L;0.500000;1503111714;1503111715
0;64;8048;0x9c25eb3f0e9e6bb2d9475c0fca06ae9f9e250a7af57a94673c4514996d410109;0x0209476953fbe1fa335d86433594f9e1b02a66c11087715546e7d8584dfca922;0xb3149d22;0x400982c0L;0.500000;1503111715;1503111715
0;64;8048;0x9c25eb3f0e9e6bb2d9475c0fca06ae9f9e250a7af57a94673c4514996d410109;0x0209476953fbe1fa335d86433594f9e1b02a66c11087715546e7d8584dfca922;0xb3149d22;0x400982c0L;0.500000;1503111715;1503111716
0;64;8048;0x9512229b4fd6777b2f4dda83be930dfe898e92853133674744ab965ad785d16c;0x55bd2168fa2fdffd9cd984577f565c161201418e5e2da48b4a71f89b10fb9705;0xb722015f;0x872c1654L;0.500000;1503111716;1503111716
0;64;8048;0x9512229b4fd6777b2f4dda83be930dfe898e92853133674744ab965ad785d16c;0x55bd2168fa2fdffd9cd984577f565c161201418e5e2da48b4a71f89b10fb9705;0xb722015f;0x872c1654L;0.500000;1503111716;1503111716
0;64;8048;0x9512229b4fd6777b2f4dda83be930dfe898e92853133674744ab965ad785d16c;0x55bd2168fa2fdffd9cd984577f565c161201418e5e2da48b4a71f89b10fb9705;0xb722015f;0x872c1654L;0.500000;1503111716;1503111717
0;64;8048;0xba6f9ee1b798c1c0ae3385d19168d84836754195ba666b88381e83498ed03b48;0x01677ca26671a4747d64cab2373652ddc3f2d23f1e78ee55a2490ad09ebbb520;0x455e5a80;0x522e9328L;0.500000;1503111717;1503111717
0;64;8048;0xba6f9ee1b798c1c0ae3385d19168d84836754195ba666b88381e83498ed03b48;0x01677ca26671a4747d64cab2373652ddc3f2d23f1e78ee55a2490ad09ebbb520;0x455e5a80;0x522e9328L;0.500000;1503111717;1503111717
0;64;8048;0xba6f9ee1b798c1c0ae3385d19168d84836754195ba666b88381e83498ed03b48;0x01677ca26671a4747d64cab2373652ddc3f2d23f1e78ee55a2490ad09ebbb520;0x455e5a80;0x522e9328L;0.500000;1503111718;1503111718
0;64;8048;0x8df26dde1c496089fcccc44e535ae53039255e3fc1adfdf95f63e261c8acdd56;0xd6da4bb69725eeb8d7e9bf9cc4725306ad8249f394ff25a503977b819c655453;0x976df844;0x24e414c2L;0.500000;1503111718;1503111718
0;64;8048;0x8df26dde1c496089fcccc44e535ae53039255e3fc1adfdf95f63e261c8acdd56;0xd6da4bb69725eeb8d7e9bf9cc4725306ad8249f394ff25a503977b819c655453;0x976df844;0x24e414c2L;0.500000;1503111718;1503111719
0;64;8048;0x2d4a32931017ce4af0d4e6d36b78d49161dcffe069122f37eb486d56936c1ec0;0x4d7f4e9564e82518c4b10d8ddee0cdf8888d8ed488ec04575977640949705ce5;0x346d3ea8;0x89547852L;0.500000;1503111719;1503111719
0;64;8048;0x2d4a32931017ce4af0d4e6d36b78d49161dcffe069122f37eb486d56936c1ec0;0x4d7f4e9564e82518c4b10d8ddee0cdf8888d8ed488ec04575977640949705ce5;0x346d3ea8;0x89547852L;0.500000;1503111719;1503111719
0;64;8048;0x2d4a32931017ce4af0d4e6d36b78d49161dcffe069122f37eb486d56936c1ec0;0x4d7f4e9564e82518c4b10d8ddee0cdf8888d8ed488ec04575977640949705ce5;0x346d3ea8;0x89547852L;0.500000;1503111719;1503111720
0;64;8048;0x3a27269956c4b16f07581ad9e6478403fa84aed36c642e1456cad26f5c324697;0xf49e98006f151124574a52235dc02def41b0b98dd16a47d1e852bbfd7b570dea;0x843573c4;0xf040352L;0.500000;1503111720;1503111720
0;64;8048;0x3a27269956c4b16f07581ad9e6478403fa84aed36c642e1456cad26f5c324697;0xf49e98006f151124574a52235dc02def41b0b98dd16a47d1e852bbfd7b570dea;0x843573c4;0xf040352L;0.500000;1503111720;1503111721
0;64;8048;0x2d3f9ad8ef4b77f38d010bae2a23d4bf06e51f6a55c46b17b568c8467dee51aa;0x3a08ddc83cf7f5d19c226c6409f9f083ac8e47a19f1a8b7502a469a8cec95d7f;0xd5223040;0xcc5226c1L;0.500000;1503111721;1503111721
0;64;8048;0x2d3f9ad8ef4b77f38d010bae2a23d4bf06e51f6a55c46b17b568c8467dee51aa;0x3a08ddc83cf7f5d19c226c6409f9f083ac8e47a19f1a8b7502a469a8cec95d7f;0xd5223040;0xcc5226c1L;0.500000;1503111721;1503111721
0;64;8048;0x2d3f9ad8ef4b77f38d010bae2a23d4bf06e51f6a55c46b17b568c8467dee51aa;0x3a08ddc83cf7f5d19c226c6409f9f083ac8e47a19f1a8b7502a469a8cec95d7f;0xd5223040;0xcc5226c1L;0.500000;1503111721;1503111722
