0;64;8048;0x7af02cb9646d0e8707ac6255e31050124b75d8344c2fe70cb41b9302bb48b035;0x7c1ebbc86d4a72dd3e30c6769ca39a4b48ed012f4c9d38588e560c762d6b74a1;0x2cdeee91;0x458e85a8L;0.500000;1503213636;1503213636
0;64;8048;0x6eb9a4864c9f8dca0fb77c9b855d0f8dfd4557071512b19c06820afd6495c1d2;0x330ebab185a91f99a47c3da9557665e1d6407d5a1f96c50263608e80d1bc5886;0x2ba4b431;0xb3019182L;0.500000;1503213636;1503213636
0;64;8048;0x6eb9a4864c9f8dca0fb77c9b855d0f8dfd4557071512b19c06820afd6495c1d2;0x330ebab185a91f99a47c3da9557665e1d6407d5a1f96c50263608e80d1bc5886;0x2ba4b431;0xb3019182L;0.500000;1503213636;1503213637
0;64;8048;0x9ecbef73693818e2fd1cfacbf445a9df487b065561fc53bb4a70a8e0ed0c408b;0x97551a888739bb432d50c926757ffa6b619cdd183c3c115dd84ecfdcdbc83681;0xe39546d4;0xd52a6a41L;0.500000;1503213637;1503213637
0;64;8048;0x9ecbef73693818e2fd1cfacbf445a9df487b065561fc53bb4a70a8e0ed0c408b;0x97551a888739bb432d50c926757ffa6b619cdd183c3c115dd84ecfdcdbc83681;0xe39546d4;0xd52a6a41L;0.500000;1503213637;1503213637
0;64;8048;0x9ecbef73693818e2fd1cfacbf445a9df487b065561fc53bb4a70a8e0ed0c408b;0x97551a888739bb432d50c926757ffa6b619cdd183c3c115dd84ecfdcdbc83681;0xe39546d4;0xd52a6a41L;0.500000;1503213637;1503213638
0;64;8048;0xa3735deac0561a7f367383d6982fc02b5f56c6a9b282d4db63c7777082a76225;0x9779402e00637b63ee30e2bc6940e9ffad82d3f2ecd7e49a83a944e15a82843c;0xc142baaa;0xd411912eL;0.500000;1503213638;1503213638
0;64;8048;0xa3735deac0561a7f367383d6982fc02b5f56c6a9b282d4db63c7777082a76225;0x9779402e00637b63ee30e2bc6940e9ffad82d3f2ecd7e49a83a944e15a82843c;0xc142baaa;0xd411912eL;0.500000;1503213638;1503213639
0;64;8048;0x802951a490916e25d271c8c479fe68c4b91a0aad9d066776e1586309111aad92;0xc34b2a5526c212f7aba803c9c82f7ae963fa625b6abfb12b0bd89bce0fbed51f;0x98d679ba;0x842c4354L;0.500000;1503213639;1503213639
0;64;8048;0x802951a490916e25d271c8c479fe68c4b91a0aad9d066776e1586309111aad92;0xc34b2a5526c212f7aba803c9c82f7ae963fa625b6abfb12b0bd89bce0fbed51f;0x98d679ba;0x842c4354L;0.500000;1503213639;1503213639
0;64;8048;0x802951a490916e25d271c8c479fe68c4b91a0aad9d066776e1586309111aad92;0xc34b2a5526c212f7aba803c9c82f7ae963fa625b6abfb12b0bd89bce0fbed51f;0x98d679ba;0x842c4354L;0.500000;1503213639;1503213640
0;64;8048;0x21a3e7b95eb6e68e0c4cfb63c9720f4a341be605bd7a1b643bdd48c439ade05a;0x6c532f45c6ebb01d2867bbe33ef0f3efdbf5bec0bd204ed3310468cef895a8e3;0x15ebef6a;0x77d0a240L;0.500000;1503213640;1503213640
0;64;8048;0x21a3e7b95eb6e68e0c4cfb63c9720f4a341be605bd7a1b643bdd48c439ade05a;0x6c532f45c6ebb01d2867bbe33ef0f3efdbf5bec0bd204ed3310468cef895a8e3;0x15ebef6a;0x77d0a240L;0.500000;1503213640;1503213640
0;64;8048;0x21a3e7b95eb6e68e0c4cfb63c9720f4a341be605bd7a1b643bdd48c439ade05a;0x6c532f45c6ebb01d2867bbe33ef0f3efdbf5bec0bd204ed3310468cef895a8e3;0x15ebef6a;0x77d0a240L;0.500000;1503213640;1503213641
0;64;8048;0x2f6cc97462968f851f7693a0fa80eb1e464a8c7d1cfa4d9b179e4d8c09aa8b38;0xf3a730f264715ff15a5d4d911b28df30e947a97a082f53e3b7f9261218872a33;0xe0fcec51;0xae903a46L;0.500000;1503213641;1503213641
0;64;8048;0x2f6cc97462968f851f7693a0fa80eb1e464a8c7d1cfa4d9b179e4d8c09aa8b38;0xf3a730f264715ff15a5d4d911b28df30e947a97a082f53e3b7f9261218872a33;0xe0fcec51;0xae903a46L;0.500000;1503213641;1503213642
0;64;8048;0x8f1c38d4bedf7ebf6c1cf70750492ba6c2bff826f000a8a8ea468ad3db98526a;0xe8e47fadf04eaf8a1c5117434fc303fdffc95aee5cd4f50ef66443cc0966a4ae;0xab62d093;0xe10c32d0L;0.500000;1503213642;1503213642
0;64;8048;0x8f1c38d4bedf7ebf6c1cf70750492ba6c2bff826f000a8a8ea468ad3db98526a;0xe8e47fadf04eaf8a1c5117434fc303fdffc95aee5cd4f50ef66443cc0966a4ae;0xab62d093;0xe10c32d0L;0.500000;1503213642;1503213642
0;64;8048;0x8f1c38d4bedf7ebf6c1cf70750492ba6c2bff826f000a8a8ea468ad3db98526a;0xe8e47fadf04eaf8a1c5117434fc303fdffc95aee5cd4f50ef66443cc0966a4ae;0xab62d093;0xe10c32d0L;0.500000;1503213642;1503213643
0;64;8048;0x212cc7f2a5cb4cad54d56810bc765eb010cf287b7864198e3a0f2bde8d252cae;0x72f291c2ee80df251443bf1a8061bc749bad44de065271d6d54fdf61827c46c3;0x42690248;0x4587aa36L;0.500000;1503213643;1503213643
