0;64;8048;0x57d39acb5604ffbf664d0eb03a0bb10b80208d92a5d664aacf9cf1536fd186c6;0x31059c59e2c9b9f12fd65a2831b5706175b5030c942d15ee91d0ae66b81fad2a;0x19e96ec6;0x4f203280L;0.500000;1503097734;1503097734
0;64;8048;0x57d39acb5604ffbf664d0eb03a0bb10b80208d92a5d664aacf9cf1536fd186c6;0x31059c59e2c9b9f12fd65a2831b5706175b5030c942d15ee91d0ae66b81fad2a;0x19e96ec6;0x4f203280L;0.500000;1503097734;1503097734
0;64;8048;0x57d39acb5604ffbf664d0eb03a0bb10b80208d92a5d664aacf9cf1536fd186c6;0x31059c59e2c9b9f12fd65a2831b5706175b5030c942d15ee91d0ae66b81fad2a;0x19e96ec6;0x4f203280L;0.500000;1503097734;1503097735
0;64;8048;0x822605b747c897c53c90b43e4d3ad1dff04fc6bbaafcc637bb49ade6db2e385d;0x1242022d37399450404fc9814acd9944eb58f9fcdd4a7d10347f548789e9f464;0x0a30979c;0x901e7112L;0.500000;1503097735;1503097735
0;64;8048;0x822605b747c897c53c90b43e4d3ad1dff04fc6bbaafcc637bb49ade6db2e385d;0x1242022d37399450404fc9814acd9944eb58f9fcdd4a7d10347f548789e9f464;0x0a30979c;0x901e7112L;0.500000;1503097735;1503097736
0;64;8048;0x877bf26f2b47f4f63754be6b4018c7fb37fb6dd232b201eba5b694ff1644079e;0x953b8463615be37e35c1bd9e12dbe2615242e4a5775240da11c98fe346e5142b;0xfdcba0ec;0xa41a311fL;0.500000;1503097736;1503097736
0;64;8048;0x877bf26f2b47f4f63754be6b4018c7fb37fb6dd232b201eba5b694ff1644079e;0x953b8463615be37e35c1bd9e12dbe2615242e4a5775240da11c98fe346e5142b;0xfdcba0ec;0xa41a311fL;0.500000;1503097736;1503097736
0;64;8048;0x877bf26f2b47f4f63754be6b4018c7fb37fb6dd232b201eba5b694ff1644079e;0x953b8463615be37e35c1bd9e12dbe2615242e4a5775240da11c98fe346e5142b;0xfdcba0ec;0xa41a311fL;0.500000;1503097736;1503097737
0;64;8048;0x339799c55e7dc38ffb6a3b0d225747a557b49801337425c64738eaa26cd795a0;0x81dd85ef0f4e16704bae425cdf76105f2cea81e9c7e21e11b284c8e8b4e48b3a;0x7b2bc694;0x9ebca6ebL;0.500000;1503097737;1503097737
0;64;8048;0x339799c55e7dc38ffb6a3b0d225747a557b49801337425c64738eaa26cd795a0;0x81dd85ef0f4e16704bae425cdf76105f2cea81e9c7e21e11b284c8e8b4e48b3a;0x7b2bc694;0x9ebca6ebL;0.500000;1503097737;1503097738
0;64;8048;0xe6dfe12213a56631194ea3984861d36472881261d0a2848e811974078cef5d72;0x47e4a3089390d49376b0c594650498a56aa24a6302e91ab4b9e2e9f24ba4363d;0xb2f1fe5a;0x332a82c6L;0.500000;1503097738;1503097738
0;64;8048;0xe6dfe12213a56631194ea3984861d36472881261d0a2848e811974078cef5d72;0x47e4a3089390d49376b0c594650498a56aa24a6302e91ab4b9e2e9f24ba4363d;0xb2f1fe5a;0x332a82c6L;0.500000;1503097738;1503097738
0;64;8048;0xe6dfe12213a56631194ea3984861d36472881261d0a2848e811974078cef5d72;0x47e4a3089390d49376b0c594650498a56aa24a6302e91ab4b9e2e9f24ba4363d;0xb2f1fe5a;0x332a82c6L;0.500000;1503097739;1503097739
0;64;8048;0x8f042db03d5be2f13d23cc812acb69a9dfc57c8a5fdff53048a6794b10c7bba0;0xd0ff36baee15c641d416ca9e61c612c7231573af7acdceae84f8ec18ee3bc391;0x1b85a2d8;0x68a1d014L;0.500000;1503097739;1503097739
0;64;8048;0x8f042db03d5be2f13d23cc812acb69a9dfc57c8a5fdff53048a6794b10c7bba0;0xd0ff36baee15c641d416ca9e61c612c7231573af7acdceae84f8ec18ee3bc391;0x1b85a2d8;0x68a1d014L;0.500000;1503097739;1503097740
0;64;8048;0xe5f6b9986d77a69006f4eb2545fdbd4eae94e858ce49d1bd5c03c810b2e9b097;0x2eb4c27e4b3c9f6bc8d6304089bfb46d5917019a0b9e59104d0523a98ce0a715;0xae30ada8;0xe24bb920L;0.500000;1503097740;1503097740
0;64;8048;0xe5f6b9986d77a69006f4eb2545fdbd4eae94e858ce49d1bd5c03c810b2e9b097;0x2eb4c27e4b3c9f6bc8d6304089bfb46d5917019a0b9e59104d0523a98ce0a715;0xae30ada8;0xe24bb920L;0.500000;1503097740;1503097741
0;64;8048;0xed6727eddeaf06a2473dbb712a7e3d8ce63b61ed605ad58d3023f227355f6d22;0x6c410f238a442764832eca8c57fe6a6b91cf3adb4fd8de8a9acad134cb431028;0xec3e8432;0x10204440L;0.500000;1503097741;1503097741
0;64;8048;0xed6727eddeaf06a2473dbb712a7e3d8ce63b61ed605ad58d3023f227355f6d22;0x6c410f238a442764832eca8c57fe6a6b91cf3adb4fd8de8a9acad134cb431028;0xec3e8432;0x10204440L;0.500000;1503097741;1503097741
0;64;8048;0xed6727eddeaf06a2473dbb712a7e3d8ce63b61ed605ad58d3023f227355f6d22;0x6c410f238a442764832eca8c57fe6a6b91cf3adb4fd8de8a9acad134cb431028;0xec3e8432;0x10204440L;0.500000;1503097741;1503097742
