0;64;8048;0xa771996b1954cfb0f9c8395940af1c3a96d695017e404f86b24c068580e8e727;0xf81d4bc803d201adcbad72e143364a1de073b906224d573a29b583045e63e614;0xcd346c91;0x29af549eL;0.500000;1503098979;1503098979
0;64;8048;0xa771996b1954cfb0f9c8395940af1c3a96d695017e404f86b24c068580e8e727;0xf81d4bc803d201adcbad72e143364a1de073b906224d573a29b583045e63e614;0xcd346c91;0x29af549eL;0.500000;1503098980;1503098980
0;64;8048;0x35261568fd58269b4723ded6e3ba159f9692697af120992235a8ef688b437fc0;0xaecd749c3f4df7cb3a73c69fb51658f7ee1c336ea110fea9e921972c66b7aa4e;0x22ef944a;0x31cb206L;0.500000;1503098980;1503098980
0;64;8048;0x35261568fd58269b4723ded6e3ba159f9692697af120992235a8ef688b437fc0;0xaecd749c3f4df7cb3a73c69fb51658f7ee1c336ea110fea9e921972c66b7aa4e;0x22ef944a;0x31cb206L;0.500000;1503098980;1503098981
0;64;8048;0xae21def757c860ffa3fa968d7201f7d6e2393b00847b69972b8c0e88247932d2;0x6a30cd7a14c220e5c117b71e2f31f7943188d2c9ae3c1df4168dd13b515a9007;0x737b485a;0x6e0f246L;0.500000;1503098981;1503098981
0;64;8048;0xae21def757c860ffa3fa968d7201f7d6e2393b00847b69972b8c0e88247932d2;0x6a30cd7a14c220e5c117b71e2f31f7943188d2c9ae3c1df4168dd13b515a9007;0x737b485a;0x6e0f246L;0.500000;1503098981;1503098981
0;64;8048;0xae21def757c860ffa3fa968d7201f7d6e2393b00847b69972b8c0e88247932d2;0x6a30cd7a14c220e5c117b71e2f31f7943188d2c9ae3c1df4168dd13b515a9007;0x737b485a;0x6e0f246L;0.500000;1503098981;1503098982
0;64;8048;0x348bffb736f5e66b3b9e135b7f035187036da15d7bbbc23d568c0887f198b025;0xed5916faf4f68c1cd9a9fe4851848f2d1183c09b0755b2c2e7aa3644c83ac821;0xb0b32171;0x1010f302L;0.500000;1503098982;1503098982
0;64;8048;0x348bffb736f5e66b3b9e135b7f035187036da15d7bbbc23d568c0887f198b025;0xed5916faf4f68c1cd9a9fe4851848f2d1183c09b0755b2c2e7aa3644c83ac821;0xb0b32171;0x1010f302L;0.500000;1503098982;1503098982
0;64;8048;0x348bffb736f5e66b3b9e135b7f035187036da15d7bbbc23d568c0887f198b025;0xed5916faf4f68c1cd9a9fe4851848f2d1183c09b0755b2c2e7aa3644c83ac821;0xb0b32171;0x1010f302L;0.500000;1503098983;1503098983
0;64;8048;0x830fc72c507b8e6a9483a01088420cf8483919f5b3a39862904de2a3db2c8c5f;0x9ea95e1f190f1003e4f404bef630303d8a22829d1656a97083e4810e3b7ff02d;0xb6a92176;0xb1859b31L;0.500000;1503098983;1503098983
0;64;8048;0x830fc72c507b8e6a9483a01088420cf8483919f5b3a39862904de2a3db2c8c5f;0x9ea95e1f190f1003e4f404bef630303d8a22829d1656a97083e4810e3b7ff02d;0xb6a92176;0xb1859b31L;0.500000;1503098983;1503098984
0;64;8048;0xd7c88d08a3cf587261d76e11076cbed0b3f57e1274c0e23b432724585916c230;0xd9a4f84ae01b361ec7331e1c1ab11661d70ae57a847b1d5d933988b8909f0082;0x18d8b594;0x4ccb16aL;0.500000;1503098984;1503098984
0;64;8048;0xd7c88d08a3cf587261d76e11076cbed0b3f57e1274c0e23b432724585916c230;0xd9a4f84ae01b361ec7331e1c1ab11661d70ae57a847b1d5d933988b8909f0082;0x18d8b594;0x4ccb16aL;0.500000;1503098984;1503098984
0;64;8048;0xd7c88d08a3cf587261d76e11076cbed0b3f57e1274c0e23b432724585916c230;0xd9a4f84ae01b361ec7331e1c1ab11661d70ae57a847b1d5d933988b8909f0082;0x18d8b594;0x4ccb16aL;0.500000;1503098985;1503098985
0;64;8048;0x74ad4863c2108cd4da305d01a652e66f9b487e47509714e8c1e52336d1663245;0x3cf852df79b3cfcc59691b54371568ad0574fa280dc88aeb3beca86a582392e8;0x39deb65f;0x804a306L;0.500000;1503098985;1503098985
0;64;8048;0x74ad4863c2108cd4da305d01a652e66f9b487e47509714e8c1e52336d1663245;0x3cf852df79b3cfcc59691b54371568ad0574fa280dc88aeb3beca86a582392e8;0x39deb65f;0x804a306L;0.500000;1503098985;1503098986
0;64;8048;0x52cba3d69f4e5d507fd11a2e5765433583587eb174670956a7d66be7846f3fd6;0x7187c5fdebad02d759ee92c52abc4ce16f0b00d5d039384c70ed67046715bbdf;0xc51efa8f;0x32022110L;0.500000;1503098986;1503098986
0;64;8048;0x52cba3d69f4e5d507fd11a2e5765433583587eb174670956a7d66be7846f3fd6;0x7187c5fdebad02d759ee92c52abc4ce16f0b00d5d039384c70ed67046715bbdf;0xc51efa8f;0x32022110L;0.500000;1503098986;1503098986
0;64;8048;0x52cba3d69f4e5d507fd11a2e5765433583587eb174670956a7d66be7846f3fd6;0x7187c5fdebad02d759ee92c52abc4ce16f0b00d5d039384c70ed67046715bbdf;0xc51efa8f;0x32022110L;0.500000;1503098986;1503098987
