0;64;8048;0xfd917f3a2ad473067570a3af698c7fd0af29f027ecae792ba716df79b7c244b5;0x0cb6c24caa04deb14e01e9b1ecc6bee83722bf150d8fecc61bfc190bf0cef106;0x685db0dc;0xe046e16L;0.500000;1503193414;1503193414
0;64;8048;0xfd917f3a2ad473067570a3af698c7fd0af29f027ecae792ba716df79b7c244b5;0x0cb6c24caa04deb14e01e9b1ecc6bee83722bf150d8fecc61bfc190bf0cef106;0x685db0dc;0xe046e16L;0.500000;1503193414;1503193414
0;64;8048;0xfd917f3a2ad473067570a3af698c7fd0af29f027ecae792ba716df79b7c244b5;0x0cb6c24caa04deb14e01e9b1ecc6bee83722bf150d8fecc61bfc190bf0cef106;0x685db0dc;0xe046e16L;0.500000;1503193414;1503193415
0;64;8048;0xc4e77b56bc8ba03ffffc5f27d3c5078b4da9dcfb33b9967c81676ad14c43e211;0xaa9bbca6ffd1da6c3730b13968746c8e4a01b53483800c7c06c863aeba774d03;0x7b45a020;0xea410d22L;0.500000;1503193415;1503193415
0;64;8048;0xc4e77b56bc8ba03ffffc5f27d3c5078b4da9dcfb33b9967c81676ad14c43e211;0xaa9bbca6ffd1da6c3730b13968746c8e4a01b53483800c7c06c863aeba774d03;0x7b45a020;0xea410d22L;0.500000;1503193415;1503193415
0;64;8048;0xc4e77b56bc8ba03ffffc5f27d3c5078b4da9dcfb33b9967c81676ad14c43e211;0xaa9bbca6ffd1da6c3730b13968746c8e4a01b53483800c7c06c863aeba774d03;0x7b45a020;0xea410d22L;0.500000;1503193415;1503193416
0;64;8048;0x6eb5d946d6c99faa1be5c685f062aac36d719b51c4eb12fadd8cf975e2b92950;0xd74b05439a613c048ee1b7fc90f5c4937126079d64ff371079e41310112cfc48;0xd206b556;0x800411eeL;0.500000;1503193416;1503193416
0;64;8048;0x6eb5d946d6c99faa1be5c685f062aac36d719b51c4eb12fadd8cf975e2b92950;0xd74b05439a613c048ee1b7fc90f5c4937126079d64ff371079e41310112cfc48;0xd206b556;0x800411eeL;0.500000;1503193416;1503193417
0;64;8048;0x674745b936acd797e040b46c192fa609cb352548806e1d8b45b3e77bee01e756;0x076dc1939e20d76f8dc4d9f8eab7db85a61afcbdf8449385350fb57f7c766925;0xdc592102;0x34013ac1L;0.500000;1503193417;1503193417
0;64;8048;0x674745b936acd797e040b46c192fa609cb352548806e1d8b45b3e77bee01e756;0x076dc1939e20d76f8dc4d9f8eab7db85a61afcbdf8449385350fb57f7c766925;0xdc592102;0x34013ac1L;0.500000;1503193417;1503193417
0;64;8048;0x674745b936acd797e040b46c192fa609cb352548806e1d8b45b3e77bee01e756;0x076dc1939e20d76f8dc4d9f8eab7db85a61afcbdf8449385350fb57f7c766925;0xdc592102;0x34013ac1L;0.500000;1503193418;1503193418
0;64;8048;0x6d9523527decb052327d241bfeff88f2e40ef2f25faa08ce8d71e1ff1f6bef8c;0x9b424ac3f38b2a47f051c56f5aa8ace23b3ea5db641ad692ef4935aac51a7859;0x34d9ad81;0xd3114a14L;0.500000;1503193418;1503193418
0;64;8048;0x6d9523527decb052327d241bfeff88f2e40ef2f25faa08ce8d71e1ff1f6bef8c;0x9b424ac3f38b2a47f051c56f5aa8ace23b3ea5db641ad692ef4935aac51a7859;0x34d9ad81;0xd3114a14L;0.500000;1503193418;1503193419
0;64;8048;0xfdd6c77d1fd4a7507993e2af0ecb7d2124787fc3c3a3f831bb79aad1297cab27;0xcac70da1d45604c2a2f93bf77d3ee8c4a1f5ea6a7a316c409c768657acfc0800;0x48e08031;0x363b82b1L;0.500000;1503193419;1503193419
0;64;8048;0xfdd6c77d1fd4a7507993e2af0ecb7d2124787fc3c3a3f831bb79aad1297cab27;0xcac70da1d45604c2a2f93bf77d3ee8c4a1f5ea6a7a316c409c768657acfc0800;0x48e08031;0x363b82b1L;0.500000;1503193419;1503193419
0;64;8048;0xfdd6c77d1fd4a7507993e2af0ecb7d2124787fc3c3a3f831bb79aad1297cab27;0xcac70da1d45604c2a2f93bf77d3ee8c4a1f5ea6a7a316c409c768657acfc0800;0x48e08031;0x363b82b1L;0.500000;1503193419;1503193420
0;64;8048;0xbaeebb6539f556762969bdfe81508bbc4e186059239c1b77431ce109ea6357a5;0x267ccd775b069cf43de43914c0c83e5aab329a943daa5350774f497d5a904155;0xb3feaad2;0xea101038L;0.500000;1503193420;1503193420
0;64;8048;0xbaeebb6539f556762969bdfe81508bbc4e186059239c1b77431ce109ea6357a5;0x267ccd775b069cf43de43914c0c83e5aab329a943daa5350774f497d5a904155;0xb3feaad2;0xea101038L;0.500000;1503193420;1503193421
0;64;8048;0x3126205735eafa447564c496975307bf36e30a44c51ff189f04e9e0622540e53;0xb73a22b3fd735e1e8bf3768397c79e6415685638fdfefacf60decb5fa173a8c9;0xed78c408;0x1122b086L;0.500000;1503193421;1503193421
0;64;8048;0x3126205735eafa447564c496975307bf36e30a44c51ff189f04e9e0622540e53;0xb73a22b3fd735e1e8bf3768397c79e6415685638fdfefacf60decb5fa173a8c9;0xed78c408;0x1122b086L;0.500000;1503193421;1503193421
