0;64;8048;0x5bcda0ac3da2b6c8530110b385d1a4ca8db58ffa9c4f553a5cf7140b6d4798c8;0xa452f9760cadcbfa94793adf110ae4d162489547b811cac3075daf2dca928333;0xc362262c;0xa84a0682L;0.500000;1503126963;1503126964
0;64;8048;0x33d61bef23f1683d18669ee10a5aecc99f7749919e0a486078da80ddc551f4f8;0xcabbeced4a496d5baf8de0ab03bee5a7240f4b77c7aa348a6dc6f33bc898623b;0x0ebe4933;0x880360a8L;0.500000;1503126964;1503126964
0;64;8048;0x33d61bef23f1683d18669ee10a5aecc99f7749919e0a486078da80ddc551f4f8;0xcabbeced4a496d5baf8de0ab03bee5a7240f4b77c7aa348a6dc6f33bc898623b;0x0ebe4933;0x880360a8L;0.500000;1503126964;1503126964
0;64;8048;0x33d61bef23f1683d18669ee10a5aecc99f7749919e0a486078da80ddc551f4f8;0xcabbeced4a496d5baf8de0ab03bee5a7240f4b77c7aa348a6dc6f33bc898623b;0x0ebe4933;0x880360a8L;0.500000;1503126964;1503126965
0;64;8048;0x7af94ca4348462bffb065c547861db3ede1685e22946f886e15c9953c0047e3a;0x34bb05e30974b3c4b3c358ae0fdcd94139fcde5a38e15f2fff6797692013cdbd;0xbf513e7e;0x2c559614L;0.500000;1503126965;1503126965
0;64;8048;0x7af94ca4348462bffb065c547861db3ede1685e22946f886e15c9953c0047e3a;0x34bb05e30974b3c4b3c358ae0fdcd94139fcde5a38e15f2fff6797692013cdbd;0xbf513e7e;0x2c559614L;0.500000;1503126965;1503126965
0;64;8048;0x7af94ca4348462bffb065c547861db3ede1685e22946f886e15c9953c0047e3a;0x34bb05e30974b3c4b3c358ae0fdcd94139fcde5a38e15f2fff6797692013cdbd;0xbf513e7e;0x2c559614L;0.500000;1503126966;1503126966
0;64;8048;0x7d58c02419d99ab7fdf2767f9e07e3f16cca9b8efe3a2f3ed2e53fd62a2806a8;0x5c535f494e58caae224b5cee86f8d7bf04dc90762ebde6751548e22db91b0aa8;0xc9ddef8e;0xd58b72a0L;0.500000;1503126966;1503126966
0;64;8048;0x7d58c02419d99ab7fdf2767f9e07e3f16cca9b8efe3a2f3ed2e53fd62a2806a8;0x5c535f494e58caae224b5cee86f8d7bf04dc90762ebde6751548e22db91b0aa8;0xc9ddef8e;0xd58b72a0L;0.500000;1503126966;1503126967
0;64;8048;0x71bce4c16cfdaab16928c0d54970d00cd2dc3ace9308952c9c565b5fc341da34;0x1ef660472491317277b17c48d138ec10ee205ef6ec1c4b0132af8e083ed184f5;0x9335bc9c;0x4da31006L;0.500000;1503126967;1503126967
0;64;8048;0x71bce4c16cfdaab16928c0d54970d00cd2dc3ace9308952c9c565b5fc341da34;0x1ef660472491317277b17c48d138ec10ee205ef6ec1c4b0132af8e083ed184f5;0x9335bc9c;0x4da31006L;0.500000;1503126967;1503126967
0;64;8048;0x71bce4c16cfdaab16928c0d54970d00cd2dc3ace9308952c9c565b5fc341da34;0x1ef660472491317277b17c48d138ec10ee205ef6ec1c4b0132af8e083ed184f5;0x9335bc9c;0x4da31006L;0.500000;1503126968;1503126968
0;64;8048;0x9a0b68f8a1697f3666c9c87dd46d09340689616d0022988e089ac6491eff5fb9;0xdcfcddc7b91d1879fbb9eb54030b72414b5625c4dadba9dc4a79455b0659aab5;0x96160ca2;0x3580a62L;0.500000;1503126968;1503126968
0;64;8048;0x9a0b68f8a1697f3666c9c87dd46d09340689616d0022988e089ac6491eff5fb9;0xdcfcddc7b91d1879fbb9eb54030b72414b5625c4dadba9dc4a79455b0659aab5;0x96160ca2;0x3580a62L;0.500000;1503126968;1503126969
0;64;8048;0x1a350091d4783f5d66fb53d4e7f66ffa00b7a30d91423c2ebd461fed2b34e945;0x6fec354a441f8dd62bfa335aee868a0022076db68de53cd25e0294fbe1b03f28;0xee3ab1e5;0x461c60a2L;0.500000;1503126969;1503126969
0;64;8048;0x1a350091d4783f5d66fb53d4e7f66ffa00b7a30d91423c2ebd461fed2b34e945;0x6fec354a441f8dd62bfa335aee868a0022076db68de53cd25e0294fbe1b03f28;0xee3ab1e5;0x461c60a2L;0.500000;1503126969;1503126970
0;64;8048;0x007d8a48c2effe6b914d5f58aa09bd0c834501abdb3054e3d33a1538eeeaefee;0x1778921326465b4562cf6b52f90b923d847d3089e32204fe6f965a87928e742d;0xca742df9;0xc8c94e06L;0.500000;1503126970;1503126970
0;64;8048;0x007d8a48c2effe6b914d5f58aa09bd0c834501abdb3054e3d33a1538eeeaefee;0x1778921326465b4562cf6b52f90b923d847d3089e32204fe6f965a87928e742d;0xca742df9;0xc8c94e06L;0.500000;1503126970;1503126970
0;64;8048;0x007d8a48c2effe6b914d5f58aa09bd0c834501abdb3054e3d33a1538eeeaefee;0x1778921326465b4562cf6b52f90b923d847d3089e32204fe6f965a87928e742d;0xca742df9;0xc8c94e06L;0.500000;1503126970;1503126971
0;64;8048;0xb76921ee94a2b9b17a17bb84740b2543e731076f70027fce2532e365201352d8;0x9f90cfc36d77d97e89282f4d57e32c7e40b2b7d9dcbeef276eb9002354b7b1c0;0xcd6eb8a4;0xe711010L;0.500000;1503126971;1503126971
