0;64;8048;0x26ab92344959b7e7053b5bfe681b771ae21b1b594c81f180b80d3e2a3914565f;0x98d4b509ce224b67ccb9fd4bae007b333cdc155521f1be1a7b994b9b42646e12;0x791e3d8d;0xc103c612L;0.500000;1503135796;1503135796
0;64;8048;0x26ab92344959b7e7053b5bfe681b771ae21b1b594c81f180b80d3e2a3914565f;0x98d4b509ce224b67ccb9fd4bae007b333cdc155521f1be1a7b994b9b42646e12;0x791e3d8d;0xc103c612L;0.500000;1503135796;1503135797
0;64;8048;0x9a71b2ece870a0df62e28ab999ddd3d31e27445a23c160376e67ed4f31c020cb;0xd937132f321c9291785a5dcda025983ab8629a04aa4f29891c2902c3f35a57e1;0x456b14a3;0x4e808c82L;0.500000;1503135797;1503135797
0;64;8048;0x9a71b2ece870a0df62e28ab999ddd3d31e27445a23c160376e67ed4f31c020cb;0xd937132f321c9291785a5dcda025983ab8629a04aa4f29891c2902c3f35a57e1;0x456b14a3;0x4e808c82L;0.500000;1503135797;1503135798
0;64;8048;0x1e48dbc5fe3e25eb0a99e2eddcd2434ad0654020f633a1e6756f2280e302df01;0x4ced97697bcec1e2d8e441b3f77f5feb0ce339ace48d45f25a02d27e975ef9b7;0x2499b3c8;0x2401cd31L;0.500000;1503135798;1503135798
0;64;8048;0x1e48dbc5fe3e25eb0a99e2eddcd2434ad0654020f633a1e6756f2280e302df01;0x4ced97697bcec1e2d8e441b3f77f5feb0ce339ace48d45f25a02d27e975ef9b7;0x2499b3c8;0x2401cd31L;0.500000;1503135798;1503135798
0;64;8048;0x1e48dbc5fe3e25eb0a99e2eddcd2434ad0654020f633a1e6756f2280e302df01;0x4ced97697bcec1e2d8e441b3f77f5feb0ce339ace48d45f25a02d27e975ef9b7;0x2499b3c8;0x2401cd31L;0.500000;1503135798;1503135799
0;64;8048;0x20cfe0abf4ff57439673ac3fb20559e6efaea43679917415c6cb555d952fcab5;0x8748923056b43438e3add271a851fee07ccbba4f3d07cc6dd812967602e4eac1;0x134436f6;0x20c70b57L;0.500000;1503135799;1503135799
0;64;8048;0x20cfe0abf4ff57439673ac3fb20559e6efaea43679917415c6cb555d952fcab5;0x8748923056b43438e3add271a851fee07ccbba4f3d07cc6dd812967602e4eac1;0x134436f6;0x20c70b57L;0.500000;1503135799;1503135799
0;64;8048;0x20cfe0abf4ff57439673ac3fb20559e6efaea43679917415c6cb555d952fcab5;0x8748923056b43438e3add271a851fee07ccbba4f3d07cc6dd812967602e4eac1;0x134436f6;0x20c70b57L;0.500000;1503135799;1503135800
0;64;8048;0xd3e2917bc360242f5dac1010193702bd0112a4710c61c2c3a0dbcc5e1bdc58ef;0xcabdb768c3e245ef877af67ee727179289844a137368957ecc5e4e13663f6667;0xbc95c276;0x1747c204L;0.500000;1503135800;1503135800
0;64;8048;0xd3e2917bc360242f5dac1010193702bd0112a4710c61c2c3a0dbcc5e1bdc58ef;0xcabdb768c3e245ef877af67ee727179289844a137368957ecc5e4e13663f6667;0xbc95c276;0x1747c204L;0.500000;1503135800;1503135801
0;64;8048;0x29d3ca7904b744a85ed8985cee3b0fac45139add44e1ec97f3780a78e0b7340a;0x71ba66c0f9d4eb2e9becf8826549a4a4a5d3faac93eb0f88c3bb39ef82ab3c44;0x981f1b6e;0xcba32802L;0.500000;1503135801;1503135801
0;64;8048;0x29d3ca7904b744a85ed8985cee3b0fac45139add44e1ec97f3780a78e0b7340a;0x71ba66c0f9d4eb2e9becf8826549a4a4a5d3faac93eb0f88c3bb39ef82ab3c44;0x981f1b6e;0xcba32802L;0.500000;1503135801;1503135801
0;64;8048;0x29d3ca7904b744a85ed8985cee3b0fac45139add44e1ec97f3780a78e0b7340a;0x71ba66c0f9d4eb2e9becf8826549a4a4a5d3faac93eb0f88c3bb39ef82ab3c44;0x981f1b6e;0xcba32802L;0.500000;1503135801;1503135802
0;64;8048;0xa66309257fd2f549bcaa55e0f4486413fcd0a2259add5fc59f4e82ebc475c96b;0x7a74a107cca9cab82662963483e7b34a9e1966ae52459f9157731fa7fdef4c1a;0xf6f58d2c;0x43224d02L;0.500000;1503135802;1503135802
0;64;8048;0xa66309257fd2f549bcaa55e0f4486413fcd0a2259add5fc59f4e82ebc475c96b;0x7a74a107cca9cab82662963483e7b34a9e1966ae52459f9157731fa7fdef4c1a;0xf6f58d2c;0x43224d02L;0.500000;1503135802;1503135802
0;64;8048;0xa66309257fd2f549bcaa55e0f4486413fcd0a2259add5fc59f4e82ebc475c96b;0x7a74a107cca9cab82662963483e7b34a9e1966ae52459f9157731fa7fdef4c1a;0xf6f58d2c;0x43224d02L;0.500000;1503135802;1503135803
0;64;8048;0xf9d58f37070f750a8ef84f726281439be2c7d9b1592b055fbd2a4478e10913da;0xb6ea72cfdbded4b7ad9cde3bf8adc8b7f644a8cac6f63bf8b369d8c87ccd3b27;0x9798a2d4;0xc06e6a24L;0.500000;1503135803;1503135803
0;64;8048;0xf9d58f37070f750a8ef84f726281439be2c7d9b1592b055fbd2a4478e10913da;0xb6ea72cfdbded4b7ad9cde3bf8adc8b7f644a8cac6f63bf8b369d8c87ccd3b27;0x9798a2d4;0xc06e6a24L;0.500000;1503135803;1503135804
