0;64;8048;0x2b93ef874aaafbecab7d7f93ac49bf8078b1cab4704e8eaeb3a7e164dd27fe08;0xe84b1243a981f3d524891d90d98e1db5ea1ce5998ceeb1c5dd2cf56222f79033;0xdd966ead;0x84127810L;0.500000;1503216046;1503216046
0;64;8048;0x2b93ef874aaafbecab7d7f93ac49bf8078b1cab4704e8eaeb3a7e164dd27fe08;0xe84b1243a981f3d524891d90d98e1db5ea1ce5998ceeb1c5dd2cf56222f79033;0xdd966ead;0x84127810L;0.500000;1503216046;1503216046
0;64;8048;0x2b93ef874aaafbecab7d7f93ac49bf8078b1cab4704e8eaeb3a7e164dd27fe08;0xe84b1243a981f3d524891d90d98e1db5ea1ce5998ceeb1c5dd2cf56222f79033;0xdd966ead;0x84127810L;0.500000;1503216046;1503216047
0;64;8048;0xc62d735f93ea108d46e98ddd06ffd5ead8d6f7002cb694a9698e464ab6e8727d;0xc9c4916b5e98d26b4667dedde3f533d3a325e4a3f33c2a010e0a3923bc516be0;0x36147778;0x2091912L;0.500000;1503216047;1503216047
0;64;8048;0xc62d735f93ea108d46e98ddd06ffd5ead8d6f7002cb694a9698e464ab6e8727d;0xc9c4916b5e98d26b4667dedde3f533d3a325e4a3f33c2a010e0a3923bc516be0;0x36147778;0x2091912L;0.500000;1503216047;1503216048
0;64;8048;0xeebdc06c589e25ccd06abfc74b6847d5484e91ac28f3276fbb3ebc45ff529ced;0x3b052ef10666717dda075da8ed61c0087b74188f3c406ab8209b07b007a72349;0x190b5bf5;0xacc59182L;0.500000;1503216048;1503216048
0;64;8048;0xeebdc06c589e25ccd06abfc74b6847d5484e91ac28f3276fbb3ebc45ff529ced;0x3b052ef10666717dda075da8ed61c0087b74188f3c406ab8209b07b007a72349;0x190b5bf5;0xacc59182L;0.500000;1503216048;1503216048
0;64;8048;0xeebdc06c589e25ccd06abfc74b6847d5484e91ac28f3276fbb3ebc45ff529ced;0x3b052ef10666717dda075da8ed61c0087b74188f3c406ab8209b07b007a72349;0x190b5bf5;0xacc59182L;0.500000;1503216048;1503216049
0;64;8048;0x1780498ff0c6492f59653903f458b7945152042245cd507f286e1705e4b740fc;0xc87e2bd6acc713c220a899121f21d17b8b4f77bfca5701af58001c327d6cee5b;0x48a5b397;0x5c3fb4aaL;0.500000;1503216049;1503216049
0;64;8048;0x1780498ff0c6492f59653903f458b7945152042245cd507f286e1705e4b740fc;0xc87e2bd6acc713c220a899121f21d17b8b4f77bfca5701af58001c327d6cee5b;0x48a5b397;0x5c3fb4aaL;0.500000;1503216049;1503216049
0;64;8048;0x1780498ff0c6492f59653903f458b7945152042245cd507f286e1705e4b740fc;0xc87e2bd6acc713c220a899121f21d17b8b4f77bfca5701af58001c327d6cee5b;0x48a5b397;0x5c3fb4aaL;0.500000;1503216049;1503216050
0;64;8048;0x65d691892d92b71fdb02c31ed167eefee911d046df4945efbd84dc431f3fec84;0xa2f795b12eed0071a6a18e07b9ca31f66f26d572558ab23b82da7917a6488f37;0xa3493dbe;0x472c6e26L;0.500000;1503216050;1503216050
0;64;8048;0x65d691892d92b71fdb02c31ed167eefee911d046df4945efbd84dc431f3fec84;0xa2f795b12eed0071a6a18e07b9ca31f66f26d572558ab23b82da7917a6488f37;0xa3493dbe;0x472c6e26L;0.500000;1503216050;1503216051
0;64;8048;0x522818c0e66db3da26e223f42450f1eae59fab5e9497e5a38ae7b52d6ecf58c1;0x37fe120ae19877d15ac3cfaf1bf0371490a37d6f23088921a6f17095194a47c6;0xc432af61;0xa2f8054L;0.500000;1503216051;1503216051
0;64;8048;0x522818c0e66db3da26e223f42450f1eae59fab5e9497e5a38ae7b52d6ecf58c1;0x37fe120ae19877d15ac3cfaf1bf0371490a37d6f23088921a6f17095194a47c6;0xc432af61;0xa2f8054L;0.500000;1503216051;1503216051
0;64;8048;0x522818c0e66db3da26e223f42450f1eae59fab5e9497e5a38ae7b52d6ecf58c1;0x37fe120ae19877d15ac3cfaf1bf0371490a37d6f23088921a6f17095194a47c6;0xc432af61;0xa2f8054L;0.500000;1503216051;1503216052
0;64;8048;0x39cafc2257f16ef9120daef094b0632e7160b3b11573aa8aabb8b3496a0e5aa3;0x52a2f7e13a089e4aa167276feb6e76c4afc5a3a8447032c3347dc57a4e5d254d;0xdadaf624;0x12900cf0L;0.500000;1503216052;1503216052
0;64;8048;0x39cafc2257f16ef9120daef094b0632e7160b3b11573aa8aabb8b3496a0e5aa3;0x52a2f7e13a089e4aa167276feb6e76c4afc5a3a8447032c3347dc57a4e5d254d;0xdadaf624;0x12900cf0L;0.500000;1503216052;1503216052
0;64;8048;0x39cafc2257f16ef9120daef094b0632e7160b3b11573aa8aabb8b3496a0e5aa3;0x52a2f7e13a089e4aa167276feb6e76c4afc5a3a8447032c3347dc57a4e5d254d;0xdadaf624;0x12900cf0L;0.500000;1503216052;1503216053
0;64;8048;0xdc4e58342fbb7b323553e54bf3e008f0d0a78b9c20e8a8627ea4f3ad7ee02c5a;0x1b965a0f41d1eee8c353b6d4f587bbae08b364137ac5cbfc6414266292493525;0xd94a79a5;0x4a70d6b0L;0.500000;1503216053;1503216053
