0;64;8048;0x32e8a0572f6499b7def929f302cf20307c7eb21027da76958674dc9461f05093;0x7cb78dff232aa2bc9d82cbe54c3bd96168ae7deae5851644d3d8d8b129a0a231;0xa3d0bf26;0xa0407c1L;0.500000;1503151855;1503151856
0;64;8048;0x47819c5c138a6099eb0459aecf094d16a6f7847aeb68e77125c5f730bc48c503;0x71310316de8389ad5fc7340ec264d3ecc3777fb9058070747c9c30be59511e65;0x84ee2e23;0xc10b60dfL;0.500000;1503151856;1503151856
0;64;8048;0x47819c5c138a6099eb0459aecf094d16a6f7847aeb68e77125c5f730bc48c503;0x71310316de8389ad5fc7340ec264d3ecc3777fb9058070747c9c30be59511e65;0x84ee2e23;0xc10b60dfL;0.500000;1503151856;1503151856
0;64;8048;0x47819c5c138a6099eb0459aecf094d16a6f7847aeb68e77125c5f730bc48c503;0x71310316de8389ad5fc7340ec264d3ecc3777fb9058070747c9c30be59511e65;0x84ee2e23;0xc10b60dfL;0.500000;1503151856;1503151857
0;64;8048;0x2d3acf538c321569bd86133412dd67f035aaabf2b32f18efc1dfae063ed93a6b;0xc1020066861a92f56411296ba3830b6e1be6c96bf005e1b4382c19505d659a4a;0x4264ed83;0xc81b2566L;0.500000;1503151857;1503151857
0;64;8048;0x2d3acf538c321569bd86133412dd67f035aaabf2b32f18efc1dfae063ed93a6b;0xc1020066861a92f56411296ba3830b6e1be6c96bf005e1b4382c19505d659a4a;0x4264ed83;0xc81b2566L;0.500000;1503151857;1503151857
0;64;8048;0x2d3acf538c321569bd86133412dd67f035aaabf2b32f18efc1dfae063ed93a6b;0xc1020066861a92f56411296ba3830b6e1be6c96bf005e1b4382c19505d659a4a;0x4264ed83;0xc81b2566L;0.500000;1503151858;1503151858
0;64;8048;0x171b3a4b0dfd434f4ce2ec2797cfc04d0488dc11b0a042cefef5be5c11150628;0xb6c8887112d04188db49f00e10ed74830cd627db991d93cb6dd8bf563e5212b4;0xe63a0df8;0xc927042L;0.500000;1503151858;1503151858
0;64;8048;0x171b3a4b0dfd434f4ce2ec2797cfc04d0488dc11b0a042cefef5be5c11150628;0xb6c8887112d04188db49f00e10ed74830cd627db991d93cb6dd8bf563e5212b4;0xe63a0df8;0xc927042L;0.500000;1503151858;1503151859
0;64;8048;0x28fdca69431ef8873c6c688d955f917079ca57a4a3204224a8d6120a7d4516a6;0x8e71ecb0eb2355ae577d3ebca2cf770512af10504993af47e4cf87d1caf5fb0b;0x1004740e;0x60a04a0L;0.500000;1503151859;1503151859
0;64;8048;0x28fdca69431ef8873c6c688d955f917079ca57a4a3204224a8d6120a7d4516a6;0x8e71ecb0eb2355ae577d3ebca2cf770512af10504993af47e4cf87d1caf5fb0b;0x1004740e;0x60a04a0L;0.500000;1503151859;1503151859
0;64;8048;0x28fdca69431ef8873c6c688d955f917079ca57a4a3204224a8d6120a7d4516a6;0x8e71ecb0eb2355ae577d3ebca2cf770512af10504993af47e4cf87d1caf5fb0b;0x1004740e;0x60a04a0L;0.500000;1503151859;1503151860
0;64;8048;0xa6341d81c2fc8d3753e278d87301429d563865cfef7d371c6f44a900a5d9614b;0xbc08d31628156e4c17d8140a15bdc7d2a37e95741e0fc9392f98cce6709b5e04;0x85078724;0x37a6802L;0.500000;1503151860;1503151860
0;64;8048;0xa6341d81c2fc8d3753e278d87301429d563865cfef7d371c6f44a900a5d9614b;0xbc08d31628156e4c17d8140a15bdc7d2a37e95741e0fc9392f98cce6709b5e04;0x85078724;0x37a6802L;0.500000;1503151860;1503151860
0;64;8048;0xa6341d81c2fc8d3753e278d87301429d563865cfef7d371c6f44a900a5d9614b;0xbc08d31628156e4c17d8140a15bdc7d2a37e95741e0fc9392f98cce6709b5e04;0x85078724;0x37a6802L;0.500000;1503151860;1503151861
0;64;8048;0x2144aa8ad0bf547fa8d55258266aea1109e1df131fdb84694381b60c2181aa42;0xc091c0305c442b0cb4d3fdfaf05b509e28c3885de9bcc3d259dc82e70116f416;0xdbffdf64;0x408a89c2L;0.500000;1503151861;1503151861
0;64;8048;0x2144aa8ad0bf547fa8d55258266aea1109e1df131fdb84694381b60c2181aa42;0xc091c0305c442b0cb4d3fdfaf05b509e28c3885de9bcc3d259dc82e70116f416;0xdbffdf64;0x408a89c2L;0.500000;1503151861;1503151862
0;64;8048;0x93c1e0674ea2005d7fd99151c99dc0b573828a7171a38fb3fb5065187d5e6111;0xbaccfe94ec6c80e59b1f36dbb400fd80e10c79dfadd39b92a61bfaef51d957b7;0xfdbc2299;0x349a460eL;0.500000;1503151862;1503151862
0;64;8048;0x93c1e0674ea2005d7fd99151c99dc0b573828a7171a38fb3fb5065187d5e6111;0xbaccfe94ec6c80e59b1f36dbb400fd80e10c79dfadd39b92a61bfaef51d957b7;0xfdbc2299;0x349a460eL;0.500000;1503151862;1503151862
0;64;8048;0x93c1e0674ea2005d7fd99151c99dc0b573828a7171a38fb3fb5065187d5e6111;0xbaccfe94ec6c80e59b1f36dbb400fd80e10c79dfadd39b92a61bfaef51d957b7;0xfdbc2299;0x349a460eL;0.500000;1503151862;1503151863
