0;64;8048;0xd3feb5290745a5cc7db6bcb1fd202a7d44279525cf7f43399b1209d4e31d65b6;0x9e487b33ada1d6d8662d8897d131179adbdc3f8260dfa95fcbeb7e900bca0dd1;0xa47f708f;0x4802902eL;0.500000;1503196985;1503196985
0;64;8048;0xd3feb5290745a5cc7db6bcb1fd202a7d44279525cf7f43399b1209d4e31d65b6;0x9e487b33ada1d6d8662d8897d131179adbdc3f8260dfa95fcbeb7e900bca0dd1;0xa47f708f;0x4802902eL;0.500000;1503196985;1503196986
0;64;8048;0x85333389ab911df1deb51caee8d60131005cef54a6d1d833cc712977592fc8de;0x1ec4bdd85baab9b74c3811e03bd6ce84fad1a2d3851987d05e4ef64f85142f72;0xc903ab28;0x63028438L;0.500000;1503196986;1503196986
0;64;8048;0x85333389ab911df1deb51caee8d60131005cef54a6d1d833cc712977592fc8de;0x1ec4bdd85baab9b74c3811e03bd6ce84fad1a2d3851987d05e4ef64f85142f72;0xc903ab28;0x63028438L;0.500000;1503196986;1503196986
0;64;8048;0x85333389ab911df1deb51caee8d60131005cef54a6d1d833cc712977592fc8de;0x1ec4bdd85baab9b74c3811e03bd6ce84fad1a2d3851987d05e4ef64f85142f72;0xc903ab28;0x63028438L;0.500000;1503196986;1503196987
0;64;8048;0x13154f68646e040bd38c6ab1761c2f57141b3c42c2870f75731a191698ed04ab;0x2b9bf39b680270e9f4035c5206c66c7855f90c7721ae7ca9ebb141697fad50b1;0x1d1b2e2c;0x6ea04416L;0.500000;1503196987;1503196987
0;64;8048;0x13154f68646e040bd38c6ab1761c2f57141b3c42c2870f75731a191698ed04ab;0x2b9bf39b680270e9f4035c5206c66c7855f90c7721ae7ca9ebb141697fad50b1;0x1d1b2e2c;0x6ea04416L;0.500000;1503196987;1503196988
0;64;8048;0xb6969d9c6b4716fddb55ef40db3e9a4ce33bf4e73d7f0d7475f87c0c82564e38;0x2fe0aae7278fedd4c83676d071795ac14405b07b09093c812bc369c0b5a411e2;0x049266d0;0xb157203bL;0.500000;1503196988;1503196988
0;64;8048;0xb6969d9c6b4716fddb55ef40db3e9a4ce33bf4e73d7f0d7475f87c0c82564e38;0x2fe0aae7278fedd4c83676d071795ac14405b07b09093c812bc369c0b5a411e2;0x049266d0;0xb157203bL;0.500000;1503196988;1503196988
0;64;8048;0xb6969d9c6b4716fddb55ef40db3e9a4ce33bf4e73d7f0d7475f87c0c82564e38;0x2fe0aae7278fedd4c83676d071795ac14405b07b09093c812bc369c0b5a411e2;0x049266d0;0xb157203bL;0.500000;1503196988;1503196989
0;64;8048;0x4dd2cb2510c944813cbbf69819153de62a47c382ec801502f5b8f159cc0a6119;0x7503e31fe89e2f719e7dd979b45fddb2c87859853c151e5e92e096d143950a68;0xbc6404dd;0x3c17105fL;0.500000;1503196989;1503196989
0;64;8048;0x4dd2cb2510c944813cbbf69819153de62a47c382ec801502f5b8f159cc0a6119;0x7503e31fe89e2f719e7dd979b45fddb2c87859853c151e5e92e096d143950a68;0xbc6404dd;0x3c17105fL;0.500000;1503196989;1503196989
0;64;8048;0x4dd2cb2510c944813cbbf69819153de62a47c382ec801502f5b8f159cc0a6119;0x7503e31fe89e2f719e7dd979b45fddb2c87859853c151e5e92e096d143950a68;0xbc6404dd;0x3c17105fL;0.500000;1503196989;1503196990
0;64;8048;0x9a1e81086f6bb1267fdd89c0274ffc0d97f19ea5dad06daf502fee21ca6b4864;0x987cdd1dfe5e3f8009de3e06caaebd4c10bcc20a13927ece2da76eb5785c9ff5;0x2fdc1fe4;0x3e878212L;0.500000;1503196990;1503196990
0;64;8048;0x9a1e81086f6bb1267fdd89c0274ffc0d97f19ea5dad06daf502fee21ca6b4864;0x987cdd1dfe5e3f8009de3e06caaebd4c10bcc20a13927ece2da76eb5785c9ff5;0x2fdc1fe4;0x3e878212L;0.500000;1503196990;1503196991
0;64;8048;0xb579a53ec345a2dae977c08769e7662689262653996939be08f623fcfc61a9b1;0xf5e51d4686bc461a468088137ca093823fb549600e34173c2395c09cfb16dcc9;0xc23321b0;0x858ae402L;0.500000;1503196991;1503196991
0;64;8048;0xb579a53ec345a2dae977c08769e7662689262653996939be08f623fcfc61a9b1;0xf5e51d4686bc461a468088137ca093823fb549600e34173c2395c09cfb16dcc9;0xc23321b0;0x858ae402L;0.500000;1503196991;1503196991
0;64;8048;0xb579a53ec345a2dae977c08769e7662689262653996939be08f623fcfc61a9b1;0xf5e51d4686bc461a468088137ca093823fb549600e34173c2395c09cfb16dcc9;0xc23321b0;0x858ae402L;0.500000;1503196991;1503196992
0;64;8048;0xa616c60198fa7039b08c9742505e67f5f9ff461c1726e685346059225f0b8e05;0x88be93e8db5200a645922059075141b9d10eee22ac5a97880d76bd2e0bd2dc95;0xa340ae46;0xb3b246c6L;0.500000;1503196992;1503196992
0;64;8048;0xa616c60198fa7039b08c9742505e67f5f9ff461c1726e685346059225f0b8e05;0x88be93e8db5200a645922059075141b9d10eee22ac5a97880d76bd2e0bd2dc95;0xa340ae46;0xb3b246c6L;0.500000;1503196992;1503196992
