0;64;8048;0xfa14c6a1f26a2da13751af9ec5f41a76842c7c30a7deba25557177796a145364;0xd92b9076561caa151dbc08664fb5def85536316ba33aa43bb761eca8728f6da2;0x73b4558e;0x680350d0L;0.500000;1503187504;1503187504
0;64;8048;0xfa14c6a1f26a2da13751af9ec5f41a76842c7c30a7deba25557177796a145364;0xd92b9076561caa151dbc08664fb5def85536316ba33aa43bb761eca8728f6da2;0x73b4558e;0x680350d0L;0.500000;1503187504;1503187504
0;64;8048;0xfa14c6a1f26a2da13751af9ec5f41a76842c7c30a7deba25557177796a145364;0xd92b9076561caa151dbc08664fb5def85536316ba33aa43bb761eca8728f6da2;0x73b4558e;0x680350d0L;0.500000;1503187504;1503187505
0;64;8048;0x86182d56917322320f3d7d0fc24eb474c5f7180ab0ce4088b409fd466b09b3f1;0x9ec6343564373548d22ef220a1081a5ca125cd3de5cd9c73e48916f9f50d9246;0xe0fb8e2c;0x29af0722L;0.500000;1503187505;1503187505
0;64;8048;0x86182d56917322320f3d7d0fc24eb474c5f7180ab0ce4088b409fd466b09b3f1;0x9ec6343564373548d22ef220a1081a5ca125cd3de5cd9c73e48916f9f50d9246;0xe0fb8e2c;0x29af0722L;0.500000;1503187505;1503187505
0;64;8048;0x86182d56917322320f3d7d0fc24eb474c5f7180ab0ce4088b409fd466b09b3f1;0x9ec6343564373548d22ef220a1081a5ca125cd3de5cd9c73e48916f9f50d9246;0xe0fb8e2c;0x29af0722L;0.500000;1503187505;1503187506
0;64;8048;0xe7fc0b4a2fa557ce5b40026d5050fd08770c00829964b1680621412b938b167a;0x855d68b3f2be9264eaa64b7d92594817cdc0f761b7dc89afc3f6f584de47ea1b;0x343da67d;0x658bde06L;0.500000;1503187506;1503187506
0;64;8048;0xe7fc0b4a2fa557ce5b40026d5050fd08770c00829964b1680621412b938b167a;0x855d68b3f2be9264eaa64b7d92594817cdc0f761b7dc89afc3f6f584de47ea1b;0x343da67d;0x658bde06L;0.500000;1503187506;1503187507
0;64;8048;0xde75be7d34ec2132f198e8a64d3b0561c754df09a1ee37089a9ebafdbcdfa49a;0xed8ae2b3c8ff5913d67e776d0f3474e87013a7f833e157f92823d3f0d6b4ff68;0x687e37cb;0xe3cffb61L;0.500000;1503187507;1503187507
0;64;8048;0xde75be7d34ec2132f198e8a64d3b0561c754df09a1ee37089a9ebafdbcdfa49a;0xed8ae2b3c8ff5913d67e776d0f3474e87013a7f833e157f92823d3f0d6b4ff68;0x687e37cb;0xe3cffb61L;0.500000;1503187507;1503187507
0;64;8048;0xde75be7d34ec2132f198e8a64d3b0561c754df09a1ee37089a9ebafdbcdfa49a;0xed8ae2b3c8ff5913d67e776d0f3474e87013a7f833e157f92823d3f0d6b4ff68;0x687e37cb;0xe3cffb61L;0.500000;1503187507;1503187508
0;64;8048;0xd6565adb08ac3eba5fd27e772ec27ac5ea55e115bc3d74217246081c79a80b50;0x97e30a5b1d8362d8cb63588c34bccb429a2ba414ae4d99bc535a09aface014c1;0x7fedafc1;0x885524c0L;0.500000;1503187508;1503187508
0;64;8048;0xd6565adb08ac3eba5fd27e772ec27ac5ea55e115bc3d74217246081c79a80b50;0x97e30a5b1d8362d8cb63588c34bccb429a2ba414ae4d99bc535a09aface014c1;0x7fedafc1;0x885524c0L;0.500000;1503187508;1503187508
0;64;8048;0xd6565adb08ac3eba5fd27e772ec27ac5ea55e115bc3d74217246081c79a80b50;0x97e30a5b1d8362d8cb63588c34bccb429a2ba414ae4d99bc535a09aface014c1;0x7fedafc1;0x885524c0L;0.500000;1503187508;1503187509
0;64;8048;0x711ebd04c2d855b797f09a072f15f1376b813be7c0ae6c8601bd9c6cd4ade045;0xb9b8b9621905be993de73ffa3a0add9ce15db70147a33250303b47cc6f5399c8;0x4c6419c6;0x32a3cf10L;0.500000;1503187509;1503187509
0;64;8048;0x711ebd04c2d855b797f09a072f15f1376b813be7c0ae6c8601bd9c6cd4ade045;0xb9b8b9621905be993de73ffa3a0add9ce15db70147a33250303b47cc6f5399c8;0x4c6419c6;0x32a3cf10L;0.500000;1503187509;1503187510
0;64;8048;0xeb1d379a6367d51e0e178e5af63d52aa39db997c37f0c180d009a943a79fec92;0x5970831bac0b4700f36165da58d52c0684663dc8511e8a8c7fb3d904c1b2bf1a;0x27f4a7b0;0x2ab29c06L;0.500000;1503187510;1503187510
0;64;8048;0xeb1d379a6367d51e0e178e5af63d52aa39db997c37f0c180d009a943a79fec92;0x5970831bac0b4700f36165da58d52c0684663dc8511e8a8c7fb3d904c1b2bf1a;0x27f4a7b0;0x2ab29c06L;0.500000;1503187510;1503187510
0;64;8048;0xeb1d379a6367d51e0e178e5af63d52aa39db997c37f0c180d009a943a79fec92;0x5970831bac0b4700f36165da58d52c0684663dc8511e8a8c7fb3d904c1b2bf1a;0x27f4a7b0;0x2ab29c06L;0.500000;1503187510;1503187511
0;64;8048;0x25de0480c9410f7bbfcb9c2a638dfa3607726bbd39702416c837a1366fe61395;0x0de9ea424f653badd2e271fc8c7379a31e0cff340e0d10df284cf4d5e1e91114;0x8343b9ed;0x7147d156L;0.500000;1503187511;1503187511
