0;64;8048;0x8f28c6ae4d33d95735d3c96f7cefb5677dce57a148171b0f97a60e67bd55dc4c;0x7753e5949e23e42a8df4a2af6e2e87d02d7e118851656585a4dab6f41f82d788;0x92aa42a6;0x860a1102L;0.500000;1503106629;1503106629
0;64;8048;0x8f28c6ae4d33d95735d3c96f7cefb5677dce57a148171b0f97a60e67bd55dc4c;0x7753e5949e23e42a8df4a2af6e2e87d02d7e118851656585a4dab6f41f82d788;0x92aa42a6;0x860a1102L;0.500000;1503106630;1503106630
0;64;8048;0x78ffba159ae277641510b0409e06f63c3615bb399aa206611109f60b5af606d2;0xb80200fcdf157c379f3d80b8f6be3af026a29b2008904ec6efe7a524b385c277;0x75a8ee3f;0xb8833e14L;0.500000;1503106630;1503106630
0;64;8048;0x78ffba159ae277641510b0409e06f63c3615bb399aa206611109f60b5af606d2;0xb80200fcdf157c379f3d80b8f6be3af026a29b2008904ec6efe7a524b385c277;0x75a8ee3f;0xb8833e14L;0.500000;1503106630;1503106631
0;64;8048;0x3f475a910366982e5126631ea4b7823a8cd71925b6cfceeeebb82d7ba51675e4;0x4413749e70b7693985ae176bc65a82e848a98f438ba5329a74387b50523f14e1;0x8306c933;0xa01d500aL;0.500000;1503106631;1503106631
0;64;8048;0x3f475a910366982e5126631ea4b7823a8cd71925b6cfceeeebb82d7ba51675e4;0x4413749e70b7693985ae176bc65a82e848a98f438ba5329a74387b50523f14e1;0x8306c933;0xa01d500aL;0.500000;1503106631;1503106631
0;64;8048;0x3f475a910366982e5126631ea4b7823a8cd71925b6cfceeeebb82d7ba51675e4;0x4413749e70b7693985ae176bc65a82e848a98f438ba5329a74387b50523f14e1;0x8306c933;0xa01d500aL;0.500000;1503106631;1503106632
0;64;8048;0xa998736bab20b9c850fc1b120205d2e5512039dbbdde6cceb17c2570887dbe31;0x52d7262f4cfd5948ce2955eeb48de1a578506bc70eea578064a1d22c1b049678;0xb7ac41d6;0xe189c9b5L;0.500000;1503106632;1503106632
0;64;8048;0xa998736bab20b9c850fc1b120205d2e5512039dbbdde6cceb17c2570887dbe31;0x52d7262f4cfd5948ce2955eeb48de1a578506bc70eea578064a1d22c1b049678;0xb7ac41d6;0xe189c9b5L;0.500000;1503106632;1503106632
0;64;8048;0xa998736bab20b9c850fc1b120205d2e5512039dbbdde6cceb17c2570887dbe31;0x52d7262f4cfd5948ce2955eeb48de1a578506bc70eea578064a1d22c1b049678;0xb7ac41d6;0xe189c9b5L;0.500000;1503106632;1503106633
0;64;8048;0x5028a53d07293637136480f26c6778f82168ef604e3827f4625ad78c54a4e6a4;0x7a112ba13d6ee1ee7d58fbfc1751074e884b67849fabc2eaa4ee0afcbad70855;0x7114699b;0xe4528aeeL;0.500000;1503106633;1503106633
0;64;8048;0x5028a53d07293637136480f26c6778f82168ef604e3827f4625ad78c54a4e6a4;0x7a112ba13d6ee1ee7d58fbfc1751074e884b67849fabc2eaa4ee0afcbad70855;0x7114699b;0xe4528aeeL;0.500000;1503106633;1503106634
0;64;8048;0xbb1cdd6c7502cfa21ccd2597104875a6f7c861124d451acf6b324da1cfa12e8a;0x0af6b6a653e0e2c4db4571b1bd245d2714eb05491326b5fbd497282d5977e956;0x652bdc5a;0x84036446L;0.500000;1503106634;1503106634
0;64;8048;0xbb1cdd6c7502cfa21ccd2597104875a6f7c861124d451acf6b324da1cfa12e8a;0x0af6b6a653e0e2c4db4571b1bd245d2714eb05491326b5fbd497282d5977e956;0x652bdc5a;0x84036446L;0.500000;1503106634;1503106634
0;64;8048;0xbb1cdd6c7502cfa21ccd2597104875a6f7c861124d451acf6b324da1cfa12e8a;0x0af6b6a653e0e2c4db4571b1bd245d2714eb05491326b5fbd497282d5977e956;0x652bdc5a;0x84036446L;0.500000;1503106634;1503106635
0;64;8048;0x21b36aa96ac07836aae1a89f6460f361292fbbeb37afd740b6135b2c7d37bc9e;0x1d0e472949d80990b479b8dd62c39c18ec9fcaacfef5f356b04779409cf20f58;0x861cecd9;0x40989066L;0.500000;1503106635;1503106635
0;64;8048;0x21b36aa96ac07836aae1a89f6460f361292fbbeb37afd740b6135b2c7d37bc9e;0x1d0e472949d80990b479b8dd62c39c18ec9fcaacfef5f356b04779409cf20f58;0x861cecd9;0x40989066L;0.500000;1503106635;1503106636
0;64;8048;0x243ac898ee6e3fc140dab82875b678dfce40e259059b590e46dae8852eb68d52;0x25125c8cd3cdbaba260ceb81f8010e61aec41f928bd0b784d8e615c83498379f;0x2ce580a9;0xe0728a8eL;0.500000;1503106636;1503106636
0;64;8048;0x243ac898ee6e3fc140dab82875b678dfce40e259059b590e46dae8852eb68d52;0x25125c8cd3cdbaba260ceb81f8010e61aec41f928bd0b784d8e615c83498379f;0x2ce580a9;0xe0728a8eL;0.500000;1503106636;1503106636
0;64;8048;0x243ac898ee6e3fc140dab82875b678dfce40e259059b590e46dae8852eb68d52;0x25125c8cd3cdbaba260ceb81f8010e61aec41f928bd0b784d8e615c83498379f;0x2ce580a9;0xe0728a8eL;0.500000;1503106636;1503106637
