0;64;8048;0xb7aabdb1ea6d21ebb51ce333d64db1ffaae12eb1f1f4421e67832d5ff14c2ca8;0xf96a4d64cd48573bfda2448807a4cbe452b4c79a67080bb36df4c2ccf76f87d7;0x699d03f4;0x4f5a68b6L;0.500000;1503140925;1503140926
0;64;8048;0x20bdb3248c021db5fc77045be25299f0f1835f35bee474d72463d82a2cada54c;0xc01a97c410786877261b9aee6502b9327d0df1b6f875809a0b78c9f6c0037485;0xe6c67a35;0xfeb9052L;0.500000;1503140926;1503140926
0;64;8048;0x20bdb3248c021db5fc77045be25299f0f1835f35bee474d72463d82a2cada54c;0xc01a97c410786877261b9aee6502b9327d0df1b6f875809a0b78c9f6c0037485;0xe6c67a35;0xfeb9052L;0.500000;1503140926;1503140926
0;64;8048;0x20bdb3248c021db5fc77045be25299f0f1835f35bee474d72463d82a2cada54c;0xc01a97c410786877261b9aee6502b9327d0df1b6f875809a0b78c9f6c0037485;0xe6c67a35;0xfeb9052L;0.500000;1503140926;1503140927
0;64;8048;0x12f3a6b5ef16db52bf3622382bc6dfc41078d1ad51cf4ec9b303724c97812ea9;0xda812931a7310056828383af5e272b10afbdecaa29f2edcd0c082ffe34c404ad;0x821c7979;0x88103c1L;0.500000;1503140927;1503140927
0;64;8048;0x12f3a6b5ef16db52bf3622382bc6dfc41078d1ad51cf4ec9b303724c97812ea9;0xda812931a7310056828383af5e272b10afbdecaa29f2edcd0c082ffe34c404ad;0x821c7979;0x88103c1L;0.500000;1503140927;1503140928
0;64;8048;0x3663d9edc076c2eece2ef470c717e64e29d423c4b716338c7a8c00d18962d6bf;0x5cc8da80d7b1482051221dea307c862792c53df59e89cabfecac1c572370be45;0x6f0bad2d;0x41279086L;0.500000;1503140928;1503140928
0;64;8048;0x3663d9edc076c2eece2ef470c717e64e29d423c4b716338c7a8c00d18962d6bf;0x5cc8da80d7b1482051221dea307c862792c53df59e89cabfecac1c572370be45;0x6f0bad2d;0x41279086L;0.500000;1503140928;1503140928
0;64;8048;0x3663d9edc076c2eece2ef470c717e64e29d423c4b716338c7a8c00d18962d6bf;0x5cc8da80d7b1482051221dea307c862792c53df59e89cabfecac1c572370be45;0x6f0bad2d;0x41279086L;0.500000;1503140928;1503140929
0;64;8048;0x3cfd79e3dca22582f0c583afdbef14d6e8e001eb42234a59f4cb979367c8a5a3;0xd96162f4bb5549b537bbeb351f5200ab84dc587973a81d30cc5a5cbee2b692fd;0xf4dab573;0x3602ab82L;0.500000;1503140929;1503140929
0;64;8048;0x3cfd79e3dca22582f0c583afdbef14d6e8e001eb42234a59f4cb979367c8a5a3;0xd96162f4bb5549b537bbeb351f5200ab84dc587973a81d30cc5a5cbee2b692fd;0xf4dab573;0x3602ab82L;0.500000;1503140929;1503140930
0;64;8048;0x1d54285a2618d9927ddcea47126630a61a000146f8599225dfe035acfbb24b18;0x77e4404c4842bf5749be6425fbf60cff604987157eddabec51f06f287d0d1315;0xc57fd375;0x45a8a6a6L;0.500000;1503140930;1503140930
0;64;8048;0x1d54285a2618d9927ddcea47126630a61a000146f8599225dfe035acfbb24b18;0x77e4404c4842bf5749be6425fbf60cff604987157eddabec51f06f287d0d1315;0xc57fd375;0x45a8a6a6L;0.500000;1503140930;1503140930
0;64;8048;0x1d54285a2618d9927ddcea47126630a61a000146f8599225dfe035acfbb24b18;0x77e4404c4842bf5749be6425fbf60cff604987157eddabec51f06f287d0d1315;0xc57fd375;0x45a8a6a6L;0.500000;1503140930;1503140931
0;64;8048;0xdd5a849f46a7b1d6a15d3e4616ccc12287f3b6700d57425ebb1276afd31a8bb0;0x0639f418f49516b8db3f073dd48c8f49dced77ca44887310e15564d38d5b88b3;0xda11f87b;0xc4e47016L;0.500000;1503140931;1503140931
0;64;8048;0xdd5a849f46a7b1d6a15d3e4616ccc12287f3b6700d57425ebb1276afd31a8bb0;0x0639f418f49516b8db3f073dd48c8f49dced77ca44887310e15564d38d5b88b3;0xda11f87b;0xc4e47016L;0.500000;1503140931;1503140932
0;64;8048;0x12ae94060c24d41f456d7770f2afc77dbc0966b8125338a82ead76534b6e8e5d;0xe4b150ea5afa10931363b30b81486cd6a142ce3d9514713409724fdc8a9ca5ef;0xe6ad552c;0xc8aa66c2L;0.500000;1503140932;1503140932
0;64;8048;0x12ae94060c24d41f456d7770f2afc77dbc0966b8125338a82ead76534b6e8e5d;0xe4b150ea5afa10931363b30b81486cd6a142ce3d9514713409724fdc8a9ca5ef;0xe6ad552c;0xc8aa66c2L;0.500000;1503140932;1503140932
0;64;8048;0x12ae94060c24d41f456d7770f2afc77dbc0966b8125338a82ead76534b6e8e5d;0xe4b150ea5afa10931363b30b81486cd6a142ce3d9514713409724fdc8a9ca5ef;0xe6ad552c;0xc8aa66c2L;0.500000;1503140932;1503140933
0;64;8048;0x3c2b054fbbbeabd9896ee0096f17923cc1c3e56b59a3a5ced841be1e4b4b5f87;0xa8fff7b17e6444c2d9934a2e8123a2245c1d17d87bd5d9f7f1169caf944b5e67;0x64dd43c9;0x4c1311b8L;0.500000;1503140933;1503140933
