0;64;8048;0x81a0bb3d96af634dcbf9e953df040728b7b9a98b27797cc84923ae56812e4202;0x03d75fbfa1714dd8ac15b4683d19e3533689f26822c5f219119758380d6da088;0x1cb58d24;0xc1258182L;0.500000;1503086521;1503086522
0;64;8048;0x71a4b5a5b82e8a095c496aff37c5e2a91fa73b712fa4e151bd2b044c58abe9c9;0x369488d4f993f613305d53d900c5131ef9888a6a5ad04f815e86b6b5538438f5;0x1790cd66;0x4484a616L;0.500000;1503086522;1503086522
0;64;8048;0x71a4b5a5b82e8a095c496aff37c5e2a91fa73b712fa4e151bd2b044c58abe9c9;0x369488d4f993f613305d53d900c5131ef9888a6a5ad04f815e86b6b5538438f5;0x1790cd66;0x4484a616L;0.500000;1503086522;1503086522
0;64;8048;0x71a4b5a5b82e8a095c496aff37c5e2a91fa73b712fa4e151bd2b044c58abe9c9;0x369488d4f993f613305d53d900c5131ef9888a6a5ad04f815e86b6b5538438f5;0x1790cd66;0x4484a616L;0.500000;1503086523;1503086523
0;64;8048;0xbfe7bb24a9197bc249b0ebd2dc03511a1ecab3f0dfd63f962004eb2a23195ee2;0x54f0aa9351bcc46325ade70a84e9eec8812802255dc13159ffdc1a3a952b1a3f;0x9e3ef9ba;0x653ae42L;0.500000;1503086523;1503086523
0;64;8048;0xbfe7bb24a9197bc249b0ebd2dc03511a1ecab3f0dfd63f962004eb2a23195ee2;0x54f0aa9351bcc46325ade70a84e9eec8812802255dc13159ffdc1a3a952b1a3f;0x9e3ef9ba;0x653ae42L;0.500000;1503086523;1503086524
0;64;8048;0xf9fa2c3b7e7ad968d673f5799f7e2c5f71beb64cefa7916d9cf3533b09faa802;0x70cc3f2e784f1809fe1fff99ca119e6c57a34abefd495908b6b4b75552a9545d;0x097aa7a6;0x45075282L;0.500000;1503086524;1503086524
0;64;8048;0xf9fa2c3b7e7ad968d673f5799f7e2c5f71beb64cefa7916d9cf3533b09faa802;0x70cc3f2e784f1809fe1fff99ca119e6c57a34abefd495908b6b4b75552a9545d;0x097aa7a6;0x45075282L;0.500000;1503086524;1503086525
0;64;8048;0x07347a384b2e417d318bf202d26a6fb890c5108a74cca5aba3f97461a1421da8;0x63ec5a7fb82b8bf7802af1c09c4f9ff96c6adf593b0dc56cb78fdc98eece9eeb;0xa8da1edb;0x4809aa06L;0.500000;1503086525;1503086525
0;64;8048;0x07347a384b2e417d318bf202d26a6fb890c5108a74cca5aba3f97461a1421da8;0x63ec5a7fb82b8bf7802af1c09c4f9ff96c6adf593b0dc56cb78fdc98eece9eeb;0xa8da1edb;0x4809aa06L;0.500000;1503086525;1503086526
0;64;8048;0xed536c0aaf635b01f40f03f3293a5342b03cd53020b2443ac91b524b24128011;0x17becadb43545f332976aea5a959f5a9fe4dc11f81c0781a4aa513fac7a79302;0x05f886d7;0x310a6840L;0.500000;1503086526;1503086526
0;64;8048;0xed536c0aaf635b01f40f03f3293a5342b03cd53020b2443ac91b524b24128011;0x17becadb43545f332976aea5a959f5a9fe4dc11f81c0781a4aa513fac7a79302;0x05f886d7;0x310a6840L;0.500000;1503086526;1503086527
0;64;8048;0x4d46c02fef0fc9b4dc3ee9b52cb53113dd826bcfc3656feb1e89e5f60b8e0f58;0x0c11e57b273a49be1fcfcb8d44b5d36b081ef55485e1d06cedb92a844556b3cd;0x635e9038;0x54780454L;0.500000;1503086527;1503086527
0;64;8048;0x4d46c02fef0fc9b4dc3ee9b52cb53113dd826bcfc3656feb1e89e5f60b8e0f58;0x0c11e57b273a49be1fcfcb8d44b5d36b081ef55485e1d06cedb92a844556b3cd;0x635e9038;0x54780454L;0.500000;1503086527;1503086528
0;64;8048;0xa423774e4c2c508d95ddbb6e3521f446196edec64742db70e65a5d8e72924216;0x9bdcd19b3cfc82b2b29b3e4163a8c340c1a54a1714994d303e6798847f974426;0xd040f6af;0xcf80515fL;0.500000;1503086528;1503086528
0;64;8048;0xa423774e4c2c508d95ddbb6e3521f446196edec64742db70e65a5d8e72924216;0x9bdcd19b3cfc82b2b29b3e4163a8c340c1a54a1714994d303e6798847f974426;0xd040f6af;0xcf80515fL;0.500000;1503086528;1503086529
0;64;8048;0x47c93e5148ebf9da193a25864c99b8b4fbbe4808f091577727386b3d3377bf7a;0xb06cebd89f77e26e9b743d71c8d9779ac3c9f4d661bdbada089cc5efaecbd20b;0x6020e92a;0x8557bb16L;0.500000;1503086529;1503086529
0;64;8048;0x47c93e5148ebf9da193a25864c99b8b4fbbe4808f091577727386b3d3377bf7a;0xb06cebd89f77e26e9b743d71c8d9779ac3c9f4d661bdbada089cc5efaecbd20b;0x6020e92a;0x8557bb16L;0.500000;1503086529;1503086529
0;64;8048;0x47c93e5148ebf9da193a25864c99b8b4fbbe4808f091577727386b3d3377bf7a;0xb06cebd89f77e26e9b743d71c8d9779ac3c9f4d661bdbada089cc5efaecbd20b;0x6020e92a;0x8557bb16L;0.500000;1503086529;1503086530
0;64;8048;0xe813c44c76386f0ec8cf9d50d4f4085c770171eb314890c038b23cfcb89eb8a1;0xe4a9bc4a44e5855107a2070d1cf8ccc90d9589f81f17b567a1fe1fa61ed0b0c5;0x24cd9053;0xa9571a56L;0.500000;1503086530;1503086530
