0;64;8048;0x5a3880b1149103f7c5517372f6091c9bb96293cc7140f78f7f13fde82f239689;0x235d0385118845d463d85dd2eab7b7a52640881e5a0f8e817dbaff1ab0cac672;0xaa29ba2c;0x2f1a1986L;0.500000;1503191068;1503191069
0;64;8048;0x989fd64aac7c9277fd4d3c12d23e9ae2690fc71abdcf604b0ba9181d36a7cfcf;0x28b6cca556153b19c35f12a970e2f8204fa96f71ea88e4398e054ee9ee1dcbd6;0xfad5485e;0xbe8b2044L;0.500000;1503191069;1503191069
0;64;8048;0x989fd64aac7c9277fd4d3c12d23e9ae2690fc71abdcf604b0ba9181d36a7cfcf;0x28b6cca556153b19c35f12a970e2f8204fa96f71ea88e4398e054ee9ee1dcbd6;0xfad5485e;0xbe8b2044L;0.500000;1503191069;1503191070
0;64;8048;0x8e59705d3636b0e52058e1a9b2881ffaea69226cbeed15846478756a99e76427;0x6b5c20c8803e3c3a0e19daeffe4225e2c9beb81f5b3966d62e23690a962bc9cc;0xeb731d4d;0x42e8b514L;0.500000;1503191070;1503191070
0;64;8048;0x8e59705d3636b0e52058e1a9b2881ffaea69226cbeed15846478756a99e76427;0x6b5c20c8803e3c3a0e19daeffe4225e2c9beb81f5b3966d62e23690a962bc9cc;0xeb731d4d;0x42e8b514L;0.500000;1503191070;1503191070
0;64;8048;0x8e59705d3636b0e52058e1a9b2881ffaea69226cbeed15846478756a99e76427;0x6b5c20c8803e3c3a0e19daeffe4225e2c9beb81f5b3966d62e23690a962bc9cc;0xeb731d4d;0x42e8b514L;0.500000;1503191070;1503191071
0;64;8048;0x91b3cac0bb087cc1b7daa6e3b3367955d50d9a37ad32eda19f880d2e471b72d9;0xcd52617a9cce72b5c1522bf4a3064e821b26256f4c558f9183c6d3311670b8f3;0x645d0b78;0xb41011aeL;0.500000;1503191071;1503191071
0;64;8048;0x91b3cac0bb087cc1b7daa6e3b3367955d50d9a37ad32eda19f880d2e471b72d9;0xcd52617a9cce72b5c1522bf4a3064e821b26256f4c558f9183c6d3311670b8f3;0x645d0b78;0xb41011aeL;0.500000;1503191071;1503191071
0;64;8048;0x91b3cac0bb087cc1b7daa6e3b3367955d50d9a37ad32eda19f880d2e471b72d9;0xcd52617a9cce72b5c1522bf4a3064e821b26256f4c558f9183c6d3311670b8f3;0x645d0b78;0xb41011aeL;0.500000;1503191071;1503191072
0;64;8048;0xda4ec74b20a15c1df3045872e9a2e808d657c4ca550371b03e628058eb8fa1c5;0xeacf8e95584eb1c692d2a4f88a86a9867156665341ca4f29bf8e943447cf8897;0x86bce941;0x95182292L;0.500000;1503191072;1503191072
0;64;8048;0xda4ec74b20a15c1df3045872e9a2e808d657c4ca550371b03e628058eb8fa1c5;0xeacf8e95584eb1c692d2a4f88a86a9867156665341ca4f29bf8e943447cf8897;0x86bce941;0x95182292L;0.500000;1503191072;1503191073
0;64;8048;0x2883a82ae766d710270cbf8df6341df2b5c1536457218f1a90f860ef349c595c;0xd00ff1643302e3b13a70d110c2285dddb0fa13c8df9ae597efda60f4b6a710aa;0xffa7b54b;0x3052019aL;0.500000;1503191073;1503191073
0;64;8048;0x2883a82ae766d710270cbf8df6341df2b5c1536457218f1a90f860ef349c595c;0xd00ff1643302e3b13a70d110c2285dddb0fa13c8df9ae597efda60f4b6a710aa;0xffa7b54b;0x3052019aL;0.500000;1503191073;1503191073
0;64;8048;0x2883a82ae766d710270cbf8df6341df2b5c1536457218f1a90f860ef349c595c;0xd00ff1643302e3b13a70d110c2285dddb0fa13c8df9ae597efda60f4b6a710aa;0xffa7b54b;0x3052019aL;0.500000;1503191073;1503191074
0;64;8048;0x0b6c9b6a34faa73a8db1e8608bf9c0a5ec9efdb08c8aebb3fdd2d14c74c88a7f;0x193d5c11075ab13ed935688f74e379682c334f0277cc63a169fb01bc4dc90475;0xe76e420c;0x988aaa6L;0.500000;1503191074;1503191074
0;64;8048;0x0b6c9b6a34faa73a8db1e8608bf9c0a5ec9efdb08c8aebb3fdd2d14c74c88a7f;0x193d5c11075ab13ed935688f74e379682c334f0277cc63a169fb01bc4dc90475;0xe76e420c;0x988aaa6L;0.500000;1503191074;1503191074
0;64;8048;0x0b6c9b6a34faa73a8db1e8608bf9c0a5ec9efdb08c8aebb3fdd2d14c74c88a7f;0x193d5c11075ab13ed935688f74e379682c334f0277cc63a169fb01bc4dc90475;0xe76e420c;0x988aaa6L;0.500000;1503191074;1503191075
0;64;8048;0x5bd4fd8d6194229507ebceaa94d7cbfe09f90990b7c8f314de8a8c53ce192629;0xa85f90f92fc548f0068570099845224f1fe604436fbb2fe86bb6da4e85dec0fa;0xaf3a143c;0xa3bcd012L;0.500000;1503191075;1503191075
0;64;8048;0x5bd4fd8d6194229507ebceaa94d7cbfe09f90990b7c8f314de8a8c53ce192629;0xa85f90f92fc548f0068570099845224f1fe604436fbb2fe86bb6da4e85dec0fa;0xaf3a143c;0xa3bcd012L;0.500000;1503191075;1503191075
0;64;8048;0x5bd4fd8d6194229507ebceaa94d7cbfe09f90990b7c8f314de8a8c53ce192629;0xa85f90f92fc548f0068570099845224f1fe604436fbb2fe86bb6da4e85dec0fa;0xaf3a143c;0xa3bcd012L;0.500000;1503191076;1503191076
