0;64;8048;0xda142a47f7d5d60bb011edffa44185dc9d42c1a45c56e416a2ba164ca0b7437a;0x44fb7f1b86753e82b05a11bd4e4d1268e68a639d974ed2ab788a4968d5c9c434;0xf77574e6;0x4c197178L;0.500000;1503121881;1503121882
0;64;8048;0xb8fc71c067d3bf3afd4c328e692cf6d049693e38c0fa38b5386256beb28dd96b;0x54c552dd8dd301fec2cbcc363c29889ab8bf0b06e162296e821b252adf689f00;0xe9c56457;0x1490c66L;0.500000;1503121882;1503121882
0;64;8048;0xb8fc71c067d3bf3afd4c328e692cf6d049693e38c0fa38b5386256beb28dd96b;0x54c552dd8dd301fec2cbcc363c29889ab8bf0b06e162296e821b252adf689f00;0xe9c56457;0x1490c66L;0.500000;1503121882;1503121883
0;64;8048;0x1f38bf93f7a9a6959bbc99491ea6024f72c4d7e68e4abb8a679c29d7638e0c82;0x80bab6a5c516c2daed74906da9be5bfe9e8ef2e2dcf74c599205990b8d7c4cd6;0xfdde6111;0x1081cbdfL;0.500000;1503121883;1503121883
0;64;8048;0x1f38bf93f7a9a6959bbc99491ea6024f72c4d7e68e4abb8a679c29d7638e0c82;0x80bab6a5c516c2daed74906da9be5bfe9e8ef2e2dcf74c599205990b8d7c4cd6;0xfdde6111;0x1081cbdfL;0.500000;1503121883;1503121883
0;64;8048;0x1f38bf93f7a9a6959bbc99491ea6024f72c4d7e68e4abb8a679c29d7638e0c82;0x80bab6a5c516c2daed74906da9be5bfe9e8ef2e2dcf74c599205990b8d7c4cd6;0xfdde6111;0x1081cbdfL;0.500000;1503121883;1503121884
0;64;8048;0x749ae1f932aa1f87db1987e8bccc748a03eff0894f71b1393a72d927d7ac814c;0xa916c800f132b89a7c0a05aca82345c59c8d81b998d73ded7c28f6ff933958f6;0x65ea7bf5;0x42ff1402L;0.500000;1503121884;1503121884
0;64;8048;0x749ae1f932aa1f87db1987e8bccc748a03eff0894f71b1393a72d927d7ac814c;0xa916c800f132b89a7c0a05aca82345c59c8d81b998d73ded7c28f6ff933958f6;0x65ea7bf5;0x42ff1402L;0.500000;1503121884;1503121884
0;64;8048;0x749ae1f932aa1f87db1987e8bccc748a03eff0894f71b1393a72d927d7ac814c;0xa916c800f132b89a7c0a05aca82345c59c8d81b998d73ded7c28f6ff933958f6;0x65ea7bf5;0x42ff1402L;0.500000;1503121885;1503121885
0;64;8048;0x2a931392749b3ffcfe785e1bea86c4cb8c0fff0554b9ab8121e7a53e0e9bcf38;0x6233b05cdf33ce96769b9c55b7b7ac640367ca93c3052303d12261043b13b419;0xfe2bc10a;0x63f821cL;0.500000;1503121885;1503121885
0;64;8048;0x2a931392749b3ffcfe785e1bea86c4cb8c0fff0554b9ab8121e7a53e0e9bcf38;0x6233b05cdf33ce96769b9c55b7b7ac640367ca93c3052303d12261043b13b419;0xfe2bc10a;0x63f821cL;0.500000;1503121885;1503121886
0;64;8048;0x296969ad5ba85713f55afb7838b559140c7d2e5607b8890190ecb735856fbdae;0x904bed1891dbde793d74e9e4009c6331ebac4ee1d848cca0185612c855677ad7;0xfe00bb5e;0x47320e5fL;0.500000;1503121886;1503121886
0;64;8048;0x296969ad5ba85713f55afb7838b559140c7d2e5607b8890190ecb735856fbdae;0x904bed1891dbde793d74e9e4009c6331ebac4ee1d848cca0185612c855677ad7;0xfe00bb5e;0x47320e5fL;0.500000;1503121886;1503121886
0;64;8048;0xb16b27fdcd671faa92c96f31bde9a67d0d39f9ffd11dbacd56272fa67651c627;0x95881b61433600381bcc1ff41d1ecc69bb58d557dc935ce0e6203b5a6ba5a178;0xe2d0f2ea;0x218898b0L;0.500000;1503121887;1503121887
0;64;8048;0xb16b27fdcd671faa92c96f31bde9a67d0d39f9ffd11dbacd56272fa67651c627;0x95881b61433600381bcc1ff41d1ecc69bb58d557dc935ce0e6203b5a6ba5a178;0xe2d0f2ea;0x218898b0L;0.500000;1503121887;1503121887
0;64;8048;0xb16b27fdcd671faa92c96f31bde9a67d0d39f9ffd11dbacd56272fa67651c627;0x95881b61433600381bcc1ff41d1ecc69bb58d557dc935ce0e6203b5a6ba5a178;0xe2d0f2ea;0x218898b0L;0.500000;1503121887;1503121888
0;64;8048;0xd48961d216085470361fc12b07028131f9f90deebe5d0f4c615cd6beb107bf86;0x953f2075bc36a95a4ee313995ffff76596533f020d6d11da2d171d35f41345c9;0x27768e68;0x34aa7182L;0.500000;1503121888;1503121888
0;64;8048;0xd48961d216085470361fc12b07028131f9f90deebe5d0f4c615cd6beb107bf86;0x953f2075bc36a95a4ee313995ffff76596533f020d6d11da2d171d35f41345c9;0x27768e68;0x34aa7182L;0.500000;1503121888;1503121888
0;64;8048;0xd48961d216085470361fc12b07028131f9f90deebe5d0f4c615cd6beb107bf86;0x953f2075bc36a95a4ee313995ffff76596533f020d6d11da2d171d35f41345c9;0x27768e68;0x34aa7182L;0.500000;1503121889;1503121889
0;64;8048;0x63bbf1c72fd31475ea488b3cf8a5eba2b18fbc18104178d5b2a42ed2b4afbb17;0x7479abe21a887f29410b803485558a95b3c4c8705e7b5cfa9e3fb4e9e0011ba6;0x6fc41c18;0xe09169fL;0.500000;1503121889;1503121889
