0;128;8048;0x8fe8057bb388f56ae86de47184f8f97b040ed0393f632eadc2e2c017f6d78786;0x0e642b078f183f0796a4a3e13e88858823d2850fff7459a2931b5a2b0cd8c040;0x76e602cf;0x70b17582L;0.500000;1503119312;1503119312
0;128;8048;0x8fe8057bb388f56ae86de47184f8f97b040ed0393f632eadc2e2c017f6d78786;0x0e642b078f183f0796a4a3e13e88858823d2850fff7459a2931b5a2b0cd8c040;0x76e602cf;0x70b17582L;0.500000;1503119312;1503119313
0;128;8048;0xc269ece65112a39dac901eb9799b7a96d61df40bc1e74084210ffdaa087f75cb;0x66fbe1fa4c3f99221dcd42e966d4b9cbc759594474dc3406bdc609639997e260;0xf0294e4c;0xfc6ffdb3L;0.500000;1503119313;1503119313
0;128;8048;0xc269ece65112a39dac901eb9799b7a96d61df40bc1e74084210ffdaa087f75cb;0x66fbe1fa4c3f99221dcd42e966d4b9cbc759594474dc3406bdc609639997e260;0xf0294e4c;0xfc6ffdb3L;0.500000;1503119313;1503119314
0;128;8048;0x7fe0208f5926b9eb54d080631fba357c220653c5b4f61598ccf56b8a0e7c388d;0x1001a86b85be4cd9b4bf5c219a2ba620853c7143e37fab524f63aed2473914ce;0x0d9febc1;0xa560838bL;0.500000;1503119314;1503119314
0;128;8048;0x7fe0208f5926b9eb54d080631fba357c220653c5b4f61598ccf56b8a0e7c388d;0x1001a86b85be4cd9b4bf5c219a2ba620853c7143e37fab524f63aed2473914ce;0x0d9febc1;0xa560838bL;0.500000;1503119315;1503119315
0;128;8048;0x4761780ca747c7445b8acfd7c890d0cabb960a544e8b13f63c5e3ff255b58c9d;0x78f43dcae327fd8ff928d2e7f3a254089e9041688961b00e63dabeda592b13af;0x4c492923;0x8961b04eL;0.500000;1503119315;1503119316
0;128;8048;0xf4c4949466ecf6f8fa34da9222fb99c25ca76df5b763b98faeeae0da88220a7d;0x1bfc3e8d77280491772839c612b50a93752042165da9f5d3c096c9fd2594466b;0xc9106e38;0xda9f5d1L;0.500000;1503119316;1503119316
0;128;8048;0xf4c4949466ecf6f8fa34da9222fb99c25ca76df5b763b98faeeae0da88220a7d;0x1bfc3e8d77280491772839c612b50a93752042165da9f5d3c096c9fd2594466b;0xc9106e38;0xda9f5d1L;0.500000;1503119316;1503119317
0;128;8048;0x113111b878b9b66973305e6708ec1aa12a895a430d30387eaaad9ab04d87295e;0xd5344f26899777394d35a739f7dcb7110731f6d6743159709c80288315d66470;0x0f39373f;0xeca7fffdL;0.500000;1503119317;1503119317
0;128;8048;0x113111b878b9b66973305e6708ec1aa12a895a430d30387eaaad9ab04d87295e;0xd5344f26899777394d35a739f7dcb7110731f6d6743159709c80288315d66470;0x0f39373f;0xeca7fffdL;0.500000;1503119317;1503119317
0;128;8048;0x113111b878b9b66973305e6708ec1aa12a895a430d30387eaaad9ab04d87295e;0xd5344f26899777394d35a739f7dcb7110731f6d6743159709c80288315d66470;0x0f39373f;0xeca7fffdL;0.500000;1503119318;1503119318
0;128;8048;0x4441158548e7c163f9e3bb4c49573c014cca086e588707395fb850cc01a94446;0x36b78ad6cf02a625652f358335abae1698cdcf23bd22eb468b32777ce8558d6c;0xd30a77ab;0xd544ddf1L;0.500000;1503119318;1503119319
0;128;8048;0xf64fc7da8d7f01f43b9588d30bbf7283f1825d2d4d698498f5175461556a854b;0x0b504a8fba39601e5b28c00f7a96153f78037458c6f32d8993539e07ce26f9a2;0xbf59f8cc;0x901ed98L;0.500000;1503119319;1503119319
0;128;8048;0xf64fc7da8d7f01f43b9588d30bbf7283f1825d2d4d698498f5175461556a854b;0x0b504a8fba39601e5b28c00f7a96153f78037458c6f32d8993539e07ce26f9a2;0xbf59f8cc;0x901ed98L;0.500000;1503119319;1503119320
0;128;8048;0x65b6909ead04f610de4d4505861244c6ab409b294928242feab85bf3632975c8;0x7a96c0f82b3e129ae63f669df7595af89d895cfe8f0c8dcc996dd257b4bd6bbb;0x25c01536;0xfed7ff6fL;0.500000;1503119320;1503119320
0;128;8048;0x65b6909ead04f610de4d4505861244c6ab409b294928242feab85bf3632975c8;0x7a96c0f82b3e129ae63f669df7595af89d895cfe8f0c8dcc996dd257b4bd6bbb;0x25c01536;0xfed7ff6fL;0.500000;1503119320;1503119321
0;128;8048;0x13f23bc1525cade818da9574c83177cc22ab68b31e08f1d15a4500b3b85bf0cb;0x36403b2c6bbfd343d3ecdc8b41ff7fcaa0b5ee2844d2b99ebc66cab92be98727;0xc8a834ad;0xcc494e82L;0.500000;1503119321;1503119321
0;128;8048;0x13f23bc1525cade818da9574c83177cc22ab68b31e08f1d15a4500b3b85bf0cb;0x36403b2c6bbfd343d3ecdc8b41ff7fcaa0b5ee2844d2b99ebc66cab92be98727;0xc8a834ad;0xcc494e82L;0.500000;1503119321;1503119322
0;128;8048;0x959e67f42b6c15463c5bfcb5db7444fe7615b364798e010a7a5d47d7d4101e69;0xd8ade633a63080fa8be22a0c6ee47217ab4178bbffa488f2c8a5c997f3687a07;0x7afb636d;0x244fd436L;0.500000;1503119322;1503119322
