0;128;8048;0x021103a4d1cc296a37fe70ba273697a4fa7cd7e37e758ff6d84d3be1f638daf8;0x7bb5fea934167820ecfd59dd7d996d827c9bb506aa4d497ad3abbbf5d7ac5220;0xba470c47;0xbf2032eaL;0.500000;1503102810;1503102810
0;128;8048;0x021103a4d1cc296a37fe70ba273697a4fa7cd7e37e758ff6d84d3be1f638daf8;0x7bb5fea934167820ecfd59dd7d996d827c9bb506aa4d497ad3abbbf5d7ac5220;0xba470c47;0xbf2032eaL;0.500000;1503102810;1503102811
0;128;8048;0x95df2ff2f9fb6d570d6ef1de465279002de6d20c14f3bf804625a0867221d407;0x008aec8ac0d4c2860b90d262c301c454bb995d1201a0f4869695e21fa06b1644;0x0c91daed;0xfffb4ba1L;0.500000;1503102811;1503102811
0;128;8048;0x95df2ff2f9fb6d570d6ef1de465279002de6d20c14f3bf804625a0867221d407;0x008aec8ac0d4c2860b90d262c301c454bb995d1201a0f4869695e21fa06b1644;0x0c91daed;0xfffb4ba1L;0.500000;1503102811;1503102812
0;128;8048;0x09d8f72a743baaf6115f7e35acfbc5800cdb855fab572641afdfe0c742ee934b;0x62dfc837d483ee30d108bc6d0a04c6e2525bc83a52f605285aca1a68f0768d35;0x51ba08a5;0x7ffffffbL;0.500000;1503102812;1503102812
0;128;8048;0x09d8f72a743baaf6115f7e35acfbc5800cdb855fab572641afdfe0c742ee934b;0x62dfc837d483ee30d108bc6d0a04c6e2525bc83a52f605285aca1a68f0768d35;0x51ba08a5;0x7ffffffbL;0.500000;1503102812;1503102813
0;128;8048;0xfbc1feccb6f4d1bc62a9a78f61bf55a960b78d7207d1f4a1c11776859c589897;0x2c5037ac66bec7dab72cd21c7071a923372f530f8981e6a98a6377fce436323e;0x7a95a80c;0xa54c023cL;0.500000;1503102813;1503102813
0;128;8048;0xfbc1feccb6f4d1bc62a9a78f61bf55a960b78d7207d1f4a1c11776859c589897;0x2c5037ac66bec7dab72cd21c7071a923372f530f8981e6a98a6377fce436323e;0x7a95a80c;0xa54c023cL;0.500000;1503102813;1503102814
1;128;8048;0x71c7fc2c2ead7220c6ca3c0cad46a1825e0f1a1cbc029f76566f110522f0bb93;0x3edc9fc85ec2f551d0bb10f96733a21d4d78bb32e07379c4d62729af44a54940;0x6cc88742;0xe07379c4L;0.500000;1503102814;1503102814
1;128;8048;0x71c7fc2c2ead7220c6ca3c0cad46a1825e0f1a1cbc029f76566f110522f0bb93;0x3edc9fc85ec2f551d0bb10f96733a21d4d78bb32e07379c4d62729af44a54940;0x6cc88742;0xe07379c4L;0.500000;1503102814;1503102815
0;128;8048;0xc11f2e6523dc0c03187b8f0369342831c181fcd02bfda7d006f759028f35de51;0xa8c055162a552588083f5a1cbbfcc6bca625e9d056f85f2ce76c53223d6ab8f4;0x31d5fef7;0x71a6861L;0.500000;1503102815;1503102815
0;128;8048;0x5cb1b30d771fee56612a65d9c502176fcabb45425e49931977b8e5780fb8216b;0xc9b240c7fc2a6e8ecfc0f57acc7105b9fcfa3f83d762de9f1140bad291ed0360;0x2c6d8812;0xd7e3de9fL;0.500000;1503102816;1503102816
0;128;8048;0x5cb1b30d771fee56612a65d9c502176fcabb45425e49931977b8e5780fb8216b;0xc9b240c7fc2a6e8ecfc0f57acc7105b9fcfa3f83d762de9f1140bad291ed0360;0x2c6d8812;0xd7e3de9fL;0.500000;1503102816;1503102817
0;128;8048;0x3bb4e6c467bf889a64ce879c77f08b4bb0fe9bcc1acf896b64e80fbc4babe686;0xeb935eed6330e9eda09ad4cf0a21f53a3a1a702aa386be9fd84d0f9a55c63d65;0x1b2eec2a;0xa382be9fL;0.500000;1503102817;1503102817
0;128;8048;0x3bb4e6c467bf889a64ce879c77f08b4bb0fe9bcc1acf896b64e80fbc4babe686;0xeb935eed6330e9eda09ad4cf0a21f53a3a1a702aa386be9fd84d0f9a55c63d65;0x1b2eec2a;0xa382be9fL;0.500000;1503102817;1503102818
0;128;8048;0xff117d70f13f25ae426eba1f0a6cb6ed48478e8faaff1a283b036222b17726b0;0x8af431d41cb648d44a81b097fc9bfc7df253df5b7b2eef620b603e6ad8bc445d;0x43c20c56;0x12119488L;0.500000;1503102818;1503102818
0;128;8048;0xff117d70f13f25ae426eba1f0a6cb6ed48478e8faaff1a283b036222b17726b0;0x8af431d41cb648d44a81b097fc9bfc7df253df5b7b2eef620b603e6ad8bc445d;0x43c20c56;0x12119488L;0.500000;1503102818;1503102819
1;128;8048;0x08d58ad2936febb403a32d6fb6e327d06f9b42d3cfc268a0f864bb6d61027569;0x8dc7ff1c2e333d299d419806cbe55458971a23a5e82cd4ccb17fbf211a24cb67;0x6d1bf084;0xe82cd4ccL;0.500000;1503102819;1503102819
1;128;8048;0x08d58ad2936febb403a32d6fb6e327d06f9b42d3cfc268a0f864bb6d61027569;0x8dc7ff1c2e333d299d419806cbe55458971a23a5e82cd4ccb17fbf211a24cb67;0x6d1bf084;0xe82cd4ccL;0.500000;1503102819;1503102820
0;128;8048;0xdab848453a7b3ee312e3a5f251cb992aecf74095c4df75b98c5773ee415dac1c;0xc62444b561edf2860d0bd6517a956f80d1bd198571c4b269b423cf967eab59d3;0x302c60ab;0x586061b9L;0.500000;1503102820;1503102820
