0;128;8048;0x32fd0f28cba1d10ba41f1c1ab3f1ef846b03c2f70cef6ac2f45cd1431020bd42;0xd0f72e722f8faee822bae9107e12632ad3fc029a26df866914b31af4c4263d3e;0xd3a44a25;0xff01c3f0L;0.500000;1503207719;1503207719
0;128;8048;0x32fd0f28cba1d10ba41f1c1ab3f1ef846b03c2f70cef6ac2f45cd1431020bd42;0xd0f72e722f8faee822bae9107e12632ad3fc029a26df866914b31af4c4263d3e;0xd3a44a25;0xff01c3f0L;0.500000;1503207719;1503207720
0;128;8048;0xcb080aae446e68ff5fdee8050d177388f3d019547ba51eb9b75bb38ad5c93aa0;0x0b66964d532fb1311d8b0e245dcb9c105f31c75d857be2c5ee56d434418ba572;0x2fc236f9;0xac40490eL;0.500000;1503207720;1503207720
0;128;8048;0xcb080aae446e68ff5fdee8050d177388f3d019547ba51eb9b75bb38ad5c93aa0;0x0b66964d532fb1311d8b0e245dcb9c105f31c75d857be2c5ee56d434418ba572;0x2fc236f9;0xac40490eL;0.500000;1503207720;1503207721
0;128;8048;0xc5aaa2f65391356aa59705b01946efd53d2142f3adb300fc34857a2acec71193;0xf370f819e9c6216ad003978c1a818d44aa61d536822e49f1624e15f0b8555900;0x09a41ac3;0x2223430L;0.500000;1503207721;1503207721
0;128;8048;0xc5aaa2f65391356aa59705b01946efd53d2142f3adb300fc34857a2acec71193;0xf370f819e9c6216ad003978c1a818d44aa61d536822e49f1624e15f0b8555900;0x09a41ac3;0x2223430L;0.500000;1503207721;1503207722
0;128;8048;0xc7d0e5c78b782938dc75574d50934aaf2e22dee05cfa6dfea66e2bf2fcb584c3;0x6a3d0784726ccfd9b29fde19d9eb21ec118107d5debffe25ed1528c7e19a12ec;0x8f214f42;0xffefdbffL;0.500000;1503207722;1503207722
0;128;8048;0xc7d0e5c78b782938dc75574d50934aaf2e22dee05cfa6dfea66e2bf2fcb584c3;0x6a3d0784726ccfd9b29fde19d9eb21ec118107d5debffe25ed1528c7e19a12ec;0x8f214f42;0xffefdbffL;0.500000;1503207722;1503207723
0;128;8048;0xab56198a984993a25d9613754a4c80465ea2ea552b7223e9031a76b6f637caa2;0x40abf6f6705845e33026454e2fe9c94e9af7444d225b561c26e08c24455ad5a6;0x72b3769e;0x7452740aL;0.500000;1503207723;1503207723
0;128;8048;0xab56198a984993a25d9613754a4c80465ea2ea552b7223e9031a76b6f637caa2;0x40abf6f6705845e33026454e2fe9c94e9af7444d225b561c26e08c24455ad5a6;0x72b3769e;0x7452740aL;0.500000;1503207723;1503207724
0;128;8048;0x1cd5b2ae89b5e9d88c9ed7bd3fdef474f1f33588a749f4774de92c7e82b32a9e;0x147e35a9a96e2c67aff5b1daad506c8c87d384d32367eeb96fd748927db8d64d;0x6938b016;0x2015a46aL;0.500000;1503207724;1503207724
0;128;8048;0x1cd5b2ae89b5e9d88c9ed7bd3fdef474f1f33588a749f4774de92c7e82b32a9e;0x147e35a9a96e2c67aff5b1daad506c8c87d384d32367eeb96fd748927db8d64d;0x6938b016;0x2015a46aL;0.500000;1503207724;1503207725
0;128;8048;0xf939b5da875280a123fce600092c16b5a20e98f8271c62db4a16bd8592384f8b;0x98fa45a937c0f040a9e2a2d5d14bc8e9cb3f59b0b9f24c6c604f3e6b9bdb938b;0xf2717476;0xb9f24c6eL;0.500000;1503207725;1503207725
0;128;8048;0xf939b5da875280a123fce600092c16b5a20e98f8271c62db4a16bd8592384f8b;0x98fa45a937c0f040a9e2a2d5d14bc8e9cb3f59b0b9f24c6c604f3e6b9bdb938b;0xf2717476;0xb9f24c6eL;0.500000;1503207726;1503207726
0;128;8048;0x53ea8ddbe340e6172e6821b97dadda21d0c4ae6c8c60369abe8f339de4289a38;0x28c9d2e023e01e628a462d8d0759d8913c458adcdc83eddaa6e1d557da6e370a;0xc54e3501;0x7905c723L;0.500000;1503207726;1503207727
0;128;8048;0x7a1dfd51a815d7c5a972142419561d8f8936764f25f0f026548f9f778685fc01;0xec11af868ebba3cec4c9ad63848ac7b45624a3c784912b357b7e01fe15ccf105;0xfd94f98a;0xf8fdef9fL;0.500000;1503207727;1503207727
0;128;8048;0x7a1dfd51a815d7c5a972142419561d8f8936764f25f0f026548f9f778685fc01;0xec11af868ebba3cec4c9ad63848ac7b45624a3c784912b357b7e01fe15ccf105;0xfd94f98a;0xf8fdef9fL;0.500000;1503207727;1503207728
0;128;8048;0x118a60bce12ffea4c81f2834b3ce5784f96e588950d0f2f508e2837f7af51b8b;0x9a46a7c97fb3afcff3b95d820ef419f476d022cbe1e254d1b62e483b2961641b;0x697edbd8;0x92a71c89L;0.500000;1503207728;1503207728
0;128;8048;0x118a60bce12ffea4c81f2834b3ce5784f96e588950d0f2f508e2837f7af51b8b;0x9a46a7c97fb3afcff3b95d820ef419f476d022cbe1e254d1b62e483b2961641b;0x697edbd8;0x92a71c89L;0.500000;1503207728;1503207729
0;128;8048;0x0fa8652fbd4ca17b71ed8e5f8fb04f076e442b70eff8b63b06a08ec7b49860c3;0xecefb0aad694b2940b752a145209b897f914f8571806093a0fe165cac5a07d87;0x0677153b;0x23644b62L;0.500000;1503207729;1503207729
