0;128;8048;0xcb5f992ceb2cafc089df0e1ca4ccf67d7a68b1f2507e0f4a27d5783ee87341b3;0xd50b55190a22ed905afdfd5d22423f4f0844f9e6e35e20139b4fb8dbb99c7a86;0x1612b2b5;0x16435451L;0.500000;1503073565;1503073565
0;128;8048;0xcb5f992ceb2cafc089df0e1ca4ccf67d7a68b1f2507e0f4a27d5783ee87341b3;0xd50b55190a22ed905afdfd5d22423f4f0844f9e6e35e20139b4fb8dbb99c7a86;0x1612b2b5;0x16435451L;0.500000;1503073565;1503073566
0;128;8048;0xfa97ff829f337a169446e1411dac782c7c04aaf369cc124c24bd7f5b48d77342;0x5925b152e565b95d9661924d6a0c3aadbb8076450449a41d81406f6953653814;0xb491e7e3;0x1c21394fL;0.500000;1503073566;1503073567
0;128;8048;0xc871b179b263de68cd5942944d889a42a5b5686ce0a12d7a01adca12f4b146bd;0x728c9fe372631efd2272e194dc56a19e82283073dc079e272021f1ea9baf553d;0x529c3286;0xab6fd7fdL;0.500000;1503073567;1503073567
0;128;8048;0xc871b179b263de68cd5942944d889a42a5b5686ce0a12d7a01adca12f4b146bd;0x728c9fe372631efd2272e194dc56a19e82283073dc079e272021f1ea9baf553d;0x529c3286;0xab6fd7fdL;0.500000;1503073567;1503073568
0;128;8048;0x08605e468b9aefaf3d037c9ed2b3aa2ff34135fb6ea1921219e2a51df146a3f9;0x62b142ec013545fcea26dcb1db1b03a0b7ab3dd4964709a32f36dbe24021fd47;0x5e9aac4c;0xffdfef09L;0.500000;1503073568;1503073568
0;128;8048;0x08605e468b9aefaf3d037c9ed2b3aa2ff34135fb6ea1921219e2a51df146a3f9;0x62b142ec013545fcea26dcb1db1b03a0b7ab3dd4964709a32f36dbe24021fd47;0x5e9aac4c;0xffdfef09L;0.500000;1503073568;1503073569
0;128;8048;0xafd396c64c5dcd3ee15dd0bb03c07ed572b970e764f25b266792206f52457d01;0x784024c7701ea81b05452daa0a9e619d68aaeb1e58e94f0ea0c2f4e3adfc788f;0x088939db;0xffbff6beL;0.500000;1503073569;1503073569
0;128;8048;0xafd396c64c5dcd3ee15dd0bb03c07ed572b970e764f25b266792206f52457d01;0x784024c7701ea81b05452daa0a9e619d68aaeb1e58e94f0ea0c2f4e3adfc788f;0x088939db;0xffbff6beL;0.500000;1503073569;1503073570
0;128;8048;0x0a9058cd0172924c4d3df7a4c7183779b53ae5018a5cc0d0183ef55347e35051;0x691f801bfb11cc6292b33ebee2dd04ba353e783f38f3656fad3217d74b757b43;0xaa40547f;0x160121a1L;0.500000;1503073570;1503073571
0;128;8048;0x1d0c153a5bcacb6cf0373cc83988c60fad5afe90d6ca1eaf9471e8b8b21e3fcf;0xe86e9f62c0fa339c11eee2e53a9b866de570fb3a747a771d92bbf7d4a24c65e6;0x9086fddb;0x150f7e99L;0.500000;1503073571;1503073571
0;128;8048;0x1d0c153a5bcacb6cf0373cc83988c60fad5afe90d6ca1eaf9471e8b8b21e3fcf;0xe86e9f62c0fa339c11eee2e53a9b866de570fb3a747a771d92bbf7d4a24c65e6;0x9086fddb;0x150f7e99L;0.500000;1503073571;1503073572
0;128;8048;0x69f6494a27b6b2a86d15c463b1aa2da33f512b220a111e788b8103f4a131db0a;0xdde59cdb2ff3ed84d27cecdafc1869a151ee88cf24e3dbef9cf4c3415d97f93d;0x00fed4fe;0xed8dd7efL;0.500000;1503073572;1503073573
0;128;8048;0x7126efcabce62120e8512991cc0532119948275b8ae1a4a37f259669dd57ec4e;0xc14a9d21ea014a70ae44d7ab3ec8004b4404d64f662da4ef0f4d5bd8fbc4ef65;0x8430613d;0xfbbffffdL;0.500000;1503073573;1503073573
0;128;8048;0x7126efcabce62120e8512991cc0532119948275b8ae1a4a37f259669dd57ec4e;0xc14a9d21ea014a70ae44d7ab3ec8004b4404d64f662da4ef0f4d5bd8fbc4ef65;0x8430613d;0xfbbffffdL;0.500000;1503073573;1503073574
0;128;8048;0x37def77b4a3e5e2faca5ad503e6c99c2eb189e41e4745657760a3bab40c15877;0xf251862e9ae5753118cd1c0553eef025d014631e439277ddd89420831e43e498;0xbc0a5435;0x75076dbdL;0.500000;1503073574;1503073574
0;128;8048;0x37def77b4a3e5e2faca5ad503e6c99c2eb189e41e4745657760a3bab40c15877;0xf251862e9ae5753118cd1c0553eef025d014631e439277ddd89420831e43e498;0xbc0a5435;0x75076dbdL;0.500000;1503073574;1503073575
0;128;8048;0x9b96a2120f013013502a8fbc75fbf6d2e0bdb0d454ad8c7ee0bcf26dd299996d;0x364b35be1fc6e3cf8d0f88c2611abd3798d2a6b12caaf0ad715d3365044e1783;0x296b0102;0xb7bf2ba1L;0.500000;1503073575;1503073575
0;128;8048;0x9b96a2120f013013502a8fbc75fbf6d2e0bdb0d454ad8c7ee0bcf26dd299996d;0x364b35be1fc6e3cf8d0f88c2611abd3798d2a6b12caaf0ad715d3365044e1783;0x296b0102;0xb7bf2ba1L;0.500000;1503073575;1503073576
0;128;8048;0xb4ca70024fd0a7e9321f1415632f1a9f678a4050f7b9674cda4836645c025811;0xa516878e76b1ba270dcbcc6ccaba3bc350d2f1f64e40a4fb97735526e535a705;0x7e132640;0x4e61a4fbL;0.500000;1503073576;1503073576
