0;128;8048;0x76b4787a3e4355de90c4dd0342a59a142648fd25f9edf77e2443b9bcfe0e7774;0xe816b7bcf9b70da6b4ca114f7398302ef6c66db266f1f59a252b919bc4fb1dbc;0x8e225aef;0x6ef3f49aL;0.500000;1503199378;1503199379
0;128;8048;0x08ed168e0938a5f348dd81208f51567678e03728868f42639b7591f3e0c97ee9;0x13bc2d117e8005207385760bf065e8fbe8cdceedc7c7a66f5d71c97d39b8a6df;0x5f31b66a;0x26c428d8L;0.500000;1503199379;1503199379
0;128;8048;0x08ed168e0938a5f348dd81208f51567678e03728868f42639b7591f3e0c97ee9;0x13bc2d117e8005207385760bf065e8fbe8cdceedc7c7a66f5d71c97d39b8a6df;0x5f31b66a;0x26c428d8L;0.500000;1503199379;1503199380
0;128;8048;0xba95da055f856e59410fedb77f6b9194a38fa133d09260526799dddbec3873a6;0xc5173442d289c177d84e8934b8739f4278afaf5dfcecdd0a8cc767cb73d04c4d;0x7ce14f63;0xbc014311L;0.500000;1503199380;1503199380
0;128;8048;0xba95da055f856e59410fedb77f6b9194a38fa133d09260526799dddbec3873a6;0xc5173442d289c177d84e8934b8739f4278afaf5dfcecdd0a8cc767cb73d04c4d;0x7ce14f63;0xbc014311L;0.500000;1503199380;1503199381
0;128;8048;0x1664d0ce5f8600d7de665cdd137ba8215a3444297afb1fdfd98fbd6aae8ad1c4;0x974da83281397ed07c801c17b8a02a0860c9cbee1c387397388f32e27cf168ed;0x7834d531;0x5a8022a1L;0.500000;1503199381;1503199381
0;128;8048;0x1664d0ce5f8600d7de665cdd137ba8215a3444297afb1fdfd98fbd6aae8ad1c4;0x974da83281397ed07c801c17b8a02a0860c9cbee1c387397388f32e27cf168ed;0x7834d531;0x5a8022a1L;0.500000;1503199381;1503199382
0;128;8048;0xa2712a1ff043cbaf4a8a375eeaa58afd92f7ef3f6711ad8f30a28562a0d71242;0x37659e6157dc06ef4b538c0ea9df72640686271c55d7b1a5fb00a7a6d828bfdf;0xe8c2d778;0x5d3b940aL;0.500000;1503199382;1503199383
0;128;8048;0xef94f55effd6bb0bf91f5d0f9aced09d1a580c10d17e0332e173cf069ec9948d;0x36f8cdd9e85bd75125bb0b8ce2e8f77ff019003d69166523b7d163f060b5fd3f;0x080f0a90;0xff45043cL;0.500000;1503199383;1503199383
0;128;8048;0xef94f55effd6bb0bf91f5d0f9aced09d1a580c10d17e0332e173cf069ec9948d;0x36f8cdd9e85bd75125bb0b8ce2e8f77ff019003d69166523b7d163f060b5fd3f;0x080f0a90;0xff45043cL;0.500000;1503199383;1503199384
0;128;8048;0x9769f77ff3fcef1ebd54e66a914304cf98a6df998140355a29e1490e30043bc8;0x45cbf6bcdab4292057f36aa49707c132e21915e46456c2560a6f2e194b5d9aea;0x19fcc9e3;0xc1202cc5L;0.500000;1503199384;1503199384
0;128;8048;0x9769f77ff3fcef1ebd54e66a914304cf98a6df998140355a29e1490e30043bc8;0x45cbf6bcdab4292057f36aa49707c132e21915e46456c2560a6f2e194b5d9aea;0x19fcc9e3;0xc1202cc5L;0.500000;1503199384;1503199385
0;128;8048;0xfd460ce4ae6f643c6bb8faa21f381f3e184c1163c0392ebc24522db120ba571e;0x7965a61d06e278bf08c856b9a190041fea254d2cda14f4da6e130a5eb653a04a;0xcb875e24;0x60a907a5L;0.500000;1503199385;1503199385
0;128;8048;0xfd460ce4ae6f643c6bb8faa21f381f3e184c1163c0392ebc24522db120ba571e;0x7965a61d06e278bf08c856b9a190041fea254d2cda14f4da6e130a5eb653a04a;0xcb875e24;0x60a907a5L;0.500000;1503199385;1503199386
0;128;8048;0xfd862141c655d48a3d113e62229c003f9da8c1f2f17946f4ed8293298d07858b;0xc76002f8550217607be9eb82018246487381b3b7dd9ec7290afadc971bd253d8;0x2450ffd2;0x9702248dL;0.500000;1503199386;1503199386
0;128;8048;0xfd862141c655d48a3d113e62229c003f9da8c1f2f17946f4ed8293298d07858b;0xc76002f8550217607be9eb82018246487381b3b7dd9ec7290afadc971bd253d8;0x2450ffd2;0x9702248dL;0.500000;1503199387;1503199387
0;128;8048;0x6ce7ddf0ac86ab2a3fd4d076c8b9f41606013e13153167768cf7a9663ff989ab;0x6267b166b18e6e97120dde43ab746c1818e06563e91714cb5afa4d35e1aa60df;0xbe80c8e3;0x109b5442L;0.500000;1503199387;1503199388
0;128;8048;0x4e3354ff2a349cffdecd3fb8b910b534a44d7ca250cd2f80fe6c8d65275bed76;0x2ac5c6ad0dd4436536e499eb18359cf929c42cf572e25be123039da08392aa94;0x90f4c6af;0x29a01446L;0.500000;1503199388;1503199388
0;128;8048;0x4e3354ff2a349cffdecd3fb8b910b534a44d7ca250cd2f80fe6c8d65275bed76;0x2ac5c6ad0dd4436536e499eb18359cf929c42cf572e25be123039da08392aa94;0x90f4c6af;0x29a01446L;0.500000;1503199388;1503199389
0;128;8048;0xc2f0649be841135579de662d9222afbf911870c6fc3d4678e140af45a0020f63;0x97c47c1ef84777f0f6823fc43dd64c915666fa532dea6e0281f27f45c1692249;0xbe343f84;0xdddf7effL;0.500000;1503199389;1503199389
