0;128;8048;0x83aecdd009f8b684c2ff9be8e3ac58982ad28c7bbf845a64379db4c4bac2743d;0xef38554944fca703353e763413f7de4368afa8fec2eee62bc6943549accd8009;0x67d2392e;0xc6eeee0bL;0.500000;1503132023;1503132023
0;128;8048;0x83aecdd009f8b684c2ff9be8e3ac58982ad28c7bbf845a64379db4c4bac2743d;0xef38554944fca703353e763413f7de4368afa8fec2eee62bc6943549accd8009;0x67d2392e;0xc6eeee0bL;0.500000;1503132023;1503132024
0;128;8048;0x14a4db1ffe53452d19464a485b1768b6d7b807f0fd44bb8598813f700569a419;0x10f368ac6e89b956c21f57cba2357de5e1c5bb17808d26480d0adea1fccceaf3;0xab8d26d6;0x1f60d26bL;0.500000;1503132024;1503132024
0;128;8048;0x14a4db1ffe53452d19464a485b1768b6d7b807f0fd44bb8598813f700569a419;0x10f368ac6e89b956c21f57cba2357de5e1c5bb17808d26480d0adea1fccceaf3;0xab8d26d6;0x1f60d26bL;0.500000;1503132024;1503132025
0;128;8048;0x8c6b0d429baf3227b9f117d3f5cdb52a61a102b2cdd08216a948e7ee69e358f5;0x059ee9a6d3bb03c5da6ba8b7b2fb20379c79e0886415514c9a8c50ccd0f12a3e;0x29a2d712;0x13012ad0L;0.500000;1503132025;1503132025
0;128;8048;0x8c6b0d429baf3227b9f117d3f5cdb52a61a102b2cdd08216a948e7ee69e358f5;0x059ee9a6d3bb03c5da6ba8b7b2fb20379c79e0886415514c9a8c50ccd0f12a3e;0x29a2d712;0x13012ad0L;0.500000;1503132025;1503132026
0;128;8048;0x4744f28e2254865a5bd5690f9ba871394cc8a053da66854fbc972512857ac5cd;0xd6ce69e66af689e743c82dbb0721428fc1eb2f61ae825e325e82cbfb42442c00;0xc1f94b8a;0xff34f60eL;0.500000;1503132026;1503132026
0;128;8048;0x4744f28e2254865a5bd5690f9ba871394cc8a053da66854fbc972512857ac5cd;0xd6ce69e66af689e743c82dbb0721428fc1eb2f61ae825e325e82cbfb42442c00;0xc1f94b8a;0xff34f60eL;0.500000;1503132026;1503132027
0;128;8048;0xbe1088f8870359c6a043d3db42d70763bf1a81d3e4a7aa93507777dfa085b25e;0xc54063d465e8c97cb74e9c1d189337f2e7440b9e653304ff42e7efbfb87fbca5;0x0af208d8;0xffbfbdffL;0.500000;1503132027;1503132027
0;128;8048;0xbe1088f8870359c6a043d3db42d70763bf1a81d3e4a7aa93507777dfa085b25e;0xc54063d465e8c97cb74e9c1d189337f2e7440b9e653304ff42e7efbfb87fbca5;0x0af208d8;0xffbfbdffL;0.500000;1503132027;1503132028
0;128;8048;0xe9b6a713feadcdf686ec728013608171ffb02a35a7a315d4b9c8c58886dc636f;0xf858a13eb0cc9fe301d723290091418334ecf59c4867f41bc81ece3c98de8fe9;0x590f9e0b;0x86fa5446L;0.500000;1503132028;1503132028
0;128;8048;0xe9b6a713feadcdf686ec728013608171ffb02a35a7a315d4b9c8c58886dc636f;0xf858a13eb0cc9fe301d723290091418334ecf59c4867f41bc81ece3c98de8fe9;0x590f9e0b;0x86fa5446L;0.500000;1503132029;1503132029
0;128;8048;0x36f37f764067e55686a86d15c38803d404eeaa702e318c78a64f14b4020b9238;0x693437bc481a8277f54476fb9ca47312591f789a6212531414edc7689e3a61e1;0x1b4a7c0a;0x53eeb73fL;0.500000;1503132029;1503132030
0;128;8048;0xf907097e6363fd66e30014403adbee8000139ff3429e195902476c141939bb12;0x5a30355d08aef66deb4c7414843a846d8a4ef02be91b03e34b7aebc49b402180;0x3324c4da;0xffe8aa96L;0.500000;1503132030;1503132030
0;128;8048;0xf907097e6363fd66e30014403adbee8000139ff3429e195902476c141939bb12;0x5a30355d08aef66deb4c7414843a846d8a4ef02be91b03e34b7aebc49b402180;0x3324c4da;0xffe8aa96L;0.500000;1503132030;1503132031
0;128;8048;0xb8b54d1ba2965200168870f9f167e70480579a7616411f50a0e44d462344eadb;0x044d6e9b112dd1ea201cd04b1aa73195c37fe54da7e774e39d33990f56a9074c;0x59e1e9af;0xa7e774f3L;0.500000;1503132031;1503132031
0;128;8048;0xb8b54d1ba2965200168870f9f167e70480579a7616411f50a0e44d462344eadb;0x044d6e9b112dd1ea201cd04b1aa73195c37fe54da7e774e39d33990f56a9074c;0x59e1e9af;0xa7e774f3L;0.500000;1503132031;1503132031
0;128;8048;0xb8b54d1ba2965200168870f9f167e70480579a7616411f50a0e44d462344eadb;0x044d6e9b112dd1ea201cd04b1aa73195c37fe54da7e774e39d33990f56a9074c;0x59e1e9af;0xa7e774f3L;0.500000;1503132032;1503132032
0;128;8048;0xda871b8242edb241af1d7bfb41705d6afdcd3bf7ae5cda4cea7aff884d3af527;0xa01de270b390bdd4d426498e6d46887e005970c10e840433092f928519f30411;0x963cc41b;0x636e6a0eL;0.500000;1503132032;1503132032
0;128;8048;0xda871b8242edb241af1d7bfb41705d6afdcd3bf7ae5cda4cea7aff884d3af527;0xa01de270b390bdd4d426498e6d46887e005970c10e840433092f928519f30411;0x963cc41b;0x636e6a0eL;0.500000;1503132033;1503132033
