0;128;8048;0xd8fbacce91ecbead8d6a71066b19e627ba9ea1b827ae49c8452ab28355fb022d;0xa6673e73d897bcc173b85d5320ffda2b24dae19b2703be4f8018437399335a04;0xb247694f;0x88459c90L;0.500000;1503138389;1503138389
0;128;8048;0xd8fbacce91ecbead8d6a71066b19e627ba9ea1b827ae49c8452ab28355fb022d;0xa6673e73d897bcc173b85d5320ffda2b24dae19b2703be4f8018437399335a04;0xb247694f;0x88459c90L;0.500000;1503138389;1503138390
0;128;8048;0x6a109ec41507d91f9fee9ff95fc96a79c9e772653390d3225700825204604a6e;0x62477cd8752f25c5525815cba731d69d2b3834626cc71f5439b188fd37387122;0x4b37f459;0xc18308d8L;0.500000;1503138390;1503138390
0;128;8048;0x6a109ec41507d91f9fee9ff95fc96a79c9e772653390d3225700825204604a6e;0x62477cd8752f25c5525815cba731d69d2b3834626cc71f5439b188fd37387122;0x4b37f459;0xc18308d8L;0.500000;1503138390;1503138391
0;128;8048;0xbf8ae7a0d18c06a8ede0203089a6dec4615f85880bc2b4c0b426f6fa6d656f2c;0xb70051adbb46db9d17a61ee13541c8040c7ec02b10f551d7ecd8599d28e3e55e;0xe292cfeb;0xdfffff7bL;0.500000;1503138391;1503138391
0;128;8048;0xbf8ae7a0d18c06a8ede0203089a6dec4615f85880bc2b4c0b426f6fa6d656f2c;0xb70051adbb46db9d17a61ee13541c8040c7ec02b10f551d7ecd8599d28e3e55e;0xe292cfeb;0xdfffff7bL;0.500000;1503138391;1503138392
0;128;8048;0x9863e211a83cc3bdb75a1faef33f5a2c1e4ba79ad46dadf45389ab53a97d8541;0xe37e370d44c904b7840ad115fd0028fa8ce09230fc29b69a4c35c7627a56d97a;0x7d81e680;0xb7ffffffL;0.500000;1503138392;1503138392
0;128;8048;0x9863e211a83cc3bdb75a1faef33f5a2c1e4ba79ad46dadf45389ab53a97d8541;0xe37e370d44c904b7840ad115fd0028fa8ce09230fc29b69a4c35c7627a56d97a;0x7d81e680;0xb7ffffffL;0.500000;1503138392;1503138393
0;128;8048;0x99d281a50bc9263de9fb0cf9ac96330fe60b69a485504a2db856586d283ef9c2;0x2a62405a651de0f868e35b4efa6cfca8936642c3829536093a1db86573e14696;0x45a7c45d;0x608c7d2L;0.500000;1503138393;1503138393
0;128;8048;0x99d281a50bc9263de9fb0cf9ac96330fe60b69a485504a2db856586d283ef9c2;0x2a62405a651de0f868e35b4efa6cfca8936642c3829536093a1db86573e14696;0x45a7c45d;0x608c7d2L;0.500000;1503138393;1503138394
0;128;8048;0x51ca9ede1e661dfe2342077eedaa4e444d69552ec0201f1174e8f5530d0eb35e;0x3c69e74191b4ba7780487dd7a8877226589756caf4c6cf5c33ee3a1e9a01935d;0x0bfc5bee;0x4a08a2c4L;0.500000;1503138394;1503138394
0;128;8048;0x51ca9ede1e661dfe2342077eedaa4e444d69552ec0201f1174e8f5530d0eb35e;0x3c69e74191b4ba7780487dd7a8877226589756caf4c6cf5c33ee3a1e9a01935d;0x0bfc5bee;0x4a08a2c4L;0.500000;1503138394;1503138395
0;128;8048;0x969e43a8816ba700fe3358b7aab1b10334e7d9958706e3246dd38b2b91a4bc27;0xe63cf9398a423d0d44e4a957ed064ac4182e3b6f98fed7403aba5ff5a4defb1d;0xe8c58d2b;0xdfffedf7L;0.500000;1503138395;1503138395
0;128;8048;0x969e43a8816ba700fe3358b7aab1b10334e7d9958706e3246dd38b2b91a4bc27;0xe63cf9398a423d0d44e4a957ed064ac4182e3b6f98fed7403aba5ff5a4defb1d;0xe8c58d2b;0xdfffedf7L;0.500000;1503138395;1503138396
0;128;8048;0x5442754d9aa8baeef4035c957f4063782ddd6df370af0afb30bf6721e5e75b39;0xefc84c9aef09d2aaa33af73faad3a5d1e7114832eddb6ffb93068c1b6933dc2a;0xe63a9677;0x508da084L;0.500000;1503138396;1503138396
0;128;8048;0x5442754d9aa8baeef4035c957f4063782ddd6df370af0afb30bf6721e5e75b39;0xefc84c9aef09d2aaa33af73faad3a5d1e7114832eddb6ffb93068c1b6933dc2a;0xe63a9677;0x508da084L;0.500000;1503138396;1503138397
0;128;8048;0xb3dee7da24390ec0dc274f57cb2418f49a8f706feb50669ca255094d3eb3a0f1;0x196782ba17faf4465adbb9fd3454deff58a53560855429e042c9e091eccbbf7e;0xb1960166;0xd10e9d8L;0.500000;1503138397;1503138398
0;128;8048;0x147ce2bce019120e31866ff546235fff4de1a124620432ac21a7a71afb17650f;0x9146511b535041084a32d4e415f747b3a2fc7529d4ccde1fa07bb007b9518045;0xfa30be77;0xffbf6f3fL;0.500000;1503138398;1503138398
0;128;8048;0x147ce2bce019120e31866ff546235fff4de1a124620432ac21a7a71afb17650f;0x9146511b535041084a32d4e415f747b3a2fc7529d4ccde1fa07bb007b9518045;0xfa30be77;0xffbf6f3fL;0.500000;1503138398;1503138399
0;128;8048;0xb0654fd926cce4fa75bbba33d02fa67d1b4db5234250ff218a3023bdb42c8a65;0x2b9971fc63512f1ee306dd1abdf0df0c1da953c221595add3ae8597132190783;0x3c898377;0xd08c888L;0.500000;1503138399;1503138399
