0;128;8048;0xd5474bbbb7c430332e0926e11cf2860d946ba0dd025a97dadaf7700512270fe7;0xbfc29f97124afd8db24b2cd1b2322f41658c7553ec06d66e9d3d12039b91941e;0xfc1143e1;0x24e1e46aL;0.500000;1503246903;1503246903
0;128;8048;0xd5474bbbb7c430332e0926e11cf2860d946ba0dd025a97dadaf7700512270fe7;0xbfc29f97124afd8db24b2cd1b2322f41658c7553ec06d66e9d3d12039b91941e;0xfc1143e1;0x24e1e46aL;0.500000;1503246903;1503246904
0;128;8048;0x7a08a41d70af53a1132af60d9c35823c834ac7c8007fff4729747b48e1ad055c;0x7dbf3669abada8d883722a10e41bc03f15bd583d82cd6e12df6f4f4327dcdc5b;0x628eb786;0xddb6ff77L;0.500000;1503246904;1503246904
0;128;8048;0x7a08a41d70af53a1132af60d9c35823c834ac7c8007fff4729747b48e1ad055c;0x7dbf3669abada8d883722a10e41bc03f15bd583d82cd6e12df6f4f4327dcdc5b;0x628eb786;0xddb6ff77L;0.500000;1503246904;1503246905
0;128;8048;0xb77a78a18650c46d6c2165dabfae0870185f7e20de0c1a3669110f43bee5b976;0x5af0491e88c218d17f56031a902da826b420e0e483149b3bd4c85c202ae3bc81;0xcc6cfdfe;0xfffffdffL;0.500000;1503246905;1503246905
0;128;8048;0xb77a78a18650c46d6c2165dabfae0870185f7e20de0c1a3669110f43bee5b976;0x5af0491e88c218d17f56031a902da826b420e0e483149b3bd4c85c202ae3bc81;0xcc6cfdfe;0xfffffdffL;0.500000;1503246905;1503246906
0;128;8048;0xf58f2210a052b6ac7f567f7f064fd1bf0345d15647bbbdcb8d8c8186acd201a2;0xe3d37d7258c37167e5167ec29cef77fe2c53248788873bb42f7ef44a1181ad56;0x0502531a;0x91618886L;0.500000;1503246906;1503246906
0;128;8048;0xf58f2210a052b6ac7f567f7f064fd1bf0345d15647bbbdcb8d8c8186acd201a2;0xe3d37d7258c37167e5167ec29cef77fe2c53248788873bb42f7ef44a1181ad56;0x0502531a;0x91618886L;0.500000;1503246906;1503246907
0;128;8048;0x2935e3748574c8380c732260002df37d8edce0ac749ed17904fac674be7354e8;0xd359109cffc8b207999eae634c5da77e5304c5fbe62eb4c894608785d6429144;0xaf75d5ce;0xe66eb4c8L;0.500000;1503246907;1503246907
0;128;8048;0x2935e3748574c8380c732260002df37d8edce0ac749ed17904fac674be7354e8;0xd359109cffc8b207999eae634c5da77e5304c5fbe62eb4c894608785d6429144;0xaf75d5ce;0xe66eb4c8L;0.500000;1503246907;1503246908
0;128;8048;0x8bc3b53cda747285445d3b19c45abf51a5ca75fed67188a60734c5e838f2a7c3;0x5b6fbcf7449763a3a4adf4bd9eac265f8991935b664920f6f7dc8d061555ae01;0x9bcbc3aa;0xb471d50eL;0.500000;1503246908;1503246908
0;128;8048;0x8bc3b53cda747285445d3b19c45abf51a5ca75fed67188a60734c5e838f2a7c3;0x5b6fbcf7449763a3a4adf4bd9eac265f8991935b664920f6f7dc8d061555ae01;0x9bcbc3aa;0xb471d50eL;0.500000;1503246908;1503246909
0;128;8048;0x13c299884f2d9b0584c54f13ce9d761396678c68dc2943b2a985abb972ea1f85;0xbfbbaa00e283aaf2713026bbc512ec61836cd9eba2f69d48f77a424d568eb5b1;0xb4a0abd2;0xa268d1caL;0.500000;1503246909;1503246909
0;128;8048;0x13c299884f2d9b0584c54f13ce9d761396678c68dc2943b2a985abb972ea1f85;0xbfbbaa00e283aaf2713026bbc512ec61836cd9eba2f69d48f77a424d568eb5b1;0xb4a0abd2;0xa268d1caL;0.500000;1503246909;1503246910
0;128;8048;0xc75b4bd400a66d8196f5595586185156c759c8a567b2a55f8b33298eb343057a;0x68803cdf31e0a2cee8dcede82a9c481f85a6755a482b5eebc9c6a063bf493d7d;0x5cb2c1d9;0x402bdceaL;0.500000;1503246910;1503246910
0;128;8048;0xc75b4bd400a66d8196f5595586185156c759c8a567b2a55f8b33298eb343057a;0x68803cdf31e0a2cee8dcede82a9c481f85a6755a482b5eebc9c6a063bf493d7d;0x5cb2c1d9;0x402bdceaL;0.500000;1503246910;1503246911
0;128;8048;0xa016129c7a002edea3e1856d4964b128ee1cee58ee711bc53d673d651820f6b8;0x9a794d5d582cf1d9fa2c7b5705a4b29376c515cab827f2a422f989501e96e78c;0x837dd982;0xdfff7fffL;0.500000;1503246911;1503246911
0;128;8048;0xa016129c7a002edea3e1856d4964b128ee1cee58ee711bc53d673d651820f6b8;0x9a794d5d582cf1d9fa2c7b5705a4b29376c515cab827f2a422f989501e96e78c;0x837dd982;0xdfff7fffL;0.500000;1503246912;1503246912
0;128;8048;0xef022885390e0ecf1563eeeb67116ddab4b1755c0ead7807af03c67291516481;0xb42c620c537f7dc18afcdf1368a9c02c751aa8f25ca846c5d4985fefe2a5864a;0x5486be7b;0x5cb847d4L;0.500000;1503246912;1503246913
0;128;8048;0xa3c15992d6195da0ad263a719ed3f3ccfbfc72005edf2346b9a59179f1e84a94;0xac4a888df4914867eda21d0c28b0348e55ceab3ea80dcc899a64c09789ade816;0xd02cfc8a;0xc4b2686L;0.500000;1503246913;1503246913
