0;128;8048;0x2dca504df27883ccd1cf460d3eff8eafe35e07732c21bacaef84f309d0394ffd;0x161a649ba26009bb60a58a49ebf096b22c358e32d54478a8aa98f7521ebdc4d8;0xfc06b76f;0xd5447aa8L;0.500000;1503183956;1503183956
0;128;8048;0x2dca504df27883ccd1cf460d3eff8eafe35e07732c21bacaef84f309d0394ffd;0x161a649ba26009bb60a58a49ebf096b22c358e32d54478a8aa98f7521ebdc4d8;0xfc06b76f;0xd5447aa8L;0.500000;1503183956;1503183957
0;128;8048;0xde2ed8aab6c387a177bb51b8074b8047a1bc87672500747a60ce0da2a9ae9988;0xfc2cf9a8a1c5fb91e530ce74c218fb7af0f64d362bf902b9a723d1c4f2476279;0x62fe7f86;0x5a0012fL;0.500000;1503183957;1503183957
0;128;8048;0xde2ed8aab6c387a177bb51b8074b8047a1bc87672500747a60ce0da2a9ae9988;0xfc2cf9a8a1c5fb91e530ce74c218fb7af0f64d362bf902b9a723d1c4f2476279;0x62fe7f86;0x5a0012fL;0.500000;1503183957;1503183958
0;128;8048;0x8851a42a018974f4412ba07618345585f5cb6242d5983fd07c1f4dc205425e8d;0x4cec4a10e732db89089577eec853dc662a8fdca15389d3d048a229a65f552371;0x3bea82ab;0xffdee63cL;0.500000;1503183958;1503183958
0;128;8048;0x8851a42a018974f4412ba07618345585f5cb6242d5983fd07c1f4dc205425e8d;0x4cec4a10e732db89089577eec853dc662a8fdca15389d3d048a229a65f552371;0x3bea82ab;0xffdee63cL;0.500000;1503183958;1503183959
0;128;8048;0x325fc194e7a25ffd06c84e540deb159e0dd95424daf665e60f4f089fd79a6809;0xae25d7a32bbc0748bcf10e23d667899c2426e8ba7b21c3d6cb38eed2aba60bfe;0xc60944d5;0x7b21d3d6L;0.500000;1503183959;1503183959
0;128;8048;0x325fc194e7a25ffd06c84e540deb159e0dd95424daf665e60f4f089fd79a6809;0xae25d7a32bbc0748bcf10e23d667899c2426e8ba7b21c3d6cb38eed2aba60bfe;0xc60944d5;0x7b21d3d6L;0.500000;1503183959;1503183960
0;128;8048;0x3f3db99248c8c18eede2c5c1307ba96d7c5646e767d1bbfcac8f03c23d4f537d;0xdd60c4bf4e21d196e783b980fe2ffdc148e4aa3c6fe3021bcd11fe41775e6335;0x4cd9793f;0xa501522fL;0.500000;1503183960;1503183960
0;128;8048;0x3f3db99248c8c18eede2c5c1307ba96d7c5646e767d1bbfcac8f03c23d4f537d;0xdd60c4bf4e21d196e783b980fe2ffdc148e4aa3c6fe3021bcd11fe41775e6335;0x4cd9793f;0xa501522fL;0.500000;1503183960;1503183961
0;128;8048;0x3589bfd40334b190d8bd489867f3ea61da6b8471b0b9ab38f2a6daab061b603b;0x471618d01c6804e384128e52cc5ab26c5713480f30e178cfd3094e430004dbd7;0x87ab02a0;0xeff7df7fL;0.500000;1503183961;1503183961
0;128;8048;0x3589bfd40334b190d8bd489867f3ea61da6b8471b0b9ab38f2a6daab061b603b;0x471618d01c6804e384128e52cc5ab26c5713480f30e178cfd3094e430004dbd7;0x87ab02a0;0xeff7df7fL;0.500000;1503183961;1503183962
0;128;8048;0x4e242060123a681843459cdf9817370a59210d741a26953316549dc2955358e3;0xe202485c66880970c599220db9a4f48f4dcbd792e422138a1f94d09c9a69e628;0x919f8850;0xd5c71c90L;0.500000;1503183962;1503183962
0;128;8048;0x4e242060123a681843459cdf9817370a59210d741a26953316549dc2955358e3;0xe202485c66880970c599220db9a4f48f4dcbd792e422138a1f94d09c9a69e628;0x919f8850;0xd5c71c90L;0.500000;1503183962;1503183962
0;128;8048;0x4e242060123a681843459cdf9817370a59210d741a26953316549dc2955358e3;0xe202485c66880970c599220db9a4f48f4dcbd792e422138a1f94d09c9a69e628;0x919f8850;0xd5c71c90L;0.500000;1503183963;1503183963
0;128;8048;0xb03906e6ba8c6d5e50f0a93aecc1d5c9c85fce35d5b42d164bc5bb23503b1400;0xb65b4069e7361609586946fb75f49d1647e6f5ef1f1db338fc4b457e24bdb9a0;0x19e32b1a;0x312c9260L;0.500000;1503183963;1503183964
0;128;8048;0xd418d9e2b54febc074f0e81b2b56993dae008273f6ddbc34e3cfc96c240b0af8;0x7349c597194541f06bd356f82bbc3241c7c7ef8ad1744a2c03c6ff1ace4b8ad8;0x0bca36a8;0x20a02952L;0.500000;1503183964;1503183964
0;128;8048;0xd418d9e2b54febc074f0e81b2b56993dae008273f6ddbc34e3cfc96c240b0af8;0x7349c597194541f06bd356f82bbc3241c7c7ef8ad1744a2c03c6ff1ace4b8ad8;0x0bca36a8;0x20a02952L;0.500000;1503183964;1503183965
0;128;8048;0x43995d094bcbfd611a6e6c51e1ac81a25e4dff743dec3c87a0a7f51aab459eee;0x72da3fec7e3c1f65ba4330c03ef07c5a78d6a78dd905c162f0918e7218aabbdc;0xe259fbdc;0xfff7fbf7L;0.500000;1503183965;1503183965
0;128;8048;0x43995d094bcbfd611a6e6c51e1ac81a25e4dff743dec3c87a0a7f51aab459eee;0x72da3fec7e3c1f65ba4330c03ef07c5a78d6a78dd905c162f0918e7218aabbdc;0xe259fbdc;0xfff7fbf7L;0.500000;1503183965;1503183966
