0;128;8048;0xa20e020a634dd1440cad2972dfce5594efabc31271de799ba88cbf50b2a98e54;0xc87b77514f56a65415286dbb37ee7d52a7cd629906a71585504a3df211937cd4;0x7dbf4b44;0xf7f7ff7fL;0.500000;1503125745;1503125745
0;128;8048;0xa20e020a634dd1440cad2972dfce5594efabc31271de799ba88cbf50b2a98e54;0xc87b77514f56a65415286dbb37ee7d52a7cd629906a71585504a3df211937cd4;0x7dbf4b44;0xf7f7ff7fL;0.500000;1503125745;1503125746
0;128;8048;0x50102c56fb86eea1735e58d8b2165fe3255349b56d5005d507c302a9987931e8;0xc967c7aca9db0a9d7f28f4738fca35b2447b7bd03acc5d729693a21da72d6ed3;0x8325026a;0xbaec5c7aL;0.500000;1503125746;1503125746
0;128;8048;0x50102c56fb86eea1735e58d8b2165fe3255349b56d5005d507c302a9987931e8;0xc967c7aca9db0a9d7f28f4738fca35b2447b7bd03acc5d729693a21da72d6ed3;0x8325026a;0xbaec5c7aL;0.500000;1503125746;1503125747
0;128;8048;0x1076b70711bb1c2d60ea09a218b85146cbaac03c47baba351e0286755728a767;0x264e56320353b8d1956c2257ce97b57ed46266701958be38bb3c624746dc4773;0x013adb01;0x845e028eL;0.500000;1503125747;1503125747
0;128;8048;0x1076b70711bb1c2d60ea09a218b85146cbaac03c47baba351e0286755728a767;0x264e56320353b8d1956c2257ce97b57ed46266701958be38bb3c624746dc4773;0x013adb01;0x845e028eL;0.500000;1503125747;1503125748
0;128;8048;0x1bfb9273743359f065863a8fbc20cd6b4b37db97111dcb73ba94c38edbd8a5f6;0x204836e4dafba5b42a1e8e1a8035315f8243a23d593a6ba13eaa23ce260bf210;0x35a89dc8;0x2c3f8389L;0.500000;1503125748;1503125748
0;128;8048;0x1bfb9273743359f065863a8fbc20cd6b4b37db97111dcb73ba94c38edbd8a5f6;0x204836e4dafba5b42a1e8e1a8035315f8243a23d593a6ba13eaa23ce260bf210;0x35a89dc8;0x2c3f8389L;0.500000;1503125749;1503125749
0;128;8048;0x69506e1217b7fb73553c40eada85cfb4243139807bd0bd20e30cafe25c7d0cc6;0x2d2824ae6a55ea70d1982e12c089f6021319f07d4e9f59ea08eaa7c7ebf2382f;0xb08dfa27;0x77f6ffffL;0.500000;1503125749;1503125750
0;128;8048;0x3679d0020996f2997c6d470a2f7444d40a356f4179207ad1273dbd843884da6f;0x643cd63413a69ff8620e9df797eba9b56f0814f92ff479dcbc0c5e0b9937791f;0x9961c177;0xffffba57L;0.500000;1503125750;1503125750
0;128;8048;0x3679d0020996f2997c6d470a2f7444d40a356f4179207ad1273dbd843884da6f;0x643cd63413a69ff8620e9df797eba9b56f0814f92ff479dcbc0c5e0b9937791f;0x9961c177;0xffffba57L;0.500000;1503125750;1503125751
0;128;8048;0xebc4a0d0190719de10829c85e7fcf16a4fa460665c2aaf5b2860ee7b009523eb;0xa86efc6e1d748c67c1396375eab5e6d1cae429d113cdfaf5c4db5b246466a965;0xbcd678b9;0x15d187a3L;0.500000;1503125751;1503125751
0;128;8048;0xebc4a0d0190719de10829c85e7fcf16a4fa460665c2aaf5b2860ee7b009523eb;0xa86efc6e1d748c67c1396375eab5e6d1cae429d113cdfaf5c4db5b246466a965;0xbcd678b9;0x15d187a3L;0.500000;1503125751;1503125752
0;128;8048;0x3fe81771137569cfb18c43d4873d624c26bbe725213ca8e94625e7cf7253aeb1;0x6d38dd3344fce95797d4d3d0b7be5c10859a4f2d4f152c800cb0afc48458a1bd;0x7294cacc;0xa0201001L;0.500000;1503125752;1503125752
0;128;8048;0x3fe81771137569cfb18c43d4873d624c26bbe725213ca8e94625e7cf7253aeb1;0x6d38dd3344fce95797d4d3d0b7be5c10859a4f2d4f152c800cb0afc48458a1bd;0x7294cacc;0xa0201001L;0.500000;1503125752;1503125753
0;128;8048;0xd4f43b1db7c724a05c210a527e9045373abf5bb2a9e30180226beb3d3c545510;0xf41b468fac559edc03e6431ceb06fdacefb57920e1ddc31e8ae5a9d579e9962b;0x1b693ad4;0x7c11302fL;0.500000;1503125753;1503125753
0;128;8048;0xd4f43b1db7c724a05c210a527e9045373abf5bb2a9e30180226beb3d3c545510;0xf41b468fac559edc03e6431ceb06fdacefb57920e1ddc31e8ae5a9d579e9962b;0x1b693ad4;0x7c11302fL;0.500000;1503125753;1503125754
1;128;8048;0xef023dbd4066558a0e6d13f653653f7fe0df7ae0096af4df25619a2b2a4f3219;0xe9310c37e7213210d8e1506006dbb0e4e248bd3845fda91db688d19e0ad81471;0x02f72539;0x45fda91dL;0.500000;1503125754;1503125754
1;128;8048;0xef023dbd4066558a0e6d13f653653f7fe0df7ae0096af4df25619a2b2a4f3219;0xe9310c37e7213210d8e1506006dbb0e4e248bd3845fda91db688d19e0ad81471;0x02f72539;0x45fda91dL;0.500000;1503125754;1503125755
0;128;8048;0x772497657ae930b73a87b675c8040d11e81560d59c798187453634b0d62b9b4d;0x66c1c2cb8cabcb99240da3ee1435d7a401e5d59757162aa5d283f61fcd554567;0xfef2f7f8;0x47162aa5L;0.500000;1503125755;1503125755
