0;128;8048;0x62ea88e6464bcd780e7ec1c9a58e96ff5cef8237f06b3ee1f7f29d78cbf3fd2d;0xf754e26a447f7ec1f4fad2b6fd5727caf2c4600c2e5c6f86278f86b68abb2f9f;0x44fa9562;0x3c027138L;0.500000;1503221988;1503221988
0;128;8048;0x62ea88e6464bcd780e7ec1c9a58e96ff5cef8237f06b3ee1f7f29d78cbf3fd2d;0xf754e26a447f7ec1f4fad2b6fd5727caf2c4600c2e5c6f86278f86b68abb2f9f;0x44fa9562;0x3c027138L;0.500000;1503221988;1503221989
0;128;8048;0xd9b71f2bdf9232c1e0ac7358b921c54567a914717db7fc2aa45e5c7229ec1602;0xeb09eadb88541da7fdaf1806c52a5508f41667f789a332852e5dda2e6defc1d1;0x64e2cc9f;0x9a960c4L;0.500000;1503221989;1503221989
0;128;8048;0xd9b71f2bdf9232c1e0ac7358b921c54567a914717db7fc2aa45e5c7229ec1602;0xeb09eadb88541da7fdaf1806c52a5508f41667f789a332852e5dda2e6defc1d1;0x64e2cc9f;0x9a960c4L;0.500000;1503221989;1503221990
0;128;8048;0x9f6bdddbc74f3364f39c9b03b6f5f442eb944c8c11faf4d55a4adb3a2d6948cc;0xb5311be1b951371f625aa4e8de0f194ec9e44b556fd8ef2e0f524b90f321d9ab;0x55395c07;0x7dfff7dfL;0.500000;1503221990;1503221990
0;128;8048;0x9f6bdddbc74f3364f39c9b03b6f5f442eb944c8c11faf4d55a4adb3a2d6948cc;0xb5311be1b951371f625aa4e8de0f194ec9e44b556fd8ef2e0f524b90f321d9ab;0x55395c07;0x7dfff7dfL;0.500000;1503221990;1503221991
0;128;8048;0x19bc49bf051dd2f1c4fea94a9373ff103d3b7c9996f5fd3db7491e8ab7d9c4d0;0xd4202f4acb2c100c9317303656882b6d4071cfe82b07e369d9c4bc4f175452eb;0x5852b318;0x1021910L;0.500000;1503221991;1503221991
0;128;8048;0x19bc49bf051dd2f1c4fea94a9373ff103d3b7c9996f5fd3db7491e8ab7d9c4d0;0xd4202f4acb2c100c9317303656882b6d4071cfe82b07e369d9c4bc4f175452eb;0x5852b318;0x1021910L;0.500000;1503221992;1503221992
0;128;8048;0x760aaeec44477edb25d5d81de0209dbc18a1c0bcc90a250344e76be1991f990f;0xcb0c01035baa14e0914901619e5f470e09a80a22995de853b41a2d6d1a30a901;0x32378a15;0xd95dff4bL;0.500000;1503221992;1503221993
0;128;8048;0x531d52c59231980ad610201827f9bcdb6a81258f4e12453f3b47f0a6826e91d6;0x617ded19f2dbe47b03fb058a8c9e6eee854c3e5db949d306048ceefde987c134;0xc9957b2c;0xf7ffcfa9L;0.500000;1503221993;1503221993
0;128;8048;0x531d52c59231980ad610201827f9bcdb6a81258f4e12453f3b47f0a6826e91d6;0x617ded19f2dbe47b03fb058a8c9e6eee854c3e5db949d306048ceefde987c134;0xc9957b2c;0xf7ffcfa9L;0.500000;1503221993;1503221994
0;128;8048;0xc9451a6d7a23abfc91fb0f2e97681432c0e8f40b4eac3de066574530fc5996c5;0x09836f68251013503032731c7e64d85b44fdeac4b54fb0a1cb62e6c71137ec3a;0x1a7fca89;0x73c290a9L;0.500000;1503221994;1503221994
0;128;8048;0xc9451a6d7a23abfc91fb0f2e97681432c0e8f40b4eac3de066574530fc5996c5;0x09836f68251013503032731c7e64d85b44fdeac4b54fb0a1cb62e6c71137ec3a;0x1a7fca89;0x73c290a9L;0.500000;1503221994;1503221995
0;128;8048;0x062cdacbce9a1e03b6e5f529f13f2cee2411e02014c6437a097c25a861e42567;0x6989e41116ac50116333687c5770b7619552c26ffa92fcf805e109e0f7a716a9;0x25abe6c4;0xea92fcf8L;0.500000;1503221995;1503221995
0;128;8048;0x062cdacbce9a1e03b6e5f529f13f2cee2411e02014c6437a097c25a861e42567;0x6989e41116ac50116333687c5770b7619552c26ffa92fcf805e109e0f7a716a9;0x25abe6c4;0xea92fcf8L;0.500000;1503221995;1503221996
0;128;8048;0x61ec4337cd1b199db1ee406c4c9f13e9a584a297c4305c94fe789a0c9a4fe2fb;0xeb3d7871ef156b3d113738535f16d00cdba25d08c3f0f4f99188a4f028f811e0;0x8286afc2;0x2452a494L;0.500000;1503221996;1503221996
0;128;8048;0x61ec4337cd1b199db1ee406c4c9f13e9a584a297c4305c94fe789a0c9a4fe2fb;0xeb3d7871ef156b3d113738535f16d00cdba25d08c3f0f4f99188a4f028f811e0;0x8286afc2;0x2452a494L;0.500000;1503221996;1503221997
0;128;8048;0x7a1a3d00aa768dcd42e9cfd011e132b1c2bd5b3416aaf11355c197b364ceaade;0xdade2a3f1e68c28a1306adec171f8832a6eaeeb41f2adc3cea63d52498518da8;0x9a7fc728;0x5890d4bdL;0.500000;1503221997;1503221997
0;128;8048;0x7a1a3d00aa768dcd42e9cfd011e132b1c2bd5b3416aaf11355c197b364ceaade;0xdade2a3f1e68c28a1306adec171f8832a6eaeeb41f2adc3cea63d52498518da8;0x9a7fc728;0x5890d4bdL;0.500000;1503221997;1503221998
0;128;8048;0xaee7a34428b48c1fa89faa7653c9b203d6b9ce235da2b3fa951b58936fd5c01d;0xe821df761055923d82c97faf1bedc6f6e988311416955bb497d924dcad12f67a;0xbb91d7a4;0xdc6679a5L;0.500000;1503221998;1503221998
