0;128;8048;0xe85702f707cbd9b59878f67568c638101f4b3b8a67ee670c2cc7d9c81e7f8106;0x7b848fb76e3ee1b10cb615e241c7caec6af0d20231e0b0138ea92a5fe3a56cc2;0xfca8f120;0xbefb4aedL;0.500000;1503115522;1503115522
0;128;8048;0xe85702f707cbd9b59878f67568c638101f4b3b8a67ee670c2cc7d9c81e7f8106;0x7b848fb76e3ee1b10cb615e241c7caec6af0d20231e0b0138ea92a5fe3a56cc2;0xfca8f120;0xbefb4aedL;0.500000;1503115522;1503115523
0;128;8048;0x3cae4433cfd50e0995feab703d62451403527903ac80b4f54ff0f57f153f3451;0x41e3b2c11be2dda6b84dd53f4d54ca35aeec02602cc8d618a9ce274a98cddc39;0xc1d190b9;0x29858294L;0.500000;1503115523;1503115524
0;128;8048;0x942f1ba10685b3357712d67f904c557c7a83214bf9f545106f5070dfe5c53079;0x98a89a5d4896230020abf3e94e403a6d0e221e2c8935cd1548d7e3f7c47b6ae8;0xb4b1e293;0x130a0e2fL;0.500000;1503115524;1503115524
0;128;8048;0x942f1ba10685b3357712d67f904c557c7a83214bf9f545106f5070dfe5c53079;0x98a89a5d4896230020abf3e94e403a6d0e221e2c8935cd1548d7e3f7c47b6ae8;0xb4b1e293;0x130a0e2fL;0.500000;1503115524;1503115525
0;128;8048;0x55568abec40e4bab6a9dd3d0ed3e80dd0a400e1eb0d57a69b601ce8548dca99e;0x52aa021fac61b5b02b202b52d8bf1c9fca0eaf21ccc642be9d6ca2d79b69573c;0x1fa07556;0x659c4dc8L;0.500000;1503115525;1503115525
0;128;8048;0x55568abec40e4bab6a9dd3d0ed3e80dd0a400e1eb0d57a69b601ce8548dca99e;0x52aa021fac61b5b02b202b52d8bf1c9fca0eaf21ccc642be9d6ca2d79b69573c;0x1fa07556;0x659c4dc8L;0.500000;1503115525;1503115526
0;128;8048;0x5347623517080a6ba8023daba3b9ff5fb046c9d314add3533b3d2ea0841e68d8;0x688c12617b3e931b6203ef7933a04889fe0a37f1fd2789b55b0a626dd4330a4d;0x509b8d08;0xfd6709b5L;0.500000;1503115526;1503115526
0;128;8048;0x5347623517080a6ba8023daba3b9ff5fb046c9d314add3533b3d2ea0841e68d8;0x688c12617b3e931b6203ef7933a04889fe0a37f1fd2789b55b0a626dd4330a4d;0x509b8d08;0xfd6709b5L;0.500000;1503115526;1503115527
0;128;8048;0x79e0e35f5f0affa5ab82e48f0c43dbae9090758acf948099f77540c443f672bc;0x3b394db3f415a2a5609b85380fd4fe4315ce90ab67ec5e8eb8ef9bf58ecce1c4;0xddc20354;0x158d87c5L;0.500000;1503115527;1503115527
0;128;8048;0x79e0e35f5f0affa5ab82e48f0c43dbae9090758acf948099f77540c443f672bc;0x3b394db3f415a2a5609b85380fd4fe4315ce90ab67ec5e8eb8ef9bf58ecce1c4;0xddc20354;0x158d87c5L;0.500000;1503115527;1503115528
0;128;8048;0xd68f3a5b6aa4467df853c5f9dc3316044d1542cd47acc1903198f4ead6b5dbac;0x2a7d10cb0cf4a68d6215b1ac1348310cbf6b3389ed077db53a32056224740bc3;0xf664f6b5;0xc26180ebL;0.500000;1503115528;1503115529
0;128;8048;0x516b0cacd0fffeee93e63b9ca8e1493da62d72c0d91e769adc21e5c3274bf079;0xc319de5d9d5acbaa84e1be772b6956cdd680099f09ab576a7a16d1ba573ba54f;0xcf00c5dd;0x2d2ea4e3L;0.500000;1503115529;1503115529
0;128;8048;0x516b0cacd0fffeee93e63b9ca8e1493da62d72c0d91e769adc21e5c3274bf079;0xc319de5d9d5acbaa84e1be772b6956cdd680099f09ab576a7a16d1ba573ba54f;0xcf00c5dd;0x2d2ea4e3L;0.500000;1503115529;1503115530
0;128;8048;0x926eaa00e93b2bb020335839b912e97081e420eb2114399bec9770dc523412e4;0x6adde08f10bf7fee37f63146fc00d8ffa0d189e31f9da328e08923e72e0be5fe;0x8b636680;0xfdff7dbfL;0.500000;1503115530;1503115530
0;128;8048;0x926eaa00e93b2bb020335839b912e97081e420eb2114399bec9770dc523412e4;0x6adde08f10bf7fee37f63146fc00d8ffa0d189e31f9da328e08923e72e0be5fe;0x8b636680;0xfdff7dbfL;0.500000;1503115530;1503115531
0;128;8048;0x32616b35821677c25811a5d9c9a356970ece35da553c49ad8a5cc1c28d4f81c0;0xc7e885ff689f489e333db56989b1ebfc92d8b726a457a9664b0903e200baac82;0x1f592883;0xa447a966L;0.500000;1503115531;1503115531
0;128;8048;0x32616b35821677c25811a5d9c9a356970ece35da553c49ad8a5cc1c28d4f81c0;0xc7e885ff689f489e333db56989b1ebfc92d8b726a457a9664b0903e200baac82;0x1f592883;0xa447a966L;0.500000;1503115531;1503115532
0;128;8048;0x0f9a0cb4e8524ed22bc2a59613e064ff9dc66b1d7999b7b5afd7503c37d52a47;0x9da1135f45f58716fcaa00f6dabaf23b66554de8ef88fb051d54d69acbc52f02;0xc383a559;0xe3f0d054L;0.500000;1503115532;1503115532
0;128;8048;0x0f9a0cb4e8524ed22bc2a59613e064ff9dc66b1d7999b7b5afd7503c37d52a47;0x9da1135f45f58716fcaa00f6dabaf23b66554de8ef88fb051d54d69acbc52f02;0xc383a559;0xe3f0d054L;0.500000;1503115532;1503115533
