0;128;8048;0x68f091cf5e05ccd24f4cfd5a3ce44a469f71732959042d692724bc0ece8ca436;0xf7c5ffbddb28bd3e38c316bf9f936d5d7485d3e8b944347af7847a71ccdff48b;0x60a3d06b;0xb944b47aL;0.500000;1503223190;1503223191
0;128;8048;0xd532f9c47b49d7205cf192e132f18e794583a63b926960494ebd9f592fd79e05;0xcc2c72180d7fbc4bd5aca05723358956767f8f571cfb1005296635ada7d35bc5;0x90c95681;0xff2feedbL;0.500000;1503223191;1503223191
0;128;8048;0xd532f9c47b49d7205cf192e132f18e794583a63b926960494ebd9f592fd79e05;0xcc2c72180d7fbc4bd5aca05723358956767f8f571cfb1005296635ada7d35bc5;0x90c95681;0xff2feedbL;0.500000;1503223192;1503223192
0;128;8048;0xea621449fd91204c111bb2733e736efabbe7e487538eda27aa5cc20cd9dd91c3;0x4baf4be1a95688e486d1318b3eb1ae57b8d0a83f9a5e98c1f08d0ea4e38c4b36;0x8fb450b8;0x3f344a10L;0.500000;1503223192;1503223192
0;128;8048;0xea621449fd91204c111bb2733e736efabbe7e487538eda27aa5cc20cd9dd91c3;0x4baf4be1a95688e486d1318b3eb1ae57b8d0a83f9a5e98c1f08d0ea4e38c4b36;0x8fb450b8;0x3f344a10L;0.500000;1503223193;1503223193
0;128;8048;0x18f7f030b7b53ca5723185f4e96d6697c931d4333821eda6b30cf61a7e98bc96;0xec918ae7f4f23a43a315de35491d22632632543b287e99d0f3f8b17deaf4cc64;0x924fbfd9;0x6bfff6e7L;0.500000;1503223193;1503223193
0;128;8048;0x18f7f030b7b53ca5723185f4e96d6697c931d4333821eda6b30cf61a7e98bc96;0xec918ae7f4f23a43a315de35491d22632632543b287e99d0f3f8b17deaf4cc64;0x924fbfd9;0x6bfff6e7L;0.500000;1503223194;1503223194
0;128;8048;0xec7977155ba4d1085daf124cbdcabca5bf70e9b9baff0b435ee0d3282fbc961c;0x997d28e01415c241dd713deee8178aadb7c4f37f1120e6c8c6e4c26fdab6b055;0xe1b216bd;0xf5efbe83L;0.500000;1503223194;1503223194
0;128;8048;0xec7977155ba4d1085daf124cbdcabca5bf70e9b9baff0b435ee0d3282fbc961c;0x997d28e01415c241dd713deee8178aadb7c4f37f1120e6c8c6e4c26fdab6b055;0xe1b216bd;0xf5efbe83L;0.500000;1503223195;1503223195
0;128;8048;0xc2978afc449611593e4a434b08d7ec96b54106394a3b8fce41fee48b422a8304;0x80a099469a08c101e3a1e9f49386a61e7ba8328de658acc28e2ef5d0731fbce1;0x4c1165ba;0xff884458L;0.500000;1503223195;1503223195
0;128;8048;0xc2978afc449611593e4a434b08d7ec96b54106394a3b8fce41fee48b422a8304;0x80a099469a08c101e3a1e9f49386a61e7ba8328de658acc28e2ef5d0731fbce1;0x4c1165ba;0xff884458L;0.500000;1503223196;1503223196
0;128;8048;0x8044a5b8ef813e467fc33eec2868068c9abb932ed0ecab0d86ce5a6c7f363bff;0x0af29b94c703eee7adbc03c02770ffd560bfb1a8cacfaf7dd474758abd8aaa97;0xa03afc59;0x7fa77fbfL;0.500000;1503223196;1503223196
0;128;8048;0x86cc30944a6f6a82fe9d115f2a57dfa6812f88da0a76aca383ae30049a30c120;0x1784edb2b683c87e94ad6e7a7efcbe86fda1246daa8c195c25c98f29d3e30ba8;0xaa10ccd7;0xfe6fff7fL;0.500000;1503223197;1503223197
0;128;8048;0x86cc30944a6f6a82fe9d115f2a57dfa6812f88da0a76aca383ae30049a30c120;0x1784edb2b683c87e94ad6e7a7efcbe86fda1246daa8c195c25c98f29d3e30ba8;0xaa10ccd7;0xfe6fff7fL;0.500000;1503223197;1503223198
0;128;8048;0xed00ed521ce6b3707e3e1d56cf504e998577b1da24c1ec72c0eb43c21f05980d;0x7c030daeb16cf19ca0a1611a1460d3b2a2a9b6f47ad64f2a5602234fa8b5b59b;0xba87761a;0x88287891L;0.500000;1503223198;1503223198
0;128;8048;0xed00ed521ce6b3707e3e1d56cf504e998577b1da24c1ec72c0eb43c21f05980d;0x7c030daeb16cf19ca0a1611a1460d3b2a2a9b6f47ad64f2a5602234fa8b5b59b;0xba87761a;0x88287891L;0.500000;1503223198;1503223198
0;128;8048;0xed00ed521ce6b3707e3e1d56cf504e998577b1da24c1ec72c0eb43c21f05980d;0x7c030daeb16cf19ca0a1611a1460d3b2a2a9b6f47ad64f2a5602234fa8b5b59b;0xba87761a;0x88287891L;0.500000;1503223199;1503223199
0;128;8048;0x0af5ae160a105746d47dcfd7b0bb743ee4e502d07f61a33aebffe8f9bd9272c7;0x922806d30d906cdc96c9065ff18c3d435bb5b28c517d9ce472cebd9d8c5470ca;0xfa9b2448;0x24402dfL;0.500000;1503223199;1503223200
0;128;8048;0x7723c5824786d430f03f6743f267a2d4d37f3165c1f26aa0f31f537621ed4e98;0x71490e6a450e4751a0f95e5d6ed0340cfcbb4d0c0732dd3dc87e7aad060c468c;0x1cd8f1f4;0x210a0b18L;0.500000;1503223200;1503223200
0;128;8048;0x7723c5824786d430f03f6743f267a2d4d37f3165c1f26aa0f31f537621ed4e98;0x71490e6a450e4751a0f95e5d6ed0340cfcbb4d0c0732dd3dc87e7aad060c468c;0x1cd8f1f4;0x210a0b18L;0.500000;1503223200;1503223201
