0;128;8048;0xd63b2a66c62b873d1eb4d73309c162764191ac84f60b272e3b7690566b609641;0xdd3462d73697af965ae9bbf4074606c9c9da2559f7d60413434b150879363dc4;0xa0a080a2;0xdffff591L;0.500000;1503160190;1503160190
0;128;8048;0xd63b2a66c62b873d1eb4d73309c162764191ac84f60b272e3b7690566b609641;0xdd3462d73697af965ae9bbf4074606c9c9da2559f7d60413434b150879363dc4;0xa0a080a2;0xdffff591L;0.500000;1503160190;1503160191
0;128;8048;0x76136f401afc219bf6712d06f8e0fdf45accb0afa43bdce7b140fcbe304c3ca6;0x144493c96b63df1c01aa2185062ecb8ba482daacc3d56c02ef3e3393afc2293a;0x64748f48;0x7ef3ef8cL;0.500000;1503160191;1503160191
0;128;8048;0x76136f401afc219bf6712d06f8e0fdf45accb0afa43bdce7b140fcbe304c3ca6;0x144493c96b63df1c01aa2185062ecb8ba482daacc3d56c02ef3e3393afc2293a;0x64748f48;0x7ef3ef8cL;0.500000;1503160191;1503160192
0;128;8048;0x1aee491b777821991009065f9ee6798b3b27bd8b38b59859c3310633cb53ece5;0x6f228827a7920ee2f035edcb5da7a8d87eab5c9cad730afb773f6bc40dd6029f;0x35729435;0x1098ae8cL;0.500000;1503160192;1503160192
0;128;8048;0x1aee491b777821991009065f9ee6798b3b27bd8b38b59859c3310633cb53ece5;0x6f228827a7920ee2f035edcb5da7a8d87eab5c9cad730afb773f6bc40dd6029f;0x35729435;0x1098ae8cL;0.500000;1503160192;1503160193
0;128;8048;0xba306f50794e1c44fd15f0b4bcb32233795d99484758b050de89f232c8964e82;0xf02697047a85404a34a45ede4dc684f95f98ff767a8f225e90fdcd263a9e9e71;0x53e01c2c;0x7e0f22ceL;0.500000;1503160193;1503160193
0;128;8048;0xba306f50794e1c44fd15f0b4bcb32233795d99484758b050de89f232c8964e82;0xf02697047a85404a34a45ede4dc684f95f98ff767a8f225e90fdcd263a9e9e71;0x53e01c2c;0x7e0f22ceL;0.500000;1503160193;1503160194
0;128;8048;0xf1360bf84af7a78a7207d9ae9be44009f29e18d600604d7f6e8d140e042811f5;0xc06b9cfb03512ee8cd1d5daaebcd8408ba608f479c3f04e09da9323c89183fc7;0x2fa511c8;0xfb7f080fL;0.500000;1503160194;1503160194
0;128;8048;0xf1360bf84af7a78a7207d9ae9be44009f29e18d600604d7f6e8d140e042811f5;0xc06b9cfb03512ee8cd1d5daaebcd8408ba608f479c3f04e09da9323c89183fc7;0x2fa511c8;0xfb7f080fL;0.500000;1503160194;1503160195
0;128;8048;0x172172a273365b48a3d047204f82833dc020ff11db98262c00d935318319d99b;0x064a272703e97c36d7079ac83705e60e66b2b68dca351b094ec67778f31ad9c5;0x3d86b715;0xf8371b09L;0.500000;1503160195;1503160195
0;128;8048;0x172172a273365b48a3d047204f82833dc020ff11db98262c00d935318319d99b;0x064a272703e97c36d7079ac83705e60e66b2b68dca351b094ec67778f31ad9c5;0x3d86b715;0xf8371b09L;0.500000;1503160195;1503160196
0;128;8048;0xf1a51aa2712308dcdd5cf6017db1498f313b33054614361cdeb03ba852c40843;0xd513a0527c43e308d30b6cc65da23a9ea813c849b1e7693be8050fd6f22c0887;0x3b2ef14a;0x4291b1aeL;0.500000;1503160196;1503160196
0;128;8048;0xf1a51aa2712308dcdd5cf6017db1498f313b33054614361cdeb03ba852c40843;0xd513a0527c43e308d30b6cc65da23a9ea813c849b1e7693be8050fd6f22c0887;0x3b2ef14a;0x4291b1aeL;0.500000;1503160196;1503160197
0;128;8048;0x50f8559563a1d507cf5522419d63bf0fc4c10a2e40c2c19af7e66987dd380b2e;0x88076a25039241c0ed88c3d9bc1a8100cea559ffb30e04c2827c4c91b7381351;0x0e8e05d6;0xbffbb37eL;0.500000;1503160197;1503160197
0;128;8048;0x50f8559563a1d507cf5522419d63bf0fc4c10a2e40c2c19af7e66987dd380b2e;0x88076a25039241c0ed88c3d9bc1a8100cea559ffb30e04c2827c4c91b7381351;0x0e8e05d6;0xbffbb37eL;0.500000;1503160197;1503160198
1;128;8048;0x5349c8056d836279f635456abfaabcf4be135f9298954860c3545d5e510ba3a4;0x372b71ff73d6b95a0d2069c24557c298d9f5265faa6edc3243c1d0e833b7676a;0x4eb63185;0xaa6edc32L;0.500000;1503160198;1503160198
1;128;8048;0x5349c8056d836279f635456abfaabcf4be135f9298954860c3545d5e510ba3a4;0x372b71ff73d6b95a0d2069c24557c298d9f5265faa6edc3243c1d0e833b7676a;0x4eb63185;0xaa6edc32L;0.500000;1503160198;1503160199
0;128;8048;0xc9989f66b2ca6edfe712ce817bc4e880ca1e0a613af524972e6cfa8a4498bc0d;0x13de40aba88589a120bb634e46502c9b5bc7ee5c95131504bba294858263b8bd;0xcf244643;0x77054869L;0.500000;1503160199;1503160199
0;128;8048;0xc9989f66b2ca6edfe712ce817bc4e880ca1e0a613af524972e6cfa8a4498bc0d;0x13de40aba88589a120bb634e46502c9b5bc7ee5c95131504bba294858263b8bd;0xcf244643;0x77054869L;0.500000;1503160199;1503160200
