0;128;8048;0xa8592a311aac7b04421abc7a1fce3e34a597523c407f165404bf5a86cb985673;0x83b1f85d5d54d6be5a12faf3919a4524a6c772b691e2e5f8b19b7eda5ea077e9;0x22fbb2f0;0x623290c4L;0.500000;1503123144;1503123144
0;128;8048;0xa8592a311aac7b04421abc7a1fce3e34a597523c407f165404bf5a86cb985673;0x83b1f85d5d54d6be5a12faf3919a4524a6c772b691e2e5f8b19b7eda5ea077e9;0x22fbb2f0;0x623290c4L;0.500000;1503123144;1503123145
0;128;8048;0x08a7581591d270b820bc3b2d860a45a553df3a57e858e4a9b7c982eb32496f3b;0xe4895702702cab8d8dd99288a298d7e3ffd25c5206b61030ebeb4bad63a8ffa5;0xd57cdd3f;0x29ae3d6aL;0.500000;1503123145;1503123146
0;128;8048;0xf069d072c1f68bf64ecfd8b4b99be0c875667c3c6f241c619359e2a88c490e7d;0x12b0438b13061cfec32a90e3fd176b2791796db33c03330b06aa691ab856a2fe;0xd5e506f4;0x2c3d2791L;0.500000;1503123146;1503123146
0;128;8048;0xf069d072c1f68bf64ecfd8b4b99be0c875667c3c6f241c619359e2a88c490e7d;0x12b0438b13061cfec32a90e3fd176b2791796db33c03330b06aa691ab856a2fe;0xd5e506f4;0x2c3d2791L;0.500000;1503123146;1503123147
0;128;8048;0xf5ac8518478e0140b26420c1948f7e2f767220eebe4e3f1dfca22f99b98d63ae;0x9986be54d5875383c58a061743bc2bea09064ce440dcb209c831162a622cc0fb;0xf46f4e9b;0x41dcf28dL;0.500000;1503123147;1503123147
0;128;8048;0xf5ac8518478e0140b26420c1948f7e2f767220eebe4e3f1dfca22f99b98d63ae;0x9986be54d5875383c58a061743bc2bea09064ce440dcb209c831162a622cc0fb;0xf46f4e9b;0x41dcf28dL;0.500000;1503123147;1503123148
0;128;8048;0xafedac73183f26dcbbf8a8612f939db31aafd5e68262bfdf30bd0114e224e992;0xb3f83f5038ddb8ab3b505e37e1b4f426e1e68d763268612bc06b2faaf3ce392f;0xdcdeaa05;0xffbffeebL;0.500000;1503123148;1503123148
0;128;8048;0xafedac73183f26dcbbf8a8612f939db31aafd5e68262bfdf30bd0114e224e992;0xb3f83f5038ddb8ab3b505e37e1b4f426e1e68d763268612bc06b2faaf3ce392f;0xdcdeaa05;0xffbffeebL;0.500000;1503123148;1503123149
0;128;8048;0x418c5d44d24c738560d981e390590181c6a49d7dd32d3a5b67497b3bebd1242c;0xcfc9bcc937bfabd1b255520d0e66d1ea4f61635e30313d7a77d836bd34308d5f;0x49b9b978;0xff7ffe7bL;0.500000;1503123149;1503123149
0;128;8048;0x418c5d44d24c738560d981e390590181c6a49d7dd32d3a5b67497b3bebd1242c;0xcfc9bcc937bfabd1b255520d0e66d1ea4f61635e30313d7a77d836bd34308d5f;0x49b9b978;0xff7ffe7bL;0.500000;1503123149;1503123150
0;128;8048;0x6f55f2032c8e956f14706ee6da61ecffb184ba821e9126896f81425823a67e92;0xcfe938567b62cc0f66586b96091979e332f99b5531d7ddc5ccfd85a40df5654d;0x8ff54691;0x31d5cdd5L;0.500000;1503123150;1503123150
0;128;8048;0x6f55f2032c8e956f14706ee6da61ecffb184ba821e9126896f81425823a67e92;0xcfe938567b62cc0f66586b96091979e332f99b5531d7ddc5ccfd85a40df5654d;0x8ff54691;0x31d5cdd5L;0.500000;1503123150;1503123151
0;128;8048;0x2f4715c47e97f41807e4b930d80f25f6b71c10c6881669268cb3e7e647301676;0x50b795ff7548e29463582a043262a230f9f5428e621011aa1a99559dfd3664e6;0x327256f7;0xffdf6bffL;0.500000;1503123151;1503123151
0;128;8048;0x2f4715c47e97f41807e4b930d80f25f6b71c10c6881669268cb3e7e647301676;0x50b795ff7548e29463582a043262a230f9f5428e621011aa1a99559dfd3664e6;0x327256f7;0xffdf6bffL;0.500000;1503123151;1503123152
0;128;8048;0xf115bdf0a16569466d1e320af5b8445b1f7aebbdbc9a8183aa7ac94141f1f632;0x7d2044c38acb68f962cddb95a38b08f172364e093c907902afe6fd78d9151583;0xd931d9d3;0x3cd47902L;0.500000;1503123152;1503123152
0;128;8048;0xf115bdf0a16569466d1e320af5b8445b1f7aebbdbc9a8183aa7ac94141f1f632;0x7d2044c38acb68f962cddb95a38b08f172364e093c907902afe6fd78d9151583;0xd931d9d3;0x3cd47902L;0.500000;1503123152;1503123153
0;128;8048;0xd8f2e7ed1ff48ba313d156a97cb29a6e032f5005d50d94b886ec124a2d1ae605;0xfd3ea97227e189e205dbff8b1a5a355b2aece9b5b27e26dbe0db3ba08c6c19ec;0x45efb0c3;0x914e01e3L;0.500000;1503123153;1503123153
0;128;8048;0xd8f2e7ed1ff48ba313d156a97cb29a6e032f5005d50d94b886ec124a2d1ae605;0xfd3ea97227e189e205dbff8b1a5a355b2aece9b5b27e26dbe0db3ba08c6c19ec;0x45efb0c3;0x914e01e3L;0.500000;1503123153;1503123154
0;128;8048;0x9a4a5927eb821e691a6d78f579ff994593b4029fc689e13f6f9546d567981102;0x16292b28df69da959dfc172bae1e0ba616298f69b7c4b5e92004b7034694b46d;0x1ce170f7;0xfff3fffbL;0.500000;1503123154;1503123154
