0;128;8048;0xfe7092d0f7652d8fe6aaaf25401dad7011ec2085223ab28dca24adced876cad6;0xfca969ad0976472f6b57323a88ce0431f491d4971555380c88431e269f651e77;0x840906c5;0x2dbfacd1L;0.500000;1503185114;1503185114
0;128;8048;0x3b7437075618ad4449463672f0718a4a74bf70e6e618b9c481dbde928ccf71c7;0xfe9f90fe68c875861d79e43142d6fb7bf324942ec70bea512d455a7cd167775e;0x8f8c5301;0x124e0d36L;0.500000;1503185114;1503185115
0;128;8048;0xeb55e8cae858f98489add3835f3a996e9c6bd09092958355a9ec18da8bd15676;0x718a2d05091737bf0db42c971af25b7c3c345ba537f6fb5082b19776b55f86df;0xa91a1b44;0xbff6df2fL;0.500000;1503185115;1503185115
0;128;8048;0xeb55e8cae858f98489add3835f3a996e9c6bd09092958355a9ec18da8bd15676;0x718a2d05091737bf0db42c971af25b7c3c345ba537f6fb5082b19776b55f86df;0xa91a1b44;0xbff6df2fL;0.500000;1503185115;1503185116
0;128;8048;0xfe6f7237006df59d20c67288023d11804ce99cd245701c5555ac43339fdb699d;0xc6376b66d6e726c3ecfcf824605be6d5d63ee7985591507d486926912404741c;0x5211d3f6;0x5efeffffL;0.500000;1503185116;1503185116
0;128;8048;0xfe6f7237006df59d20c67288023d11804ce99cd245701c5555ac43339fdb699d;0xc6376b66d6e726c3ecfcf824605be6d5d63ee7985591507d486926912404741c;0x5211d3f6;0x5efeffffL;0.500000;1503185116;1503185117
0;128;8048;0xb30724cc034b480688d5c1b23881148e49239f0a6e37ee232ed0977a4d924500;0x4a686868ed4d748668b1cee989aaded0309d13a2c83c51935ac2f57a0e25da64;0x4d1cb6ca;0xa056d0a5L;0.500000;1503185117;1503185117
0;128;8048;0xb30724cc034b480688d5c1b23881148e49239f0a6e37ee232ed0977a4d924500;0x4a686868ed4d748668b1cee989aaded0309d13a2c83c51935ac2f57a0e25da64;0x4d1cb6ca;0xa056d0a5L;0.500000;1503185117;1503185118
0;128;8048;0x11c155b7db08d5d7e14969093d5a206e8ce1618a99c009115381de5ee00113f1;0x47f5610f1f8039131ed0f1480da2c91640944916150f2997d15efa0478c6ed76;0x7e8ea0b1;0x31e4430L;0.500000;1503185118;1503185118
0;128;8048;0x11c155b7db08d5d7e14969093d5a206e8ce1618a99c009115381de5ee00113f1;0x47f5610f1f8039131ed0f1480da2c91640944916150f2997d15efa0478c6ed76;0x7e8ea0b1;0x31e4430L;0.500000;1503185118;1503185119
0;128;8048;0x15824ed379cf4127141b0d3e362e7d2bae7eccc164eb6b76dbf4f29704cd9b19;0xeb61526cfd44aab29f9badae8053aa4261ac66892630d95c24537e03d6edc5cf;0x60850e17;0x9a974416L;0.500000;1503185119;1503185120
0;128;8048;0x5bf49df30162d96e37b6e247ffa129d82929831a9692241640af459f8ef34bea;0x40bc37503d26f02a5d8b0f25b5b296a0a5c1a79d867f57c04fa7786e3e591762;0xb53b1754;0xfffeecefL;0.500000;1503185120;1503185120
0;128;8048;0x5bf49df30162d96e37b6e247ffa129d82929831a9692241640af459f8ef34bea;0x40bc37503d26f02a5d8b0f25b5b296a0a5c1a79d867f57c04fa7786e3e591762;0xb53b1754;0xfffeecefL;0.500000;1503185120;1503185121
0;128;8048;0x59de0b45e6bbed11477e634dae4330857d4f0265831b3e42278b6b3b9fcd52f9;0x633d3d70a2b45660aca992b32d59afb4c510ed2c7c5b3d24e66eb7809c81a982;0xe4849089;0xff7ffddfL;0.500000;1503185121;1503185121
0;128;8048;0x59de0b45e6bbed11477e634dae4330857d4f0265831b3e42278b6b3b9fcd52f9;0x633d3d70a2b45660aca992b32d59afb4c510ed2c7c5b3d24e66eb7809c81a982;0xe4849089;0xff7ffddfL;0.500000;1503185121;1503185121
0;128;8048;0x59de0b45e6bbed11477e634dae4330857d4f0265831b3e42278b6b3b9fcd52f9;0x633d3d70a2b45660aca992b32d59afb4c510ed2c7c5b3d24e66eb7809c81a982;0xe4849089;0xff7ffddfL;0.500000;1503185122;1503185122
0;128;8048;0x6bce451fba80c0a0937c67b0677b84709df0d9e54b2eb895b9ba04f8062cf571;0x72d7fe282bde2fa4ac75116761cc630adaad873cc3808d7e979642a3ea01cfb8;0x365142d0;0xcca259a0L;0.500000;1503185122;1503185123
0;128;8048;0xde33b9c1122a07c88e683918f0ad392147975f9fd5864f99180f2bfe303e740f;0xcf1a22cb647d48cb00765e9c4b9dc59637b685b080e5aa5494b549fa8efcfd45;0xffc7ea14;0xa43460f0L;0.500000;1503185123;1503185123
0;128;8048;0xde33b9c1122a07c88e683918f0ad392147975f9fd5864f99180f2bfe303e740f;0xcf1a22cb647d48cb00765e9c4b9dc59637b685b080e5aa5494b549fa8efcfd45;0xffc7ea14;0xa43460f0L;0.500000;1503185123;1503185124
0;128;8048;0x840a8091e8f52fcf03269727cd4f9c7755b4bfcf5273db4932f48ad130f0a6b4;0xac010548ae584c5f9d6769a2f49c51d80dd33b4175a797d53f578aed2d870a1b;0x2d2423ac;0xfc1a8436L;0.500000;1503185124;1503185124
