0;128;8048;0x2c1b87eaafd238059331b2802514f4425105dd70608796cb66cd7bb72a8c7756;0xa9b6c3fa24419309678b39f939384079ba81e852d1378833a7f1532236398df4;0x0e7ed77f;0xffffb3beL;0.500000;1503142237;1503142238
0;128;8048;0x52ca958da13436a04b8b30f7cf212bd89d7be10204713c7edb672d378b37d2dd;0xff80096ffa80ad7d1fe47acb36c6a3729c0847ea27a03d199b15f7f305d2401a;0xa2727a24;0xffbecfffL;0.500000;1503142238;1503142238
0;128;8048;0x52ca958da13436a04b8b30f7cf212bd89d7be10204713c7edb672d378b37d2dd;0xff80096ffa80ad7d1fe47acb36c6a3729c0847ea27a03d199b15f7f305d2401a;0xa2727a24;0xffbecfffL;0.500000;1503142238;1503142239
0;128;8048;0x51b492ef5b16026be137d71dcf97c8c9325e8aae914920dc68c98b487b9e5ecc;0x69158778bf8c627da1bfc31c8890d9455db554686d97e23cc4662613f059207f;0xf7920a27;0x36384850L;0.500000;1503142239;1503142239
0;128;8048;0x51b492ef5b16026be137d71dcf97c8c9325e8aae914920dc68c98b487b9e5ecc;0x69158778bf8c627da1bfc31c8890d9455db554686d97e23cc4662613f059207f;0xf7920a27;0x36384850L;0.500000;1503142239;1503142240
0;128;8048;0x619adaba239e96977590d7292f06e20d0ebdc9866fc6fcb74be6270c358b6d96;0x1301406a53e7a297017957bb2efc6f61aced67a3d6ae21ba55796d3c87ea59dc;0xaca6ad16;0xdf38aabbL;0.500000;1503142240;1503142240
0;128;8048;0x619adaba239e96977590d7292f06e20d0ebdc9866fc6fcb74be6270c358b6d96;0x1301406a53e7a297017957bb2efc6f61aced67a3d6ae21ba55796d3c87ea59dc;0xaca6ad16;0xdf38aabbL;0.500000;1503142240;1503142241
0;128;8048;0xcedc7a2786ee52b52ab1b74e670dbe51e204a9d889f0e606fa3053250d3b98db;0xf9560298fb4f889d16983fcc81ecc968ab193c52925ffc582e0bbdd187229f69;0x9c2fbb55;0xf7a69128L;0.500000;1503142241;1503142241
0;128;8048;0xcedc7a2786ee52b52ab1b74e670dbe51e204a9d889f0e606fa3053250d3b98db;0xf9560298fb4f889d16983fcc81ecc968ab193c52925ffc582e0bbdd187229f69;0x9c2fbb55;0xf7a69128L;0.500000;1503142241;1503142242
0;128;8048;0x95764e9cf34763fe9ca6c12d8cab05c3308cdc4ab3290cd8e936520acd358663;0x752c03f3d297c3ebc1d837b572a80845aaec429c9e7ab7ac020e19bfc74cac40;0xeb609a5e;0xde72b7bcL;0.500000;1503142242;1503142242
0;128;8048;0x95764e9cf34763fe9ca6c12d8cab05c3308cdc4ab3290cd8e936520acd358663;0x752c03f3d297c3ebc1d837b572a80845aaec429c9e7ab7ac020e19bfc74cac40;0xeb609a5e;0xde72b7bcL;0.500000;1503142242;1503142243
0;128;8048;0xb50ee13de98132815611acdc4f178a2a25e8e500884f6b8dadfab04ea8773d5d;0xe15c34073d73749fe3a5719609c4984a64721d832d9ebaf29523be7b595c9867;0xd5ee0a80;0xaf2975ffL;0.500000;1503142243;1503142243
0;128;8048;0xb50ee13de98132815611acdc4f178a2a25e8e500884f6b8dadfab04ea8773d5d;0xe15c34073d73749fe3a5719609c4984a64721d832d9ebaf29523be7b595c9867;0xd5ee0a80;0xaf2975ffL;0.500000;1503142243;1503142244
0;128;8048;0x377c1969b545bcf392aaac9d387276c035c2275d73f6197943f99ca2d21b8709;0x78a65013928fd391cfc8a16ee302449e3e7db9ff611300fea45487c1cc007203;0xac5e6f68;0xcddeef33L;0.500000;1503142244;1503142244
0;128;8048;0x377c1969b545bcf392aaac9d387276c035c2275d73f6197943f99ca2d21b8709;0x78a65013928fd391cfc8a16ee302449e3e7db9ff611300fea45487c1cc007203;0xac5e6f68;0xcddeef33L;0.500000;1503142244;1503142245
0;128;8048;0xd3a5269179f794f20b14e27009a2581207a7577ebd473daa12eff5ded5a02aa8;0xd02758f70a3ed917a68a2d7c1ceecaeca68f3f5b1c228b8b89114df0a408067a;0xb615c286;0xd8fffd77L;0.500000;1503142245;1503142245
0;128;8048;0xd3a5269179f794f20b14e27009a2581207a7577ebd473daa12eff5ded5a02aa8;0xd02758f70a3ed917a68a2d7c1ceecaeca68f3f5b1c228b8b89114df0a408067a;0xb615c286;0xd8fffd77L;0.500000;1503142245;1503142246
0;128;8048;0xaaa24ab6ec32480ae11f266c37950bef4eb55dab5fcdaea03137d26e1f4160c9;0xc085414a6f57d9b03a32b81f3e2c1e5ac0c0431fea4541a4c802af4d764eb2f9;0xfdf666b9;0xffa78669L;0.500000;1503142246;1503142246
0;128;8048;0xaaa24ab6ec32480ae11f266c37950bef4eb55dab5fcdaea03137d26e1f4160c9;0xc085414a6f57d9b03a32b81f3e2c1e5ac0c0431fea4541a4c802af4d764eb2f9;0xfdf666b9;0xffa78669L;0.500000;1503142247;1503142247
0;128;8048;0x718c1b589897e99129a232fbf30288021b5167d77bf91914cd96f8a5cfc3a440;0xa3804c80765c3fd3956709776cbce3ec56b2db21621de1780b931ea5941bf32d;0xd9d57605;0x623de178L;0.500000;1503142247;1503142248
