0;128;8048;0x6267e4ef65d7cb48782bddbb46a9b2540c54bcd90cbe6e448976e8f5095c5e6c;0x8577cf116c8ec1e8eabd4362e916e4cc0e90eb0f22a17a10485b24cc5267a5cb;0xed6b5a59;0x66fdefffL;0.500000;1503235013;1503235013
0;128;8048;0x6267e4ef65d7cb48782bddbb46a9b2540c54bcd90cbe6e448976e8f5095c5e6c;0x8577cf116c8ec1e8eabd4362e916e4cc0e90eb0f22a17a10485b24cc5267a5cb;0xed6b5a59;0x66fdefffL;0.500000;1503235013;1503235014
0;128;8048;0xdda717067826f2c8a68a563d8f34caeea956765c67b729a6f3cae77493dddd70;0xf7707dc9ba47dc1a0107d298887aa5a1923e55320b9d50c09aa1d9708b785218;0x4bd081c7;0xfdff3eefL;0.500000;1503235014;1503235014
0;128;8048;0xdda717067826f2c8a68a563d8f34caeea956765c67b729a6f3cae77493dddd70;0xf7707dc9ba47dc1a0107d298887aa5a1923e55320b9d50c09aa1d9708b785218;0x4bd081c7;0xfdff3eefL;0.500000;1503235014;1503235015
0;128;8048;0x584f439c4891eb8c6af37cd9fc26c4761703d8a18708b4e2dcc18776f46bbc4c;0xbfdd0642b7743b8f7a785d8518aedc522ae9ebe301e7eee19ef47b74c9a71c32;0x256251c6;0x84f07a22L;0.500000;1503235015;1503235015
0;128;8048;0x584f439c4891eb8c6af37cd9fc26c4761703d8a18708b4e2dcc18776f46bbc4c;0xbfdd0642b7743b8f7a785d8518aedc522ae9ebe301e7eee19ef47b74c9a71c32;0x256251c6;0x84f07a22L;0.500000;1503235015;1503235016
0;128;8048;0x9e9875791afd386548add3a238afd6c25f15280d2900186db6cec71d95d03b33;0xc9a20c8e2f7c113baa537ef2875bad9a3a9f299d60b6f10e3ec7f8de20009856;0x903b9b1a;0x62b6f10cL;0.500000;1503235016;1503235016
0;128;8048;0x9e9875791afd386548add3a238afd6c25f15280d2900186db6cec71d95d03b33;0xc9a20c8e2f7c113baa537ef2875bad9a3a9f299d60b6f10e3ec7f8de20009856;0x903b9b1a;0x62b6f10cL;0.500000;1503235016;1503235017
0;128;8048;0x28d07ac6b4c7b02e54aaf730f5bf47143565033a2aa9617fec9cf7f265af248d;0x62c18132be5efd252563b71a9d515c5d96dd1bdc809ad75e64b2090264a06db7;0xef28f234;0x89080d69L;0.500000;1503235017;1503235017
0;128;8048;0x28d07ac6b4c7b02e54aaf730f5bf47143565033a2aa9617fec9cf7f265af248d;0x62c18132be5efd252563b71a9d515c5d96dd1bdc809ad75e64b2090264a06db7;0xef28f234;0x89080d69L;0.500000;1503235017;1503235018
0;128;8048;0xe71a08af8fa58df82abab2392fefa9bd10a27bb54ae3692f2829a8646d4c6254;0x5465dc6b287106c9dda1555ad409c7e4be1468900670997910bd5d2b37d7792a;0xdbf6a16d;0x60d17088L;0.500000;1503235018;1503235019
0;128;8048;0x8c2f90915140a7f7e11f946e5e4296de091cef963fefdc000d3afaceb7a58943;0x0ce0c490a33f644d683fa8eef5c302f1bffeb179454599a7b2209663441c28b2;0xc27ba939;0x80094463L;0.500000;1503235019;1503235019
0;128;8048;0x8c2f90915140a7f7e11f946e5e4296de091cef963fefdc000d3afaceb7a58943;0x0ce0c490a33f644d683fa8eef5c302f1bffeb179454599a7b2209663441c28b2;0xc27ba939;0x80094463L;0.500000;1503235019;1503235020
0;128;8048;0xf4cffec3d0b86ab46625b213f62c5e05f6cc91fc810ac289ed082e2faedf5fa3;0xab2fa85e2a7f86076d1aa9ea6715215a9aed5db71708c83e17c8fb23c714c9e1;0x3ede16bf;0xffbffe6fL;0.500000;1503235020;1503235020
0;128;8048;0xf4cffec3d0b86ab46625b213f62c5e05f6cc91fc810ac289ed082e2faedf5fa3;0xab2fa85e2a7f86076d1aa9ea6715215a9aed5db71708c83e17c8fb23c714c9e1;0x3ede16bf;0xffbffe6fL;0.500000;1503235020;1503235021
0;128;8048;0xc70f0bec50c21393b5345c5cb9477f90aaf5bbcc488ef10743921ca4e72b30ae;0x608f8ca10db567a4ceb3472f0ba8649efb0b6f9215945794f14e833942322a57;0xd205a756;0x843989c8L;0.500000;1503235021;1503235021
0;128;8048;0xc70f0bec50c21393b5345c5cb9477f90aaf5bbcc488ef10743921ca4e72b30ae;0x608f8ca10db567a4ceb3472f0ba8649efb0b6f9215945794f14e833942322a57;0xd205a756;0x843989c8L;0.500000;1503235021;1503235022
0;128;8048;0x10cd00633d3fe871db0db6c72c3c01fad8ff9ce1c0110643e4a8aae1d21cb2e2;0xa671638c1adb78e0053b2f234a4436bb303cc61642683a9ebe8544662682ef73;0x7c1c2119;0x3fbbb77fL;0.500000;1503235022;1503235022
0;128;8048;0x10cd00633d3fe871db0db6c72c3c01fad8ff9ce1c0110643e4a8aae1d21cb2e2;0xa671638c1adb78e0053b2f234a4436bb303cc61642683a9ebe8544662682ef73;0x7c1c2119;0x3fbbb77fL;0.500000;1503235022;1503235023
0;128;8048;0x3aeba4f083f99a1ed5841d28e99a284a68af595098c64fc8cd299658e5f5a31f;0xdc877bbc9e5b1a83710d8d1d27dc80e74e07cb438421567fa36335964cdd5ce3;0x9b7d81c5;0x3a667664L;0.500000;1503235023;1503235024
