0;128;8048;0x8841834f54b84de3c5144f2d3994cb80ee0d97335d7d6f3b00f53c266e920ff6;0x5f144e9c87a730a2a49a95c0f3e7e1f244b76c55620225dfcd3c4e77db51e2ec;0x6af29af9;0x7fffefffL;0.500000;1503118073;1503118074
0;128;8048;0x15d1ec4175af56836806c79777ba195e8c7b4f8072f9bd4df80a043a04ceb819;0xc5d435039acd72d44e05e460d4e778a434afcc659d15b4f0af676a993e8217b0;0x6fe40692;0x9d5594f4L;0.500000;1503118074;1503118074
0;128;8048;0x15d1ec4175af56836806c79777ba195e8c7b4f8072f9bd4df80a043a04ceb819;0xc5d435039acd72d44e05e460d4e778a434afcc659d15b4f0af676a993e8217b0;0x6fe40692;0x9d5594f4L;0.500000;1503118074;1503118075
0;128;8048;0x69247b2f4e02b8ba786db01647c181d3f4875246795e9af6cf1b13e7f3f9d65d;0x462e46eb92bc0bf566416d4c4bcf08b8d32a4d1afb680dcd970b82db172826f7;0x8e0c276c;0xfb680dadL;0.500000;1503118075;1503118075
0;128;8048;0x69247b2f4e02b8ba786db01647c181d3f4875246795e9af6cf1b13e7f3f9d65d;0x462e46eb92bc0bf566416d4c4bcf08b8d32a4d1afb680dcd970b82db172826f7;0x8e0c276c;0xfb680dadL;0.500000;1503118075;1503118076
0;128;8048;0x5d844f5dae2f5f12132c3f4aad24d55f550efd5ac8e5240bc666da744cbe1ca9;0x9502516043b9824296c669f6e626cd78c5f4eb41d460f51262e30dd792855f0a;0x50ce420a;0x1c833003L;0.500000;1503118076;1503118076
0;128;8048;0x5d844f5dae2f5f12132c3f4aad24d55f550efd5ac8e5240bc666da744cbe1ca9;0x9502516043b9824296c669f6e626cd78c5f4eb41d460f51262e30dd792855f0a;0x50ce420a;0x1c833003L;0.500000;1503118076;1503118077
0;128;8048;0x84923649b18048263719fe309b8fbc5edbf03f5fb57462caad218e69d09c0a54;0x46f972b1c7c01b5d1edae446754f283c3b0b3518135d0e94bf80169177fa2843;0x987f201b;0x649c21d9L;0.500000;1503118077;1503118077
0;128;8048;0x84923649b18048263719fe309b8fbc5edbf03f5fb57462caad218e69d09c0a54;0x46f972b1c7c01b5d1edae446754f283c3b0b3518135d0e94bf80169177fa2843;0x987f201b;0x649c21d9L;0.500000;1503118077;1503118078
0;128;8048;0x093f7b2c8fbf6d6bd2404c371de7cb4d12fa6ca26a33e2c50c0fbe25b5c866be;0x9ae43feb4c72555a88d923a59d319af32aee4926d3355fa95c9f116ac869bef1;0x2c73bfe9;0x6038980L;0.500000;1503118078;1503118078
0;128;8048;0x093f7b2c8fbf6d6bd2404c371de7cb4d12fa6ca26a33e2c50c0fbe25b5c866be;0x9ae43feb4c72555a88d923a59d319af32aee4926d3355fa95c9f116ac869bef1;0x2c73bfe9;0x6038980L;0.500000;1503118079;1503118079
0;128;8048;0x3a9aa73fb2a0451234f6910e6077dec27b2b71dcab4b490ac0dbc8aea82045e3;0xae2da2e485331d49350aa825f1b2e99f56eb95908170d22bca740bd1eb35e447;0x3cd0692f;0xff3dff52L;0.500000;1503118079;1503118080
0;128;8048;0x875fefaf6a5e7f7d8c06b8f5101d17e8ba87946a293a4e2287171bdf3d646fc4;0xcff7da6fb5a4f312920917d15dd60014722f2163bc47af6463ee8e0570a81001;0x9b3037d5;0xf6bbfb52L;0.500000;1503118080;1503118080
0;128;8048;0x875fefaf6a5e7f7d8c06b8f5101d17e8ba87946a293a4e2287171bdf3d646fc4;0xcff7da6fb5a4f312920917d15dd60014722f2163bc47af6463ee8e0570a81001;0x9b3037d5;0xf6bbfb52L;0.500000;1503118080;1503118081
0;128;8048;0x27dbbe7a9b61108dbe4773eb409503aed0b47e5c65ee69effa4f123d27dc654f;0x93ce64fd410d2d3ff5be9f2e10f316efa771508d6dc21f6143e1bd4f9ff83d47;0xe7c497dd;0x69c21f63L;0.500000;1503118081;1503118081
0;128;8048;0x27dbbe7a9b61108dbe4773eb409503aed0b47e5c65ee69effa4f123d27dc654f;0x93ce64fd410d2d3ff5be9f2e10f316efa771508d6dc21f6143e1bd4f9ff83d47;0xe7c497dd;0x69c21f63L;0.500000;1503118081;1503118082
0;128;8048;0x55c53a8e0458be73de3e8dfc25f9ceae7acd1b3a4a517e626b475c8df877c74e;0xeec0cacd3191ca82328ba12b72c4f0e48d225363c2dad58e344c925d6286fcf5;0xc8cc9a6c;0x96970d8fL;0.500000;1503118082;1503118082
0;128;8048;0x55c53a8e0458be73de3e8dfc25f9ceae7acd1b3a4a517e626b475c8df877c74e;0xeec0cacd3191ca82328ba12b72c4f0e48d225363c2dad58e344c925d6286fcf5;0xc8cc9a6c;0x96970d8fL;0.500000;1503118082;1503118083
0;128;8048;0xef4397023eb3c8040d076716438c721aad4004cbdc41f3694697c016f796a8e6;0xbacc5442844f84c291c90d4f3890b9219059ff7b1f870c73eae448115791cce3;0x428dd9f8;0x1fc71d72L;0.500000;1503118083;1503118083
0;128;8048;0xef4397023eb3c8040d076716438c721aad4004cbdc41f3694697c016f796a8e6;0xbacc5442844f84c291c90d4f3890b9219059ff7b1f870c73eae448115791cce3;0x428dd9f8;0x1fc71d72L;0.500000;1503118083;1503118084
