0;128;8048;0x8cf7143dafc3204e0e86931f310a5723fc2fa278771b2d40c01a55f94e4ee6da;0xb76a99f842df0cf97b96b007382fb09b3a050f0fcf0def58df648ab429b87970;0x1b310bc0;0x8171a190L;0.500000;1503092540;1503092541
0;128;8048;0x9cfa4c7033cd7e6a1afe4d1bd032963cc491a36c75af40f4f02f56363c1616d8;0x487d070551594dcc63b44d403d88c52b8490e7a7561d27460f0992baabb81d09;0x1fec85ff;0x7e1da746L;0.500000;1503092541;1503092541
0;128;8048;0x9cfa4c7033cd7e6a1afe4d1bd032963cc491a36c75af40f4f02f56363c1616d8;0x487d070551594dcc63b44d403d88c52b8490e7a7561d27460f0992baabb81d09;0x1fec85ff;0x7e1da746L;0.500000;1503092541;1503092542
0;128;8048;0x3565680c72e84d986f930cf654b760d7bc5a9c7e8f11401288dbc589c28f22f8;0xe82664cba735e9dce92a544c01207061b30d9e2d66b5bc9eaf5b0531a18488bf;0x081b9685;0x26209823L;0.500000;1503092542;1503092543
0;128;8048;0xbdaa6e0c8d17b2c9fe7a344608ccf11b44e283e58780c804e429a4947450af32;0x932f151feb2d09667696ce13b97ff79cec9e05addfe8d6c8e071ed25d321dc21;0x2fa33561;0xffe8d6c8L;0.500000;1503092543;1503092543
0;128;8048;0xbdaa6e0c8d17b2c9fe7a344608ccf11b44e283e58780c804e429a4947450af32;0x932f151feb2d09667696ce13b97ff79cec9e05addfe8d6c8e071ed25d321dc21;0x2fa33561;0xffe8d6c8L;0.500000;1503092543;1503092544
0;128;8048;0x25f345e3124ff5c8ddb872817e03d5d7d3327ac72d00b486ada770af1e151143;0x707d287dbbe4444f450a27249f6ab438390fbcaebbba74ec358e3c3c02336513;0x2d451180;0x26f682e0L;0.500000;1503092544;1503092545
0;128;8048;0x5321522bfdebf6879fdcfa2680cadf274eeb4b263932cd97f2cd331d6aa991be;0xffb13d75f8135d8debbcd53a8466aeb4c1817ac5ba9bddac6da7ed468197067c;0xffcc6abe;0x453fb183L;0.500000;1503092545;1503092545
0;128;8048;0x5321522bfdebf6879fdcfa2680cadf274eeb4b263932cd97f2cd331d6aa991be;0xffb13d75f8135d8debbcd53a8466aeb4c1817ac5ba9bddac6da7ed468197067c;0xffcc6abe;0x453fb183L;0.500000;1503092545;1503092546
0;128;8048;0x0d73338c5cdeb1965b59a2a4d7d1bd4084c93e7258a6483616c0b9f262526470;0x0ab656274f25f33039e59e8b308faef1f0e7f32744da5bc8ae0f2d8a0f98e977;0x29b18961;0x68716d0L;0.500000;1503092546;1503092546
0;128;8048;0x0d73338c5cdeb1965b59a2a4d7d1bd4084c93e7258a6483616c0b9f262526470;0x0ab656274f25f33039e59e8b308faef1f0e7f32744da5bc8ae0f2d8a0f98e977;0x29b18961;0x68716d0L;0.500000;1503092547;1503092547
0;128;8048;0xbe2e658c6e646beb35d6d46d91ab2c2b7eb84ad9eef80402f3c6dcf6c74c8185;0xe206703f5ccf78dd8f43aa068747886d7587595edaba610335646cf74fdc98e8;0x74fd30d7;0xa802a52aL;0.500000;1503092547;1503092548
0;128;8048;0x06e77a71ae9da356957f500c00bcdbb462f72fb33bc35be1161e8f3e9adffca1;0x19e517db46b6766faf83c7f3ea474ad5e619ae1933aa0e2c5db7db2c9c1ee4c4;0xc2cb1d06;0xfefdfeddL;0.500000;1503092548;1503092549
0;128;8048;0x8d56cb8637d1290b9fde0c50bd36f3ba7a2ed717d3b0237735041a572ec94cbb;0xbb202563894800bc4ff731e838c7fe804ff1269acdb560920c1ff106f75490a1;0xca842968;0x5b28a0aeL;0.500000;1503092549;1503092549
0;128;8048;0x8d56cb8637d1290b9fde0c50bd36f3ba7a2ed717d3b0237735041a572ec94cbb;0xbb202563894800bc4ff731e838c7fe804ff1269acdb560920c1ff106f75490a1;0xca842968;0x5b28a0aeL;0.500000;1503092550;1503092550
0;128;8048;0xf5c0442126ac2d0e611443077a4ec1757c0c15b90605770def4a0b287e933673;0x24c3289e94d1ebc2bc5731dfe3a59420663e8992d3494d7d04bb01d78956cf5b;0x72fafd0c;0xfffbfffbL;0.500000;1503092550;1503092551
0;128;8048;0xcbf20d6ae552fc0a170b3bca189f5117def7184df3bc942d98106e9586c79451;0x70b6352a6826b8051ad67576f40a4b5cdeb6c3e6527ca48acc75a4c729f99d77;0x7bba704a;0xf464246fL;0.500000;1503092551;1503092552
0;128;8048;0xe5009118cc7107e8df2105a21d843077d6633989b68db802c612a362f36f3fd8;0x69a84ba0c0cf854ee348981b71c0dd8e625d513cd76ce3a1cb741c7f5d824a3f;0x64266819;0x1c61999aL;0.500000;1503092552;1503092552
0;128;8048;0xe5009118cc7107e8df2105a21d843077d6633989b68db802c612a362f36f3fd8;0x69a84ba0c0cf854ee348981b71c0dd8e625d513cd76ce3a1cb741c7f5d824a3f;0x64266819;0x1c61999aL;0.500000;1503092553;1503092553
0;128;8048;0x4240f7c69d88c11620c8ea5bb15bc7686f47dba3c7c6d58dabf87213eddfa12f;0x22ee0bedeb2fa7585669a6b19e8c09bdb4bfa9a309d4fe408239d007bb119aa6;0xe5a17acb;0xff3ce617L;0.500000;1503092553;1503092554
