0;128;8048;0x886c548d488081239f17a9fdb3c5d882adadbc58e8d33eee3b1422a8bbb5de43;0xed4bb6bfe7f07598573e699afd7727cfe5e52f8d82de22f6d19e7c78e42a125e;0xec4fa3d3;0xa2aa86aL;0.500000;1503135813;1503135813
0;128;8048;0x886c548d488081239f17a9fdb3c5d882adadbc58e8d33eee3b1422a8bbb5de43;0xed4bb6bfe7f07598573e699afd7727cfe5e52f8d82de22f6d19e7c78e42a125e;0xec4fa3d3;0xa2aa86aL;0.500000;1503135813;1503135814
0;128;8048;0xc26c5968c465c55380356b3184040d73fe9a22c43792c9c2efa86056f5fd51b7;0x37abe05fe2cfd1e30ab16871ca32905ec75fd2bd9496fc5ce63571c71eba425f;0x14c82da8;0xfdfdefdfL;0.500000;1503135814;1503135814
0;128;8048;0xc26c5968c465c55380356b3184040d73fe9a22c43792c9c2efa86056f5fd51b7;0x37abe05fe2cfd1e30ab16871ca32905ec75fd2bd9496fc5ce63571c71eba425f;0x14c82da8;0xfdfdefdfL;0.500000;1503135814;1503135815
0;128;8048;0x597ddc4538bb106d8e9bfe29280dd652846167c21d655d06bcdbc0b54f6d13a9;0x49d31b8e25d8a325f9392cd83f01e8ecf2625d38d63bfaad6f56d8bcbe4d725f;0x5607d3e9;0x72048a3L;0.500000;1503135815;1503135815
0;128;8048;0x597ddc4538bb106d8e9bfe29280dd652846167c21d655d06bcdbc0b54f6d13a9;0x49d31b8e25d8a325f9392cd83f01e8ecf2625d38d63bfaad6f56d8bcbe4d725f;0x5607d3e9;0x72048a3L;0.500000;1503135815;1503135816
0;128;8048;0x68b5bff85266795ca2013e1b20cb6f1d75099f90986b09f0559122735be0bfc3;0x2fad3bc1b4c3b624d09f57d111dcbeaf54f17d4472b1252581c5a4cee8620046;0xbe09cf5c;0xafcffadfL;0.500000;1503135816;1503135817
0;128;8048;0xea91a459270b50d50076d0906452c0c38ed7fe304257d1243906bc6a3bbbda25;0xb5bad1dd084dd6881d8c05a9b4a7d950800db77edcbe91b34e9cf8df08f6ad49;0x2d293ebf;0xb74d948fL;0.500000;1503135817;1503135817
0;128;8048;0xea91a459270b50d50076d0906452c0c38ed7fe304257d1243906bc6a3bbbda25;0xb5bad1dd084dd6881d8c05a9b4a7d950800db77edcbe91b34e9cf8df08f6ad49;0x2d293ebf;0xb74d948fL;0.500000;1503135817;1503135818
0;128;8048;0x32dc55327eccdd43ec65d035e0e3fa786def3d9fe56d64e06e8cf3a89a58c5cc;0xae33969dbee03ad07137b6c2c80c6d3aa517169b8e462472e5a9567dda93e80a;0x18380f82;0xfdbffe4eL;0.500000;1503135818;1503135818
0;128;8048;0x32dc55327eccdd43ec65d035e0e3fa786def3d9fe56d64e06e8cf3a89a58c5cc;0xae33969dbee03ad07137b6c2c80c6d3aa517169b8e462472e5a9567dda93e80a;0x18380f82;0xfdbffe4eL;0.500000;1503135819;1503135819
0;128;8048;0x0e2ca82799e80b21968e772d20e91330e490683f98de85f9f0cd1c68165ed024;0x97e9cad9b3cb0744e9e7d0b5fd6fdd51c8c3d4e86a3b276b612b941a2fc3975b;0x3b492eba;0x4a3ba36bL;0.500000;1503135819;1503135819
0;128;8048;0x0e2ca82799e80b21968e772d20e91330e490683f98de85f9f0cd1c68165ed024;0x97e9cad9b3cb0744e9e7d0b5fd6fdd51c8c3d4e86a3b276b612b941a2fc3975b;0x3b492eba;0x4a3ba36bL;0.500000;1503135820;1503135820
0;128;8048;0xa19c8dbf1eacf0a74b1d673a2e51a95126a8874b976fe4b3d79ce15edfc94880;0xd9c46df8f70fda9740f911324952104a91e3860db2acf16d3198375529f68653;0x23701be8;0xbaacf34dL;0.500000;1503135820;1503135820
0;128;8048;0xa19c8dbf1eacf0a74b1d673a2e51a95126a8874b976fe4b3d79ce15edfc94880;0xd9c46df8f70fda9740f911324952104a91e3860db2acf16d3198375529f68653;0x23701be8;0xbaacf34dL;0.500000;1503135821;1503135821
0;128;8048;0xbe93a3e113b59f60129126c26dc1467cb37fc7687323346a29f2e5c8b8c3f877;0x410668322db8eb23ac8e161a6e256fadb6985b25ab0fc9d1c26973a723ce9a56;0x0703542d;0x2049c4a0L;0.500000;1503135821;1503135821
0;128;8048;0x6f003117692520039d8e4ee6945ea2e48662b68c69deb5a0ee46e2e312b73b82;0x2cefb1f7948128d89beb24d1c79e939578777d4c7f13aad8cf111f948d238940;0x729158d6;0xff7bff77L;0.500000;1503135822;1503135822
0;128;8048;0x6f003117692520039d8e4ee6945ea2e48662b68c69deb5a0ee46e2e312b73b82;0x2cefb1f7948128d89beb24d1c79e939578777d4c7f13aad8cf111f948d238940;0x729158d6;0xff7bff77L;0.500000;1503135822;1503135822
0;128;8048;0x6f003117692520039d8e4ee6945ea2e48662b68c69deb5a0ee46e2e312b73b82;0x2cefb1f7948128d89beb24d1c79e939578777d4c7f13aad8cf111f948d238940;0x729158d6;0xff7bff77L;0.500000;1503135823;1503135823
0;128;8048;0xd56cb1c6199fc7b8584ea625902a8ac4e172ded1a3833191a8cfc1028aaa965f;0xcff1c13a87157ba7162f085d88fc68f96c8f4c3c2361185a7cc448eb486f85fa;0xecd4715c;0x2361585aL;0.500000;1503135823;1503135823
