0;128;8048;0x511c5528aad24ad6e17ac06f096b0aaf7d83466ff088dd41ddcd29fec927471a;0x63fad679f531162c53f4e3aa99a6257a986b16c12da60a63fc5bc72ef04330a3;0x8ad9e59f;0x5051110eL;0.500000;1503133315;1503133316
0;128;8048;0x45a0918cdbbf3b2b63cb8bc3c5a301b2ccdf14378d1788a63bde37c5059a464b;0x9738ad1ac604955d53b3132f9364d23abd16dd06756513e3963ab1bd1d2bdbd0;0xc82fb814;0xce700df3L;0.500000;1503133316;1503133317
0;128;8048;0xc98874e7eff83e8f4f988cf5a59366e6e815741dee558d660603fe9babf78674;0xa43a0437ef8162fcb6b5fa1b4a7f15339d9b60cac60fb27f9906cb775c9a50c4;0x21c9e77c;0x7b8199dcL;0.500000;1503133317;1503133317
0;128;8048;0xc98874e7eff83e8f4f988cf5a59366e6e815741dee558d660603fe9babf78674;0xa43a0437ef8162fcb6b5fa1b4a7f15339d9b60cac60fb27f9906cb775c9a50c4;0x21c9e77c;0x7b8199dcL;0.500000;1503133317;1503133318
0;128;8048;0xe2a514044c35578b076ecd8ce134c58300a895923ad916cdedb696eba69b2a89;0xf95d97cff9304b274479037520a78c502e7b90234c44db51a5b7f2408e29fa25;0x138d4ca3;0xf7dfefbfL;0.500000;1503133318;1503133318
0;128;8048;0xe2a514044c35578b076ecd8ce134c58300a895923ad916cdedb696eba69b2a89;0xf95d97cff9304b274479037520a78c502e7b90234c44db51a5b7f2408e29fa25;0x138d4ca3;0xf7dfefbfL;0.500000;1503133318;1503133319
0;128;8048;0xc1a2fe41e52603a0a67e96da4a0a4cbf24820346d5fc441daf32860296c2f257;0x9b238e796ee28c24658977e57d6ae7c349f49d4744a116a1cac607a5d083b58b;0x25304b06;0x8852061eL;0.500000;1503133319;1503133319
0;128;8048;0xc1a2fe41e52603a0a67e96da4a0a4cbf24820346d5fc441daf32860296c2f257;0x9b238e796ee28c24658977e57d6ae7c349f49d4744a116a1cac607a5d083b58b;0x25304b06;0x8852061eL;0.500000;1503133319;1503133320
0;128;8048;0xb502fed05df9bbab308706a81f80c257c13068945cfac5873df277f9d932a38e;0xb941121b8145143ad61c4bba347555e4cf6571dc92d2206ca035719b9d0db210;0x7c049905;0x13a9ac52L;0.500000;1503133320;1503133320
0;128;8048;0xb502fed05df9bbab308706a81f80c257c13068945cfac5873df277f9d932a38e;0xb941121b8145143ad61c4bba347555e4cf6571dc92d2206ca035719b9d0db210;0x7c049905;0x13a9ac52L;0.500000;1503133320;1503133321
0;128;8048;0xe8ee89fef7e5752c7a8aef0ad29a05a8d23be9a9d581e514539d3b73f39ff6db;0x0703f9b4f39b34be134e5401062202f0a133a11b1e63c9120eda7439c106f27b;0xe69d5c65;0x40602812L;0.500000;1503133321;1503133321
0;128;8048;0xe8ee89fef7e5752c7a8aef0ad29a05a8d23be9a9d581e514539d3b73f39ff6db;0x0703f9b4f39b34be134e5401062202f0a133a11b1e63c9120eda7439c106f27b;0xe69d5c65;0x40602812L;0.500000;1503133321;1503133322
0;128;8048;0xdbd9c1d359ffbd68fc4e09bd1696803974c358628048d67cfa55845b4737b122;0x56c2442ea8b118d2b625d591433e0b0e7785ed3a19dd15302de338b0ed3513ab;0xd60cd325;0xf7f9c495L;0.500000;1503133322;1503133322
0;128;8048;0xdbd9c1d359ffbd68fc4e09bd1696803974c358628048d67cfa55845b4737b122;0x56c2442ea8b118d2b625d591433e0b0e7785ed3a19dd15302de338b0ed3513ab;0xd60cd325;0xf7f9c495L;0.500000;1503133322;1503133323
0;128;8048;0x809bf7ed1642f35fa773268cdcc25938b3c7ad57bcf78abf5ee83ee499482a19;0xddfa0525a77873d9d9daebc28a1f4cb8f01741c33a6241c11f37a69c64c7533c;0x229328c8;0xcf900a2fL;0.500000;1503133323;1503133323
0;128;8048;0x809bf7ed1642f35fa773268cdcc25938b3c7ad57bcf78abf5ee83ee499482a19;0xddfa0525a77873d9d9daebc28a1f4cb8f01741c33a6241c11f37a69c64c7533c;0x229328c8;0xcf900a2fL;0.500000;1503133323;1503133324
0;128;8048;0xc627647ba8539422b28a188750c1d8dc43710ede75558da5f7957403699f002f;0xcfcfe0322706d9af6af9be7cea254cc54522d205de1f55623a4804c9725e2204;0xf807d414;0xe8a5d10eL;0.500000;1503133324;1503133324
0;128;8048;0xc627647ba8539422b28a188750c1d8dc43710ede75558da5f7957403699f002f;0xcfcfe0322706d9af6af9be7cea254cc54522d205de1f55623a4804c9725e2204;0xf807d414;0xe8a5d10eL;0.500000;1503133324;1503133325
0;128;8048;0xcba2c447614e88d90328d14351657a03b9b736d19fbc23cadedb55e3c0dada8b;0x661c92242ad2394e35f960e22440b5c87cceb2fb5c579d14ce9b52a6d4355975;0xcadd37c4;0x460887a9L;0.500000;1503133325;1503133325
0;128;8048;0xcba2c447614e88d90328d14351657a03b9b736d19fbc23cadedb55e3c0dada8b;0x661c92242ad2394e35f960e22440b5c87cceb2fb5c579d14ce9b52a6d4355975;0xcadd37c4;0x460887a9L;0.500000;1503133325;1503133326
