0;128;8048;0x521daa6c25d0e308beae802e743290d632ee1968474f3af676064d188dfc85df;0xfc6619869cd8fc2a213f7e50d2a6936b817199fe5e9ae10915fdddd147a66dcf;0x1be67984;0xf6ffebd9L;0.500000;1503144732;1503144733
0;128;8048;0xc9788e51e6221e02038bfe6223bb080926123ac55f6075c2c500be0aa5b5f76e;0x6a56e5609fa34f34e53fd9e1432bf68947bf8ea49f66ace910ea5d8d7c20fbef;0x70636518;0xbf67aca9L;0.500000;1503144733;1503144733
0;128;8048;0xc9788e51e6221e02038bfe6223bb080926123ac55f6075c2c500be0aa5b5f76e;0x6a56e5609fa34f34e53fd9e1432bf68947bf8ea49f66ace910ea5d8d7c20fbef;0x70636518;0xbf67aca9L;0.500000;1503144733;1503144734
0;128;8048;0xf668db2c11018d726abdcc13edabcaff798e3f0bb257867cbb43c6d7c1974fb8;0xc48c6a7ffa957854ac8971182e23a521d94e5bfd159ef9198bf576592cb9b839;0xb2f75332;0xeefffe63L;0.500000;1503144734;1503144734
0;128;8048;0xf668db2c11018d726abdcc13edabcaff798e3f0bb257867cbb43c6d7c1974fb8;0xc48c6a7ffa957854ac8971182e23a521d94e5bfd159ef9198bf576592cb9b839;0xb2f75332;0xeefffe63L;0.500000;1503144734;1503144735
0;128;8048;0x822340444b77e37f2ba5fb8b63012bc9ef9d5bd8780941870c58c7a932f97bb4;0x1b9c5a63edea07a151081531a5f49a08142fcd72c2b9d4644c032a691e51bd68;0x1afa572f;0x28485291L;0.500000;1503144735;1503144735
0;128;8048;0x822340444b77e37f2ba5fb8b63012bc9ef9d5bd8780941870c58c7a932f97bb4;0x1b9c5a63edea07a151081531a5f49a08142fcd72c2b9d4644c032a691e51bd68;0x1afa572f;0x28485291L;0.500000;1503144735;1503144736
0;128;8048;0x61ecbf152c9b3fe2e93820da401cd50c2835d33910728dd9d89906b332dec393;0x7465b2f437cca3541f7b1c802a26e910c1986497f4c38a7a86cc6a76f9c9aed8;0x04e40260;0x302a122eL;0.500000;1503144736;1503144736
0;128;8048;0x61ecbf152c9b3fe2e93820da401cd50c2835d33910728dd9d89906b332dec393;0x7465b2f437cca3541f7b1c802a26e910c1986497f4c38a7a86cc6a76f9c9aed8;0x04e40260;0x302a122eL;0.500000;1503144736;1503144737
0;128;8048;0x73edeba96f561b8379c577b64aa7d634861e5c0548952b0777fb1e451b132f8e;0x759fd41904ae2d9c70d87d6796670eb22b6f3e3a082b1657a3b52647c8f9b7e7;0x2cb6c9e0;0x41a2126aL;0.500000;1503144737;1503144737
0;128;8048;0x73edeba96f561b8379c577b64aa7d634861e5c0548952b0777fb1e451b132f8e;0x759fd41904ae2d9c70d87d6796670eb22b6f3e3a082b1657a3b52647c8f9b7e7;0x2cb6c9e0;0x41a2126aL;0.500000;1503144737;1503144738
0;128;8048;0x76c706dbc839f3318db91d79b5bbc1d373427a0336ad138f8496ec19e09f9d56;0xd7619a8316ae3df8ae216053dacf2a7ff2db99f283b560987f00920e8f053dcc;0xf97a3c6d;0x89aa8950L;0.500000;1503144738;1503144738
0;128;8048;0x76c706dbc839f3318db91d79b5bbc1d373427a0336ad138f8496ec19e09f9d56;0xd7619a8316ae3df8ae216053dacf2a7ff2db99f283b560987f00920e8f053dcc;0xf97a3c6d;0x89aa8950L;0.500000;1503144738;1503144739
0;128;8048;0x0f3d3f24b4ddff0cfd170da0465ec17ff816cf1d01cc356ba96b2faa3802a847;0x95eb07fdd5c80bf63e55503a2f96076a4ff0faa367ecab6ebfb849cd2ab0f584;0x864f3cdc;0x1d0bb082L;0.500000;1503144739;1503144740
0;128;8048;0x999bf01177b4a1565d38c24b71d3d21623244fd514e0cc384c70ff84816cf51a;0xa9904d34b24998f2db64b1f74f2adf9db426621bda9d371cb00974065ccf0084;0x6dfd76d6;0x9add355cL;0.500000;1503144740;1503144740
0;128;8048;0x999bf01177b4a1565d38c24b71d3d21623244fd514e0cc384c70ff84816cf51a;0xa9904d34b24998f2db64b1f74f2adf9db426621bda9d371cb00974065ccf0084;0x6dfd76d6;0x9add355cL;0.500000;1503144740;1503144741
0;128;8048;0x87847be4433c9cdef2cb1738a634918144ea328aaf46d10a5f2520db455221cc;0x8a87043903cfdb8749e83fdd8aff2507faa8e8924675a69c3d8f0f43fef99683;0x966d2dae;0xc435a69cL;0.500000;1503144741;1503144741
0;128;8048;0x87847be4433c9cdef2cb1738a634918144ea328aaf46d10a5f2520db455221cc;0x8a87043903cfdb8749e83fdd8aff2507faa8e8924675a69c3d8f0f43fef99683;0x966d2dae;0xc435a69cL;0.500000;1503144741;1503144742
0;128;8048;0x4aa627e8e4114f80a5f7af20270b5e05513eca19bb41dbb31dc6d043a1dabaeb;0xda7f780a5a44e33595c052394eb69874f2b4325c678b16c54b2c65623a2259e7;0x4a82891b;0xcfff94bcL;0.500000;1503144742;1503144742
0;128;8048;0x4aa627e8e4114f80a5f7af20270b5e05513eca19bb41dbb31dc6d043a1dabaeb;0xda7f780a5a44e33595c052394eb69874f2b4325c678b16c54b2c65623a2259e7;0x4a82891b;0xcfff94bcL;0.500000;1503144742;1503144743
