0;128;8048;0xf09648788bb37bbc9e381526a74c7017a3a33828af18168f6d54111edbcdfccc;0x788c2ce96a44fce4625e3dca601fb13e998ebbfa6bf5628d8be9671a4235989f;0xe30e2533;0xbeffff3aL;0.500000;1503202951;1503202952
0;128;8048;0xe243f8deda00126acceee6d69400ff56b19aedb56af7ba1a723739bb86778968;0xbac3f7332273e5c72fd0801b7e7ee496cc2ad8b8705b9ddaac57fd0a264d5ee2;0xaa7cbe73;0x41853b0eL;0.500000;1503202952;1503202952
0;128;8048;0xe243f8deda00126acceee6d69400ff56b19aedb56af7ba1a723739bb86778968;0xbac3f7332273e5c72fd0801b7e7ee496cc2ad8b8705b9ddaac57fd0a264d5ee2;0xaa7cbe73;0x41853b0eL;0.500000;1503202952;1503202953
0;128;8048;0x1c7b025439b9be1593af7b8ce3d688a4250f1b71721af20196428ba6c12733dd;0xe868f08f3b2dc91789a28b009f3747b56cb7aeffbb6523a8617de4222aa9ebc9;0x1029b601;0x3fe1fbfbL;0.500000;1503202953;1503202953
0;128;8048;0x1c7b025439b9be1593af7b8ce3d688a4250f1b71721af20196428ba6c12733dd;0xe868f08f3b2dc91789a28b009f3747b56cb7aeffbb6523a8617de4222aa9ebc9;0x1029b601;0x3fe1fbfbL;0.500000;1503202953;1503202954
0;128;8048;0xe84f879b7ffe4eb1a2863c2dfb9667760de5ca3031b552779ecf68b157b05440;0x148388aa737ecc0b4838559656f8afe019e2b47cd9cd31efd1b1229d36fd1ff4;0xe2170b04;0x241d0788L;0.500000;1503202954;1503202954
0;128;8048;0xe84f879b7ffe4eb1a2863c2dfb9667760de5ca3031b552779ecf68b157b05440;0x148388aa737ecc0b4838559656f8afe019e2b47cd9cd31efd1b1229d36fd1ff4;0xe2170b04;0x241d0788L;0.500000;1503202954;1503202955
0;128;8048;0xf5c56bdb21d13325a6ba5e3929fc6211ff9402689861770c18e09eea1c97ca11;0xed1f5e2f9e7380ba5179307f0351f7559800ecdae963a941c3057c977291e1b6;0x71673875;0x6e43264eL;0.500000;1503202955;1503202955
0;128;8048;0xf5c56bdb21d13325a6ba5e3929fc6211ff9402689861770c18e09eea1c97ca11;0xed1f5e2f9e7380ba5179307f0351f7559800ecdae963a941c3057c977291e1b6;0x71673875;0x6e43264eL;0.500000;1503202955;1503202956
0;128;8048;0x0216410a116ac9a97682c9ce1651a82a4fe6e8aa8bdf9ebda11b947f2a7a7b2c;0xfbf0e7200b1c6e0c7bc8bb20ab76f408cac6c914aa55775350cba92a134603c2;0x02f45e2c;0x1d81ed26L;0.500000;1503202956;1503202956
0;128;8048;0x0216410a116ac9a97682c9ce1651a82a4fe6e8aa8bdf9ebda11b947f2a7a7b2c;0xfbf0e7200b1c6e0c7bc8bb20ab76f408cac6c914aa55775350cba92a134603c2;0x02f45e2c;0x1d81ed26L;0.500000;1503202956;1503202957
0;128;8048;0xbdc36bd325df59441739e78d33ebd0aae09553f62f56022f1ca320985bf8b418;0xdb2bebc7e238d681ec110cee139a8160609f9086a4c8d5e20f94977a9823f648;0x50bcec5a;0x24c0c5e2L;0.500000;1503202957;1503202957
0;128;8048;0xbdc36bd325df59441739e78d33ebd0aae09553f62f56022f1ca320985bf8b418;0xdb2bebc7e238d681ec110cee139a8160609f9086a4c8d5e20f94977a9823f648;0x50bcec5a;0x24c0c5e2L;0.500000;1503202957;1503202958
0;128;8048;0x58f990e5c228b810e56787bcb0fcdfaef47a0243bf15a3d99fbb1115d0f8c828;0xf6372afee98c72cdd699e0e958fd035bb21759ebcb8a9d6ad606336bad8094ff;0x4e1fea56;0xc828ed8L;0.500000;1503202958;1503202958
0;128;8048;0x58f990e5c228b810e56787bcb0fcdfaef47a0243bf15a3d99fbb1115d0f8c828;0xf6372afee98c72cdd699e0e958fd035bb21759ebcb8a9d6ad606336bad8094ff;0x4e1fea56;0xc828ed8L;0.500000;1503202958;1503202959
0;128;8048;0x13d82b1567ed2d3525cf8f6090368ad735370cafe5577906db8e84c423cd0936;0xd55eb44b3d065695b0a75c84b0329fe31e0fe8c4c230e8fcf23ae521f24dd977;0x26189345;0x4c812867L;0.500000;1503202959;1503202960
1;128;8048;0xe22e106fefb42ea7e6368784ea9eb2db84725f29320901c378a823256ad1854c;0xa83daa9eafcd6e9f1db67abacaaa048242fca729184047c1623acf06c8ef42be;0x6a2bfb06;0x184047c1L;0.500000;1503202960;1503202960
1;128;8048;0xe22e106fefb42ea7e6368784ea9eb2db84725f29320901c378a823256ad1854c;0xa83daa9eafcd6e9f1db67abacaaa048242fca729184047c1623acf06c8ef42be;0x6a2bfb06;0x184047c1L;0.500000;1503202960;1503202961
0;128;8048;0x57ed8552e312b70738f963874d2bb79853b180efb19d4dc1b741f72345114f9c;0xd2e8f32d589d3cc0738040142bbdc964dc8110a7ce1e08f05cf43f23c7e7e944;0xa1e8100a;0x1001b08fL;0.500000;1503202961;1503202961
0;128;8048;0x57ed8552e312b70738f963874d2bb79853b180efb19d4dc1b741f72345114f9c;0xd2e8f32d589d3cc0738040142bbdc964dc8110a7ce1e08f05cf43f23c7e7e944;0xa1e8100a;0x1001b08fL;0.500000;1503202961;1503202962
