0;128;8048;0x838f9789cd3aa8d35503f28dddc88c179c007f78eecbfcf07e8857bfe766d16b;0x6590cbe1c88a17dd06abd1b20abe9025b63a6920b65421232eb0bfaa7b483c08;0x385de1fc;0x3a856b49L;0.500000;1503204150;1503204151
0;128;8048;0x872a441e7338595dc6f65682652d0ec30f50713962d32539bb36719a76ba55fe;0x54c9779693f4affda1808cce522c7b48cde817899d5e4fe2204c5a4d6312c68b;0x74ef1fa1;0xefa00152L;0.500000;1503204151;1503204151
0;128;8048;0x872a441e7338595dc6f65682652d0ec30f50713962d32539bb36719a76ba55fe;0x54c9779693f4affda1808cce522c7b48cde817899d5e4fe2204c5a4d6312c68b;0x74ef1fa1;0xefa00152L;0.500000;1503204151;1503204152
0;128;8048;0xa94af90cf6f6056f939fff772af4b432fb72560e2f429feb64832ab471fee51b;0x823a42ec172d792282ec10f3fba493e96e57dc1ac9022512080d146a5d5b0bdc;0xa909d8a2;0xc9023512L;0.500000;1503204152;1503204152
0;128;8048;0xa94af90cf6f6056f939fff772af4b432fb72560e2f429feb64832ab471fee51b;0x823a42ec172d792282ec10f3fba493e96e57dc1ac9022512080d146a5d5b0bdc;0xa909d8a2;0xc9023512L;0.500000;1503204152;1503204153
0;128;8048;0x9b7c1f7fe96030e575b14f05fcfc666f07d2a6628c76f15f7c9aeb6eeffa718a;0xe450de0eeda7eb7afc8781d508411d6c9a9667ead14aaf89be4731304d15ddfa;0x5fee4348;0x8e404002L;0.500000;1503204153;1503204153
0;128;8048;0x9b7c1f7fe96030e575b14f05fcfc666f07d2a6628c76f15f7c9aeb6eeffa718a;0xe450de0eeda7eb7afc8781d508411d6c9a9667ead14aaf89be4731304d15ddfa;0x5fee4348;0x8e404002L;0.500000;1503204153;1503204154
1;128;8048;0x1915d71fe5230450d52162c127b9e8acd95ef570ee50d858a1121073657f427e;0x81fbc06c7e6a78d2894093baa5425615427e6928e1331625f842fcd208ffe1cc;0xfef1c89e;0xe1331625L;0.500000;1503204154;1503204154
1;128;8048;0x1915d71fe5230450d52162c127b9e8acd95ef570ee50d858a1121073657f427e;0x81fbc06c7e6a78d2894093baa5425615427e6928e1331625f842fcd208ffe1cc;0xfef1c89e;0xe1331625L;0.500000;1503204154;1503204155
0;128;8048;0xc711c3ca42d829105ef0eabfe2b5334bd77b1b67c48b0e9c5e95ef16aef2e375;0xaedc0dedf040b860088d719ccad80276748f392d0386936946ce4a14eed3bbf4;0x0c047a7e;0x53220982L;0.500000;1503204155;1503204155
0;128;8048;0xc711c3ca42d829105ef0eabfe2b5334bd77b1b67c48b0e9c5e95ef16aef2e375;0xaedc0dedf040b860088d719ccad80276748f392d0386936946ce4a14eed3bbf4;0x0c047a7e;0x53220982L;0.500000;1503204155;1503204156
0;128;8048;0x31793a4b682cdce16ba282cd58e6b4df182d20e5b6008677e76203dd1a8dda4b;0xd4e5cf5965d70a70d47c4ac88e505929a3b818d89b3d648c2002cfd90c4aed3b;0x77a6df8d;0xdfebf9f6L;0.500000;1503204156;1503204156
0;128;8048;0x31793a4b682cdce16ba282cd58e6b4df182d20e5b6008677e76203dd1a8dda4b;0xd4e5cf5965d70a70d47c4ac88e505929a3b818d89b3d648c2002cfd90c4aed3b;0x77a6df8d;0xdfebf9f6L;0.500000;1503204156;1503204157
0;128;8048;0xfd19abc5cc9287fe14b9eb4b6e182dc71ba9b12b72fcbfe6de4b264f743ae771;0xb4414f093034c7fe7a73c48ab6984f7215a3e15299164d3b15ac1904138afc63;0x1b081804;0xa00e0c87L;0.500000;1503204157;1503204157
0;128;8048;0xfd19abc5cc9287fe14b9eb4b6e182dc71ba9b12b72fcbfe6de4b264f743ae771;0xb4414f093034c7fe7a73c48ab6984f7215a3e15299164d3b15ac1904138afc63;0x1b081804;0xa00e0c87L;0.500000;1503204157;1503204158
0;128;8048;0x067f13db544f7fee6c8aaae44f6440023554c9f231bf0e5a2901d5d97b87af81;0xf69f37757c5a17b76319263a350c79548f91c6d4b1dde6d645346d715ebf681b;0xa34c670c;0xcf60448fL;0.500000;1503204158;1503204158
0;128;8048;0x067f13db544f7fee6c8aaae44f6440023554c9f231bf0e5a2901d5d97b87af81;0xf69f37757c5a17b76319263a350c79548f91c6d4b1dde6d645346d715ebf681b;0xa34c670c;0xcf60448fL;0.500000;1503204158;1503204159
0;128;8048;0x8c46ff79aac4f29439181b17d44ce22d8cbf557b316984a7cd47e6451d153aa9;0xa5137a3def34daae05f2bf2582bc580162b3610a373d0c711dc54e03ea3421f0;0xbda97e62;0x1eb0e453L;0.500000;1503204159;1503204160
0;128;8048;0xaa78e3cc0f1a62980743233cfd1b4628335e59233fc7601444bef875e1f8bd8b;0x44065e78073461ec082a493dc2d55df2486c3a4ced623dcc9213c5f0fa2915a0;0x65dcde7e;0x4781438fL;0.500000;1503204160;1503204160
0;128;8048;0xaa78e3cc0f1a62980743233cfd1b4628335e59233fc7601444bef875e1f8bd8b;0x44065e78073461ec082a493dc2d55df2486c3a4ced623dcc9213c5f0fa2915a0;0x65dcde7e;0x4781438fL;0.500000;1503204160;1503204161
