0;128;8048;0x6da80a46cf23bbf9f844dee91c6418fb157dc1d872e18e915baac7438c6ca0f9;0xb231a1dfee2716b5ab05a092a22a812dc501b44e324876a8cc15a77e0af4d004;0x87a9b859;0x329a370bL;0.500000;1503216063;1503216064
0;128;8048;0x60a17c7fcd0556954b40e3e467823393856ceb7baafc70f3b1d4f52fa0148c00;0x3168a35d26ec96c8617dda322832200ffd60f9ffee1bfbc7898dc5c05733265c;0xf6c223c1;0x6a04e39cL;0.500000;1503216064;1503216064
0;128;8048;0x60a17c7fcd0556954b40e3e467823393856ceb7baafc70f3b1d4f52fa0148c00;0x3168a35d26ec96c8617dda322832200ffd60f9ffee1bfbc7898dc5c05733265c;0xf6c223c1;0x6a04e39cL;0.500000;1503216064;1503216065
0;128;8048;0xf09a14118c29202c6ae6b252bbb9126538101774d86ed22c753f40bcd6c6dbc7;0x02ac7faea2a328666c74efa1a2d822d848df7f46d65c89a79ae37b035ff12233;0x134d2008;0xce0131a2L;0.500000;1503216065;1503216065
0;128;8048;0xf09a14118c29202c6ae6b252bbb9126538101774d86ed22c753f40bcd6c6dbc7;0x02ac7faea2a328666c74efa1a2d822d848df7f46d65c89a79ae37b035ff12233;0x134d2008;0xce0131a2L;0.500000;1503216065;1503216066
0;128;8048;0xe03685757a44553e78163fba20040b434759f71aad0e2502eaad2a59d4ab3cb4;0xbb448a9652a8934f630ce61b4a5c5e1b315d9712c49ae42dac347d8c4d2fcf1e;0x203bc038;0x815f798aL;0.500000;1503216066;1503216067
0;128;8048;0x6720252fffa6a9649f915174107823da2f1165b473fe11146e01feb0b3e3d41a;0x05646ccaa3c04eca330317088baba2c8fc8815099442d5ff2271b22b32a7a12b;0xce6abd96;0x9542d7ffL;0.500000;1503216067;1503216067
0;128;8048;0x6720252fffa6a9649f915174107823da2f1165b473fe11146e01feb0b3e3d41a;0x05646ccaa3c04eca330317088baba2c8fc8815099442d5ff2271b22b32a7a12b;0xce6abd96;0x9542d7ffL;0.500000;1503216067;1503216067
0;128;8048;0x6720252fffa6a9649f915174107823da2f1165b473fe11146e01feb0b3e3d41a;0x05646ccaa3c04eca330317088baba2c8fc8815099442d5ff2271b22b32a7a12b;0xce6abd96;0x9542d7ffL;0.500000;1503216068;1503216068
0;128;8048;0x89b5a1e9bdec4b8d7e0fdc1524890647b60df027e99f20e6e984407084ce060d;0xe7e6152140d690756451759f7b2a32b5862a230534ccf16d9efa3b1afe46ecb2;0xc1634474;0x1c2bd08eL;0.500000;1503216068;1503216068
0;128;8048;0x89b5a1e9bdec4b8d7e0fdc1524890647b60df027e99f20e6e984407084ce060d;0xe7e6152140d690756451759f7b2a32b5862a230534ccf16d9efa3b1afe46ecb2;0xc1634474;0x1c2bd08eL;0.500000;1503216069;1503216069
0;128;8048;0x75bb6b86e75f674c6457a790f378d18b5c999fa2cef52ee7ac2d2a8e558defca;0xa8e492d267cdc0b089ac8a6397cac2bac55ada13bb604eee66665721aa867d8d;0x3075c618;0x28409e0L;0.500000;1503216069;1503216070
0;128;8048;0x7a64880c60bfde8ba88349d4f41e17b55597c7bbbbe5d4e8c4b017fb9493110e;0x32b1e4ac0ad398b8767d1c273977c3edf23e62490c52b28a54db69ed8eb71856;0x47dc0e56;0x2a1507a5L;0.500000;1503216070;1503216070
0;128;8048;0x7a64880c60bfde8ba88349d4f41e17b55597c7bbbbe5d4e8c4b017fb9493110e;0x32b1e4ac0ad398b8767d1c273977c3edf23e62490c52b28a54db69ed8eb71856;0x47dc0e56;0x2a1507a5L;0.500000;1503216070;1503216071
0;128;8048;0xa45e7ad8880610af5a06066059aa4ca867e1fa121d43921fc021a0cc6ed52512;0x5f039357e97ad025c54438db48c167d5429f84a394361849bda4f224aac9fc7a;0x012b1a5a;0xa6357eeeL;0.500000;1503216071;1503216071
0;128;8048;0xa45e7ad8880610af5a06066059aa4ca867e1fa121d43921fc021a0cc6ed52512;0x5f039357e97ad025c54438db48c167d5429f84a394361849bda4f224aac9fc7a;0x012b1a5a;0xa6357eeeL;0.500000;1503216071;1503216072
0;128;8048;0x04645a861e3c68eba45c5c7d9bf5ed295c33ab711bf7dcb31cc59a542a8e052e;0x0e179f811b2cd68c207086572d20115110bf84d56dd44154a5883638c72c0733;0x406cecb2;0x5303a850L;0.500000;1503216072;1503216072
0;128;8048;0x04645a861e3c68eba45c5c7d9bf5ed295c33ab711bf7dcb31cc59a542a8e052e;0x0e179f811b2cd68c207086572d20115110bf84d56dd44154a5883638c72c0733;0x406cecb2;0x5303a850L;0.500000;1503216072;1503216073
0;128;8048;0xb6ce38c8d27fcadffc8758ee2e50d34bbe15d8f54c74ded4e30558cc4033aef7;0xffa0ae8fd4b3f5ad907ba53309d323d2d5254361666c866c576afd2a6cf8dc27;0x6fc14b78;0xbbffffd7L;0.500000;1503216073;1503216073
0;128;8048;0xb6ce38c8d27fcadffc8758ee2e50d34bbe15d8f54c74ded4e30558cc4033aef7;0xffa0ae8fd4b3f5ad907ba53309d323d2d5254361666c866c576afd2a6cf8dc27;0x6fc14b78;0xbbffffd7L;0.500000;1503216073;1503216074
