0;128;8048;0x4bca89ff4f1d9dca613d2ec7ebf4a9326d40199f3cace5efb25f856f2d6a5f78;0x6cc28fc3b27e0bd6dc631fd604fd9193532730b61cadc6e4fb23d2178ae09a53;0xe1af2f9d;0xc8f49edL;0.500000;1503098996;1503098997
0;128;8048;0xa1c75dce4bc67798a9a21dbc7eab858ff7cab7e8553d76e8187e33fe0526eaa7;0x4ce632e9409f59f4f98f8b2beda434930d828161ea3e8ec432cb29698b553b01;0x71821db4;0x777c7791L;0.500000;1503098997;1503098997
0;128;8048;0xa1c75dce4bc67798a9a21dbc7eab858ff7cab7e8553d76e8187e33fe0526eaa7;0x4ce632e9409f59f4f98f8b2beda434930d828161ea3e8ec432cb29698b553b01;0x71821db4;0x777c7791L;0.500000;1503098997;1503098998
0;128;8048;0xa95cde6d1fe385a973987c4dd15212b78cde8acbd27a20b86e77b9406672980f;0xa18e6df5155d2847119c982d6cc1e8eab90a2f60151a481ee20d664baac02278;0x2c3e53bf;0x26744e0eL;0.500000;1503098998;1503098998
0;128;8048;0xa95cde6d1fe385a973987c4dd15212b78cde8acbd27a20b86e77b9406672980f;0xa18e6df5155d2847119c982d6cc1e8eab90a2f60151a481ee20d664baac02278;0x2c3e53bf;0x26744e0eL;0.500000;1503098998;1503098999
0;128;8048;0x738ad61021645b5edab823d4d04f92255d9fd73630abcd803b0e6562efcb7962;0x5386c38f91a9b2f380e1f0b396f0f76270118772c4c9797faa5088fb8aa65291;0xc6bf8939;0x20c6aec1L;0.500000;1503098999;1503098999
0;128;8048;0x738ad61021645b5edab823d4d04f92255d9fd73630abcd803b0e6562efcb7962;0x5386c38f91a9b2f380e1f0b396f0f76270118772c4c9797faa5088fb8aa65291;0xc6bf8939;0x20c6aec1L;0.500000;1503099000;1503099000
0;128;8048;0x29ea3ce567ac805fc12a1024f3e2011bb67602ac8e71ec3b8e272de4fad0e423;0xe5b682b68fe71f7c193ce39a0d952170f09d6bf0c5b2af2e05c3db299b4d0207;0x97138b42;0xffa7f7fbL;0.500000;1503099000;1503099001
0;128;8048;0x9cd7b88dd43fdc3e94efe7e7984aee71807d3c743959644b5ec96ddaeff2388b;0x241538037fc208143102d2aa4999c996b564e1cf6eb87903a2ed95009145840a;0xafcd0166;0xbdffdbd7L;0.500000;1503099001;1503099001
0;128;8048;0x9cd7b88dd43fdc3e94efe7e7984aee71807d3c743959644b5ec96ddaeff2388b;0x241538037fc208143102d2aa4999c996b564e1cf6eb87903a2ed95009145840a;0xafcd0166;0xbdffdbd7L;0.500000;1503099001;1503099002
0;128;8048;0x95f40fe988694bdba5f50300509bbfd90433188a6d77979a5d95dbdf26a689bc;0x038a9b5c54abd76bf9e09becd423188da89b50f981fe7c808e38f09eddbfc553;0x5b43e86e;0xff11312bL;0.500000;1503099002;1503099002
0;128;8048;0x95f40fe988694bdba5f50300509bbfd90433188a6d77979a5d95dbdf26a689bc;0x038a9b5c54abd76bf9e09becd423188da89b50f981fe7c808e38f09eddbfc553;0x5b43e86e;0xff11312bL;0.500000;1503099002;1503099003
0;128;8048;0x8f332716c3df442292881ba13105a7cbb0d36b8a898e544d35e50fcc613ce7f1;0xc1f5a7230aa873caf9891ff2a2444c51a3695dd6c01a8ccc038e7aa5c00cef8b;0xd81c7115;0x817437dcL;0.500000;1503099003;1503099003
0;128;8048;0x8f332716c3df442292881ba13105a7cbb0d36b8a898e544d35e50fcc613ce7f1;0xc1f5a7230aa873caf9891ff2a2444c51a3695dd6c01a8ccc038e7aa5c00cef8b;0xd81c7115;0x817437dcL;0.500000;1503099003;1503099004
0;128;8048;0x921be665b50b22b296d473a948f01c29b6b229a00a24a348c6c65109dad4b36c;0x534ae90ab0a43a8586dfaa3ef05888ffb97b002c43be9db286cf399fd437a361;0x2972e1e8;0x202ff750L;0.500000;1503099004;1503099005
0;128;8048;0xc730d053a81583fe2c91c2ca9bb95ce8d76a62b9b181e9a812c45debf8f37dbf;0x9b0b87f2a0ee57be1ce27fc3df05eee6a7b09eb2060be87e59c6ff603ec3a020;0xa41a2664;0x43ab15d2L;0.500000;1503099005;1503099005
0;128;8048;0xc730d053a81583fe2c91c2ca9bb95ce8d76a62b9b181e9a812c45debf8f37dbf;0x9b0b87f2a0ee57be1ce27fc3df05eee6a7b09eb2060be87e59c6ff603ec3a020;0xa41a2664;0x43ab15d2L;0.500000;1503099005;1503099006
0;128;8048;0x267e26c3f6bc7b7ec48747049e532852fc1b94d26093090ae49e618a885d93ae;0x90859d17ee265008c8f17c77b14b00e90b3f21d37dba910d2da33bdef71e8243;0x51403fce;0x3dba911fL;0.500000;1503099006;1503099006
0;128;8048;0x267e26c3f6bc7b7ec48747049e532852fc1b94d26093090ae49e618a885d93ae;0x90859d17ee265008c8f17c77b14b00e90b3f21d37dba910d2da33bdef71e8243;0x51403fce;0x3dba911fL;0.500000;1503099006;1503099007
0;128;8048;0xf6484dc68ef3566c981a3551bedb36401ad3fa9f27030b9c735f24a74b9bf242;0x9fd344c8f2ba953b5d8ba507a3a8946c48d6cf42e5c605931755993c281dcf96;0x4c7cf52c;0x25e0e046L;0.500000;1503099007;1503099007
