0;128;8048;0xab819512114cc2df53b0a819e9921f80e016680f21de35e40fca3e6d9e2a0649;0xd8b64b7aac5b7e7574d9e991326395bfc58be1f707f4cb5399066b05746aee80;0xf8984e84;0x60096512L;0.500000;1503169693;1503169694
0;128;8048;0x64434696ba12860e5c00844a64959658ca2bb8a4c82b44412baf5a40c7d91d2b;0xd90066c90413e02ded6895cf5a81ecc7ee88e9a98e5624f47a98b2d703153c12;0xbaa2c4ec;0xffbffffdL;0.500000;1503169694;1503169694
0;128;8048;0x64434696ba12860e5c00844a64959658ca2bb8a4c82b44412baf5a40c7d91d2b;0xd90066c90413e02ded6895cf5a81ecc7ee88e9a98e5624f47a98b2d703153c12;0xbaa2c4ec;0xffbffffdL;0.500000;1503169694;1503169695
0;128;8048;0x9dd67c0d5b90898030546d9e5bae8f51570e28f98ead6120dc64175f3edcbfdb;0x06a54ca39a9f48979403b0f5a3621b29dd099d589b68c46b0c6c3c9ceec0b5d4;0x1758b560;0xffff08e2L;0.500000;1503169695;1503169695
0;128;8048;0x9dd67c0d5b90898030546d9e5bae8f51570e28f98ead6120dc64175f3edcbfdb;0x06a54ca39a9f48979403b0f5a3621b29dd099d589b68c46b0c6c3c9ceec0b5d4;0x1758b560;0xffff08e2L;0.500000;1503169695;1503169696
0;128;8048;0x32bf9d14754a57f2eb6e89a02beb1d943d8211b267ad70a57eaf012c29b7d15b;0x07be44d400e189144270af8f0ec15532c9658ccad77c80afaef71ebabf259664;0xea61389c;0xff3b0862L;0.500000;1503169696;1503169696
0;128;8048;0x32bf9d14754a57f2eb6e89a02beb1d943d8211b267ad70a57eaf012c29b7d15b;0x07be44d400e189144270af8f0ec15532c9658ccad77c80afaef71ebabf259664;0xea61389c;0xff3b0862L;0.500000;1503169696;1503169697
0;128;8048;0x502f5e902685c3f7624228ad84c05175c0decd2c3d84988372bba5c08b377adb;0x36d9b245ba4c939c7690c8eef313fc9777e59a0d5f0ef7921d8374a5affa8784;0xd8481a1c;0x1050b861L;0.500000;1503169697;1503169697
0;128;8048;0x502f5e902685c3f7624228ad84c05175c0decd2c3d84988372bba5c08b377adb;0x36d9b245ba4c939c7690c8eef313fc9777e59a0d5f0ef7921d8374a5affa8784;0xd8481a1c;0x1050b861L;0.500000;1503169697;1503169698
0;128;8048;0x0fd68932c27ccc36be7cb0bf27f912f5459750bbc3bf9d26c19c647bb46ed6c3;0x1f820e06f7ab65066d29321d30cd247d0a3e2375ba8895131e22b84e0ebf9e4d;0x14ea6ccc;0xa2c664d0L;0.500000;1503169698;1503169698
0;128;8048;0x0fd68932c27ccc36be7cb0bf27f912f5459750bbc3bf9d26c19c647bb46ed6c3;0x1f820e06f7ab65066d29321d30cd247d0a3e2375ba8895131e22b84e0ebf9e4d;0x14ea6ccc;0xa2c664d0L;0.500000;1503169699;1503169699
0;128;8048;0xe07c4c22c3e2168b81415e328421f0fb4bb2b7aa97f07eeb28b1f25f8de1656d;0xef0ba3b1c9105e73a390fed19b3d44fb265af6a8c7b8342bd9e0f3144739627f;0xc262bbea;0x65249150L;0.500000;1503169699;1503169700
0;128;8048;0x0eeb46e7c01026a6625fc063cc204fc20a676d5283eb94104dc7a398e7b4f6f6;0x44c57c87ca7185de59e5128b45123eb185cfa7ed34aaec965f99da6b8342a7dd;0xd0dc45a4;0x34aaec92L;0.500000;1503169700;1503169700
0;128;8048;0x0eeb46e7c01026a6625fc063cc204fc20a676d5283eb94104dc7a398e7b4f6f6;0x44c57c87ca7185de59e5128b45123eb185cfa7ed34aaec965f99da6b8342a7dd;0xd0dc45a4;0x34aaec92L;0.500000;1503169700;1503169701
0;128;8048;0x67a87c2011545e28ca5b93331241edca3da480c05cca04ddaa75bb3f1a9ebb82;0x0462b83dd40db5c7320778bb6e94e26fd780ece24308323fa44eb1a7808b981c;0xfdd67ba0;0xfde9833cL;0.500000;1503169701;1503169701
0;128;8048;0x67a87c2011545e28ca5b93331241edca3da480c05cca04ddaa75bb3f1a9ebb82;0x0462b83dd40db5c7320778bb6e94e26fd780ece24308323fa44eb1a7808b981c;0xfdd67ba0;0xfde9833cL;0.500000;1503169701;1503169702
0;128;8048;0x17f9719e4c1eb6f91918970fea5aa7db645ef6ab8334c78a0e04abe1db3531f2;0x431d7af26e41624285b93f41219c9855d928e1838daf9793f02e55328e53d9f5;0x257be6b6;0x26a0110bL;0.500000;1503169702;1503169702
0;128;8048;0x17f9719e4c1eb6f91918970fea5aa7db645ef6ab8334c78a0e04abe1db3531f2;0x431d7af26e41624285b93f41219c9855d928e1838daf9793f02e55328e53d9f5;0x257be6b6;0x26a0110bL;0.500000;1503169702;1503169703
0;128;8048;0x748cc9683cb874e3f842ffcd8ca849748cdd756ca7b731018642b91b6dd3c5e1;0x6df269814bce695e3ab6ce2059d62b8239300fe81cdbb7f906ce948dff13d278;0x2660ac1f;0x1fdbbff8L;0.500000;1503169703;1503169703
0;128;8048;0x748cc9683cb874e3f842ffcd8ca849748cdd756ca7b731018642b91b6dd3c5e1;0x6df269814bce695e3ab6ce2059d62b8239300fe81cdbb7f906ce948dff13d278;0x2660ac1f;0x1fdbbff8L;0.500000;1503169703;1503169704
