0;128;8048;0x9f610cd504d2112ac60f2ef66b456ee89d37ad914b5306fd4d6bd8e60c730aab;0xa1655a1be10ff9953792260332a1a0106b959389537262340784eb1d11c688fa;0x39ac02ef;0xf7cffffeL;0.500000;1503154219;1503154219
0;128;8048;0x9f610cd504d2112ac60f2ef66b456ee89d37ad914b5306fd4d6bd8e60c730aab;0xa1655a1be10ff9953792260332a1a0106b959389537262340784eb1d11c688fa;0x39ac02ef;0xf7cffffeL;0.500000;1503154219;1503154220
0;128;8048;0x03e8b218ea71ba2d6c00914d869266ef3cef577293d24dca2f4eecc82a9b4f2e;0xf009168973a0faed17f6eec67eb8e4c58f515ecbc7a99d5a5c083bf3c42c87f6;0x3da3bf9f;0x87ad9d5bL;0.500000;1503154220;1503154220
0;128;8048;0x03e8b218ea71ba2d6c00914d869266ef3cef577293d24dca2f4eecc82a9b4f2e;0xf009168973a0faed17f6eec67eb8e4c58f515ecbc7a99d5a5c083bf3c42c87f6;0x3da3bf9f;0x87ad9d5bL;0.500000;1503154220;1503154221
0;128;8048;0x998341bc7fb69ffb42ec9304df9da3a91bad517f80e38bfb8840f6a698f6a231;0xe8dafcfb0e69b49e7e0904c3c760020b3d75f3bdd40b6d30b66deac1fbc815a5;0x0e07569b;0xfffbbd2bL;0.500000;1503154221;1503154221
0;128;8048;0x998341bc7fb69ffb42ec9304df9da3a91bad517f80e38bfb8840f6a698f6a231;0xe8dafcfb0e69b49e7e0904c3c760020b3d75f3bdd40b6d30b66deac1fbc815a5;0x0e07569b;0xfffbbd2bL;0.500000;1503154221;1503154222
0;128;8048;0x393d7bfd367634bad1af280f07edc27fbeb25a8368884b84de1c51ab1a631e54;0xf4768b858c5575045d3d85f3083bb657b24eef8a7b4e46a62676c6ce1c4b39ab;0x923c6743;0xfefdcf7eL;0.500000;1503154222;1503154222
0;128;8048;0x393d7bfd367634bad1af280f07edc27fbeb25a8368884b84de1c51ab1a631e54;0xf4768b858c5575045d3d85f3083bb657b24eef8a7b4e46a62676c6ce1c4b39ab;0x923c6743;0xfefdcf7eL;0.500000;1503154222;1503154223
0;128;8048;0x05807870974a5e5ae4054287b359827cf7b9a65236bef08ffad040ddb060f9b5;0xc155af79c6e4d873d86e5873557cbadb03572ee730e9f101218ce8e730875a76;0x7f55afee;0xfdfffbeaL;0.500000;1503154223;1503154223
0;128;8048;0x05807870974a5e5ae4054287b359827cf7b9a65236bef08ffad040ddb060f9b5;0xc155af79c6e4d873d86e5873557cbadb03572ee730e9f101218ce8e730875a76;0x7f55afee;0xfdfffbeaL;0.500000;1503154223;1503154223
0;128;8048;0x05807870974a5e5ae4054287b359827cf7b9a65236bef08ffad040ddb060f9b5;0xc155af79c6e4d873d86e5873557cbadb03572ee730e9f101218ce8e730875a76;0x7f55afee;0xfdfffbeaL;0.500000;1503154224;1503154224
0;128;8048;0x4d893dd45b3463350b2bb792e037c3ecc7c41f2d3a9d8039f5aba2b16ec089bb;0x06e6c66c2d3b9e5003ea78dfd280093aedb404fef4f83c0b699ce320669a76d0;0x4c46a757;0x8649406aL;0.500000;1503154224;1503154224
0;128;8048;0x82198e9110ebe72b89892dc310682e1c2f0edfac1e0801a23db842bab0b4dc32;0xa17df90459fc0232861a504546010b812465173afb216e2251f4794578950f4d;0x6a2f3338;0xfbfebfbfL;0.500000;1503154225;1503154225
0;128;8048;0x82198e9110ebe72b89892dc310682e1c2f0edfac1e0801a23db842bab0b4dc32;0xa17df90459fc0232861a504546010b812465173afb216e2251f4794578950f4d;0x6a2f3338;0xfbfebfbfL;0.500000;1503154225;1503154225
0;128;8048;0x82198e9110ebe72b89892dc310682e1c2f0edfac1e0801a23db842bab0b4dc32;0xa17df90459fc0232861a504546010b812465173afb216e2251f4794578950f4d;0x6a2f3338;0xfbfebfbfL;0.500000;1503154226;1503154226
0;128;8048;0x203252903ad7ffe75e02e86172ecf35ae2ad33fa199170c7e51a1c2b8c55e1ad;0xc714dc22782ca20c653b0c2c5d499af5b8be15d3dd630f039620fb274b484301;0xd7946809;0xdfffdef9L;0.500000;1503154226;1503154226
0;128;8048;0x203252903ad7ffe75e02e86172ecf35ae2ad33fa199170c7e51a1c2b8c55e1ad;0xc714dc22782ca20c653b0c2c5d499af5b8be15d3dd630f039620fb274b484301;0xd7946809;0xdfffdef9L;0.500000;1503154226;1503154227
0;128;8048;0xcfaa016b1d10671eac41360e854b226f96034127972a59033606a34be663b1b5;0x19c98f47fd65c49b007e3d10df5a69271dc59f19fe0c50044c50cb2c0d5e89e8;0x11982be5;0xffe77ff9L;0.500000;1503154227;1503154227
0;128;8048;0xcfaa016b1d10671eac41360e854b226f96034127972a59033606a34be663b1b5;0x19c98f47fd65c49b007e3d10df5a69271dc59f19fe0c50044c50cb2c0d5e89e8;0x11982be5;0xffe77ff9L;0.500000;1503154227;1503154228
0;128;8048;0x988fdcb3c5973ff9f1bc2e2c6164126259ac5f84622899ae19e8b39c743cf90d;0x548d3e23f65b508b8c19cdbdb8d6816615e7de94efd0b6bb05e21860f8d710eb;0xb25c40fe;0x8b416021L;0.500000;1503154228;1503154228
