0;128;8048;0x1b4dad59cc704b8e7ab1a841cfd4782ebf44ee35ab5b2cdda6146f5730a4ee4b;0x5afe7ade3956e95fc21e487590ac85e98848fd03755cf04ead4f94d95e89270b;0x5091f2ac;0x34fcf04eL;0.500000;1503176835;1503176835
0;128;8048;0x1b4dad59cc704b8e7ab1a841cfd4782ebf44ee35ab5b2cdda6146f5730a4ee4b;0x5afe7ade3956e95fc21e487590ac85e98848fd03755cf04ead4f94d95e89270b;0x5091f2ac;0x34fcf04eL;0.500000;1503176835;1503176836
0;128;8048;0xc738c180e15c429a368fa1b78b5826d42d44c722c760f45843fd5636f7b653be;0xbce7fb84ad0c132729e7e22a41891b9eb694e746757f72fcc4c6c8d30781a6da;0x76e163a1;0x757f70fcL;0.500000;1503176836;1503176836
0;128;8048;0xc738c180e15c429a368fa1b78b5826d42d44c722c760f45843fd5636f7b653be;0xbce7fb84ad0c132729e7e22a41891b9eb694e746757f72fcc4c6c8d30781a6da;0x76e163a1;0x757f70fcL;0.500000;1503176836;1503176837
0;128;8048;0x5ab4b5e975c64c79c1a54ba6cf5b7532ac78a83fd887aad1cfdfaa5e03664d5d;0xe004771cc79bce2c67f4e3833eb83b357b5ed4de960882c58eed40baf2ee5f72;0x196a8fa2;0xeeffffacL;0.500000;1503176837;1503176837
0;128;8048;0x5ab4b5e975c64c79c1a54ba6cf5b7532ac78a83fd887aad1cfdfaa5e03664d5d;0xe004771cc79bce2c67f4e3833eb83b357b5ed4de960882c58eed40baf2ee5f72;0x196a8fa2;0xeeffffacL;0.500000;1503176837;1503176838
0;128;8048;0xddb4d311c4db4134a98023eb12f3b93f01e1ae6b46b411617a76a5689687b373;0x3d5e6e655a72102ba56b41d372adc8b4211699122afb00280fb4787de41033cc;0x36d9b578;0x5ffcfdfeL;0.500000;1503176838;1503176838
0;128;8048;0xddb4d311c4db4134a98023eb12f3b93f01e1ae6b46b411617a76a5689687b373;0x3d5e6e655a72102ba56b41d372adc8b4211699122afb00280fb4787de41033cc;0x36d9b578;0x5ffcfdfeL;0.500000;1503176838;1503176839
0;128;8048;0x466e3012c6b8006fce76c4fa80396ce3c082d6f17b49f2539e2be854193eb760;0x0b0391c6f6df70c373d480bb5c106133a9f9aae5634a30c2e37a8074aaf14e9d;0x878d4a4f;0xe274883L;0.500000;1503176839;1503176839
0;128;8048;0x466e3012c6b8006fce76c4fa80396ce3c082d6f17b49f2539e2be854193eb760;0x0b0391c6f6df70c373d480bb5c106133a9f9aae5634a30c2e37a8074aaf14e9d;0x878d4a4f;0xe274883L;0.500000;1503176839;1503176840
0;128;8048;0xca46a3a6fc192b6e7570e541a7ae7892cc5cb989d5ab34921ebb2b1d0b4029d6;0x32c1cc77dff2f846e876f8606b300471779de2b73202f13c387e6251569f8604;0x194e759d;0xfb7fef7fL;0.500000;1503176840;1503176840
0;128;8048;0xca46a3a6fc192b6e7570e541a7ae7892cc5cb989d5ab34921ebb2b1d0b4029d6;0x32c1cc77dff2f846e876f8606b300471779de2b73202f13c387e6251569f8604;0x194e759d;0xfb7fef7fL;0.500000;1503176840;1503176841
0;128;8048;0xbd85348243d09b24bc62c58f73d31149454dcad45920127c51a1d5a2053ae7c2;0x90447173e0a2886cef99ad12405276e06d2aec5938b8448035056449701fdda5;0x66c67397;0x85919094L;0.500000;1503176841;1503176841
0;128;8048;0xbd85348243d09b24bc62c58f73d31149454dcad45920127c51a1d5a2053ae7c2;0x90447173e0a2886cef99ad12405276e06d2aec5938b8448035056449701fdda5;0x66c67397;0x85919094L;0.500000;1503176841;1503176842
0;128;8048;0x9505d85e9969c790ee3a783c013a46b1e0413cbb456d11031c4ae5d9427f2ad8;0x67598a01498b71686f6d58b32fa7ec392012caa6c1064db7e97b7f0d46f13c59;0x18080403;0xefcfaf4bL;0.500000;1503176842;1503176842
0;128;8048;0x9505d85e9969c790ee3a783c013a46b1e0413cbb456d11031c4ae5d9427f2ad8;0x67598a01498b71686f6d58b32fa7ec392012caa6c1064db7e97b7f0d46f13c59;0x18080403;0xefcfaf4bL;0.500000;1503176843;1503176843
1;128;8048;0xb469185372709f7746a5afa5a76a2ab463530352ac8f0644689ab49f249606d8;0x0464aa773676f95040b6c3a18460d287435ccfdfb9b9cbecfa949b45bfda62b3;0xe480651e;0xb9b9cbecL;0.500000;1503176843;1503176843
1;128;8048;0xb469185372709f7746a5afa5a76a2ab463530352ac8f0644689ab49f249606d8;0x0464aa773676f95040b6c3a18460d287435ccfdfb9b9cbecfa949b45bfda62b3;0xe480651e;0xb9b9cbecL;0.500000;1503176844;1503176844
0;128;8048;0x85b0eaf9bd8eea6f1296e84efeec4346b214418469e24f63c43434389726d01c;0x392637b2814f302783658fa4cc7adde9d0b1cff2f059eca1a272c7fec04d725a;0x632a970c;0xf059eca3L;0.500000;1503176844;1503176844
0;128;8048;0x85b0eaf9bd8eea6f1296e84efeec4346b214418469e24f63c43434389726d01c;0x392637b2814f302783658fa4cc7adde9d0b1cff2f059eca1a272c7fec04d725a;0x632a970c;0xf059eca3L;0.500000;1503176844;1503176845
