0;128;8048;0x84a1bcf36968ce8db38e98bb217aa84edef829fe90f60c53ec4b106a5d6a3fe1;0x2a36e3460a3ac9e6426518ce1c7f263e2020e8963fd3a728c4900d7c4c185dc6;0xcd63ff75;0x3fd3a769L;0.500000;1503173263;1503173263
0;128;8048;0x84a1bcf36968ce8db38e98bb217aa84edef829fe90f60c53ec4b106a5d6a3fe1;0x2a36e3460a3ac9e6426518ce1c7f263e2020e8963fd3a728c4900d7c4c185dc6;0xcd63ff75;0x3fd3a769L;0.500000;1503173263;1503173264
0;128;8048;0x61a1c602951df25aabfdb9c5e07920ff9838de020c7fdf5f2718a5551800f579;0x73da0c57836b44a80cb555b7b2e84981d7527e7c211f3535809da583518c79c9;0x2baefcf5;0x9c014d7aL;0.500000;1503173264;1503173264
0;128;8048;0x61a1c602951df25aabfdb9c5e07920ff9838de020c7fdf5f2718a5551800f579;0x73da0c57836b44a80cb555b7b2e84981d7527e7c211f3535809da583518c79c9;0x2baefcf5;0x9c014d7aL;0.500000;1503173264;1503173265
0;128;8048;0x3e4d924f763f1f0149889f6cd0658bf12ee91b0fa29d74816b9591cf32b58d70;0x9eb3fdd736dacb7fa8dba63de729647a46b11ae85a4527f29881358f5aef9df4;0x1c1a5bde;0x848c8090L;0.500000;1503173265;1503173265
0;128;8048;0x3e4d924f763f1f0149889f6cd0658bf12ee91b0fa29d74816b9591cf32b58d70;0x9eb3fdd736dacb7fa8dba63de729647a46b11ae85a4527f29881358f5aef9df4;0x1c1a5bde;0x848c8090L;0.500000;1503173265;1503173266
0;128;8048;0xa27e3c08f2302e704f9c61b383ce856ec2248a0a85ffba71ff809fa3df920c82;0x11a7c6646d3400b297a0be731368afa780bab7c5c4c3cb33bcefb7123c818f5c;0xefbc6150;0x367d6c85L;0.500000;1503173266;1503173266
0;128;8048;0xa27e3c08f2302e704f9c61b383ce856ec2248a0a85ffba71ff809fa3df920c82;0x11a7c6646d3400b297a0be731368afa780bab7c5c4c3cb33bcefb7123c818f5c;0xefbc6150;0x367d6c85L;0.500000;1503173266;1503173267
0;128;8048;0x45af0f85ad9f324bf9b57ad735e09803b8fb3db32af53e8f230283d14aaddb8f;0xe63f913f853abbc59842d36d1e217055a10e49fdf42e50f08da352c68f29021d;0xcc776ae5;0x301d0c90L;0.500000;1503173267;1503173267
0;128;8048;0x45af0f85ad9f324bf9b57ad735e09803b8fb3db32af53e8f230283d14aaddb8f;0xe63f913f853abbc59842d36d1e217055a10e49fdf42e50f08da352c68f29021d;0xcc776ae5;0x301d0c90L;0.500000;1503173268;1503173268
0;128;8048;0x1a711af3edeefee40bc9ed4fa7ecb1732bc7834a1513e993d9ae9e8ecf4551e9;0xa8858e4cf10e3259a8f3f7a3e236949823f17265e7125645ec8170e6cae87a34;0x1d158609;0xe7125e65L;0.500000;1503173268;1503173268
0;128;8048;0x1a711af3edeefee40bc9ed4fa7ecb1732bc7834a1513e993d9ae9e8ecf4551e9;0xa8858e4cf10e3259a8f3f7a3e236949823f17265e7125645ec8170e6cae87a34;0x1d158609;0xe7125e65L;0.500000;1503173269;1503173269
0;128;8048;0xf7ba7ca05637913b92c07958caf48672c4b668a542937528103bfc1ac2af4eb9;0x7bffd8c80e34884bf3c1232acb441da75b177f9c19dad249d725a50f74878de6;0x5d9d80c5;0xdfff8750L;0.500000;1503173269;1503173269
0;128;8048;0xf7ba7ca05637913b92c07958caf48672c4b668a542937528103bfc1ac2af4eb9;0x7bffd8c80e34884bf3c1232acb441da75b177f9c19dad249d725a50f74878de6;0x5d9d80c5;0xdfff8750L;0.500000;1503173270;1503173270
0;128;8048;0x469f07199608dc7e95922d99c3ddce02165f93ed74cb7bc6ea67d154b2c75bf9;0x3a69ba3a362f7c93a1b2725e846235b68866b72bab1032a7255610152bd2c5ef;0x93782b8c;0xd9f004caL;0.500000;1503173270;1503173271
0;128;8048;0x4ffc06fbaefe2d1453d1a252eb151820050a813a37215fe0d87aeacaa7a9bff6;0x92b1220a56ff6afcf99f2defdc32427c3a1680c34f2a42225eaac1e7f0b6aaa3;0xa1ba94af;0x10d82057L;0.500000;1503173271;1503173271
0;128;8048;0x4ffc06fbaefe2d1453d1a252eb151820050a813a37215fe0d87aeacaa7a9bff6;0x92b1220a56ff6afcf99f2defdc32427c3a1680c34f2a42225eaac1e7f0b6aaa3;0xa1ba94af;0x10d82057L;0.500000;1503173271;1503173272
0;128;8048;0x2af95a6b63f37f5ac1f1453264efbcc104bff24d0c55072a7ff03ae889f916b4;0xeda020e59c4b224804a3cc9e6c6f430aa41c7aeaa38c64a5f8b22ed080134e17;0xb5456995;0x665ac22aL;0.500000;1503173272;1503173272
0;128;8048;0x2af95a6b63f37f5ac1f1453264efbcc104bff24d0c55072a7ff03ae889f916b4;0xeda020e59c4b224804a3cc9e6c6f430aa41c7aeaa38c64a5f8b22ed080134e17;0xb5456995;0x665ac22aL;0.500000;1503173272;1503173273
0;128;8048;0xb3979048dcbd5745909ecf180abf3d4c8e6f4c29f70ebad07b5bf576879f9b3a;0x6034a0ac6febbb8b01381da4f77f25210d79733bea3f6240fb164603b6149448;0x2acc0144;0xc09106d8L;0.500000;1503173273;1503173273
