1;128;8048;0x9eea29a81a90bab6bd29842443e9e1755bb98091548cb15e4aa6919745cbf2e4;0xa3bc738340b5f5f2635d8bc822eb38e4dbd20848d4dcca24a1c2f1c2ca0e7396;0xc0d9b2bd;0xd4dcca24L;0.500000;1503206518;1503206518
1;128;8048;0x9eea29a81a90bab6bd29842443e9e1755bb98091548cb15e4aa6919745cbf2e4;0xa3bc738340b5f5f2635d8bc822eb38e4dbd20848d4dcca24a1c2f1c2ca0e7396;0xc0d9b2bd;0xd4dcca24L;0.500000;1503206518;1503206519
0;128;8048;0x7f971f9460d045ec30d4f9067187042e26477dd5a9b7ae62093c1f7ea5b1c224;0x9fe084e35e07d19829f941f5ffda2adfa2b3728ba514cb5327c994f3f429a48c;0x0254790c;0xfd7fff25L;0.500000;1503206519;1503206519
0;128;8048;0x7f971f9460d045ec30d4f9067187042e26477dd5a9b7ae62093c1f7ea5b1c224;0x9fe084e35e07d19829f941f5ffda2adfa2b3728ba514cb5327c994f3f429a48c;0x0254790c;0xfd7fff25L;0.500000;1503206519;1503206520
0;128;8048;0x217643b5d74cb7b7b819ca2f8f30add4641c87b4858b33f02d53e56c8375f3a4;0xa464fbeac415eea10b97ad0d9953c01bdc3e961a3bb058086f94ce675444371b;0x89df3004;0x77e92126L;0.500000;1503206520;1503206520
0;128;8048;0x217643b5d74cb7b7b819ca2f8f30add4641c87b4858b33f02d53e56c8375f3a4;0xa464fbeac415eea10b97ad0d9953c01bdc3e961a3bb058086f94ce675444371b;0x89df3004;0x77e92126L;0.500000;1503206520;1503206521
0;128;8048;0xea63d29df0f31ed0e2acdbce770f0d6321d860ae2404e171ac2e6bb3ac2c4897;0x6fa1eef0d48b41da14ad5de39a29b7dded17b4846c8ee443ccfe8a32591409a3;0x1180a5bf;0x6caee443L;0.500000;1503206521;1503206521
0;128;8048;0xea63d29df0f31ed0e2acdbce770f0d6321d860ae2404e171ac2e6bb3ac2c4897;0x6fa1eef0d48b41da14ad5de39a29b7dded17b4846c8ee443ccfe8a32591409a3;0x1180a5bf;0x6caee443L;0.500000;1503206521;1503206522
0;128;8048;0xdb3327da9cd1eeeafbdb450a8dc0722c16b1193ef5f3dd5cf3c60202bf125f9a;0x523f83fc923a0539285ca2683b99e3438aeea9757c8c7ace7484d9a15e3528e1;0xad1a2ef2;0x37ab4bc8L;0.500000;1503206522;1503206522
0;128;8048;0xdb3327da9cd1eeeafbdb450a8dc0722c16b1193ef5f3dd5cf3c60202bf125f9a;0x523f83fc923a0539285ca2683b99e3438aeea9757c8c7ace7484d9a15e3528e1;0xad1a2ef2;0x37ab4bc8L;0.500000;1503206522;1503206523
0;128;8048;0xf507809571cddecb2f23d572e1bf65245fbeafd95b25bd2646c9be921ac9580f;0xbb80edd33c01c1eee66ea516aec30bf89fca735c826c660bebf290e3df048af3;0x00dd1c02;0x8b01a8f2L;0.500000;1503206523;1503206524
0;128;8048;0x275783fc993c53c827c6a1134d5c4cfe86dbf775275640d0480f6e5011bdc339;0x03e4550846c07af964d28bbddf42637bb33bc05db12a81dc4b03c7d1bc23f32d;0xd8735141;0x53ad618fL;0.500000;1503206524;1503206524
0;128;8048;0x275783fc993c53c827c6a1134d5c4cfe86dbf775275640d0480f6e5011bdc339;0x03e4550846c07af964d28bbddf42637bb33bc05db12a81dc4b03c7d1bc23f32d;0xd8735141;0x53ad618fL;0.500000;1503206524;1503206524
0;128;8048;0x9386fe75badf5c4ef35116950ef37568ea23ca02330a1c3a813ea76a241e67b7;0xec49a1f983456490b94a6c952b2a6d0d918e82cc60528418356e5a1819ba57f7;0x2d3ccd3a;0x7deeffdfL;0.500000;1503206525;1503206525
0;128;8048;0x9386fe75badf5c4ef35116950ef37568ea23ca02330a1c3a813ea76a241e67b7;0xec49a1f983456490b94a6c952b2a6d0d918e82cc60528418356e5a1819ba57f7;0x2d3ccd3a;0x7deeffdfL;0.500000;1503206525;1503206525
0;128;8048;0x9386fe75badf5c4ef35116950ef37568ea23ca02330a1c3a813ea76a241e67b7;0xec49a1f983456490b94a6c952b2a6d0d918e82cc60528418356e5a1819ba57f7;0x2d3ccd3a;0x7deeffdfL;0.500000;1503206526;1503206526
0;128;8048;0x517d8d65deb8ed00d7d5638e79f1e5cee55d755bcbc2156ef8e8e9086a7b54bb;0x03cdc62576f05a4f22e37ba71109c794630b57e6966f18ded6633085a57587d2;0x5f56a735;0x4349400eL;0.500000;1503206526;1503206526
0;128;8048;0x517d8d65deb8ed00d7d5638e79f1e5cee55d755bcbc2156ef8e8e9086a7b54bb;0x03cdc62576f05a4f22e37ba71109c794630b57e6966f18ded6633085a57587d2;0x5f56a735;0x4349400eL;0.500000;1503206527;1503206527
0;128;8048;0xcd11af3ba5544cf4fd00c4fc18992055028021467dc64b871c098898a4830671;0x29a4102e406b48ad7e195ce496ce1070f062202101f6e240886a9f02061d1278;0x0401954e;0x31066f09L;0.500000;1503206527;1503206528
0;128;8048;0x7d5ff8e94f6950277d669f02204b9a8e4705035fbf839c34af7a434eb35a0f30;0x49a5db1a9f0f2f180fd746a3b6bbc173829f73a8586f1be1320de09f7a05a3fd;0x854361ad;0x98ddcc1L;0.500000;1503206528;1503206528
