0;128;8048;0xf325ac8d0c1fc5899fcf5c9e56b1fb865425b78af32dd8e6f0a1af7f85c3c978;0x9c00229660ddc51c4cffe1e45cc34f63e78fae237d18e33333fb1e89a8255b3e;0xec5e1c3f;0xa301cb6aL;0.500000;1503120615;1503120616
0;128;8048;0x142d9131d1da9053d6f8d006478fbe5304ac464e04535c5becfdb64ee62d3afa;0x4f7e6e408ce2fc441b5fec8e74e58c7a2d2e4a80030df2ece05b886d4612b9b6;0x118f0930;0x6328d008L;0.500000;1503120616;1503120616
0;128;8048;0x142d9131d1da9053d6f8d006478fbe5304ac464e04535c5becfdb64ee62d3afa;0x4f7e6e408ce2fc441b5fec8e74e58c7a2d2e4a80030df2ece05b886d4612b9b6;0x118f0930;0x6328d008L;0.500000;1503120616;1503120617
0;128;8048;0x5c8e14823bef9dabeb1abbf6f11a2b8f65cc9a125d8321a88694068127213b84;0x49f497930973b8234d3a6b8dccd0625eae75bb5e56da55172ef448af0850cf5a;0x7d5d07b6;0xb03ecc4L;0.500000;1503120617;1503120618
0;128;8048;0x66819368947dbd6a2a8a150b0cb40f645494f7727c437d6f2712132c1aaea380;0xe7abfea4a90ada512fd91784b71c2c986ce404adae10d25bcba77311ec195a1d;0x2fc356f2;0xdd84460eL;0.500000;1503120618;1503120618
0;128;8048;0x66819368947dbd6a2a8a150b0cb40f645494f7727c437d6f2712132c1aaea380;0xe7abfea4a90ada512fd91784b71c2c986ce404adae10d25bcba77311ec195a1d;0x2fc356f2;0xdd84460eL;0.500000;1503120618;1503120619
0;128;8048;0xc6c34e860be7966c9be377f35409136806e3a3ef57e4a30b60e733ac6b9bb331;0xbb33cee1dc069fd34b946ad2ffe62dc503485742b4c60b0cf85dede42dc7a478;0xad0e690a;0x199a0a8eL;0.500000;1503120619;1503120619
0;128;8048;0xc6c34e860be7966c9be377f35409136806e3a3ef57e4a30b60e733ac6b9bb331;0xbb33cee1dc069fd34b946ad2ffe62dc503485742b4c60b0cf85dede42dc7a478;0xad0e690a;0x199a0a8eL;0.500000;1503120619;1503120620
0;128;8048;0x52c414d9a653ad17da0e1c9273448e35d30130757c1acdc99a1cc8af0d60c75f;0xe72a7632f801928a2cd605894a7ec52e3134300a68eefcff14496e29419d5cdc;0x5c2ffdfd;0x68eefcdfL;0.500000;1503120620;1503120620
0;128;8048;0x52c414d9a653ad17da0e1c9273448e35d30130757c1acdc99a1cc8af0d60c75f;0xe72a7632f801928a2cd605894a7ec52e3134300a68eefcff14496e29419d5cdc;0x5c2ffdfd;0x68eefcdfL;0.500000;1503120620;1503120621
0;128;8048;0x327d2a459756dac31721380e4224ece5efea8315b30b45cfffeee3d521798653;0x13af5e185dc2fcf0c9b8efa77d76cc13b86cfd2c2723c07b311457694dded386;0xd2a1edbe;0x13809864L;0.500000;1503120621;1503120621
0;128;8048;0x327d2a459756dac31721380e4224ece5efea8315b30b45cfffeee3d521798653;0x13af5e185dc2fcf0c9b8efa77d76cc13b86cfd2c2723c07b311457694dded386;0xd2a1edbe;0x13809864L;0.500000;1503120621;1503120622
0;128;8048;0x5129fe28dff06de7cf8951170f8cca1e40dd685805b5f7e4bbffe1ce73b5f8c4;0x1c95a5d8de40bdb5729f31032a63a45b43bb78800877c76f4dc7494a861dce54;0xa1da19e2;0x7ffda821L;0.500000;1503120622;1503120622
0;128;8048;0x5129fe28dff06de7cf8951170f8cca1e40dd685805b5f7e4bbffe1ce73b5f8c4;0x1c95a5d8de40bdb5729f31032a63a45b43bb78800877c76f4dc7494a861dce54;0xa1da19e2;0x7ffda821L;0.500000;1503120622;1503120623
0;128;8048;0x7bcca961b18313529900b0190544dc88277c4d30ab91ffb87f71ae99892efc04;0x712d90d0c35818f03e065ab807caea8c3153b9ae785c18158c6b026995356c73;0xb91769d9;0xef81aa50L;0.500000;1503120623;1503120623
0;128;8048;0x7bcca961b18313529900b0190544dc88277c4d30ab91ffb87f71ae99892efc04;0x712d90d0c35818f03e065ab807caea8c3153b9ae785c18158c6b026995356c73;0xb91769d9;0xef81aa50L;0.500000;1503120623;1503120624
0;128;8048;0xfed2f05c107457f386f09b6f39176034910bb9958828b72bd7fee889933fc991;0x4880993bfff3ea99930969b3ed965f38e9e9fcc3eb625c452ad6fc2a7eb2c4da;0x0fd84c13;0xfd7dbbf7L;0.500000;1503120624;1503120624
0;128;8048;0xfed2f05c107457f386f09b6f39176034910bb9958828b72bd7fee889933fc991;0x4880993bfff3ea99930969b3ed965f38e9e9fcc3eb625c452ad6fc2a7eb2c4da;0x0fd84c13;0xfd7dbbf7L;0.500000;1503120624;1503120625
0;128;8048;0x827961419c4a187b357e41a70bfef14ea484def1412e327435b96981a2dd0624;0x91831e63fe471a815fc1f63715c7ba7e792d55ae43f196837b581f87544a13d6;0x74c6a9b1;0x6c5710eeL;0.500000;1503120625;1503120625
0;128;8048;0x827961419c4a187b357e41a70bfef14ea484def1412e327435b96981a2dd0624;0x91831e63fe471a815fc1f63715c7ba7e792d55ae43f196837b581f87544a13d6;0x74c6a9b1;0x6c5710eeL;0.500000;1503120625;1503120626
