1;128;8048;0x831cf4131fc3c4c9c139e2272a3c29a7b62857676a81915d2c37c0231af3979d;0x0f8bec31706de70be105f066f056ffcb49f52d0417e0aef31bcd74056aa18e26;0x0c4ca1f4;0x17e0aef3L;0.500000;1503249245;1503249246
0;128;8048;0x88e2892df824981375f023db956e7c3b1a089f14b79914922a0d416b19712ba1;0xc593201456e90f8cb0178bd95263735039db3ac021cf53a6913f39b6a27819c9;0x3c6e94a7;0x1cf53a6L;0.500000;1503249246;1503249246
0;128;8048;0x88e2892df824981375f023db956e7c3b1a089f14b79914922a0d416b19712ba1;0xc593201456e90f8cb0178bd95263735039db3ac021cf53a6913f39b6a27819c9;0x3c6e94a7;0x1cf53a6L;0.500000;1503249246;1503249247
0;128;8048;0x01b62dadfdc669e4e1581ff8bc9cfbd0ff8cb548fcba753a846f6fd8eddbeaef;0x60c0ecd076b19d6d013e741adf3efa6eb7947a48a29fbce2486a70d6ea7b0130;0xb9f8f0db;0x880140d9L;0.500000;1503249247;1503249247
0;128;8048;0x01b62dadfdc669e4e1581ff8bc9cfbd0ff8cb548fcba753a846f6fd8eddbeaef;0x60c0ecd076b19d6d013e741adf3efa6eb7947a48a29fbce2486a70d6ea7b0130;0xb9f8f0db;0x880140d9L;0.500000;1503249247;1503249248
0;128;8048;0x44c8ffbcd7078bd557cb64aee3db6cfc1e9f740d9e7d4bb4c9fa3c8d65578da9;0xd831bdef0acc126429b2fe1ac08c751a6465434ec339371fac66a0a42b348fa9;0x98df2186;0xbb1b644eL;0.500000;1503249248;1503249249
0;128;8048;0x92d5adce2bf251fe4f91c91e5cacac37617b7d649526d00c7c1ec339133233a5;0x2d6ff553b9a9d4e0dd71947a8b7d131094bd91c709c1555a878c3e8382da92b5;0x414e83ce;0x300b2888L;0.500000;1503249249;1503249249
0;128;8048;0x92d5adce2bf251fe4f91c91e5cacac37617b7d649526d00c7c1ec339133233a5;0x2d6ff553b9a9d4e0dd71947a8b7d131094bd91c709c1555a878c3e8382da92b5;0x414e83ce;0x300b2888L;0.500000;1503249249;1503249250
0;128;8048;0xb739315f9b9b4a1fbea6160b50d26cf275cfc1c8a970c5719cd80a2b040bc2bb;0xf8f386e74b7645a61e419573341dfd0e7a3aacf69ba21dd8409e24edc1378920;0x78d99c6c;0x61620290L;0.500000;1503249250;1503249250
0;128;8048;0xb739315f9b9b4a1fbea6160b50d26cf275cfc1c8a970c5719cd80a2b040bc2bb;0xf8f386e74b7645a61e419573341dfd0e7a3aacf69ba21dd8409e24edc1378920;0x78d99c6c;0x61620290L;0.500000;1503249250;1503249251
0;128;8048;0xb1fd63f9d8c7f5eb9b467becc9e5651e0918cf4600808313c78522a6d95f628a;0x2bb54a4f72a2d96ee13932144a89955bfd3f65b8dac04fc0a88916d3b9504486;0x9fb451e5;0xa994842fL;0.500000;1503249251;1503249252
0;128;8048;0x2bf0682eca956c0a8cd975f0223ab783bf284c5d7aeb09da4e9b0e71e0951d0b;0x0fef115c831b7c496463ce479ea5a49606f92c98d9e1a2a026dd346402bdbc9f;0xf5ba94af;0xa13ba362L;0.500000;1503249252;1503249252
0;128;8048;0x2bf0682eca956c0a8cd975f0223ab783bf284c5d7aeb09da4e9b0e71e0951d0b;0x0fef115c831b7c496463ce479ea5a49606f92c98d9e1a2a026dd346402bdbc9f;0xf5ba94af;0xa13ba362L;0.500000;1503249252;1503249253
0;128;8048;0x36acb1e757961bf5ba233f9b7ef5d3553eb6b6c1341c77d04b5337a260857396;0xe5804bd2b61d54dd7837bc57c4939f2122ad9b3425bf602ff10889867cf54dfb;0x91eff807;0xe67f2023L;0.500000;1503249253;1503249253
0;128;8048;0x36acb1e757961bf5ba233f9b7ef5d3553eb6b6c1341c77d04b5337a260857396;0xe5804bd2b61d54dd7837bc57c4939f2122ad9b3425bf602ff10889867cf54dfb;0x91eff807;0xe67f2023L;0.500000;1503249253;1503249253
0;128;8048;0x36acb1e757961bf5ba233f9b7ef5d3553eb6b6c1341c77d04b5337a260857396;0xe5804bd2b61d54dd7837bc57c4939f2122ad9b3425bf602ff10889867cf54dfb;0x91eff807;0xe67f2023L;0.500000;1503249254;1503249254
0;128;8048;0x8c6439c3ca4d58a5f87d8b998e3b6b8b901921bc15101ee383e379eda7488434;0x6ca757a9ece6ec777f5688747e9d3e0af02d7519832edfe6cdca41cb1388e7f9;0xb645a9d5;0xff7fffdfL;0.500000;1503249254;1503249254
0;128;8048;0x8c6439c3ca4d58a5f87d8b998e3b6b8b901921bc15101ee383e379eda7488434;0x6ca757a9ece6ec777f5688747e9d3e0af02d7519832edfe6cdca41cb1388e7f9;0xb645a9d5;0xff7fffdfL;0.500000;1503249254;1503249255
0;128;8048;0x3e7a63e037cf315c909a8707a22e1953e69704c2037e804accd2101f20b9e55e;0xa072a1dcfce2272965ed853a915ee3d7615e693cfd48b6ccb4ad7e25dbfe9644;0x8dafc842;0xff1eaa80L;0.500000;1503249255;1503249255
0;128;8048;0x3e7a63e037cf315c909a8707a22e1953e69704c2037e804accd2101f20b9e55e;0xa072a1dcfce2272965ed853a915ee3d7615e693cfd48b6ccb4ad7e25dbfe9644;0x8dafc842;0xff1eaa80L;0.500000;1503249256;1503249256
