0;128;8048;0x17f74281f6d3423cc7be13e8cbc2858daeb331cd9a8f671e2446be94961e3dad;0xcb30ae81b608e31df2aa59c834a07bf071637062d35ab91e2786596bbfeed8c9;0x8e72d203;0xfebafcffL;0.500000;1503140943;1503140943
0;128;8048;0x17f74281f6d3423cc7be13e8cbc2858daeb331cd9a8f671e2446be94961e3dad;0xcb30ae81b608e31df2aa59c834a07bf071637062d35ab91e2786596bbfeed8c9;0x8e72d203;0xfebafcffL;0.500000;1503140943;1503140944
0;128;8048;0x0c3fda1620f6900cbce0bf929a126be1875c912c8e1f2d30d60cba1787ad9c93;0x0d70cce6c37f1c0916ac320a46712f4f86bf4f59bdd6b3d19ab6688419c76de9;0xcb75476d;0xe9debfdfL;0.500000;1503140944;1503140944
0;128;8048;0x0c3fda1620f6900cbce0bf929a126be1875c912c8e1f2d30d60cba1787ad9c93;0x0d70cce6c37f1c0916ac320a46712f4f86bf4f59bdd6b3d19ab6688419c76de9;0xcb75476d;0xe9debfdfL;0.500000;1503140944;1503140945
0;128;8048;0x758aba2553854d8f1cd0ad70cc16fe04cfdd4d527b60a692cd47aea62895309d;0x2b661f11babe48635ed35c7842b779c5f0806bbd4993de58709f5967bd412982;0x00b482cf;0xcf408145L;0.500000;1503140945;1503140945
0;128;8048;0x758aba2553854d8f1cd0ad70cc16fe04cfdd4d527b60a692cd47aea62895309d;0x2b661f11babe48635ed35c7842b779c5f0806bbd4993de58709f5967bd412982;0x00b482cf;0xcf408145L;0.500000;1503140945;1503140946
0;128;8048;0x3d87a9de29d3d59818adc82812d1de020966058e11452bc24e8dd8dc5734e894;0xbba98ac7f465f18e4a037ecacb7063f193bbfa241fd647706c4d658803665a34;0xd0e85c52;0x8c826412L;0.500000;1503140946;1503140946
0;128;8048;0x3d87a9de29d3d59818adc82812d1de020966058e11452bc24e8dd8dc5734e894;0xbba98ac7f465f18e4a037ecacb7063f193bbfa241fd647706c4d658803665a34;0xd0e85c52;0x8c826412L;0.500000;1503140946;1503140947
0;128;8048;0xc66a8c4701562334b8c87f8e3b6c3feb3a0f9242dcc068ed204eb10392dbdf59;0x813b574a8bb04a27bd6b0bbf9504e9c46573111dddfef14295bb651a04223310;0x0c58c43e;0x44c99651L;0.500000;1503140947;1503140947
0;128;8048;0xc66a8c4701562334b8c87f8e3b6c3feb3a0f9242dcc068ed204eb10392dbdf59;0x813b574a8bb04a27bd6b0bbf9504e9c46573111dddfef14295bb651a04223310;0x0c58c43e;0x44c99651L;0.500000;1503140947;1503140948
0;128;8048;0x4ccef5f44af69c350ec09cf0f03791f6a2a81f88d707872845eff1b7f3e48f3f;0x03faceb6477d216c8e8d6371bfc9830c24cd9e59587f486f926cf8eb48fa0761;0xe76a233c;0x6368c05aL;0.500000;1503140948;1503140948
0;128;8048;0x4ccef5f44af69c350ec09cf0f03791f6a2a81f88d707872845eff1b7f3e48f3f;0x03faceb6477d216c8e8d6371bfc9830c24cd9e59587f486f926cf8eb48fa0761;0xe76a233c;0x6368c05aL;0.500000;1503140948;1503140949
0;128;8048;0x87245cc74ae0aaaced904b50f64643386988582ce4f65dd332a4e6c80fca5397;0x124017a4d6f8256662d30dc06024949cbdb7d26b41e248f8ab828e984656b77b;0xc4eb9078;0x6097dcc4L;0.500000;1503140949;1503140950
0;128;8048;0xa87df55b30d38756809c019792b73eec3b1660ed19d013be2a108c3d80c01c28;0x325f819084d6e669250cdbd784352f905d37d2e8b46f4e155715592d66924b0d;0x26d9d349;0xb46f4f15L;0.500000;1503140950;1503140950
0;128;8048;0xa87df55b30d38756809c019792b73eec3b1660ed19d013be2a108c3d80c01c28;0x325f819084d6e669250cdbd784352f905d37d2e8b46f4e155715592d66924b0d;0x26d9d349;0xb46f4f15L;0.500000;1503140950;1503140951
0;128;8048;0xff77ddf1097e3a13143c56d3297c10b31feb9270ccf669ce68822107b6d1d7b5;0x0371ae14ee674cc8b0d4297202167ea77e48207e73f051bd3976eedeffb43d98;0x87dc12a6;0x73e0d1bdL;0.500000;1503140951;1503140951
0;128;8048;0xff77ddf1097e3a13143c56d3297c10b31feb9270ccf669ce68822107b6d1d7b5;0x0371ae14ee674cc8b0d4297202167ea77e48207e73f051bd3976eedeffb43d98;0x87dc12a6;0x73e0d1bdL;0.500000;1503140951;1503140951
0;128;8048;0xff77ddf1097e3a13143c56d3297c10b31feb9270ccf669ce68822107b6d1d7b5;0x0371ae14ee674cc8b0d4297202167ea77e48207e73f051bd3976eedeffb43d98;0x87dc12a6;0x73e0d1bdL;0.500000;1503140952;1503140952
0;128;8048;0xc804c76813d28ef14282ba114006698fea04e8cfcf17ec1d3a15f84204a017cd;0xd3c46146a1f80af3e7b92697b7c08314d378d73e758c60da65b71439822604ba;0xdb3b879c;0x814bf8dcL;0.500000;1503140952;1503140953
0;128;8048;0x55515baa9fd27fd39a829419497744264f1b2c70da57a77346158f7f8e80a6e4;0x85679c4667e3d9714f4134d507484d06ca46b93a14f3bb302ac78c207f2fe7a0;0xd1aaa3be;0x65080809L;0.500000;1503140953;1503140953
