0;128;8048;0x7b0bedcaae6a875455d547730fd5c7a00fbdf9eb7b7d204a7edf14d2028b2f7d;0x8271695b7180570018a71a42719b02ac90cfedd79c96f675aba79222aa76ceef;0x2befc27e;0x5795f3fL;0.500000;1503085016;1503085016
0;128;8048;0x7b0bedcaae6a875455d547730fd5c7a00fbdf9eb7b7d204a7edf14d2028b2f7d;0x8271695b7180570018a71a42719b02ac90cfedd79c96f675aba79222aa76ceef;0x2befc27e;0x5795f3fL;0.500000;1503085016;1503085017
0;128;8048;0xe7dc2b1e912e488f8d2edd43de3ed11731bbd86ec1db6ae7b3f49ca75d042d45;0x65e2d367e26379ab5685be3cc5118c768b8dae1d47f6d57517b43c4ab8b0e60c;0x8637f3c3;0x8742dc0bL;0.500000;1503085017;1503085017
0;128;8048;0xe7dc2b1e912e488f8d2edd43de3ed11731bbd86ec1db6ae7b3f49ca75d042d45;0x65e2d367e26379ab5685be3cc5118c768b8dae1d47f6d57517b43c4ab8b0e60c;0x8637f3c3;0x8742dc0bL;0.500000;1503085017;1503085018
0;128;8048;0x30657889f7fcee9055c056b93afb59be45e7b618dc2438407017252c3ca1ba6d;0x79ca34205a0bfa13be036db42b6a911bd22bb0cf014aa31625095da7cc06457a;0x6705ee94;0xffff91dcL;0.500000;1503085018;1503085018
0;128;8048;0x30657889f7fcee9055c056b93afb59be45e7b618dc2438407017252c3ca1ba6d;0x79ca34205a0bfa13be036db42b6a911bd22bb0cf014aa31625095da7cc06457a;0x6705ee94;0xffff91dcL;0.500000;1503085018;1503085019
0;128;8048;0x551b2eca5661609ae8873f2127fea9ba1842775ad2a0eb10eb7d174ea39dc9f8;0xf67d714cd5f0be5005cdd4f6b9b0939ea27d3d2684ae6a5d7cd253a4bac47478;0xdac03696;0xc4bf7a5dL;0.500000;1503085019;1503085020
0;128;8048;0x08a8b5eb6c1da5be68317b0248f48feaaa478e1b81eb1220ea064c051853f121;0xdc06ee474ce2c12e756423c09f004a7debd8734cfc8db7b9dbd60f3d0db418eb;0xfed84472;0xfdfffff7L;0.500000;1503085020;1503085020
0;128;8048;0x08a8b5eb6c1da5be68317b0248f48feaaa478e1b81eb1220ea064c051853f121;0xdc06ee474ce2c12e756423c09f004a7debd8734cfc8db7b9dbd60f3d0db418eb;0xfed84472;0xfdfffff7L;0.500000;1503085020;1503085021
0;128;8048;0x4010e0b9f69b3ae076c195690bd3925ccadbc7a484253e410c2dbb1005e66d45;0x0f71bbf7b5e47901e5bcc818c2a7efd262d9b71e46c1156e19d7bafe69c8a38e;0xfeb6a3ef;0x89421cebL;0.500000;1503085021;1503085021
0;128;8048;0x4010e0b9f69b3ae076c195690bd3925ccadbc7a484253e410c2dbb1005e66d45;0x0f71bbf7b5e47901e5bcc818c2a7efd262d9b71e46c1156e19d7bafe69c8a38e;0xfeb6a3ef;0x89421cebL;0.500000;1503085022;1503085022
0;128;8048;0xa95de6d80a3ba98c9a444c1b185b7d34f68bc1aef63ba62989f4e2229ad37543;0x759fa4f2854d2033818be904430af533d7524eff4b204997a821e6586e852896;0xa5b21d5e;0xcb315997L;0.500000;1503085022;1503085023
0;128;8048;0xe130510882a87e1a41d2467ca9f7a3d7d3f980c5e7e279768a4d8ea0c9fd35aa;0x4f584941e8c967bb108b764f0dc3331f6e4eac9683caa10db8f158b419f5bc1c;0xdb9e9428;0xffffa221L;0.500000;1503085023;1503085023
0;128;8048;0xe130510882a87e1a41d2467ca9f7a3d7d3f980c5e7e279768a4d8ea0c9fd35aa;0x4f584941e8c967bb108b764f0dc3331f6e4eac9683caa10db8f158b419f5bc1c;0xdb9e9428;0xffffa221L;0.500000;1503085023;1503085024
0;128;8048;0xdb4aad2c81dbba7bc232c6e11acd77331fad2056070de6ed8a02b1a405da85e0;0x3ff29456762f0a9d4655c60eea6d8a05f1052b92c2af6b682ae8695cc47880c4;0x8d00191b;0x2e3914c6L;0.500000;1503085024;1503085025
0;128;8048;0xc87e407b021fd487f350ef27d42c68f5782d3adb6850c4831d199ab41634b8de;0x55ff7fcc03f7759995ae9800a0ba9832f0ed8cb201ca7c23fa57fea38ac1298a;0x0381ca40;0xfbfffb41L;0.500000;1503085025;1503085025
0;128;8048;0xc87e407b021fd487f350ef27d42c68f5782d3adb6850c4831d199ab41634b8de;0x55ff7fcc03f7759995ae9800a0ba9832f0ed8cb201ca7c23fa57fea38ac1298a;0x0381ca40;0xfbfffb41L;0.500000;1503085025;1503085026
0;128;8048;0x1d0531e0999cceda287c6ade49a2a1b04efbea15580433701b42884ea56aa9c2;0xe2395de199baa6ad86be40868d12ae0da923361ad6db3df1e3c9d1bd90e58352;0xcea64e89;0xf6dbbdf1L;0.500000;1503085026;1503085026
0;128;8048;0x1d0531e0999cceda287c6ade49a2a1b04efbea15580433701b42884ea56aa9c2;0xe2395de199baa6ad86be40868d12ae0da923361ad6db3df1e3c9d1bd90e58352;0xcea64e89;0xf6dbbdf1L;0.500000;1503085026;1503085027
0;128;8048;0x8428a0aba995368e2ad7e3bacf47ac9bff702702744264cffd7f9c797c30a400;0x84a1e276dd9f30bc3706d38755c0421d3d1bc5ea354b81d45e3d2e728f6890b5;0xe173a58e;0xfba1483aL;0.500000;1503085027;1503085027
