0;128;8048;0x0fdb143ff3a7e8fb7bf4627491eb99b6777ef1b8d173bbf0ced4fd4e67db5676;0x3d5858d0b8a3627886aef5a3d00c9acf654b944d4d9788fdef4a8f8ff3486cb1;0x1ec9c9a9;0xb4052458L;0.500000;1503186299;1503186299
0;128;8048;0x0fdb143ff3a7e8fb7bf4627491eb99b6777ef1b8d173bbf0ced4fd4e67db5676;0x3d5858d0b8a3627886aef5a3d00c9acf654b944d4d9788fdef4a8f8ff3486cb1;0x1ec9c9a9;0xb4052458L;0.500000;1503186299;1503186300
0;128;8048;0x7f081456433f7a72ac9c10d6bfe18de4ef8b9d44a6227e169b54019b12b8df91;0x4574ca3602423615de0cd8266adda86b5faa7a91834cac3ddaaf7c67f906e494;0x810654ad;0x438b986L;0.500000;1503186300;1503186300
0;128;8048;0x7f081456433f7a72ac9c10d6bfe18de4ef8b9d44a6227e169b54019b12b8df91;0x4574ca3602423615de0cd8266adda86b5faa7a91834cac3ddaaf7c67f906e494;0x810654ad;0x438b986L;0.500000;1503186300;1503186301
0;128;8048;0xc551cf40278dfe5ec4054154f9a63554691a7af2fb15fadfdf574145869db94b;0x4df0c4cebe42442bfef7992d21404e3530fc8c84e7e18d70e71807f9147bdef4;0x3cea4dc0;0x446d2183L;0.500000;1503186301;1503186301
0;128;8048;0xc551cf40278dfe5ec4054154f9a63554691a7af2fb15fadfdf574145869db94b;0x4df0c4cebe42442bfef7992d21404e3530fc8c84e7e18d70e71807f9147bdef4;0x3cea4dc0;0x446d2183L;0.500000;1503186301;1503186302
0;128;8048;0xc934a713ad04a09903755b0041d29169a130b7a1286f4419a7b9d41d405d1c0a;0xaa7f1cbe43a9a386c3fe69def8de6f8ee3b82e3a10658ad047dbcf3ae0d05524;0x1883da98;0xefffffbfL;0.500000;1503186302;1503186302
0;128;8048;0xc934a713ad04a09903755b0041d29169a130b7a1286f4419a7b9d41d405d1c0a;0xaa7f1cbe43a9a386c3fe69def8de6f8ee3b82e3a10658ad047dbcf3ae0d05524;0x1883da98;0xefffffbfL;0.500000;1503186303;1503186303
0;128;8048;0x6c8f94bd1b2aa8647d14a2f468765956a5498419ab840ae1ffefd15473ee2ee0;0x9bb7c0d0556b0dfd5af108e7b9397bb6b91c1126a8889c892bc943fb4aaba7ce;0x683aead9;0x7b6effbcL;0.500000;1503186303;1503186303
0;128;8048;0x6c8f94bd1b2aa8647d14a2f468765956a5498419ab840ae1ffefd15473ee2ee0;0x9bb7c0d0556b0dfd5af108e7b9397bb6b91c1126a8889c892bc943fb4aaba7ce;0x683aead9;0x7b6effbcL;0.500000;1503186303;1503186304
0;128;8048;0xbfef29d7cba1f2903866196f8d1e7931997e9d60722f7b589f25843f9c73385b;0xad100a283300acd0a4f25b909e34ef73dd251c0bf0a6a29c71aedebd382d03ac;0xa7e72b3d;0xda0f0146L;0.500000;1503186304;1503186304
0;128;8048;0xbfef29d7cba1f2903866196f8d1e7931997e9d60722f7b589f25843f9c73385b;0xad100a283300acd0a4f25b909e34ef73dd251c0bf0a6a29c71aedebd382d03ac;0xa7e72b3d;0xda0f0146L;0.500000;1503186304;1503186305
0;128;8048;0x92da8ca8d48cfb9098394ed570cb3193e814ee36218f213073d68f6a04b4d496;0xf41c0b3818308860335fab93ccc93424488e518808c49eb77b71bc94a6b94974;0x7c3d2248;0x1528d750L;0.500000;1503186305;1503186305
0;128;8048;0x92da8ca8d48cfb9098394ed570cb3193e814ee36218f213073d68f6a04b4d496;0xf41c0b3818308860335fab93ccc93424488e518808c49eb77b71bc94a6b94974;0x7c3d2248;0x1528d750L;0.500000;1503186305;1503186306
0;128;8048;0x1c05cff418bbeb3b86df2edcd074bfd919bca2d10fa3e840d049e550c624f3e3;0xf917dd271ffcadde7be70f27ce07795cdee8fae74a2efce2f56e0461dd201d32;0x42d656c7;0x4a0efca2L;0.500000;1503186306;1503186306
0;128;8048;0x1c05cff418bbeb3b86df2edcd074bfd919bca2d10fa3e840d049e550c624f3e3;0xf917dd271ffcadde7be70f27ce07795cdee8fae74a2efce2f56e0461dd201d32;0x42d656c7;0x4a0efca2L;0.500000;1503186306;1503186307
1;128;8048;0x3727c9ca547c8b03c49422acf8af7bd4f3301bf45f224de0d422044a71d402a9;0x299fae6983eb8ae50727d2fa27c13fc8d8b89505490295c8318656f83e4e2eb3;0xd572aded;0x490295c8L;0.500000;1503186307;1503186307
1;128;8048;0x3727c9ca547c8b03c49422acf8af7bd4f3301bf45f224de0d422044a71d402a9;0x299fae6983eb8ae50727d2fa27c13fc8d8b89505490295c8318656f83e4e2eb3;0xd572aded;0x490295c8L;0.500000;1503186307;1503186308
0;128;8048;0xd15c201cc81c34bb9ad13340b0eeb3cc2fa40ec6eec92ff168aea9a7b90b208a;0x20146a90b4821cc9b2412feda28b72e85e8de14674ffbbf12ac516e7ba15d2c1;0xe8aeff50;0xd0986bc4L;0.500000;1503186308;1503186308
0;128;8048;0xd15c201cc81c34bb9ad13340b0eeb3cc2fa40ec6eec92ff168aea9a7b90b208a;0x20146a90b4821cc9b2412feda28b72e85e8de14674ffbbf12ac516e7ba15d2c1;0xe8aeff50;0xd0986bc4L;0.500000;1503186308;1503186309
