0;128;8048;0xde17c1b0bc45c7b8c2a056a710b2ebd75f66d299fa79f59797bf16ec4e8f892c;0x63f176caf79ae8082a5afd5915bd06943b231c12fd2beddd11f89194c09d02c6;0x9848a100;0xdbff7fffL;0.500000;1503148300;1503148301
0;128;8048;0x115b257aaa3ea7cd183ce9326cfb41899b239cad84175c21afacc00a9c6a6dad;0xd131af7813c4d6eeba4ab1c108d55fb27471a91abfe621fdcf5b82ebde2e358a;0x526e4ec6;0x86376d98L;0.500000;1503148301;1503148301
0;128;8048;0x115b257aaa3ea7cd183ce9326cfb41899b239cad84175c21afacc00a9c6a6dad;0xd131af7813c4d6eeba4ab1c108d55fb27471a91abfe621fdcf5b82ebde2e358a;0x526e4ec6;0x86376d98L;0.500000;1503148301;1503148302
0;128;8048;0x6a43ab5ec1237845866fb694ed9c1abe04a15c7bbcf097e3420417c6b90baf23;0x393ed90596c4b061905ad2dbc3f23accaf7e7de238fdef978ab5b85685dc53d8;0x7b3b5875;0xd0850502L;0.500000;1503148302;1503148302
0;128;8048;0x6a43ab5ec1237845866fb694ed9c1abe04a15c7bbcf097e3420417c6b90baf23;0x393ed90596c4b061905ad2dbc3f23accaf7e7de238fdef978ab5b85685dc53d8;0x7b3b5875;0xd0850502L;0.500000;1503148302;1503148303
0;128;8048;0x109f278965adefa21d9f02358e69f74e32386c8fac8a52448d9d60b848bd7f58;0x6eb79543a2d2b585e0640df310ec237cbf10880fb09c0be7a18b530bfee8dc0e;0xa95e0e9b;0x577fff7eL;0.500000;1503148303;1503148303
0;128;8048;0x109f278965adefa21d9f02358e69f74e32386c8fac8a52448d9d60b848bd7f58;0x6eb79543a2d2b585e0640df310ec237cbf10880fb09c0be7a18b530bfee8dc0e;0xa95e0e9b;0x577fff7eL;0.500000;1503148303;1503148304
0;128;8048;0x7998ac43ca37aaa03338e7fd953c6f43bb367e6ea76eaad43d22a132c8e72041;0x26b94f0cda2b9d9f5dd0d94179c825711aad989831ab8f9b5497e1cde0ba3591;0x9da5fee2;0x71ab9f9aL;0.500000;1503148304;1503148304
0;128;8048;0x7998ac43ca37aaa03338e7fd953c6f43bb367e6ea76eaad43d22a132c8e72041;0x26b94f0cda2b9d9f5dd0d94179c825711aad989831ab8f9b5497e1cde0ba3591;0x9da5fee2;0x71ab9f9aL;0.500000;1503148304;1503148305
0;128;8048;0xd8e721342f84b1b76d60dce25747e90e7ccc85c363155fece8a909799cf0ee74;0x71d89c6ac9a67761158d98fd5aac0d35913507173a41d90f19a3527b9926d5af;0x1a69d02a;0xff75ffffL;0.500000;1503148305;1503148305
0;128;8048;0xd8e721342f84b1b76d60dce25747e90e7ccc85c363155fece8a909799cf0ee74;0x71d89c6ac9a67761158d98fd5aac0d35913507173a41d90f19a3527b9926d5af;0x1a69d02a;0xff75ffffL;0.500000;1503148305;1503148305
0;128;8048;0xd8e721342f84b1b76d60dce25747e90e7ccc85c363155fece8a909799cf0ee74;0x71d89c6ac9a67761158d98fd5aac0d35913507173a41d90f19a3527b9926d5af;0x1a69d02a;0xff75ffffL;0.500000;1503148306;1503148306
0;128;8048;0x6a6d1de9f3f3401411ad417e85d44c4f314ea4e53869bfe4a5e2d39cc161852b;0x49260825e6e529be473f29c70bc77092f36e05a95391b710fc4cf6acf5b7cfef;0x3d33f7ba;0xf67fb3beL;0.500000;1503148306;1503148306
0;128;8048;0x6a6d1de9f3f3401411ad417e85d44c4f314ea4e53869bfe4a5e2d39cc161852b;0x49260825e6e529be473f29c70bc77092f36e05a95391b710fc4cf6acf5b7cfef;0x3d33f7ba;0xf67fb3beL;0.500000;1503148307;1503148307
0;128;8048;0xb689088889d3ec2b48b089c9ccdb71345aa3114706646ef92416e84c03f60eb9;0xfe78656238ffe40ab84d2d51a384a167bc3cdf319bdc1777323d6f928908fa20;0xa4594da4;0x1bdc1777L;0.500000;1503148307;1503148307
0;128;8048;0xb689088889d3ec2b48b089c9ccdb71345aa3114706646ef92416e84c03f60eb9;0xfe78656238ffe40ab84d2d51a384a167bc3cdf319bdc1777323d6f928908fa20;0xa4594da4;0x1bdc1777L;0.500000;1503148307;1503148308
0;128;8048;0x5a5691d6c6696c5f0afc348a6c843b6fd20bed3109bc292ae6f2f40a3cf35796;0xce919ee71e50246e77a0ac6ac84582bcd8f1c61c7d988707823761ad7a266a19;0xdf6318a2;0xffefcff6L;0.500000;1503148308;1503148308
0;128;8048;0x5a5691d6c6696c5f0afc348a6c843b6fd20bed3109bc292ae6f2f40a3cf35796;0xce919ee71e50246e77a0ac6ac84582bcd8f1c61c7d988707823761ad7a266a19;0xdf6318a2;0xffefcff6L;0.500000;1503148309;1503148309
0;128;8048;0x2be5b54d488b60c4788fd6646a5a43f133d9e15e976c9dad60d72f168e8c9fba;0x83f76302413bf7a8af0f558b1a234bb451804356ee87b81bc0b655506c1c1361;0x6309f138;0x7c841150L;0.500000;1503148309;1503148310
0;128;8048;0x7239f613379033d4fac00ba3fa8217972249b31f132d0e756b2213d0ab6e661d;0xed65190be11152741ecef3a83f7dc04d7e9b773219992b3462bd6a37e24326ab;0x9f98a905;0x44f017d8L;0.500000;1503148310;1503148310
