0;128;8048;0x688fad8f7add8aace312a7b81415b8e24822f15742259f99f2c9805896ea40ff;0x0bfddfdf8894b18d4806e1cee18ad1b052909fb462af464c4ed225db5ffc1c62;0x60d83c8d;0xfafadbfdL;0.500000;1503079064;1503079064
0;128;8048;0x688fad8f7add8aace312a7b81415b8e24822f15742259f99f2c9805896ea40ff;0x0bfddfdf8894b18d4806e1cee18ad1b052909fb462af464c4ed225db5ffc1c62;0x60d83c8d;0xfafadbfdL;0.500000;1503079064;1503079065
0;128;8048;0x136e15e6ea721b6ba4ff872b1140de53e96cf3a2797e4f34addaa8bea13021b4;0xd3c1e9a8345087265c2df64c13c7abdfc6cd523249e8214f9e86b16efdc6d596;0x85069bfd;0x49e9214fL;0.500000;1503079065;1503079066
0;128;8048;0x506626834b6cbd974809d5be7b8879c3e6039089154d78662837bd22a027d5f0;0xdbefc224fe27caa70c60c37f980d7209fce842b0df8ae85767458048cf3804a7;0xd31d5913;0xbffffff3L;0.500000;1503079066;1503079066
0;128;8048;0x506626834b6cbd974809d5be7b8879c3e6039089154d78662837bd22a027d5f0;0xdbefc224fe27caa70c60c37f980d7209fce842b0df8ae85767458048cf3804a7;0xd31d5913;0xbffffff3L;0.500000;1503079066;1503079067
0;128;8048;0x6327f040ef49ff34e92ecd4e437a76bac8d30327694ab0f0dc2391a18cc919f0;0x3ec7d5979b8d66ee9e3e8aa5b1e522648870f66a3931a9f3fd2717e6826e9aae;0xa13c64af;0xbeffbff7L;0.500000;1503079067;1503079068
0;128;8048;0x20cf0528bb06b3c12fcd95df8a7e45ef2159196417e0862a8d1d10ca1ccc363d;0x8a36d69b3b3e6325c459487d8d74f5439e0c4c1ab35cee1bc9b70f121b1b608c;0x2072dd34;0x153007bbL;0.500000;1503079068;1503079068
0;128;8048;0x20cf0528bb06b3c12fcd95df8a7e45ef2159196417e0862a8d1d10ca1ccc363d;0x8a36d69b3b3e6325c459487d8d74f5439e0c4c1ab35cee1bc9b70f121b1b608c;0x2072dd34;0x153007bbL;0.500000;1503079068;1503079069
0;128;8048;0xcc08590c953f51c17c93bdcfa0e37b9ec301d91a8d67101ff76aa3f3ec2258b9;0x6eb8d1c387476a655f05f1610668d99829e890dfe768a5dcf5d29f7a475667e1;0x1266183a;0xc1324462L;0.500000;1503079069;1503079070
0;128;8048;0x4ad7d0394b037fb8758994281483e1a864e48cbd5e9139fe61c8c0750aa85e54;0xf11628f6b1d38821894c79fb58c31c30eee47805b5be90db6f00a3ab349c4360;0x8205563b;0xf7fdf7ffL;0.500000;1503079070;1503079070
0;128;8048;0x4ad7d0394b037fb8758994281483e1a864e48cbd5e9139fe61c8c0750aa85e54;0xf11628f6b1d38821894c79fb58c31c30eee47805b5be90db6f00a3ab349c4360;0x8205563b;0xf7fdf7ffL;0.500000;1503079070;1503079071
0;128;8048;0xe47c9a5a4718f0707d01ef8d70aff9c1d9e0757f1d707e06390ea94693779077;0xb9ea5f5bfb9543456e088f16879d3cb52e8a1c0adf13b7b11885403edec84c89;0x2c4bcc79;0xfffffbe7L;0.500000;1503079071;1503079072
0;128;8048;0x560bab597de442ce6b5b8802d8f0bb9c1b15b54b751708aea5a8c121d7e4c02e;0xa16938979998875163784837cfa7e074efe9b596949dc3871971cabb78a14c01;0x6d7dd7df;0x13a10e53L;0.500000;1503079072;1503079072
0;128;8048;0x560bab597de442ce6b5b8802d8f0bb9c1b15b54b751708aea5a8c121d7e4c02e;0xa16938979998875163784837cfa7e074efe9b596949dc3871971cabb78a14c01;0x6d7dd7df;0x13a10e53L;0.500000;1503079072;1503079073
0;128;8048;0xa2930cd74f92b08ed22b00256a5cdc1a5416e3c2f901c0a70e362d79517b6af3;0x6ddee4b4ba3f0f738b837c9d21534b400fdb4b149f8e3e2a10dbae9dc5aaa72f;0x06daa192;0x27920762L;0.500000;1503079073;1503079074
0;128;8048;0x0806aca299ecac473da8fe5c172a4e477da466127976e5151c1c23ae170f4e1f;0x72e88f5b507ca3ed0cbb07eff2cb1409bb645df800413942dbfb7c40da10266e;0x4d4990e7;0x2413942L;0.500000;1503079074;1503079074
0;128;8048;0x0806aca299ecac473da8fe5c172a4e477da466127976e5151c1c23ae170f4e1f;0x72e88f5b507ca3ed0cbb07eff2cb1409bb645df800413942dbfb7c40da10266e;0x4d4990e7;0x2413942L;0.500000;1503079074;1503079075
0;128;8048;0x01220632b7de8fe519beec4088e84a23d4cfc09fb38a167b7798827ed1fd99d2;0xd5125b7a6f5145ae55829b5b32e5063f0abc2c5f63984f6fc6d8708391c2aac9;0x4502bfe1;0xc3045c6L;0.500000;1503079075;1503079076
0;128;8048;0x2b8fd1cdc9810b8704c08736788932badc5024803e6cf1a0af902ef9b1f3c6dc;0x8b8bbb06fd08af5d8a3c56ad42103946a07dc96a07bb26e4e71973401620b342;0x59156306;0x42108332L;0.500000;1503079076;1503079076
0;128;8048;0x2b8fd1cdc9810b8704c08736788932badc5024803e6cf1a0af902ef9b1f3c6dc;0x8b8bbb06fd08af5d8a3c56ad42103946a07dc96a07bb26e4e71973401620b342;0x59156306;0x42108332L;0.500000;1503079077;1503079077
