0;128;8048;0x03ca1d45e8031ebd8febd48856de7eb08f1c91dff657189e579ab4e39941be9d;0x585c0e6e6bb4c8d2a520c7d24ca6e4bc21c17c35b0985f4e52cdd50c8c527a1a;0xf406ae0d;0xbe284640L;0.500000;1503080536;1503080537
0;128;8048;0xca8bed61dfc97bb72a454c9c285b598faaa3571cc06c6a9de6ee373eec9f20b6;0x5af7543e8f38af9ac2d9ecf6e7d738eb55a6a708a9cf83b1d5a7e0a780af615f;0x57d0ff00;0xf797cf6fL;0.500000;1503080537;1503080537
0;128;8048;0xca8bed61dfc97bb72a454c9c285b598faaa3571cc06c6a9de6ee373eec9f20b6;0x5af7543e8f38af9ac2d9ecf6e7d738eb55a6a708a9cf83b1d5a7e0a780af615f;0x57d0ff00;0xf797cf6fL;0.500000;1503080537;1503080538
0;128;8048;0x209a8863bd13302d30598c0b3d68b308d458cf04769cb56cabfa4470f2cdfc12;0x12b3cf72701dac9744ee0a085370c630c1bd089a8f84127882500d4782007a19;0xef293df1;0x878412f8L;0.500000;1503080538;1503080538
0;128;8048;0x209a8863bd13302d30598c0b3d68b308d458cf04769cb56cabfa4470f2cdfc12;0x12b3cf72701dac9744ee0a085370c630c1bd089a8f84127882500d4782007a19;0xef293df1;0x878412f8L;0.500000;1503080538;1503080539
0;128;8048;0xc9266464593017657617790007d348be1796b9de8b89270d2f9112623230defc;0x60524375ad6f69e56bea1e46581c66c2a131ad91fd5316e9c23fce41f852fde6;0x8a629c92;0xfd7706e9L;0.500000;1503080539;1503080539
0;128;8048;0xc9266464593017657617790007d348be1796b9de8b89270d2f9112623230defc;0x60524375ad6f69e56bea1e46581c66c2a131ad91fd5316e9c23fce41f852fde6;0x8a629c92;0xfd7706e9L;0.500000;1503080539;1503080540
0;128;8048;0xc85d733cb571f0155bc0aa310517b337831428b00fc8437ebb3f1d2b599b8021;0x8148d2d15c377c022d1704d223ccb0e216feaf8f2ba621344f20ce1ddfa1f8d4;0x20c16c60;0xbccda0caL;0.500000;1503080540;1503080541
0;128;8048;0x47ecc52c585d4b7dd2591952b89641270639e4ca8b06105fb7056bfaf29f4b39;0xe42e34d307cb3399b304e7e2bd147ccd906a0d8b577dc7a33344064eea21aa86;0x0a4d42a4;0x3f7dc7a3L;0.500000;1503080541;1503080541
0;128;8048;0x47ecc52c585d4b7dd2591952b89641270639e4ca8b06105fb7056bfaf29f4b39;0xe42e34d307cb3399b304e7e2bd147ccd906a0d8b577dc7a33344064eea21aa86;0x0a4d42a4;0x3f7dc7a3L;0.500000;1503080542;1503080542
0;128;8048;0x9da565ea972722aa1a4cd19ad6052faec72e57dd6533a77060a43296d61f2f73;0x75277505cc3c08a0e007c8bae523a566c68d63fb2d5f4f3f8726ef0006dc81ab;0x25699a3e;0x1583251L;0.500000;1503080542;1503080543
0;128;8048;0x9e5eeb51fad6af8b9002f527480a202a93d16b81d3c45128dfb1effb6ce7ac0b;0x6bdc3f2831f00891a544e6faeb3407abedb57fba6bb7d230e9bcd981dae638b5;0x4d82f8a5;0xfffd248fL;0.500000;1503080543;1503080543
0;128;8048;0x9e5eeb51fad6af8b9002f527480a202a93d16b81d3c45128dfb1effb6ce7ac0b;0x6bdc3f2831f00891a544e6faeb3407abedb57fba6bb7d230e9bcd981dae638b5;0x4d82f8a5;0xfffd248fL;0.500000;1503080544;1503080544
0;128;8048;0xe019231b771f21327b3126b613d2fb92ff46f782d6fde2d8e816874b74793154;0x68ee1079f6658d556a902dcd3ba90fa5ecf6c98441cdce5f2c53e3359071833e;0x6c0c2494;0xd1043c0bL;0.500000;1503080544;1503080545
0;128;8048;0x34881d4a2df42c7a1486ea1e415d67dde602cf191a3973152880cb75291da35d;0xf20c104b345821ec3748f10c3b3f1069170260754e974b718864d1e864dd407b;0x919d1552;0x4e966b79L;0.500000;1503080545;1503080545
0;128;8048;0x34881d4a2df42c7a1486ea1e415d67dde602cf191a3973152880cb75291da35d;0xf20c104b345821ec3748f10c3b3f1069170260754e974b718864d1e864dd407b;0x919d1552;0x4e966b79L;0.500000;1503080545;1503080546
0;128;8048;0xabdf83db34a95d17f5043483cb5ed9dc939b6fa14b45e6c8e5655284dae13086;0xa562e69cec6b6bd60612923f57e6a80386bb4d16acd347099a7f998869edffd0;0xeebcb60e;0x8cca8c9bL;0.500000;1503080546;1503080547
0;128;8048;0x555d9a02f3f51ddb535c054c26ee7afb814ffbcd381f894db5ccf3868cbdbce1;0xf3cfc0c29d62a89c40c9a8b75d5a2507067e6bdb423e53ad3584574e7c9c3a64;0x1b319d6a;0x32044306L;0.500000;1503080547;1503080547
0;128;8048;0x555d9a02f3f51ddb535c054c26ee7afb814ffbcd381f894db5ccf3868cbdbce1;0xf3cfc0c29d62a89c40c9a8b75d5a2507067e6bdb423e53ad3584574e7c9c3a64;0x1b319d6a;0x32044306L;0.500000;1503080547;1503080548
0;128;8048;0x7e2666856916db4a471b57d2040b49f2aaca802c3b1c20bf753f6a72801d14fe;0xa1e27ced0ddced316f992d9c1f4de99991901b01ee9ff67670c7a33347b33a82;0x198f0ef3;0xc58a02a9L;0.500000;1503080548;1503080549
