0;128;8048;0xfc4854cf39fa60a1eebecf3e2dd926bdf68c59103a201f322d98a0ad736d7a70;0xd6d46ce92fcd9e58ffd60eb9f7006572f2cbc5bd74ba7d856862cb49049d3c88;0xe569647c;0xf9ffff47L;0.500000;1503245685;1503245686
0;128;8048;0x1dc0b5b5e2e17d4ce0690c423d4a284b4a3465d6f0c3c3cd390176dc9e71a3bc;0xb9f20f815de289f39d5c7a0aeb008a82701cfa88ee3fb098a98a8ecff673d94e;0xa14ff202;0x2644acd9L;0.500000;1503245686;1503245686
0;128;8048;0x1dc0b5b5e2e17d4ce0690c423d4a284b4a3465d6f0c3c3cd390176dc9e71a3bc;0xb9f20f815de289f39d5c7a0aeb008a82701cfa88ee3fb098a98a8ecff673d94e;0xa14ff202;0x2644acd9L;0.500000;1503245686;1503245687
0;128;8048;0x9375adec12824f85f6c8e679a0333fbad51f489af6020f657353206222504ab6;0x3deeac2ce1b773118d2cbc28a68579c30e3ed56dc33a3ab435ee2d60e2e8b1a1;0x6060a365;0xfefb7fffL;0.500000;1503245687;1503245687
0;128;8048;0x9375adec12824f85f6c8e679a0333fbad51f489af6020f657353206222504ab6;0x3deeac2ce1b773118d2cbc28a68579c30e3ed56dc33a3ab435ee2d60e2e8b1a1;0x6060a365;0xfefb7fffL;0.500000;1503245687;1503245688
0;128;8048;0x7bc93240449d4f98d12c22aa7462f2f15ba9270ffc2935518a0ebb84fa3d8376;0x4cf1c3c64f113577798fedb3c09325a08d3b703e576c6655206240d2d3852b10;0x9bd51164;0xfff2f7ffL;0.500000;1503245688;1503245688
0;128;8048;0x7bc93240449d4f98d12c22aa7462f2f15ba9270ffc2935518a0ebb84fa3d8376;0x4cf1c3c64f113577798fedb3c09325a08d3b703e576c6655206240d2d3852b10;0x9bd51164;0xfff2f7ffL;0.500000;1503245688;1503245689
0;128;8048;0x2c4f82e9257cc2cd534a26f51df896441f604b6d41f20f72a4ca5777be84b9ea;0x6f3d226449e66166269f2e814357362225f2ba285d96336fd50c85bef9c01a61;0x2eb6e264;0x814045ebL;0.500000;1503245689;1503245689
0;128;8048;0x2c4f82e9257cc2cd534a26f51df896441f604b6d41f20f72a4ca5777be84b9ea;0x6f3d226449e66166269f2e814357362225f2ba285d96336fd50c85bef9c01a61;0x2eb6e264;0x814045ebL;0.500000;1503245689;1503245690
0;128;8048;0xaeb971a75132c52dac6127d5d222580fc3d3c35f902f065ffba3417f81e7832f;0xb9cad28316492811a7f809c5ee2612c999b1e35e2a9bca5fb87cff0a080e9391;0x3cbb0084;0x3a8bca5fL;0.500000;1503245690;1503245691
0;128;8048;0x9e614c9f4d1d43178bf31ad514a75ee396341dc5c91dec3479fcb1722f2124ce;0x822e3c3394dc6e2ee9d332f040b6f5c234923042e00ed08b889b21b16e644d86;0xa2868a6e;0x51abdcedL;0.500000;1503245691;1503245691
0;128;8048;0x9e614c9f4d1d43178bf31ad514a75ee396341dc5c91dec3479fcb1722f2124ce;0x822e3c3394dc6e2ee9d332f040b6f5c234923042e00ed08b889b21b16e644d86;0xa2868a6e;0x51abdcedL;0.500000;1503245691;1503245692
0;128;8048;0x01ded5cee9049218a9b1352ed3c3eb5f4f03ecaee2bf828956c16014a669fca7;0xc4ea5bd9fb9ce9e665c1aaee7e67cb21ffa526dd7b5c7a201e83657df5c5a49e;0x32284616;0x8f7086c3L;0.500000;1503245692;1503245692
0;128;8048;0x01ded5cee9049218a9b1352ed3c3eb5f4f03ecaee2bf828956c16014a669fca7;0xc4ea5bd9fb9ce9e665c1aaee7e67cb21ffa526dd7b5c7a201e83657df5c5a49e;0x32284616;0x8f7086c3L;0.500000;1503245692;1503245693
0;128;8048;0x05b4124bc29869d8c1e4ca78ad63c2df0b47fbee2eb5e699964cae1d8663fd8b;0x5e04839742311f3193f6bd2998d57f50ee65c109d38389d2365b7edf1fc9abc8;0x68d47a81;0x3e0fbc64L;0.500000;1503245693;1503245693
0;128;8048;0x05b4124bc29869d8c1e4ca78ad63c2df0b47fbee2eb5e699964cae1d8663fd8b;0x5e04839742311f3193f6bd2998d57f50ee65c109d38389d2365b7edf1fc9abc8;0x68d47a81;0x3e0fbc64L;0.500000;1503245693;1503245694
0;128;8048;0x3a33a5b84fdd9b7ee7f2785a3775b57a0492d3d17c9116638defc43945783b7f;0x3219d6a689540a09f1033ed18a7d1b4cfaa4449d954077a00f933f9c862f3e4a;0x144478c9;0x112c6baL;0.500000;1503245694;1503245694
0;128;8048;0x3a33a5b84fdd9b7ee7f2785a3775b57a0492d3d17c9116638defc43945783b7f;0x3219d6a689540a09f1033ed18a7d1b4cfaa4449d954077a00f933f9c862f3e4a;0x144478c9;0x112c6baL;0.500000;1503245694;1503245695
0;128;8048;0x5ed654a0ffb08ce2aa56bb924da538dd5668b65df333d5529ed31bf81b874e79;0xb079b045b381a60b3e16b5ef3ec20698fb9f8e0b6b151938bd457e99daee0a6e;0xae23bad2;0x79e8c43cL;0.500000;1503245695;1503245695
0;128;8048;0x5ed654a0ffb08ce2aa56bb924da538dd5668b65df333d5529ed31bf81b874e79;0xb079b045b381a60b3e16b5ef3ec20698fb9f8e0b6b151938bd457e99daee0a6e;0xae23bad2;0x79e8c43cL;0.500000;1503245696;1503245696
