0;128;8048;0xe81bce3dfbb694a017f4b6d5ba2ce827aaed39361a62da0a20d9ad27c0b870a8;0x0300e8edb58943b616edc8be06d5057284b769e5cb34560f94ce4eceda35b3af;0x9e52e2de;0x13a84f0L;0.500000;1503149498;1503149499
0;128;8048;0x0cb99f64f33e6bc9268c4841cbc05c6f2a90b3e9ed3c75ed27f3464f61b06e6d;0x5cd69a6e8ec8faa8eae6bbc200c5e7ef23625816f4949bfa50b582409a4aad22;0x38d06546;0x8712e291L;0.500000;1503149499;1503149499
0;128;8048;0x0cb99f64f33e6bc9268c4841cbc05c6f2a90b3e9ed3c75ed27f3464f61b06e6d;0x5cd69a6e8ec8faa8eae6bbc200c5e7ef23625816f4949bfa50b582409a4aad22;0x38d06546;0x8712e291L;0.500000;1503149499;1503149500
0;128;8048;0x40dec85562c10b2395dc32b3e1936fdd112241879c4703e6d61eab6e7a6680ba;0x6ca86f21092ce9dc80368c197bb0c39549782aa978307a23c351e68a57c42429;0xb099dcef;0xfffd3f53L;0.500000;1503149500;1503149500
0;128;8048;0x40dec85562c10b2395dc32b3e1936fdd112241879c4703e6d61eab6e7a6680ba;0x6ca86f21092ce9dc80368c197bb0c39549782aa978307a23c351e68a57c42429;0xb099dcef;0xfffd3f53L;0.500000;1503149500;1503149501
0;128;8048;0x8d5c687635012f800e8de4cc0e066b8243f6f2667a916afe9d0c5fb32df3a3ba;0xebf888d45feca930876af02042bcc2d52b430d65bda6d75f941f8f2e11a75c4e;0xaadee9f6;0xa5a6d75fL;0.500000;1503149501;1503149501
0;128;8048;0x8d5c687635012f800e8de4cc0e066b8243f6f2667a916afe9d0c5fb32df3a3ba;0xebf888d45feca930876af02042bcc2d52b430d65bda6d75f941f8f2e11a75c4e;0xaadee9f6;0xa5a6d75fL;0.500000;1503149501;1503149502
0;128;8048;0x0a5402f4a22f1f271f3308b5802057452692a8a7f7d6c9214e49b1f316970620;0x5bde1f0573842b44d25a992be1e57e76ec150d7547e13ab8293b0d6c7c382221;0x7778c653;0x268a160eL;0.500000;1503149502;1503149502
0;128;8048;0x0a5402f4a22f1f271f3308b5802057452692a8a7f7d6c9214e49b1f316970620;0x5bde1f0573842b44d25a992be1e57e76ec150d7547e13ab8293b0d6c7c382221;0x7778c653;0x268a160eL;0.500000;1503149502;1503149503
0;128;8048;0xb9111983eaad9e9919ea8f5c61a6979347fae516ee58db78ac4bb43e1311b4cd;0x3b0beaf73c38c403fe88aaac853a5f4b02509cec18b0b2c1fd6396452a05884d;0x6f8ac907;0x8a5d76d8L;0.500000;1503149503;1503149504
0;128;8048;0x7572dee9a42480c30890808c01e710c458761d2c75288d424d93d0144ba78fc0;0x23828e476a95a34f6ff65c6ebc0852eb1de194cc9dbc373575eb6c1e492029d4;0x629331f1;0x9dac3735L;0.500000;1503149504;1503149504
0;128;8048;0x7572dee9a42480c30890808c01e710c458761d2c75288d424d93d0144ba78fc0;0x23828e476a95a34f6ff65c6ebc0852eb1de194cc9dbc373575eb6c1e492029d4;0x629331f1;0x9dac3735L;0.500000;1503149504;1503149505
0;128;8048;0x7c2a9b16346481e72fb0eacd7a0ed8ce458e45e45e2bca41fd40400eab68ec27;0xd0b35502903ac8ab80097851c12818e75ca8440dedc5ef815a3918185533d751;0xc74a95b0;0xc95e0d50L;0.500000;1503149505;1503149505
0;128;8048;0x7c2a9b16346481e72fb0eacd7a0ed8ce458e45e45e2bca41fd40400eab68ec27;0xd0b35502903ac8ab80097851c12818e75ca8440dedc5ef815a3918185533d751;0xc74a95b0;0xc95e0d50L;0.500000;1503149506;1503149506
0;128;8048;0x04bdd9d995d45fdf6578acb5ef5fb5627e4b4e10d1d497616b9ee5f9fd781701;0x867f0cca6425389ba86a0ac92ceccdb9838dbed4eb565768a3f38b8671156c01;0xa556dfe8;0xeb775760L;0.500000;1503149506;1503149507
0;128;8048;0x675319410c758229e62a9e5171b694bde86f4edf91f89b3604274ee13eb28aa5;0xace214e7d54b74cdf435ff473e3e2270018b1f0b463759499f56e0881bd3d19b;0x059f935b;0x77355949L;0.500000;1503149507;1503149507
0;128;8048;0x675319410c758229e62a9e5171b694bde86f4edf91f89b3604274ee13eb28aa5;0xace214e7d54b74cdf435ff473e3e2270018b1f0b463759499f56e0881bd3d19b;0x059f935b;0x77355949L;0.500000;1503149507;1503149508
0;128;8048;0xbc5b3ca882b1d33ee8360b8eef446fdd2f192f134ddd4a0ed74f24e98a664c46;0xf2a1072114dc9dc1f3f4e3d0bc7495412dfdb3dd18c173bf057b449c269ef5fd;0x63b84521;0xffffffffL;0.500000;1503149508;1503149508
0;128;8048;0xbc5b3ca882b1d33ee8360b8eef446fdd2f192f134ddd4a0ed74f24e98a664c46;0xf2a1072114dc9dc1f3f4e3d0bc7495412dfdb3dd18c173bf057b449c269ef5fd;0x63b84521;0xffffffffL;0.500000;1503149508;1503149509
0;128;8048;0xee7d8d160bf1f03b567942f9d96865aef84020f782931b69d13451e2ca41c8b9;0x7f4083a6fbb2beda12e029c76f5060d701b3ef140f6b3b780a8ee7fd0f5b04dd;0xc885d42f;0x7fbbeeffL;0.500000;1503149509;1503149509
