0;128;8048;0x3e0b9ad8a2a116212e00ed7b92903edbb9e5b0eb3ee422c2760578e5f67d8c35;0xa7d2a2ed333fb7a898bcc52d9c9116082a639c27cc5c9d256ee6f4a63ec2e9d8;0xf794e7ab;0xcc1cdd2dL;0.500000;1503193431;1503193431
0;128;8048;0x3e0b9ad8a2a116212e00ed7b92903edbb9e5b0eb3ee422c2760578e5f67d8c35;0xa7d2a2ed333fb7a898bcc52d9c9116082a639c27cc5c9d256ee6f4a63ec2e9d8;0xf794e7ab;0xcc1cdd2dL;0.500000;1503193431;1503193432
0;128;8048;0xe688c805f414e2e75fd983df1c8c70f7e24f3bc025160991e8f57620ce4f26b5;0xc7e9fc829aef9c973a26ea8f75218f4fd40165781bceb288eab731891810f72b;0xe249911f;0x7dca4492L;0.500000;1503193432;1503193432
0;128;8048;0xe688c805f414e2e75fd983df1c8c70f7e24f3bc025160991e8f57620ce4f26b5;0xc7e9fc829aef9c973a26ea8f75218f4fd40165781bceb288eab731891810f72b;0xe249911f;0x7dca4492L;0.500000;1503193432;1503193433
0;128;8048;0x449846ed0e8e0500136d2ef676c242d4dca6ef6ce1ea4727a729d39288d44acd;0x895ec33501d78004006a4c8b42b0d37cfdefbf737b580d4c6eabed8c2888bb54;0xbcb2f3ac;0xff7fffffL;0.500000;1503193433;1503193433
0;128;8048;0x449846ed0e8e0500136d2ef676c242d4dca6ef6ce1ea4727a729d39288d44acd;0x895ec33501d78004006a4c8b42b0d37cfdefbf737b580d4c6eabed8c2888bb54;0xbcb2f3ac;0xff7fffffL;0.500000;1503193433;1503193434
0;128;8048;0x0f412cc0bc35f0a310373280b754f39f61f619bcc70c880a4b1a2778918419a1;0xc47b84fa34d901bbe7773b443b30daabdf225c1c2d6216ca1e27964baa9fe3e9;0x5c1b0d20;0xd6217daL;0.500000;1503193434;1503193434
0;128;8048;0x0f412cc0bc35f0a310373280b754f39f61f619bcc70c880a4b1a2778918419a1;0xc47b84fa34d901bbe7773b443b30daabdf225c1c2d6216ca1e27964baa9fe3e9;0x5c1b0d20;0xd6217daL;0.500000;1503193434;1503193435
0;128;8048;0x8d9d50f9ae0dac1dfd19fdf45a23c915c03de1cfa562b236e85552f1f4186a82;0x67d08d932b60de897ba67fd2bbb2c7efe4234648b2e017f88eb9b5ced198d214;0xba0ae67d;0xffffb865L;0.500000;1503193435;1503193435
0;128;8048;0x8d9d50f9ae0dac1dfd19fdf45a23c915c03de1cfa562b236e85552f1f4186a82;0x67d08d932b60de897ba67fd2bbb2c7efe4234648b2e017f88eb9b5ced198d214;0xba0ae67d;0xffffb865L;0.500000;1503193435;1503193436
0;128;8048;0x41ec42667d97233ceb825b433a7501682745de8c38978d21f882c51c0f610550;0x0c78c1723c3982383bcc990c70588a834239c8ae0d906b33dc27c9c85a5e0d13;0xe9237d47;0x449e381L;0.500000;1503193436;1503193436
0;128;8048;0x41ec42667d97233ceb825b433a7501682745de8c38978d21f882c51c0f610550;0x0c78c1723c3982383bcc990c70588a834239c8ae0d906b33dc27c9c85a5e0d13;0xe9237d47;0x449e381L;0.500000;1503193436;1503193437
0;128;8048;0xda2b643aaf771191a16aedab1d40ab06d88cea46d278befd7f76fdeb8ebdff68;0x9aede038e0c4e3a9a7e010eb116123671000e5bed30c5abc5d54e445c39a7271;0xb369bf88;0x920746cfL;0.500000;1503193437;1503193437
0;128;8048;0xcc04b0c32c3429aa9d032bafa26e25c2e38aaf80a79861578b99b2e6c4387891;0x6559cced4c657b5eda601b8a548eade1845c14ada2b64d1a4f26ea7bdf2dbf29;0xfa9a8a2d;0xbfbfdeffL;0.500000;1503193438;1503193438
0;128;8048;0xcc04b0c32c3429aa9d032bafa26e25c2e38aaf80a79861578b99b2e6c4387891;0x6559cced4c657b5eda601b8a548eade1845c14ada2b64d1a4f26ea7bdf2dbf29;0xfa9a8a2d;0xbfbfdeffL;0.500000;1503193438;1503193438
0;128;8048;0xcc04b0c32c3429aa9d032bafa26e25c2e38aaf80a79861578b99b2e6c4387891;0x6559cced4c657b5eda601b8a548eade1845c14ada2b64d1a4f26ea7bdf2dbf29;0xfa9a8a2d;0xbfbfdeffL;0.500000;1503193439;1503193439
0;128;8048;0xbfc4bee9b32447919b768ad5d43eab13c03cbc3f498b05a037eed3b9942d7d53;0xe670cfca724665477d266848508d0aef2dc99c8486011d07b226c52f170e08a9;0x54bc72c7;0x8581ec4bL;0.500000;1503193439;1503193440
0;128;8048;0x3593a2be0a11a0d232b787f96a45438ddbd8762ee8a69409a0ed8af336b51f6c;0x468de87dfeb4013f44dcb94049a44c04c5b1122a33d4064ed15ba476c1af4bc3;0x4cdb88c1;0x6a0246e2L;0.500000;1503193440;1503193440
0;128;8048;0x3593a2be0a11a0d232b787f96a45438ddbd8762ee8a69409a0ed8af336b51f6c;0x468de87dfeb4013f44dcb94049a44c04c5b1122a33d4064ed15ba476c1af4bc3;0x4cdb88c1;0x6a0246e2L;0.500000;1503193440;1503193441
0;128;8048;0xd41f1e37a56030343e3b55b0b208382c1810ddcdf6f95cf1d31619a82122f1f5;0x1b31ff46d06f438f7c0c7c101c5d0235258ef6766cda3636dafbfb1959aab021;0x6c59d00d;0x554e49caL;0.500000;1503193441;1503193441
