0;128;8048;0xec0016084fcbaa1fee01e585dfc59d412fd218a43640f7f115c29567fb5662e7;0xe2c626f3a0fd4f56d255057087731a24945c6781b5b1a7912406477fa83b36b2;0x7727c921;0x4c086010L;0.500000;1503074896;1503074897
0;128;8048;0xefc4a77423badffbef8db1dbc40c4bdfa34e2fa1de85fa2323070afe8a15fc79;0x07fa24a4d30f54991447952ab205ea79c3ff40449bf6103777d8c6b43f7d4ecc;0x1e35a5a0;0xff7bfd7fL;0.500000;1503074897;1503074897
0;128;8048;0xefc4a77423badffbef8db1dbc40c4bdfa34e2fa1de85fa2323070afe8a15fc79;0x07fa24a4d30f54991447952ab205ea79c3ff40449bf6103777d8c6b43f7d4ecc;0x1e35a5a0;0xff7bfd7fL;0.500000;1503074897;1503074898
0;128;8048;0xef10c36dda4a08850cf8c66eb28f5bf220f442f9d0fa15cbdf526cc2f0388fe0;0x64cbc1ec4f572bab8c1ff2c3abeb628ea9d4665c158706c04b6fe54fa4873701;0x7dc2331d;0xbfe7fffbL;0.500000;1503074898;1503074898
0;128;8048;0xef10c36dda4a08850cf8c66eb28f5bf220f442f9d0fa15cbdf526cc2f0388fe0;0x64cbc1ec4f572bab8c1ff2c3abeb628ea9d4665c158706c04b6fe54fa4873701;0x7dc2331d;0xbfe7fffbL;0.500000;1503074898;1503074899
0;128;8048;0xfce7c45e8ea1d5b546b9ad91a700d39cdf2eb99410f56c11c3788fc73e64ec3a;0xffc61d418ba6d36f9f7b61b5427f24171c3c30a2587d3391b7b7bfe6c8a495d0;0x4919ab76;0xfff7ffffL;0.500000;1503074899;1503074899
0;128;8048;0xfce7c45e8ea1d5b546b9ad91a700d39cdf2eb99410f56c11c3788fc73e64ec3a;0xffc61d418ba6d36f9f7b61b5427f24171c3c30a2587d3391b7b7bfe6c8a495d0;0x4919ab76;0xfff7ffffL;0.500000;1503074899;1503074900
0;128;8048;0xd2501627f75a98fde91a3a8748fe27874b731b39826704c5fa296447518a5e23;0x9e325f65a7c54aecad0c44049b3d6d882b0aa2332dfffb4544ff289f32f190fa;0xf313bd68;0x2dff2b45L;0.500000;1503074900;1503074900
0;128;8048;0xd2501627f75a98fde91a3a8748fe27874b731b39826704c5fa296447518a5e23;0x9e325f65a7c54aecad0c44049b3d6d882b0aa2332dfffb4544ff289f32f190fa;0xf313bd68;0x2dff2b45L;0.500000;1503074900;1503074901
0;128;8048;0xf9fe5335a07323d036360e3b1240052d67ff2800b372a2bdcec56e30e9371fe3;0x39c409b03632df26d6a4c55da31a4c9545d00dfed30804f748813bdba04c3d72;0xdab0a915;0x1913893fL;0.500000;1503074901;1503074901
0;128;8048;0xf9fe5335a07323d036360e3b1240052d67ff2800b372a2bdcec56e30e9371fe3;0x39c409b03632df26d6a4c55da31a4c9545d00dfed30804f748813bdba04c3d72;0xdab0a915;0x1913893fL;0.500000;1503074901;1503074902
0;128;8048;0x71f23763a1fdcb4b0e3e0d3f0bde001e5132fee28e51f84e80dc8133f89e366a;0x1d04a3616250eec2db2f3e52017af507a3326eb354e9b3883f989795b0756436;0x91783d78;0x11a418eL;0.500000;1503074902;1503074903
0;128;8048;0xdd1a40dc534bf840323ce77d8290bb52cbe36c763cd9a53c14b4b0efed83e7ca;0xd8e7903d80c7733cfe9e5cfd139eb6dda823763e1938c68267693db1b699d810;0x755aee0d;0x2e19708L;0.500000;1503074903;1503074903
0;128;8048;0xdd1a40dc534bf840323ce77d8290bb52cbe36c763cd9a53c14b4b0efed83e7ca;0xd8e7903d80c7733cfe9e5cfd139eb6dda823763e1938c68267693db1b699d810;0x755aee0d;0x2e19708L;0.500000;1503074904;1503074904
0;128;8048;0xb386510f919172483ce84c0643def17e47f5ad98f91cf7058fd5e475423607f6;0x91bed10c8cc02d874301a7c218fe6b7eb120483ec02aa6e2082458f622a34a66;0x5a884551;0xfffdd6bcL;0.500000;1503074904;1503074905
1;128;8048;0x4cd8a4a9975d36a13c0eedc2b7871a1a8bd07efc797bc763d61c87ffaff780fb;0xa9bdf0008d136ee1f0e2d80ebd1f8c7fb8f2deb960111d031b4bb4bf77458ced;0x25a48289;0x60111d03L;0.500000;1503074905;1503074905
1;128;8048;0x4cd8a4a9975d36a13c0eedc2b7871a1a8bd07efc797bc763d61c87ffaff780fb;0xa9bdf0008d136ee1f0e2d80ebd1f8c7fb8f2deb960111d031b4bb4bf77458ced;0x25a48289;0x60111d03L;0.500000;1503074905;1503074906
0;128;8048;0xe46ca7d2bd3c3ba04ff928457331d04f9c1b2b8c453e262312c4c57c0c1788f0;0x1690ba7c28dcaac0ed13750fba94c3a3a02eb2b522c2eb41a517438bf7a3368a;0xf6af2ef9;0xfebdffdfL;0.500000;1503074906;1503074906
0;128;8048;0xe46ca7d2bd3c3ba04ff928457331d04f9c1b2b8c453e262312c4c57c0c1788f0;0x1690ba7c28dcaac0ed13750fba94c3a3a02eb2b522c2eb41a517438bf7a3368a;0xf6af2ef9;0xfebdffdfL;0.500000;1503074906;1503074907
0;128;8048;0x506b6be0caf92effb5a1e8863aa5b6f1f7cbaece376c6ef8fb64d19be9c3d33a;0x7e4648632d4bc07f7e9a3e84015751ed6c9c64cd4d4261f0d668b51b377a9109;0x3a93371c;0xf790110eL;0.500000;1503074907;1503074907
