0;128;8048;0x5a51d6f3a0879563754c03ed7e8d1485db7b2a444c7407f5d4592bc5d9fafb33;0x5edf5a22948cdeffb2b28133578aea04f4e2ef86eb068851e19268ba02af00e6;0xc0c68d4f;0x24038053L;0.500000;1503076274;1503076275
0;128;8048;0xd35b5c78cb593622d628793808d62ef9deb49c2a30cf02c4debcd1d9a5984579;0x5610ff7bd4090e7025c6c80b4a5d333777c7e2d8977dcdc8277a47dc12eae7fd;0x461368ad;0x43972b88L;0.500000;1503076275;1503076275
0;128;8048;0xd35b5c78cb593622d628793808d62ef9deb49c2a30cf02c4debcd1d9a5984579;0x5610ff7bd4090e7025c6c80b4a5d333777c7e2d8977dcdc8277a47dc12eae7fd;0x461368ad;0x43972b88L;0.500000;1503076275;1503076276
0;128;8048;0x4a813a2076ad0e74fe30ecfc072e427171458674d1b1236b0ec10ee556826fa0;0xc96587824b5335ed27b9a49be9706d555fa3824d3ae15394f4a228bc25f07e9a;0xd03035bc;0xb7fefb29L;0.500000;1503076276;1503076276
0;128;8048;0x4a813a2076ad0e74fe30ecfc072e427171458674d1b1236b0ec10ee556826fa0;0xc96587824b5335ed27b9a49be9706d555fa3824d3ae15394f4a228bc25f07e9a;0xd03035bc;0xb7fefb29L;0.500000;1503076277;1503076277
0;128;8048;0x102d870860c69858c93fb8f16bd2e6835c563fa4c1604e8d0463f68a7beea18c;0x6a080a05147656701cb10d4dddb0a8ac638306a27bfc659277b4983f13c1d0a5;0x6a41ca27;0xffdb5588L;0.500000;1503076277;1503076278
0;128;8048;0x16251a30a739051bade0e2464d50bcea5dbc4f63cb6f68b559e1bd34e99949ff;0xd93615b57e5c888fba5cb5b24166ae96ce72e108a90218706ae1abc0b8cd1244;0xdf2ace5b;0x7effff7fL;0.500000;1503076278;1503076278
0;128;8048;0x16251a30a739051bade0e2464d50bcea5dbc4f63cb6f68b559e1bd34e99949ff;0xd93615b57e5c888fba5cb5b24166ae96ce72e108a90218706ae1abc0b8cd1244;0xdf2ace5b;0x7effff7fL;0.500000;1503076278;1503076279
0;128;8048;0xc8a59811c530b8c6e9c233f1125a694778100a58a2a4478eed529cab619a8829;0xb5d2ada333189d0dc97de000eeb1bd1695efd3531f23f109ad6ea4eacf83aa6f;0x22fe7b2d;0x808a8da5L;0.500000;1503076279;1503076279
0;128;8048;0xc8a59811c530b8c6e9c233f1125a694778100a58a2a4478eed529cab619a8829;0xb5d2ada333189d0dc97de000eeb1bd1695efd3531f23f109ad6ea4eacf83aa6f;0x22fe7b2d;0x808a8da5L;0.500000;1503076279;1503076280
0;128;8048;0x069c488c7b34398ea6da799cc61a5e2a1a2c4f8ec230b9ff76b715a75e519f64;0x5f0b8411f746a8096884bd0d42d6d1305cf06239c1e74c6337e73a283e8348ac;0xbf5e138f;0xc1e74863L;0.500000;1503076280;1503076280
0;128;8048;0x069c488c7b34398ea6da799cc61a5e2a1a2c4f8ec230b9ff76b715a75e519f64;0x5f0b8411f746a8096884bd0d42d6d1305cf06239c1e74c6337e73a283e8348ac;0xbf5e138f;0xc1e74863L;0.500000;1503076280;1503076281
0;128;8048;0xac07e83bbaaa5e3cafbf78410c7b678460c36e2d08f60c9f1c3523ff59d91705;0x8b34c952bef86eece5db31fe733ca9e53c946f77a5d229446ed4e32f2a1566ac;0x4b92b83e;0xe5d22944L;0.500000;1503076281;1503076281
0;128;8048;0xac07e83bbaaa5e3cafbf78410c7b678460c36e2d08f60c9f1c3523ff59d91705;0x8b34c952bef86eece5db31fe733ca9e53c946f77a5d229446ed4e32f2a1566ac;0x4b92b83e;0xe5d22944L;0.500000;1503076282;1503076282
0;128;8048;0x94a017f4bcbb1442ea80718ff6c97becd4ac39cdff314c5246047dd0af0a5e44;0xecd6943dad488ecdf27d968db5592384ce49ca98da4e2e31a39b48211fc2dad4;0x62ecb711;0xd84e2e31L;0.500000;1503076282;1503076283
0;128;8048;0x5eac61746750cdcd94ca293d90b0f368400fb62e134d560618e7b66b6e3f4ecc;0xa0c493d6fa1d290029a714980ad3abfd1d87f54a8c4ff7dbb245a705e6a87677;0x1a49a783;0xdeff5e2fL;0.500000;1503076283;1503076283
0;128;8048;0x5eac61746750cdcd94ca293d90b0f368400fb62e134d560618e7b66b6e3f4ecc;0xa0c493d6fa1d290029a714980ad3abfd1d87f54a8c4ff7dbb245a705e6a87677;0x1a49a783;0xdeff5e2fL;0.500000;1503076283;1503076284
0;128;8048;0x3f51145d900ce43fb1d20be926d33798a0ba2efa35e5209357a304c59319d9d2;0x39828558e78da4de688c1e46ee9e40f9aa26176807fbcf2680f40f269b1a3c54;0x3d4ce3dc;0x7bbcf26L;0.500000;1503076284;1503076284
0;128;8048;0x3f51145d900ce43fb1d20be926d33798a0ba2efa35e5209357a304c59319d9d2;0x39828558e78da4de688c1e46ee9e40f9aa26176807fbcf2680f40f269b1a3c54;0x3d4ce3dc;0x7bbcf26L;0.500000;1503076284;1503076285
0;128;8048;0xf655c2386d508b8dcad5209276c7d2b05d06349046e6514ef50b15fb00e3f3f6;0xf9e6b9cf4cf94863506596f39610d4d579f2d33482e5958138ff86730f91ba14;0xa10aee19;0xdfffffffL;0.500000;1503076285;1503076285
