0;128;8048;0xde66484d35fa1e11f8fc0d0c9ec304789d7f9cd18376bf093e6d9c9bf37c05d1;0x7f480d01df01df3ca9cfdbcdd566dd87fab00e090ce534a832aa448d63895e9f;0x6d906587;0x4c9e346L;0.500000;1503157778;1503157778
0;128;8048;0xde66484d35fa1e11f8fc0d0c9ec304789d7f9cd18376bf093e6d9c9bf37c05d1;0x7f480d01df01df3ca9cfdbcdd566dd87fab00e090ce534a832aa448d63895e9f;0x6d906587;0x4c9e346L;0.500000;1503157779;1503157779
0;128;8048;0x2181c0f94a03dd769287e3b501711128cd81873e7bea9350afe1e08d0cadaf2d;0xc22397fe5099788abfcc03af08be7724e03f6162af1df6a176abde3bfcafb51a;0xae442e04;0xa8931b46L;0.500000;1503157779;1503157779
0;128;8048;0x2181c0f94a03dd769287e3b501711128cd81873e7bea9350afe1e08d0cadaf2d;0xc22397fe5099788abfcc03af08be7724e03f6162af1df6a176abde3bfcafb51a;0xae442e04;0xa8931b46L;0.500000;1503157780;1503157780
0;128;8048;0x999d97143e6eacb4f5da81051ae4909891bcacde91d994092b00c93672c58e0b;0xde6eb6966de799666e79f3868b05216eafa168c4e103f0534d34825fa63c2b8b;0xa47b5157;0x8b76c0e2L;0.500000;1503157780;1503157780
0;128;8048;0x999d97143e6eacb4f5da81051ae4909891bcacde91d994092b00c93672c58e0b;0xde6eb6966de799666e79f3868b05216eafa168c4e103f0534d34825fa63c2b8b;0xa47b5157;0x8b76c0e2L;0.500000;1503157781;1503157781
0;128;8048;0x62c6a9d8dfd16b6b45d4ba834a162a1b771838eec12208b16726dc52715d31d3;0x3a63f02035ce13e2315accba974d4d0e570b5d5818e71748631f6db3da3d458f;0x9cd70b47;0xaef91692L;0.500000;1503157781;1503157781
0;128;8048;0x62c6a9d8dfd16b6b45d4ba834a162a1b771838eec12208b16726dc52715d31d3;0x3a63f02035ce13e2315accba974d4d0e570b5d5818e71748631f6db3da3d458f;0x9cd70b47;0xaef91692L;0.500000;1503157782;1503157782
0;128;8048;0x07b8a4f6437c8e1c7bc8b9d1754b287dcd1bd1f00f600be7639ff8dda081f9a7;0x2a869496a19e0964554cb6a062a65fab3d59cf1f73b0c60c507aa0ebdca2822e;0xc454dc4d;0x8c016084L;0.500000;1503157782;1503157782
0;128;8048;0x07b8a4f6437c8e1c7bc8b9d1754b287dcd1bd1f00f600be7639ff8dda081f9a7;0x2a869496a19e0964554cb6a062a65fab3d59cf1f73b0c60c507aa0ebdca2822e;0xc454dc4d;0x8c016084L;0.500000;1503157783;1503157783
0;128;8048;0xeefedf30f7ec66ce9d6b8f095cc61baa096750a16a3dd01bcb40d979bed23fac;0x3389623c2d929bbc41614ac1b3f70bd4ea8fccf57be8ee5faeb762f80c74da48;0xcca90c7c;0xce10048fL;0.500000;1503157783;1503157784
1;128;8048;0xd62dc657d67b077043164db4cf0153a16f7742bf82801604599cd58e83ebf659;0x9f3a60da1fc05cbf991250fd439257e66e3f861d8fac9ebd113fd801aee020fd;0xba6d6611;0x8fac9ebdL;0.500000;1503157784;1503157784
1;128;8048;0xd62dc657d67b077043164db4cf0153a16f7742bf82801604599cd58e83ebf659;0x9f3a60da1fc05cbf991250fd439257e66e3f861d8fac9ebd113fd801aee020fd;0xba6d6611;0x8fac9ebdL;0.500000;1503157784;1503157784
1;128;8048;0xd62dc657d67b077043164db4cf0153a16f7742bf82801604599cd58e83ebf659;0x9f3a60da1fc05cbf991250fd439257e66e3f861d8fac9ebd113fd801aee020fd;0xba6d6611;0x8fac9ebdL;0.500000;1503157785;1503157785
0;128;8048;0x9862c8aaf60b0d66a02bf4c9177ce818eab86ab2399f59d5c9a6d7f62b38fcc3;0xff6a4596c0df361a485e4bc8882524f492a365bb4b9c5a643b9eef194b3b4987;0xc1ec4772;0x903398bL;0.500000;1503157785;1503157786
0;128;8048;0x2b2c1fc66973a59cefd72fe2fe21605a2670ef98eb53c168c8393388bc4edbe7;0xc7b58a0b62522cbfd963083286b22c92cbbd953290a8f04741940d26e9913128;0x60811149;0xffbaffffL;0.500000;1503157786;1503157786
0;128;8048;0x2b2c1fc66973a59cefd72fe2fe21605a2670ef98eb53c168c8393388bc4edbe7;0xc7b58a0b62522cbfd963083286b22c92cbbd953290a8f04741940d26e9913128;0x60811149;0xffbaffffL;0.500000;1503157786;1503157787
0;128;8048;0x0bf314046c96b27d89749f028dd2f0c7fb61ba9d51046c4167f0b706f6b1c002;0x5279123a8c8ce719d8c542b64e20a06c5ba8c602abf3c6b4ae2f9b699718c418;0xa691aa46;0xf5def9ffL;0.500000;1503157787;1503157787
0;128;8048;0x0bf314046c96b27d89749f028dd2f0c7fb61ba9d51046c4167f0b706f6b1c002;0x5279123a8c8ce719d8c542b64e20a06c5ba8c602abf3c6b4ae2f9b699718c418;0xa691aa46;0xf5def9ffL;0.500000;1503157787;1503157787
0;128;8048;0x0bf314046c96b27d89749f028dd2f0c7fb61ba9d51046c4167f0b706f6b1c002;0x5279123a8c8ce719d8c542b64e20a06c5ba8c602abf3c6b4ae2f9b699718c418;0xa691aa46;0xf5def9ffL;0.500000;1503157788;1503157788
