0;128;8048;0x3a152bcebac61ae143c51da3d44925b31c9b06f61790b7fe7153e894ecb2fe26;0xd0e150474f22d8ff4edc94d1b6279a4e65823cd18ff568df22db57c124da1322;0x8de27e91;0xef5fffbeL;0.500000;1503109235;1503109235
0;128;8048;0x3a152bcebac61ae143c51da3d44925b31c9b06f61790b7fe7153e894ecb2fe26;0xd0e150474f22d8ff4edc94d1b6279a4e65823cd18ff568df22db57c124da1322;0x8de27e91;0xef5fffbeL;0.500000;1503109235;1503109236
0;128;8048;0x95978a313cadd2c7063553f0deb6d306f00a070f001af18eb797166ae8c6187e;0xd03660f851e724d4df068014ae31974657b825fd71d19820cd80bc06e0dcf6f2;0x93dea7e4;0x3c023263L;0.500000;1503109236;1503109236
0;128;8048;0x95978a313cadd2c7063553f0deb6d306f00a070f001af18eb797166ae8c6187e;0xd03660f851e724d4df068014ae31974657b825fd71d19820cd80bc06e0dcf6f2;0x93dea7e4;0x3c023263L;0.500000;1503109236;1503109237
0;128;8048;0x62fd4ef19936dc15df685b27a217eeda1609fb7b006aef6405ed5395347d2a96;0x12f2abc29e38b8df34e3bd4bc3f3c327581d2dcdd73d5a459c0bd0b2b5f04573;0x4ef7df40;0xc1f89150L;0.500000;1503109237;1503109237
0;128;8048;0x62fd4ef19936dc15df685b27a217eeda1609fb7b006aef6405ed5395347d2a96;0x12f2abc29e38b8df34e3bd4bc3f3c327581d2dcdd73d5a459c0bd0b2b5f04573;0x4ef7df40;0xc1f89150L;0.500000;1503109237;1503109238
0;128;8048;0xa9c5dfea941b7e6d594dfe25254c06b1522842e025e9dd82cbfcab3b78b98521;0x69d1a94e8922c2bc33eeb8fd8a446fe67a951b03f6156f1774bfa1d19dddf30a;0x7db055e7;0xdfffe7ffL;0.500000;1503109238;1503109238
0;128;8048;0xa9c5dfea941b7e6d594dfe25254c06b1522842e025e9dd82cbfcab3b78b98521;0x69d1a94e8922c2bc33eeb8fd8a446fe67a951b03f6156f1774bfa1d19dddf30a;0x7db055e7;0xdfffe7ffL;0.500000;1503109238;1503109239
0;128;8048;0x7ff3fc323e967b5256ce756737806da83e6d6ac2034ddcb131231deb5d76fddd;0x1f9a7cba098963b7df11cfbf10efe6abd7774210d3ee94f6490862c7db2dc963;0xb40c555d;0xc3fe84feL;0.500000;1503109239;1503109239
0;128;8048;0x7ff3fc323e967b5256ce756737806da83e6d6ac2034ddcb131231deb5d76fddd;0x1f9a7cba098963b7df11cfbf10efe6abd7774210d3ee94f6490862c7db2dc963;0xb40c555d;0xc3fe84feL;0.500000;1503109239;1503109240
0;128;8048;0xd03917e8554ec6aac5d1d8874045855a993eb132ac0859ed08fc997a164188e6;0x447e2710a46b9f2b0b2c96113cb0b52fdf371dfeea263f4112f31b4aaba547bd;0x983f5c90;0xea063f45L;0.500000;1503109240;1503109240
0;128;8048;0xd03917e8554ec6aac5d1d8874045855a993eb132ac0859ed08fc997a164188e6;0x447e2710a46b9f2b0b2c96113cb0b52fdf371dfeea263f4112f31b4aaba547bd;0x983f5c90;0xea063f45L;0.500000;1503109240;1503109241
0;128;8048;0xad0b1e9db0e6db492e3d1c4a2dbee43debe6396df7a921729ac167f5f89795a5;0x6f4bf7c9961da48e5d2b9cb67fef79a3c6070f3895ccb76acd6b044e526a808e;0x29e7f852;0x958cb76bL;0.500000;1503109241;1503109241
0;128;8048;0xad0b1e9db0e6db492e3d1c4a2dbee43debe6396df7a921729ac167f5f89795a5;0x6f4bf7c9961da48e5d2b9cb67fef79a3c6070f3895ccb76acd6b044e526a808e;0x29e7f852;0x958cb76bL;0.500000;1503109241;1503109242
0;128;8048;0x819de3c1a9755e45206aad88ca245c360d606538c28ebc1de5254f2191de7913;0x0a7217684f4714fa68256230c0e0c3c6c60ef40ffa09dc7b3594fc6a11b73f91;0x01754981;0xdfffff01L;0.500000;1503109242;1503109242
0;128;8048;0x819de3c1a9755e45206aad88ca245c360d606538c28ebc1de5254f2191de7913;0x0a7217684f4714fa68256230c0e0c3c6c60ef40ffa09dc7b3594fc6a11b73f91;0x01754981;0xdfffff01L;0.500000;1503109242;1503109243
1;128;8048;0xad937ff8461dd2d45be957087796e842e4eb560d05b66e5405f1519d8233a42f;0xbd66d5ac586efd3f900df31af4ab73e550f17f7af329f50fc1bfe7e6d80d92ba;0x6a7e1eda;0xf329f50fL;0.500000;1503109243;1503109243
1;128;8048;0xad937ff8461dd2d45be957087796e842e4eb560d05b66e5405f1519d8233a42f;0xbd66d5ac586efd3f900df31af4ab73e550f17f7af329f50fc1bfe7e6d80d92ba;0x6a7e1eda;0xf329f50fL;0.500000;1503109243;1503109244
0;128;8048;0x40fb7fc3ee2ac147852789cf586d5412f9c08bd1623815b35d9cbab507558148;0x17b7790879918634ce0aa91d40e7c687f4806912233b91c2792d9dc46442c32f;0xf9b2a160;0xb8411ad6L;0.500000;1503109244;1503109245
0;128;8048;0x4b4c0092d38378fd6d9e706b27efc72e5946c3aa7c20d12bde5acf103cab1687;0x74e3899b463cc51497ab61bb13a76406a0f90239af47673bd6002d286472164f;0x7a745d18;0x44482c7L;0.500000;1503109245;1503109245
