0;128;8048;0x19e54df453212fb7c7db9b1e1fd25866ac31bd63553c6e76c802b7ca59803472;0xeddeb0254e01e06cd56029cc79dba6bad960d757198718ba55809d5ad8d6fea4;0x3ed64b01;0x598738baL;0.500000;1503159002;1503159003
0;128;8048;0x7d0a521c66f38326ce4821b106abb75272b8810e5c31c07d8229a9770e3ade8b;0x1cb2bd73551c72ad16f3babc370c04a80a58d9ffbe31334e177aaa742a78c513;0x7bd9fff2;0x88019ca5L;0.500000;1503159003;1503159003
0;128;8048;0x9828f5ca52d40c7a8cc11824bcb8b02d3108ba7b952aca66af982e2a2e0ae6c7;0xbd6ed4b1053e468a5c3484961d8ea691d2d2ba3307cbdfae18afd6f767df7bb8;0x95c5938c;0xabd813c1L;0.500000;1503159004;1503159004
0;128;8048;0x9828f5ca52d40c7a8cc11824bcb8b02d3108ba7b952aca66af982e2a2e0ae6c7;0xbd6ed4b1053e468a5c3484961d8ea691d2d2ba3307cbdfae18afd6f767df7bb8;0x95c5938c;0xabd813c1L;0.500000;1503159004;1503159005
0;128;8048;0xe3b353f30a039ea30a637d96ef1d2e79202967a8a801a64d0784df58713a0654;0xd4c55b662fa6db1b2c9d4ac8d7f0a6bd18cee2abc04ff85e7f35f95f73c152ac;0xbc3cf37c;0xca3cc80bL;0.500000;1503159005;1503159005
0;128;8048;0xe3b353f30a039ea30a637d96ef1d2e79202967a8a801a64d0784df58713a0654;0xd4c55b662fa6db1b2c9d4ac8d7f0a6bd18cee2abc04ff85e7f35f95f73c152ac;0xbc3cf37c;0xca3cc80bL;0.500000;1503159005;1503159006
0;128;8048;0x18317467f5a6b09e03e5f993ba3d6fad8f5104d41c79e0a202561f6d0d011625;0x7f708b9570884986a0768a3a6b01d384d6384a51e1cab8f4ed5b090085f2191e;0xc30e60d1;0xe3c8b8f4L;0.500000;1503159006;1503159006
0;128;8048;0x18317467f5a6b09e03e5f993ba3d6fad8f5104d41c79e0a202561f6d0d011625;0x7f708b9570884986a0768a3a6b01d384d6384a51e1cab8f4ed5b090085f2191e;0xc30e60d1;0xe3c8b8f4L;0.500000;1503159006;1503159007
0;128;8048;0x5d7114aafca423b2f42cf906c0682906241916228503d0180853020eed6a6b4b;0x1feeaa28293a992a5b3fdabeb36a94c2612ee69098a0fa33c6feb2031e399fd0;0xecb097f1;0x8ce37f4aL;0.500000;1503159007;1503159007
0;128;8048;0x5d7114aafca423b2f42cf906c0682906241916228503d0180853020eed6a6b4b;0x1feeaa28293a992a5b3fdabeb36a94c2612ee69098a0fa33c6feb2031e399fd0;0xecb097f1;0x8ce37f4aL;0.500000;1503159007;1503159008
0;128;8048;0xbd6f98b1634f64525bfd38197c73592b36fd08102638653e37317ba2b5ec7773;0xefb4fc09579103dff6c338007eff5efc12f797b191f433cc9374695c99b2bf51;0xb7d3c2da;0xce33d08fL;0.500000;1503159008;1503159009
0;128;8048;0x7f85004f3129fc9e25dcda929459946dbcfc517179d96915eb62ce901854e897;0x59cb68afa07dda3949a628a92ccd6636e04bfc0e03b58a8a5ff5f1cb30cb55ce;0x32ae3130;0xff7f1cdcL;0.500000;1503159009;1503159009
0;128;8048;0x7f85004f3129fc9e25dcda929459946dbcfc517179d96915eb62ce901854e897;0x59cb68afa07dda3949a628a92ccd6636e04bfc0e03b58a8a5ff5f1cb30cb55ce;0x32ae3130;0xff7f1cdcL;0.500000;1503159009;1503159010
0;128;8048;0x9fadbc7a1f5482ecd76e9e54b05d511ac3dcc77b7d9ed3fc6d538aaf311276d0;0xbd1be8f15a1ac72141baf7ec84bbb645cfeb0555b39f9768b5ef0996bd889236;0xbba6cb22;0xc93b7450L;0.500000;1503159010;1503159010
0;128;8048;0x9fadbc7a1f5482ecd76e9e54b05d511ac3dcc77b7d9ed3fc6d538aaf311276d0;0xbd1be8f15a1ac72141baf7ec84bbb645cfeb0555b39f9768b5ef0996bd889236;0xbba6cb22;0xc93b7450L;0.500000;1503159010;1503159011
0;128;8048;0x4e52ed3549e4df6338ae1b932023b17ca0c14d93582f095526e1e4f49bda1be9;0xa280672e83be177dd48a4b945724071e8c94da51379ea33044eca17e7b2aaf49;0x49206b53;0xc4a4c446L;0.500000;1503159011;1503159011
0;128;8048;0x4e52ed3549e4df6338ae1b932023b17ca0c14d93582f095526e1e4f49bda1be9;0xa280672e83be177dd48a4b945724071e8c94da51379ea33044eca17e7b2aaf49;0x49206b53;0xc4a4c446L;0.500000;1503159011;1503159012
0;128;8048;0xdb3fcf10099f359cdde3b40699132075433440a637e67df521879c0136a3c211;0x8175cd9235363e4a5f0e0eb265fe35a55f9c9386bf1438d8e9dd79c532360922;0xdc11f46e;0x781cf868L;0.500000;1503159012;1503159012
0;128;8048;0xdb3fcf10099f359cdde3b40699132075433440a637e67df521879c0136a3c211;0x8175cd9235363e4a5f0e0eb265fe35a55f9c9386bf1438d8e9dd79c532360922;0xdc11f46e;0x781cf868L;0.500000;1503159012;1503159013
0;128;8048;0x407bc5958603b2e555e9f99943376f47d3e8dbe781b80a84f2f118eeae2109ee;0x65216a6db64d663cd93c097a4790293d68c8e233b45189407172149217c6fff7;0x7b82e72f;0xedebffffL;0.500000;1503159013;1503159013
