0;128;8048;0xb7149d2da28f67885d5caff0b697407802c9e08a70260395b12e6655b2eccd69;0xcb370de35c6167bec2472e646c7451708af0e03ebc827610c7ea7211198a358b;0xaf295a0d;0xa0628202L;0.500000;1503227904;1503227904
0;128;8048;0xb7149d2da28f67885d5caff0b697407802c9e08a70260395b12e6655b2eccd69;0xcb370de35c6167bec2472e646c7451708af0e03ebc827610c7ea7211198a358b;0xaf295a0d;0xa0628202L;0.500000;1503227904;1503227905
0;128;8048;0xb73fa6f1b1840446181017607518f147d8fa9519616602c4e0bf80f0a9856a60;0xbcbbbc9fbb77c87e4d70a9c6123130a1efa158edbf5856d8dbf488f70e755d0e;0x8b03653f;0x1091640fL;0.500000;1503227905;1503227905
0;128;8048;0xb73fa6f1b1840446181017607518f147d8fa9519616602c4e0bf80f0a9856a60;0xbcbbbc9fbb77c87e4d70a9c6123130a1efa158edbf5856d8dbf488f70e755d0e;0x8b03653f;0x1091640fL;0.500000;1503227905;1503227906
0;128;8048;0xb3c5c7683fb45574b14f914e1b84d612862801699205005f84a83aff33f3cfe7;0x4947381894b0452d3fdd400d6129d009f10b2d4cb060afee3b54e4cb15dc9356;0x32885c65;0x4926058fL;0.500000;1503227906;1503227906
0;128;8048;0xb3c5c7683fb45574b14f914e1b84d612862801699205005f84a83aff33f3cfe7;0x4947381894b0452d3fdd400d6129d009f10b2d4cb060afee3b54e4cb15dc9356;0x32885c65;0x4926058fL;0.500000;1503227906;1503227907
1;128;8048;0xed9c379cc729b615e3f25a353b1063bfb9c2aba44bff63b076a4535bf4e750e2;0xce52cb35dd32ae10773a1fbf8f398300841c45af8db41488b5acdb24ed3f24f7;0xeb401873;0x8db41488L;0.500000;1503227907;1503227907
1;128;8048;0xed9c379cc729b615e3f25a353b1063bfb9c2aba44bff63b076a4535bf4e750e2;0xce52cb35dd32ae10773a1fbf8f398300841c45af8db41488b5acdb24ed3f24f7;0xeb401873;0x8db41488L;0.500000;1503227907;1503227908
0;128;8048;0x705c123e60ea0b40f94a1e3f4c2dfc891886cc5bdb41f481cfdb849e8a925bfa;0x6f3635c6d650a553bba6f706e2365c456fcfe946ed5fdebc0b84f2c57c824954;0x02e2b8e0;0xc01016b8L;0.500000;1503227908;1503227908
0;128;8048;0x705c123e60ea0b40f94a1e3f4c2dfc891886cc5bdb41f481cfdb849e8a925bfa;0x6f3635c6d650a553bba6f706e2365c456fcfe946ed5fdebc0b84f2c57c824954;0x02e2b8e0;0xc01016b8L;0.500000;1503227908;1503227909
0;128;8048;0xba6fd8d8f6879e50dc79726026d27bb36863a13b7ad6e84ec22e9cbd3c3b27f7;0x299bc0a365a99db96aca531fbdadc78a16a84eb8df7a497a3d983314e732ab12;0xcc747c1e;0x1f3383b6L;0.500000;1503227909;1503227909
0;128;8048;0xba6fd8d8f6879e50dc79726026d27bb36863a13b7ad6e84ec22e9cbd3c3b27f7;0x299bc0a365a99db96aca531fbdadc78a16a84eb8df7a497a3d983314e732ab12;0xcc747c1e;0x1f3383b6L;0.500000;1503227909;1503227910
0;128;8048;0x9b7725914c739478fe07c6986b7d21dc6d62abb1c1fb3e2f879e238ee2abbb7d;0x99d97f48b927c9a8f4b24a355909fb330cf7cd663960256307da4a48ec5465cd;0x895b8f99;0x39766763L;0.500000;1503227910;1503227910
0;128;8048;0x9b7725914c739478fe07c6986b7d21dc6d62abb1c1fb3e2f879e238ee2abbb7d;0x99d97f48b927c9a8f4b24a355909fb330cf7cd663960256307da4a48ec5465cd;0x895b8f99;0x39766763L;0.500000;1503227910;1503227911
0;128;8048;0xf89808c088c8dd63da8c7cfd21e6525ebfac35afe344b5852e36fb96be7eb1b7;0xf89a6a3d060706354e3143cc80077942f765ccd302163487beba6daae44099d1;0x98ae0185;0xe8bdffffL;0.500000;1503227911;1503227911
0;128;8048;0xf89808c088c8dd63da8c7cfd21e6525ebfac35afe344b5852e36fb96be7eb1b7;0xf89a6a3d060706354e3143cc80077942f765ccd302163487beba6daae44099d1;0x98ae0185;0xe8bdffffL;0.500000;1503227911;1503227912
0;128;8048;0xea0550f300be90f5352626f25e5bd2fa9074ab3278fac2b796532ae495560780;0xf46aeb87aa3dc26297dff25ed88788e73258616cec47528c12d0bb419d7963a2;0xb24409d7;0xbb5fffffL;0.500000;1503227912;1503227912
0;128;8048;0xea0550f300be90f5352626f25e5bd2fa9074ab3278fac2b796532ae495560780;0xf46aeb87aa3dc26297dff25ed88788e73258616cec47528c12d0bb419d7963a2;0xb24409d7;0xbb5fffffL;0.500000;1503227912;1503227913
0;128;8048;0x7277f79ae54f99f23dd3a481916a14609e6cce4989fd9a9431a6bf0a07379879;0xb5fe16abb0967d19186d7f158c62ec4308189538ce9c3e7514f8627198e41a6c;0x43d2bdb7;0xa44408f2L;0.500000;1503227913;1503227913
0;128;8048;0x7277f79ae54f99f23dd3a481916a14609e6cce4989fd9a9431a6bf0a07379879;0xb5fe16abb0967d19186d7f158c62ec4308189538ce9c3e7514f8627198e41a6c;0x43d2bdb7;0xa44408f2L;0.500000;1503227913;1503227914
