1;128;8048;0x5f0307feff63279e9fd955595477d60593104ab58f34f2cfba34360aa9735908;0x7cdcd6be1d9be1319dc0e4a79c4f424844b0c05037a70f16e6a1df454a473d51;0x46ed0939;0x37a70f16L;0.500000;1503145930;1503145930
1;128;8048;0x5f0307feff63279e9fd955595477d60593104ab58f34f2cfba34360aa9735908;0x7cdcd6be1d9be1319dc0e4a79c4f424844b0c05037a70f16e6a1df454a473d51;0x46ed0939;0x37a70f16L;0.500000;1503145930;1503145931
0;128;8048;0x83a5598413f7a481e7285b7f9a99f5875613e6850e0c319346dac23bc9954e4c;0x58e9aff29e79c2fe490992bba73e4cd244f114b061794b1dd560470d56bdcf2e;0x9a4a4435;0xc86243d2L;0.500000;1503145931;1503145931
0;128;8048;0x83a5598413f7a481e7285b7f9a99f5875613e6850e0c319346dac23bc9954e4c;0x58e9aff29e79c2fe490992bba73e4cd244f114b061794b1dd560470d56bdcf2e;0x9a4a4435;0xc86243d2L;0.500000;1503145931;1503145932
0;128;8048;0x63f7f823f3b6da0d43262a3c8405040d300da690674684c5c5ab05ac460604aa;0x37d12446a0b7468b1d68d9aa2397d6c7261729b37f1df12130412718e99f7a08;0x53e71899;0xf7d2218fL;0.500000;1503145932;1503145932
0;128;8048;0x63f7f823f3b6da0d43262a3c8405040d300da690674684c5c5ab05ac460604aa;0x37d12446a0b7468b1d68d9aa2397d6c7261729b37f1df12130412718e99f7a08;0x53e71899;0xf7d2218fL;0.500000;1503145932;1503145933
0;128;8048;0xd16b58bafcc25755c830e90bc0e3de4201d6516c8bdeee8f3586cddc4233b414;0xdd727922d8726b40217e153f9fdd8745e1e07fb10e0c780566b5bdb3f263942b;0xfc8820c7;0xe0c7a05L;0.500000;1503145933;1503145933
0;128;8048;0xd16b58bafcc25755c830e90bc0e3de4201d6516c8bdeee8f3586cddc4233b414;0xdd727922d8726b40217e153f9fdd8745e1e07fb10e0c780566b5bdb3f263942b;0xfc8820c7;0xe0c7a05L;0.500000;1503145933;1503145934
0;128;8048;0xf9ce1de8ee600494e525858781f1c7cb4abb9a23aba94466c61787732459a41e;0xc39270712faaaee00cf86c78231804a692646909bbcf0a2def649976b7f2b3b4;0x2f10d5ab;0x148d863L;0.500000;1503145934;1503145934
0;128;8048;0xf9ce1de8ee600494e525858781f1c7cb4abb9a23aba94466c61787732459a41e;0xc39270712faaaee00cf86c78231804a692646909bbcf0a2def649976b7f2b3b4;0x2f10d5ab;0x148d863L;0.500000;1503145934;1503145935
0;128;8048;0xe7c7c3ce7de728632f66779f064ae80e9091785b6404725eb3f8c3662d6eb815;0x7f7a208f30deefce4731d4b7561235ec0d12c507417bc2738d9cb50461258b7a;0x5b0615df;0x413bc273L;0.500000;1503145935;1503145935
0;128;8048;0xe7c7c3ce7de728632f66779f064ae80e9091785b6404725eb3f8c3662d6eb815;0x7f7a208f30deefce4731d4b7561235ec0d12c507417bc2738d9cb50461258b7a;0x5b0615df;0x413bc273L;0.500000;1503145935;1503145936
0;128;8048;0x7f7d1f0176c8fde6e028b6628f9e79bdb80af1a9700f7163362891fa09da1e88;0xe26d6f266d91fddb584f23bb1a45da521f4b9f3d45cdb0e31ef7da7382d0f548;0x816a4ec3;0xc00b94c5L;0.500000;1503145936;1503145936
0;128;8048;0x7f7d1f0176c8fde6e028b6628f9e79bdb80af1a9700f7163362891fa09da1e88;0xe26d6f266d91fddb584f23bb1a45da521f4b9f3d45cdb0e31ef7da7382d0f548;0x816a4ec3;0xc00b94c5L;0.500000;1503145937;1503145937
0;128;8048;0x2238509d51bfdeaa6378a4ab8f174ecfa27e74ba1aec42fdbe5c4f50162c6e38;0x6123c00efdfbb1e5a98f0d2d3f469a5279dee2099d295366318f672071e8dca7;0x59359847;0xece8a22aL;0.500000;1503145937;1503145938
0;128;8048;0xbbd329d27c994e3802e90c98e06f18d07df43c763057bc35dabb9c9d1227c5cd;0xadc226ccb4d456381878e2f550bf6180490bb5f02865ff22bd4b356312150fb9;0x0bd8ebf9;0x13aa2ef9L;0.500000;1503145938;1503145938
0;128;8048;0xbbd329d27c994e3802e90c98e06f18d07df43c763057bc35dabb9c9d1227c5cd;0xadc226ccb4d456381878e2f550bf6180490bb5f02865ff22bd4b356312150fb9;0x0bd8ebf9;0x13aa2ef9L;0.500000;1503145938;1503145939
0;128;8048;0x374e17581800ea85524afb5e91951f7e5f7ad48fa7faafae93b8238c11c0a949;0xc9ebd3d508d2c858f9557074fe0280323410e172a4b1f4959496d274589a165a;0x2ea1b089;0xfefee7f7L;0.500000;1503145939;1503145939
0;128;8048;0x374e17581800ea85524afb5e91951f7e5f7ad48fa7faafae93b8238c11c0a949;0xc9ebd3d508d2c858f9557074fe0280323410e172a4b1f4959496d274589a165a;0x2ea1b089;0xfefee7f7L;0.500000;1503145939;1503145940
0;128;8048;0xf575425e83d00995fc9beb8cdfc6f1b1be7b85db29e87d7ea8b9f6436d0ec963;0x971539c4293c4a58b81e29fb8449b5d6d12ca787738536a91521bfaa8e23f70c;0x9fa0ba2f;0xff0e4a2eL;0.500000;1503145940;1503145940
