0;128;8048;0xc0a728e92afac2fa8caaa27e280b68fdc9c35b76eb3e2bc8f1840ef9fd80d5be;0x53a44d119293ad305176390bf33571cb40a1cbbef9fbbe995e4758831dfc616a;0x9d9d77d2;0x99fbbe99L;0.500000;1503236220;1503236221
0;128;8048;0xe16d18759d1d3aa88ce4e52102f18856b60350aea0450237762c3b1fe77744c9;0x0c63a7aedea63d33a333d175083a0ff21910fa2c445513fdb40a9103a8581a0a;0x0c96d4cc;0x4c152647L;0.500000;1503236221;1503236221
0;128;8048;0xe16d18759d1d3aa88ce4e52102f18856b60350aea0450237762c3b1fe77744c9;0x0c63a7aedea63d33a333d175083a0ff21910fa2c445513fdb40a9103a8581a0a;0x0c96d4cc;0x4c152647L;0.500000;1503236221;1503236222
0;128;8048;0x76ab7bff27b2940dd1e182e5f8fb56f679888d691ea60be7768d5e4b5ceaf1d3;0xaaa024d78c315e17785e585a2d03f6ae066bba0aa1e119ff69b10b27c2613b0f;0xcb60ea72;0x834fbc6L;0.500000;1503236222;1503236222
0;128;8048;0x76ab7bff27b2940dd1e182e5f8fb56f679888d691ea60be7768d5e4b5ceaf1d3;0xaaa024d78c315e17785e585a2d03f6ae066bba0aa1e119ff69b10b27c2613b0f;0xcb60ea72;0x834fbc6L;0.500000;1503236222;1503236223
0;128;8048;0xd899ba27c9293f89313d6907cc304b960664ac36988693dcf9d54964d05e51a8;0x09ee059bd73da226871ae0720a0cfaabb03f01a97eab7e641ebf3abfc8f0b91d;0xd69c5229;0x1e0a8ba0L;0.500000;1503236223;1503236223
0;128;8048;0xd899ba27c9293f89313d6907cc304b960664ac36988693dcf9d54964d05e51a8;0x09ee059bd73da226871ae0720a0cfaabb03f01a97eab7e641ebf3abfc8f0b91d;0xd69c5229;0x1e0a8ba0L;0.500000;1503236224;1503236224
0;128;8048;0xf9d18d77a7fb9387ac71d51735ded4176f64422560fc62cce4a4a9d395d7478e;0x566f13d7e5975280609c6ea8ec199d8d00359161ced49161ba44a584e7c9d5f6;0x97911bea;0xced491e1L;0.500000;1503236224;1503236225
0;128;8048;0x8649032d3461c67a0b4a8e30b2d3319c5ef2662f8fbb115c53a09161722c8ef8;0x5249b198775ba8e06391df8eaf61b39008f8a2d190fddf666948e300b5d793d8;0xbcae1bcb;0xef7fff90L;0.500000;1503236225;1503236225
0;128;8048;0x8649032d3461c67a0b4a8e30b2d3319c5ef2662f8fbb115c53a09161722c8ef8;0x5249b198775ba8e06391df8eaf61b39008f8a2d190fddf666948e300b5d793d8;0xbcae1bcb;0xef7fff90L;0.500000;1503236225;1503236226
1;128;8048;0x0b6eeb026f1bce10186fa3bead440ba62a31eaa03e8b6376a41a1f85e85002f3;0xc33f02237943de8fcba2de824093240a2d246b9c71030da90665d04479fa8e84;0x70cb5319;0x71030da9L;0.500000;1503236226;1503236226
1;128;8048;0x0b6eeb026f1bce10186fa3bead440ba62a31eaa03e8b6376a41a1f85e85002f3;0xc33f02237943de8fcba2de824093240a2d246b9c71030da90665d04479fa8e84;0x70cb5319;0x71030da9L;0.500000;1503236226;1503236227
0;128;8048;0x901882c3a32eaa29e7e78bb7753d819de8df415624973b0860058028e51e0975;0x42cb3003f6c57f538fc1b4f133c215337b9ab8b5f0be3d1aa9d4b03004525621;0x45d800d1;0x71316551L;0.500000;1503236227;1503236227
0;128;8048;0x901882c3a32eaa29e7e78bb7753d819de8df415624973b0860058028e51e0975;0x42cb3003f6c57f538fc1b4f133c215337b9ab8b5f0be3d1aa9d4b03004525621;0x45d800d1;0x71316551L;0.500000;1503236227;1503236228
0;128;8048;0x0f55351ab5259dbd1dec4e56d984a26b2b7956514c21d93b362bb196331ee943;0x42ca2eeacfc7186bffc706b169730a404afb5c8a9a824b1d48ec8994e8973d9f;0xfb752d8f;0x7ff74abcL;0.500000;1503236228;1503236228
0;128;8048;0x0f55351ab5259dbd1dec4e56d984a26b2b7956514c21d93b362bb196331ee943;0x42ca2eeacfc7186bffc706b169730a404afb5c8a9a824b1d48ec8994e8973d9f;0xfb752d8f;0x7ff74abcL;0.500000;1503236228;1503236229
0;128;8048;0xb0232b03c5b375c4589de7c018bcc9f97006856ae8e2f193e0fba7cf12035cc2;0x236bd34793deb08ce3873614d48df92c576ab70b817baa08694eeb9f3dc34fdc;0x23292c31;0xb4200402L;0.500000;1503236229;1503236229
0;128;8048;0xb0232b03c5b375c4589de7c018bcc9f97006856ae8e2f193e0fba7cf12035cc2;0x236bd34793deb08ce3873614d48df92c576ab70b817baa08694eeb9f3dc34fdc;0x23292c31;0xb4200402L;0.500000;1503236229;1503236230
0;128;8048;0xb978fc838c889f754882d2396b2c932895e62882d4fa490091436f3244370dfd;0xadc6481dd55d0a18ff56f7e2cd30311ee26532e7732a6d20c1c38fedf31b01b6;0x8b348a12;0xad8462f4L;0.500000;1503236230;1503236231
0;128;8048;0xed8dd577b6188c6e96f81b05fbbb9cfa207a38e7760bf6b3c26ec5bd52f0a33f;0x695f81e8fff1f6b6065283792e3cdae297535afa1a1ec80721aff11847818b67;0xd96d7e4c;0xfdff1449L;0.500000;1503236231;1503236231
