0;128;8048;0x253859f5f3def6200e790c2ef09f5ccbb642995efe3520a5e7b71e479cae29c1;0x51a9c6d4d3b3b53b0f509350637ca20abeeacf2306aa01a79269af1d20441189;0x89654a1a;0x6ba21a7L;0.500000;1503100290;1503100291
0;128;8048;0x09cd7e5feb70eb05b26d68d485afe8475e76838162035422ead535f6e86558f1;0x062351269e10fa551aa0ec0965135aeb9aedc05193a4b30b0b89706613570d7a;0x243eafad;0x26454498L;0.500000;1503100291;1503100291
0;128;8048;0x09cd7e5feb70eb05b26d68d485afe8475e76838162035422ead535f6e86558f1;0x062351269e10fa551aa0ec0965135aeb9aedc05193a4b30b0b89706613570d7a;0x243eafad;0x26454498L;0.500000;1503100291;1503100292
0;128;8048;0x0577ece6b5581f90be6dfc96833b466487bfd1b24815e49aa5ff52bdf54c30fa;0xb9a0fb7bfded88a9ef88ef43de39a780dbe8544fd6bd9670d4d87cfd1ef9096f;0x7afa71ad;0xd6bd9274L;0.500000;1503100292;1503100292
0;128;8048;0x0577ece6b5581f90be6dfc96833b466487bfd1b24815e49aa5ff52bdf54c30fa;0xb9a0fb7bfded88a9ef88ef43de39a780dbe8544fd6bd9670d4d87cfd1ef9096f;0x7afa71ad;0xd6bd9274L;0.500000;1503100292;1503100293
0;128;8048;0x07ab8eea88f82764d27b598b595a5fcffedf8a382ba67b0ae6d502a3d0fb10d7;0x79f03fbd456403ab5591d77c92d30b8ee3eea228514547f9580e65969fa6a9ab;0x4d37f42e;0x248024e0L;0.500000;1503100293;1503100293
0;128;8048;0x07ab8eea88f82764d27b598b595a5fcffedf8a382ba67b0ae6d502a3d0fb10d7;0x79f03fbd456403ab5591d77c92d30b8ee3eea228514547f9580e65969fa6a9ab;0x4d37f42e;0x248024e0L;0.500000;1503100294;1503100294
0;128;8048;0x2a7e91f701fb09cb9b4eb04136aa298cf576694396da00aee6793e6ef5e7991f;0xaa5908dda409b813865feb716848f4fde514595aa4f9b6bdd16f24692ac9d7f9;0xecb39a66;0xff7f8450L;0.500000;1503100294;1503100295
0;128;8048;0x18cd67a22129eab32fe74e4d99bd61ef9a8f584218d375dd0478117cad08f9c5;0x25f4a75430209e1e39c239ca8a8d7607ef6faa94043231e73481fb2662d5f8b2;0x70f7b318;0x6fcdffdbL;0.500000;1503100295;1503100295
0;128;8048;0x18cd67a22129eab32fe74e4d99bd61ef9a8f584218d375dd0478117cad08f9c5;0x25f4a75430209e1e39c239ca8a8d7607ef6faa94043231e73481fb2662d5f8b2;0x70f7b318;0x6fcdffdbL;0.500000;1503100295;1503100296
0;128;8048;0xd240a1fdb7f504400de9a80408c1bee450eddc97077dd7f15f1c851c968a9368;0x38cb1e287c109882b1991bc5ba69d01099cd706a764a0beaa7e1bb8f1265e521;0xcce4d9cb;0x7f7fdfffL;0.500000;1503100296;1503100296
0;128;8048;0xd240a1fdb7f504400de9a80408c1bee450eddc97077dd7f15f1c851c968a9368;0x38cb1e287c109882b1991bc5ba69d01099cd706a764a0beaa7e1bb8f1265e521;0xcce4d9cb;0x7f7fdfffL;0.500000;1503100296;1503100297
0;128;8048;0x94eecd69a665a802271bd291bea9a7bb3b71d132de4d8d02b41f55d06c03da00;0xa8e29cb21e11f1f5e64e405c312fed5ef7373233be04810000b23f436c569b75;0x779ffc22;0x47c2032fL;0.500000;1503100297;1503100297
0;128;8048;0x94eecd69a665a802271bd291bea9a7bb3b71d132de4d8d02b41f55d06c03da00;0xa8e29cb21e11f1f5e64e405c312fed5ef7373233be04810000b23f436c569b75;0x779ffc22;0x47c2032fL;0.500000;1503100297;1503100298
0;128;8048;0x5de43fda51705487a37e94be104e990c196df08ec2a8e95b1a4d91da87bf83e4;0x224e5bf53f833af895b67ec4b27d3bc4d1caacb4afbce79265df3bb558d6b432;0xe189e4ea;0x9ffdefdaL;0.500000;1503100298;1503100298
0;128;8048;0x5de43fda51705487a37e94be104e990c196df08ec2a8e95b1a4d91da87bf83e4;0x224e5bf53f833af895b67ec4b27d3bc4d1caacb4afbce79265df3bb558d6b432;0xe189e4ea;0x9ffdefdaL;0.500000;1503100298;1503100299
0;128;8048;0x7e174c957e76a944de958615b55063aade52da2d101a5ef7bb0663a3ff4d787e;0x3664b98bbff770a2811e91de1c6950ad80a7b9613417bbebe99390cd74114a6c;0x19a16ec3;0x8293248fL;0.500000;1503100299;1503100299
0;128;8048;0x7e174c957e76a944de958615b55063aade52da2d101a5ef7bb0663a3ff4d787e;0x3664b98bbff770a2811e91de1c6950ad80a7b9613417bbebe99390cd74114a6c;0x19a16ec3;0x8293248fL;0.500000;1503100299;1503100300
0;128;8048;0x5e5a29b38b16d7c62a56a7ef51131411ddfc77ff252bba97a657a6ae63a743c1;0xbe8568acf23a8787b5e150902d13bbb783bc55989a36be9a82993721381faf06;0x0c135ff4;0xff70445bL;0.500000;1503100300;1503100300
0;128;8048;0x5e5a29b38b16d7c62a56a7ef51131411ddfc77ff252bba97a657a6ae63a743c1;0xbe8568acf23a8787b5e150902d13bbb783bc55989a36be9a82993721381faf06;0x0c135ff4;0xff70445bL;0.500000;1503100300;1503100301
