1;128;8048;0x09e260752d0e870e3aa838e2c5b1c2f280034112b5ee4d3bc7357efc4a916953;0xcb54916707fd92bad26a23f9c7c772df00be9d824e1061aada39b434b532d2c9;0xb8da50bc;0xb8da50bcL;0.500000;1503092028;1503092029
1;128;8048;0x36527abc8c095d6afca1b7ad33a526d883b288436a623caf3a5b56a6eab14a20;0x5c8f4a73d440edd22a0e5f2b4608dc6a80db66b4da8818e657190a5b80bfde21;0x03f2435e;0x3f2435eL;0.500000;1503092029;1503092029
1;128;8048;0x36527abc8c095d6afca1b7ad33a526d883b288436a623caf3a5b56a6eab14a20;0x5c8f4a73d440edd22a0e5f2b4608dc6a80db66b4da8818e657190a5b80bfde21;0x03f2435e;0x3f2435eL;0.500000;1503092029;1503092029
1;128;8048;0x36527abc8c095d6afca1b7ad33a526d883b288436a623caf3a5b56a6eab14a20;0x5c8f4a73d440edd22a0e5f2b4608dc6a80db66b4da8818e657190a5b80bfde21;0x03f2435e;0x3f2435eL;0.500000;1503092029;1503092030
1;128;8048;0xa164f7406f4a3950e589beccb438a89f25dc6a08d6596c176a948c4fa5928847;0x0a1fdd353bde99793eaf5312592afe6427b8df4e2ad9deb6306e334559cb14fe;0xdc69f612;0xdc69f612L;0.500000;1503092030;1503092030
1;128;8048;0xa164f7406f4a3950e589beccb438a89f25dc6a08d6596c176a948c4fa5928847;0x0a1fdd353bde99793eaf5312592afe6427b8df4e2ad9deb6306e334559cb14fe;0xdc69f612;0xdc69f612L;0.500000;1503092030;1503092030
1;128;8048;0xa164f7406f4a3950e589beccb438a89f25dc6a08d6596c176a948c4fa5928847;0x0a1fdd353bde99793eaf5312592afe6427b8df4e2ad9deb6306e334559cb14fe;0xdc69f612;0xdc69f612L;0.500000;1503092030;1503092031
1;128;8048;0x0e825f8bd7a918a60196c78451757a9a2df08ad6f05fbb13f6da404cc3333dd2;0x6ef4af46874c0eb46fef141a5d94e28970e5ba4542e24b796bf708297c28e090;0x3a55c377;0x3a55c377L;0.500000;1503092031;1503092031
1;128;8048;0x0e825f8bd7a918a60196c78451757a9a2df08ad6f05fbb13f6da404cc3333dd2;0x6ef4af46874c0eb46fef141a5d94e28970e5ba4542e24b796bf708297c28e090;0x3a55c377;0x3a55c377L;0.500000;1503092031;1503092031
1;128;8048;0x0e825f8bd7a918a60196c78451757a9a2df08ad6f05fbb13f6da404cc3333dd2;0x6ef4af46874c0eb46fef141a5d94e28970e5ba4542e24b796bf708297c28e090;0x3a55c377;0x3a55c377L;0.500000;1503092031;1503092032
0;128;8048;0x32e53c88a3b3376cb9021822e8148e611e22751da721fe40f61854f8fba1552d;0x25671b7d42a89a2706df115bcc6fd41f5942802d7c64853d9bc58574b360160c;0xe23e001d;0xaeadd41cL;0.500000;1503092032;1503092032
0;128;8048;0x32e53c88a3b3376cb9021822e8148e611e22751da721fe40f61854f8fba1552d;0x25671b7d42a89a2706df115bcc6fd41f5942802d7c64853d9bc58574b360160c;0xe23e001d;0xaeadd41cL;0.500000;1503092032;1503092032
0;128;8048;0x32e53c88a3b3376cb9021822e8148e611e22751da721fe40f61854f8fba1552d;0x25671b7d42a89a2706df115bcc6fd41f5942802d7c64853d9bc58574b360160c;0xe23e001d;0xaeadd41cL;0.500000;1503092032;1503092033
1;128;8048;0x50739f90281b97bafc613880bac152fd1ad93a2242dc282327801db4e04ee031;0xdb6b58d56e7ec4bed1116d1647aeb3cc0cf19238ba9f4fd0532e57cb634f5bea;0xe17417d1;0xe17417d1L;0.500000;1503092033;1503092033
1;128;8048;0x50739f90281b97bafc613880bac152fd1ad93a2242dc282327801db4e04ee031;0xdb6b58d56e7ec4bed1116d1647aeb3cc0cf19238ba9f4fd0532e57cb634f5bea;0xe17417d1;0xe17417d1L;0.500000;1503092033;1503092033
1;128;8048;0x50739f90281b97bafc613880bac152fd1ad93a2242dc282327801db4e04ee031;0xdb6b58d56e7ec4bed1116d1647aeb3cc0cf19238ba9f4fd0532e57cb634f5bea;0xe17417d1;0xe17417d1L;0.500000;1503092033;1503092034
1;128;8048;0x96f27358e0ffc87f9e727a690e8b80391bc3ee7709d866db40e05247b7303a4e;0x9f27b21ad8354c3fe290f8d007c0d5782be7c9a56ce38afd1697d0b88e19730a;0x61856ca9;0x61856ca9L;0.500000;1503092034;1503092034
1;128;8048;0x96f27358e0ffc87f9e727a690e8b80391bc3ee7709d866db40e05247b7303a4e;0x9f27b21ad8354c3fe290f8d007c0d5782be7c9a56ce38afd1697d0b88e19730a;0x61856ca9;0x61856ca9L;0.500000;1503092034;1503092034
1;128;8048;0x96f27358e0ffc87f9e727a690e8b80391bc3ee7709d866db40e05247b7303a4e;0x9f27b21ad8354c3fe290f8d007c0d5782be7c9a56ce38afd1697d0b88e19730a;0x61856ca9;0x61856ca9L;0.500000;1503092034;1503092035
1;128;8048;0xdad20a717221a664abad83015ea0f8d719a73e4d12329688a4e744ae2b5b2705;0x608dcb52f8d1dadefd53309b4ea3fd6d8dd91d0a5a350f109d3c9992b6443d71;0x78ec54aa;0x78ec54aaL;0.500000;1503092035;1503092035
