1;128;8048;0x0930f47a312662075e22df87c9098d001e2f574a6b2e925f6751265bed8195f6;0xf3a33925da275366f49b8eef57b2b09c47719b5f9f7956b8112217827702d2d7;0x7f38a104;0x7f38a104L;0.500000;1503104741;1503104741
1;128;8048;0x0930f47a312662075e22df87c9098d001e2f574a6b2e925f6751265bed8195f6;0xf3a33925da275366f49b8eef57b2b09c47719b5f9f7956b8112217827702d2d7;0x7f38a104;0x7f38a104L;0.500000;1503104741;1503104741
1;128;8048;0x0930f47a312662075e22df87c9098d001e2f574a6b2e925f6751265bed8195f6;0xf3a33925da275366f49b8eef57b2b09c47719b5f9f7956b8112217827702d2d7;0x7f38a104;0x7f38a104L;0.500000;1503104741;1503104742
1;128;8048;0xacec833a37da0143754173c14276b111c15c90a6cff0e764a5c3c24518eac0c5;0x0d2699c5ae52f5be22b4e1e6f0c0cb9c217bc08ec8f120f876e9cfd6893de7ff;0xb75aaed9;0xb75aaed9L;0.500000;1503104742;1503104742
1;128;8048;0xacec833a37da0143754173c14276b111c15c90a6cff0e764a5c3c24518eac0c5;0x0d2699c5ae52f5be22b4e1e6f0c0cb9c217bc08ec8f120f876e9cfd6893de7ff;0xb75aaed9;0xb75aaed9L;0.500000;1503104742;1503104742
1;128;8048;0xacec833a37da0143754173c14276b111c15c90a6cff0e764a5c3c24518eac0c5;0x0d2699c5ae52f5be22b4e1e6f0c0cb9c217bc08ec8f120f876e9cfd6893de7ff;0xb75aaed9;0xb75aaed9L;0.500000;1503104742;1503104742
1;128;8048;0xacec833a37da0143754173c14276b111c15c90a6cff0e764a5c3c24518eac0c5;0x0d2699c5ae52f5be22b4e1e6f0c0cb9c217bc08ec8f120f876e9cfd6893de7ff;0xb75aaed9;0xb75aaed9L;0.500000;1503104742;1503104743
1;128;8048;0xf68094b9225475eb5aa8d40c519dcbc5691efd8fb50242b3aa47b7497670166c;0xb8272a4fc85da175c2da8d0f299ceeb0d293c2377fd16a32af7a247ef6780953;0x894ca5fe;0x894ca5feL;0.500000;1503104743;1503104743
1;128;8048;0xf68094b9225475eb5aa8d40c519dcbc5691efd8fb50242b3aa47b7497670166c;0xb8272a4fc85da175c2da8d0f299ceeb0d293c2377fd16a32af7a247ef6780953;0x894ca5fe;0x894ca5feL;0.500000;1503104743;1503104743
1;128;8048;0xf68094b9225475eb5aa8d40c519dcbc5691efd8fb50242b3aa47b7497670166c;0xb8272a4fc85da175c2da8d0f299ceeb0d293c2377fd16a32af7a247ef6780953;0x894ca5fe;0x894ca5feL;0.500000;1503104743;1503104744
1;128;8048;0x5e149e4438a0e7b503af30a99912f655bbc562f00c682e72471e7e6f753da7d4;0x14ce07867e225827faa5e73b46839c77f6a0b9579cb0858377fe5771807d956b;0x7e7f892f;0x7e7f892fL;0.500000;1503104744;1503104744
1;128;8048;0x5e149e4438a0e7b503af30a99912f655bbc562f00c682e72471e7e6f753da7d4;0x14ce07867e225827faa5e73b46839c77f6a0b9579cb0858377fe5771807d956b;0x7e7f892f;0x7e7f892fL;0.500000;1503104744;1503104744
1;128;8048;0x5e149e4438a0e7b503af30a99912f655bbc562f00c682e72471e7e6f753da7d4;0x14ce07867e225827faa5e73b46839c77f6a0b9579cb0858377fe5771807d956b;0x7e7f892f;0x7e7f892fL;0.500000;1503104744;1503104744
1;128;8048;0x5e149e4438a0e7b503af30a99912f655bbc562f00c682e72471e7e6f753da7d4;0x14ce07867e225827faa5e73b46839c77f6a0b9579cb0858377fe5771807d956b;0x7e7f892f;0x7e7f892fL;0.500000;1503104744;1503104745
1;128;8048;0x05704bcdc9c5e673d524bc4a3316a64c484bafa58bcc74ac8ab369665297be58;0x8e0679377682ac83ee92c865dfffa545274da92814f214c2cc84c5829d21b820;0xcfb9773c;0xcfb9773cL;0.500000;1503104745;1503104745
1;128;8048;0x05704bcdc9c5e673d524bc4a3316a64c484bafa58bcc74ac8ab369665297be58;0x8e0679377682ac83ee92c865dfffa545274da92814f214c2cc84c5829d21b820;0xcfb9773c;0xcfb9773cL;0.500000;1503104745;1503104745
1;128;8048;0x05704bcdc9c5e673d524bc4a3316a64c484bafa58bcc74ac8ab369665297be58;0x8e0679377682ac83ee92c865dfffa545274da92814f214c2cc84c5829d21b820;0xcfb9773c;0xcfb9773cL;0.500000;1503104745;1503104745
1;128;8048;0x05704bcdc9c5e673d524bc4a3316a64c484bafa58bcc74ac8ab369665297be58;0x8e0679377682ac83ee92c865dfffa545274da92814f214c2cc84c5829d21b820;0xcfb9773c;0xcfb9773cL;0.500000;1503104745;1503104746
1;128;8048;0x53faa7c5c07a9994f386bb2b5eeb13de3fc4cbad5dc7e6687d4587d923050577;0x3db071ae93d9520c5b7a294cc5a016e252eaa9ac8269bb536578888b28ff8868;0x849782dd;0x849782ddL;0.500000;1503104746;1503104746
1;128;8048;0x53faa7c5c07a9994f386bb2b5eeb13de3fc4cbad5dc7e6687d4587d923050577;0x3db071ae93d9520c5b7a294cc5a016e252eaa9ac8269bb536578888b28ff8868;0x849782dd;0x849782ddL;0.500000;1503104746;1503104746
