1;128;8048;0x7e80bd944e1503f40dffd54edafe8aef52544ac5b063b4af9c917e9f0098f57e;0xb0a47ef1db48fc208a9ad61dd28db9c820883d3f1d83b09e9c79994d33a91f8d;0x329dade6;0x329dade6L;0.500000;1503132420;1503132420
1;128;8048;0x7e80bd944e1503f40dffd54edafe8aef52544ac5b063b4af9c917e9f0098f57e;0xb0a47ef1db48fc208a9ad61dd28db9c820883d3f1d83b09e9c79994d33a91f8d;0x329dade6;0x329dade6L;0.500000;1503132420;1503132421
1;128;8048;0x067d11010ed240c9d43d760f327e0c814dc3acbff5302b2aa1a1099bb4e6c4ba;0x65898f2f074dc391b830b973cf707f3eb2fe5a0d8e439ddf448cc4a3bbe19099;0xccfefd5a;0xccfefd5aL;0.500000;1503132421;1503132421
1;128;8048;0x067d11010ed240c9d43d760f327e0c814dc3acbff5302b2aa1a1099bb4e6c4ba;0x65898f2f074dc391b830b973cf707f3eb2fe5a0d8e439ddf448cc4a3bbe19099;0xccfefd5a;0xccfefd5aL;0.500000;1503132421;1503132421
1;128;8048;0x067d11010ed240c9d43d760f327e0c814dc3acbff5302b2aa1a1099bb4e6c4ba;0x65898f2f074dc391b830b973cf707f3eb2fe5a0d8e439ddf448cc4a3bbe19099;0xccfefd5a;0xccfefd5aL;0.500000;1503132421;1503132422
1;128;8048;0xa8462483f8479f64b22f7a55e0d4227a03e5d0231bc5ed2deb3f3e5a5af94e02;0x300649623c2a2aee2416b35ffa03c9678332f1a25ab83c54071bc633822be6ee;0xf213c970;0xf213c970L;0.500000;1503132422;1503132422
1;128;8048;0xa8462483f8479f64b22f7a55e0d4227a03e5d0231bc5ed2deb3f3e5a5af94e02;0x300649623c2a2aee2416b35ffa03c9678332f1a25ab83c54071bc633822be6ee;0xf213c970;0xf213c970L;0.500000;1503132422;1503132422
1;128;8048;0xa8462483f8479f64b22f7a55e0d4227a03e5d0231bc5ed2deb3f3e5a5af94e02;0x300649623c2a2aee2416b35ffa03c9678332f1a25ab83c54071bc633822be6ee;0xf213c970;0xf213c970L;0.500000;1503132422;1503132423
1;128;8048;0xfe9759630bec060071803d7f057241cb9a4f6310dcc65d92115281153ba00439;0x2230e5e93e2b47ae9d271504189b02a5abd2ee5425ad248499d4bdf9bbf781ca;0xa15302c0;0xa15302c0L;0.500000;1503132423;1503132423
1;128;8048;0xfe9759630bec060071803d7f057241cb9a4f6310dcc65d92115281153ba00439;0x2230e5e93e2b47ae9d271504189b02a5abd2ee5425ad248499d4bdf9bbf781ca;0xa15302c0;0xa15302c0L;0.500000;1503132423;1503132423
1;128;8048;0xfe9759630bec060071803d7f057241cb9a4f6310dcc65d92115281153ba00439;0x2230e5e93e2b47ae9d271504189b02a5abd2ee5425ad248499d4bdf9bbf781ca;0xa15302c0;0xa15302c0L;0.500000;1503132423;1503132423
1;128;8048;0xfe9759630bec060071803d7f057241cb9a4f6310dcc65d92115281153ba00439;0x2230e5e93e2b47ae9d271504189b02a5abd2ee5425ad248499d4bdf9bbf781ca;0xa15302c0;0xa15302c0L;0.500000;1503132423;1503132424
1;128;8048;0xd9c8a24eaf70a0610253259a7463ef76bef5ebd2804041012de9a6b4e94fd7c2;0x837f3501ac1e110a440987ced36941c3bfa9bfcbd37bb506de3b8e00a5016ea6;0xbe1e0957;0xbe1e0957L;0.500000;1503132424;1503132424
1;128;8048;0xd9c8a24eaf70a0610253259a7463ef76bef5ebd2804041012de9a6b4e94fd7c2;0x837f3501ac1e110a440987ced36941c3bfa9bfcbd37bb506de3b8e00a5016ea6;0xbe1e0957;0xbe1e0957L;0.500000;1503132424;1503132424
1;128;8048;0xd9c8a24eaf70a0610253259a7463ef76bef5ebd2804041012de9a6b4e94fd7c2;0x837f3501ac1e110a440987ced36941c3bfa9bfcbd37bb506de3b8e00a5016ea6;0xbe1e0957;0xbe1e0957L;0.500000;1503132424;1503132425
1;128;8048;0x652b930a20962e355ba0440ac3c24b641686b56d63841c78e44ea790c09cd025;0xb9136af622f7c20366e7c9d4e9bbbf1b400d89b91ab27633e89cbc2c3bcf1a0e;0xfbd66912;0xfbd66912L;0.500000;1503132425;1503132425
1;128;8048;0x652b930a20962e355ba0440ac3c24b641686b56d63841c78e44ea790c09cd025;0xb9136af622f7c20366e7c9d4e9bbbf1b400d89b91ab27633e89cbc2c3bcf1a0e;0xfbd66912;0xfbd66912L;0.500000;1503132425;1503132425
1;128;8048;0x652b930a20962e355ba0440ac3c24b641686b56d63841c78e44ea790c09cd025;0xb9136af622f7c20366e7c9d4e9bbbf1b400d89b91ab27633e89cbc2c3bcf1a0e;0xfbd66912;0xfbd66912L;0.500000;1503132425;1503132425
1;128;8048;0x652b930a20962e355ba0440ac3c24b641686b56d63841c78e44ea790c09cd025;0xb9136af622f7c20366e7c9d4e9bbbf1b400d89b91ab27633e89cbc2c3bcf1a0e;0xfbd66912;0xfbd66912L;0.500000;1503132425;1503132426
1;128;8048;0xe6d880b2b6f2cb9a31b90f268e82dc6a7b44e18c19c6a0f3aaab2d674d58b833;0x01435960e35bf565b1fb0ad48977196588549b1e5963c9bf8dce71662f465905;0xb35949d6;0xb35949d6L;0.500000;1503132426;1503132426
