1;128;8048;0xd87c66446d91bcacb1abb4ed39c8ffad6521d6282680aa75b934c45c80355459;0x82f8c243ee3045cdf2e082381190a54c7522f908d99e51584059970489ee048f;0xaf7a36b4;0xaf7a36b4L;0.500000;1503108080;1503108080
1;128;8048;0xd87c66446d91bcacb1abb4ed39c8ffad6521d6282680aa75b934c45c80355459;0x82f8c243ee3045cdf2e082381190a54c7522f908d99e51584059970489ee048f;0xaf7a36b4;0xaf7a36b4L;0.500000;1503108080;1503108080
1;128;8048;0xd87c66446d91bcacb1abb4ed39c8ffad6521d6282680aa75b934c45c80355459;0x82f8c243ee3045cdf2e082381190a54c7522f908d99e51584059970489ee048f;0xaf7a36b4;0xaf7a36b4L;0.500000;1503108080;1503108080
1;128;8048;0xd87c66446d91bcacb1abb4ed39c8ffad6521d6282680aa75b934c45c80355459;0x82f8c243ee3045cdf2e082381190a54c7522f908d99e51584059970489ee048f;0xaf7a36b4;0xaf7a36b4L;0.500000;1503108080;1503108081
1;128;8048;0xd20c292541880294d00073347a72cdc90793a0824cc1e34b8ec92d59d403baa7;0xe1972164d9ba3856e5c42decf0938afaefbb0bf1b2daccbcecddc5212ae993c8;0x745973c9;0x745973c9L;0.500000;1503108081;1503108081
1;128;8048;0xd20c292541880294d00073347a72cdc90793a0824cc1e34b8ec92d59d403baa7;0xe1972164d9ba3856e5c42decf0938afaefbb0bf1b2daccbcecddc5212ae993c8;0x745973c9;0x745973c9L;0.500000;1503108081;1503108081
1;128;8048;0xd20c292541880294d00073347a72cdc90793a0824cc1e34b8ec92d59d403baa7;0xe1972164d9ba3856e5c42decf0938afaefbb0bf1b2daccbcecddc5212ae993c8;0x745973c9;0x745973c9L;0.500000;1503108081;1503108081
1;128;8048;0xca32295bebb374c9f98acf7525db0d73bc76761e57f24017c5bd8cd3d14e069b;0x8f6c02676d529a145af163358782dd7e16513759cba4c982fd71c8a8db103bd5;0xb09b577d;0xb09b577dL;0.500000;1503108082;1503108082
1;128;8048;0xca32295bebb374c9f98acf7525db0d73bc76761e57f24017c5bd8cd3d14e069b;0x8f6c02676d529a145af163358782dd7e16513759cba4c982fd71c8a8db103bd5;0xb09b577d;0xb09b577dL;0.500000;1503108082;1503108082
1;128;8048;0xca32295bebb374c9f98acf7525db0d73bc76761e57f24017c5bd8cd3d14e069b;0x8f6c02676d529a145af163358782dd7e16513759cba4c982fd71c8a8db103bd5;0xb09b577d;0xb09b577dL;0.500000;1503108082;1503108082
1;128;8048;0xca32295bebb374c9f98acf7525db0d73bc76761e57f24017c5bd8cd3d14e069b;0x8f6c02676d529a145af163358782dd7e16513759cba4c982fd71c8a8db103bd5;0xb09b577d;0xb09b577dL;0.500000;1503108082;1503108083
0;128;8048;0xf505fceae7c0693161f297bbddfd52eff018561631ade538d8203de93befe030;0xc81d66d227fe9ea39557ab1ba817771fe7c17f5dca4479ee6dba2e40670f00c7;0xf0affccc;0x98c773ebL;0.500000;1503108083;1503108083
0;128;8048;0xf505fceae7c0693161f297bbddfd52eff018561631ade538d8203de93befe030;0xc81d66d227fe9ea39557ab1ba817771fe7c17f5dca4479ee6dba2e40670f00c7;0xf0affccc;0x98c773ebL;0.500000;1503108083;1503108083
0;128;8048;0xf505fceae7c0693161f297bbddfd52eff018561631ade538d8203de93befe030;0xc81d66d227fe9ea39557ab1ba817771fe7c17f5dca4479ee6dba2e40670f00c7;0xf0affccc;0x98c773ebL;0.500000;1503108083;1503108084
1;128;8048;0x8a9fd0a2c64164b4a5a8c009f2bd9e825fa53eb930c5ef49cdd0f843acccab36;0xad7efd5afb591130ee0931626a2fc917d2a622d029d990079445c24a5e1c90c9;0xefaa2491;0xefaa2491L;0.500000;1503108084;1503108084
1;128;8048;0x8a9fd0a2c64164b4a5a8c009f2bd9e825fa53eb930c5ef49cdd0f843acccab36;0xad7efd5afb591130ee0931626a2fc917d2a622d029d990079445c24a5e1c90c9;0xefaa2491;0xefaa2491L;0.500000;1503108084;1503108084
1;128;8048;0x8a9fd0a2c64164b4a5a8c009f2bd9e825fa53eb930c5ef49cdd0f843acccab36;0xad7efd5afb591130ee0931626a2fc917d2a622d029d990079445c24a5e1c90c9;0xefaa2491;0xefaa2491L;0.500000;1503108084;1503108084
1;128;8048;0x8a9fd0a2c64164b4a5a8c009f2bd9e825fa53eb930c5ef49cdd0f843acccab36;0xad7efd5afb591130ee0931626a2fc917d2a622d029d990079445c24a5e1c90c9;0xefaa2491;0xefaa2491L;0.500000;1503108085;1503108085
0;128;8048;0xa46750610fcda1df7b536a740069255cca7d5bbf5f625f517ac45b8ecf22d873;0xa882594cecef55d61ba75b0bace6e91f0ead9961650b75db611fe11243d84b70;0xea55bfac;0x973ca8cbL;0.500000;1503108085;1503108085
0;128;8048;0xa46750610fcda1df7b536a740069255cca7d5bbf5f625f517ac45b8ecf22d873;0xa882594cecef55d61ba75b0bace6e91f0ead9961650b75db611fe11243d84b70;0xea55bfac;0x973ca8cbL;0.500000;1503108085;1503108085
