1;128;8048;0xc4cf2ff45422a3c17fa12a16a59a6760fb2d32ae086378d07902f3b39ee9c862;0xf5623ef8dd535ec405d9a54cc9501ca49245f730a9378367f12a84914659a5d6;0x70b4203a;0x70b4203aL;0.500000;1503083491;1503083491
1;128;8048;0xc4cf2ff45422a3c17fa12a16a59a6760fb2d32ae086378d07902f3b39ee9c862;0xf5623ef8dd535ec405d9a54cc9501ca49245f730a9378367f12a84914659a5d6;0x70b4203a;0x70b4203aL;0.500000;1503083491;1503083492
1;128;8048;0xa3bda09be8d4323f145588d38cec6be66b1fc91b852d44b903cc9cf072fab815;0xa45d24b5c9ac4c6c51a4042c9e7ce6527d25ab73bb5f00a01e54ba97eade7777;0x9a0c4359;0x9a0c4359L;0.500000;1503083492;1503083492
1;128;8048;0xa3bda09be8d4323f145588d38cec6be66b1fc91b852d44b903cc9cf072fab815;0xa45d24b5c9ac4c6c51a4042c9e7ce6527d25ab73bb5f00a01e54ba97eade7777;0x9a0c4359;0x9a0c4359L;0.500000;1503083492;1503083492
1;128;8048;0xa3bda09be8d4323f145588d38cec6be66b1fc91b852d44b903cc9cf072fab815;0xa45d24b5c9ac4c6c51a4042c9e7ce6527d25ab73bb5f00a01e54ba97eade7777;0x9a0c4359;0x9a0c4359L;0.500000;1503083492;1503083493
0;128;8048;0x7ce9718d3d722ecde8aa4ac206d3bc403a4561708a6c6801dab9f2a8373471b3;0xf52c07b266706bbc1d55bb1f4213506f46b66904da77a87e28dee11f174e1570;0x2efd7a71;0x7110cae0L;0.500000;1503083493;1503083493
0;128;8048;0x7ce9718d3d722ecde8aa4ac206d3bc403a4561708a6c6801dab9f2a8373471b3;0xf52c07b266706bbc1d55bb1f4213506f46b66904da77a87e28dee11f174e1570;0x2efd7a71;0x7110cae0L;0.500000;1503083493;1503083493
0;128;8048;0x7ce9718d3d722ecde8aa4ac206d3bc403a4561708a6c6801dab9f2a8373471b3;0xf52c07b266706bbc1d55bb1f4213506f46b66904da77a87e28dee11f174e1570;0x2efd7a71;0x7110cae0L;0.500000;1503083494;1503083494
1;128;8048;0xe528df8a43977986323c0c9c8bf98cef6251510f71051e31f2f374d7def415c3;0xeb6e5adccf11f9bd562cfa64e9ffcfff279b5f72964979d7451f3f3b23b8c4ae;0x97c594a6;0x97c594a6L;0.500000;1503083494;1503083494
1;128;8048;0xe528df8a43977986323c0c9c8bf98cef6251510f71051e31f2f374d7def415c3;0xeb6e5adccf11f9bd562cfa64e9ffcfff279b5f72964979d7451f3f3b23b8c4ae;0x97c594a6;0x97c594a6L;0.500000;1503083494;1503083495
1;128;8048;0x1e4f99decc769de51bc8dc0b83a25311997e965b12884e9fc9f3dac879dca098;0xa2dcad60f4d5cf515ae030e8297582aaadd7ae6fc4f5cd0c988cb99d83667218;0xf36412e6;0xf36412e6L;0.500000;1503083495;1503083495
1;128;8048;0x1e4f99decc769de51bc8dc0b83a25311997e965b12884e9fc9f3dac879dca098;0xa2dcad60f4d5cf515ae030e8297582aaadd7ae6fc4f5cd0c988cb99d83667218;0xf36412e6;0xf36412e6L;0.500000;1503083495;1503083495
1;128;8048;0x1e4f99decc769de51bc8dc0b83a25311997e965b12884e9fc9f3dac879dca098;0xa2dcad60f4d5cf515ae030e8297582aaadd7ae6fc4f5cd0c988cb99d83667218;0xf36412e6;0xf36412e6L;0.500000;1503083495;1503083496
1;128;8048;0x3d3ca01cf3474fedb116f403a4c290dc7a78a5fdcdc1c25642828ddda9258ae6;0x26d4c407ba927c21e7554c115549325f4be38bc76f19633c267af145c1d37b81;0x077a3018;0x77a3018L;0.500000;1503083496;1503083496
1;128;8048;0x3d3ca01cf3474fedb116f403a4c290dc7a78a5fdcdc1c25642828ddda9258ae6;0x26d4c407ba927c21e7554c115549325f4be38bc76f19633c267af145c1d37b81;0x077a3018;0x77a3018L;0.500000;1503083496;1503083497
1;128;8048;0x35cad3ac26213fabc35ba8da610e24a08ef736508bbbbf56558f4ff33c44e572;0xaf7897476c99ee849d2ddc02db34d77528d08fb8515b1434d91ea975c4b8a199;0x588279e1;0x588279e1L;0.500000;1503083497;1503083497
1;128;8048;0x35cad3ac26213fabc35ba8da610e24a08ef736508bbbbf56558f4ff33c44e572;0xaf7897476c99ee849d2ddc02db34d77528d08fb8515b1434d91ea975c4b8a199;0x588279e1;0x588279e1L;0.500000;1503083497;1503083497
1;128;8048;0x35cad3ac26213fabc35ba8da610e24a08ef736508bbbbf56558f4ff33c44e572;0xaf7897476c99ee849d2ddc02db34d77528d08fb8515b1434d91ea975c4b8a199;0x588279e1;0x588279e1L;0.500000;1503083497;1503083498
0;128;8048;0xff655f935e51c3d3cc2a5a0377b3541860db33bc400ab4eff464de2fea6e1ae9;0x127507ed1cf273e7e5c4fb27a6ca479ad85cba50894bba42b7edfe4f598891a1;0x7324109a;0x19ee5834L;0.500000;1503083498;1503083498
0;128;8048;0xff655f935e51c3d3cc2a5a0377b3541860db33bc400ab4eff464de2fea6e1ae9;0x127507ed1cf273e7e5c4fb27a6ca479ad85cba50894bba42b7edfe4f598891a1;0x7324109a;0x19ee5834L;0.500000;1503083498;1503083498
