1;128;8048;0x3f15db24974f2d9300417a72039bd70c6273200172f96ee84ff48d82d30ad112;0xdb880e15a4b06786e9a1e621916dbe70ab8dd3a55aabbc0229c1369206c88e6b;0x790f0636;0x790f0636L;0.500000;1503081141;1503081142
1;128;8048;0xc83a39ee811e7425737ebfafd7ffeb4384ef93c4262025d69d764339ed0fa6b5;0xb50eb5cc91d9607aa48bdedc4b2d2a045406d11a672d2bd7c4d96bc51bead401;0x6cc44624;0x6cc44624L;0.500000;1503081142;1503081142
1;128;8048;0xc83a39ee811e7425737ebfafd7ffeb4384ef93c4262025d69d764339ed0fa6b5;0xb50eb5cc91d9607aa48bdedc4b2d2a045406d11a672d2bd7c4d96bc51bead401;0x6cc44624;0x6cc44624L;0.500000;1503081142;1503081142
1;128;8048;0xc83a39ee811e7425737ebfafd7ffeb4384ef93c4262025d69d764339ed0fa6b5;0xb50eb5cc91d9607aa48bdedc4b2d2a045406d11a672d2bd7c4d96bc51bead401;0x6cc44624;0x6cc44624L;0.500000;1503081142;1503081143
1;128;8048;0x1842dc50d7ec877b44c644bd02d6e9a9b29b1db5db6fea05ce8c420dbf61a6d8;0x3004e04be77acae9625c8286212dc05bd952c5f2610279ae39b090bf0d0226cd;0x8d8b4037;0x8d8b4037L;0.500000;1503081143;1503081143
1;128;8048;0x1842dc50d7ec877b44c644bd02d6e9a9b29b1db5db6fea05ce8c420dbf61a6d8;0x3004e04be77acae9625c8286212dc05bd952c5f2610279ae39b090bf0d0226cd;0x8d8b4037;0x8d8b4037L;0.500000;1503081143;1503081143
1;128;8048;0x1842dc50d7ec877b44c644bd02d6e9a9b29b1db5db6fea05ce8c420dbf61a6d8;0x3004e04be77acae9625c8286212dc05bd952c5f2610279ae39b090bf0d0226cd;0x8d8b4037;0x8d8b4037L;0.500000;1503081144;1503081144
1;128;8048;0x0f4b385991f938049d888a1515a3b774713d1a19c680bb606c945f67869f8396;0x6af0b2fc12ee4950b958afec90adb601376210bcb35466c112b9ccb2095ce05e;0xd6141693;0xd6141693L;0.500000;1503081144;1503081144
1;128;8048;0x0f4b385991f938049d888a1515a3b774713d1a19c680bb606c945f67869f8396;0x6af0b2fc12ee4950b958afec90adb601376210bcb35466c112b9ccb2095ce05e;0xd6141693;0xd6141693L;0.500000;1503081144;1503081144
0;128;8048;0x2cb03fc9c309f01bf9995c2ad857586a5f869459cfa548902efcc9eaf5817b21;0x07754a7b9ab246a7185db943d6242002c4332690baacb080cdd26a08e7ddacbc;0x3ce34778;0x1307677aL;0.500000;1503081145;1503081145
0;128;8048;0x2cb03fc9c309f01bf9995c2ad857586a5f869459cfa548902efcc9eaf5817b21;0x07754a7b9ab246a7185db943d6242002c4332690baacb080cdd26a08e7ddacbc;0x3ce34778;0x1307677aL;0.500000;1503081145;1503081145
0;128;8048;0x2cb03fc9c309f01bf9995c2ad857586a5f869459cfa548902efcc9eaf5817b21;0x07754a7b9ab246a7185db943d6242002c4332690baacb080cdd26a08e7ddacbc;0x3ce34778;0x1307677aL;0.500000;1503081145;1503081146
0;128;8048;0xdf07a47e15544686930cd08e119d5196a7d9dfcedf6a0926802f30eae5f20dc4;0xe825675f8202b9c25965570d4e24b3dfdd25bec0bdf2acfca235c83d3b68379d;0x86d3a654;0xa46484ffL;0.500000;1503081146;1503081146
0;128;8048;0xdf07a47e15544686930cd08e119d5196a7d9dfcedf6a0926802f30eae5f20dc4;0xe825675f8202b9c25965570d4e24b3dfdd25bec0bdf2acfca235c83d3b68379d;0x86d3a654;0xa46484ffL;0.500000;1503081146;1503081146
0;128;8048;0xdf07a47e15544686930cd08e119d5196a7d9dfcedf6a0926802f30eae5f20dc4;0xe825675f8202b9c25965570d4e24b3dfdd25bec0bdf2acfca235c83d3b68379d;0x86d3a654;0xa46484ffL;0.500000;1503081146;1503081146
1;128;8048;0x631ad25dde054e4958aaf4a1b5bd6009c0efe888c54f53ae70661f1dad7b4111;0xc8587a63db8759b61243b8e7da6c3815dc753175ce99bb6f3dee2d10c8145362;0xbb8ca0ec;0xbb8ca0ecL;0.500000;1503081147;1503081147
1;128;8048;0x631ad25dde054e4958aaf4a1b5bd6009c0efe888c54f53ae70661f1dad7b4111;0xc8587a63db8759b61243b8e7da6c3815dc753175ce99bb6f3dee2d10c8145362;0xbb8ca0ec;0xbb8ca0ecL;0.500000;1503081147;1503081147
1;128;8048;0x631ad25dde054e4958aaf4a1b5bd6009c0efe888c54f53ae70661f1dad7b4111;0xc8587a63db8759b61243b8e7da6c3815dc753175ce99bb6f3dee2d10c8145362;0xbb8ca0ec;0xbb8ca0ecL;0.500000;1503081147;1503081148
1;128;8048;0xc5e0d41677b11db3c33e2db122717950a6764b7da45234ca5b2d66a15ad5e720;0xb7dfd28581f43f214c0e9ad998b187c14f7373e35b2248f2619609a33862b39f;0x2f80fe1f;0x2f80fe1fL;0.500000;1503081148;1503081148
1;128;8048;0xc5e0d41677b11db3c33e2db122717950a6764b7da45234ca5b2d66a15ad5e720;0xb7dfd28581f43f214c0e9ad998b187c14f7373e35b2248f2619609a33862b39f;0x2f80fe1f;0x2f80fe1fL;0.500000;1503081148;1503081148
