1;128;8048;0x626974cea2d36032e7d06aea6e88f1abedc40b7a2ec325775660e4f4d752eb39;0xb80a2569049f955616392fa59db3eff67e0a35985965f8831e56fbe11f6807fd;0x92345825;0x92345825L;0.500000;1503096246;1503096246
1;128;8048;0x626974cea2d36032e7d06aea6e88f1abedc40b7a2ec325775660e4f4d752eb39;0xb80a2569049f955616392fa59db3eff67e0a35985965f8831e56fbe11f6807fd;0x92345825;0x92345825L;0.500000;1503096246;1503096246
1;128;8048;0x626974cea2d36032e7d06aea6e88f1abedc40b7a2ec325775660e4f4d752eb39;0xb80a2569049f955616392fa59db3eff67e0a35985965f8831e56fbe11f6807fd;0x92345825;0x92345825L;0.500000;1503096246;1503096247
0;128;8048;0x66c1231338af394aa0b1c2b48078177f6b2631c75f88f8c10cea294670b83fd6;0x311adf60751124f65df5c2006493b2b2099da744373a6c03c440aef1b6a5a925;0xf4fcec9b;0x59909f4dL;0.500000;1503096247;1503096247
0;128;8048;0x66c1231338af394aa0b1c2b48078177f6b2631c75f88f8c10cea294670b83fd6;0x311adf60751124f65df5c2006493b2b2099da744373a6c03c440aef1b6a5a925;0xf4fcec9b;0x59909f4dL;0.500000;1503096247;1503096247
0;128;8048;0x66c1231338af394aa0b1c2b48078177f6b2631c75f88f8c10cea294670b83fd6;0x311adf60751124f65df5c2006493b2b2099da744373a6c03c440aef1b6a5a925;0xf4fcec9b;0x59909f4dL;0.500000;1503096247;1503096247
0;128;8048;0x66c1231338af394aa0b1c2b48078177f6b2631c75f88f8c10cea294670b83fd6;0x311adf60751124f65df5c2006493b2b2099da744373a6c03c440aef1b6a5a925;0xf4fcec9b;0x59909f4dL;0.500000;1503096247;1503096248
1;128;8048;0xbe20bd150908bf0b8c0e8dea78a95c78ece19988eb025b3dcef1e2013880c1f6;0x146db283eb4ca6a54c1179c248405d0e15da4ed8aea04651bebc35871aa93edb;0x624aa442;0x624aa442L;0.500000;1503096248;1503096248
1;128;8048;0xbe20bd150908bf0b8c0e8dea78a95c78ece19988eb025b3dcef1e2013880c1f6;0x146db283eb4ca6a54c1179c248405d0e15da4ed8aea04651bebc35871aa93edb;0x624aa442;0x624aa442L;0.500000;1503096248;1503096248
1;128;8048;0xbe20bd150908bf0b8c0e8dea78a95c78ece19988eb025b3dcef1e2013880c1f6;0x146db283eb4ca6a54c1179c248405d0e15da4ed8aea04651bebc35871aa93edb;0x624aa442;0x624aa442L;0.500000;1503096248;1503096248
1;128;8048;0x5ea16d57052322596d31ab7f153fefb11cbcfd81ef028e7327a2744e61df4bc0;0x968a386931b0338ede7c3547e609839d9206c0b02f4db59b36cf63bf39ac98d1;0x7a3e6f9b;0x7a3e6f9bL;0.500000;1503096249;1503096249
1;128;8048;0x5ea16d57052322596d31ab7f153fefb11cbcfd81ef028e7327a2744e61df4bc0;0x968a386931b0338ede7c3547e609839d9206c0b02f4db59b36cf63bf39ac98d1;0x7a3e6f9b;0x7a3e6f9bL;0.500000;1503096249;1503096249
1;128;8048;0x5ea16d57052322596d31ab7f153fefb11cbcfd81ef028e7327a2744e61df4bc0;0x968a386931b0338ede7c3547e609839d9206c0b02f4db59b36cf63bf39ac98d1;0x7a3e6f9b;0x7a3e6f9bL;0.500000;1503096249;1503096249
1;128;8048;0x5ea16d57052322596d31ab7f153fefb11cbcfd81ef028e7327a2744e61df4bc0;0x968a386931b0338ede7c3547e609839d9206c0b02f4db59b36cf63bf39ac98d1;0x7a3e6f9b;0x7a3e6f9bL;0.500000;1503096249;1503096250
1;128;8048;0x70000b9a81cf603a2bb0973b46cc638ae835b9571e0767e45b4fb4bc8107ccf1;0xe5c4f0a2096e6f73d3508151b5d6bb11a90c5a540c334d5de51a86139591534b;0xc24a89f0;0xc24a89f0L;0.500000;1503096250;1503096250
1;128;8048;0x70000b9a81cf603a2bb0973b46cc638ae835b9571e0767e45b4fb4bc8107ccf1;0xe5c4f0a2096e6f73d3508151b5d6bb11a90c5a540c334d5de51a86139591534b;0xc24a89f0;0xc24a89f0L;0.500000;1503096250;1503096250
1;128;8048;0x70000b9a81cf603a2bb0973b46cc638ae835b9571e0767e45b4fb4bc8107ccf1;0xe5c4f0a2096e6f73d3508151b5d6bb11a90c5a540c334d5de51a86139591534b;0xc24a89f0;0xc24a89f0L;0.500000;1503096250;1503096250
1;128;8048;0x70000b9a81cf603a2bb0973b46cc638ae835b9571e0767e45b4fb4bc8107ccf1;0xe5c4f0a2096e6f73d3508151b5d6bb11a90c5a540c334d5de51a86139591534b;0xc24a89f0;0xc24a89f0L;0.500000;1503096250;1503096251
0;128;8048;0xe0334d37e34aa7a6193449826855e4da7ae3ac9d1922a08c126cb033c504ffa5;0xf133f6bdab302ea1760ab7386012aeac58a848620818bd379e046a9d4ffb718f;0xf19f50ea;0x51b1ff96L;0.500000;1503096251;1503096251
0;128;8048;0xe0334d37e34aa7a6193449826855e4da7ae3ac9d1922a08c126cb033c504ffa5;0xf133f6bdab302ea1760ab7386012aeac58a848620818bd379e046a9d4ffb718f;0xf19f50ea;0x51b1ff96L;0.500000;1503096251;1503096251
