1;128;8048;0xc4765700fb571f8b39916b6d223bb83b088dec137cbfd3bda8d1b2a1ec9638b0;0xfe5db5ccc3d0a3cf815b7aba258caa7537e058a2ce1aaa429a2c9553ceffe60e;0x0c4bcf6b;0xc4bcf6bL;0.500000;1503135719;1503135719
1;128;8048;0xc4765700fb571f8b39916b6d223bb83b088dec137cbfd3bda8d1b2a1ec9638b0;0xfe5db5ccc3d0a3cf815b7aba258caa7537e058a2ce1aaa429a2c9553ceffe60e;0x0c4bcf6b;0xc4bcf6bL;0.500000;1503135719;1503135719
1;128;8048;0xc4765700fb571f8b39916b6d223bb83b088dec137cbfd3bda8d1b2a1ec9638b0;0xfe5db5ccc3d0a3cf815b7aba258caa7537e058a2ce1aaa429a2c9553ceffe60e;0x0c4bcf6b;0xc4bcf6bL;0.500000;1503135719;1503135720
1;128;8048;0x5623a39c46fcea4b81f33f231c25e4a35926eca55f79928bd33ebd53ce7fb024;0xf93313eca8df6930ecb5f1e3963979e2830eaa939ad0474727e56a054742f158;0xcbd775b5;0xcbd775b5L;0.500000;1503135720;1503135720
1;128;8048;0x5623a39c46fcea4b81f33f231c25e4a35926eca55f79928bd33ebd53ce7fb024;0xf93313eca8df6930ecb5f1e3963979e2830eaa939ad0474727e56a054742f158;0xcbd775b5;0xcbd775b5L;0.500000;1503135720;1503135720
1;128;8048;0x5623a39c46fcea4b81f33f231c25e4a35926eca55f79928bd33ebd53ce7fb024;0xf93313eca8df6930ecb5f1e3963979e2830eaa939ad0474727e56a054742f158;0xcbd775b5;0xcbd775b5L;0.500000;1503135720;1503135720
1;128;8048;0x5623a39c46fcea4b81f33f231c25e4a35926eca55f79928bd33ebd53ce7fb024;0xf93313eca8df6930ecb5f1e3963979e2830eaa939ad0474727e56a054742f158;0xcbd775b5;0xcbd775b5L;0.500000;1503135720;1503135721
1;128;8048;0x4f358154960ae1e339bd55a15614dff7d2c905f33506f94e744fb4b936e2aa85;0xb7bc4f0ea791b5852af52c7fbc0441bf7a9540f36b7ddf724879bb201d15cc8c;0x634375ac;0x634375acL;0.500000;1503135721;1503135721
1;128;8048;0x4f358154960ae1e339bd55a15614dff7d2c905f33506f94e744fb4b936e2aa85;0xb7bc4f0ea791b5852af52c7fbc0441bf7a9540f36b7ddf724879bb201d15cc8c;0x634375ac;0x634375acL;0.500000;1503135721;1503135721
1;128;8048;0x4f358154960ae1e339bd55a15614dff7d2c905f33506f94e744fb4b936e2aa85;0xb7bc4f0ea791b5852af52c7fbc0441bf7a9540f36b7ddf724879bb201d15cc8c;0x634375ac;0x634375acL;0.500000;1503135721;1503135721
1;128;8048;0x4f358154960ae1e339bd55a15614dff7d2c905f33506f94e744fb4b936e2aa85;0xb7bc4f0ea791b5852af52c7fbc0441bf7a9540f36b7ddf724879bb201d15cc8c;0x634375ac;0x634375acL;0.500000;1503135722;1503135722
1;128;8048;0xd99d3b0858098045d48c141cfc46cc32fe8b1b5b92663c37016be04bb6867b8f;0xacb7b99c23ec63e187a74a1fa7e666b0ece2cf3cd455fd2df71ade1e12440813;0x91709dec;0x91709decL;0.500000;1503135722;1503135722
1;128;8048;0xd99d3b0858098045d48c141cfc46cc32fe8b1b5b92663c37016be04bb6867b8f;0xacb7b99c23ec63e187a74a1fa7e666b0ece2cf3cd455fd2df71ade1e12440813;0x91709dec;0x91709decL;0.500000;1503135722;1503135722
1;128;8048;0xd99d3b0858098045d48c141cfc46cc32fe8b1b5b92663c37016be04bb6867b8f;0xacb7b99c23ec63e187a74a1fa7e666b0ece2cf3cd455fd2df71ade1e12440813;0x91709dec;0x91709decL;0.500000;1503135722;1503135723
1;128;8048;0xe37e7de86935fa1d91097a43ce2f199ccbce70bef544dbf0d178b55bb44f7197;0xd42960949c868e27f29f7a4c64741834a044e68a7e232de808dfb1c18592de98;0xca5ea24f;0xca5ea24fL;0.500000;1503135723;1503135723
1;128;8048;0xe37e7de86935fa1d91097a43ce2f199ccbce70bef544dbf0d178b55bb44f7197;0xd42960949c868e27f29f7a4c64741834a044e68a7e232de808dfb1c18592de98;0xca5ea24f;0xca5ea24fL;0.500000;1503135723;1503135723
1;128;8048;0xe37e7de86935fa1d91097a43ce2f199ccbce70bef544dbf0d178b55bb44f7197;0xd42960949c868e27f29f7a4c64741834a044e68a7e232de808dfb1c18592de98;0xca5ea24f;0xca5ea24fL;0.500000;1503135723;1503135724
1;128;8048;0xeeb4591f5d79768c972c26e8ebfc048f1e7719f87c8c90bb3a65e4669506be83;0xe16b08eb655266e2a4cbc5605376aabd60ff58e8b8334665443db74cbc9f6a0d;0xe68117c1;0xe68117c1L;0.500000;1503135724;1503135724
1;128;8048;0xeeb4591f5d79768c972c26e8ebfc048f1e7719f87c8c90bb3a65e4669506be83;0xe16b08eb655266e2a4cbc5605376aabd60ff58e8b8334665443db74cbc9f6a0d;0xe68117c1;0xe68117c1L;0.500000;1503135724;1503135724
1;128;8048;0xeeb4591f5d79768c972c26e8ebfc048f1e7719f87c8c90bb3a65e4669506be83;0xe16b08eb655266e2a4cbc5605376aabd60ff58e8b8334665443db74cbc9f6a0d;0xe68117c1;0xe68117c1L;0.500000;1503135724;1503135724
