0;128;8048;0xc99d4fdf52ad3b5e62cbf0fc93b7d6578762923a48afe538c61b1576843e454d;0x83ab5d35c037ed2d08aaa06865466d17b8fc920e04e09017b984005278de81fd;0xc2c72c71;0x280d9988L;0.500000;1503133129;1503133129
0;128;8048;0xd871920cee980bc20f7951e4dd009d9c1e11c295260d56b192c6a3a0a5d28a7e;0x622d2636d62550bf758615fe12b5489122c050d46cdfd66b43a61789805a09fc;0x4ef1c435;0x61a70cc6L;0.500000;1503133129;1503133129
0;128;8048;0xd871920cee980bc20f7951e4dd009d9c1e11c295260d56b192c6a3a0a5d28a7e;0x622d2636d62550bf758615fe12b5489122c050d46cdfd66b43a61789805a09fc;0x4ef1c435;0x61a70cc6L;0.500000;1503133129;1503133129
0;128;8048;0xd871920cee980bc20f7951e4dd009d9c1e11c295260d56b192c6a3a0a5d28a7e;0x622d2636d62550bf758615fe12b5489122c050d46cdfd66b43a61789805a09fc;0x4ef1c435;0x61a70cc6L;0.500000;1503133129;1503133130
1;128;8048;0xc4e7906115dd6f9c97229d9a9b08a59b789263271412c8c1f216777b172104db;0x39c95c8c18706d504f998249a08a399506b1525fdaa4f0ad17d62acbd6550189;0x9c18e68e;0x9c18e68eL;0.500000;1503133130;1503133130
1;128;8048;0xc4e7906115dd6f9c97229d9a9b08a59b789263271412c8c1f216777b172104db;0x39c95c8c18706d504f998249a08a399506b1525fdaa4f0ad17d62acbd6550189;0x9c18e68e;0x9c18e68eL;0.500000;1503133130;1503133130
1;128;8048;0xc4e7906115dd6f9c97229d9a9b08a59b789263271412c8c1f216777b172104db;0x39c95c8c18706d504f998249a08a399506b1525fdaa4f0ad17d62acbd6550189;0x9c18e68e;0x9c18e68eL;0.500000;1503133130;1503133130
1;128;8048;0xc4e7906115dd6f9c97229d9a9b08a59b789263271412c8c1f216777b172104db;0x39c95c8c18706d504f998249a08a399506b1525fdaa4f0ad17d62acbd6550189;0x9c18e68e;0x9c18e68eL;0.500000;1503133130;1503133131
1;128;8048;0x05e85d05446b32dd57c6d447c97c25cf7b815455dd9fdfcbcaa6bcdc314c3536;0x6fef1d66e0ca3840b2a1dfae02f1b1f04e28bf76ce83e8c958683fede4443d5f;0xa8bdf28d;0xa8bdf28dL;0.500000;1503133131;1503133131
1;128;8048;0x05e85d05446b32dd57c6d447c97c25cf7b815455dd9fdfcbcaa6bcdc314c3536;0x6fef1d66e0ca3840b2a1dfae02f1b1f04e28bf76ce83e8c958683fede4443d5f;0xa8bdf28d;0xa8bdf28dL;0.500000;1503133131;1503133131
1;128;8048;0x05e85d05446b32dd57c6d447c97c25cf7b815455dd9fdfcbcaa6bcdc314c3536;0x6fef1d66e0ca3840b2a1dfae02f1b1f04e28bf76ce83e8c958683fede4443d5f;0xa8bdf28d;0xa8bdf28dL;0.500000;1503133131;1503133131
1;128;8048;0x05e85d05446b32dd57c6d447c97c25cf7b815455dd9fdfcbcaa6bcdc314c3536;0x6fef1d66e0ca3840b2a1dfae02f1b1f04e28bf76ce83e8c958683fede4443d5f;0xa8bdf28d;0xa8bdf28dL;0.500000;1503133131;1503133132
1;128;8048;0xc6db46b92070668cddcb2d448bfe2f27d317d9dbe9a313b68935dc1261f6f027;0x22c3d281464318b4744c74f122989ce50dc835528fe5b6ea08a713000ce9a55d;0x63c73c0c;0x63c73c0cL;0.500000;1503133132;1503133132
1;128;8048;0xc6db46b92070668cddcb2d448bfe2f27d317d9dbe9a313b68935dc1261f6f027;0x22c3d281464318b4744c74f122989ce50dc835528fe5b6ea08a713000ce9a55d;0x63c73c0c;0x63c73c0cL;0.500000;1503133132;1503133132
1;128;8048;0xc6db46b92070668cddcb2d448bfe2f27d317d9dbe9a313b68935dc1261f6f027;0x22c3d281464318b4744c74f122989ce50dc835528fe5b6ea08a713000ce9a55d;0x63c73c0c;0x63c73c0cL;0.500000;1503133132;1503133132
1;128;8048;0xfa8f56d2ecd9c56a0f792a777a7f9e1b15234825575d958b17adc7909b803895;0x4e165305383983cfbddaa47024adf216f77b3fa24a1963347c3e51a8b7fad6f9;0x06bf3c9b;0x6bf3c9bL;0.500000;1503133133;1503133133
1;128;8048;0xfa8f56d2ecd9c56a0f792a777a7f9e1b15234825575d958b17adc7909b803895;0x4e165305383983cfbddaa47024adf216f77b3fa24a1963347c3e51a8b7fad6f9;0x06bf3c9b;0x6bf3c9bL;0.500000;1503133133;1503133133
1;128;8048;0xfa8f56d2ecd9c56a0f792a777a7f9e1b15234825575d958b17adc7909b803895;0x4e165305383983cfbddaa47024adf216f77b3fa24a1963347c3e51a8b7fad6f9;0x06bf3c9b;0x6bf3c9bL;0.500000;1503133133;1503133133
1;128;8048;0xfa8f56d2ecd9c56a0f792a777a7f9e1b15234825575d958b17adc7909b803895;0x4e165305383983cfbddaa47024adf216f77b3fa24a1963347c3e51a8b7fad6f9;0x06bf3c9b;0x6bf3c9bL;0.500000;1503133133;1503133134
1;128;8048;0xbc0e901e221c1e24bd066a17a058cff1764a2055c7674c4f4f86fca142e78efe;0xd0d12e6067aa13962f391a9ed6d357278e454932afdcf329bccebb951ca52268;0xecca8a6f;0xecca8a6fL;0.500000;1503133134;1503133134
