1;128;8048;0x428663fa074c08367792f74dc9899e4906fb4a3949c3da156b1958575e7be1a1;0xf24d52e2439e5f8c722a5d697bc32bbc3f5ea8d35566fcbbfd08730f6afd7f94;0x7c9da3b4;0x7c9da3b4L;0.500000;1503112709;1503112709
1;128;8048;0x1de9cd0852945b8c4759172eb88cba18830641bbb8c812c0fa37e58e2e49944c;0xaf7d548925b7c79f22353f685e396fc522440ec9da33ef7972c3d028900058a0;0x04b8a2cc;0x4b8a2ccL;0.500000;1503112709;1503112709
1;128;8048;0x1de9cd0852945b8c4759172eb88cba18830641bbb8c812c0fa37e58e2e49944c;0xaf7d548925b7c79f22353f685e396fc522440ec9da33ef7972c3d028900058a0;0x04b8a2cc;0x4b8a2ccL;0.500000;1503112709;1503112709
1;128;8048;0x1de9cd0852945b8c4759172eb88cba18830641bbb8c812c0fa37e58e2e49944c;0xaf7d548925b7c79f22353f685e396fc522440ec9da33ef7972c3d028900058a0;0x04b8a2cc;0x4b8a2ccL;0.500000;1503112709;1503112710
0;128;8048;0x3aa99827a012bfcebb1c29b76950d7aef34baaa4ffbf41e28428254b3a77df74;0xe45a37ffc16c533637adccaa37a3f279fc56177c7c6acad6985a1d5c97c2fd94;0x8dfca461;0xc5a096daL;0.500000;1503112710;1503112710
0;128;8048;0x3aa99827a012bfcebb1c29b76950d7aef34baaa4ffbf41e28428254b3a77df74;0xe45a37ffc16c533637adccaa37a3f279fc56177c7c6acad6985a1d5c97c2fd94;0x8dfca461;0xc5a096daL;0.500000;1503112710;1503112710
0;128;8048;0x3aa99827a012bfcebb1c29b76950d7aef34baaa4ffbf41e28428254b3a77df74;0xe45a37ffc16c533637adccaa37a3f279fc56177c7c6acad6985a1d5c97c2fd94;0x8dfca461;0xc5a096daL;0.500000;1503112710;1503112710
0;128;8048;0x3aa99827a012bfcebb1c29b76950d7aef34baaa4ffbf41e28428254b3a77df74;0xe45a37ffc16c533637adccaa37a3f279fc56177c7c6acad6985a1d5c97c2fd94;0x8dfca461;0xc5a096daL;0.500000;1503112711;1503112711
1;128;8048;0x328a4042a71ce11659059fc9fdfec8912d3a27600606e08356b76613c1acc3f4;0x0e767f40233fec79b40e8ac16e1dde2b2e7f5c651ea6080ed5522aa6ecfbc0ea;0x365e1b15;0x365e1b15L;0.500000;1503112711;1503112711
1;128;8048;0x328a4042a71ce11659059fc9fdfec8912d3a27600606e08356b76613c1acc3f4;0x0e767f40233fec79b40e8ac16e1dde2b2e7f5c651ea6080ed5522aa6ecfbc0ea;0x365e1b15;0x365e1b15L;0.500000;1503112711;1503112711
1;128;8048;0x328a4042a71ce11659059fc9fdfec8912d3a27600606e08356b76613c1acc3f4;0x0e767f40233fec79b40e8ac16e1dde2b2e7f5c651ea6080ed5522aa6ecfbc0ea;0x365e1b15;0x365e1b15L;0.500000;1503112711;1503112712
1;128;8048;0xc6b40d6fadb2979cbb0d921115de65d1b08bc1e6f5a8b248f3be323a068618cc;0x415d205af34b537ea074b0123b8ca628e7618f4115036a92ee2259e0227fd9a8;0xd1742edf;0xd1742edfL;0.500000;1503112712;1503112712
1;128;8048;0xc6b40d6fadb2979cbb0d921115de65d1b08bc1e6f5a8b248f3be323a068618cc;0x415d205af34b537ea074b0123b8ca628e7618f4115036a92ee2259e0227fd9a8;0xd1742edf;0xd1742edfL;0.500000;1503112712;1503112712
1;128;8048;0xc6b40d6fadb2979cbb0d921115de65d1b08bc1e6f5a8b248f3be323a068618cc;0x415d205af34b537ea074b0123b8ca628e7618f4115036a92ee2259e0227fd9a8;0xd1742edf;0xd1742edfL;0.500000;1503112712;1503112712
1;128;8048;0xc6b40d6fadb2979cbb0d921115de65d1b08bc1e6f5a8b248f3be323a068618cc;0x415d205af34b537ea074b0123b8ca628e7618f4115036a92ee2259e0227fd9a8;0xd1742edf;0xd1742edfL;0.500000;1503112712;1503112713
0;128;8048;0x875ca580cc6959c1db6d6c042e14eab0398b1f780b14e0b60d2ba1bba7c19a2f;0x0506157d33e4422756236f8a1d4b8a618e7bd085506844450954cd9ac5375557;0x448e350d;0x61d9bf6eL;0.500000;1503112713;1503112713
0;128;8048;0x875ca580cc6959c1db6d6c042e14eab0398b1f780b14e0b60d2ba1bba7c19a2f;0x0506157d33e4422756236f8a1d4b8a618e7bd085506844450954cd9ac5375557;0x448e350d;0x61d9bf6eL;0.500000;1503112713;1503112713
0;128;8048;0x875ca580cc6959c1db6d6c042e14eab0398b1f780b14e0b60d2ba1bba7c19a2f;0x0506157d33e4422756236f8a1d4b8a618e7bd085506844450954cd9ac5375557;0x448e350d;0x61d9bf6eL;0.500000;1503112713;1503112714
1;128;8048;0x49810211d1df8c046e1317f0e79ecb48f619159a81bc6f25014bd2982ab57b73;0xaa2da1c7907e4ff61b911bb999221b51fc6610846346c4810b621128bd41fe79;0x937886b7;0x937886b7L;0.500000;1503112714;1503112714
1;128;8048;0x49810211d1df8c046e1317f0e79ecb48f619159a81bc6f25014bd2982ab57b73;0xaa2da1c7907e4ff61b911bb999221b51fc6610846346c4810b621128bd41fe79;0x937886b7;0x937886b7L;0.500000;1503112714;1503112714
