0;128;8048;0xbe11d51f0dd0422514213eb5a0caeaf6a206c932a4c823714f56001a6782f525;0xf5ad03b4f704ba8213dc1b8b1d75696c39c34d97cf89fa043ef9b5941fb69cea;0x81a1c349;0x9f172cb5L;0.500000;1503102122;1503102122
0;128;8048;0xbe11d51f0dd0422514213eb5a0caeaf6a206c932a4c823714f56001a6782f525;0xf5ad03b4f704ba8213dc1b8b1d75696c39c34d97cf89fa043ef9b5941fb69cea;0x81a1c349;0x9f172cb5L;0.500000;1503102122;1503102122
0;128;8048;0xbe11d51f0dd0422514213eb5a0caeaf6a206c932a4c823714f56001a6782f525;0xf5ad03b4f704ba8213dc1b8b1d75696c39c34d97cf89fa043ef9b5941fb69cea;0x81a1c349;0x9f172cb5L;0.500000;1503102122;1503102122
0;128;8048;0xbe11d51f0dd0422514213eb5a0caeaf6a206c932a4c823714f56001a6782f525;0xf5ad03b4f704ba8213dc1b8b1d75696c39c34d97cf89fa043ef9b5941fb69cea;0x81a1c349;0x9f172cb5L;0.500000;1503102122;1503102123
1;128;8048;0x5cb81921e74b89ca93d6677d824529144ae88f32c59f525695cc42a4904a8ded;0x673250e679beb6cec1c29c4ed718bd58adf6ed0204192f33c6ed6ed8df61a776;0xb999eb27;0xb999eb27L;0.500000;1503102123;1503102123
1;128;8048;0x5cb81921e74b89ca93d6677d824529144ae88f32c59f525695cc42a4904a8ded;0x673250e679beb6cec1c29c4ed718bd58adf6ed0204192f33c6ed6ed8df61a776;0xb999eb27;0xb999eb27L;0.500000;1503102123;1503102123
1;128;8048;0x5cb81921e74b89ca93d6677d824529144ae88f32c59f525695cc42a4904a8ded;0x673250e679beb6cec1c29c4ed718bd58adf6ed0204192f33c6ed6ed8df61a776;0xb999eb27;0xb999eb27L;0.500000;1503102123;1503102123
1;128;8048;0x5cb81921e74b89ca93d6677d824529144ae88f32c59f525695cc42a4904a8ded;0x673250e679beb6cec1c29c4ed718bd58adf6ed0204192f33c6ed6ed8df61a776;0xb999eb27;0xb999eb27L;0.500000;1503102124;1503102124
1;128;8048;0x329745a4fb0f125db97155f3c377cf6cb1d80f4efbd8e5d7a7517b1ad3bc6d05;0xda06b09abe09c42d3f6d1e4f79613cf85eaf4e30d05944f047d95557f4e071a1;0xd99a67ae;0xd99a67aeL;0.500000;1503102124;1503102124
1;128;8048;0x329745a4fb0f125db97155f3c377cf6cb1d80f4efbd8e5d7a7517b1ad3bc6d05;0xda06b09abe09c42d3f6d1e4f79613cf85eaf4e30d05944f047d95557f4e071a1;0xd99a67ae;0xd99a67aeL;0.500000;1503102124;1503102124
1;128;8048;0x329745a4fb0f125db97155f3c377cf6cb1d80f4efbd8e5d7a7517b1ad3bc6d05;0xda06b09abe09c42d3f6d1e4f79613cf85eaf4e30d05944f047d95557f4e071a1;0xd99a67ae;0xd99a67aeL;0.500000;1503102124;1503102125
1;128;8048;0xef4106f012837e785daa5e7157df99163cbf168ff29255f1624e289bfd359bec;0x437f21621f08e59b713fd4a6827dfc94d4024e090467b32fbadb78eb227cf898;0x7b2fe8b6;0x7b2fe8b6L;0.500000;1503102125;1503102125
1;128;8048;0xef4106f012837e785daa5e7157df99163cbf168ff29255f1624e289bfd359bec;0x437f21621f08e59b713fd4a6827dfc94d4024e090467b32fbadb78eb227cf898;0x7b2fe8b6;0x7b2fe8b6L;0.500000;1503102125;1503102125
1;128;8048;0xef4106f012837e785daa5e7157df99163cbf168ff29255f1624e289bfd359bec;0x437f21621f08e59b713fd4a6827dfc94d4024e090467b32fbadb78eb227cf898;0x7b2fe8b6;0x7b2fe8b6L;0.500000;1503102125;1503102125
1;128;8048;0xef4106f012837e785daa5e7157df99163cbf168ff29255f1624e289bfd359bec;0x437f21621f08e59b713fd4a6827dfc94d4024e090467b32fbadb78eb227cf898;0x7b2fe8b6;0x7b2fe8b6L;0.500000;1503102125;1503102126
1;128;8048;0xf0127cafe6298be3e1d867f0b7cb54cd956d2936e295ef6b64e345f5e434c6d4;0xfa0eb4dfff554a73244502be8fc51053db23d7e02acd6031c6b3bb20ca357311;0x09ed2611;0x9ed2611L;0.500000;1503102126;1503102126
1;128;8048;0xf0127cafe6298be3e1d867f0b7cb54cd956d2936e295ef6b64e345f5e434c6d4;0xfa0eb4dfff554a73244502be8fc51053db23d7e02acd6031c6b3bb20ca357311;0x09ed2611;0x9ed2611L;0.500000;1503102126;1503102126
1;128;8048;0xf0127cafe6298be3e1d867f0b7cb54cd956d2936e295ef6b64e345f5e434c6d4;0xfa0eb4dfff554a73244502be8fc51053db23d7e02acd6031c6b3bb20ca357311;0x09ed2611;0x9ed2611L;0.500000;1503102126;1503102126
1;128;8048;0xf0127cafe6298be3e1d867f0b7cb54cd956d2936e295ef6b64e345f5e434c6d4;0xfa0eb4dfff554a73244502be8fc51053db23d7e02acd6031c6b3bb20ca357311;0x09ed2611;0x9ed2611L;0.500000;1503102126;1503102127
1;128;8048;0x9be8bbf6cadb2671e76e98e6bcc2170ff71512cea81f491c02d8d6e32ced50c8;0x638b2eed63a6705293a2db1b140b47268d99dc8169f6a2056b154a97b6da0ffc;0xbfe2563a;0xbfe2563aL;0.500000;1503102127;1503102127
