1;128;8048;0x3280d3d1a8c4e721e235abe3276c3c8f6f10827ac4d45bee7df4fb8b2ce1ac5f;0x85d32b2855888454facfc40177523ba04a8c4d2e7e7b09c9fa9331fba5e878d3;0x3d53d9dc;0x3d53d9dcL;0.500000;1503141619;1503141620
1;128;8048;0x27013db06f4e2b98564cedde0c648855c2781b24f62b65e6a1e19c14ea9b4112;0x6c4172c7f7597e8b4a7e11d2ac8397c70b8516c40dbacadf08c945a3e2d8fddb;0x394f7856;0x394f7856L;0.500000;1503141620;1503141620
1;128;8048;0x27013db06f4e2b98564cedde0c648855c2781b24f62b65e6a1e19c14ea9b4112;0x6c4172c7f7597e8b4a7e11d2ac8397c70b8516c40dbacadf08c945a3e2d8fddb;0x394f7856;0x394f7856L;0.500000;1503141620;1503141620
1;128;8048;0x27013db06f4e2b98564cedde0c648855c2781b24f62b65e6a1e19c14ea9b4112;0x6c4172c7f7597e8b4a7e11d2ac8397c70b8516c40dbacadf08c945a3e2d8fddb;0x394f7856;0x394f7856L;0.500000;1503141620;1503141620
1;128;8048;0x27013db06f4e2b98564cedde0c648855c2781b24f62b65e6a1e19c14ea9b4112;0x6c4172c7f7597e8b4a7e11d2ac8397c70b8516c40dbacadf08c945a3e2d8fddb;0x394f7856;0x394f7856L;0.500000;1503141621;1503141621
0;128;8048;0x2d6fe96ba93a689d4f73522f0900c837d9dc4e0f56b1fa7342f22544c90633f7;0x436ff9801698b9b60d24895822980a477fe5ab22097c27036f95cfe16b7fbf21;0xd6e451a2;0xf97c5be9L;0.500000;1503141621;1503141621
0;128;8048;0x2d6fe96ba93a689d4f73522f0900c837d9dc4e0f56b1fa7342f22544c90633f7;0x436ff9801698b9b60d24895822980a477fe5ab22097c27036f95cfe16b7fbf21;0xd6e451a2;0xf97c5be9L;0.500000;1503141621;1503141621
0;128;8048;0x2d6fe96ba93a689d4f73522f0900c837d9dc4e0f56b1fa7342f22544c90633f7;0x436ff9801698b9b60d24895822980a477fe5ab22097c27036f95cfe16b7fbf21;0xd6e451a2;0xf97c5be9L;0.500000;1503141621;1503141622
1;128;8048;0x4fe0925023c0fc8af46c78f7fbb6b3e89d5ba499467225376e9f04429b82edea;0x2abb471ccbe79709b1129f022d09a7d8d0a8e1f9908e70a337b6fda1e3f81b21;0x6a2911cd;0x6a2911cdL;0.500000;1503141622;1503141622
1;128;8048;0x4fe0925023c0fc8af46c78f7fbb6b3e89d5ba499467225376e9f04429b82edea;0x2abb471ccbe79709b1129f022d09a7d8d0a8e1f9908e70a337b6fda1e3f81b21;0x6a2911cd;0x6a2911cdL;0.500000;1503141622;1503141622
1;128;8048;0x4fe0925023c0fc8af46c78f7fbb6b3e89d5ba499467225376e9f04429b82edea;0x2abb471ccbe79709b1129f022d09a7d8d0a8e1f9908e70a337b6fda1e3f81b21;0x6a2911cd;0x6a2911cdL;0.500000;1503141622;1503141623
1;128;8048;0x4cc1713f0ccb408154fec0c31f0f3204b35b5132a5471e4a160d704648c5a994;0x8a90935acf3714a7d2bec5a008ae4d1aeabe9aa916955da1bb3800bd8512138f;0x890b5528;0x890b5528L;0.500000;1503141623;1503141623
1;128;8048;0x4cc1713f0ccb408154fec0c31f0f3204b35b5132a5471e4a160d704648c5a994;0x8a90935acf3714a7d2bec5a008ae4d1aeabe9aa916955da1bb3800bd8512138f;0x890b5528;0x890b5528L;0.500000;1503141623;1503141623
1;128;8048;0x4cc1713f0ccb408154fec0c31f0f3204b35b5132a5471e4a160d704648c5a994;0x8a90935acf3714a7d2bec5a008ae4d1aeabe9aa916955da1bb3800bd8512138f;0x890b5528;0x890b5528L;0.500000;1503141623;1503141623
1;128;8048;0x4cc1713f0ccb408154fec0c31f0f3204b35b5132a5471e4a160d704648c5a994;0x8a90935acf3714a7d2bec5a008ae4d1aeabe9aa916955da1bb3800bd8512138f;0x890b5528;0x890b5528L;0.500000;1503141624;1503141624
1;128;8048;0x07021527e6b6683d0a336b028661406f754ee2295b8766a76414425ee1baf7e9;0x370f0022803be00d2724cef0cfaa120005e3c6690feafd31a9a07cdfbd272dec;0x4668621e;0x4668621eL;0.500000;1503141624;1503141624
1;128;8048;0x07021527e6b6683d0a336b028661406f754ee2295b8766a76414425ee1baf7e9;0x370f0022803be00d2724cef0cfaa120005e3c6690feafd31a9a07cdfbd272dec;0x4668621e;0x4668621eL;0.500000;1503141624;1503141624
1;128;8048;0x07021527e6b6683d0a336b028661406f754ee2295b8766a76414425ee1baf7e9;0x370f0022803be00d2724cef0cfaa120005e3c6690feafd31a9a07cdfbd272dec;0x4668621e;0x4668621eL;0.500000;1503141624;1503141625
0;128;8048;0xdfc2a5a85e537f3b8dd46558de91f09fe907941ad33ba4cd7888bbee1f64f1fe;0x07c9cf312f29e414601ad586521d46e14e9ce40e90ee2ee558b208bfaf16ec5f;0xf8d0efd7;0x4aee36b8L;0.500000;1503141625;1503141625
0;128;8048;0xdfc2a5a85e537f3b8dd46558de91f09fe907941ad33ba4cd7888bbee1f64f1fe;0x07c9cf312f29e414601ad586521d46e14e9ce40e90ee2ee558b208bfaf16ec5f;0xf8d0efd7;0x4aee36b8L;0.500000;1503141625;1503141625
