1;128;8048;0x40dd83f24ab93bb018ff2d70333ff9ce81993917bede15627fd8966f153fb655;0x17f53c5c20630dc3fe8eef68fda84d7a7e2410bdbf31d5ff7b2ecaa87b83f49c;0xed980970;0xed980970L;0.500000;1503079612;1503079613
1;128;8048;0x83b8469034821a5bd142421f571eeaa8ed62af79f753f3cca29fb99dadaed131;0x2b883e75ddf1d36b66debdb7c1739234fd45ea7121c7bee13714564c87f27f90;0x1911f57f;0x1911f57fL;0.500000;1503079613;1503079613
1;128;8048;0x83b8469034821a5bd142421f571eeaa8ed62af79f753f3cca29fb99dadaed131;0x2b883e75ddf1d36b66debdb7c1739234fd45ea7121c7bee13714564c87f27f90;0x1911f57f;0x1911f57fL;0.500000;1503079613;1503079613
1;128;8048;0x83b8469034821a5bd142421f571eeaa8ed62af79f753f3cca29fb99dadaed131;0x2b883e75ddf1d36b66debdb7c1739234fd45ea7121c7bee13714564c87f27f90;0x1911f57f;0x1911f57fL;0.500000;1503079613;1503079614
0;128;8048;0xcddf9fc279f0fa2d2146ffaf9fabb652ebb84bc0fa7ec22c9893718adbf4eba8;0x9f5f817f7065fb34150f35e5d9253bcc44a6307605bdb401247a8d27b9b3d67c;0xa5fcfa3a;0x7f223606L;0.500000;1503079614;1503079614
0;128;8048;0xcddf9fc279f0fa2d2146ffaf9fabb652ebb84bc0fa7ec22c9893718adbf4eba8;0x9f5f817f7065fb34150f35e5d9253bcc44a6307605bdb401247a8d27b9b3d67c;0xa5fcfa3a;0x7f223606L;0.500000;1503079614;1503079614
0;128;8048;0xcddf9fc279f0fa2d2146ffaf9fabb652ebb84bc0fa7ec22c9893718adbf4eba8;0x9f5f817f7065fb34150f35e5d9253bcc44a6307605bdb401247a8d27b9b3d67c;0xa5fcfa3a;0x7f223606L;0.500000;1503079615;1503079615
1;128;8048;0x29fa1f7b6217c08af7e994f3b16d861802cc1c527ed303b8c1a6fc50fb0cfb24;0x8e8533ce75c386041440f85361863bda800a65611bc7b9439c1e5c70a4c17707;0x32647809;0x32647809L;0.500000;1503079615;1503079615
1;128;8048;0x29fa1f7b6217c08af7e994f3b16d861802cc1c527ed303b8c1a6fc50fb0cfb24;0x8e8533ce75c386041440f85361863bda800a65611bc7b9439c1e5c70a4c17707;0x32647809;0x32647809L;0.500000;1503079615;1503079615
1;128;8048;0x29fa1f7b6217c08af7e994f3b16d861802cc1c527ed303b8c1a6fc50fb0cfb24;0x8e8533ce75c386041440f85361863bda800a65611bc7b9439c1e5c70a4c17707;0x32647809;0x32647809L;0.500000;1503079615;1503079616
1;128;8048;0xc5bdf9c61691076702b0177c92e3a4e4808541ca13d35946be63b9f6009e67c5;0xa7dc57ab4868304cbc271b738ba52cd33e7cad6b99fc570cae61c53442290211;0x5cf8ff84;0x5cf8ff84L;0.500000;1503079616;1503079616
1;128;8048;0xc5bdf9c61691076702b0177c92e3a4e4808541ca13d35946be63b9f6009e67c5;0xa7dc57ab4868304cbc271b738ba52cd33e7cad6b99fc570cae61c53442290211;0x5cf8ff84;0x5cf8ff84L;0.500000;1503079616;1503079616
1;128;8048;0xc5bdf9c61691076702b0177c92e3a4e4808541ca13d35946be63b9f6009e67c5;0xa7dc57ab4868304cbc271b738ba52cd33e7cad6b99fc570cae61c53442290211;0x5cf8ff84;0x5cf8ff84L;0.500000;1503079617;1503079617
1;128;8048;0xc35c65b68167db00e8a1071c148aec532a03085f10584f3a49b8af960433ffc8;0x354ab83018e3a1fe0389b093f1555fa56d0bdd9f9e54f69d313954eb4c1b2cbb;0xf68d730b;0xf68d730bL;0.500000;1503079617;1503079617
1;128;8048;0xc35c65b68167db00e8a1071c148aec532a03085f10584f3a49b8af960433ffc8;0x354ab83018e3a1fe0389b093f1555fa56d0bdd9f9e54f69d313954eb4c1b2cbb;0xf68d730b;0xf68d730bL;0.500000;1503079617;1503079617
1;128;8048;0xc35c65b68167db00e8a1071c148aec532a03085f10584f3a49b8af960433ffc8;0x354ab83018e3a1fe0389b093f1555fa56d0bdd9f9e54f69d313954eb4c1b2cbb;0xf68d730b;0xf68d730bL;0.500000;1503079618;1503079618
1;128;8048;0xddb66619d9b9a7ae134e561108ed912393b9e134e8045bf5df044d9ed87ff5b6;0x640089cd4b8a49faaeaa8ccc5c84693d621ab8246536f029aa2f15972d363b11;0xf0505be2;0xf0505be2L;0.500000;1503079618;1503079618
1;128;8048;0xddb66619d9b9a7ae134e561108ed912393b9e134e8045bf5df044d9ed87ff5b6;0x640089cd4b8a49faaeaa8ccc5c84693d621ab8246536f029aa2f15972d363b11;0xf0505be2;0xf0505be2L;0.500000;1503079618;1503079618
1;128;8048;0xddb66619d9b9a7ae134e561108ed912393b9e134e8045bf5df044d9ed87ff5b6;0x640089cd4b8a49faaeaa8ccc5c84693d621ab8246536f029aa2f15972d363b11;0xf0505be2;0xf0505be2L;0.500000;1503079619;1503079619
1;128;8048;0x3959e8a4626c24be0876142fe27ae88861b561b98325f3f4bb91c9d02dba5e66;0xa874aeef196dc0b67617fa260037521e536fa75ff41a1f05099f1ec8624713db;0x1edfdfb8;0x1edfdfb8L;0.500000;1503079619;1503079619
