1;128;8048;0x6e610533cd9b937d0dbb3390091d86e474ef5be8592938673b25e398af77681d;0x72e12fda28ac255ceb7ccaa450584ebc5894502d8275492fd5c3466aa608421a;0x68cb0d87;0x68cb0d87L;0.500000;1503110710;1503110710
1;128;8048;0x6e610533cd9b937d0dbb3390091d86e474ef5be8592938673b25e398af77681d;0x72e12fda28ac255ceb7ccaa450584ebc5894502d8275492fd5c3466aa608421a;0x68cb0d87;0x68cb0d87L;0.500000;1503110710;1503110710
1;128;8048;0x6e610533cd9b937d0dbb3390091d86e474ef5be8592938673b25e398af77681d;0x72e12fda28ac255ceb7ccaa450584ebc5894502d8275492fd5c3466aa608421a;0x68cb0d87;0x68cb0d87L;0.500000;1503110710;1503110711
1;128;8048;0xfd5aa5a8c3fbb4f1c5277c19c176828d7c9c66dd40a7475956eecfe7b1f4afaf;0x357d76dbb35b171ee42385b863be3be644250e7d409e7a576d679dedb3f8fa98;0x8808f43f;0x8808f43fL;0.500000;1503110711;1503110711
1;128;8048;0xfd5aa5a8c3fbb4f1c5277c19c176828d7c9c66dd40a7475956eecfe7b1f4afaf;0x357d76dbb35b171ee42385b863be3be644250e7d409e7a576d679dedb3f8fa98;0x8808f43f;0x8808f43fL;0.500000;1503110711;1503110711
1;128;8048;0xfd5aa5a8c3fbb4f1c5277c19c176828d7c9c66dd40a7475956eecfe7b1f4afaf;0x357d76dbb35b171ee42385b863be3be644250e7d409e7a576d679dedb3f8fa98;0x8808f43f;0x8808f43fL;0.500000;1503110711;1503110712
1;128;8048;0xc523c8f8ae6f34f8e7ba7f6a9bd84ea98ce82950280e7069da4e1f123b0d4101;0xf6cee557f0a68c11c9941dfdfd72ae265938c647081b8968fd6af334248da3a9;0x5d5f6c5e;0x5d5f6c5eL;0.500000;1503110712;1503110712
1;128;8048;0xc523c8f8ae6f34f8e7ba7f6a9bd84ea98ce82950280e7069da4e1f123b0d4101;0xf6cee557f0a68c11c9941dfdfd72ae265938c647081b8968fd6af334248da3a9;0x5d5f6c5e;0x5d5f6c5eL;0.500000;1503110712;1503110712
1;128;8048;0xc523c8f8ae6f34f8e7ba7f6a9bd84ea98ce82950280e7069da4e1f123b0d4101;0xf6cee557f0a68c11c9941dfdfd72ae265938c647081b8968fd6af334248da3a9;0x5d5f6c5e;0x5d5f6c5eL;0.500000;1503110712;1503110712
1;128;8048;0xc523c8f8ae6f34f8e7ba7f6a9bd84ea98ce82950280e7069da4e1f123b0d4101;0xf6cee557f0a68c11c9941dfdfd72ae265938c647081b8968fd6af334248da3a9;0x5d5f6c5e;0x5d5f6c5eL;0.500000;1503110713;1503110713
1;128;8048;0xad0b9b1f9ecc4423ba3b6a2b53fee38eeeff6d7d2c4e93fb735e2884eb5e8198;0x5ab52e0283fbe3bc4db3fc9f84a4062745c69629627d5f724740278a0d7705e1;0x15ba2343;0x15ba2343L;0.500000;1503110713;1503110713
1;128;8048;0xad0b9b1f9ecc4423ba3b6a2b53fee38eeeff6d7d2c4e93fb735e2884eb5e8198;0x5ab52e0283fbe3bc4db3fc9f84a4062745c69629627d5f724740278a0d7705e1;0x15ba2343;0x15ba2343L;0.500000;1503110713;1503110713
1;128;8048;0xad0b9b1f9ecc4423ba3b6a2b53fee38eeeff6d7d2c4e93fb735e2884eb5e8198;0x5ab52e0283fbe3bc4db3fc9f84a4062745c69629627d5f724740278a0d7705e1;0x15ba2343;0x15ba2343L;0.500000;1503110713;1503110714
1;128;8048;0x1a2ee14ed6482820fbb831089fdb81bfe7eb13edd8a04bb1bc1e6ea32f9e9d49;0xe3e129d3eb55589a09c9f403529bb0f2d391a31bd2d5ea1d4bbdc85a8614ed9b;0x6842c0dd;0x6842c0ddL;0.500000;1503110714;1503110714
1;128;8048;0x1a2ee14ed6482820fbb831089fdb81bfe7eb13edd8a04bb1bc1e6ea32f9e9d49;0xe3e129d3eb55589a09c9f403529bb0f2d391a31bd2d5ea1d4bbdc85a8614ed9b;0x6842c0dd;0x6842c0ddL;0.500000;1503110714;1503110714
1;128;8048;0x1a2ee14ed6482820fbb831089fdb81bfe7eb13edd8a04bb1bc1e6ea32f9e9d49;0xe3e129d3eb55589a09c9f403529bb0f2d391a31bd2d5ea1d4bbdc85a8614ed9b;0x6842c0dd;0x6842c0ddL;0.500000;1503110714;1503110715
1;128;8048;0x69514f1b35305357dcd217a2df031adce34e23dff698baf367140cf02f9eae98;0xeed13a48e5d84754bc4c1ebb029bd71530f437001bfa7020fdf6cb7a760fe385;0x316b59d9;0x316b59d9L;0.500000;1503110715;1503110715
1;128;8048;0x69514f1b35305357dcd217a2df031adce34e23dff698baf367140cf02f9eae98;0xeed13a48e5d84754bc4c1ebb029bd71530f437001bfa7020fdf6cb7a760fe385;0x316b59d9;0x316b59d9L;0.500000;1503110715;1503110715
1;128;8048;0x69514f1b35305357dcd217a2df031adce34e23dff698baf367140cf02f9eae98;0xeed13a48e5d84754bc4c1ebb029bd71530f437001bfa7020fdf6cb7a760fe385;0x316b59d9;0x316b59d9L;0.500000;1503110715;1503110715
1;128;8048;0x69514f1b35305357dcd217a2df031adce34e23dff698baf367140cf02f9eae98;0xeed13a48e5d84754bc4c1ebb029bd71530f437001bfa7020fdf6cb7a760fe385;0x316b59d9;0x316b59d9L;0.500000;1503110715;1503110716
