1;128;8048;0x9d7a5f1fd62406faeb71f601825d270cf1bab06844723755fe17beb259b2faf6;0x92f596221be7f6c8ebd4dca815bad50a458fa5d1fd42b853251481d3a07637cf;0x80ff6f7b;0x80ff6f7bL;0.500000;1503097527;1503097527
1;128;8048;0x9d7a5f1fd62406faeb71f601825d270cf1bab06844723755fe17beb259b2faf6;0x92f596221be7f6c8ebd4dca815bad50a458fa5d1fd42b853251481d3a07637cf;0x80ff6f7b;0x80ff6f7bL;0.500000;1503097527;1503097528
1;128;8048;0xd245982c0f7af8947e054f72b3bec35738af9bb6720dae83c2526094c0712592;0x3a75927111b66c97b6ae9d3b817c337589786d9fe098d45d99301ce4fcd41ea8;0x4158a43c;0x4158a43cL;0.500000;1503097528;1503097528
1;128;8048;0xd245982c0f7af8947e054f72b3bec35738af9bb6720dae83c2526094c0712592;0x3a75927111b66c97b6ae9d3b817c337589786d9fe098d45d99301ce4fcd41ea8;0x4158a43c;0x4158a43cL;0.500000;1503097528;1503097528
1;128;8048;0xd245982c0f7af8947e054f72b3bec35738af9bb6720dae83c2526094c0712592;0x3a75927111b66c97b6ae9d3b817c337589786d9fe098d45d99301ce4fcd41ea8;0x4158a43c;0x4158a43cL;0.500000;1503097528;1503097528
1;128;8048;0xd245982c0f7af8947e054f72b3bec35738af9bb6720dae83c2526094c0712592;0x3a75927111b66c97b6ae9d3b817c337589786d9fe098d45d99301ce4fcd41ea8;0x4158a43c;0x4158a43cL;0.500000;1503097529;1503097529
1;128;8048;0x769ec23ad0e6587142b3683dc1ea23b85624bee1c20c74f315dc0f517fa64df5;0xdae1e302bb02805e7753aef8be443f8389cfddd74335c4e08efad2dbf0593282;0x3d52162a;0x3d52162aL;0.500000;1503097529;1503097529
1;128;8048;0x769ec23ad0e6587142b3683dc1ea23b85624bee1c20c74f315dc0f517fa64df5;0xdae1e302bb02805e7753aef8be443f8389cfddd74335c4e08efad2dbf0593282;0x3d52162a;0x3d52162aL;0.500000;1503097529;1503097529
1;128;8048;0x769ec23ad0e6587142b3683dc1ea23b85624bee1c20c74f315dc0f517fa64df5;0xdae1e302bb02805e7753aef8be443f8389cfddd74335c4e08efad2dbf0593282;0x3d52162a;0x3d52162aL;0.500000;1503097529;1503097530
0;128;8048;0x07ca1031f6175584116076c88d89f77448b69f620a917ebff547c94c5d5d9965;0xff085ee286954c3d8044493c119ad778f6835c18201873d96452bf3c3b565239;0x3f9c466d;0x51371de5L;0.500000;1503097530;1503097530
0;128;8048;0x07ca1031f6175584116076c88d89f77448b69f620a917ebff547c94c5d5d9965;0xff085ee286954c3d8044493c119ad778f6835c18201873d96452bf3c3b565239;0x3f9c466d;0x51371de5L;0.500000;1503097530;1503097530
0;128;8048;0x07ca1031f6175584116076c88d89f77448b69f620a917ebff547c94c5d5d9965;0xff085ee286954c3d8044493c119ad778f6835c18201873d96452bf3c3b565239;0x3f9c466d;0x51371de5L;0.500000;1503097530;1503097531
1;128;8048;0x8c1904f3acf3769547209886385bf37ab721343ee57cb799de27c684dc180f68;0x03c5d740519905635e3052b8d33d885b87c139e34187d08fbb0c9513383b431c;0x0746144a;0x746144aL;0.500000;1503097531;1503097531
1;128;8048;0x8c1904f3acf3769547209886385bf37ab721343ee57cb799de27c684dc180f68;0x03c5d740519905635e3052b8d33d885b87c139e34187d08fbb0c9513383b431c;0x0746144a;0x746144aL;0.500000;1503097531;1503097531
1;128;8048;0x8c1904f3acf3769547209886385bf37ab721343ee57cb799de27c684dc180f68;0x03c5d740519905635e3052b8d33d885b87c139e34187d08fbb0c9513383b431c;0x0746144a;0x746144aL;0.500000;1503097531;1503097532
1;128;8048;0x4b0804840db71706357385204727a85b247cc228e742355251eaca8010ce9f5b;0x645763761a05487255a469d0a705c801ebedf338a839da7855303826577276eb;0xc881d6c8;0xc881d6c8L;0.500000;1503097532;1503097532
1;128;8048;0x4b0804840db71706357385204727a85b247cc228e742355251eaca8010ce9f5b;0x645763761a05487255a469d0a705c801ebedf338a839da7855303826577276eb;0xc881d6c8;0xc881d6c8L;0.500000;1503097532;1503097532
1;128;8048;0x4b0804840db71706357385204727a85b247cc228e742355251eaca8010ce9f5b;0x645763761a05487255a469d0a705c801ebedf338a839da7855303826577276eb;0xc881d6c8;0xc881d6c8L;0.500000;1503097532;1503097532
1;128;8048;0x4b0804840db71706357385204727a85b247cc228e742355251eaca8010ce9f5b;0x645763761a05487255a469d0a705c801ebedf338a839da7855303826577276eb;0xc881d6c8;0xc881d6c8L;0.500000;1503097532;1503097533
1;128;8048;0x6b8e19fbe48fbd626463ee921d80e8907fb2f95eb6b1fdba52866648c412f32f;0xd2a085147853b904fed35efafa9d7382d99460667cf2fcf1c2b53feb5abbe4e4;0x5584e4c6;0x5584e4c6L;0.500000;1503097533;1503097533
