0;128;8048;0x3e90028bef35d8f153ec769e0127a03eb1e00d77d4975e1af0941880d8791317;0x2e4923a1512e19ac4553eaf393dd1431ea6d9c57e91dd3a4a201d03fc1cd4a4a;0xd0001a45;0x876103feL;0.500000;1503115957;1503115958
1;128;8048;0x88f22b175dc52923d2c3df030fa7007a2ae2237f3d0a51c906f6ecb796eab21f;0xd868a9d8a6276b4ce63f9371020ff4844fd18e01b023ec640eb693b3c214069d;0x32979095;0x32979095L;0.500000;1503115958;1503115958
1;128;8048;0x88f22b175dc52923d2c3df030fa7007a2ae2237f3d0a51c906f6ecb796eab21f;0xd868a9d8a6276b4ce63f9371020ff4844fd18e01b023ec640eb693b3c214069d;0x32979095;0x32979095L;0.500000;1503115958;1503115958
1;128;8048;0x88f22b175dc52923d2c3df030fa7007a2ae2237f3d0a51c906f6ecb796eab21f;0xd868a9d8a6276b4ce63f9371020ff4844fd18e01b023ec640eb693b3c214069d;0x32979095;0x32979095L;0.500000;1503115958;1503115958
1;128;8048;0x88f22b175dc52923d2c3df030fa7007a2ae2237f3d0a51c906f6ecb796eab21f;0xd868a9d8a6276b4ce63f9371020ff4844fd18e01b023ec640eb693b3c214069d;0x32979095;0x32979095L;0.500000;1503115958;1503115959
1;128;8048;0x5a4869f778fdc1c3188549b6225226051f9cc35bd6d524a5ca26454579dd9ed4;0xa945f78c2d09926028055464d275df038083dab9cf2a4352613282f6788a2e95;0x8d25e454;0x8d25e454L;0.500000;1503115959;1503115959
1;128;8048;0x5a4869f778fdc1c3188549b6225226051f9cc35bd6d524a5ca26454579dd9ed4;0xa945f78c2d09926028055464d275df038083dab9cf2a4352613282f6788a2e95;0x8d25e454;0x8d25e454L;0.500000;1503115959;1503115959
1;128;8048;0x5a4869f778fdc1c3188549b6225226051f9cc35bd6d524a5ca26454579dd9ed4;0xa945f78c2d09926028055464d275df038083dab9cf2a4352613282f6788a2e95;0x8d25e454;0x8d25e454L;0.500000;1503115959;1503115959
1;128;8048;0x5a4869f778fdc1c3188549b6225226051f9cc35bd6d524a5ca26454579dd9ed4;0xa945f78c2d09926028055464d275df038083dab9cf2a4352613282f6788a2e95;0x8d25e454;0x8d25e454L;0.500000;1503115960;1503115960
1;128;8048;0xa09a0b645eb6be811b2e39aed1c7a1dc9b611b7778c3c580845d7ac91d0c84bd;0x4e62ee259ab854f676bc0c7d7f7212d539d0c166d56864c463fd52a9dfb5d1b8;0xd1ee1e1e;0xd1ee1e1eL;0.500000;1503115960;1503115960
1;128;8048;0xa09a0b645eb6be811b2e39aed1c7a1dc9b611b7778c3c580845d7ac91d0c84bd;0x4e62ee259ab854f676bc0c7d7f7212d539d0c166d56864c463fd52a9dfb5d1b8;0xd1ee1e1e;0xd1ee1e1eL;0.500000;1503115960;1503115960
1;128;8048;0xa09a0b645eb6be811b2e39aed1c7a1dc9b611b7778c3c580845d7ac91d0c84bd;0x4e62ee259ab854f676bc0c7d7f7212d539d0c166d56864c463fd52a9dfb5d1b8;0xd1ee1e1e;0xd1ee1e1eL;0.500000;1503115960;1503115961
1;128;8048;0xe53d82d92c7daa67cbc22c5a4cdeddaa1b6ab10c0ecd010f60442f8ceabb77cf;0x3b99bf1ad1768e02afdc81c1d34865eb17aaacbfed292cadd7532c5e69406c56;0x302dc947;0x302dc947L;0.500000;1503115961;1503115961
1;128;8048;0xe53d82d92c7daa67cbc22c5a4cdeddaa1b6ab10c0ecd010f60442f8ceabb77cf;0x3b99bf1ad1768e02afdc81c1d34865eb17aaacbfed292cadd7532c5e69406c56;0x302dc947;0x302dc947L;0.500000;1503115961;1503115961
1;128;8048;0xe53d82d92c7daa67cbc22c5a4cdeddaa1b6ab10c0ecd010f60442f8ceabb77cf;0x3b99bf1ad1768e02afdc81c1d34865eb17aaacbfed292cadd7532c5e69406c56;0x302dc947;0x302dc947L;0.500000;1503115961;1503115961
1;128;8048;0xe53d82d92c7daa67cbc22c5a4cdeddaa1b6ab10c0ecd010f60442f8ceabb77cf;0x3b99bf1ad1768e02afdc81c1d34865eb17aaacbfed292cadd7532c5e69406c56;0x302dc947;0x302dc947L;0.500000;1503115962;1503115962
1;128;8048;0xcf18650531edd37dbe74b4b68ce5724050cdfd4e77920d9eef7e879e5e09fa2d;0xbe67a42d5b2829ea0930fe3d11fba4f76b37d17a8a165b4548ce25a3db69a92a;0x85db530d;0x85db530dL;0.500000;1503115962;1503115962
1;128;8048;0xcf18650531edd37dbe74b4b68ce5724050cdfd4e77920d9eef7e879e5e09fa2d;0xbe67a42d5b2829ea0930fe3d11fba4f76b37d17a8a165b4548ce25a3db69a92a;0x85db530d;0x85db530dL;0.500000;1503115962;1503115962
1;128;8048;0xcf18650531edd37dbe74b4b68ce5724050cdfd4e77920d9eef7e879e5e09fa2d;0xbe67a42d5b2829ea0930fe3d11fba4f76b37d17a8a165b4548ce25a3db69a92a;0x85db530d;0x85db530dL;0.500000;1503115962;1503115963
1;128;8048;0xedd2ce20a760b86e45299963b716a3488d42d5260fe8ba80ea48d9061feb710d;0xc8873575bedc5756163ce12cfb93aac782c360b64b0f65763017f3b3b0d27e4d;0xd2dfafcb;0xd2dfafcbL;0.500000;1503115963;1503115963
