1;128;8048;0x2ffb7935b0d4d0f190971359b9741ca236d90c852b3ea92b10edb6c1c97e68f8;0xa777c38293deb39420d5d60f0ae7df9274a605f41f1b539f41b820c7419db4d0;0xd5a0fcec;0xd5a0fcecL;0.500000;1503080381;1503080382
1;128;8048;0x7565b8d923f31f10c284c9cf14cbf71b88672f268aadc2d7c35e3f83a1044416;0xc989a075b51acff11879a017a5de9cb6181bbf59bb861d606aaa6f7526369def;0x65ffebf1;0x65ffebf1L;0.500000;1503080382;1503080382
1;128;8048;0x7565b8d923f31f10c284c9cf14cbf71b88672f268aadc2d7c35e3f83a1044416;0xc989a075b51acff11879a017a5de9cb6181bbf59bb861d606aaa6f7526369def;0x65ffebf1;0x65ffebf1L;0.500000;1503080382;1503080382
1;128;8048;0x7565b8d923f31f10c284c9cf14cbf71b88672f268aadc2d7c35e3f83a1044416;0xc989a075b51acff11879a017a5de9cb6181bbf59bb861d606aaa6f7526369def;0x65ffebf1;0x65ffebf1L;0.500000;1503080383;1503080383
1;128;8048;0x88008e9f805cf80b74a9fe726ad5c4af8b1aec756285007c9afb9d5d947c761c;0x871eaeec6d7353aad6299b914f152c27c2c89565eb6ca007ed3f718c14e142c5;0xa6e51c90;0xa6e51c90L;0.500000;1503080383;1503080383
1;128;8048;0x88008e9f805cf80b74a9fe726ad5c4af8b1aec756285007c9afb9d5d947c761c;0x871eaeec6d7353aad6299b914f152c27c2c89565eb6ca007ed3f718c14e142c5;0xa6e51c90;0xa6e51c90L;0.500000;1503080383;1503080384
1;128;8048;0xb4b71db719ad9a8f369d413785920a3699a8a7e6c73711e47483ddaa4ad291fe;0x04da3a40fed86199626770ef2ac30e00e669f9b823a367a73e6292e490fc9cc7;0xee23e6ed;0xee23e6edL;0.500000;1503080384;1503080384
1;128;8048;0xb4b71db719ad9a8f369d413785920a3699a8a7e6c73711e47483ddaa4ad291fe;0x04da3a40fed86199626770ef2ac30e00e669f9b823a367a73e6292e490fc9cc7;0xee23e6ed;0xee23e6edL;0.500000;1503080384;1503080384
1;128;8048;0xb4b71db719ad9a8f369d413785920a3699a8a7e6c73711e47483ddaa4ad291fe;0x04da3a40fed86199626770ef2ac30e00e669f9b823a367a73e6292e490fc9cc7;0xee23e6ed;0xee23e6edL;0.500000;1503080384;1503080385
1;128;8048;0x3db3abbef2739f04eaa7fef95105461f2edc0beb3a9c71e1e6fadbebe5d34823;0x17fb73655838582a90bdbae71fd3452ecf654810392e9e7a135bcf34310179c1;0x804aaa7b;0x804aaa7bL;0.500000;1503080385;1503080385
1;128;8048;0x3db3abbef2739f04eaa7fef95105461f2edc0beb3a9c71e1e6fadbebe5d34823;0x17fb73655838582a90bdbae71fd3452ecf654810392e9e7a135bcf34310179c1;0x804aaa7b;0x804aaa7bL;0.500000;1503080385;1503080385
1;128;8048;0x3db3abbef2739f04eaa7fef95105461f2edc0beb3a9c71e1e6fadbebe5d34823;0x17fb73655838582a90bdbae71fd3452ecf654810392e9e7a135bcf34310179c1;0x804aaa7b;0x804aaa7bL;0.500000;1503080385;1503080386
1;128;8048;0x7e0ade2a66bc1656a9187ba91a16a52d713e44b1e44d5e68a2de97014c7a15ca;0x8533c3632e8efa5025e7ede79fa22418f6f02a9e47521724c0c810690c82da71;0xe5756e42;0xe5756e42L;0.500000;1503080386;1503080386
1;128;8048;0x7e0ade2a66bc1656a9187ba91a16a52d713e44b1e44d5e68a2de97014c7a15ca;0x8533c3632e8efa5025e7ede79fa22418f6f02a9e47521724c0c810690c82da71;0xe5756e42;0xe5756e42L;0.500000;1503080386;1503080386
1;128;8048;0x7e0ade2a66bc1656a9187ba91a16a52d713e44b1e44d5e68a2de97014c7a15ca;0x8533c3632e8efa5025e7ede79fa22418f6f02a9e47521724c0c810690c82da71;0xe5756e42;0xe5756e42L;0.500000;1503080386;1503080387
1;128;8048;0xe6a5395c96acf6ae8957befe22e359bdfc7fd081da9afc03eafafcca4819d62f;0x894915a4f78940c0e8ac2db5e7ba627e4292a088053b022c1201b1fa91d8a464;0x5dc8426d;0x5dc8426dL;0.500000;1503080387;1503080387
1;128;8048;0xe6a5395c96acf6ae8957befe22e359bdfc7fd081da9afc03eafafcca4819d62f;0x894915a4f78940c0e8ac2db5e7ba627e4292a088053b022c1201b1fa91d8a464;0x5dc8426d;0x5dc8426dL;0.500000;1503080387;1503080387
1;128;8048;0xe6a5395c96acf6ae8957befe22e359bdfc7fd081da9afc03eafafcca4819d62f;0x894915a4f78940c0e8ac2db5e7ba627e4292a088053b022c1201b1fa91d8a464;0x5dc8426d;0x5dc8426dL;0.500000;1503080387;1503080387
1;128;8048;0xe6a5395c96acf6ae8957befe22e359bdfc7fd081da9afc03eafafcca4819d62f;0x894915a4f78940c0e8ac2db5e7ba627e4292a088053b022c1201b1fa91d8a464;0x5dc8426d;0x5dc8426dL;0.500000;1503080388;1503080388
0;128;8048;0xf5a5235544a5387d62147e4b8f5f7968c35eb0892ed45a496f26fce07132a367;0x07c8283509b203e6723bdfb67d972df0af4df1070c712fe6871b547040e8e63c;0x287698f7;0xa60dc6e7L;0.500000;1503080388;1503080388
