1;128;8048;0xf29aab33ee13cfdbdeb043d3fb376cafc1320491339746c78e91c7ee77557c69;0x5299fc4bf53c2c877a95444587eded832a8cf137acbc9dc8eea76122fd9712cf;0xe908cd36;0xe908cd36L;0.500000;1503089673;1503089673
1;128;8048;0xf29aab33ee13cfdbdeb043d3fb376cafc1320491339746c78e91c7ee77557c69;0x5299fc4bf53c2c877a95444587eded832a8cf137acbc9dc8eea76122fd9712cf;0xe908cd36;0xe908cd36L;0.500000;1503089673;1503089673
1;128;8048;0xf29aab33ee13cfdbdeb043d3fb376cafc1320491339746c78e91c7ee77557c69;0x5299fc4bf53c2c877a95444587eded832a8cf137acbc9dc8eea76122fd9712cf;0xe908cd36;0xe908cd36L;0.500000;1503089673;1503089674
0;128;8048;0x68f89d8f62057d6076f321d7e7ee6bdb0446199a669bee2d2ea40e67938678fc;0x5d204d7b3c441ebf1b12171ad74c413caa046c07ffbb5bd96ab021287f45ecc8;0x48ebb871;0xa392eed4L;0.500000;1503089674;1503089674
0;128;8048;0x68f89d8f62057d6076f321d7e7ee6bdb0446199a669bee2d2ea40e67938678fc;0x5d204d7b3c441ebf1b12171ad74c413caa046c07ffbb5bd96ab021287f45ecc8;0x48ebb871;0xa392eed4L;0.500000;1503089674;1503089674
0;128;8048;0x68f89d8f62057d6076f321d7e7ee6bdb0446199a669bee2d2ea40e67938678fc;0x5d204d7b3c441ebf1b12171ad74c413caa046c07ffbb5bd96ab021287f45ecc8;0x48ebb871;0xa392eed4L;0.500000;1503089674;1503089675
1;128;8048;0x29451a2cec056a68f11a478932fdad8974a5dadd133d87f3dc697dd6aeafbbd7;0x0ca78de32d339d29a700afa0231ae426dbb3403d7d092ee3a1e4f96bc8a2e996;0xade87816;0xade87816L;0.500000;1503089675;1503089675
1;128;8048;0x29451a2cec056a68f11a478932fdad8974a5dadd133d87f3dc697dd6aeafbbd7;0x0ca78de32d339d29a700afa0231ae426dbb3403d7d092ee3a1e4f96bc8a2e996;0xade87816;0xade87816L;0.500000;1503089675;1503089675
1;128;8048;0x29451a2cec056a68f11a478932fdad8974a5dadd133d87f3dc697dd6aeafbbd7;0x0ca78de32d339d29a700afa0231ae426dbb3403d7d092ee3a1e4f96bc8a2e996;0xade87816;0xade87816L;0.500000;1503089675;1503089676
1;128;8048;0x3fd5316c60fb4a65039c8b9df51b47e06cc76105b9e333db345f0c46fd03183c;0xf3b7bea54ab267ffe13e9acbb097260b6e5a8fb0bd49c0a24bec86befa43bc96;0x85ade634;0x85ade634L;0.500000;1503089676;1503089676
1;128;8048;0x3fd5316c60fb4a65039c8b9df51b47e06cc76105b9e333db345f0c46fd03183c;0xf3b7bea54ab267ffe13e9acbb097260b6e5a8fb0bd49c0a24bec86befa43bc96;0x85ade634;0x85ade634L;0.500000;1503089676;1503089676
1;128;8048;0x3fd5316c60fb4a65039c8b9df51b47e06cc76105b9e333db345f0c46fd03183c;0xf3b7bea54ab267ffe13e9acbb097260b6e5a8fb0bd49c0a24bec86befa43bc96;0x85ade634;0x85ade634L;0.500000;1503089676;1503089676
1;128;8048;0x3fd5316c60fb4a65039c8b9df51b47e06cc76105b9e333db345f0c46fd03183c;0xf3b7bea54ab267ffe13e9acbb097260b6e5a8fb0bd49c0a24bec86befa43bc96;0x85ade634;0x85ade634L;0.500000;1503089677;1503089677
1;128;8048;0x2a8f279c093c004e1aee4f461b5e27d7bb2110c26e38a298cace30dd66554f90;0xb1aaefabd4c7a91b3f2bf7963ee95eb2ff2722937a7976c4e4d73621b1890940;0xfd16a109;0xfd16a109L;0.500000;1503089677;1503089677
1;128;8048;0x2a8f279c093c004e1aee4f461b5e27d7bb2110c26e38a298cace30dd66554f90;0xb1aaefabd4c7a91b3f2bf7963ee95eb2ff2722937a7976c4e4d73621b1890940;0xfd16a109;0xfd16a109L;0.500000;1503089677;1503089678
0;128;8048;0x9a633cbd7234f8709b38d969dd8fb29298d51cf55a8ab6662276711b5ced8bf6;0x1690e2084eaded48412e748a381e3d9490a163332628d3859ba0538c5a7aa79d;0xa0a6332a;0xd8c470beL;0.500000;1503089678;1503089678
0;128;8048;0x9a633cbd7234f8709b38d969dd8fb29298d51cf55a8ab6662276711b5ced8bf6;0x1690e2084eaded48412e748a381e3d9490a163332628d3859ba0538c5a7aa79d;0xa0a6332a;0xd8c470beL;0.500000;1503089678;1503089678
0;128;8048;0x9a633cbd7234f8709b38d969dd8fb29298d51cf55a8ab6662276711b5ced8bf6;0x1690e2084eaded48412e748a381e3d9490a163332628d3859ba0538c5a7aa79d;0xa0a6332a;0xd8c470beL;0.500000;1503089678;1503089679
1;128;8048;0xf6aa5ee1b123d16aad366e841b41655b15d81b15de7d19b2d6019590f98657f0;0x3632bc639ba1383070aa245aa7b4873f5571f37eadf66b284bbd95654b7ee8ee;0xcc6c5688;0xcc6c5688L;0.500000;1503089679;1503089679
1;128;8048;0xf6aa5ee1b123d16aad366e841b41655b15d81b15de7d19b2d6019590f98657f0;0x3632bc639ba1383070aa245aa7b4873f5571f37eadf66b284bbd95654b7ee8ee;0xcc6c5688;0xcc6c5688L;0.500000;1503089679;1503089679
