1;128;8048;0x910ed4a198c6e139034418c7edd0962af9c8fc1517a73edf29a528f4986ee429;0x0a4f56072d2fa305e87ff461d441137148c813484cd591b5688900df64daa879;0x3c498713;0x3c498713L;0.500000;1503115330;1503115330
1;128;8048;0x910ed4a198c6e139034418c7edd0962af9c8fc1517a73edf29a528f4986ee429;0x0a4f56072d2fa305e87ff461d441137148c813484cd591b5688900df64daa879;0x3c498713;0x3c498713L;0.500000;1503115330;1503115330
1;128;8048;0x910ed4a198c6e139034418c7edd0962af9c8fc1517a73edf29a528f4986ee429;0x0a4f56072d2fa305e87ff461d441137148c813484cd591b5688900df64daa879;0x3c498713;0x3c498713L;0.500000;1503115330;1503115331
1;128;8048;0x7430f58e44fb62401c99054b55ce25a19619b31d18bdfc0cd874f6eb287ff79c;0xa0830cedde6156752b5a8eccf8cd28328d223b764fe4ba7b18bb7a347e874fa2;0x04c39198;0x4c39198L;0.500000;1503115331;1503115331
1;128;8048;0x7430f58e44fb62401c99054b55ce25a19619b31d18bdfc0cd874f6eb287ff79c;0xa0830cedde6156752b5a8eccf8cd28328d223b764fe4ba7b18bb7a347e874fa2;0x04c39198;0x4c39198L;0.500000;1503115331;1503115331
1;128;8048;0x7430f58e44fb62401c99054b55ce25a19619b31d18bdfc0cd874f6eb287ff79c;0xa0830cedde6156752b5a8eccf8cd28328d223b764fe4ba7b18bb7a347e874fa2;0x04c39198;0x4c39198L;0.500000;1503115331;1503115331
1;128;8048;0x7430f58e44fb62401c99054b55ce25a19619b31d18bdfc0cd874f6eb287ff79c;0xa0830cedde6156752b5a8eccf8cd28328d223b764fe4ba7b18bb7a347e874fa2;0x04c39198;0x4c39198L;0.500000;1503115331;1503115332
1;128;8048;0xd1abe43e7a3b3cf3aad788b1bc32a8fc0f19d8ecbe83d1e15d92037cea996fbb;0xb21458aa8edd6e4b53d7796fe9f11b218372a63b6fdad07ea83468e679e30ec6;0x77f2c069;0x77f2c069L;0.500000;1503115332;1503115332
1;128;8048;0xd1abe43e7a3b3cf3aad788b1bc32a8fc0f19d8ecbe83d1e15d92037cea996fbb;0xb21458aa8edd6e4b53d7796fe9f11b218372a63b6fdad07ea83468e679e30ec6;0x77f2c069;0x77f2c069L;0.500000;1503115332;1503115332
1;128;8048;0xd1abe43e7a3b3cf3aad788b1bc32a8fc0f19d8ecbe83d1e15d92037cea996fbb;0xb21458aa8edd6e4b53d7796fe9f11b218372a63b6fdad07ea83468e679e30ec6;0x77f2c069;0x77f2c069L;0.500000;1503115332;1503115333
1;128;8048;0x38777fdbda1e18b8f78cda5df14054211544d3730e42211811dcfdd3f8771f30;0x069e052a771818968514a7cb9db5ead6c17b69fd0b29442e26f08241c473a6d1;0xa3b0d4bf;0xa3b0d4bfL;0.500000;1503115333;1503115333
1;128;8048;0x38777fdbda1e18b8f78cda5df14054211544d3730e42211811dcfdd3f8771f30;0x069e052a771818968514a7cb9db5ead6c17b69fd0b29442e26f08241c473a6d1;0xa3b0d4bf;0xa3b0d4bfL;0.500000;1503115333;1503115333
1;128;8048;0x38777fdbda1e18b8f78cda5df14054211544d3730e42211811dcfdd3f8771f30;0x069e052a771818968514a7cb9db5ead6c17b69fd0b29442e26f08241c473a6d1;0xa3b0d4bf;0xa3b0d4bfL;0.500000;1503115333;1503115333
1;128;8048;0x38777fdbda1e18b8f78cda5df14054211544d3730e42211811dcfdd3f8771f30;0x069e052a771818968514a7cb9db5ead6c17b69fd0b29442e26f08241c473a6d1;0xa3b0d4bf;0xa3b0d4bfL;0.500000;1503115333;1503115334
1;128;8048;0x3bcf622537de61677f7f3e25799686604aa1ac069f78c081b1d25e4427cceb62;0xe028d759dc05b252ff727bc588b2f2f465fb753ce2d5382cb06e9a7d2dd1c7be;0x0cd37e4b;0xcd37e4bL;0.500000;1503115334;1503115334
1;128;8048;0x3bcf622537de61677f7f3e25799686604aa1ac069f78c081b1d25e4427cceb62;0xe028d759dc05b252ff727bc588b2f2f465fb753ce2d5382cb06e9a7d2dd1c7be;0x0cd37e4b;0xcd37e4bL;0.500000;1503115334;1503115334
1;128;8048;0x3bcf622537de61677f7f3e25799686604aa1ac069f78c081b1d25e4427cceb62;0xe028d759dc05b252ff727bc588b2f2f465fb753ce2d5382cb06e9a7d2dd1c7be;0x0cd37e4b;0xcd37e4bL;0.500000;1503115334;1503115334
1;128;8048;0x3bcf622537de61677f7f3e25799686604aa1ac069f78c081b1d25e4427cceb62;0xe028d759dc05b252ff727bc588b2f2f465fb753ce2d5382cb06e9a7d2dd1c7be;0x0cd37e4b;0xcd37e4bL;0.500000;1503115335;1503115335
1;128;8048;0xfacd64f71accb4c867934edd6a8c05dbf3bdc287c084289617373db5ab04c7a6;0xfc97c22ace22947eda3c0bb59704f10efc5ac2274761aa6247de21a9e6dadd07;0x6799a3f7;0x6799a3f7L;0.500000;1503115335;1503115335
1;128;8048;0xfacd64f71accb4c867934edd6a8c05dbf3bdc287c084289617373db5ab04c7a6;0xfc97c22ace22947eda3c0bb59704f10efc5ac2274761aa6247de21a9e6dadd07;0x6799a3f7;0x6799a3f7L;0.500000;1503115335;1503115335
