1;128;8048;0xcae798ef19693494b9cf67c68c6500c8812439ccd8d294d1377b1233e92ccfb3;0x8b512c0bebe780dee021c16972ea02bc86a542859220620ec9806327db636332;0xfd18f951;0xfd18f951L;0.500000;1503100799;1503100799
1;128;8048;0xcae798ef19693494b9cf67c68c6500c8812439ccd8d294d1377b1233e92ccfb3;0x8b512c0bebe780dee021c16972ea02bc86a542859220620ec9806327db636332;0xfd18f951;0xfd18f951L;0.500000;1503100799;1503100799
1;128;8048;0xcae798ef19693494b9cf67c68c6500c8812439ccd8d294d1377b1233e92ccfb3;0x8b512c0bebe780dee021c16972ea02bc86a542859220620ec9806327db636332;0xfd18f951;0xfd18f951L;0.500000;1503100799;1503100800
1;128;8048;0x6e170b10447d80b8eb58420376943eaa63061b53982147212fbf919693bf9201;0xb6eb6a98665d6896bd1ac5de1ba38e79232aaceec56ed71d46a4a813e7050108;0x1f5c6db4;0x1f5c6db4L;0.500000;1503100800;1503100800
1;128;8048;0x6e170b10447d80b8eb58420376943eaa63061b53982147212fbf919693bf9201;0xb6eb6a98665d6896bd1ac5de1ba38e79232aaceec56ed71d46a4a813e7050108;0x1f5c6db4;0x1f5c6db4L;0.500000;1503100800;1503100800
1;128;8048;0x6e170b10447d80b8eb58420376943eaa63061b53982147212fbf919693bf9201;0xb6eb6a98665d6896bd1ac5de1ba38e79232aaceec56ed71d46a4a813e7050108;0x1f5c6db4;0x1f5c6db4L;0.500000;1503100800;1503100801
0;128;8048;0x3dc17fd29f04f93f3284b2ed3715fbfe35d9faf2873f74536c91702f3771a274;0x54ec706f7472e49e157b594e08a1e3a08d45124a697164a0f23264fae9809185;0x696bbf7a;0x720da31aL;0.500000;1503100801;1503100801
0;128;8048;0x3dc17fd29f04f93f3284b2ed3715fbfe35d9faf2873f74536c91702f3771a274;0x54ec706f7472e49e157b594e08a1e3a08d45124a697164a0f23264fae9809185;0x696bbf7a;0x720da31aL;0.500000;1503100801;1503100801
0;128;8048;0x3dc17fd29f04f93f3284b2ed3715fbfe35d9faf2873f74536c91702f3771a274;0x54ec706f7472e49e157b594e08a1e3a08d45124a697164a0f23264fae9809185;0x696bbf7a;0x720da31aL;0.500000;1503100801;1503100801
0;128;8048;0x3dc17fd29f04f93f3284b2ed3715fbfe35d9faf2873f74536c91702f3771a274;0x54ec706f7472e49e157b594e08a1e3a08d45124a697164a0f23264fae9809185;0x696bbf7a;0x720da31aL;0.500000;1503100801;1503100802
1;128;8048;0x1168d60588f99262613677dfe51d0f42f2c1269ecb2a0321894d37db58c8d269;0x8ad5132bef1d6236fb93dd9aa643f81fe72ae3b585dc1d620c50790f633699a2;0x676a7685;0x676a7685L;0.500000;1503100802;1503100802
1;128;8048;0x1168d60588f99262613677dfe51d0f42f2c1269ecb2a0321894d37db58c8d269;0x8ad5132bef1d6236fb93dd9aa643f81fe72ae3b585dc1d620c50790f633699a2;0x676a7685;0x676a7685L;0.500000;1503100802;1503100802
1;128;8048;0x1168d60588f99262613677dfe51d0f42f2c1269ecb2a0321894d37db58c8d269;0x8ad5132bef1d6236fb93dd9aa643f81fe72ae3b585dc1d620c50790f633699a2;0x676a7685;0x676a7685L;0.500000;1503100802;1503100802
1;128;8048;0x1168d60588f99262613677dfe51d0f42f2c1269ecb2a0321894d37db58c8d269;0x8ad5132bef1d6236fb93dd9aa643f81fe72ae3b585dc1d620c50790f633699a2;0x676a7685;0x676a7685L;0.500000;1503100803;1503100803
1;128;8048;0x78dc46e15c44593789175cfb8144b5be607353571ff7fb2cf99ed3696a606ce2;0x3471caba8c7ff6d0e74943a26a2504d0c9bc7a5b2a111a37d4c466a849504853;0xa28d8220;0xa28d8220L;0.500000;1503100803;1503100803
1;128;8048;0x78dc46e15c44593789175cfb8144b5be607353571ff7fb2cf99ed3696a606ce2;0x3471caba8c7ff6d0e74943a26a2504d0c9bc7a5b2a111a37d4c466a849504853;0xa28d8220;0xa28d8220L;0.500000;1503100803;1503100803
1;128;8048;0x78dc46e15c44593789175cfb8144b5be607353571ff7fb2cf99ed3696a606ce2;0x3471caba8c7ff6d0e74943a26a2504d0c9bc7a5b2a111a37d4c466a849504853;0xa28d8220;0xa28d8220L;0.500000;1503100803;1503100804
1;128;8048;0x9448ee17d60aee829149f7ce321f5b6fd80dcaedc0a724e297af327f1f4c44b3;0x2c2574c5d4cd2426d6b59b20a23083f701641d767f93d551f55c4c1d03866393;0xfff3f07a;0xfff3f07aL;0.500000;1503100804;1503100804
1;128;8048;0x9448ee17d60aee829149f7ce321f5b6fd80dcaedc0a724e297af327f1f4c44b3;0x2c2574c5d4cd2426d6b59b20a23083f701641d767f93d551f55c4c1d03866393;0xfff3f07a;0xfff3f07aL;0.500000;1503100804;1503100804
1;128;8048;0x9448ee17d60aee829149f7ce321f5b6fd80dcaedc0a724e297af327f1f4c44b3;0x2c2574c5d4cd2426d6b59b20a23083f701641d767f93d551f55c4c1d03866393;0xfff3f07a;0xfff3f07aL;0.500000;1503100804;1503100804
