1;128;8048;0x1800ea71160aa90ebc95a47cc0880317485aa400924c750a741b1690898b8fa2;0xe2e8da2d907f137e1cba22f3c927beff850f4e0f9c8af8a78b089a471189cf8a;0x5a62727c;0x5a62727cL;0.500000;1503085812;1503085813
1;128;8048;0xd50d00557f8d77f0b4b5b8d4afd00b9468ac285c57e5e17b316df3bc8d232d63;0x49b30778019021dbc3476c011f6fde8bd03bd8327754456dddeae7a9048238f6;0x75d3c1aa;0x75d3c1aaL;0.500000;1503085813;1503085813
1;128;8048;0xd50d00557f8d77f0b4b5b8d4afd00b9468ac285c57e5e17b316df3bc8d232d63;0x49b30778019021dbc3476c011f6fde8bd03bd8327754456dddeae7a9048238f6;0x75d3c1aa;0x75d3c1aaL;0.500000;1503085813;1503085813
1;128;8048;0xd50d00557f8d77f0b4b5b8d4afd00b9468ac285c57e5e17b316df3bc8d232d63;0x49b30778019021dbc3476c011f6fde8bd03bd8327754456dddeae7a9048238f6;0x75d3c1aa;0x75d3c1aaL;0.500000;1503085813;1503085814
1;128;8048;0x29071acdb59cbe980402329b4fc693a77530febd43df4843c8379ef89644a1bf;0x7cd0766530e41db2180447d864aea8fc7e69e6ab07127952ed1ec9af0792b7b7;0x1d988f6e;0x1d988f6eL;0.500000;1503085814;1503085814
1;128;8048;0x29071acdb59cbe980402329b4fc693a77530febd43df4843c8379ef89644a1bf;0x7cd0766530e41db2180447d864aea8fc7e69e6ab07127952ed1ec9af0792b7b7;0x1d988f6e;0x1d988f6eL;0.500000;1503085814;1503085814
1;128;8048;0x29071acdb59cbe980402329b4fc693a77530febd43df4843c8379ef89644a1bf;0x7cd0766530e41db2180447d864aea8fc7e69e6ab07127952ed1ec9af0792b7b7;0x1d988f6e;0x1d988f6eL;0.500000;1503085814;1503085815
1;128;8048;0xffe04bda9431ef52efe606149dd6fc1f091c41379ec8efac3af017a36aa7ec69;0x8f261d065384e1440c83a7f046cfd844af22a9e9dfd208a6f6cb0c9c1f34e530;0x4c67bba1;0x4c67bba1L;0.500000;1503085815;1503085815
1;128;8048;0xffe04bda9431ef52efe606149dd6fc1f091c41379ec8efac3af017a36aa7ec69;0x8f261d065384e1440c83a7f046cfd844af22a9e9dfd208a6f6cb0c9c1f34e530;0x4c67bba1;0x4c67bba1L;0.500000;1503085815;1503085815
1;128;8048;0xffe04bda9431ef52efe606149dd6fc1f091c41379ec8efac3af017a36aa7ec69;0x8f261d065384e1440c83a7f046cfd844af22a9e9dfd208a6f6cb0c9c1f34e530;0x4c67bba1;0x4c67bba1L;0.500000;1503085815;1503085816
0;128;8048;0x99834bbfb0f0946fa29bd8d45070fbe95ced74434ce5600861b493588bd26b24;0xc399eec5872f74a2f0af66d3bd042bbbc937377805b4c5409571427dd8b48710;0xc859424c;0x855d6e07L;0.500000;1503085816;1503085816
0;128;8048;0x99834bbfb0f0946fa29bd8d45070fbe95ced74434ce5600861b493588bd26b24;0xc399eec5872f74a2f0af66d3bd042bbbc937377805b4c5409571427dd8b48710;0xc859424c;0x855d6e07L;0.500000;1503085816;1503085816
0;128;8048;0x99834bbfb0f0946fa29bd8d45070fbe95ced74434ce5600861b493588bd26b24;0xc399eec5872f74a2f0af66d3bd042bbbc937377805b4c5409571427dd8b48710;0xc859424c;0x855d6e07L;0.500000;1503085816;1503085817
1;128;8048;0xad56956c1f5964468bd9211804e8bfa3fee7bc3ef3c126319bcc361fa8025f56;0x7e32d7fd16fa2a3d2775a6dd9aba31b2c5c29cad8da9d6caf9ed7244b28d1ffa;0x76a72b1d;0x76a72b1dL;0.500000;1503085817;1503085817
1;128;8048;0xad56956c1f5964468bd9211804e8bfa3fee7bc3ef3c126319bcc361fa8025f56;0x7e32d7fd16fa2a3d2775a6dd9aba31b2c5c29cad8da9d6caf9ed7244b28d1ffa;0x76a72b1d;0x76a72b1dL;0.500000;1503085817;1503085817
1;128;8048;0xad56956c1f5964468bd9211804e8bfa3fee7bc3ef3c126319bcc361fa8025f56;0x7e32d7fd16fa2a3d2775a6dd9aba31b2c5c29cad8da9d6caf9ed7244b28d1ffa;0x76a72b1d;0x76a72b1dL;0.500000;1503085817;1503085818
1;128;8048;0x2b7654d931467ced3745d86d7326971f1b8d6cbc3b7f723989a287dde71d1913;0x5b4c60bd07e3ed2fdbde960f2882278f94fc52d0cd1be753aa24cf868f899941;0xe6949eba;0xe6949ebaL;0.500000;1503085818;1503085818
1;128;8048;0x2b7654d931467ced3745d86d7326971f1b8d6cbc3b7f723989a287dde71d1913;0x5b4c60bd07e3ed2fdbde960f2882278f94fc52d0cd1be753aa24cf868f899941;0xe6949eba;0xe6949ebaL;0.500000;1503085818;1503085818
1;128;8048;0x2b7654d931467ced3745d86d7326971f1b8d6cbc3b7f723989a287dde71d1913;0x5b4c60bd07e3ed2fdbde960f2882278f94fc52d0cd1be753aa24cf868f899941;0xe6949eba;0xe6949ebaL;0.500000;1503085818;1503085819
1;128;8048;0x5044dc0339a6b8c3dd0a482f60522989e2e1aaac63b6e4bcf393a6e026430976;0xb60251450ab3eb91b07d3f0d6641e633b345d7dc71e0497d69327322efa98bff;0xd756aed1;0xd756aed1L;0.500000;1503085819;1503085819
