1;128;8048;0xfea5e1a7eb5ed1c7f2af8e5971ca14fdee395e967e3ecfc39a9df44ea7008ea5;0x6bc0c5bbefc3efa6e42230ea1ee0a2d9ab4c4ed9cda7c021a5928a1de95a9d88;0xd53ac18c;0xd53ac18cL;0.500000;1503090479;1503090480
1;128;8048;0xcc343970113eb95c906372939cdda640cdf40fee7f1073729bb381bfc9e42d96;0x6b7a93598e6efe5e2c54e474185bf19e3a9a55763fd4b9ea81514bcb4f3402e7;0x8896cf6c;0x8896cf6cL;0.500000;1503090480;1503090480
1;128;8048;0xcc343970113eb95c906372939cdda640cdf40fee7f1073729bb381bfc9e42d96;0x6b7a93598e6efe5e2c54e474185bf19e3a9a55763fd4b9ea81514bcb4f3402e7;0x8896cf6c;0x8896cf6cL;0.500000;1503090480;1503090480
1;128;8048;0xcc343970113eb95c906372939cdda640cdf40fee7f1073729bb381bfc9e42d96;0x6b7a93598e6efe5e2c54e474185bf19e3a9a55763fd4b9ea81514bcb4f3402e7;0x8896cf6c;0x8896cf6cL;0.500000;1503090480;1503090481
1;128;8048;0x59d2afb724f14e0fb47f7cd824fe881ca9c9bbb6a874161bb6057e6cf7841b50;0x03a96ee2e9045ca1421a3c378f66a90ad3700d3f80e26a70d2098a695d89c724;0x012eb308;0x12eb308L;0.500000;1503090481;1503090481
1;128;8048;0x59d2afb724f14e0fb47f7cd824fe881ca9c9bbb6a874161bb6057e6cf7841b50;0x03a96ee2e9045ca1421a3c378f66a90ad3700d3f80e26a70d2098a695d89c724;0x012eb308;0x12eb308L;0.500000;1503090481;1503090481
1;128;8048;0x59d2afb724f14e0fb47f7cd824fe881ca9c9bbb6a874161bb6057e6cf7841b50;0x03a96ee2e9045ca1421a3c378f66a90ad3700d3f80e26a70d2098a695d89c724;0x012eb308;0x12eb308L;0.500000;1503090481;1503090482
1;128;8048;0x3ea57500d71b7bd9fcbd3e7f0fe9c2a08d8a0d5bc572833411fbfea6b07c88ee;0x1ff540e1884aaf6ad5b9d3b993452c13beadd69a7e467767364085c9a46b35c0;0x147fec5a;0x147fec5aL;0.500000;1503090482;1503090482
1;128;8048;0x3ea57500d71b7bd9fcbd3e7f0fe9c2a08d8a0d5bc572833411fbfea6b07c88ee;0x1ff540e1884aaf6ad5b9d3b993452c13beadd69a7e467767364085c9a46b35c0;0x147fec5a;0x147fec5aL;0.500000;1503090482;1503090482
1;128;8048;0x3ea57500d71b7bd9fcbd3e7f0fe9c2a08d8a0d5bc572833411fbfea6b07c88ee;0x1ff540e1884aaf6ad5b9d3b993452c13beadd69a7e467767364085c9a46b35c0;0x147fec5a;0x147fec5aL;0.500000;1503090482;1503090483
1;128;8048;0x23993753284f60b61c8c38dfd79c42556d591abe203c0af93f0b2b4f61f0df84;0x4dce55c69fb6898fae2a20420cbac74ffebdf85b200a7a4d95e37a56561006f2;0xf45dbe78;0xf45dbe78L;0.500000;1503090483;1503090483
1;128;8048;0x23993753284f60b61c8c38dfd79c42556d591abe203c0af93f0b2b4f61f0df84;0x4dce55c69fb6898fae2a20420cbac74ffebdf85b200a7a4d95e37a56561006f2;0xf45dbe78;0xf45dbe78L;0.500000;1503090483;1503090483
1;128;8048;0x23993753284f60b61c8c38dfd79c42556d591abe203c0af93f0b2b4f61f0df84;0x4dce55c69fb6898fae2a20420cbac74ffebdf85b200a7a4d95e37a56561006f2;0xf45dbe78;0xf45dbe78L;0.500000;1503090483;1503090484
1;128;8048;0x768ea27f91def6ce9c63f92411bc9c789a0411dfa3c6ed5c4c1bf50ceee27364;0xbbdf4abf0efe6ea0aa627371b1316589481226602bd8991de9a2d3982dcd27ac;0x5e42a3d5;0x5e42a3d5L;0.500000;1503090484;1503090484
1;128;8048;0x768ea27f91def6ce9c63f92411bc9c789a0411dfa3c6ed5c4c1bf50ceee27364;0xbbdf4abf0efe6ea0aa627371b1316589481226602bd8991de9a2d3982dcd27ac;0x5e42a3d5;0x5e42a3d5L;0.500000;1503090484;1503090484
1;128;8048;0x768ea27f91def6ce9c63f92411bc9c789a0411dfa3c6ed5c4c1bf50ceee27364;0xbbdf4abf0efe6ea0aa627371b1316589481226602bd8991de9a2d3982dcd27ac;0x5e42a3d5;0x5e42a3d5L;0.500000;1503090484;1503090485
1;128;8048;0xaf709faeb8d444181a221e46b3f0e249ab31eb447c284e1725e4667463a9ba12;0x7613417719943bcb50f0f9782f1f1798d0544eb55c218f27e0adff3f56df8543;0x35ef7565;0x35ef7565L;0.500000;1503090485;1503090485
1;128;8048;0xaf709faeb8d444181a221e46b3f0e249ab31eb447c284e1725e4667463a9ba12;0x7613417719943bcb50f0f9782f1f1798d0544eb55c218f27e0adff3f56df8543;0x35ef7565;0x35ef7565L;0.500000;1503090485;1503090485
1;128;8048;0xaf709faeb8d444181a221e46b3f0e249ab31eb447c284e1725e4667463a9ba12;0x7613417719943bcb50f0f9782f1f1798d0544eb55c218f27e0adff3f56df8543;0x35ef7565;0x35ef7565L;0.500000;1503090485;1503090486
1;128;8048;0xbff097d51009e4aebe97411b15dea79df1a9e34bbf778390d413aca7c40b9a83;0xe65cb41d42342c65b62ab92150fa6a1d5886bc99aaf8045b68dd3e0dc6ed360d;0xe767b24b;0xe767b24bL;0.500000;1503090486;1503090486
