1;128;8048;0xe80011659834c1a811e9e6e4428352a985f531f01bebab12ff556531aecb7796;0x3ced2e1b42a7e2dbe8e7ca7fd63a53b496436816275cd25dded2a46c6cbbbfd4;0x7756826e;0x7756826eL;0.500000;1503073208;1503073208
1;128;8048;0xe80011659834c1a811e9e6e4428352a985f531f01bebab12ff556531aecb7796;0x3ced2e1b42a7e2dbe8e7ca7fd63a53b496436816275cd25dded2a46c6cbbbfd4;0x7756826e;0x7756826eL;0.500000;1503073208;1503073209
1;128;8048;0x4dd225f75b7b63c0a09cbcf72813c9930eba2381a2d94a8c454fc7d232b5b87f;0x90f6d393fd9cd13455d37b4d48e17bea2f3d433f50d6ca5cb43b8a07249b3df9;0xfd34c4e0;0xfd34c4e0L;0.500000;1503073209;1503073209
1;128;8048;0x4dd225f75b7b63c0a09cbcf72813c9930eba2381a2d94a8c454fc7d232b5b87f;0x90f6d393fd9cd13455d37b4d48e17bea2f3d433f50d6ca5cb43b8a07249b3df9;0xfd34c4e0;0xfd34c4e0L;0.500000;1503073209;1503073209
1;128;8048;0x4dd225f75b7b63c0a09cbcf72813c9930eba2381a2d94a8c454fc7d232b5b87f;0x90f6d393fd9cd13455d37b4d48e17bea2f3d433f50d6ca5cb43b8a07249b3df9;0xfd34c4e0;0xfd34c4e0L;0.500000;1503073209;1503073209
1;128;8048;0x4dd225f75b7b63c0a09cbcf72813c9930eba2381a2d94a8c454fc7d232b5b87f;0x90f6d393fd9cd13455d37b4d48e17bea2f3d433f50d6ca5cb43b8a07249b3df9;0xfd34c4e0;0xfd34c4e0L;0.500000;1503073209;1503073210
1;128;8048;0x07bceb5849105c78b05c27b02d05778399c2de3d6ff7f3f3b17d958e6921a170;0x736c654cbc6e4d9c1900bfc78df04ba8d645a57449e1ac677cbf4c6774bb18ec;0x7f529935;0x7f529935L;0.500000;1503073210;1503073210
1;128;8048;0x07bceb5849105c78b05c27b02d05778399c2de3d6ff7f3f3b17d958e6921a170;0x736c654cbc6e4d9c1900bfc78df04ba8d645a57449e1ac677cbf4c6774bb18ec;0x7f529935;0x7f529935L;0.500000;1503073210;1503073210
1;128;8048;0x07bceb5849105c78b05c27b02d05778399c2de3d6ff7f3f3b17d958e6921a170;0x736c654cbc6e4d9c1900bfc78df04ba8d645a57449e1ac677cbf4c6774bb18ec;0x7f529935;0x7f529935L;0.500000;1503073210;1503073211
0;128;8048;0x595d1b69f1f7fa4fce2918881c90975f64a08b8a7a8d96b74b20a262be019817;0xc92f51b1c8f0e39d1016ac55b62b781a7355f0e8f155b28bacebd1ee624e0ce5;0xb913374f;0xc3cd7316L;0.500000;1503073211;1503073211
0;128;8048;0x595d1b69f1f7fa4fce2918881c90975f64a08b8a7a8d96b74b20a262be019817;0xc92f51b1c8f0e39d1016ac55b62b781a7355f0e8f155b28bacebd1ee624e0ce5;0xb913374f;0xc3cd7316L;0.500000;1503073211;1503073211
0;128;8048;0x595d1b69f1f7fa4fce2918881c90975f64a08b8a7a8d96b74b20a262be019817;0xc92f51b1c8f0e39d1016ac55b62b781a7355f0e8f155b28bacebd1ee624e0ce5;0xb913374f;0xc3cd7316L;0.500000;1503073211;1503073211
0;128;8048;0x595d1b69f1f7fa4fce2918881c90975f64a08b8a7a8d96b74b20a262be019817;0xc92f51b1c8f0e39d1016ac55b62b781a7355f0e8f155b28bacebd1ee624e0ce5;0xb913374f;0xc3cd7316L;0.500000;1503073211;1503073212
0;128;8048;0x042db0bb80c0527c7787a94c011c01542869c25626376823f62e812e49bad74d;0xf4ec70ce0b92118a3f51f7d7b50d7bed01ef319be666fd0233b37362c9b99767;0xe7b98701;0xe7b98681L;0.500000;1503073212;1503073212
0;128;8048;0x042db0bb80c0527c7787a94c011c01542869c25626376823f62e812e49bad74d;0xf4ec70ce0b92118a3f51f7d7b50d7bed01ef319be666fd0233b37362c9b99767;0xe7b98701;0xe7b98681L;0.500000;1503073212;1503073212
0;128;8048;0x042db0bb80c0527c7787a94c011c01542869c25626376823f62e812e49bad74d;0xf4ec70ce0b92118a3f51f7d7b50d7bed01ef319be666fd0233b37362c9b99767;0xe7b98701;0xe7b98681L;0.500000;1503073212;1503073213
1;128;8048;0x62cf2662629b5373f96a47d7e6b5d546ad9376781080856cb8184140a2f22404;0x7a100840973ac36a48793fac0ca780ccdcf328080957de210d67c64d3a68308f;0xe2468517;0xe2468517L;0.500000;1503073213;1503073213
1;128;8048;0x62cf2662629b5373f96a47d7e6b5d546ad9376781080856cb8184140a2f22404;0x7a100840973ac36a48793fac0ca780ccdcf328080957de210d67c64d3a68308f;0xe2468517;0xe2468517L;0.500000;1503073213;1503073213
1;128;8048;0x62cf2662629b5373f96a47d7e6b5d546ad9376781080856cb8184140a2f22404;0x7a100840973ac36a48793fac0ca780ccdcf328080957de210d67c64d3a68308f;0xe2468517;0xe2468517L;0.500000;1503073213;1503073213
1;128;8048;0x62cf2662629b5373f96a47d7e6b5d546ad9376781080856cb8184140a2f22404;0x7a100840973ac36a48793fac0ca780ccdcf328080957de210d67c64d3a68308f;0xe2468517;0xe2468517L;0.500000;1503073213;1503073214
