1;128;8048;0x3f7cc91472615336ec636bf30d558f01b8e534c2802ccb32a34e63e0720e13b1;0x4ed41dea63cd424cb1af6c679a7ceeb5d29e872ead6237490822181f42cf29fc;0x1f4f3752;0x1f4f3752L;0.500000;1503126537;1503126537
1;128;8048;0x3f7cc91472615336ec636bf30d558f01b8e534c2802ccb32a34e63e0720e13b1;0x4ed41dea63cd424cb1af6c679a7ceeb5d29e872ead6237490822181f42cf29fc;0x1f4f3752;0x1f4f3752L;0.500000;1503126537;1503126537
1;128;8048;0x3f7cc91472615336ec636bf30d558f01b8e534c2802ccb32a34e63e0720e13b1;0x4ed41dea63cd424cb1af6c679a7ceeb5d29e872ead6237490822181f42cf29fc;0x1f4f3752;0x1f4f3752L;0.500000;1503126537;1503126537
1;128;8048;0x3f7cc91472615336ec636bf30d558f01b8e534c2802ccb32a34e63e0720e13b1;0x4ed41dea63cd424cb1af6c679a7ceeb5d29e872ead6237490822181f42cf29fc;0x1f4f3752;0x1f4f3752L;0.500000;1503126538;1503126538
1;128;8048;0x824e19694e7eb6bed72d85339431a818b8ad10b8646185aec29d31ace459ea66;0xda61d4a9a193f351fbb05d05c24c68d3014e10c6e4ccdb9da75c37f37eaa51ae;0x0f5e2b7c;0xf5e2b7cL;0.500000;1503126538;1503126538
1;128;8048;0x824e19694e7eb6bed72d85339431a818b8ad10b8646185aec29d31ace459ea66;0xda61d4a9a193f351fbb05d05c24c68d3014e10c6e4ccdb9da75c37f37eaa51ae;0x0f5e2b7c;0xf5e2b7cL;0.500000;1503126538;1503126538
1;128;8048;0x824e19694e7eb6bed72d85339431a818b8ad10b8646185aec29d31ace459ea66;0xda61d4a9a193f351fbb05d05c24c68d3014e10c6e4ccdb9da75c37f37eaa51ae;0x0f5e2b7c;0xf5e2b7cL;0.500000;1503126538;1503126538
1;128;8048;0x824e19694e7eb6bed72d85339431a818b8ad10b8646185aec29d31ace459ea66;0xda61d4a9a193f351fbb05d05c24c68d3014e10c6e4ccdb9da75c37f37eaa51ae;0x0f5e2b7c;0xf5e2b7cL;0.500000;1503126539;1503126539
1;128;8048;0xbae936b20a7583225aea70cb077f4d139d969818d13ddec59b137122be586479;0x11e7e78b8f061a24c3ce49976a73ba1dc3f3c7eef43296416d76f429d91254af;0xc707808e;0xc707808eL;0.500000;1503126539;1503126539
1;128;8048;0xbae936b20a7583225aea70cb077f4d139d969818d13ddec59b137122be586479;0x11e7e78b8f061a24c3ce49976a73ba1dc3f3c7eef43296416d76f429d91254af;0xc707808e;0xc707808eL;0.500000;1503126539;1503126539
1;128;8048;0xbae936b20a7583225aea70cb077f4d139d969818d13ddec59b137122be586479;0x11e7e78b8f061a24c3ce49976a73ba1dc3f3c7eef43296416d76f429d91254af;0xc707808e;0xc707808eL;0.500000;1503126539;1503126540
1;128;8048;0x7b093ae9bcaa3b3652277de3076e03b06e2977445ef56ece4617ecfccd64c548;0x315ab4fc297bf07ccf1a2d358652ccba6baa74678e9540ae69ee307a02999019;0x1461ef19;0x1461ef19L;0.500000;1503126540;1503126540
1;128;8048;0x7b093ae9bcaa3b3652277de3076e03b06e2977445ef56ece4617ecfccd64c548;0x315ab4fc297bf07ccf1a2d358652ccba6baa74678e9540ae69ee307a02999019;0x1461ef19;0x1461ef19L;0.500000;1503126540;1503126540
1;128;8048;0x7b093ae9bcaa3b3652277de3076e03b06e2977445ef56ece4617ecfccd64c548;0x315ab4fc297bf07ccf1a2d358652ccba6baa74678e9540ae69ee307a02999019;0x1461ef19;0x1461ef19L;0.500000;1503126540;1503126540
1;128;8048;0x7b093ae9bcaa3b3652277de3076e03b06e2977445ef56ece4617ecfccd64c548;0x315ab4fc297bf07ccf1a2d358652ccba6baa74678e9540ae69ee307a02999019;0x1461ef19;0x1461ef19L;0.500000;1503126541;1503126541
0;128;8048;0xff73579a02f273864bd06471b70b4274ed83097ccf007e7c74317cc2e2c60ce2;0x1fc0d8d0fd496052bb3fb7a28ac1c1791c19f7b8a17c92e2635e7e622cf3ed31;0xee64f099;0x7926b212L;0.500000;1503126541;1503126541
0;128;8048;0xff73579a02f273864bd06471b70b4274ed83097ccf007e7c74317cc2e2c60ce2;0x1fc0d8d0fd496052bb3fb7a28ac1c1791c19f7b8a17c92e2635e7e622cf3ed31;0xee64f099;0x7926b212L;0.500000;1503126541;1503126541
0;128;8048;0xff73579a02f273864bd06471b70b4274ed83097ccf007e7c74317cc2e2c60ce2;0x1fc0d8d0fd496052bb3fb7a28ac1c1791c19f7b8a17c92e2635e7e622cf3ed31;0xee64f099;0x7926b212L;0.500000;1503126541;1503126542
1;128;8048;0x51c8059a95f41e5685ac083a63f91d2f5685d64cf2b1bb64488ae5744639e097;0xeb979897873afe8d3fc9d35075df01b9834d41071b0e00c59ff57135c758ca54;0xc1fd098e;0xc1fd098eL;0.500000;1503126542;1503126542
1;128;8048;0x51c8059a95f41e5685ac083a63f91d2f5685d64cf2b1bb64488ae5744639e097;0xeb979897873afe8d3fc9d35075df01b9834d41071b0e00c59ff57135c758ca54;0xc1fd098e;0xc1fd098eL;0.500000;1503126542;1503126542
