1;128;8048;0x38eb770070a9a80480b67edf4f72289fa6d4a6ee3a4ab25cf402f75d41cff779;0xa0a765155e4a6b28a6f25db55a26c9b1f86858f5af7428d97714caea44be4c02;0x342fdd09;0x342fdd09L;0.500000;1503130470;1503130470
1;128;8048;0x38eb770070a9a80480b67edf4f72289fa6d4a6ee3a4ab25cf402f75d41cff779;0xa0a765155e4a6b28a6f25db55a26c9b1f86858f5af7428d97714caea44be4c02;0x342fdd09;0x342fdd09L;0.500000;1503130470;1503130470
1;128;8048;0xdea0cdd73a8aeadee36bff934345cef5965e763cd200790c00d03d4c980db976;0x7d6fa8c7093b26940a0c187c20c04377b33a4eaa5ccafdf898a25348c647234c;0x04198bf6;0x4198bf6L;0.500000;1503130471;1503130471
1;128;8048;0xdea0cdd73a8aeadee36bff934345cef5965e763cd200790c00d03d4c980db976;0x7d6fa8c7093b26940a0c187c20c04377b33a4eaa5ccafdf898a25348c647234c;0x04198bf6;0x4198bf6L;0.500000;1503130471;1503130471
1;128;8048;0xdea0cdd73a8aeadee36bff934345cef5965e763cd200790c00d03d4c980db976;0x7d6fa8c7093b26940a0c187c20c04377b33a4eaa5ccafdf898a25348c647234c;0x04198bf6;0x4198bf6L;0.500000;1503130471;1503130471
1;128;8048;0xdea0cdd73a8aeadee36bff934345cef5965e763cd200790c00d03d4c980db976;0x7d6fa8c7093b26940a0c187c20c04377b33a4eaa5ccafdf898a25348c647234c;0x04198bf6;0x4198bf6L;0.500000;1503130471;1503130472
1;128;8048;0x089a9697963d1ab1f53f09d52e35e99056d718e746cc11fddfde8e1dd04f22d8;0x44ef06ea37cac11385288bbdcc779643f88df155671335fa4a37f5ef291d7f5a;0x09807173;0x9807173L;0.500000;1503130472;1503130472
1;128;8048;0x089a9697963d1ab1f53f09d52e35e99056d718e746cc11fddfde8e1dd04f22d8;0x44ef06ea37cac11385288bbdcc779643f88df155671335fa4a37f5ef291d7f5a;0x09807173;0x9807173L;0.500000;1503130472;1503130472
1;128;8048;0x089a9697963d1ab1f53f09d52e35e99056d718e746cc11fddfde8e1dd04f22d8;0x44ef06ea37cac11385288bbdcc779643f88df155671335fa4a37f5ef291d7f5a;0x09807173;0x9807173L;0.500000;1503130472;1503130473
1;128;8048;0x637135e0e4bd53c07da0a6d991994974c7f1808a509fc7965cf51ec01c6c6a7f;0x6c3a8be162bfff324c6e259962848dcd1ece1fbbafa69761c694af64d7f50385;0x652d26b4;0x652d26b4L;0.500000;1503130473;1503130473
1;128;8048;0x637135e0e4bd53c07da0a6d991994974c7f1808a509fc7965cf51ec01c6c6a7f;0x6c3a8be162bfff324c6e259962848dcd1ece1fbbafa69761c694af64d7f50385;0x652d26b4;0x652d26b4L;0.500000;1503130473;1503130473
1;128;8048;0x637135e0e4bd53c07da0a6d991994974c7f1808a509fc7965cf51ec01c6c6a7f;0x6c3a8be162bfff324c6e259962848dcd1ece1fbbafa69761c694af64d7f50385;0x652d26b4;0x652d26b4L;0.500000;1503130473;1503130473
1;128;8048;0x637135e0e4bd53c07da0a6d991994974c7f1808a509fc7965cf51ec01c6c6a7f;0x6c3a8be162bfff324c6e259962848dcd1ece1fbbafa69761c694af64d7f50385;0x652d26b4;0x652d26b4L;0.500000;1503130473;1503130474
1;128;8048;0x6b0bd8daece2a9355b257d55769ef0f3866c7b01653b7a87abba6ac837ca16a2;0x5e3313a13e4d69759dbb242a08dd80e4f86d3e060730cb3a583bede99597413f;0xc5f5f6e5;0xc5f5f6e5L;0.500000;1503130474;1503130474
1;128;8048;0x6b0bd8daece2a9355b257d55769ef0f3866c7b01653b7a87abba6ac837ca16a2;0x5e3313a13e4d69759dbb242a08dd80e4f86d3e060730cb3a583bede99597413f;0xc5f5f6e5;0xc5f5f6e5L;0.500000;1503130474;1503130474
1;128;8048;0x6b0bd8daece2a9355b257d55769ef0f3866c7b01653b7a87abba6ac837ca16a2;0x5e3313a13e4d69759dbb242a08dd80e4f86d3e060730cb3a583bede99597413f;0xc5f5f6e5;0xc5f5f6e5L;0.500000;1503130474;1503130474
1;128;8048;0x6b0bd8daece2a9355b257d55769ef0f3866c7b01653b7a87abba6ac837ca16a2;0x5e3313a13e4d69759dbb242a08dd80e4f86d3e060730cb3a583bede99597413f;0xc5f5f6e5;0xc5f5f6e5L;0.500000;1503130475;1503130475
0;128;8048;0x2caa82187cdf984c2fa1e02ee85107ff0a667b7bba0204e04ff9b91224ba8950;0x2e30d97d92fec9ced0a59a3a4c3c4911920fa278d6e932c552a239c5e6e520a8;0xa6a3cf39;0x7c595c18L;0.500000;1503130475;1503130475
0;128;8048;0x2caa82187cdf984c2fa1e02ee85107ff0a667b7bba0204e04ff9b91224ba8950;0x2e30d97d92fec9ced0a59a3a4c3c4911920fa278d6e932c552a239c5e6e520a8;0xa6a3cf39;0x7c595c18L;0.500000;1503130475;1503130475
0;128;8048;0x2caa82187cdf984c2fa1e02ee85107ff0a667b7bba0204e04ff9b91224ba8950;0x2e30d97d92fec9ced0a59a3a4c3c4911920fa278d6e932c552a239c5e6e520a8;0xa6a3cf39;0x7c595c18L;0.500000;1503130475;1503130476
