1;128;8048;0xe365b49eb9c393864b26bb2c24cae98c00b3df7c8909429ccbcc3bff95b3cc78;0x153a79877136fa8b0f04df2c1250da66cbbc08555af50e0e284173710ce97595;0x3dfccd96;0x3dfccd96L;0.500000;1503127187;1503127187
1;128;8048;0xe365b49eb9c393864b26bb2c24cae98c00b3df7c8909429ccbcc3bff95b3cc78;0x153a79877136fa8b0f04df2c1250da66cbbc08555af50e0e284173710ce97595;0x3dfccd96;0x3dfccd96L;0.500000;1503127187;1503127187
1;128;8048;0xe365b49eb9c393864b26bb2c24cae98c00b3df7c8909429ccbcc3bff95b3cc78;0x153a79877136fa8b0f04df2c1250da66cbbc08555af50e0e284173710ce97595;0x3dfccd96;0x3dfccd96L;0.500000;1503127187;1503127188
1;128;8048;0x965653040d1f95f914db1344711e5d1c8173eb5d2a4a517866c78594b51fa04c;0xc3688bcb8bed67f2c81e0da0c4351bd62c962ef0f5855aaa176b5fc6bb80b42a;0x8b98f1d0;0x8b98f1d0L;0.500000;1503127188;1503127188
1;128;8048;0x965653040d1f95f914db1344711e5d1c8173eb5d2a4a517866c78594b51fa04c;0xc3688bcb8bed67f2c81e0da0c4351bd62c962ef0f5855aaa176b5fc6bb80b42a;0x8b98f1d0;0x8b98f1d0L;0.500000;1503127188;1503127188
1;128;8048;0x965653040d1f95f914db1344711e5d1c8173eb5d2a4a517866c78594b51fa04c;0xc3688bcb8bed67f2c81e0da0c4351bd62c962ef0f5855aaa176b5fc6bb80b42a;0x8b98f1d0;0x8b98f1d0L;0.500000;1503127188;1503127188
1;128;8048;0x965653040d1f95f914db1344711e5d1c8173eb5d2a4a517866c78594b51fa04c;0xc3688bcb8bed67f2c81e0da0c4351bd62c962ef0f5855aaa176b5fc6bb80b42a;0x8b98f1d0;0x8b98f1d0L;0.500000;1503127189;1503127189
1;128;8048;0xeaa7453a3a218007dd6e6564d13afeae315c46bc0718df1cf4c3ac6fcffe3eb9;0x22fb0e1c58afb4f1126711971068a52738c9a86413824843ee0c21ef745dd8f5;0x861c1fe0;0x861c1fe0L;0.500000;1503127189;1503127189
1;128;8048;0xeaa7453a3a218007dd6e6564d13afeae315c46bc0718df1cf4c3ac6fcffe3eb9;0x22fb0e1c58afb4f1126711971068a52738c9a86413824843ee0c21ef745dd8f5;0x861c1fe0;0x861c1fe0L;0.500000;1503127189;1503127189
1;128;8048;0xeaa7453a3a218007dd6e6564d13afeae315c46bc0718df1cf4c3ac6fcffe3eb9;0x22fb0e1c58afb4f1126711971068a52738c9a86413824843ee0c21ef745dd8f5;0x861c1fe0;0x861c1fe0L;0.500000;1503127189;1503127190
1;128;8048;0x50f6b744427b456df177a6a0ce81274cb5fe21cbfd709869da1cd729ea2dbf3b;0x2d8ad7c2c7b04a617072188620145e927f6641edb88295acf3ef6fdbfda2604b;0x342a4311;0x342a4311L;0.500000;1503127190;1503127190
1;128;8048;0x50f6b744427b456df177a6a0ce81274cb5fe21cbfd709869da1cd729ea2dbf3b;0x2d8ad7c2c7b04a617072188620145e927f6641edb88295acf3ef6fdbfda2604b;0x342a4311;0x342a4311L;0.500000;1503127190;1503127190
1;128;8048;0x50f6b744427b456df177a6a0ce81274cb5fe21cbfd709869da1cd729ea2dbf3b;0x2d8ad7c2c7b04a617072188620145e927f6641edb88295acf3ef6fdbfda2604b;0x342a4311;0x342a4311L;0.500000;1503127190;1503127190
1;128;8048;0x50f6b744427b456df177a6a0ce81274cb5fe21cbfd709869da1cd729ea2dbf3b;0x2d8ad7c2c7b04a617072188620145e927f6641edb88295acf3ef6fdbfda2604b;0x342a4311;0x342a4311L;0.500000;1503127190;1503127191
1;128;8048;0xfb60b7e639b2a94581f0237cb9979162c0a864fd7661a0d1eadcb7b5cd209fc8;0x10d44cb70494e1f101bda33ceb50724beeedce65f057996e62386b8f25d9152d;0x769a472a;0x769a472aL;0.500000;1503127191;1503127191
1;128;8048;0xfb60b7e639b2a94581f0237cb9979162c0a864fd7661a0d1eadcb7b5cd209fc8;0x10d44cb70494e1f101bda33ceb50724beeedce65f057996e62386b8f25d9152d;0x769a472a;0x769a472aL;0.500000;1503127191;1503127191
1;128;8048;0xfb60b7e639b2a94581f0237cb9979162c0a864fd7661a0d1eadcb7b5cd209fc8;0x10d44cb70494e1f101bda33ceb50724beeedce65f057996e62386b8f25d9152d;0x769a472a;0x769a472aL;0.500000;1503127191;1503127192
1;128;8048;0xa2c1ae706f71e46f03c80a32c82e790d1c13f17ebb15a0156f6ac9260868f0ab;0x9ad858e47f2578d8706402c08a2bbc6c534b3edd0091a1b2420b942b781ea69c;0xc622a21b;0xc622a21bL;0.500000;1503127192;1503127192
1;128;8048;0xa2c1ae706f71e46f03c80a32c82e790d1c13f17ebb15a0156f6ac9260868f0ab;0x9ad858e47f2578d8706402c08a2bbc6c534b3edd0091a1b2420b942b781ea69c;0xc622a21b;0xc622a21bL;0.500000;1503127192;1503127192
1;128;8048;0xa2c1ae706f71e46f03c80a32c82e790d1c13f17ebb15a0156f6ac9260868f0ab;0x9ad858e47f2578d8706402c08a2bbc6c534b3edd0091a1b2420b942b781ea69c;0xc622a21b;0xc622a21bL;0.500000;1503127192;1503127192
