1;128;8048;0xf450da26a647e87880efc44c359c366d68ae0d2111d9e5ec8c8b89d670221265;0x171ebf59b97b0a2e4cbf7e88125ef7df0165cbb324e1c8c6025a5eb9879c6f8b;0xd522ddc4;0xd522ddc4L;0.500000;1503078082;1503078082
1;128;8048;0xf450da26a647e87880efc44c359c366d68ae0d2111d9e5ec8c8b89d670221265;0x171ebf59b97b0a2e4cbf7e88125ef7df0165cbb324e1c8c6025a5eb9879c6f8b;0xd522ddc4;0xd522ddc4L;0.500000;1503078083;1503078083
1;128;8048;0xf54462687afc80af243f27c259ebfbd60767c46a79ea9e9600936673fa2056f0;0xa24a609e08f9389643a6267b251ee2bcb854d7134d59dcec1ac4dae39100788c;0x6559551e;0x6559551eL;0.500000;1503078083;1503078083
1;128;8048;0xf54462687afc80af243f27c259ebfbd60767c46a79ea9e9600936673fa2056f0;0xa24a609e08f9389643a6267b251ee2bcb854d7134d59dcec1ac4dae39100788c;0x6559551e;0x6559551eL;0.500000;1503078083;1503078083
1;128;8048;0xf54462687afc80af243f27c259ebfbd60767c46a79ea9e9600936673fa2056f0;0xa24a609e08f9389643a6267b251ee2bcb854d7134d59dcec1ac4dae39100788c;0x6559551e;0x6559551eL;0.500000;1503078083;1503078084
0;128;8048;0x5d4f85e90a71f42e43ca32b31a36516d4eb37e93f28fbd81d592a271a6b71f03;0x813b9a81a64a8db25d4875488e8b38b4164fb7ff6739fac24e27cbe7b48bf63e;0x69a0293a;0xf82b61eeL;0.500000;1503078084;1503078084
0;128;8048;0x5d4f85e90a71f42e43ca32b31a36516d4eb37e93f28fbd81d592a271a6b71f03;0x813b9a81a64a8db25d4875488e8b38b4164fb7ff6739fac24e27cbe7b48bf63e;0x69a0293a;0xf82b61eeL;0.500000;1503078084;1503078084
0;128;8048;0x5d4f85e90a71f42e43ca32b31a36516d4eb37e93f28fbd81d592a271a6b71f03;0x813b9a81a64a8db25d4875488e8b38b4164fb7ff6739fac24e27cbe7b48bf63e;0x69a0293a;0xf82b61eeL;0.500000;1503078084;1503078085
1;128;8048;0x7356ecd93c1aa464306fd3dc92d9c1339b81d8d5697b34a14ac501f1ddcfea51;0xa73817dd9e0ceb57c489150e8a329e3cf18c0ea7cf1e57e6ca7f55a0c0042619;0x5b4cff9a;0x5b4cff9aL;0.500000;1503078085;1503078085
1;128;8048;0x7356ecd93c1aa464306fd3dc92d9c1339b81d8d5697b34a14ac501f1ddcfea51;0xa73817dd9e0ceb57c489150e8a329e3cf18c0ea7cf1e57e6ca7f55a0c0042619;0x5b4cff9a;0x5b4cff9aL;0.500000;1503078085;1503078085
1;128;8048;0x7356ecd93c1aa464306fd3dc92d9c1339b81d8d5697b34a14ac501f1ddcfea51;0xa73817dd9e0ceb57c489150e8a329e3cf18c0ea7cf1e57e6ca7f55a0c0042619;0x5b4cff9a;0x5b4cff9aL;0.500000;1503078085;1503078085
1;128;8048;0x7356ecd93c1aa464306fd3dc92d9c1339b81d8d5697b34a14ac501f1ddcfea51;0xa73817dd9e0ceb57c489150e8a329e3cf18c0ea7cf1e57e6ca7f55a0c0042619;0x5b4cff9a;0x5b4cff9aL;0.500000;1503078085;1503078086
1;128;8048;0x84a091146836a56cb1f5cd5aa1469d65eaad65a9363c1df74409eb19bd926642;0x33a4b1c3474520e521bc2ed4b2bfbdd031cc62f5f2ab2c7198ecf39b09a47c80;0x7127d032;0x7127d032L;0.500000;1503078086;1503078086
1;128;8048;0x84a091146836a56cb1f5cd5aa1469d65eaad65a9363c1df74409eb19bd926642;0x33a4b1c3474520e521bc2ed4b2bfbdd031cc62f5f2ab2c7198ecf39b09a47c80;0x7127d032;0x7127d032L;0.500000;1503078086;1503078086
1;128;8048;0x84a091146836a56cb1f5cd5aa1469d65eaad65a9363c1df74409eb19bd926642;0x33a4b1c3474520e521bc2ed4b2bfbdd031cc62f5f2ab2c7198ecf39b09a47c80;0x7127d032;0x7127d032L;0.500000;1503078086;1503078087
1;128;8048;0x9648148081da97bfd90214484d7583bb38ee30915e6c0516990bef99745dbe0a;0xeb8218360691f7685f468057993050e774a060a3528d6353d6a374d4daa05b7a;0xb93a439d;0xb93a439dL;0.500000;1503078087;1503078087
1;128;8048;0x9648148081da97bfd90214484d7583bb38ee30915e6c0516990bef99745dbe0a;0xeb8218360691f7685f468057993050e774a060a3528d6353d6a374d4daa05b7a;0xb93a439d;0xb93a439dL;0.500000;1503078087;1503078087
1;128;8048;0x9648148081da97bfd90214484d7583bb38ee30915e6c0516990bef99745dbe0a;0xeb8218360691f7685f468057993050e774a060a3528d6353d6a374d4daa05b7a;0xb93a439d;0xb93a439dL;0.500000;1503078087;1503078088
1;128;8048;0x756c8ef1cd0afc15a7aaeca2ee26abacfb69c819b3b4d48fdca63881894e32fe;0x1abdcc6dbcc17269d5e1b741a16d09dc85eda2bca2668d3321eb51cfe1a51720;0x17ec6da7;0x17ec6da7L;0.500000;1503078088;1503078088
1;128;8048;0x756c8ef1cd0afc15a7aaeca2ee26abacfb69c819b3b4d48fdca63881894e32fe;0x1abdcc6dbcc17269d5e1b741a16d09dc85eda2bca2668d3321eb51cfe1a51720;0x17ec6da7;0x17ec6da7L;0.500000;1503078088;1503078088
