0;128;8048;0xbbe1f6952951bbf05913665cc4fbc1ff0069d5f2cff7774287261099d2150a8d;0x8b27952c0d1b8e89ae1b2ad19b27266d59edd29f8c169445bbff8f26cb1955a4;0x901fe7bd;0x2b470e2aL;0.500000;1503119916;1503119916
0;128;8048;0xbbe1f6952951bbf05913665cc4fbc1ff0069d5f2cff7774287261099d2150a8d;0x8b27952c0d1b8e89ae1b2ad19b27266d59edd29f8c169445bbff8f26cb1955a4;0x901fe7bd;0x2b470e2aL;0.500000;1503119916;1503119916
0;128;8048;0xbbe1f6952951bbf05913665cc4fbc1ff0069d5f2cff7774287261099d2150a8d;0x8b27952c0d1b8e89ae1b2ad19b27266d59edd29f8c169445bbff8f26cb1955a4;0x901fe7bd;0x2b470e2aL;0.500000;1503119916;1503119916
0;128;8048;0xbbe1f6952951bbf05913665cc4fbc1ff0069d5f2cff7774287261099d2150a8d;0x8b27952c0d1b8e89ae1b2ad19b27266d59edd29f8c169445bbff8f26cb1955a4;0x901fe7bd;0x2b470e2aL;0.500000;1503119916;1503119917
1;128;8048;0xd442c8739fe8fde69c9bb8ae7a29b00be3e0f6531d927d51a2f640a7b843518c;0x39f0aa738053f1eedb1a611d192d71ab95cbebf65de0774dfdcc7140b16d1f23;0xb32c2f97;0xb32c2f97L;0.500000;1503119917;1503119917
1;128;8048;0xd442c8739fe8fde69c9bb8ae7a29b00be3e0f6531d927d51a2f640a7b843518c;0x39f0aa738053f1eedb1a611d192d71ab95cbebf65de0774dfdcc7140b16d1f23;0xb32c2f97;0xb32c2f97L;0.500000;1503119917;1503119917
1;128;8048;0xd442c8739fe8fde69c9bb8ae7a29b00be3e0f6531d927d51a2f640a7b843518c;0x39f0aa738053f1eedb1a611d192d71ab95cbebf65de0774dfdcc7140b16d1f23;0xb32c2f97;0xb32c2f97L;0.500000;1503119917;1503119918
1;128;8048;0xc068798a6d9e96470317a3d3d8de27ab546284545f4d6553c2084a213587bff6;0xd4f4a8a5e3a6a323b39fa9b3da95881847ee79009443cb831421cf14f8a0da41;0x259a9cf5;0x259a9cf5L;0.500000;1503119918;1503119918
1;128;8048;0xc068798a6d9e96470317a3d3d8de27ab546284545f4d6553c2084a213587bff6;0xd4f4a8a5e3a6a323b39fa9b3da95881847ee79009443cb831421cf14f8a0da41;0x259a9cf5;0x259a9cf5L;0.500000;1503119918;1503119918
1;128;8048;0xc068798a6d9e96470317a3d3d8de27ab546284545f4d6553c2084a213587bff6;0xd4f4a8a5e3a6a323b39fa9b3da95881847ee79009443cb831421cf14f8a0da41;0x259a9cf5;0x259a9cf5L;0.500000;1503119918;1503119918
1;128;8048;0xc068798a6d9e96470317a3d3d8de27ab546284545f4d6553c2084a213587bff6;0xd4f4a8a5e3a6a323b39fa9b3da95881847ee79009443cb831421cf14f8a0da41;0x259a9cf5;0x259a9cf5L;0.500000;1503119918;1503119919
1;128;8048;0x4ae2d739ea45731b77047794aec5b00352c0cf9f4c4743e17845419609a09153;0x1311a381010419fb718863f81e598a478a526fd62621eb476e9bab87454996fe;0x782d9a94;0x782d9a94L;0.500000;1503119919;1503119919
1;128;8048;0x4ae2d739ea45731b77047794aec5b00352c0cf9f4c4743e17845419609a09153;0x1311a381010419fb718863f81e598a478a526fd62621eb476e9bab87454996fe;0x782d9a94;0x782d9a94L;0.500000;1503119919;1503119919
1;128;8048;0x4ae2d739ea45731b77047794aec5b00352c0cf9f4c4743e17845419609a09153;0x1311a381010419fb718863f81e598a478a526fd62621eb476e9bab87454996fe;0x782d9a94;0x782d9a94L;0.500000;1503119919;1503119920
1;128;8048;0xb341b92471fb47386cb2966cf8d802634088088c6866c5b51c35cb972d9e52e1;0x2f17cab05a260878cca1686678519a3dc94b02631ee1db8cee3cdbc419b8f860;0xf1963809;0xf1963809L;0.500000;1503119920;1503119920
1;128;8048;0xb341b92471fb47386cb2966cf8d802634088088c6866c5b51c35cb972d9e52e1;0x2f17cab05a260878cca1686678519a3dc94b02631ee1db8cee3cdbc419b8f860;0xf1963809;0xf1963809L;0.500000;1503119920;1503119920
1;128;8048;0xb341b92471fb47386cb2966cf8d802634088088c6866c5b51c35cb972d9e52e1;0x2f17cab05a260878cca1686678519a3dc94b02631ee1db8cee3cdbc419b8f860;0xf1963809;0xf1963809L;0.500000;1503119920;1503119921
1;128;8048;0x7bd00257047572d31cc31c23fd3f81423c5098592a0639e8d7907efe26ff46a1;0x8c5a74e9f3ce6edf78da4a92abc1b046af32f50a4008c8bf7b6b661c3927f5ea;0xde8f907d;0xde8f907dL;0.500000;1503119921;1503119921
1;128;8048;0x7bd00257047572d31cc31c23fd3f81423c5098592a0639e8d7907efe26ff46a1;0x8c5a74e9f3ce6edf78da4a92abc1b046af32f50a4008c8bf7b6b661c3927f5ea;0xde8f907d;0xde8f907dL;0.500000;1503119921;1503119921
1;128;8048;0x7bd00257047572d31cc31c23fd3f81423c5098592a0639e8d7907efe26ff46a1;0x8c5a74e9f3ce6edf78da4a92abc1b046af32f50a4008c8bf7b6b661c3927f5ea;0xde8f907d;0xde8f907dL;0.500000;1503119921;1503119921
