1;128;8048;0x1f8c764cd3891111e32d8cff4ad67558843177f1876c1d13ade3ee8895c984b5;0xf748370829cdf0ecfa2cfee53e2c2e6b070e3c542fd2f689f3ea5c5a234dd753;0xbb3d6e2a;0xbb3d6e2aL;0.500000;1503123904;1503123904
1;128;8048;0x1f8c764cd3891111e32d8cff4ad67558843177f1876c1d13ade3ee8895c984b5;0xf748370829cdf0ecfa2cfee53e2c2e6b070e3c542fd2f689f3ea5c5a234dd753;0xbb3d6e2a;0xbb3d6e2aL;0.500000;1503123904;1503123904
1;128;8048;0x1f8c764cd3891111e32d8cff4ad67558843177f1876c1d13ade3ee8895c984b5;0xf748370829cdf0ecfa2cfee53e2c2e6b070e3c542fd2f689f3ea5c5a234dd753;0xbb3d6e2a;0xbb3d6e2aL;0.500000;1503123904;1503123904
1;128;8048;0x1f8c764cd3891111e32d8cff4ad67558843177f1876c1d13ade3ee8895c984b5;0xf748370829cdf0ecfa2cfee53e2c2e6b070e3c542fd2f689f3ea5c5a234dd753;0xbb3d6e2a;0xbb3d6e2aL;0.500000;1503123904;1503123905
1;128;8048;0xb99a5a2f2fedea5449415c94d0a78c8e8627d4b23492bfc5abe31b074c1af905;0x0d701eb0f352b874fcb7ec798e5cdd6589156da52433788f5e24b33ebed3e770;0xffb3b786;0xffb3b786L;0.500000;1503123905;1503123905
1;128;8048;0xb99a5a2f2fedea5449415c94d0a78c8e8627d4b23492bfc5abe31b074c1af905;0x0d701eb0f352b874fcb7ec798e5cdd6589156da52433788f5e24b33ebed3e770;0xffb3b786;0xffb3b786L;0.500000;1503123905;1503123905
1;128;8048;0xb99a5a2f2fedea5449415c94d0a78c8e8627d4b23492bfc5abe31b074c1af905;0x0d701eb0f352b874fcb7ec798e5cdd6589156da52433788f5e24b33ebed3e770;0xffb3b786;0xffb3b786L;0.500000;1503123905;1503123906
1;128;8048;0x524545ce771280bbefa22ff539d734aaa4508e5fdef70178a745aa00cdb8d71f;0x7ff9b580e0ef3a018b53700e077a9f8673867bdc3471784f02bb2c1a1359d904;0x4f9b0c03;0x4f9b0c03L;0.500000;1503123906;1503123906
1;128;8048;0x524545ce771280bbefa22ff539d734aaa4508e5fdef70178a745aa00cdb8d71f;0x7ff9b580e0ef3a018b53700e077a9f8673867bdc3471784f02bb2c1a1359d904;0x4f9b0c03;0x4f9b0c03L;0.500000;1503123906;1503123906
1;128;8048;0x524545ce771280bbefa22ff539d734aaa4508e5fdef70178a745aa00cdb8d71f;0x7ff9b580e0ef3a018b53700e077a9f8673867bdc3471784f02bb2c1a1359d904;0x4f9b0c03;0x4f9b0c03L;0.500000;1503123906;1503123906
1;128;8048;0x524545ce771280bbefa22ff539d734aaa4508e5fdef70178a745aa00cdb8d71f;0x7ff9b580e0ef3a018b53700e077a9f8673867bdc3471784f02bb2c1a1359d904;0x4f9b0c03;0x4f9b0c03L;0.500000;1503123907;1503123907
1;128;8048;0x1f31bd869eb08b7af3331215aafc14c65ec9d4166a0807aeb4cd7acda93bd1c8;0x7fdecdd45d798077f1bbf3e90f131b6dd6c357d5ad598a63fd2b9e6b3c592c2e;0xf897260f;0xf897260fL;0.500000;1503123907;1503123907
1;128;8048;0x1f31bd869eb08b7af3331215aafc14c65ec9d4166a0807aeb4cd7acda93bd1c8;0x7fdecdd45d798077f1bbf3e90f131b6dd6c357d5ad598a63fd2b9e6b3c592c2e;0xf897260f;0xf897260fL;0.500000;1503123907;1503123907
1;128;8048;0x1f31bd869eb08b7af3331215aafc14c65ec9d4166a0807aeb4cd7acda93bd1c8;0x7fdecdd45d798077f1bbf3e90f131b6dd6c357d5ad598a63fd2b9e6b3c592c2e;0xf897260f;0xf897260fL;0.500000;1503123907;1503123908
1;128;8048;0xf741c4c04656d2c5997e97f0fa0aa59244a10ab62df582cc1139d40dc376b8bb;0xbc2bb9966b7ab6ffd1ab69bc83f20e7d7bef86100ac7da36a36950f7a789ac0f;0xe8ff7a73;0xe8ff7a73L;0.500000;1503123908;1503123908
1;128;8048;0xf741c4c04656d2c5997e97f0fa0aa59244a10ab62df582cc1139d40dc376b8bb;0xbc2bb9966b7ab6ffd1ab69bc83f20e7d7bef86100ac7da36a36950f7a789ac0f;0xe8ff7a73;0xe8ff7a73L;0.500000;1503123908;1503123908
1;128;8048;0xf741c4c04656d2c5997e97f0fa0aa59244a10ab62df582cc1139d40dc376b8bb;0xbc2bb9966b7ab6ffd1ab69bc83f20e7d7bef86100ac7da36a36950f7a789ac0f;0xe8ff7a73;0xe8ff7a73L;0.500000;1503123908;1503123908
1;128;8048;0xf741c4c04656d2c5997e97f0fa0aa59244a10ab62df582cc1139d40dc376b8bb;0xbc2bb9966b7ab6ffd1ab69bc83f20e7d7bef86100ac7da36a36950f7a789ac0f;0xe8ff7a73;0xe8ff7a73L;0.500000;1503123908;1503123909
0;128;8048;0x0e54237ff47ff8f0d0976ec91bd4ab0bbf919e0b3fe73a628ee7cc9df347c601;0xfe000a2a39b4d6a2e563ef50f346c2474392e83c09ec3cf6efeb9799af92fa46;0xdff8916f;0xd33f53b6L;0.500000;1503123909;1503123909
0;128;8048;0x0e54237ff47ff8f0d0976ec91bd4ab0bbf919e0b3fe73a628ee7cc9df347c601;0xfe000a2a39b4d6a2e563ef50f346c2474392e83c09ec3cf6efeb9799af92fa46;0xdff8916f;0xd33f53b6L;0.500000;1503123909;1503123909
