1;128;8048;0xeba5f7c4ef8a621f4a50d051843849271fb1506e26733609c936c1a8b69506a1;0x870113c29f848da79dee239df4285293b890b470fbfb4ba09602493db5eea574;0xbbba86d4;0xbbba86d4L;0.500000;1503074543;1503074544
1;128;8048;0x2d4fddc45d9d3dc8ef4ce0974c61ac9ebd5e132d4ac20ebca3f08b3c62f0eb8f;0xee0dea2ab9dfef1cee5966db9f3b6036d583dccec92b74b9a9e72fc77f507f91;0x0ea4ff14;0xea4ff14L;0.500000;1503074544;1503074544
1;128;8048;0x2d4fddc45d9d3dc8ef4ce0974c61ac9ebd5e132d4ac20ebca3f08b3c62f0eb8f;0xee0dea2ab9dfef1cee5966db9f3b6036d583dccec92b74b9a9e72fc77f507f91;0x0ea4ff14;0xea4ff14L;0.500000;1503074544;1503074544
1;128;8048;0x2d4fddc45d9d3dc8ef4ce0974c61ac9ebd5e132d4ac20ebca3f08b3c62f0eb8f;0xee0dea2ab9dfef1cee5966db9f3b6036d583dccec92b74b9a9e72fc77f507f91;0x0ea4ff14;0xea4ff14L;0.500000;1503074544;1503074545
0;128;8048;0xf5c9928051772a5a2224c4137974e2cc5f8efab6bcafe33474b021603c864a32;0x094e7f4de5ab59e442549b05d89901d89b63c1e9fd1090274aa5ba02da8f5d24;0x215c5e91;0xf9f56069L;0.500000;1503074545;1503074545
0;128;8048;0xf5c9928051772a5a2224c4137974e2cc5f8efab6bcafe33474b021603c864a32;0x094e7f4de5ab59e442549b05d89901d89b63c1e9fd1090274aa5ba02da8f5d24;0x215c5e91;0xf9f56069L;0.500000;1503074545;1503074545
0;128;8048;0xf5c9928051772a5a2224c4137974e2cc5f8efab6bcafe33474b021603c864a32;0x094e7f4de5ab59e442549b05d89901d89b63c1e9fd1090274aa5ba02da8f5d24;0x215c5e91;0xf9f56069L;0.500000;1503074545;1503074545
0;128;8048;0xf5c9928051772a5a2224c4137974e2cc5f8efab6bcafe33474b021603c864a32;0x094e7f4de5ab59e442549b05d89901d89b63c1e9fd1090274aa5ba02da8f5d24;0x215c5e91;0xf9f56069L;0.500000;1503074545;1503074546
1;128;8048;0xf970ded6f2c9c4f92ea579e27ceecc3587e7a35f892771dd590ef0a4f69b6cf0;0xeedb450d60aa607299c517e0ffe6d0bf1b20a18241b4ac6ced8a185c8dfa601f;0x5eae6fb2;0x5eae6fb2L;0.500000;1503074546;1503074546
1;128;8048;0xf970ded6f2c9c4f92ea579e27ceecc3587e7a35f892771dd590ef0a4f69b6cf0;0xeedb450d60aa607299c517e0ffe6d0bf1b20a18241b4ac6ced8a185c8dfa601f;0x5eae6fb2;0x5eae6fb2L;0.500000;1503074546;1503074546
1;128;8048;0xf970ded6f2c9c4f92ea579e27ceecc3587e7a35f892771dd590ef0a4f69b6cf0;0xeedb450d60aa607299c517e0ffe6d0bf1b20a18241b4ac6ced8a185c8dfa601f;0x5eae6fb2;0x5eae6fb2L;0.500000;1503074546;1503074546
1;128;8048;0xf970ded6f2c9c4f92ea579e27ceecc3587e7a35f892771dd590ef0a4f69b6cf0;0xeedb450d60aa607299c517e0ffe6d0bf1b20a18241b4ac6ced8a185c8dfa601f;0x5eae6fb2;0x5eae6fb2L;0.500000;1503074547;1503074547
1;128;8048;0x56e85ea7381f28251354ebb7cfc413345ebaae1a16dd8afce5292330a4ee6bfb;0x2f57a740c0bb10eab7a43505dee27304d9d4558bb3465ff44fe3b41e4863fbaf;0x968ccf0b;0x968ccf0bL;0.500000;1503074547;1503074547
1;128;8048;0x56e85ea7381f28251354ebb7cfc413345ebaae1a16dd8afce5292330a4ee6bfb;0x2f57a740c0bb10eab7a43505dee27304d9d4558bb3465ff44fe3b41e4863fbaf;0x968ccf0b;0x968ccf0bL;0.500000;1503074547;1503074547
1;128;8048;0x56e85ea7381f28251354ebb7cfc413345ebaae1a16dd8afce5292330a4ee6bfb;0x2f57a740c0bb10eab7a43505dee27304d9d4558bb3465ff44fe3b41e4863fbaf;0x968ccf0b;0x968ccf0bL;0.500000;1503074547;1503074548
1;128;8048;0x54c1a4b25dff7480e3017b6f41b590f1b76eb37f5bcc24309844fb5c887a52dc;0x7710395460780ed7a717ec0eda3ed2eb7219ddf8f6acdf917476ee04ed2d5b38;0xf84f62d9;0xf84f62d9L;0.500000;1503074548;1503074548
1;128;8048;0x54c1a4b25dff7480e3017b6f41b590f1b76eb37f5bcc24309844fb5c887a52dc;0x7710395460780ed7a717ec0eda3ed2eb7219ddf8f6acdf917476ee04ed2d5b38;0xf84f62d9;0xf84f62d9L;0.500000;1503074548;1503074548
1;128;8048;0x54c1a4b25dff7480e3017b6f41b590f1b76eb37f5bcc24309844fb5c887a52dc;0x7710395460780ed7a717ec0eda3ed2eb7219ddf8f6acdf917476ee04ed2d5b38;0xf84f62d9;0xf84f62d9L;0.500000;1503074548;1503074548
1;128;8048;0x54c1a4b25dff7480e3017b6f41b590f1b76eb37f5bcc24309844fb5c887a52dc;0x7710395460780ed7a717ec0eda3ed2eb7219ddf8f6acdf917476ee04ed2d5b38;0xf84f62d9;0xf84f62d9L;0.500000;1503074548;1503074549
1;128;8048;0x21bce577bcd4466828e134199a2b6413584c9d5d3e03669ccf7d626341d7ae62;0xef4cc710f79aaaa4ac86282f522323e3e22b522c896c00e5bb7d9b03c2bc5320;0x82810a32;0x82810a32L;0.500000;1503074549;1503074549
