1;128;8048;0x110791b5935891e59e48286c1730868a3896c1a138889164d6176b89aee143bf;0x220b8e9924440749a7d0f474c39cba89c2e49891098e730ce21dfbe6105f44d1;0x9b066ddf;0x9b066ddfL;0.500000;1503075263;1503075264
1;128;8048;0x6fde31577b76209771f9d5e7393bb134c1fd431088b19000f246f0c52b85e59a;0xeab544916d8402b4618de0cebd8b3aa32ac3251b61f6bcee639a0a4fc8cfd35a;0x1b910aa5;0x1b910aa5L;0.500000;1503075264;1503075264
1;128;8048;0x6fde31577b76209771f9d5e7393bb134c1fd431088b19000f246f0c52b85e59a;0xeab544916d8402b4618de0cebd8b3aa32ac3251b61f6bcee639a0a4fc8cfd35a;0x1b910aa5;0x1b910aa5L;0.500000;1503075264;1503075264
1;128;8048;0x6fde31577b76209771f9d5e7393bb134c1fd431088b19000f246f0c52b85e59a;0xeab544916d8402b4618de0cebd8b3aa32ac3251b61f6bcee639a0a4fc8cfd35a;0x1b910aa5;0x1b910aa5L;0.500000;1503075264;1503075265
0;128;8048;0x315941d7c835c6c2c93e151dcb3e9e0592d3ed82f035cf620576ae0f03120b34;0x5fac77145bf9a9696430187bf65efa88f4b495a4b1fce797e3584aafafa89790;0x23362d75;0x23362df5L;0.500000;1503075265;1503075265
0;128;8048;0x315941d7c835c6c2c93e151dcb3e9e0592d3ed82f035cf620576ae0f03120b34;0x5fac77145bf9a9696430187bf65efa88f4b495a4b1fce797e3584aafafa89790;0x23362d75;0x23362df5L;0.500000;1503075265;1503075265
0;128;8048;0x315941d7c835c6c2c93e151dcb3e9e0592d3ed82f035cf620576ae0f03120b34;0x5fac77145bf9a9696430187bf65efa88f4b495a4b1fce797e3584aafafa89790;0x23362d75;0x23362df5L;0.500000;1503075265;1503075265
0;128;8048;0x315941d7c835c6c2c93e151dcb3e9e0592d3ed82f035cf620576ae0f03120b34;0x5fac77145bf9a9696430187bf65efa88f4b495a4b1fce797e3584aafafa89790;0x23362d75;0x23362df5L;0.500000;1503075265;1503075266
1;128;8048;0x058dcbb571984362421f87017bb6cbfd7a665473f92aec07a90a3c0cf75025fc;0x0822c0a6f6b0062c28e8725ce8c0f797de0ff495ea6f3776fc95891206956b89;0xf5f88cfa;0xf5f88cfaL;0.500000;1503075266;1503075266
1;128;8048;0x058dcbb571984362421f87017bb6cbfd7a665473f92aec07a90a3c0cf75025fc;0x0822c0a6f6b0062c28e8725ce8c0f797de0ff495ea6f3776fc95891206956b89;0xf5f88cfa;0xf5f88cfaL;0.500000;1503075266;1503075266
1;128;8048;0x058dcbb571984362421f87017bb6cbfd7a665473f92aec07a90a3c0cf75025fc;0x0822c0a6f6b0062c28e8725ce8c0f797de0ff495ea6f3776fc95891206956b89;0xf5f88cfa;0xf5f88cfaL;0.500000;1503075266;1503075267
0;128;8048;0xc099eddbccb9b93acb9a9e739170634020a1dfd14a5d9215e63c50e9e3f1cca4;0xd3fb83a120ee12aa5fab5b760a945e5d35ef2140430c0d97c5cd109a975c59c4;0x7a343c71;0x84c89aceL;0.500000;1503075267;1503075267
0;128;8048;0xc099eddbccb9b93acb9a9e739170634020a1dfd14a5d9215e63c50e9e3f1cca4;0xd3fb83a120ee12aa5fab5b760a945e5d35ef2140430c0d97c5cd109a975c59c4;0x7a343c71;0x84c89aceL;0.500000;1503075267;1503075267
0;128;8048;0xc099eddbccb9b93acb9a9e739170634020a1dfd14a5d9215e63c50e9e3f1cca4;0xd3fb83a120ee12aa5fab5b760a945e5d35ef2140430c0d97c5cd109a975c59c4;0x7a343c71;0x84c89aceL;0.500000;1503075267;1503075268
1;128;8048;0xdfda436e2b84ef7ef9dc22cd4dfa619390de9da456b9ee8165c9dfb4f413f3d3;0xe5aef8f71777dbf1dfe1acacf58abac5dc34c76c64bb749c1be2b3cae1109cfe;0xb016250f;0xb016250fL;0.500000;1503075268;1503075268
1;128;8048;0xdfda436e2b84ef7ef9dc22cd4dfa619390de9da456b9ee8165c9dfb4f413f3d3;0xe5aef8f71777dbf1dfe1acacf58abac5dc34c76c64bb749c1be2b3cae1109cfe;0xb016250f;0xb016250fL;0.500000;1503075268;1503075268
1;128;8048;0xdfda436e2b84ef7ef9dc22cd4dfa619390de9da456b9ee8165c9dfb4f413f3d3;0xe5aef8f71777dbf1dfe1acacf58abac5dc34c76c64bb749c1be2b3cae1109cfe;0xb016250f;0xb016250fL;0.500000;1503075268;1503075269
1;128;8048;0x1b168eabcaebe982619d987de2e4779a0f2d021a38746260731fc42a6dc97988;0xb5b78a90c3be9fffe8e64d456b2b3f2c74ccedcf0e96c2352019365060bb50a6;0x8a269fe3;0x8a269fe3L;0.500000;1503075269;1503075269
1;128;8048;0x1b168eabcaebe982619d987de2e4779a0f2d021a38746260731fc42a6dc97988;0xb5b78a90c3be9fffe8e64d456b2b3f2c74ccedcf0e96c2352019365060bb50a6;0x8a269fe3;0x8a269fe3L;0.500000;1503075269;1503075269
1;128;8048;0x1b168eabcaebe982619d987de2e4779a0f2d021a38746260731fc42a6dc97988;0xb5b78a90c3be9fffe8e64d456b2b3f2c74ccedcf0e96c2352019365060bb50a6;0x8a269fe3;0x8a269fe3L;0.500000;1503075269;1503075270
