1;128;8048;0x6b26741ae526132d9b76b47220b3d8e317677af6f5ad373f7951d4a2ee7d9d59;0xfc9c2d3de9823d67d979ec7ed1b01ed216f899a4abc2106c38ee9272e68885f0;0x2c6eb77c;0x2c6eb77cL;0.500000;1503081941;1503081942
0;128;8048;0xaf2a2846844ff7e15552084b7e9ab745bac56288c232783af23fab61aac4495a;0xce9dcbbde0a38e4514e320f60110423bdae0324983ca6ecd8bfd1a9b7a639074;0x5f14e309;0x60252544L;0.500000;1503081942;1503081942
0;128;8048;0xaf2a2846844ff7e15552084b7e9ab745bac56288c232783af23fab61aac4495a;0xce9dcbbde0a38e4514e320f60110423bdae0324983ca6ecd8bfd1a9b7a639074;0x5f14e309;0x60252544L;0.500000;1503081942;1503081942
0;128;8048;0xaf2a2846844ff7e15552084b7e9ab745bac56288c232783af23fab61aac4495a;0xce9dcbbde0a38e4514e320f60110423bdae0324983ca6ecd8bfd1a9b7a639074;0x5f14e309;0x60252544L;0.500000;1503081942;1503081943
1;128;8048;0x1c2ce8eb3dd619639f97aae770e45e427c2675e55ed2918a5d9593fe9dd429b9;0xc0496fe672893316e82c5562dbf862bfbf143e1c13854ecdafdbff93ee13e7bd;0x7fe2a304;0x7fe2a304L;0.500000;1503081943;1503081943
1;128;8048;0x1c2ce8eb3dd619639f97aae770e45e427c2675e55ed2918a5d9593fe9dd429b9;0xc0496fe672893316e82c5562dbf862bfbf143e1c13854ecdafdbff93ee13e7bd;0x7fe2a304;0x7fe2a304L;0.500000;1503081943;1503081943
1;128;8048;0x1c2ce8eb3dd619639f97aae770e45e427c2675e55ed2918a5d9593fe9dd429b9;0xc0496fe672893316e82c5562dbf862bfbf143e1c13854ecdafdbff93ee13e7bd;0x7fe2a304;0x7fe2a304L;0.500000;1503081943;1503081944
0;128;8048;0x0ace5a51b031b68c799808c2b8b5d1a135e05d701f8a6721d30a374cad5c38b7;0x5c7899a0aa761fd254e3a6a31b4bf10d51ee34a300960969b58ae9dc28bcbfe2;0xfe058db3;0x19517ec0L;0.500000;1503081944;1503081944
0;128;8048;0x0ace5a51b031b68c799808c2b8b5d1a135e05d701f8a6721d30a374cad5c38b7;0x5c7899a0aa761fd254e3a6a31b4bf10d51ee34a300960969b58ae9dc28bcbfe2;0xfe058db3;0x19517ec0L;0.500000;1503081944;1503081945
1;128;8048;0xe120dbda8b711c6076c10f4610e2abde769410900815e0b6959acfec1baf3efc;0x3ef157706660e483763dc4703c72573f87b54f6f14f25021f3dd3e052c9599cd;0x6d61cddd;0x6d61cdddL;0.500000;1503081945;1503081945
1;128;8048;0xe120dbda8b711c6076c10f4610e2abde769410900815e0b6959acfec1baf3efc;0x3ef157706660e483763dc4703c72573f87b54f6f14f25021f3dd3e052c9599cd;0x6d61cddd;0x6d61cdddL;0.500000;1503081945;1503081945
1;128;8048;0xe120dbda8b711c6076c10f4610e2abde769410900815e0b6959acfec1baf3efc;0x3ef157706660e483763dc4703c72573f87b54f6f14f25021f3dd3e052c9599cd;0x6d61cddd;0x6d61cdddL;0.500000;1503081945;1503081946
1;128;8048;0x58d73528a4b80dd492e8a554ed75be5d28315015fdbb3eb6918bf66697b229ef;0x671c6a31a77f509d805dfe3231d5444db39d7fb1e5e06ee8b10ff2f952e17731;0x35367439;0x35367439L;0.500000;1503081946;1503081946
1;128;8048;0x58d73528a4b80dd492e8a554ed75be5d28315015fdbb3eb6918bf66697b229ef;0x671c6a31a77f509d805dfe3231d5444db39d7fb1e5e06ee8b10ff2f952e17731;0x35367439;0x35367439L;0.500000;1503081946;1503081946
1;128;8048;0x58d73528a4b80dd492e8a554ed75be5d28315015fdbb3eb6918bf66697b229ef;0x671c6a31a77f509d805dfe3231d5444db39d7fb1e5e06ee8b10ff2f952e17731;0x35367439;0x35367439L;0.500000;1503081946;1503081947
1;128;8048;0xe2b4434af2ff51de69e286dd886b79064d5d0cfbfb1420a97cb26f9a6b8bd24d;0x12d0cfb5af6016194d9ec35336fe6d20e4adf8e9e9c990e566edd92444a59590;0x564badbb;0x564badbbL;0.500000;1503081947;1503081947
1;128;8048;0xe2b4434af2ff51de69e286dd886b79064d5d0cfbfb1420a97cb26f9a6b8bd24d;0x12d0cfb5af6016194d9ec35336fe6d20e4adf8e9e9c990e566edd92444a59590;0x564badbb;0x564badbbL;0.500000;1503081947;1503081947
1;128;8048;0xe2b4434af2ff51de69e286dd886b79064d5d0cfbfb1420a97cb26f9a6b8bd24d;0x12d0cfb5af6016194d9ec35336fe6d20e4adf8e9e9c990e566edd92444a59590;0x564badbb;0x564badbbL;0.500000;1503081947;1503081948
1;128;8048;0x2b28ea7c31ee8dbad99c94dc605d38574d9a2f2d20e853f11baa4519543b5b7f;0x1e16aa6e6775657c7a779295ff0d6fd095b0259e415cfda20a2c747f717f5221;0xd0bcb174;0xd0bcb174L;0.500000;1503081948;1503081948
1;128;8048;0x2b28ea7c31ee8dbad99c94dc605d38574d9a2f2d20e853f11baa4519543b5b7f;0x1e16aa6e6775657c7a779295ff0d6fd095b0259e415cfda20a2c747f717f5221;0xd0bcb174;0xd0bcb174L;0.500000;1503081948;1503081948
