1;128;8048;0xcf345b439e7cc99ec6b7a7b4367864bdf3f5c7e7e285b408309af710c62ce295;0xcab55735ab979e0515938bf8631712b87da2a86602afb54e7048826cdba6a14d;0x638880fd;0x638880fdL;0.500000;1503117948;1503117948
1;128;8048;0xcf345b439e7cc99ec6b7a7b4367864bdf3f5c7e7e285b408309af710c62ce295;0xcab55735ab979e0515938bf8631712b87da2a86602afb54e7048826cdba6a14d;0x638880fd;0x638880fdL;0.500000;1503117948;1503117948
1;128;8048;0xcf345b439e7cc99ec6b7a7b4367864bdf3f5c7e7e285b408309af710c62ce295;0xcab55735ab979e0515938bf8631712b87da2a86602afb54e7048826cdba6a14d;0x638880fd;0x638880fdL;0.500000;1503117949;1503117949
1;128;8048;0x6ebe04681cfe5fdb9ea70d6bc2df0f01cd79c50a01073f4d526918c9bae2ba28;0x86da43360357581553f6496df381ce5ecec11d2ae82f256c3fab3666c7a74bb2;0x7248ebe6;0x7248ebe6L;0.500000;1503117949;1503117949
1;128;8048;0x6ebe04681cfe5fdb9ea70d6bc2df0f01cd79c50a01073f4d526918c9bae2ba28;0x86da43360357581553f6496df381ce5ecec11d2ae82f256c3fab3666c7a74bb2;0x7248ebe6;0x7248ebe6L;0.500000;1503117949;1503117949
1;128;8048;0x6ebe04681cfe5fdb9ea70d6bc2df0f01cd79c50a01073f4d526918c9bae2ba28;0x86da43360357581553f6496df381ce5ecec11d2ae82f256c3fab3666c7a74bb2;0x7248ebe6;0x7248ebe6L;0.500000;1503117949;1503117950
0;128;8048;0x46bf23bbd45836108e2eedcb592dbf2617d4e3a4a69ba024f4fc225595dec9dc;0x043674bc9c06f6d80e58da68e34e85eb4e65a7984db8c52afdcaca54ada3e8f0;0x8ebc7be1;0x720b01ccL;0.500000;1503117950;1503117950
0;128;8048;0x46bf23bbd45836108e2eedcb592dbf2617d4e3a4a69ba024f4fc225595dec9dc;0x043674bc9c06f6d80e58da68e34e85eb4e65a7984db8c52afdcaca54ada3e8f0;0x8ebc7be1;0x720b01ccL;0.500000;1503117950;1503117950
0;128;8048;0x46bf23bbd45836108e2eedcb592dbf2617d4e3a4a69ba024f4fc225595dec9dc;0x043674bc9c06f6d80e58da68e34e85eb4e65a7984db8c52afdcaca54ada3e8f0;0x8ebc7be1;0x720b01ccL;0.500000;1503117950;1503117950
0;128;8048;0x46bf23bbd45836108e2eedcb592dbf2617d4e3a4a69ba024f4fc225595dec9dc;0x043674bc9c06f6d80e58da68e34e85eb4e65a7984db8c52afdcaca54ada3e8f0;0x8ebc7be1;0x720b01ccL;0.500000;1503117951;1503117951
1;128;8048;0x556c631b76c69fc38d0aaec796b24fd440d4a1429ab71a4f40cfb2fbfac6dd4f;0xe6a4ef4a49fc737b59b5060bf519ec2253bd17638124942e2cad68acf11d0cad;0x207aeb49;0x207aeb49L;0.500000;1503117951;1503117951
1;128;8048;0x556c631b76c69fc38d0aaec796b24fd440d4a1429ab71a4f40cfb2fbfac6dd4f;0xe6a4ef4a49fc737b59b5060bf519ec2253bd17638124942e2cad68acf11d0cad;0x207aeb49;0x207aeb49L;0.500000;1503117951;1503117951
1;128;8048;0x556c631b76c69fc38d0aaec796b24fd440d4a1429ab71a4f40cfb2fbfac6dd4f;0xe6a4ef4a49fc737b59b5060bf519ec2253bd17638124942e2cad68acf11d0cad;0x207aeb49;0x207aeb49L;0.500000;1503117951;1503117952
1;128;8048;0x5349b89a44ce5c6094b20a88521c8f819bf5971a285623345455b8e190b245e4;0x0ae26cbb04bdc49add1ee5eba377a5d8cb83197161663231c93fab62e72bb38f;0x93905a3d;0x93905a3dL;0.500000;1503117952;1503117952
1;128;8048;0x5349b89a44ce5c6094b20a88521c8f819bf5971a285623345455b8e190b245e4;0x0ae26cbb04bdc49add1ee5eba377a5d8cb83197161663231c93fab62e72bb38f;0x93905a3d;0x93905a3dL;0.500000;1503117952;1503117952
1;128;8048;0x5349b89a44ce5c6094b20a88521c8f819bf5971a285623345455b8e190b245e4;0x0ae26cbb04bdc49add1ee5eba377a5d8cb83197161663231c93fab62e72bb38f;0x93905a3d;0x93905a3dL;0.500000;1503117952;1503117952
1;128;8048;0x5349b89a44ce5c6094b20a88521c8f819bf5971a285623345455b8e190b245e4;0x0ae26cbb04bdc49add1ee5eba377a5d8cb83197161663231c93fab62e72bb38f;0x93905a3d;0x93905a3dL;0.500000;1503117953;1503117953
1;128;8048;0x0c587983bd05ec5d39c1d312aef9a3bcc75f85e82cf1957b6f3f68fb33d3d33f;0x6f3bb51b6e26018284603edfe1727a4b8df443527589cdfb977ebb9edf674112;0x13c4314b;0x13c4314bL;0.500000;1503117953;1503117953
1;128;8048;0x0c587983bd05ec5d39c1d312aef9a3bcc75f85e82cf1957b6f3f68fb33d3d33f;0x6f3bb51b6e26018284603edfe1727a4b8df443527589cdfb977ebb9edf674112;0x13c4314b;0x13c4314bL;0.500000;1503117953;1503117953
1;128;8048;0x0c587983bd05ec5d39c1d312aef9a3bcc75f85e82cf1957b6f3f68fb33d3d33f;0x6f3bb51b6e26018284603edfe1727a4b8df443527589cdfb977ebb9edf674112;0x13c4314b;0x13c4314bL;0.500000;1503117954;1503117954
