1;128;8048;0xa03ea98630a90fb022ed7d4b6b951b7f8d3571b93a71029aa6f7ab4664baca04;0xb88ea272323037b7742ede43816c2eab9e5201a62507a1bc9c010eefe9dc10f3;0xb813a181;0xb813a181L;0.500000;1503125205;1503125205
1;128;8048;0xa03ea98630a90fb022ed7d4b6b951b7f8d3571b93a71029aa6f7ab4664baca04;0xb88ea272323037b7742ede43816c2eab9e5201a62507a1bc9c010eefe9dc10f3;0xb813a181;0xb813a181L;0.500000;1503125205;1503125205
1;128;8048;0xa03ea98630a90fb022ed7d4b6b951b7f8d3571b93a71029aa6f7ab4664baca04;0xb88ea272323037b7742ede43816c2eab9e5201a62507a1bc9c010eefe9dc10f3;0xb813a181;0xb813a181L;0.500000;1503125205;1503125205
1;128;8048;0xa03ea98630a90fb022ed7d4b6b951b7f8d3571b93a71029aa6f7ab4664baca04;0xb88ea272323037b7742ede43816c2eab9e5201a62507a1bc9c010eefe9dc10f3;0xb813a181;0xb813a181L;0.500000;1503125206;1503125206
1;128;8048;0xdbfb85dcdba395e325a0708c20a359e0fb94e6c2c6ceb4da6ac074d2705e474b;0x915f597e509c7db436bcdeadf1fb47e44af173b95a3b1251906e83dc01034b5b;0x0888548d;0x888548dL;0.500000;1503125206;1503125206
1;128;8048;0xdbfb85dcdba395e325a0708c20a359e0fb94e6c2c6ceb4da6ac074d2705e474b;0x915f597e509c7db436bcdeadf1fb47e44af173b95a3b1251906e83dc01034b5b;0x0888548d;0x888548dL;0.500000;1503125206;1503125206
1;128;8048;0xdbfb85dcdba395e325a0708c20a359e0fb94e6c2c6ceb4da6ac074d2705e474b;0x915f597e509c7db436bcdeadf1fb47e44af173b95a3b1251906e83dc01034b5b;0x0888548d;0x888548dL;0.500000;1503125206;1503125207
1;128;8048;0x1c5d408e08b670c03bdcb533d4bbdb47f1fee08bd0520e903276da5421c1b13d;0xf503f0bc9c8b320cbfd9f52cee422fda1a989ad10cad58a318a65f340647ce2a;0xa384b55c;0xa384b55cL;0.500000;1503125207;1503125207
1;128;8048;0x1c5d408e08b670c03bdcb533d4bbdb47f1fee08bd0520e903276da5421c1b13d;0xf503f0bc9c8b320cbfd9f52cee422fda1a989ad10cad58a318a65f340647ce2a;0xa384b55c;0xa384b55cL;0.500000;1503125207;1503125207
1;128;8048;0x1c5d408e08b670c03bdcb533d4bbdb47f1fee08bd0520e903276da5421c1b13d;0xf503f0bc9c8b320cbfd9f52cee422fda1a989ad10cad58a318a65f340647ce2a;0xa384b55c;0xa384b55cL;0.500000;1503125207;1503125207
1;128;8048;0x1c5d408e08b670c03bdcb533d4bbdb47f1fee08bd0520e903276da5421c1b13d;0xf503f0bc9c8b320cbfd9f52cee422fda1a989ad10cad58a318a65f340647ce2a;0xa384b55c;0xa384b55cL;0.500000;1503125207;1503125208
1;128;8048;0x7fbe70197ee71bd93ffc61c7b3891e3b89d364b8b82afc70f98b35ed62d4b2e1;0x6cb44ade04ae0f253e10bf67d451e1057eb648c40a41303a7d96a059ba0ac94b;0x59e706d1;0x59e706d1L;0.500000;1503125208;1503125208
1;128;8048;0x7fbe70197ee71bd93ffc61c7b3891e3b89d364b8b82afc70f98b35ed62d4b2e1;0x6cb44ade04ae0f253e10bf67d451e1057eb648c40a41303a7d96a059ba0ac94b;0x59e706d1;0x59e706d1L;0.500000;1503125208;1503125208
1;128;8048;0x7fbe70197ee71bd93ffc61c7b3891e3b89d364b8b82afc70f98b35ed62d4b2e1;0x6cb44ade04ae0f253e10bf67d451e1057eb648c40a41303a7d96a059ba0ac94b;0x59e706d1;0x59e706d1L;0.500000;1503125208;1503125208
1;128;8048;0x7fbe70197ee71bd93ffc61c7b3891e3b89d364b8b82afc70f98b35ed62d4b2e1;0x6cb44ade04ae0f253e10bf67d451e1057eb648c40a41303a7d96a059ba0ac94b;0x59e706d1;0x59e706d1L;0.500000;1503125209;1503125209
1;128;8048;0xf49bdedd1c4f81e3c9f578802793a44d3a0f7142d6d530914e9ab44f5a5ac24e;0x01909049153e65a13816fe7a18e91015613f8a4776f077a2c4f8df1f84a24b87;0x76cacca1;0x76cacca1L;0.500000;1503125209;1503125209
1;128;8048;0xf49bdedd1c4f81e3c9f578802793a44d3a0f7142d6d530914e9ab44f5a5ac24e;0x01909049153e65a13816fe7a18e91015613f8a4776f077a2c4f8df1f84a24b87;0x76cacca1;0x76cacca1L;0.500000;1503125209;1503125209
1;128;8048;0xf49bdedd1c4f81e3c9f578802793a44d3a0f7142d6d530914e9ab44f5a5ac24e;0x01909049153e65a13816fe7a18e91015613f8a4776f077a2c4f8df1f84a24b87;0x76cacca1;0x76cacca1L;0.500000;1503125209;1503125210
1;128;8048;0xa49a87f125321997fd6e50b12677ce03b6944e643a4e5c387f96124570388814;0x5f680835e454b4c759d5a4bff7ec52db11aab0a41a0c2e5218f014bdec04d0da;0x9883f227;0x9883f227L;0.500000;1503125210;1503125210
1;128;8048;0xa49a87f125321997fd6e50b12677ce03b6944e643a4e5c387f96124570388814;0x5f680835e454b4c759d5a4bff7ec52db11aab0a41a0c2e5218f014bdec04d0da;0x9883f227;0x9883f227L;0.500000;1503125210;1503125210
