1;128;8048;0x912b00657cd82251ccda86d4c1ae9918a4f733943262d2fb0c6e1082fb84ab8c;0xb2dae62d1c953ad073b88cd84682b4e455f7a005b9ab05391ef8ba7b8d3b7bfd;0xd99e28ee;0xd99e28eeL;0.500000;1503140979;1503140979
1;128;8048;0x912b00657cd82251ccda86d4c1ae9918a4f733943262d2fb0c6e1082fb84ab8c;0xb2dae62d1c953ad073b88cd84682b4e455f7a005b9ab05391ef8ba7b8d3b7bfd;0xd99e28ee;0xd99e28eeL;0.500000;1503140979;1503140979
1;128;8048;0x912b00657cd82251ccda86d4c1ae9918a4f733943262d2fb0c6e1082fb84ab8c;0xb2dae62d1c953ad073b88cd84682b4e455f7a005b9ab05391ef8ba7b8d3b7bfd;0xd99e28ee;0xd99e28eeL;0.500000;1503140979;1503140979
1;128;8048;0x912b00657cd82251ccda86d4c1ae9918a4f733943262d2fb0c6e1082fb84ab8c;0xb2dae62d1c953ad073b88cd84682b4e455f7a005b9ab05391ef8ba7b8d3b7bfd;0xd99e28ee;0xd99e28eeL;0.500000;1503140979;1503140980
1;128;8048;0x0822f85662c661cfea29884df85a2c061ffe2e9a5eafaaf930b328348606ee8e;0xa68e875372c4f65fd1db301bc934699969396988dd012b92f0128e51bab7a6e5;0x62628d0d;0x62628d0dL;0.500000;1503140980;1503140980
1;128;8048;0x0822f85662c661cfea29884df85a2c061ffe2e9a5eafaaf930b328348606ee8e;0xa68e875372c4f65fd1db301bc934699969396988dd012b92f0128e51bab7a6e5;0x62628d0d;0x62628d0dL;0.500000;1503140980;1503140980
1;128;8048;0x0822f85662c661cfea29884df85a2c061ffe2e9a5eafaaf930b328348606ee8e;0xa68e875372c4f65fd1db301bc934699969396988dd012b92f0128e51bab7a6e5;0x62628d0d;0x62628d0dL;0.500000;1503140980;1503140980
1;128;8048;0x0822f85662c661cfea29884df85a2c061ffe2e9a5eafaaf930b328348606ee8e;0xa68e875372c4f65fd1db301bc934699969396988dd012b92f0128e51bab7a6e5;0x62628d0d;0x62628d0dL;0.500000;1503140980;1503140981
0;128;8048;0xa7016e061ba0f4369a60bb6f5fddab768c59ae4a905859a43cb5ff004fb5a5f6;0x67d1e65885b1694524e5654913d0724d88f1a95741d47e2c63eedcc4dce5c0b7;0x8f54e027;0xa3255274L;0.500000;1503140981;1503140981
0;128;8048;0xa7016e061ba0f4369a60bb6f5fddab768c59ae4a905859a43cb5ff004fb5a5f6;0x67d1e65885b1694524e5654913d0724d88f1a95741d47e2c63eedcc4dce5c0b7;0x8f54e027;0xa3255274L;0.500000;1503140981;1503140981
0;128;8048;0xa7016e061ba0f4369a60bb6f5fddab768c59ae4a905859a43cb5ff004fb5a5f6;0x67d1e65885b1694524e5654913d0724d88f1a95741d47e2c63eedcc4dce5c0b7;0x8f54e027;0xa3255274L;0.500000;1503140981;1503140981
0;128;8048;0xa7016e061ba0f4369a60bb6f5fddab768c59ae4a905859a43cb5ff004fb5a5f6;0x67d1e65885b1694524e5654913d0724d88f1a95741d47e2c63eedcc4dce5c0b7;0x8f54e027;0xa3255274L;0.500000;1503140982;1503140982
0;128;8048;0xcad9bbe8b98f8381967c721bd8143d3503fc9bf8254212760ef27fa3332412fd;0x073fc84eec034ec86075a4fcb0921818b308f35f0538445e8b1046da53f41336;0x30da74b6;0xe16c8cceL;0.500000;1503140982;1503140982
0;128;8048;0xcad9bbe8b98f8381967c721bd8143d3503fc9bf8254212760ef27fa3332412fd;0x073fc84eec034ec86075a4fcb0921818b308f35f0538445e8b1046da53f41336;0x30da74b6;0xe16c8cceL;0.500000;1503140982;1503140982
0;128;8048;0xcad9bbe8b98f8381967c721bd8143d3503fc9bf8254212760ef27fa3332412fd;0x073fc84eec034ec86075a4fcb0921818b308f35f0538445e8b1046da53f41336;0x30da74b6;0xe16c8cceL;0.500000;1503140982;1503140983
1;128;8048;0xfb098aa6250f49b75d77aff77991d1936397c8c47c518d689543a59c99512294;0xd3da4a3b2780b80408b5c7e5a79a1e69448c6a1f16887f3bfbbfd4ccb315aa74;0x2e2b886e;0x2e2b886eL;0.500000;1503140983;1503140983
1;128;8048;0xfb098aa6250f49b75d77aff77991d1936397c8c47c518d689543a59c99512294;0xd3da4a3b2780b80408b5c7e5a79a1e69448c6a1f16887f3bfbbfd4ccb315aa74;0x2e2b886e;0x2e2b886eL;0.500000;1503140983;1503140983
1;128;8048;0xfb098aa6250f49b75d77aff77991d1936397c8c47c518d689543a59c99512294;0xd3da4a3b2780b80408b5c7e5a79a1e69448c6a1f16887f3bfbbfd4ccb315aa74;0x2e2b886e;0x2e2b886eL;0.500000;1503140983;1503140983
1;128;8048;0xfb098aa6250f49b75d77aff77991d1936397c8c47c518d689543a59c99512294;0xd3da4a3b2780b80408b5c7e5a79a1e69448c6a1f16887f3bfbbfd4ccb315aa74;0x2e2b886e;0x2e2b886eL;0.500000;1503140983;1503140984
1;128;8048;0xf77d8e934de5f8fbacebbc0a8786ca00c8f6822b55e9c157fcbc7bd382626f7a;0x931c640cecce501c4ebae3aefc55ddffa42eb9523cb65e1d04a8a20ad790c78b;0xb659a79b;0xb659a79bL;0.500000;1503140984;1503140984
