1;128;8048;0x12f6f13ff6dc1cc1454c6fc249a886ca498ef2ca37c7f4216cd7fbf0cd0d68df;0x083049d32dea9fc8da25cdc78f0e9112337fcc108d8f2555b6809f9b99a63fb8;0xdeed1fbb;0xdeed1fbbL;0.500000;1503123204;1503123204
0;128;8048;0x914909d23459b573d0ebe5e11aaa9a1f8846c3fea24b46ecf455d960a592fc36;0x4bf52cd86b1d49f991ec8b1d3928f10fe66545260dd42cdcd2df8269ef50b4a2;0x54a13556;0x8dca2665L;0.500000;1503123204;1503123204
0;128;8048;0x914909d23459b573d0ebe5e11aaa9a1f8846c3fea24b46ecf455d960a592fc36;0x4bf52cd86b1d49f991ec8b1d3928f10fe66545260dd42cdcd2df8269ef50b4a2;0x54a13556;0x8dca2665L;0.500000;1503123204;1503123204
0;128;8048;0x914909d23459b573d0ebe5e11aaa9a1f8846c3fea24b46ecf455d960a592fc36;0x4bf52cd86b1d49f991ec8b1d3928f10fe66545260dd42cdcd2df8269ef50b4a2;0x54a13556;0x8dca2665L;0.500000;1503123204;1503123204
0;128;8048;0x914909d23459b573d0ebe5e11aaa9a1f8846c3fea24b46ecf455d960a592fc36;0x4bf52cd86b1d49f991ec8b1d3928f10fe66545260dd42cdcd2df8269ef50b4a2;0x54a13556;0x8dca2665L;0.500000;1503123205;1503123205
1;128;8048;0xedbaa33ae4ad2f4134534be1c3a25cec6514703ec9811f98061537da5100903e;0x55c8eac2743e86857ab7be5fd78288bf8f21656c0ff584e72f4efcb422e28274;0x23fc26fe;0x23fc26feL;0.500000;1503123205;1503123205
1;128;8048;0xedbaa33ae4ad2f4134534be1c3a25cec6514703ec9811f98061537da5100903e;0x55c8eac2743e86857ab7be5fd78288bf8f21656c0ff584e72f4efcb422e28274;0x23fc26fe;0x23fc26feL;0.500000;1503123205;1503123205
1;128;8048;0xedbaa33ae4ad2f4134534be1c3a25cec6514703ec9811f98061537da5100903e;0x55c8eac2743e86857ab7be5fd78288bf8f21656c0ff584e72f4efcb422e28274;0x23fc26fe;0x23fc26feL;0.500000;1503123205;1503123206
0;128;8048;0x32c0a0fd4bcdcfe8ddd4d9b5bc9617c3c2c32e729d6973ec8b11f71c793083ab;0x5bf080e31e3a1d4e1b03c403a25f77e2704bcc030f304a6e5d5d10598b865e86;0x836e0e69;0x25cd864bL;0.500000;1503123206;1503123206
0;128;8048;0x32c0a0fd4bcdcfe8ddd4d9b5bc9617c3c2c32e729d6973ec8b11f71c793083ab;0x5bf080e31e3a1d4e1b03c403a25f77e2704bcc030f304a6e5d5d10598b865e86;0x836e0e69;0x25cd864bL;0.500000;1503123206;1503123206
0;128;8048;0x32c0a0fd4bcdcfe8ddd4d9b5bc9617c3c2c32e729d6973ec8b11f71c793083ab;0x5bf080e31e3a1d4e1b03c403a25f77e2704bcc030f304a6e5d5d10598b865e86;0x836e0e69;0x25cd864bL;0.500000;1503123206;1503123206
0;128;8048;0x32c0a0fd4bcdcfe8ddd4d9b5bc9617c3c2c32e729d6973ec8b11f71c793083ab;0x5bf080e31e3a1d4e1b03c403a25f77e2704bcc030f304a6e5d5d10598b865e86;0x836e0e69;0x25cd864bL;0.500000;1503123206;1503123207
0;128;8048;0xabb96a667401f1f11d2b01a4f9b90cd0d8e5265b09820e66099bb65ad85e3684;0x5aa07ccaba6b07afeb012c81437ab865d9f40686182f8f4c218d66d25bceb7ea;0x0845fbcc;0x4bc0b431L;0.500000;1503123207;1503123207
0;128;8048;0xabb96a667401f1f11d2b01a4f9b90cd0d8e5265b09820e66099bb65ad85e3684;0x5aa07ccaba6b07afeb012c81437ab865d9f40686182f8f4c218d66d25bceb7ea;0x0845fbcc;0x4bc0b431L;0.500000;1503123207;1503123207
0;128;8048;0xabb96a667401f1f11d2b01a4f9b90cd0d8e5265b09820e66099bb65ad85e3684;0x5aa07ccaba6b07afeb012c81437ab865d9f40686182f8f4c218d66d25bceb7ea;0x0845fbcc;0x4bc0b431L;0.500000;1503123207;1503123207
0;128;8048;0xabb96a667401f1f11d2b01a4f9b90cd0d8e5265b09820e66099bb65ad85e3684;0x5aa07ccaba6b07afeb012c81437ab865d9f40686182f8f4c218d66d25bceb7ea;0x0845fbcc;0x4bc0b431L;0.500000;1503123207;1503123208
1;128;8048;0xdc7be18b1a11723eef27ac6f55bcf9a823dcca8341589349fcddc8d720f8effd;0x76da3c294f3423c905a2410fac0f9ef8213f1ab1258fccfa8dbf0809b6e24321;0xb428fe8a;0xb428fe8aL;0.500000;1503123208;1503123208
1;128;8048;0xdc7be18b1a11723eef27ac6f55bcf9a823dcca8341589349fcddc8d720f8effd;0x76da3c294f3423c905a2410fac0f9ef8213f1ab1258fccfa8dbf0809b6e24321;0xb428fe8a;0xb428fe8aL;0.500000;1503123208;1503123208
1;128;8048;0xdc7be18b1a11723eef27ac6f55bcf9a823dcca8341589349fcddc8d720f8effd;0x76da3c294f3423c905a2410fac0f9ef8213f1ab1258fccfa8dbf0809b6e24321;0xb428fe8a;0xb428fe8aL;0.500000;1503123208;1503123209
1;128;8048;0x5c1bf9114ffc46794c20c7c2beefcb90b52e85625321a57b6a50138f63280bbf;0x592d8c175bccb2ba329a7196d0f9234b4fed68cb2988d519282d282fca929121;0xf9872e8f;0xf9872e8fL;0.500000;1503123209;1503123209
