1;128;8048;0x560e96bc71fad4826fe7a14f6ed21d4fa52ad67cc07641250de15c6f0f4de566;0x4bd06bcf809ec8a007b196a6931c164ad1412ff3fdf1cb3a4f787be8f7a71406;0xab53744a;0xab53744aL;0.500000;1503086583;1503086583
1;128;8048;0x560e96bc71fad4826fe7a14f6ed21d4fa52ad67cc07641250de15c6f0f4de566;0x4bd06bcf809ec8a007b196a6931c164ad1412ff3fdf1cb3a4f787be8f7a71406;0xab53744a;0xab53744aL;0.500000;1503086583;1503086583
1;128;8048;0x560e96bc71fad4826fe7a14f6ed21d4fa52ad67cc07641250de15c6f0f4de566;0x4bd06bcf809ec8a007b196a6931c164ad1412ff3fdf1cb3a4f787be8f7a71406;0xab53744a;0xab53744aL;0.500000;1503086583;1503086583
1;128;8048;0x560e96bc71fad4826fe7a14f6ed21d4fa52ad67cc07641250de15c6f0f4de566;0x4bd06bcf809ec8a007b196a6931c164ad1412ff3fdf1cb3a4f787be8f7a71406;0xab53744a;0xab53744aL;0.500000;1503086584;1503086584
1;128;8048;0x75198cce4d9973e338806d19e5ad9ec6f8eeec2edc7d711724b9dc195e2e96d3;0xc2481ba10e4dd3ccaa2e5ea9349cdcb482a137a7fe6ef36e463a78493e807c41;0x81a62a80;0x81a62a80L;0.500000;1503086584;1503086584
1;128;8048;0x75198cce4d9973e338806d19e5ad9ec6f8eeec2edc7d711724b9dc195e2e96d3;0xc2481ba10e4dd3ccaa2e5ea9349cdcb482a137a7fe6ef36e463a78493e807c41;0x81a62a80;0x81a62a80L;0.500000;1503086584;1503086584
1;128;8048;0x75198cce4d9973e338806d19e5ad9ec6f8eeec2edc7d711724b9dc195e2e96d3;0xc2481ba10e4dd3ccaa2e5ea9349cdcb482a137a7fe6ef36e463a78493e807c41;0x81a62a80;0x81a62a80L;0.500000;1503086584;1503086585
1;128;8048;0x483d8b7891f6dce0a2e6e8a8e735d2a0224d592cc094c18cb612a823fb505f43;0x7435218a038cc2df7f205de32b6fab23c18b6c4490c4de978038fa73b19bdd37;0xd2ff29c2;0xd2ff29c2L;0.500000;1503086585;1503086585
1;128;8048;0x483d8b7891f6dce0a2e6e8a8e735d2a0224d592cc094c18cb612a823fb505f43;0x7435218a038cc2df7f205de32b6fab23c18b6c4490c4de978038fa73b19bdd37;0xd2ff29c2;0xd2ff29c2L;0.500000;1503086585;1503086585
1;128;8048;0x483d8b7891f6dce0a2e6e8a8e735d2a0224d592cc094c18cb612a823fb505f43;0x7435218a038cc2df7f205de32b6fab23c18b6c4490c4de978038fa73b19bdd37;0xd2ff29c2;0xd2ff29c2L;0.500000;1503086585;1503086586
1;128;8048;0xd6f31f549207e5053cf654ec0417e94e17266204ed6ca9ee134b49ea3a9cbd10;0x637608b37048722f957ac2383e5424fb9f2d994467c62f53bdf9e47fc43d4587;0xdabfd433;0xdabfd433L;0.500000;1503086586;1503086586
1;128;8048;0xd6f31f549207e5053cf654ec0417e94e17266204ed6ca9ee134b49ea3a9cbd10;0x637608b37048722f957ac2383e5424fb9f2d994467c62f53bdf9e47fc43d4587;0xdabfd433;0xdabfd433L;0.500000;1503086586;1503086586
1;128;8048;0xd6f31f549207e5053cf654ec0417e94e17266204ed6ca9ee134b49ea3a9cbd10;0x637608b37048722f957ac2383e5424fb9f2d994467c62f53bdf9e47fc43d4587;0xdabfd433;0xdabfd433L;0.500000;1503086586;1503086586
1;128;8048;0xd6f31f549207e5053cf654ec0417e94e17266204ed6ca9ee134b49ea3a9cbd10;0x637608b37048722f957ac2383e5424fb9f2d994467c62f53bdf9e47fc43d4587;0xdabfd433;0xdabfd433L;0.500000;1503086587;1503086587
1;128;8048;0x9f1cea84417528c68da1a2efeeda2ed87313de5d11b3bfd468d34f3eb169df50;0xbeae93b39287848075d187ed2d9fd18edd645b1abb4c5a2acb553077cb5a8245;0x633ddcd5;0x633ddcd5L;0.500000;1503086587;1503086587
1;128;8048;0x9f1cea84417528c68da1a2efeeda2ed87313de5d11b3bfd468d34f3eb169df50;0xbeae93b39287848075d187ed2d9fd18edd645b1abb4c5a2acb553077cb5a8245;0x633ddcd5;0x633ddcd5L;0.500000;1503086587;1503086587
1;128;8048;0x9f1cea84417528c68da1a2efeeda2ed87313de5d11b3bfd468d34f3eb169df50;0xbeae93b39287848075d187ed2d9fd18edd645b1abb4c5a2acb553077cb5a8245;0x633ddcd5;0x633ddcd5L;0.500000;1503086587;1503086588
0;128;8048;0x629323c529eb04f8375714f171a43956057b68c974949bf0647568a67c8e21df;0x272d62e9f2319926d754910e57ab2da2d8e61081b5dfe632c4222431b6914aaa;0xf23262de;0x49dd9080L;0.500000;1503086588;1503086588
0;128;8048;0x629323c529eb04f8375714f171a43956057b68c974949bf0647568a67c8e21df;0x272d62e9f2319926d754910e57ab2da2d8e61081b5dfe632c4222431b6914aaa;0xf23262de;0x49dd9080L;0.500000;1503086588;1503086588
0;128;8048;0x629323c529eb04f8375714f171a43956057b68c974949bf0647568a67c8e21df;0x272d62e9f2319926d754910e57ab2da2d8e61081b5dfe632c4222431b6914aaa;0xf23262de;0x49dd9080L;0.500000;1503086588;1503086589
