1;128;8048;0x6f398982897a151d56a535157007bcf0000ecf1ea5a7e6de69dc4f2fd8326847;0x5ca8dd7f644c248beef6bc5fa56552a4551d42fbe78c88e41e2449af4780e4c3;0x15d6c948;0x15d6c948L;0.500000;1503094216;1503094216
1;128;8048;0x6f398982897a151d56a535157007bcf0000ecf1ea5a7e6de69dc4f2fd8326847;0x5ca8dd7f644c248beef6bc5fa56552a4551d42fbe78c88e41e2449af4780e4c3;0x15d6c948;0x15d6c948L;0.500000;1503094216;1503094217
1;128;8048;0x41ca0b9a242071ddd08776d067043f3293a22f3ede3ae381452c2a3b0073bc41;0x1b720bf266e82bc3d96589f73b8999f79b5058437a65691358546d53f47a0710;0x3f7aae62;0x3f7aae62L;0.500000;1503094217;1503094217
1;128;8048;0x41ca0b9a242071ddd08776d067043f3293a22f3ede3ae381452c2a3b0073bc41;0x1b720bf266e82bc3d96589f73b8999f79b5058437a65691358546d53f47a0710;0x3f7aae62;0x3f7aae62L;0.500000;1503094217;1503094217
1;128;8048;0x41ca0b9a242071ddd08776d067043f3293a22f3ede3ae381452c2a3b0073bc41;0x1b720bf266e82bc3d96589f73b8999f79b5058437a65691358546d53f47a0710;0x3f7aae62;0x3f7aae62L;0.500000;1503094217;1503094218
0;128;8048;0x6464934a3530352834f4ac1037eb5348031a8a07d16971dcaa689826666e0bca;0xf1aa351afa99e7fb99937ea52bb1e765ba6e83f9a972a83a6e7296e579dd5fcc;0x57792ea2;0x832b1607L;0.500000;1503094218;1503094218
0;128;8048;0x6464934a3530352834f4ac1037eb5348031a8a07d16971dcaa689826666e0bca;0xf1aa351afa99e7fb99937ea52bb1e765ba6e83f9a972a83a6e7296e579dd5fcc;0x57792ea2;0x832b1607L;0.500000;1503094218;1503094218
0;128;8048;0x6464934a3530352834f4ac1037eb5348031a8a07d16971dcaa689826666e0bca;0xf1aa351afa99e7fb99937ea52bb1e765ba6e83f9a972a83a6e7296e579dd5fcc;0x57792ea2;0x832b1607L;0.500000;1503094218;1503094218
0;128;8048;0x6464934a3530352834f4ac1037eb5348031a8a07d16971dcaa689826666e0bca;0xf1aa351afa99e7fb99937ea52bb1e765ba6e83f9a972a83a6e7296e579dd5fcc;0x57792ea2;0x832b1607L;0.500000;1503094218;1503094219
1;128;8048;0x8b42bd1585f43ac2573d8d276c0f6b50746c86a9488bc75ca0ed2bfe0cc11297;0x6b676c811f79a0c81f3c433279edfeec538377430e73150edc26f4f070fe0d41;0x664faea5;0x664faea5L;0.500000;1503094219;1503094219
1;128;8048;0x8b42bd1585f43ac2573d8d276c0f6b50746c86a9488bc75ca0ed2bfe0cc11297;0x6b676c811f79a0c81f3c433279edfeec538377430e73150edc26f4f070fe0d41;0x664faea5;0x664faea5L;0.500000;1503094219;1503094219
1;128;8048;0x8b42bd1585f43ac2573d8d276c0f6b50746c86a9488bc75ca0ed2bfe0cc11297;0x6b676c811f79a0c81f3c433279edfeec538377430e73150edc26f4f070fe0d41;0x664faea5;0x664faea5L;0.500000;1503094219;1503094220
0;128;8048;0x831042734276a717ec5e0f9782bed6db64db229c251bf0452b036e03dad0a45d;0xd59be3ea48f2757ae5625081040e89d9d82a668b071b3143c6043a47bf2cb465;0xf2ee057e;0x7ea076dbL;0.500000;1503094220;1503094220
0;128;8048;0x831042734276a717ec5e0f9782bed6db64db229c251bf0452b036e03dad0a45d;0xd59be3ea48f2757ae5625081040e89d9d82a668b071b3143c6043a47bf2cb465;0xf2ee057e;0x7ea076dbL;0.500000;1503094220;1503094220
0;128;8048;0x831042734276a717ec5e0f9782bed6db64db229c251bf0452b036e03dad0a45d;0xd59be3ea48f2757ae5625081040e89d9d82a668b071b3143c6043a47bf2cb465;0xf2ee057e;0x7ea076dbL;0.500000;1503094220;1503094220
0;128;8048;0x831042734276a717ec5e0f9782bed6db64db229c251bf0452b036e03dad0a45d;0xd59be3ea48f2757ae5625081040e89d9d82a668b071b3143c6043a47bf2cb465;0xf2ee057e;0x7ea076dbL;0.500000;1503094220;1503094221
0;128;8048;0xbb4f5211bc371dd40c409c795d1d507e37955a9ff7823f65c2a4c155d128648c;0x0b7789901526b55396c3c46831e8d23dbffcb21a668a62eb7960a0095d4f86bd;0xde52d861;0x103baa9eL;0.500000;1503094221;1503094221
0;128;8048;0xbb4f5211bc371dd40c409c795d1d507e37955a9ff7823f65c2a4c155d128648c;0x0b7789901526b55396c3c46831e8d23dbffcb21a668a62eb7960a0095d4f86bd;0xde52d861;0x103baa9eL;0.500000;1503094221;1503094221
0;128;8048;0xbb4f5211bc371dd40c409c795d1d507e37955a9ff7823f65c2a4c155d128648c;0x0b7789901526b55396c3c46831e8d23dbffcb21a668a62eb7960a0095d4f86bd;0xde52d861;0x103baa9eL;0.500000;1503094221;1503094221
0;128;8048;0xbb4f5211bc371dd40c409c795d1d507e37955a9ff7823f65c2a4c155d128648c;0x0b7789901526b55396c3c46831e8d23dbffcb21a668a62eb7960a0095d4f86bd;0xde52d861;0x103baa9eL;0.500000;1503094221;1503094222
