1;128;8048;0x5a7547006c3a413916aad072d8c2fc5e008a88efe1b063439e55eb9918126872;0x62c5423eb1728c6de9f1075a6756a1ae694ec729a2073c1db60258a017f8a18f;0xf8747420;0xf8747420L;0.500000;1503088918;1503088918
1;128;8048;0x5a7547006c3a413916aad072d8c2fc5e008a88efe1b063439e55eb9918126872;0x62c5423eb1728c6de9f1075a6756a1ae694ec729a2073c1db60258a017f8a18f;0xf8747420;0xf8747420L;0.500000;1503088918;1503088919
1;128;8048;0x06cc5f8ef2090001a79c1b5989d735624aab40e8ea429a1fd236c0032c7c0532;0x91fb56a1c3c032680be6fb844bea637de682f4f41fd2c368f752809085589dd3;0xec322fc9;0xec322fc9L;0.500000;1503088919;1503088919
1;128;8048;0x06cc5f8ef2090001a79c1b5989d735624aab40e8ea429a1fd236c0032c7c0532;0x91fb56a1c3c032680be6fb844bea637de682f4f41fd2c368f752809085589dd3;0xec322fc9;0xec322fc9L;0.500000;1503088919;1503088919
1;128;8048;0x06cc5f8ef2090001a79c1b5989d735624aab40e8ea429a1fd236c0032c7c0532;0x91fb56a1c3c032680be6fb844bea637de682f4f41fd2c368f752809085589dd3;0xec322fc9;0xec322fc9L;0.500000;1503088919;1503088920
1;128;8048;0x928be597df3df8adaf29aff6e29a5e7306800adc24e9b3d4280a4ddddd2f296f;0x1383af426244a406a21555eac8fd364ffbb9f19227c226314cbec78f0edf42b7;0x1e38f1f1;0x1e38f1f1L;0.500000;1503088920;1503088920
1;128;8048;0x928be597df3df8adaf29aff6e29a5e7306800adc24e9b3d4280a4ddddd2f296f;0x1383af426244a406a21555eac8fd364ffbb9f19227c226314cbec78f0edf42b7;0x1e38f1f1;0x1e38f1f1L;0.500000;1503088920;1503088920
1;128;8048;0x928be597df3df8adaf29aff6e29a5e7306800adc24e9b3d4280a4ddddd2f296f;0x1383af426244a406a21555eac8fd364ffbb9f19227c226314cbec78f0edf42b7;0x1e38f1f1;0x1e38f1f1L;0.500000;1503088921;1503088921
1;128;8048;0x771b833f37a0b070b83e1b4aad56341889368a18e7e75bed1d3e5bbe343c39ac;0x0110055c6db6960e773907f06b5138650e7376cf28f271fe3ec7ba351f98f1c5;0x777d7e8d;0x777d7e8dL;0.500000;1503088921;1503088921
1;128;8048;0x771b833f37a0b070b83e1b4aad56341889368a18e7e75bed1d3e5bbe343c39ac;0x0110055c6db6960e773907f06b5138650e7376cf28f271fe3ec7ba351f98f1c5;0x777d7e8d;0x777d7e8dL;0.500000;1503088921;1503088922
1;128;8048;0x1cdb7a7ff6d778616385949fdc39b139be5e783e2d8b13663225d3f960644a7c;0x0e38182f2050f0ff177e53e868e399f56438bad530b94cfd24b733675a1f9ca2;0xd0c9e57f;0xd0c9e57fL;0.500000;1503088922;1503088922
1;128;8048;0x1cdb7a7ff6d778616385949fdc39b139be5e783e2d8b13663225d3f960644a7c;0x0e38182f2050f0ff177e53e868e399f56438bad530b94cfd24b733675a1f9ca2;0xd0c9e57f;0xd0c9e57fL;0.500000;1503088922;1503088922
1;128;8048;0x1cdb7a7ff6d778616385949fdc39b139be5e783e2d8b13663225d3f960644a7c;0x0e38182f2050f0ff177e53e868e399f56438bad530b94cfd24b733675a1f9ca2;0xd0c9e57f;0xd0c9e57fL;0.500000;1503088922;1503088923
1;128;8048;0xf9205cb24bb9f675595de6ef48c01c6bf96899353eaf585fd708964567911160;0x84b3fd96f91719e1f37c2f654e02c41fc485d3ac1f5db955ad32cbdd675f45fc;0x5b84607f;0x5b84607fL;0.500000;1503088923;1503088923
1;128;8048;0xf9205cb24bb9f675595de6ef48c01c6bf96899353eaf585fd708964567911160;0x84b3fd96f91719e1f37c2f654e02c41fc485d3ac1f5db955ad32cbdd675f45fc;0x5b84607f;0x5b84607fL;0.500000;1503088923;1503088923
1;128;8048;0xf9205cb24bb9f675595de6ef48c01c6bf96899353eaf585fd708964567911160;0x84b3fd96f91719e1f37c2f654e02c41fc485d3ac1f5db955ad32cbdd675f45fc;0x5b84607f;0x5b84607fL;0.500000;1503088923;1503088924
1;128;8048;0x555d0a1b4b6bca17e209834f7e76dda646fb94f558dcfdb58326eccac76d0f1c;0x11ef0ed0e7edef829988dd297d207f46dc1487683956314ddda9790b8a7a705e;0x2aea7e24;0x2aea7e24L;0.500000;1503088924;1503088924
1;128;8048;0x555d0a1b4b6bca17e209834f7e76dda646fb94f558dcfdb58326eccac76d0f1c;0x11ef0ed0e7edef829988dd297d207f46dc1487683956314ddda9790b8a7a705e;0x2aea7e24;0x2aea7e24L;0.500000;1503088924;1503088924
1;128;8048;0x555d0a1b4b6bca17e209834f7e76dda646fb94f558dcfdb58326eccac76d0f1c;0x11ef0ed0e7edef829988dd297d207f46dc1487683956314ddda9790b8a7a705e;0x2aea7e24;0x2aea7e24L;0.500000;1503088924;1503088925
1;128;8048;0x63fa7844b22e3c0d928c6a94f666ca9d2e74b79cca099793618d9829b284f315;0x48588bf8579fd477f42f8fb9ba0ff48f448a45ead26f37b6b015a8bacb28a1cf;0x4f4acc96;0x4f4acc96L;0.500000;1503088925;1503088925
