1;128;8048;0x19debe67acaf4cfe28efb915b6c88343287496300cc99c8b6a04e5b01cc84435;0x9da17caff371ad559c9f9e5ef9ad46dc8bfcba5b6a243ec053e9f8f8b7f2fbd9;0x2fa6470c;0x2fa6470cL;0.500000;1503124552;1503124552
1;128;8048;0x19debe67acaf4cfe28efb915b6c88343287496300cc99c8b6a04e5b01cc84435;0x9da17caff371ad559c9f9e5ef9ad46dc8bfcba5b6a243ec053e9f8f8b7f2fbd9;0x2fa6470c;0x2fa6470cL;0.500000;1503124553;1503124553
1;128;8048;0xce02c6e0bd70732f4efab3b6e02fb0394fa8b9ed782f34b9f3b1d61c1c56f7ea;0xa216b2cebfaca7d24df959c7886c050f3157240b51e040d1941ce60d503a9a01;0x2e3eff8a;0x2e3eff8aL;0.500000;1503124553;1503124553
1;128;8048;0xce02c6e0bd70732f4efab3b6e02fb0394fa8b9ed782f34b9f3b1d61c1c56f7ea;0xa216b2cebfaca7d24df959c7886c050f3157240b51e040d1941ce60d503a9a01;0x2e3eff8a;0x2e3eff8aL;0.500000;1503124553;1503124553
1;128;8048;0xce02c6e0bd70732f4efab3b6e02fb0394fa8b9ed782f34b9f3b1d61c1c56f7ea;0xa216b2cebfaca7d24df959c7886c050f3157240b51e040d1941ce60d503a9a01;0x2e3eff8a;0x2e3eff8aL;0.500000;1503124553;1503124553
0;128;8048;0x030c5cea1185293236f5b392c91dc32dd99966941c638e8fd5181a840244ac05;0xb8ffaf531c5943d359476d2c0f1d700888ef46eb35b05c3e803a9326a70d5982;0xef3a337f;0xfe57a387L;0.500000;1503124554;1503124554
0;128;8048;0x030c5cea1185293236f5b392c91dc32dd99966941c638e8fd5181a840244ac05;0xb8ffaf531c5943d359476d2c0f1d700888ef46eb35b05c3e803a9326a70d5982;0xef3a337f;0xfe57a387L;0.500000;1503124554;1503124554
0;128;8048;0x030c5cea1185293236f5b392c91dc32dd99966941c638e8fd5181a840244ac05;0xb8ffaf531c5943d359476d2c0f1d700888ef46eb35b05c3e803a9326a70d5982;0xef3a337f;0xfe57a387L;0.500000;1503124554;1503124554
0;128;8048;0x030c5cea1185293236f5b392c91dc32dd99966941c638e8fd5181a840244ac05;0xb8ffaf531c5943d359476d2c0f1d700888ef46eb35b05c3e803a9326a70d5982;0xef3a337f;0xfe57a387L;0.500000;1503124554;1503124555
1;128;8048;0x8c364c96d022ba33898e9d9df82012c96e29d7900de99dc3e962c2ec5b17a0e8;0xc84e9083dd9af1505210b03a6660c15cac7e637afeff4dc86eb3c574f0c726ea;0xdd26e6e5;0xdd26e6e5L;0.500000;1503124555;1503124555
1;128;8048;0x8c364c96d022ba33898e9d9df82012c96e29d7900de99dc3e962c2ec5b17a0e8;0xc84e9083dd9af1505210b03a6660c15cac7e637afeff4dc86eb3c574f0c726ea;0xdd26e6e5;0xdd26e6e5L;0.500000;1503124555;1503124555
1;128;8048;0x8c364c96d022ba33898e9d9df82012c96e29d7900de99dc3e962c2ec5b17a0e8;0xc84e9083dd9af1505210b03a6660c15cac7e637afeff4dc86eb3c574f0c726ea;0xdd26e6e5;0xdd26e6e5L;0.500000;1503124555;1503124555
1;128;8048;0x8c364c96d022ba33898e9d9df82012c96e29d7900de99dc3e962c2ec5b17a0e8;0xc84e9083dd9af1505210b03a6660c15cac7e637afeff4dc86eb3c574f0c726ea;0xdd26e6e5;0xdd26e6e5L;0.500000;1503124555;1503124556
0;128;8048;0x2dc9dcdab9147301a66b2759fbf5e7b7819e07da8bdabf0f77209a502935cd57;0xdafdb41eb8013c8fd55355921a19af68bb3d5c40ad4702da5e94405b2b179ade;0x6f7c7d58;0x28677377L;0.500000;1503124556;1503124556
0;128;8048;0x2dc9dcdab9147301a66b2759fbf5e7b7819e07da8bdabf0f77209a502935cd57;0xdafdb41eb8013c8fd55355921a19af68bb3d5c40ad4702da5e94405b2b179ade;0x6f7c7d58;0x28677377L;0.500000;1503124556;1503124556
0;128;8048;0x2dc9dcdab9147301a66b2759fbf5e7b7819e07da8bdabf0f77209a502935cd57;0xdafdb41eb8013c8fd55355921a19af68bb3d5c40ad4702da5e94405b2b179ade;0x6f7c7d58;0x28677377L;0.500000;1503124556;1503124556
0;128;8048;0x2dc9dcdab9147301a66b2759fbf5e7b7819e07da8bdabf0f77209a502935cd57;0xdafdb41eb8013c8fd55355921a19af68bb3d5c40ad4702da5e94405b2b179ade;0x6f7c7d58;0x28677377L;0.500000;1503124556;1503124557
1;128;8048;0x6c9bc96d119ea0945452dca97d6eafc6f9496eb2cae1f385878450cac9ae7f35;0x15b0c048feb3f7d5ce46b154181f568d20dba5f31cd1f8cb7116deefde4055f9;0x91d60cd3;0x91d60cd3L;0.500000;1503124557;1503124557
1;128;8048;0x6c9bc96d119ea0945452dca97d6eafc6f9496eb2cae1f385878450cac9ae7f35;0x15b0c048feb3f7d5ce46b154181f568d20dba5f31cd1f8cb7116deefde4055f9;0x91d60cd3;0x91d60cd3L;0.500000;1503124557;1503124557
1;128;8048;0x6c9bc96d119ea0945452dca97d6eafc6f9496eb2cae1f385878450cac9ae7f35;0x15b0c048feb3f7d5ce46b154181f568d20dba5f31cd1f8cb7116deefde4055f9;0x91d60cd3;0x91d60cd3L;0.500000;1503124557;1503124557
