1;128;8048;0x241506a12f23e6b5985ba5b337dc9bae69329ab46791067f9cc1105a131a3e37;0x06c2b49fa5f9ee3d21efed0f4227282d8ecfbeb1199d3ad230d24363839ebb1b;0x769c264f;0x769c264fL;0.500000;1503091228;1503091228
1;128;8048;0x241506a12f23e6b5985ba5b337dc9bae69329ab46791067f9cc1105a131a3e37;0x06c2b49fa5f9ee3d21efed0f4227282d8ecfbeb1199d3ad230d24363839ebb1b;0x769c264f;0x769c264fL;0.500000;1503091228;1503091228
1;128;8048;0x241506a12f23e6b5985ba5b337dc9bae69329ab46791067f9cc1105a131a3e37;0x06c2b49fa5f9ee3d21efed0f4227282d8ecfbeb1199d3ad230d24363839ebb1b;0x769c264f;0x769c264fL;0.500000;1503091228;1503091229
1;128;8048;0x43e15623b3da4338a8de44c444c7fb4b899845d55f175036c636316ecb81b70e;0x71c064f5333fafc1e74344aae3db21394b10dfcd0334b0e96960b4772c767ed7;0xd75c272b;0xd75c272bL;0.500000;1503091229;1503091229
1;128;8048;0x43e15623b3da4338a8de44c444c7fb4b899845d55f175036c636316ecb81b70e;0x71c064f5333fafc1e74344aae3db21394b10dfcd0334b0e96960b4772c767ed7;0xd75c272b;0xd75c272bL;0.500000;1503091229;1503091229
1;128;8048;0x43e15623b3da4338a8de44c444c7fb4b899845d55f175036c636316ecb81b70e;0x71c064f5333fafc1e74344aae3db21394b10dfcd0334b0e96960b4772c767ed7;0xd75c272b;0xd75c272bL;0.500000;1503091229;1503091230
1;128;8048;0x6f8b74bf3b152262aa6957a89e623009272f1f6c6ad9b2f4171621543bcd47aa;0xb95e226058c58263f9ff574566eff707146a5117b7c80cd0bba2eae14494f11b;0x92837b27;0x92837b27L;0.500000;1503091230;1503091230
1;128;8048;0x6f8b74bf3b152262aa6957a89e623009272f1f6c6ad9b2f4171621543bcd47aa;0xb95e226058c58263f9ff574566eff707146a5117b7c80cd0bba2eae14494f11b;0x92837b27;0x92837b27L;0.500000;1503091230;1503091230
1;128;8048;0x6f8b74bf3b152262aa6957a89e623009272f1f6c6ad9b2f4171621543bcd47aa;0xb95e226058c58263f9ff574566eff707146a5117b7c80cd0bba2eae14494f11b;0x92837b27;0x92837b27L;0.500000;1503091230;1503091231
1;128;8048;0xa5ce805dc3b3d930dd7f788e00b0b3705cc2f3f360c2ed191e9b6f1c1cf1a8c1;0x41f910743507bd6f37aaf6215996d014b979739df65b32752ef4c76cdc6b8df6;0x8fbe783f;0x8fbe783fL;0.500000;1503091231;1503091231
1;128;8048;0xa5ce805dc3b3d930dd7f788e00b0b3705cc2f3f360c2ed191e9b6f1c1cf1a8c1;0x41f910743507bd6f37aaf6215996d014b979739df65b32752ef4c76cdc6b8df6;0x8fbe783f;0x8fbe783fL;0.500000;1503091231;1503091231
1;128;8048;0xa5ce805dc3b3d930dd7f788e00b0b3705cc2f3f360c2ed191e9b6f1c1cf1a8c1;0x41f910743507bd6f37aaf6215996d014b979739df65b32752ef4c76cdc6b8df6;0x8fbe783f;0x8fbe783fL;0.500000;1503091231;1503091232
1;128;8048;0x78284b3821c7ae2fc991ee7bd2dc938446bbefae0d08e9c8de4579d8d363514b;0xd00fbbc5a8bf05f2e11f91857af21c712e45ccf2ea5e077771743e79e6e59876;0x18fea526;0x18fea526L;0.500000;1503091232;1503091232
1;128;8048;0x78284b3821c7ae2fc991ee7bd2dc938446bbefae0d08e9c8de4579d8d363514b;0xd00fbbc5a8bf05f2e11f91857af21c712e45ccf2ea5e077771743e79e6e59876;0x18fea526;0x18fea526L;0.500000;1503091232;1503091232
1;128;8048;0x78284b3821c7ae2fc991ee7bd2dc938446bbefae0d08e9c8de4579d8d363514b;0xd00fbbc5a8bf05f2e11f91857af21c712e45ccf2ea5e077771743e79e6e59876;0x18fea526;0x18fea526L;0.500000;1503091232;1503091233
1;128;8048;0xb03420827edc16b4331c94ba1dda98a90ae56d723786a2e54583ae11d22b0682;0x04bfe87e643c84e00caadcae017ae242e1129acde1a3c6876b8d05e6e688983d;0xfc175e44;0xfc175e44L;0.500000;1503091233;1503091233
1;128;8048;0xb03420827edc16b4331c94ba1dda98a90ae56d723786a2e54583ae11d22b0682;0x04bfe87e643c84e00caadcae017ae242e1129acde1a3c6876b8d05e6e688983d;0xfc175e44;0xfc175e44L;0.500000;1503091233;1503091233
1;128;8048;0xb03420827edc16b4331c94ba1dda98a90ae56d723786a2e54583ae11d22b0682;0x04bfe87e643c84e00caadcae017ae242e1129acde1a3c6876b8d05e6e688983d;0xfc175e44;0xfc175e44L;0.500000;1503091234;1503091234
1;128;8048;0xc41f39d1b9ede5a67d002d94f2ad6e613156a3d862dd6b053ebf7a49057148c9;0x67db10327cef935cab3548ddb99cf7df68bd54a9ea1a72f9fe51f647e57a0304;0x9482dbd7;0x9482dbd7L;0.500000;1503091234;1503091234
1;128;8048;0xc41f39d1b9ede5a67d002d94f2ad6e613156a3d862dd6b053ebf7a49057148c9;0x67db10327cef935cab3548ddb99cf7df68bd54a9ea1a72f9fe51f647e57a0304;0x9482dbd7;0x9482dbd7L;0.500000;1503091234;1503091234
