1;128;8048;0x0c452bd27e7bdd5176da0bc2904111fde92e39d9ccb3bfc22be41d47ce3e64da;0x0eb6ebd36c6930102a346686478d0865f782935d231b12c6981f2586c0734785;0x0b4602c7;0xb4602c7L;0.500000;1503096873;1503096873
1;128;8048;0x0c452bd27e7bdd5176da0bc2904111fde92e39d9ccb3bfc22be41d47ce3e64da;0x0eb6ebd36c6930102a346686478d0865f782935d231b12c6981f2586c0734785;0x0b4602c7;0xb4602c7L;0.500000;1503096873;1503096873
1;128;8048;0x0c452bd27e7bdd5176da0bc2904111fde92e39d9ccb3bfc22be41d47ce3e64da;0x0eb6ebd36c6930102a346686478d0865f782935d231b12c6981f2586c0734785;0x0b4602c7;0xb4602c7L;0.500000;1503096873;1503096873
1;128;8048;0x0c452bd27e7bdd5176da0bc2904111fde92e39d9ccb3bfc22be41d47ce3e64da;0x0eb6ebd36c6930102a346686478d0865f782935d231b12c6981f2586c0734785;0x0b4602c7;0xb4602c7L;0.500000;1503096874;1503096874
1;128;8048;0x834216bf65c341a45aeba5a17bd64dfd3ecb94157986cae1fbde43ee819a1f05;0xb492cda0f8305a6cc48682dc0fa3531cc2a9ea08a3278e58631a78dfac1d7910;0xc8c33a7b;0xc8c33a7bL;0.500000;1503096874;1503096874
1;128;8048;0x834216bf65c341a45aeba5a17bd64dfd3ecb94157986cae1fbde43ee819a1f05;0xb492cda0f8305a6cc48682dc0fa3531cc2a9ea08a3278e58631a78dfac1d7910;0xc8c33a7b;0xc8c33a7bL;0.500000;1503096874;1503096874
1;128;8048;0x834216bf65c341a45aeba5a17bd64dfd3ecb94157986cae1fbde43ee819a1f05;0xb492cda0f8305a6cc48682dc0fa3531cc2a9ea08a3278e58631a78dfac1d7910;0xc8c33a7b;0xc8c33a7bL;0.500000;1503096874;1503096875
1;128;8048;0xc14f9b55780e8be1e674a5f8f60ae3c516db18e9770924395efe926ddbc6f59c;0x9167939b875c409c801d45c2f45969c5dffb521e8f41d931d8a54575ee4d48f7;0x8529eb4d;0x8529eb4dL;0.500000;1503096875;1503096875
1;128;8048;0xc14f9b55780e8be1e674a5f8f60ae3c516db18e9770924395efe926ddbc6f59c;0x9167939b875c409c801d45c2f45969c5dffb521e8f41d931d8a54575ee4d48f7;0x8529eb4d;0x8529eb4dL;0.500000;1503096875;1503096875
1;128;8048;0xc14f9b55780e8be1e674a5f8f60ae3c516db18e9770924395efe926ddbc6f59c;0x9167939b875c409c801d45c2f45969c5dffb521e8f41d931d8a54575ee4d48f7;0x8529eb4d;0x8529eb4dL;0.500000;1503096875;1503096875
1;128;8048;0xc14f9b55780e8be1e674a5f8f60ae3c516db18e9770924395efe926ddbc6f59c;0x9167939b875c409c801d45c2f45969c5dffb521e8f41d931d8a54575ee4d48f7;0x8529eb4d;0x8529eb4dL;0.500000;1503096876;1503096876
0;128;8048;0x1891537d88e244c332a7ec3e5609b88b31f1b9f56d5a7df68c420d52797e8491;0x69b682726a1b70410b54bfe05c7d662afe4a74b8514327ca9f99884aa9329665;0x8f6d2faa;0xebea95d4L;0.500000;1503096876;1503096876
0;128;8048;0x1891537d88e244c332a7ec3e5609b88b31f1b9f56d5a7df68c420d52797e8491;0x69b682726a1b70410b54bfe05c7d662afe4a74b8514327ca9f99884aa9329665;0x8f6d2faa;0xebea95d4L;0.500000;1503096876;1503096876
0;128;8048;0x1891537d88e244c332a7ec3e5609b88b31f1b9f56d5a7df68c420d52797e8491;0x69b682726a1b70410b54bfe05c7d662afe4a74b8514327ca9f99884aa9329665;0x8f6d2faa;0xebea95d4L;0.500000;1503096876;1503096877
0;128;8048;0x74a5cab6222d70e64a3a98f0f118a92c8c6c2483137fa3a14be395a020470894;0x808ca5c43ae605f7d6f11aef49f257c8e142f530634a3aaa1a98a6463d138a41;0xc05ba839;0xc05ba939L;0.500000;1503096877;1503096877
0;128;8048;0x74a5cab6222d70e64a3a98f0f118a92c8c6c2483137fa3a14be395a020470894;0x808ca5c43ae605f7d6f11aef49f257c8e142f530634a3aaa1a98a6463d138a41;0xc05ba839;0xc05ba939L;0.500000;1503096877;1503096877
0;128;8048;0x74a5cab6222d70e64a3a98f0f118a92c8c6c2483137fa3a14be395a020470894;0x808ca5c43ae605f7d6f11aef49f257c8e142f530634a3aaa1a98a6463d138a41;0xc05ba839;0xc05ba939L;0.500000;1503096877;1503096878
1;128;8048;0xc064f5953e5f1c88a8190ec5a670c7f040fd3f5031eed7656d2e2c15bc268d7c;0x5adba0cbe447de00d1442b582553c2634f566e6a5f4323e838fdb67f69f1f70b;0xfbab5f73;0xfbab5f73L;0.500000;1503096878;1503096878
1;128;8048;0xc064f5953e5f1c88a8190ec5a670c7f040fd3f5031eed7656d2e2c15bc268d7c;0x5adba0cbe447de00d1442b582553c2634f566e6a5f4323e838fdb67f69f1f70b;0xfbab5f73;0xfbab5f73L;0.500000;1503096878;1503096878
1;128;8048;0xc064f5953e5f1c88a8190ec5a670c7f040fd3f5031eed7656d2e2c15bc268d7c;0x5adba0cbe447de00d1442b582553c2634f566e6a5f4323e838fdb67f69f1f70b;0xfbab5f73;0xfbab5f73L;0.500000;1503096878;1503096879
