0;128;8048;0x012918c2503535a7912dd0b76f2496f1e7a4a94c416ef4f569dd0d2c25f68c27;0xae0d94820e154ec5ec9d4c46d5f0aa5eadf167a02e531f791e8a8cc7bcd978ab;0xcbd0e38e;0xa1c18decL;0.500000;1503098196;1503098196
0;128;8048;0x012918c2503535a7912dd0b76f2496f1e7a4a94c416ef4f569dd0d2c25f68c27;0xae0d94820e154ec5ec9d4c46d5f0aa5eadf167a02e531f791e8a8cc7bcd978ab;0xcbd0e38e;0xa1c18decL;0.500000;1503098196;1503098196
0;128;8048;0x012918c2503535a7912dd0b76f2496f1e7a4a94c416ef4f569dd0d2c25f68c27;0xae0d94820e154ec5ec9d4c46d5f0aa5eadf167a02e531f791e8a8cc7bcd978ab;0xcbd0e38e;0xa1c18decL;0.500000;1503098196;1503098197
1;128;8048;0x807cdbc936cecd3c397554b2695e37bbe473fd0bf72f94f1905f35ea4fec4fcf;0xf527db45e0a25da3624bd7c5be8a89a4cf70dfaa132e67c8b7d0200c6172cf66;0xbda95e8c;0xbda95e8cL;0.500000;1503098197;1503098197
1;128;8048;0x807cdbc936cecd3c397554b2695e37bbe473fd0bf72f94f1905f35ea4fec4fcf;0xf527db45e0a25da3624bd7c5be8a89a4cf70dfaa132e67c8b7d0200c6172cf66;0xbda95e8c;0xbda95e8cL;0.500000;1503098197;1503098197
1;128;8048;0x807cdbc936cecd3c397554b2695e37bbe473fd0bf72f94f1905f35ea4fec4fcf;0xf527db45e0a25da3624bd7c5be8a89a4cf70dfaa132e67c8b7d0200c6172cf66;0xbda95e8c;0xbda95e8cL;0.500000;1503098197;1503098197
1;128;8048;0x807cdbc936cecd3c397554b2695e37bbe473fd0bf72f94f1905f35ea4fec4fcf;0xf527db45e0a25da3624bd7c5be8a89a4cf70dfaa132e67c8b7d0200c6172cf66;0xbda95e8c;0xbda95e8cL;0.500000;1503098197;1503098198
1;128;8048;0xe02422a9fd4e582b78f61a89ec6ec3aca123fffd39ee44c363deb30866de8c46;0x8cb3e9145d24f7d9385e79834e9dfbc5b8b45d91bf20eab1214f75e39a15208e;0x4505c83a;0x4505c83aL;0.500000;1503098198;1503098198
1;128;8048;0xe02422a9fd4e582b78f61a89ec6ec3aca123fffd39ee44c363deb30866de8c46;0x8cb3e9145d24f7d9385e79834e9dfbc5b8b45d91bf20eab1214f75e39a15208e;0x4505c83a;0x4505c83aL;0.500000;1503098198;1503098198
1;128;8048;0xe02422a9fd4e582b78f61a89ec6ec3aca123fffd39ee44c363deb30866de8c46;0x8cb3e9145d24f7d9385e79834e9dfbc5b8b45d91bf20eab1214f75e39a15208e;0x4505c83a;0x4505c83aL;0.500000;1503098198;1503098199
1;128;8048;0xb09f773b1129868a99500f78d96f68e2a0a8e079232b362fa895f1c62cfc88dc;0x23d40f95658ad00adbe7c44c07e08cd688e073a939c63a51a0c0f66a49a23e9a;0x58186d79;0x58186d79L;0.500000;1503098199;1503098199
1;128;8048;0xb09f773b1129868a99500f78d96f68e2a0a8e079232b362fa895f1c62cfc88dc;0x23d40f95658ad00adbe7c44c07e08cd688e073a939c63a51a0c0f66a49a23e9a;0x58186d79;0x58186d79L;0.500000;1503098199;1503098199
1;128;8048;0xb09f773b1129868a99500f78d96f68e2a0a8e079232b362fa895f1c62cfc88dc;0x23d40f95658ad00adbe7c44c07e08cd688e073a939c63a51a0c0f66a49a23e9a;0x58186d79;0x58186d79L;0.500000;1503098199;1503098199
1;128;8048;0xb09f773b1129868a99500f78d96f68e2a0a8e079232b362fa895f1c62cfc88dc;0x23d40f95658ad00adbe7c44c07e08cd688e073a939c63a51a0c0f66a49a23e9a;0x58186d79;0x58186d79L;0.500000;1503098199;1503098200
1;128;8048;0xc551461d95ac1f726f15cc120fcab984f6d3417fb6ca74d07fb0b3f1c3b1d788;0x218d8bb4fbe41038560338242b9e81a855fdec5f8a962862378c53b748ba41ce;0xb62414ee;0xb62414eeL;0.500000;1503098200;1503098200
1;128;8048;0xc551461d95ac1f726f15cc120fcab984f6d3417fb6ca74d07fb0b3f1c3b1d788;0x218d8bb4fbe41038560338242b9e81a855fdec5f8a962862378c53b748ba41ce;0xb62414ee;0xb62414eeL;0.500000;1503098200;1503098200
1;128;8048;0xc551461d95ac1f726f15cc120fcab984f6d3417fb6ca74d07fb0b3f1c3b1d788;0x218d8bb4fbe41038560338242b9e81a855fdec5f8a962862378c53b748ba41ce;0xb62414ee;0xb62414eeL;0.500000;1503098200;1503098201
1;128;8048;0xe089a6b51247ede1ac7f3232bd88ca0ba689d393084b7fb46f9a1ed482dc2162;0xe8ebce2855eef7942d77fb764ae73d6a38492358c172fe7eb7900ed1a07a3598;0x9a4c15be;0x9a4c15beL;0.500000;1503098201;1503098201
1;128;8048;0xe089a6b51247ede1ac7f3232bd88ca0ba689d393084b7fb46f9a1ed482dc2162;0xe8ebce2855eef7942d77fb764ae73d6a38492358c172fe7eb7900ed1a07a3598;0x9a4c15be;0x9a4c15beL;0.500000;1503098201;1503098201
1;128;8048;0xe089a6b51247ede1ac7f3232bd88ca0ba689d393084b7fb46f9a1ed482dc2162;0xe8ebce2855eef7942d77fb764ae73d6a38492358c172fe7eb7900ed1a07a3598;0x9a4c15be;0x9a4c15beL;0.500000;1503098201;1503098201
