0;128;8048;0x740209291328aa68cb8f66df56bccbf13ec1a231526a02f2f6fd28d51d26ce92;0xf90ae4a18e5030cb16cdeaec4b910ad521fab369d4b8c2d4799157532b05de5a;0xfb44354f;0xa6d0cd3L;0.500000;1503088150;1503088150
0;128;8048;0x740209291328aa68cb8f66df56bccbf13ec1a231526a02f2f6fd28d51d26ce92;0xf90ae4a18e5030cb16cdeaec4b910ad521fab369d4b8c2d4799157532b05de5a;0xfb44354f;0xa6d0cd3L;0.500000;1503088151;1503088151
0;128;8048;0xb9bcac4cc9abdfdfa0d5850219ac516f7ff9b48784f19ab2006d68b9db569b94;0xca86579cb5326875e2ae75802d6479049b5b2a5d3a9b7de7118208049d0c6dc8;0x8a7ceea6;0xb7e167aaL;0.500000;1503088151;1503088151
0;128;8048;0xb9bcac4cc9abdfdfa0d5850219ac516f7ff9b48784f19ab2006d68b9db569b94;0xca86579cb5326875e2ae75802d6479049b5b2a5d3a9b7de7118208049d0c6dc8;0x8a7ceea6;0xb7e167aaL;0.500000;1503088151;1503088151
0;128;8048;0xb9bcac4cc9abdfdfa0d5850219ac516f7ff9b48784f19ab2006d68b9db569b94;0xca86579cb5326875e2ae75802d6479049b5b2a5d3a9b7de7118208049d0c6dc8;0x8a7ceea6;0xb7e167aaL;0.500000;1503088152;1503088152
1;128;8048;0x0fe646dfec21235076136a49e5ebf162800bf88477ceaeb4ecc93f856863b977;0xa166b253dacca5a147df3a8a715e70de7a55a37805cbb60c341dec1c3d939163;0x289f4f0b;0x289f4f0bL;0.500000;1503088152;1503088152
1;128;8048;0x0fe646dfec21235076136a49e5ebf162800bf88477ceaeb4ecc93f856863b977;0xa166b253dacca5a147df3a8a715e70de7a55a37805cbb60c341dec1c3d939163;0x289f4f0b;0x289f4f0bL;0.500000;1503088152;1503088152
1;128;8048;0x0fe646dfec21235076136a49e5ebf162800bf88477ceaeb4ecc93f856863b977;0xa166b253dacca5a147df3a8a715e70de7a55a37805cbb60c341dec1c3d939163;0x289f4f0b;0x289f4f0bL;0.500000;1503088153;1503088153
1;128;8048;0x64251e6dde1e3d803b135809cf3e6234a5eaa114e5875dfaf3810f76207d3985;0x86d7dbe98ab996e9c03b9640b21fd7bf1227334b567a46e286c227890ad45bb8;0x3af40fb4;0x3af40fb4L;0.500000;1503088153;1503088153
1;128;8048;0x64251e6dde1e3d803b135809cf3e6234a5eaa114e5875dfaf3810f76207d3985;0x86d7dbe98ab996e9c03b9640b21fd7bf1227334b567a46e286c227890ad45bb8;0x3af40fb4;0x3af40fb4L;0.500000;1503088153;1503088154
1;128;8048;0x4dbc3c4dbd82cfa70abf20f97cf78510bf008fc4e85e814bcbf3b537c9b4b916;0xa84ee24e4d4235dd11cc4f6dd727fa429aeb8ea18f61abe7227d372be182ae3b;0xf6223d04;0xf6223d04L;0.500000;1503088154;1503088154
1;128;8048;0x4dbc3c4dbd82cfa70abf20f97cf78510bf008fc4e85e814bcbf3b537c9b4b916;0xa84ee24e4d4235dd11cc4f6dd727fa429aeb8ea18f61abe7227d372be182ae3b;0xf6223d04;0xf6223d04L;0.500000;1503088154;1503088154
1;128;8048;0x4dbc3c4dbd82cfa70abf20f97cf78510bf008fc4e85e814bcbf3b537c9b4b916;0xa84ee24e4d4235dd11cc4f6dd727fa429aeb8ea18f61abe7227d372be182ae3b;0xf6223d04;0xf6223d04L;0.500000;1503088154;1503088155
1;128;8048;0x470952f9e022095b8d23bfc5bd27638826dd209d596b6f2b53a34e50e8f04d2f;0x9c60a1140f655c48f6cdb7c6ca8e1d4cf400cd1a88d726007ffda1d6faf69448;0x9265f6fb;0x9265f6fbL;0.500000;1503088155;1503088155
1;128;8048;0x470952f9e022095b8d23bfc5bd27638826dd209d596b6f2b53a34e50e8f04d2f;0x9c60a1140f655c48f6cdb7c6ca8e1d4cf400cd1a88d726007ffda1d6faf69448;0x9265f6fb;0x9265f6fbL;0.500000;1503088155;1503088155
1;128;8048;0x470952f9e022095b8d23bfc5bd27638826dd209d596b6f2b53a34e50e8f04d2f;0x9c60a1140f655c48f6cdb7c6ca8e1d4cf400cd1a88d726007ffda1d6faf69448;0x9265f6fb;0x9265f6fbL;0.500000;1503088155;1503088156
0;128;8048;0xb007c620b0c69ebd6d82454eaf03ab67efa3f0ed333d6b6d6451597eeff5c69f;0x3a99e1be13129c9faea2fe6108e78f44501a60f1b682af4fce897629c79173e1;0x7ef8ec29;0x87e07b6dL;0.500000;1503088156;1503088156
0;128;8048;0xb007c620b0c69ebd6d82454eaf03ab67efa3f0ed333d6b6d6451597eeff5c69f;0x3a99e1be13129c9faea2fe6108e78f44501a60f1b682af4fce897629c79173e1;0x7ef8ec29;0x87e07b6dL;0.500000;1503088156;1503088156
1;128;8048;0xa82d40eb1c5dea47c5ef3063cede6df00e2fbd4655efcf6c48d7c7f2d19f1379;0xa2850a10e2cb60a26ef17fb2adf76a2b4bbcbd8182dacb4e248dcef524fd9b9d;0xf97adc6d;0xf97adc6dL;0.500000;1503088157;1503088157
1;128;8048;0xa82d40eb1c5dea47c5ef3063cede6df00e2fbd4655efcf6c48d7c7f2d19f1379;0xa2850a10e2cb60a26ef17fb2adf76a2b4bbcbd8182dacb4e248dcef524fd9b9d;0xf97adc6d;0xf97adc6dL;0.500000;1503088157;1503088157
