1;96;8048;0xeb2f666e439b0e1853caeb1c5a290d0f2b9d27bec492a4cf08d69f5b083961f4;0xf8e9b1cf8e02345487145dfb01a1adc9e758590eebb25f4856496dd7b99f07d8;0xa5a7c265;0xa5a7c265L;0.500000;1503104104;1503104105
1;96;8048;0x744d6cdfc54143d697d35f474984f7a897d3e1e57209eb2e60f2924277a416ec;0x7c1208ff84d99de82f7c102f9db39dbe42c630714ec98e5cfd59f196abbe97fb;0x965e020f;0x965e020fL;0.500000;1503104105;1503104105
1;96;8048;0x744d6cdfc54143d697d35f474984f7a897d3e1e57209eb2e60f2924277a416ec;0x7c1208ff84d99de82f7c102f9db39dbe42c630714ec98e5cfd59f196abbe97fb;0x965e020f;0x965e020fL;0.500000;1503104105;1503104105
1;96;8048;0x744d6cdfc54143d697d35f474984f7a897d3e1e57209eb2e60f2924277a416ec;0x7c1208ff84d99de82f7c102f9db39dbe42c630714ec98e5cfd59f196abbe97fb;0x965e020f;0x965e020fL;0.500000;1503104105;1503104105
1;96;8048;0x744d6cdfc54143d697d35f474984f7a897d3e1e57209eb2e60f2924277a416ec;0x7c1208ff84d99de82f7c102f9db39dbe42c630714ec98e5cfd59f196abbe97fb;0x965e020f;0x965e020fL;0.500000;1503104105;1503104105
1;96;8048;0x744d6cdfc54143d697d35f474984f7a897d3e1e57209eb2e60f2924277a416ec;0x7c1208ff84d99de82f7c102f9db39dbe42c630714ec98e5cfd59f196abbe97fb;0x965e020f;0x965e020fL;0.500000;1503104105;1503104106
1;96;8048;0x4e3f9e3f829d5a7eb74006155de726707ba2428c2fc73006bf489eeba099e4ee;0xfd1f98ed6a1edbb0923f1a7743b359cae92b653b670d0bd3397bd2147ffa1592;0x1148ed4d;0x1148ed4dL;0.500000;1503104106;1503104106
1;96;8048;0x4e3f9e3f829d5a7eb74006155de726707ba2428c2fc73006bf489eeba099e4ee;0xfd1f98ed6a1edbb0923f1a7743b359cae92b653b670d0bd3397bd2147ffa1592;0x1148ed4d;0x1148ed4dL;0.500000;1503104106;1503104106
1;96;8048;0x4e3f9e3f829d5a7eb74006155de726707ba2428c2fc73006bf489eeba099e4ee;0xfd1f98ed6a1edbb0923f1a7743b359cae92b653b670d0bd3397bd2147ffa1592;0x1148ed4d;0x1148ed4dL;0.500000;1503104106;1503104106
1;96;8048;0x4e3f9e3f829d5a7eb74006155de726707ba2428c2fc73006bf489eeba099e4ee;0xfd1f98ed6a1edbb0923f1a7743b359cae92b653b670d0bd3397bd2147ffa1592;0x1148ed4d;0x1148ed4dL;0.500000;1503104106;1503104107
0;96;8048;0x553864347089e27f77159c2b0e346415828d406a7860ce3e82eb564d7b2ae2d0;0x5ceda9099dd6713d87e529d6bc6ad60253074492b84ea7be60b030ba31a1ad56;0xfd86467b;0xb9f11c7dL;0.500000;1503104107;1503104107
0;96;8048;0x553864347089e27f77159c2b0e346415828d406a7860ce3e82eb564d7b2ae2d0;0x5ceda9099dd6713d87e529d6bc6ad60253074492b84ea7be60b030ba31a1ad56;0xfd86467b;0xb9f11c7dL;0.500000;1503104107;1503104107
0;96;8048;0x553864347089e27f77159c2b0e346415828d406a7860ce3e82eb564d7b2ae2d0;0x5ceda9099dd6713d87e529d6bc6ad60253074492b84ea7be60b030ba31a1ad56;0xfd86467b;0xb9f11c7dL;0.500000;1503104107;1503104107
0;96;8048;0x553864347089e27f77159c2b0e346415828d406a7860ce3e82eb564d7b2ae2d0;0x5ceda9099dd6713d87e529d6bc6ad60253074492b84ea7be60b030ba31a1ad56;0xfd86467b;0xb9f11c7dL;0.500000;1503104107;1503104107
0;96;8048;0x553864347089e27f77159c2b0e346415828d406a7860ce3e82eb564d7b2ae2d0;0x5ceda9099dd6713d87e529d6bc6ad60253074492b84ea7be60b030ba31a1ad56;0xfd86467b;0xb9f11c7dL;0.500000;1503104107;1503104108
1;96;8048;0x28ae2fe5ebf83db54b4eae1b21655710e52e96609006600aa6101e883a5bd462;0xf317650bf2c866f4f311d1ff12227ae77f734f1c09318107791a4631c8f74f36;0x40902d5d;0x40902d5dL;0.500000;1503104108;1503104108
1;96;8048;0x28ae2fe5ebf83db54b4eae1b21655710e52e96609006600aa6101e883a5bd462;0xf317650bf2c866f4f311d1ff12227ae77f734f1c09318107791a4631c8f74f36;0x40902d5d;0x40902d5dL;0.500000;1503104108;1503104108
1;96;8048;0x28ae2fe5ebf83db54b4eae1b21655710e52e96609006600aa6101e883a5bd462;0xf317650bf2c866f4f311d1ff12227ae77f734f1c09318107791a4631c8f74f36;0x40902d5d;0x40902d5dL;0.500000;1503104108;1503104108
1;96;8048;0x28ae2fe5ebf83db54b4eae1b21655710e52e96609006600aa6101e883a5bd462;0xf317650bf2c866f4f311d1ff12227ae77f734f1c09318107791a4631c8f74f36;0x40902d5d;0x40902d5dL;0.500000;1503104108;1503104109
1;96;8048;0x6b72ec011313a08cfcc33ae1cd54128da4593a6eb4d314057c9859fefd6d5468;0x5a2b9990e3569773b2776846af450082c52f431a9e7afe4ef37dd5952011d80e;0xb90473bb;0xb90473bbL;0.500000;1503104109;1503104109
