0;96;8048;0xbfba25c55b4b492a9522ae1189e6e64852f3820d2ade7f7aa013c3023dad38fc;0x09ec342ba92ee0b03c8c33f00b866a71dbea2216f17f7661e5ca4655b8a9de12;0xdd44528c;0xe8cabcfdL;0.500000;1503111378;1503111378
0;96;8048;0xbfba25c55b4b492a9522ae1189e6e64852f3820d2ade7f7aa013c3023dad38fc;0x09ec342ba92ee0b03c8c33f00b866a71dbea2216f17f7661e5ca4655b8a9de12;0xdd44528c;0xe8cabcfdL;0.500000;1503111378;1503111378
0;96;8048;0xbfba25c55b4b492a9522ae1189e6e64852f3820d2ade7f7aa013c3023dad38fc;0x09ec342ba92ee0b03c8c33f00b866a71dbea2216f17f7661e5ca4655b8a9de12;0xdd44528c;0xe8cabcfdL;0.500000;1503111378;1503111378
0;96;8048;0xbfba25c55b4b492a9522ae1189e6e64852f3820d2ade7f7aa013c3023dad38fc;0x09ec342ba92ee0b03c8c33f00b866a71dbea2216f17f7661e5ca4655b8a9de12;0xdd44528c;0xe8cabcfdL;0.500000;1503111378;1503111379
1;96;8048;0x3cd527a4f84fae88a038d495bcabfb7a78f8542a53a827b5ed291b5c8c3e2ac8;0x0b2841e5433d0d70f7b6a1060cf03e9e21cb28835e3dd8e25ab906f7dd42c0cc;0x737d53b1;0x737d53b1L;0.500000;1503111379;1503111379
1;96;8048;0x3cd527a4f84fae88a038d495bcabfb7a78f8542a53a827b5ed291b5c8c3e2ac8;0x0b2841e5433d0d70f7b6a1060cf03e9e21cb28835e3dd8e25ab906f7dd42c0cc;0x737d53b1;0x737d53b1L;0.500000;1503111379;1503111379
1;96;8048;0x3cd527a4f84fae88a038d495bcabfb7a78f8542a53a827b5ed291b5c8c3e2ac8;0x0b2841e5433d0d70f7b6a1060cf03e9e21cb28835e3dd8e25ab906f7dd42c0cc;0x737d53b1;0x737d53b1L;0.500000;1503111379;1503111379
1;96;8048;0x3cd527a4f84fae88a038d495bcabfb7a78f8542a53a827b5ed291b5c8c3e2ac8;0x0b2841e5433d0d70f7b6a1060cf03e9e21cb28835e3dd8e25ab906f7dd42c0cc;0x737d53b1;0x737d53b1L;0.500000;1503111379;1503111379
1;96;8048;0x3cd527a4f84fae88a038d495bcabfb7a78f8542a53a827b5ed291b5c8c3e2ac8;0x0b2841e5433d0d70f7b6a1060cf03e9e21cb28835e3dd8e25ab906f7dd42c0cc;0x737d53b1;0x737d53b1L;0.500000;1503111380;1503111380
0;96;8048;0x61f150b0552d876d200e64b3196c22aebc4321f0ca8f07d76354811d2c8b028d;0xac27c8621c91b60111d7b84b9972873a1267afee5110273131a551cd566add31;0x40d1a92d;0xd4a67b06L;0.500000;1503111380;1503111380
0;96;8048;0x61f150b0552d876d200e64b3196c22aebc4321f0ca8f07d76354811d2c8b028d;0xac27c8621c91b60111d7b84b9972873a1267afee5110273131a551cd566add31;0x40d1a92d;0xd4a67b06L;0.500000;1503111380;1503111380
0;96;8048;0x61f150b0552d876d200e64b3196c22aebc4321f0ca8f07d76354811d2c8b028d;0xac27c8621c91b60111d7b84b9972873a1267afee5110273131a551cd566add31;0x40d1a92d;0xd4a67b06L;0.500000;1503111380;1503111380
0;96;8048;0x61f150b0552d876d200e64b3196c22aebc4321f0ca8f07d76354811d2c8b028d;0xac27c8621c91b60111d7b84b9972873a1267afee5110273131a551cd566add31;0x40d1a92d;0xd4a67b06L;0.500000;1503111380;1503111381
1;96;8048;0x8c0691cb2378c96276fa49935a37b1a9abefe08c3dd9b6e084f068bce142666d;0x266522349b912b03831900513b4cd9f16ff7f6ee58e361b0935aea83da9c27d4;0x959b161f;0x959b161fL;0.500000;1503111381;1503111381
1;96;8048;0x8c0691cb2378c96276fa49935a37b1a9abefe08c3dd9b6e084f068bce142666d;0x266522349b912b03831900513b4cd9f16ff7f6ee58e361b0935aea83da9c27d4;0x959b161f;0x959b161fL;0.500000;1503111381;1503111381
1;96;8048;0x8c0691cb2378c96276fa49935a37b1a9abefe08c3dd9b6e084f068bce142666d;0x266522349b912b03831900513b4cd9f16ff7f6ee58e361b0935aea83da9c27d4;0x959b161f;0x959b161fL;0.500000;1503111381;1503111381
1;96;8048;0x8c0691cb2378c96276fa49935a37b1a9abefe08c3dd9b6e084f068bce142666d;0x266522349b912b03831900513b4cd9f16ff7f6ee58e361b0935aea83da9c27d4;0x959b161f;0x959b161fL;0.500000;1503111381;1503111381
1;96;8048;0x8c0691cb2378c96276fa49935a37b1a9abefe08c3dd9b6e084f068bce142666d;0x266522349b912b03831900513b4cd9f16ff7f6ee58e361b0935aea83da9c27d4;0x959b161f;0x959b161fL;0.500000;1503111381;1503111382
0;96;8048;0x9d957f9f36fbbe352cd8e170b0929cbb710c0ae300b3b8344fbee88586f6c824;0xf5be101a2d3b438846ce299bda399064997ef6094bf6805c03f5a489e810935d;0x8ec01447;0x87eaae45L;0.500000;1503111382;1503111382
0;96;8048;0x9d957f9f36fbbe352cd8e170b0929cbb710c0ae300b3b8344fbee88586f6c824;0xf5be101a2d3b438846ce299bda399064997ef6094bf6805c03f5a489e810935d;0x8ec01447;0x87eaae45L;0.500000;1503111382;1503111382
