1;96;8048;0xa881f3e393b1132e62dfb3015c33bfa4ec8d43714c4dfbb693e40bd9ae19ff57;0x9a3104cc172749cc7e117c8cd2ffff3e6ef589a0b8494ad5319a266f5063af5c;0x9babe663;0x9babe663L;0.500000;1503125883;1503125883
1;96;8048;0x2304373830254d6226321740fd3728cf8fc03de3a05779026f4dabca2ba7c74e;0x2ded4d3e8c7057fefcfb651761dddce154ca90ad2ed11889940ce10108da5c5a;0x95dae335;0x95dae335L;0.500000;1503125883;1503125883
1;96;8048;0x2304373830254d6226321740fd3728cf8fc03de3a05779026f4dabca2ba7c74e;0x2ded4d3e8c7057fefcfb651761dddce154ca90ad2ed11889940ce10108da5c5a;0x95dae335;0x95dae335L;0.500000;1503125883;1503125883
1;96;8048;0x2304373830254d6226321740fd3728cf8fc03de3a05779026f4dabca2ba7c74e;0x2ded4d3e8c7057fefcfb651761dddce154ca90ad2ed11889940ce10108da5c5a;0x95dae335;0x95dae335L;0.500000;1503125883;1503125883
1;96;8048;0x2304373830254d6226321740fd3728cf8fc03de3a05779026f4dabca2ba7c74e;0x2ded4d3e8c7057fefcfb651761dddce154ca90ad2ed11889940ce10108da5c5a;0x95dae335;0x95dae335L;0.500000;1503125883;1503125884
1;96;8048;0xedc97bb85b76c991f6202c4fab9cbe43a073540e30ced5086b22458e7de44b6a;0x167abd7a856e8e024c18b33c60b38f95f0999e6d8d59a3f60a73ec0d00113743;0x03ca8cf1;0x3ca8cf1L;0.500000;1503125884;1503125884
1;96;8048;0xedc97bb85b76c991f6202c4fab9cbe43a073540e30ced5086b22458e7de44b6a;0x167abd7a856e8e024c18b33c60b38f95f0999e6d8d59a3f60a73ec0d00113743;0x03ca8cf1;0x3ca8cf1L;0.500000;1503125884;1503125884
1;96;8048;0xedc97bb85b76c991f6202c4fab9cbe43a073540e30ced5086b22458e7de44b6a;0x167abd7a856e8e024c18b33c60b38f95f0999e6d8d59a3f60a73ec0d00113743;0x03ca8cf1;0x3ca8cf1L;0.500000;1503125884;1503125884
1;96;8048;0xedc97bb85b76c991f6202c4fab9cbe43a073540e30ced5086b22458e7de44b6a;0x167abd7a856e8e024c18b33c60b38f95f0999e6d8d59a3f60a73ec0d00113743;0x03ca8cf1;0x3ca8cf1L;0.500000;1503125884;1503125885
1;96;8048;0x64b5dd40a01730d1ad678d7a71c4c11c85e60b11114c77e77e437b0f97aec2fb;0x825b1a60879f33db5ab3e55534c6be292bf34163eb60a69832b5cdfbdfe4c1f7;0xb73d811f;0xb73d811fL;0.500000;1503125885;1503125885
1;96;8048;0x64b5dd40a01730d1ad678d7a71c4c11c85e60b11114c77e77e437b0f97aec2fb;0x825b1a60879f33db5ab3e55534c6be292bf34163eb60a69832b5cdfbdfe4c1f7;0xb73d811f;0xb73d811fL;0.500000;1503125885;1503125885
1;96;8048;0x64b5dd40a01730d1ad678d7a71c4c11c85e60b11114c77e77e437b0f97aec2fb;0x825b1a60879f33db5ab3e55534c6be292bf34163eb60a69832b5cdfbdfe4c1f7;0xb73d811f;0xb73d811fL;0.500000;1503125885;1503125885
1;96;8048;0x64b5dd40a01730d1ad678d7a71c4c11c85e60b11114c77e77e437b0f97aec2fb;0x825b1a60879f33db5ab3e55534c6be292bf34163eb60a69832b5cdfbdfe4c1f7;0xb73d811f;0xb73d811fL;0.500000;1503125885;1503125885
0;96;8048;0x866940d37024013099cdb1a0f9d8ca1abc509d338edc3ff27d6086782361bea9;0x0099625382759932866187421a492179cc1018509b537926449604eb317be5ff;0x3dc21c46;0x3dc25c46L;0.500000;1503125886;1503125886
0;96;8048;0x866940d37024013099cdb1a0f9d8ca1abc509d338edc3ff27d6086782361bea9;0x0099625382759932866187421a492179cc1018509b537926449604eb317be5ff;0x3dc21c46;0x3dc25c46L;0.500000;1503125886;1503125886
0;96;8048;0x866940d37024013099cdb1a0f9d8ca1abc509d338edc3ff27d6086782361bea9;0x0099625382759932866187421a492179cc1018509b537926449604eb317be5ff;0x3dc21c46;0x3dc25c46L;0.500000;1503125886;1503125886
0;96;8048;0x866940d37024013099cdb1a0f9d8ca1abc509d338edc3ff27d6086782361bea9;0x0099625382759932866187421a492179cc1018509b537926449604eb317be5ff;0x3dc21c46;0x3dc25c46L;0.500000;1503125886;1503125886
0;96;8048;0x866940d37024013099cdb1a0f9d8ca1abc509d338edc3ff27d6086782361bea9;0x0099625382759932866187421a492179cc1018509b537926449604eb317be5ff;0x3dc21c46;0x3dc25c46L;0.500000;1503125886;1503125887
1;96;8048;0xbe69179894d9921cbc3ace42a7313c17edea15e38cea8289feb67e1922d649e0;0xd3626c743b61752a37b9d488f6da2e7a612523b616a4345bde48aad784489f1b;0xa318e220;0xa318e220L;0.500000;1503125887;1503125887
1;96;8048;0xbe69179894d9921cbc3ace42a7313c17edea15e38cea8289feb67e1922d649e0;0xd3626c743b61752a37b9d488f6da2e7a612523b616a4345bde48aad784489f1b;0xa318e220;0xa318e220L;0.500000;1503125887;1503125887
