0;96;8048;0x6616f71b8cacd551a2eaeb21fc43cd93f3621efed4194e86504340dde51c444b;0xb9d02dc7f9d5149d5c1ae074a9eb310793646749dca29fd0486bcbbad163a1f6;0x6965bb58;0x2434bb44L;0.500000;1503077398;1503077398
0;96;8048;0x6616f71b8cacd551a2eaeb21fc43cd93f3621efed4194e86504340dde51c444b;0xb9d02dc7f9d5149d5c1ae074a9eb310793646749dca29fd0486bcbbad163a1f6;0x6965bb58;0x2434bb44L;0.500000;1503077398;1503077398
0;96;8048;0x6616f71b8cacd551a2eaeb21fc43cd93f3621efed4194e86504340dde51c444b;0xb9d02dc7f9d5149d5c1ae074a9eb310793646749dca29fd0486bcbbad163a1f6;0x6965bb58;0x2434bb44L;0.500000;1503077398;1503077398
0;96;8048;0x6616f71b8cacd551a2eaeb21fc43cd93f3621efed4194e86504340dde51c444b;0xb9d02dc7f9d5149d5c1ae074a9eb310793646749dca29fd0486bcbbad163a1f6;0x6965bb58;0x2434bb44L;0.500000;1503077398;1503077399
1;96;8048;0x8f823ea19198c9d184ce6774cadba39693c81c7ce4153c397e2fd97f7a648609;0x17d703eba509e49a34b5b15786ccd806db4ad14431b3d92d4e4158b91e61d292;0x148ebc59;0x148ebc59L;0.500000;1503077399;1503077399
1;96;8048;0x8f823ea19198c9d184ce6774cadba39693c81c7ce4153c397e2fd97f7a648609;0x17d703eba509e49a34b5b15786ccd806db4ad14431b3d92d4e4158b91e61d292;0x148ebc59;0x148ebc59L;0.500000;1503077399;1503077399
1;96;8048;0x8f823ea19198c9d184ce6774cadba39693c81c7ce4153c397e2fd97f7a648609;0x17d703eba509e49a34b5b15786ccd806db4ad14431b3d92d4e4158b91e61d292;0x148ebc59;0x148ebc59L;0.500000;1503077399;1503077399
1;96;8048;0x8f823ea19198c9d184ce6774cadba39693c81c7ce4153c397e2fd97f7a648609;0x17d703eba509e49a34b5b15786ccd806db4ad14431b3d92d4e4158b91e61d292;0x148ebc59;0x148ebc59L;0.500000;1503077399;1503077399
1;96;8048;0xfcdc40cae71e5e2cf435fa80c3d13290e757c49d49fb600c64e53ebf68cfd264;0x326635aaf3f0e672dd8b6d597af080bc7ce06d585180aff437cba21f9340d57d;0xe42165f2;0xe42165f2L;0.500000;1503077400;1503077400
1;96;8048;0xfcdc40cae71e5e2cf435fa80c3d13290e757c49d49fb600c64e53ebf68cfd264;0x326635aaf3f0e672dd8b6d597af080bc7ce06d585180aff437cba21f9340d57d;0xe42165f2;0xe42165f2L;0.500000;1503077400;1503077400
1;96;8048;0xfcdc40cae71e5e2cf435fa80c3d13290e757c49d49fb600c64e53ebf68cfd264;0x326635aaf3f0e672dd8b6d597af080bc7ce06d585180aff437cba21f9340d57d;0xe42165f2;0xe42165f2L;0.500000;1503077400;1503077400
1;96;8048;0xfcdc40cae71e5e2cf435fa80c3d13290e757c49d49fb600c64e53ebf68cfd264;0x326635aaf3f0e672dd8b6d597af080bc7ce06d585180aff437cba21f9340d57d;0xe42165f2;0xe42165f2L;0.500000;1503077400;1503077400
1;96;8048;0xfcdc40cae71e5e2cf435fa80c3d13290e757c49d49fb600c64e53ebf68cfd264;0x326635aaf3f0e672dd8b6d597af080bc7ce06d585180aff437cba21f9340d57d;0xe42165f2;0xe42165f2L;0.500000;1503077400;1503077401
1;96;8048;0xa48ef7a5555e222d7ceedc0d4d0f1f7835c9d229a5349fab435fc91effa6dea3;0xc56346233248487a56e0058e7b78072c4ff176c1c90a560a4af3d13e8beb85bc;0x3d25e7e4;0x3d25e7e4L;0.500000;1503077401;1503077401
1;96;8048;0xa48ef7a5555e222d7ceedc0d4d0f1f7835c9d229a5349fab435fc91effa6dea3;0xc56346233248487a56e0058e7b78072c4ff176c1c90a560a4af3d13e8beb85bc;0x3d25e7e4;0x3d25e7e4L;0.500000;1503077401;1503077401
1;96;8048;0xa48ef7a5555e222d7ceedc0d4d0f1f7835c9d229a5349fab435fc91effa6dea3;0xc56346233248487a56e0058e7b78072c4ff176c1c90a560a4af3d13e8beb85bc;0x3d25e7e4;0x3d25e7e4L;0.500000;1503077401;1503077401
1;96;8048;0xa48ef7a5555e222d7ceedc0d4d0f1f7835c9d229a5349fab435fc91effa6dea3;0xc56346233248487a56e0058e7b78072c4ff176c1c90a560a4af3d13e8beb85bc;0x3d25e7e4;0x3d25e7e4L;0.500000;1503077401;1503077402
1;96;8048;0xe90b5e4a5fe6c8f865446010edf53f9f7f936be9586d27d217e3f1831b0e9f04;0x809c4b9ba5fa345718ad3f639fcb57713b220992eb7d30a4c00b0a7375981303;0x8efa6af6;0x8efa6af6L;0.500000;1503077402;1503077402
1;96;8048;0xe90b5e4a5fe6c8f865446010edf53f9f7f936be9586d27d217e3f1831b0e9f04;0x809c4b9ba5fa345718ad3f639fcb57713b220992eb7d30a4c00b0a7375981303;0x8efa6af6;0x8efa6af6L;0.500000;1503077402;1503077402
1;96;8048;0xe90b5e4a5fe6c8f865446010edf53f9f7f936be9586d27d217e3f1831b0e9f04;0x809c4b9ba5fa345718ad3f639fcb57713b220992eb7d30a4c00b0a7375981303;0x8efa6af6;0x8efa6af6L;0.500000;1503077402;1503077402
