1;96;8048;0xb7b7a32bbfd5305115db093adcf9f9e1758e4acc266af62a185f878005ceddbc;0xa5ffa100d53b61601baaeaf73e94cca39a2169f4047a71bce50ed701250b4570;0xc913a884;0xc913a884L;0.500000;1503108735;1503108736
0;96;8048;0x07ad27360f696e89f1fa62b47b1b93bb286691aec3d80a1c80b2e3adef2adaf6;0x3525e48ad700f982e820f50b4c17e3745d4a6ff890fe225d03f8a7443e272e79;0x4ef57d49;0x9b0d60bdL;0.500000;1503108736;1503108736
0;96;8048;0x07ad27360f696e89f1fa62b47b1b93bb286691aec3d80a1c80b2e3adef2adaf6;0x3525e48ad700f982e820f50b4c17e3745d4a6ff890fe225d03f8a7443e272e79;0x4ef57d49;0x9b0d60bdL;0.500000;1503108736;1503108736
0;96;8048;0x07ad27360f696e89f1fa62b47b1b93bb286691aec3d80a1c80b2e3adef2adaf6;0x3525e48ad700f982e820f50b4c17e3745d4a6ff890fe225d03f8a7443e272e79;0x4ef57d49;0x9b0d60bdL;0.500000;1503108736;1503108736
0;96;8048;0x07ad27360f696e89f1fa62b47b1b93bb286691aec3d80a1c80b2e3adef2adaf6;0x3525e48ad700f982e820f50b4c17e3745d4a6ff890fe225d03f8a7443e272e79;0x4ef57d49;0x9b0d60bdL;0.500000;1503108736;1503108737
1;96;8048;0x5d1f5bd8e0ee2ddb13621895eb099b5d47f8d98116855a262d4dcdd96b2191c8;0x16fe5fc976ee9b2a8d4c2f120a8904e6006941b26cdfe8c9460717eecbcd7484;0x1f886c16;0x1f886c16L;0.500000;1503108737;1503108737
1;96;8048;0x5d1f5bd8e0ee2ddb13621895eb099b5d47f8d98116855a262d4dcdd96b2191c8;0x16fe5fc976ee9b2a8d4c2f120a8904e6006941b26cdfe8c9460717eecbcd7484;0x1f886c16;0x1f886c16L;0.500000;1503108737;1503108737
1;96;8048;0x5d1f5bd8e0ee2ddb13621895eb099b5d47f8d98116855a262d4dcdd96b2191c8;0x16fe5fc976ee9b2a8d4c2f120a8904e6006941b26cdfe8c9460717eecbcd7484;0x1f886c16;0x1f886c16L;0.500000;1503108737;1503108737
1;96;8048;0x5d1f5bd8e0ee2ddb13621895eb099b5d47f8d98116855a262d4dcdd96b2191c8;0x16fe5fc976ee9b2a8d4c2f120a8904e6006941b26cdfe8c9460717eecbcd7484;0x1f886c16;0x1f886c16L;0.500000;1503108737;1503108738
0;96;8048;0x2707041b6c07e6698c4f6dfa3edde5208ba64f35154ce4e4a1f7c4260edde635;0x8d3232226b11e48eee46d45237e6f980c954c5ad4273c509e71fb371957eae11;0xe763846c;0xe763846aL;0.500000;1503108738;1503108738
0;96;8048;0x2707041b6c07e6698c4f6dfa3edde5208ba64f35154ce4e4a1f7c4260edde635;0x8d3232226b11e48eee46d45237e6f980c954c5ad4273c509e71fb371957eae11;0xe763846c;0xe763846aL;0.500000;1503108738;1503108738
0;96;8048;0x2707041b6c07e6698c4f6dfa3edde5208ba64f35154ce4e4a1f7c4260edde635;0x8d3232226b11e48eee46d45237e6f980c954c5ad4273c509e71fb371957eae11;0xe763846c;0xe763846aL;0.500000;1503108738;1503108738
0;96;8048;0x2707041b6c07e6698c4f6dfa3edde5208ba64f35154ce4e4a1f7c4260edde635;0x8d3232226b11e48eee46d45237e6f980c954c5ad4273c509e71fb371957eae11;0xe763846c;0xe763846aL;0.500000;1503108738;1503108739
0;96;8048;0x9561fe1e32d41e0b3251a94ab2b69880bd0dec7fe921dad0d5086b81558d08ea;0x7ffe1e0782b0089f3ecf00ea88122a0561684c00d80486f4ec24258f7386d1fe;0xb7c4b32e;0x3fd6dd33L;0.500000;1503108739;1503108739
0;96;8048;0x9561fe1e32d41e0b3251a94ab2b69880bd0dec7fe921dad0d5086b81558d08ea;0x7ffe1e0782b0089f3ecf00ea88122a0561684c00d80486f4ec24258f7386d1fe;0xb7c4b32e;0x3fd6dd33L;0.500000;1503108739;1503108739
0;96;8048;0x9561fe1e32d41e0b3251a94ab2b69880bd0dec7fe921dad0d5086b81558d08ea;0x7ffe1e0782b0089f3ecf00ea88122a0561684c00d80486f4ec24258f7386d1fe;0xb7c4b32e;0x3fd6dd33L;0.500000;1503108739;1503108739
0;96;8048;0x9561fe1e32d41e0b3251a94ab2b69880bd0dec7fe921dad0d5086b81558d08ea;0x7ffe1e0782b0089f3ecf00ea88122a0561684c00d80486f4ec24258f7386d1fe;0xb7c4b32e;0x3fd6dd33L;0.500000;1503108739;1503108739
0;96;8048;0x9561fe1e32d41e0b3251a94ab2b69880bd0dec7fe921dad0d5086b81558d08ea;0x7ffe1e0782b0089f3ecf00ea88122a0561684c00d80486f4ec24258f7386d1fe;0xb7c4b32e;0x3fd6dd33L;0.500000;1503108740;1503108740
1;96;8048;0xe97853cc86e00a265fca6e85b2302cc088e7cad0c3a9b7293a84efeb7ef99367;0xb84544b311f56564c48dd9366e3cb2ca7bd6d978a76dc93a15d611dab7ea782e;0x47460f03;0x47460f03L;0.500000;1503108740;1503108740
1;96;8048;0xe97853cc86e00a265fca6e85b2302cc088e7cad0c3a9b7293a84efeb7ef99367;0xb84544b311f56564c48dd9366e3cb2ca7bd6d978a76dc93a15d611dab7ea782e;0x47460f03;0x47460f03L;0.500000;1503108740;1503108740
