1;96;8048;0x3f5faf49b51ae54ff38b65f6e873280b49c1d569a82f15d123c817ce979ca7d6;0x5a3aaace1a1db3a2a4b9c8282f19cc88a8c5060c6ab67f8c108c7cadadb8e7d0;0xba84a101;0xba84a101L;0.500000;1503121215;1503121215
1;96;8048;0x3f5faf49b51ae54ff38b65f6e873280b49c1d569a82f15d123c817ce979ca7d6;0x5a3aaace1a1db3a2a4b9c8282f19cc88a8c5060c6ab67f8c108c7cadadb8e7d0;0xba84a101;0xba84a101L;0.500000;1503121215;1503121215
1;96;8048;0x3f5faf49b51ae54ff38b65f6e873280b49c1d569a82f15d123c817ce979ca7d6;0x5a3aaace1a1db3a2a4b9c8282f19cc88a8c5060c6ab67f8c108c7cadadb8e7d0;0xba84a101;0xba84a101L;0.500000;1503121215;1503121216
1;96;8048;0xbb17090ce268fb0d263881d3a119730f107a617cc02b0ea5819bf0325c827b17;0x5759c88be1704461c6164b40629686c1e4659be1b0bf6cbca7fd637de9cceb4f;0x99756dd1;0x99756dd1L;0.500000;1503121216;1503121216
1;96;8048;0xbb17090ce268fb0d263881d3a119730f107a617cc02b0ea5819bf0325c827b17;0x5759c88be1704461c6164b40629686c1e4659be1b0bf6cbca7fd637de9cceb4f;0x99756dd1;0x99756dd1L;0.500000;1503121216;1503121216
1;96;8048;0xbb17090ce268fb0d263881d3a119730f107a617cc02b0ea5819bf0325c827b17;0x5759c88be1704461c6164b40629686c1e4659be1b0bf6cbca7fd637de9cceb4f;0x99756dd1;0x99756dd1L;0.500000;1503121216;1503121216
1;96;8048;0xbb17090ce268fb0d263881d3a119730f107a617cc02b0ea5819bf0325c827b17;0x5759c88be1704461c6164b40629686c1e4659be1b0bf6cbca7fd637de9cceb4f;0x99756dd1;0x99756dd1L;0.500000;1503121216;1503121217
0;96;8048;0x18ef9e8b175de3a9fbf1ce544bef69ced38e1f48e1667288f4b1de8f403a0b58;0xae82c5a3c997cf903e2b8991399674591195852b55ee4fbb236eeb23069dd91a;0x40fd6909;0x40fd690dL;0.500000;1503121217;1503121217
0;96;8048;0x18ef9e8b175de3a9fbf1ce544bef69ced38e1f48e1667288f4b1de8f403a0b58;0xae82c5a3c997cf903e2b8991399674591195852b55ee4fbb236eeb23069dd91a;0x40fd6909;0x40fd690dL;0.500000;1503121217;1503121217
0;96;8048;0x18ef9e8b175de3a9fbf1ce544bef69ced38e1f48e1667288f4b1de8f403a0b58;0xae82c5a3c997cf903e2b8991399674591195852b55ee4fbb236eeb23069dd91a;0x40fd6909;0x40fd690dL;0.500000;1503121217;1503121217
0;96;8048;0x18ef9e8b175de3a9fbf1ce544bef69ced38e1f48e1667288f4b1de8f403a0b58;0xae82c5a3c997cf903e2b8991399674591195852b55ee4fbb236eeb23069dd91a;0x40fd6909;0x40fd690dL;0.500000;1503121217;1503121217
0;96;8048;0x18ef9e8b175de3a9fbf1ce544bef69ced38e1f48e1667288f4b1de8f403a0b58;0xae82c5a3c997cf903e2b8991399674591195852b55ee4fbb236eeb23069dd91a;0x40fd6909;0x40fd690dL;0.500000;1503121218;1503121218
0;96;8048;0xb290797b73aea4dfb7e8133bbb0275af5f2cbeb803bf05e14f46f724d243d684;0x66d10830e33c103e9339f821df2e8b3296051754d40f428cbc3276e3b6544758;0x6f57584b;0x4e85e37dL;0.500000;1503121218;1503121218
0;96;8048;0xb290797b73aea4dfb7e8133bbb0275af5f2cbeb803bf05e14f46f724d243d684;0x66d10830e33c103e9339f821df2e8b3296051754d40f428cbc3276e3b6544758;0x6f57584b;0x4e85e37dL;0.500000;1503121218;1503121218
0;96;8048;0xb290797b73aea4dfb7e8133bbb0275af5f2cbeb803bf05e14f46f724d243d684;0x66d10830e33c103e9339f821df2e8b3296051754d40f428cbc3276e3b6544758;0x6f57584b;0x4e85e37dL;0.500000;1503121218;1503121218
0;96;8048;0xb290797b73aea4dfb7e8133bbb0275af5f2cbeb803bf05e14f46f724d243d684;0x66d10830e33c103e9339f821df2e8b3296051754d40f428cbc3276e3b6544758;0x6f57584b;0x4e85e37dL;0.500000;1503121219;1503121219
1;96;8048;0xf099b1c1d624d9ead57312fb87d7587f294a2b565feb908bd69f1a2d58bfe048;0x14cab927892a0d8592a24aa5623d986b3bdaf4f33d3d83a1d67469d0eb27b070;0xeae0d2b9;0xeae0d2b9L;0.500000;1503121219;1503121219
1;96;8048;0xf099b1c1d624d9ead57312fb87d7587f294a2b565feb908bd69f1a2d58bfe048;0x14cab927892a0d8592a24aa5623d986b3bdaf4f33d3d83a1d67469d0eb27b070;0xeae0d2b9;0xeae0d2b9L;0.500000;1503121219;1503121219
1;96;8048;0xf099b1c1d624d9ead57312fb87d7587f294a2b565feb908bd69f1a2d58bfe048;0x14cab927892a0d8592a24aa5623d986b3bdaf4f33d3d83a1d67469d0eb27b070;0xeae0d2b9;0xeae0d2b9L;0.500000;1503121219;1503121219
1;96;8048;0xf099b1c1d624d9ead57312fb87d7587f294a2b565feb908bd69f1a2d58bfe048;0x14cab927892a0d8592a24aa5623d986b3bdaf4f33d3d83a1d67469d0eb27b070;0xeae0d2b9;0xeae0d2b9L;0.500000;1503121219;1503121220
