0;96;8048;0x623d8a6dda98ffb79b1c35a78437ab0139125d3dda31e68e15a175b9bba5dd1d;0x69392a569973eb8adced3d099387c20d2263aa232fbcd61d0e31da7a13698df6;0x7d5d6333;0x10e52540L;0.500000;1503142956;1503142956
0;96;8048;0x623d8a6dda98ffb79b1c35a78437ab0139125d3dda31e68e15a175b9bba5dd1d;0x69392a569973eb8adced3d099387c20d2263aa232fbcd61d0e31da7a13698df6;0x7d5d6333;0x10e52540L;0.500000;1503142956;1503142956
0;96;8048;0x623d8a6dda98ffb79b1c35a78437ab0139125d3dda31e68e15a175b9bba5dd1d;0x69392a569973eb8adced3d099387c20d2263aa232fbcd61d0e31da7a13698df6;0x7d5d6333;0x10e52540L;0.500000;1503142956;1503142957
1;96;8048;0xe4883a2b5df9c285916faadfb7c3c2aed27325d6bbcd6940e297e1df108674f4;0x046434712c204f32c04048d6833302f1eb91ad32edc20aaa81c0033b17f847ba;0xe9682f71;0xe9682f71L;0.500000;1503142957;1503142957
1;96;8048;0xe4883a2b5df9c285916faadfb7c3c2aed27325d6bbcd6940e297e1df108674f4;0x046434712c204f32c04048d6833302f1eb91ad32edc20aaa81c0033b17f847ba;0xe9682f71;0xe9682f71L;0.500000;1503142957;1503142957
1;96;8048;0xe4883a2b5df9c285916faadfb7c3c2aed27325d6bbcd6940e297e1df108674f4;0x046434712c204f32c04048d6833302f1eb91ad32edc20aaa81c0033b17f847ba;0xe9682f71;0xe9682f71L;0.500000;1503142957;1503142957
1;96;8048;0xe4883a2b5df9c285916faadfb7c3c2aed27325d6bbcd6940e297e1df108674f4;0x046434712c204f32c04048d6833302f1eb91ad32edc20aaa81c0033b17f847ba;0xe9682f71;0xe9682f71L;0.500000;1503142957;1503142958
0;96;8048;0x4aab03eaf18bdb132824a87c2b8bff42ead379304e157e85a2182762b87beb02;0x3534d45a03970f3fcf7941f4c1606f39de7aaad68c5ed67eb815ee870ef1a930;0x3ad2edb0;0xfc335ce9L;0.500000;1503142958;1503142958
0;96;8048;0x4aab03eaf18bdb132824a87c2b8bff42ead379304e157e85a2182762b87beb02;0x3534d45a03970f3fcf7941f4c1606f39de7aaad68c5ed67eb815ee870ef1a930;0x3ad2edb0;0xfc335ce9L;0.500000;1503142958;1503142958
0;96;8048;0x4aab03eaf18bdb132824a87c2b8bff42ead379304e157e85a2182762b87beb02;0x3534d45a03970f3fcf7941f4c1606f39de7aaad68c5ed67eb815ee870ef1a930;0x3ad2edb0;0xfc335ce9L;0.500000;1503142958;1503142958
0;96;8048;0x4aab03eaf18bdb132824a87c2b8bff42ead379304e157e85a2182762b87beb02;0x3534d45a03970f3fcf7941f4c1606f39de7aaad68c5ed67eb815ee870ef1a930;0x3ad2edb0;0xfc335ce9L;0.500000;1503142958;1503142958
0;96;8048;0x4aab03eaf18bdb132824a87c2b8bff42ead379304e157e85a2182762b87beb02;0x3534d45a03970f3fcf7941f4c1606f39de7aaad68c5ed67eb815ee870ef1a930;0x3ad2edb0;0xfc335ce9L;0.500000;1503142959;1503142959
1;96;8048;0x811891e80ee948ec20633396a601c0235a88d06cee0486030fe4bf9aa6849927;0xb2a477d3f2d55929171fb85996ae499bbbf307069c0a7ceb856c04e16b68cd8b;0x4dbc3327;0x4dbc3327L;0.500000;1503142959;1503142959
1;96;8048;0x811891e80ee948ec20633396a601c0235a88d06cee0486030fe4bf9aa6849927;0xb2a477d3f2d55929171fb85996ae499bbbf307069c0a7ceb856c04e16b68cd8b;0x4dbc3327;0x4dbc3327L;0.500000;1503142959;1503142959
1;96;8048;0x811891e80ee948ec20633396a601c0235a88d06cee0486030fe4bf9aa6849927;0xb2a477d3f2d55929171fb85996ae499bbbf307069c0a7ceb856c04e16b68cd8b;0x4dbc3327;0x4dbc3327L;0.500000;1503142959;1503142959
1;96;8048;0x811891e80ee948ec20633396a601c0235a88d06cee0486030fe4bf9aa6849927;0xb2a477d3f2d55929171fb85996ae499bbbf307069c0a7ceb856c04e16b68cd8b;0x4dbc3327;0x4dbc3327L;0.500000;1503142959;1503142960
1;96;8048;0x07f6105475d8ce1da47d316ef9c912b7b314bd995e5badeaed00e782cc187fd3;0xba40aea026ac7cf55dedbdf68fa45fbafa4e11ae010f55e0271f040f67f3d8e5;0x58dbc517;0x58dbc517L;0.500000;1503142960;1503142960
1;96;8048;0x07f6105475d8ce1da47d316ef9c912b7b314bd995e5badeaed00e782cc187fd3;0xba40aea026ac7cf55dedbdf68fa45fbafa4e11ae010f55e0271f040f67f3d8e5;0x58dbc517;0x58dbc517L;0.500000;1503142960;1503142960
1;96;8048;0x07f6105475d8ce1da47d316ef9c912b7b314bd995e5badeaed00e782cc187fd3;0xba40aea026ac7cf55dedbdf68fa45fbafa4e11ae010f55e0271f040f67f3d8e5;0x58dbc517;0x58dbc517L;0.500000;1503142960;1503142960
1;96;8048;0x07f6105475d8ce1da47d316ef9c912b7b314bd995e5badeaed00e782cc187fd3;0xba40aea026ac7cf55dedbdf68fa45fbafa4e11ae010f55e0271f040f67f3d8e5;0x58dbc517;0x58dbc517L;0.500000;1503142960;1503142961
