1;96;8048;0x7954de040662b392d92b2d3b591b917c29b343f2b8c238e159778f234d63ffc7;0x598d147ce057e258215f524576e4734357f2c6523e1f1746bb29ab09ea3b7e30;0x6556f97d;0x6556f97dL;0.500000;1503101480;1503101480
1;96;8048;0x7954de040662b392d92b2d3b591b917c29b343f2b8c238e159778f234d63ffc7;0x598d147ce057e258215f524576e4734357f2c6523e1f1746bb29ab09ea3b7e30;0x6556f97d;0x6556f97dL;0.500000;1503101480;1503101481
0;96;8048;0xb7cd498435ab73c2f23d600ef2106d8720311fe75927cd0438ecef0ed2ab6a8a;0x2f27adb7e6d65e9e1761fa3f825dcb8dd449f90965c3e3c0cc2997f6b033cf39;0x61b710f8;0xe414dc85L;0.500000;1503101481;1503101481
0;96;8048;0xb7cd498435ab73c2f23d600ef2106d8720311fe75927cd0438ecef0ed2ab6a8a;0x2f27adb7e6d65e9e1761fa3f825dcb8dd449f90965c3e3c0cc2997f6b033cf39;0x61b710f8;0xe414dc85L;0.500000;1503101481;1503101481
0;96;8048;0xb7cd498435ab73c2f23d600ef2106d8720311fe75927cd0438ecef0ed2ab6a8a;0x2f27adb7e6d65e9e1761fa3f825dcb8dd449f90965c3e3c0cc2997f6b033cf39;0x61b710f8;0xe414dc85L;0.500000;1503101481;1503101481
0;96;8048;0xb7cd498435ab73c2f23d600ef2106d8720311fe75927cd0438ecef0ed2ab6a8a;0x2f27adb7e6d65e9e1761fa3f825dcb8dd449f90965c3e3c0cc2997f6b033cf39;0x61b710f8;0xe414dc85L;0.500000;1503101481;1503101481
1;96;8048;0xf56a7ba8974e268bda982d689a776dcfeac064ebd44f032953ea1c2573e5e968;0x89a95c8537911cec82a74c182271072d63d4a00d2843aea87984d82e21604e18;0x7a9ea47f;0x7a9ea47fL;0.500000;1503101482;1503101482
1;96;8048;0xf56a7ba8974e268bda982d689a776dcfeac064ebd44f032953ea1c2573e5e968;0x89a95c8537911cec82a74c182271072d63d4a00d2843aea87984d82e21604e18;0x7a9ea47f;0x7a9ea47fL;0.500000;1503101482;1503101482
1;96;8048;0xf56a7ba8974e268bda982d689a776dcfeac064ebd44f032953ea1c2573e5e968;0x89a95c8537911cec82a74c182271072d63d4a00d2843aea87984d82e21604e18;0x7a9ea47f;0x7a9ea47fL;0.500000;1503101482;1503101482
1;96;8048;0xf56a7ba8974e268bda982d689a776dcfeac064ebd44f032953ea1c2573e5e968;0x89a95c8537911cec82a74c182271072d63d4a00d2843aea87984d82e21604e18;0x7a9ea47f;0x7a9ea47fL;0.500000;1503101482;1503101482
1;96;8048;0xf56a7ba8974e268bda982d689a776dcfeac064ebd44f032953ea1c2573e5e968;0x89a95c8537911cec82a74c182271072d63d4a00d2843aea87984d82e21604e18;0x7a9ea47f;0x7a9ea47fL;0.500000;1503101482;1503101483
1;96;8048;0x46d0c210fc15f88d59418e7c57c55e65d81b1f8fb72bb3316e9551d53fc93b85;0x1ba78dec891109a17f464cf6d6c42162d41630163e3ec7d5d327d0c9d35f478e;0x7fb4096f;0x7fb4096fL;0.500000;1503101483;1503101483
1;96;8048;0x46d0c210fc15f88d59418e7c57c55e65d81b1f8fb72bb3316e9551d53fc93b85;0x1ba78dec891109a17f464cf6d6c42162d41630163e3ec7d5d327d0c9d35f478e;0x7fb4096f;0x7fb4096fL;0.500000;1503101483;1503101483
1;96;8048;0x46d0c210fc15f88d59418e7c57c55e65d81b1f8fb72bb3316e9551d53fc93b85;0x1ba78dec891109a17f464cf6d6c42162d41630163e3ec7d5d327d0c9d35f478e;0x7fb4096f;0x7fb4096fL;0.500000;1503101483;1503101483
1;96;8048;0x46d0c210fc15f88d59418e7c57c55e65d81b1f8fb72bb3316e9551d53fc93b85;0x1ba78dec891109a17f464cf6d6c42162d41630163e3ec7d5d327d0c9d35f478e;0x7fb4096f;0x7fb4096fL;0.500000;1503101483;1503101484
0;96;8048;0x38da8f9302accf416044541b717b2c0b9ee0f44229532d2833855039ed1bf525;0x125b852b23e39202eb93b84a38b7da242827f61327fd66651a08a84e336cb2fa;0x4562e391;0x7e1abdb5L;0.500000;1503101484;1503101484
0;96;8048;0x38da8f9302accf416044541b717b2c0b9ee0f44229532d2833855039ed1bf525;0x125b852b23e39202eb93b84a38b7da242827f61327fd66651a08a84e336cb2fa;0x4562e391;0x7e1abdb5L;0.500000;1503101484;1503101484
0;96;8048;0x38da8f9302accf416044541b717b2c0b9ee0f44229532d2833855039ed1bf525;0x125b852b23e39202eb93b84a38b7da242827f61327fd66651a08a84e336cb2fa;0x4562e391;0x7e1abdb5L;0.500000;1503101484;1503101484
0;96;8048;0x38da8f9302accf416044541b717b2c0b9ee0f44229532d2833855039ed1bf525;0x125b852b23e39202eb93b84a38b7da242827f61327fd66651a08a84e336cb2fa;0x4562e391;0x7e1abdb5L;0.500000;1503101484;1503101485
1;96;8048;0xe7efad0cfa8100f746abf868c3203fb1ba63520bdbf1dde0a07f853c68c3ef4f;0xf3443b4e054bb0c0d638ceb86de1a4a863fd1ff75f851d52fc7e2f17e7972024;0xe794fd7b;0xe794fd7bL;0.500000;1503101485;1503101485
