1;96;8048;0x9beedf9146e23d907ca328d7eac8924e0a1179bad3719aaab3550460f8c22293;0x4892b3a821d2da7a0914fed97ebc1e7396892194a61bbf9813ae4982662d4dde;0x543f26f1;0x543f26f1L;0.500000;1503120585;1503120585
1;96;8048;0x9beedf9146e23d907ca328d7eac8924e0a1179bad3719aaab3550460f8c22293;0x4892b3a821d2da7a0914fed97ebc1e7396892194a61bbf9813ae4982662d4dde;0x543f26f1;0x543f26f1L;0.500000;1503120585;1503120585
1;96;8048;0x9beedf9146e23d907ca328d7eac8924e0a1179bad3719aaab3550460f8c22293;0x4892b3a821d2da7a0914fed97ebc1e7396892194a61bbf9813ae4982662d4dde;0x543f26f1;0x543f26f1L;0.500000;1503120585;1503120585
1;96;8048;0x9beedf9146e23d907ca328d7eac8924e0a1179bad3719aaab3550460f8c22293;0x4892b3a821d2da7a0914fed97ebc1e7396892194a61bbf9813ae4982662d4dde;0x543f26f1;0x543f26f1L;0.500000;1503120585;1503120586
1;96;8048;0x8ac1af5bb290b318783ec5fe85e01cc6d8fc417f60a2135d2fb9a18a3ed2c3c9;0x869bf0bcbf6ef7ad0d8087231c886c377df11b7fe8d29383502b22143efac45a;0x54f4ece5;0x54f4ece5L;0.500000;1503120586;1503120586
1;96;8048;0x8ac1af5bb290b318783ec5fe85e01cc6d8fc417f60a2135d2fb9a18a3ed2c3c9;0x869bf0bcbf6ef7ad0d8087231c886c377df11b7fe8d29383502b22143efac45a;0x54f4ece5;0x54f4ece5L;0.500000;1503120586;1503120586
1;96;8048;0x8ac1af5bb290b318783ec5fe85e01cc6d8fc417f60a2135d2fb9a18a3ed2c3c9;0x869bf0bcbf6ef7ad0d8087231c886c377df11b7fe8d29383502b22143efac45a;0x54f4ece5;0x54f4ece5L;0.500000;1503120586;1503120586
1;96;8048;0x8ac1af5bb290b318783ec5fe85e01cc6d8fc417f60a2135d2fb9a18a3ed2c3c9;0x869bf0bcbf6ef7ad0d8087231c886c377df11b7fe8d29383502b22143efac45a;0x54f4ece5;0x54f4ece5L;0.500000;1503120586;1503120587
1;96;8048;0xe9bd02d1c1601bb0e234927c8022ca40b171893ba49bbd286f30cf7e937ef17c;0xe72712750f4176372d70f5752be536df529e5cb10beb52c1b94d80d90317a818;0x0dbc1a89;0xdbc1a89L;0.500000;1503120587;1503120587
1;96;8048;0xe9bd02d1c1601bb0e234927c8022ca40b171893ba49bbd286f30cf7e937ef17c;0xe72712750f4176372d70f5752be536df529e5cb10beb52c1b94d80d90317a818;0x0dbc1a89;0xdbc1a89L;0.500000;1503120587;1503120587
1;96;8048;0xe9bd02d1c1601bb0e234927c8022ca40b171893ba49bbd286f30cf7e937ef17c;0xe72712750f4176372d70f5752be536df529e5cb10beb52c1b94d80d90317a818;0x0dbc1a89;0xdbc1a89L;0.500000;1503120587;1503120587
1;96;8048;0xe9bd02d1c1601bb0e234927c8022ca40b171893ba49bbd286f30cf7e937ef17c;0xe72712750f4176372d70f5752be536df529e5cb10beb52c1b94d80d90317a818;0x0dbc1a89;0xdbc1a89L;0.500000;1503120587;1503120588
1;96;8048;0x1235e220c623de7929a959aec89983eb8dd1f863f2fb5e0f123c992e62c2f375;0x4d4ac98d7de34ca789a8fc1100cfd7a8cf983ae004ac8d7c0a9419fd9974e851;0xf3c604f1;0xf3c604f1L;0.500000;1503120588;1503120588
1;96;8048;0x1235e220c623de7929a959aec89983eb8dd1f863f2fb5e0f123c992e62c2f375;0x4d4ac98d7de34ca789a8fc1100cfd7a8cf983ae004ac8d7c0a9419fd9974e851;0xf3c604f1;0xf3c604f1L;0.500000;1503120588;1503120588
1;96;8048;0x1235e220c623de7929a959aec89983eb8dd1f863f2fb5e0f123c992e62c2f375;0x4d4ac98d7de34ca789a8fc1100cfd7a8cf983ae004ac8d7c0a9419fd9974e851;0xf3c604f1;0xf3c604f1L;0.500000;1503120588;1503120589
0;96;8048;0x8490bf5d81d6e6fc553a674fed6418781b025a49df22ca2527d1899ecde33b51;0x741d6be2208718a8e878a894ffef2255143b72b1fabec76acc82860533410c2f;0xde513419;0xde40566eL;0.500000;1503120589;1503120589
0;96;8048;0x8490bf5d81d6e6fc553a674fed6418781b025a49df22ca2527d1899ecde33b51;0x741d6be2208718a8e878a894ffef2255143b72b1fabec76acc82860533410c2f;0xde513419;0xde40566eL;0.500000;1503120589;1503120589
0;96;8048;0x8490bf5d81d6e6fc553a674fed6418781b025a49df22ca2527d1899ecde33b51;0x741d6be2208718a8e878a894ffef2255143b72b1fabec76acc82860533410c2f;0xde513419;0xde40566eL;0.500000;1503120589;1503120589
0;96;8048;0x8490bf5d81d6e6fc553a674fed6418781b025a49df22ca2527d1899ecde33b51;0x741d6be2208718a8e878a894ffef2255143b72b1fabec76acc82860533410c2f;0xde513419;0xde40566eL;0.500000;1503120589;1503120590
1;96;8048;0xe4c22b40b6a7d1b0e9ece930da3e2b0355b89633a7ae8e431634a7a881c02c65;0xd863bad6d7b163624cf001408fc2d5e7566ec32e9bd124788ae2bf4891b8efd7;0x5af63dd6;0x5af63dd6L;0.500000;1503120590;1503120590
