1;96;8048;0x07d0e6daf34ee25148e9c1598191e05d95ac8585cfd6d067c01dd22c9a281da1;0x7ec1c837c706686e3b76d1ba9ff9726c2566854d2b6ec083d73d66304193619d;0xa61103bd;0xa61103bdL;0.500000;1503109404;1503109404
1;96;8048;0x07d0e6daf34ee25148e9c1598191e05d95ac8585cfd6d067c01dd22c9a281da1;0x7ec1c837c706686e3b76d1ba9ff9726c2566854d2b6ec083d73d66304193619d;0xa61103bd;0xa61103bdL;0.500000;1503109404;1503109404
1;96;8048;0x07d0e6daf34ee25148e9c1598191e05d95ac8585cfd6d067c01dd22c9a281da1;0x7ec1c837c706686e3b76d1ba9ff9726c2566854d2b6ec083d73d66304193619d;0xa61103bd;0xa61103bdL;0.500000;1503109405;1503109405
1;96;8048;0x2beb28b3674d5111b2b5313d2b9006d438e7cb2f77f82ed191f78905a396dbce;0xd911e4b07e839b27092f325e84495e6a4359a7dedbaa48a9e65ce38d391218e9;0x90bf6b94;0x90bf6b94L;0.500000;1503109405;1503109405
1;96;8048;0x2beb28b3674d5111b2b5313d2b9006d438e7cb2f77f82ed191f78905a396dbce;0xd911e4b07e839b27092f325e84495e6a4359a7dedbaa48a9e65ce38d391218e9;0x90bf6b94;0x90bf6b94L;0.500000;1503109405;1503109405
1;96;8048;0x2beb28b3674d5111b2b5313d2b9006d438e7cb2f77f82ed191f78905a396dbce;0xd911e4b07e839b27092f325e84495e6a4359a7dedbaa48a9e65ce38d391218e9;0x90bf6b94;0x90bf6b94L;0.500000;1503109405;1503109405
1;96;8048;0x2beb28b3674d5111b2b5313d2b9006d438e7cb2f77f82ed191f78905a396dbce;0xd911e4b07e839b27092f325e84495e6a4359a7dedbaa48a9e65ce38d391218e9;0x90bf6b94;0x90bf6b94L;0.500000;1503109405;1503109406
1;96;8048;0x72132614205b8af3868f2cee60e003d4112d28ea5e2d87c3012722666b9ddadd;0xa7ae949dbff8fabe3b2efafb122e602fa69e81771766be9c98d03c9955ca673a;0x75c96574;0x75c96574L;0.500000;1503109406;1503109406
1;96;8048;0x72132614205b8af3868f2cee60e003d4112d28ea5e2d87c3012722666b9ddadd;0xa7ae949dbff8fabe3b2efafb122e602fa69e81771766be9c98d03c9955ca673a;0x75c96574;0x75c96574L;0.500000;1503109406;1503109406
1;96;8048;0x72132614205b8af3868f2cee60e003d4112d28ea5e2d87c3012722666b9ddadd;0xa7ae949dbff8fabe3b2efafb122e602fa69e81771766be9c98d03c9955ca673a;0x75c96574;0x75c96574L;0.500000;1503109406;1503109406
1;96;8048;0x72132614205b8af3868f2cee60e003d4112d28ea5e2d87c3012722666b9ddadd;0xa7ae949dbff8fabe3b2efafb122e602fa69e81771766be9c98d03c9955ca673a;0x75c96574;0x75c96574L;0.500000;1503109406;1503109406
1;96;8048;0x72132614205b8af3868f2cee60e003d4112d28ea5e2d87c3012722666b9ddadd;0xa7ae949dbff8fabe3b2efafb122e602fa69e81771766be9c98d03c9955ca673a;0x75c96574;0x75c96574L;0.500000;1503109407;1503109407
1;96;8048;0xe056257ec368adfb4f7aeaf0cafc6401ad7a1dc6223fe787bff922826b566b4c;0x57ddd83f7a9907ae39f83929bd18d8faa2e7895e216b417cd6e2573a4c4da237;0x25d696d0;0x25d696d0L;0.500000;1503109407;1503109407
1;96;8048;0xe056257ec368adfb4f7aeaf0cafc6401ad7a1dc6223fe787bff922826b566b4c;0x57ddd83f7a9907ae39f83929bd18d8faa2e7895e216b417cd6e2573a4c4da237;0x25d696d0;0x25d696d0L;0.500000;1503109407;1503109407
1;96;8048;0xe056257ec368adfb4f7aeaf0cafc6401ad7a1dc6223fe787bff922826b566b4c;0x57ddd83f7a9907ae39f83929bd18d8faa2e7895e216b417cd6e2573a4c4da237;0x25d696d0;0x25d696d0L;0.500000;1503109407;1503109407
1;96;8048;0xe056257ec368adfb4f7aeaf0cafc6401ad7a1dc6223fe787bff922826b566b4c;0x57ddd83f7a9907ae39f83929bd18d8faa2e7895e216b417cd6e2573a4c4da237;0x25d696d0;0x25d696d0L;0.500000;1503109407;1503109408
1;96;8048;0x63993a9fdf8edfab2805b732d0c3a2937d2b815dd178999c960245bab8ed3a1b;0x7bdf99d11d508efdacdd6305c877c2e3cac4e04fd299caada0496d0ffdfe0f84;0x77b47921;0x77b47921L;0.500000;1503109408;1503109408
1;96;8048;0x63993a9fdf8edfab2805b732d0c3a2937d2b815dd178999c960245bab8ed3a1b;0x7bdf99d11d508efdacdd6305c877c2e3cac4e04fd299caada0496d0ffdfe0f84;0x77b47921;0x77b47921L;0.500000;1503109408;1503109408
1;96;8048;0x63993a9fdf8edfab2805b732d0c3a2937d2b815dd178999c960245bab8ed3a1b;0x7bdf99d11d508efdacdd6305c877c2e3cac4e04fd299caada0496d0ffdfe0f84;0x77b47921;0x77b47921L;0.500000;1503109408;1503109408
1;96;8048;0x63993a9fdf8edfab2805b732d0c3a2937d2b815dd178999c960245bab8ed3a1b;0x7bdf99d11d508efdacdd6305c877c2e3cac4e04fd299caada0496d0ffdfe0f84;0x77b47921;0x77b47921L;0.500000;1503109408;1503109408
