0;96;8048;0x978c8896204325916acb62cb7be7bd8599722983816243118c3618fb0348599a;0xa59b88875fe7f239596ca717a054fab114ddd3fe3ac8380aa2e1df2a1b3b297a;0xfa25891b;0x87eaae45L;0.500000;1503141615;1503141615
0;96;8048;0x978c8896204325916acb62cb7be7bd8599722983816243118c3618fb0348599a;0xa59b88875fe7f239596ca717a054fab114ddd3fe3ac8380aa2e1df2a1b3b297a;0xfa25891b;0x87eaae45L;0.500000;1503141615;1503141615
0;96;8048;0x978c8896204325916acb62cb7be7bd8599722983816243118c3618fb0348599a;0xa59b88875fe7f239596ca717a054fab114ddd3fe3ac8380aa2e1df2a1b3b297a;0xfa25891b;0x87eaae45L;0.500000;1503141615;1503141615
0;96;8048;0x978c8896204325916acb62cb7be7bd8599722983816243118c3618fb0348599a;0xa59b88875fe7f239596ca717a054fab114ddd3fe3ac8380aa2e1df2a1b3b297a;0xfa25891b;0x87eaae45L;0.500000;1503141615;1503141616
1;96;8048;0x423446ca44c29012929391bb04df01c72c49dea2ffe0693c1d9c8c8542968784;0xbea81806a1c29ef91092f5b7df6e91a359bd145b81e68d87ffd2664eae3cc5be;0xd13549bc;0xd13549bcL;0.500000;1503141616;1503141616
1;96;8048;0x423446ca44c29012929391bb04df01c72c49dea2ffe0693c1d9c8c8542968784;0xbea81806a1c29ef91092f5b7df6e91a359bd145b81e68d87ffd2664eae3cc5be;0xd13549bc;0xd13549bcL;0.500000;1503141616;1503141616
1;96;8048;0x423446ca44c29012929391bb04df01c72c49dea2ffe0693c1d9c8c8542968784;0xbea81806a1c29ef91092f5b7df6e91a359bd145b81e68d87ffd2664eae3cc5be;0xd13549bc;0xd13549bcL;0.500000;1503141616;1503141616
1;96;8048;0x423446ca44c29012929391bb04df01c72c49dea2ffe0693c1d9c8c8542968784;0xbea81806a1c29ef91092f5b7df6e91a359bd145b81e68d87ffd2664eae3cc5be;0xd13549bc;0xd13549bcL;0.500000;1503141616;1503141616
1;96;8048;0x423446ca44c29012929391bb04df01c72c49dea2ffe0693c1d9c8c8542968784;0xbea81806a1c29ef91092f5b7df6e91a359bd145b81e68d87ffd2664eae3cc5be;0xd13549bc;0xd13549bcL;0.500000;1503141617;1503141617
1;96;8048;0xd4c4d593272fb1723fa0aa1d73dcfc193eb39215c1d101d2cc5de9bebc848490;0x18ee51261eda03fb333006b3793cd0c9f8b4534b5b001a1a2b21976bb91a71bc;0x735a99b9;0x735a99b9L;0.500000;1503141617;1503141617
1;96;8048;0xd4c4d593272fb1723fa0aa1d73dcfc193eb39215c1d101d2cc5de9bebc848490;0x18ee51261eda03fb333006b3793cd0c9f8b4534b5b001a1a2b21976bb91a71bc;0x735a99b9;0x735a99b9L;0.500000;1503141617;1503141617
1;96;8048;0xd4c4d593272fb1723fa0aa1d73dcfc193eb39215c1d101d2cc5de9bebc848490;0x18ee51261eda03fb333006b3793cd0c9f8b4534b5b001a1a2b21976bb91a71bc;0x735a99b9;0x735a99b9L;0.500000;1503141617;1503141617
1;96;8048;0xd4c4d593272fb1723fa0aa1d73dcfc193eb39215c1d101d2cc5de9bebc848490;0x18ee51261eda03fb333006b3793cd0c9f8b4534b5b001a1a2b21976bb91a71bc;0x735a99b9;0x735a99b9L;0.500000;1503141617;1503141618
0;96;8048;0x05dcfb5388bac4a332f799d61030bfe14950d359d4715aecca97384adf9ab8e5;0xbc3626d4103716c8d6b5ad38073a9728e90a7c0e3e5278a1c01b7b96dafcf0c0;0x84e1abb3;0x321c42dbL;0.500000;1503141618;1503141618
0;96;8048;0x05dcfb5388bac4a332f799d61030bfe14950d359d4715aecca97384adf9ab8e5;0xbc3626d4103716c8d6b5ad38073a9728e90a7c0e3e5278a1c01b7b96dafcf0c0;0x84e1abb3;0x321c42dbL;0.500000;1503141618;1503141618
0;96;8048;0x05dcfb5388bac4a332f799d61030bfe14950d359d4715aecca97384adf9ab8e5;0xbc3626d4103716c8d6b5ad38073a9728e90a7c0e3e5278a1c01b7b96dafcf0c0;0x84e1abb3;0x321c42dbL;0.500000;1503141618;1503141618
0;96;8048;0x05dcfb5388bac4a332f799d61030bfe14950d359d4715aecca97384adf9ab8e5;0xbc3626d4103716c8d6b5ad38073a9728e90a7c0e3e5278a1c01b7b96dafcf0c0;0x84e1abb3;0x321c42dbL;0.500000;1503141618;1503141619
1;96;8048;0x3280d3d1a8c4e721e235abe3276c3c8f6f10827ac4d45bee7df4fb8b2ce1ac5f;0x85d32b2855888454facfc40177523ba04a8c4d2e7e7b09c9fa9331fba5e878d3;0x3d53d9dc;0x3d53d9dcL;0.500000;1503141619;1503141619
1;96;8048;0x3280d3d1a8c4e721e235abe3276c3c8f6f10827ac4d45bee7df4fb8b2ce1ac5f;0x85d32b2855888454facfc40177523ba04a8c4d2e7e7b09c9fa9331fba5e878d3;0x3d53d9dc;0x3d53d9dcL;0.500000;1503141619;1503141619
1;96;8048;0x3280d3d1a8c4e721e235abe3276c3c8f6f10827ac4d45bee7df4fb8b2ce1ac5f;0x85d32b2855888454facfc40177523ba04a8c4d2e7e7b09c9fa9331fba5e878d3;0x3d53d9dc;0x3d53d9dcL;0.500000;1503141619;1503141619
