1;96;8048;0x41fecf7fa02989d715fc9f57c3f19f0b5d63b31194cca40737c178af2770d069;0x5ba3ea29bdce720578a8dd8398e90241d82afa3b91ab3f4fa2ae466fff3f4392;0xb1de64d4;0xb1de64d4L;0.500000;1503089667;1503089667
1;96;8048;0x41fecf7fa02989d715fc9f57c3f19f0b5d63b31194cca40737c178af2770d069;0x5ba3ea29bdce720578a8dd8398e90241d82afa3b91ab3f4fa2ae466fff3f4392;0xb1de64d4;0xb1de64d4L;0.500000;1503089667;1503089667
1;96;8048;0x41fecf7fa02989d715fc9f57c3f19f0b5d63b31194cca40737c178af2770d069;0x5ba3ea29bdce720578a8dd8398e90241d82afa3b91ab3f4fa2ae466fff3f4392;0xb1de64d4;0xb1de64d4L;0.500000;1503089667;1503089667
1;96;8048;0x41fecf7fa02989d715fc9f57c3f19f0b5d63b31194cca40737c178af2770d069;0x5ba3ea29bdce720578a8dd8398e90241d82afa3b91ab3f4fa2ae466fff3f4392;0xb1de64d4;0xb1de64d4L;0.500000;1503089667;1503089668
0;96;8048;0x9636e9415c52d8cdd9f79f99bb07950639852a2b620e1e198c88af27bfa95d55;0x52056d194919764b8669a0b4e14b3293ef11e0257f3cd4847c45e4d7d8607e2f;0xb63129e8;0x977c5c7bL;0.500000;1503089668;1503089668
0;96;8048;0x9636e9415c52d8cdd9f79f99bb07950639852a2b620e1e198c88af27bfa95d55;0x52056d194919764b8669a0b4e14b3293ef11e0257f3cd4847c45e4d7d8607e2f;0xb63129e8;0x977c5c7bL;0.500000;1503089668;1503089668
0;96;8048;0x9636e9415c52d8cdd9f79f99bb07950639852a2b620e1e198c88af27bfa95d55;0x52056d194919764b8669a0b4e14b3293ef11e0257f3cd4847c45e4d7d8607e2f;0xb63129e8;0x977c5c7bL;0.500000;1503089668;1503089668
0;96;8048;0x9636e9415c52d8cdd9f79f99bb07950639852a2b620e1e198c88af27bfa95d55;0x52056d194919764b8669a0b4e14b3293ef11e0257f3cd4847c45e4d7d8607e2f;0xb63129e8;0x977c5c7bL;0.500000;1503089669;1503089669
0;96;8048;0xdf076c2b5e086466971e62191859fd1cf23890de852d30b85a4919fe810ddd61;0xc987c43e71457879fd037dee765e7e2030fd8ae4a4e8ebd296f0bece392782a7;0xd51b0c8b;0x87eaae45L;0.500000;1503089669;1503089669
0;96;8048;0xdf076c2b5e086466971e62191859fd1cf23890de852d30b85a4919fe810ddd61;0xc987c43e71457879fd037dee765e7e2030fd8ae4a4e8ebd296f0bece392782a7;0xd51b0c8b;0x87eaae45L;0.500000;1503089669;1503089669
0;96;8048;0xdf076c2b5e086466971e62191859fd1cf23890de852d30b85a4919fe810ddd61;0xc987c43e71457879fd037dee765e7e2030fd8ae4a4e8ebd296f0bece392782a7;0xd51b0c8b;0x87eaae45L;0.500000;1503089669;1503089670
0;96;8048;0xc5c4e4b230e5b21830218af1eaa3023251b6c3a6338b7cb82d23d20f46b1d70b;0xbc0ec2b9db1d2dd5acb3598922757695a10fabc8b410d410859622d75d3d72eb;0x209e1da4;0x209e0da4L;0.500000;1503089670;1503089670
0;96;8048;0xc5c4e4b230e5b21830218af1eaa3023251b6c3a6338b7cb82d23d20f46b1d70b;0xbc0ec2b9db1d2dd5acb3598922757695a10fabc8b410d410859622d75d3d72eb;0x209e1da4;0x209e0da4L;0.500000;1503089670;1503089670
0;96;8048;0xc5c4e4b230e5b21830218af1eaa3023251b6c3a6338b7cb82d23d20f46b1d70b;0xbc0ec2b9db1d2dd5acb3598922757695a10fabc8b410d410859622d75d3d72eb;0x209e1da4;0x209e0da4L;0.500000;1503089670;1503089671
1;96;8048;0x04434695b89986b1810840cfd1a3c61361b055011c0835b0fb96c4175835965d;0xc26e0c7955a63a34d442414396e97e1f3142933f402ea6d3784bf7bbe4bf62be;0xa9c0366f;0xa9c0366fL;0.500000;1503089671;1503089671
1;96;8048;0x04434695b89986b1810840cfd1a3c61361b055011c0835b0fb96c4175835965d;0xc26e0c7955a63a34d442414396e97e1f3142933f402ea6d3784bf7bbe4bf62be;0xa9c0366f;0xa9c0366fL;0.500000;1503089671;1503089671
1;96;8048;0x04434695b89986b1810840cfd1a3c61361b055011c0835b0fb96c4175835965d;0xc26e0c7955a63a34d442414396e97e1f3142933f402ea6d3784bf7bbe4bf62be;0xa9c0366f;0xa9c0366fL;0.500000;1503089671;1503089672
1;96;8048;0x3438e9e86a9027d180d1ba587c4b893a91c87bdefd1823135919c3c0047d5538;0x3a78ecac3b6d6207085e5e11ae0a7158a0f748a2ba1cec8220ee23ffc0a9812e;0x88c3af40;0x88c3af40L;0.500000;1503089672;1503089672
1;96;8048;0x3438e9e86a9027d180d1ba587c4b893a91c87bdefd1823135919c3c0047d5538;0x3a78ecac3b6d6207085e5e11ae0a7158a0f748a2ba1cec8220ee23ffc0a9812e;0x88c3af40;0x88c3af40L;0.500000;1503089672;1503089672
1;96;8048;0x3438e9e86a9027d180d1ba587c4b893a91c87bdefd1823135919c3c0047d5538;0x3a78ecac3b6d6207085e5e11ae0a7158a0f748a2ba1cec8220ee23ffc0a9812e;0x88c3af40;0x88c3af40L;0.500000;1503089672;1503089673
