1;96;8048;0x84e008bd53e5c7a0db0f2885702fdee51fe0b7e25d96a68ce98a0450669399ea;0x93ea63e1bdbced5d5c5bd0f0d5e1e4587bbb7ac934a4a23e13066e5e96a7cf3b;0xab53232a;0xab53232aL;0.500000;1503132415;1503132416
0;96;8048;0x26960ce161e49a45176ed3b2e9a939b08467577fc74cec546242fbf50c5b2233;0xf63424075d6cdb7b8dea3f83736e8f09dc563841204fc2f387c00db45b24548d;0xc5cb7ce2;0x87eaae45L;0.500000;1503132416;1503132416
0;96;8048;0x26960ce161e49a45176ed3b2e9a939b08467577fc74cec546242fbf50c5b2233;0xf63424075d6cdb7b8dea3f83736e8f09dc563841204fc2f387c00db45b24548d;0xc5cb7ce2;0x87eaae45L;0.500000;1503132416;1503132416
0;96;8048;0x26960ce161e49a45176ed3b2e9a939b08467577fc74cec546242fbf50c5b2233;0xf63424075d6cdb7b8dea3f83736e8f09dc563841204fc2f387c00db45b24548d;0xc5cb7ce2;0x87eaae45L;0.500000;1503132416;1503132416
0;96;8048;0x26960ce161e49a45176ed3b2e9a939b08467577fc74cec546242fbf50c5b2233;0xf63424075d6cdb7b8dea3f83736e8f09dc563841204fc2f387c00db45b24548d;0xc5cb7ce2;0x87eaae45L;0.500000;1503132416;1503132417
0;96;8048;0x08ce192a4c64919722531298e2afe6e56b5f2343e348c81b350e5917092c3011;0x423b678d1a0f762ce810329d4887bf30883ecd9c6730e6900fdeb6741028514e;0x397aaa81;0x397aac81L;0.500000;1503132417;1503132417
0;96;8048;0x08ce192a4c64919722531298e2afe6e56b5f2343e348c81b350e5917092c3011;0x423b678d1a0f762ce810329d4887bf30883ecd9c6730e6900fdeb6741028514e;0x397aaa81;0x397aac81L;0.500000;1503132417;1503132417
0;96;8048;0x08ce192a4c64919722531298e2afe6e56b5f2343e348c81b350e5917092c3011;0x423b678d1a0f762ce810329d4887bf30883ecd9c6730e6900fdeb6741028514e;0x397aaa81;0x397aac81L;0.500000;1503132417;1503132417
0;96;8048;0x08ce192a4c64919722531298e2afe6e56b5f2343e348c81b350e5917092c3011;0x423b678d1a0f762ce810329d4887bf30883ecd9c6730e6900fdeb6741028514e;0x397aaa81;0x397aac81L;0.500000;1503132417;1503132417
0;96;8048;0x08ce192a4c64919722531298e2afe6e56b5f2343e348c81b350e5917092c3011;0x423b678d1a0f762ce810329d4887bf30883ecd9c6730e6900fdeb6741028514e;0x397aaa81;0x397aac81L;0.500000;1503132418;1503132418
1;96;8048;0xbf78ffc9bf0c9a75d34d2350c011d5491fe1c304a335fd6e1b267abcecba2dac;0x2962ae9073dbbdbd1d80a5fcf2780807d84667350f3bd614a5c61c5e66597777;0xe94f9129;0xe94f9129L;0.500000;1503132418;1503132418
1;96;8048;0xbf78ffc9bf0c9a75d34d2350c011d5491fe1c304a335fd6e1b267abcecba2dac;0x2962ae9073dbbdbd1d80a5fcf2780807d84667350f3bd614a5c61c5e66597777;0xe94f9129;0xe94f9129L;0.500000;1503132418;1503132418
1;96;8048;0xbf78ffc9bf0c9a75d34d2350c011d5491fe1c304a335fd6e1b267abcecba2dac;0x2962ae9073dbbdbd1d80a5fcf2780807d84667350f3bd614a5c61c5e66597777;0xe94f9129;0xe94f9129L;0.500000;1503132418;1503132418
1;96;8048;0xbf78ffc9bf0c9a75d34d2350c011d5491fe1c304a335fd6e1b267abcecba2dac;0x2962ae9073dbbdbd1d80a5fcf2780807d84667350f3bd614a5c61c5e66597777;0xe94f9129;0xe94f9129L;0.500000;1503132418;1503132419
1;96;8048;0xe3ad24e04fbba117037b38a2651520e0694c2478076c2ee2180154cf5195b734;0x5ea228c4fad0a9fe125e3b92f9fd1504575ce369cb7968d20c675bbfff917d09;0xf39d5231;0xf39d5231L;0.500000;1503132419;1503132419
1;96;8048;0xe3ad24e04fbba117037b38a2651520e0694c2478076c2ee2180154cf5195b734;0x5ea228c4fad0a9fe125e3b92f9fd1504575ce369cb7968d20c675bbfff917d09;0xf39d5231;0xf39d5231L;0.500000;1503132419;1503132419
1;96;8048;0xe3ad24e04fbba117037b38a2651520e0694c2478076c2ee2180154cf5195b734;0x5ea228c4fad0a9fe125e3b92f9fd1504575ce369cb7968d20c675bbfff917d09;0xf39d5231;0xf39d5231L;0.500000;1503132419;1503132419
1;96;8048;0xe3ad24e04fbba117037b38a2651520e0694c2478076c2ee2180154cf5195b734;0x5ea228c4fad0a9fe125e3b92f9fd1504575ce369cb7968d20c675bbfff917d09;0xf39d5231;0xf39d5231L;0.500000;1503132419;1503132420
1;96;8048;0x7e80bd944e1503f40dffd54edafe8aef52544ac5b063b4af9c917e9f0098f57e;0xb0a47ef1db48fc208a9ad61dd28db9c820883d3f1d83b09e9c79994d33a91f8d;0x329dade6;0x329dade6L;0.500000;1503132420;1503132420
1;96;8048;0x7e80bd944e1503f40dffd54edafe8aef52544ac5b063b4af9c917e9f0098f57e;0xb0a47ef1db48fc208a9ad61dd28db9c820883d3f1d83b09e9c79994d33a91f8d;0x329dade6;0x329dade6L;0.500000;1503132420;1503132420
