1;96;8048;0x67cc570ba1c75af7a2bfa7d7b5ffb38b8ba6120b96bfd4e5c08d597f1327d07a;0x2ef27bfe882f711db06078c167cc5245cd7a1480e6bf200362918d34463f4a0e;0x9dab0a50;0x9dab0a50L;0.500000;1503110705;1503110705
1;96;8048;0x67cc570ba1c75af7a2bfa7d7b5ffb38b8ba6120b96bfd4e5c08d597f1327d07a;0x2ef27bfe882f711db06078c167cc5245cd7a1480e6bf200362918d34463f4a0e;0x9dab0a50;0x9dab0a50L;0.500000;1503110705;1503110706
1;96;8048;0x29c593e8afbb5d8803a0109f5d4cc48a62b88188a297c370d6921275ff91a828;0x088a52bfbd9e58bded0b95639ddf0741f483286db9316247c0ec89b243aeb9b3;0x329f3560;0x329f3560L;0.500000;1503110706;1503110706
1;96;8048;0x29c593e8afbb5d8803a0109f5d4cc48a62b88188a297c370d6921275ff91a828;0x088a52bfbd9e58bded0b95639ddf0741f483286db9316247c0ec89b243aeb9b3;0x329f3560;0x329f3560L;0.500000;1503110706;1503110706
1;96;8048;0x29c593e8afbb5d8803a0109f5d4cc48a62b88188a297c370d6921275ff91a828;0x088a52bfbd9e58bded0b95639ddf0741f483286db9316247c0ec89b243aeb9b3;0x329f3560;0x329f3560L;0.500000;1503110706;1503110706
1;96;8048;0x29c593e8afbb5d8803a0109f5d4cc48a62b88188a297c370d6921275ff91a828;0x088a52bfbd9e58bded0b95639ddf0741f483286db9316247c0ec89b243aeb9b3;0x329f3560;0x329f3560L;0.500000;1503110706;1503110707
0;96;8048;0xf9d4f0d48e5d0af7f2de6b56d798a8036cdced1f211e1285f93671d30b9c4704;0xcf08133fedbb2bfc09ee1f9b2c5a497623c4c5982470d8a7cd8a1fbdff592439;0x6017d615;0x8c721f8bL;0.500000;1503110707;1503110707
0;96;8048;0xf9d4f0d48e5d0af7f2de6b56d798a8036cdced1f211e1285f93671d30b9c4704;0xcf08133fedbb2bfc09ee1f9b2c5a497623c4c5982470d8a7cd8a1fbdff592439;0x6017d615;0x8c721f8bL;0.500000;1503110707;1503110707
0;96;8048;0xf9d4f0d48e5d0af7f2de6b56d798a8036cdced1f211e1285f93671d30b9c4704;0xcf08133fedbb2bfc09ee1f9b2c5a497623c4c5982470d8a7cd8a1fbdff592439;0x6017d615;0x8c721f8bL;0.500000;1503110707;1503110707
0;96;8048;0xf9d4f0d48e5d0af7f2de6b56d798a8036cdced1f211e1285f93671d30b9c4704;0xcf08133fedbb2bfc09ee1f9b2c5a497623c4c5982470d8a7cd8a1fbdff592439;0x6017d615;0x8c721f8bL;0.500000;1503110707;1503110708
1;96;8048;0x096346dc54dbf2437e12db3438bd92c51bc71c32df9c160a38af2dc7ea195ff3;0x5177b5d37348aba8468e7e1e433efd87a9d9b8c3368bbefa37a15668b2e5447f;0x2627af01;0x2627af01L;0.500000;1503110708;1503110708
1;96;8048;0x096346dc54dbf2437e12db3438bd92c51bc71c32df9c160a38af2dc7ea195ff3;0x5177b5d37348aba8468e7e1e433efd87a9d9b8c3368bbefa37a15668b2e5447f;0x2627af01;0x2627af01L;0.500000;1503110708;1503110708
1;96;8048;0x096346dc54dbf2437e12db3438bd92c51bc71c32df9c160a38af2dc7ea195ff3;0x5177b5d37348aba8468e7e1e433efd87a9d9b8c3368bbefa37a15668b2e5447f;0x2627af01;0x2627af01L;0.500000;1503110708;1503110708
1;96;8048;0x096346dc54dbf2437e12db3438bd92c51bc71c32df9c160a38af2dc7ea195ff3;0x5177b5d37348aba8468e7e1e433efd87a9d9b8c3368bbefa37a15668b2e5447f;0x2627af01;0x2627af01L;0.500000;1503110708;1503110708
1;96;8048;0x096346dc54dbf2437e12db3438bd92c51bc71c32df9c160a38af2dc7ea195ff3;0x5177b5d37348aba8468e7e1e433efd87a9d9b8c3368bbefa37a15668b2e5447f;0x2627af01;0x2627af01L;0.500000;1503110708;1503110709
1;96;8048;0xa7fd3e58fd1299af391459ac9782b07304ab1ff0e6ba67080ca2b181359211dc;0x41e99c627ea71e7af623ea315afd4951c0fcbaef2887a04832de45ac6c3782a1;0x7def321d;0x7def321dL;0.500000;1503110709;1503110709
1;96;8048;0xa7fd3e58fd1299af391459ac9782b07304ab1ff0e6ba67080ca2b181359211dc;0x41e99c627ea71e7af623ea315afd4951c0fcbaef2887a04832de45ac6c3782a1;0x7def321d;0x7def321dL;0.500000;1503110709;1503110709
1;96;8048;0xa7fd3e58fd1299af391459ac9782b07304ab1ff0e6ba67080ca2b181359211dc;0x41e99c627ea71e7af623ea315afd4951c0fcbaef2887a04832de45ac6c3782a1;0x7def321d;0x7def321dL;0.500000;1503110709;1503110709
1;96;8048;0xa7fd3e58fd1299af391459ac9782b07304ab1ff0e6ba67080ca2b181359211dc;0x41e99c627ea71e7af623ea315afd4951c0fcbaef2887a04832de45ac6c3782a1;0x7def321d;0x7def321dL;0.500000;1503110709;1503110710
1;96;8048;0x6e610533cd9b937d0dbb3390091d86e474ef5be8592938673b25e398af77681d;0x72e12fda28ac255ceb7ccaa450584ebc5894502d8275492fd5c3466aa608421a;0x68cb0d87;0x68cb0d87L;0.500000;1503110710;1503110710
