1;96;8048;0xb046d1fa029df8ec1b5509750f82819a80fc71ac6a8b76d699526a61a30c1953;0x6bb5f9cae37a22c91751c4cd61b03d66f942f57a60ee22a4043697d8d3a85719;0x60694848;0x60694848L;0.500000;1503133748;1503133748
1;96;8048;0xb046d1fa029df8ec1b5509750f82819a80fc71ac6a8b76d699526a61a30c1953;0x6bb5f9cae37a22c91751c4cd61b03d66f942f57a60ee22a4043697d8d3a85719;0x60694848;0x60694848L;0.500000;1503133748;1503133748
1;96;8048;0xb046d1fa029df8ec1b5509750f82819a80fc71ac6a8b76d699526a61a30c1953;0x6bb5f9cae37a22c91751c4cd61b03d66f942f57a60ee22a4043697d8d3a85719;0x60694848;0x60694848L;0.500000;1503133748;1503133748
1;96;8048;0xb046d1fa029df8ec1b5509750f82819a80fc71ac6a8b76d699526a61a30c1953;0x6bb5f9cae37a22c91751c4cd61b03d66f942f57a60ee22a4043697d8d3a85719;0x60694848;0x60694848L;0.500000;1503133748;1503133748
1;96;8048;0xb046d1fa029df8ec1b5509750f82819a80fc71ac6a8b76d699526a61a30c1953;0x6bb5f9cae37a22c91751c4cd61b03d66f942f57a60ee22a4043697d8d3a85719;0x60694848;0x60694848L;0.500000;1503133748;1503133749
1;96;8048;0xc4e1ead003336dc48b2f9bdef8b7597d4dab3d4c21d4cd27890ccf331c9e8de0;0x7681cea6a848e09eced6be8ac2e5936fab8ab78969dcc6395a05e058d22e8c7f;0xa10721cd;0xa10721cdL;0.500000;1503133749;1503133749
1;96;8048;0xc4e1ead003336dc48b2f9bdef8b7597d4dab3d4c21d4cd27890ccf331c9e8de0;0x7681cea6a848e09eced6be8ac2e5936fab8ab78969dcc6395a05e058d22e8c7f;0xa10721cd;0xa10721cdL;0.500000;1503133749;1503133749
1;96;8048;0xc4e1ead003336dc48b2f9bdef8b7597d4dab3d4c21d4cd27890ccf331c9e8de0;0x7681cea6a848e09eced6be8ac2e5936fab8ab78969dcc6395a05e058d22e8c7f;0xa10721cd;0xa10721cdL;0.500000;1503133749;1503133749
1;96;8048;0xc4e1ead003336dc48b2f9bdef8b7597d4dab3d4c21d4cd27890ccf331c9e8de0;0x7681cea6a848e09eced6be8ac2e5936fab8ab78969dcc6395a05e058d22e8c7f;0xa10721cd;0xa10721cdL;0.500000;1503133749;1503133750
1;96;8048;0x728f6fc09df2011b525a4b5ce453613c85825c70a006d96f6a078ae8c7ecda39;0x9c225ffba0286c94d145dcf468cbe899de1481a1b6716fd00d9ffcec800ce945;0x1335d722;0x1335d722L;0.500000;1503133750;1503133750
1;96;8048;0x728f6fc09df2011b525a4b5ce453613c85825c70a006d96f6a078ae8c7ecda39;0x9c225ffba0286c94d145dcf468cbe899de1481a1b6716fd00d9ffcec800ce945;0x1335d722;0x1335d722L;0.500000;1503133750;1503133750
1;96;8048;0x728f6fc09df2011b525a4b5ce453613c85825c70a006d96f6a078ae8c7ecda39;0x9c225ffba0286c94d145dcf468cbe899de1481a1b6716fd00d9ffcec800ce945;0x1335d722;0x1335d722L;0.500000;1503133750;1503133750
1;96;8048;0x728f6fc09df2011b525a4b5ce453613c85825c70a006d96f6a078ae8c7ecda39;0x9c225ffba0286c94d145dcf468cbe899de1481a1b6716fd00d9ffcec800ce945;0x1335d722;0x1335d722L;0.500000;1503133750;1503133751
1;96;8048;0x074662d8b3fc7ac9792c9164f5c3751ed25c97d187f198d7b054d002a87473af;0x01d92440df13bdb903d5013a4a99412fc7d163a47bb0315389af069fe9aeafdb;0x872d724f;0x872d724fL;0.500000;1503133751;1503133751
1;96;8048;0x074662d8b3fc7ac9792c9164f5c3751ed25c97d187f198d7b054d002a87473af;0x01d92440df13bdb903d5013a4a99412fc7d163a47bb0315389af069fe9aeafdb;0x872d724f;0x872d724fL;0.500000;1503133751;1503133751
1;96;8048;0x074662d8b3fc7ac9792c9164f5c3751ed25c97d187f198d7b054d002a87473af;0x01d92440df13bdb903d5013a4a99412fc7d163a47bb0315389af069fe9aeafdb;0x872d724f;0x872d724fL;0.500000;1503133751;1503133751
1;96;8048;0x074662d8b3fc7ac9792c9164f5c3751ed25c97d187f198d7b054d002a87473af;0x01d92440df13bdb903d5013a4a99412fc7d163a47bb0315389af069fe9aeafdb;0x872d724f;0x872d724fL;0.500000;1503133751;1503133751
1;96;8048;0x074662d8b3fc7ac9792c9164f5c3751ed25c97d187f198d7b054d002a87473af;0x01d92440df13bdb903d5013a4a99412fc7d163a47bb0315389af069fe9aeafdb;0x872d724f;0x872d724fL;0.500000;1503133752;1503133752
0;96;8048;0x7d9bc7ae28c1e781f6ae4995873ebf5c1d27a3fe402d67f50cd4bc394d8033cb;0xd7a4d30f6b3e8df835d2e7f6c02c0d467015931a42c8d389078a405416a5f531;0xa102d1db;0xa102f1dbL;0.500000;1503133752;1503133752
0;96;8048;0x7d9bc7ae28c1e781f6ae4995873ebf5c1d27a3fe402d67f50cd4bc394d8033cb;0xd7a4d30f6b3e8df835d2e7f6c02c0d467015931a42c8d389078a405416a5f531;0xa102d1db;0xa102f1dbL;0.500000;1503133752;1503133752
