0;96;8048;0x2bac1dd08dd600c958d432d6e25bc0c7974154355d941bcd043c2249110f7f3c;0xa8b71fe27e70c9c0cc5eeee77a88762855f34181923a73420d137665999eb890;0xc1391350;0x3bc18978L;0.500000;1503093535;1503093536
1;96;8048;0x36753f94da36c28c4b353ed1f266454e7a373cdc51e52f9527729e7ff6e2e42c;0xe2689e23e068f26a5ba0cf54e5237b48201f4d9ffbd8fcbb54156807acae6de8;0x2413bb6a;0x2413bb6aL;0.500000;1503093536;1503093536
1;96;8048;0x36753f94da36c28c4b353ed1f266454e7a373cdc51e52f9527729e7ff6e2e42c;0xe2689e23e068f26a5ba0cf54e5237b48201f4d9ffbd8fcbb54156807acae6de8;0x2413bb6a;0x2413bb6aL;0.500000;1503093536;1503093536
1;96;8048;0x36753f94da36c28c4b353ed1f266454e7a373cdc51e52f9527729e7ff6e2e42c;0xe2689e23e068f26a5ba0cf54e5237b48201f4d9ffbd8fcbb54156807acae6de8;0x2413bb6a;0x2413bb6aL;0.500000;1503093536;1503093536
1;96;8048;0x36753f94da36c28c4b353ed1f266454e7a373cdc51e52f9527729e7ff6e2e42c;0xe2689e23e068f26a5ba0cf54e5237b48201f4d9ffbd8fcbb54156807acae6de8;0x2413bb6a;0x2413bb6aL;0.500000;1503093536;1503093537
0;96;8048;0xc1815648122bbf3b976471a09994359d3e16c534bda5045e122ccb90af821570;0x912eaee4c15f93dbdb38f6387bc94c6b75a86f5d9d7c710f0b51b0e7f48c5125;0xa0e02c76;0xa0dfadf6L;0.500000;1503093537;1503093537
0;96;8048;0xc1815648122bbf3b976471a09994359d3e16c534bda5045e122ccb90af821570;0x912eaee4c15f93dbdb38f6387bc94c6b75a86f5d9d7c710f0b51b0e7f48c5125;0xa0e02c76;0xa0dfadf6L;0.500000;1503093537;1503093537
0;96;8048;0xc1815648122bbf3b976471a09994359d3e16c534bda5045e122ccb90af821570;0x912eaee4c15f93dbdb38f6387bc94c6b75a86f5d9d7c710f0b51b0e7f48c5125;0xa0e02c76;0xa0dfadf6L;0.500000;1503093537;1503093537
0;96;8048;0xc1815648122bbf3b976471a09994359d3e16c534bda5045e122ccb90af821570;0x912eaee4c15f93dbdb38f6387bc94c6b75a86f5d9d7c710f0b51b0e7f48c5125;0xa0e02c76;0xa0dfadf6L;0.500000;1503093537;1503093538
1;96;8048;0x569aa70a2c6702a8d6ec3b2c9239a7ce9a0104e85f7a242d8e3719dca7fcdafd;0x98e9bbf43107b7efd0aa39815e0efc3bbb1d45da871fd761fbb624546940c48e;0xcea4554c;0xcea4554cL;0.500000;1503093538;1503093538
1;96;8048;0x569aa70a2c6702a8d6ec3b2c9239a7ce9a0104e85f7a242d8e3719dca7fcdafd;0x98e9bbf43107b7efd0aa39815e0efc3bbb1d45da871fd761fbb624546940c48e;0xcea4554c;0xcea4554cL;0.500000;1503093538;1503093538
1;96;8048;0x569aa70a2c6702a8d6ec3b2c9239a7ce9a0104e85f7a242d8e3719dca7fcdafd;0x98e9bbf43107b7efd0aa39815e0efc3bbb1d45da871fd761fbb624546940c48e;0xcea4554c;0xcea4554cL;0.500000;1503093538;1503093538
1;96;8048;0x569aa70a2c6702a8d6ec3b2c9239a7ce9a0104e85f7a242d8e3719dca7fcdafd;0x98e9bbf43107b7efd0aa39815e0efc3bbb1d45da871fd761fbb624546940c48e;0xcea4554c;0xcea4554cL;0.500000;1503093538;1503093538
1;96;8048;0x569aa70a2c6702a8d6ec3b2c9239a7ce9a0104e85f7a242d8e3719dca7fcdafd;0x98e9bbf43107b7efd0aa39815e0efc3bbb1d45da871fd761fbb624546940c48e;0xcea4554c;0xcea4554cL;0.500000;1503093539;1503093539
1;96;8048;0x051c2e3ec6e175dc30ee9a496440edc751ad54103e3e1179613faf14972ae49c;0x8ae92a3292567d6f7c90ecc58ebaa0e8d28a8c581cb2180387e631b356612c23;0x5be7ec67;0x5be7ec67L;0.500000;1503093539;1503093539
1;96;8048;0x051c2e3ec6e175dc30ee9a496440edc751ad54103e3e1179613faf14972ae49c;0x8ae92a3292567d6f7c90ecc58ebaa0e8d28a8c581cb2180387e631b356612c23;0x5be7ec67;0x5be7ec67L;0.500000;1503093539;1503093539
1;96;8048;0x051c2e3ec6e175dc30ee9a496440edc751ad54103e3e1179613faf14972ae49c;0x8ae92a3292567d6f7c90ecc58ebaa0e8d28a8c581cb2180387e631b356612c23;0x5be7ec67;0x5be7ec67L;0.500000;1503093539;1503093539
1;96;8048;0x051c2e3ec6e175dc30ee9a496440edc751ad54103e3e1179613faf14972ae49c;0x8ae92a3292567d6f7c90ecc58ebaa0e8d28a8c581cb2180387e631b356612c23;0x5be7ec67;0x5be7ec67L;0.500000;1503093539;1503093540
1;96;8048;0xa3943b27f485b3c85ff8b205a0532920c762e7afbec3962f22c59d6b4bd494ee;0x005ed0f30767bed9378c7d0158dfe85269f7cca91ba8cbe9374c5f263c6bbd3e;0x6a0b7e04;0x6a0b7e04L;0.500000;1503093540;1503093540
1;96;8048;0xa3943b27f485b3c85ff8b205a0532920c762e7afbec3962f22c59d6b4bd494ee;0x005ed0f30767bed9378c7d0158dfe85269f7cca91ba8cbe9374c5f263c6bbd3e;0x6a0b7e04;0x6a0b7e04L;0.500000;1503093540;1503093540
