1;96;8048;0x0745c6e25996e1669a1aee2627b8cad132e302e3a2b21399da3506b7f5667dfc;0xf0685cdfabab3e9f5ce1294a88bcfc8d6eec8890bf4dff35478ea392ffba49b5;0x97854be3;0x97854be3L;0.500000;1503135060;1503135060
1;96;8048;0x0745c6e25996e1669a1aee2627b8cad132e302e3a2b21399da3506b7f5667dfc;0xf0685cdfabab3e9f5ce1294a88bcfc8d6eec8890bf4dff35478ea392ffba49b5;0x97854be3;0x97854be3L;0.500000;1503135060;1503135060
1;96;8048;0x0745c6e25996e1669a1aee2627b8cad132e302e3a2b21399da3506b7f5667dfc;0xf0685cdfabab3e9f5ce1294a88bcfc8d6eec8890bf4dff35478ea392ffba49b5;0x97854be3;0x97854be3L;0.500000;1503135061;1503135061
1;96;8048;0x676eb0b98a355abb68f64b87970903f424796caa382b5c3d08dcdeb745804dad;0x06ff674882ba3773ef17ea96b1bdb4da35070a709768924874d6d35a361542cc;0xdbc7ca80;0xdbc7ca80L;0.500000;1503135061;1503135061
1;96;8048;0x676eb0b98a355abb68f64b87970903f424796caa382b5c3d08dcdeb745804dad;0x06ff674882ba3773ef17ea96b1bdb4da35070a709768924874d6d35a361542cc;0xdbc7ca80;0xdbc7ca80L;0.500000;1503135061;1503135061
1;96;8048;0x676eb0b98a355abb68f64b87970903f424796caa382b5c3d08dcdeb745804dad;0x06ff674882ba3773ef17ea96b1bdb4da35070a709768924874d6d35a361542cc;0xdbc7ca80;0xdbc7ca80L;0.500000;1503135061;1503135061
1;96;8048;0x676eb0b98a355abb68f64b87970903f424796caa382b5c3d08dcdeb745804dad;0x06ff674882ba3773ef17ea96b1bdb4da35070a709768924874d6d35a361542cc;0xdbc7ca80;0xdbc7ca80L;0.500000;1503135061;1503135062
1;96;8048;0xa279ce33b39dd35cf43eb91cc973d306922080ccaa803287150215ee50bac0f2;0x130a294945ca6621886a9249365b2e32a9825930f35e682c27c06359b94afa37;0xc8b735b3;0xc8b735b3L;0.500000;1503135062;1503135062
1;96;8048;0xa279ce33b39dd35cf43eb91cc973d306922080ccaa803287150215ee50bac0f2;0x130a294945ca6621886a9249365b2e32a9825930f35e682c27c06359b94afa37;0xc8b735b3;0xc8b735b3L;0.500000;1503135062;1503135062
1;96;8048;0xa279ce33b39dd35cf43eb91cc973d306922080ccaa803287150215ee50bac0f2;0x130a294945ca6621886a9249365b2e32a9825930f35e682c27c06359b94afa37;0xc8b735b3;0xc8b735b3L;0.500000;1503135062;1503135062
1;96;8048;0xa279ce33b39dd35cf43eb91cc973d306922080ccaa803287150215ee50bac0f2;0x130a294945ca6621886a9249365b2e32a9825930f35e682c27c06359b94afa37;0xc8b735b3;0xc8b735b3L;0.500000;1503135062;1503135063
1;96;8048;0xa20a3fe98e6dfca0066a1009ffe1910fde3e934c317dd7056f02d64528643aca;0x9401b82c0ad19f19db349a822325d7392e7dbe7211b523309a9e56e294b28762;0xa0171a03;0xa0171a03L;0.500000;1503135063;1503135063
1;96;8048;0xa20a3fe98e6dfca0066a1009ffe1910fde3e934c317dd7056f02d64528643aca;0x9401b82c0ad19f19db349a822325d7392e7dbe7211b523309a9e56e294b28762;0xa0171a03;0xa0171a03L;0.500000;1503135063;1503135063
1;96;8048;0xa20a3fe98e6dfca0066a1009ffe1910fde3e934c317dd7056f02d64528643aca;0x9401b82c0ad19f19db349a822325d7392e7dbe7211b523309a9e56e294b28762;0xa0171a03;0xa0171a03L;0.500000;1503135063;1503135063
1;96;8048;0xa20a3fe98e6dfca0066a1009ffe1910fde3e934c317dd7056f02d64528643aca;0x9401b82c0ad19f19db349a822325d7392e7dbe7211b523309a9e56e294b28762;0xa0171a03;0xa0171a03L;0.500000;1503135063;1503135063
1;96;8048;0xa20a3fe98e6dfca0066a1009ffe1910fde3e934c317dd7056f02d64528643aca;0x9401b82c0ad19f19db349a822325d7392e7dbe7211b523309a9e56e294b28762;0xa0171a03;0xa0171a03L;0.500000;1503135063;1503135064
1;96;8048;0xc0567bc8a4c4d67d46350c2ce3f2c236c17c88206af4645b5667cadfbcb93e7c;0x145282ef555c6321b1dfa09db1430b07c7ab4562d8affd870ac2786580431857;0x7e9dae14;0x7e9dae14L;0.500000;1503135064;1503135064
1;96;8048;0xc0567bc8a4c4d67d46350c2ce3f2c236c17c88206af4645b5667cadfbcb93e7c;0x145282ef555c6321b1dfa09db1430b07c7ab4562d8affd870ac2786580431857;0x7e9dae14;0x7e9dae14L;0.500000;1503135064;1503135064
1;96;8048;0xc0567bc8a4c4d67d46350c2ce3f2c236c17c88206af4645b5667cadfbcb93e7c;0x145282ef555c6321b1dfa09db1430b07c7ab4562d8affd870ac2786580431857;0x7e9dae14;0x7e9dae14L;0.500000;1503135064;1503135064
1;96;8048;0xc0567bc8a4c4d67d46350c2ce3f2c236c17c88206af4645b5667cadfbcb93e7c;0x145282ef555c6321b1dfa09db1430b07c7ab4562d8affd870ac2786580431857;0x7e9dae14;0x7e9dae14L;0.500000;1503135064;1503135065
