1;96;8048;0xd62ff1b3179c721b48c3cb49f5c73c22400cbe12950c0fcc82c94fa46c418042;0x225bc12ca0e75cb80ba6e1424c8c2887bb037c43f786da27f27dd7c826af6d12;0x63ddc478;0x63ddc478L;0.500000;1503117943;1503117943
1;96;8048;0xd62ff1b3179c721b48c3cb49f5c73c22400cbe12950c0fcc82c94fa46c418042;0x225bc12ca0e75cb80ba6e1424c8c2887bb037c43f786da27f27dd7c826af6d12;0x63ddc478;0x63ddc478L;0.500000;1503117943;1503117944
0;96;8048;0xda3a88d827a42928fc1ef1bd59312ecec28a56874b40c7c0263cd0c54bf78425;0xf65e539926c96d0a59bb6b614a2e5a8188367892b75435be078d6fdbff5a26ea;0x0ccf24c6;0x56fd7f47L;0.500000;1503117944;1503117944
0;96;8048;0xda3a88d827a42928fc1ef1bd59312ecec28a56874b40c7c0263cd0c54bf78425;0xf65e539926c96d0a59bb6b614a2e5a8188367892b75435be078d6fdbff5a26ea;0x0ccf24c6;0x56fd7f47L;0.500000;1503117944;1503117944
0;96;8048;0xda3a88d827a42928fc1ef1bd59312ecec28a56874b40c7c0263cd0c54bf78425;0xf65e539926c96d0a59bb6b614a2e5a8188367892b75435be078d6fdbff5a26ea;0x0ccf24c6;0x56fd7f47L;0.500000;1503117944;1503117944
0;96;8048;0xda3a88d827a42928fc1ef1bd59312ecec28a56874b40c7c0263cd0c54bf78425;0xf65e539926c96d0a59bb6b614a2e5a8188367892b75435be078d6fdbff5a26ea;0x0ccf24c6;0x56fd7f47L;0.500000;1503117944;1503117945
1;96;8048;0x1c6882d91e6d8c584dedf139f3574acb55a9db5ed8e1105cd1947385877294a4;0x4dd4a4f6bbd97216ba21620808bc3915bb81c63cd7866800dc39faeb28228c8c;0x37ff9e64;0x37ff9e64L;0.500000;1503117945;1503117945
1;96;8048;0x1c6882d91e6d8c584dedf139f3574acb55a9db5ed8e1105cd1947385877294a4;0x4dd4a4f6bbd97216ba21620808bc3915bb81c63cd7866800dc39faeb28228c8c;0x37ff9e64;0x37ff9e64L;0.500000;1503117945;1503117945
1;96;8048;0x1c6882d91e6d8c584dedf139f3574acb55a9db5ed8e1105cd1947385877294a4;0x4dd4a4f6bbd97216ba21620808bc3915bb81c63cd7866800dc39faeb28228c8c;0x37ff9e64;0x37ff9e64L;0.500000;1503117945;1503117945
1;96;8048;0x1c6882d91e6d8c584dedf139f3574acb55a9db5ed8e1105cd1947385877294a4;0x4dd4a4f6bbd97216ba21620808bc3915bb81c63cd7866800dc39faeb28228c8c;0x37ff9e64;0x37ff9e64L;0.500000;1503117945;1503117945
1;96;8048;0x1c6882d91e6d8c584dedf139f3574acb55a9db5ed8e1105cd1947385877294a4;0x4dd4a4f6bbd97216ba21620808bc3915bb81c63cd7866800dc39faeb28228c8c;0x37ff9e64;0x37ff9e64L;0.500000;1503117946;1503117946
0;96;8048;0x9c617d6f5ba29b217284277519a5b35df4be9b3321cd73ff912e45a49cc3f138;0x7f56e6ca331749a9153d1d0d9049f94ba612f905a43946c96237da2a637328a1;0xc982a5cc;0x59cc9f17L;0.500000;1503117946;1503117946
0;96;8048;0x9c617d6f5ba29b217284277519a5b35df4be9b3321cd73ff912e45a49cc3f138;0x7f56e6ca331749a9153d1d0d9049f94ba612f905a43946c96237da2a637328a1;0xc982a5cc;0x59cc9f17L;0.500000;1503117946;1503117946
0;96;8048;0x9c617d6f5ba29b217284277519a5b35df4be9b3321cd73ff912e45a49cc3f138;0x7f56e6ca331749a9153d1d0d9049f94ba612f905a43946c96237da2a637328a1;0xc982a5cc;0x59cc9f17L;0.500000;1503117946;1503117946
0;96;8048;0x9c617d6f5ba29b217284277519a5b35df4be9b3321cd73ff912e45a49cc3f138;0x7f56e6ca331749a9153d1d0d9049f94ba612f905a43946c96237da2a637328a1;0xc982a5cc;0x59cc9f17L;0.500000;1503117946;1503117947
0;96;8048;0x728610d77e206139364b03133f054f8ee85a29731176d292aa4ac781d733b449;0x963ede3936dd977dfebe47142119fbb09524faf826051e317dc6ccc3019e82af;0xe02a1bb8;0xe02a1db8L;0.500000;1503117947;1503117947
0;96;8048;0x728610d77e206139364b03133f054f8ee85a29731176d292aa4ac781d733b449;0x963ede3936dd977dfebe47142119fbb09524faf826051e317dc6ccc3019e82af;0xe02a1bb8;0xe02a1db8L;0.500000;1503117947;1503117947
0;96;8048;0x728610d77e206139364b03133f054f8ee85a29731176d292aa4ac781d733b449;0x963ede3936dd977dfebe47142119fbb09524faf826051e317dc6ccc3019e82af;0xe02a1bb8;0xe02a1db8L;0.500000;1503117947;1503117947
0;96;8048;0x728610d77e206139364b03133f054f8ee85a29731176d292aa4ac781d733b449;0x963ede3936dd977dfebe47142119fbb09524faf826051e317dc6ccc3019e82af;0xe02a1bb8;0xe02a1db8L;0.500000;1503117947;1503117948
1;96;8048;0xcf345b439e7cc99ec6b7a7b4367864bdf3f5c7e7e285b408309af710c62ce295;0xcab55735ab979e0515938bf8631712b87da2a86602afb54e7048826cdba6a14d;0x638880fd;0x638880fdL;0.500000;1503117948;1503117948
