1;96;8048;0x879ddac86c66222971c8a04eaaca848642067408c2c601c6a20750e1d3b23b5a;0xc74890c1e1fe35f189580db77fe2fd9b1184a350d439fc487395be6ef1474270;0x8df8b887;0x8df8b887L;0.500000;1503097522;1503097523
0;96;8048;0x01e1b2568696b93e7b1f27986d0900e26a53e2a0aa61d1ae72c81157bdfd51be;0xc655b5d17741057304a85c70ccec7319a2875d6559b2d05181cd8e7373a67798;0x318c78d2;0x87eaae45L;0.500000;1503097523;1503097523
0;96;8048;0x01e1b2568696b93e7b1f27986d0900e26a53e2a0aa61d1ae72c81157bdfd51be;0xc655b5d17741057304a85c70ccec7319a2875d6559b2d05181cd8e7373a67798;0x318c78d2;0x87eaae45L;0.500000;1503097523;1503097523
0;96;8048;0x01e1b2568696b93e7b1f27986d0900e26a53e2a0aa61d1ae72c81157bdfd51be;0xc655b5d17741057304a85c70ccec7319a2875d6559b2d05181cd8e7373a67798;0x318c78d2;0x87eaae45L;0.500000;1503097523;1503097523
0;96;8048;0x01e1b2568696b93e7b1f27986d0900e26a53e2a0aa61d1ae72c81157bdfd51be;0xc655b5d17741057304a85c70ccec7319a2875d6559b2d05181cd8e7373a67798;0x318c78d2;0x87eaae45L;0.500000;1503097523;1503097524
1;96;8048;0xe06315811c21574f54cc4616f7a5f767b196345ea366379b4fe2663f2262ed02;0x8b213ab8ca9657bb88bf415eb29a95caeb732742292a152f14b10242b205e7f8;0x8c95201e;0x8c95201eL;0.500000;1503097524;1503097524
1;96;8048;0xe06315811c21574f54cc4616f7a5f767b196345ea366379b4fe2663f2262ed02;0x8b213ab8ca9657bb88bf415eb29a95caeb732742292a152f14b10242b205e7f8;0x8c95201e;0x8c95201eL;0.500000;1503097524;1503097524
1;96;8048;0xe06315811c21574f54cc4616f7a5f767b196345ea366379b4fe2663f2262ed02;0x8b213ab8ca9657bb88bf415eb29a95caeb732742292a152f14b10242b205e7f8;0x8c95201e;0x8c95201eL;0.500000;1503097524;1503097524
1;96;8048;0xe06315811c21574f54cc4616f7a5f767b196345ea366379b4fe2663f2262ed02;0x8b213ab8ca9657bb88bf415eb29a95caeb732742292a152f14b10242b205e7f8;0x8c95201e;0x8c95201eL;0.500000;1503097524;1503097524
1;96;8048;0xe06315811c21574f54cc4616f7a5f767b196345ea366379b4fe2663f2262ed02;0x8b213ab8ca9657bb88bf415eb29a95caeb732742292a152f14b10242b205e7f8;0x8c95201e;0x8c95201eL;0.500000;1503097524;1503097525
1;96;8048;0xaec4a5749267ab84a9b4d336019fe522d7107d5c488d02e0797ab0e8f9a70fa8;0xfa15058fe5382b471486b04198c298910ef60c1c7e63d9eb01a7e208a55b7381;0x80059617;0x80059617L;0.500000;1503097525;1503097525
1;96;8048;0xaec4a5749267ab84a9b4d336019fe522d7107d5c488d02e0797ab0e8f9a70fa8;0xfa15058fe5382b471486b04198c298910ef60c1c7e63d9eb01a7e208a55b7381;0x80059617;0x80059617L;0.500000;1503097525;1503097525
1;96;8048;0xaec4a5749267ab84a9b4d336019fe522d7107d5c488d02e0797ab0e8f9a70fa8;0xfa15058fe5382b471486b04198c298910ef60c1c7e63d9eb01a7e208a55b7381;0x80059617;0x80059617L;0.500000;1503097525;1503097525
1;96;8048;0xaec4a5749267ab84a9b4d336019fe522d7107d5c488d02e0797ab0e8f9a70fa8;0xfa15058fe5382b471486b04198c298910ef60c1c7e63d9eb01a7e208a55b7381;0x80059617;0x80059617L;0.500000;1503097525;1503097526
0;96;8048;0x1283f0c245f84d0f238861ba806702bf51d56d9d76887b14fa5b80445a96bd6c;0x4ed9cbe60ebe3c16d827e3825ff9e71baee677f568f071ccb9f44fb31fdc5062;0xf78cb986;0xf1f84218L;0.500000;1503097526;1503097526
0;96;8048;0x1283f0c245f84d0f238861ba806702bf51d56d9d76887b14fa5b80445a96bd6c;0x4ed9cbe60ebe3c16d827e3825ff9e71baee677f568f071ccb9f44fb31fdc5062;0xf78cb986;0xf1f84218L;0.500000;1503097526;1503097526
0;96;8048;0x1283f0c245f84d0f238861ba806702bf51d56d9d76887b14fa5b80445a96bd6c;0x4ed9cbe60ebe3c16d827e3825ff9e71baee677f568f071ccb9f44fb31fdc5062;0xf78cb986;0xf1f84218L;0.500000;1503097526;1503097526
0;96;8048;0x1283f0c245f84d0f238861ba806702bf51d56d9d76887b14fa5b80445a96bd6c;0x4ed9cbe60ebe3c16d827e3825ff9e71baee677f568f071ccb9f44fb31fdc5062;0xf78cb986;0xf1f84218L;0.500000;1503097526;1503097527
1;96;8048;0x9d7a5f1fd62406faeb71f601825d270cf1bab06844723755fe17beb259b2faf6;0x92f596221be7f6c8ebd4dca815bad50a458fa5d1fd42b853251481d3a07637cf;0x80ff6f7b;0x80ff6f7bL;0.500000;1503097527;1503097527
1;96;8048;0x9d7a5f1fd62406faeb71f601825d270cf1bab06844723755fe17beb259b2faf6;0x92f596221be7f6c8ebd4dca815bad50a458fa5d1fd42b853251481d3a07637cf;0x80ff6f7b;0x80ff6f7bL;0.500000;1503097527;1503097527
