1;96;8048;0x4a0637cd73a8f49f5da05c8caddddebbed45862a1cdbefe02ac95ec57600f7c1;0x5a60e7f53c4232e314eaa75ad94e1f6c99b7a3bd6bc251f11ed935db4eeddaea;0xfb46572b;0xfb46572bL;0.500000;1503102770;1503102770
1;96;8048;0x4a0637cd73a8f49f5da05c8caddddebbed45862a1cdbefe02ac95ec57600f7c1;0x5a60e7f53c4232e314eaa75ad94e1f6c99b7a3bd6bc251f11ed935db4eeddaea;0xfb46572b;0xfb46572bL;0.500000;1503102770;1503102770
1;96;8048;0x4a0637cd73a8f49f5da05c8caddddebbed45862a1cdbefe02ac95ec57600f7c1;0x5a60e7f53c4232e314eaa75ad94e1f6c99b7a3bd6bc251f11ed935db4eeddaea;0xfb46572b;0xfb46572bL;0.500000;1503102770;1503102770
1;96;8048;0x4a0637cd73a8f49f5da05c8caddddebbed45862a1cdbefe02ac95ec57600f7c1;0x5a60e7f53c4232e314eaa75ad94e1f6c99b7a3bd6bc251f11ed935db4eeddaea;0xfb46572b;0xfb46572bL;0.500000;1503102770;1503102771
1;96;8048;0xa779084ec7b7377079ca4ce9d9f22a372df180869be8477c72525cdc1dbc08c5;0xd166174265b537460820840bfc3bacdf7da8b0888688b752e228c95697db477a;0x458fc452;0x458fc452L;0.500000;1503102771;1503102771
1;96;8048;0xa779084ec7b7377079ca4ce9d9f22a372df180869be8477c72525cdc1dbc08c5;0xd166174265b537460820840bfc3bacdf7da8b0888688b752e228c95697db477a;0x458fc452;0x458fc452L;0.500000;1503102771;1503102771
1;96;8048;0xa779084ec7b7377079ca4ce9d9f22a372df180869be8477c72525cdc1dbc08c5;0xd166174265b537460820840bfc3bacdf7da8b0888688b752e228c95697db477a;0x458fc452;0x458fc452L;0.500000;1503102771;1503102771
1;96;8048;0xa779084ec7b7377079ca4ce9d9f22a372df180869be8477c72525cdc1dbc08c5;0xd166174265b537460820840bfc3bacdf7da8b0888688b752e228c95697db477a;0x458fc452;0x458fc452L;0.500000;1503102771;1503102771
1;96;8048;0xa779084ec7b7377079ca4ce9d9f22a372df180869be8477c72525cdc1dbc08c5;0xd166174265b537460820840bfc3bacdf7da8b0888688b752e228c95697db477a;0x458fc452;0x458fc452L;0.500000;1503102772;1503102772
1;96;8048;0x3d9179ff5d6d2d096ee0082cf5bace015249429d841feb3a9bc65c3f225f665f;0x61d757b742166540e8dcee25e1e03ff26a2bf952838fa717d5751871b1a6401d;0x01a95497;0x1a95497L;0.500000;1503102772;1503102772
1;96;8048;0x3d9179ff5d6d2d096ee0082cf5bace015249429d841feb3a9bc65c3f225f665f;0x61d757b742166540e8dcee25e1e03ff26a2bf952838fa717d5751871b1a6401d;0x01a95497;0x1a95497L;0.500000;1503102772;1503102772
1;96;8048;0x3d9179ff5d6d2d096ee0082cf5bace015249429d841feb3a9bc65c3f225f665f;0x61d757b742166540e8dcee25e1e03ff26a2bf952838fa717d5751871b1a6401d;0x01a95497;0x1a95497L;0.500000;1503102772;1503102772
1;96;8048;0x3d9179ff5d6d2d096ee0082cf5bace015249429d841feb3a9bc65c3f225f665f;0x61d757b742166540e8dcee25e1e03ff26a2bf952838fa717d5751871b1a6401d;0x01a95497;0x1a95497L;0.500000;1503102772;1503102773
1;96;8048;0xe52c146ed4a95d0a85dac889898fe3cbdbadb08bc67fc1771d3ab1f8be77dea3;0x45935c92141275b061c5b01da00309c98ad52b16003efd196017a430f6bac9db;0xebcb2bef;0xebcb2befL;0.500000;1503102773;1503102773
1;96;8048;0xe52c146ed4a95d0a85dac889898fe3cbdbadb08bc67fc1771d3ab1f8be77dea3;0x45935c92141275b061c5b01da00309c98ad52b16003efd196017a430f6bac9db;0xebcb2bef;0xebcb2befL;0.500000;1503102773;1503102773
1;96;8048;0xe52c146ed4a95d0a85dac889898fe3cbdbadb08bc67fc1771d3ab1f8be77dea3;0x45935c92141275b061c5b01da00309c98ad52b16003efd196017a430f6bac9db;0xebcb2bef;0xebcb2befL;0.500000;1503102773;1503102773
1;96;8048;0xe52c146ed4a95d0a85dac889898fe3cbdbadb08bc67fc1771d3ab1f8be77dea3;0x45935c92141275b061c5b01da00309c98ad52b16003efd196017a430f6bac9db;0xebcb2bef;0xebcb2befL;0.500000;1503102773;1503102774
1;96;8048;0x188f13ceacd20331aa70f8a9f5e794fd1a9d3601d3828d17ea6bee4bd90c54f1;0x092be1ee5804d1e8ff77aa8dacf879be20b1d446708893ead721620806664259;0x091e16b6;0x91e16b6L;0.500000;1503102774;1503102774
1;96;8048;0x188f13ceacd20331aa70f8a9f5e794fd1a9d3601d3828d17ea6bee4bd90c54f1;0x092be1ee5804d1e8ff77aa8dacf879be20b1d446708893ead721620806664259;0x091e16b6;0x91e16b6L;0.500000;1503102774;1503102774
1;96;8048;0x188f13ceacd20331aa70f8a9f5e794fd1a9d3601d3828d17ea6bee4bd90c54f1;0x092be1ee5804d1e8ff77aa8dacf879be20b1d446708893ead721620806664259;0x091e16b6;0x91e16b6L;0.500000;1503102774;1503102774
