0;96;8048;0x7df727c7d7a7aa99263f7956be6b0987ef15a25a49abe5043b92c9f40378ef80;0xf3f95a3881d8899883975dbba4b5de2511a734bdc0ae9e6db71f591b530438b2;0xeccbbc35;0x91819a5aL;0.500000;1503081135;1503081136
1;96;8048;0xaa07b32bb17a28a9105716d59fb26a75b9e0b18146d780514adfff18d56eb47f;0x1057e93469f60cd8123ceb2756ab3a5d0262c0fd54171d0c1fcddb8eb707be27;0xf1eac2a7;0xf1eac2a7L;0.500000;1503081136;1503081136
1;96;8048;0xaa07b32bb17a28a9105716d59fb26a75b9e0b18146d780514adfff18d56eb47f;0x1057e93469f60cd8123ceb2756ab3a5d0262c0fd54171d0c1fcddb8eb707be27;0xf1eac2a7;0xf1eac2a7L;0.500000;1503081136;1503081136
1;96;8048;0xaa07b32bb17a28a9105716d59fb26a75b9e0b18146d780514adfff18d56eb47f;0x1057e93469f60cd8123ceb2756ab3a5d0262c0fd54171d0c1fcddb8eb707be27;0xf1eac2a7;0xf1eac2a7L;0.500000;1503081136;1503081137
1;96;8048;0xc2d39e782bd45a70cda73d199255c6b3b90ab6f836bd3c3fa6768cbe02d3edc4;0x4c33cccfaf26cb4f15a818f5abb2cfdc071f2f9bc5a8b9ae6ff717aef7a554d3;0xb90310f1;0xb90310f1L;0.500000;1503081137;1503081137
1;96;8048;0xc2d39e782bd45a70cda73d199255c6b3b90ab6f836bd3c3fa6768cbe02d3edc4;0x4c33cccfaf26cb4f15a818f5abb2cfdc071f2f9bc5a8b9ae6ff717aef7a554d3;0xb90310f1;0xb90310f1L;0.500000;1503081137;1503081137
1;96;8048;0xc2d39e782bd45a70cda73d199255c6b3b90ab6f836bd3c3fa6768cbe02d3edc4;0x4c33cccfaf26cb4f15a818f5abb2cfdc071f2f9bc5a8b9ae6ff717aef7a554d3;0xb90310f1;0xb90310f1L;0.500000;1503081137;1503081137
1;96;8048;0xc2d39e782bd45a70cda73d199255c6b3b90ab6f836bd3c3fa6768cbe02d3edc4;0x4c33cccfaf26cb4f15a818f5abb2cfdc071f2f9bc5a8b9ae6ff717aef7a554d3;0xb90310f1;0xb90310f1L;0.500000;1503081137;1503081138
1;96;8048;0x8867ffaa961f6eb41c54b310e59eec6c2f1d052bfa45e0140bcff13848f2e4d1;0x64fdb1dd2213769122e34762c4c20a4209ba0e3800e676ce37a08845f1a701a3;0x64f47b05;0x64f47b05L;0.500000;1503081138;1503081138
1;96;8048;0x8867ffaa961f6eb41c54b310e59eec6c2f1d052bfa45e0140bcff13848f2e4d1;0x64fdb1dd2213769122e34762c4c20a4209ba0e3800e676ce37a08845f1a701a3;0x64f47b05;0x64f47b05L;0.500000;1503081138;1503081138
1;96;8048;0x8867ffaa961f6eb41c54b310e59eec6c2f1d052bfa45e0140bcff13848f2e4d1;0x64fdb1dd2213769122e34762c4c20a4209ba0e3800e676ce37a08845f1a701a3;0x64f47b05;0x64f47b05L;0.500000;1503081138;1503081139
1;96;8048;0x7319ecc7c65aff4bd367802d6c846e79b3085e0259e4d8cf25e1ff65abfb441e;0x0625b46e5ef438726df6b29562db3557ffb62f621e413653101d04838aa19385;0xa7eb88e7;0xa7eb88e7L;0.500000;1503081139;1503081139
1;96;8048;0x7319ecc7c65aff4bd367802d6c846e79b3085e0259e4d8cf25e1ff65abfb441e;0x0625b46e5ef438726df6b29562db3557ffb62f621e413653101d04838aa19385;0xa7eb88e7;0xa7eb88e7L;0.500000;1503081139;1503081139
1;96;8048;0x7319ecc7c65aff4bd367802d6c846e79b3085e0259e4d8cf25e1ff65abfb441e;0x0625b46e5ef438726df6b29562db3557ffb62f621e413653101d04838aa19385;0xa7eb88e7;0xa7eb88e7L;0.500000;1503081139;1503081139
1;96;8048;0x7319ecc7c65aff4bd367802d6c846e79b3085e0259e4d8cf25e1ff65abfb441e;0x0625b46e5ef438726df6b29562db3557ffb62f621e413653101d04838aa19385;0xa7eb88e7;0xa7eb88e7L;0.500000;1503081139;1503081140
1;96;8048;0xaefe3c47d832739e9a5065b5a4a7dfd5cdb8e1f619d1bef7c69143af8ce04d3a;0x3ed97fb0a7fec7b3deca85765be30c0e55291b4763244d0ea080af35b0d8a739;0xb63726eb;0xb63726ebL;0.500000;1503081140;1503081140
1;96;8048;0xaefe3c47d832739e9a5065b5a4a7dfd5cdb8e1f619d1bef7c69143af8ce04d3a;0x3ed97fb0a7fec7b3deca85765be30c0e55291b4763244d0ea080af35b0d8a739;0xb63726eb;0xb63726ebL;0.500000;1503081140;1503081140
1;96;8048;0xaefe3c47d832739e9a5065b5a4a7dfd5cdb8e1f619d1bef7c69143af8ce04d3a;0x3ed97fb0a7fec7b3deca85765be30c0e55291b4763244d0ea080af35b0d8a739;0xb63726eb;0xb63726ebL;0.500000;1503081140;1503081141
1;96;8048;0x3f15db24974f2d9300417a72039bd70c6273200172f96ee84ff48d82d30ad112;0xdb880e15a4b06786e9a1e621916dbe70ab8dd3a55aabbc0229c1369206c88e6b;0x790f0636;0x790f0636L;0.500000;1503081141;1503081141
1;96;8048;0x3f15db24974f2d9300417a72039bd70c6273200172f96ee84ff48d82d30ad112;0xdb880e15a4b06786e9a1e621916dbe70ab8dd3a55aabbc0229c1369206c88e6b;0x790f0636;0x790f0636L;0.500000;1503081141;1503081141
