1;96;8048;0x77bf5f45d64cd347b682b1449089035a4fbbf19f3cf3d378e97e43f14cf855c4;0x591bd8564132a2d68f4bfcf173479c95b6ef7620b0ffd6380c156f33a3330ec4;0xd0330dfc;0xd0330dfcL;0.500000;1503127182;1503127182
1;96;8048;0x77bf5f45d64cd347b682b1449089035a4fbbf19f3cf3d378e97e43f14cf855c4;0x591bd8564132a2d68f4bfcf173479c95b6ef7620b0ffd6380c156f33a3330ec4;0xd0330dfc;0xd0330dfcL;0.500000;1503127182;1503127182
1;96;8048;0x77bf5f45d64cd347b682b1449089035a4fbbf19f3cf3d378e97e43f14cf855c4;0x591bd8564132a2d68f4bfcf173479c95b6ef7620b0ffd6380c156f33a3330ec4;0xd0330dfc;0xd0330dfcL;0.500000;1503127182;1503127183
0;96;8048;0x470bedea80827b923c97d634abc5674201c78da121add91ad27dc0f5f269bb39;0xbe19231e83e44446e8353b863d4c675ce7bc13b2664e8559a156150e6c545465;0x78f867d8;0xb644cfb4L;0.500000;1503127183;1503127183
0;96;8048;0x470bedea80827b923c97d634abc5674201c78da121add91ad27dc0f5f269bb39;0xbe19231e83e44446e8353b863d4c675ce7bc13b2664e8559a156150e6c545465;0x78f867d8;0xb644cfb4L;0.500000;1503127183;1503127183
0;96;8048;0x470bedea80827b923c97d634abc5674201c78da121add91ad27dc0f5f269bb39;0xbe19231e83e44446e8353b863d4c675ce7bc13b2664e8559a156150e6c545465;0x78f867d8;0xb644cfb4L;0.500000;1503127183;1503127183
0;96;8048;0x470bedea80827b923c97d634abc5674201c78da121add91ad27dc0f5f269bb39;0xbe19231e83e44446e8353b863d4c675ce7bc13b2664e8559a156150e6c545465;0x78f867d8;0xb644cfb4L;0.500000;1503127183;1503127184
1;96;8048;0x89795fe01b4c22d822d24325f168f6bbe0df9f29a5b9b2cb9ff1d4bcb36fc93c;0xb08fc190634ebbaf63a43adcccbe17ed85f960c65a7a0a391e88ab6e92adbfc9;0xee27b476;0xee27b476L;0.500000;1503127184;1503127184
1;96;8048;0x89795fe01b4c22d822d24325f168f6bbe0df9f29a5b9b2cb9ff1d4bcb36fc93c;0xb08fc190634ebbaf63a43adcccbe17ed85f960c65a7a0a391e88ab6e92adbfc9;0xee27b476;0xee27b476L;0.500000;1503127184;1503127184
1;96;8048;0x89795fe01b4c22d822d24325f168f6bbe0df9f29a5b9b2cb9ff1d4bcb36fc93c;0xb08fc190634ebbaf63a43adcccbe17ed85f960c65a7a0a391e88ab6e92adbfc9;0xee27b476;0xee27b476L;0.500000;1503127184;1503127184
1;96;8048;0x89795fe01b4c22d822d24325f168f6bbe0df9f29a5b9b2cb9ff1d4bcb36fc93c;0xb08fc190634ebbaf63a43adcccbe17ed85f960c65a7a0a391e88ab6e92adbfc9;0xee27b476;0xee27b476L;0.500000;1503127184;1503127185
1;96;8048;0x07a7f7ea493b9ee1eb8a956bb52a130fad8eb49a19f59a22a27d5e9d9cbc09a3;0xa633456d3ed1bceb00f769061d2ccf1321d6dd15fd312629b20c8ba8ad5e3c53;0xc04e5dd3;0xc04e5dd3L;0.500000;1503127185;1503127185
1;96;8048;0x07a7f7ea493b9ee1eb8a956bb52a130fad8eb49a19f59a22a27d5e9d9cbc09a3;0xa633456d3ed1bceb00f769061d2ccf1321d6dd15fd312629b20c8ba8ad5e3c53;0xc04e5dd3;0xc04e5dd3L;0.500000;1503127185;1503127185
1;96;8048;0x07a7f7ea493b9ee1eb8a956bb52a130fad8eb49a19f59a22a27d5e9d9cbc09a3;0xa633456d3ed1bceb00f769061d2ccf1321d6dd15fd312629b20c8ba8ad5e3c53;0xc04e5dd3;0xc04e5dd3L;0.500000;1503127185;1503127185
1;96;8048;0x07a7f7ea493b9ee1eb8a956bb52a130fad8eb49a19f59a22a27d5e9d9cbc09a3;0xa633456d3ed1bceb00f769061d2ccf1321d6dd15fd312629b20c8ba8ad5e3c53;0xc04e5dd3;0xc04e5dd3L;0.500000;1503127185;1503127186
1;96;8048;0x3f67265dfd5de25eb609e2b53c964ff2190408a281363f25be7dada83a6bb079;0xdeb666aa9adf0de584dc4088d8411b4ac307eece7f1c2af1886660958221d936;0x71334bc6;0x71334bc6L;0.500000;1503127186;1503127186
1;96;8048;0x3f67265dfd5de25eb609e2b53c964ff2190408a281363f25be7dada83a6bb079;0xdeb666aa9adf0de584dc4088d8411b4ac307eece7f1c2af1886660958221d936;0x71334bc6;0x71334bc6L;0.500000;1503127186;1503127186
1;96;8048;0x3f67265dfd5de25eb609e2b53c964ff2190408a281363f25be7dada83a6bb079;0xdeb666aa9adf0de584dc4088d8411b4ac307eece7f1c2af1886660958221d936;0x71334bc6;0x71334bc6L;0.500000;1503127186;1503127186
1;96;8048;0x3f67265dfd5de25eb609e2b53c964ff2190408a281363f25be7dada83a6bb079;0xdeb666aa9adf0de584dc4088d8411b4ac307eece7f1c2af1886660958221d936;0x71334bc6;0x71334bc6L;0.500000;1503127186;1503127187
1;96;8048;0xe365b49eb9c393864b26bb2c24cae98c00b3df7c8909429ccbcc3bff95b3cc78;0x153a79877136fa8b0f04df2c1250da66cbbc08555af50e0e284173710ce97595;0x3dfccd96;0x3dfccd96L;0.500000;1503127187;1503127187
