1;96;8048;0xc73ab84469ce0b5851c96e8db0dfaa52f06fab8eded0056d0fdb5fa0ca372592;0xdc723859fae7e0969e79f0671b9981de490dfefc9953017eb6761cb631fe099b;0xdc4da211;0xdc4da211L;0.500000;1503075259;1503075259
1;96;8048;0xc73ab84469ce0b5851c96e8db0dfaa52f06fab8eded0056d0fdb5fa0ca372592;0xdc723859fae7e0969e79f0671b9981de490dfefc9953017eb6761cb631fe099b;0xdc4da211;0xdc4da211L;0.500000;1503075259;1503075259
1;96;8048;0xc73ab84469ce0b5851c96e8db0dfaa52f06fab8eded0056d0fdb5fa0ca372592;0xdc723859fae7e0969e79f0671b9981de490dfefc9953017eb6761cb631fe099b;0xdc4da211;0xdc4da211L;0.500000;1503075259;1503075259
1;96;8048;0xc73ab84469ce0b5851c96e8db0dfaa52f06fab8eded0056d0fdb5fa0ca372592;0xdc723859fae7e0969e79f0671b9981de490dfefc9953017eb6761cb631fe099b;0xdc4da211;0xdc4da211L;0.500000;1503075259;1503075260
1;96;8048;0xc6f5f00d62cca99ab85909b9c3ce06f3eec2a33cb86a7bc4ad3a8f68a2a73968;0x65b49c80256aea03b6ed1f8f314702764548eed76c827eef7682415e3092d49d;0x0d2a5508;0xd2a5508L;0.500000;1503075260;1503075260
1;96;8048;0xc6f5f00d62cca99ab85909b9c3ce06f3eec2a33cb86a7bc4ad3a8f68a2a73968;0x65b49c80256aea03b6ed1f8f314702764548eed76c827eef7682415e3092d49d;0x0d2a5508;0xd2a5508L;0.500000;1503075260;1503075260
1;96;8048;0xc6f5f00d62cca99ab85909b9c3ce06f3eec2a33cb86a7bc4ad3a8f68a2a73968;0x65b49c80256aea03b6ed1f8f314702764548eed76c827eef7682415e3092d49d;0x0d2a5508;0xd2a5508L;0.500000;1503075260;1503075260
1;96;8048;0xc6f5f00d62cca99ab85909b9c3ce06f3eec2a33cb86a7bc4ad3a8f68a2a73968;0x65b49c80256aea03b6ed1f8f314702764548eed76c827eef7682415e3092d49d;0x0d2a5508;0xd2a5508L;0.500000;1503075260;1503075261
0;96;8048;0x7dd019b58cfa64d06b77df55de777dffdfde3716b432db4341e5fcee34e6efb2;0xdf780b7954b72619102f02b1e71c5e05f6b00596d75c94d4c6c19d112b46ab6a;0xf5295504;0xdc45b309L;0.500000;1503075261;1503075261
0;96;8048;0x7dd019b58cfa64d06b77df55de777dffdfde3716b432db4341e5fcee34e6efb2;0xdf780b7954b72619102f02b1e71c5e05f6b00596d75c94d4c6c19d112b46ab6a;0xf5295504;0xdc45b309L;0.500000;1503075261;1503075261
0;96;8048;0x7dd019b58cfa64d06b77df55de777dffdfde3716b432db4341e5fcee34e6efb2;0xdf780b7954b72619102f02b1e71c5e05f6b00596d75c94d4c6c19d112b46ab6a;0xf5295504;0xdc45b309L;0.500000;1503075261;1503075261
0;96;8048;0x7dd019b58cfa64d06b77df55de777dffdfde3716b432db4341e5fcee34e6efb2;0xdf780b7954b72619102f02b1e71c5e05f6b00596d75c94d4c6c19d112b46ab6a;0xf5295504;0xdc45b309L;0.500000;1503075261;1503075261
0;96;8048;0x7dd019b58cfa64d06b77df55de777dffdfde3716b432db4341e5fcee34e6efb2;0xdf780b7954b72619102f02b1e71c5e05f6b00596d75c94d4c6c19d112b46ab6a;0xf5295504;0xdc45b309L;0.500000;1503075262;1503075262
1;96;8048;0xa910be5318bddb2acba3f20151691d6c291a65587794c3058bdd9761d334767c;0x109eea31acc7fa52ab7f32a47baff6aa4cf0ed870fdd07a842fd26d982a3c44e;0xa9b799cb;0xa9b799cbL;0.500000;1503075262;1503075262
1;96;8048;0xa910be5318bddb2acba3f20151691d6c291a65587794c3058bdd9761d334767c;0x109eea31acc7fa52ab7f32a47baff6aa4cf0ed870fdd07a842fd26d982a3c44e;0xa9b799cb;0xa9b799cbL;0.500000;1503075262;1503075262
1;96;8048;0xa910be5318bddb2acba3f20151691d6c291a65587794c3058bdd9761d334767c;0x109eea31acc7fa52ab7f32a47baff6aa4cf0ed870fdd07a842fd26d982a3c44e;0xa9b799cb;0xa9b799cbL;0.500000;1503075262;1503075262
1;96;8048;0xa910be5318bddb2acba3f20151691d6c291a65587794c3058bdd9761d334767c;0x109eea31acc7fa52ab7f32a47baff6aa4cf0ed870fdd07a842fd26d982a3c44e;0xa9b799cb;0xa9b799cbL;0.500000;1503075263;1503075263
1;96;8048;0x110791b5935891e59e48286c1730868a3896c1a138889164d6176b89aee143bf;0x220b8e9924440749a7d0f474c39cba89c2e49891098e730ce21dfbe6105f44d1;0x9b066ddf;0x9b066ddfL;0.500000;1503075263;1503075263
1;96;8048;0x110791b5935891e59e48286c1730868a3896c1a138889164d6176b89aee143bf;0x220b8e9924440749a7d0f474c39cba89c2e49891098e730ce21dfbe6105f44d1;0x9b066ddf;0x9b066ddfL;0.500000;1503075263;1503075263
1;96;8048;0x110791b5935891e59e48286c1730868a3896c1a138889164d6176b89aee143bf;0x220b8e9924440749a7d0f474c39cba89c2e49891098e730ce21dfbe6105f44d1;0x9b066ddf;0x9b066ddfL;0.500000;1503075263;1503075263
