0;96;8048;0xab427e3c23b6a68233595845ba2f556a6ce5ab16c83a163560e6c3c37eba682a;0x21c51480bf11674feea754d1af0645cc21c49d9d1bcc98489115d15b6c29b304;0x65f79f5b;0x14fde527L;0.500000;1503127863;1503127863
0;96;8048;0xab427e3c23b6a68233595845ba2f556a6ce5ab16c83a163560e6c3c37eba682a;0x21c51480bf11674feea754d1af0645cc21c49d9d1bcc98489115d15b6c29b304;0x65f79f5b;0x14fde527L;0.500000;1503127863;1503127864
0;96;8048;0x7295adf60546aa48b55c00f21280186ad3dce69c67844207f1848b78526f0bc4;0xf41b7bc4eced50adb1c91325d242b5001fa0c7534f5e30e38166b7c141a08e63;0x89efcd48;0x5c328248L;0.500000;1503127864;1503127864
0;96;8048;0x7295adf60546aa48b55c00f21280186ad3dce69c67844207f1848b78526f0bc4;0xf41b7bc4eced50adb1c91325d242b5001fa0c7534f5e30e38166b7c141a08e63;0x89efcd48;0x5c328248L;0.500000;1503127864;1503127864
0;96;8048;0x7295adf60546aa48b55c00f21280186ad3dce69c67844207f1848b78526f0bc4;0xf41b7bc4eced50adb1c91325d242b5001fa0c7534f5e30e38166b7c141a08e63;0x89efcd48;0x5c328248L;0.500000;1503127864;1503127864
0;96;8048;0x7295adf60546aa48b55c00f21280186ad3dce69c67844207f1848b78526f0bc4;0xf41b7bc4eced50adb1c91325d242b5001fa0c7534f5e30e38166b7c141a08e63;0x89efcd48;0x5c328248L;0.500000;1503127864;1503127865
1;96;8048;0x58b6625e7d761df1c005a1ceb7a6a8682bc9086f8cde4b879dacdbcdc7cea020;0xf93afa135f54dfe9b52a16a510cd1e2acd164f582a09f634cfdc85ccbcb0c1e1;0x0d0e0f9f;0xd0e0f9fL;0.500000;1503127865;1503127865
1;96;8048;0x58b6625e7d761df1c005a1ceb7a6a8682bc9086f8cde4b879dacdbcdc7cea020;0xf93afa135f54dfe9b52a16a510cd1e2acd164f582a09f634cfdc85ccbcb0c1e1;0x0d0e0f9f;0xd0e0f9fL;0.500000;1503127865;1503127865
1;96;8048;0x58b6625e7d761df1c005a1ceb7a6a8682bc9086f8cde4b879dacdbcdc7cea020;0xf93afa135f54dfe9b52a16a510cd1e2acd164f582a09f634cfdc85ccbcb0c1e1;0x0d0e0f9f;0xd0e0f9fL;0.500000;1503127865;1503127865
1;96;8048;0x58b6625e7d761df1c005a1ceb7a6a8682bc9086f8cde4b879dacdbcdc7cea020;0xf93afa135f54dfe9b52a16a510cd1e2acd164f582a09f634cfdc85ccbcb0c1e1;0x0d0e0f9f;0xd0e0f9fL;0.500000;1503127865;1503127865
1;96;8048;0x58b6625e7d761df1c005a1ceb7a6a8682bc9086f8cde4b879dacdbcdc7cea020;0xf93afa135f54dfe9b52a16a510cd1e2acd164f582a09f634cfdc85ccbcb0c1e1;0x0d0e0f9f;0xd0e0f9fL;0.500000;1503127866;1503127866
0;96;8048;0x7f7e4dddc228735132ecf848365c3ffa5d5013a0e1a83f863c98dce68c093c0b;0x4568af29ea37d084222f727abde23804bb1265b7a0723a22a551e3d9ab683c8e;0x736ffe97;0x3152369bL;0.500000;1503127866;1503127866
0;96;8048;0x7f7e4dddc228735132ecf848365c3ffa5d5013a0e1a83f863c98dce68c093c0b;0x4568af29ea37d084222f727abde23804bb1265b7a0723a22a551e3d9ab683c8e;0x736ffe97;0x3152369bL;0.500000;1503127866;1503127866
0;96;8048;0x7f7e4dddc228735132ecf848365c3ffa5d5013a0e1a83f863c98dce68c093c0b;0x4568af29ea37d084222f727abde23804bb1265b7a0723a22a551e3d9ab683c8e;0x736ffe97;0x3152369bL;0.500000;1503127866;1503127866
0;96;8048;0x7f7e4dddc228735132ecf848365c3ffa5d5013a0e1a83f863c98dce68c093c0b;0x4568af29ea37d084222f727abde23804bb1265b7a0723a22a551e3d9ab683c8e;0x736ffe97;0x3152369bL;0.500000;1503127866;1503127867
0;96;8048;0x79d3cb9b83bf9b158bdef324463fbe396f3b28723b61d8e968fd98c23658c2af;0x90d936fb777f6900825a487d62613c4a14e4dc9f27471fde531fa12bd19586ee;0xf95e34a7;0x5bbf7071L;0.500000;1503127867;1503127867
0;96;8048;0x79d3cb9b83bf9b158bdef324463fbe396f3b28723b61d8e968fd98c23658c2af;0x90d936fb777f6900825a487d62613c4a14e4dc9f27471fde531fa12bd19586ee;0xf95e34a7;0x5bbf7071L;0.500000;1503127867;1503127867
0;96;8048;0x79d3cb9b83bf9b158bdef324463fbe396f3b28723b61d8e968fd98c23658c2af;0x90d936fb777f6900825a487d62613c4a14e4dc9f27471fde531fa12bd19586ee;0xf95e34a7;0x5bbf7071L;0.500000;1503127867;1503127867
0;96;8048;0x79d3cb9b83bf9b158bdef324463fbe396f3b28723b61d8e968fd98c23658c2af;0x90d936fb777f6900825a487d62613c4a14e4dc9f27471fde531fa12bd19586ee;0xf95e34a7;0x5bbf7071L;0.500000;1503127867;1503127868
1;96;8048;0xcb2d7aeac61dd6c9040384c5a6ebadd0c2dc2192337e1a5a160722aa85d4db50;0x39e48813d0506458c1faf9035498e86188c3d78707187ec43177885231ef5471;0x34e7b7bd;0x34e7b7bdL;0.500000;1503127868;1503127868
