0;96;8048;0xcfcc29c05382caa1c7a5bce2ec326001d199916886c9e3ebb3f2880dd556b9a4;0x2096c603a82ef985526d906073db51551a7243970c0a45559908a19ac93f026b;0xac7f5feb;0x205ab140L;0.500000;1503085006;1503085006
0;96;8048;0xcfcc29c05382caa1c7a5bce2ec326001d199916886c9e3ebb3f2880dd556b9a4;0x2096c603a82ef985526d906073db51551a7243970c0a45559908a19ac93f026b;0xac7f5feb;0x205ab140L;0.500000;1503085006;1503085007
1;96;8048;0x85efb862b93fc6b0cf5dfbe43cd8de89fef55b6b24c7c178d580791fc97ad24f;0x96a197197dd4572424fcb56bdac946a1562653504936bd7db867ec8f9ac71df1;0xfe350114;0xfe350114L;0.500000;1503085007;1503085007
1;96;8048;0x85efb862b93fc6b0cf5dfbe43cd8de89fef55b6b24c7c178d580791fc97ad24f;0x96a197197dd4572424fcb56bdac946a1562653504936bd7db867ec8f9ac71df1;0xfe350114;0xfe350114L;0.500000;1503085007;1503085007
1;96;8048;0x85efb862b93fc6b0cf5dfbe43cd8de89fef55b6b24c7c178d580791fc97ad24f;0x96a197197dd4572424fcb56bdac946a1562653504936bd7db867ec8f9ac71df1;0xfe350114;0xfe350114L;0.500000;1503085007;1503085007
1;96;8048;0x85efb862b93fc6b0cf5dfbe43cd8de89fef55b6b24c7c178d580791fc97ad24f;0x96a197197dd4572424fcb56bdac946a1562653504936bd7db867ec8f9ac71df1;0xfe350114;0xfe350114L;0.500000;1503085007;1503085008
1;96;8048;0x92cecfb9b24f81ff8994bd39baddd01027683e0d4481a911d305b71e128e74a4;0x7024ec192d507e0fe06522dd2f93a7bf8979411acc1a6253d8cb4e7bc7540077;0xd84cc5ea;0xd84cc5eaL;0.500000;1503085008;1503085008
1;96;8048;0x92cecfb9b24f81ff8994bd39baddd01027683e0d4481a911d305b71e128e74a4;0x7024ec192d507e0fe06522dd2f93a7bf8979411acc1a6253d8cb4e7bc7540077;0xd84cc5ea;0xd84cc5eaL;0.500000;1503085008;1503085008
1;96;8048;0x92cecfb9b24f81ff8994bd39baddd01027683e0d4481a911d305b71e128e74a4;0x7024ec192d507e0fe06522dd2f93a7bf8979411acc1a6253d8cb4e7bc7540077;0xd84cc5ea;0xd84cc5eaL;0.500000;1503085008;1503085008
1;96;8048;0x92cecfb9b24f81ff8994bd39baddd01027683e0d4481a911d305b71e128e74a4;0x7024ec192d507e0fe06522dd2f93a7bf8979411acc1a6253d8cb4e7bc7540077;0xd84cc5ea;0xd84cc5eaL;0.500000;1503085008;1503085009
0;96;8048;0x92a74315433f7f110502ede95e6ea215834586dc2b6702b6f5a4b8da6b2807fd;0x86db09be5183731e736ccbacd06294870129d9de320a6c73c14079254ebff19b;0x28baf702;0xf91d8b89L;0.500000;1503085009;1503085009
0;96;8048;0x92a74315433f7f110502ede95e6ea215834586dc2b6702b6f5a4b8da6b2807fd;0x86db09be5183731e736ccbacd06294870129d9de320a6c73c14079254ebff19b;0x28baf702;0xf91d8b89L;0.500000;1503085009;1503085009
0;96;8048;0x92a74315433f7f110502ede95e6ea215834586dc2b6702b6f5a4b8da6b2807fd;0x86db09be5183731e736ccbacd06294870129d9de320a6c73c14079254ebff19b;0x28baf702;0xf91d8b89L;0.500000;1503085009;1503085009
0;96;8048;0x92a74315433f7f110502ede95e6ea215834586dc2b6702b6f5a4b8da6b2807fd;0x86db09be5183731e736ccbacd06294870129d9de320a6c73c14079254ebff19b;0x28baf702;0xf91d8b89L;0.500000;1503085009;1503085010
1;96;8048;0x42df0bffc53735629ba414bb85f5bea04f5ee70a1dd9883b779ea90404315746;0x8c432aac33d9ccb3ffd6172528bfdcdb97530cb20fa1f7994c5883c7bd11a57f;0x442f5c04;0x442f5c04L;0.500000;1503085010;1503085010
1;96;8048;0x42df0bffc53735629ba414bb85f5bea04f5ee70a1dd9883b779ea90404315746;0x8c432aac33d9ccb3ffd6172528bfdcdb97530cb20fa1f7994c5883c7bd11a57f;0x442f5c04;0x442f5c04L;0.500000;1503085010;1503085010
1;96;8048;0x42df0bffc53735629ba414bb85f5bea04f5ee70a1dd9883b779ea90404315746;0x8c432aac33d9ccb3ffd6172528bfdcdb97530cb20fa1f7994c5883c7bd11a57f;0x442f5c04;0x442f5c04L;0.500000;1503085010;1503085010
1;96;8048;0x42df0bffc53735629ba414bb85f5bea04f5ee70a1dd9883b779ea90404315746;0x8c432aac33d9ccb3ffd6172528bfdcdb97530cb20fa1f7994c5883c7bd11a57f;0x442f5c04;0x442f5c04L;0.500000;1503085011;1503085011
1;96;8048;0x74b9e3159387afe1f0b75928dfe77742ad2ae29f650bca6f1353ce557f860ff4;0xd988a4dbfe7fcf841a023c8f61ee15917161df4320f17788433686f5df2cf027;0x99728271;0x99728271L;0.500000;1503085011;1503085011
1;96;8048;0x74b9e3159387afe1f0b75928dfe77742ad2ae29f650bca6f1353ce557f860ff4;0xd988a4dbfe7fcf841a023c8f61ee15917161df4320f17788433686f5df2cf027;0x99728271;0x99728271L;0.500000;1503085011;1503085011
