1;96;8048;0xbe918d3dd6554ac6792bd10b0b8a410aee34ea9d283f416bece8c652235941e1;0xfbafd84b2d9808703799f3362f4642224bdb1af475cad5915678fb6368cbc60e;0x636c5466;0x636c5466L;0.500000;1503110050;1503110050
1;96;8048;0xbe918d3dd6554ac6792bd10b0b8a410aee34ea9d283f416bece8c652235941e1;0xfbafd84b2d9808703799f3362f4642224bdb1af475cad5915678fb6368cbc60e;0x636c5466;0x636c5466L;0.500000;1503110050;1503110050
1;96;8048;0xbe918d3dd6554ac6792bd10b0b8a410aee34ea9d283f416bece8c652235941e1;0xfbafd84b2d9808703799f3362f4642224bdb1af475cad5915678fb6368cbc60e;0x636c5466;0x636c5466L;0.500000;1503110050;1503110051
1;96;8048;0x6a1464a039416744e2cd1c1427fba371b357c8be4b898b130ea555b4576d89c1;0xf0f9729c118f216f94dd811ee6993e8dc1567e4828b5e6cfede6368198d151d0;0x49323f87;0x49323f87L;0.500000;1503110051;1503110051
1;96;8048;0x6a1464a039416744e2cd1c1427fba371b357c8be4b898b130ea555b4576d89c1;0xf0f9729c118f216f94dd811ee6993e8dc1567e4828b5e6cfede6368198d151d0;0x49323f87;0x49323f87L;0.500000;1503110051;1503110051
1;96;8048;0x6a1464a039416744e2cd1c1427fba371b357c8be4b898b130ea555b4576d89c1;0xf0f9729c118f216f94dd811ee6993e8dc1567e4828b5e6cfede6368198d151d0;0x49323f87;0x49323f87L;0.500000;1503110051;1503110051
1;96;8048;0x6a1464a039416744e2cd1c1427fba371b357c8be4b898b130ea555b4576d89c1;0xf0f9729c118f216f94dd811ee6993e8dc1567e4828b5e6cfede6368198d151d0;0x49323f87;0x49323f87L;0.500000;1503110051;1503110051
1;96;8048;0x6a1464a039416744e2cd1c1427fba371b357c8be4b898b130ea555b4576d89c1;0xf0f9729c118f216f94dd811ee6993e8dc1567e4828b5e6cfede6368198d151d0;0x49323f87;0x49323f87L;0.500000;1503110051;1503110052
0;96;8048;0x6c68c79aeca937195895c3496081a996be91400f2007904bbfb993a0e883dd54;0x47294a0b8332b287cee15ae53c4a721db85c69a34959306effcb35dd8bec3e6e;0xb2f44e7b;0xef3ec098L;0.500000;1503110052;1503110052
0;96;8048;0x6c68c79aeca937195895c3496081a996be91400f2007904bbfb993a0e883dd54;0x47294a0b8332b287cee15ae53c4a721db85c69a34959306effcb35dd8bec3e6e;0xb2f44e7b;0xef3ec098L;0.500000;1503110052;1503110052
0;96;8048;0x6c68c79aeca937195895c3496081a996be91400f2007904bbfb993a0e883dd54;0x47294a0b8332b287cee15ae53c4a721db85c69a34959306effcb35dd8bec3e6e;0xb2f44e7b;0xef3ec098L;0.500000;1503110052;1503110052
0;96;8048;0x6c68c79aeca937195895c3496081a996be91400f2007904bbfb993a0e883dd54;0x47294a0b8332b287cee15ae53c4a721db85c69a34959306effcb35dd8bec3e6e;0xb2f44e7b;0xef3ec098L;0.500000;1503110052;1503110053
0;96;8048;0xa7c0a8427722d43c6fa6e46cee4b5e92bbc68373abdf53745c32f73af63a409d;0x6fd9affc7031dd58daf792068b96f96ec07ce45f89c582d740dc5bdcd99e33f8;0x6778d354;0xf30fccc2L;0.500000;1503110053;1503110053
0;96;8048;0xa7c0a8427722d43c6fa6e46cee4b5e92bbc68373abdf53745c32f73af63a409d;0x6fd9affc7031dd58daf792068b96f96ec07ce45f89c582d740dc5bdcd99e33f8;0x6778d354;0xf30fccc2L;0.500000;1503110053;1503110053
0;96;8048;0xa7c0a8427722d43c6fa6e46cee4b5e92bbc68373abdf53745c32f73af63a409d;0x6fd9affc7031dd58daf792068b96f96ec07ce45f89c582d740dc5bdcd99e33f8;0x6778d354;0xf30fccc2L;0.500000;1503110053;1503110053
0;96;8048;0xa7c0a8427722d43c6fa6e46cee4b5e92bbc68373abdf53745c32f73af63a409d;0x6fd9affc7031dd58daf792068b96f96ec07ce45f89c582d740dc5bdcd99e33f8;0x6778d354;0xf30fccc2L;0.500000;1503110053;1503110054
1;96;8048;0xdd47bfd38d0f98d1ce574b1183b35db261b93b966611592b6f71cf4e5a0d5938;0xe7d63912696860ebfad336445e37701ead1fbca6de981353d37609fa5e3bdd47;0x00fdac8c;0xfdac8cL;0.500000;1503110054;1503110054
1;96;8048;0xdd47bfd38d0f98d1ce574b1183b35db261b93b966611592b6f71cf4e5a0d5938;0xe7d63912696860ebfad336445e37701ead1fbca6de981353d37609fa5e3bdd47;0x00fdac8c;0xfdac8cL;0.500000;1503110054;1503110054
1;96;8048;0xdd47bfd38d0f98d1ce574b1183b35db261b93b966611592b6f71cf4e5a0d5938;0xe7d63912696860ebfad336445e37701ead1fbca6de981353d37609fa5e3bdd47;0x00fdac8c;0xfdac8cL;0.500000;1503110054;1503110054
1;96;8048;0xdd47bfd38d0f98d1ce574b1183b35db261b93b966611592b6f71cf4e5a0d5938;0xe7d63912696860ebfad336445e37701ead1fbca6de981353d37609fa5e3bdd47;0x00fdac8c;0xfdac8cL;0.500000;1503110054;1503110054
