1;96;8048;0xab5aadff4a979d044110b788daa2e78da26a57610e1fcee7b5d872733cfe2ae7;0x6759d16dcc427f6907e683e2094f6fc9a3c5e9202d37a78e6a1e317d49df4330;0x39f9236d;0x39f9236dL;0.500000;1503096241;1503096241
1;96;8048;0xab5aadff4a979d044110b788daa2e78da26a57610e1fcee7b5d872733cfe2ae7;0x6759d16dcc427f6907e683e2094f6fc9a3c5e9202d37a78e6a1e317d49df4330;0x39f9236d;0x39f9236dL;0.500000;1503096241;1503096242
1;96;8048;0xee3486425d901ffee5f3aabf4b3f8e55e0c17269303537ad1ee094024edec83c;0x9cdacc0fc6047f63bab77da21c7c6071400ddedc5c737590566b6976890052e1;0xce55510b;0xce55510bL;0.500000;1503096242;1503096242
1;96;8048;0xee3486425d901ffee5f3aabf4b3f8e55e0c17269303537ad1ee094024edec83c;0x9cdacc0fc6047f63bab77da21c7c6071400ddedc5c737590566b6976890052e1;0xce55510b;0xce55510bL;0.500000;1503096242;1503096242
1;96;8048;0xee3486425d901ffee5f3aabf4b3f8e55e0c17269303537ad1ee094024edec83c;0x9cdacc0fc6047f63bab77da21c7c6071400ddedc5c737590566b6976890052e1;0xce55510b;0xce55510bL;0.500000;1503096242;1503096242
1;96;8048;0xee3486425d901ffee5f3aabf4b3f8e55e0c17269303537ad1ee094024edec83c;0x9cdacc0fc6047f63bab77da21c7c6071400ddedc5c737590566b6976890052e1;0xce55510b;0xce55510bL;0.500000;1503096242;1503096243
0;96;8048;0x6498c275ab2e98ca35bbb896e93e191b27ad9878d91e4b9d5b494ff74a8039ae;0xddb233a31fca2f9d3790be486c61bbd58e24ef11e2c22f187ded572329162bcc;0x15e87a7c;0xd837a814L;0.500000;1503096243;1503096243
0;96;8048;0x6498c275ab2e98ca35bbb896e93e191b27ad9878d91e4b9d5b494ff74a8039ae;0xddb233a31fca2f9d3790be486c61bbd58e24ef11e2c22f187ded572329162bcc;0x15e87a7c;0xd837a814L;0.500000;1503096243;1503096243
0;96;8048;0x6498c275ab2e98ca35bbb896e93e191b27ad9878d91e4b9d5b494ff74a8039ae;0xddb233a31fca2f9d3790be486c61bbd58e24ef11e2c22f187ded572329162bcc;0x15e87a7c;0xd837a814L;0.500000;1503096243;1503096243
0;96;8048;0x6498c275ab2e98ca35bbb896e93e191b27ad9878d91e4b9d5b494ff74a8039ae;0xddb233a31fca2f9d3790be486c61bbd58e24ef11e2c22f187ded572329162bcc;0x15e87a7c;0xd837a814L;0.500000;1503096243;1503096243
0;96;8048;0x6498c275ab2e98ca35bbb896e93e191b27ad9878d91e4b9d5b494ff74a8039ae;0xddb233a31fca2f9d3790be486c61bbd58e24ef11e2c22f187ded572329162bcc;0x15e87a7c;0xd837a814L;0.500000;1503096244;1503096244
1;96;8048;0xd005ed294f31e87aa52bd0648ace8592a56cbdfbe1a08f1015514f84060abed6;0xc67f2fa4c649d44ac73d9accf8b2dfed77c96579279fd692b9746d0f79af075f;0x1a39e30f;0x1a39e30fL;0.500000;1503096244;1503096244
1;96;8048;0xd005ed294f31e87aa52bd0648ace8592a56cbdfbe1a08f1015514f84060abed6;0xc67f2fa4c649d44ac73d9accf8b2dfed77c96579279fd692b9746d0f79af075f;0x1a39e30f;0x1a39e30fL;0.500000;1503096244;1503096244
1;96;8048;0xd005ed294f31e87aa52bd0648ace8592a56cbdfbe1a08f1015514f84060abed6;0xc67f2fa4c649d44ac73d9accf8b2dfed77c96579279fd692b9746d0f79af075f;0x1a39e30f;0x1a39e30fL;0.500000;1503096244;1503096244
1;96;8048;0xd005ed294f31e87aa52bd0648ace8592a56cbdfbe1a08f1015514f84060abed6;0xc67f2fa4c649d44ac73d9accf8b2dfed77c96579279fd692b9746d0f79af075f;0x1a39e30f;0x1a39e30fL;0.500000;1503096244;1503096245
1;96;8048;0x0042a020f16fdb31d561962c62d683ee139de33b3d40fa942c4189fad3fabdd3;0x15b1258d738a40fbd19587db98038350d04471dfe3e3df4d867216a0ac8cb42c;0x1c0d31d2;0x1c0d31d2L;0.500000;1503096245;1503096245
1;96;8048;0x0042a020f16fdb31d561962c62d683ee139de33b3d40fa942c4189fad3fabdd3;0x15b1258d738a40fbd19587db98038350d04471dfe3e3df4d867216a0ac8cb42c;0x1c0d31d2;0x1c0d31d2L;0.500000;1503096245;1503096245
1;96;8048;0x0042a020f16fdb31d561962c62d683ee139de33b3d40fa942c4189fad3fabdd3;0x15b1258d738a40fbd19587db98038350d04471dfe3e3df4d867216a0ac8cb42c;0x1c0d31d2;0x1c0d31d2L;0.500000;1503096245;1503096245
1;96;8048;0x0042a020f16fdb31d561962c62d683ee139de33b3d40fa942c4189fad3fabdd3;0x15b1258d738a40fbd19587db98038350d04471dfe3e3df4d867216a0ac8cb42c;0x1c0d31d2;0x1c0d31d2L;0.500000;1503096245;1503096246
0;96;8048;0x626974cea2d36032e7d06aea6e88f1abedc40b7a2ec325775660e4f4d752eb39;0xb80a2569049f955616392fa59db3eff67e0a35985965f8831e56fbe11f6807fd;0x92345825;0x92345925L;0.500000;1503096246;1503096246
