0;96;8048;0xda685304a0969d857a34f437bf1d5874329ef994e8af8cd4be0148fd119ce5ec;0xddc954d8701548023ecd5352cf2968513cc75300338fc61becbc5371f121174d;0x27c78f0e;0x597cb76bL;0.500000;1503094211;1503094211
0;96;8048;0xda685304a0969d857a34f437bf1d5874329ef994e8af8cd4be0148fd119ce5ec;0xddc954d8701548023ecd5352cf2968513cc75300338fc61becbc5371f121174d;0x27c78f0e;0x597cb76bL;0.500000;1503094211;1503094211
0;96;8048;0xda685304a0969d857a34f437bf1d5874329ef994e8af8cd4be0148fd119ce5ec;0xddc954d8701548023ecd5352cf2968513cc75300338fc61becbc5371f121174d;0x27c78f0e;0x597cb76bL;0.500000;1503094212;1503094212
0;96;8048;0xdf4fbe39e2e5d4f01d4337d1a9d208b20d33ae8a87ef779b9f7db3db4aadc829;0xfbe9be2cb7ee7a5aee0a15bb7c78934806126e7890832cbba2441fedfcbcec1f;0x05bd116b;0x5bd916bL;0.500000;1503094212;1503094212
0;96;8048;0xdf4fbe39e2e5d4f01d4337d1a9d208b20d33ae8a87ef779b9f7db3db4aadc829;0xfbe9be2cb7ee7a5aee0a15bb7c78934806126e7890832cbba2441fedfcbcec1f;0x05bd116b;0x5bd916bL;0.500000;1503094212;1503094212
0;96;8048;0xdf4fbe39e2e5d4f01d4337d1a9d208b20d33ae8a87ef779b9f7db3db4aadc829;0xfbe9be2cb7ee7a5aee0a15bb7c78934806126e7890832cbba2441fedfcbcec1f;0x05bd116b;0x5bd916bL;0.500000;1503094212;1503094212
0;96;8048;0xdf4fbe39e2e5d4f01d4337d1a9d208b20d33ae8a87ef779b9f7db3db4aadc829;0xfbe9be2cb7ee7a5aee0a15bb7c78934806126e7890832cbba2441fedfcbcec1f;0x05bd116b;0x5bd916bL;0.500000;1503094213;1503094213
0;96;8048;0x28d17a3478bc55af3a609db404f4bc7449c3e4d7ce9fbfa8869c4cf93c0ca764;0x8e0632ce4cf3e322017fd85d3607d8b07c53341cbf501a84df81f3feed94d1a1;0xcbd49da7;0x58b56afL;0.500000;1503094213;1503094213
0;96;8048;0x28d17a3478bc55af3a609db404f4bc7449c3e4d7ce9fbfa8869c4cf93c0ca764;0x8e0632ce4cf3e322017fd85d3607d8b07c53341cbf501a84df81f3feed94d1a1;0xcbd49da7;0x58b56afL;0.500000;1503094213;1503094213
0;96;8048;0x28d17a3478bc55af3a609db404f4bc7449c3e4d7ce9fbfa8869c4cf93c0ca764;0x8e0632ce4cf3e322017fd85d3607d8b07c53341cbf501a84df81f3feed94d1a1;0xcbd49da7;0x58b56afL;0.500000;1503094213;1503094213
0;96;8048;0x28d17a3478bc55af3a609db404f4bc7449c3e4d7ce9fbfa8869c4cf93c0ca764;0x8e0632ce4cf3e322017fd85d3607d8b07c53341cbf501a84df81f3feed94d1a1;0xcbd49da7;0x58b56afL;0.500000;1503094214;1503094214
1;96;8048;0x9014565887f55e7d5809c1143ea58241f305a62243ab58fbb00227ce93c42523;0xbe1ac7bf3cbf466ec13222c65fdc6d53befcbdd106bf064e6e18e4bb1b982465;0x27715e26;0x27715e26L;0.500000;1503094214;1503094214
1;96;8048;0x9014565887f55e7d5809c1143ea58241f305a62243ab58fbb00227ce93c42523;0xbe1ac7bf3cbf466ec13222c65fdc6d53befcbdd106bf064e6e18e4bb1b982465;0x27715e26;0x27715e26L;0.500000;1503094214;1503094214
1;96;8048;0x9014565887f55e7d5809c1143ea58241f305a62243ab58fbb00227ce93c42523;0xbe1ac7bf3cbf466ec13222c65fdc6d53befcbdd106bf064e6e18e4bb1b982465;0x27715e26;0x27715e26L;0.500000;1503094214;1503094214
1;96;8048;0x9014565887f55e7d5809c1143ea58241f305a62243ab58fbb00227ce93c42523;0xbe1ac7bf3cbf466ec13222c65fdc6d53befcbdd106bf064e6e18e4bb1b982465;0x27715e26;0x27715e26L;0.500000;1503094215;1503094215
1;96;8048;0x9ef1b7dc3e5cca258bb4fc6c1985a35eb14c90ece7549dc00d42cf9665a29e03;0x323bcd23a081cd9b8eca255e60be8ecdea1f420aa7634bb158b2a1285bb8f495;0xb63b42e2;0xb63b42e2L;0.500000;1503094215;1503094215
1;96;8048;0x9ef1b7dc3e5cca258bb4fc6c1985a35eb14c90ece7549dc00d42cf9665a29e03;0x323bcd23a081cd9b8eca255e60be8ecdea1f420aa7634bb158b2a1285bb8f495;0xb63b42e2;0xb63b42e2L;0.500000;1503094215;1503094215
1;96;8048;0x9ef1b7dc3e5cca258bb4fc6c1985a35eb14c90ece7549dc00d42cf9665a29e03;0x323bcd23a081cd9b8eca255e60be8ecdea1f420aa7634bb158b2a1285bb8f495;0xb63b42e2;0xb63b42e2L;0.500000;1503094215;1503094216
1;96;8048;0x6f398982897a151d56a535157007bcf0000ecf1ea5a7e6de69dc4f2fd8326847;0x5ca8dd7f644c248beef6bc5fa56552a4551d42fbe78c88e41e2449af4780e4c3;0x15d6c948;0x15d6c948L;0.500000;1503094216;1503094216
1;96;8048;0x6f398982897a151d56a535157007bcf0000ecf1ea5a7e6de69dc4f2fd8326847;0x5ca8dd7f644c248beef6bc5fa56552a4551d42fbe78c88e41e2449af4780e4c3;0x15d6c948;0x15d6c948L;0.500000;1503094216;1503094216
