1;96;8048;0x50bad25b401f09a5bf28a9c0ab97fd5a3486bb7fcbb4b9232ed4c6acba23920a;0x8023c7d9a154b88e32687b86563473aae6972ed8cf6237c19e239fd85ec27a7d;0x72814402;0x72814402L;0.500000;1503131791;1503131791
1;96;8048;0x50bad25b401f09a5bf28a9c0ab97fd5a3486bb7fcbb4b9232ed4c6acba23920a;0x8023c7d9a154b88e32687b86563473aae6972ed8cf6237c19e239fd85ec27a7d;0x72814402;0x72814402L;0.500000;1503131791;1503131792
0;96;8048;0xbfd49fb1bcfc57548ad8dead333edd2f35ccda988a6193fc5647c6012b9556eb;0x8317d9f1d369697fb322f6db75259dd57d5a25a522e1e1e7ac698ef76a61d793;0xd995c48e;0xd995c50eL;0.500000;1503131792;1503131792
0;96;8048;0xbfd49fb1bcfc57548ad8dead333edd2f35ccda988a6193fc5647c6012b9556eb;0x8317d9f1d369697fb322f6db75259dd57d5a25a522e1e1e7ac698ef76a61d793;0xd995c48e;0xd995c50eL;0.500000;1503131792;1503131792
0;96;8048;0xbfd49fb1bcfc57548ad8dead333edd2f35ccda988a6193fc5647c6012b9556eb;0x8317d9f1d369697fb322f6db75259dd57d5a25a522e1e1e7ac698ef76a61d793;0xd995c48e;0xd995c50eL;0.500000;1503131792;1503131792
0;96;8048;0xbfd49fb1bcfc57548ad8dead333edd2f35ccda988a6193fc5647c6012b9556eb;0x8317d9f1d369697fb322f6db75259dd57d5a25a522e1e1e7ac698ef76a61d793;0xd995c48e;0xd995c50eL;0.500000;1503131792;1503131792
0;96;8048;0xbfd49fb1bcfc57548ad8dead333edd2f35ccda988a6193fc5647c6012b9556eb;0x8317d9f1d369697fb322f6db75259dd57d5a25a522e1e1e7ac698ef76a61d793;0xd995c48e;0xd995c50eL;0.500000;1503131793;1503131793
1;96;8048;0x2f8b227912018034b4379514a787f8e24f61dc5d4e1be685e813c05444559974;0x675c0b0bc99af7724981e7b2f52eea8683c5ba91f4418b68bf37be5e01b40811;0xf793ec93;0xf793ec93L;0.500000;1503131793;1503131793
1;96;8048;0x2f8b227912018034b4379514a787f8e24f61dc5d4e1be685e813c05444559974;0x675c0b0bc99af7724981e7b2f52eea8683c5ba91f4418b68bf37be5e01b40811;0xf793ec93;0xf793ec93L;0.500000;1503131793;1503131793
1;96;8048;0x2f8b227912018034b4379514a787f8e24f61dc5d4e1be685e813c05444559974;0x675c0b0bc99af7724981e7b2f52eea8683c5ba91f4418b68bf37be5e01b40811;0xf793ec93;0xf793ec93L;0.500000;1503131793;1503131793
1;96;8048;0x2f8b227912018034b4379514a787f8e24f61dc5d4e1be685e813c05444559974;0x675c0b0bc99af7724981e7b2f52eea8683c5ba91f4418b68bf37be5e01b40811;0xf793ec93;0xf793ec93L;0.500000;1503131793;1503131794
1;96;8048;0x27ebac51c8a63240766f7c5b24ab41c1f294caa0dfaf236626c5212ee0220c07;0x61e94efc83c4adb088c601788b817da2f77b1c90c869f6357369778842f16aff;0xb2325d19;0xb2325d19L;0.500000;1503131794;1503131794
1;96;8048;0x27ebac51c8a63240766f7c5b24ab41c1f294caa0dfaf236626c5212ee0220c07;0x61e94efc83c4adb088c601788b817da2f77b1c90c869f6357369778842f16aff;0xb2325d19;0xb2325d19L;0.500000;1503131794;1503131794
1;96;8048;0x27ebac51c8a63240766f7c5b24ab41c1f294caa0dfaf236626c5212ee0220c07;0x61e94efc83c4adb088c601788b817da2f77b1c90c869f6357369778842f16aff;0xb2325d19;0xb2325d19L;0.500000;1503131794;1503131794
1;96;8048;0x27ebac51c8a63240766f7c5b24ab41c1f294caa0dfaf236626c5212ee0220c07;0x61e94efc83c4adb088c601788b817da2f77b1c90c869f6357369778842f16aff;0xb2325d19;0xb2325d19L;0.500000;1503131795;1503131795
1;96;8048;0xfa4a830184a3fa216e2df8dd4ed9897d065fac736351814048eecc25682fc463;0x024a74f63c4954814266cff490c1f066589696935ad142eafdb138980789af14;0x1c070a5a;0x1c070a5aL;0.500000;1503131795;1503131795
1;96;8048;0xfa4a830184a3fa216e2df8dd4ed9897d065fac736351814048eecc25682fc463;0x024a74f63c4954814266cff490c1f066589696935ad142eafdb138980789af14;0x1c070a5a;0x1c070a5aL;0.500000;1503131795;1503131795
1;96;8048;0xfa4a830184a3fa216e2df8dd4ed9897d065fac736351814048eecc25682fc463;0x024a74f63c4954814266cff490c1f066589696935ad142eafdb138980789af14;0x1c070a5a;0x1c070a5aL;0.500000;1503131795;1503131795
1;96;8048;0xfa4a830184a3fa216e2df8dd4ed9897d065fac736351814048eecc25682fc463;0x024a74f63c4954814266cff490c1f066589696935ad142eafdb138980789af14;0x1c070a5a;0x1c070a5aL;0.500000;1503131795;1503131796
1;96;8048;0xcb533b1388129fdeb8d5e0200b15481786b41d38f8200b38391510c0171176e2;0x22bc7be24e5efba4716b61f3f7e5ff8cbe84749eaf4bb44196b7a3439ef1cc55;0x3ac74131;0x3ac74131L;0.500000;1503131796;1503131796
