1;96;8048;0x8a1686899ef0880f28acaf0fcd4e7f705f90f03a0ee30687e72b2b28998e1523;0x4d117ff2e4f07c79315a8cb94dd376ff3a9a47da31e1961eb05534b0074ebe18;0xd92cfb34;0xd92cfb34L;0.500000;1503087336;1503087336
1;96;8048;0x8a1686899ef0880f28acaf0fcd4e7f705f90f03a0ee30687e72b2b28998e1523;0x4d117ff2e4f07c79315a8cb94dd376ff3a9a47da31e1961eb05534b0074ebe18;0xd92cfb34;0xd92cfb34L;0.500000;1503087336;1503087337
1;96;8048;0x6eac31dbe2d2165aa0896df52bf830c148c4733fdfb035ebe4514a92166aeb85;0x6ec450b169ff7fa2ebafab95e4dda75e2157aa3d98652796827436b70ea7ef78;0xec8bc073;0xec8bc073L;0.500000;1503087337;1503087337
1;96;8048;0x6eac31dbe2d2165aa0896df52bf830c148c4733fdfb035ebe4514a92166aeb85;0x6ec450b169ff7fa2ebafab95e4dda75e2157aa3d98652796827436b70ea7ef78;0xec8bc073;0xec8bc073L;0.500000;1503087337;1503087337
1;96;8048;0x6eac31dbe2d2165aa0896df52bf830c148c4733fdfb035ebe4514a92166aeb85;0x6ec450b169ff7fa2ebafab95e4dda75e2157aa3d98652796827436b70ea7ef78;0xec8bc073;0xec8bc073L;0.500000;1503087337;1503087337
1;96;8048;0x6eac31dbe2d2165aa0896df52bf830c148c4733fdfb035ebe4514a92166aeb85;0x6ec450b169ff7fa2ebafab95e4dda75e2157aa3d98652796827436b70ea7ef78;0xec8bc073;0xec8bc073L;0.500000;1503087338;1503087338
0;96;8048;0x63058b934f490b2b5ef40ac0e274ebeea6ff045b38b4c424f180132b211bd884;0x360bb9d08a6d6de58b2ae390f4ab8cead0f4a85a8b5fedb7364dde5887e66b9c;0x8b1c7aa2;0x87eaae45L;0.500000;1503087338;1503087338
0;96;8048;0x63058b934f490b2b5ef40ac0e274ebeea6ff045b38b4c424f180132b211bd884;0x360bb9d08a6d6de58b2ae390f4ab8cead0f4a85a8b5fedb7364dde5887e66b9c;0x8b1c7aa2;0x87eaae45L;0.500000;1503087338;1503087338
0;96;8048;0x63058b934f490b2b5ef40ac0e274ebeea6ff045b38b4c424f180132b211bd884;0x360bb9d08a6d6de58b2ae390f4ab8cead0f4a85a8b5fedb7364dde5887e66b9c;0x8b1c7aa2;0x87eaae45L;0.500000;1503087338;1503087339
1;96;8048;0x816c492148e3b48ea77b1820bd75dc35cac94583be37d311756e8196a8420929;0xe4877ac33fb2bcd417599fd6225ac1b447f86ca33cfb92ccdc7f967865564f44;0x2a2160d0;0x2a2160d0L;0.500000;1503087339;1503087339
1;96;8048;0x816c492148e3b48ea77b1820bd75dc35cac94583be37d311756e8196a8420929;0xe4877ac33fb2bcd417599fd6225ac1b447f86ca33cfb92ccdc7f967865564f44;0x2a2160d0;0x2a2160d0L;0.500000;1503087339;1503087339
1;96;8048;0x816c492148e3b48ea77b1820bd75dc35cac94583be37d311756e8196a8420929;0xe4877ac33fb2bcd417599fd6225ac1b447f86ca33cfb92ccdc7f967865564f44;0x2a2160d0;0x2a2160d0L;0.500000;1503087339;1503087339
1;96;8048;0x816c492148e3b48ea77b1820bd75dc35cac94583be37d311756e8196a8420929;0xe4877ac33fb2bcd417599fd6225ac1b447f86ca33cfb92ccdc7f967865564f44;0x2a2160d0;0x2a2160d0L;0.500000;1503087340;1503087340
1;96;8048;0x1992bf603b19153a12f2c47882160545d27cf8c6dd88ff2f24e30da6acad94c5;0xb125674becfa58e13b5541f17c3e51c2956a388babc436612f1ca346de53a6f8;0x566dca44;0x566dca44L;0.500000;1503087340;1503087340
1;96;8048;0x1992bf603b19153a12f2c47882160545d27cf8c6dd88ff2f24e30da6acad94c5;0xb125674becfa58e13b5541f17c3e51c2956a388babc436612f1ca346de53a6f8;0x566dca44;0x566dca44L;0.500000;1503087340;1503087340
1;96;8048;0x1992bf603b19153a12f2c47882160545d27cf8c6dd88ff2f24e30da6acad94c5;0xb125674becfa58e13b5541f17c3e51c2956a388babc436612f1ca346de53a6f8;0x566dca44;0x566dca44L;0.500000;1503087340;1503087341
1;96;8048;0x668d3a7e21502e2f141350da62b82260ea0247ef766e65b6118f7b0407e8006d;0x16ece43d04e0a9f1022e683a586f2ef083d226d5db44b8c9451aef3d9622e8ab;0x05a25a4a;0x5a25a4aL;0.500000;1503087341;1503087341
1;96;8048;0x668d3a7e21502e2f141350da62b82260ea0247ef766e65b6118f7b0407e8006d;0x16ece43d04e0a9f1022e683a586f2ef083d226d5db44b8c9451aef3d9622e8ab;0x05a25a4a;0x5a25a4aL;0.500000;1503087341;1503087341
1;96;8048;0x668d3a7e21502e2f141350da62b82260ea0247ef766e65b6118f7b0407e8006d;0x16ece43d04e0a9f1022e683a586f2ef083d226d5db44b8c9451aef3d9622e8ab;0x05a25a4a;0x5a25a4aL;0.500000;1503087341;1503087341
1;96;8048;0x668d3a7e21502e2f141350da62b82260ea0247ef766e65b6118f7b0407e8006d;0x16ece43d04e0a9f1022e683a586f2ef083d226d5db44b8c9451aef3d9622e8ab;0x05a25a4a;0x5a25a4aL;0.500000;1503087341;1503087342
