1;96;8048;0x15c0a7e73d19f8fae97a3b191842db0997cf917b9c70f95451da2609c8b0d2dd;0x42188a1e0be433e78e78e2e25279eabf972942550e3cb8dd23f0701c4f4d42d5;0x411f0db4;0x411f0db4L;0.500000;1503113992;1503113993
0;96;8048;0x5597049a445463327d731421a1068679a62d5fa664634e03aaf9f44384c68cd9;0x234901dcf56e928d43ca0cd44beba6badf589e512295ee6dd26b45bed69943c6;0x3c60e4d2;0x87eaae45L;0.500000;1503113993;1503113993
0;96;8048;0x5597049a445463327d731421a1068679a62d5fa664634e03aaf9f44384c68cd9;0x234901dcf56e928d43ca0cd44beba6badf589e512295ee6dd26b45bed69943c6;0x3c60e4d2;0x87eaae45L;0.500000;1503113993;1503113993
0;96;8048;0x5597049a445463327d731421a1068679a62d5fa664634e03aaf9f44384c68cd9;0x234901dcf56e928d43ca0cd44beba6badf589e512295ee6dd26b45bed69943c6;0x3c60e4d2;0x87eaae45L;0.500000;1503113993;1503113993
0;96;8048;0x5597049a445463327d731421a1068679a62d5fa664634e03aaf9f44384c68cd9;0x234901dcf56e928d43ca0cd44beba6badf589e512295ee6dd26b45bed69943c6;0x3c60e4d2;0x87eaae45L;0.500000;1503113993;1503113994
0;96;8048;0x209169c009f1921d45b97d1b49052d7d64412ea9c7401a3150e6e56de04e8f01;0x20535bbfaddbcc0ca92fb4e671f88cd0fe66211269901d8de147280f2d264941;0x33685f25;0xa560ebf5L;0.500000;1503113994;1503113994
0;96;8048;0x209169c009f1921d45b97d1b49052d7d64412ea9c7401a3150e6e56de04e8f01;0x20535bbfaddbcc0ca92fb4e671f88cd0fe66211269901d8de147280f2d264941;0x33685f25;0xa560ebf5L;0.500000;1503113994;1503113994
0;96;8048;0x209169c009f1921d45b97d1b49052d7d64412ea9c7401a3150e6e56de04e8f01;0x20535bbfaddbcc0ca92fb4e671f88cd0fe66211269901d8de147280f2d264941;0x33685f25;0xa560ebf5L;0.500000;1503113994;1503113994
0;96;8048;0x209169c009f1921d45b97d1b49052d7d64412ea9c7401a3150e6e56de04e8f01;0x20535bbfaddbcc0ca92fb4e671f88cd0fe66211269901d8de147280f2d264941;0x33685f25;0xa560ebf5L;0.500000;1503113994;1503113995
1;96;8048;0x9894f250ca4c1033b65abc9e6b5a1ea6e9c50206752efd8a349c0a0055703ced;0x8ce1c3dd2dc2195ea17812be35f6943d620ebc489c4e5572e29f605e82f48cc8;0xf5f86fcd;0xf5f86fcdL;0.500000;1503113995;1503113995
1;96;8048;0x9894f250ca4c1033b65abc9e6b5a1ea6e9c50206752efd8a349c0a0055703ced;0x8ce1c3dd2dc2195ea17812be35f6943d620ebc489c4e5572e29f605e82f48cc8;0xf5f86fcd;0xf5f86fcdL;0.500000;1503113995;1503113995
1;96;8048;0x9894f250ca4c1033b65abc9e6b5a1ea6e9c50206752efd8a349c0a0055703ced;0x8ce1c3dd2dc2195ea17812be35f6943d620ebc489c4e5572e29f605e82f48cc8;0xf5f86fcd;0xf5f86fcdL;0.500000;1503113995;1503113995
1;96;8048;0x9894f250ca4c1033b65abc9e6b5a1ea6e9c50206752efd8a349c0a0055703ced;0x8ce1c3dd2dc2195ea17812be35f6943d620ebc489c4e5572e29f605e82f48cc8;0xf5f86fcd;0xf5f86fcdL;0.500000;1503113995;1503113995
1;96;8048;0x9894f250ca4c1033b65abc9e6b5a1ea6e9c50206752efd8a349c0a0055703ced;0x8ce1c3dd2dc2195ea17812be35f6943d620ebc489c4e5572e29f605e82f48cc8;0xf5f86fcd;0xf5f86fcdL;0.500000;1503113996;1503113996
0;96;8048;0xd141a822c93672737e5a8af6c836cd44458afadb67ca5eb41a4489d7c6da4697;0xdc4d4c8254242995a1c3fde5472f527b9726ae50090dcfa137fc2e9ae574a9c0;0x64f4be09;0xac241084L;0.500000;1503113996;1503113996
0;96;8048;0xd141a822c93672737e5a8af6c836cd44458afadb67ca5eb41a4489d7c6da4697;0xdc4d4c8254242995a1c3fde5472f527b9726ae50090dcfa137fc2e9ae574a9c0;0x64f4be09;0xac241084L;0.500000;1503113996;1503113996
0;96;8048;0xd141a822c93672737e5a8af6c836cd44458afadb67ca5eb41a4489d7c6da4697;0xdc4d4c8254242995a1c3fde5472f527b9726ae50090dcfa137fc2e9ae574a9c0;0x64f4be09;0xac241084L;0.500000;1503113996;1503113996
0;96;8048;0xd141a822c93672737e5a8af6c836cd44458afadb67ca5eb41a4489d7c6da4697;0xdc4d4c8254242995a1c3fde5472f527b9726ae50090dcfa137fc2e9ae574a9c0;0x64f4be09;0xac241084L;0.500000;1503113996;1503113997
1;96;8048;0xd684dd5d6455dfd94e866b4afe35d6b3326aad89dd8e87ca40f2423ca0b2ac76;0x3e7180576f0c45dac0b48224487157afcc4339595620bdcd6c08a50929384cc2;0x3d5f6207;0x3d5f6207L;0.500000;1503113997;1503113997
1;96;8048;0xd684dd5d6455dfd94e866b4afe35d6b3326aad89dd8e87ca40f2423ca0b2ac76;0x3e7180576f0c45dac0b48224487157afcc4339595620bdcd6c08a50929384cc2;0x3d5f6207;0x3d5f6207L;0.500000;1503113997;1503113997
