0;96;8048;0x94353aac948f431b3827f19613c3b21e24ac5970ec5ef46e9adb97f6f0e09985;0xa5de93e72252240063c8ea8a21138b9c48f09808f90b231d77aa1545db3f885a;0xf53a9596;0x164e2132L;0.500000;1503126532;1503126532
0;96;8048;0x94353aac948f431b3827f19613c3b21e24ac5970ec5ef46e9adb97f6f0e09985;0xa5de93e72252240063c8ea8a21138b9c48f09808f90b231d77aa1545db3f885a;0xf53a9596;0x164e2132L;0.500000;1503126532;1503126532
0;96;8048;0x94353aac948f431b3827f19613c3b21e24ac5970ec5ef46e9adb97f6f0e09985;0xa5de93e72252240063c8ea8a21138b9c48f09808f90b231d77aa1545db3f885a;0xf53a9596;0x164e2132L;0.500000;1503126532;1503126532
0;96;8048;0x94353aac948f431b3827f19613c3b21e24ac5970ec5ef46e9adb97f6f0e09985;0xa5de93e72252240063c8ea8a21138b9c48f09808f90b231d77aa1545db3f885a;0xf53a9596;0x164e2132L;0.500000;1503126532;1503126533
1;96;8048;0x969c395f071acbecc2de938f82cca132c6966816bf1eb2373bd5c6a94833edde;0x4f09b2a66c5a2fb490786d07d39b573a83be6ef24f019fb34f70f33c226403b3;0x7f98ca40;0x7f98ca40L;0.500000;1503126533;1503126533
1;96;8048;0x969c395f071acbecc2de938f82cca132c6966816bf1eb2373bd5c6a94833edde;0x4f09b2a66c5a2fb490786d07d39b573a83be6ef24f019fb34f70f33c226403b3;0x7f98ca40;0x7f98ca40L;0.500000;1503126533;1503126533
1;96;8048;0x969c395f071acbecc2de938f82cca132c6966816bf1eb2373bd5c6a94833edde;0x4f09b2a66c5a2fb490786d07d39b573a83be6ef24f019fb34f70f33c226403b3;0x7f98ca40;0x7f98ca40L;0.500000;1503126533;1503126533
1;96;8048;0x969c395f071acbecc2de938f82cca132c6966816bf1eb2373bd5c6a94833edde;0x4f09b2a66c5a2fb490786d07d39b573a83be6ef24f019fb34f70f33c226403b3;0x7f98ca40;0x7f98ca40L;0.500000;1503126533;1503126533
1;96;8048;0x969c395f071acbecc2de938f82cca132c6966816bf1eb2373bd5c6a94833edde;0x4f09b2a66c5a2fb490786d07d39b573a83be6ef24f019fb34f70f33c226403b3;0x7f98ca40;0x7f98ca40L;0.500000;1503126534;1503126534
1;96;8048;0x953c235bc01ab724778852a2a95e43791506b9e518049aca1c7628376e4ff403;0x6071ff7b9e62ae51e89f21a98db9f45b27542880c75acb09f20838e96ff7048a;0x446746bf;0x446746bfL;0.500000;1503126534;1503126534
1;96;8048;0x953c235bc01ab724778852a2a95e43791506b9e518049aca1c7628376e4ff403;0x6071ff7b9e62ae51e89f21a98db9f45b27542880c75acb09f20838e96ff7048a;0x446746bf;0x446746bfL;0.500000;1503126534;1503126534
1;96;8048;0x953c235bc01ab724778852a2a95e43791506b9e518049aca1c7628376e4ff403;0x6071ff7b9e62ae51e89f21a98db9f45b27542880c75acb09f20838e96ff7048a;0x446746bf;0x446746bfL;0.500000;1503126534;1503126535
1;96;8048;0x6f4394221b13f3399fec1f49ec7b7b85ba442d61da2f032bf14ad51c5cbc9bcc;0x7d2f41192faea036955de0ca6d5863f8eb9fb5ec090b3754a7b0c1d1de6f5759;0xf00ef79a;0xf00ef79aL;0.500000;1503126535;1503126535
1;96;8048;0x6f4394221b13f3399fec1f49ec7b7b85ba442d61da2f032bf14ad51c5cbc9bcc;0x7d2f41192faea036955de0ca6d5863f8eb9fb5ec090b3754a7b0c1d1de6f5759;0xf00ef79a;0xf00ef79aL;0.500000;1503126535;1503126535
1;96;8048;0x6f4394221b13f3399fec1f49ec7b7b85ba442d61da2f032bf14ad51c5cbc9bcc;0x7d2f41192faea036955de0ca6d5863f8eb9fb5ec090b3754a7b0c1d1de6f5759;0xf00ef79a;0xf00ef79aL;0.500000;1503126535;1503126535
1;96;8048;0x6f4394221b13f3399fec1f49ec7b7b85ba442d61da2f032bf14ad51c5cbc9bcc;0x7d2f41192faea036955de0ca6d5863f8eb9fb5ec090b3754a7b0c1d1de6f5759;0xf00ef79a;0xf00ef79aL;0.500000;1503126535;1503126536
1;96;8048;0xead59fa9de92d690e5ddf7b55cfc97f180585a01a4571ecbd7758ac463aa954d;0x6d98c034d1890c5e0eb42434e09b9dfe2fb08aa7d0417ac9e932fc60a793fc16;0xba3f121b;0xba3f121bL;0.500000;1503126536;1503126536
1;96;8048;0xead59fa9de92d690e5ddf7b55cfc97f180585a01a4571ecbd7758ac463aa954d;0x6d98c034d1890c5e0eb42434e09b9dfe2fb08aa7d0417ac9e932fc60a793fc16;0xba3f121b;0xba3f121bL;0.500000;1503126536;1503126536
1;96;8048;0xead59fa9de92d690e5ddf7b55cfc97f180585a01a4571ecbd7758ac463aa954d;0x6d98c034d1890c5e0eb42434e09b9dfe2fb08aa7d0417ac9e932fc60a793fc16;0xba3f121b;0xba3f121bL;0.500000;1503126536;1503126536
1;96;8048;0xead59fa9de92d690e5ddf7b55cfc97f180585a01a4571ecbd7758ac463aa954d;0x6d98c034d1890c5e0eb42434e09b9dfe2fb08aa7d0417ac9e932fc60a793fc16;0xba3f121b;0xba3f121bL;0.500000;1503126536;1503126537
