1;96;8048;0x1d30af8f78da5cdce1df8fd99c8a597184adc99bbef7ebcdffcf08e273dc5f91;0x97b5abd48f2ed358d68732bc19d0dc201236d9f1ccd4c3ebfabfbbe83f43c549;0x4b723dff;0x4b723dffL;0.500000;1503082669;1503082669
1;96;8048;0x1d30af8f78da5cdce1df8fd99c8a597184adc99bbef7ebcdffcf08e273dc5f91;0x97b5abd48f2ed358d68732bc19d0dc201236d9f1ccd4c3ebfabfbbe83f43c549;0x4b723dff;0x4b723dffL;0.500000;1503082669;1503082669
1;96;8048;0x1d30af8f78da5cdce1df8fd99c8a597184adc99bbef7ebcdffcf08e273dc5f91;0x97b5abd48f2ed358d68732bc19d0dc201236d9f1ccd4c3ebfabfbbe83f43c549;0x4b723dff;0x4b723dffL;0.500000;1503082669;1503082669
1;96;8048;0x1d30af8f78da5cdce1df8fd99c8a597184adc99bbef7ebcdffcf08e273dc5f91;0x97b5abd48f2ed358d68732bc19d0dc201236d9f1ccd4c3ebfabfbbe83f43c549;0x4b723dff;0x4b723dffL;0.500000;1503082669;1503082670
1;96;8048;0xff175549548f08684520b013d810f4a9ba05a1110a094ecca8be76d7fdd3a9fc;0xe1c2d9b62688f6297d4a1680a9b40eaf8e04476211ce1a4d3bfff99c95d572dd;0x6ea9be23;0x6ea9be23L;0.500000;1503082670;1503082670
1;96;8048;0xff175549548f08684520b013d810f4a9ba05a1110a094ecca8be76d7fdd3a9fc;0xe1c2d9b62688f6297d4a1680a9b40eaf8e04476211ce1a4d3bfff99c95d572dd;0x6ea9be23;0x6ea9be23L;0.500000;1503082670;1503082670
1;96;8048;0xff175549548f08684520b013d810f4a9ba05a1110a094ecca8be76d7fdd3a9fc;0xe1c2d9b62688f6297d4a1680a9b40eaf8e04476211ce1a4d3bfff99c95d572dd;0x6ea9be23;0x6ea9be23L;0.500000;1503082670;1503082671
1;96;8048;0xa96640e68a721375f6398c9ae0ae3647bd5874689ef48b1d33043505520b06fc;0x8db7b6a3331cd6fdd394dc2592ccb957c708da650d5b8886c5a6543ff59c0289;0x9d9eaed0;0x9d9eaed0L;0.500000;1503082671;1503082671
1;96;8048;0xa96640e68a721375f6398c9ae0ae3647bd5874689ef48b1d33043505520b06fc;0x8db7b6a3331cd6fdd394dc2592ccb957c708da650d5b8886c5a6543ff59c0289;0x9d9eaed0;0x9d9eaed0L;0.500000;1503082671;1503082671
1;96;8048;0xa96640e68a721375f6398c9ae0ae3647bd5874689ef48b1d33043505520b06fc;0x8db7b6a3331cd6fdd394dc2592ccb957c708da650d5b8886c5a6543ff59c0289;0x9d9eaed0;0x9d9eaed0L;0.500000;1503082671;1503082671
1;96;8048;0xa96640e68a721375f6398c9ae0ae3647bd5874689ef48b1d33043505520b06fc;0x8db7b6a3331cd6fdd394dc2592ccb957c708da650d5b8886c5a6543ff59c0289;0x9d9eaed0;0x9d9eaed0L;0.500000;1503082672;1503082672
1;96;8048;0x26f86cc0d26ebb4c541d44102987835f8fd2d15c0b31d7916c6d5857b4ac20da;0x870eaae8bfce770bb1cd6b0306d66f9e4501df572a4b8ef600076e720a7928aa;0x841e139c;0x841e139cL;0.500000;1503082672;1503082672
1;96;8048;0x26f86cc0d26ebb4c541d44102987835f8fd2d15c0b31d7916c6d5857b4ac20da;0x870eaae8bfce770bb1cd6b0306d66f9e4501df572a4b8ef600076e720a7928aa;0x841e139c;0x841e139cL;0.500000;1503082672;1503082672
1;96;8048;0x26f86cc0d26ebb4c541d44102987835f8fd2d15c0b31d7916c6d5857b4ac20da;0x870eaae8bfce770bb1cd6b0306d66f9e4501df572a4b8ef600076e720a7928aa;0x841e139c;0x841e139cL;0.500000;1503082672;1503082673
1;96;8048;0xc1de1756c0b2a45ab17377b4930d00bc57bae7b653b212e4c984eeb23eba32ff;0x5349e6f2de3f3660ce85ea9004854899811b5d3830c19bb51f6eedf891e1cc00;0xbb8c87e7;0xbb8c87e7L;0.500000;1503082673;1503082673
1;96;8048;0xc1de1756c0b2a45ab17377b4930d00bc57bae7b653b212e4c984eeb23eba32ff;0x5349e6f2de3f3660ce85ea9004854899811b5d3830c19bb51f6eedf891e1cc00;0xbb8c87e7;0xbb8c87e7L;0.500000;1503082673;1503082673
1;96;8048;0xc1de1756c0b2a45ab17377b4930d00bc57bae7b653b212e4c984eeb23eba32ff;0x5349e6f2de3f3660ce85ea9004854899811b5d3830c19bb51f6eedf891e1cc00;0xbb8c87e7;0xbb8c87e7L;0.500000;1503082673;1503082674
0;96;8048;0x59871055d1550a7061943118b5b37bedc9866064bdc43bf737e9be822f5a2e88;0xc5e376d0b19465cce8f59bf6b43a5aa31bb4d6cb2ada1a20c75dd251e57f5b97;0x26495d8b;0xda83b82eL;0.500000;1503082674;1503082674
0;96;8048;0x59871055d1550a7061943118b5b37bedc9866064bdc43bf737e9be822f5a2e88;0xc5e376d0b19465cce8f59bf6b43a5aa31bb4d6cb2ada1a20c75dd251e57f5b97;0x26495d8b;0xda83b82eL;0.500000;1503082674;1503082674
0;96;8048;0x59871055d1550a7061943118b5b37bedc9866064bdc43bf737e9be822f5a2e88;0xc5e376d0b19465cce8f59bf6b43a5aa31bb4d6cb2ada1a20c75dd251e57f5b97;0x26495d8b;0xda83b82eL;0.500000;1503082674;1503082674
