1;96;8048;0xf719ba1ae0879defb87400e06a1ea982cf57715673223debc391dce1f362f5ea;0x6967d51732b8c8af4af06a8a3b1815794aae7617f79e26dbd09fbf01a57ef221;0x83a1b87f;0x83a1b87fL;0.500000;1503139635;1503139636
1;96;8048;0xd3857ef467ff469753118c8430a0601588d751b84bb4f3da24e9a4ea6e3f5c42;0x67c325f4cb22739247242104f85a3d475a8d9a64000b6876a8fd6702a40828cb;0x22381bc0;0x22381bc0L;0.500000;1503139636;1503139636
1;96;8048;0xd3857ef467ff469753118c8430a0601588d751b84bb4f3da24e9a4ea6e3f5c42;0x67c325f4cb22739247242104f85a3d475a8d9a64000b6876a8fd6702a40828cb;0x22381bc0;0x22381bc0L;0.500000;1503139636;1503139636
1;96;8048;0xd3857ef467ff469753118c8430a0601588d751b84bb4f3da24e9a4ea6e3f5c42;0x67c325f4cb22739247242104f85a3d475a8d9a64000b6876a8fd6702a40828cb;0x22381bc0;0x22381bc0L;0.500000;1503139636;1503139636
1;96;8048;0xd3857ef467ff469753118c8430a0601588d751b84bb4f3da24e9a4ea6e3f5c42;0x67c325f4cb22739247242104f85a3d475a8d9a64000b6876a8fd6702a40828cb;0x22381bc0;0x22381bc0L;0.500000;1503139636;1503139636
1;96;8048;0xd3857ef467ff469753118c8430a0601588d751b84bb4f3da24e9a4ea6e3f5c42;0x67c325f4cb22739247242104f85a3d475a8d9a64000b6876a8fd6702a40828cb;0x22381bc0;0x22381bc0L;0.500000;1503139636;1503139637
1;96;8048;0xdfcac5a1c42f8086ca3699ca7ef44b48b2fd83228e69667eb24f80b99882ce77;0x4bd3cfe00ab8fb84e4742bea1cdf810b819b36e1b655b24ec06dea78de69711e;0x7916ca8b;0x7916ca8bL;0.500000;1503139637;1503139637
1;96;8048;0xdfcac5a1c42f8086ca3699ca7ef44b48b2fd83228e69667eb24f80b99882ce77;0x4bd3cfe00ab8fb84e4742bea1cdf810b819b36e1b655b24ec06dea78de69711e;0x7916ca8b;0x7916ca8bL;0.500000;1503139637;1503139637
1;96;8048;0xdfcac5a1c42f8086ca3699ca7ef44b48b2fd83228e69667eb24f80b99882ce77;0x4bd3cfe00ab8fb84e4742bea1cdf810b819b36e1b655b24ec06dea78de69711e;0x7916ca8b;0x7916ca8bL;0.500000;1503139637;1503139637
1;96;8048;0xdfcac5a1c42f8086ca3699ca7ef44b48b2fd83228e69667eb24f80b99882ce77;0x4bd3cfe00ab8fb84e4742bea1cdf810b819b36e1b655b24ec06dea78de69711e;0x7916ca8b;0x7916ca8bL;0.500000;1503139637;1503139638
1;96;8048;0x8f63c530a316bf9098de3e5af30ed021f9a9f696b189d8db157000b8020ea891;0xc86e9235651c08953336a37234465e5834fe1816dec53463c908cbf3d4be5da3;0x1a26cdd7;0x1a26cdd7L;0.500000;1503139638;1503139638
1;96;8048;0x8f63c530a316bf9098de3e5af30ed021f9a9f696b189d8db157000b8020ea891;0xc86e9235651c08953336a37234465e5834fe1816dec53463c908cbf3d4be5da3;0x1a26cdd7;0x1a26cdd7L;0.500000;1503139638;1503139638
1;96;8048;0x8f63c530a316bf9098de3e5af30ed021f9a9f696b189d8db157000b8020ea891;0xc86e9235651c08953336a37234465e5834fe1816dec53463c908cbf3d4be5da3;0x1a26cdd7;0x1a26cdd7L;0.500000;1503139638;1503139638
1;96;8048;0x8f63c530a316bf9098de3e5af30ed021f9a9f696b189d8db157000b8020ea891;0xc86e9235651c08953336a37234465e5834fe1816dec53463c908cbf3d4be5da3;0x1a26cdd7;0x1a26cdd7L;0.500000;1503139638;1503139638
1;96;8048;0x8f63c530a316bf9098de3e5af30ed021f9a9f696b189d8db157000b8020ea891;0xc86e9235651c08953336a37234465e5834fe1816dec53463c908cbf3d4be5da3;0x1a26cdd7;0x1a26cdd7L;0.500000;1503139638;1503139639
0;96;8048;0x4c2d107a03dc0904443e4d65571bb5f64c4a4f42a37ceff2e57aad6bd71bdd23;0x09085c38c00f8a938f80a0ecf9b50f2caae2181615937c56b52b26d644cd3416;0xc65581fa;0xc655817aL;0.500000;1503139639;1503139639
0;96;8048;0x4c2d107a03dc0904443e4d65571bb5f64c4a4f42a37ceff2e57aad6bd71bdd23;0x09085c38c00f8a938f80a0ecf9b50f2caae2181615937c56b52b26d644cd3416;0xc65581fa;0xc655817aL;0.500000;1503139639;1503139639
0;96;8048;0x4c2d107a03dc0904443e4d65571bb5f64c4a4f42a37ceff2e57aad6bd71bdd23;0x09085c38c00f8a938f80a0ecf9b50f2caae2181615937c56b52b26d644cd3416;0xc65581fa;0xc655817aL;0.500000;1503139639;1503139639
0;96;8048;0x4c2d107a03dc0904443e4d65571bb5f64c4a4f42a37ceff2e57aad6bd71bdd23;0x09085c38c00f8a938f80a0ecf9b50f2caae2181615937c56b52b26d644cd3416;0xc65581fa;0xc655817aL;0.500000;1503139639;1503139639
0;96;8048;0x4c2d107a03dc0904443e4d65571bb5f64c4a4f42a37ceff2e57aad6bd71bdd23;0x09085c38c00f8a938f80a0ecf9b50f2caae2181615937c56b52b26d644cd3416;0xc65581fa;0xc655817aL;0.500000;1503139640;1503139640
