0;96;8048;0xae6262e046b0bfb656920e80d7044c07d4842e65b228cb8b1fd1e972b3c5d661;0x3e20d4fdab6607ffe7ba9309928442139e81efe27937c3dfbad1e86cb8117b83;0x69cb95b6;0xfc4fd7c9L;0.500000;1503076647;1503076647
0;96;8048;0xae6262e046b0bfb656920e80d7044c07d4842e65b228cb8b1fd1e972b3c5d661;0x3e20d4fdab6607ffe7ba9309928442139e81efe27937c3dfbad1e86cb8117b83;0x69cb95b6;0xfc4fd7c9L;0.500000;1503076647;1503076647
0;96;8048;0xae6262e046b0bfb656920e80d7044c07d4842e65b228cb8b1fd1e972b3c5d661;0x3e20d4fdab6607ffe7ba9309928442139e81efe27937c3dfbad1e86cb8117b83;0x69cb95b6;0xfc4fd7c9L;0.500000;1503076647;1503076647
0;96;8048;0xae6262e046b0bfb656920e80d7044c07d4842e65b228cb8b1fd1e972b3c5d661;0x3e20d4fdab6607ffe7ba9309928442139e81efe27937c3dfbad1e86cb8117b83;0x69cb95b6;0xfc4fd7c9L;0.500000;1503076647;1503076648
1;96;8048;0xd6ae038aef81148af4fc0b19e1cb8f4a6aef6b464942cad8b84260d462e4cc39;0xcab241787024e6538c0d9e2dc5ad750393e0001e1489004f5f3c563ad2506485;0xfb14dd94;0xfb14dd94L;0.500000;1503076648;1503076648
1;96;8048;0xd6ae038aef81148af4fc0b19e1cb8f4a6aef6b464942cad8b84260d462e4cc39;0xcab241787024e6538c0d9e2dc5ad750393e0001e1489004f5f3c563ad2506485;0xfb14dd94;0xfb14dd94L;0.500000;1503076648;1503076648
1;96;8048;0xd6ae038aef81148af4fc0b19e1cb8f4a6aef6b464942cad8b84260d462e4cc39;0xcab241787024e6538c0d9e2dc5ad750393e0001e1489004f5f3c563ad2506485;0xfb14dd94;0xfb14dd94L;0.500000;1503076648;1503076648
1;96;8048;0xd6ae038aef81148af4fc0b19e1cb8f4a6aef6b464942cad8b84260d462e4cc39;0xcab241787024e6538c0d9e2dc5ad750393e0001e1489004f5f3c563ad2506485;0xfb14dd94;0xfb14dd94L;0.500000;1503076648;1503076649
1;96;8048;0xa64858c1257386f364104f485f051893e705e72d269ba6459076edf852454ff9;0x089a0ba22e2b48df254d670f6fdd2f18ba3f4c32d88de57507452104ab2286f5;0xde13bf45;0xde13bf45L;0.500000;1503076649;1503076649
1;96;8048;0xa64858c1257386f364104f485f051893e705e72d269ba6459076edf852454ff9;0x089a0ba22e2b48df254d670f6fdd2f18ba3f4c32d88de57507452104ab2286f5;0xde13bf45;0xde13bf45L;0.500000;1503076649;1503076649
1;96;8048;0xa64858c1257386f364104f485f051893e705e72d269ba6459076edf852454ff9;0x089a0ba22e2b48df254d670f6fdd2f18ba3f4c32d88de57507452104ab2286f5;0xde13bf45;0xde13bf45L;0.500000;1503076649;1503076649
1;96;8048;0xa64858c1257386f364104f485f051893e705e72d269ba6459076edf852454ff9;0x089a0ba22e2b48df254d670f6fdd2f18ba3f4c32d88de57507452104ab2286f5;0xde13bf45;0xde13bf45L;0.500000;1503076649;1503076650
1;96;8048;0x25d7cadf147475078b1366a4a6b0c5f3fbce2276f8708310ec4ee393cc6b69f1;0xcd1df14c59eca2900624543d6d37cee9d4e79a20ccc3797af7bb9c0553915f47;0x327abdf5;0x327abdf5L;0.500000;1503076650;1503076650
1;96;8048;0x25d7cadf147475078b1366a4a6b0c5f3fbce2276f8708310ec4ee393cc6b69f1;0xcd1df14c59eca2900624543d6d37cee9d4e79a20ccc3797af7bb9c0553915f47;0x327abdf5;0x327abdf5L;0.500000;1503076650;1503076650
1;96;8048;0x25d7cadf147475078b1366a4a6b0c5f3fbce2276f8708310ec4ee393cc6b69f1;0xcd1df14c59eca2900624543d6d37cee9d4e79a20ccc3797af7bb9c0553915f47;0x327abdf5;0x327abdf5L;0.500000;1503076650;1503076650
1;96;8048;0x25d7cadf147475078b1366a4a6b0c5f3fbce2276f8708310ec4ee393cc6b69f1;0xcd1df14c59eca2900624543d6d37cee9d4e79a20ccc3797af7bb9c0553915f47;0x327abdf5;0x327abdf5L;0.500000;1503076650;1503076651
1;96;8048;0xfd6c25fec7d517f9acdd4a264e285a3a3965f5fc6fbc655afba42a1c23a7e220;0x9e66d95d2a84037111868a8a2703d771cafccd6e813c35a5ab7091f3f5a415ed;0x41fe7703;0x41fe7703L;0.500000;1503076651;1503076651
1;96;8048;0xfd6c25fec7d517f9acdd4a264e285a3a3965f5fc6fbc655afba42a1c23a7e220;0x9e66d95d2a84037111868a8a2703d771cafccd6e813c35a5ab7091f3f5a415ed;0x41fe7703;0x41fe7703L;0.500000;1503076651;1503076651
1;96;8048;0xfd6c25fec7d517f9acdd4a264e285a3a3965f5fc6fbc655afba42a1c23a7e220;0x9e66d95d2a84037111868a8a2703d771cafccd6e813c35a5ab7091f3f5a415ed;0x41fe7703;0x41fe7703L;0.500000;1503076651;1503076651
1;96;8048;0xfd6c25fec7d517f9acdd4a264e285a3a3965f5fc6fbc655afba42a1c23a7e220;0x9e66d95d2a84037111868a8a2703d771cafccd6e813c35a5ab7091f3f5a415ed;0x41fe7703;0x41fe7703L;0.500000;1503076652;1503076652
