1;96;8048;0x529395189fa134e951d9d7864feb0fdb5689f587a125c3673c02b37b2edc5381;0x2d4c541c770b511181cf972a8ad981e2693b0767e4a7138ce3ebe9a81bb45562;0x2dece94f;0x2dece94fL;0.500000;1503081935;1503081936
1;96;8048;0x8cba58edd78a9880174bf41560010dc413962f8921cd0d480b887c47fef5538b;0xddd7fc5d81d25e4370f6870558a4f03eeef182b953da0959cb46823960d7c9ce;0xaf7f3e4c;0xaf7f3e4cL;0.500000;1503081936;1503081936
1;96;8048;0x8cba58edd78a9880174bf41560010dc413962f8921cd0d480b887c47fef5538b;0xddd7fc5d81d25e4370f6870558a4f03eeef182b953da0959cb46823960d7c9ce;0xaf7f3e4c;0xaf7f3e4cL;0.500000;1503081936;1503081936
1;96;8048;0x8cba58edd78a9880174bf41560010dc413962f8921cd0d480b887c47fef5538b;0xddd7fc5d81d25e4370f6870558a4f03eeef182b953da0959cb46823960d7c9ce;0xaf7f3e4c;0xaf7f3e4cL;0.500000;1503081936;1503081937
1;96;8048;0xc963e2c5e064678647ef9afd608d3a85d35aa52c2e7b0c675743af0279718542;0xc2b9391a35ac7b91aa205ab78cce58651cf4626f29760f326b37ed60a5f9da87;0xdf9d11cc;0xdf9d11ccL;0.500000;1503081937;1503081937
1;96;8048;0xc963e2c5e064678647ef9afd608d3a85d35aa52c2e7b0c675743af0279718542;0xc2b9391a35ac7b91aa205ab78cce58651cf4626f29760f326b37ed60a5f9da87;0xdf9d11cc;0xdf9d11ccL;0.500000;1503081937;1503081937
1;96;8048;0xc963e2c5e064678647ef9afd608d3a85d35aa52c2e7b0c675743af0279718542;0xc2b9391a35ac7b91aa205ab78cce58651cf4626f29760f326b37ed60a5f9da87;0xdf9d11cc;0xdf9d11ccL;0.500000;1503081937;1503081937
1;96;8048;0xc963e2c5e064678647ef9afd608d3a85d35aa52c2e7b0c675743af0279718542;0xc2b9391a35ac7b91aa205ab78cce58651cf4626f29760f326b37ed60a5f9da87;0xdf9d11cc;0xdf9d11ccL;0.500000;1503081937;1503081938
1;96;8048;0xd898446236ba045f93051b575999ba9ba8b483db2f4fabf89cc5b11329562801;0x822921837559b838057e7b7531d6ac2f2fdf3a8ada0efd30a87048b8514db902;0xb46e22e4;0xb46e22e4L;0.500000;1503081938;1503081938
1;96;8048;0xd898446236ba045f93051b575999ba9ba8b483db2f4fabf89cc5b11329562801;0x822921837559b838057e7b7531d6ac2f2fdf3a8ada0efd30a87048b8514db902;0xb46e22e4;0xb46e22e4L;0.500000;1503081938;1503081938
1;96;8048;0xd898446236ba045f93051b575999ba9ba8b483db2f4fabf89cc5b11329562801;0x822921837559b838057e7b7531d6ac2f2fdf3a8ada0efd30a87048b8514db902;0xb46e22e4;0xb46e22e4L;0.500000;1503081938;1503081939
0;96;8048;0x57c1bf81708c2b642fe53489268877db459f275f2eee2f4ce2c93d86dee06735;0x68b4c8b199bbd15908a63993e63fda2a161268d83e9673e41a85bf8eea102e0d;0xbda13d50;0xa3e1177aL;0.500000;1503081939;1503081939
0;96;8048;0x57c1bf81708c2b642fe53489268877db459f275f2eee2f4ce2c93d86dee06735;0x68b4c8b199bbd15908a63993e63fda2a161268d83e9673e41a85bf8eea102e0d;0xbda13d50;0xa3e1177aL;0.500000;1503081939;1503081939
0;96;8048;0x57c1bf81708c2b642fe53489268877db459f275f2eee2f4ce2c93d86dee06735;0x68b4c8b199bbd15908a63993e63fda2a161268d83e9673e41a85bf8eea102e0d;0xbda13d50;0xa3e1177aL;0.500000;1503081939;1503081940
1;96;8048;0x90260a8d2844d74d5d51ee6dc295f991b6286dcf73c322d8f28af9c00553fa95;0xa2d95dea112e15e7d8193ac64070df28cb45ec28b1b360bbbfe45125abc0a431;0x28aeb05e;0x28aeb05eL;0.500000;1503081940;1503081940
1;96;8048;0x90260a8d2844d74d5d51ee6dc295f991b6286dcf73c322d8f28af9c00553fa95;0xa2d95dea112e15e7d8193ac64070df28cb45ec28b1b360bbbfe45125abc0a431;0x28aeb05e;0x28aeb05eL;0.500000;1503081940;1503081940
1;96;8048;0x90260a8d2844d74d5d51ee6dc295f991b6286dcf73c322d8f28af9c00553fa95;0xa2d95dea112e15e7d8193ac64070df28cb45ec28b1b360bbbfe45125abc0a431;0x28aeb05e;0x28aeb05eL;0.500000;1503081940;1503081941
1;96;8048;0x6b26741ae526132d9b76b47220b3d8e317677af6f5ad373f7951d4a2ee7d9d59;0xfc9c2d3de9823d67d979ec7ed1b01ed216f899a4abc2106c38ee9272e68885f0;0x2c6eb77c;0x2c6eb77cL;0.500000;1503081941;1503081941
1;96;8048;0x6b26741ae526132d9b76b47220b3d8e317677af6f5ad373f7951d4a2ee7d9d59;0xfc9c2d3de9823d67d979ec7ed1b01ed216f899a4abc2106c38ee9272e68885f0;0x2c6eb77c;0x2c6eb77cL;0.500000;1503081941;1503081941
1;96;8048;0x6b26741ae526132d9b76b47220b3d8e317677af6f5ad373f7951d4a2ee7d9d59;0xfc9c2d3de9823d67d979ec7ed1b01ed216f899a4abc2106c38ee9272e68885f0;0x2c6eb77c;0x2c6eb77cL;0.500000;1503081941;1503081941
