1;96;8048;0x94b4401cfce07833bf7b6541e99fd266b089e36dc98c2f1d5025f4e4db678c6f;0x1c15156f3a980d7b0de2390db34e46eb445deba8844e19fe3fac55fcf27eafed;0x6fe125b2;0x6fe125b2L;0.500000;1503080376;1503080376
1;96;8048;0x94b4401cfce07833bf7b6541e99fd266b089e36dc98c2f1d5025f4e4db678c6f;0x1c15156f3a980d7b0de2390db34e46eb445deba8844e19fe3fac55fcf27eafed;0x6fe125b2;0x6fe125b2L;0.500000;1503080376;1503080376
1;96;8048;0x94b4401cfce07833bf7b6541e99fd266b089e36dc98c2f1d5025f4e4db678c6f;0x1c15156f3a980d7b0de2390db34e46eb445deba8844e19fe3fac55fcf27eafed;0x6fe125b2;0x6fe125b2L;0.500000;1503080376;1503080377
1;96;8048;0x1022345c48f859eeb36c8dea95f1d6108da9072ee95951223ecfe71274b79084;0x32bfbefb346da765f415c84ae75943585decf439904dfa73edc70b6e68b7ae18;0xefb7ec07;0xefb7ec07L;0.500000;1503080377;1503080377
1;96;8048;0x1022345c48f859eeb36c8dea95f1d6108da9072ee95951223ecfe71274b79084;0x32bfbefb346da765f415c84ae75943585decf439904dfa73edc70b6e68b7ae18;0xefb7ec07;0xefb7ec07L;0.500000;1503080377;1503080377
1;96;8048;0x1022345c48f859eeb36c8dea95f1d6108da9072ee95951223ecfe71274b79084;0x32bfbefb346da765f415c84ae75943585decf439904dfa73edc70b6e68b7ae18;0xefb7ec07;0xefb7ec07L;0.500000;1503080377;1503080377
1;96;8048;0x1022345c48f859eeb36c8dea95f1d6108da9072ee95951223ecfe71274b79084;0x32bfbefb346da765f415c84ae75943585decf439904dfa73edc70b6e68b7ae18;0xefb7ec07;0xefb7ec07L;0.500000;1503080377;1503080378
1;96;8048;0x601052797a495c942947d65e3a86d625329e6892af345dc1977308a087f303e7;0xd6b956b2630735a0cf40f8df6a1532c9c18f9115c017d58cc8a89635a67da62e;0x63a5f240;0x63a5f240L;0.500000;1503080378;1503080378
1;96;8048;0x601052797a495c942947d65e3a86d625329e6892af345dc1977308a087f303e7;0xd6b956b2630735a0cf40f8df6a1532c9c18f9115c017d58cc8a89635a67da62e;0x63a5f240;0x63a5f240L;0.500000;1503080378;1503080378
1;96;8048;0x601052797a495c942947d65e3a86d625329e6892af345dc1977308a087f303e7;0xd6b956b2630735a0cf40f8df6a1532c9c18f9115c017d58cc8a89635a67da62e;0x63a5f240;0x63a5f240L;0.500000;1503080378;1503080378
1;96;8048;0x601052797a495c942947d65e3a86d625329e6892af345dc1977308a087f303e7;0xd6b956b2630735a0cf40f8df6a1532c9c18f9115c017d58cc8a89635a67da62e;0x63a5f240;0x63a5f240L;0.500000;1503080379;1503080379
1;96;8048;0xa2c2224f038934ff880da44d50a68125e4d3f073d1a29d06fcc14476726ab515;0xca5342d00a218628a4e2e176f868e4f01bcc85c2b0edd4eba8172daf6a697196;0xb441f8a7;0xb441f8a7L;0.500000;1503080379;1503080379
1;96;8048;0xa2c2224f038934ff880da44d50a68125e4d3f073d1a29d06fcc14476726ab515;0xca5342d00a218628a4e2e176f868e4f01bcc85c2b0edd4eba8172daf6a697196;0xb441f8a7;0xb441f8a7L;0.500000;1503080379;1503080379
1;96;8048;0xa2c2224f038934ff880da44d50a68125e4d3f073d1a29d06fcc14476726ab515;0xca5342d00a218628a4e2e176f868e4f01bcc85c2b0edd4eba8172daf6a697196;0xb441f8a7;0xb441f8a7L;0.500000;1503080379;1503080380
1;96;8048;0x8907dc07e18352061a6f715d6988823659b65ca308fb16093683a44a0d03df97;0x77ad20e3c4ecc28b6a877fbd2012ee6a9f74fd3e6300938a1a83d862bd3192cd;0xeb0ff5d3;0xeb0ff5d3L;0.500000;1503080380;1503080380
1;96;8048;0x8907dc07e18352061a6f715d6988823659b65ca308fb16093683a44a0d03df97;0x77ad20e3c4ecc28b6a877fbd2012ee6a9f74fd3e6300938a1a83d862bd3192cd;0xeb0ff5d3;0xeb0ff5d3L;0.500000;1503080380;1503080380
1;96;8048;0x8907dc07e18352061a6f715d6988823659b65ca308fb16093683a44a0d03df97;0x77ad20e3c4ecc28b6a877fbd2012ee6a9f74fd3e6300938a1a83d862bd3192cd;0xeb0ff5d3;0xeb0ff5d3L;0.500000;1503080380;1503080380
1;96;8048;0x8907dc07e18352061a6f715d6988823659b65ca308fb16093683a44a0d03df97;0x77ad20e3c4ecc28b6a877fbd2012ee6a9f74fd3e6300938a1a83d862bd3192cd;0xeb0ff5d3;0xeb0ff5d3L;0.500000;1503080381;1503080381
1;96;8048;0x2ffb7935b0d4d0f190971359b9741ca236d90c852b3ea92b10edb6c1c97e68f8;0xa777c38293deb39420d5d60f0ae7df9274a605f41f1b539f41b820c7419db4d0;0xd5a0fcec;0xd5a0fcecL;0.500000;1503080381;1503080381
1;96;8048;0x2ffb7935b0d4d0f190971359b9741ca236d90c852b3ea92b10edb6c1c97e68f8;0xa777c38293deb39420d5d60f0ae7df9274a605f41f1b539f41b820c7419db4d0;0xd5a0fcec;0xd5a0fcecL;0.500000;1503080381;1503080381
