1;4048;8048;0x1956cd83c36c51deba57d44728c58f30b9595a7243b3f5a2c016e10028421242;0x3827e6771dabae33705573d9c6f25a809e29d9a00737af37b48806d8514abd9a;0x5cfe2ebc;0x5cfe2ebcL;0.500000;1503112840;1503112847
1;4048;8048;0x1e261eebbad1cda177ba892b772f47d93094186b77959d8b8765e97039628157;0x73499f57a74767602d93eed1a63b2847712c1d6dfc817688c5b69981eba5534e;0xb1263abc;0xb1263abcL;0.500000;1503112848;1503112856
1;4048;8048;0x4f34b754016b73c5ee989032a42a119fb46983b754590c31ef02b23ed689c425;0xdb6448801cc8dd5eb1aee90fa06c9e52530c8bb00f44e896c90fdf2e11b8a130;0x104e38fc;0x104e38fcL;0.500000;1503112857;1503112864
1;4048;8048;0xe1b26f5859bd2bfd05818e605e0be54b09877485cce696a65accd46f1781f7f8;0xe2a6e66f1e190dbcd9c2caf8563d3479f98223e6a9e9a9f2c1ae9a86f0a8b2fa;0x0308682b;0x308682bL;0.500000;1503112865;1503112873
1;4048;8048;0xddf3489964bf780a4352d0fc8d3a60dc52af4cb08aef0582de3832528a274468;0x96812734d3e89b151383a5d7dcf7d6d09d52730f0f0b4af1e93ea2f316dd4251;0xbd559926;0xbd559926L;0.500000;1503112874;1503112881
1;4048;8048;0x3466696a09ab3da17f047ce72fd4a519ecc2eb16b7db1e6cab3880c6b8f9b9ec;0x353ef2f45a52d870e8ecbab49b855a0d11435a53a6a744c5b21c002624f83526;0xb12bb1ad;0xb12bb1adL;0.500000;1503112882;1503112890
1;4048;8048;0xf5cb55abb21b932bf0d701dffab155768d91fb63286746828b501532aa54d5a0;0x501f399c3897777777c4447daba351a730fce560b3748759b2e276ee8704a8aa;0xcebccc21;0xcebccc21L;0.500000;1503112891;1503112899
1;4048;8048;0x5f1882d08cb36b0a73213f488514832e8e3629ec63439d736578f330986fe1f7;0xd52e4464706117943a9b81db677819f261b1bba4e0cfa5dd548f7b8a5f4843bc;0x543977cb;0x543977cbL;0.500000;1503112900;1503112907
1;4048;8048;0x68811acdfd83b02038913f9527bd084dbb8bc677bc6d1ecb32d022a8bb0d9724;0x556c43648a3fa2703d8bd44f8d2358fc46de7a8625ee603514ce3f9359424550;0xd789bb03;0xd789bb03L;0.500000;1503112908;1503112916
1;4048;8048;0x9f9267b0d4b0c004110f25f3baec6229a361111b0c951e1a4953791b2ee794cd;0xde803e406510da9179a75c7143d10725f45b1bc61dd831eebfa805621fd717da;0xd0db61ce;0xd0db61ceL;0.500000;1503112917;1503112924
1;4048;8048;0xa1b44f1f35956824a13bddb6e970230fb5f95e271c2dbd8cb767d077d224d974;0x45063ce61f62b6ae3dc1bc595c05fbefcf632818e04d537177a77fa86c2236c9;0x71222ab3;0x71222ab3L;0.500000;1503112925;1503112932
1;4048;8048;0xca692d2623d2d8f0743ab64dad1154f29ab4bcc16d632d9a36e543f1422da90d;0x0dd4aa6cfcc713d289e14ec70425f9d4f2c7b1ee0a4082206f76ad194bc21a2a;0x838a873b;0x838a873bL;0.500000;1503112933;1503112941
1;4048;8048;0x1db664c3a2295ef38c3bca6c633fc76590004b63c07a4aa2fa7921a2d841f7f5;0x12c5561d59c11718d61648fa84978dde71068c010882d9b048edecbd12b59d1c;0x64d7efc9;0x64d7efc9L;0.500000;1503112942;1503112949
1;4048;8048;0xcc190a1654a7ea5ea196aa0f04619928576f910ea38267e9e45976d2b84a8084;0xbc69c7fcca9ffbba7c64db04b8c50bdef79d4e853badc035550057e677191bfb;0xf6f86162;0xf6f86162L;0.500000;1503112950;1503112958
1;4048;8048;0x044eb37cc6452fb9d6cd6c2d6488090541e15751af15b04ae880320589f0878e;0x22fa7d570a1a14c2897e2fb2f5370f915a34bcd06fc6846451471489d84d8ec1;0x275d3eeb;0x275d3eebL;0.500000;1503112959;1503112966
1;4048;8048;0xd9eaa433ec0c3b607aba07b68ae36977e6e25868748e3009906e83b8776edc50;0x7230dc89ebea79edd9a346520e8f614bbe92308e5f371fd03ecf0ac3e5984d8b;0xa8b775bf;0xa8b775bfL;0.500000;1503112967;1503112975
1;4048;8048;0x284164d2cc0ae7388b4ad6d20253aaed61651956046914be61d0b920fc5a9b25;0x0277094cdba46bec2affe894ad25e6ba70e2c25acd998c59c51fa52a0d46f7a1;0x695b871a;0x695b871aL;0.500000;1503112976;1503112984
1;4048;8048;0xf2e63699c8d43e615724e0df35c01939e8f39f761ec92eeb8272b8e9a258e994;0x1e9f19adedc76640136c81770a524057a41d4a34148081c2b0efba96440c848e;0x361b517b;0x361b517bL;0.500000;1503112985;1503112992
1;4048;8048;0xe155fae86e9c40589635d870b032c1b2b7095b089b9b34985bb05b7e975c8278;0xf6d4363fb9ff2b203084611b18e64526554b60483d2c8984c7739f433f47b49c;0xa6fa23fe;0xa6fa23feL;0.500000;1503112993;1503113000
1;4048;8048;0x30430d806ce565366e8817095577a73e5c29e4845e4cb9391f0db0e6ad175ade;0xa886ef105efad3af6671dfc0e033106c7197311c70e82a19ec72b792a0051128;0x7940c774;0x7940c774L;0.500000;1503113002;1503113009
