1;4048;8048;0xe9a8845c6691760fbdb9938b6dd6ade714a8ae7b4062411a007408bd2993b212;0x29e85f6347811bc776e6ca428760dd460825e7cb4dc17a90ca1befc8b3b6c398;0x880ed457;0x880ed457L;0.500000;1503110183;1503110190
1;4048;8048;0x51b63ce982fa7ffc084b107daa5f80c341a7cda4bbfebb280d4e126494bfd7e5;0xcbd4e573e17a114884b5264a230e5cc86e29bf566fe1317973c547bdf4d321c0;0x5eed8c4e;0x5eed8c4eL;0.500000;1503110191;1503110199
1;4048;8048;0x313496989558c33d26db72cf2bfb8cdcd332544583f5d4fb83c3ab33a30603d4;0x8bf6470a22ef736bdce56d809ee315a1a45c35e2a9026f7bce788a1d55070867;0x9a90f181;0x9a90f181L;0.500000;1503110200;1503110207
1;4048;8048;0x203b77302956b3258e2529a53bdb47279b33ed98190cfba14e95bfe77a7f069a;0xac1d99911c666208620ed10d1a7cf0f94fd760d802485bd5e667170f27191f20;0x9d8a71d7;0x9d8a71d7L;0.500000;1503110208;1503110215
1;4048;8048;0x8d4f167b6f2879c06e7f5644ce7cb58d8c164cadf4014588bd9c653d89cf3617;0xbadc1a44ee86796266a39fc281a6dc5b7a6f5dba6e92df70a17dbe996f6da6b3;0x0613031c;0x613031cL;0.500000;1503110216;1503110224
1;4048;8048;0x7458b739e8e67b4b16e318d5db2667e32f24d29770026e938dcc275f7bf354ef;0x8a1f209360999ebf6429762e893387ef606f345d84dc6f1a28d203be4242ff40;0x5760f619;0x5760f619L;0.500000;1503110225;1503110232
1;4048;8048;0xc2c5baa8a0b8026fc436365f6c714f96ddc84c0110ab8b35b08026afc3accc86;0x784abdcf987f4ffb28367c67a00d1ccbc359cde2979481038182e41da0ed0bd0;0x02bdd9f6;0x2bdd9f6L;0.500000;1503110233;1503110240
1;4048;8048;0xa94f8d68dc418094ff5ed91a5c864b0e105742a2a08c9521637bbba7f97828a2;0xab99ccf0cf0e64698e53cd8062ec32df482ea755e960ab03c51d1b34446b5408;0xfd0154ae;0xfd0154aeL;0.500000;1503110241;1503110249
1;4048;8048;0x2893ea7a457c16f3a7ad7438a6ff0249f418488479cbab11f7882e2e259cb94d;0x0530a16c74c6910ce64641c978953b884f8f298b689f73d1488543af657d3856;0xcc59d477;0xcc59d477L;0.500000;1503110250;1503110257
1;4048;8048;0xce35cb18519251d652c55f5e81b1ae1d02aeb02f9efb9c4f2082dd28f8c0fbc7;0xeeeb0f77c285b1fc7e4ebddbab3ee757b0812430b8a835505fce69d022463654;0x68e4e0a8;0x68e4e0a8L;0.500000;1503110258;1503110266
1;4048;8048;0x6a14b9472b162acd804eeca054074683dd35251193b86aea1874e040616f16cb;0x92a83ef7d00dafb60ae99f1bd10dff0f5291a5c728291432704032059ad26990;0xeb10a634;0xeb10a634L;0.500000;1503110267;1503110274
1;4048;8048;0x9c17a1e7583cd4a2af665d66d618d55b6aebc9029385fbeb9fa9a9f29143872d;0xc6a24138f1208f48ca6b5c9d499b804ddd4ae231a50f5229d15b608d03996aa6;0xef7e7725;0xef7e7725L;0.500000;1503110275;1503110282
1;4048;8048;0x4f5b97c0f8b4dd9f9aaa22f537c480aed024446ef3cd62bb369c79017fb0bece;0xe4b89df48f28c67b59eb0b66821ca43da600e26210f2f698af0cd70c4571f624;0x57c70f8e;0x57c70f8eL;0.500000;1503110283;1503110291
1;4048;8048;0xbb145dc74177a400a4dc848f48b7d62d5b02517baebe6822dc3f2a2798947653;0x4e110ab13cc50ce10f7bf4be280d03d4fafcaf6200181aa575f8dabb7b9568ee;0xdd1b0f94;0xdd1b0f94L;0.500000;1503110292;1503110299
1;4048;8048;0x114c9235433b2e14906c8590c6c2a07e3074a2871f0d4138792b2b06d3ad04e4;0x87dd86fe570a6b933c61ecdb810885822e27368244025a55ec0297dadc6cd7d0;0xae5fb3eb;0xae5fb3ebL;0.500000;1503110300;1503110307
1;4048;8048;0xa6d2f3df762ded1b8fe6fa1273b04d9366661a279d2cd17021aae9eb294119cf;0xf4aa599b28c82e423f1cc4f64e2760f529ae3f4365198055c25fdb6b27ae2132;0x816e3de1;0x816e3de1L;0.500000;1503110308;1503110316
1;4048;8048;0x7c8750d3edcc73f84d156a2c152019569cc4d7382f71a5a827aa996fa8bbdc24;0xd85ba145c4a1e8288f10aa0faf27a2d880b00449141ff9627f8173436b9f84e2;0x246c1a8d;0x246c1a8dL;0.500000;1503110317;1503110324
1;4048;8048;0x17b34faf51d07921b2b8166ca33560acb35e67c7e044e0dded4b002eb1049ec8;0x3bc0ac34ba26b126428abf28b91be79006f9729f30d7ef694e8366e79c521617;0x7af2217f;0x7af2217fL;0.500000;1503110325;1503110332
1;4048;8048;0x3109ce61d62c8c54704d4a5f7c0520fc3c54e156cb259d3f1841e25df85c4d2a;0xc5ec2ad73d53dc878d6e0735c4a9aad1271d2f679010acd0f876dd59cc56ecde;0xe6433d59;0xe6433d59L;0.500000;1503110333;1503110340
1;4048;8048;0x78e8088586e75b6a0eaddfadfa9f6c70dfe818d15022782823ed6a2ca670521e;0xd322c6c97414de37a5e63ad6bc5b99179374d2a81baf006d454a9abf806ff281;0x675f13f1;0x675f13f1L;0.500000;1503110341;1503110349
