1;4048;8048;0x51cdcbb82aa9569a51d9662d40f11d283a522c28ccdb368cb283f5876c415fbd;0x70bfb190db8e439cf741c4f826049ebe61459905c68e06a248019b6f7e956c92;0xa1095afb;0xa1095afbL;0.500000;1503079001;1503079011
1;4048;8048;0x7314cefa83e90aee2358629f1fb96c193e047bcfb76ebd58ffeb3bf7ee2ad161;0xc6bc6d44c71296775daab608b4affcb44467f62f6484133d2e6e43deadf12b51;0xa989736a;0xa989736aL;0.500000;1503079012;1503079023
1;4048;8048;0x56d496fb808d9d254cfca3604021b67f37800a6639822fcb32c1ff2e4e7af3a4;0xe3850abe722526e643d8338581e225a18409e22687da3ad1a35d206a9dd62082;0x61ee2858;0x61ee2858L;0.500000;1503079024;1503079034
1;4048;8048;0x46d1720686d4fbcd0f24363825bc8d0b1e2c297c4ee67645848fb22fa7d70eed;0xac924f4d86611cf27818f8e14e8fec0854791e67d7445872f3114a2392c43d9e;0x39c31e88;0x39c31e88L;0.500000;1503079035;1503079044
1;4048;8048;0x5871ac9c7c5e7139047a81cc31a2d183c0e1ffba1a65ca468fbe1091d424502d;0x173b76e7b2e6676bcc8253a76a3f0254fb2a103960d77dc3ddef90826281aba9;0x7faf3dc3;0x7faf3dc3L;0.500000;1503079045;1503079054
1;4048;8048;0xc79f5d3a131bc17e71cb8e3f059cd57886f0ac9932ebc3343a348fe4f8f5debf;0x554a0429e4ab83c677be74d4a0a80d343196f9a9a858449e942b13d6dd4b3f68;0x1eab6f7f;0x1eab6f7fL;0.500000;1503079055;1503079063
1;4048;8048;0x0515e363250760c2462730673238d19a12b14c2644c611060bf09229a25b29a7;0x3a9185f70eaaa6171a8d6bedd4bb7b27540b810acdc40d4813f719999dbbb4bb;0x3614284a;0x3614284aL;0.500000;1503079065;1503079073
1;4048;8048;0xa2930cd74f92b08ed22b00256a5cdc1a5416e3c2f901c0a70e362d79517b6af3;0x6ddee4b4ba3f0f738b837c9d21534b400fdb4b149f8e3e2a10dbae9dc5aaa72f;0x06daa192;0x6daa192L;0.500000;1503079074;1503079082
1;4048;8048;0x74e02897b6a3ae297223137b81b1ec9abb3910ba4225d26b18a61d9213afc387;0x6b4ea6a5d3ee2466a76dc38610abd0735e42ed81131a0cefa84e7b922fab815d;0xb867d2cc;0xb867d2ccL;0.500000;1503079083;1503079092
1;4048;8048;0x2ea88d959e5b7ffcc9f6097720d7ffc5361dfa19867d895ebcfeb3101a878449;0xdf0b2e4cd6f4c78c376a899f34ba6481c7a9dd29f0cd2bf6a59b89d6a79ae185;0xa188e1bf;0xa188e1bfL;0.500000;1503079093;1503079102
1;4048;8048;0xdd4a3dc5c16b51127dba388df84c5b45ba0947f0c9d800a5168555a2677fef44;0x3480818720aef1540cbf6de115877f9612028a72905d14d02688a6bb276c36eb;0x25cdfecd;0x25cdfecdL;0.500000;1503079103;1503079111
1;4048;8048;0x37bd8c7955952557d528d1006324478b057bd4034b82230fb0aa1932c07835f8;0x212cce3e7be4d7648a21af21b032f15db9d6539098a5d96133072cb113faa077;0xcce3f908;0xcce3f908L;0.500000;1503079112;1503079120
1;4048;8048;0x71de2431627daf9d3f2a42821ceb654ba678465ed181818c1a80a57ab4e5c325;0x78adce9ae457f26175f3a8b0da5cfef63c67df7fb22548be8c034c39b94b9baf;0xccf4bf9d;0xccf4bf9dL;0.500000;1503079122;1503079130
1;4048;8048;0x15ea533fab94bf44b529d4c30a83ba9ad39881afe2c2b62ce0838ae0ddffb5f2;0x41a906fec85145c5b3dfe6e1221084d3f260c9d1e87d1cd98e11ca4144630402;0xc0f16632;0xc0f16632L;0.500000;1503079131;1503079139
1;4048;8048;0x461fbcb8a089552fa2be468364f1d1107900a49d2256b9cf0f541533ff688f45;0x1e839dd947c8febbabf5719b9e91652af0abc75e19b31454467e495473a38b98;0x9323dca1;0x9323dca1L;0.500000;1503079141;1503079149
1;4048;8048;0xc7b37a789eb1764acd4554ff47d68ce0185b0f1fa04c0d92174fe36540029307;0x4186edf2ba274d8b7e057ce797e7b8d5b6d0ebba348cea2deebf7954d52b33a0;0x8a5da28c;0x8a5da28cL;0.500000;1503079150;1503079158
1;4048;8048;0x26e65ffe296a6200933599dfccc7aadde62ac47f423795e29a64e8b57874fa9e;0x60f831523784fb957c987c703c32c50fceb3ace19052ff138a4cba64fbb3a1ea;0x0171f7a8;0x171f7a8L;0.500000;1503079160;1503079168
1;4048;8048;0x364fba49c7bab5be4219fddcd773d1024ffd54191e2f8bb4acfe24db2f62a565;0x267966b645cd62870e6ca9423f91005c9ea51f94df45c599289d65ce3155a877;0x2463c87b;0x2463c87bL;0.500000;1503079169;1503079177
1;4048;8048;0xcb19e89ee3d5516229f210909b4e9d5508edb05e275b61949aaa33fee189e1ac;0x71b83f26f897049dfc0150294b71c59acdf847654fc3c0610ac826b6647fbbfa;0x7e783978;0x7e783978L;0.500000;1503079179;1503079187
1;4048;8048;0x6788159072f280cdb664154017dd2f5fd1af04cd1e5894429096006fb36fc01a;0x43d6cfd5069fd0698767793ef9de66128461bcb97f26292866ad5193f869b192;0xe39fa05b;0xe39fa05bL;0.500000;1503079188;1503079196
