1;4048;8048;0x5d500a7df3d728548cec2bbde9f0c04e517333d7bd9d8b2a733123a0825800df;0xd1bee4aaf0c4fe4f33ba709676ff72127319cf126ec3fd97ef9bf0446fb07033;0xc8242a5d;0xc8242a5dL;0.500000;1503110844;1503110852
1;4048;8048;0xf4cd989fc88e61ffbd7c3da47b7d8691c82569fb8c15d73ef205dfbd2030f914;0x9dc23aa79d9f6c8102affcd55c733f75896216e0f651a07fdad04671dee7ea9f;0xe3822f05;0xe3822f05L;0.500000;1503110853;1503110860
1;4048;8048;0x5a2c8cef36a4f6278640aa85f942dca97ea2999f3637ea498328194ee4bba33e;0x30e74333423a15988bbba30f56ffd144d4b438f3a2dfc893fba5f9f889cb35ff;0x031f6ec0;0x31f6ec0L;0.500000;1503110861;1503110869
1;4048;8048;0x5d3d299e7eccf947628c589a9a7decbe684d39ebea47fff12a10d3210b2b9d69;0xa329f6f4ee1f06ffc5c83f3841bd1d341d6264f19706b355e8970efb5ea836ff;0x822dee43;0x822dee43L;0.500000;1503110870;1503110878
1;4048;8048;0xb5cb4dac36808908f5ee04e5a2936d2330ce9547016b50c3cf5916c0e3cee498;0x2b440c2a2f91db7852f1789e5830972844e2118f617a2e4da5c60eb6a4f5b979;0x46d9caf4;0x46d9caf4L;0.500000;1503110879;1503110886
1;4048;8048;0xc244b1ad0b9585b901450490836a8708625a03ba1161cfcf5ec969fa0026d2c2;0x0fd16abb3cf7a98fc5c0a4e0cd9bfc8eef12bdab4c086fa8fe3d7ea6316ea4e8;0x63c5c182;0x63c5c182L;0.500000;1503110887;1503110895
1;4048;8048;0xe31a887d89e36925a6be9be9ad39631ebfda3ac63f58eba40f0cc64c508b1733;0x2b467aa4ead19d3463fbf5b113506c5627ef6afd968db670c2676ccd2c2563d9;0x91caf8b6;0x91caf8b6L;0.500000;1503110896;1503110904
1;4048;8048;0xc8ec831e98af6933046e63f0e1e61de3d90578b79f8783dcaf74a6ef22a446ea;0x8a52b4eedc9ef43cf520ecdf258c4914f0e2a753f15aa5c7ee3ad29f4dd8fc96;0x63ac612e;0x63ac612eL;0.500000;1503110905;1503110913
1;4048;8048;0x20263cd05f1759509d1a6ee793f8be3049e28b55eaa50e9605c1200ca11ce2c1;0xccf8307bad157f3b0dee4109677c52b0ff2491f259895b150c606b13b9278997;0xbcddc3ea;0xbcddc3eaL;0.500000;1503110914;1503110921
1;4048;8048;0x96fdd8557d1dcdc6b8cf46cd5e928ba116c177b68a0763b1ebf6aeb033b81dca;0x1e53aafcd05e7a08ae87125e6e19349c63fcdd10bb3204227c950e315f8003ca;0xff283e61;0xff283e61L;0.500000;1503110922;1503110932
1;4048;8048;0xecced3624650d6bad90dc3fcf84f03eed2a4693f8841536358d9fe3909da0cf5;0xfcb4e35f397b4ce5fab87ea036017149512924b0475d0284661b8d068646bcff;0xf3c94fbb;0xf3c94fbbL;0.500000;1503110933;1503110940
1;4048;8048;0x85172487119652f0ba86664d209422e211010e6692e76e7e70320a230597148a;0xc411c69c6e8ece5ed69d97f32c456ef2134a879dbabb397a703c0744420039d7;0x1974f88e;0x1974f88eL;0.500000;1503110941;1503110948
1;4048;8048;0xf4e946d59940b2504e5c42d27ded4003b086cf7a43ac64907c18d67e60d07654;0xf8ab182263b6858b312a13a4d8c9d5675d23c0b20f8d5b376cd65c4c8d93d777;0x4cd2d5e1;0x4cd2d5e1L;0.500000;1503110949;1503110958
1;4048;8048;0x36457babcd241008e4a2f56b869a3de2d9a878b2875be542906960afe5e2e01b;0xb6c8f8cba4681b217726e14d3b7193b654265a03d96736d0fb4432a37ef1c7a9;0x1af945ea;0x1af945eaL;0.500000;1503110959;1503110966
1;4048;8048;0x9834549b2b05d4dd4167ec621687a665c340ef3a863a646ea29ccdb7f17d4289;0xd7f7d7b55a0a9120b9e0997a568b81bcdcb994a90be42f1e671462f3040bd1bf;0xe0bd8d3f;0xe0bd8d3fL;0.500000;1503110967;1503110974
1;4048;8048;0x981e40f08c06e538c0eae4b407b1c9d70cf944b4b300f139cf66fb3e9f1d8d37;0x5781283050d386998d8c4ea332d6d3e8aa66521b7ab8f915a81ab8a4147235a4;0xa02b3648;0xa02b3648L;0.500000;1503110975;1503110983
1;4048;8048;0x4799ee7043f6d1c3224caaba583cbd0ab06a0bda5e56c5651dd5fb71162f505d;0x463c1ae88545c95a05d688dcb60ea5388ad3f0c278d95be5b853bac1cd822c0b;0xc4602b5c;0xc4602b5cL;0.500000;1503110984;1503110991
1;4048;8048;0x02de02d3aa2a4b611275eaead4a386b0d4e7b92ab2c6abf53092fb023b7cdf3d;0x5824204b7b7607888747797dfef0dde47585f0c423f9100f342d8cf8dba0cb58;0x0b74dc73;0xb74dc73L;0.500000;1503110992;1503110999
1;4048;8048;0x69e354f0ec9fdbccbf9361a1baeae5ba1e8c5496b0a05498f73a68724ed305b7;0xb3575a48c4e91b1394156023a880f2197f7329b842235e962b9677f67dc3aff8;0x725c3d62;0x725c3d62L;0.500000;1503111000;1503111008
1;4048;8048;0x2c3a6f099f2bcdde4a4a09e55cf0dd9789c21c688122e665071973e259349885;0x9a028da3631bc99ee9d8a665165f808615b53e681640214d1401a49b152617c4;0x237c3e8b;0x237c3e8bL;0.500000;1503111009;1503111016
