1;4048;8048;0xd9c62634474069cdbea81d26e27310ef5a577df7bf9913e4bdb1f07c6de8bc46;0xbb3850ac8ffa3a3d5107a18b90de89d62de37dbe43f724fdd65dc2589d5a3d57;0x72b1027a;0x72b1027aL;0.500000;1503117414;1503117421
1;4048;8048;0xa5e0e842df767751f79a58a65ac39de93d888d8ea9d1f6379f36266b1e7c31c3;0x6ba963e0d376bd72e2d90ccae76949c459b11b12a69e5c7313e9d0b074853374;0xad88b721;0xad88b721L;0.500000;1503117422;1503117430
1;4048;8048;0x762946fdf0cb8feb387330a6863a4775e914e7bab8f908a3091d3b0f67c20ddd;0x55b7708ce9b8553bae8c4f066153b4dfc5f28eb51189c6050f6c9f569fab38da;0xe6aa2e42;0xe6aa2e42L;0.500000;1503117431;1503117438
1;4048;8048;0xaf756239eddcf57e0b643d27b1d8100ee51cb6d73c46edcce286e7c8649ce713;0x98e07d30804ca0e2de68f8a711658b61dc51c2303764ce83d0ae464a58184860;0x5d1d13a0;0x5d1d13a0L;0.500000;1503117439;1503117446
1;4048;8048;0x23991a6cf29cc4173ec803f3a7943dbab40fcde1f059426cbca4590a255a8148;0x1b2a88ff835755e61d5b5eba3c302ccaa4762b5afc04008e7dce1991a5acc947;0x209404a4;0x209404a4L;0.500000;1503117447;1503117455
1;4048;8048;0xcef99a1b2091115366df63670e26e1d9b8b7db1da9e3b31108a1d9494f0b2a1e;0x7b89bc0f8c4ae519d53508dd195ef7a0538a8114cfb6479f9cb0fc45f0993c33;0xb95aba9d;0xb95aba9dL;0.500000;1503117456;1503117463
1;4048;8048;0x674181a68de6b322cf025694e5d360175d822b6c3dc0ab38b20733694c0a39b4;0x55e3c6dcbd2d0f5b233c23137593ebd9cc7793e4a50f765c1b01c23b973f26ab;0x45324b7d;0x45324b7dL;0.500000;1503117464;1503117471
1;4048;8048;0x74b4c07f7dc1fa26af790f473e52fe0025c36da832f8a143ea427d23f7b8526b;0xd522af8f9d89dd7e855b2545fc2b6934caeb5a2ef32aaa987b4990102b1d3594;0xec31d6aa;0xec31d6aaL;0.500000;1503117472;1503117479
1;4048;8048;0xc39ca102012b186c2c1b712a3379d98a7d1fe841717400179a3f7777d1466094;0x344988e36d9b6061bb8f019bbbee06ef2aa95a03e95078be848fc5031307a2ad;0x19fba11d;0x19fba11dL;0.500000;1503117481;1503117488
1;4048;8048;0x5aac78cd81a55f40e8fbc902681331c353aafe8d0cc418b702a45c331f2c417a;0xecba156c44814a50b9b1fd1b08b344d18a07f1c5e04b2684728ec71b438fde29;0xa406f25b;0xa406f25bL;0.500000;1503117489;1503117496
1;4048;8048;0x144ce1b32a56f0c6d702c95baa58afc542c34e89e10d23af0023b11083d9d497;0x1036d5e0584a2ff32f2dbf5957fb91e6cf5c00161591b2a2ee55072104fe4ca0;0x647e1442;0x647e1442L;0.500000;1503117497;1503117504
1;4048;8048;0xc788f9618364883d1555f9ae698ee775dca0e108a2df4efb4069844e5799fd1f;0x2b377ed47d2371c02e0de5b237ac6131171c180c7742710a3ab3a1346613d130;0xa81447e8;0xa81447e8L;0.500000;1503117505;1503117513
1;4048;8048;0x5cebf228a0087920a6337c19016d5f502a668cc838acb473c784c0059bb51cf7;0xb8016ad8b035c08ded8c044e9a72e32643e50acd7430297a44b7ba6e28d57add;0x4db4f10a;0x4db4f10aL;0.500000;1503117514;1503117521
1;4048;8048;0x3e52e776ba0beab53f0599a8949eaa278b60561514f059e59dcce7df9dec91db;0x1dcdd0baab49546b8d97fce6fae1e09868007c8c1825cfe1030bb8df58583b5d;0x46017f91;0x46017f91L;0.500000;1503117522;1503117529
1;4048;8048;0x907fb4c71b62f2ed1b84fa217ed61b7a321622a14ff31b9ab5b2cef7e4ebb374;0x227433cad440f0f73350c0772cba2855e295990785bd5e3d466a9bf852844bea;0x8fc81da5;0x8fc81da5L;0.500000;1503117530;1503117537
1;4048;8048;0xf55d8ea1538445380a3f91856421078a5612de973d90a19f2ffd217a1ce7d212;0x2638eda5348f2d2de1fb596df1029c0010443a5cbc4ae39849ebc1e41938b055;0xcf8cfa0b;0xcf8cfa0bL;0.500000;1503117538;1503117546
1;4048;8048;0x7022ed4af899f80a525bbd1bfad38507f9a34a397e5817a3107d4b26a951f519;0x5d975249c306f9764b9fe1529841d44b760b86dda22fe4750a2c9e8430d28e2c;0x4941dbe9;0x4941dbe9L;0.500000;1503117547;1503117554
1;4048;8048;0x8992465ddafc9a125022f09fdf5647f2317ef1eaac9142dc6bf15822b2a8313c;0x147ce50da0d29f17d6ff4a71c21a312fe077213f713f8a747519a76fcfbe5fee;0x6b75638a;0x6b75638aL;0.500000;1503117555;1503117562
1;4048;8048;0x897047507c89511b501707151db165637351c2d22e7db3c446f8ea0ad8b79861;0x0868bd2a4630bfd2ef6de79e6bbccb6bf9ceb40fe164b132da08fa046a669703;0xe977c597;0xe977c597L;0.500000;1503117563;1503117570
1;4048;8048;0x4558f914e4c8c83651e3af6f346b8406e8953629079981da9285c68d433e7489;0xe6df9e58705ff97dd66362cc77719a2927a68c96321306a38b0be6bba78ee298;0xad409ecb;0xad409ecbL;0.500000;1503117571;1503117579
