1;4048;8048;0xae15fe6de35445e76ddd3af4d955bea024bf0c302bc0b0217b2c33c3f8c074a6;0xaef3153394a229368a80c77f24035420a5ddac00e6df21f057a9464e1e7f42fb;0xc45ca238;0xc45ca238L;0.500000;1503100929;1503100936
1;4048;8048;0x599cd3826eb87827b38e36e3b7f049efcb83f0ec34d094d5c3c019016b7f6ac4;0x541f4aad8bc86f56122edae62c078458fdc56a037aca4046d7c33f0ba537cb0f;0x0fc1fcac;0xfc1fcacL;0.500000;1503100937;1503100945
1;4048;8048;0xda1bc4b19dfc8b67d1df4cb8c52927f34a749f0e9b993c49120cecd36485e93f;0xaa09335bc5f2212800b90320e30f1f5c002babfb48272ab6652855c8d3896f12;0x01ec73b6;0x1ec73b6L;0.500000;1503100946;1503100953
1;4048;8048;0x204aa29c88e7a6a6c140d018ce1aa13a1c0dc80635c1ad5d345371dd1ea3523e;0x7ed49b32bc9b3af53254cc2c6f8d32e777fe7dc2e67dfde09f72bfea6f144dbc;0xeecb643f;0xeecb643fL;0.500000;1503100954;1503100962
1;4048;8048;0x494d781824143cd84ea577d7a257935a50c7fac1dca73e35eac73af8a9da20f2;0x683d09e877222191bfada027a5e449f738dc19187a22b93839118391c135b9ca;0x6aaa6cf6;0x6aaa6cf6L;0.500000;1503100963;1503100970
1;4048;8048;0x5c1b69553e604819fc312b1131e76f1042cb81821df90fc0cce4e84c339f488f;0xdda02493384d23e9ba1c9c1e62142207801f5d00b3a31f807866187c091089f9;0xf1bcd5ec;0xf1bcd5ecL;0.500000;1503100971;1503100978
1;4048;8048;0xcb7c7a738dc8b276e4d4d204e83432fd71a68e70baa3bdddf0deb1f9f6ed3ec2;0x2aa4e5b1813bc976ac3747e8ab251a2ece47ec5bc1c3d818137b28633e997492;0x1a56670d;0x1a56670dL;0.500000;1503100979;1503100987
1;4048;8048;0x0225b443a88fc1c6fb66dbf2b908cf45de83cd2bfca5c7901ed3e44d7a00797d;0x7758f2edca0670e2282fb66f1dc5867d0e9aade2dcc862a0dd99314aa44b660c;0x3d8c0f31;0x3d8c0f31L;0.500000;1503100988;1503100995
1;4048;8048;0x74aa1503a9da5b28317e1a783a725e5aaad3a2001fbcd2778dc36e88ca75b93e;0x82042147b8d28809b90e2749dfb8c3de3c2e95ab7d1b45b6afe0e4fc7cce44b3;0x8e00c45b;0x8e00c45bL;0.500000;1503100996;1503101003
1;4048;8048;0x772a09ff77636b70a385374ae6ce484eac3837c454bfe74092084c02b55a7c2c;0x1f882fd7fed2d7af465fe0f657e245c4f439ae2323932331f8445e4d135097dc;0xd5a9aa58;0xd5a9aa58L;0.500000;1503101004;1503101012
1;4048;8048;0x0431f306ff5324c35bad0767c5b2ecf450b9c4446516ef33c1e1df6824ee2328;0x303b29ba5e6359b6639670977df47f86362c4876ec004a386f08976ef61b5023;0x65e0aea6;0x65e0aea6L;0.500000;1503101013;1503101020
1;4048;8048;0xf894e45cd9e11e7704a8831873ee2960a75fc5e20b156a5d4fe93430c527aebd;0x3d4478def84aeeb1f480a0fbf0ffec4ef75d13b1436c05cd4580e39c82534b99;0x2814a3d5;0x2814a3d5L;0.500000;1503101021;1503101029
1;4048;8048;0xb7c6e06b7fdaf148573fc7b4f0430e7160e1aa584296c2e501a2bb055c2d4213;0x693ab5ad809c5b56b755435bcc89b515d364e15308c7b11c086294debe77e905;0xe0902529;0xe0902529L;0.500000;1503101030;1503101037
1;4048;8048;0xd72782a47bd1b3b9794d9f83d2b060c6c21d26bbf48ea218a2e3e54d24c86efc;0xcdbc417e485e22ccd9a4c49e9be5dc0bd5fb05d122f6a7e84f4191e16154aafa;0xafc12c0f;0xafc12c0fL;0.500000;1503101038;1503101045
1;4048;8048;0xaa8c452797d313c82d039a9d6902d22656411f5ff43d51eefa1f5d62aa40b754;0x3b9338c2b41515c413c0f38d39b9c35e2e4f9b6daff2c7bad759cfef51f1ca7d;0x92a002c8;0x92a002c8L;0.500000;1503101046;1503101053
1;4048;8048;0x0faf9abca12dc1facdff1e13bc0147f250749cd1c681f4cad12bbd3150fcbc5f;0xc1bf78e84ab49acb4ed258de52f8f1ec1ab8d05883510e9f00a6954a5bec263f;0xd78df347;0xd78df347L;0.500000;1503101054;1503101062
1;4048;8048;0xf6d4874a56e938dd48cb19a16f574f851df8a96c52ae8921dd7a55fc3cf46c32;0xc0041cc2b699fc7c2bd9ef1c941794bb776865c8de82ddb9cda04bd2669437f0;0xb4805fc2;0xb4805fc2L;0.500000;1503101063;1503101070
1;4048;8048;0xfa8925f5a695b3b751ea788ee6b9b10d4219c8dbed9c341ed184c17f555f3a4f;0x92ec809df83940c5f9b93e07b8b9d6ac4cb508a0af20c5bc31d6d7dc8ac43d8d;0xda7057c6;0xda7057c6L;0.500000;1503101071;1503101078
1;4048;8048;0x61b869ef71bf29138949a963d7e2fe22c9648e4f598362374d9610682319c584;0xa8920c8b08bbdbda99338b98e91923a23e5e2dc0e9710cbc61ced8cc23035ac0;0x6746ba51;0x6746ba51L;0.500000;1503101079;1503101087
1;4048;8048;0xa758945cf6f9dcbe17a7ddeb6d519448c01168facc522133221feae652b906fa;0xd5ad8af12e68e7c7bd6ed5a872d827e5ac2acd9176a0c57efd3dc5fe7144af30;0x0ae88aff;0xae88affL;0.500000;1503101088;1503101095
