1;4048;8048;0x880d6a70b4502c2320eb95988c20132679305073d9e6278a6258a44a90a47818;0x75cdf0182b83c9f01b1a7572778cd0c7fb512e7da1512ac58dfc1b0e3be1c33f;0xb52e3e7f;0xb52e3e7fL;0.500000;1503107567;1503107574
1;4048;8048;0x647171d7ca4227d2020b0cc5f0780d102d02418a81497bead1061628af80ee13;0x029ddd747e28e4319f07f4c1d11dd2f1b091b6d8fecf6a5437fb7877c61c8ad5;0xb1a15d99;0xb1a15d99L;0.500000;1503107575;1503107584
1;4048;8048;0x3af6b5b407b7565691a3a523d5ae24a4a45da8423c735b05c0be41d9b98263f3;0x53adb103e90e99824fa56eea358fd994d74171d202c3601ae8c165490c9a65f8;0x4ba4fe2d;0x4ba4fe2dL;0.500000;1503107585;1503107592
1;4048;8048;0xd8ab641c0e1dadf0624575ae93bc25157497dfd8567b3abb865229ec7528604d;0x008f3a409202dae04081d3cc1d74d7588bfeadca247084eeeed6db8e3632ea26;0x495650b3;0x495650b3L;0.500000;1503107593;1503107600
1;4048;8048;0x22a858aa1f6908b673e03328e2f3c0e13597560e44eb6da725f61f4de8d5160a;0x3e5848065e1a11d5aae71af28f0b14cb6dc47858f0d950997f3a26debba6717f;0xf9b17d0d;0xf9b17d0dL;0.500000;1503107601;1503107609
1;4048;8048;0x06e980640f6c523ee204aea4737714a01e330816db1d786ca5f69474b91e27c0;0x61be595b683038d9c3f088dc304d248bc8ba085b41b430ab893460de5447eac9;0x11e64d74;0x11e64d74L;0.500000;1503107610;1503107617
1;4048;8048;0xd1cb00200384e3a58dbde83b263d5d5140e278515915753cc1e3c67dc1b6c892;0x4ca17168316807e258e88264d30fc9d44b6a25765ae741b6c5810bf44104cb38;0x1568857a;0x1568857aL;0.500000;1503107618;1503107625
1;4048;8048;0xc358fb1dba49c0716f2b16bb7a9fba02011259455e442c06352e92b74e497f11;0x0c420ebc4358b46d1b426f751ffaf6ffbd61875ba223cf064eb9c2d3af7947dd;0x09fec6ea;0x9fec6eaL;0.500000;1503107626;1503107633
1;4048;8048;0xd3e458945c2eaa664f2b4faad654b1245f42440d329544746146ea047a08804d;0x14268c60f617f99944cf0f3750108dc81efe3e87b57c73d734f7ca618211bb4d;0xaca1427e;0xaca1427eL;0.500000;1503107634;1503107642
1;4048;8048;0xd1275fd4d2ecaf0108d18d67c4f6e0ae95f09d261cc33e378a6c357a6e2b7d3f;0xa549c5f48452d070d196a47225e2404d02b11243ad476b953399a0e6dc661b03;0x6cdda12a;0x6cdda12aL;0.500000;1503107643;1503107650
1;4048;8048;0x8613143b2272535d38f5c325f184c0ef20861665ff0c7fbd173dc7b8ee6b6474;0x6a3fff9c0b4746053b4ee8ad9bc9b04c227d99271f70a1af62f82142f51cb00b;0x0138ab50;0x138ab50L;0.500000;1503107651;1503107658
1;4048;8048;0xd531999bf8716a0379d1aee9bdc28a7a65ea979b8d7d08f49bdd4a0462865c37;0xc5cacc517937d7feb0dcb8934fdd02814c515e238bd5d4e615f6f0c189009471;0x477a97e0;0x477a97e0L;0.500000;1503107659;1503107667
1;4048;8048;0xc5f893e8558c90b664a1bf65bceaa669b64bc62dee397cc5ff2bd04955d51b1a;0x7eb098637bc353a5bc506f12d13b89d2fccc2239a3f5e9ae00fefb8efdbbc0c0;0xa81a9ff8;0xa81a9ff8L;0.500000;1503107668;1503107675
1;4048;8048;0xf2e3e18f2f3e57868c0f1001a5f1ca624abc87aff2050d60a1cf9948898a7f7b;0x5cd43e3eab5a8c3412f9023f259c0d14553ae8f08ff9938a4225cdebd589cad2;0x617bb4c9;0x617bb4c9L;0.500000;1503107676;1503107683
1;4048;8048;0x8dcb2930e50e1e90ef267da6892b39cfbdf3a62588edafcb8bd3770c5b2eb1e8;0xe2fcde2da9d618b276805fc1df4e4b5c59be6dbc8d3bac5c30938ceb427aca22;0x481bb670;0x481bb670L;0.500000;1503107684;1503107691
1;4048;8048;0x15c08c8830254573b0ff4702b7f58a848e0ef28149303185f8eefab0627c8277;0xee59bf5b8606c3c5adc515ede45b434ccca994a03e725aede22693a0096c0cad;0xbdfdb2eb;0xbdfdb2ebL;0.500000;1503107692;1503107700
1;4048;8048;0xd5bc05a571bde25a015a7430280400f79719e966450d51a43f027d91927f6867;0x1127295d904a779a26c390994834286a75791d238769af8c9392a1d951001f6a;0xb0abd7c7;0xb0abd7c7L;0.500000;1503107701;1503107708
1;4048;8048;0xa828040c22c2bd9cf8bc2a65df657ed0485161b74d2c4baa76e91d3bf751e0a0;0xdf431706559fccd0eb6b62a2b6edca047cc4d51611b4e1794eafaeb8262e589f;0x14be74df;0x14be74dfL;0.500000;1503107709;1503107716
1;4048;8048;0x37144c193e1eac645b423ed18c7dc010df3b81d2752c6f3703142d62c55823fc;0xc773d2f2b9f9695741dfcdd6c06dd55c6c9c228486cdcb1371b85a385d184396;0xc47d6e9e;0xc47d6e9eL;0.500000;1503107717;1503107725
1;4048;8048;0xbc167cad64e0769c2cc7059c10f493421c1c0dc0f43536e66d149e40aa34b267;0xcd4befed5f34ec6f7b6c0e5878b0d20dd2de90d6dd12bd1193417a41f89f2a7e;0x3b169f1f;0x3b169f1fL;0.500000;1503107726;1503107733
