1;4048;8048;0xdf3f4ad0a4b4fc6e0dc149a4955d96d8a6448bd982c7fcbf675352f0a0ed8a80;0xd71189e66dcdd046034b9b250e0cb60f0bac5ec700abbeb7eee785b876b907f6;0xb10f7ec2;0xb10f7ec2L;0.500000;1503124034;1503124041
1;4048;8048;0x3f8196426b06d42d32041830f8c38042249fb927b6f306e1013a142d42f49881;0xea9461eb71bcdb14a4b830c6af82aad41166e40258df10a9a560ffbe770ae079;0xa950e211;0xa950e211L;0.500000;1503124042;1503124050
1;4048;8048;0x3e03f823847f0b724fc9f031889a650775b9f84ec84617c91bf9bc27b095adef;0x9a4c1dfb6571f5e9754e7389d91aff6d605df9dad8b9312efbf7d6be8eac4502;0x29233d30;0x29233d30L;0.500000;1503124051;1503124059
1;4048;8048;0x66ff0cf88f8e74be65fd5b9c43219e36af978ba7b73663a1ae5b72de937759f9;0x8b5c99ae06ad82184d30b1ea969e136d1264f9cc3ec7e45b0ce2a2969737af07;0x343ffa6a;0x343ffa6aL;0.500000;1503124060;1503124068
1;4048;8048;0x233aa504db1ec20479df6a34889e5db016e2bc5ec2d239871be33d2a334f2556;0xcafa76bc080b3db8840d83087324015b6e70390d7f4337cb91f44fa036fae605;0xa552159a;0xa552159aL;0.500000;1503124069;1503124076
1;4048;8048;0xcc633ce24454e28b8c78d7124c7acddecdbdcf748280fcc34078a8b6d46e72a1;0x446ab5cc720d8b55c34401cfcf4b9262a456d8f5ad6201d115e135187cef0113;0x58a601ee;0x58a601eeL;0.500000;1503124077;1503124085
1;4048;8048;0x35b205ee6ebe3625e3f94451654f560b1bcd9cd77390d103fad90ecd8105cdb6;0x72b72bd1fcc04aee494919604597fdf3c6ebd9a0df543ff473bdd7a43d82bd90;0x3a50af4a;0x3a50af4aL;0.500000;1503124086;1503124093
1;4048;8048;0xabf4a2909270f601fb51807316549fd0706a7f866227f2d0471f16d5d6f5e481;0xf9075d64feeb66e16d27ce382c2e3fd4fc05d0f4073ee3c7a9da0616ff2bffbe;0x171ce3a3;0x171ce3a3L;0.500000;1503124094;1503124101
1;4048;8048;0x257952105c27428e4597921ac472c6694bd7cc814db6d4b4fd449aab536bf278;0x69a5977c5402a72fe37590a4fab70faf535f0dc8451782c627a478976d0e7857;0x4d120cc5;0x4d120cc5L;0.500000;1503124102;1503124110
1;4048;8048;0x0cb1a5e0c979f66e2091dc7a9dd6f4dde65d742bee03ff073c204eb4f102e6fe;0x1c06a6610d371e068b47aed925a639d23dec05a637a21ac1ab843e35d2d4f1b4;0xa7323a65;0xa7323a65L;0.500000;1503124111;1503124118
1;4048;8048;0x580d5273b894f1965d5965ee9f5fe818629b6d0c2370a2b847ef0cd4bfa5ff17;0xd3b097f788ea80f6c78aae7c5c0adfda6d15b61e52a6940827fd2a38af9e34a7;0x65b7fbbf;0x65b7fbbfL;0.500000;1503124119;1503124126
1;4048;8048;0xbbf6b7a9621620e80edff22ad3ee2eb3bdc002668273eb43949e809b3ffca6fa;0xf4d25b6d931e21d5297942d3943c5169f9e82041d6b53a72d105a01b4836a93e;0x572f36a9;0x572f36a9L;0.500000;1503124127;1503124135
1;4048;8048;0xdfeba1841e81e770982dbbc7dcbd2cdb8e4e7ad6653b012d6bb2cc33f478eed4;0x999f312b7cca29b09a07d8d86acc6985de0d937ee96e5f87c1b5cf90714ac992;0x0ffba140;0xffba140L;0.500000;1503124136;1503124143
1;4048;8048;0xbbc784b6439c7de2b14ff052a34355159781b31aed7711ce1ba43cd5a4694a60;0x8c28e3a856b08e90c67b0011c26ee83c77645ee37384b55b63a9ed2613818a5c;0xad357b86;0xad357b86L;0.500000;1503124144;1503124152
1;4048;8048;0x1b236d9cd7af42459730b3f0834a07a3b294690b2ede07843db1f0c32c712447;0xba3dbc163f9eed477bd35f9ea9566c881d470a0e618f3f0dd059b844a4a2aa7a;0x82804825;0x82804825L;0.500000;1503124153;1503124160
1;4048;8048;0x224a3968eecf2890917b6f46f81528df4ee034cb9540cfc7060718d466322f88;0x350ef0509e0c8d8d57e172083b5eb29291f981398ad09c617a929327a811d972;0x1323e12d;0x1323e12dL;0.500000;1503124161;1503124168
1;4048;8048;0xc220ddd10026b60533b934714ff95b66ff8190baa42aef3e6f148ec88eed2e51;0x38b388f05934a866fa34aeb6da143007eb8d14965bf74830818e6ec3b8e53f9f;0x56efe80d;0x56efe80dL;0.500000;1503124169;1503124177
1;4048;8048;0x8c60295f8ed7f614679adf65a3e8b7afbde8cb7df96b30cca5afd5f9c9f24555;0xa3914347c4048f8b36c2f1d9c835e90d0471b7392c14f49a4a323f98db24e350;0xa7aca3e8;0xa7aca3e8L;0.500000;1503124178;1503124185
1;4048;8048;0xd5bcfe068dfe2ea7fe3ea1ec12fd4412b3ad22a62d80432ed7c480456e87ff44;0x01f2b95aab245be1efe0b02b580c1eb8abaec2649181264e91bb28a247fefc6d;0x2575534f;0x2575534fL;0.500000;1503124186;1503124193
1;4048;8048;0xdf4a6272369e8506d73346bdea22310aa249ed916ad6bde1355a0991bd96459c;0x2ddb48b18004994afb45f0bac98a8f1f2d570f109e388c3726fc48d75c3b0da1;0xb6b508db;0xb6b508dbL;0.500000;1503124194;1503124202
