1;4048;8048;0x58df7a1be4a2a08414e64cd1f7596b3b33e00dabfac14703b08de9d287c24adf;0xb5ca1dcddf8c0f5c0c4d2e3935797c34fa7b5c40c1fbc59103f865c2da373d23;0x951554a4;0x951554a4L;0.500000;1503085969;1503085977
1;4048;8048;0xb876941c4777b9e4ae1ee2e5cb2997512c066e4c141baffdde89fc0e193854d1;0xa1b2bdd73587b6d9e4027b916bbe81e12b89a7a976051af74ca798a48a57cbf1;0xc861996d;0xc861996dL;0.500000;1503085979;1503085987
1;4048;8048;0xcca3a174822bfad77092081497bf415b031d44a36d9ca155c46b5ea61dd5c6e9;0xb984458175fa4544a968356e9d0853e4eafb35112c25c6fadbfe125f7de81db2;0x91a38eef;0x91a38eefL;0.500000;1503085988;1503085997
1;4048;8048;0x3e52c42b13ee6a1156a767f7fd184feb45cd7932d228a099e4457aaec2c79a00;0x2810e7de90be8a3948772c35d31ffd1946a0188c549e811b561c0098899e5cd2;0x91629ec4;0x91629ec4L;0.500000;1503085998;1503086008
1;4048;8048;0x1e44cf4b7546d15bdaa753b70ff1f89f14c35b8ef40176e6c126179364a03f82;0x7a43ae02a2d0ae0c85224ace7615854058be2de6903c760441bf731057b6b37d;0x263d7587;0x263d7587L;0.500000;1503086009;1503086018
1;4048;8048;0xf79eedde28d20eadea738a2241e265a6f5b2707dbb76f3a098cabdefb1257ba9;0xa03689dfd4e6eb708c763d01bafcc511847129b22717341058390baef4b73640;0x58301bb5;0x58301bb5L;0.500000;1503086019;1503086028
1;4048;8048;0xe63b7d57973350ef893f307a117eba286db8372529f34869de0141699bccd381;0xc57f0aa731fd336c590a8ef1714721bed447f360980d6ccf05ace5c8514dd354;0xf2378f0d;0xf2378f0dL;0.500000;1503086029;1503086037
1;4048;8048;0x51a129d63e5a037ee89f7b79cfd41a8607206088cf3155dd83efdacaa6470ef7;0xa2d740657618051f1c223d9afb54ce3b575f6c554c10353fabfee2e45b23d58b;0xfaa068cf;0xfaa068cfL;0.500000;1503086039;1503086047
1;4048;8048;0x75fcc390123a3e8304a8815122fbf5d8f447c8a45fa1b585d2347d4b3dda34b2;0x4bfa48c23bafb60789e80bdbe5f165491ecbb24820e7bf43812d9a6c9e150aba;0x6f28c866;0x6f28c866L;0.500000;1503086048;1503086058
1;4048;8048;0x5d8c83f10a3e8d516b76bfeff5e204ab7a17c2a62e591ab83755ff503b5ae499;0x3b5e3d750acbbfea7794f4907b0b907f3554132da7a236dc5ea11895db71da46;0x091790ce;0x91790ceL;0.500000;1503086059;1503086068
1;4048;8048;0x452aab6210a85fe8cda7ec6de4a9af5325f89463845ded4dc6565b182d1df473;0x8da0d0d1a89d188dafb2d71a17bbd43d127b7811faf56c580d80bc14030d5de8;0xe161239a;0xe161239aL;0.500000;1503086069;1503086077
1;4048;8048;0xa8a7132a52101dd1bb8e7f62d6362831369cfb737cee65c3c594ea8bd753957f;0xc1d48f0578ad0d41ccc34d9c2d395391deb6f03e10a74a832d85ecf42d5000a1;0x495a8f6c;0x495a8f6cL;0.500000;1503086078;1503086087
1;4048;8048;0x1de0507a8b1d0576ac40395f44edab6c430cc9701a20f7056db2b347a07d3abd;0xc2f4abb111f3a0fbd7afe41121846154cfd753ef001aef8cb9ce558b2963c945;0xc57790ab;0xc57790abL;0.500000;1503086089;1503086098
1;4048;8048;0x4c9b5cb05359e17ca21ef9670e723d60a5e5c7424a67ef3a9646967775d30ac1;0x0296bcf3313a9a237c1f9f24cacc88a9689589a96f0c37a177fcc2cf5afc2c21;0xf73e2fc3;0xf73e2fc3L;0.500000;1503086099;1503086108
1;4048;8048;0xcb3f02bf8421ae7c94bc5e6b15c5962ff2f4b7f2c7c71f01e0c32f56ed73dcb8;0x1d9f2790aba28fd0e7470a8ed3f11795b689fc5be6629449996ef510d365a812;0x66a94808;0x66a94808L;0.500000;1503086110;1503086118
1;4048;8048;0x69f8be0229de54d3d0057d35ed27d87d59a2e8efcdd1b16a514328fe58af81c1;0xd091170e7a7b8a7731eab82e50482b13de3e338c48ef4ed43747b7f50af0b03f;0x14e56033;0x14e56033L;0.500000;1503086119;1503086127
1;4048;8048;0x045534e172ee9813996228b7f94f15dc24b6b44c0e04d48d97b61da7d94541dd;0x33c6ea4f239225483267ee526fdc78949303e89dce605c8cadb96b75cb76c836;0xa0c364d0;0xa0c364d0L;0.500000;1503086129;1503086137
1;4048;8048;0x4c4cb871cad3e65e9f357850a2c508953ae939c6c103a8ef4da8c23d6ae6c5b6;0xf4bce47df9d12e019016aa5d71adab6e645cfb87187c3d5d68f8dad9e20b04fc;0x7091a9b4;0x7091a9b4L;0.500000;1503086138;1503086147
1;4048;8048;0xa5d836f4770360d03d3c0d3e7a27e305d3ed919086a239ed0b3a25c74da3cef2;0x67f310a0dbe5bc1c6090abb4f3b895a8efb96d032d00302e09f4b653657426bd;0x48b89c15;0x48b89c15L;0.500000;1503086148;1503086156
1;4048;8048;0xca2292d8704f9c58f6b570a0c80f80a04a2072396193e3230076d06077c4a041;0xe641d23d8ed65cc0f4d6eb5d058c82c2147bfd377ddeea4c5b9a3691fcabb874;0xe65ecd91;0xe65ecd91L;0.500000;1503086157;1503086166
