1;4048;8048;0x78fcb0bfea59e3d7e07f24623f3ea10d2a03f9bd9626c0821956403fc594873e;0xdfd3b86b10d0f517c70d451851ca58160454d5c7c39943f12b5c8da67d83ec14;0x79c19fdc;0x79c19fdcL;0.500000;1503136488;1503136496
1;4048;8048;0x4d4069b2ab5e23ef14cb569dc665cf50be35456c0b62d56bae96a8c7aff188fc;0xb87ebeb2bc6b170853ebe78a22514856c2cebd113576ba3ec6d2798f78a0bb4d;0x41efcf45;0x41efcf45L;0.500000;1503136497;1503136505
1;4048;8048;0x8aaac6bb0c035dcdda5bac3fb635e574cae984c71dafda8782718dd854088adf;0x15a377d8f77d53f0e17117180c59551d810027b10a6b2f9a69b6c55da76faa97;0x02d8ba65;0x2d8ba65L;0.500000;1503136506;1503136515
1;4048;8048;0xeb2b5d2bbd6647ca7745a5d0796e576ade2ee73578814e413cca16a4af4a219a;0x98adb7ef654698c065c8d2f960514cb1bc59b602cf2145d2cbe39b174b7e9775;0x4429c0d4;0x4429c0d4L;0.500000;1503136516;1503136524
1;4048;8048;0xce4df5b352eae457fa66b8353199e362ebdb2619030ee4f9bcac45d20f8a7dde;0xb865034e27fd7a50a29cc609c66621f092d52cb8b3c7df15646a3338c348aa3c;0x1c914b42;0x1c914b42L;0.500000;1503136525;1503136533
1;4048;8048;0x58f93e985bf5e55caa5a8cf8230fc9c3f7cd1396a0aac7671490e4d285a374dd;0xe4dcc9ce5f6e5ae1443a69a84e3b92aeeed05de17cddcf851b76cc26e60b5d53;0xfa34c5fd;0xfa34c5fdL;0.500000;1503136534;1503136542
1;4048;8048;0x0a2fab5f34eab22b5e60ef385001a7bab75e788d3596b0db39c14c1c0a14e115;0x1e1be59fa0a366288592b87500b42b03142fefe3f67cce14d3386b009534db60;0x16c1a4c0;0x16c1a4c0L;0.500000;1503136543;1503136551
1;4048;8048;0x46126bc839f530cb5cb17b0abd8ec0b48bbc6902890c7d24cdfad85549feed90;0x8bce7e27ea1203d06ada3917caad24527fae22ef9e44fe4c52933368afe48265;0x47842039;0x47842039L;0.500000;1503136552;1503136560
1;4048;8048;0xa1c7474e971c975a85bc80e4e4955609c3a8afb5497736bbffe498bb68980d09;0xd8dcd72ebf928f6cd18cde6912d9242eeee049a5d50706d4520fce883d043a59;0x26c08055;0x26c08055L;0.500000;1503136561;1503136569
1;4048;8048;0x3ff4b9496e24720524320f8c870a1671ace5ee71372a36e2b22d494acb9d640a;0xfca72f11479e30bbab902bc511ff65f335093dfede5c1e5b0c1a1526422ec4d5;0x645f8b91;0x645f8b91L;0.500000;1503136570;1503136578
1;4048;8048;0x2c3ced10f5cf51f492969f56b422a62316721621a57999d7c384e1f503a3702f;0x90cd4cfd5e6a3cf2d91bf64525b62ec51a20bec2b94987dcda6158658a765ef9;0x65b6fd57;0x65b6fd57L;0.500000;1503136579;1503136587
1;4048;8048;0xb34d05e47424af66b45e00e4ffc769ed1200511dbe30f352c2e520e43c3167ef;0xa9d3f722b926dd0292e43ee22be788aad10a309b9b6ea97f637b78679c94cca6;0x8bc0a929;0x8bc0a929L;0.500000;1503136588;1503136596
1;4048;8048;0xd49b97fd2401a1d9bc31485404c00256bdeab375da97a5d8b7939012706ccf44;0x5b3fdb63d4edf8dcb8d19c80ab7c54cb2ddbd3016006776d43a6ed1876e905b9;0xa515090a;0xa515090aL;0.500000;1503136597;1503136604
1;4048;8048;0xf27c2285d615ce6abddec42a8bb48ac4ff1743ca55c9e82fabb78b8ffc6d86ef;0x3818f790f0ed4f41a309abf6e1db6ecb80a187227285c2344e25e6548b465f97;0x5ae7750f;0x5ae7750fL;0.500000;1503136605;1503136613
1;4048;8048;0x5706c8a13c65af22425986a46818a700b5f21a1892b6e2cea60ccb92f4dde24b;0x74fd2463217b9d4256c10f767a69380a487018a5e1202506b0710e951f4d9324;0x0b7d6595;0xb7d6595L;0.500000;1503136614;1503136622
1;4048;8048;0xd9aeaf1dec4eced672d26b263b1a6b2017d680007ace6daf6b9815c11cc87ff5;0x50935cfff0c209abb5b55e904ab5824a0b9f90f9f7a4dce22a70ebd377bf05a6;0x12f5a254;0x12f5a254L;0.500000;1503136623;1503136631
1;4048;8048;0x6dcbf866e2ce94cb30beb8c7ef3880b2d827f970ecb59d639969f649eddf105a;0xcb6275dd3f02d2c7a9202b936d4d1528cf8cf021bc199190018e52736aca6d29;0x7edf01cc;0x7edf01ccL;0.500000;1503136632;1503136640
1;4048;8048;0x471432827894d683806bc2621e8fd42bad25e47d6d767304b0506f7104d4e54b;0x0dd07d769e7430f2e965a170d795ce4bca93c403d5e778e28097c409ca4de61d;0x9410724c;0x9410724cL;0.500000;1503136641;1503136649
1;4048;8048;0xf7adc5407503d7a0eee754454260e31a13b615ebdee5abecdbf449f5170f2b0f;0x584ba697c948a336b0a104df8247d75e897650ed9afb9b044196ee3aba2c46ce;0xd665b5c9;0xd665b5c9L;0.500000;1503136650;1503136658
1;4048;8048;0x2d0d536cff4194cef5111f25213e1d3f584173f9c049b5b22a3dc277da7de707;0xcb0bb8738c645acbd3e27e5ccd204ea755bfc5310b261f74c2e6774a3ed798ce;0xc166d026;0xc166d026L;0.500000;1503136659;1503136667
