1;4048;8048;0x1be30def6479b8ad2fa2e9eb8fc6a4e6a9ef77db90f0f500f70cd5fc8cd927a8;0x341e801b210fd8d0958cba6e40282b99141d1640d70ce630331063f9294344c7;0x69b3b409;0x69b3b409L;0.500000;1503099625;1503099634
1;4048;8048;0xd5eafbbe39ea55a2c90487e088eafb04276a9bc6da672696425ff26c43116618;0x8edd1ba99d5a81309a2f73ef28f470dab871a9b8ee42ebb8b81aa4f7ced0fd49;0xa6c7efaf;0xa6c7efafL;0.500000;1503099635;1503099643
1;4048;8048;0xcafa498ad561de89b7495b810fc8233e25c4e229cffb9b682d31a947debf14a8;0xa789cf4e89af6a64b5a2e37ba4201ebf7a9f7a6349b0e7a1357766efe5a2258a;0x0454db8a;0x454db8aL;0.500000;1503099644;1503099652
1;4048;8048;0xe54f43d9b8e59abeb91268bc598d6f02726d0689766226bc4278f65f92803b78;0x745dcf8a3d1c273a797144908506b870cf6ca1d57dde67dd07ee12476c1a6d99;0xd84786fc;0xd84786fcL;0.500000;1503099653;1503099661
1;4048;8048;0x0b00da220fc165d8a2ab9ecaddb3ccac592e5a38e84a02e3a92ff6965b0d4166;0xcc9b350592e8c1c2dad17ffad22fb6e7e58144423a397d00842f8b9f0aec9113;0xb10f2493;0xb10f2493L;0.500000;1503099662;1503099670
1;4048;8048;0xf35bb04afb7e495c0aa00ecda933622772e0fec5560d67846dd60c00e83f15db;0x170e58e2cefba60ff9f0e959c74f27868bc2e857ea42836c6047aca15e7e8577;0x40fa922c;0x40fa922cL;0.500000;1503099671;1503099679
1;4048;8048;0x72b324f54af39b4f9644be95cb27c49ac310beeb5e982725dc95a310e4124e56;0x3e1202d5782fae6678ec7ea6697fa27195f6491a096e5a14dadd9cd7acebcaff;0xed07c213;0xed07c213L;0.500000;1503099680;1503099689
1;4048;8048;0x2095e5f8537f5a1e6845e89b7e870e4c337b8a88aa023623c8fc291e43e8ea63;0x4f4f2fcb984b7bd8e8b1bb21d0b5a6d1e2c7d519aa9cb97a903398ffdcda2dbf;0x7976c2b4;0x7976c2b4L;0.500000;1503099690;1503099698
1;4048;8048;0xa2088a7be1b0561fb3209b149418c7743d11bbde8ae2ddd5ad203e2fdc08f77e;0x3be8d841b13f0816ea4990f929470b1621d1cd13383ba41334aaba37692cff98;0xe5f8da04;0xe5f8da04L;0.500000;1503099699;1503099707
1;4048;8048;0x0fd46ba520a92d305c6ef48e36483565c3ebc3d938b26522c8d1264209295118;0xfda50780314db4accefb2bb2b7028f245bd9e6b29c8839b404c9f658063d3bf9;0x5926e214;0x5926e214L;0.500000;1503099708;1503099716
1;4048;8048;0xc2ce93990584631e04063590fed0d08d4d496e19d6fc9af2376d2b8e022365c5;0x01e231983a0814d72ef6620da1f81eba52801d12a495c48075be98fe5fec2c69;0x7343ba4b;0x7343ba4bL;0.500000;1503099717;1503099725
1;4048;8048;0xfc4d22b978917f9eced5bc0b377320e388f6369e9fef51c16dd61f452dad092a;0x4d8b3b1c519b8404b6221ab0aa7ed5c99412a980a0588ee963429215a447811f;0x05385405;0x5385405L;0.500000;1503099726;1503099734
1;4048;8048;0x7435a80018cb4c5c0897b8ba9417ecf25373da6c7970a0c7e7a7a85a868831fa;0xd073d80090af35f708cac9c6ae146b02cbd8352eb0520f45f7aad8c4bef2291a;0xa8dbb32d;0xa8dbb32dL;0.500000;1503099735;1503099743
1;4048;8048;0x7df197eca79efbdf0fb6ebf2b6c1163b631fbc971aade61a4546ec6e51a664ce;0x53dc45b51cee89de9a337df3fb78ca78e6a75d1e3ca849554a06b3a1571e8bc1;0x52326dfa;0x52326dfaL;0.500000;1503099744;1503099751
1;4048;8048;0x0989ab2e00778a415e078809049a61a4a03622eefb9a1de3e502c3122284fc2c;0x7ad24f058fb96689d92f90a3924afcb64b59542f043d665d86f154058e025a9a;0xe9b3e81e;0xe9b3e81eL;0.500000;1503099752;1503099760
1;4048;8048;0xfcffe334a551656db1f2ae2593e0b2dd201fff0aa103cda1d559ddc7fe2129fa;0xa8f002579fad23e62c632dba633fdd98b45b8999438d49dee5c86eb66cf42cfc;0x692af5df;0x692af5dfL;0.500000;1503099761;1503099769
1;4048;8048;0x0aba81bdcc4a3b54622284de13fea4953ee80c73e564f5136330d5b0713b207c;0x259ddba3abdd30b26de59b0fbdad3e0f5bb2d7614e6914059c542dbe5b62c85b;0x1c7f423c;0x1c7f423cL;0.500000;1503099770;1503099778
1;4048;8048;0x85425a0f0d9e2d827f7ba4ccd050106a96084587144c8eed15a58879d44fea59;0xc24751c9882e5b06662c7cb7a90507e45a1d2da864d4de4a2a0e04ae78ecdaf4;0x3682f9d8;0x3682f9d8L;0.500000;1503099779;1503099787
1;4048;8048;0xce991e828269a226aa0cd40c73a47c4f8e64e88cdbaee47f90417d15b43e1883;0x798dfd6a3a42a859e327d3df9f5d72df967cc7f6acbeac75ed7fbff9a0d16fb6;0xeb842397;0xeb842397L;0.500000;1503099788;1503099796
1;4048;8048;0x34d2e58eb4a6e142e420d226b7cab20949cb938d7d34c8122d755b55086ae13c;0xfc8bacdceb23cc6f6df42f5b0a4012e9d275cc2d8d70e80c232ec870db0febb5;0xc72a7309;0xc72a7309L;0.500000;1503099797;1503099805
