1;4048;8048;0x81303f5cae2e609772efc066370ec95452589e6fc5c2a09158b1b0d700a17981;0x2f18f7593c17294d056801ac54cc2243f6d41221a721f3b4ac4b9ac98b96f334;0x261957e5;0x261957e5L;0.500000;1503073977;1503073985
1;4048;8048;0x73f20fbc29f9de7445d4b7b836f09acc0d664a92408a168c2f2914547e6188f1;0xeb93a3976e514c862e992dbacadde0492794c120e0a44b099da273f2de151fc2;0x483ff4bb;0x483ff4bbL;0.500000;1503073986;1503073995
1;4048;8048;0xeb1ac1461afac542cef3b072fae32441b63a572537e335190b1749360756a3f2;0xb2e8d593d32c116f9753dec32d0cf64ea6791bed1ee0f110fc8e4e64a0789d73;0x3989ffaa;0x3989ffaaL;0.500000;1503073997;1503074005
1;4048;8048;0x6a5ea6dcd680c0c30f7eda69db55ee5992e338151ed29efaca06c76b127c227d;0xd95999bece36aaa90d2d3e8e9048ff1d9bb08ff2a28d8f6d41142afe2580e62c;0x170a1293;0x170a1293L;0.500000;1503074006;1503074014
1;4048;8048;0xf851595e1566b303aeadb5a9f9286fd4b65f4e461582b7fc6bf85c8a1f0eec17;0x0662d9cc0c9e8f83a1e0c5fd4af5b59b7477d07ef9792d8e1396c7ea709a1f09;0xf50cc4b0;0xf50cc4b0L;0.500000;1503074015;1503074023
1;4048;8048;0xa3d0a36937779759b65a817e58c817b5e7b10357e9e12ffffb644a132a13f8ce;0x752bce6aec0c71cdca4f55ad57b0cfbf9d52a0b54e87e974630bc58b0f21f1d6;0x294ec0c4;0x294ec0c4L;0.500000;1503074024;1503074032
1;4048;8048;0xc0ee8c543cfea7aabc88571fa3fa66b80d985553719ba52657b3251ee93563a9;0x242c4a4412083f0997afe82fb65c769cb67ea7a49b676bacbd9a491a7fd21ed9;0xb75fa140;0xb75fa140L;0.500000;1503074033;1503074041
1;4048;8048;0xde82c15d72fcf7cd1e16c226d821ee45d97e7283591e9bada16384386fd1b54e;0x0f09ed3d9f36f02058dbb80bd23cff6d18bd83026c5850d25d87c6343d85775a;0x040a4bd8;0x40a4bd8L;0.500000;1503074042;1503074049
1;4048;8048;0x05d9a4482e3b443b2cace55dcf2a2c8f0037246ea096b4892db743ba25063b2a;0x599793fb6a61d94c7db6198c693ec12398a357e482f97e5d114b48334194e0c8;0x4562da30;0x4562da30L;0.500000;1503074050;1503074058
1;4048;8048;0xe54ef9927b4c1a798ac4e8347ab0ee6b2d2b35cb593b9bed6b725a16d1e2a5b6;0x57f005bd3436808d9f4d4ccca017a820e5aac35e2cdd3015bdc6508063bcef82;0xa83ee0d5;0xa83ee0d5L;0.500000;1503074059;1503074066
1;4048;8048;0xa3917d0ad51151e91efd5b3d90c051756e599dfb564c8d185ee8ec4e72ce1715;0x9a2d04dd2d7e27e2ad4786c3187ac0555a85d73cc25807be4e6110d466b20adc;0x43a71c3b;0x43a71c3bL;0.500000;1503074067;1503074075
1;4048;8048;0xeaf9e95f7caa12873ed153adcc79d5f35492861ba9d43fe57d3bbff18531956f;0x56fca48e3346f2d59b78d4c5fc8439ec88c7d7c6bf63598a6d89c73b51aca9ef;0x029c1023;0x29c1023L;0.500000;1503074076;1503074084
1;4048;8048;0x76fd305110f7c9f4b1b85c0074ff25487ad3c6811785f1cec6b8b97f2034d696;0x52c3c640817af12a94bb42b3662e2d3e50dd703ee4939c9f659d381bf17a8d6f;0x29c7466c;0x29c7466cL;0.500000;1503074085;1503074093
1;4048;8048;0x63a9bf3029e689a60dae6e96f8af39f88dd97c936accdd98e51f2a40f1ecff55;0x0465fd4c3b9026be0b6d09b88ae6f5503a3f61be4a916f8d3ad5fa0cae8cdc1f;0xcc886cba;0xcc886cbaL;0.500000;1503074094;1503074101
1;4048;8048;0x73710f71c5798f12e37003b28cb95e4249e1d034c5aa058f38fe38868ab732fd;0x50475a3ec9fe0a31e56aadb39c3b7fd5c17c26caf8f811c2fc25935ab2779843;0x3dca142c;0x3dca142cL;0.500000;1503074102;1503074110
1;4048;8048;0xbab6d41ab662a6188644ca72d6f7d9a70b55fa9941babdb287e6003e1749f6d2;0xc600741b15dc80d1a5cdd5c85229d0a99e8544c3e61dfaf3b68371b66828f627;0x25663c2a;0x25663c2aL;0.500000;1503074111;1503074118
1;4048;8048;0xd8513954f6a74f8ff1b2ce16995eb41241e85899f79399f818dc02e4e4ad3cbd;0x5bb94954f857ecbb35f920ca13085b2cf7e1d808f39df10c28cfb64f4ea28d66;0x5eea326d;0x5eea326dL;0.500000;1503074120;1503074127
1;4048;8048;0xd7b81697a68203750aceffa993888d2eefd3dc425bc53a313c42114c8fc21c66;0xae2df6279a8f04e6d8ede4d0ccca824a6f4a07408524dcaa31edf61836c29ce7;0xdba62201;0xdba62201L;0.500000;1503074128;1503074136
1;4048;8048;0x9ca29b2b065a3ac5270918741926119e9ae24b6ffae7e70bb6ab084d3aa088d6;0x864c7b4204c238d271edecf12bad4c3cc18e7f371b57e3eaa43c3113af13256c;0x15954bf9;0x15954bf9L;0.500000;1503074138;1503074146
1;4048;8048;0xcd3dccc5ccafe84e09a6b1cbd37b23cd0368a3d34071599a660cf43479a25d46;0x74f7039bc4e7428dc739cf5a3c0f75483bba6bb32ddb00736b0c6c2c74a3af6e;0x88882ac3;0x88882ac3L;0.500000;1503074147;1503074155
