1;4048;8048;0x486d3a5496eed8ab24503e5677bbd9921cb550cade9797b0a9794d01684cc8b0;0x701043036ea747e9c09e70571df7ba4629918f0ffdfa8e26323e50eb8792a75b;0x1b60a972;0x1b60a972L;0.500000;1503094352;1503094360
1;4048;8048;0xb6c51caeb08723f4f7ac29746b76dea9428e689aa169af0bb3f945336bc70922;0xb2b0e0f941c15674c519d3312a3e99bbf766a2df55e5fb9cba83ba52face2fd6;0x32b033ae;0x32b033aeL;0.500000;1503094362;1503094369
1;4048;8048;0xc064eef3bfad3b47d4c5529eec0a47312c25d09f6d4a5320ff535008359a13f5;0x1c0681f0b399c2f05f345ab8a40808967d390ea0923dbd59829145e064f1055e;0x03b0955b;0x3b0955bL;0.500000;1503094370;1503094379
1;4048;8048;0x676f50269f91cbbb146d65b56a05ac2b5958aa7908742f6f1295c844355e319c;0x63ea5ae06772e1686a276c6cdaa5e29e4b8072c67ad15821bfff4593d28b21d8;0x95f2b961;0x95f2b961L;0.500000;1503094380;1503094388
1;4048;8048;0x1a85f7edc49dd9870a10b8e92e1e8d58f8037d37a11cca9352280b47b20c52cc;0x6ce13c11efa3fe24e9514a814689b33728688526b05352b49ecc7eac2b8ed840;0x2d03be94;0x2d03be94L;0.500000;1503094389;1503094397
1;4048;8048;0x2e750bd2ee5279d987f2b541c5e71dd57b1e5a1d4324f8bc5e404ecb28059d56;0x7611d614265c082193d3058e4b9891afc7cf57c68c837e193bf3a1c917924940;0x1b3c96b7;0x1b3c96b7L;0.500000;1503094398;1503094406
1;4048;8048;0xd48334ea02ec71ccd737e0b02ffed42d4d34ed90f2ff0497b9dbb2cda2dedc76;0x959d6bbf0f8638d1c5c2ded61dbd98460fb1a2be7ebe803201da5a69e207da11;0xaabb51d5;0xaabb51d5L;0.500000;1503094407;1503094415
1;4048;8048;0x0a0e858256b79e7c77765f54490a99becbcf17448b3ab059a4d0ff389d3b8aa7;0x69f804c2d09fed6d5e03a0d591b20b1cc29f880ebaca43b9689ab7057fb50b57;0xe1df9ca8;0xe1df9ca8L;0.500000;1503094416;1503094423
1;4048;8048;0xd198d298ce5182663e8dd337b27621a1139a6169842bde63edc55b8fd9e94aaa;0x2dc31be9c77be477ee1d80495adfa84d6a6075e05ff5ac642c844876506cbb15;0xef79550f;0xef79550fL;0.500000;1503094424;1503094432
1;4048;8048;0x7817a9b855e444079a637d146dabee5f0fe41a52268c349fe052a5c1a58cb61d;0x6ead8cfefab9b6f24750ce6b69e9c9f1b685a12b1d0c46018b36c4882151d335;0x4a8e9b39;0x4a8e9b39L;0.500000;1503094433;1503094441
1;4048;8048;0x853d2001c8217a7776308ea1d7d7614b418e7d6b13ce16aa7824e3577a8848ff;0x3d8c73275beee59e936135484b348882b3e3eccd4984aa8390bac53ec2f8c1e5;0x65ab3047;0x65ab3047L;0.500000;1503094442;1503094449
1;4048;8048;0x31d3b417d64fef634cab2d1866e4209ff0082559d627a1ae531a104782c4f8b4;0x61fbb67d5f90f84f8fcc3c515a19dfc29232a270a6d04ba0d3565b7a3e1b480c;0xd9058762;0xd9058762L;0.500000;1503094450;1503094458
1;4048;8048;0x7a8b83fb65817dc8d11d424a57549f1823df8e237d2e6d53786753f1213cff9b;0xcc19789bfdc1b11f340c0d58eaced3139ee2a5eae2975e431fd9ea784ffe7c59;0x7c9e9dcf;0x7c9e9dcfL;0.500000;1503094459;1503094467
1;4048;8048;0xfcb827829fed2cb22691f4a8b7ee63b4395ad33f050db5cc541b3ab7b0f1c5ac;0x7eb9587b02b52dbf02b1634f8f7a9485caac404c1de095c59ddadc72ce23fbf0;0x9b348aea;0x9b348aeaL;0.500000;1503094468;1503094476
1;4048;8048;0x9e9e8143981a76de3190ccfba69b1b3f7b8d6b83c6d6045b7d1a52aaa020cb3e;0x8a13757e903f7c9716fe8728a5a313f64186eb4cd7d16aac28050144f350bb7b;0x3b57e26f;0x3b57e26fL;0.500000;1503094477;1503094484
1;4048;8048;0x6df92da903055fa6c7b801942e416a95efa086f8703cebd209a6f65d5580a7c2;0x83e471459d9ff24f732cf2ebb5d35c5857685b3e3edb6845c7d64aacd2cf01ef;0xd6f24d57;0xd6f24d57L;0.500000;1503094485;1503094493
1;4048;8048;0x8c6b3612cbe4880f1e652f48968e2bb789a25cacc5e74cdc131b69bd95d0ab21;0x109c07697ccd1023fb76696aa5ba2e8f3b1012187135715f2250ac04dae42b7c;0xfaa14587;0xfaa14587L;0.500000;1503094494;1503094503
1;4048;8048;0x0caf3ea040dcdd3267463bfedcdb65b4f8ded89e412b1c7de408aa000db45e19;0xd8849c88c1e9a266be6a7b49b1c02ce70972ede977856c60e84a8cd56dbecce1;0x31c37a5b;0x31c37a5bL;0.500000;1503094504;1503094511
1;4048;8048;0x320ff5e27ebbc1049da8915c5455323503997ca2082dcc11f46fb8dde1961813;0x7e48896808b8e35858effcd6e04a022d89d5a6af07349d9dc25e539cc8cf1b2e;0xcf7d5c4d;0xcf7d5c4dL;0.500000;1503094512;1503094520
1;4048;8048;0xdbef66a3b5422ddc9dffdecb1b85ae148ce8d147c0471f03ae9955059298536d;0x8274a60fa394e7d235c911b30dce2b990ee1514c3aec09c8b15e0b14af0b3f4a;0x16a679a2;0x16a679a2L;0.500000;1503094521;1503094528
