1;4048;8048;0xddda3f052fc640bba978ef0912fff3763126beba39020ce016ecdff81a6804f7;0xd5dc8548b458d798ee6d88b09cbbbfc1f6c83a9cc5a2dd0187b456802990d8ef;0x76281c1d;0x76281c1dL;0.500000;1503125342;1503125351
1;4048;8048;0x1fdee4c219d13ed8c59ab96c29e530e9772e4f83a1a835f2bf3619735676e175;0x75c973c4f38c33123729b04a3fb7d95353291343df14a681383011d8fe3635cf;0xad7fc8c6;0xad7fc8c6L;0.500000;1503125352;1503125361
1;4048;8048;0xa69dfe1ae5afddb9b3e402ee4c2a17b0b6b0e14d9c3fd0d65bf775260289c1a8;0xe8c27a3e1bfc5079fa80f9477977343d0fcbbab493b768b55df786bb617b4a42;0x5b203433;0x5b203433L;0.500000;1503125362;1503125370
1;4048;8048;0xacd7ce2758494195eeeb80792b5b62c98cdf8701fd1902dc2d137dffc067b26d;0xd20443e3ba9271747ad417ecea926981ae10a2a1b664a2192a37b4e65fedf894;0x237caebc;0x237caebcL;0.500000;1503125371;1503125380
1;4048;8048;0x03102bd37b1ecb24d2ca019c119dedf7921511dd40f4ba54b27c76292d900830;0x0ba0ff939b01f8c9fa48531576fb09d5495e951fa365dadc938991c576e12029;0xbeb7bebf;0xbeb7bebfL;0.500000;1503125381;1503125389
1;4048;8048;0x45bfc534ca5d41ca937011c9fd4fa7f203211729ddfc6f26a9a37fb1c0172c05;0xa26a13111217833a2e8b527a40044b2c337711772725559141b933af4f7e4c5c;0x3f58b8cb;0x3f58b8cbL;0.500000;1503125390;1503125399
1;4048;8048;0xf21307c2c40c6a3dd8e9cddb165a90fa07e910e8af7ea73e71d1226e4ef75440;0x19ac8ff66c5dde02da8716feb825dc9dd4d28204fbcc85a7c3bec8aeb43cd2dd;0x053c9d55;0x53c9d55L;0.500000;1503125400;1503125408
1;4048;8048;0xcb129328d46076f6a8770f6f29eaa839e938c4a5aea089ccf0529a257c23e548;0x6f9f9d2c740afd5ca205957dfdae3dfa0489c72276290fd7ca7578df7cfceeca;0xb6b58567;0xb6b58567L;0.500000;1503125409;1503125418
1;4048;8048;0x70b095c06822473ba020f852e932c297831fdfe221e68cbf2d84e6992419c795;0x808ec92937fea103e2dcabb81e3be489dfbc1a7cee56b787887e4ae43484a84b;0xa84d63ec;0xa84d63ecL;0.500000;1503125419;1503125427
1;4048;8048;0xe1c162d1e5bd578ed483cb8a9272e1613b54274d43849f1118a114481aea2ffb;0x27754cdf55a2c79ddaef40c816375f33e98a779445ff8e6d90948678e45fdf41;0xdc896829;0xdc896829L;0.500000;1503125428;1503125437
1;4048;8048;0xf16f16b1824f169fced7d8517ae3dd05abf05aa759aae9d5844e42f0de1a58cf;0x27ed35910cc29866fa1001d6e06a7ebee21f2f3a8c1511fd57b5ec64ede6636a;0xc969f6a6;0xc969f6a6L;0.500000;1503125438;1503125446
1;4048;8048;0x652d0d856419fce45a38194d319529be329963ad9d9d74b45570b292c2567f27;0x0b915d39f6cffd8763b0a05d6c47cdcae72371103b5070389bf1e970cc5f2f47;0x3af33928;0x3af33928L;0.500000;1503125447;1503125456
1;4048;8048;0x2ac23cd13f75086b62105683363497324a3a11a564b426b2a17d64e0f44ba31e;0xebdf250e389d7555d53f68943123976157eada86f8eb37c480f00828da0f459f;0xaa8b9cfd;0xaa8b9cfdL;0.500000;1503125457;1503125465
1;4048;8048;0x0f51ae537c788eabf8541dba2ee1f4a7c7950aa13c72ae9cd7ddfaa315f1d025;0x2988dceecd7950e6fa203e7ff802d54353e2c814e9df5e44ed79029813ebb96c;0xe6f330e0;0xe6f330e0L;0.500000;1503125466;1503125474
1;4048;8048;0x8cd7cea33f0045d25b165ee221b932f851757ffb24f718f8bb805572cd032b5a;0x430eb0191407de14b98a9a95ecb380bef06ef6ba0a264a8028c30fced8a8ce44;0x2fbf351c;0x2fbf351cL;0.500000;1503125475;1503125483
1;4048;8048;0x16ab3e424e60fda2f5243cf4ef1e85a6be631ffdb0f663e9cc1020ae11db1e27;0x293a295693624b0e8d0286ef51456c32fc87b790d26ee5447b9bd78dd496319c;0xdc758c97;0xdc758c97L;0.500000;1503125484;1503125492
1;4048;8048;0x200638556fdc5c48e12570237d685c2b2949e3b3538a86cd01e80f2d6940ed8a;0x28ad4feaedcb480d63e090176e17f460f8a70f9aa3d8aa47878bf8c47ce9a78e;0x3237170f;0x3237170fL;0.500000;1503125493;1503125501
1;4048;8048;0xc0395bf6ef5dd53b7890b9e42ddbf71a43b622e4bb1d87c931917f7fecb72fac;0x371dbb3637090e25c0b222ee679fda357606b5e704346fdc5aaec5f66bec8a94;0xdd8f49ba;0xdd8f49baL;0.500000;1503125502;1503125511
1;4048;8048;0xe8b496fbce4a75753f63a161eef254db08fe4a95a4d318fa6cbfa348b96fa9a1;0x5b002d5e8e8f511e7ea9e31a1d3e694ea05d15249f6b28929c03f8e00895cc61;0x000bd25f;0xbd25fL;0.500000;1503125512;1503125520
1;4048;8048;0xf957f5bc1ddcf4f530c5cce4a35fe99742ccb9ddcae2c135aff0e71801d096fa;0xe62a8a8388736965d2e58141092c5909f2affe1b5b277a0e03765a54fe385eed;0x8f85f0d1;0x8f85f0d1L;0.500000;1503125521;1503125529
