1;4048;8048;0x128ce252a754c30133685ccac596cdf79f246b15f0af64645abd53b3419f7053;0x4981ce78512769441f2a69ef2f83e0fa51f8fae5e87ac79a88d8b42ab317797c;0xf3ab1dfa;0xf3ab1dfaL;0.500000;1503122039;1503122046
1;4048;8048;0xee8f64818076a1a21f2bee8261a276722f7229f18a0b1a49ea80fdee6e24db5c;0xb443f75f2bcf51d0a24c55a0cafc922118544bc13b06da30a3b8d40c0bd3770c;0x60723fda;0x60723fdaL;0.500000;1503122047;1503122054
1;4048;8048;0x355d73a2c076de5e969e786d6241632f46c647e4fd05c5729cca674ec061a8f6;0x2eca59c982907e0d48c10845103c1d55b68b86d49828ac61cd4170bca2ca785b;0x8c2d318b;0x8c2d318bL;0.500000;1503122055;1503122063
1;4048;8048;0x471d03a1618ed1eef37888f846f92d697c65ed5b48e8b0505a4d8430f7708b3f;0xe74b6c5696aa8a81d1062d2f462ed8d5d3623835eea6ae0c08569c86be0b71ee;0x2bb84c5a;0x2bb84c5aL;0.500000;1503122064;1503122070
1;4048;8048;0x175c3de6af5d16f33434d0b408772593ce878f67b5b34124167cd80658ec326f;0xc2901bb8bfae988846d98c057ac9c52be368473e6b0dcfdc9245e484c495fe25;0x22a068be;0x22a068beL;0.500000;1503122071;1503122078
1;4048;8048;0x64e61e3ec99f69f729c4105e7643b4cad8493e66d31525a4be08b82ad0502934;0x07d19d770cf3d73f299c5f59e024a3b2c40f45b9fa1faa62d2dc15b0012e6c91;0x6e220c65;0x6e220c65L;0.500000;1503122079;1503122086
1;4048;8048;0xd2598446859aec27c780446bed6a42dd50fc4886903aaa1e0112fd45e9ab09bc;0x64e0831f464d41b5cf5449fed4e99d7ce7854e5728d4b1f54ebeb590674d0c70;0x2a5bbc40;0x2a5bbc40L;0.500000;1503122087;1503122095
1;4048;8048;0x42190a1b8252988794db0046af0c5d59ec3a65689830e90f6183685e8dac07cf;0x6a735d4e708704a19e85a6e52c3abedb37122fda21e56bb8e573bc1798dacbd7;0xd753feed;0xd753feedL;0.500000;1503122096;1503122103
1;4048;8048;0x79c4c64a14053591e710795dcc450942027d26a5bb909d67ebaa0ba6eb1fd064;0x4840a9abeb9825c6038db0754dc282455d029d759de025d190105c212a00c946;0x042c4eb7;0x42c4eb7L;0.500000;1503122104;1503122111
1;4048;8048;0x465df9c5c7c06ae01b2e0127a7cbf9ed37f51c7fceab71b698bcba44e76e732e;0x5bfd40765785be38d61693d3d968675ab499606eb60a4f61e0a10bc82ca34760;0x5f0a84cf;0x5f0a84cfL;0.500000;1503122112;1503122119
1;4048;8048;0x78eea2a57c1ae6cce003df79cbf4c83d3f5e4946451a5d13748f3a90534625cb;0x75a2a9d55f51bd45eb9fe90c1075777c26020710ef6eb0a3108ed0be981aea72;0xb4d32b07;0xb4d32b07L;0.500000;1503122120;1503122127
1;4048;8048;0xa965e7227657bd61c3e05c350a321083675f32406309d4283e29bcdbbd01eb66;0x1e0644a454e66d1ac664debaaad721a515b2d7ba2f55bab90ad890e61a82816c;0x32e4e40e;0x32e4e40eL;0.500000;1503122128;1503122135
1;4048;8048;0xa36cdf5e09aff72d603ed6d393b3841b3369d935ee3ce43c724229f9ae503352;0x2c41ba4f8280dfdc857b4cea7cb2d7b6a2e882ae8322f7ccbeecd21c34287330;0xaff61daf;0xaff61dafL;0.500000;1503122136;1503122143
1;4048;8048;0xab32ac9444276e87f452e5ff22031735236a866cd7dcd41337a97e904632e4f2;0x9350acec42a8965f11a933f0cabb1245d541ced8c5a070469a8a072da5b58401;0xd072b866;0xd072b866L;0.500000;1503122144;1503122152
1;4048;8048;0x39b39f5c9c46637891be8f47c19b29653f4cef05d9ae11255132d588f03d6c2a;0x9c42df978072416935b7a75378c8cfd83cd418f9c5724ac3b4cb4159d054bc32;0x2912ec09;0x2912ec09L;0.500000;1503122153;1503122160
1;4048;8048;0x180b5ccac0d3dcb779e6c58318d976301d7518baf92a95229fc333a0a8c7cec0;0xa3cec848abd3d645e4253979b2a82a378ef21941c8c6b33539cddfeefbd7d48c;0x4f3892b4;0x4f3892b4L;0.500000;1503122161;1503122169
1;4048;8048;0x54a59cad3e6aa67a4d4b992b0d9149e8f2a601ea357d5390329be9473279f087;0xb989338bc056ed7d25863b23c7e1825377dbc01e97866df6932162d81e181b4e;0x903648ff;0x903648ffL;0.500000;1503122170;1503122177
1;4048;8048;0x23e84068bdc766479dc7c969a4333f00488b8ec6e3eff72699ebf991c8c8aeeb;0xf651d2f9a859ca732c006d9f199709cca5ed2c3eaf8873d552ed7a86726a45d6;0x3851fe49;0x3851fe49L;0.500000;1503122178;1503122186
1;4048;8048;0xc1f0bfcc8b015435e5e8f877fbf2301d1ea4c6974c8e4dd16aa3c304f658a6b8;0x37586cec7bc4335c8628bd61c9dc8ca9e68fc2a579ac889f9dfca490d116bb8f;0x12654bbd;0x12654bbdL;0.500000;1503122187;1503122194
1;4048;8048;0xa8e4eab9bfa4f9cc4c09e868f9fc85d14265d1e732542b06e09de22214ad94bc;0xd3bc0f7959c6a2f2e2ec8483289672d54a6d0a1c63eaffa792e34cdccb087454;0xe4a2ea5c;0xe4a2ea5cL;0.500000;1503122195;1503122202
