1;4048;8048;0x50700be6c9766dba2dd4d09e496950f9e0e27ad0e82ae7b08fcbe922b3c98604;0xd7796e0fa10f40632ea18ceee9b4557e9d3abf9d0388291689c516b16fddb976;0xcccd95a9;0xcccd95a9L;0.500000;1503120711;1503120718
1;4048;8048;0x75e64d5e980c810a6c7318a74fe0f4acccc032868833f6e89770d88cd87cb24e;0xd390a312473ae580a3db2328b7d174efb3bb9268caaf0f59f1551f9684eb6c02;0xbc7658da;0xbc7658daL;0.500000;1503120719;1503120726
1;4048;8048;0xde1fab1983f0560fc2c1377c85339982a3f0b1c6e1ec19eaac2b280ca4446b83;0x760595d6bc1f433ed7b7e9c5581239d7c06daa613f5588e2bd8726b6d7101858;0x554e60e2;0x554e60e2L;0.500000;1503120727;1503120733
1;4048;8048;0x25b864ede0fef93990036cbf656ab93151281a92ecdbecc30b1537c1fced7321;0x4a9b50cea0ac60b7455341d4ddfd7ad39151828297a83f5a1fe0af27a6347f84;0x7b350bb5;0x7b350bb5L;0.500000;1503120734;1503120741
1;4048;8048;0x6a7eb5d2217f303a89b281673a454e91863668674b1ce7ea7efd5a06ca859a34;0x25a0e0e5886cbf830af0b41e8df903103095bc8d60414322b71829dab4bbbfe1;0x8e08f3a8;0x8e08f3a8L;0.500000;1503120742;1503120749
1;4048;8048;0x814b3d59526079299420e7e701bf0475c934fd147867e1b456104d8d8a79d60b;0x19d14acd64fb6d2c409080430f53f2f49782b22f604ca1cf761ddd53e795310f;0xc5333b5b;0xc5333b5bL;0.500000;1503120750;1503120757
1;4048;8048;0xc95e6340b5627a96750c67d823dba0607d5b4cdd7d4eedf3737f39944def6f16;0xe3563f59ac1ea46fe70b15a8dcd347a8f4525a2f6b90d38675b84e1a7eddb77f;0xf6231206;0xf6231206L;0.500000;1503120758;1503120765
1;4048;8048;0x4b0cfd1ea716f370d355c759927bb86293fc14328b964ee10c4a3d88601a07ac;0x20cb23179a9525520cae5131e24aeffdc87adf655a1261fd3bfd28369e512391;0xa36a0b62;0xa36a0b62L;0.500000;1503120766;1503120773
1;4048;8048;0xcfeaecd02cabfe877c8809044c38416999ca643c45312e290bb7ea8bbe75848d;0xf09a4d662fe956c55f8c9e2498eea0b09520bf772d85608f2c2ab1e10d6b3f10;0x1df92c4f;0x1df92c4fL;0.500000;1503120774;1503120781
1;4048;8048;0xc0192dd724bfdf536f5feda3681dc9e404596bcbbd6792811d44ed566b936f2b;0x599ba541b0e8603c17052489f12dcc4bb75f688c9aab555b59e5471de9dc84c6;0x9411cb8b;0x9411cb8bL;0.500000;1503120782;1503120789
1;4048;8048;0x6e16358188e6a39f787cd38bb0ca492f50b9d2ced703fa1fcc71b9b1bf90262d;0x568a5cb3b985b76e84101321bb3c15d3ebcf6382e8a7f212122773d7acfcec26;0x8472132c;0x8472132cL;0.500000;1503120790;1503120797
1;4048;8048;0x2627d612dfb1cc20086f7d3131f208d2480ae6639841c3b08a744b60e7716a0d;0xa318bb78d0c2fada3998514b03dfc3996d4b9a3c8e8e2b1879ec545c26f15b90;0x9a1f72ad;0x9a1f72adL;0.500000;1503120798;1503120804
1;4048;8048;0xbfe8ac6c9d4be22504300e2844da4aa2f3451eadb0aa837db830bda0220923e1;0xbda739ed256189b3e26a4e2704318eda8da6381c8648dc5a9818cbd1a6f29558;0x2050c32a;0x2050c32aL;0.500000;1503120805;1503120812
1;4048;8048;0x9847f69bd39b8cff17587024b05b6f2450fb3d08b905c686bd0cc125da9fba72;0xb2040f0a0d726a0c88ffc960b5da5163a798f538e879a5681b0149089689988f;0x1b1d81e8;0x1b1d81e8L;0.500000;1503120813;1503120820
1;4048;8048;0xed8b62048b75a294c50bb7be806bb1bc3d46c13d88c85f097738d3e79dab9f8a;0xa2edacffe46b9aa35f769fa7d1c513ae2a6de13983e02f91816de8cbce5efdd2;0x89c5bdea;0x89c5bdeaL;0.500000;1503120821;1503120828
1;4048;8048;0x45289942ba2c583875ee2711148aebfd440900a8c257b9803ff256320650424b;0xd9ec51223f3a65ae3e4b4e57b692b8fecb16292e84053a26e4ff84e5ff522bab;0xfcabb52e;0xfcabb52eL;0.500000;1503120829;1503120836
1;4048;8048;0xd71119ad3471f53a69797184a1d885b162b6ce4af857f46f791863b9e2fabdb9;0x9094b4e40c1ce9ff4f57c02415ecf7fbb968d0a1abb9087ab51c06a9e1916809;0xf8127c4d;0xf8127c4dL;0.500000;1503120837;1503120844
1;4048;8048;0x8c610d0932ae2d9db4b3cc6ce416d4c1c01ccfbcd0eb804a4a8c56c281a8de0e;0x93a621edfe8429f02df8b9dfb26b79f7bd5ca47260b53d04e9f7ce329d17aaff;0x2b4a28f2;0x2b4a28f2L;0.500000;1503120845;1503120852
1;4048;8048;0xad0edb22df14d74212d2e9904ca611cf2c371fa3a3a20ef7a4076ab648d342f5;0x45a933561f2f11fa56b2c9c0cb973412914695bbca7d9140d648af775ee94bc8;0x623e25f0;0x623e25f0L;0.500000;1503120853;1503120861
1;4048;8048;0x7bc6a382eca3d43e6f68c18a27b3e3942532f8d02e7b3f62ad62da89e4d0d360;0x193f0871059012c4eebff951ce32919fa285f03ec4face11c799a834d3c2ea67;0x9b8c3a3e;0x9b8c3a3eL;0.500000;1503120862;1503120869
