1;4048;8048;0xcb3312406bb7dc592110a9a6087a64037e46de0b3c29c91b8ceb106cec63ecb7;0xc4a1ccb16b52bc065395d4ba1ac7b8d0817f348523520436445badc222550724;0xe36155f6;0xe36155f6L;0.500000;1503074685;1503074693
1;4048;8048;0xb1739dc403b4136dc6775d54eb4b34c622df2987e41421d12ff93adb0bb32fbc;0x1d5494005dc0362bb3385c7c0bddcf555e1295beb4d2c82a8fc8efd89e0b3409;0xbe69a536;0xbe69a536L;0.500000;1503074694;1503074702
1;4048;8048;0x97043a1618b2170d8d4d996a98e09f874532a90920efbe8144e572e24e66bbe5;0x946d5dac5c16d4d780d3dc85f9f5ab2dc7e9bf2aca67e49ebd8213b87c40696e;0x73c70c48;0x73c70c48L;0.500000;1503074703;1503074713
1;4048;8048;0x96adb6e05e8e3549a2075de6227e265eca5d9f7fe4cb2796d9d97134c7d3d75e;0xf14d061a093c6e95a0117353ee841ed6044c69b843d6a5fa52c57bb5e0243b0e;0x6699028c;0x6699028cL;0.500000;1503074714;1503074721
1;4048;8048;0xbd7643fa15c5fe185eef48ed4a36c673c14c7ce81f1bf2586517564bc89d7285;0xa3792b147117551dd16f5e371f5dd9badfb393acb8009a912723cdb3998ca893;0xb344a511;0xb344a511L;0.500000;1503074722;1503074730
1;4048;8048;0x9a884fd163bbc8848aa1741281e905ae515ce91262cd0a6b02aeb84d39a4dcd3;0x76bc6505d8d589a862a618a7b2d09ca3ae2d5bf8b28cb737d94f7641dff12e25;0xa0ca2181;0xa0ca2181L;0.500000;1503074731;1503074740
1;4048;8048;0xcf171080763bf7c7842c169b93fd4f172882db0179a8c5223a4095559b37246a;0x629c2793c0c0c8a157723f96b8fbfa89c46afc6f4ac3e90b245f658b785b5f45;0x22d489b4;0x22d489b4L;0.500000;1503074741;1503074749
1;4048;8048;0x7701d4f4e90df83bcb53c092425c9f92f285d290b7fb71811ef137bbf049f168;0x774333f1b0660ae755f096ef1debd628e478127aa722b3ba59baba91476e320f;0xe05f6e9b;0xe05f6e9bL;0.500000;1503074750;1503074758
1;4048;8048;0x02bd1d4cd7728ef284f88604c54425a9eb24253dd80bd9ebd3f09a49cd6d1ccf;0x6d1befcbdad47db5ac3f73095c866cc6dd5353a8eaba4d3b69ea46d6b84ba76d;0x63574fcd;0x63574fcdL;0.500000;1503074759;1503074767
1;4048;8048;0x6e9b8291ac4affa0dc3fe85182e71487bf6507cbf1afb8179ad3a76869bfbed7;0x3939e998926ab2d136b46f0e4bebd62997c1576c2a4393b3de15cfdb72f28901;0xbf389f88;0xbf389f88L;0.500000;1503074768;1503074775
1;4048;8048;0xc5cbe37c870b2a6ebf68067d5bd15858dc5bec75e06b3fc613691cc48a65b04f;0x5319ed332d4faa0171adf8c85dea77ea430166eb3e205e535682c64a6e26e3f2;0xb80ae9e3;0xb80ae9e3L;0.500000;1503074776;1503074784
1;4048;8048;0xd56c755971e6d2d5cc16cc84723bd82d199ec36bf7df9215d71a0abe2d37af02;0xdfd332e12d2f67457bddf6a0807a8c8060840e5f6e3aba3195bd8cf750a55603;0x7cd23f54;0x7cd23f54L;0.500000;1503074785;1503074793
1;4048;8048;0xce2bec7de84b02da9523156d13dfa74e0a68c9c3a7290fb2c526993b42159310;0x6ab59fac9aa7562edc00b5099b71b69b1b8fdff8ade013c2954e38fa2a594a26;0xd3266009;0xd3266009L;0.500000;1503074794;1503074803
1;4048;8048;0x1c35c665d0ea6b02302d1a7c7e8b58f0e29d0207f5467be64e6445d3de5e85fa;0x25fef1b068fbe7d2bbb76f58d0232f7d7aa052574196987835a91279b96dcc67;0x88ae0b75;0x88ae0b75L;0.500000;1503074804;1503074814
1;4048;8048;0xc214269e1e845a90e44d08afc320705df7517b161f2f1559de830cdde74aa5a9;0x57c2765a895e9b966d7b85495fac8e57cf0bdb243a2142bb0e19b8e0baec0e93;0x79cffd7b;0x79cffd7bL;0.500000;1503074815;1503074823
1;4048;8048;0x2c16bd3853a9143cb8335a83028b56bd074251702eb817e97f574ae2e1fce50e;0x948a7993141206ad541ebd6f22ace827c6e0fa9b358e9ad318d7f7f2cec5a4d0;0x7a058671;0x7a058671L;0.500000;1503074825;1503074833
1;4048;8048;0x8eb194bc5ec87f2aa6a54a6853b0b60d0a90d91f4ae49c12412aa6a7acb3123b;0xeb0e747805b1989ea4472338260cf3231df3015f636ca96900c493da98f740fe;0x8afae24a;0x8afae24aL;0.500000;1503074834;1503074842
1;4048;8048;0x41d12551bf183627ebc089cefc58e73f8115200009a898f8de5e0dd9359c4d76;0xa6a9d594c589d9b4a05ff82b3ce24e87e1c527e8c09d5bbfcbb1afb20bcca49f;0xd515383c;0xd515383cL;0.500000;1503074843;1503074851
1;4048;8048;0x189de14ff1c267495608f3ea8ef6c380ba74ce75d6753aa1ebbc15ee56934a6f;0x9f3872546ee4e2bce66c3fc55f6a212a51e956ad171069ff11bf1b351fb86b3e;0x079fb36b;0x79fb36bL;0.500000;1503074852;1503074862
1;4048;8048;0x203df296d623d55dda45bb34f98d1e7b9b5940234903cc9164f930dfba842bdb;0xd587dec3d5c19a027467ccce084d6e7a1a2eb496b6095b34eba23be49f0489b0;0xb30888c5;0xb30888c5L;0.500000;1503074863;1503074870
