1;4048;8048;0xd3529a5fd0e875a1a6fb39a1f4046bbf0ec8c47883c0193350e4c22d772c284b;0xed370c96b2514baa1061250acc3bb5fc58adf621bb59318407a55cb764b3780b;0xddf99303;0xddf99303L;0.500000;1503109535;1503109542
1;4048;8048;0x9a2181443f8a0203486158c0b0157ccf4fef1e92917f3f69a8668c9ebc9c2757;0x48527e09007bb79cd6bd470915e62dffbbec473dc037882e12c29be3818df984;0x2bba1453;0x2bba1453L;0.500000;1503109543;1503109551
1;4048;8048;0xdef5b4955091cd99c0574ca706fdc548258d333574304e7188d1fef45d7d4a3c;0x65c402d4625da7ba65b30dfff7fc10b5436de67659392434372f5b25a7acc4d7;0x009912a8;0x9912a8L;0.500000;1503109552;1503109559
1;4048;8048;0x44c9d410e690c0fac93c1ea41f19fe84a5cfa231268d1252aae806e7e4d37628;0x1613288aa75d0283b228f720bedb6622ffcd7fe0b3bf9434fed9140677f29b06;0x07791af3;0x7791af3L;0.500000;1503109560;1503109567
1;4048;8048;0xb804b5a7548189b70ff780e376044dfc811c37b32811c5423220d65b34c4dfec;0xe65e7b7f0b60ef25b7297cecf4c5aaa4f97d2f0dc3e316815472d56f96aa1839;0x07657c19;0x7657c19L;0.500000;1503109568;1503109575
1;4048;8048;0xe9b876e595cdf2fb34f4eef97745eeb59548f1f4bf42ba123e0990ad29ff2e12;0x2d43606cbdddb70797fd456eb2eb398fa3e79ce86919883bbf9351f5dd263dc0;0x2917cd66;0x2917cd66L;0.500000;1503109576;1503109583
1;4048;8048;0xbc6d2618a7697a0249c17b602caf5a2a3abdcdf9f4f7faf99a66c2b483123040;0x978e45521c40ce58f41a12257d098157ccdc9cc90737a60213bb6fa674b93512;0x9ebfd8d6;0x9ebfd8d6L;0.500000;1503109584;1503109591
1;4048;8048;0x0596199d3588d37330741d8048895f9a885023c60241c97f8557d8d021061126;0xbd655c1c4a347bfe57c0ad185ca4c5e6edd8d6b1ded156360fab172c364d3725;0x45ac3eaf;0x45ac3eafL;0.500000;1503109592;1503109600
1;4048;8048;0x93c4bd7afe42883ea67d15448df00ea2415da3fed48605e0d33aa3c0d431d267;0xe5ea1956db54b01ef554d49ff5b342d23df83f57acc47a3cf82fdc13ac936bc6;0x25f589d6;0x25f589d6L;0.500000;1503109601;1503109608
1;4048;8048;0xe0ff74f9d489c4368cc168a38108d355da037d7943a4b9cb8db61f12cd38eaad;0xf81cf1c17d918ea3dedac26a431b31e0962575e8a610eeae9722b9f343bd91e1;0x1b3b5366;0x1b3b5366L;0.500000;1503109609;1503109616
1;4048;8048;0x99673ddceaecd4e61af249371f82c9630a92cd168549519ccc9521461aef8db3;0x41436a3531e71f29a4084361417363cb555952cb49415f8a6fad83dbfe63b1c4;0x856a60c1;0x856a60c1L;0.500000;1503109617;1503109624
1;4048;8048;0x9562adb565688a689bffe61716912a3cadb7fd7b3cd4814cd2e4318dfe243193;0x06f9f0897e76d3e9ee42d0f79e109c54322c672bc11fe1eae91b766be43c2689;0x4f832914;0x4f832914L;0.500000;1503109625;1503109632
1;4048;8048;0xf0e0ee23466b3d63dfb4241159076801d78d1982106c6a2660b05af7a149e991;0x38f71e15cd4a176af1a94cc7c2e15165ee141fff4f5448f2a700949609d6b0ed;0xa5bfd682;0xa5bfd682L;0.500000;1503109633;1503109640
1;4048;8048;0x17554fac56074d3888337ad3f8444dc0239fd90aab82cd3fdb5947b73c51e454;0xa612d800055a26565c12641d929c938b0afee6bfb98d978d145ddcc134dd2f3c;0xe8aef964;0xe8aef964L;0.500000;1503109641;1503109648
1;4048;8048;0xf568624ad79f95b3a1ca96dc74adb727c04a0c17f0be9b1ff2b290c3ed8cb8e3;0x7f136832bbdf3bf2e8b5ecbe18925112c8e0fa877e1ec45d98a33b00d7ce3478;0xb2040126;0xb2040126L;0.500000;1503109649;1503109657
1;4048;8048;0x2d02b596b5b73e3d03d4e463a2c18dec117001429e24aaf92c8557b1f000b61d;0xb70f20d4c5ed4f225292c7ced4dc7d1c351083fc50e319bf246929f9e1600e7d;0x3b6685d7;0x3b6685d7L;0.500000;1503109658;1503109665
1;4048;8048;0xfd437b3cdc02ec80d5452197a02f8a4d46c7fda8db4066c5abd36eec71b4016e;0x1db674d6edd04a78db0681f2b23a4540c599f166c26ec7e3528cd19291a844a9;0x21759dcc;0x21759dccL;0.500000;1503109666;1503109673
1;4048;8048;0xdf89e279e98e392bd85f0ab2617b78b4869af40b3a82a215759de7021ae0cbfa;0x5ab428e32307630bb3d556a3abf54a8f0796db5487fa7adf1b5ebed8e347448c;0x379ef6b5;0x379ef6b5L;0.500000;1503109674;1503109681
1;4048;8048;0xcaf464ea8b922b62c68e62b3e6865f84b1dc68c05f09c3e27f3005cc4fe5c419;0xbea02181845feff0b2a639c7a86daff80f7b0d3fa037805f6e792e980349aed2;0x8c619ddb;0x8c619ddbL;0.500000;1503109682;1503109690
1;4048;8048;0xf90ef1d4f609a2bf66809b8a29ccd72e7fc24185f6f70270d9a696e2c13140bb;0xb0a50e7d8972d0209cd30cff6ca2556a8b68ad61f6de1bd4ac20d7ef99e3b11f;0x2100bbea;0x2100bbeaL;0.500000;1503109691;1503109698
