1;4048;8048;0x55b3db87ded89547f7700924658ee33f489495dbaae37467b814ea683d66a292;0xd8934a285afb3756c3941fd760f984388f3b1d19a39187ed3ec185a4933528bd;0xe21465d2;0xe21465d2L;0.500000;1503097004;1503097011
1;4048;8048;0x12d84523b27d195e4ba08a74585153b97d67b9cff0112c88bc723c2d1a97292c;0x45153da19d0bfb1838bc0d79af13952345699cd3a9348d5358087d583443b378;0xf3a2334d;0xf3a2334dL;0.500000;1503097012;1503097019
1;4048;8048;0xf589b9a7b7c6179481807bfdaaed6d418bd248b94a6669c16b8f2b0098fc668e;0x3f781dda5c8ce4c5850a898991f86c7d4ac0db57d516c9e3ac6957572cb4f73c;0xab18e4ea;0xab18e4eaL;0.500000;1503097020;1503097027
1;4048;8048;0x694736be8052469fb0210186feab103e5ea4d58b30a2e0faaedf46155395e6bc;0x60ee17bd1e27e52bc2f91acc2a3f55b4d80083727782994e1d759d9d692aebfa;0xa6a574d2;0xa6a574d2L;0.500000;1503097028;1503097036
1;4048;8048;0xeaad725ec502aaefb57dc94d81567125092b8e5455e0a85c875969c84d8c5a38;0x17e297ca27145df3f1a4f29d738e70f6c36c4ac95055192fe8d4dbc95b9c5652;0xcf0bd736;0xcf0bd736L;0.500000;1503097037;1503097044
1;4048;8048;0x14963c9d69c8e1d709bcb42b9f61509ead84dcaa252b3a0b349c01974f858363;0x881b572326d404cad4394818e1e1cc93887993a2a1e3f23d5af7cd458f835704;0x67ae9d39;0x67ae9d39L;0.500000;1503097045;1503097052
1;4048;8048;0x2914058746425d13ed84dc3dfd98b34840d1c06739696400110698b96fe5e099;0x6c1631d2fd1abfc2658d430b53e7dfac407d95c2dbac89bd877ea5e805aed690;0x9eeac095;0x9eeac095L;0.500000;1503097053;1503097060
1;4048;8048;0x83a5493314a66d655525109bcbd5ccc804329772f9795fd63c06880cb7f2963b;0xe60d7e2d410e2171f5ada152a45963b40f409fc66a03dab4bc9233ba840bead3;0xc1dbde92;0xc1dbde92L;0.500000;1503097061;1503097069
1;4048;8048;0x90248c38cac5f096dfb5b0ff3a43182f4b46a719008832f1e55d667f35b4a2c5;0xe85982c1520eaf3175e6761f67768f6923bbb00f73c14317ad04454e483b3cde;0x1afd4fe4;0x1afd4fe4L;0.500000;1503097070;1503097077
1;4048;8048;0xdb777176cd0eead1d7824b067f1805f3852dcefa747fd35eb467228528e5e103;0xde7c133cbaf5185ec12aae246c563eb7729a457c780a6b778e4ad4188b6e3aef;0xdda9c05f;0xdda9c05fL;0.500000;1503097078;1503097085
1;4048;8048;0x8e0359c1def5fc73d469004e07033d71228fecf7e0884fa41d9f8c7fde7f6e6c;0x0a068e49e84da004152199e53ce49f2da788e71946c2f9c20f513fb55023e26e;0xe35969fd;0xe35969fdL;0.500000;1503097086;1503097093
1;4048;8048;0x2b4b5ba0e53e70fef59085bbf86007d6809ab8e6e8cc19fbaa6ea60462f15f8e;0xd401f7e6da93858f582cbdd507cdb78178b99d66789bf19610fbcd6488ae500d;0xadf79325;0xadf79325L;0.500000;1503097094;1503097102
1;4048;8048;0xf43eec3ba4bad8d954d9f3e27ca60fad6ca2bcd04cc70f734af673c951af6746;0x37a5c2dcb5b7241151857f30d5a860fad5a0ae1b7b638b86a1b6b6562a8baf02;0x5ac7b427;0x5ac7b427L;0.500000;1503097103;1503097111
1;4048;8048;0x4c92ccd998293432639641fb0b96f97cc17ffcc90a1327e42badc67bac2431f8;0x8849270999ea49e2064fe4a1f7f6bf4ae648f3467ea4be61aa40db62464368cf;0x4e0a9c67;0x4e0a9c67L;0.500000;1503097112;1503097118
1;4048;8048;0x5047b4b9f5ffd17664d17b3397d19351e4ebf3d11d31a8fc42cf2f4bb1dc8a02;0x88fbc38d334a57bf7555c04f8e0bc918f86ab5ff28eac55ba43b6a8a660096e9;0x4a4aee59;0x4a4aee59L;0.500000;1503097120;1503097127
1;4048;8048;0x1b5ca7250238db0ed1b4755254748df3ab6bfe50834764dc7d524408c10cafdd;0x9567c52b038dfbff604ac737ebbf2f5219cd561f6df1155f315c8c7c69eb7b5b;0x2f764af0;0x2f764af0L;0.500000;1503097128;1503097135
1;4048;8048;0xf69386d44064d81f773bf862ee4f75e77dc1ca7d866114febe4f9cf95e176a55;0xa41323a430836ddcef71365e07b0b9fb0f1c6a96f2efa300de1281aa60d7ba91;0xfa396671;0xfa396671L;0.500000;1503097136;1503097144
1;4048;8048;0x812972697243c30239296a7ea2fc213279228fbd6112a519ee405847e3bcac65;0xad0a082b8cbc85ca5939daa947037fbe84fa887c3c021ce17d1807be4e9911b0;0x8eec9c5c;0x8eec9c5cL;0.500000;1503097145;1503097152
1;4048;8048;0x5169f23d2213e3a46ed4c1f13b46ade826c89c472aa59adc2728a469a6db44f7;0xed39517291729782f6432cefc606251da3363d1f3f5801fc0c3e3cf019cccf93;0xd1d53309;0xd1d53309L;0.500000;1503097153;1503097160
1;4048;8048;0xad9bb2bfcd727e0fabb2b4beae1a624d815b5847226e067ac7fa0c139e36c04b;0xca1015be842b0c1af06b631439978d0491205f31c2c5e72ae3b97a2c3b1f8ef3;0x109c6376;0x109c6376L;0.500000;1503097161;1503097168
