1;4048;8048;0xbede86641bdad0f861aa9387e4a82019773d4dd362ab36a1d5b103a42c9e0bea;0x4c502718c954878cbfb73b29186233fe9d01e9027e824adcec10b5adf267aaf0;0x5bd55e0c;0x5bd55e0cL;0.500000;1503131926;1503131933
1;4048;8048;0x47d95d299f3955fbdadca5f6ae9f16ed1c78f6b34b529f1a8db99ec30306c64a;0x82d113c515f6fb543110e4949a72903e700a4c1aad075bd765c2e6fe0f54b280;0x6749f24f;0x6749f24fL;0.500000;1503131934;1503131942
1;4048;8048;0x025d2b731381c45bdbf6d60f77b8847f6a11ca762697c11c4d9bbfa2ab7815ae;0xe8b0011174432a7a56b462ce0b28f69979b03836fa6c570e258d236192a0c207;0x588df2c1;0x588df2c1L;0.500000;1503131943;1503131950
1;4048;8048;0x952d4d09fd5131ec32a3c30faf622f2e2f1068d2632c5db9b2965a18099ad59e;0x36dc6f172321d27307fbbea8538a3b18f3d301b503d1e2ee634eeb5f9fb99311;0xef139a36;0xef139a36L;0.500000;1503131951;1503131958
1;4048;8048;0x0baa9b5989c9225774ae0dc205d12a7af1729c7b5d5bb27f856b08bca10b0eac;0xc3de57ba44633158952e85ae81542c730e9321b934489c27f2e9b21b473efaab;0x18bcfecb;0x18bcfecbL;0.500000;1503131959;1503131966
1;4048;8048;0x3a0f871d1ad7c84dcab1f4639d6dd80645f279a1a6fbe51affe249ff0fa99649;0x729eee96949d906008c116c96328b11790496f3f775f00e1847b82f570bbb976;0x04c61d48;0x4c61d48L;0.500000;1503131967;1503131975
1;4048;8048;0x8c550545f19fa2e11ba8b1b295bd12f78ee0178c82282e68d9ef0af1796a5b05;0x81fb7899daf0048b5f6e5c800965ea970ec0c6553e3f226ebe6e8a4c0773c12d;0x0725ec97;0x725ec97L;0.500000;1503131976;1503131983
1;4048;8048;0xf92d7dae86f864fa52e3101d63e8b072d842bc1717ccebe017650e3a7f3eae78;0xa67086063b729c5b7c36bef232040f7c8f35576127ab29ade5bfa311beef9a4d;0x59cbee46;0x59cbee46L;0.500000;1503131984;1503131991
1;4048;8048;0xef3ffa77fa8acfae54d7dd8b73a93e927a4c090dae7f1dd8b311e4b8433d4c33;0xcf950fe7a0aa265f04d87445e6bfe52368a1f91912370ab76e85720175eb6d36;0xd50dc64e;0xd50dc64eL;0.500000;1503131992;1503132000
1;4048;8048;0x25043a69e2c6abc27127ac73347d87f69855ccb35400db631fb65763d53940fa;0x1b22fe318671a5750014e5a84f56d575dfe3cdf0146f88f42657b59efffe6b74;0x0382df2b;0x382df2bL;0.500000;1503132001;1503132008
1;4048;8048;0x6dfe3c8a76d63eae3cf962b8ece0c248e953f546641d77b37e6e5154b3b0a320;0x6d49894d02228cafb5479cf4521fe088fce8f3920394e34ef66e5e825fc102bd;0xf2a81905;0xf2a81905L;0.500000;1503132009;1503132015
1;4048;8048;0x673b7ff4a7b083196cb607fc5db72c66352386d291d6825bcf9fb4584ca0f4b3;0xc062fba49a56e7709c367dc834787ec1a151fd27a522acaf7eb76942c8ec5f53;0x9dad396d;0x9dad396dL;0.500000;1503132016;1503132023
1;4048;8048;0x83aecdd009f8b684c2ff9be8e3ac58982ad28c7bbf845a64379db4c4bac2743d;0xef38554944fca703353e763413f7de4368afa8fec2eee62bc6943549accd8009;0x67d2392e;0x67d2392eL;0.500000;1503132024;1503132031
1;4048;8048;0xb8b54d1ba2965200168870f9f167e70480579a7616411f50a0e44d462344eadb;0x044d6e9b112dd1ea201cd04b1aa73195c37fe54da7e774e39d33990f56a9074c;0x59e1e9af;0x59e1e9afL;0.500000;1503132032;1503132038
1;4048;8048;0x20eb8846f39dbc6a2d21c825a10982f8727096702039af1148e19f1d5eb0727e;0x9d51d537a63d10ac8d67b0b02d889546715f7ba56e2747359c1fec511a76afdc;0x97df2ba2;0x97df2ba2L;0.500000;1503132039;1503132046
1;4048;8048;0x725df640e73be1b55e82ccd76578b121c56b6c49861f13a051eeb7f291a31c04;0x2734f90ab197dcf29669ae4fed9a7d3d15f186a03f65d1d1445c6ac106f8439c;0x4b868415;0x4b868415L;0.500000;1503132047;1503132053
1;4048;8048;0x76788c1c162951df87889bb77003949d02dd297058a712bc66746c8328559a9e;0xef37931fdb86406af37bbb31934a31ece6ac1b783fe293b5a3605d7a4d60f1c9;0x92575230;0x92575230L;0.500000;1503132054;1503132061
1;4048;8048;0x78585b409f7951cd2bd84419f4b9a94c9257c8594bc0a4bdabb0827552146dcb;0x795c52eef52106088149f03d829d60e063c529fed43652a26986c211d29253a6;0x81fad914;0x81fad914L;0.500000;1503132062;1503132068
1;4048;8048;0x9f91c37568a89d90e645d50f5843218697248a6dbf660aaba3ecd46d63d2a503;0xb4785d78e8367f2c3223b6d535e7222951d4ccf7113627900640388679fd1783;0x7d668dad;0x7d668dadL;0.500000;1503132069;1503132076
1;4048;8048;0xb980ea1034061842a5df3ee12502429152e0ea3e55627ad73f038a69eb4021a4;0x03ced1e34f75439e47939a725015e8f3b627e7c8fb0f49425d698f3691555495;0x976c8cdb;0x976c8cdbL;0.500000;1503132077;1503132083
