1;4048;8048;0xe0ca2a0a4600f09ef780e28b81aca3a3c3b62847f9e0dff0a621ff64814c7a61;0x5a936242f9b0830e0a4d8a4e9fefe1c9ad58ca6d0712e3ae3a8a01639122e8a3;0x42a5da4f;0x42a5da4fL;0.500000;1503121348;1503121355
1;4048;8048;0xb999f369a22596fe7bbada29b8868829318134c82e2fbb1443df6dc6133d9acc;0x74b5caafe0e33d263854d7e09297098d13c11c389272e3ea87f7e5de1adb7550;0x7b9fe730;0x7b9fe730L;0.500000;1503121357;1503121364
1;4048;8048;0xb4dfc077430d218e67ed7bc14826f9a18dc9a1a15d9bd2a1296814c8a89b905c;0x443175d15ad99c80813ebd20c337bd4e887a6c8afacfe85599810e778b1e077c;0xedba4544;0xedba4544L;0.500000;1503121365;1503121372
1;4048;8048;0x9bedc32cbc4d2b0d20e7bc9d2aeafb5140e4004f89e2f03a17099882affd334b;0xc7ab0d51862551c21737a94fbd4f37a76f6a502f8b560cff8f2288981f1e0784;0xfa631398;0xfa631398L;0.500000;1503121373;1503121381
1;4048;8048;0x08beacbc8e3da49338bbe0de18353c0c59bef67dac74a66c333543f73c59e944;0x6899fa5f7180ecabcdc11024445f6be0b99ec7df187dc76c85f9e7f7ece929f4;0x9663e813;0x9663e813L;0.500000;1503121382;1503121390
1;4048;8048;0x25155f24e0bcfacdfe25c27728de025a0cfe0fda6327e9c5269aead0b82cc9de;0x77eef9c5651bb0d191dca83e1bda13b799018e61c61bd8f0ff67f790a42182db;0x97a3c327;0x97a3c327L;0.500000;1503121391;1503121397
1;4048;8048;0x81b3f3c00fd7507bf5dc338bf8ce07e1f7be48a6b0996dce7bdd79bac185f842;0x35bd7aa234e63549930ddac1e8cab369aa96b16bd27f69cf055b508dc2d702b1;0x554851de;0x554851deL;0.500000;1503121399;1503121406
1;4048;8048;0xfeb9e4e005307bb8c667862ca19efae3c0649e228a5434ef48c747d676d86a74;0xd400726cf796b44b345ece62e02dbfbad39a4a984d5ee128c373564576b3b9f5;0xf82a93e4;0xf82a93e4L;0.500000;1503121407;1503121415
1;4048;8048;0x2a3e544f70d13c400bbc845c41e90247ca63d3c234121d42e4855ccabc433ee6;0x5cfb3fd583604a0ce65bcbd8c630dbf58a9a98a505233597a6a91def47836446;0x7e0815a1;0x7e0815a1L;0.500000;1503121416;1503121423
1;4048;8048;0x87835357d1295399c61622648beb5255bd26869b9957c25393ff3394aa11d531;0xa893826ff902159919f81d7a2a9e1a545f13e7cd740d903eb4628f200733a91e;0x8343ac2e;0x8343ac2eL;0.500000;1503121424;1503121431
1;4048;8048;0xc0a280348e3354180c6588863890c8f9776af6908a33cb53c42d0ab4a6a21566;0x8c9137e557769e5cc15f07be41724b42345f5b3e836f30b4202886a8860b4e95;0x79bf7c7e;0x79bf7c7eL;0.500000;1503121432;1503121439
1;4048;8048;0xa78890fe76c179572e9ada4a71e60b64a797f122b42482f89a653f5563541f0a;0x11e901f00c0d78435e9bba285dbbab262a4593ab44b86b8256f290e2ea3868c7;0x7c7a278a;0x7c7a278aL;0.500000;1503121440;1503121447
1;4048;8048;0x4bc87e77dcaf269861638cdfe68843d4f2585b0fe199ca246b6f3fca623827ad;0x3751160d5938dcdca1f01cfa13ec7def16cf8a5dcca4b440cfa32b46c4f975ee;0x2d65101b;0x2d65101bL;0.500000;1503121448;1503121456
1;4048;8048;0xab334abec818af33d9d52d4d6cecf94a4fc3d828bd9afdd4673dcbee07b8f5b2;0x407e037724bbfd11e25636482fd5f74dc7abf6589aba52911883d79f4c624168;0xa7943b5b;0xa7943b5bL;0.500000;1503121457;1503121464
1;4048;8048;0x4197885f719ca8e6504357e92f60f72ca9d94368c85d63a9fcf90dc5156da856;0x7c3b0544c0f32a789c3d56832218b02fe80219de505a28b3f967672fcda8e1b9;0xa30c6754;0xa30c6754L;0.500000;1503121465;1503121472
1;4048;8048;0xa3a48d80ad97adf166bba64419882c1028439c1ede8ca4062dd141b99eaaa841;0x54f725b9cbd1756a21091bb282ada365a9edc5e711968f94c1a06f45a65b52da;0xff1aab71;0xff1aab71L;0.500000;1503121473;1503121480
1;4048;8048;0xfeb9d6c182c1a3887d5f01fa48293bcb29ea6c9f2889c4800ccc18c7a11bc29f;0xef9f005702358b38bb477ae7297bfc1395b30479cf6014827e83fa9ae748c0bd;0xc9da3592;0xc9da3592L;0.500000;1503121481;1503121489
1;4048;8048;0x962c1816a30694b984c1dbd3458bab564bb4657499b097cc1d3926dea327b039;0x5ed711645e1dda8829dfaa7a4fd67405cca9430699a38431d3904056ec295589;0xf9af38b3;0xf9af38b3L;0.500000;1503121490;1503121497
1;4048;8048;0x5507a0b73ecdc203bcece81ff8f0b3ee78a3b6e8cabb29c05417499057eaa7ac;0xac61732a55b83e801c98745542e2121cb54615c32b753168f6f26c755f123f16;0x1b3a3971;0x1b3a3971L;0.500000;1503121498;1503121505
1;4048;8048;0x45cfea628961355d00f3343e79dad80f9a9932ece6f2c102c92e3c5bf200e238;0xafdf95cfc126cad8f667700615fed7676072c111c1761d723ea139aa98a142c1;0x98ebf9ff;0x98ebf9ffL;0.500000;1503121506;1503121514
