1;4048;8048;0x9b9646465d42f78e5eef27cb05e9acd77de9f676cbb1d8ef1a403900838e471e;0x982ec3926b095fd1d9637e7408c3a2ac7e8df908c73c6b8585c4f0c48166caa8;0xd146c668;0xd146c668L;0.500000;1503124684;1503124692
1;4048;8048;0x1da3357c0c2ecbb3b340bfb6be622d406ede4202702a5a195aea0827dc6a55f9;0xb6b4b0dc158096ceab71ffbecae09b29f6f8dc52b2513c7a2458d89796374e19;0x48fcaf99;0x48fcaf99L;0.500000;1503124693;1503124700
1;4048;8048;0xd379e010c846a0f62bd3c1cefd0fbcb4ef99b5c5b99f02377ce18d75093e2fdc;0x7021d2b70dda4da1b21b7d7f3464e80261818e9f02730e16ab2e448d53cb7042;0x8f3267ab;0x8f3267abL;0.500000;1503124701;1503124708
1;4048;8048;0xaeb9c0549723f71d0c9309949198e6d9f78382dd6ba6a6d9aa6249546894b616;0x07a37f1f08831cbd8aac86cf69eb772f2336941b86ad5708a899da9baff308ed;0xf1cd4820;0xf1cd4820L;0.500000;1503124709;1503124716
1;4048;8048;0xcd3560815ebbfc3f0f79ab58b06a6ca62ed172eacf1b5cc945d2ad15b3b2b580;0x263ddc2dd899941504ad526c8f47798bb1fb996673f2964e91a9bf011ffe5ae6;0xe058a313;0xe058a313L;0.500000;1503124717;1503124725
1;4048;8048;0xf3e550ddbf2446e2b5c32670ad5d8855423f6da58f69f1ce06e04149fade6bed;0x305ab5297e1d9efa14ba9a7f1ab1464c17c3fdc1fcb4fb9dc7591ad4b44f1b76;0x28f55da6;0x28f55da6L;0.500000;1503124726;1503124733
1;4048;8048;0xc8e54ee45a83cdc629024294e2a0a4fbfabcb577b4334124ba5d08a29fd19267;0x0bfcc9411ac12a8af66cb0a032ad4ae6516e52ce67cc05581ec84db63687bacd;0xa084eb86;0xa084eb86L;0.500000;1503124734;1503124741
1;4048;8048;0x814b6739e8621e05f202b0ed290e41e7ab6b8edf424333a7ad70f9fda7dc0c28;0xf4e799b976008a2543082ccd777c6ea3a90ba0574d672098bccc9eef090a6a0c;0x3adcfc7d;0x3adcfc7dL;0.500000;1503124742;1503124749
1;4048;8048;0x1edbdf9e797f31b12e134a219173faf9550ceb3b61611f9b210ef65b19b8d338;0x9cb35cfb647042e47481b0536367363e3e3e4ec3a8f77215e788eb2fdb5fbdb1;0xd3592fe3;0xd3592fe3L;0.500000;1503124750;1503124758
1;4048;8048;0xaa71be74325e200f67ef9e5b13234388601a16f8aec9c942fce0c7fa6c7d9717;0xc4829149145f04050d7a11ddb245fce963b7de2bf0580cdc5a32bca178050507;0xe5ad1d59;0xe5ad1d59L;0.500000;1503124759;1503124766
1;4048;8048;0xa6a8b139a9c1c89761b1ec18da2910d4bc39cb89bc9e2963a3771bec14271dba;0xe6348c6474177926c66ade5805d2cc8d5c35a83011ecb462fe8b8ce16062d422;0x334af0d6;0x334af0d6L;0.500000;1503124767;1503124774
1;4048;8048;0x81b0db48191534ca4ad35351dcd1f1c29e2c23b92b7ddb9ba18c2a76414a5dc2;0x19c8608d68c0cf8a5523b6e33f317ec72fb1acc3504966b84743f4c1bb17cafe;0x89f2c027;0x89f2c027L;0.500000;1503124775;1503124782
1;4048;8048;0x58e8e320bec240a9fa7af08d77306ce15bc6240c66d866daeee7a460dd877d35;0xefc58d567d63ffa1f1915c9793577858ad231ca46aa1c639a9055fb379587728;0x7bb7683a;0x7bb7683aL;0.500000;1503124783;1503124790
1;4048;8048;0x7d3fc5de77eb0222b3b3eb5a427ad96316e843a3bf89d961824fb93298400315;0x45f06c6de6ff076a094d9d6bd1a62834d7cddd7ff18894f58a6435fd604ba698;0x32c9fc4a;0x32c9fc4aL;0.500000;1503124792;1503124799
1;4048;8048;0x5d73aa13c2f623d1923c21bf9c99aaa0fe5a0f7007c44e4b0fbf4aeb2a3ad388;0x4e800fd141a752a7aaab0f56c46d54e1a42f866be011c3df5b8a134f0fc8c22b;0xc1fb934d;0xc1fb934dL;0.500000;1503124800;1503124807
1;4048;8048;0x9eeb7487d241d6ca0be5082e20d999f2008d5676ea806413dbcccfecfd2bf89b;0x21ba9632c96456da953c17ccb2b2ec0b4afe6bb6a8b09058b0095822c32f6515;0x8f422203;0x8f422203L;0.500000;1503124808;1503124815
1;4048;8048;0x7cac1e9f56d879a17b61559a990fdea40a59d827133feab0cfed173eaa95b026;0xb0fc1a87169cc1dc510ea1d0060c880237e1d0ed8d9451e6b5930be7a882b49b;0xca304dfb;0xca304dfbL;0.500000;1503124816;1503124823
1;4048;8048;0x615796b0b9ac863ae1726008571b7b260cfb171084f96f9835cc40ada4094c05;0xad957575b3169aeeee747bf2dc4bf4ef9af5abf0f2ff10c1919b2705a179b588;0x3eb05a3c;0x3eb05a3cL;0.500000;1503124824;1503124831
1;4048;8048;0x2fa8f8468c76cd103e74b11172173f95f8f6c9c189ae3dc3ca4e824be1414b10;0xed250e7b64558beee6bd9d7605ec1a29b649e47b255fe1dcb66932de6f135ffc;0x1b6555e6;0x1b6555e6L;0.500000;1503124832;1503124840
1;4048;8048;0xcc9094f85d7e77999f118b68887835af9ab982fe23562b21c412d6cc03099acf;0xaae2b026df89b7d7067121a4f83bc7c42b1dce5fb702153a48e8104876e5c7ef;0x56fe46b6;0x56fe46b6L;0.500000;1503124841;1503124848
