1;4048;8048;0x03ca1d45e8031ebd8febd48856de7eb08f1c91dff657189e579ab4e39941be9d;0x585c0e6e6bb4c8d2a520c7d24ca6e4bc21c17c35b0985f4e52cdd50c8c527a1a;0xf406ae0d;0xf406ae0dL;0.500000;1503080538;1503080545
1;4048;8048;0x34881d4a2df42c7a1486ea1e415d67dde602cf191a3973152880cb75291da35d;0xf20c104b345821ec3748f10c3b3f1069170260754e974b718864d1e864dd407b;0x919d1552;0x919d1552L;0.500000;1503080546;1503080554
1;4048;8048;0x897dbb19fecc14efbd49abed45efb693841577082be4215eeadb894c095b3a93;0x225a2c128316a4e80af6aba79a3310a8b06ee890cc27a9667cfcea042e7f66d7;0xa5643e9a;0xa5643e9aL;0.500000;1503080555;1503080563
1;4048;8048;0xd96ed7482ba57abd8d474b25cef0a36f5479e2e1d3513eaf57f9c714d8cd7ab1;0x5347266ffba98d755c94dafa8071857c36c8818d6b9d08a1f73b1dcbf2661166;0x79e89b4e;0x79e89b4eL;0.500000;1503080564;1503080572
1;4048;8048;0x4e3aadb9f72e00ebdd2b5ea1c9d82a32bcd928dc425b6529db37a40a52f44da0;0x1fe34a466a52cee5be909368c74973a5ef092a46000f39e02eedf0d811f0da25;0x2d5de990;0x2d5de990L;0.500000;1503080573;1503080580
1;4048;8048;0xaadbb08b2dae3b106be9c59a84aae98282d5df939c28374e0a4fbce7666e4710;0x14220f5ba908c60e56403d9853889df1821018c584c98d6813778df044e38498;0x1f89a241;0x1f89a241L;0.500000;1503080581;1503080589
1;4048;8048;0xd2be8fb91f6c072b3c75958621bd4fdab3376bbdeb7fb42ec7ef3fb02c8544fe;0xeb9b8d037485e2c6257a77796466ffaabbb4ce7b1a5e0834d560fec5b01fdea4;0x4cfcdf6d;0x4cfcdf6dL;0.500000;1503080591;1503080598
1;4048;8048;0x01c4be11c17160eb1ad28f292251276e2e15cd14d08f2857acec0ff231b29d32;0x7452f5bad32a1fec0d60d9e0573544661dae62cc01a4892e8764d979c211d6d9;0x474509f7;0x474509f7L;0.500000;1503080600;1503080607
1;4048;8048;0xeffa4ea11d19f0eff850ff3ef01b3cc67368e929f4e0a4badba73ea964d92553;0x5ce5f6c02c2926d297b1928f22665db83817429595747fdd5b566a1c8afeed99;0x2ec39d4c;0x2ec39d4cL;0.500000;1503080609;1503080616
1;4048;8048;0xc9b2e611d805c91894ef06d78bae20fd89b1397fd3e8e4f95e8b94bc911d525a;0xdc02c9b127a2caef526e954b105e305bbad295673123ca3caa53601f7635901b;0x441a43c9;0x441a43c9L;0.500000;1503080617;1503080625
1;4048;8048;0x295cd5b6451b7b2aba624471f08a763f5d16cf0663b3a289f2dac2f2ac9717d5;0xdaad62118f75bb5f520880b8c0c5ad63878dcd12a9ac820a8cf545e89726f81a;0x9255f86a;0x9255f86aL;0.500000;1503080626;1503080634
1;4048;8048;0x36fe659456b93b1cbbb14ef9743b55a5636fec8a530bd7da733843d289c4bfbf;0x1e281e94c31f4ccc461ea5af7c8b052e5fbb9d15a9d8b2718449236fa87a4e33;0x9ef8c3ee;0x9ef8c3eeL;0.500000;1503080635;1503080642
1;4048;8048;0x47da2ee993a3374015bce2729b9076a9d0d06f415b337beb158b087f27dfc16e;0x16845453643a656fdb4028e12ab1d179ec57496718f258e775b3f2be3f1b62d8;0x3480f1a9;0x3480f1a9L;0.500000;1503080644;1503080651
1;4048;8048;0x6144458661031094b8f9611d24f9847a52f6c2fa54f1fb3b535f21b2d69a1637;0x8573d5d21e073d9bd7fb06cce51cedf39f85f2cb57d9b25f5510d60aaf541326;0xff647bc3;0xff647bc3L;0.500000;1503080653;1503080660
1;4048;8048;0xc9a3981f3a0f34f5806755b60a24f71456038e21ce3aabb6365d11c6372bf700;0x165539b49bdaade52dba2564585aaa974ad594c31cf025c698baa1e77bd1aa03;0x56de6cc5;0x56de6cc5L;0.500000;1503080662;1503080669
1;4048;8048;0x5954d859fd493ab86db05a439e5028eb11fd4536402264ad28c14430593468b2;0xb808f09012899adb00a2834852b9ea8d5732c02fa16898a8172a846538bf0f51;0x9e47fe44;0x9e47fe44L;0.500000;1503080670;1503080678
1;4048;8048;0x1942f05e00da4be1d7e8fb209eb48389483a32244b49348b22362a4b3add8153;0x76927bf458cfc1316c85de35f5e95823d754ce7342befab0f006adc7b8f34fac;0x08d4eb43;0x8d4eb43L;0.500000;1503080679;1503080687
1;4048;8048;0xb236f1bdeb7c1e5744ad61f883a4b46c6da48d9632fe8558e9397c31cf4c6082;0xb750a9a559f960b72e5fb8ba1b809c77e283850418c7d2645498891ca9df9746;0xf3da2b0f;0xf3da2b0fL;0.500000;1503080688;1503080696
1;4048;8048;0xd70d574e9affec3bef9b2f294d29a839e5c093bd328db5baeab0854a3d87e115;0x69f63b79e9b9af9a91a1c24a97b715c7b00cc3aa8c7c380a1693096ad6a67205;0x79c791b5;0x79c791b5L;0.500000;1503080697;1503080705
1;4048;8048;0x701c87d43cb4f382adbde7a4a2e9b949c1ff73fe0b5e584ae043afedca74813b;0x9df704e7d0f29e821fe40d0dc0da4ac76a14759358f1950604569446ce6deb9a;0x534a8b65;0x534a8b65L;0.500000;1503080706;1503080714
