1;4048;8048;0x739b236f63ff476ba967b7fe604f0a3c23a14dda2a378e34437efc75025e6a76;0x65c38075dbe0d04b76035cd2ab09ebebe8b7ed274c52673321324802703c9810;0x5c828788;0x5c828788L;0.500000;1503093674;1503093682
1;4048;8048;0xbfdef2fcf5cf181df28d91ec2e19df1693a474c1af2f52f50baf2b0671aec830;0xcd97fd30b9e0f9392e01f705e90fe71c37dc6b401aeb38a49046329df5ed7715;0x522e0985;0x522e0985L;0.500000;1503093683;1503093691
1;4048;8048;0xe03ae4b9789c90f6d5d2df6585d9ad7a337f81399e358e0e36778f3d05326ee5;0x38ef5ee822ac319238f4c762759cc5f3f7e8431eaf366ce43535d74bd41e9017;0xa9ff6773;0xa9ff6773L;0.500000;1503093692;1503093699
1;4048;8048;0x267330099f99eae8d8d0f9869c0fa94aeae6aa38ee551f9729f4d1c98ad858b0;0x726c150d7d1c7ed2e2b63232ce93efe3130b78ecabdd7a469f5b53dd06d9958f;0x012f7b01;0x12f7b01L;0.500000;1503093700;1503093708
1;4048;8048;0x631a32ff62a1c6de48ec28cf6e5e970f91544bb016c8b10b839690188d09bff0;0xe1b30c2138f4575861baf451a3db32858e4e4adf8cb3513cd2ebb466809cf625;0xa2b8b91e;0xa2b8b91eL;0.500000;1503093709;1503093717
1;4048;8048;0xa2abb8bc6e801aa6aace08a935e791520c48d15356ce95b306e82d935368b5f5;0x5f714e0f52c33c3e40e8ab57cd573f8c2c482606d1be60468f5c4c4da3a6e236;0x65b524a7;0x65b524a7L;0.500000;1503093718;1503093725
1;4048;8048;0x6f318d1feefd48468803609cd123fe21298b0cd00477869064d8505c66a7f2d5;0x146defea1e78ea66b8b744c6342b3db48f2505746f5e4e87b679f632a8e60f17;0x18fcffa7;0x18fcffa7L;0.500000;1503093726;1503093733
1;4048;8048;0xc320816ae41bd09645a2c66a1caa9c83cc92ad8c007408885887da777f572b42;0x9da8e0dcc2c7865d478b9ee7597ed9831b6bdbaea5cc58158924e8aee548aef2;0x21626ba6;0x21626ba6L;0.500000;1503093734;1503093741
1;4048;8048;0x922834d7454a20c58558bc7b6c1bb78b69d9c25134b1c6f2c109a99553b964e6;0xb753f65fcd714118df8bf031dbfc198a08ecbae67be34f8e0cb490590626ae4d;0x0860c4fc;0x860c4fcL;0.500000;1503093742;1503093750
1;4048;8048;0xc095a56168ba318ac7366c3b25a0866f5963aaa5dee30b77e4508042fdcdffbe;0xd0fab400be6e7525e0799541d371ab0b417af7d83eb515ac789a8dc26237b8f2;0x04e82eb5;0x4e82eb5L;0.500000;1503093751;1503093758
1;4048;8048;0xacd78986c4ecfd7f345b69088b0b4b2433d58d44b1bbc443513ee872db811f87;0x50b8c7653a3a1ae6f62004dd7b95bd209157b9cf886d3f39988a1e3d8514cd70;0xfcd7d019;0xfcd7d019L;0.500000;1503093759;1503093766
1;4048;8048;0xc20c90e6d476032901367b75d44cb14d450a7014eaceb9f61b015aacfef821c1;0x6e7d79ba1b354eb37a3885a8bde7551e73811448d7ab6f48ab3286bcb745d3b1;0x3dcdda8f;0x3dcdda8fL;0.500000;1503093767;1503093775
1;4048;8048;0x20aff9fbf7f0b9899195a8f1827ef741c297f759a12731f3ae55741266303b87;0x0a78af15ef31d5e32f8e0dfae98415a9c6edd1cd35cdd2a88c8faa25ab48c0b2;0x72ee7710;0x72ee7710L;0.500000;1503093776;1503093784
1;4048;8048;0x6a7015bfbcf0cf824e550c163f8491eeccc90e9f54704860aab8eeb024b6038e;0x17c6eeb5c229b2f31492d5cc18574d1d54a33896b879f46525df74aeb650291d;0x445c2090;0x445c2090L;0.500000;1503093785;1503093793
1;4048;8048;0x610bae751d0c676cb83835282a9812fbd919fe8e24ffb0bfbd3c0aa223b6a384;0xb4c3b699636600c3aeb04a408383d3292cae1b7b47bcfb4c7199155000e5e7bf;0x6e07c6d7;0x6e07c6d7L;0.500000;1503093794;1503093802
1;4048;8048;0x329ae5c1b64acfa6b985dd08c00b92d82f07975ef72bdafb9dad5fbc1ddda44f;0x54b5082dffd5b606b5d657a4ba3b1b11f10ccc01400d0e3eb8f96be310b3d115;0x9dd742e0;0x9dd742e0L;0.500000;1503093803;1503093811
1;4048;8048;0xa67f8064ecab1ec7e51d5e8c03f13834e1b4b50cd9dd6a4b8f3bd193926ce038;0xb53949046af19f0437aa7f2ea1c23c533cdf9797c10b691d82d5bd23420b6739;0xc87fee38;0xc87fee38L;0.500000;1503093812;1503093820
1;4048;8048;0x67b0b86c73b373ef51f71fac9c3400cfbc0bdc60b790bce0f57a9c9cdf5e9247;0x47c9a45fe00cbb79e3f93ee29abbc66afd10fa03a3d2f1c87bc743492363a887;0xd1bca970;0xd1bca970L;0.500000;1503093821;1503093828
1;4048;8048;0x5bde34af83354694311441cd8a0359ff7d0817ff7e2749437eb7bfc375b60dd0;0xd184d999aa34999ff6c8249eff63abddbabb742dfda9a3da66cc54222ae26001;0xd9415c06;0xd9415c06L;0.500000;1503093829;1503093837
1;4048;8048;0xd81fcea2c52114cd1f8e70d09e3dc87185a5d5da20834f627b8c4958a8767e81;0xa96bf95163f30d29ad9363bca2b2c8735e169664d919b1448a50b6c88523ed17;0xf6b7781f;0xf6b7781fL;0.500000;1503093838;1503093846
