1;4048;8048;0x24fb11dc0f1601100d92f422ebdd144a77fb5fd2ca360590bbe94834a99587ce;0x261a4388962d806de6a7a837456fcf82a21bd01732116840dcb6f4eba80d03a2;0xbae0c00d;0xbae0c00dL;0.500000;1503113473;1503113481
1;4048;8048;0x513bc2cdbf140d7f082f90f02f631a13f65595d1ebc7504bcc2fde6b03e78a54;0xbeaa9ceee89f419ae182fb467d6ab4814932c2af836a2c0c32950f400bbd34c3;0xf39b2c9d;0xf39b2c9dL;0.500000;1503113482;1503113489
1;4048;8048;0x90541797929157dce02e747486946367aa03963cbedffe15b8f9b6a92078c9b1;0x8be7f15b73e6cc6e6d3fbbb6a753662304036dc6f232d8d1599675ff094a890c;0x46d18075;0x46d18075L;0.500000;1503113490;1503113498
1;4048;8048;0x1bec57117bb7cf411c3fb3cb95ed89df31ce72412345320e5e94cc4a5a5f0675;0xd03d2f006b92bfdf2d66fbbc48adc30e34a65d66e26448dfed2d854ec8ad6c11;0x5ba0229b;0x5ba0229bL;0.500000;1503113499;1503113506
1;4048;8048;0xffbfb139873968dd8b12bdc244cb922cdc527e1d869408a0826021bc9e4b289e;0x930f2c9ba62a7632568e6ffc453d380e22ccb56142297255445dc2610e0ab28b;0xe5a43036;0xe5a43036L;0.500000;1503113507;1503113514
1;4048;8048;0x580c37cd32639764a44e4a9d21ee59c2b997845658e3c1e3ecde5b27b6f7750e;0x68d86af0045c026d919ac598e0ae456fc2e3966d0514a8fae8434bc94db21fd0;0xc3b5fe1a;0xc3b5fe1aL;0.500000;1503113515;1503113522
1;4048;8048;0xb8906c63285dd7219acafa795246b5005bfc3e314347680d4c59772d8363b33b;0x4f41bb6f6f40024d4aad19fc2828c2d716565bfd024ad2d45f5052b4d3147969;0x01b76904;0x1b76904L;0.500000;1503113523;1503113530
1;4048;8048;0x3b52b4c03f5a99c229268ab6f4829bd619d5f93615ecefd4cbd1052c796356b5;0x3474646024834cd7e5ab778099515aef5475c5d381d5a8f71d75c7707d5573da;0x970ed66a;0x970ed66aL;0.500000;1503113531;1503113538
1;4048;8048;0x987eb772768db1292e25f17587eff85d51cd7c537f274779461aecfef42bcc8c;0x467d51b156b0f746515a5b1c32e0d59201534507bcce55ef573d93be6ebad2d8;0x1cfbbf2b;0x1cfbbf2bL;0.500000;1503113539;1503113547
1;4048;8048;0x0d1c0bb1681b928073ea99be252be0144c9dfc6481abea7aac781d28de9b65eb;0xbb35eefbb7dc9b516bf140756bd8111def60aa79d279edf4c27ce367443e0382;0x621a6edb;0x621a6edbL;0.500000;1503113548;1503113555
1;4048;8048;0x36ae974293b181a1c895940f33ec73b6d66d4a29234b9f0d7fef510da8371ede;0x301def825d8179e7340dd8c2d5f408d8ee98f43544472bb8edcd26f12cf9b3a1;0xd246b062;0xd246b062L;0.500000;1503113556;1503113563
1;4048;8048;0x2fc9fb731ad0503dbe1973987e7d5b6c0ca36a3170ab89143c60cb61a819d7d7;0x162ac6bbb809505a5d9f542d7f8f963cca415670e2164210f46ff20936373f17;0x9c8bc5de;0x9c8bc5deL;0.500000;1503113564;1503113571
1;4048;8048;0xeea368cb6d6c45e9c0533a73086805d7d44f40e4167af456b914b74a48b0fb36;0x39605b51977669daefd579a194fb04214f8bb071f3b906112777170a70833af7;0x25da58ba;0x25da58baL;0.500000;1503113572;1503113579
1;4048;8048;0xf592e67ec36cca0118990788ed9f82b405cf7e5d5c0d422de7e4681816e06c0b;0xdb43854ffe1ee25e354c504ce9121da36512d757603d5f06d83792dbfb3f628d;0x74122c68;0x74122c68L;0.500000;1503113581;1503113588
1;4048;8048;0x94a3086807e051d64e85110077ce3d0df399b158e8c41903ccde681bf8305f8d;0xeafaed420394301a2f594eeccc6f20fe3234e90e7d03827a00f76e27dc1ad3dd;0x52e29bc0;0x52e29bc0L;0.500000;1503113589;1503113597
1;4048;8048;0x69f7a94ba847160b6af873be500cc9fdd3c4e2329fddc9d5eda325445e5499c7;0x499059890a5a54b9784d66dbd5abed69ea4ec024f5fb95634f99be42de60d989;0xb71b2830;0xb71b2830L;0.500000;1503113598;1503113605
1;4048;8048;0x9635a50c1fb78d83c0c9fed6f6492f62cd12305eeacfe4d82779ba35506ed7e6;0xe56d34abd44b0943db836dfcd49742c25f116817349fef9fff7be11139c50810;0x07eecce1;0x7eecce1L;0.500000;1503113606;1503113613
1;4048;8048;0x1fdcb75f95bf823c77f33bb9637b37bcf5d2bf4f7f7921311b35a408584c8a77;0x8e243c1200d0d57507f804abb1cf070ae926d3a653b290192068d49ea170cb77;0xa175fc07;0xa175fc07L;0.500000;1503113614;1503113622
1;4048;8048;0xcbf7c6bcde291125dc74bdae745c1f95693a153d38a2fa714aa66ee3f4dc9bc0;0x21ade43e7c7d7940817b1e2be02fae223118f83dc223cb0e13af0933de319913;0xa281f020;0xa281f020L;0.500000;1503113623;1503113630
1;4048;8048;0x6e3fb01c127e01743a2f644dd2f63c22f22780b9ef6513c9db9aa9dca8d6d316;0x7eec319778eb7ca00eb02b92fbfc0a7d6b22d350a0d1053f95aee74ba2478f3f;0x54262b14;0x54262b14L;0.500000;1503113631;1503113638
