1;4048;8048;0x30ba9991b4d047840e01df6f078fbb85295fc6dca11d22b021616261343a9365;0xd75b8d3ea515e52f84df7da6951152b0b5a2982580de6beb36a86a5824ff5f44;0x2d40263e;0x2d40263eL;0.500000;1503128625;1503128632
1;4048;8048;0x21f5148d4b95b3113216dad854a1c8fbeac38da6477d9dcecc62843202c23423;0x71ea4bdabe5c5bb31264b8d8a6422b6d0a43b1491309277d78f4e925186977f3;0xfa79f32e;0xfa79f32eL;0.500000;1503128633;1503128640
1;4048;8048;0x500daaabb97738b49ffd967c7748a559c3401d61a4f8e7dfcb9dec55a089f8f1;0x6e40d2c3fe1c18d3db6e5b95c7e84dff733032f1e019b3f165549ec3ca7bce67;0x75569b66;0x75569b66L;0.500000;1503128641;1503128648
1;4048;8048;0x901d1dfcedfc014ee30ba730739722fc52e1956c3fe6ed6e61da89e171f0a601;0xc1aa67481f22823cf1309756a81c12aa3d59f166b19111805f87106834bb7f2b;0x03a73fb0;0x3a73fb0L;0.500000;1503128650;1503128657
1;4048;8048;0x26d57e28ef73481aaf989809811dd203b1520b76fef16ffbc53d37fc42e29168;0xdf89b1e109d2fc0a3e339535c1f6ce7870342184f7e5abde26c1f4877d0a6512;0x71d89e6b;0x71d89e6bL;0.500000;1503128658;1503128665
1;4048;8048;0xb848b47ce30dfeed876ac0af945a54b1b0f19ae290c4e4e2e3fb3f9d7e800b36;0x0879440ab99c67eb078eadda082b1061e3cb0ff8c7c16855847d4767100553a2;0x139974c0;0x139974c0L;0.500000;1503128666;1503128673
1;4048;8048;0xbfdea4047ce9b7af2abe9bbba33ed14de2c27170c9380e4a863b307846cfbf05;0x469c1ac20b641a174c49dd3b7c65fa6c6d41805f731f347244fbc0bbdba300ef;0x5680f300;0x5680f300L;0.500000;1503128674;1503128681
1;4048;8048;0xf67013ee9a5b0422c5c3f9d902d120a2cb6773f37de5e5c0dd6acbc4030f38f9;0x5b9e8ff6ec67229ade58442949bdfeecf26eefbc3fe6a1daaa16ffe479d584c7;0x29f68e51;0x29f68e51L;0.500000;1503128682;1503128689
1;4048;8048;0xfffa8b54245ce3cc99e0d4f3fa79de701b18983eb6611718ba66271dbe488bbd;0x94c6507d353a3b0bb4793340de1c5e45c550a5f06dd76fc09b901d2efe294c86;0x75e2cacd;0x75e2cacdL;0.500000;1503128691;1503128698
1;4048;8048;0x1e6549342cd1c683fb004deb33154e23bc9e3ec2dcd8cd5c233ecc5c9d458cbb;0x19b9971204d9fc8037397d7001374f501c6543154eb07be35455471368e393e3;0xfc119da8;0xfc119da8L;0.500000;1503128699;1503128706
1;4048;8048;0xadcb0a976a0a053bd63ee0b8069b53268cd7ec3c3d9058a6fbdc0f3493220140;0x527a8ecad3d7c069d7bdd63bc9ac018586530d40e00a4f89b207653c85b44482;0xfbd4076d;0xfbd4076dL;0.500000;1503128707;1503128714
1;4048;8048;0xe072478745ee9df7b0f47dc32a3f62bdbfc80c3239aa2972df69b5714788b028;0x56fefb364302659e2209d127a7764d37ef22ab659ae6af8eb0a6fc538e247516;0xd5aa7fd3;0xd5aa7fd3L;0.500000;1503128715;1503128723
1;4048;8048;0x86167684e74223e1e56c2474fb66ed2d4268b74e1b3fea6cc9c3a2c082bf5d08;0xc29e0aa2ba0e64b93039bcf1613d1ee83bfa34362808d65884d1d41885c9f619;0x17908654;0x17908654L;0.500000;1503128724;1503128730
1;4048;8048;0x5902768480bfcc235573c317d00b863c302e23e4c797af5564114a2cece3f245;0xc6379eb49a21216f900e0c556b71beaaa9f0ec2c0d95c89204a63f7e6f81b280;0x8ee7a963;0x8ee7a963L;0.500000;1503128731;1503128739
1;4048;8048;0x8fbdfb30653a057f034f28f24f88c97e5cad78b0c1ac69da2a1793f7e5e44e74;0xf690e1ca02b46f6ba6f9a55e7e856b5aa591f42eb12d58b6f120109ee61f6019;0x1183c323;0x1183c323L;0.500000;1503128740;1503128747
1;4048;8048;0x3e3797315936006038471e6cfa9db681bf504ef3f713f2cf335431b0fa255539;0x7611866cad3bc836685e99f70f4ad8af27cb694220e8da0367ed417fa59342c1;0x0e793073;0xe793073L;0.500000;1503128748;1503128755
1;4048;8048;0x51cd716c9a43da912eacdaa5ad52c97a4d4dfcd0be1636ccea2d1e524c6e499d;0xcf77641e05d727cb33f53da95b5a6607c2926fc465ec0d8dfeea1d9f2c42608f;0x8e5aa759;0x8e5aa759L;0.500000;1503128756;1503128763
1;4048;8048;0x1d38da4ce06bf8daf7437b35331715886799779c43e19ac9148aecfde05b68fd;0xf601180df892270727fc3f108982d70aac0bbc9ec0bcfc9899545b6ac5f0f5eb;0x8694064e;0x8694064eL;0.500000;1503128764;1503128771
1;4048;8048;0x9205c604bfc9cf33b2697f17517381398cc0b02da323486abc6b37fcaf175441;0x790114a7d1043688344fcfb938c44de5c19a686119207d646645c138c0b869df;0x7092ecfb;0x7092ecfbL;0.500000;1503128772;1503128779
1;4048;8048;0xff598de939ea06448d6eaecd4d23a8a3bd6649926a0abf561398195ab8de8ab7;0xd00d78ca1ade440f982eda7c6d962563cf5db0879141e510483a24606ea8cb34;0xd3b37dbf;0xd3b37dbfL;0.500000;1503128780;1503128788
