1;4048;8048;0x31e566edcb5a549a79fd583037d44f3a2ea938346a5eae8059826076a0f7c7d1;0xfb86332bd2a158fe096697e929d00913e0eefb74d263efe46138f2422293134a;0xf0f24a8a;0xf0f24a8aL;0.500000;1503133256;1503133264
1;4048;8048;0x691a42094d80f30592a1ba0988faf44bf2997f41612816f318eb146956d237bf;0xc6a21a4be05e30107266d2cf8fee438bb3aa1a8a2f3989e2b631dd5104769f82;0x1cd0355d;0x1cd0355dL;0.500000;1503133265;1503133272
1;4048;8048;0x3000c3cc169398eada2306c8a7e54025b43e69e26adb36235f35461174e251a4;0x080843d5fa6b18d00323f0b58ba33f5dd69ae69ca17ac537d6394a05aa78bafa;0x5af2ad54;0x5af2ad54L;0.500000;1503133273;1503133281
1;4048;8048;0x62717f8109d70188340252b6fde3acef698c5d3e1e4dc0566b1190ba771ec9d9;0x02e13889f2c5397d789add32311c6f9c703a98612239af2e7fdb1f294c95ecb4;0x53bc88fe;0x53bc88feL;0.500000;1503133282;1503133289
1;4048;8048;0xa2bc6ae2233b4f3a62a73c4e2e6a0b9ac677b81a4c754e29b01d311ad3da4e75;0xd4bbe09c3b36b51e6767a62b9afe9cfe0febd2517e9c7047275d9e99d9ca0c52;0x46e81367;0x46e81367L;0.500000;1503133290;1503133297
1;4048;8048;0x7c1e27b83e62d936c0299a6613af29c00de2dfd4b9997445a0f76dbefbf00878;0x64a794a6632a37c4cb0709e81a093cdcde0d76537895aa3bed30a2ec1957aa70;0x58d05a5f;0x58d05a5fL;0.500000;1503133298;1503133305
1;4048;8048;0xeaa3a3b32f4e712b358aca42be13fd76c969e5c7f4d5fc4206318a385f804249;0xde105994618c77474f53dfd4a5165594c8146a04b181cd1173a7425b623da89c;0xb1f771d0;0xb1f771d0L;0.500000;1503133306;1503133313
1;4048;8048;0x5c3b35de5457a51d7ca30621954ddc4e6284008e414fb63757fccd60489820a4;0x6c4bac40bd981940943b398dcf269ecb57da05e395d4e17a9704298dfd01d435;0xb1979037;0xb1979037L;0.500000;1503133314;1503133320
1;4048;8048;0xb502fed05df9bbab308706a81f80c257c13068945cfac5873df277f9d932a38e;0xb941121b8145143ad61c4bba347555e4cf6571dc92d2206ca035719b9d0db210;0x7c049905;0x7c049905L;0.500000;1503133321;1503133328
1;4048;8048;0xccc36314d1ee883d656e8d9c051a31dabcaa8647c61c68c66eacb63b213353ee;0xe8b11a49990020811882538a6e929f298d060b77ba26b1fe54537460f97fe37d;0x48218bb5;0x48218bb5L;0.500000;1503133329;1503133335
1;4048;8048;0xb3e43665845ca076093fa15cead9d90e710ab55688134e93984ee2f0ef344ea2;0x75e551ccfc57e532a84852e81bbfd497718b7a0599fc378611a852f47fd06da6;0x64d7ee71;0x64d7ee71L;0.500000;1503133336;1503133343
1;4048;8048;0x98f4bce9b932b0a613822bb27e4b4efb94c4f00e3864c75d5c47f61cd716376f;0xd9ed08bc943b0926efe14baa69f5d6f87d77e03ad11ff2281aed4dcdd66f4ab3;0xc1e3d47a;0xc1e3d47aL;0.500000;1503133344;1503133350
1;4048;8048;0x2cfc27ccca09deca02fbf237ccd5d23613a0b48ec897432eeb9699a3325f105f;0x5e3a0ead98ef63d7242e73057bef6032c106ba4841b66ac64cbd64c6cd28be8c;0x46b37b48;0x46b37b48L;0.500000;1503133351;1503133358
1;4048;8048;0x70c4aaa85c798afd4547398e50f77581a32209ed459bccf55b48219e5de56fcd;0x580b8afe938a122717aa5d9b24133f1dc73f0f2fe134fda925fcf7f77ded7a90;0x67d0345f;0x67d0345fL;0.500000;1503133359;1503133365
1;4048;8048;0xf8d72cd62f3a5604a15f35be2ae3b0398d3d04ffefa428c3157b4d1b071d0aff;0x2a6ac7e6418ff796e520340e5b4872eb8c9381eb56f42d65fbac101e0dafddd8;0xa2794896;0xa2794896L;0.500000;1503133366;1503133373
1;4048;8048;0x797760d0930acc45348379622a23e378da7d01751c50d07cf330b38c9c01c615;0x55a6d48d40d06218d99207e8942cce733a0382ee504f4a894011f6e50968a350;0x80f482d7;0x80f482d7L;0.500000;1503133374;1503133380
1;4048;8048;0x84e11c6bca2188182738b0972b55e80d909fb5fea8de2b066cca5dcdd2def457;0x9d4b3795a6da1cec2c187fedcf096629116185e4f73e0af2d779aed130b7e6c5;0xe67f997d;0xe67f997dL;0.500000;1503133381;1503133388
1;4048;8048;0x00ec329ef9968537e23267b8d8566d643acde03f5648bdc60048f233015d1301;0xc0ac5738aed0fc7565284e075984d31b192a67fc8ebb1ae5c91e79d12296676f;0xc83324cb;0xc83324cbL;0.500000;1503133389;1503133395
1;4048;8048;0x402a4f989920461532dd4fb53f5a4a2873ed4d8144ee9ca65ea87cb608381848;0xa56b71a93604e935d62352ce64fe39cfade6d2057a9ecdb41ab29f9c660ab716;0x8896d98e;0x8896d98eL;0.500000;1503133396;1503133403
1;4048;8048;0x3986b5a1ab4524e883048dcf6097f089a071767d580abfd88944591d87860cc0;0x50ef891f6d5c02264e1d110125ea25fec6ea5f4095858c7719f361da704c8ac9;0xee94bb90;0xee94bb90L;0.500000;1503133404;1503133410
