1;4048;8048;0xde08f47bb73ba567ec44da369368a51d4c0d7a2601b222f8593416d9d81db2b6;0x1a414a25ad371a34b6680d6b139ffd39af05a55806d064a3bf648e8bf0e5bc43;0x954b74d4;0x954b74d4L;0.500000;1503108877;1503108885
1;4048;8048;0x4ea885185e31a3d6e0af42afbaceacf923047ae9349e476f9e3918e58e72e1dc;0xa472c6f3c685e5b582b2ecf1609e9f2eb76252dbf9387e830570007149783b81;0xc1b4c696;0xc1b4c696L;0.500000;1503108886;1503108895
1;4048;8048;0x6d47d59ce4bc3bd1b3f389607062b93410e086e6c0ae79e8394e8d914e64edbb;0x907596536b9e5434fd1217a8d0bbfef4f50f3f88d741b40f767cab18bce753a6;0x2c3890b9;0x2c3890b9L;0.500000;1503108896;1503108905
1;4048;8048;0xd2cabb8dde66a3e19e74eab39a083c3fceddd203268a5d90e1430e1aefe5dcc1;0x76bc24910a11b31c8a618e0da7308a3143c81120e36d8305810725bb6e82ec6d;0xb56c0b07;0xb56c0b07L;0.500000;1503108906;1503108914
1;4048;8048;0x0a70be7867b3475aaeec1afda5288c7620a32fefd636531419c314728b444795;0x5578c04773b517c6cfe932939690ec91250dcaaa7e492bdd6889275bd6e713a5;0x01303697;0x1303697L;0.500000;1503108915;1503108923
1;4048;8048;0xfb2e736c91d800167e4a7da5e48c66c1bd799f5e9c9322c583a562897767ea73;0x8dbe09e8d27d3501fc8eadcb2f4341d678a30660c5499cf4bdbb7a375ee58ab1;0x82f7df05;0x82f7df05L;0.500000;1503108924;1503108932
1;4048;8048;0xbf7ce1d72ee2f795c6a196b75da2f3052747f65c293cefd044185252053b59c4;0xba1cd3ba755618d0ad3ebfa990544d012ee8773101d0ed57cc94f0ab9d6fd6d0;0xf774d048;0xf774d048L;0.500000;1503108933;1503108942
1;4048;8048;0x8349c313f7a99321189866ba91d24e477f73c9141160c806a4995e22291134ac;0x5672613bf3dc62d29ef0b9013abaa095f52896b656e441e14405431621cefac6;0x51bfc830;0x51bfc830L;0.500000;1503108943;1503108951
1;4048;8048;0xfd513dc48fb8c8e96b094011df802e351694355b3567ea0a2b89238a39644036;0x9ce297365f674578c4b00a7b34a0d66c194f03ce8572886a6396b8b1690a807a;0xf58f5b70;0xf58f5b70L;0.500000;1503108952;1503108960
1;4048;8048;0xe711cf8af2ffd3f7737d6672f910d407398d9f75741902c0fe8d1e899defb684;0x47096c295e76682b9db39af2170ecf78156ce8004a3a14b4bb000703ae224985;0x50f79e57;0x50f79e57L;0.500000;1503108961;1503108969
1;4048;8048;0x81fc968a193971db20a68c45e49c7cceef6c4fe7a1f803209404254df2075273;0x1c005ef99100e1053160baa5496cb56c16067fff24d06e65104cb111b822ba80;0xff7aff38;0xff7aff38L;0.500000;1503108970;1503108978
1;4048;8048;0x0350b186635004cdb360e6f3bce56b49c24313605dbb44edc9af98d1f02a49f3;0xb38664a01b86f12026ed8d003ef80b13a622b3292cc11ad1cd5e981c621faf03;0xe4fbd2f9;0xe4fbd2f9L;0.500000;1503108979;1503108987
1;4048;8048;0x7654c0e2d33bb762831d391dc57cce13a3914197170d7a37c1563e962ed7dba4;0x2be8b8fe88068747b2e8c78899bdbf14805f6f04c68cb448905a7f69bacb7495;0x6a88cca7;0x6a88cca7L;0.500000;1503108988;1503108996
1;4048;8048;0x418e3443e15aed93ffdf5341fdf1462df2cb9f82a7a9d5351bcef2ae50c34692;0xf721744108eedff5f03d55ea4c0d55d3f44826624eab9acfb6c6e7764b231075;0x37d89c4a;0x37d89c4aL;0.500000;1503108997;1503109005
1;4048;8048;0xe32c8d05f9db038a5b183e90bd17a33047ea19f21e26faaaca64cacba40e4687;0x726d9f1d6c01c0efe65a2a6a228fa6c6cf37211b5332583ba8af534710243ba8;0x8e3e7526;0x8e3e7526L;0.500000;1503109006;1503109014
1;4048;8048;0xd2f45d7bf822c3b19f40c77c16518e86f5e768debaa6a210d33628d34de0221f;0xe22ebdffd48a388ca38339be98acb14ca42379c08be8841d568639ca1d938a75;0x5dfaa3f1;0x5dfaa3f1L;0.500000;1503109015;1503109023
1;4048;8048;0x7578dd0173fd3a236e98de19cc39aa9f6fa0b8a95432181c857a93e572219ae7;0x51cb1ab274167228ab9fa7415b78b9b975909369938706859cf9323aa91c4de8;0x8640e478;0x8640e478L;0.500000;1503109024;1503109031
1;4048;8048;0xe19c7e635f5e1f9ec0293723fc82824ad3ca539fcace7571fdb47cdc0c5057ed;0xb01b7147c2f0ad73df5b987902d037053dc6f467dba82bca73cb9159746015ea;0x05ddf76d;0x5ddf76dL;0.500000;1503109032;1503109040
1;4048;8048;0xec99699180df556865a618ffbc5718b587a49d4ffcb6b9555b7394bf1ebf890a;0xbe79f5e2a8902d6370bd25802c556fcfc3e7bbae6812ac7718d5d472b21d0c75;0x89c45dfb;0x89c45dfbL;0.500000;1503109041;1503109049
1;4048;8048;0x439024658ca7f8119e48dda8e6bb508bfa6ce9011f94db5ab473beccf0709233;0xeb669453bc987210570b0c2e4e06a221c037299313d446fefea42ae5045eed98;0xec6933c9;0xec6933c9L;0.500000;1503109050;1503109058
