1;4048;8048;0x37d33041c597860332c6d114649c6c63ef937d6be85a895e882d02a7ab8369e2;0x44dc318f7b95eb182ce95d40ca6dce2a758091a2364a7fc00375501d577740c2;0x4e472565;0x4e472565L;0.500000;1503111511;1503111518
1;4048;8048;0xf03e02fc6356611ffe6d90f34dbe6d6af4b244e1204eabd0295329a8b409f1a5;0x4ac28d200781ed646be5a92d8271467386f45bfe672e9390e79ecff581725e56;0x2b121626;0x2b121626L;0.500000;1503111519;1503111527
1;4048;8048;0x87ea353ba0578f049d87e4e679ffe02dbbcecb4403e2e1861f233a13dcbf0764;0xd60b2bf1f3a1758a4381784ddf2e9bf930ee5de493c4a84ae28da6f96b492770;0xdc045805;0xdc045805L;0.500000;1503111528;1503111535
1;4048;8048;0x554a541b55de5bfd1b1dda7545cab7139fafa4090e6d07561ef1eeb2f735b84c;0xdf34f52192d4bae3c68a2797f295662827234a3d3a5433d9a4c0e9651cd020f6;0x24b86bb9;0x24b86bb9L;0.500000;1503111536;1503111543
1;4048;8048;0x11550db67406bc683e85ec63edd5f3d94bf8ebda58a16b977f1fb3ec4944685a;0x62168d1a1862784d965339127da8176a1c39e3bd3f6a793774658efa453ac0f9;0xa3541c44;0xa3541c44L;0.500000;1503111544;1503111551
1;4048;8048;0x3a662a9bc03873dd49e75952e0ac4e00ecb510d44477ccf5e67b671c58054e93;0x13de836fcf0a136897817aa83d51e69cd777cac4a5a7f2cab124e9e908f0ae39;0xe0c51573;0xe0c51573L;0.500000;1503111552;1503111560
1;4048;8048;0x6fc0bb06939e029bb577a1160f9bc517a3c0bb29eef1e9b6b375306d3a58dba9;0x46cb4c10badb337e8812d4b2714a5d495e0978600e22bec4274a513c01d47c83;0xfd70ba58;0xfd70ba58L;0.500000;1503111561;1503111569
1;4048;8048;0x3ad96c08c44311c1b4a2b8283c102e32f09274d45e06fbdd5751c48edb172d15;0x5efed23d63ccefa31dfd0819891d7a034bfdba8d330950d142cfa9dce5708e2d;0xc5619f8e;0xc5619f8eL;0.500000;1503111570;1503111577
1;4048;8048;0xc282c83aa3541a603ddd95e46e516b49e99ec08d50aebfc192365e6ba70d6269;0xfb3911cd05b1f37657390ab5f1729e6417fa685e42858f6412454b7bf19d54c0;0xc555c9a4;0xc555c9a4L;0.500000;1503111578;1503111585
1;4048;8048;0x0a2aa61e2ed92b63087dd86f453c18eeedfc4e91d4f1b52a780451110d706717;0xb8e8128846d1475dcf69ab28fc327bff710c36e1db908d5331796bcdafcbb4ac;0x23b89376;0x23b89376L;0.500000;1503111586;1503111594
1;4048;8048;0x7dd0c5e797d1bb7a607348404847c7330a18f766ddab56c39f5115f037cf44b4;0x2c538430b540aded52f3d080eb2823cf731cc83208e5f273a503816b010c79c4;0x09847457;0x9847457L;0.500000;1503111595;1503111602
1;4048;8048;0x0e8517ef7eae4f431871bf8450e94cca9a62576ce6518aa940fd16f64bb30a59;0x3bba7a5b0e6502532220086f9c1f45a1b95c16491bbc878d43b6f2e09dd43179;0x7df6c6c1;0x7df6c6c1L;0.500000;1503111603;1503111610
1;4048;8048;0x5db5a37210f06ee7a58f2d8436fa083db09aa47538d65cd03043959c462a81a3;0x6eca0442e1475319742c664da57ddd16769d74d170d889360ef3a5cfa45081f9;0xf1240175;0xf1240175L;0.500000;1503111611;1503111618
1;4048;8048;0xc1e0e669608da905e5cab2d76180240e09522fbfe700c660339a047bd7ab6b98;0x8fb1a67b401fb8aab0ee6286b2cd469bfbd6668d1b64885fb3dec28aad5e44e7;0x18985a39;0x18985a39L;0.500000;1503111619;1503111627
1;4048;8048;0xa90623c51688ae827c32ff2d682865205f997665792434d6561557e88b2ec934;0x6a3e674a16fe17174b6b38facd0fee65f9740c5087baff983bdd6db128d5641d;0x6315d832;0x6315d832L;0.500000;1503111628;1503111635
1;4048;8048;0x062262581bcc12d798dcb7eabb028af948f2f370ec240a77f2ec82780c830712;0x6237740a8f8ffa250c5e777600f09afe3213049575b07b7ecaa375997741ff00;0x8268e49f;0x8268e49fL;0.500000;1503111636;1503111643
1;4048;8048;0xa2c18f729cf5b4d60c72962f9b5ac529062797965bd18227341bb06fc5aa3068;0xe0fa0bcc3c861a763528659cdfc33d122be12dbf9e6a32ccd3c19bb805c1f645;0xde88ff6f;0xde88ff6fL;0.500000;1503111644;1503111651
1;4048;8048;0xdded0429f070094dedd4e86c55b88432b410d7485c4a10ad82faf9f5f246c0cf;0xa89d01bf7293191844d86723cf86de3b071c94806f4b315d52b0191fd713f246;0x8f9d0cc0;0x8f9d0cc0L;0.500000;1503111653;1503111660
1;4048;8048;0x343c6b914cdbd349e91acd32124058626e486c1bd27853bd310f7d0e74f3c8a8;0xb2ab10b3fbe070dec279ef6af24c2333eb984e04a8d8f223ef63058549eb8496;0x588507f3;0x588507f3L;0.500000;1503111661;1503111668
1;4048;8048;0xf16755ba020d2cd811b22574d811b41cc24dc7eea5a8f100555aa2eabf3a1ab0;0x1db0bb15b3ded7feb1569e5ddbabaefad1f9e837db8e7ad46ef424523368575c;0x9ac8b6bd;0x9ac8b6bdL;0.500000;1503111669;1503111676
