1;4048;8048;0xdbca4e264be1139d0beb3338cfae571942f83c3474188ddf2c8d5395d8718ab4;0x972eaf8f31c612582329e681c42a4eb33a471f8dfc8af1e046c6b44ada0eac29;0x7fdd1f83;0x7fdd1f83L;0.500000;1503137157;1503137163
1;4048;8048;0xc8060a56051f7f5b23b4cccabc81a31d624429d0c6b5ad1a81511059579b2a1f;0xb3b7602ad2d0aef013244a0ddc74a4645a13f795aca3dd64731e19e901285bd8;0x1afb2fe9;0x1afb2fe9L;0.500000;1503137164;1503137171
1;4048;8048;0x58600f49fbafefa598ad9d669dfa56c2e2e09589e5ef85ee65f6dcd58fc274e7;0x513376826fb4a315df0f7ae41a4f20807632fc5a01a9f0a4cfb6f06df19e9b43;0xb9b5db95;0xb9b5db95L;0.500000;1503137172;1503137179
1;4048;8048;0x171c50e127a711a87ba798aab4adf3d799b3111c54efc41436170b8feb85f402;0x6fefa6a2412867c463d91fbe4083360eb5c834db012c5a7a9ee4082e12095e35;0x717b9a5a;0x717b9a5aL;0.500000;1503137180;1503137186
1;4048;8048;0x296128d62ab24cd220e623302365a7e9d2ecef965fed3907cc80d82bc4a603ed;0xa326a181c5111d0a629906efca07f6356acbb70846ed4de8eacf63b6ef84c20b;0x9a5a2b00;0x9a5a2b00L;0.500000;1503137187;1503137194
1;4048;8048;0x9fe72180c6efc0b823ddd88b263642ce2d65a537c6f1cb7252c74b7c9b50b93a;0x9188dcc443501a3cd2601f5244f29edcc39523ae46d810b6361557372d52d682;0xeab54c1c;0xeab54c1cL;0.500000;1503137195;1503137201
1;4048;8048;0x11a9b6471dc46c3d0bca32f233420205c7ecf6d66774fb68a8d9fbafb85a37c9;0x9f6fe6853ee16189a2e6f3205cd542501e16721343cbdf34926fd1efa4b5f726;0x6ece8d43;0x6ece8d43L;0.500000;1503137202;1503137209
1;4048;8048;0xb9e8118eecd2deebe6975edf6fa5de56f9cc32e861229237ec6f75444469fdfd;0x6629a7c62acdac2660c5e0cf16e1ddbe906ba0ba3421921d735651fe605fc133;0xdee3c0e5;0xdee3c0e5L;0.500000;1503137210;1503137216
1;4048;8048;0xb1ac4f4201be48e4306281366af755883da968f3bf78d0fbf545b40b4aa025fb;0xcdcd0e20ccf48c90d6f6106522afb6d847eeddd1529c4144b9bafecf200a7413;0x658ab508;0x658ab508L;0.500000;1503137217;1503137224
1;4048;8048;0x854b156ddc6b43e8cce42840c539be37385d8f251c1838407d456c8e1dc483a2;0xf286a29b20c47c96477d00110582d49c3f02f1a77c457aa4fdb82233b24ddc48;0x1af3b69b;0x1af3b69bL;0.500000;1503137225;1503137232
1;4048;8048;0x5de39138040e22e9a2dc480a3364f4ed51c7d33adbce95b315029f30fe03bc5b;0x1b227139c2f2b6adb45b68a17119c396b239184c9e6d33c617b318c1f2f1925e;0xf4f957d6;0xf4f957d6L;0.500000;1503137233;1503137240
1;4048;8048;0x70af567edb808fea5ca1cfbf65577a8c652527f0e1fee212b9ba754cb7437e28;0x263ff2c881e1a0d0540e2da256393e4f90abdaa3ba6b22cdd105c10cf50c71e0;0x98a390de;0x98a390deL;0.500000;1503137241;1503137247
1;4048;8048;0x4a00d81b304d86d3202e82031639a38f2c931f7acd6ab5eaaf83d580fcd13146;0xf84a1777f6568d174d160648f0fcf640e1d12c2c785c17dc5fca363b1a3f4934;0xb9b0f7d0;0xb9b0f7d0L;0.500000;1503137248;1503137255
1;4048;8048;0xfe51458d3e0f6677372b5cea90a3dc9cdd140263a5d19f7f17f4d303955d6394;0x82741166847a8f26fb6be82fe969a74172e7516a7ec31d737fe32574982bf491;0x51a6ce35;0x51a6ce35L;0.500000;1503137256;1503137263
1;4048;8048;0x31fa1be74d602e1dc70c343a8d9f51f4d18192f9cb5bd336db69588cdca2ab0d;0xbeb057122a33763c918f9d037e4a4cf279f9a2dee32818c6bf258caf44d81415;0x4d880717;0x4d880717L;0.500000;1503137264;1503137271
1;4048;8048;0xb50c00be93ad4799d1c4b0072a8908827550a198c3f48c4fe5453280195470ce;0xc5b236c20494fea7ed89d5db293c0c4ab43c6018f839484dac97c695ea518853;0x658df8ce;0x658df8ceL;0.500000;1503137272;1503137279
1;4048;8048;0xffcd8ec475f74eb74f38e2d6871c927e5d4aadaf7bdd72e774bc8ca5818b4280;0xd6029931e2fddd7978fe5029ae1cf14a81f597de2e7ee4077f63ad9ceb42c541;0x275fa88c;0x275fa88cL;0.500000;1503137280;1503137287
1;4048;8048;0xa85349f34ff8a3139c4f88a119636cf9f3e6d64d464a1420ed55463ed8ac3e80;0x497cb4449ef1d3852f74dc49b786eca57c00570a92457335979e939e2f7d059d;0xce3a0d31;0xce3a0d31L;0.500000;1503137288;1503137295
1;4048;8048;0x22df7e31e207a9c2b201f4e1105c7bbe0d0604889c8ae3b72e232ac81ecc0240;0x346d13b2136aa74405afbf8e30e93e382a765566317316fc4ba0fcc069299a6a;0x1cecab70;0x1cecab70L;0.500000;1503137296;1503137303
1;4048;8048;0x076fa11e4fca80fa42e2ad1e0c0f713c0aa1277b01cc64524a62836f75cfd87d;0xc8b9333ee63a180bb0c54f19cc4ce5f1a9c16f9b279060fd1d7dfc830e3fd53e;0x03ece5b6;0x3ece5b6L;0.500000;1503137304;1503137310
