1;4048;8048;0x3b07b8c3465c26ad9464aadf49959558c7d0e92d7646e7216d4157675d4aab98;0x06234dbf799ad630cb986e11ad7430c736356616aa856601dc9828e37b76b68c;0x293b6d34;0x293b6d34L;0.500000;1503089841;1503089851
1;4048;8048;0x9e35d2371afeaaf057d11a42219708432fad65b605f96b511a1c9fafaf9d394d;0x0789a3ce9377a2800a09e6eadc3c058c936a8c19575f64dfe574da36c84a1df7;0xd26c6f76;0xd26c6f76L;0.500000;1503089852;1503089861
1;4048;8048;0x098327989f778d92f3ba52a3d984bd1fbd0e462784cc7a27bf2793a696dbda9f;0xc354234b9b4c19366f335a9890deb0f4881054604289d3826d9cc68cb35c8419;0x618ef95c;0x618ef95cL;0.500000;1503089863;1503089872
1;4048;8048;0x8b547f72fc85dc19f022e2c04198fb8dd62d769de86a79e325ee3e828e1e1919;0x93efd99de231a3450dd4cab3f6c99f130ca5b3eeaf8d3622baeb583e17228bdf;0xafa72b28;0xafa72b28L;0.500000;1503089873;1503089883
1;4048;8048;0x6e1145992daba6177629e6f8ab2029c0459b089da156403dcfbf6228d2052b41;0x4f8a245487841166c9b77ed68b962f51fc59aebaf22e617f793ba1b401399bf4;0x45679dbb;0x45679dbbL;0.500000;1503089884;1503089893
1;4048;8048;0x7dc2ed0893fcec034cf97f009063510c48051ce97243721249b8b144e26faf60;0x917b3be9bfd0eb879d243c6b9f3632eef0649bb9c4dd166f508ae6df56f7a597;0xfd028da3;0xfd028da3L;0.500000;1503089894;1503089904
1;4048;8048;0x04329ca43748ec2359c52d5ca664da1e81a9b52605b326c9a20b8fc53a70033f;0xddda89af3d61d2825f1be294a135b45f69beada236cf9b0672fc30e7b8e7c2f2;0x10fda828;0x10fda828L;0.500000;1503089905;1503089914
1;4048;8048;0xf355a511db7bb0ccbc4608f2c98a1bb52b1a289cb7c65a67c7458e3ed6673dc9;0x6216a9b44ed9df1d3249f5cb8a428e8232a8762861054ab08bda46747169c9cf;0x8f3e1caa;0x8f3e1caaL;0.500000;1503089915;1503089925
1;4048;8048;0xddcfaecd1179159523f1ff14e61a762d814dc2d9bf2a9966ddcb51ae8846e865;0x956eff40d86966e683ae6904ce4bbc2fe97e188b55eb26d4a217d4811650580f;0x1e1ade7c;0x1e1ade7cL;0.500000;1503089926;1503089935
1;4048;8048;0xfc8e86ebad602ae7eb664b0bb58dd782c22faf68b2e039e0fc63e0c5211a121d;0xb914c771cef8463df166f22b0f8053dd7ce9ae5835843a0f5990a504fb9c13c1;0x51e18617;0x51e18617L;0.500000;1503089936;1503089946
1;4048;8048;0xfd088da9352f3dab3e354cf57d955d44b503e2fea721cea4dabc680244610042;0xd422d933a1b907cd8222fe030b7d587748c8224ec4efd6e73139a6d5256bc2ea;0xeeea9802;0xeeea9802L;0.500000;1503089947;1503089956
1;4048;8048;0xc4d024a07d5c94f841d422c322fc07cf8a634e2dcc171378627515f3e6a7f6ab;0xdd48d31e3a59f28e1f6157e6274c95d03311abecaaff4a739fef56b7aafe5a16;0xe227baa4;0xe227baa4L;0.500000;1503089958;1503089967
1;4048;8048;0xb28d4732690a3e186240f46f08954dddbfa44f185851ea14471a2e45c4778576;0xb6797296b8e34a57d8aba2fd639b1d2cfd2da53c42f3a77d593b8e2e196288b5;0x5ed9f4e9;0x5ed9f4e9L;0.500000;1503089969;1503089978
1;4048;8048;0x1015b4c4652f599688acf5c01e76c04621e50d495db88aee265e047676818186;0xdc4daec2dac9aeb1d908e4e9798a330e5dffc7294b38c4093c0f119122edcaee;0x8e70a369;0x8e70a369L;0.500000;1503089979;1503089988
1;4048;8048;0x16b85d91ddcc8a87337829dfb0213b843edfd266a1909fd3d79ed82bb094edc6;0x496955ce74c54258c73c6954b97da9c1b5aac3e130be3da0474d6261b91385af;0x9e0ec574;0x9e0ec574L;0.500000;1503089990;1503089998
1;4048;8048;0x1a1d780f7e8b390b39f6d14095bb61eaf0edc94eab20b9933a1777a0807a219b;0xfff04ae72d9f1bfa5b8f86c93e826f5ab1e244b26d3885634886ed928a485da9;0xe3ab2665;0xe3ab2665L;0.500000;1503090000;1503090009
1;4048;8048;0x4c784b5280fc6fc60aab09e74202af6d3f54b7759b57af7b91a9936978d979c5;0x7201379fe1b4b9f7c0c362cc7e8f170663d70fa06aa22ca2d66e324c77e320bd;0x4f1c842f;0x4f1c842fL;0.500000;1503090010;1503090019
1;4048;8048;0xbdf669ef47ac5dc490f85ceab7915095cf21abe73e47801595d5b562cba5d888;0x8ddbbcb2acd08416f297275cca864da048afdd96f4b3f42df4a5f6ddcf16c772;0xc24a4f00;0xc24a4f00L;0.500000;1503090020;1503090029
1;4048;8048;0xfd07153eba0817b966b38950c371d00d1196fd51c95f5598129919e165612062;0x1f2466ac91cb610c1827f6283ea05c26fae65533fe7867f2cf95737faa1e38a3;0x06d82c1c;0x6d82c1cL;0.500000;1503090030;1503090039
1;4048;8048;0x91908eac660bc61fc66f4a7b9060f4e95e17eca07d68ef9f508aaaddf31fdd84;0x5c097e4d51d914e4b8657ce8297117afa82b34e32c693594f9a0d9d66c1a1d77;0x2f9e2304;0x2f9e2304L;0.500000;1503090040;1503090049
