1;4048;8048;0x6ceea75efe265239993169e68643d98f3248aef053d72bc33643ef15012f556e;0xf38d0dc8813978b2017b53542533a685d36188ddec2a35939b6b257057202400;0x3e07fe44;0x3e07fe44L;0.500000;1503106875;1503106883
1;4048;8048;0x16d1991d69ee7005b8767737037c8678fd20752908bd6712dc693fb934fc1f4b;0x247679ba709430ac3ea2676f62cea167c4e83d24712469b0a3736f36460e8ae8;0x2f61d543;0x2f61d543L;0.500000;1503106884;1503106892
1;4048;8048;0x9098a9cc50601f1ceadc45c6c69a36640f649367fb3316e16a47a61fd311e663;0x1214377f0840c10c363e88d72b5054297ba5ec4ced42fad578b890173f6ee029;0x55a9cd49;0x55a9cd49L;0.500000;1503106893;1503106902
1;4048;8048;0xb4240eb31ffedf6dd0abd1de3782f21aeb4807ef78452791add0b35acabfcd7e;0x734fb644159df667b745a40261ea2dd91e397d06feb4f81cbb1f1526b70207be;0x5cc8514e;0x5cc8514eL;0.500000;1503106903;1503106911
1;4048;8048;0x2309e210f67ce0a8e7690d8c75a7bccf25384e7f04a11dc1ee5be16408d5812b;0x16a6e85273ff1184dce2f95ae61a274b702252596d19e0d19c51a206d3024b97;0x41a5fd41;0x41a5fd41L;0.500000;1503106912;1503106921
1;4048;8048;0x9b6a1c86935d1b568c32efc0ad1039a32fe0b740dc68efdf8e49cac7285e36c3;0x7b24d009d6ff9b37cd4911e861b0ea1798da35bf7c2e2527c84e6c85be97497c;0x7dba9297;0x7dba9297L;0.500000;1503106922;1503106930
1;4048;8048;0xdffb8a3a45174bbaa3127db8bde8bf65d8472bf55f43af416d3714be6fc0f54f;0x4068f10579934413aa38c6e645d4ca9ad4bee2e168ac131bcca1f6759f8280b5;0xaed2e31f;0xaed2e31fL;0.500000;1503106931;1503106939
1;4048;8048;0x23cea211d382abb91eed0a7f2a1083596ecf118bdd132443c89ac9d379a4f89d;0x7703f10d7320c9cabdff5b92795791d43dc7b9567f37b8ac9eaa3a0f67cb696a;0xfb71601b;0xfb71601bL;0.500000;1503106940;1503106948
1;4048;8048;0x9d38290ad28817140f0857e2684b5a4d36be8e4b8156d3b686bdba9a766ec313;0x6222a0d44d439015a341ddb2635bae414b8a20d41a3b203ddd27a365c1600654;0x30d10d03;0x30d10d03L;0.500000;1503106949;1503106958
1;4048;8048;0x9aa4b3da43d1e4ae261a1296a688fb8b63027405efcb2104e92a44f9245137bf;0xd739edc0320c99dac73efd00c6506f9c35f6b9baf6b2cd5d13c1b98fad50a869;0x4b5c1a49;0x4b5c1a49L;0.500000;1503106959;1503106967
1;4048;8048;0xf3d61078e802c18291f738aba0d3eb639106ffd06ee885b7c7724d88e56587d8;0xf82050b1be3a0f924d64adcaf21c00e358446e856084186ab0757df0f3fc6854;0xfeb90cf7;0xfeb90cf7L;0.500000;1503106968;1503106977
1;4048;8048;0xd6e073b804a1fe96f7bbb08555e8acf3836415d85dbda4fc6bb732f8721d2c49;0x54f2845de5ca4e0d624c4f58ff634ca3bd542f7414e21dba10777784936c8497;0x80cf5245;0x80cf5245L;0.500000;1503106978;1503106986
1;4048;8048;0x1c3604983339b7ab1c15ad5793f7c9771253755f63b508746c5a5129329f6d4e;0xfdeca0b60593d311fdd7760b683c37b159fd1fec945911f64738f5a0eb1cf3c1;0xf664532d;0xf664532dL;0.500000;1503106987;1503106996
1;4048;8048;0xbf48fba63d89f9fa6eee0ccb971ff94d774e76631145f83c6af513f068ded527;0x97d76728ab1a604ae35b91366a60f562a34c8d032585a238d190ee3637fb33a7;0xf4da1fe7;0xf4da1fe7L;0.500000;1503106997;1503107005
1;4048;8048;0x05eb418128ad057a607e0567de00b259c476e84e341ffdd347abd34a32336d37;0xe148cab2899a807ecc91d976303767d8fcf80f33dc3921656236fa304a1243e3;0xc0674b5f;0xc0674b5fL;0.500000;1503107006;1503107014
1;4048;8048;0xd2d89bcc31590180bd7d9ab784b75f61b8cfffb4889cccd6450db71151202723;0xf6de99b990232cb228c18d10097be5ce0e89705cf497d72e7ecb5ee48124e56d;0x77764e99;0x77764e99L;0.500000;1503107015;1503107023
1;4048;8048;0x402eed5da75d37ed2d2a6c00d03eb2c992efe581830b521e3af154faccbd570c;0x671e67945afaccaafa5d6888449df7a97c57a6fb0f8352ae7a8ef63dc3fa9402;0x2e5dc019;0x2e5dc019L;0.500000;1503107024;1503107033
1;4048;8048;0x6a2b5bd41ae46e2e0bd7ed5c5081dd65f28fec9193564dbc2b503209d935fe43;0x327e21ed57299cf14dba534da1a2bc3fb870abae0e23d01ccf0653b56ac8d7bd;0xf3dcf359;0xf3dcf359L;0.500000;1503107034;1503107041
1;4048;8048;0xc5a43bfb22c384943abc4692339455e82aab8a2370050795ad0c6695395d08fe;0xebd537d71abd70ae0b60963c1249302aa1bc6697ed1e6b8ec540af2613041091;0x8d2cb995;0x8d2cb995L;0.500000;1503107042;1503107050
1;4048;8048;0x604877fbef0d39d8c98c9bd59bdc37b1e7666480f8ea9ce76e0c2e13810e80e1;0xa5586fdc227a279614eaa4fc4c1aa4c8d9273a4be2c578ceb0ee3a31034eeb01;0x1c28f0f5;0x1c28f0f5L;0.500000;1503107051;1503107059
