1;4048;8048;0x8bdb992d2390fcd75f8aab0694d7e3215955c649e57d5d00cb19e808530ce0de;0xb8b609d7691faaf30431ea7037fc64ada8df3a481663d9325f648405e93d4490;0x87565387;0x87565387L;0.500000;1503104873;1503104880
1;4048;8048;0xd9a192af479321574944d0c1ffe64d4578aef13d43ffabe627c25293fd1a46d6;0x6ae38002c5cd24f5b524a6ff8b50217c44776ed34d108302c2cdce3a1edf3bcf;0xd4d02885;0xd4d02885L;0.500000;1503104881;1503104889
1;4048;8048;0x29880d40a76256ee28490eb74808aa37b710f204139dd77fe09469512cebcd55;0xf77db04e5a0a8ab12dc83b2ac6694259dbb3c9b86596309738ff8d7f97533614;0x494ccfb5;0x494ccfb5L;0.500000;1503104890;1503104897
1;4048;8048;0xdff6c2dcc02148a41175a241040dfbd36a6047abb34c5f311a4d39ed9df9ed7c;0x8df52d31d91a0c9e451f8c957523ad4dab704723f353eb346340c776e8a5be11;0xe17befde;0xe17befdeL;0.500000;1503104898;1503104905
1;4048;8048;0x395027fb84d794e80073890e85b972cabd6a37faa6a95fd46a750c6ba6cdeadf;0xd83837db53cb52325404654191bbbf56d12e5e2db2b23df53a0b93d2818c4a3c;0x640ba226;0x640ba226L;0.500000;1503104906;1503104913
1;4048;8048;0x19526074f805639d32241cb39ce0f5afe381df74da72e1323faf3d981cde0b35;0x08d0e3897258d185e9c82ee6d94cbc4f2c927e1e503ded93d66f0f9e2f51762f;0x36a1e7fa;0x36a1e7faL;0.500000;1503104914;1503104922
1;4048;8048;0x0be7f9be6d68f6789da5ed4cebe6be99a2b09d6829bc5749207521314afb1755;0xb4f78b55f85b432aeb67bdf22c0994b45df524ca4e484d9aa75f74717c4ee9e1;0xf7d17d4d;0xf7d17d4dL;0.500000;1503104923;1503104930
1;4048;8048;0x86f0d57e3f891ff356070ae24d1d60f9fe4b9da62f5b1aa52c18839504039a8a;0x34f6d048fb750786adba09315034a8a6344da31efd1bbe7a708e11605a9dfccd;0x4f7a0f01;0x4f7a0f01L;0.500000;1503104931;1503104938
1;4048;8048;0x0ad92b12b73f337f6acdde425009e8a7b70689a93d3f55e5f3a88fa60d0d1b17;0x01eda5ab217aba2d504188cec5e3ca0c17b1c7f29b8f96bc577a18dae973d2cd;0x6ec96949;0x6ec96949L;0.500000;1503104939;1503104947
1;4048;8048;0x62af3e6d17dbebd09a2a7e3f43226f3bc09e4de84ccd69604966da4294540df6;0x22e5114c7899ca9de5f5a4b0635061c8584afc297a481104e88f5bd748db5b6b;0x8966d4dc;0x8966d4dcL;0.500000;1503104948;1503104957
1;4048;8048;0xe508ed0e13daa685d26bb357825e14d525c7ace9ffb639c4d90f4963b2ba1197;0xa3a70b47c06c3624be70e27bd61091af90fd5ed0c0ce7d41bde2fcac4742a4f0;0x1e9a538c;0x1e9a538cL;0.500000;1503104958;1503104966
1;4048;8048;0x68679835043c94f131641616992be4ec47d3f0cddbb9a8eae19801ab53ccd2bb;0x36114eb20d820d087502936f3e04e6a370c205a3aeb1843852536b3ec50052ae;0x82cbb270;0x82cbb270L;0.500000;1503104967;1503104976
1;4048;8048;0x435fcb9481c33927f2a1e194b40ec39290103e94e5e580094e053e2836dad979;0x50dcc13ef4eab1c9f671dcd2363673899a6f5de90b7502b5d5f342cc4e3f0bd9;0x0db24267;0xdb24267L;0.500000;1503104977;1503104986
1;4048;8048;0x34505397810cc3339a357ba857fae6db763511f099affd5b7882be0325d7d359;0xe2811b809f8a85f383f511bf262c900802f8135dcf68b57782cda1713d27b809;0x65c1aae4;0x65c1aae4L;0.500000;1503104987;1503104995
1;4048;8048;0xa2be946e2e3559b586efce1cc1b9f8b2e1b05d91398273c3d64495f3880af32b;0x259ede439a055f5dbbd20a488e47938e6fdf3cb30ed1cc19df9c16e7612dcc1c;0xf6d5e8ab;0xf6d5e8abL;0.500000;1503104996;1503105005
1;4048;8048;0xd8fd9c0820ac0e3e205518b6639f27a32cbed7982c5805d9bf2f7d96e48955bd;0xde59695ec7089c9085173e8b8094b3c49e8ef0a5551165f72155365385b36930;0xc340b892;0xc340b892L;0.500000;1503105006;1503105014
1;4048;8048;0x5deb2827140d7c70b601275b1cf801d113ac60506e1e991721f9b0cbcbfdb728;0x35ff06cfe042485d80260c04526baf26de3bd54d3dc69f8ff23bdc70a1e86006;0xa39ebb9b;0xa39ebb9bL;0.500000;1503105015;1503105024
1;4048;8048;0x5fd710117c8afb6209c051d828060115f4cb9b9fbdfb422e1753173f9a9d7afa;0x3d1bb462ebe9c89fc5ab16ef40a3b9df091fa538d82b5118ec2175439d5aa259;0x9507e4b0;0x9507e4b0L;0.500000;1503105025;1503105034
1;4048;8048;0x0484a5d07fca7afd9840e0870b819632a1b6e8e0d3a7995e462e9d0c41629145;0x56cb6cd6e03bb74c6701c7547d5b7911d9fc9ae3d537846cdd8a2a2f3a5f5165;0x7f71dd7d;0x7f71dd7dL;0.500000;1503105035;1503105043
1;4048;8048;0x37510a7202fec566fb042b069afa34d8b419d55b74b0b400b57c5a508df9e2c4;0x6fa5c455a2422ce9d12bfc07a3c7331eb585fb711b51f323d02130eb792693dc;0x76efd6a7;0x76efd6a7L;0.500000;1503105044;1503105053
