1;4048;8048;0xe5b2c48a99ebb8b0c51e15909dca32e6bd61b8c714399f5ba004114d1a1b9200;0xe667413b7616f80d7dbb4b3b540537c0c49610b1bb225f1f6fdabb95a8f58b0c;0x30ed081b;0x30ed081bL;0.500000;1503076125;1503076133
1;4048;8048;0xd393783ccb4fcca4fdec00c2dab3badc07b745e28bfe64446daeb312498f081d;0xba75846a5c255bffbbb25b05dc740f8f2d1ae8beab4ae1165f5c5292ee66e9a2;0x0e45a339;0xe45a339L;0.500000;1503076134;1503076142
1;4048;8048;0x873eb84f248b6644f4e051ba83a5fc4136cd0fae20b19a16d831852a68355bf0;0x9d8478f6d196bbd612ae7456a3ea3c7343010e325a1ff92586c7472c1551025b;0xae65f857;0xae65f857L;0.500000;1503076143;1503076151
1;4048;8048;0xe2f8ef9bfa2cee91716aeea66f86ed6d7160f035ff9419f9584b2aa292d1c874;0xc947aea3c805a4c3fbf1cbf8217658b08782a26545d830085bada907b519f91d;0x715119d5;0x715119d5L;0.500000;1503076153;1503076161
1;4048;8048;0xd8c1569402e48b017bca69275d8804dddf891e14ef73bdf837ececaa1c3c7bf4;0x5adf9b6c3b29865e3ec088d17df2bfa4d82527dd3467f55083c7863084f66c85;0x79b0c064;0x79b0c064L;0.500000;1503076162;1503076170
1;4048;8048;0x05329d5993789bd5c74e782a6a242448ce442faa292671869d827e3344f4344a;0x2d630f7b378b05328f1b009854d9552e07122e4722572dd689d0903a82edf675;0xae366c0a;0xae366c0aL;0.500000;1503076171;1503076179
1;4048;8048;0x693230378dbdaf20e9b3794d43ebe46a2f7dd4b99a71a228e7648f43087a3971;0x1963e3a1bfba416f733aa0c251944c2fd88a693f8b912472ef04984ae876b41f;0x78333b2e;0x78333b2eL;0.500000;1503076180;1503076188
1;4048;8048;0x23abd336c6e8ae35019a0ebc47521da4dd4e06a2ca45059d455c3f132931a84c;0x4962c3064aa37688bdc31a3e2b871069e53cfc0b5b8f9a94a4d026540e59bed5;0xc346da5e;0xc346da5eL;0.500000;1503076189;1503076198
1;4048;8048;0xd4d5fe8d9b59be03b43b2ac4b321a2e220cec1697ee6f2fc423a9ee990025464;0x5125988146249b8cc8aaa708376d5930b4b4651f45ac69732e1c334bf5040616;0xcd5171c3;0xcd5171c3L;0.500000;1503076199;1503076207
1;4048;8048;0x717f9a56b5e34e03394632782c347bb328620e8aae98f43f13eee4418ad25cfc;0x4c330bfd852090c9efa073cc104e853682f2f9f1cb28e21d9c4c39ef9281a27e;0xf4801fae;0xf4801faeL;0.500000;1503076208;1503076216
1;4048;8048;0x5a7ddf8cb25d555a8402670162faa83c49bdacfd820a0b3c44a63760909c61ea;0xfe832ee46e4bf1e76867cf51260502a313cd06cff5e8986947b8837145ede8bd;0xe19ec400;0xe19ec400L;0.500000;1503076217;1503076225
1;4048;8048;0x5ec4476db498b874e691c9a4cf757b84d0186c443dff06f4aa8b1835072e6866;0x2d9ec59e601cd2a0bd70c0bf935430f15058e2f38465f0b902e0b85d38596c24;0x3d1ea5b8;0x3d1ea5b8L;0.500000;1503076227;1503076235
1;4048;8048;0x4fe728af1d6238086400b36b6b51d2c10ea81fba4599b828391f8527d14d8620;0x31cab0b727a5a2d54c62d37d58b5787c50b1d9e84a86d8881b6d2656b19bd1b9;0x04972563;0x4972563L;0.500000;1503076236;1503076244
1;4048;8048;0x04346396e5ae0e0e728cecb53a270fa6303b6f2a435db2b75a21775d2f932a33;0x1d294483606f2d5b0859c7b53c9738fde0c8d29f3fce1cc5eff5acacb3f3357f;0x6e91175c;0x6e91175cL;0.500000;1503076245;1503076253
1;4048;8048;0xb73bd3c6df44f10927ab20408d901f62eb394c5701524b486c2fe1570b143cc2;0x8da73fc5103d517b9609947f99d6c484499a763748600a6b38ed008bc3bd4388;0x55a0b6fd;0x55a0b6fdL;0.500000;1503076254;1503076262
1;4048;8048;0x8cfcac2622d8e136c0ce29e0ec8411fa91e073561dd1229e81b7acb314a6afa0;0xff22c38f962f360bdb24e8de5a3c92376e8297e83f7a2f0a28ada20fdb6d2ecb;0x6a22b3ac;0x6a22b3acL;0.500000;1503076263;1503076270
1;4048;8048;0xdf4892170e7a08f5d7d7206ac19802089496f0ae20ae3a57a4142999c9d6c3a8;0x01b7bb9eba1c7f76fed797f4f99fed292f257e2057f61048411d29860d52312c;0x6d1ed38a;0x6d1ed38aL;0.500000;1503076271;1503076279
1;4048;8048;0xc8a59811c530b8c6e9c233f1125a694778100a58a2a4478eed529cab619a8829;0xb5d2ada333189d0dc97de000eeb1bd1695efd3531f23f109ad6ea4eacf83aa6f;0x22fe7b2d;0x22fe7b2dL;0.500000;1503076280;1503076287
1;4048;8048;0xbdd9930ac38581209476ec735696506bbebb08fa72b5c07053810d667c4b7239;0x92f05bf5b1b342bb5a4f8965d2b9e4b28681de0d712920cda6b7a4e15bea18ed;0x75f13af2;0x75f13af2L;0.500000;1503076288;1503076295
1;4048;8048;0x39b6071300fbc9973e4e1cf169f908afdd6de47ebe1da4f8486f95bf7647d0b0;0x0442e3630c04fca07d1d2c99d8c225b6084c3aaf6beba4c9f8a4975cb9b3437b;0xc50387d5;0xc50387d5L;0.500000;1503076297;1503076304
