1;4048;8048;0xf25c3bf9ccd4454e2b97ad07a49fd4a2db4f1bc1ecbb0195101b088666c78558;0x01f1133f637ecdfe02e0c1c2b1c2c38b221060220e685c6dda83e3275490db93;0xf69ae0ed;0xf69ae0edL;0.500000;1503095671;1503095678
1;4048;8048;0xb586f2f8ed86d333822cdebad5acd62db333efecbc140faee2305740fd0876b3;0x234cc1b374b53a5f62d66318c3e62852257e351fb01d928e42ff0483ca708b2a;0xd003a3d0;0xd003a3d0L;0.500000;1503095679;1503095686
1;4048;8048;0x3abe760b5760045d8353e117c3c27c448175c96bed02d756eea78ce6fb428f35;0x8e1de549618d370b01e06c04f10e051d285394392b93ff92e606a218c6fb8e4f;0x41ebccad;0x41ebccadL;0.500000;1503095687;1503095694
1;4048;8048;0xc6063617f242c00bfe0fcf25bb67d18781e85f0b88ba1d1482cafa0df7f419be;0x5912a3de172eab6d37bba8a8d1cede0f37ea1fece18f67362407f3202ef90c9f;0x4b69c682;0x4b69c682L;0.500000;1503095695;1503095702
1;4048;8048;0x0a7ca1f1971b1f61cd644642fecacf40e53f71cf497143361fbb273e04c36f0e;0x064dbfa2a49c0003a6bcb9f2a1835f781763873cf58c6aefdf8934b93634e85c;0xfc644708;0xfc644708L;0.500000;1503095703;1503095710
1;4048;8048;0x65d12f46911a0039f2a25329b4c851133791ad02d6859e4fdf0f7ee2def28843;0xc91f58a251e6069472dc03c086ee31b41a57e691326bc3d343b3aaabd0798b23;0x24a0e361;0x24a0e361L;0.500000;1503095711;1503095719
1;4048;8048;0x5ba0db423617cfab258077e8262096c6b517d01e44a93c628fb39eea08bf5d63;0xdf22e304e478ca162c7971961d142cbf9ecd3e040783df7f01919aa4494d63f7;0x47e12143;0x47e12143L;0.500000;1503095720;1503095727
1;4048;8048;0xe68a003d145216bedfb314f1944a2af2266607087a55d8ba68bf0d30d1cc19b8;0xe03ebf18250bb2f64b73f1d16ab89ef5db16fceeb6a5e7c8d5b1582fd6e80a9c;0x5de16d3e;0x5de16d3eL;0.500000;1503095728;1503095735
1;4048;8048;0x347fd8d7506d4668df4f090a84619309f8f8324ff21f24e9a587992eea14cd1f;0xbe4f40c198419acdc0b8c15e9827da50afc8c8b7c78f224ff9cecc99e221d347;0x286888da;0x286888daL;0.500000;1503095736;1503095743
1;4048;8048;0x676b9d0f86faee867ffad5e6eee77ae2127e185e5dbf05db7b3885801311e97a;0x621fb111d8edd507e45ec76eed3a05deee011a453878fb9b601c8148dd35a731;0xa765588f;0xa765588fL;0.500000;1503095744;1503095753
1;4048;8048;0xb2701bb186cb155ed91cbe299ed71e477f83a8f4162d839634b9f6f7f059ffa2;0x30a994200a4207a49330b357bf5ae5c2a3a17dbb01bc3f4d1c01acecf2fcc2d7;0xdc6bdbc4;0xdc6bdbc4L;0.500000;1503095754;1503095762
1;4048;8048;0xa17e7c64da4de0708def6ca2d2819ce1db85fe01968ea28986fcc43332af5ad4;0xa716ca4092def85ead3df31d9ed6f8e31b6a3f90dadf23135d72e9b2ec312ea1;0x94874f1f;0x94874f1fL;0.500000;1503095763;1503095772
1;4048;8048;0x1693522a85b69d812308b6d5f3e3e236ee3bb38ba3db0020585554ff3570104c;0x6e798a625cba4a0e521f8c296b6e8f74456e6ebb69a3abd0b0ba465b9b3d9ba1;0x5cc43fde;0x5cc43fdeL;0.500000;1503095773;1503095781
1;4048;8048;0x328845b58a46a4b50433a668cd9a6af10d66466eed3937045ee8790595cf35c8;0x386c3a5a9a7b2bfb94870ef041e47c4be2525ca463c2466a0845fea7a9330a6c;0x8440716f;0x8440716fL;0.500000;1503095783;1503095795
1;4048;8048;0xd0e2e2854d756e71261880b84c8078aa7fd38365f62f91f1bb9f22467a16d84a;0x04b2fca2699393f49a6f24ad7f01ba169d4f24cf3a3b47d27dc6cc087f2fe1a5;0x3a5ad0b8;0x3a5ad0b8L;0.500000;1503095796;1503095804
1;4048;8048;0x8cdd57ac48dfb624aab5748a73f5d49f74c21f93ae607ed69cd16f350ed3a59b;0x202160d011e57ef34e04ab13f1ef874f50639d96ef7d8732633883f68b1dc80a;0x0b66c841;0xb66c841L;0.500000;1503095805;1503095814
1;4048;8048;0x97617f551ed266192df6773055c29153c27b43797db09dd5141afb6c4da4cee4;0xeef0fab310cadcf1ea96328b00da68fd7d30ac5c869c0b26d82a335460cd9b16;0x899f304c;0x899f304cL;0.500000;1503095815;1503095823
1;4048;8048;0x30d739394ea3283259e2f41d10456a71322effa858a91b190cb36ee3e68c0817;0x2f5f16f6a682111e187612ee448a1d44a3659b23d70c5227ccfca63ad7d4bb89;0x422f8c6a;0x422f8c6aL;0.500000;1503095825;1503095833
1;4048;8048;0x7665f112da9a36b9a0d3c80ef77b1177dc87799b14129656ec4dd3bb41944db7;0x9d7e75f6149be7d8b6f487d1ed690813aa6c3ca8cea0deccd9df554550d28a18;0x70b2c09d;0x70b2c09dL;0.500000;1503095834;1503095843
1;4048;8048;0x68ae56952307f9963425a03d6c26a8b2bbd4fd2b89985f246bccb7728c67fef5;0x994ddb6147cf7ff0ccbeeb37b90271cc54ecac223b9d5f0fb875a33785bd52e4;0xfc33cfa2;0xfc33cfa2L;0.500000;1503095844;1503095852
