1;4048;8048;0x3c5c2f79dbad94ab4313a9361ad84c118be66f653779aac133fb3541dbb84e17;0x02d9b6db9bcf3c86df7e841817586667ef773862ca39d825597834eb6120b972;0xba600924;0xba600924L;0.500000;1503096374;1503096381
1;4048;8048;0xc9d73192f21640e77074df08077c15b549a83f7451fc83d867629d8107b770d1;0xcd2a0e1b47efeee6244617f2cab15e3585a547040e68cafd2f21572e52059e86;0xe2d5c442;0xe2d5c442L;0.500000;1503096382;1503096390
1;4048;8048;0xa8463fdc2240c0130ea01383b075639f52e7fc57918d07f1da5a80d909d008b1;0xc1cc61c4093d86f6e52ab2bcc15625b3fa522adab97663d3181449d21762bf56;0x2be6c253;0x2be6c253L;0.500000;1503096391;1503096398
1;4048;8048;0x8af577de82d96a5e23328d5420bcf18da00c3b46336acfbdb11ce6ddd3d2f55d;0x3a9df0990ff9c8029589d9a6fc11ab993abee96fa82dda8fb9f0a475a9989228;0x6408a9c4;0x6408a9c4L;0.500000;1503096399;1503096407
1;4048;8048;0x6e1f3541f8a1285a4a2ca5b85f46cc4e9aabc88bfbe9cca1fa4103b363261ed2;0x69b29a0f6d1f0367481f399605ded1a7493c9432183810189033421791a1df51;0x3d8f2de4;0x3d8f2de4L;0.500000;1503096408;1503096415
1;4048;8048;0x13bcc19b0b918314b26af29cdfa2b30728c8dc4b81c861c52540acb03958454c;0xb84c79e8da646039c96e11b0eed06687c7c3becb11cb7fc935960122dcf7153a;0x6911182a;0x6911182aL;0.500000;1503096416;1503096424
1;4048;8048;0xe22aadde1f352b59f932f29203d0e55fb5044f43dfed2bfa42de5f4f4f996531;0x0c977d9d452cc0a99279949207a71ed34dfbc7a86117974a9031afb7fa1e31ee;0xb79994e5;0xb79994e5L;0.500000;1503096425;1503096432
1;4048;8048;0xceb4078956677e5d8e0ae8668f165105157372e72dfcffb38b11568ac434e292;0x200bc477f6a84d0119f654c6348a210411f809fdd18b98bed4eeb56229166931;0x79107735;0x79107735L;0.500000;1503096433;1503096441
1;4048;8048;0x8747dd09cfd5f45312ee398b43ff5ac536b5ca767e4e4258e57ca79a12b24f99;0xbf99226f4181283aafecf1131a85a603fbada35cc0838844cc60ddd3e434e6c6;0xba216069;0xba216069L;0.500000;1503096442;1503096449
1;4048;8048;0xe0335e52936ebd625d59bc9c00f5d4a77ebad0de27a609877f30ca6c84679464;0x178865f054d0fee2d96dd067816fc89d686de22d623c0603b83075ecf8292344;0xf1ed171d;0xf1ed171dL;0.500000;1503096450;1503096458
1;4048;8048;0xf06d0f55cb425e3ec7113cdd978ccbd45401f78769906f2833a3f568232c9113;0xbe6b42c2b3603301100b0e14f71b1a913f87bf8ddf8f7287d7081c268054552c;0xa8f3e001;0xa8f3e001L;0.500000;1503096459;1503096466
1;4048;8048;0x8f66681511bea2ffd182497ff91400602efb9215ce2be2189530ed282cd909bc;0xa88d8e538840afc6c97d4001916ccd9daf0cab30a121a811a29ad82f7d11fe33;0x842b7158;0x842b7158L;0.500000;1503096467;1503096474
1;4048;8048;0x49f947f0e8bb80b8fff3dcdb12cac47b8f805a27d05d0b74cb111dad501bf599;0x6c40c473c4e2fc0d77dd2b996225747cd4471b3a33213066d8ed5a50c1ce11d9;0xcc879bb8;0xcc879bb8L;0.500000;1503096475;1503096483
1;4048;8048;0xe0d9bb2dbeb64f5d01ee0e332ec4f0fdd571ec8ca5d900b9e9c764c1102ed4f0;0x7be08e54137b52303c9875bde4b7452055b756266ea5d5325e72b57fead0715a;0x02780f05;0x2780f05L;0.500000;1503096484;1503096491
1;4048;8048;0x76f2c427588952bc69621cc834203af90f38d985bf2637ef34e718d84f4333c5;0xa0087321b18a0595b256d964d6375a1fbe3626dcf0830eac0502e84c81bab348;0x27c4216c;0x27c4216cL;0.500000;1503096492;1503096499
1;4048;8048;0x500b844d514e2f1d19862d90ac1a2417137b7ad20f8dcb14ac4cbe25983424e8;0xf634f41df3e23c7591ee712ded5d73687aa57dea9551f2b04c01411833f49c31;0xd09b70de;0xd09b70deL;0.500000;1503096500;1503096506
1;4048;8048;0xed428dab932a8f2d6e8c28d55377931fcaddea6728415d56a0bdfc9654d17c41;0x73994c8c16956580a4f6e99e0c6ef5eedfa2e37ca1ee5132a4acf79d9ee7c00a;0xd0b50711;0xd0b50711L;0.500000;1503096507;1503096514
1;4048;8048;0xdb0aa3a4d80c2e0b0c638be2f39540abaef706d07a18d138c6547625e1f4f7bc;0x76e7d86d20d81df73c016c2252ec7a5ce3daafd66cb12343033a84b298404c3c;0x877f99d1;0x877f99d1L;0.500000;1503096515;1503096522
1;4048;8048;0xa21b58beaefa02a02ebc448c2cb2f8fc01e1dea5d214a28d689132ea611d8703;0xf8fea81ac510927c1db30373963f555b3b6f471f1d2efaf11078f70b0807791e;0x8c79fa30;0x8c79fa30L;0.500000;1503096523;1503096529
1;4048;8048;0xc2bc739e0b44dc9861085cad78cfa7c2ccc61682fa41289ca6bdddb3e1ae84a4;0x6428d688da58f9840457e6a080c92fe927b8f73b8af4793d020dd23b6182cab0;0x7e43f4d2;0x7e43f4d2L;0.500000;1503096530;1503096537
