1;4048;8048;0xfaadd952cbf502389356ea6d942ddcb272bd4f53eaa050b3626ddce5c2becdbc;0x7dabf7f5f5d1ef34229491c2b9d4c0ba8e6eb6c55ea85e4b3a70fb2fdc447357;0x56da1824;0x56da1824L;0.500000;1503126666;1503126673
1;4048;8048;0xbbd20420df4f6abe15aa8d4dbe7e5b3ff6da467d5351d57311fe054d68d14f24;0xedd7518a7263eb5f6c6ab0b5640b1c5c7b0c7151627e94cafba455c29934fe2a;0xa8673b7a;0xa8673b7aL;0.500000;1503126674;1503126682
1;4048;8048;0xf92c8660b06b8bfe1b6030b5cc6b234790ac1d9b090021083e7e9d01fa7ec0f3;0x04af25227f96ff042f57813cec145667347add140d9fc842d480b6a1a5966773;0x7bf56fe1;0x7bf56fe1L;0.500000;1503126683;1503126690
1;4048;8048;0x9cbba9f4c000cbfe210bcbaa6283dc773fac8aa9d756bc4210472beab3b2064f;0x327a7f2fab45e531d8292475723b45cc550860f900e5f537ecf1d99b5f0fc405;0xc8dae8f5;0xc8dae8f5L;0.500000;1503126691;1503126699
1;4048;8048;0x989248daa2c376109e5a945d5abf0c61e7d47a23edefbf9f4157efd85b10a0f3;0xd3a5a327b46b2ed7c5f484e0e28c0c2616486b6f62287d08f7e073b64a0bcc8c;0x65ccd4e7;0x65ccd4e7L;0.500000;1503126700;1503126707
1;4048;8048;0x56667a7f858c58d77db93997a5136de0e5c0af4b780710c818930ddb02431f58;0x9d8b2408306e89ccc24de23cbeb4c49d49a5c7fb228222372032780bbacea8c3;0xde977091;0xde977091L;0.500000;1503126708;1503126716
1;4048;8048;0x6e41fe59ab6ec09ecf0a0b35987dee1d9edb0b14edc917289082f92489202cf7;0x758a3987bbc4d1065352547e0b00604a15878d8c58f54a7a0d5298a5a995567f;0x4707070d;0x4707070dL;0.500000;1503126717;1503126724
1;4048;8048;0x73ba0a85e0184b418e62a159a1bbbea7ca701ae604a7d0d91f17a90394524e07;0x3f63b1787813833b80d365c964a686385b4a481dfd143ce7703fed98942680f6;0x23c8acd7;0x23c8acd7L;0.500000;1503126725;1503126732
1;4048;8048;0xb8a4caa1e3b69d5a32f1d7e2c9011327af91defcfe83345374f3d7c382d1913a;0x4b787c30095aebed0a1efec761c6ee587b4fefe925ce5866636568de6427945b;0xc755af68;0xc755af68L;0.500000;1503126733;1503126740
1;4048;8048;0xfe8c78fc5faa8f4363b00663fb4da4f83f23322f75bb7eb1cf204ea6442bdc42;0xd434615dd3dfe36cb986cbdc9db3a6d456224d6eb592abc5ce90a1744266204a;0x2737f38d;0x2737f38dL;0.500000;1503126741;1503126749
1;4048;8048;0x002b5d7bcd0972e12a39645cb44c5abfc4ba63f717f41e2c49500bd2fbf5c1fb;0x1a0f76aced4eff629a00a5fe533a198a31d04b0bedf6d790c289975a25a83eff;0xf19144a4;0xf19144a4L;0.500000;1503126750;1503126757
1;4048;8048;0xcb6f893f5cbb78cb45e81beb7dc0d8dc13fce68b01b0075526bd50c73464eaff;0x4c24e5d1a60b4c52f473929c8c58adf3fb87a51fc4e1899acd2134ccf6ff34f1;0x1deed800;0x1deed800L;0.500000;1503126758;1503126765
1;4048;8048;0x14ef443a045c2716221a9c80f430d3ce5094707070db96761168216c2892313c;0x58d5b48e2ca65230df4812d088c65a5b888e8e7200c2dcaf3995875fef1281ee;0xa6645161;0xa6645161L;0.500000;1503126766;1503126774
1;4048;8048;0x005ab2a0d16d9c05fe33745acbee2e63a7aa275b3c6f1d2a07f2a8742c3a382c;0x0b60bba9a058010e8109779fb9b66e4b67fe2eeffc071759f75b92fd08a0961e;0xde96ccdc;0xde96ccdcL;0.500000;1503126775;1503126782
1;4048;8048;0xa8c69b2b800c68a7fba4a5cca0fd7003584e208092f099f9c141926dacfcc154;0xc546d70f71e67c0f0b1e4497ed6c22c51c4c0a9627a2bfc0fb8ef87647c15153;0x9e866e70;0x9e866e70L;0.500000;1503126783;1503126790
1;4048;8048;0xf2463554ae40ffc5522eeda6d02abdb7ea027c178da730855395a96406fbbbf8;0xaa8f0974dd07c327d2310ecc14ca77fcbe79cb3c4800a0ae9e4f4051152f0580;0x094b6bcf;0x94b6bcfL;0.500000;1503126791;1503126799
1;4048;8048;0x0aa4c4a91cb5d6c9abbbedc618a3773388489976e6f67f0c66528a2543daca4e;0xc602f68de8ec1547147e9e63d4edd182a2d34cd8620ea2918363e7f008e8029d;0xfece50f0;0xfece50f0L;0.500000;1503126800;1503126807
1;4048;8048;0x224d97e662b2fefc18d51af6c0a52da3ef36dbf159e45cf565a8128b05185d28;0xbb15d382ce6a9991114d6ee49ddf231f017289cfb8b80915d37a93fd148f9a98;0xe5f2e95b;0xe5f2e95bL;0.500000;1503126808;1503126815
1;4048;8048;0x55e5bfccc6048124e54789f08837e03652e638ac72bfbe8a42777fa8a54acffb;0xba844e147c09517045649a524e243f3e6dd91179146afe75cfd5ff5926b8b4c6;0x15a246a0;0x15a246a0L;0.500000;1503126816;1503126823
1;4048;8048;0x6e1bc3679566815d7e5c156eca48fda1fab4c0dfcdb74cd4f3fa93bd690d96d7;0x5a89f97ffc603f2168d6401279a85e91630da5fcd37f71e4fe2bdcd23e0ac6a6;0x28971936;0x28971936L;0.500000;1503126824;1503126832
