1;1024;8048;0x655985f1573b94a8f7a09bb00a638c6ad037d5629e38e31552dc60236694b2cb;0xda5cf1bb14a2a580b8212851388ffce848e283f0c5086306a832a9dafb60c684;0xec668fa1;0xc5086306L;0.500000;1503197056;1503197059
1;1024;8048;0xf3b1d201df130bff67b31cc491932ee09a4687bdcff930e06ff9c9659c19108f;0x3ed4025bf3445718fc161a929832ee0411c57e1c4a5d17d28e86fe63959b6436;0xb7e74da0;0x4a5d17d2L;0.500000;1503197059;1503197062
0;1024;8048;0x72c736d722adc1772f34770a8c722bd01148286001a4c775fb5b936a33ebeca5;0xde1a990d22df78aa2877cf827c7d5fa914d7ac147b29f98bfbc50979fc602d1c;0xf2f3d46c;0xffffffffL;0.500000;1503197062;1503197064
1;1024;8048;0x6b149e116adfa490fce3de42f4037ea8971d2f10be79193c0e6b754cdd50a349;0x9894606c562c05b52319a0a46178ea8dcf60d4e69a3a0f60b940e6efbd6ffc81;0x71a86eb0;0x9a3a0f60L;0.500000;1503197065;1503197067
1;1024;8048;0x44335fa6689b4cd842b29904b0ab61d59a56e90adf791e669d08d33e2e629772;0x1da136819ae46166db79152ceaeadaad73532cf3f4fe4f4ec205fffde011ade9;0x0d281c3e;0xf4fe4f4eL;0.500000;1503197067;1503197070
1;1024;8048;0xe59c986e425a480cd7603eb3bc46f5d25b916f986393a4321b1da62e693b304e;0xea1689963bd3341bc954a9e4694583b15ddab86999b5db79794740ee94657952;0x558666f1;0x99b5db79L;0.500000;1503197070;1503197072
1;1024;8048;0xb9045598df3680622e4463f6f595a95d1065fe891f2ef78f9a6bed5845ebe6fe;0xdf3cfdbc67d74199e404263f1df724f689a777066a47f79a7d22987f2691e9b6;0x0e70433f;0x6a47f79aL;0.500000;1503197073;1503197075
1;1024;8048;0xee83289c5e3375a4c5ba2730d5a3308d82ac3a1a6184a09766f22bf714468402;0x648dcfef0b66983f23b1e28676effcbd9808947df0b1262ce6cec0c182a98260;0x39931433;0xf0b1262cL;0.500000;1503197075;1503197078
1;1024;8048;0x0bdf12b186c0a0a0e449bd7510f724a1f9b9b999d3fce0d52533bd999548fba0;0x5f6a37a37a43927cbad634fc04277b7fa61d41ad40c1ee63ac0baa8a48cf3fba;0x20e9b9f2;0x40c1ee63L;0.500000;1503197078;1503197080
1;1024;8048;0x192e20ec40e3e43e758f786c24b9519245a3eabefe5294bb59c7e1fa94e64fad;0xc37054ebdfd51c38241d497ca0daf31792ac177d926aeecd9d0c958b30060b7b;0x61ac1cf8;0x926aeecdL;0.500000;1503197081;1503197083
1;1024;8048;0x4deac01cb4f88f824205a72abcd73d7e6be7feeae628e086f8fdc8bacf45311c;0x03b2106087c85144d02dea5785356694ecbc6271ed29776fa0a811bb5187b8cb;0x57f8bb41;0xed29776fL;0.500000;1503197083;1503197086
1;1024;8048;0x8638475812d522337116c3f82d4b9749284a6be44c0b80eb5982866d50f25ed6;0xaa562f7130bf8ce65d38e13687408a25ed5294dbcc1c1ce022ed859fbd1e4d4b;0x2be8209e;0xcc1c1ce0L;0.500000;1503197086;1503197089
1;1024;8048;0xb4068bacbe0391458adc0b38ccd5d7d7f67391f5208dc47e0082b20cf8c16eac;0x3406ea7f210d4e4051d59bb93952e7d612887326a297f5f6aabb99627536589d;0x1b266566;0xa297f5f6L;0.500000;1503197089;1503197091
0;1024;8048;0x423c5c86c69cc3ed2fc1ccce0b2e6c651537525c1f3d021fec790227597e779b;0xccf5570178586454c4215b4056f4af7db30fb6be9769310efc251172264cbafa;0xf2c11c55;0xffffff24L;0.500000;1503197092;1503197094
1;1024;8048;0x917047260d8d9320f8b60504b41453512ff44a9a000d186bd8330a48bade274b;0x41420163694cd9e1a4bf4a8935a705c4c64c821147a2a55b5c88afeeeb19470d;0xaf85181f;0x47a2a55bL;0.500000;1503197094;1503197097
1;1024;8048;0xc62d3ddbe2e9a44244290588126a5a1c7b5677ae9ac3f073a1e50d8e9cc8d363;0xac204c9998dd2b88388cb7ca1244c0bb8d23ffa73d5d2c348e390f3eee1aee13;0x3af9422e;0x3d5d2c34L;0.500000;1503197097;1503197099
1;1024;8048;0x104bafce5f5f87b9add3fac0e05f0e987da3c703873e8236391304f8f038f301;0xf0f474f337480bab59b8e7b1fe7110b8c69faaa8e3c1154e7f7c755751893a5c;0x49ccb88f;0xe3c1154eL;0.500000;1503197100;1503197102
1;1024;8048;0x1838ca0ef24f02da8afbf50e0d02d9b1db82b1d81c05e684e3c564c3b90973d1;0x76acd92942eb86b97866e2017f111686ed5d2bcd79c50871ada367a089f1bc47;0x1700723c;0x79c50871L;0.500000;1503197102;1503197105
1;1024;8048;0x55625321a4aed968e8e33cca9a6c83caf76aa25b4d6239d06a8db1c86b574ac0;0xf5cde27e6351dfa65638bd60d5c396ca1e2029c8c553969719334685271f75d3;0x782c8c9d;0xc5539697L;0.500000;1503197105;1503197107
1;1024;8048;0x857b5a3f72b94a54e079f077695c01d8c2e34fe4da7bf8410d6e2945ffc7ae84;0x3f015f79d5d56e4a636116f96f71caeecbd482f06a363cf36c215d6c80759a40;0xa8ac78d2;0x6a363cf3L;0.500000;1503197108;1503197110
