1;1024;8048;0x4942a08fa93ca145858b714948542e78e0ef580e026baf979332363921be146a;0x0119b80b1021a6a8dc11af4725bb3f1ec43bfebb3de8ff9d774798e88cb860e9;0x2c46c4c1;0x3de8ff9dL;0.500000;1503130821;1503130823
1;1024;8048;0x8fe37e3bd4f1281f8e20cadb1a42a15952670ac9cdfbea12042d07919705c426;0xc51a70fe1019a5b9f82652f997dc0abf5326bb45ac72c48ce1438fdc35dd42c0;0x07865387;0xac72c48cL;0.500000;1503130824;1503130826
1;1024;8048;0x1a0bad2ae81b5c80578bb1836a3365b9d095212431619983567cad2b7aa1b895;0x16d7884d2a835003a37ac2eedf4f0e290ccd2f07e93578814cbc113658c5958e;0x7dca2bf6;0xe9357881L;0.500000;1503130826;1503130829
1;1024;8048;0xd91cf1ae0ec805e1b2fbc26edbccf8528df266967e9a579413bed4f6bb19ba94;0x0bff9679d77b9842e2bfdb77e169d4f50de64e352470451c2b88229fd40142f2;0x1ea5169f;0x2470451cL;0.500000;1503130829;1503130832
1;1024;8048;0xec8c4a448f1b119ec7f43ea820761e3c50bbc516c4a7b46596ef73295298b93e;0x2027614871dd72b05337bfd5ad26dced22adfc0a270cf76aea05b3dd3f260268;0x6aee113d;0x270cf76aL;0.500000;1503130832;1503130834
1;1024;8048;0xe6481653c6b189698633378a63f8cbcebee3f8947d71627bbc03769b32534918;0xbd07a317709c984c39a549da25f0f4b51a2b6ae69dfb6057616a12b7d8311c62;0x6545581c;0x9dfb6057L;0.500000;1503130835;1503130837
1;1024;8048;0xb9e4447ff5128043125c1ab8a7ca44a6c5272f1104ba384301d8e105832b8f3d;0xa0c0aa7341d85c746ef33372e047942c6a843d1d3296b9b1a618a60184ae33d5;0x01eeed44;0x3296b9b1L;0.500000;1503130838;1503130841
1;1024;8048;0x4722f3be26f03243e08ff3f85588a11738414d038643a7a4852e7ce97f2d50c6;0xf785d1ac1d883af4cd8c48fb5a81736a3a94dfb0e9b65d19518b8fd0a634b135;0xcee11815;0xe9b65d19L;0.500000;1503130841;1503130843
1;1024;8048;0x7f882313deb63d8b1e31a9cc8f2c5fc0197c1c40c8684ca188a9065d30b511af;0x2614463f7b4051753d03facdfceb0ea435547b6c0b5705359e91a0e03d615936;0x832f57ea;0xb570535L;0.500000;1503130844;1503130846
1;1024;8048;0x6a3b47b97cbb87ed94c743e69528d3774ea85baf47374bdd435b496a8f276dfa;0x6fbf14a769d6c17cca4c75a99d86a2465ad3c303e5392ef7f0464bb80e22d819;0x35a3a745;0xe5392ef7L;0.500000;1503130846;1503130849
1;1024;8048;0x34e075c1255b4f625917779d6fbdd9ce774f245cafaa1aaad83b2ed41a92244f;0x96aaecab9364fd61cf7e7f58df860aa6d98f9a96337ad105bef44d482ed09714;0x7745e0ed;0x337ad105L;0.500000;1503130849;1503130852
1;1024;8048;0x0e2f386bc2a1f85d01e35680e44b838ccd4151b5a95845f2e8a2faf4cf944cde;0xf4e2ac1bb51d4122a5b71744f809fad244b9d59cf63baf7a2d7145e0be3c8850;0x0cb0fbae;0xf63baf7aL;0.500000;1503130852;1503130855
1;1024;8048;0x6dafd084cc40c657aafddc467fcae7d219cc77ec73428af8f84cb64929d7b196;0x745d9bb49a341970da3da91d8edd9dbaf357b9f531f25ad8ea9ca2041535d2e7;0xd449ec38;0x31f25ad8L;0.500000;1503130855;1503130857
1;1024;8048;0xbca823a4aea4576d47374925d31825e615689422d2bda3a199d8982b086b18c4;0xcf32f6ca9432acf5c2493457943adeab5de1b2b9d608758e70f6cd21e4f4dfe3;0xde1af355;0xd608758eL;0.500000;1503130858;1503130860
1;1024;8048;0xc67a98471e88209c33b1a4f1227a5aeeedafb1217a38babab8600d46bb137481;0xf99b06e05f4be6d1bbc69b2195491fb6d76cd173962466ff2f4010eaf02db4ed;0x482c0cb4;0x962466ffL;0.500000;1503130861;1503130863
1;1024;8048;0xf0b7940918ccab8942a1d6569bad1eb7108bd465d95c8581e773a8e801d512f1;0xda4d4806ddf9e86f5bb7820a5ebaf2fb53965a764f9d0a0661f7792f0773201c;0x0a9b8b4e;0x4f9d0a06L;0.500000;1503130863;1503130866
1;1024;8048;0xe5c609fc40a2bddd96cd6dd1ed83fa315c93b410ae5e60b43f7a18f10b4064f0;0x57eb2e1a19b40aa11e11ad12521d2b24361c975129144b44c981824863ddf36c;0x30b23fa0;0x29144b44L;0.500000;1503130866;1503130868
0;1024;8048;0xf8070712e08628eaa2246368be769093f9521c9681ccb019939d55bb59e63251;0xd9507f275db3b8571cb6c25c4302c67980f69313cb71bd12874ef0f786681c06;0xa7a58af2;0xaa4a8201L;0.500000;1503130869;1503130871
1;1024;8048;0xdcb03b715c07c95155c41adf38455d2c6aae89427efac7b670968867e551f1c2;0xcae7aa22d4626a7ee3e3f536b51ad658ff82c018590323ddde60f8fdcfc3388a;0x0d319846;0x590323ddL;0.500000;1503130871;1503130874
1;1024;8048;0x458b419445b43014e8db4bc5c1f388f804e30b45aa33010ff7e18e9ab0c239f5;0x800f1280d0df1869e715d7826534c254ea1737e903ea249e14baca1f870aff69;0x314f066b;0x3ea249eL;0.500000;1503130874;1503130877
