0;1024;8048;0xd8ecc73b4c8d61a6e4ac38f7837004a34a7c3d584627ae92be84aa7d80852359;0x3d2332df8dff246921367b41c60a2bd8b5ecd4ae79eb1d24092579d6f93658da;0x4f151f78;0x44a8a05dL;0.500000;1503088125;1503088127
0;1024;8048;0x42638152606f3a2161ddc74105e4bcc182a4d625fd416e80cf5bcff2eac4582c;0xe53e1598be00c64eb5d11b24aad1d9968ae43b0096004f50ff21780e37586169;0x810b283d;0x80244f50L;0.500000;1503088128;1503088131
1;1024;8048;0x506d501e584503eab14b7478496b8b5b286d68d6c2969b7bbc068658c2fbda12;0x77a0b3e850b9ac2f3468a2c267ad25b97abfa37af2078d6a0ce683d22bc7aaf3;0xbe0d70b9;0xf2078d6aL;0.500000;1503088132;1503088135
1;1024;8048;0x46b7b22c8f856215965b61b0b6b559ed0b6b9f391c7d332cee702b3bb17007f7;0xec009fa8c0cd216fdd1dd5e8bccda2347682e42606e3dc558ad321b4091b44e2;0x36e00305;0x6e3dc55L;0.500000;1503088135;1503088138
1;1024;8048;0xdec28bc354a8ec9a720feb4fd254cbb897b82739331f72aa82238b6d7ff2825e;0x0ef9a1b2df56672b9a7cfb2a6778694b2a6c1fbddc9e96995233a6037a7ac225;0x4a27cbc0;0xdc9e9699L;0.500000;1503088138;1503088141
0;1024;8048;0xd78d6af539954385ec8a9eded48b68f8c507cf8e3ff77c0e00bfee7ce196a8b8;0x20124f91725533da3a5468f986adb506bb83d128d876ba04c246ed390d563571;0x6e390c7d;0x86a1349L;0.500000;1503088141;1503088144
1;1024;8048;0x449f5d9dd7cd900eb1be5b69051a8c9d3b8d1b1d57948fef8e6414969de708e1;0x8775e68048007f27eb5039062dca9dc498101a40374fb5e4a534e8cdb61ca64e;0x704a28d9;0x374fb5e4L;0.500000;1503088145;1503088148
0;1024;8048;0x958294bede970a83434ab7c71c82ed283a9146f93ecf3228ba147e6e5b22b9f1;0x11bca276392be14e2dd02e20b9c3688f8be749a6c2002bd8e611e243e489eb06;0x6a7ef8e9;0x28942bd8L;0.500000;1503088148;1503088151
1;1024;8048;0xb9bcac4cc9abdfdfa0d5850219ac516f7ff9b48784f19ab2006d68b9db569b94;0xca86579cb5326875e2ae75802d6479049b5b2a5d3a9b7de7118208049d0c6dc8;0x8a7ceea6;0x3a9b7de7L;0.500000;1503088151;1503088155
0;1024;8048;0x470952f9e022095b8d23bfc5bd27638826dd209d596b6f2b53a34e50e8f04d2f;0x9c60a1140f655c48f6cdb7c6ca8e1d4cf400cd1a88d726007ffda1d6faf69448;0x9265f6fb;0x81101129L;0.500000;1503088155;1503088158
1;1024;8048;0x36b809aa38bee4f6e4235dbc34b63bed3d48d0eb67e3f77c5babdc6b0d7d0b43;0x60eccc014d1849d1953b2c401441b5cc2e91d5cf9e612992393b683998e0b228;0xc84b7e6c;0x9e612992L;0.500000;1503088158;1503088161
1;1024;8048;0xcaf65532a6ccada065a0b9eb1672ade33702319bd6b080dad8cf5f48ab6f7075;0x899cd756d5c737d0504e366670a358f288bf9a118631ce6f7f7ae523615e6ba3;0xf7396bbd;0x8631ce6fL;0.500000;1503088162;1503088164
1;1024;8048;0x99a7ac44755a29b58c4a35d1827cce20192864d67971ea533e4635adced6ae67;0xe52fe52126a371d0d30e3ecc958b5ee502bce5baf6b235b1c2635ba7fbf34ac1;0x02a93319;0xf6b235b1L;0.500000;1503088165;1503088168
1;1024;8048;0x6c76fc0be02da2bdf1abc057fbe3712cc4eef72f725cea0176ba960fdf56df4b;0x144e49ed1ae8bd10730d91b625abd24202590db2232db2ae6d1ac7394146e567;0x45accdc0;0x232db2aeL;0.500000;1503088168;1503088171
1;1024;8048;0x60cda1ebcf8671ee75fa87c4ded626585b2c1685702f98afe9d151ff12f01072;0xa4eba7676fbdbb48b6a76e597fdf549a3820e4dd1d4e36fb070f537ab32a6c1d;0x13f9bcc3;0x1d4e36fbL;0.500000;1503088171;1503088174
0;1024;8048;0x5c8e43d575189cd186654bb945a5a73399f0d325c72ff8239c50535cca0c2927;0xa06206cebd6355612b9524969ac17969c04371a9fc6e0a005703f0a38ab89005;0x580710e7;0x25284081L;0.500000;1503088174;1503088177
1;1024;8048;0x5e67f09b1c539aabccb14227e58ce93e594ff4f16194dcbd6f8f0d87acfd9f0a;0xbfa91e67653bf50ce7bce82d3ba6b4bb015b379bfbd82bf5194d8c1bb7317a6a;0x4616dfcb;0xfbd82bf5L;0.500000;1503088178;1503088181
1;1024;8048;0x0d7f37d99916b27a0e6b1da5a5eccfc8ee8665159c91b8ed18331b2c4db2415a;0xc66d4b23a81d625c3a291406b6f7e3ba890dfa276f83c41e260ad1e0ca319628;0x97e78d19;0x6f83c41eL;0.500000;1503088181;1503088184
0;1024;8048;0x4e80f774503c80296ca4317f4e8ca818295c37ade3b733359476d33d06ccbb54;0xb3d58f35b58852ad112716b98b84f57b8c296432a72f5286eb9295a0b525e0a3;0x383f1bb7;0xffffffffL;0.500000;1503088184;1503088187
1;1024;8048;0xd7517c3bc93fba4aa2d6d0dcbd91241dec13d166a68f88ed4a46b31ff0a522c8;0x1f0a2e8ea131a35911e0df5d8a09879994594335c033f46f53df50a5c430738f;0x669468ba;0xc033f46fL;0.500000;1503088188;1503088190
