1;1024;8048;0xb3aa4bd50a89adc2391179de69f2d45f59482e94c369edce7814b6fe9309ac47;0x654fd36d56e43f4fe5c331253e1990b82e4d7fd3666290d26369319516f5cd0c;0x51432341;0x666290d2L;0.500000;1503093987;1503093990
1;1024;8048;0x15f7aa4edeb5029735305ee38762874179cac845e87bff67e9cebba6c339c9d8;0xadc8456a3e13be549cadf6cde9598bb80f612f1d516fa35efe6c21ddca04ba22;0x2507f3b4;0x516fa35eL;0.500000;1503093990;1503093992
1;1024;8048;0xb34e294a555c49ef06684d25a57d4f2768e3246d578fd5782c12d36ecde8b581;0x78eb4a865a5feb3ff145afb75cb1eeb3d2ae4094846166cb892888f9d9247cf0;0xbbc01c14;0x846166cbL;0.500000;1503093993;1503093995
1;1024;8048;0xdc19b3e24fc9b86f2da1fac66eafb34c71f15297898b8798b360715fe9681fc5;0x2f856d0e7f4b56bb9fb7d907e3d04ea80a38fc2099603297b65045aa1ef1457b;0x36335b87;0x99603297L;0.500000;1503093996;1503093998
1;1024;8048;0xdec833b627c0edabc40762f909a27a221c19af4e66c7fdaa70fea0d25b8d3739;0x9f83edf6b84e0ecc102daf3db91d7461d79bd57c81c3692fd8e377fbe5f5b46b;0x439169f6;0x81c3692fL;0.500000;1503093998;1503094001
1;1024;8048;0xeeb93e0429776900088791138887bc14386ca878283869371351350ba3bfb991;0x77576b43c6f01b7c37faaec0348bc301c78994de6b211aa07cf03c6c8f6e464e;0x71766688;0x6b211aa0L;0.500000;1503094001;1503094004
1;1024;8048;0x8b075c1c1005e27cd2c3e208e7048ec350f6b8f3a0b9058884b6050951af62dd;0xc4280f51167aa0b1e83cca9ea1171104091fc6b5c19e6ac9d0116e3c04f4e3bf;0xa6038446;0xc19e6ac9L;0.500000;1503094004;1503094006
1;1024;8048;0xc11d56ee694d6d4a32fb72bcc74430096ef8d055bd472199a5b324e047ac4009;0x13f56849002a4fd5e54bf2f94492265070e903cbd5a9d3b3389e60a28014be55;0x3b8aae27;0xd5a9d3b3L;0.500000;1503094007;1503094009
1;1024;8048;0xcba3e46d04249b079683e4db46454fb4c7bad7ede46bfd7df39176cbb2944d7d;0xa092e50baedb4206a1bdb7de65129da53064e38034ab7b784d7ace0e3be112bb;0x3e5c106b;0x34ab7b78L;0.500000;1503094009;1503094012
1;1024;8048;0xfa140f6cf96f7d7355faa07e8b3c951d2c902b9c3e4e1ec86c90fe779cd5aa96;0x06ac5a8d14301d65baa31ffe2355d91b0513f653a28079349deab46b39c4635d;0x24c6c752;0xa2807934L;0.500000;1503094012;1503094015
1;1024;8048;0x7be272ab151f8e2adc022bfd0b32db96ad3659b5e3dcc4a23543a69b23dac89e;0x40ffe2d049aae19236f7c33e98f5c1f00d4902446d1ac59a51ed8741f0e8a63e;0x8d550a06;0x6d1ac59aL;0.500000;1503094015;1503094018
1;1024;8048;0x863cabf93cbe2775290400d197417aad6ea6bfee64970262785fcfcf5be5ebe2;0x1476adf9b4549cc6421df4f1b52fcce36339b6089efb65f662ca073eda6f2e4a;0x9c5008f7;0x9efb65f6L;0.500000;1503094018;1503094020
0;1024;8048;0xe74873a2830d3d86108ea3847d3e8007602e40514e396431d88af7ebe8f27fcf;0x4d7a5f21494556099e7f154df961f9f2e6380eb9746b42806dcc0d677ecce210;0x5be69136;0xa94a0a4aL;0.500000;1503094021;1503094023
1;1024;8048;0x1868d5b43cef57452d72902ed64e6f9e9c13e024c90a96e3773657e2e44beffc;0x4ed944664fb5c70402b4445393e3be11c19ca9ba0d7395360d6d347805642764;0x676a88c1;0xd739536L;0.500000;1503094023;1503094026
1;1024;8048;0x019f691aa1b10b2fc65a003d94528f8269eac8197bcc743bd5c41a69c940b3ca;0xe7ad27a36f99f326e8dfdeff7ea692a13629fe6db5e6505686edd7891c0ad924;0x80faaedd;0xb5e65056L;0.500000;1503094026;1503094029
1;1024;8048;0x05075f56a24fb8e7d626d4cb51e6972c1041996428cdfd8b86a5553dd27e01d7;0xb1815aa77773052d5c7b474a65db6d1ec08b06c0ea85a86936e12cf517e0a4f6;0xefe55a1e;0xea85a869L;0.500000;1503094029;1503094031
1;1024;8048;0xc5daa9372623d28197ccce3997519ab71744108c2959c9c7e844dfd233544ff8;0x549fd20331fed56808e6a3728d96c1663c90f5064aa41820945cbc40c5fdeddc;0x81a38888;0x4aa41820L;0.500000;1503094032;1503094034
1;1024;8048;0x652f2dfab92a07feced4181eb48358d5d7fe56aca7f792c9c10f518fb741d71c;0xad0603b7d33dd53cac2e362c6c1ac3a6115983b0f42f1e13f666b406af52c53b;0x0292c01f;0xf42f1e13L;0.500000;1503094035;1503094037
0;1024;8048;0x7a834780d1339ce0e996bce7985f584e83d444f5d825869e07a11d82262973a0;0x4187f6e5b11558d3c9b21909d9d5bc750c9032d30884e084b27a31357ce683d8;0xd8a5905f;0xffffffffL;0.500000;1503094037;1503094040
1;1024;8048;0x9b1f4a4d862c85a1d1fdecaa3d9b896e4275c70d9914c22c187a03d339e09fd4;0x518d794aa9b728f459ffb13c2940a2e570997ca8cdf728fa1f1856705a194892;0x64a6c607;0xcdf728faL;0.500000;1503094040;1503094042
