1;1024;8048;0x349dc6cfe05f29e052d9765da54f72d0497846fa6e3191ded102074944c8e479;0x5bc44e39f478f6748833d8a7c6a26dc5a8180669f22839a322997b15f6cab3ed;0x4374b487;0xf22839a3L;0.500000;1503091092;1503091095
1;1024;8048;0x18aeaf2a1f0d58cfa40aedea3b7137bcbfcce6e2f75f599ba65874d5992a93b1;0x5698d54b525fbc0390d22e986bab563a6f885ecff04a25c2193dd42af24b5745;0xc58fc386;0xf04a25c2L;0.500000;1503091096;1503091099
1;1024;8048;0x0a48531f058be5fb53484a9872e771f1246d8ed71692675d3a4e80a4ff84d209;0xef18c3495a7f60d05f9bca609248910d6e8b99c6b16e482eddb40fa6d345a8cb;0x2bc902ac;0xb16e482eL;0.500000;1503091099;1503091102
1;1024;8048;0x533f32340b976506011be83d90cc9b22a6bce6df2e8b86a9ca98012ece33aa21;0xf0a1485f4773bc375b854c21eaadf47ffaee8ae61409b0dd5d6b0af9d382a44f;0xdb87e94b;0x1409b0ddL;0.500000;1503091102;1503091105
1;1024;8048;0x1a2c2e8c22645f51b679cb93793091c1265fbd8c77f0694060652d3629b0cb43;0xc95ca7cdb43f911be214c66d7e2b1dd0c9f751009d0adf333dede44abd53ea46;0x957f72f2;0x9d0adf33L;0.500000;1503091105;1503091109
1;1024;8048;0xd4ae5373417550d3d9c54fe7ac0e85edcdffa3c721cefd466933b7d1b9bf8b8d;0xd1c2c2ad99d43d19d4e5b45ede6bd0033ff853bf6152f6e624282d09e52dfceb;0xc03a6d04;0x6152f6e6L;0.500000;1503091109;1503091112
1;1024;8048;0x127a8d655dfeccb17db5d1bf46285fd46264d00f7a0225ac5c3bebaa79a3fa8b;0xe8b7b418ef07653f90fc29390926c22679d43346a94a47f77ef9a5c2b8849618;0xc5aa16ed;0xa94a47f7L;0.500000;1503091112;1503091116
1;1024;8048;0xf61ee9ec1481815b5e0d475a70218e412d8c48e7b64d4c94c701f08c505a2647;0x9e3f62d3b8380b9168b4d5f27f17cd65ea699ef2f32ac549ca9d2c59c2736047;0x08f5c665;0xf32ac549L;0.500000;1503091116;1503091120
1;1024;8048;0x26c96ab37b3d323e67c0982a059b33b0d32ddac19ef63eb1746a60c348eebe6e;0x452b1aacab60d84d2cbe26ea3630f55bc1e1638749752e0cc56241bb2296c87c;0x49d29492;0x49752e0cL;0.500000;1503091121;1503091123
0;1024;8048;0x26ee836bc0344e3f8e20d6b6ecb82b5ea724dd7817d76e043d876dbd208e5146;0x65382c30fee697cc94fa35a5a55461578f39354081c0d800f5a9b3f0ceb5a824;0x39780e20;0x8244802L;0.500000;1503091124;1503091127
1;1024;8048;0x4ec44676d209660ec81abd2a0815218111bbf2bfee7e83e9daa78976cd22271c;0x66d0a9b4fe31af8779fd4f04de6c46f4e17cdfa4c3790a3e9f50b7a2cba8ab3c;0xc721138f;0xc3790a3eL;0.500000;1503091127;1503091130
1;1024;8048;0x3c1380dfcf7483c31af0fb96f44cd5af5bdb40a36f4b69a048235dddb594c4f1;0xd76a3334cf70c6e15439b5934194e7217de6c1fa1b9eda2878fc347cd315b47e;0x5517b323;0x1b9eda28L;0.500000;1503091131;1503091134
0;1024;8048;0x1307bbe6e3c78db681e92b5e38091e034fc54a69955b96d9648dd494851ebb98;0xd21d95ff5062ffa034aa9993f9508b6aa7e48cd9bcc202f0841f19c61dd8bc65;0x152b0044;0xffffffffL;0.500000;1503091134;1503091137
1;1024;8048;0x3a7b3bbd0a995159fe5a4644aa9e7a1c897f5d84372a10ff4e3031962044955a;0xcec021f9cd8323b714d50d00d21cca46989dd4c9b7fccebbb12be692f52346d7;0xdb275d2f;0xb7fccebbL;0.500000;1503091138;1503091140
0;1024;8048;0xe85d36c7c5c5f1c5b526ecad53c10b7a8aa5c03884e939bd2eab3ff6580c6040;0x90c58aebaeb3d3d751184cf32ec0245045e7234ad6b4571c07edbc25a8c893ee;0xe5cde7fe;0xffffffffL;0.500000;1503091141;1503091144
1;1024;8048;0x723f1ee4075a1748f810c407ea0cf6b90df428aa72dcc05e3a4934ad8f96b101;0x9bcd6770c9ac5ed49c555353a52724a5068b38bab0d6cf16ed2ad0a1f2c8bf47;0xd9bc5778;0xb0d6cf16L;0.500000;1503091144;1503091147
1;1024;8048;0x117dd9d20f24f72e937573f8451e95c30b952a6579015ecf9d868234d76dc5e8;0x268938d9a636233626c2383ffbbb3211d4e0cc2a683702ba7582b2829fba1d0e;0xa1d58993;0x683702baL;0.500000;1503091148;1503091151
1;1024;8048;0xee00544013091677341105572819d9e7ee356aed1c2144809ba86bc027d34616;0x2220fd8688d8c9d70224bc3651bde2df0ac27c2d46863e5354ea3589aa8b0496;0x9473b8e9;0x46863e53L;0.500000;1503091151;1503091154
1;1024;8048;0xeb241e86ea2bb14af23f179cdc1b9c6ba578e98cb9d1026d9d2d2e31b59eeda0;0x088191e9436461faf9be09177ccd2a16515402efdefcf1705535be0aa2495be8;0x83f75503;0xdefcf170L;0.500000;1503091154;1503091157
1;1024;8048;0xc8de4248609878e4c02eb62466ebf3d079af5759ff55bca456ceae0650f99818;0xa17ceeefeb452f58c00c8938e7cf1eec3b01c11e12a4c4519a54e7ff32e12f2a;0xe38c2dd4;0x12a4c451L;0.500000;1503091157;1503091160
