1;1024;8048;0xad6a930d42251a1129588a2ca116a128fc9a218409c3ee8ba618047e1a0460c8;0x5b6e1f434ab77188d2e9774d769428452c35bd58a9370b949e904fa77c6ebbdc;0x4b1a337f;0xa9370b94L;0.500000;1503156678;1503156680
1;1024;8048;0xaeea586522c8ce652f26f8fb2b9a3c6c368be0b4de5cf9a843d76ec19d308b4b;0xe4e371cfbf22987b8732e095f2af8dcf839137bb6c6bbb9f0ba8c017d2cb022b;0xef65109b;0x6c6bbb9fL;0.500000;1503156680;1503156683
1;1024;8048;0x5b0b2fe31dcbab3bb77a882f031628fceb2594f134a8ceb4878d30c12cd7e088;0xa3ffde3fa8dca59fa84c0aeed5faed369c6513da8c8208ecd0f7a05aac87dad3;0xdf50a0d6;0x8c8208ecL;0.500000;1503156683;1503156686
1;1024;8048;0x3cef8d99bccb22ee540280c34fcf5f9bccd0270baafd09bfe49925d722298d5e;0x88b647a8d41a07db4a64a69701107470e8cdc814f5126a4718cf0786c8b078c6;0x33171cd1;0xf5126a47L;0.500000;1503156686;1503156688
1;1024;8048;0xd93716b2faac683e194af7f6f2f56a33934f0e3f652912211ea33d6ea6533c80;0xe389fbb98cd1af7238f2cf2780dd3913c2221aba203c5ccf9f60241fe5037a1d;0xf24b778c;0x203c5ccfL;0.500000;1503156688;1503156691
1;1024;8048;0x834df15c1d6080503daadf88542c058aec8173dc7364b2cf9450ffb8f8f49f7b;0xf4c0293e433a54f6ffacee8390e448a30fa2f1a4c0bb5fdf095380f2a0d8cfab;0x5a1dfeb8;0xc0bb5fdfL;0.500000;1503156691;1503156694
1;1024;8048;0x6d546ccc50d0013da4b87838967cc7e5f588ed4438649f283a7c683d4cb2aeb9;0x4899ed485c2db5ce93b08f922c0d321e987fa9a293dedc7df68a8579bf192f5f;0x7a680b8f;0x93dedc7dL;0.500000;1503156694;1503156697
1;1024;8048;0x085d40022b1808795d07f7ba2e2b8b17af688c5c370f308bc6fc6f72cd7157d5;0x95452517209fa0a7bd9d68d73ddce2c34004c3c76a5a399e14c1506d9a2ea15e;0x9903d2db;0x6a5a399eL;0.500000;1503156697;1503156699
1;1024;8048;0xbc8f7e72cce92719a17a00abd2ec3af7e16e2f50514d2a4d972de5519e1c5e5a;0xc4735952651e0e746ddb5325321b308673736141f566f572aafe272fd0ce9505;0xa19a2f5b;0xf566f572L;0.500000;1503156700;1503156702
1;1024;8048;0xb6e09f1fced132785592385c1774ba99447d19a5f3a4fd216b1e0f46e1b84497;0xf26fff158d05ee478becf211453312b7a35dc8882e73399b6f95a6b2c29e2b70;0x1176e28c;0x2e73399bL;0.500000;1503156702;1503156705
0;1024;8048;0xbd83a4b2817555abee4533b10026696577a6131aa039c20bd622074a0dce07ca;0x7427897e698e1b98ee2f32d2e417f4693ee111695056cf56931fd84ef55213bf;0xc28ff995;0xffffffffL;0.500000;1503156705;1503156708
1;1024;8048;0x64fa8ee1c9f7e870e2d26cc401440d78e52ddcc9a1ac3f15715d023fc74c182b;0xa4fadc40a75f5d634a340df9158d3b4ffc23757a95a61c7cf47b7161ab6bb831;0xd785b107;0x95a61c7cL;0.500000;1503156708;1503156710
1;1024;8048;0x92223a73af0248fe1859b44892c79bdd73aa8d2d2ffcc7c675638cfe219065b4;0xa6cf78d5913664c95ab4ccfcc33751f0930ebaed622b7d9c34138211c747e7da;0x9c907e03;0x622b7d9cL;0.500000;1503156711;1503156713
1;1024;8048;0xf0ef9ee85fffa44b4c28a7734843472b2c9169e4ebbebe24bd18893b008275f0;0xd9da3af8a8a7678a25ec91448b5b363c6037eea7e608be132dc70d70bae88f8e;0xbdcef970;0xe608be13L;0.500000;1503156713;1503156716
1;1024;8048;0xd207575133b4e908fe61fa4bc0deaef43e0e1ec5df46ffd51322ad80af0e2481;0xf97f176db82465fc7452c41b7f0e5352820535f752bd1416c0f19f8f72750f7f;0x5a578ce5;0x52bd1416L;0.500000;1503156716;1503156719
1;1024;8048;0x02af7139015132424785895a56468b49110b6624665671620884fa9ffbab09fe;0x72baa6a9bafcebf931c9b603430211ed5529d4291a977883ea43cbdb4b128070;0xfc74229b;0x1a977883L;0.500000;1503156719;1503156722
1;1024;8048;0xbb75227e4a42fe58cb6343e9cc35fbccdf6f7b6e55b2dc3722f72fdcadb41368;0xa8a020d02a82c91f8d9bd20e8badabd470ee6984ca67df9b75526a679fd62b72;0x7e500d40;0xca67df9bL;0.500000;1503156722;1503156724
0;1024;8048;0xe73cc9f738581fd00e0c4bce25d0821f0921c1aa01d5accd784534e25fcd4947;0x5e336eaf4e57f20610625e7b62c729f9c0ced0f0ea3ef2021d423861cbd34a71;0xa5dfcd03;0x5095d82L;0.500000;1503156725;1503156727
1;1024;8048;0xe8180ef17a2694928943747064bef8e80646a935f22df9944c9aabbaa93cab92;0x70e2f1530c45013342932019453b415d5d4f8c959087d56b09ceba8f0a8fa9aa;0xbdba6cba;0x9087d56bL;0.500000;1503156727;1503156730
0;1024;8048;0xbee9e7ba31480653a085e78daec41a2739060761077a61ddc150a12735203ef3;0x72e344f8bc8ede81269c49ccc8fa9260670168e5cf23ae607ae899f083ad2aaa;0x2fa5aaef;0x24040209L;0.500000;1503156730;1503156733
