1;1024;8048;0x5d114f302a069391e64b75b3b9183214feccc5d33e2bb3b656f6957c25c69a83;0x7333989a8fe989000b85df5be87d7b8b03f5df13c4694634879664839bcfac3f;0xb73d62ad;0xc4694634L;0.500000;1503157833;1503157835
1;1024;8048;0xa0d051099c33b5ccdc228dec9cf64cd93f16c0c663581a7e20d64ccfc1953662;0x66cc01247880a2cf8dd4f7c308be22b3471c92821ff6d853b880809ebd6da513;0x96aa35c4;0x1ff6d853L;0.500000;1503157835;1503157838
1;1024;8048;0xbef8ddf3be0863a10a874cff961ab46a399a4aecca8062c51428a1de2bd722e9;0x46c63928b84cc830cd437604e68da7a0a54e114d63231cede71582c6572e9037;0xb4f589f3;0x63231cedL;0.500000;1503157838;1503157840
0;1024;8048;0xde646556186999510139ee453e0dbce2c26b9c0a257fed9b824b20018f4c396e;0x850b0ec973073961d353d268521359c3e0d21e5e73008b8bbbb3da4a886959ad;0x1f65d099;0xffffffffL;0.500000;1503157841;1503157843
0;1024;8048;0x2442164b43de2512753d32ef664de122272b8111ed6e5f2873af5d9e25ef514a;0x5d169513fa95c5f90408d1691070c6244d71a9188bfe610a9baec9aaf1adc2c3;0xcb1f38bc;0x91511029L;0.500000;1503157843;1503157846
1;1024;8048;0x3a1f0c2151113bb63f04ebfe01048a327aed81b958e8af6ae709a2419b7cc1d5;0xab3602a5ec73f00bff3fcba5cee53540a395a8cef7c2b7bd412b7b8c1a906c20;0x2a53d28b;0xf7c2b7bdL;0.500000;1503157846;1503157849
1;1024;8048;0xc83b909ab88af3c13ee643f3c657dd74a708edb717c74b7b8666e9eb6de5ce35;0xeb38b587bfeb533cd55bb3384433348b756da728df073d645d63197abfae6d7e;0x5148699a;0xdf073d64L;0.500000;1503157849;1503157851
1;1024;8048;0x395e67be7f02fd00dd39f4669725e61d4aa185dacc922d86d32038f3fddc4a37;0xf49852cee052394e1aec81bd96215267f09916592ac82cd5e9216adcfefc9b28;0x4ba69318;0x2ac82cd5L;0.500000;1503157852;1503157854
1;1024;8048;0x60d6be3fe0c732bb744927b452d6d3a0085ebb6917eaeff536bb6ba443e59da3;0xf1dd725c0269af0da2bb2dd46888c67643583b501072ba0561d10ea7ca90aa66;0xb504bc70;0x1072ba05L;0.500000;1503157854;1503157857
0;1024;8048;0x98bb56352054769ca49e5377d8c63bee4230ab042345e9a187debe35affefb47;0xf63ee6407f5c48d2c7f2524581416598cab06ab256fde20995ceaa72e458994f;0x442879e9;0xaa1228a9L;0.500000;1503157857;1503157859
1;1024;8048;0x6f51609849457d774029771fdb2e148f1537e7347768c7884cea74e50011f370;0xdb202ff8cc19be9dfe833330b85a9142ea2f14edd067e4a0f8b18cb2df62caf7;0x30441685;0xd067e4a0L;0.500000;1503157859;1503157862
0;1024;8048;0x3a1e46b4b2305a5791d15fa30bb2ad039709de77e36dbf17d28344c60cb91146;0x5071d4148c703348f8b201a4fb11c3e2cbc236e63c9d774eb6cabd86f794830e;0x1d9475e4;0xffffffffL;0.500000;1503157862;1503157864
1;1024;8048;0x73b088d90497b2c145ba6fafba429b717845ececda024d817df7da11784389ec;0x258f9a5856592bef919dd15dc593e9a05430221f38f623d5efa5813fc83c3f01;0xed275af4;0x38f623d5L;0.500000;1503157865;1503157867
1;1024;8048;0xdf004554b43cec901913008ee01010f2ac4b38dd07837a1d164db7c564793044;0x14ea58355c2c20d0aa38f5e8e1edf1d0744d2740b393dbb1c359062165d85763;0x2abfa71f;0xb393dbb1L;0.500000;1503157868;1503157870
1;1024;8048;0x69786fd9165cdb1f41901b020ea3bbf9c29ee9907e47b4334ef3270ff8afed61;0x5bb37b3667668344c3b2229b6090dd14d46f36fd0ce03b85aa3448349571b73f;0x25dcb133;0xce03b85L;0.500000;1503157870;1503157873
1;1024;8048;0xa1a77113264ab793c61e13f2ea5259ee2fd38a5581eaec85f605d515d392d875;0x79ca90ef519289daefdc77d15ee4cd28cc7c7329136c8a5387131cc12796b738;0x69c1e035;0x136c8a53L;0.500000;1503157873;1503157876
1;1024;8048;0x98ce4e83f49cba744d0efd5a6a7c720a92e705c8e6fa54475d86b82ae0ea5979;0x13af8dd17d28b72c174502f77339f7bea969eb19e74149eddbc436d7536b03c5;0x3b1f9771;0xe74149edL;0.500000;1503157876;1503157878
1;1024;8048;0x5afe3287a8f5c16f8d9f8707db9467ba52a8629eb5d9bf5d1437457f3091408a;0xd5e3bc88d681def3a4e722e0e45ebf571cddf459a619f1efc597bcef19f5670c;0xa3465074;0xa619f1efL;0.500000;1503157879;1503157881
1;1024;8048;0x96404119ccb6cd59223b4effd95e4edc46892135a9b2e3ceb7948e94698f69ff;0x1845e96301dfbdba59b2cfe29ec75562be94ebe7a26716a2e88efa3ff1d6c228;0xbee77767;0xa26716a2L;0.500000;1503157881;1503157884
1;1024;8048;0x0794fa8152d270e092bb93d246348ad31c8855fb653510ceffb221ab94f6119b;0xfaaf1f569684171e1af3ae22fefa89d78dd016e7b8118ea9aae9610bc02d805a;0x57bea13a;0xb8118ea9L;0.500000;1503157884;1503157886
