0;1024;8048;0x74c398ab11e8b6129b4ad6c785fcc3149c61cc749d694b60be1bf4c248112ebc;0x75b33ad56915e7109a373fd820a12972ac8593b260d437e1d130116ff3ca3be4;0xa636df13;0xffffffffL;0.500000;1503225606;1503225609
1;1024;8048;0x0af44620d702d3801a8f217419823dafabaaa6048225dbb4bc99957cfb8b6905;0x71e367269acb7838ea1e7ebf2b04c2f5ebf6458a7942ec424c3b359371d6b39e;0x837cb9f4;0x7942ec42L;0.500000;1503225609;1503225611
1;1024;8048;0xc91cc68a20bc28630b16db952e5c0f7a2d575b4882bb91b34204825472c1263b;0x6e0a0c63251be1c0e6182b2827578c32cf6377eddcc34699b95814d431da1dfc;0x6bff2b83;0xdcc34699L;0.500000;1503225611;1503225614
1;1024;8048;0x4d8aefdb5c9d033e50a798ab8ce8e665be25e7eabf3f7060f6915e32979458e4;0xaa59112a18fc28ecb81f2697fd808578eb26dd61722f82fc1e81ca63bfecbc42;0x321dbd97;0x722f82fcL;0.500000;1503225614;1503225617
1;1024;8048;0x81af7f663ce2e50c716a2d9a3919eb6cedfe5482ad1b65b3d724c6c5472501c8;0xb09b28a1f4d36fab5b41443b8a18d691572fbbe43665fd781cd90556961e8e59;0x71aa2496;0x3665fd78L;0.500000;1503225617;1503225619
1;1024;8048;0xbd1b03c1d622bb4633d81a748f31297398892ca17beb29f9e5db24f1c34aa380;0x5f87c8ce5f74fe8807e8e600eea46417479e2ee6b89767798d6c1701c349ec71;0x198c4bc7;0xb8976779L;0.500000;1503225619;1503225622
1;1024;8048;0x4f061eecbaafe39ab2593a284d27a8576945219c8b72b47b772f6a522369a772;0x8dedd82858ef58a9e9ddf92b6874ef0bcae99cb0679e09f4f6d4623bc53c46c4;0xa05f843b;0x679e09f4L;0.500000;1503225622;1503225625
1;1024;8048;0x7618d351f9c20e92c663117bf3c0107e688a2b8f6cb6861971ddb853fd1d6b74;0x828cecd214b44484e0b4b44ab836d6bb755262787e67ff05c79ef91171caa02f;0xb30eaac7;0x7e67ff05L;0.500000;1503225625;1503225630
1;1024;8048;0x6166151d154d291fbe47f68c86b217cd073d83a15b20ccfe6ddaaa1a2ea99190;0xcbe2a69c49f6f138f4660f0b7712c14c21f2a806eb3054785708812a09fbc6bd;0xa4d5ef62;0xeb305478L;0.500000;1503225630;1503225632
1;1024;8048;0x09b34b9d7c657158ef007b32b47ad6ce170d0609b29749e2664375a52f0dea38;0xad15463f0ad76c761e9cd5d83fa5738bc960b3f69da206db9ea7e37512223f36;0x09f9075e;0x9da206dbL;0.500000;1503225633;1503225635
1;1024;8048;0xf1d0f9499366e3ce01288fc7653f49b353b912d0fa14b335edf3077777952e68;0x2600e81a82f937a09fdb74da3f66a47a25baaf3ae8f7d289b247d8acac4585fc;0x744d491b;0xe8f7d289L;0.500000;1503225635;1503225638
1;1024;8048;0xdff1ede49e0165e0cc5792d409558ee970069b53fe7572bf7ef4f28379130158;0xbc9b522cfcbc18881333c3233c980fb593230add0a03aa69d7cff9a79cf5f179;0xe2cba2ff;0xa03aa69L;0.500000;1503225638;1503225640
1;1024;8048;0x5a79c33ea1d0b3bbe2e807ea0da373261035005e0ebddc4a8334d55a19b8d473;0xeb35e8a9a8c2fe12b0e69ffe961c5bb125ae0a06425b9846776a7e965fc70008;0x83f2bb31;0x425b9846L;0.500000;1503225641;1503225643
1;1024;8048;0xc0639b9d4a7b53db00c35505fdd19138a328a0ef431089a153ec30bdfc7efbbd;0x7c838782001b9d8ad365b9191ed59b32789ad73ab7d3e7c5b63df9a78ff2fd1b;0xccfc0172;0xb7d3e7c5L;0.500000;1503225643;1503225646
0;1024;8048;0x45fa4da98356cdf50de3d53e871d90110742d1d6d43284758c06a9bd0d641c52;0xd79cbb8630e24bcc10384b4e9645e840af3b1324708e110843c9aaa64fc18cac;0x5eb70f3f;0xffffffffL;0.500000;1503225646;1503225648
1;1024;8048;0x89fd7f01478f5be259eb92c9b92a4c6b3f83ac8dfae71dfe38fcaf641ebdaca7;0x472637f5d82d6b471d65c634943b1c10e0069699c685781ec65650c90a9d21dd;0xcb72f845;0xc685781eL;0.500000;1503225649;1503225651
1;1024;8048;0xb28591e1f223a02bc9af26587614122c1f5d0ed9e861a88c9a4015cb9d71254f;0x25909db86961f890bb84ff97e8cfe79dd21eeceea379b2ad561eca5686132e76;0x789a4fd1;0xa379b2adL;0.500000;1503225652;1503225654
1;1024;8048;0x25fb7474389ecbbedbb231c4d3b3ed7e5184b27a7227d4d1b946a56fd92a6afe;0xb6958fdf92cfbdefa7c9a7deb7915fce41e2a3a277d5c6d542f3d67656f691ee;0xe9710054;0x77d5c6d5L;0.500000;1503225654;1503225657
1;1024;8048;0x714f6c564bc511b7ad58066f1834d421470f4b25c1930df60c76de51546e9ac6;0x3e9c592ef17544f00bc3911927b1e566fcf1ad9e7caf78365b167c2de33ba725;0x5667e6f1;0x7caf7836L;0.500000;1503225657;1503225660
1;1024;8048;0xee062fe297b10c600eee98ca91c0b8e4d48f2ccfcff1624002d40797043e0af2;0xeac859b62d5402be1e6dc1eb670f9c0514707bedd35fe96193839d24bf5997f1;0x87866e54;0xd35fe961L;0.500000;1503225660;1503225662
