1;1024;8048;0xafa17afb6aa49471421da8650fafde3ae6c8f92bbc68ad6899f0c67489ed5b38;0xc2bae17a14d6936743f2481c17a40620c317be6f3d02f7d9e627439cb2131370;0x12eb46d0;0x3d02f7d9L;0.500000;1503218474;1503218477
1;1024;8048;0x44208c0500d14631e2fa0f0b9d01a948fe48dc87354ccea7264ab80fcd03db11;0x25f4714210133895023b33bb74b9e89ea7d7a8da6a3c827eb3d7320cfeb5b371;0x0d743e6c;0x6a3c827eL;0.500000;1503218477;1503218479
0;1024;8048;0xa487695e5bfc008a0771abec682effe8b0c40c20a5ae5c618197d4ed746e4918;0xa966a5c2922735f76e92690cc29c1c4cf46ad60d33c7fc42c3b6fa39d23a3971;0x0b9f8631;0xaa21202L;0.500000;1503218480;1503218482
1;1024;8048;0x9ff3fd415f858e0d030b54b20902bafbe739e002515d8920edc891edda886279;0x4d0a71447d0b3442ba075fbfafabe3947e31c46b59bc9fb86ce55e8d0db9cb28;0xe1adce02;0x59bc9fb8L;0.500000;1503218482;1503218485
1;1024;8048;0x584e558829eaaa6426bd2d82836524bf4f3c1ea984d5a06d366d19b7bfc4a317;0x682a9cf0696d8d2f79204aa778b46f8af280f2a8c5f5fada8cabe6f6edf5fa14;0xb3d92837;0xc5f5fadaL;0.500000;1503218485;1503218488
1;1024;8048;0xbad265d9cc855249be91b7148af2da2c97ea5e04a5607b551854f701e9f197a3;0x2f700c55b75c9aace0e64b65031ee1fc5193bc9b142543e3f8d59f1c6e17bbdb;0xa0d92027;0x142543e3L;0.500000;1503218489;1503218491
1;1024;8048;0xd754eac277ddd61f82ef8cd9be977441c1a0f31e95989e95d19012ae65d45a3c;0x93e0d191d4e8bdb5b1d22eae9ede7501ef0937c5e42b9f13275a134519205fcb;0xab9fcd72;0xe42b9f13L;0.500000;1503218492;1503218494
1;1024;8048;0xec72dac47845b37a8e5dc39441ff9301d63d8f0fec3b3a5e5c21dd2fd78f16c4;0x98db15052274edbac0fc04b85584cad28d83fbbce197950e634a08fd43555a0c;0xae057cc8;0xe197950eL;0.500000;1503218494;1503218497
1;1024;8048;0x346fb7454591f97e474bc27a0b17aad6751b2d6f8d2b6fd7b1dc5881d52dc509;0x0cef3a87b5aee4defeb1a9adb112b7959ab4836b19a1cf3e73f2f540883c6468;0xde01bc7a;0x19a1cf3eL;0.500000;1503218497;1503218499
1;1024;8048;0x0da7023cc9752d159812af7ae225f617d0a28ed02d808ce9f50cc0bb24645132;0xbd0bd6bc5b7e1e4216a152004374b048719883f867903f91906c02d2f364e3e9;0x6a6cc43a;0x67903f91L;0.500000;1503218500;1503218502
1;1024;8048;0xdb37b50f36ce5034b623f25543ec7238d7925d4561d5dcb4ff972a34bdfdcb98;0xd0694ae62921526df3c8066842d286d04e79702f3deb922ad8b68be585b30871;0xe995113c;0x3deb922aL;0.500000;1503218502;1503218505
1;1024;8048;0xd995ee0a92c67b8c04d76298844f3eb738b1f199515025374b4551c01baad4f5;0x8b103ba3838691572faf1e24474dbbaf67e9dba993c72f4e6f310d7f2d8d2482;0xa046f25e;0x93c72f4eL;0.500000;1503218505;1503218507
0;1024;8048;0x0e00b6cc62e571271a427a92d0d9a11a1e92458a09b3cad5a2385bacc717b8d5;0xb2d1e725704802300a9e2a974d0cd7fc60df0988d3d81c80ea35a005bf344181;0x4bc2bd95;0x851044aL;0.500000;1503218508;1503218510
1;1024;8048;0x5901351f0606bb07ddb0c3af8b958832a0eadc0705470d42a0300a9cc120101a;0x082fd488d69c330d6260bba8ff98056210f0a25d36a70e6c5eba34e17d123bc6;0x65f7745f;0x36a70e6cL;0.500000;1503218510;1503218513
1;1024;8048;0x73f440be73f273c1e52a846bb8ffd8960cf737f532e313ba3a3f5b6b3bb786ae;0x0c613e7a545ebf0301e292a1e8dcb0eccef2e617650dad5e4f234195927b3f25;0xfeb83276;0x650dad5eL;0.500000;1503218513;1503218516
0;1024;8048;0x4ad2cc40f3710a74b788fea8654c247c5aa45b7d846774b8624c9ec9ae9fa1f8;0xa378b51f0c6e56afc3460cf9e914d2e0563b249ed9a29f40aa5d7baae191b924;0x1382acb9;0x42108a02L;0.500000;1503218516;1503218518
1;1024;8048;0x5f9966edade89407ea09ebdb20ffb2d90b201759c1aa6db057f5f9360c5f196b;0xec12ae6f75f64963f28d69523052dc04e0da4a0f56933e8951980bb25844d87b;0xffbb895d;0x56933e89L;0.500000;1503218519;1503218521
1;1024;8048;0xc7484209628d47fa3c633f982516dc0b280cc30de46f69de4fb01bfadf9e00a6;0x60eccefa41a942d640df599989440b19f85a46d7dad310970f587f361226a0e4;0xdc4013e2;0xdad31097L;0.500000;1503218521;1503218524
1;1024;8048;0x8d5384c477683bfdc31793ea8eeee0fca0fa9a73913de6a3a526af370ab3b497;0x0ec672d939cf259b0bd2169469078ab459d0d287d823477962a5e99d77001d92;0xd994f33f;0xd8234779L;0.500000;1503218524;1503218526
1;1024;8048;0xe8635f458fb9037f77829ad2fa1090bae1a834650e6623973dcfacd92a478412;0xc901379c1c60315a94a61e43385817beb61e484eed895086a90019ccf55ec475;0x211be346;0xed895086L;0.500000;1503218527;1503218529
