1;1024;8048;0xb93fc9010bbe20f44c9ad092c2e1dc4b74c63386811cefea66b6afe5997c9f52;0x2cf75d8d32e009923cc0981a93b107a374136e514e22115de3d23ef77194388e;0x022a608b;0x4e22115dL;0.500000;1503144787;1503144789
1;1024;8048;0xbdda927e438ae1400f41294c2c48d7097c75c6b2bd86448268d078c7fc5e18ba;0xae5de40277868a89b231df639806612d86f78b5004b91e50b18f601550db8c4d;0x1cedced9;0x4b91e50L;0.500000;1503144790;1503144792
1;1024;8048;0xb9ddd1e81da9b2d9b2739e7871b5e88ea4ef6f4168f52f40c034188f1878b8d1;0x5dfab49296ca34f10aac9bde9a256c840451bc85b46d4dc9d103b948974570c6;0x5b823c6e;0xb46d4dc9L;0.500000;1503144793;1503144795
1;1024;8048;0x1ba570106699ea25c008cc9c4a6f9c4d26f30d4741d8fa8bb33ff7a0676c1b82;0xdf30fa82387fc2c3efdd134294ad4dd36a6db43de2bf33944ee6f7ca17a23a2e;0x05bac36f;0xe2bf3394L;0.500000;1503144795;1503144798
1;1024;8048;0xcd6e76132a718bfe9ce7c1c76c22a135204b014ac46121f6ce458023329f7bff;0xe7dd15bbf78bcd827e6ce86fd7d970bac7355c40ab1fe9362856bc1f9ebe08ae;0x9e4a341e;0xab1fe936L;0.500000;1503144798;1503144800
1;1024;8048;0x805a3046e89e272e1bb98c0b93e19d9aae2a962c9824e1b51cd87732715bbcf2;0x7434a3afeb75c54c3c69d3a749780364743dff230af77cf897f1858ebefb2dae;0xfcbcbbeb;0xaf77cf8L;0.500000;1503144801;1503144803
1;1024;8048;0x81da16805d61e8ae738f84d7c15cd7af6a7c6d362c6ebe61a7538976c849c149;0xa190bf67ce3b9e4f09d62daecb870ece3bdd76774ee3acb64287465c712b1bf5;0xfb2ba5b5;0x4ee3acb6L;0.500000;1503144803;1503144806
0;1024;8048;0xbef133cde1f3d01e568755b57b6fbb536c4fa9aec4ee38da06872aac79b20b38;0xae2b581e87ade9cb191dbf80557fced6e878d3d565494742f0713ec9035390b3;0xc79c3634;0x55208a9L;0.500000;1503144806;1503144808
1;1024;8048;0xe9f224c0d5827de41f1894a42f8e4ef05e07719d9f5fa917066a6a091945d402;0x36eb21ab8114aef45e0c2fa24e906d5dee1877d2e4ac8b2e8bdc015fd8146191;0xbe48dfde;0xe4ac8b2eL;0.500000;1503144809;1503144811
1;1024;8048;0xac25b9228cc462364a423aa6d2cb562937c519670863291c66cf77a57972a525;0x406f011c3bf5edda3ca5ab79b81170da0e92ca5d44b08033fce6fdd503922ceb;0xb20fca0b;0x44b08033L;0.500000;1503144811;1503144814
1;1024;8048;0x89e90d34e7ca8ff7f3fa73941617b7f8923ff355fccf6ded1665537377d5cc00;0x8c751c8ad4db068ee38f9ba5b2bd046fb8f79148e470f3f4d45423a0acbbcaef;0x43f31352;0xe470f3f4L;0.500000;1503144814;1503144816
1;1024;8048;0x1a8aca76c272b51145fa126d9792b336a0a8133ab02313b9ff634b5db85c26d2;0xc042abfc8f4368b42801f349c550186c39b47323d3cad6b1e5884472dd5cea5c;0x2827e743;0xd3cad6b1L;0.500000;1503144817;1503144819
1;1024;8048;0x9870441ceedd3a862d923d29d02531c8849d510bd2b3d81fec4756240655509f;0x5e9520d50447e79a4868e993f77ce8f002b8b9cd2cdd033d3f5d37b20c6e18ac;0xdecba2f4;0x2cdd033dL;0.500000;1503144819;1503144822
1;1024;8048;0xb1f42d50ea624864b0b987e824185bb4d662908211313cb8c6ef3898878bf638;0x8484027e4d3fcbd2c707d4911eedf0dd73b4ad26ac89685632b9633fe68646b7;0x30f01786;0xac896856L;0.500000;1503144822;1503144825
1;1024;8048;0x1e8773ee43282a98667fc9bae0b375987f2e68dcfb5d2b59c7f8d352ae8e54cc;0xbde3b57c6f59296fc6f629ef3f32ac9e8a585f028ef5d52761d08c1d671c9e44;0x5bcf4e2d;0x8ef5d527L;0.500000;1503144825;1503144827
1;1024;8048;0xcc911f8bd8abf11a1c962899dc2a1bf84f28c1c28b774b7f3950d29eebaf6cb7;0x74e951e6cb0f576681def063a279953d1e2f3e350944d7d95b2807d570cad822;0x019d831b;0x944d7d9L;0.500000;1503144828;1503144830
1;1024;8048;0xda15a3f3859119a7245140a973ea70199f6ef9b91c61990a8b7946fc190815f4;0xabe3ed27b8c53959aca804d9be655c7f5519fcb691cca6f9ba0abe278816a4ce;0x490c1afe;0x91cca6f9L;0.500000;1503144830;1503144833
1;1024;8048;0xe75a0a60e2d5aebbe2ce344569b24f3ebc8287abe2a07365c1e186ce760bda5d;0xefe28397c5adb3fdc452f033b113fa4bde568ab10e8b05dfd7085d02c85f7e5a;0xd3fbcb99;0xe8b05dfL;0.500000;1503144833;1503144835
1;1024;8048;0x8dacfc22febcb28b8b61e10a61ef92648eb5064f4200944f6e2aa8e101b8c08e;0x912d008f50895ba58b5be05ce0936a89a60437bc881c20c139f4ddab178bbbd3;0xfb21e1f9;0x881c20c1L;0.500000;1503144836;1503144838
1;1024;8048;0x01a4f531d0d4637255d2f3e974ecbf6e40ad2f1ecd26e4f300fc599dfbaa46fc;0x41be5430dea9abac5ff6f757f9532dbab223138439080581ca54b3ef4568eebc;0x741ecab4;0x39080581L;0.500000;1503144838;1503144841
