1;1024;8048;0x4373f6920d4f2400a764c3cdc0942f475a48c0f0d2821e61005b62483990547c;0x612d4665538a12de507dcd51588fd559c64c19ef9e0130b4a859309d890cd55e;0x1e9543b1;0x9e0130b4L;0.500000;1503100346;1503100349
1;1024;8048;0x15898573befc5f790fc68908af9bcfe3ed757af3d51b2dc1e07940fe406cd055;0xf9589a9b7161dfe7f50a8650e733c4d81dda8ba7a70db89d942f08d0810e2db1;0x4e96e90f;0xa70db89dL;0.500000;1503100349;1503100352
1;1024;8048;0x4fc1c5f177f9f85aaa3cbf9cacba0fa1ffa9a15fead6752a35b58f46c9675b18;0x01169bf410615ddbc0027c540721e9e2a728137f1f5e8e6da10a1ca1815f665d;0xd0559f7e;0x1f5e8e6dL;0.500000;1503100352;1503100355
1;1024;8048;0x44e5443850958a10bbe0ec11ba3df2368b7ad38317700d9cd6e67e0f17d64d5b;0x3ec8377870bad90335badfe12e77765391376b46daa457cfe2a2355f587c04d4;0x76cde3d3;0xdaa457cfL;0.500000;1503100355;1503100358
1;1024;8048;0x03a83a930218c4cd7a22f919560666f4f13f666afa3aaee39d060da544e51b47;0xe17ec282e7e7490407f3a6919d92db90bffa879bc0de42380cfed793827fd41e;0xa6b42e5f;0xc0de4238L;0.500000;1503100358;1503100361
1;1024;8048;0x771169ef75aa5d9a135147fc98ea31636868bd16c6024e0d407630f80a866f82;0x397586a0505a92bc4c9190254fc0cc8110945850a23c96b3196a6f752ef7219a;0x7b6bf449;0xa23c96b3L;0.500000;1503100361;1503100364
1;1024;8048;0x63a8a58dd6d496cc643537e6b5820dc4b1c2defb6162eb91e50ffcd8a6b2d70a;0x5258fb5bcfd392a93fddcb05a8ad83b0ffb009ccf3e2bd3bd3ed7692224b0cb6;0x2b288bc1;0xf3e2bd3bL;0.500000;1503100364;1503100367
1;1024;8048;0x55d0d4c70ac04975ed997123a0b4dd130b3b057858d5bd7867920fa772177cc7;0xa24f97b9e1e4af8c5625171bb624e6422f43dc2bd4f8ed0b8ade080eda4a2510;0x29e81353;0xd4f8ed0bL;0.500000;1503100367;1503100370
1;1024;8048;0xc81a4ad9d29dc501b003a900dad6c3ef90b9f8ea9734acec03278b1f109a93d8;0x1f180383f2aeacba870a918d4bb8761b6e0dc4eccff435c851cba93d6659c747;0x3381a554;0xcff435c8L;0.500000;1503100370;1503100373
1;1024;8048;0x99ade6d0afc849ef95d0db2047a2d9f4266c0bda100dc0c9c6c5a2a65e015af7;0x0425d34e15ff5c1fad5b1571dd022dc93726fd46d56c237242e5e376e62cc468;0xa200f3a3;0xd56c2372L;0.500000;1503100373;1503100375
0;1024;8048;0x91792a44b759cbf3cf3cac8b1508aabebc31177cd723b9575989b3090afc1d9b;0x6e58927e61c9f3147005732e58081c94ffcb916d22dd43a8c972d0fdf44de125;0xd959b43d;0xffffffffL;0.500000;1503100376;1503100378
0;1024;8048;0x9e2c51ea03296c5437f77a43001297e02c79768526748a176c1511824c42b8ea;0xad0c5efa6a582dee7a1008589d420ee38a10eb9b9c00fe74faf7338cc48ab0fc;0x1529a71e;0x4840fe74L;0.500000;1503100379;1503100381
1;1024;8048;0xab53ec961b892eebbb353074f28d13b866b401edccaa2b87535e977856d9c601;0x06b6cdc680a34b2df012b4f91d6980d82abdc8ef9667f8ed6c81b1f985df6ad7;0x0e3b6b7b;0x9667f8edL;0.500000;1503100381;1503100384
1;1024;8048;0x4eda0067010f2db38461c803d75a26f17db98c212e6eb94c2bfad0e88e57c2dc;0xecee53ce449d70bc639f677f0b6e08156e0ac165ed4bcfe6736020aba0cf90d1;0x1d39fb41;0xed4bcfe6L;0.500000;1503100384;1503100386
1;1024;8048;0x514336def0e276fa81b8edf8b2d19a38a69f9c1ce42d3f00deccd9dc1c8b996d;0xd8b84f8ec7bc93df56bd9a3d604467fa5bc2f7c05a214773946ea45519841176;0x525a1c0f;0x5a214773L;0.500000;1503100387;1503100389
0;1024;8048;0x77994265f23bd51bfb7f784f46a7261adb18469d3436bb60e81a5889a8bef91f;0x6061c05964bfedab96e6229f80a3527008e0b93b78113525a2110abd0ebc72c0;0xb675d974;0xffffffffL;0.500000;1503100389;1503100392
1;1024;8048;0xe158b9245c06689afa5111699085a0c2bf726b279d6b74270f2aa2f2b688bd97;0xa5e1cf80f1e79e2a9ecb20b19025d3824d4a83d9163e919d4fc483bcacdf53d6;0xb1557524;0x163e919dL;0.500000;1503100393;1503100395
0;1024;8048;0x36481a87192791df78c3e2559168749c2f5d4c5ad805e928bc7100a36d0136a4;0xdc1e89e3bb7a43146b57428ba48ab9aec7cedac2a28cf4804d52959d9508859d;0x165a2ea5;0x29160851L;0.500000;1503100395;1503100398
1;1024;8048;0x8de043565ece9241e7b6a5695a7eb290718cbe660aaa5e7a85882d7c92c85d1f;0x9fb742ce81e7701e5a540e3b78d3b6feec30b49966757af88c2c9a13af3b6d1a;0x42d8df7e;0x66757af8L;0.500000;1503100398;1503100401
1;1024;8048;0x658022bc0135e1652573d173c2255be43cfba516de56a959f26a85c74fa0a8b4;0xb3291ce1ffece5589a15930e096b13bbbe77eb77bc0a9266c3ad1ec9e626a5d7;0xb23716ec;0xbc0a9266L;0.500000;1503100401;1503100404
