1;1024;8048;0x296d04821985c505fe1c3a2c8792f8ff33c710b90e49ff615e9999a8b5dccbde;0x9c9ba07a9cc3cc8012e00b6ad57f673ba1df0bed970c2c0331d8c0f6d99f3962;0xd1ece22b;0x970c2c03L;0.500000;1503212552;1503212554
1;1024;8048;0xb385799431e797f532cd9b1a79f97b7b8c96535c00877ef8df5c98f8396748ed;0xca788a18e533784aad47879e7dce63f7bae8379e73541c92e680992ade710bc5;0x94630a94;0x73541c92L;0.500000;1503212555;1503212557
0;1024;8048;0xd6aba896f14a70fa6abb441981b7a550edf37d3e277a3cfc30f4c01e039358d9;0x9e521affca1ff1d557e8bb61d4e0d00df2169f2a9769ce84d617f6aac84cdf27;0xe6b28b15;0x82820a42L;0.500000;1503212557;1503212560
1;1024;8048;0xecdf6bf80fbbc9b055549cdee620b5788652365ca624548cc41e4d0f91e81a7d;0xfc62d385516d8b835aa57d4bf57f6d0884a45c9bfa3ef08a6d09072bc1753b69;0x9c7906e6;0xfa3ef08aL;0.500000;1503212560;1503212563
0;1024;8048;0xfee40f5de7e26920f6433bd664771465291604883bb14d8736217a9b7c2da87a;0xb4fc5b033ad88e84aed78ec5029c1f6ab4963afef98bff084ef4ba3c761e7edf;0xa1a51df5;0x80115104L;0.500000;1503212563;1503212566
1;1024;8048;0x499bd0651a427a3240c1fb0d45e7a1acfe41dd91eea1bc118d9b619a0340344c;0x785eb5b5efd16c95d917ab5f94de8c4fe2e0183f2745d872195220fab7be8ed5;0xbe16baf1;0x2745d872L;0.500000;1503212566;1503212568
1;1024;8048;0x49278474036686cfeedd8e7094a21b531d66201a5f0c309389cdfe49d9decd22;0xe34a5f2e200641620fe71b52f8f7777090ab6c68970e3005a68f98a33ffba03b;0xb37b0cea;0x970e3005L;0.500000;1503212569;1503212571
1;1024;8048;0x954e55f77f0833c2c8ba886be32259e435712baa97476698038e4d6e242fc4b9;0xc3e7983b68f252dcc14cbc8ac8f3fb441ffbfab5b806cc0f29ee54bec748a0b6;0xc0fae677;0xb806cc0fL;0.500000;1503212571;1503212574
1;1024;8048;0x2d03d9983cf151ebf12999481c226af53032f2896eb3b97ad70eb49675fe90a2;0xec77a8168bfc8f7b1c1c09cf6ffe094b3dc95f5607074f3d5917e202a63b0836;0x847c5e2a;0x7074f3dL;0.500000;1503212574;1503212576
1;1024;8048;0x0b6d5e0cfa00b7b2b2aab564ef0eed9379c14765d562dab9a09984deece317f7;0x2b7b5cafa6f4266faf051e7a0589d703f788e2a214894bcfd4edcd3bddeb15aa;0x515418ca;0x14894bcfL;0.500000;1503212577;1503212579
1;1024;8048;0x2aaa03d311a3d6058bb890704b831fbb379130abe90098e6f0694bbb9750edc1;0x755277c729b33e1ada8c6417c5a8298f56c92c80804e542ee28ef7071869956a;0xf10a59c5;0x804e542eL;0.500000;1503212579;1503212582
1;1024;8048;0x4c94b0b39694613ff321d1117a39de9916a9b139332569491ae79d682e2b637a;0xfebb8962a6e526883c1d185143efdce6ffff9f188249c55c8731bdcaf6a11b4f;0x3aa47eb1;0x8249c55cL;0.500000;1503212582;1503212585
1;1024;8048;0x045352a3ec66e056c340c188067d0467238064cc9bf3391cde1c31f12ca11230;0x920e9b59651f16ee1ed8714feca3a5f3efbe34ce67da0b41ec5d39774628de76;0x6e077fe1;0x67da0b41L;0.500000;1503212585;1503212587
1;1024;8048;0x1329b880271439f08b02c811102ed803c6aec62a7f7446ac0c4d330b942149a7;0x3fac0dc07310ee661afe36480bff04c5b39e4b7b58629b2edcce00f96e068e9a;0x5b708119;0x58629b2eL;0.500000;1503212588;1503212590
1;1024;8048;0x0db6e662a28ecb7752138b01db6c686477e5cadf2f76f95f7e0114dff4fc2402;0x4e76c9399cdfc1c004262860b3a247f4b6498e67a6c9fe867f4dc7e6b9d8dff4;0x6299bbe5;0xa6c9fe86L;0.500000;1503212590;1503212593
1;1024;8048;0x8a9b9cb9c90aedc43fa2ef27b92e0e894a46be7249b78d38e11d2754acceab36;0x7c10d33d029388ce9a3030c79ae91f6030f275c8a8be246dca36ba87d871b1db;0xe6b1c343;0xa8be246dL;0.500000;1503212593;1503212595
1;1024;8048;0xf2dbb9c858f9e391fb54d211ebf32b71e8ce658836b0cd5a3c4c6e837cbbfa6e;0xe0f8ea32052e8a94c54d171563c017ca0070389dc4ae4d1cb21aafebf2d55f2e;0x47479ea9;0xc4ae4d1cL;0.500000;1503212596;1503212598
0;1024;8048;0x133b6ef34ea2a7b29f60ddc8b246376aae9d10f84200a20f4948253eabc855be;0x784f485d0f66ddda0d586a1308a873080618c76aebacb15085e63e93cfd23f84;0xdf863df3;0x6a810521L;0.500000;1503212598;1503212601
0;1024;8048;0x62ea10cead58848d3d9a332807fc8044dee5130b2a2e5db519dd0b0a382cd69a;0x04b3efddc6d20f5cc45b905b1881a013f96eeb6325f1f58acfcbc6c4f42c78dc;0xb387b586;0xffffffffL;0.500000;1503212601;1503212604
1;1024;8048;0xf1b721cf5dbf90c70158691c925c661302bd3fd578e24065b0c53bc59aa5398b;0x95e67b9d92f39c06a5150f201615dd2f57bfea6ed2dcfbf32a33b84059bc6793;0x4244d10c;0xd2dcfbf3L;0.500000;1503212604;1503212606
