1;1024;8048;0xad3a5200546de52ff2a47600c35190fd43a15014d28206d4d8d84c0c45a40af3;0xaa8ce022ffce9767384a315e59816317e26ab98b1d835054fa042aa4381b58ae;0xbe54bcaa;0x1d835054L;0.500000;1503082123;1503082126
1;1024;8048;0x4e8aaa341c19aa6d4d3881e10306741e1c1892b55d4c346e2b1ec5943c91458a;0x1413912b9932495282e53b48530b89f872578031908e94f142c06e70a971170d;0xe4a9415f;0x908e94f1L;0.500000;1503082126;1503082129
1;1024;8048;0xb575d4e3fd5dd1863f9eaeabfd559cc73a0b130de264ee8cda38643f5bf6b110;0x26bf27911a01b5267248536be32492ddd5ffcbe771dbde9d6a0a2d5888ca5760;0x637928d1;0x71dbde9dL;0.500000;1503082130;1503082133
1;1024;8048;0xa0c6bb23e35ec17cb5e61a4855031cbc14f0df2c53946a0d59f9b2f6618d6902;0x1353d588c00c96ae270b87d64d6479afac35e85ab6a8dc6594b803f092d2bfbd;0x0517377f;0xb6a8dc65L;0.500000;1503082133;1503082136
1;1024;8048;0x64a697ee1059399e0fa2e1e45b4db333a4a5d3c321aba331efc7859ceb4ada4f;0x2ca0e7a99197af2e7f06e59645e1d43cee8c97e219030bc10b384116639d3c82;0xe103c2a8;0x19030bc1L;0.500000;1503082136;1503082141
1;1024;8048;0x0d9673699299cf963dbddbe73b3d797f7cf8594de8f2679ddb5212de95a361a2;0xbd1169c7b3b4b93d41427882648d7d40791cee098a4a8203bc7aea31e5025aa3;0x1eb36105;0x8a4a8203L;0.500000;1503082142;1503082145
1;1024;8048;0x9e079852e2019a68f186dabf5c13929a8dfe242c6f1df23069a2490b31618ad0;0x36b331ed1f02531506ee75c907ccbbda32f8a7dd9da936e967126ec3e7599f16;0x72cc908b;0x9da936e9L;0.500000;1503082145;1503082148
1;1024;8048;0x2904155c8a4d1a5e6dc5b1698db0aaa18be662aa7707d2f549ca52ca69487e93;0x8bd3c418bc7cc982e99767b74c2236682264d0cb40a924fe881fd4cdc0035d1f;0x924e4bcd;0x40a924feL;0.500000;1503082149;1503082152
1;1024;8048;0x7a4a82a3d49adbecb205ff8addf951d319536d867b1f743081f240ac07c9e081;0xc30bbd027566430d7c931bd38ff4cd2cddd7c35ac0bc4ecf3dabc37aa3bffedb;0xb2d3b978;0xc0bc4ecfL;0.500000;1503082152;1503082155
0;1024;8048;0xa48c1c83a7fed97c4edb6ad50d1dda8f5b94d2ab641fcdf0286a0b9293e6a837;0x9f3ddf0f877112ec0901c3c38e5d1a7f1d582f52af6f2f30f5c920a7eee67934;0x2d5b3b37;0x8048821L;0.500000;1503082155;1503082158
1;1024;8048;0xa153547334a3e31766caab7eb5a163ed3bec636dcd9ec1331b963b2cd0392472;0xb985585d1d618ff8e0880349058f9f7e2c638164e2a7deffbfddd4ee42d7277e;0xc715dc67;0xe2a7deffL;0.500000;1503082159;1503082162
1;1024;8048;0x5b6f8954e7942c41846c3b2530d061eb3895c7dd01ce745034f34d97d1e8792c;0x72f3a7109261c800926e495cf3d6fce1bfb46a3725ba39b31be6b6c8a41fc4a4;0x4ed8ee31;0x25ba39b3L;0.500000;1503082162;1503082165
1;1024;8048;0x0d93b8545ac0616b98198de466bbd762b896e28aa883b2fa4a83ddfd30249a3d;0x81428db25fee6a42c44894099212f26dbfde8858294f851dbe78bcf6a4358b70;0x96db1d75;0x294f851dL;0.500000;1503082165;1503082168
1;1024;8048;0x216242d666d9f0801d3e1862d6ed69a1ca6b8dfa2808fbe5e024a86ec3becee5;0x0016002ba0183bf54c32bef1f122ea96d9943da5c7989235021f9f2a2e712ddb;0x1e5aa03f;0xc7989235L;0.500000;1503082168;1503082171
1;1024;8048;0x03610225dcf94aa7695d402cfc42445e15fdbf99fb73d45eb3d5e72562e09f65;0x9d53b5c9068711348e8b61b9026dbd31cf3b6bb301f2525650c16a7ad69ef072;0x500c3588;0x1f25256L;0.500000;1503082171;1503082174
1;1024;8048;0xfb96207fd94ed5f9aa2867c1059a5ada8949a8626ed61e64798abf323c769f38;0x579c460c00d55f532fb17ff130e3f50fd5de174cae5f99b53523d731eecc7d7b;0x0b9ce43d;0xae5f99b5L;0.500000;1503082174;1503082177
1;1024;8048;0x0dbf676a02adcdfe43621d07b6577e3e0032900cc3c4a5c95bcfb4b8e94fa2f7;0x26472c3fa09549b37726d0f7bd5f148192759655f4e73e56593266f9617195db;0x2393ee91;0xf4e73e56L;0.500000;1503082178;1503082181
0;1024;8048;0xfae0f9fb05698d2b0fa5236ba891aab30b192a6cbfa9a810750d84f6135d3e0d;0x3ac38693a94f9d80ac51626c0822197c3987b64ff10e9810601459148b8d74c2;0x7608871d;0x84fd08a9L;0.500000;1503082182;1503082185
1;1024;8048;0xc228b1ee3c9e7bdc8e4f808009303ef86af5dfdbba517c1345a837da5cc25a1f;0xa5f9ef92089ac02d3626c98476faa588f52bf4ba8fea41caa3206ba51dca6f82;0xd0ef427f;0x8fea41caL;0.500000;1503082185;1503082188
1;1024;8048;0xf36933894f864e2d1e0bc184c3e56509d276f57be6066890874a2e164eac9f41;0x04ac9664f1f5332190318e0873c494158ebe98e34202c603a51fd47e2bde1a17;0x5e736a45;0x4202c603L;0.500000;1503082189;1503082192
