1;1024;8048;0x209185e14909292ff78f39e5a8eec1bec6d15583d4681ff83b757a2951640b71;0x1956de52d7a3d6c2b5bcccea7e444858f3841db42226fac1d0f4838cb025ed04;0xbc8371b0;0x2226fac1L;0.500000;1503224399;1503224401
1;1024;8048;0xc767340be6333a12eb124a6e7d13b41cdffd44fe69a5f181df36fe68d85cd69f;0x3e13788c4f8f7d40147e56d2286c915abd25dea38e2e24e88feaaf1fa88e9da3;0x42735516;0x8e2e24e8L;0.500000;1503224402;1503224404
1;1024;8048;0x0e23d178fdf931649084eed02fd170154a1eb3ced326bc252628f5b3f525a603;0xe92a161bc0b8ea6691a03e3f658737b09851c189227d09737d395f2fa7fd950b;0x8fb36dbc;0x227d0973L;0.500000;1503224404;1503224407
1;1024;8048;0xbbbdff7b4cad68f2be21d7f2063f3dd8739ce1152f1e253e15a7890ee4736e9f;0xe7ad6ddb5ce0af1ef74d2f13313f48375a7f5b5bd114e6f35f17c3c7051ba57e;0xd669b718;0xd114e6f3L;0.500000;1503224407;1503224410
1;1024;8048;0xdf22fed50e308464c6ebc653c4126d6decc921b4565a7f2a0c1314f76ddbff4c;0xbaab68981e067983e649b9bb8210ce09d5fdd14336fca5900896fb98273c456b;0x608b09b0;0x36fca590L;0.500000;1503224410;1503224413
1;1024;8048;0x4a9b697cc54b45540b6fcc721296fd6c88654bbb3eb9dc05fc64cf6828b4ca72;0x404eb7fcd793e49d9ccd9755631f71c9b07b84c04140fea451d9ed510ac65dd5;0x3626fc39;0x4140fea4L;0.500000;1503224413;1503224416
1;1024;8048;0xc6a6ec88fac809939cd34c4e19e489ee3d9763cd95017747b2372cae5328ba1a;0x771fdce4548c258071e4cf91b19672e2b3f8bc6d4f395de86096bf54216a7be1;0x6e5a7630;0x4f395de8L;0.500000;1503224416;1503224418
1;1024;8048;0x5fe1594de7fc8a9a848d5bbf7e83aba4d4cd2aca02d64efc1aa09c3c6bfd85ca;0xcb300d673d6e98d5c5597dbe05a18e752e37e0fdd06cba5e0e1029860c599fd4;0x3ff5e0b2;0xd06cba5eL;0.500000;1503224419;1503224421
0;1024;8048;0x84a06abcf1d94166e9af88c6bdac9b009b1eb641ba64f5308121e39e7f936503;0xb6da41e1badb287d6cecfcaef185ac864a51f56e3312ea6adbdc0c9060814823;0x72c31b83;0xffffffffL;0.500000;1503224421;1503224424
1;1024;8048;0x8954f2cac477eff2a736f8ca6bcd26f601524ec983931fd0e5107429313970ba;0x6e7c5df5329f9e9589a4787f8e3830b1b7d34ae647b8230ea008fab89e40fc93;0x1810a262;0x47b8230eL;0.500000;1503224424;1503224427
1;1024;8048;0xf3677c1440f8231072a0e26c7d1a83eaa20d69d3cec72ffddf11c21ae494a7d8;0x9a0b04df84043767bc981cd11ad3ba644e8788fc8dbbe1e6a992f3c36822853b;0x05b859af;0x8dbbe1e6L;0.500000;1503224427;1503224429
1;1024;8048;0xa6b746dea36518dbca20fe77b9d6c80f46632cec0deced053a8dc04522f29bc8;0x1a4be982dba09ee325ea10d778fe00ca9895cf86db46b735cc01dd2f3d74191f;0xfc5966af;0xdb46b735L;0.500000;1503224430;1503224432
1;1024;8048;0x150b0a1b89828ac9caf3d5c21bc9a7fc210e2e2f4b776841f74d1e444a84a260;0x789083c26582c764cf358e28638c2a5d42f3aa49074b4fb5c664bccaa82e6fac;0x86f67244;0x74b4fb5L;0.500000;1503224432;1503224435
1;1024;8048;0x9d7bba0bc7a0f3521deba6477ba1013fc9243fc726ce6b856c8560dad2b02370;0x524fb7b96c0a4cff0f1b86401bb594cba28f92a18e11fc86b2b2c5c8d5592654;0x3f8c6b1d;0x8e11fc86L;0.500000;1503224435;1503224438
1;1024;8048;0xc8c3c5b36018d65715ad63ed0db1f82fe4cb1982339627508ff1da14a738656f;0x095204b0b1372a7d02c712d235982091de914348c0d1e25dee4466dc7cf796af;0xa317606d;0xc0d1e25dL;0.500000;1503224438;1503224441
0;1024;8048;0x694763440d34424cf0fcbdd3f22b26621e8de768fb4d269e6092b6dfdcf39746;0xfc80fe2ef55f504ea3791f6e771a2a2641e52e723fc6a240bf0e7f302fa451d3;0x27d585e7;0x5410154aL;0.500000;1503224441;1503224443
1;1024;8048;0x7b9b53c112e8c2719130d3aa205a9d5d6c083ab833a1dea16dd24a8c5e9570d9;0x4e23fa163d5dfd9a6b725adea8082323541b62ed1e709116bdb71d25a3b9b887;0x89439d70;0x1e709116L;0.500000;1503224444;1503224446
1;1024;8048;0xf3ff8c697cf621ec8ed6f62467130d89b9adfbccebc087e2b2d99cfe12c0d905;0x2f1df5439cca1b653ce508fa1c758eb4ddbc8f263e1c9099e87759fa3293293b;0x5368006e;0x3e1c9099L;0.500000;1503224446;1503224449
1;1024;8048;0x5a30c3dceacf797e4b6a7d2d81f7bc34d27710a2d8f6ac41d7a575c4fa2d8955;0xb3a833a36f7941e8a2f8ec4a3f1054b0bcbf8a01c8556cc1e8f9569c5711ce79;0x7af1c3b5;0xc8556cc1L;0.500000;1503224449;1503224452
0;1024;8048;0x6c11a493c93e22742746d8355889d27f8891fdf7a8564075a69d8658edf3645a;0xa541b57e696a5caf2c66fe935748793a1397510f27a640315289fb42e96b9f6c;0x4589616c;0xffffffffL;0.500000;1503224452;1503224454
