1;1024;8048;0x90171df39b955fd8ebec1a4a3464e4696586f7afca3b1517757998dd5ec12aee;0x278d64126c53ea9e9fa637cc81aeaf0d91e81d38f8893c1710892a5274eb0f2f;0xf9597e58;0xf8893c17L;0.500000;1503077698;1503077701
1;1024;8048;0xbf55a3d0bdb949cae981c09a0060da07dab690de0d756e0aff153d951e6c68de;0x491e19f08e8eaa2ee388680c2533f0b384a147876762edfce248eca22b48c563;0x927db593;0x6762edfcL;0.500000;1503077701;1503077704
1;1024;8048;0xe2d41c0a798a537b8f112c5ae683e244fcfae9a4b7d573d28fe91cba7bcce85d;0x1bd043c6f3651b6aefb6cdc282c99bafd1a0aa7975d973a9226955b1aac7dae2;0xd9450c77;0x75d973a9L;0.500000;1503077704;1503077707
1;1024;8048;0xd34cbf5a5956e2c0447ed6118270d4f108ae4eb6b51073e0fec48db0ccf417a0;0x064c0bd9ba3f7a103aead5efa7f72dd738e052381e88db43a5e60ecfef1ccc4c;0xa6fadc09;0x1e88db43L;0.500000;1503077707;1503077710
1;1024;8048;0xb2bf29fc0bb60742bb52705e421826ad5b06f1989d3512469ccd465f3014dae2;0x8cc9f961b03598f34d0e9f88918a60bcfca59aec0ce89dab7146a4680a6f9e4b;0x177cff31;0xce89dabL;0.500000;1503077710;1503077713
1;1024;8048;0x3894604744ea849be0bddc62c0992ddecd64bcebb8faaff931d65ab3f81f3a30;0x118a504559fac6dbdd173c0c19dad4e687c184ce9fd8136a06573f5d5e265789;0x6b945bdc;0x9fd8136aL;0.500000;1503077713;1503077716
1;1024;8048;0x45f0fb1d723ffa03eb9572438ba8fafd65b8bb9be7e9df6498ac64509782dedd;0xe6ccbe58658d056f14daa87ccec357dbbe749429b539b1e708f853aac1d5513a;0xd29c5c92;0xb539b1e7L;0.500000;1503077716;1503077719
1;1024;8048;0x84a7a7c49ff6ae3fb46929c9f29aaee76a6e22b97650fe9d6a7b29d1c9ee974d;0x85d7484dd66b913671f24ecc5def53911b6732c6c54584f25016a4dfeb17b165;0x622ef8f8;0xc54584f2L;0.500000;1503077720;1503077723
1;1024;8048;0x7303eb6d2fda3ac2b9bbb002dc69e7c3e2fbb6ddbc0bcd9a626c75df28a6869b;0x7021445e18425d0cd8dc099b004064f30919a8600f52474f12a32b67d984f25f;0x38b29ace;0xf52474fL;0.500000;1503077723;1503077726
1;1024;8048;0x27342bbcfbfae7e329b4472c3b4223eee8fde27ea12a3612b25c113477c2029e;0x766ee4d956ac221dc41e1c1ddb334e118dda36c44c0254532d703cce8c4b8d42;0x22b58aff;0x4c025453L;0.500000;1503077726;1503077729
0;1024;8048;0x5426dcf9f805a51a2811b781525f5b10e8dfde493f8d06d7383a2fd51f73d674;0xbb2245f13f53944b557364fd82cd59a316a176d77dacad2b506220fb3d7bfa35;0xaaeb8876;0xffffffffL;0.500000;1503077730;1503077733
1;1024;8048;0xf2a2904677de844e8328485218c786c05fd1d761a17c685e8f5c71fb97b56389;0x590fcb07bf709c4beace68cb38476057646160cddd0bf02967500338e549dbed;0x8b72dddb;0xdd0bf029L;0.500000;1503077733;1503077736
1;1024;8048;0xe04eefc859fe7894e6eb4c021968996a8ed797c6ae815386ca1e3ff3be9cd09e;0x09575e163060283922195fcfae122d1070382e0e50dc1e49629190d35c970c2d;0xd5d4bb23;0x50dc1e49L;0.500000;1503077736;1503077739
1;1024;8048;0x4bbf7cf7cbf0cb3d83e977ca7a6a27519d9ec35de0da313a1f485ed8a5554af0;0xfacdc84ffa521c637751caa07a61f007e86c0d3fb6b11346b088b6577fe5640c;0xe16a692b;0xb6b11346L;0.500000;1503077739;1503077742
1;1024;8048;0x6e7c09122df53f87d2a701cd63e2eb1b41eb88a74782af6226a1bb3e562955c5;0x1fbdfd67e92311057d76042217d017aff916f12534f766732fe3ffc5aef6f45f;0x609c7ebe;0x34f76673L;0.500000;1503077742;1503077745
1;1024;8048;0xf3906ab22235ac7ae0682addc25230e9e343ca6509ded80275bafdf4097568fc;0x41e70f414abf8904c319e1031a6ba0fdead63d60fb6f9cc2dac9bfaef01f9d22;0x71a21dcf;0xfb6f9cc2L;0.500000;1503077745;1503077748
1;1024;8048;0x41b66a84a0ed90f6085810180c5630e85a9be734374281333ebbccf2e8716f29;0xc0c8f4af6360882d948cde20261629a02e520b33e2b4b01dc9d305e5a1f250d9;0x4be6a140;0xe2b4b01dL;0.500000;1503077748;1503077751
1;1024;8048;0x903f81f9445246444ba91ec9f1568d8823384513b3892bc4389094356adb12fb;0x9816a65e081e0d8810b98f5c0ac952d2395776444cf88fdd92a99030894d5bf6;0xcaa9672d;0x4cf88fddL;0.500000;1503077751;1503077753
1;1024;8048;0x37e8dba7e2dc98afc01db0eb9d18ea41c00b7b3228ab20e2060097e8f23b3229;0x9c1db358a2072220096e37bc5f469d28ddc7ccb288778ab1d11eda18bdf28b19;0x47a7540e;0x88778ab1L;0.500000;1503077754;1503077756
1;1024;8048;0xab42318994d57e59572415c4db9c33deb50c1d5a86bc30f3c3f3517fb9121d64;0x6f37f475df44ebbc4196b1f8d0f5621f6b0ce8457362c9d94914030a8b0dd585;0xcc1e40f1;0x7362c9d9L;0.500000;1503077757;1503077759
