1;1024;8048;0xdd347d9efef173f8af506311708d62ea402a779d4fb542c989a1a11b9f997f7c;0x65fd3f1bb3ffc00d94b859a74a413423a11b625989ddf3cfd664220fe9cfdf12;0xa3d8d32e;0x89ddf3cfL;0.500000;1503134618;1503134620
1;1024;8048;0x79e9c797680dabc333b5084029e2376dc0013a12df1f6ae5b461a2ba1fa14f98;0x6fc8291f02b791eab0e32ec5fbbe9f697189318f2d9397beccec41cf870680e2;0x4026d4a0;0x2d9397beL;0.500000;1503134621;1503134623
1;1024;8048;0x818ebc76776cb3e462b0084b0676a25cf3af0e529ef9a1a7ba2d573a1465d095;0xa6833836b59172c7f07814081b15f3598b3da463b33fd6ad341e3f9572790753;0x08d27780;0xb33fd6adL;0.500000;1503134624;1503134626
1;1024;8048;0xea65f7180daced4e2eda584f8bc858da4fd0554399809d225fd30c37bfe39daa;0x73a3ce77179a48d5a7653f0db7e6f368f9bed2f2df43e36b138934b5b6ba38d6;0x1f1904c2;0xdf43e36bL;0.500000;1503134626;1503134629
1;1024;8048;0x242a3f99c3b9660aed38c2e07ad5bbf4e8690382613e78e2371bfc42c10cd7e5;0x3b91c5008982b90f4e2bfb1b4bc5425a56f5ea0505e2be368a82fc4a017ad047;0xffebc9eb;0x5e2be36L;0.500000;1503134629;1503134632
1;1024;8048;0x735b4988705dc154cb62cd5f2027bdf586188b902a5249bbbae0f74bcef3a341;0x8782882925ab6d817fc32c3fafc906fa1e4fcce9dc296cc702c9c258491ab891;0xc6eab93f;0xdc296cc7L;0.500000;1503134632;1503134635
1;1024;8048;0x453bb6a6eef61d22f5a9f1a4ec9b3431e0b0a97017e585d89374258a1e7f4c63;0xef4f87d4fb15a89634992e890c6c5481c20359b4b1c215ea1d3a66e8cc2ba041;0x902c9f2d;0xb1c215eaL;0.500000;1503134635;1503134638
1;1024;8048;0xabdf55b1209ff06518eabd12a884e65487777490c794d057f057037d2e066dd9;0x38bed71b08bb957b78749f1baac9bcacba10a2fa2f5808bf6ee279d52d40c2e6;0x9cabc9ff;0x2f5808bfL;0.500000;1503134638;1503134641
1;1024;8048;0xd8504a56f71fd5905bef874f50bf07ccc6d4a5f2ba8332846384f4a51df159f5;0xb863083b401993176f01bb92f5552b6ca27f2196aead8298be78295492a3a214;0xeb2852af;0xaead8298L;0.500000;1503134641;1503134644
0;1024;8048;0xe349aed32c994f0ab453c69c6e1da34d079556b1f36e722c874d7d0ef7b007da;0xfba7246f7978fd2e68112be6d7919d90183b29a89af1cf82c2f3437a887db222;0x2ef06d5b;0x20e94402L;0.500000;1503134644;1503134647
1;1024;8048;0x05e5f0277eb579754353ea48ea5fdc8a36c917d7a38db8455fba111e25e0572a;0xc99491675fa28bcd6cd17b6887fa6852f954495e9bd7656bad4f3fb82df535f7;0x07fdb249;0x9bd7656bL;0.500000;1503134647;1503134650
1;1024;8048;0xa1b4f0f31e4100acbf6212443e4789a8169c24f5ebfd7ed3e7c6ec6d1dcad2be;0xb4c280fcf0ea1678e95c30fc4c531b2053046f19afbf51c76750b5b2ed39ad6a;0x5b6aac3d;0xafbf51c7L;0.500000;1503134650;1503134652
1;1024;8048;0x5d750d3067ec506d8e77f1b72d5a5c0e95699230ca7b0b8c98d0bdce3202a890;0xc379861773fab39042b4828505a2763a8822d77adca50733f4952b2e7cd517a6;0xd02ea8b7;0xdca50733L;0.500000;1503134653;1503134655
1;1024;8048;0x9cae2c501bc70286df9a080ceea1411ee3f02541bb8bde034fb5243013089baf;0xbeb4967a500200330a14e64ee48ddcb7c8d57b781920608907c958b84174eb21;0x798f6e67;0x19206089L;0.500000;1503134656;1503134658
1;1024;8048;0x3318383ddd5b2656cef466a9839c2a282c92f2bdc2f246af4f78d30cd2cedf05;0x41e10abdafbf7e4e4121bff58ef3ccc3431f5f68f0feaa26760835cf45a16b76;0xbff5706c;0xf0feaa26L;0.500000;1503134659;1503134661
1;1024;8048;0x6b5af389c3f4815829855105477497ef051f1b94a9014717dd0bafa96cee41d8;0x2acbb2462e38300e9925b9e3caadc8f091c6515cb88c85fb6503dec05e0fbd2b;0x501d0c62;0xb88c85fbL;0.500000;1503134662;1503134665
1;1024;8048;0x21e358f8d8160da9f61889442842427c53e572c2d3163e98e96e5c1adefb62ff;0xbd4902d46573581182759ad3684dd4d3982b6b7bb2763edb4b0355cd7bfab47a;0x264d37fd;0xb2763edbL;0.500000;1503134665;1503134668
1;1024;8048;0x94b92ef5f2370b378e3d8c35138e79cff85191e8170ed30e8b222a3646db87da;0xbcc3e5c6090fbf4e846a249b757a8928b3843715cc2fedac7ec7478fb4f56e77;0x3a2aee20;0xcc2fedacL;0.500000;1503134668;1503134671
1;1024;8048;0xdafc684227ea80e0e04ef2ff0f0c19f9d9ca2b549c25f7fc196fd01fefc478c9;0x406620409f574e02d567149b01ba33b929d4c258f3519354af11e6dc7f1e8a7f;0x2abda670;0xf3519354L;0.500000;1503134671;1503134674
1;1024;8048;0x9d281330165d292efa40c87d7919b268c2ba69dcd103d703614c6e04e0ced37d;0x98c4e9941c7b47b585aacf740432f411a6e4955f2d1da60c9557f764319d0f91;0x50650669;0x2d1da60cL;0.500000;1503134674;1503134677
