1;1024;8048;0xe235936da360591b83795e43ea5518410fceb84ae4024e0caf74044ea366e785;0x58d46d63e465544ae1e7f6b9652d51155f1f9fabac85838b8b33faee3a9ee094;0xe1273c1d;0xac85838bL;0.500000;1503140999;1503141001
1;1024;8048;0x0a87a622a17b7d22914b4a71176b97a7fea829720b47418c5dec935643d6a24d;0x0bb8a058bd957b58ab344aeac87fe14a23c047da42709758c5491f948defa49e;0x0aab8798;0x42709758L;0.500000;1503141001;1503141004
1;1024;8048;0xb2b59abdbdf2e4ef3503e487e7fc96fcd73abaceecf22a62ae03f31dafb0d461;0x6f5fb8dfdcecd9ec72c7f8c43d9c57c7e0ea34ae3051c0e2cdd836d057eaad6a;0x230ac2d8;0x3051c0e2L;0.500000;1503141004;1503141006
1;1024;8048;0xd016cef04ece624eddcf78f4a8340c926bd07931907cf0750fe0b599f4caccc5;0xc9d7c8bb5958f1b8b60e6b7976adfe6fd0d98e7b07868757cd872d32c76ad3f8;0x6479ebc3;0x7868757L;0.500000;1503141007;1503141009
1;1024;8048;0xd900913fb90344f59a28d5773f73ae514fd135dbc406012cf7fa48ab95ef706e;0x5437e0bfb1e47955a97f1ea521b63dd42408250a86a7cf460f4e1e1262ee90f1;0x4285041d;0x86a7cf46L;0.500000;1503141009;1503141012
0;1024;8048;0x7d4a8ada2335b594d6908e3e854cd76ccf5f417b08df07b7770a47cfd5455952;0xfef2ab768e14a02934d869936d60ca52019247e2f5bb4e9b4fdd37514b9cc204;0x9b6bf286;0xffffffffL;0.500000;1503141012;1503141015
1;1024;8048;0x059b622ea417032c0df2ac4aabdf9b27ff031e5cb89a6f4f4579714fb03f7fb5;0x31d704f72c5f34f5633eef87ec9b859815101f5fb107ad73a77736b4561ca063;0x6bc74be2;0xb107ad73L;0.500000;1503141015;1503141018
1;1024;8048;0x0f2e39352f35ec835a60658a5f60aa8fcfb610af069e0c00a14fb90cfb73350a;0xbe412e57bbd3ef5bb0e9f05f8d09b8b3875d737710b9377d7d15c584af473c48;0x883f4975;0x10b9377dL;0.500000;1503141018;1503141020
1;1024;8048;0xd04da8b6d4adba6879c5df84d768906a0e1ba647d826732e732c44774074d410;0x3386cf6e176212eaeda8bcc34b27fd8377bc7b65e87b42f8323ac49d7b6c80f0;0x457f2c59;0xe87b42f8L;0.500000;1503141021;1503141023
1;1024;8048;0xfe2b72629d0a6a544bca04e033ee07b10d7647ae6178bb114d068d662342d421;0xdce8ac2b17d3a8939b5ae502108bc7782aec2e28217cc4d532708d48b33d46ea;0x39fdf4ea;0x217cc4d5L;0.500000;1503141023;1503141026
1;1024;8048;0x7bbb537245a727d8adb9adac5302fb40a8109c64860ed51d4e577e2a30ae80ab;0x1392a8b32d7afb96a765c3d20de23929e2eed3fa72fbe9deecc7eb8384261a3e;0x195a4f95;0x72fbe9deL;0.500000;1503141026;1503141028
1;1024;8048;0x70639673b991d8871bac4715fff96a94fb1a0ffae74c4d90251fd5a8237d0193;0x142c98b9939cf5cefafd83bc2299f856a6df47b6025a82adfdf603cfa8d42db7;0x8ac4dde1;0x25a82adL;0.500000;1503141029;1503141031
0;1024;8048;0x7ffae578fa5b1c179aca8bc7094a0ee7ee29a914e60588f54198154dfbd5117b;0x7c8fb77ef10698f4c08eefafd41d7a3663cecf59ce77ff58c674b3f2cc42b8e2;0x3f08d6c9;0xffffffffL;0.500000;1503141031;1503141034
1;1024;8048;0x3ae7c95bb35f2c4a9f0c4399184032b4658cfec7030e7c1163c1b6592ac72e64;0x669d59eaf1d2fdad4fe1474dd3d0d164758af421ad8813604c0ee3decb0dc6fa;0xffa694c4;0xad881360L;0.500000;1503141034;1503141037
1;1024;8048;0x6c5a629e17b5539f0676b66b7f90d6b9fd33df3a7ca3a5c3a91d6a0dc75c8d33;0x957dc28d4510bb58fa7c5f8c5ed233eb5239194d6e2a0f2a6275a57e10724837;0xb5d72af8;0x6e2a0f2aL;0.500000;1503141037;1503141040
1;1024;8048;0x779880c8e90f9ace14b49f3dfb51ff9d4fe07d6bc2636ca91c4f05eeba107c31;0x2e324df04041af94a53894a0e7b1c4da0a665a0da2db65703c2ad6422a71f36f;0xe9ecba6f;0xa2db6570L;0.500000;1503141040;1503141042
1;1024;8048;0x1038e6ea27d7f054a1bc28d661cca8438bb6e117cd54abdbf5c82bb1286bcf38;0xa7f60987249e5cd34d8f6396bd1140804d09d58cd340ecaa517312fa768e0756;0x0ee23e32;0xd340ecaaL;0.500000;1503141043;1503141045
1;1024;8048;0xb385c37fc94cd876c551e9af614da920b0fb30e3515e4b80a590663d3f6b2bf2;0x596037e7855efba34febd5ccd22225317597aa2ad602b44fda2683116e4f3736;0xb64a0150;0xd602b44fL;0.500000;1503141045;1503141048
0;1024;8048;0x798a5f2a5890e35596051e27dcba2e1586d0dee46fd947f59aa5a65519e08392;0x305470e6ebfbc6a669969912d9c5eb45de27d821f75c42326b4da210f69ba3b9;0xc12180f5;0xffffff44L;0.500000;1503141048;1503141051
1;1024;8048;0xef065361da5d1af796c054f16cc05c10bb206c6e9bda9a1582aa684c5753df46;0xa412368df9439e63701c947fb0f6838957c236f4814707cb34c4650027b6610e;0x7a55631c;0x814707cbL;0.500000;1503141051;1503141053
