1;1024;8048;0xdd9e28147f74112d56df9292fca63859955cf4f5995c35e072e038bfeeebb3cb;0x3765f9e509077a0f11423229b03402069719e17ab3019570f9060e7c1578fa5d;0x9d08f35b;0xb3019570L;0.500000;1503200629;1503200631
1;1024;8048;0xb63ca4260e340986593f8984e16d684a1d54b6dd36c62fc94e12ced0faff4fb0;0xf0b73f5175c09cda544e3a058cfe0dd24db60c625226602e22f1fd1d8e8950a6;0x11f4d153;0x5226602eL;0.500000;1503200632;1503200634
1;1024;8048;0x11eee91ed17d261c22261d330e4c6e4cc436fcacf018d431a5559f92adcce6bf;0x894e6763dfaa114e8ca3d9413c4358562a4f276d0179c244bdc404ab99fdf4d9;0xf0f0eb23;0x179c244L;0.500000;1503200634;1503200637
1;1024;8048;0x4714ecd0f96d27fcd6445dff6aff520d6825ed26c4ac1a3357dd6ef58917b4d1;0xe9666c15d19596ae5d9ebd52bbb17f86376e6e583c2d30da9b37ceef6af2b274;0x86a6fb7a;0x3c2d30daL;0.500000;1503200637;1503200639
0;1024;8048;0x760c4b6b6403d5a26debdd38b22781ccb8d1d1c99b39d5bafba940b2b47d242a;0x9ab5415c99884cf1f7daf2fbd61eccf5701bbc24a780f102449107588235bd27;0x01d11fd6;0x410804a1L;0.500000;1503200640;1503200642
1;1024;8048;0xd65be82f22e44fa94c8743cd8cc608f58c1ed5e0a9ece340a8920e8ede803fb4;0x5b545ae0e46e8aefd63f992a6f65a147c3efb3074d7441c9717064bfcf78ad29;0x0ba56355;0x4d7441c9L;0.500000;1503200642;1503200645
1;1024;8048;0xfb8d0025829c73e981bffaefbf790e391d9b8aee441ff47dc733a61fa37eb89e;0x3c57331c6ac71c5888dffb54f764b28e2c94c17b1e035b239db1fb9a8efc439e;0xf85f6ae4;0x1e035b23L;0.500000;1503200645;1503200648
1;1024;8048;0x4af2b729420938913543c1a6aa3f5148f01fa44aab4359467b9e113fdaf91325;0xc72d284973ad0cff5463d0516eca3090cf00d4c5ee21cffdc24bf6a1f30a8754;0x13d01f7f;0xee21cffdL;0.500000;1503200648;1503200651
1;1024;8048;0x15f3ab1aaa8d569dc42fd36af704aa9ad4977cae6f4f842dfdf0b79db8c1e8ce;0x1f2f56304d0e73f77141bf98bafaca8817db7dd471e149dbba2e3b716b3f1f4f;0x6f12176b;0x71e149dbL;0.500000;1503200651;1503200653
1;1024;8048;0x7da16497765a3b9bd00e01ee622d08da27538f8a4591dbffbec0dabbcc185e4a;0x222c8c2b4ef786909130c3ef70ee76f787d176ebafb4269a9ff76c7a35dff610;0xb3f51e78;0xafb4269aL;0.500000;1503200654;1503200656
1;1024;8048;0x38699b49d555987d5b2aa5e4878668338de1375872e7dcc0f296887c25a8845d;0x0e91a5e068725878aa56c9e492300f643560b49f6081178e12738ed210475db4;0xd44e0d78;0x6081178eL;0.500000;1503200656;1503200659
1;1024;8048;0x264fe900365a518387dc0269ef50de8cc07c1caf55b00b6113ee509a64d1a68b;0xddfd93fb5859f2cd52f1d0de51d733402b3306135110cc28fd5066ad12a5a602;0x41cade33;0x5110cc28L;0.500000;1503200659;1503200661
0;1024;8048;0x7f54cf8085f2ead53fd0821a3d04bb6a2888768bea143644dfb72a8ac15b7f40;0xc3e80a35653f1ad74ccc23f282064993e940c778d953ef110e8042afe358d5a4;0xa27f6444;0x42a28402L;0.500000;1503200662;1503200664
1;1024;8048;0xeb247d55812b7faf9f51c6155cc900c82106eea08ae7177815062f610297c7ed;0xc88d715a55cbc781f4a9a3e6774803d56740a83e06172c6f8e80adb7f6d5f646;0x25e64913;0x6172c6fL;0.500000;1503200664;1503200667
1;1024;8048;0xf4515c92a836e60b5958b14d43c77c69fa6d524a22565d2186d36dbf997ed48d;0x0937eee9fde1f42a1154e313ff3a0f2ac918e9e8aff9409ed8554a837b533690;0x69845d91;0xaff9409eL;0.500000;1503200667;1503200669
1;1024;8048;0x86a2a0ff5268aaa1880fff9c612e72fe4648dd4200ca34c9cfeb961be8b8a96e;0x0be40d78d9541478dedcb6d20c46c1262c211e50c6acdd3f80845e989b533d35;0xfcbbf1b1;0xc6acdd3fL;0.500000;1503200670;1503200672
1;1024;8048;0xd08d072ac179f606b4b6d0034629274fb4cd51f0e64a492bcad4d469452f2715;0x9d5a5193127d5993d3fe968b40c2f6677c3d7a6253050b26b3f228551e048bf2;0x0f580939;0x53050b26L;0.500000;1503200672;1503200675
1;1024;8048;0xe97c5084e6caf732c3abf50d6cd393eb5967bc6b19a7e8a6754d424e40b9c529;0xb7e7500ae9fcfe05a5db8708de8e38dddb0e3f793c505d11ccde3eebe6780da8;0xd51b40aa;0x3c505d11L;0.500000;1503200675;1503200678
0;1024;8048;0xf0084c7ef98f5c2fe76f4a9b1f84d25ce1b006a4a508403c74d92f7cf333e4e3;0x272dd740135d37f4c3b8a097f8dff1b0c34d8eaa3fc500ca1901f4f6a78b7431;0xdded1f91;0x111532caL;0.500000;1503200678;1503200680
1;1024;8048;0xecea0f68b77d4c13aebd4baa5c45de7f1c066edf5de2ec73d1bd477630ad8f1c;0x8ee17275412288d86317a8483e1f4f87562bfd53fcd310c0fb64e487c4680949;0xf7060cc6;0xfcd310c0L;0.500000;1503200681;1503200683
