1;1024;8048;0x556d9e735aca7547bad029b17c68d21253d8c314bf3c927e09c563391445576a;0x6fa10199cf73ac5e6fd9208a8ca61a4a30a22c8a53908229173fb629ec6e2565;0x2f28c115;0x53908229L;0.500000;1503182788;1503182791
1;1024;8048;0x0b154cf66c01044fa259978b33ec93da7a6ed7ea2b92242e9731d1c53741b443;0xfa165c6151c8c6106df1ae49ccd5876e97e760e9585e253ceece557713042524;0x16b99f9e;0x585e253cL;0.500000;1503182791;1503182794
1;1024;8048;0x94061c14f9d248613ee59514d207b29877fbc0ff3c49a5ce23aebe41c2d36357;0x0e2ac22b135ce71c1878d31eb8832fd3b3942cbc6049d70fc60c986a1400b666;0x69e1f6ba;0x6049d70fL;0.500000;1503182794;1503182797
1;1024;8048;0x1a2cde356cca711ac274007eb36445b1110db88d1b9e03d644dfa63faaf242c4;0xcaeedac8f60fb87b63b37080147c86954d8608f24f5c36211406869d030e8d13;0xb719149c;0x4f5c3621L;0.500000;1503182797;1503182799
1;1024;8048;0x30abffc1e9a389df69e0909e398f43f5f38d2431961a2af7d7489b0fcb4006fc;0xe484ff32bbd985918eaa584fdb0390a8d81454bae15e061897d21bb3d0f303c2;0x51645127;0xe15e0618L;0.500000;1503182799;1503182802
1;1024;8048;0x02e731ec20b04da7ffc472135ee41ab21f1d1e66d8090ebba7da354c60107a62;0x434033c86561fd292f5167f7a9c59769cf432143de6df9eacb3298a2b2dc027d;0x4aac30fd;0xde6df9eaL;0.500000;1503182802;1503182804
1;1024;8048;0xd55773ab0ab5da56c41df64548060b92724d985c27da1f3e2173c172710dc546;0x7033e26334cde30d8419e579772f7c140a686adc2c8559efa92157d8b23efe36;0xbd680e3d;0x2c8559efL;0.500000;1503182805;1503182807
1;1024;8048;0xff31d4c888e7e583e11fcf6a61f8750b185da28645e2665460c6925f94e08193;0x2999744055ad1dea5bc79303fdbebd7c6eb8dd2a14991c62f08a2265364aa495;0x5e08b3ec;0x14991c62L;0.500000;1503182807;1503182810
1;1024;8048;0xa0ee19b6798b7bd1d0bfa4cdd0885b2387180eebbf27224cba12eaac924bef32;0xa380d77070d0ee4e5e2b5dec87e8e635c21fc7a809612bf15c0eb58c74bad4ef;0x2d3a20b2;0x9612bf1L;0.500000;1503182810;1503182813
1;1024;8048;0xf329878c12cbbc90f225994ad4fc73466aab53aabd4a9d3c8729f4eca4d2bd97;0x41e530c58dfff8dc8ef6db7ecc560f51cc00f98b33d73179b7b073642b173c91;0xbf86e5b5;0x33d73179L;0.500000;1503182813;1503182815
1;1024;8048;0x69103cf42e033aafed6dc071a62a3c1d27303081be1f9684c448d1624201acab;0x9dc549ccdd44253c09de22e73765f28a376480ab328a7e9d1ae589059f83dc33;0x288a4061;0x328a7e9dL;0.500000;1503182815;1503182818
1;1024;8048;0xf5829bb82d9e4fe580af5e660aec2dc746261af8c2766a66dadfc7b0699f195e;0xf0652f87b2643151251081b64d15cad1da3e1d685d55b3256a17e038baf9aa71;0x8716d714;0x5d55b325L;0.500000;1503182818;1503182821
1;1024;8048;0xe39390592f6bbc34946e539bedff2e9463f801d4e7761956ea1a44f7dadebbbd;0xca8c3a85e9d03899696d2b855e88bed170555e654f1460b56b906c56d752a2ea;0xd931a023;0x4f1460b5L;0.500000;1503182821;1503182824
1;1024;8048;0x8b9c12761b316e967cdd6329526050bbbbfe3f4d72f825e5cf49b3210f9e729a;0xd4ff161799d0bc212b8e513788faa8e3e06f2254a8c8445cc5d4b99ea1e8d34e;0xb8d837e1;0xa8c8445cL;0.500000;1503182824;1503182826
1;1024;8048;0xbd8a55be77b9b5fad3a0282bd6bf99f51e2d873fa3b51ac05d3ea632a8357165;0x346a5c73d04ff29397082582f9a59c607e278543f9e04de175ffd150237f853e;0x96580581;0xf9e04de1L;0.500000;1503182827;1503182829
1;1024;8048;0x4d84cc6084146bc4ca5100b68ad0342796f4068f5b6dcf4e7c4a97377fce47cc;0x2f75c2b5f8ec3f4bb195ade4703f7a468ca3615de20edf927cc10c3fefffa9fe;0x2effddf7;0xe20edf92L;0.500000;1503182829;1503182832
1;1024;8048;0x4f228451f9d26a17e5239a1ac84ea061c2ee5b95b81224b939df685e874dadd7;0xa794ad799dedacf08285c3cb2ddf05dc2895dfb25708c24909ce254aede2c195;0xa5c07046;0x5708c249L;0.500000;1503182832;1503182834
0;1024;8048;0xf91756679913317282bb5f0877e6d1f736d55966a59cbd95614d6d95d66d20d0;0x8b710907bb0237f924daa99800855ccda1471fc66d4bba20571f4741291aa5ab;0x24df0710;0xffffffffL;0.500000;1503182835;1503182837
1;1024;8048;0x2d5c80e999cdd27fdebb4badbf26f78d50071141e3bc8288f633b620805567ad;0xd3b12b51991a2c96f90cda1827d16d4141fcf81f7b5d8892a866ade6d324072c;0x7fa08895;0x7b5d8892L;0.500000;1503182837;1503182840
1;1024;8048;0x962daf261395208aff7ab2335392013c36bb324a31edc0efda0e53e2185aa0ae;0xa00eab12bff476b0db758efab03029072b84ac25db05f446f3b2231e88da4afb;0x78f89261;0xdb05f446L;0.500000;1503182840;1503182843
