1;1024;8048;0x59bcfd0bb9b730b18f629c95a97f82554ad8012d4cfd3eff2dedef1430b24b89;0xc3caf4c4b2b4e672000072336b95384326c642b64caf651d680f0cff6be3b233;0xe87bc8f9;0x4caf651dL;0.500000;1503096561;1503096564
1;1024;8048;0xf275fb8fa214f46896d67ce2492bc70deae6b30fa8f731ceb7066cb4be5e3eb1;0x49248e993af99652d44fbaf2b0859d113e344c0a1b36c0789fb3fb0a055c70c4;0x9737a60a;0x1b36c078L;0.500000;1503096564;1503096567
1;1024;8048;0x5f132fa66d72e4d65edb1c4d353b0229e4760c2e18628f4caf9352f45aee62b9;0x41d0591a7505b6c02f92e2c63e87b8e027773b692d7698938ac5650afc50524d;0x5ef56481;0x2d769893L;0.500000;1503096567;1503096569
1;1024;8048;0xea2f7fcd94ffb96de66c183f45d5c0c734da93424b1bbe78d54b674696530780;0x0d9b924958bb26c9a9ba97c041064f9fc635bd29dbe01609495d464d205cb947;0x474dc3cc;0xdbe01609L;0.500000;1503096570;1503096572
1;1024;8048;0x26bd4e418c4b9632b4bf3f91d6ece729728be546593e9e1f9b40dbda1506373b;0x34a2c1a6fe4029f0204aca56a844445c0d1b4f5668cf623fef8b67c6df544bed;0x4bbc436d;0x68cf623fL;0.500000;1503096573;1503096575
1;1024;8048;0x03f7a952bc9cee07e0aee79e0908cef8d14f0411b5a2847fb9af2c5e997b299c;0xa6140f8420377c3eb16f3c757b7e3a247d527acd8515210d695c6f448750b4ee;0x945e8ead;0x8515210dL;0.500000;1503096575;1503096578
1;1024;8048;0x7dc5c9dd59f0b022d023d7257cb6eda3d6eb75b3a9d9419fced3e2a9c872c545;0x22e33a6b56afc66469c7fd60a3876f572378a3bc9b79c30f744bf458492ced86;0x1e8b47f5;0x9b79c30fL;0.500000;1503096578;1503096581
1;1024;8048;0xb8e0c4d7a6d919ab4960dd31800d2e41defb3fc6a18ad53dc709a775efc47ca7;0x304b94e0cac3b9f6d8fcd73a63bbc04da01f473e5e4c8a5b332afbcdcc323d0e;0x34e10925;0x5e4c8a5bL;0.500000;1503096581;1503096584
1;1024;8048;0x0c5798bbf1aa3dcdc040a05fcd351894d5ee653b3550100c4cad440a3f0ac24c;0xc6110eaad304819ddbb71c489299e74d073b7e03e6d6295281a38853e8210d75;0x0300f073;0xe6d62952L;0.500000;1503096584;1503096586
1;1024;8048;0xbabcbbef58c8fce0d24fe0299db462aa2f710faf773097fbd67346b1f42682ae;0x21d5878a2f47a24751f2985eae017bde10a50d6e61d9affb76f7a81f3bce3325;0x2c3247d4;0x61d9affbL;0.500000;1503096587;1503096589
1;1024;8048;0x7c3b4b1134f793ae9bed51a61cf695d25161bce8853388f900782b510d594f89;0xb89b0d6281e5ddff307c21ea71ac83617b26dd404cbadb4742c6ed19cc7d1967;0x9277a1eb;0x4cbadb47L;0.500000;1503096590;1503096592
1;1024;8048;0x6a4b83b7b4302c2dde4b5805c0e2ab1e3cda9da3015af1cd15b01389c6a13930;0xf08639640453c64fa4892c5f5b61c7acee89ab3cd008f336c28cf17f64816d3c;0x380afa39;0xd008f336L;0.500000;1503096592;1503096595
1;1024;8048;0xc3aafac6bb7747fa79ac305f89bce224f7cfc64ee735fa089f02a5598b811b4e;0x0394af900354780e2eef75b11949cc619c61aee0271c41c1916cf7ad2ad9ca2f;0xe125c654;0x271c41c1L;0.500000;1503096595;1503096598
1;1024;8048;0xb870924e675e45b9bd3c24b455643d082b10f2020afb9814908ef8d0934d684b;0xe5b534eb7973512d40358a3028224847ca35e111eed044132897a49a9d21338e;0x4a1ec19e;0xeed04413L;0.500000;1503096598;1503096600
1;1024;8048;0x83b00c510ffc325bab69fe6911849d667eeb6e2f2a40ffae93ac4f285a48d3dd;0xd3e80a02b67f3b8f0877a6e4d86bfdc700e24b79bcb9c452dfe610273a2ac2b4;0x565f6c86;0xbcb9c452L;0.500000;1503096601;1503096603
1;1024;8048;0x42e9e2383964949aeae2621367acd3be2ccbddc3fa0c548b5436d0ef3e332a81;0xe420e23910766539cf4dd9c18a0b2d2c2932abe42838f9523fd0e1fc69327e56;0x6021b634;0x2838f952L;0.500000;1503096603;1503096606
1;1024;8048;0xad912e7fb4c0dca4130d3d6378f975d10fac852f0798c0f4a436e558311a64de;0x52dcce00b878c0fe0ded8428326048d5192180d744558b654f989afc63f6f55d;0xc3628921;0x44558b65L;0.500000;1503096606;1503096608
0;1024;8048;0x90cab08a66b2eeeb894e934fb6fd5bb41d4f19cba04f32ae997ae242f5e38a85;0xebf5289cd39479d62778ddd7b90993ab8faa150dfd1cb394be912fa2f375e9bd;0x359f30cc;0xffffffffL;0.500000;1503096609;1503096611
1;1024;8048;0xd94bb71ee9536e7505b21ad8b705e7095faf167616105eb74409e9ed48472321;0x8668869340adede2d19b86284e858e4e5cada3781b800b623e4ee757c8093278;0x1dfe488e;0x1b800b62L;0.500000;1503096611;1503096614
1;1024;8048;0x3689fdc3994cacce32ca6fea0b69715e4c36fd724ff7273d7a5fd9cf5515278b;0xb8c90de7d3eef8c2d670602572ea9ac4e60fb89e044cfc7b06271165e7afcc3d;0x9dff65b6;0x44cfc7bL;0.500000;1503096614;1503096617
