1;1024;8048;0x919a2dcebb08f70567cbc88425c96519708e477ecadc691fc13879a33df8afce;0xfac2f48efcdf1f7f795432cdfc5db275cded2d54dd9f5edf894c8426a05969b1;0xbfa9c935;0xdd9f5edfL;0.500000;1503129591;1503129594
1;1024;8048;0x787bbfff1573beb6b2f9efcc8875f6217e5a61484506e6a77c312ada8da83b05;0xbe577ead8d875953749bcc4b929541bfb0d4eebd92db03c7186750e1a6470bc6;0xccc66622;0x92db03c7L;0.500000;1503129594;1503129597
1;1024;8048;0x4fb6905350dea76ae8debece1d1f8c3858a4ec3f7468f6dc66f36d0d79b039c8;0x8dc371b604da2a2a247bb5652bb18c7cae3033d33dde11fc4c20a2fa6c0a6fbb;0x477a2069;0x3dde11fcL;0.500000;1503129597;1503129599
1;1024;8048;0xbeeabd5ab714b2b0c5bf163593222f0f6484c1f64b20d32266227f213d4b59fb;0x27fc35542af7dc2c4b57fdc0a91cf24415940f264af1a87bd0600a11b6c005c8;0x70cdaf4a;0x4af1a87bL;0.500000;1503129600;1503129602
1;1024;8048;0x43879a102ef73e5a796f26f5793e8f5a2343f9efb5f7d3ac8d242f28265de569;0xd50290e3dddd3a79d51df103e8c45c3c5783b3f9c0c191eee8090797bc533721;0x4313feb9;0xc0c191eeL;0.500000;1503129603;1503129605
1;1024;8048;0x5bc158da19bb6e960d3690a83fee6dac96a602a574ca30b5dfbf4b7186c7b3e1;0x54b789e2ca5a87fbad91ea7efc7ba243cba5db26d104528537446dfc691427f2;0xcdfd3f18;0xd1045285L;0.500000;1503129605;1503129608
0;1024;8048;0x3015722997849a47edbe4935e783f6e63ed2c07247779638431faf090e10443e;0xac92bd25f3580bf13047f7a4012ea3d066d2690ce8752704ece2009a10cb24f0;0xb4e88bf8;0x88202941L;0.500000;1503129608;1503129611
1;1024;8048;0x02a15a88166dcb0d67ef7ec67d49ccf154646173ad280589d263b3d8f9c4e9fb;0x7d8a7afb6e06114c5753ed34b353435b7f5349e367d2c4b189d5193ca43b030c;0xe6d1da52;0x67d2c4b1L;0.500000;1503129611;1503129614
0;1024;8048;0x8ba83d95c852bf3e1e0212c8f20e4a862c1ccf96b942ce38e4973fe01acad1a5;0x366a462a86fa78aa3eae2b16f45944a077044ea959fe7e8820570ae0b02e14fe;0x36e53866;0xa8a51081L;0.500000;1503129614;1503129616
1;1024;8048;0xf4f7bd4aadebee62ca5a9d8fe0cfdea2ece99e22d672ff1102984221e7f269db;0xd69abe962cfbcde79b912c1f90c9fcf28a78e8c1d3da7f7e82dc5d8037865dae;0x1f59d701;0xd3da7f7eL;0.500000;1503129617;1503129619
1;1024;8048;0xc0b7732b8c6a9e34269ac6e6ba68c903e5ac9ae1d43a1aa10b75a58feb9236ab;0x04bc74227c653531e2fdf92636c3bb947f96385ecfc0561cbafcc8b1ab8233e4;0x7722b952;0xcfc0561cL;0.500000;1503129620;1503129622
1;1024;8048;0x56b38ff70b3649301d8afaae16511773f6071465fec4afb9763dbdfe1625a06c;0x9f04182322061c1242d62fd93fe1f0e0e4b6e167a48120a50a02400c8222ff5f;0x5b4c4dcf;0xa48120a5L;0.500000;1503129622;1503129625
0;1024;8048;0x99c384a47866a4f3a370aa43d38a455fc5a9104bdb5d4ab072cf1afff0d9ec89;0x889b2de0f116a3becbb832c4deff788beb93dd5986cccbf08ca6140900444a05;0xcef0d4e8;0xffffff24L;0.500000;1503129625;1503129628
1;1024;8048;0x8a0ef3d9d827366a8495730ebc92b5f4d2db1fd9a893c209e2781d4dfb9e0085;0x2a4ec0895e304ad9cdf457541bde4f6383737de6238f7bc6df2e8236ad268769;0xee2403b0;0x238f7bc6L;0.500000;1503129628;1503129630
1;1024;8048;0xcb308ad7fe6e3aff80ec754a790957cf1257c02dc83153dfa0aa5456647e7a2f;0x215cff3a1f18101ee3e7c66bec3f3401307dac8f53f0029219471ef357d59aaa;0x47c39bd3;0x53f00292L;0.500000;1503129631;1503129633
1;1024;8048;0xc611497c1135d80ee4400f9e594dacd8db4b7db631b5e5acaf5a32f9cfa63895;0x916f65dd92469121bde366d75821a52986804f9d9377c356dad74fdaf87b1fd6;0xdae9b2b8;0x9377c356L;0.500000;1503129633;1503129636
0;1024;8048;0xbf00b9cb18cb274152a8dae40abd075ef1b4ad79d91e2e95c145454733ca1ef2;0xa3e03db9e82c6c1852f67d461adb01b7c3d944d1f8a67840647e1b0a60c2d1fd;0xb988d3b9;0x52561241L;0.500000;1503129636;1503129639
1;1024;8048;0xe89046d15cb732f48a53f34d515b83d1f0598b70af30d36355a9dd40024529eb;0xc68d19eacf7a4e97e1a4cf9903d7eb4e166b0a8446c976b13ae33dcaf58e4490;0xdc3fcf32;0x46c976b1L;0.500000;1503129639;1503129641
1;1024;8048;0xbb8211a86aef4f524cf108bd4f10ccac5ed0f23e69fe4b0480874cceb9b83774;0x0f53e3bf539e428cbdcff3bcd80359b0459286e5823697ae6a30543e02010f32;0xefbba071;0x823697aeL;0.500000;1503129642;1503129644
1;1024;8048;0xf7b11e365d0d604c2dccba0b10562ceaa95ac91855163f7e312dd5cd94d3f28b;0x29a6d6c9d799b03eed6e18466f46bc2268fd22a60cbdd80a022de87422767f66;0x23be2f6a;0xcbdd80aL;0.500000;1503129644;1503129647
