1;1024;8048;0xee8088b298b7ce0b862b0eed44eef1ff6bad6000e03b09c11deaa6da2d428f1b;0x64c8d201280a047cf546ee2832367ba05ab6a536f8b9e56c5c3b87a5471ae0b8;0x0b51cf62;0xf8b9e56cL;0.500000;1503245740;1503245743
1;1024;8048;0x52523affdc1184c3940fa2b75dfdc3aa14efdfadda0962c6f2110f5e8630afd8;0xa2e030b815bb4512c28d235a13790c877e08ba5a2067616a31e38e4ccc50fc4d;0x57a91ef4;0x2067616aL;0.500000;1503245743;1503245745
1;1024;8048;0xb5b96f0daba1cced04a70b49f18eaef0a350c72a871ca62693cb86c58709003c;0xfb030a27f1678e091ae4d74d13d6cd5480a88f5c2b13717ee5ca8628d2dd068a;0x487e510a;0x2b13717eL;0.500000;1503245746;1503245748
1;1024;8048;0xf98eda610a7f1f233a4783a996fa31b9b6b00a9e46b78704821c04ccfcce88f5;0xff7055435ff0d8c1f1e44da290bf6f5b1fb3e6e73ed45fa213fff72cbd03f0dd;0xb7d8c287;0x3ed45fa2L;0.500000;1503245749;1503245751
1;1024;8048;0x2ad584f0b9df9ff7332b4bf2dcf0ee501aa897eb7e3ceff9f947874289937ab3;0xb3c321e93e510aaf67192ffe030d434b6047f4642ca6652ba216cbce398a2bf0;0x5d21f051;0x2ca6652bL;0.500000;1503245751;1503245754
1;1024;8048;0xcdd6cd97e2861eab17300b24e946993d86f78356f9fc8a33a2e4f0e93cf87109;0x9d15d77887d59ffbd524fcf993d9a4bc3c3a8b2c4ba16c998e378036217867ae;0xb65a9ac3;0x4ba16c99L;0.500000;1503245754;1503245756
1;1024;8048;0xdd38fac625eae66b20a3364e186f6b5f03f7b8ad624f307569c3b2148bcaea68;0x2f5a3caee74fd6ca8aca2d518ae48ce378d06845e947291cf59418e9087b0e19;0xadc1ef6d;0xe947291cL;0.500000;1503245757;1503245759
1;1024;8048;0x7e65edaf1c6945f3cba432fb6ad72fc9cc939d736c2b6a4641518cbcf832af76;0xda0d7c798afd3e710230ca25877d5f70da6790972f18a6ef43678f8caee04a33;0x7ac5a2b7;0x2f18a6efL;0.500000;1503245759;1503245762
1;1024;8048;0xba5d638236af0da7d78dd30c5a8d89fbd1fac83c49f1838ce3b6db3dfefd25b9;0x34648642f6f1c3efa297d11f039303a81dbdf14d36ae41082028f02d3d9fb93d;0x780410f2;0x36ae4108L;0.500000;1503245762;1503245765
0;1024;8048;0x60aaba469596ee71894148c6120ee89d27cb1d2bc5405a682b16cdadfd3c9d5e;0x85c26950812e827129af0c6a97b532110a9c3e1a8f760703bdce1c0babc22157;0x9316856c;0x4c04111L;0.500000;1503245765;1503245767
0;1024;8048;0x3c932780436c847bd44aadbb41fcee0182df9dc204b96d2039b68c5670308cac;0x2d91cc465802b2436d317618511e4d06264da4f6a553770017e9d722ad84b567;0x867fe033;0x5af810a5L;0.500000;1503245768;1503245770
1;1024;8048;0xd28623261a59920ff688a56bd9dbb0cb0902916b9dad5c3d29c8e939c966159b;0x8325444c1376501ed493b1c92f7aba5ba1ddfeff7dd69db82655a858bbbdf52f;0xf5a8f513;0x7dd69db8L;0.500000;1503245770;1503245773
1;1024;8048;0x9aa706fa033f10dcfb964fb60de53eefbdaab209b83a38dc2c18b212143a21ae;0x6d7049bed1b1f60220f326ac207729bf198bf14c5a8d7d6343d2acd9f7251f4c;0x70a6856c;0x5a8d7d63L;0.500000;1503245773;1503245776
1;1024;8048;0x6693c3a3b58659e622dcc9203a7f3b4b4f3131019e77feb448f8af86417bfca7;0x1b8343ec4b8b5f696d479896f592bb2dd9642e53e577ce8bc86bddb766e5dbe0;0xa1e980ef;0xe577ce8bL;0.500000;1503245776;1503245779
1;1024;8048;0x53421434dd67e37382ec537054757e49735ae6fe5210d2d06387093265cfd7b9;0x5e1fe072a8b162f9159237b2efb86d40c4329d3d8839c8af392986b2265325f4;0x6bfdb300;0x8839c8afL;0.500000;1503245779;1503245781
1;1024;8048;0x5919ab677770b147b2faf831fabe56d81f14870e4d7e3f2d201be864fb7ed354;0x99a61b94025055a48cb2b5197d0144ada43a33c5f56b64f52dd06ed39ee3bcc4;0x0295e68e;0xf56b64f5L;0.500000;1503245782;1503245784
1;1024;8048;0x9ffa3b041a381ea59db47339a258c43f02dcc016e10ceb58fd142bedaa0c8949;0xf790a31e8da2ee70ebef849c873cd174dfb11a464992ca9e471e5bb782f50b2a;0x9a45979e;0x4992ca9eL;0.500000;1503245784;1503245787
1;1024;8048;0xc112e0d3706b8a85a1fb4a1ea59f2c78cdd3772453817dd3b5f3540042dc2603;0x1b65cd9bdf39781f61c0cfa51e1d16e86154e6dc0bae639daf9cdf6b3c3be535;0x0ecca7c3;0xbae639dL;0.500000;1503245787;1503245790
1;1024;8048;0xaf82cd0d0bdf7e92d2b1e4c5a4102f5f78826ec08533b8f7aad6ba026ebad61e;0x1a34b46756f7c4ce5edfbc981fc6989d945ecd1f77fc1a65db71ba042ae88f94;0xbfb57858;0x77fc1a65L;0.500000;1503245790;1503245792
1;1024;8048;0x86575c8e92b4794d660083fdb2d81435e84f8be7cf582524f477f368dd438b64;0xfc420d4ca30147e67839ab5fc16fe8fdc859ca6ecfc125cdaac18316c4316722;0xcb99f38a;0xcfc125cdL;0.500000;1503245793;1503245795
