1;1024;8048;0xc983e19ebd29fa7c0a7069cdc73aba1864977f912de3921b7097a2012d5f2ff6;0x5bdaa34b0f56fbb94e0577b43b247ed24da8d15fd5ee0f3338b4891157233f50;0x922131f4;0xd5ee0f33L;0.500000;1503231512;1503231515
1;1024;8048;0x239d4f0498977ab03f8a1b439e7b260d98b7de667ed5254cd015a91a209a6c43;0xa703773a923a1516dfdd69e141b6f914c1c85095cf87a9228dd33d348b660ed7;0x3d1abe37;0xcf87a922L;0.500000;1503231515;1503231517
1;1024;8048;0x85d930697ffadfdfdbde9b8353ee536d9b392e9a6e2804e013737d47ac798e31;0x0fefd5cc669d73276e0e292fe0714a1a9b5eedfc2fe1293aca8b7b6a5ad5435f;0xcba99c58;0x2fe1293aL;0.500000;1503231518;1503231520
1;1024;8048;0x3b840826d73e93e905897ae50882910519a40e70c6601d49aeb2911b6f7110ab;0xc57a3096ee14d1c3002b58d74be0ab612844f66b4507c6cc9ded0dfb5a0710bb;0x75fe3efe;0x4507c6ccL;0.500000;1503231520;1503231523
1;1024;8048;0xd6a1ac0a2c146a4b81820b409ee8bebd7ad10e77eb2ac94b490202d3f566c9cb;0x0b00b90598b41064fd912838c68edd1254a8b0387133f76e7f43dfd25f7de1ac;0xcf6c3d2a;0x7133f76eL;0.500000;1503231523;1503231525
0;1024;8048;0xf3e5012ed9b5d21eab9423e3266dfaef21999cb982d8f86d8e1f1f3c7b68fa6f;0x1df99c236ebfe6c858446b813b6ee0782d66a1d3edd0ec019232720c5aed4467;0x224945d1;0xffffffffL;0.500000;1503231526;1503231528
1;1024;8048;0x0f3444c8c98d9b1af6961ca5a33157ea60c293d4b3175441d10a2d9085fcb294;0x7115c6a29852fa8a11ace2520152fc5225d976e0a76a2a86b9e1c1f52578e6f5;0xd5946909;0xa76a2a86L;0.500000;1503231528;1503231531
1;1024;8048;0x580ad8bce0a58f29c8862793635432fe846e374af8a6f79700101bea2401527c;0x293a1e4e1dbd8bd1acf5c20509d7140174b6d580e39de25a857dca553fe4fa96;0x4f038239;0xe39de25aL;0.500000;1503231531;1503231533
1;1024;8048;0x645bd4230ccc660368e839c32da30baeeba10371d5e9457922a45bc0f2e93056;0x5c9d459a48c6444a7a8da6a87f535cecc51cd43185dccc4b239d4f8fe5e4bef3;0x9f538642;0x85dccc4bL;0.500000;1503231534;1503231536
1;1024;8048;0xa0b167a3eaf6a3739a38f4c9a1c5f33058709251d2e8c68c53e4261b3760dad7;0xf7be8138b3230f992561cc1ab0a9dc8467a97f95910efb543477c98e6f1a9f98;0x369164b0;0x910efb54L;0.500000;1503231537;1503231539
0;1024;8048;0xa527045e04c6ef5ed116bb8be7968f25526edad16a05769140ffa8a5061e2eac;0xe913ab5664b2a5352689c1c1e29fa9a6c57179d2beb0b10969dad2052b37cf66;0xe46e34ad;0x505112adL;0.500000;1503231540;1503231542
1;1024;8048;0x3a7db551998357a27e36ac1cc47cbe3eacfd103ab3881607f6ad6bbf6959a3a3;0x3b3251b90e68badc1b523242107e71008352d0ed51bec6b264ebde3ddeeb4ac6;0x8a06a0e6;0x51bec6b2L;0.500000;1503231542;1503231545
1;1024;8048;0xee4d85dd36e6fdc0b85c707abcd7165975b5c33bd5e28c5f3f1787e138f33226;0xa64a8139ac91696c2604f444ae18f9e704c5f96c49ff94f931c34ac0e6a7e43d;0x5a68e015;0x49ff94f9L;0.500000;1503231545;1503231547
0;1024;8048;0xa837115190bdcfc55f0b083f5836ba170543438390b84dd62c7392edf8e60da1;0x8a88d33a6136cc92a7c22703ab8e303c1a2cb38f091c7b65385fbd12231804b4;0xe9d3a436;0xffffffffL;0.500000;1503231548;1503231550
1;1024;8048;0xace866acd06eec63e478f781d2e715ad422bd1053ec6f73eb0ae898fbbd36b68;0xb1c1c0cb98d7cae3669a4c07a8f87cdc73c837d8e1ee3fdb621eebe6ccc20c30;0xf005f1a6;0xe1ee3fdbL;0.500000;1503231551;1503231553
1;1024;8048;0xe97adb10f4f95866b76a0ba64f517c6bf1b0ce19e243f97aca0995b977758b60;0xe57d58072f4f1bf857a027b09ee58a373fd4e9bc56f06d6dfa3bd2e1c26d5e61;0x08ff808a;0x56f06d6dL;0.500000;1503231553;1503231556
1;1024;8048;0x6f8ce0f973610c3b3d1a2fbe80dd72d1391beeb6c588ed7689902965a3bfec13;0x9a2ec4ae6922ea146d91626dac26b3b878ffd746ae6a20030498de022199f409;0x1f556f3e;0xae6a2003L;0.500000;1503231556;1503231559
1;1024;8048;0x76f841c0a8497bba56168de4193bd1337ae5828daf4f10c69563683a1942df8f;0x0ccc58a80ff44a3a9d9d93dd05b359a0cf7c4942428038b7035c2c9655124a31;0x76dd662a;0x428038b7L;0.500000;1503231559;1503231561
0;1024;8048;0xf07c0c1cffb9663e94b697a775dde34e3bd7c469fafffe3260058ac948e2cb38;0xce1493d7fbe7240c7cd6c39b10c10ab9942e94bd750be9206c5b340eae57515c;0xe3e58260;0x568a0451L;0.500000;1503231562;1503231564
0;1024;8048;0x39d72d6c79f9cf1ae3f1a81926002329e7b78ba5c184b663dc586fbb6faa6fa8;0xf3a1b679edcb805527eb5c731e6283922a41b336978ecea8f1778ad17f187c58;0x338f0cc0;0xffffff44L;0.500000;1503231565;1503231567
