1;1024;8048;0x99f1100fb8a9c8e13b7f163b5b6ef436e54139bf94ca3153031fb5ab15835bae;0x452f0ef4454f50f8bdfbd8397cce2df843776f5e5e4a77be21dd672c19b69e67;0xe87d51ae;0x5e4a77beL;0.500000;1503099055;1503099058
1;1024;8048;0x07c251d6ca895de193b7ff4f35780dc0015ec49b126cc37714c9ca15cf70b2d6;0xca42d6195f82052dee34f0764d19c2adc4736247b74a2e665a1080efd7cf5e55;0x26f490e2;0xb74a2e66L;0.500000;1503099058;1503099060
1;1024;8048;0xde0e930ccde6d0766209cc3623c0b08b54781d700c91bf8b0c56dc35310a240f;0x3460e1481b26d0431458760bb276a2257c0efa3c9daf6675cecb9e8e8e626233;0x20be9c8a;0x9daf6675L;0.500000;1503099061;1503099063
1;1024;8048;0x89ae144911c8b403466f4cc9d7f391fb55bb0f48904ce9299c7a2db640fbb3c9;0xd37ab8365e09e5f2187e3e7152b01f6d6cf9edbd713e7e5c68ccb2f128d1be8c;0x0a8112bd;0x713e7e5cL;0.500000;1503099064;1503099066
1;1024;8048;0x8b37e03a235e97bf5bacc986b72a6e701e0c16c51986b0837c53852e407f65cc;0xb6f8679cf573c8295fcbc506b8eac925ee31e42ba92c814646cb26b0deb96faa;0xfc65362f;0xa92c8146L;0.500000;1503099066;1503099069
0;1024;8048;0x41b2fb2c2a1abe52530cf7b09921940e26ace9403cb1d478c1ccaf9200153a41;0xb767ad78173267473a4ff2e309784c1ad38ce9f2a5cc0b021c3fb2455ad7a418;0x5e81aa0a;0xba91209L;0.500000;1503099069;1503099072
1;1024;8048;0x3242a6a070be497ff96d4542b095516386ec88383a90f197d2b99d70647e5996;0x9761bdd97adbfc9450e510fa55acdf4b63f8fe0f6cfc35e752467eed216dc459;0xd512c42e;0x6cfc35e7L;0.500000;1503099072;1503099075
1;1024;8048;0x1686a36bb48fcceece2503306d2ff6082d16358880eb92682092be0d25f5db3b;0x20b7fbbb76b9e5dc8b8c2c2a3162d71beedff468e8854dccd755c89e4c98bc4c;0xca04c91a;0xe8854dccL;0.500000;1503099075;1503099078
1;1024;8048;0x00c6910de1945310900bd58e0f9cb30ddd14f5348d1ac6168d72d7d72f82b62f;0xd3c9339c508126cb949698d0d52e3d1ffc071035fdf9dcf9206c56fcb86385c7;0xca1e92b4;0xfdf9dcf9L;0.500000;1503099078;1503099081
1;1024;8048;0xf410ab6600f806179916add58ff53899af754deddd8a28e80dac70789931b38d;0xf858820129927af0a7f5d52b5bd841c91b4fcc1d99df4883ac8090ce068ffaa3;0x5711db42;0x99df4883L;0.500000;1503099081;1503099083
1;1024;8048;0x88e8821641fb1e09e217a3bc6c0d973a11a8a18d718aaf896710c477684984f0;0xf94656ec7753df7f316ab4279b274f6b195230c56746213d201ad2bed594d0b8;0xdf47e298;0x6746213dL;0.500000;1503099084;1503099086
1;1024;8048;0xa9cf8e5dabeaa9d387a0c6fcdf74628df07f08383cbab2341e9bb110c31b936c;0xad444b5c83ca8f97d1d20c89f3cdb4c2f92e09e0dffa4262b7bc3f753e441e82;0x8987f229;0xdffa4262L;0.500000;1503099087;1503099089
1;1024;8048;0x45bbc32b85c7293e61705dde59684a65e3dd631250a98946dc45c59fd72b121d;0xbce7a783a68757e7db400b68bb59061a311705784445de381c712317f5ee8c9b;0x091ea55f;0x4445de38L;0.500000;1503099089;1503099092
1;1024;8048;0x86761b6051619daff87c1da429b3d84d51423fd8bb55628f141554965ac7dce0;0x963e1c8c6466e57d6fe8f21b579b01e5817df90b8f58604dda13bf958e85b380;0x5df3a750;0x8f58604dL;0.500000;1503099092;1503099095
1;1024;8048;0x3929deea458548e40268972e9788e0186e49016b28bca344170d908583aabfbc;0xec09da99a9ab5aa707fe1d64708198732244af0264a242e67cc77522fe5c273b;0x8804842d;0x64a242e6L;0.500000;1503099095;1503099098
1;1024;8048;0xfde90f95d9043135c4d9718400e41bb5336b26ae6fb9b5ee346d70e556f91354;0xd0719518fb486e5822d33e981b9797fa022f5009a1be55b5995b8a7f8eaf366d;0x9d393ca7;0xa1be55b5L;0.500000;1503099098;1503099100
1;1024;8048;0xa1934aaf2b7ffce293ece91dca878bbd6f8a583a4efdea5ca20b9b96b236d254;0xb59dbc0b5c168eb7e54b2055070cbbe55b25321cf231a60c69fd31b3a9d9e82f;0xffdc39b9;0xf231a60cL;0.500000;1503099101;1503099103
1;1024;8048;0x0f2c5ce8fc0d7f05ecd8139a53bc195a673e57e6616f05c222ccd04c75264c84;0xd13ad4f71d3746acfdace2c7cf6aa988e21cc67615d318e6983c737005f02f9f;0x7be19c8d;0x15d318e6L;0.500000;1503099104;1503099106
1;1024;8048;0xbb90053db4f3cd036ea928d448022c44210a094258b2f279db0267350f27d2ca;0xa9d1b8fd46978271377f05f0117b9075f0aee123902a4aab6aa33c8b165fc4f8;0xefe190db;0x902a4aabL;0.500000;1503099107;1503099109
1;1024;8048;0x834e6187268c487823817f5edbaca68e81a96d4430ba14ff1a5dcce4ad0acd30;0x81787aa8f576d12688328162923e9193a5764a1752c14ffed36e86238cbcabb7;0xc8d425b8;0x52c14ffeL;0.500000;1503099110;1503099112
