0;1024;8048;0xbd5569bdac54b1a76f2554af471558848c7b5a8eedd273d928ef886723cd87e1;0x9bf9efc9c10d0aae9f79cb79d7040677ba33cc987fd2d3335dc6230a573cd37f;0x01b7ab3f;0xffffff44L;0.500000;1503179228;1503179230
1;1024;8048;0x81319e3aec13f410972c654e1b408d154a4f98bd647e3c4b6f2b8dce7e42ae00;0x63ce90af33b0960f9d2604ef84993ec3b63b8b5ba443c5dea3fd18600e679590;0x0f24db29;0xa443c5deL;0.500000;1503179230;1503179233
1;1024;8048;0x04d60bd48af4c78dddbc92cf9d859438e14aae5947ee4b60b92cf49d97b73d9b;0xa389ca6b45f3b8121982bcfdcd71a173dbe5de992e089da106267b8b266c9125;0xbdb5256c;0x2e089da1L;0.500000;1503179233;1503179235
1;1024;8048;0xe4f250d8ad4c631ca92535e99eaa924d97b6c4e7576862aefe1a3dcf2cf0cc10;0x653a4885fcc2af9b0d0359643f1a5cee436bfa13c8415a665e345a289a177f10;0xf38fd408;0xc8415a66L;0.500000;1503179236;1503179238
1;1024;8048;0xe33185ee2ed44428db6061e4520ec9930d59c911929880ff38efd3179fbfb382;0xe360cbf323925e5f591490dc699583a363f313155bb657482b0bee91cc63eefc;0x295356b3;0x5bb65748L;0.500000;1503179238;1503179241
0;1024;8048;0x44a92980a546cba3acdf6aeaf9b1498b3b59c73b620d5c625b591b42fbe4743f;0x8085a16d19f93f9fda42d17ee242d16740cde1a26bc7862173ad94f8de707fb5;0x709c42df;0xffffff94L;0.500000;1503179241;1503179244
1;1024;8048;0x93fed57e63455b569d71cdf7eeb6683e9be950c8efc3e554855c73c3378d35ca;0xf1244547fc9278086f41a3fd6bde46209e456b40db57459630628aa6fb2dc664;0x40ff34f1;0xdb574596L;0.500000;1503179244;1503179246
1;1024;8048;0xcbfa8fca56750a5be1795c60ed67560e375ea82960c3a57d7c44fff825b95af0;0x207f155e8abf92ee1ce51149eaeef1315afa312a3cffeaffdf7ccf392b080e2d;0xfcc94eaf;0x3cffeaffL;0.500000;1503179247;1503179249
1;1024;8048;0xdbf865c621b8dd5f1ea5a05ba3c81a25c1a52175ddec25ddcf113e99d6e16fb1;0xf6047bdcabc8b563a98347385cb55e7434dbb5b9ad39470ce8c97a15c4411593;0x3113bd71;0xad39470cL;0.500000;1503179249;1503179252
0;1024;8048;0xac1badbf6ceb9410d9fb53b9a83606a95f039043dff5aa79c052bfca7e842e2a;0xd03ab37454ce3accb7ea60f693074117667608342fc048046f45726f4ac3a5e9;0xa8a05ca2;0x89491001L;0.500000;1503179252;1503179254
0;1024;8048;0x379b0f32a3c29a7c741b8e57097a1bbfe97f70983d3164ef9ae3276ad69ccf0d;0x38350cdd574473317f9002cc10b1f039ede3fb4329fb1208095bdeba1927f4e7;0x1be4cd9b;0xb54a1901L;0.500000;1503179255;1503179257
1;1024;8048;0xc27fa4e47b0110da4f3b3abc08d4ae9c3fb1847babe94f8797b6871a0c2d00ce;0xf7e0977c2d408cbe4e40b2aede9550c72ce6e2b3760a83c1e7706bad2fc3cb31;0x4307e516;0x760a83c1L;0.500000;1503179257;1503179260
1;1024;8048;0x6182f85bb95212f43a19dd2db01978693a414868ba878ab1dd3b64f15619e1b7;0x1164306b7a9c99e5344f707a0237a83c4669ddfb0a9de7f0c425763ea164e473;0xcc9c93ee;0xa9de7f0L;0.500000;1503179260;1503179262
1;1024;8048;0xb3e56d1234a0fea551417cdc6cd5fbf91fb91da0c69036023061340f9e4d4951;0xfcd4ddab8c51109a44a224536385efcb07e02571360f67a181d54b655cc1d402;0xbf8f36d1;0x360f67a1L;0.500000;1503179263;1503179265
1;1024;8048;0xd9e6c63624b3ee275cb5b37c22ef34f0f751e74fd8a6073516f5108a091b18e3;0xe49f566caf54bff5af11548023044e006a72e5f76b4412e70952db7c4868e810;0x5069b115;0x6b4412e7L;0.500000;1503179265;1503179268
1;1024;8048;0xfa121f30721a4f037f19836bd76370b1df3f428bd580aa7d26e7600c2f8cf729;0x46c49cd054f52b219f2f48d1cbf6ac03ce64d105b0bbf13885a0370437b44762;0x01c84b33;0xb0bbf138L;0.500000;1503179268;1503179271
1;1024;8048;0x956f6f7c36aa0fed6269f90cb3c8f3e4a499d8f6036b4bccbbac7aeb1ed142b3;0x926e1b00f056828e71178154f2255fcfd5532f45c1d99b054b83dda1ec9d9eb5;0x5171ee24;0xc1d99b05L;0.500000;1503179271;1503179273
1;1024;8048;0x624279841513fb320960f456df7fa8d1cf98c669fdad6c3bea4e7f3e4acc09ac;0x1d6cb35d785a69f7eb5c676bf3afca023484f652b33861fe8999f07d16d63830;0xd36972a4;0xb33861feL;0.500000;1503179274;1503179276
1;1024;8048;0x2ae2896fb9fba69d5612fdff87f54e5b37cdfdfb75c96b517ab6f5d080227aab;0x3d8d18cfd0923f7211c009a48f76853b6c7440fb03eca7936396d766f30138a8;0x026e2214;0x3eca793L;0.500000;1503179276;1503179279
0;1024;8048;0xb215ad7784fd50a2c32ad95ffb00a42867d29c851740a22f182541d835d50ee7;0xc61b1d2c988b655787ef785a5e8a8a098bf83eb1d5eab10895b330814e8fdd87;0x13070457;0x54028108L;0.500000;1503179279;1503179281
