1;1024;8048;0x8b0f56dfdbf467c7a8d55348e006b568bf68ff15fd73cff5f562cb023fbf1ccb;0x169abed405b1065afe291ba932d4a4c7f5b391d14f1ee5d121d951df0ae70f10;0x36ec9156;0x4f1ee5d1L;0.500000;1503114321;1503114324
0;1024;8048;0x64125b3a251f01430f9c19237a93ad3c875d469f9eb785b3d13e7054d35ec637;0x421da27d0ec9ce40e58b9d1b56420c8ba449e028d2d3be8934f200fbd547ad7b;0x2c3b38dc;0xffffffffL;0.500000;1503114324;1503114326
1;1024;8048;0x153ad021476ad93f2e87ce44ee704f188f7d60ce4c86715f53c38f9e8a718f9f;0xdad109bd77d24d0dbe84557b9c275d703589beeb367fdf0b4b1e899f4f5f4d06;0xc578fe13;0x367fdf0bL;0.500000;1503114327;1503114329
0;1024;8048;0x4ad46215676c6e6e098b50f4168c055c42f94896f6bdd32912f03f92bc8a8007;0x85061b1175dd8d939d0b6eb420959e3bb5cd546949dd95484c411de8b64df6d1;0x0ff0fc52;0x1a256a02L;0.500000;1503114329;1503114332
1;1024;8048;0x98bba84edd6c45174cc535a14dc8b71c4e8f2bef79366de7389806e79aaf0132;0x3a8018fa0cbaa6b4d76f9d4907f22a63f90f5206c184caa1680b1f93a55b606c;0x857bff73;0xc184caa1L;0.500000;1503114332;1503114335
1;1024;8048;0xb9bfe19677f94b5dd1fe8788ed5ba7b414c4ef8ebb9830f5c13ee0296b500025;0x11bf36d5113e3847373a761a0ea18d694356582590a271b1d70feab8f3b7ecc6;0x04d73021;0x90a271b1L;0.500000;1503114335;1503114338
1;1024;8048;0x6d6dc63b839cc12535a5141fda6880bbc2a887e8f8df6ca7b3825ee03a323aa7;0x521e248918837a23e0d1c98dc1067a2f937ee306db0554ec8a205e7649a3db73;0xed207e98;0xdb0554ecL;0.500000;1503114338;1503114340
1;1024;8048;0xfbd7c56dcaff759ccb4d5275d55888b46138d8b30af1c9bd55eafa63e0f442db;0x7208e1b871dd35ad65e130ddec88021166e54edaf5eecbb42ed595036218047c;0xd2073446;0xf5eecbb4L;0.500000;1503114341;1503114343
1;1024;8048;0x7f6c56237a0142e6adf5ea1e7c825ceb5f84de6ac89f725b90426910769c8ff6;0xd511b25199d3fed48123612f919f010015f3cd35672941d31cb46baf45e75347;0x20aad241;0x672941d3L;0.500000;1503114343;1503114346
1;1024;8048;0xfe960355444eabf2396ac3f3c74ac463d4934c2edd99bf33b4433eb2e36f3be1;0xa77c7238088b1fef1f21da3846a63e97cd3b615f49cbc316069f3087ad978418;0x052eea55;0x49cbc316L;0.500000;1503114346;1503114351
1;1024;8048;0x51fbe486a82a2b611eeb9b394fe7837319b3c53552116c9781e3ae49b321b404;0x6eac764b81fc289f22eeae01c785678789ce428b890a3f93d9273a84ea8998f3;0x9eb64818;0x890a3f93L;0.500000;1503114351;1503114354
1;1024;8048;0x541d376d3bbd36604dfb7cb7af6141c343387c02d5b15c80abbcd0b50a7f9d5e;0x766d8d705a2aff3b873558160437cf5fccb688cea560dfdb17acda4480bdbf85;0xd41ff57b;0xa560dfdbL;0.500000;1503114354;1503114356
1;1024;8048;0x0b6b58ff2405ade4fcc5e7bd0208f646d5255f74aaec6b46d6f391b920c2972b;0xbbbb39af4cc11579ff85cdda2754791a78192599ac6887b3069508322ca13d5f;0x781525b8;0xac6887b3L;0.500000;1503114357;1503114360
1;1024;8048;0x9b618713fb9af3d107f2e3c31a5e9c60d1752ce59f51534b04179f28cfc3356a;0xa1679d02f227a3b580d61ea94034632a4b2b395e4b6a2f0db068d55eaa8e7326;0xaffcf671;0x4b6a2f0dL;0.500000;1503114360;1503114362
1;1024;8048;0x22ef7cefae8a42768f77a3229a818d0ccd33633a62a91fdc10d34aa7c360efe5;0x60ac23bef3bda3fb57a23054864c0be33e0c520e4cc309db4d931fdb79849cf4;0x88b8d244;0x4cc309dbL;0.500000;1503114363;1503114366
0;1024;8048;0xb5ffc4c255ef1e528a7ef050f4acc6c9def5fc823b1710cd0de465256dc8f822;0xf7efdc2b12c0c8feddcb4d2f0fe54b0f06ca10d481d000efaf744532b2167591;0xce288611;0x844088efL;0.500000;1503114366;1503114369
1;1024;8048;0xeeff8750301cc95fcf13258f4444f1dde417500fbd60fe0234b2a5392edea21c;0x7f338873048dcfc97cb0be9e85251b477df06075301891db964b655036fceba1;0x4f0a65bd;0x301891dbL;0.500000;1503114369;1503114371
1;1024;8048;0x5bf8f1d570b5e0e810e7e25d26d73aea69aa5e3aab6876ae4f1b102cb689d811;0x77c1f68f60e4c3b08bd1ec53cb479ef6b0845a7ca7d722636836c0b7ca656796;0xf51f59cb;0xa7d72263L;0.500000;1503114372;1503114374
1;1024;8048;0xbd9ead90c5988b2fbcebf6da68909be1694eaf54abf4ce652312a3ff05a8cac3;0x943d4343a9547db55c3e90fe100ec6f9e49ddae87280d44cb4ef299068070626;0xcbd7b7b8;0x7280d44cL;0.500000;1503114375;1503114377
1;1024;8048;0x76727e0c634c55fdf9e38e0b12cd3d3f551cc3a23f0c1ea0c7ad76f6b8d8dc2f;0x383ad5992cecbf7175ffec6bcbfd132ad4a631053a668f3af7d5470c60208211;0x3b128799;0x3a668f3aL;0.500000;1503114377;1503114380
