1;1024;8048;0x52f228a9cd88d108cbd44f68e4d56195a54fcabac6168938064413c15775f7a9;0x0bd23654320dace469add66b8adf5751ca518a4977b15c8359141aee752d7a8e;0x51a1ebca;0x77b15c83L;0.500000;1503119368;1503119371
1;1024;8048;0xd8ba56ee07f96a1e9d4c2d0657e70c55a28e5733a773bcf5a9e42684a35b137b;0x06dcbd2c446edaebead6f47a981b812222cf88ba36b1bc5664c31678ab089d88;0xec1fa634;0x36b1bc56L;0.500000;1503119371;1503119373
1;1024;8048;0x571022cde8dc6475b8a83890f050a703896690348f83af4d4f121e49efd76c47;0x39e6733d4b66b19647edabaa028283b36c44917947e1c7c21b751a08bb01bfbc;0x3dd1a0f5;0x47e1c7c2L;0.500000;1503119374;1503119376
1;1024;8048;0x5eb327609b7f87a8515b33e5da0256cebc8f8aaa3c187437ba16174d1bed2f7a;0x101775d8fac99bc3558b0d4ab1d75b81bcca087d1ab59eb361b5011882f26bd7;0xbb72345e;0x1ab59eb3L;0.500000;1503119376;1503119379
1;1024;8048;0x45887a1550be88f870ae8b96f43e1895c162e3d3cb13c48a5726ad9a15bbdd5b;0xa4aa23201d37b11fc1f6526fbbc4fdc0286083858cf7b9bbf8da4b4f67e94016;0xd7b38603;0x8cf7b9bbL;0.500000;1503119379;1503119382
0;1024;8048;0x7a07cce4c48ae68a530cb03ffe3006607e19d0e9d9522a763c3f59ef21bbd49b;0xc01d8b35977d6f0e6bc63d1072c2f401dd5053c1ae83be08d944dcbabeb3cc41;0x64a9a5be;0x10201014L;0.500000;1503119382;1503119385
0;1024;8048;0x096421e953870a5c52b0317d09049ed9b82c179630302c75b14d549b34f5573d;0x07f4130dd9d3bbf591dc40e8585237e5f1524669bf4f3214a70e2ad2381ea103;0xf5cf52d6;0xffffffffL;0.500000;1503119385;1503119387
1;1024;8048;0x4ce45af20532790e484d66a6462bfab343fa59a743d3679fc864caaf52b2f49e;0x51527a15f862632a61e8d8c119a495b5c1d1a3628e0b94de758c8362e05f6c05;0xe685e9b8;0x8e0b94deL;0.500000;1503119388;1503119391
0;1024;8048;0x9948f85e4ba33d9ddf173d64bce742ab39c3d7cec139af8130753a904d0d1ae6;0xb560df69cff3bc132612b1666a6750811ddbd09a2c3600d32b36f4755c7acd69;0x6417bb2e;0x469828d3L;0.500000;1503119391;1503119394
1;1024;8048;0xea57a13e532e17e26fdb86df98986ee1b2b1ab77836edf22be30925d08959ef2;0xd8a0fc3123a1fd4ec26b28c1f124564e6937756a71c9976e1b0509cd71c8f1da;0xc6a78d70;0x71c9976eL;0.500000;1503119394;1503119397
1;1024;8048;0xe9da478fa8b4c65cff818488c1d126db9cd73833128e1d58d834ac273deca026;0x8131687d98e8dfd7b50e0841e67973c12f3f5c5f11084b6e2d0d73ae10575bea;0xbce12c7d;0x11084b6eL;0.500000;1503119397;1503119400
1;1024;8048;0x654518fceaf6671c9fa8df4517164c87678a99af7fd639a6e786d1ebb9db8c1e;0x5a23efcc77e0f062fe1421f985295b584e792b3e24bf11e99bb097ff86cc1029;0x01758a58;0x24bf11e9L;0.500000;1503119400;1503119403
1;1024;8048;0x391b34df1c908ec12599fd742a01dc4e9ddc3dac8a65c0012698fdb87ae808b4;0xa2aa0d78b6c6f9d4caa160385ef60740eb0f15dfd95219e8aa7e119094fa9a7a;0xe4d28e1a;0xd95219e8L;0.500000;1503119403;1503119405
1;1024;8048;0x7e4abdb42ebfcff6d26c55138561435e8f65957b2d0145fa4815eb9a7b7fc5f9;0x1795921f10cc375764c35c18e5cd184f46d511a20a935856428c7373143f594d;0x313e5aff;0xa935856L;0.500000;1503119406;1503119408
0;1024;8048;0xa2b792dd479eda8ee579dca2c867936770062d3ecf8f89a4537ef23d3611d1d8;0x9a9c8a78c363ecb1d0392a2280c61b2d6f16e9cdbffc894052f4e183a164d1b7;0xab48ea5e;0xe842a101L;0.500000;1503119408;1503119411
1;1024;8048;0x2fc6b6389a385b55a63424d6d4040bd4abda989f66599b3e10c70980820ba3b2;0x97475cf1a17db5f6d6580724dca1ca2862a6281c37088692848c6ae04f5b4bb0;0x5900808c;0x37088692L;0.500000;1503119411;1503119413
1;1024;8048;0x5fa24c9dfeccc2021e5fcae00b2c5037c32646b896bdec05bdcd4103f0c10a4f;0x52a68c2febeaf6375756a4203de9cc57eb95c5f3bb88a7fc51bde70652ce7f58;0x0c33333e;0xbb88a7fcL;0.500000;1503119414;1503119416
1;1024;8048;0x2011d60b13ad8868c72c3a48678664b4935ecc2a9c97d3f381d749c512244132;0xa054f977feba9c6df5bb46104bbeddaae4bf18232f3729bf1bbed3dbb0c8559e;0x06eccba2;0x2f3729bfL;0.500000;1503119417;1503119419
1;1024;8048;0x1b446fc7512b76b7b528cad0c9767296f5644ddec64d21d251def0f69864b4b3;0xe27f2b5db6cb930b76437a17dcb4a6a3e0c52a4e534fb08d5ce87326f27964af;0xa23b30ef;0x534fb08dL;0.500000;1503119419;1503119422
1;1024;8048;0xb6bb9dd81464759170ceb74b748c290f67e24bbfb55d24537dd1d86254abe20b;0x40525abf2960115051615a0046cd511d587289310da5b01b24e508a54385ec15;0x8cc3f91b;0xda5b01bL;0.500000;1503119423;1503119425
