1;1024;8048;0x1bdff332c9cd67377bd7feaeec877b1f976503f15cbba96db326982f6987d084;0xe54b7dded8f988963944461fc6f96b40fe0263199efb8c1f385b2115c523e8d3;0xabff5dc7;0x9efb8c1fL;0.500000;1503172095;1503172097
1;1024;8048;0x2f369537543371478667472c541a83f8f77b465bfb075599a042c0029783b6c7;0x19a6f7e6ea4684cc394fa38d050e04b356a129087cf9a8e737aef362e36a40e2;0xec693f86;0x7cf9a8e7L;0.500000;1503172097;1503172100
0;1024;8048;0xc471e1d7dcee0ea515645a035e40f0285aa5ea1dd8e409c8657f1b1f6306d627;0xdf663bbd4b3923fbdf8933b28aa80c1a71b588de68002acb69453564e9c5b600;0x4d5cb32c;0x9292acbL;0.500000;1503172100;1503172102
1;1024;8048;0x4f4facdc0ac76212c29e054290e5748f863492a4471a60ecdf525bef24f80d73;0xbb7790afe172516909c91a5dcd1c522e148992af3e3b86d3db8a33fd3117ad44;0x002761a1;0x3e3b86d3L;0.500000;1503172103;1503172105
1;1024;8048;0xa3b173f3b56fae6de06cd4350cfdfb045b46f23d31498d4d33e3b409615e8d04;0x9853919f262275514d1637a34f8fe5131a01e3e6b9c7174a14a972861146f4ba;0x54d4ec52;0xb9c7174aL;0.500000;1503172106;1503172108
1;1024;8048;0xdf0227ad28b873a39b9483a3729c5be401f4e0028ceb61d4586ece80830a4762;0x2177e39bdbbdaf9361be7a9b5b88d8da8f441163b992e7fbe5d8be65900fba66;0xbc76e265;0xb992e7fbL;0.500000;1503172108;1503172111
1;1024;8048;0x19861a9b147d1f1e5eab6c220428ddd7897ad733fcd957a95b9927ebf701f010;0xe3f96d8a8d99cd6fa3df06280d53a358ad97829e3cc5dcc8056aa9ae366233e4;0x887cb0d0;0x3cc5dcc8L;0.500000;1503172111;1503172113
1;1024;8048;0xac66ea1849e770a766aabe573c3f16b2525c311581d5e430c7c500ea34af2fe0;0xc0ed4bfbeba4f52fcd0f351a63d0cd01c30ebd42cc50df83daef535aa7b1b0a0;0xe728b995;0xcc50df83L;0.500000;1503172114;1503172116
1;1024;8048;0xd9fe41d5928e7ce55d69a6563efe82737da9fe2af31bf7847fcbd511c8036ea1;0x2102b0fa5112bd111e13f05d4e146746b5ceb36f343835fed46f2c248e9e0a2f;0x79c9abf6;0x343835feL;0.500000;1503172116;1503172119
1;1024;8048;0xd6c130336ee76febf09b68b61d0cb0f6ebc69f9573a0adaa5f021e5e5cc4d632;0x3cd44e04f5b384385d1ae3417df97b131d3fb64e770b5939c67cb32f82ad5d0d;0x0aef1bef;0x770b5939L;0.500000;1503172119;1503172121
1;1024;8048;0x52604d4f3ad8f3c605dfe4748037de36fa0322f97d6adc0bcc21fe0c588c8faa;0x117b79bdba864d7871a6036238723229ad6b8a17cc32c5be3116dccaf4d8f661;0x7d1f0366;0xcc32c5beL;0.500000;1503172122;1503172124
0;1024;8048;0xd6192c6b9c21a0fd4be3eadd68d28b9b57ed16c3e2153ec5217df94e657a003b;0x204d535068bc4830ef643d52606edcd7e06d03d641a67868f19fedf2273ac878;0xd358374f;0xffffff48L;0.500000;1503172124;1503172127
1;1024;8048;0xeb9ea27d17f9cd462d2380bb1091640c366bd262bd1e7cc5ac93febab027579b;0x363a822f930cf0de3d10f6269b3ebc627e18b46f14db6b13b3d445708ff948f9;0xa4ad701c;0x14db6b13L;0.500000;1503172127;1503172130
1;1024;8048;0x073367cee15a6e884dbc06feeb5e7621443a4262d0504567bf94551e03043f0a;0x10c727bb19f7de7112ec8db55a24696d3cb5193691fd0eda8ca4f66ce1f9b0f2;0x59f3a8bd;0x91fd0edaL;0.500000;1503172130;1503172132
1;1024;8048;0x240ebeda0c0ac0bd9f1a3477b29e61400f3f43e8c62a54e77f6c8edffcc99520;0x9ff043e32ad036979f6c24d2f38836d1a9dc5c71bfe550932023a19a6bd4ce4f;0xff0361b0;0xbfe55093L;0.500000;1503172133;1503172135
0;1024;8048;0xbafb1982a2a3903487df8538843a8c816824dfc72ceb0068c0b15e5c6dbd3627;0xa53012f8d2750b0e23455514f6a05ac5260285bae0829b01e10fbeaab44f1670;0x3687185d;0x4a88801L;0.500000;1503172135;1503172138
1;1024;8048;0xc490209e1cd6f2f003570bf41f4a1fc595a6c16b194c3e6684ed4136c8d2e08c;0xce70c4f7b66ad90b14ff5aeec3e928bcf1e2e1496aec769d21d449262ecc22ff;0xd1d3cde7;0x6aec769dL;0.500000;1503172138;1503172140
1;1024;8048;0x25ec5fab22ad0bea7878ec4f956d382c4d6669d2df996fb459c794eb06a13b2b;0x43e917469deeb5b734216a3993b129dd3b0c3f50579f85a7336b39dcdd776c29;0x60659ab4;0x579f85a7L;0.500000;1503172141;1503172143
1;1024;8048;0xb52dd150669a564c580b6c85cfe5a6c6ad8a543e891bcede97ef8720ac498861;0xd4e68338e5cdd10d3d43a87bffbf98b0d7a0dc108639374d525a2d9e34a2f470;0x0ed1d896;0x8639374dL;0.500000;1503172143;1503172146
1;1024;8048;0x71c2d3189d177c6dcc5a2a211484c13a12f5141854a4d8ca741fa5f68f791b00;0xe9bfa98b0979b99274051284b8162c58081874d59e5ce94f5ba8c8c6b88f11e4;0x198d321c;0x9e5ce94fL;0.500000;1503172146;1503172148
