1;1024;8048;0x66730aa8e26adf0c570002dbd194c25f384f0cd18c170da2271887af003d5166;0xa15f12ecaf25229ecfaeced6d40719cbfc3c8ebdcce82175f0d16b5a3266203c;0x7fe1dca0;0xcce82175L;0.500000;1503184010;1503184013
1;1024;8048;0x67ceaa72e9021f757daca8b07703d1405e0935a37265289b579c06af4f9ca2b6;0x917b0f7a54a6cbc87c33fb4b2a9ad4a32fdd861dbee79a5cdd4449e9d9ab0627;0x74d484fa;0xbee79a5cL;0.500000;1503184013;1503184015
1;1024;8048;0x4bdafc29fd08831a3833f65f924ca63336e24e77c2db1d12a3410a6f4524c590;0xf1fe3d0222c8ead8b64956e67dd9257f9c3d0fb57a2b9cce9c088c1bb92a7c5e;0x5222e1d5;0x7a2b9cceL;0.500000;1503184016;1503184018
0;1024;8048;0x30a36897b66cd5790df231607750e20c90495b0c2b14c5dbff0d42988900feb9;0x74101a6676e52b03e4a35d870ad425c54f7c812516ebbf70ddb221a103eaa22e;0xed340299;0x887d4501L;0.500000;1503184018;1503184021
1;1024;8048;0xa5667e6aee5d2fa1a075a9fa454028cf5f3d699de3b93798192cededfb4a37a0;0x288d184ea3a5b461c2a469a7593f167b3eb807f31243403361594fc37cfaab82;0x8164f1cd;0x12434033L;0.500000;1503184021;1503184023
1;1024;8048;0x9f90b159eac9032132e5dcbca23db08ead26f72b9569dd9c51f262e1287940c7;0xbfa284b9f2ad704ed86a033d74da0204f8be6355504e1a8a64aabf236aeb6f4d;0x63f081c4;0x504e1a8aL;0.500000;1503184024;1503184026
1;1024;8048;0x36bbbc327bcae0f70b0347e55d13538681fdbf2066a5c678ba64cf1a8f355bc5;0x3c4325f2d7e408bcf55865006c2fab9d875a6dc4cd7c1dde2ce0839aef85daca;0xe7c3faf9;0xcd7c1ddeL;0.500000;1503184027;1503184029
1;1024;8048;0x4407e01f6068131bb809ef5dde0384d9291c71af56d940481e4004c0238ce468;0x16f6b2634b334e55ee6662b3f62ea80b4de154277d82bae0b55965e0b1b32695;0xdb49b2e9;0x7d82bae0L;0.500000;1503184029;1503184032
1;1024;8048;0xd9c33ac5357e25a97f04d100f4ce82dbb82fa67ec36c603d8e4a465dd26aacac;0x67659482940b6d1bcfaeeb6b9cce7328363e16a31a5d11283bcf10e79d6d45a2;0x4389f3a1;0x1a5d1128L;0.500000;1503184032;1503184034
1;1024;8048;0x8b9efc16b253cb719719c2ee4653e825bc46e840ddb7e1168da728cff81f4a83;0xfaf84765c219b5f0f0b26c8da32420bcdd6d4254d0eee8f2590ca5ba6081cec9;0x22c8172a;0xd0eee8f2L;0.500000;1503184035;1503184037
0;1024;8048;0xdf89926fd20cf3f0df842904d5d9d9b60c77716c43bb9fa141340cd9d4711cb3;0xa34696e187e0fab32a1a9741f7b788c6e247fba4bdb7fc90db47a3fc9549fcbb;0x55c4aa8b;0xffffffffL;0.500000;1503184037;1503184040
1;1024;8048;0xe6b00e44471b920891bd814df8b737d32767a8d293dfed1d84a506566573de4b;0x09b0a6f0becd7b88dc0cc5c1a02a33ccc5f770e5c51270da21ce4cedb9de71fd;0x519a302c;0xc51270daL;0.500000;1503184040;1503184042
0;1024;8048;0x988ea8f082dcb705dd40090581d1141d25d3d4691b2be093f67cd71a400da9d8;0x725c825fc8937d3d82012dd8265e1ceb4268ec9ad75f806a92f074c5878a35aa;0x6b24991f;0xffffffffL;0.500000;1503184043;1503184045
1;1024;8048;0xe4f7e76c9ae8d7dfb53bc58cd8ef984d338f7eecffffc1362b5badb4cce5d9b1;0x1ffe03749aed072ac19a2006422fe9c8454156754f7ebe17447c2e66a87b8c1d;0xeb98919d;0x4f7ebe17L;0.500000;1503184045;1503184048
1;1024;8048;0x3e5fa2d4f092c916c3d6b4b0d7f11fd503b664e4b23e2037db9f0037bd80a2fc;0x775d047a527f84d8abb1941f5e90c9d630231713880dee3516e406a68f9ebfca;0x981af7bd;0x880dee35L;0.500000;1503184048;1503184050
1;1024;8048;0xdb3f48264877c0c99f3fc46b21182aa33fee5f8fc84c209ab173cad7373ba112;0x5fcc458737477a94099f3b690f530ce8cd1e3a79e6124e3284e63224af1cb600;0xdda9d794;0xe6124e32L;0.500000;1503184051;1503184053
0;1024;8048;0xdd2a93d79921d3430a6656ce3aeb1d609fdb470164db795dea71ecfdfe1febdb;0xcd50c4ca9306c55e55728533b1a5f0ffdcc750f5c841ca24cd3805e6b7e421bf;0x6e4895c4;0xffffffffL;0.500000;1503184054;1503184056
1;1024;8048;0x46a497a535be43a579ebd2b79b5b15953a4b026615d0118b8913e8b80f490355;0x00585a10bdca79227de77ad8a79fc04fe7acf2586d6dcd570be2b8829504c8a0;0x43f92b2e;0x6d6dcd57L;0.500000;1503184056;1503184059
1;1024;8048;0x7dc7833b95d2aef675be7a714d71de00e793ca1d22cc9f797de3f621c872aa45;0xb0fb0adbca9c162a1eff7374669f17a20b436f7a4ecd870ed9652c5f4472c797;0x083dd713;0x4ecd870eL;0.500000;1503184059;1503184061
1;1024;8048;0xa5ef9b0e1943a2ee015ec34eb61ec575410cdd08cc9b43ca5c4f5393d6c0ca7c;0x30e474686dcb9f6668fd11f1f9aa958a0d6bb3dc3aa6d1e6793c5ab8b8fa176e;0x32290ea9;0x3aa6d1e6L;0.500000;1503184062;1503184064
