1;1024;8048;0x99b1cfa1f4d3f69161aa5f32d101b2f14c60f48ae770c2c4e2e7dc68602328fa;0x1407491136d108488bff5b2f140344c3b1eb499644aa62f711db4114d4130b3a;0xb50cd67f;0x44aa62f7L;0.500000;1503128312;1503128315
0;1024;8048;0xd6d3e06cee26fa214a25a6a28afd20502ed22a3fe24707f801f2d9d857a34e2e;0x66b218f91a80c5a7e35b8a4d4b9060bd274954e9a19f6ba8df0d3282e9c74869;0xc2729395;0xffffffa4L;0.500000;1503128315;1503128318
1;1024;8048;0x0f639abe5cc392f431ce7bbc5b886ee3dd2e9894f17c3781cabfbbf91ea65c2d;0x749134e62794009849d6f6e2c50b3d0140f96ee2a1961adc7c1fced5caeecd24;0x740c1347;0xa1961adcL;0.500000;1503128318;1503128320
0;1024;8048;0x5c983ebe222e7ebd74afadc1982c3be837f235093da73fa67d8635b2b8361014;0x991e343c58f0590e6f81ed188fe3c839a07020a27669e520f2d6a12532d37a80;0x8f09eb13;0x49201485L;0.500000;1503128321;1503128323
1;1024;8048;0x07d1259378b298ea3f551be525dc63d2d4637926f2403b9f95d83935507af558;0x5cb916f8997d22a5f8f916547f5bf5528716e52054587bb34de535d7a3bb2cf4;0xe0b4f78e;0x54587bb3L;0.500000;1503128323;1503128326
1;1024;8048;0x2bfb31d4fd8731cd94fb05516a216825d1579a7ab3c1de7f144bee14c4f6f0f0;0x7ce926f597bcd9909b0cd0d56dd87a6c4c8d3a10c1b6279a2a5b3fb954af2be1;0x3fb6309b;0xc1b6279aL;0.500000;1503128326;1503128328
1;1024;8048;0xec8710c57beacabbfe2047d65cd9fe5d86898c1ea12b5276456077f0639a4250;0xf28df376138b3246d4d66c44c704ea25d93ab5b423b008563fc695971bd35ad2;0x7ef6a26d;0x23b00856L;0.500000;1503128329;1503128331
1;1024;8048;0xf0e8347c2dd7588ae9041daead09e7b0522f3e6019dcc417b75c72f516656f07;0xaa76d75c7f775eca8166682c0fc78ed678c4139784d8ee8c0daa948dd3e565c8;0x695fdf5c;0x84d8ee8cL;0.500000;1503128331;1503128334
1;1024;8048;0x9cd905f62fa51f61098ed961996d7235ee3177ff4a674b75c48a382f51422bed;0x79938a19453344ba940e95058fa7451baf87b2aa6b93f42e7be29f8d7498274f;0x6f38cf81;0x6b93f42eL;0.500000;1503128334;1503128336
1;1024;8048;0x9e56ac4d2afa9cef842e080f5b940673d227884b54c108d95dc3b36c4526bbe4;0x8994f904ad9cb7d4fceb685cceba459f6e53b4588d9a9b976511f61fc63b7354;0xd9471d93;0x8d9a9b97L;0.500000;1503128337;1503128339
1;1024;8048;0x34057a16aa2b76269ab40098a1d057c29fd724d3265027f48ee9da52335b9067;0x98529d04cda6b80f33a3ef281a702a238e772b0874dc3b1f841f37eae3a66975;0xa34a6f05;0x74dc3b1fL;0.500000;1503128339;1503128342
1;1024;8048;0xf07397de9cbdeb4c79fe568dc998e0c672034e9491391276a6f7b7f1a6ba9096;0x5b6b7d0c55673155775e078a0c0ddc5ffc6b9ec75a041c316762b37f4ddfc493;0xde2b725a;0x5a041c31L;0.500000;1503128342;1503128344
1;1024;8048;0xb56e9d587ffabd0035472c6d3c12ec8eb96d925975844680dbff86d960b2b215;0x66a1a9ef32087f3404f574604593fa242aad3ec73cc7a6f08b9595ff8e928316;0x0d82dd6f;0x3cc7a6f0L;0.500000;1503128344;1503128347
1;1024;8048;0xda74932104d9c99b3603e638f6ce202730b8f1b005abaf09c8143b61a55a2c80;0xdffc33acb64e8d277aae90ac20811bea91fa9af44e85863366250fefc78b89d3;0xe233f016;0x4e858633L;0.500000;1503128347;1503128349
1;1024;8048;0x26ce76b9da004c3c3b60e92c94c42fb6486f578ea83392844c8a9de0c3596ee9;0xb4d2ce7a5923c439e80a13ff71604ce386db0aca681a66064df420e8262443dc;0xd0bb679f;0x681a6606L;0.500000;1503128350;1503128352
1;1024;8048;0x5e084fd4b564392744722f37e28f8e3df24bc5bc79c4ccc240184fe92abdde89;0x4f18aa5726d3ca5c1f735917c99885e41c077ba65c1b1e32d97e2afd7287e511;0x819b7d33;0x5c1b1e32L;0.500000;1503128352;1503128355
1;1024;8048;0x97cef2881970cf74c76a80c40bf70afa4255c4f7d0b63010914817013bd867d3;0xd377480fe5953e0b27dfdfe4c955fb2da758bd5d74c7e0f736ee44a3b4a2cd79;0x9d8b0539;0x74c7e0f7L;0.500000;1503128355;1503128358
1;1024;8048;0x90d611c0b3fd4ce89d3d113d5dca18df87105efc85c8678be671842c65cb22f5;0x2a42d73e23a81b9b0b2d9416eec1355ba8efc555a4d1a6a7b8fb89dd364e7b55;0xb59e3fb3;0xa4d1a6a7L;0.500000;1503128358;1503128360
1;1024;8048;0x1d0f6c5d99b9b53e81ecc10b980c5d49b5fcccd7decbdd3f625fe0aadbc285f8;0xd73e62ae75ab15da65597873a9618bbdfb8ce0df78fb91e0c12ab8ee8fcadc9d;0xed60d2f7;0x78fb91e0L;0.500000;1503128361;1503128363
1;1024;8048;0x6fea3444a0aead6a430f8f42b8c587938d022e38439d01e66f33859b464d0db5;0x2451fec7d4d47419b5bbad4627af44b47b5384d572724ee34bc39a08ae556697;0xca3203d6;0x72724ee3L;0.500000;1503128363;1503128366
