1;1024;8048;0x0f8c005369681fcbce76c1e3c9b2294554bbc8cc9b19fa6aae11c463998dd0a8;0x681c8f615183fd2984856af951c66a9aab3ac3f9e53dc2fb12f73c38468c04ac;0x400ca3bf;0xe53dc2fbL;0.500000;1503213709;1503213711
1;1024;8048;0x24a0bff12a97db1e7868029b590e851f5a3e03c126983a0a435cf39166501c8a;0x2edb25bb5dbe384bf4c5b2aa03a80b2cb3ef0cfd5aff670ea6c5385728797c22;0x20f29ed3;0x5aff670eL;0.500000;1503213711;1503213714
1;1024;8048;0x1f22e006bd549ce26e855fa6978f58559872bfd300d4aa48c2f7958148c9e568;0xfa143a69de0123955f01fca1c748123ee863365b06044fc6ab6a2e284a79b96d;0x2553a4b2;0x6044fc6L;0.500000;1503213714;1503213717
1;1024;8048;0x413cb3b6c6a606cce17f00d90034bc68a37f55487b3ce42d0016c3d756f84697;0xb64bfad142e02cebd5df443f5833a6ee3904d8408a6d1039e28979b41eb46c55;0xb65ae187;0x8a6d1039L;0.500000;1503213717;1503213720
1;1024;8048;0xbab2a552581cd88f70b368113df1018de9bc22624177fc555ca6ae6ffc21c9b6;0xdc19f8848bbad4ea5479c82e5ba9c421f9e4d95ed985295cc0985d225e4168af;0x1cbba645;0xd985295cL;0.500000;1503213720;1503213722
1;1024;8048;0x729c9cb3870e03d6740b12ad20c138fc4afe49bbc70bc1fdafc158c37c7576ee;0xd26ac51118c1b4904d11f39346b67baff92a1461b0256c2f1bccbc88d59cbd30;0x69dd5760;0xb0256c2fL;0.500000;1503213723;1503213725
1;1024;8048;0xb64f59adebdad709c757cc7afcc3a9079fb0f66e1a71523ae56c22888ced6742;0xe698130c3b772f7fbc54f034d336a1aa0423c018afd81e9a5ba414f7f24d1ee1;0x074b6af2;0xafd81e9aL;0.500000;1503213725;1503213728
0;1024;8048;0x5cdfdd3680cd27b2ebf4731349011ebf55a137548247495f38b3f411d40e7d31;0x2a64cbbd7168de96107624cc1c6e013badd1b5929bd6e810139bb8270362ea60;0xf1fff7e3;0xa8f50541L;0.500000;1503213728;1503213731
1;1024;8048;0x2d9b8d5715862a834be588d8424f5d10aab7296aaebff37e4671e93013258e40;0xeb55bf0d2f3edee5bb207912ec477ad656aa36e62a839cc30f3df56fcc2b7c78;0x2ad89091;0x2a839cc3L;0.500000;1503213731;1503213733
1;1024;8048;0x16efb91d7a04df848738230ea207dfaa19d578800b5bb19e7dc043ddc060c2d6;0xf556bad649d9c6a6c492f12446bce279ae9b6f6cce60d26b1b0554ba136a0df6;0x0790990f;0xce60d26bL;0.500000;1503213734;1503213736
1;1024;8048;0x643b233cda9a856af3f6cf4f72cee8c2c3ca59462f4e031b86bf84e95d4762c2;0xfd708b5966ba700ea810e85b8944f5e0c4f31aabda8ce7355001773677983416;0x0e88d2ce;0xda8ce735L;0.500000;1503213737;1503213739
1;1024;8048;0xc6354c5e5cfe05183aa9833000a79c807a4ed2c8244b715d2c927128b97cfa80;0xae6b94a552357b10203d750e593b5d880b90e22880bbcbce0d5a978dd6f9a39a;0x4bbcd050;0x80bbcbceL;0.500000;1503213739;1503213742
1;1024;8048;0x6c4bbf4d39f54d87c384305e9540d1d160c10d93b9bd0a0c952622699eaeed0a;0xc91e51a74b939efa1b9c059ac73c8c00599066af5bbed997f924d174b7e00d27;0x94dd32d0;0x5bbed997L;0.500000;1503213742;1503213745
1;1024;8048;0x0637f80f222bbc33d21cc383200bd6541b494531f539a97737c7f6b511fbe418;0xa4dd5466ecc1c0b9bc933794b8446a1def472544481cd497648134814d5d059e;0xf11d9fc1;0x481cd497L;0.500000;1503213745;1503213748
1;1024;8048;0xcf4b6c46fee55172b0c62c39827484e1b7a65bcc1474019f02b7dee10b65a0db;0xac3cb2abe286a38cf800ce7ffe6522c4d0a4476bada558189490ef551e9ad564;0xf5f51d95;0xada55818L;0.500000;1503213748;1503213750
0;1024;8048;0xa883ef734cd05815aaba353c3560b509b87dfa32ff0ba2702ab7caed9c881d44;0x7e1bc6c901429a75284036e883067d6eaad6253ba7c2fa1848155210d602205c;0x1e1c6191;0x54020211L;0.500000;1503213751;1503213753
1;1024;8048;0xb6d8d1f823b9554e00735e2d9e725c591fb638029d0a373cfb8b5f6251d84e07;0x451623094802c1fa53a4166d2096264a02091a6cb9ebb19feb41fd5537357ca5;0x5c0ef4a5;0xb9ebb19fL;0.500000;1503213753;1503213756
1;1024;8048;0x09b9b747b6fe153ca8debf0514b6866d4081098be2e7aa54f874f2d566c4fe6f;0x26e90f092d6553f772054b7fcb91caf7743b6eb96dd45a6a22bd8921e246185b;0xbaae4988;0x6dd45a6aL;0.500000;1503213756;1503213759
1;1024;8048;0xc2c1f8f9aac50ff7cfe306c2c1de34d682d7ba2da5022af425e59ca46c05c22e;0x394b736c893020967f3be03a488030e6cfba8ee49ec2f0b7eb1b2e2378d96728;0xfcc7a674;0x9ec2f0b7L;0.500000;1503213759;1503213761
1;1024;8048;0xe7f67be46569046c9bc75706e45cf539398e4f5275c545a254d954b293e4807a;0x07fd27baf15a0cfce014b4a26b2c12233738e52ad97018a74712e335ed063cee;0x12ab0050;0xd97018a7L;0.500000;1503213762;1503213764
