1;1024;8048;0x6aca7360f67fb8fdd584d105ee51b9d0ac772ac92b6fb1c21b9329e49cd84206;0x5df85679d1039c7a6ba64fa8b032c384d5cc634cf86b6a69d7170a1f8721c3d7;0x59038c35;0xf86b6a69L;0.500000;1503162613;1503162616
0;1024;8048;0x36800a0aa27b2fe6dc87959382944ed00f956101aef589aa3e971c9f8dbc32c3;0x44f62b89f2c4400943bbbdaf4c5528cd3cad57954c5dfd68f950f4fa596de045;0x5a54efb1;0xffffffffL;0.500000;1503162616;1503162618
1;1024;8048;0x2c2223b30dd104e70900bfb21cbe5a76aaf3a7c881f98f2999b72229ba9e60e7;0x4c4f0a41552e7feda862ab68808898be15db9d26be8e6b1c23031ec79fb0f741;0xea2078ab;0xbe8e6b1cL;0.500000;1503162619;1503162621
1;1024;8048;0x16d7a3010943eef64ff13898204415853c5fceaf52e50e08ca73f6ef5872d36e;0x52f17fccc69d008770183fe856f1c2b9a505e6461073b0f86191b2c947c06754;0x1b8fdc2c;0x1073b0f8L;0.500000;1503162621;1503162624
1;1024;8048;0x57da6e3731a340a53821f8b6ac11ed4e0a7fac32138145c080c34dbac85a141f;0x56b0c901e66eb0079a0b91af808ab33a6165f1ea983637515c21b1f21a3d9d58;0x9f1d4c89;0x98363751L;0.500000;1503162624;1503162626
1;1024;8048;0xc6d232a5de25e61ab4142af9f00de7abbf21659e99f28a88c47ee4387cb84742;0x021ec7f6d757889367a4f80313f0a7f3939fe6d8df3dbc8b15eee40de89cca87;0x3953feda;0xdf3dbc8bL;0.500000;1503162627;1503162629
1;1024;8048;0xbb562245f2cb513c3855c37c0ef63d85f8e6e71d516a8c3ac353e018bf95a67a;0x85f5c036253d03ff044841fede3386e255e19ad5cc35037615a3ec952bffcfcc;0xb1ddb6aa;0xcc350376L;0.500000;1503162629;1503162632
1;1024;8048;0xe389259967506ca082edc9f982dbd1cb7b1c3794dea0165b95231c1611c46ef5;0xf29092f47cab50749c718ecdef24e775a32f32530925972464b5a4a13a9da2b7;0x563f59ed;0x9259724L;0.500000;1503162632;1503162634
1;1024;8048;0xb794404d1413bde97315c2da3143374fa8b73c50b47f62518d898f676246391a;0x339272dab189c0be1e477898eada3a1db5b7c3a0fc93cfd15ce9abd6e9c95411;0x5651292b;0xfc93cfd1L;0.500000;1503162635;1503162637
1;1024;8048;0x0a931ee0da7f03d6cb1a3627c5c9d0ed07c3b72fff00d71abc61be4dee32e5f8;0xff995a90a738d0b2d3fb7db4da541c4a8a4087775147c784b11ebec047aea783;0xcc338867;0x5147c784L;0.500000;1503162638;1503162640
1;1024;8048;0xb64e98df4414ff31630aeed94ed6d49748b5772c2b1178abab613b2e8d723143;0x82519d004fd5978e36cf42c8a172a7197f74f608d0706e76fcbbc3f4eb8b7d04;0x599a4e09;0xd0706e76L;0.500000;1503162640;1503162643
1;1024;8048;0xcd1e37ead0438a46c07de6c57ad809e72a020921d94b09e1a13d39e222dbdeef;0x6a4247f866630b36c15079c1cf193a2b84b63809fa8c1a1f717fb42fa2ec8c2c;0x5382a2d8;0xfa8c1a1fL;0.500000;1503162643;1503162645
0;1024;8048;0xa9262c147f1a78a583442413a5ab17c3a069b6758c24810dc0e37e768eee8b37;0x75c0bd41bd8ff05ed0db6e1f91a89d5160f768b1001c25f3ddc36a4ba9d2a6ed;0x318c957f;0x2a1c25f3L;0.500000;1503162646;1503162648
1;1024;8048;0x8658690acd119f12f5825ed304c2f4ced9f26cc86ec3a6581fc94ebda6dcf92c;0xc5bd8818f5ae77b7f56762d643cc264461cc30126f6064a594de34fd061f1c3e;0xebce7139;0x6f6064a5L;0.500000;1503162648;1503162651
1;1024;8048;0x7e79c69f3981cb7c846e64d8121b2ee06990160322993d8c336d2075d8f80356;0x13fd06061a76a744ce60dc1c93b83e868db479a4e8b210e2583e5190d94fde9a;0x712fd411;0xe8b210e2L;0.500000;1503162651;1503162653
1;1024;8048;0xc5a33d052ca357c266246088d09df6dce9d59eebcb16b39fe33fa9a61b9a4fe0;0xec518fb68c1889bc3dac09cefcbdecff199facfccb592e72d2f6a9b48f789bd4;0x3daf2c26;0xcb592e72L;0.500000;1503162654;1503162656
1;1024;8048;0x883316d37f8bf00b9ba13b2358c5738ee679507a29259f163fe0913ca8876031;0x8590473487c2c4dc32552539b59e9f174321299ea5f8dea6b3e13cd843204b5a;0x11dac75a;0xa5f8dea6L;0.500000;1503162656;1503162659
1;1024;8048;0xd03f55c3f45a5a984ab214e09c70392ef98523f5cc0b016fc5b40fd918727ee8;0x916f25e941475f8a81cf065b1a9ee782f90706b5ac3f85bf9f0467d81d8806e6;0x90f20281;0xac3f85bfL;0.500000;1503162659;1503162662
1;1024;8048;0xd995b623f9c24b225e3990d1500a055464ba569f2339b9f698c19e9243bc041c;0x2cbb8b83000fcfa0c70464e7808bed5f65fb1eb05658e8d61922043f1c284b61;0xa51e8ec3;0x5658e8d6L;0.500000;1503162662;1503162664
1;1024;8048;0xe04f9f6e447b55231bd8cc966515220178c223bbf8313eeafa176b49732e3a54;0xc0f82947d259bbf8a9ab876c0bb98a824669cb7eb2eb5860e9e7913251994ddb;0xe247ab0a;0xb2eb5860L;0.500000;1503162665;1503162667
