1;1024;8048;0x2873c3ab58bc44e880c0ed7dd4a07a00e17a2e10830f1665fc78b061f3e42b1b;0x246fb2baf257c062e9a331545588c896dbc3f64035c747712198b7f54d93440a;0xec881361;0x35c74771L;0.500000;1503170922;1503170925
1;1024;8048;0x3febfb6231f42560418e61219d0a763d97339d12ab1ce5d715d65676e290d421;0x6c6b30d2ee9bad74a627ce172cdc208267b7859dc45b3ba60c9d5f3799bc8072;0x4652f205;0xc45b3ba6L;0.500000;1503170925;1503170927
1;1024;8048;0x04fb82ba07e2fa2e2b4264bc6518eb48831f98199a949ce15c80be721e719722;0x839ac75f2644bd4613754063cb11ed8b63919e93263ff5c3fc8f7fa4022fba95;0x5a075dcc;0x263ff5c3L;0.500000;1503170928;1503170930
1;1024;8048;0x934f71ff0c79f8607b08e47c6c132af54da9e96bea07ceed8cf8ba37e86c477b;0xde817042722f73ccefd261af7067dbee9e8844c1814994adf388ffd9a703e544;0xa5026549;0x814994adL;0.500000;1503170930;1503170933
1;1024;8048;0xff312d62c078d48a8681de4be85a0893fa5e8b9da2513a5581dec8351747e316;0x0009e47095949e15387040bb65ac0ef577ea1e050b8a43111cce06236fd02c3f;0xde66b57a;0xb8a4311L;0.500000;1503170933;1503170936
1;1024;8048;0x192ec68f227f119f305cfad40d1df7cf7048b09f2ca40ceef553f9699a730fb3;0xbb30db0b34c1a41384d81e5630dd8e5aa38f358afd72b71d0568b7fb22ba0cba;0x66e77c2c;0xfd72b71dL;0.500000;1503170936;1503170939
1;1024;8048;0x9e714e433abec3732e66e227513bbae9f5196c13cc42f3b7ddc957aff79d7895;0xeb56c922522297d8d5def8b06f1824b1534937a952a601fc4ccbda274ede1c6e;0xe4e7af05;0x52a601fcL;0.500000;1503170939;1503170942
1;1024;8048;0xfe4718a2dedbceee38b52898167952089989587838cf883b6c25174987251a85;0x16af47c9e15695fb658eef8e4685f6329304f644743903f5fb580cbe42abd669;0x5633620d;0x743903f5L;0.500000;1503170942;1503170944
1;1024;8048;0x27db24c109e1cd9b5f0ff90103148f7114cb45c4035eac72c4c3a62e37197c5e;0xc4fa95138f36cc150b5afbe64dfcce59819b5753c9cf61930bebdd446f1efa3e;0xa772eae4;0xc9cf6193L;0.500000;1503170945;1503170947
1;1024;8048;0xf374336624ccf46b5885783dd137f96de17c63af2f33f67b66836e3659e61f4c;0x4df191db3055b94b3ff5104d55f4511781253cbc927398c96c89d1411dfcaadf;0x443ba255;0x927398c9L;0.500000;1503170947;1503170950
1;1024;8048;0xb8af0a26d1dc0c8677dd6e1dcfe31c1b35c2e8122f44a672239f0ea9b76bc66f;0xd3b84f73140e3086790f5f2436c56ee8157973771cea4345364d081e9375e13f;0x1a7b4d8d;0x1cea4345L;0.500000;1503170950;1503170953
1;1024;8048;0xd6db7b11b6c1796ab1fe7ed2195e51faf4f26c6627eaf2ebc44a1657c36ecf99;0x1b3693f19f774737a9393bd9e68b7404be84dcc487d75ab0d06076407cecd967;0x4e5f2536;0x87d75ab0L;0.500000;1503170953;1503170955
0;1024;8048;0x2693c9dfacff10065dcdfe38e9c829873f9ff43c7764373962b213e26231e589;0x09fdc923433503d13abf18f12f4c5b4da863ab4292fa7690d07982a8980ef6a6;0xfe346c72;0xa8d4a225L;0.500000;1503170956;1503170958
1;1024;8048;0x2ef0c337d74c463a0bd80e059862a460cf21611fd0187b9add18129452f6df81;0x5f06f3dfe6c7411a09899c99a28e7aa5f9d374434fd53e59931e94b87861c2a4;0x74ebfd78;0x4fd53e59L;0.500000;1503170958;1503170961
1;1024;8048;0x2c5f5233e9d2b081d68262798297821cad6423319f1da74e92e25fc827017153;0x45cb697c0f62ac84b80bb0b41bc57434f5adba8f857bc631ec4bf939de980e8d;0x678345fd;0x857bc631L;0.500000;1503170961;1503170964
1;1024;8048;0x8bd8ff6eecb836d41b4667490211519565c1ff54ced0e8fcdb7364d0298e6fb5;0x2918b1808598c69d347b40cc3d6250fe9cef08bbcf8b0fdfb2fad647758e91a7;0xf5391c2b;0xcf8b0fdfL;0.500000;1503170964;1503170967
1;1024;8048;0x6efea5fc36edd5a733a9e5ad9c35d59753c84abbb6f4f7116a79076914946b83;0x3c824d8d6e141f53afaec3580017e672300b19939abe26059f7880f33db978f6;0x9ae90d8c;0x9abe2605L;0.500000;1503170967;1503170970
1;1024;8048;0xe945a7d5d8102335d62c6c104b7b1efd9093338d54f4d5cb7c656c5e0faf38f8;0xab5f0c2b2d97b46c2c092c7b6615918d542a9544f88c0d457b513ab05223f2af;0xbc97df68;0xf88c0d45L;0.500000;1503170970;1503170972
1;1024;8048;0xa46e7f0e2b27d13d2fb3692223a0bb77402e5b657a83fcebaf8dc43c31b4c0d5;0xcfdfb600ceecfb9462300421daa6df3945909a479c116dbdd72e47ad7e6d942f;0xf4e9e54c;0x9c116dbdL;0.500000;1503170973;1503170975
1;1024;8048;0x8b6e32e5236e9e6e9b836d43e3df6f425b79b607fdbb22cfcbb15907a8572333;0x17707b92792c09528ed7e8d40048b026245694aaa0e465fd113c69aff023e787;0x7aba0a5e;0xa0e465fdL;0.500000;1503170975;1503170978
