1;1024;8048;0xcecfd16fac1c7a184a482571a216f5c40d5ebc689e3c53f14ffbb8e92a7bd8f8;0x9bd85670b8dfe3a98dcf7a01c0d8d2720de35f2b348dc046c623730b5dd11a66;0x1fd64e91;0x348dc046L;0.500000;1503219681;1503219683
1;1024;8048;0xf3c48d61d199f5efb1fdad393d8d340bfcb7e38f397c58c1e635b74925c30819;0x7682f203141d207092d8a2e3a43f7fa26b972ca28f1d535cc5c15cadb6d3b56a;0x5f28b471;0x8f1d535cL;0.500000;1503219684;1503219686
0;1024;8048;0xa70e42e41f2febe74059900ed3221946cd6b0a33d77af7bfbee5ad8aa9a49d50;0xa7ad7b069d4ae981b7726a1b9b66a21f3ee0f71ebed1ab78b6e2313758e25a03;0x4576fdb1;0xffffffffL;0.500000;1503219686;1503219689
1;1024;8048;0x1ed867f8178b84e6c85db75dcce7e5fe8aca98ed09b2ed42acf2b14a6a04cb88;0x13c08be6036ccfd929862193d30b15dfaa82aa03bf70fbd4014061b8900c1fe7;0x8d61965f;0xbf70fbd4L;0.500000;1503219689;1503219691
1;1024;8048;0xe51a97c36e359228841100ef99ce6e33f8c0791b5979e4e0441e7faf86558d6b;0xe3cefc257b9cb97b25f2262e0a56d9be8319f93a97a08d93c6f828d02a2ca639;0x7637f93d;0x97a08d93L;0.500000;1503219692;1503219694
1;1024;8048;0xad580e30fa0879bddeee5ef7e2f03684d77c55d341871dd872619354861bdc33;0x270cb01c09dc07d5a89dabbc5e6ff3598a111dab4d2910e1e9de0d9a84248645;0x44559a1e;0x4d2910e1L;0.500000;1503219694;1503219697
1;1024;8048;0x29c86b4f35839bc5611ec51f1b35fefc37afaf27136873d7221fc7fc56b14d7f;0x48fbd00b7fbe4827b1da49c3071f72258b44adc96a3b98661ef8d9fb0872b126;0xa7005817;0x6a3b9866L;0.500000;1503219697;1503219700
0;1024;8048;0x908b6fa4f53a0405fd8307cc8af7234c683c520845f4184559a24cf34194e1d1;0x7f55637530e107d2f62c485cfeb2882cfa22e2b2ae9fb911c59870b7e6cd826b;0x65b8f8c3;0x8aea15d5L;0.500000;1503219700;1503219703
1;1024;8048;0x560b62f481dc2cb77f3a80f424e924b6d95560ba5a19820c2d1ab3348210d5d8;0xe697baf732e6d71a64e9ed9b0b674888859e4165255e43b22e871f08e7200f7e;0xce50164d;0x255e43b2L;0.500000;1503219703;1503219705
1;1024;8048;0x58ad97a8ce70f3222c67c7b53ccb81a40616a4417937b8fec8c21650ab430303;0x8477607846837f748bae305aa888846d4a25052f94066a1a2ce895a159ced908;0xcb68e03b;0x94066a1aL;0.500000;1503219706;1503219708
1;1024;8048;0x53b99f1cb2101b2f7b22c7755b7b0980e303497d04146772c95cc2326d640dc0;0xfd5e83320a756e1fd7f6b3d1655a3e393d2c4ba3084124c6e6a68896f0dab3b5;0x6c9e291c;0x84124c6L;0.500000;1503219708;1503219711
1;1024;8048;0x76a251938167556a34e7500cb0764e9d9b7d5401e2c25fd800460c94483986bf;0xe55452c9a7707dbdf711ad8b7eed3f41670720d860e4fb7f40a47d7c03961c9f;0x9fc55a07;0x60e4fb7fL;0.500000;1503219711;1503219713
1;1024;8048;0x12848ac447866b3515bd4ffd056b589b62314a90ea8ff3c932c28aad1344dc25;0x108a581334ddaae72228ca08a7d9f6090f031385622431c82416fc25731f91f6;0xbcd2edd9;0x622431c8L;0.500000;1503219714;1503219716
1;1024;8048;0x9ad9ba7e0556daa162251be717bd8b933d976d6103d09e451757bb9c4bb494e5;0x13efa0314fe3624b1df04f7112a19533715b245353bed4ca40a57e3cbd25ce0f;0xbba7ca62;0x53bed4caL;0.500000;1503219716;1503219719
1;1024;8048;0xd35fbcb71cc7e8ab71c2dc2df68722fbf2433ca2a4ac7ade188cca2f65099a38;0x4af1800c67c7877b94572ee30a452304bb0733a27aeef583374ab85ea7aea998;0xa5aa4083;0x7aeef583L;0.500000;1503219719;1503219722
1;1024;8048;0x37d5c2925fb164a1f8dd79a8f7de8f22cdd93d374d319d97a91150df6d7b6fa4;0x2df3d3eba1831355202be336824aba56b749cd279eb39d4831b8b8c95fb3c2f1;0xd7bd0e27;0x9eb39d48L;0.500000;1503219722;1503219725
0;1024;8048;0x9fbbdf73489398a9d849a1777b2bc67e05847429711da257175907e50aac9eaa;0xe976d288d822eb03a6dc2ece05f56e2ebe91390d5c5710041c52387604ace27f;0xc35b32a9;0xe8126901L;0.500000;1503219725;1503219728
1;1024;8048;0x89d0c4c62391a3a931412a8d56d68a7979213455050558556d9c3980d6174160;0x5b48583c9e893835ef16467fc58c8f004dc27ceb9838a6b52cf9a0869894e2c3;0xd4b97b1a;0x9838a6b5L;0.500000;1503219728;1503219730
1;1024;8048;0xe8bdf0356905dfcccdf5747828cba2770b1f9dc813bc326cffb7ace601797ce9;0xc09eb5993e411630c15cec18911d3faeef78a559daaa7b273307cffd018243e6;0x8f0e8099;0xdaaa7b27L;0.500000;1503219731;1503219733
0;1024;8048;0x43902961253fb8f21fcb44c069a81f9772aa7801447352c58b7f28e5d2185e16;0x9b1c31083ce05844c49d6734bbbe6d5bd6e5b4d48e458c42c27dfd4cc22fb258;0x4632cf46;0xffffff88L;0.500000;1503219734;1503219736
