1;1024;8048;0x573cfa1886e99d7998cf6a384d18ddd12165573ca457ad74ef494bd57af35fd1;0xe6a512c9a8b853c11cd50141c9262fbbae865207b460d256f87bc665e46d1413;0x38d7e466;0xb460d256L;0.500000;1503076338;1503076340
1;1024;8048;0x1181c8923f874972613efa6bf5e795d6670c00dfc903a14c248c55c0866db397;0xb5fd996b52335154f79f923e911a508ee11b96a3306e2e4b693abf2d0f4a3c79;0x5031b7f8;0x306e2e4bL;0.500000;1503076341;1503076343
1;1024;8048;0xbd5e35fe2ed2186d7257b5589e01d834620eab5ac33aa0d06be2c5fcf13c80ae;0xd30341bbe12aa64fd196864beed6836ef8e3fe0cf0b3c236174021e2cf541192;0x8d059b0b;0xf0b3c236L;0.500000;1503076343;1503076346
1;1024;8048;0x73b70026d544409d5edaf48091e057ef173a7313b8790136445f1709b1a84724;0x89fc7de814fa14ff44d45d9c3069b61b94464d6fbe5a7d575f0c4f93c23c2b5d;0x1495d102;0xbe5a7d57L;0.500000;1503076346;1503076349
1;1024;8048;0x5176e1cbb8cacb1fc03061294df997868e9b7460dd437f26ac15e456e40e6d36;0x9443cce3242fb2e2b087a4b2a267363ccb8e206d5bc6118f5d6d2cbc8f30bbc3;0xaf297798;0x5bc6118fL;0.500000;1503076349;1503076352
1;1024;8048;0xea991ff3aeab5bddba9463dd6392e4912010b12b2d4df4f00bfaffc34f7d5239;0x17b5f19211e8fd02a09ff5036164202e231668a56b5d22b23e23ef5c361786ad;0xc2f3c83b;0x6b5d22b2L;0.500000;1503076352;1503076355
1;1024;8048;0x05f8bc3eb50633883fc1797b7215ea0eaef91b93270d007c8bad415ec8bfe3cd;0xdec511e81bd449ec90a569fee2cba91fb10d24c83fc432f5b0694a4798b94fca;0x49e85b98;0x3fc432f5L;0.500000;1503076355;1503076358
1;1024;8048;0xebc940d7293e6cc1af1ce26ae4ebdfc431324ea26facace38b16f8746fc4d05a;0x6be3e7b8f3dd44da7686a3d3ee4ade2ab77c265868a2437199fbd8583f6d414a;0xc2737e78;0x68a24371L;0.500000;1503076358;1503076361
1;1024;8048;0xc7a284ad7a36ec457b0890686a6fe0b0a0a7756a244607d6209981e02b1362f2;0x0cd28cf84bffe1b56b779f9afb87d42fb0e932c73bb0cd3906bee1818354ad0d;0x2f4277db;0x3bb0cd39L;0.500000;1503076361;1503076364
1;1024;8048;0x8aa316909fc6a59f3aea593df5c6131bbb26f4cf6c94057110789fe4841aa90e;0xde058f80081047b74fddcccf86c85752756b5be338673e8c14345860a169d083;0x58820c59;0x38673e8cL;0.500000;1503076364;1503076366
1;1024;8048;0x4e0917fd3e33ce20653497e9fa602f23cfbe1cacd9b20b707b0dc90a2f1eb47e;0xa4d6c120e84fa8ec18aa9822b2de8be81764e7ed0bb616a025da3cbe8db697a4;0xef8b6f76;0xbb616a0L;0.500000;1503076367;1503076369
1;1024;8048;0x474205853ffe0ff97fb6c7e85a993db1a95e064b954fc5becafd93fcf16ee438;0x496c57d6ab8ceb07676d965a6ac13230e55a9fe3d70ca20bc25bc81db46c6acb;0x9ca68d60;0xd70ca20bL;0.500000;1503076369;1503076372
0;1024;8048;0x115c2204497cfeed7fee45c9c0dcfbdfaba5d79844666b18820ef666687d4b7a;0xf5e65ea36df6ca8b03a0322270247cc9f373911bb6ddcc106f5cee9d23fe0481;0x1a61507c;0x89231f29L;0.500000;1503076372;1503076374
0;1024;8048;0x39ae818d1d5b6399d2d091270d9a3438851edd38c2d9c03c3e1d543eb40412ed;0xe42e22bc8d210f4b9e2302dc1d995685d46eecc717db37091bd655659548f702;0xa88ab13f;0x1100b01L;0.500000;1503076375;1503076377
1;1024;8048;0x485d423b438064e7ae2e3bd7a0d28ca382873cc7ea1ef22ee4fff858aa58d3f2;0x7cefd761a164736f705576c57ff23a06852972508c2af62fb6452779e0acadcf;0x76607d35;0x8c2af62fL;0.500000;1503076378;1503076380
1;1024;8048;0x32eb1f0da9468322eed550319ec5028c7eb11e70f5a4357b2b20b218fbbd722d;0x4d35ef69b08f80db0c6b052f45364e50e945216c287722c559000f02d87642ae;0x8fee2ae1;0x287722c5L;0.500000;1503076380;1503076383
1;1024;8048;0xcaf8609f1ebbb89143b04ed6034b2624e7d96ca1d6eaf404ccdff31a3ad30b04;0x0b4bba18b54ff40ee3bbc0c76ab02c918dd9f28d4e71d77c812707f190faba3b;0x6b7c5b81;0x4e71d77cL;0.500000;1503076383;1503076386
1;1024;8048;0x29d2b47533eadd41887e79dee831060d88eb238cd829854f2cc8b01085fdf0af;0xba2f097a8f5976a5aae701fcbb013c24dbae8bba0103fe6993ef04a30a0647ce;0x99441821;0x103fe69L;0.500000;1503076386;1503076389
1;1024;8048;0x9879b03c456669ca40dd76719f0be60145d24b2e12b2d8e726dfe20d3f9808d7;0x8a493a4f7cc8edd5808050e07d1d3d3efb01ad28100174179ea1e6184b68c76c;0x28ba5010;0x10017417L;0.500000;1503076390;1503076392
1;1024;8048;0x59dbb3dca47ee01c5ebeaa30dfd73dd925f630017756fe08d219c6178131e8da;0x974c5bde0dd30685c050b00e61bcf7f787fb4523d1f9fa933d745d40540fbe20;0x2864c9ba;0xd1f9fa93L;0.500000;1503076392;1503076395
