1;1024;8048;0x6e8f8eb1875f1572bafbb242aca2b88d3d4afd9d3bf7f685062d32199bc88b09;0xfea445ca0317db89d7f41fe310e39f5a1b562d832bd784ab0c2588833592d5d3;0x9ead7dec;0x2bd784abL;0.500000;1503161390;1503161392
1;1024;8048;0x37a02fa4619637c88a927868e756b67d7118876e15d164c4241b1f4b6b20aca2;0x7c41e32d57f59d10dc017276f23e7d02b0522aaf8728315d14a002cee2dca841;0x6c290d5d;0x8728315dL;0.500000;1503161392;1503161395
1;1024;8048;0xefa455614308bf7f414d666d629a49f96123c6a9005796d102081526df9321cf;0xeb272360d45937289f2afe57245b0e1de37e4f6358734e133ba98e0b04a6f839;0x7cfb1ce1;0x58734e13L;0.500000;1503161395;1503161398
1;1024;8048;0x062a19be0be092bb31a33cf0e459a127b8ef4868813610246d7f0d16572cbc5e;0xa78c7d51352a3af7e107531779aa8a4f0e1f1655a679dc341b393fce2010ad44;0x0ae6afb6;0xa679dc34L;0.500000;1503161398;1503161401
1;1024;8048;0xd531299df6dbb9a7d0307ae3a60b8850f4ea664801347e09e6c2ffceeef7e1c3;0x2697f4d6e5e9bceb23634e960ef43f556f29e49f4ab6f6edf248c26118d65144;0xb06474e2;0x4ab6f6edL;0.500000;1503161401;1503161403
1;1024;8048;0x4b0fbab02b50f59701e1798ff37e5894146352d9a374c5c9794f0c7ac952e314;0xecd612efca3d8f7b04ccd3bc62dc867a6c4b1321e3a5707224a833cf487289be;0xafb31fdc;0xe3a57072L;0.500000;1503161404;1503161406
1;1024;8048;0x69e6cbda46692d8b10f7bf41d1e2002bb91208fa1e28e9998324da9ed2920e3b;0x443ba139791805085659ea32ba064edf9a94015207a0ba3fc2cc125758a028b5;0x082c162c;0x7a0ba3fL;0.500000;1503161406;1503161409
1;1024;8048;0x76b5bc4c8153ae1eebd5df95f6885739f4158502954600ee46558403ea735f60;0x3924975455b980f5dc43128cd09454c99be3f8e8b39a226d86d2d12e02d34274;0x2b701b4b;0xb39a226dL;0.500000;1503161409;1503161411
1;1024;8048;0x8491840c5b2033003d0548f1316aaf8846f9a335a88ca8f5948cef8815aca699;0x63c9945f7285e3cefe5edb01f1b53c9a974f38870aaf6c51758861ed04314543;0x527e7512;0xaaf6c51L;0.500000;1503161412;1503161414
0;1024;8048;0x006719756353f28e06eca6f7b81c06d4d29d3913630234f65ee24ed007f23d07;0x751971980c6e13711e78e302ebfcbcbb8c58d2db17e333018102b484258f07eb;0x8684f31f;0x25411452L;0.500000;1503161414;1503161417
1;1024;8048;0x6ad342fe501ed62b38eff8e547f35d08fdfd49aeb77392d17c239fe066455ed0;0x464599f972788429981696bc8c0725f904ee6849c90414d9b2711a0d8e179f35;0xdcbde208;0xc90414d9L;0.500000;1503161417;1503161420
1;1024;8048;0x8d0d06a899db97b8650e01e267c85bfda01673e3ec0db4cb053fcf7beea0817b;0x3377e057864fd9c38d717d5dba5e9a947302d43ad55747a27604263f4031615b;0xc7aa6d4d;0xd55747a2L;0.500000;1503161420;1503161422
1;1024;8048;0x3a7c2f60ea5b4502a18e90fd431ebf3078c3f4cc6d18c858318c41c2e6e2b220;0x6867011238a39296e3871b0cef4583852be6c1f4169e6545c9686d9e32c7ec9b;0x552aa74b;0x169e6545L;0.500000;1503161423;1503161425
1;1024;8048;0x0337ca96f6175978d4ac5da490b00fd811cfe2f5bed38800775351658969d58c;0x4d86af4acf3e9a1d17ef84cb4a2aec8f325225f3ea902074872b8fc04862f17e;0x8de4c6d0;0xea902074L;0.500000;1503161426;1503161428
1;1024;8048;0x11ec9bb7af1ebfd11263b6eeb70efdbda6328a77aa549a8b1712bb0defdcc600;0xdf38c909ae8cbf44ebf8a7ba520b6309e5867e74b8a2e27bc3111be99bf77cc6;0x5f4aa39b;0xb8a2e27bL;0.500000;1503161428;1503161431
1;1024;8048;0x48649267cbb92d06abab463cbfcf399d6f69a2065ca87b7b32c3033251531499;0xee548c1c2aa29f56edd2c7a985fcec86d8458fb0d176943b675c5fe2eaa1c217;0x3c468d04;0xd176943bL;0.500000;1503161431;1503161434
1;1024;8048;0x1bee237ba01fcad2d85731a1b4732df2f89115d56bab7fa5684916b14e0a836a;0xf042a727607b6f678ac2f51f1e853c663d4d632eb83e2f17ebfab16d8ba041b0;0x446c2fcd;0xb83e2f17L;0.500000;1503161434;1503161436
1;1024;8048;0x1467130140df9551f334221d4a6b78b57d37aacf70cae5d1ef073624f0c63004;0x1b463b5b69fff367a58e61bf6af41682eb1e27182b5ee2d1918f6b22caa29213;0x586ec30a;0x2b5ee2d1L;0.500000;1503161437;1503161439
1;1024;8048;0xbb491218866926eaaa2fff22423a7e3b466cd3b9b8c22194569b7cc48d950d48;0x859fc143f904e62db54353c5339ec77b42b24775857b227951a7b7640df60281;0xc4390a7e;0x857b2279L;0.500000;1503161439;1503161442
1;1024;8048;0xff521d955fdef3ba1ce8c96f245faa52338fd741f50a78716a363824e1f351e0;0x7cd8a0e1402e2d54ef9be255831b2d1e5fc583ca084bb276f1b39037f8282738;0x961af4d7;0x84bb276L;0.500000;1503161442;1503161444
