1;1024;8048;0xad1f9697b298cbf9b33ba17325a12211d126bf74ae1d9514347fe4c696c93343;0x3960bdc8a3da088ece69b1c6fb1b0c6beac710ec0e5f834c05a1f619c4892607;0xe4396ed0;0xe5f834cL;0.500000;1503145986;1503145988
1;1024;8048;0x77120445f20f2ee70a80e16eddc2bd7f05607384a347aed1755d1a7b1a4ce491;0x528e28b79226f23953374dd18abe3c658de7f8b58acf9c9a564de46273eb2111;0xc4bf6756;0x8acf9c9aL;0.500000;1503145989;1503145991
1;1024;8048;0x22238af0c39c319c1abd48969898cf04efeea3bbb932d135ce546e37cc466fef;0x5f9fde434f84c57fb326722ad7ef78967adf387c423b808e8cdaf937289852ad;0xc3365c8f;0x423b808eL;0.500000;1503145991;1503145994
0;1024;8048;0x2c65d8eb1cbd1ee0761fc1bed99ce1355ab3e63965bf6d8aaeec65c7c7bc59f4;0x94bc5b4a2beeb0145a4519712c73a6aed9dba6ad5723381339b80a336095991a;0xa351f3c7;0xffffffffL;0.500000;1503145994;1503145997
1;1024;8048;0xcfececbc02431da83f4b594dbe69f56e71b8716dc783fb4f87879d37ff3955cf;0x025384cacc92cc81d56c5a5507e21b9679092bd2265ba4e0a5dc432b6b2f7111;0x09d5ee48;0x265ba4e0L;0.500000;1503145997;1503145999
1;1024;8048;0x02cc050983947ca97812c8f376ccde94940fc6d2147737382570b38ce77c17e9;0xe54e80519ed61fc10d11b0d0d30021f470d821713834da87e8de052aa254f3f4;0x24f2ead0;0x3834da87L;0.500000;1503146000;1503146002
1;1024;8048;0xfd7ae3fccd9e1cbcd5cf5b4c551512492734415d1f49cbb8d993aed7f23944ef;0x105084ec9ead25b672564eda1e30a9b5cbec125608d7a361a9ccfce9cb8186ec;0x1ed08c1b;0x8d7a361L;0.500000;1503146002;1503146005
1;1024;8048;0x629eea57f9a15ca5f82c5a2ac29155d3fd864bdd4c6417568445e4ae620d23c4;0x520547c2ffa5162e26321785b8c1c515826e0696b01a947d69dd989f6932fabd;0x5533850d;0xb01a947dL;0.500000;1503146005;1503146007
1;1024;8048;0xfebde658943d21917b7ac1b807c2a45cb3d18f6c720ae10a313b010d619b505f;0x73f971f844e1999ff3a82202517f4697c85947cc1a4e12fc7fa2f5a30f106732;0x77a0d20c;0x1a4e12fcL;0.500000;1503146008;1503146010
1;1024;8048;0xc8ebe82c7cf9e6544a87ce5b71d40330f732763b86e3d536157ff3efb291067b;0x2752dd011ca1540cc2197c2fe929f19951f7cfcbdb3fd149d9e9c1cc65f4b1fa;0xb188a74d;0xdb3fd149L;0.500000;1503146010;1503146013
0;1024;8048;0xe60ef3051aa85e937ea77baae2b67a3ffea27e7582443690728cb8a680709266;0x35a58b5b5491f67d809ccaa6aeac57635131445bfea66e928087eee6e0892513;0x724711f2;0xffffffffL;0.500000;1503146013;1503146016
1;1024;8048;0x1e18509ff2da49b9393f115a7e51d88d4904ad139ffd37ad0992296ceb5c1d0a;0x8fad8755608cddc9a383c87d12ed081b3cad4d446dcd6c735a96f3edaf6ac7d3;0x4f6878d6;0x6dcd6c73L;0.500000;1503146016;1503146019
0;1024;8048;0x0cb3eebced034e9426a4bcadfcdb3eb0ad28bf1555116348de4957999f0c2fac;0xee6505770e85a9a135709f3ef133990c83d6d41fe3fc96410d6937df80aaac62;0x69c7c206;0x80aa2201L;0.500000;1503146019;1503146021
0;1024;8048;0x373b96ba2f647248c3c64a90cdce8cf473300354a5cbdcfb1542017357d1408f;0xc17c4911a9b21317465dc9ea85d94e6644aecfdd651f756a4ba27a90ab651aa9;0x16db7fcd;0xffffffffL;0.500000;1503146022;1503146024
1;1024;8048;0x931351ed511548020a148bb7eb42c80b19ee176c27b27f958473dc31519523e4;0x3a90a5a4a2ba945bf501ad70b04d51bfee500d02c630ea071faf49505c054796;0xfa30cac2;0xc630ea07L;0.500000;1503146024;1503146027
1;1024;8048;0xb348171cef5e611660eb3d1ce50f7b072ed464956ac41899e99013c68d0b3040;0x8919af8500f4720c6860d9a2d5eda201af8151d719093e490a5b21ba6974c9c6;0x5a3d4881;0x19093e49L;0.500000;1503146027;1503146030
1;1024;8048;0x30e4a2dd59315864ace327abc6d2ab0dc3600a111df06a68353acde2d29be703;0x4781de2317ea4b4a08a7aeae33eb9d340b9e556c5069490f577b2f7cd41dfef2;0x3d975640;0x5069490fL;0.500000;1503146030;1503146032
1;1024;8048;0x20ef2bc47ae82b9ad967fb063efdffbb5f9f7d87b5fdc3e03d113db266d24986;0xd5040326c5422e0655917d460e6de3465d1965fac5faf6e8bfedd2907e85198f;0x83997ba4;0xc5faf6e8L;0.500000;1503146033;1503146035
1;1024;8048;0xf039f49478be314f48be41678eb12d6757297439aeee1864f2486181ff528eef;0x5d605d0e4039f04b0732ed4439d59f40becbfed988f707fb4db21cb5bb384b27;0x9fe91c17;0x88f707fbL;0.500000;1503146035;1503146038
1;1024;8048;0x4977f2389227ef4c0ea5dbae39ef998ccddec20481a5734c9130b47a3581197e;0x6b898d287eabaac6df3908ad10ce43ce29e340e157d640b89c799b39645727da;0xa5def529;0x57d640b8L;0.500000;1503146038;1503146041
