1;1024;8048;0x305fc6280d6846c5264ab519a4aef0288b34595f52ca7dba3027db60440f9b74;0x126a8e1649d3cc9d011791f5908fb9e369fd4f41ba1eb1494c6a946a118a4186;0x93606ca9;0xba1eb149L;0.500000;1503102865;1503102868
1;1024;8048;0x9602cffe583165b5e868f2d83d72805d88f308ab9257a84012868bd5a594b13b;0x9fa9e40fd159e797da9094cc62f614568215d707c56560daccc571d3c6cbb847;0xca2eded8;0xc56560daL;0.500000;1503102868;1503102871
0;1024;8048;0xe4aab825d76f1c6718b1343d7e5c2a62506e9b0a35beb2d7147a7170fccee5e0;0x5fa612fb0b38c12542518403e6bd27932717b05807e6ed65a825511da9b6bfac;0x5ba860ad;0xffffffffL;0.500000;1503102871;1503102874
1;1024;8048;0x8598cd9170932da5f9c57f92a6ce90a568ff6829b920929c015d893504cfd189;0x5cc21ae2d7d814cc50cda15e5e122771a31d57fdf62c32afeed178a6583bb171;0x112603dc;0xf62c32afL;0.500000;1503102874;1503102876
0;1024;8048;0x3e5dcb2b3872a3e1a65e6d115163e779a41b60023c8a6bfeb11ff5caeef7222c;0x6f87a513ae2a237218d32d49597dd34f61ead1f5b9bf5724c653d897cef7325f;0xd78027ca;0x45141f45L;0.500000;1503102877;1503102879
1;1024;8048;0xe62aeebf66993ffc9b2c879447fda5ad784095c8c1bb7e5af77cf3b809aa1def;0x62d572626fc140c1ff23921da7f025e8a30bb257cdcc82b86cff70c8b611725f;0x5839c8fd;0xcdcc82b8L;0.500000;1503102879;1503102882
1;1024;8048;0x052481842eafb1e6c077a4fef03518146809fb9cfadc25bcaad40c322b882a30;0x66e4368acfd27ff3da5eca83737d094694f8270d9d17b49ad26aa619c36c8b4f;0x87fc5851;0x9d17b49aL;0.500000;1503102882;1503102885
1;1024;8048;0x80737ce48c72a89eb57e45f43945644d01eb5be470a07654500b52c4d6ca4556;0x61953e910524423b49159f6cefdd8a52c62982c0eeb63f56b7e68570b3e26215;0x3e139c75;0xeeb63f56L;0.500000;1503102885;1503102887
1;1024;8048;0x9ed77ccd5fbd040c01d65e0cb5d9f07eea3d2d45d62df0676d4817f486f84724;0x300fa7ddb157790e6ca630efe98a5b4c4ad748de8506652b97f62eeac4c3ee50;0xa5baed01;0x8506652bL;0.500000;1503102888;1503102890
1;1024;8048;0x85897a3872c5b4942868ec4bf6b9a395624b0fc7232876ad04a2399d7c5e6301;0xb361f2c63d1cc85ea64f8bfd9922e98b9cfd8e448cf558568e73ce9ad0386673;0x45e12aaf;0x8cf55856L;0.500000;1503102891;1503102893
1;1024;8048;0x7f98bba0af84fb1e9197cb8baeb2abfcf58688e53d67a1e04cfe81119aaafe19;0xa06076a259a9a8aa7fd7fab923216e12de3bbedd47c7adddeac6a76ed6d982d9;0x3147a7d3;0x47c7adddL;0.500000;1503102894;1503102896
1;1024;8048;0x203f47922c2b68cd7799066ca85c8f6521e13a5b8eaf01468d06e67e6d5b478d;0x5f9f58e98ff0a2607ca2191098ae42dd4c84937a7484ed7b96fbe24674457141;0x5201c250;0x7484ed7bL;0.500000;1503102897;1503102899
0;1024;8048;0xc2449088bfe727db21650400a8d22c1e19e7e9202fce00d31ef9d6bdc5ad1587;0xfc58a7991602666402d52d33011aae9bb83a5bcd618ceca0931d650df4caa879;0xacdc4d89;0xffffffffL;0.500000;1503102900;1503102902
1;1024;8048;0xfa84f260e1de447086f54462a294018425cc2e5bec718da02a12e0321b1d4815;0x6e2c4404b642f2cbb36cbbdfbee6580520dc6f9fe32d850d9b0c7f7a01369531;0xe01d7fd9;0xe32d850dL;0.500000;1503102903;1503102905
1;1024;8048;0xe66f6f34ae7d2ee0f47614f25faa12158e33e4f42af3c14f034a16cb4cbb7c32;0x57781eb6fa4a1ef6fa4f480903e56b6059f97342bde2c10e3e5c148423f6c0f3;0x43fab1e0;0xbde2c10eL;0.500000;1503102906;1503102908
0;1024;8048;0x099289c6b8c04386f605c391ab2d6004354c73593de85bde6d15aa4f10539c19;0xd5200b89e9fa5144ed68c79da074cb7b4efbf23e2a24775630eb2139ca2275cf;0x09d8480f;0xffffffffL;0.500000;1503102908;1503102911
0;1024;8048;0xb7ddffd7be4e1262e9f2a83fdb2ab9079b1f7519d5c68a7861a5e8e7085f64bf;0xe936b6d8b2b0aa018c5ceeac386cf12708f05e0d503b59443b7ca8d8b1301dd4;0xb4a52037;0xffffffffL;0.500000;1503102911;1503102914
0;1024;8048;0xbf40a000110114737dd3908ede7221bb34fc6c32d959138c549e5a17e17781a1;0xe62cbca597e24c21577a5ffb923cc1bc43426c953e5f8e2008c237f561dc66db;0x15bbe131;0x94840549L;0.500000;1503102914;1503102917
1;1024;8048;0x343c317bb5561e47d3b2c1485481e999aa6f3df8d8285c7ae6b586e1c57a36f9;0xc0456a2d486584ba0ad4745a291c1abc9fdfa90378d28bad826ee91b2fb1737d;0x4d0670cc;0x78d28badL;0.500000;1503102917;1503102920
1;1024;8048;0x787173ddc2e8d325c4b43066b303f09e0bd2b1d5ee9edbe7d83854a097da7e0f;0x3a65c0ffe7e762ed66ee6bb1c9bd73358c70918e2682466d62c4523336153aeb;0x12cc37d2;0x2682466dL;0.500000;1503102920;1503102923
