1;1024;8048;0x98b00e93120a2429b577c641f319073798e6adda3f51680fdba24a850525a09d;0x7b3a2a60be449141a211da47e572cbc73154e2475d462a318257afdf81c6ac1c;0x55ea65da;0x5d462a31L;0.500000;1503173318;1503173320
1;1024;8048;0x9a47bdc6920e365635432ad1a1c511e357719d248442bb569b9e17752d70b9c8;0xb16ad4da03cad06935d240c33a6226ae6b62d25924356ac4477d2254e4df9bfc;0xeb90f97e;0x24356ac4L;0.500000;1503173320;1503173323
1;1024;8048;0x094408f70c311258547374149c6810b551add701ca1aa77d947eda09dc322ee5;0xc347c462d8d9b206d14d8673ac7d6f5312ceaf22278bb0bf27c127e50b207c21;0x80953f00;0x278bb0bfL;0.500000;1503173323;1503173326
1;1024;8048;0x60bb94371970985e7259eda30a9cf03319d9aeec16426bd1581d964513485073;0x44544850088a4ad4a7af9b4be52d82dd1d862bde4ac0320387124c9d7182da34;0xff3db733;0x4ac03203L;0.500000;1503173326;1503173328
1;1024;8048;0x3cc423605951cc6184e535644afbb31d1aea791215e29ae66d3bd1962910d465;0x7355f82b5791c779936326e33bc733289f6e6d53281d7cf40127961d6a197e45;0x07eaa9f0;0x281d7cf4L;0.500000;1503173329;1503173331
1;1024;8048;0xa0ec8085882527c21ce9625eb040b11e7f2a39c3685b95e8a8365db034e29dd4;0x12a1ee07e582af2bf5285930cb6b9f922ca6e490a7150ec62128c72a5748afcf;0x40a42e69;0xa7150ec6L;0.500000;1503173331;1503173334
1;1024;8048;0x118e7475cde4c240d45d65518c45fd863675df5571b14b4fdfd9c3cdf940560b;0x535e378920b516066724a06d774589f5867fcc9c4ebd014fc4e8afc0ca6e6b92;0x32253cfe;0x4ebd014fL;0.500000;1503173334;1503173337
1;1024;8048;0x58992f87c07560fafaab981cf2bbbfc49517dfbe30afb2592c3805db754ddace;0xc04936ae359c4dee4d08dcfaeef9b3ea8d4a2377f6db9678df37bb3d17a1c2e4;0x4680c703;0xf6db9678L;0.500000;1503173337;1503173339
1;1024;8048;0x1a70a062a95e32639af85137299add71eabd0b20ac0bb107f61ddbde408e9c5a;0x8b67463ba752f0ba3870117a7a5fe682cbaa99e522b08d8df204ea7cb81b7391;0xac25bc97;0x22b08d8dL;0.500000;1503173340;1503173342
1;1024;8048;0xb909ebd39bb38d9c99a6e7bddf094f32ce6c6a1dbe541f2dde8d65f10475b6bd;0xaff7332732858a2f9d55010c626783782d7768292666779c056caef804d5d454;0x85f3529f;0x2666779cL;0.500000;1503173342;1503173345
1;1024;8048;0xbaa44d7027fdef6d12e2caa950c033b43cec8e52e283f979ad31802735395bef;0xc46d4fbcb30368734c497c52781e9b7ce04abb73fef2dba29e57ec80a187b0d5;0x670a5a59;0xfef2dba2L;0.500000;1503173345;1503173347
1;1024;8048;0x377062d8313f27cbec79b4474cdf2f9e07f30d606f5e16763f32c2b071cc26a9;0x38ba49bb4d595c9c6fe5b5ed8f35326b62fa791c68e9fc4e921b13c2551acdb6;0xb7c9b0b6;0x68e9fc4eL;0.500000;1503173348;1503173350
1;1024;8048;0x06b5b2b52e2786d6df7a3c260b99da2a39a3b068864314d1c4695dc348702a4e;0x5e1831615f4a13bac8558a6a108e82b484f0698f27967b78ec96df20ea622d83;0x115af4ac;0x27967b78L;0.500000;1503173350;1503173353
1;1024;8048;0x2376075862a678a04e449012ea30fee3e129146c5aa101bd9fa608db996e3dbc;0x580695612689ae7aa804a44eb1fff5e417a4f39981728b7259599abb682ff119;0xb93957be;0x81728b72L;0.500000;1503173353;1503173355
1;1024;8048;0x67246e010966b3777e758bc7f8e76a9872f73bc814e881a576bebed9d698063d;0xc0c39970b467041a3f507a1eb0fe725ccac10271f050dd63981ff20bd324dc2a;0xcfa160f9;0xf050dd63L;0.500000;1503173356;1503173358
1;1024;8048;0x61b42cd946e4472997ed6679ce0c1ee7fd61fe230ca1c71f179f57ea4a7bf4ab;0x4378d3a74840ba4f3fa1bce6a10924e2f1fa24e2cde9a9a60b030965bdf48213;0xb6f38201;0xcde9a9a6L;0.500000;1503173358;1503173361
1;1024;8048;0xa5c36a7104873c129a4cd36b97fa62d7a786bff1c79a18a3eb047babe39a3188;0x95401ccc4a8a847c62678c4d491af132bbe21234f5aad41a34f29ee016976e50;0x7446290f;0xf5aad41aL;0.500000;1503173361;1503173364
1;1024;8048;0xdeaf00ac62f9b53aacc6b204d2f3cbb93cbfd6a120a79d98f1a34ca6b759e995;0x3cd1fc377ca9ff14980b70d45f3c9fff85b5706eb691f9b692d2e4b315451bdb;0x5c219457;0xb691f9b6L;0.500000;1503173364;1503173366
1;1024;8048;0xea3af51ff9754cc9da530e95c671998592a63eaaf85ae9c3f774273643a5c92d;0xe9daeffbabb0889241cc00c8309134ba4f92087a693589331633ba329a6928eb;0x659899fc;0x69358933L;0.500000;1503173367;1503173369
1;1024;8048;0x3e4e5f4d8d57962e917494adf135b050c6b446349ff5cae60e9c090540eb437e;0xd281eac24bdbda49466eb7df6353f42f215e9d7fb677d7c4ee622bdc3745ed3f;0x6476c2d1;0xb677d7c4L;0.500000;1503173369;1503173372
