1;1024;8048;0xf85c7ae85a9867a332e49134356bdb6300b8fa3af2006ee6d939a78249a61d41;0x32dd7590f6b6e7bdd8b031c6ecb0726b8eb0e686f189731364fb3e5a9168e91f;0x4756e9d2;0xf1897313L;0.500000;1503193486;1503193488
1;1024;8048;0xa01bef7e01c0e92638af6e2ee095a4a478268a920187bacf2929cfd5cdf0e46d;0xd2925b3f8288bd3adb385f89a4c391cebdcaf3f5f1a8307d2f0b873412c78701;0x5614535d;0xf1a8307dL;0.500000;1503193488;1503193491
1;1024;8048;0xa8ed9cd179a198c0113ddcd4162f9679292261f26c711c3c1316ee686bfb6014;0xad2ee0bc8e2fca83eee5c1194e6a56be33772d2951758672f185fe5996a2247e;0x659f514e;0x51758672L;0.500000;1503193491;1503193493
0;1024;8048;0x7fc22a359d350949c51d819f9c3784952a919aa89250d35e31b4978a774a1ff6;0x53d0608119fba5de762e212d59e3671e952d522a230a3d003d0589ec955d1c03;0x7a9eeb07;0x14b502a5L;0.500000;1503193494;1503193496
1;1024;8048;0x5c0983589e60a74273b8fc667e3312a8022172f68928fca9012380d17c98bdd8;0xf3128a98ad5ce973bcd482619610e6ce5952a5230bb897afff60ce9a50883eca;0xc2a02f89;0xbb897afL;0.500000;1503193496;1503193499
1;1024;8048;0x6d38c0edceb29fabc19c02dc29960b5de05dcc959c5ace7280e1dbfde7d65654;0x00fb76b6caf33aa83343fa8bd1a16a7d6e1fa33e2a1286ce1e83be2f4bbcee7f;0x5a7dde75;0x2a1286ceL;0.500000;1503193499;1503193502
1;1024;8048;0x09c2807f6a764bfa5417865aa82d98b97fe6c2095056dbfa577990c8ef06edf8;0x8eb7d4593fc3d6880480e5b0d50bef38314b9f4fa11fded2e94bd3dc467c0cf1;0xe2febbf1;0xa11fded2L;0.500000;1503193502;1503193504
1;1024;8048;0x2f76e3c94749e59ed3d6e840e41f74250101f19632bb15c0a200a455360f2d66;0x746bd5a0772c299ffa7e8391a9a28dd23a3f7aaa19535e1da367da50d3b87554;0x91a96e5c;0x19535e1dL;0.500000;1503193505;1503193507
1;1024;8048;0xe4f71b1fa9341ee287df16d4aba2ca8b3a28d26547eb62a6bf9fe4667066bd55;0x95b28f1e64d7608038a1dc5ed166fb19f770210c59ecadeada640783967a0562;0xdcbc0580;0x59ecadeaL;0.500000;1503193507;1503193510
0;1024;8048;0x96516afdeafa48314f558468a20ef824095f3cfb49602386e5bff83cd9ff876f;0xe3e24b6650ebaf0a8e5eb5327affea9a7a6fab5cda95887a059346450bc518e3;0xdb987239;0xffffffffL;0.500000;1503193510;1503193512
1;1024;8048;0x27cd234185709d815851ebcc138515585c3fd310c0a20d6af7e373e337aeb95f;0x807ed3934644290c8c85f9a1b8745570b78997815753554dff481afae9c136cc;0xbdaf9b96;0x5753554dL;0.500000;1503193513;1503193515
0;1024;8048;0xc77277e5d894deeb6a5a29d78a46ac06f0be31b5640351d23a874ff0847a174b;0x55563a094234bbe16fbc3298aeed33573b27620c4b31d91308568df4d67ebcb0;0x0755b9b1;0xffffffffL;0.500000;1503193515;1503193518
1;1024;8048;0x0c5406c1eb8dd43830349e2384dcb3002f14f962e4b08f0cd7c8b3ea4fee8b5c;0xb29740dfe38e8c51456226aa4dde0ff507c894a95d5ddefaa8a1613c14bb3ea1;0xda24f3b8;0x5d5ddefaL;0.500000;1503193518;1503193521
1;1024;8048;0xbe47d37afc8aecc428f09ab2a321b8efccf2a2a80fa420345d834ab8fc262fba;0x0c0d98f6859064ae9fd3a62c3f753bba8ac84f7218a42a98d8391e2011fdc7eb;0xed96d304;0x18a42a98L;0.500000;1503193521;1503193523
0;1024;8048;0x48acef3ef095c0bbc153097b1823f482bdb9e013867a05026409c39510caf258;0x2e24e342e87fb41ef5bbb7ca097adeb59b8883f98efc51c899fe805ad01f0239;0xfac3e36d;0xffffffbfL;0.500000;1503193524;1503193526
1;1024;8048;0xf0fd78d3ad315820328778948ab752b460503a2dac5bc67960f2824cc5afa6b5;0x0a7d6b260d59de3fe9e180eec48966a40e37e9dbd28295daa3bc609b47888fce;0x7a4b361d;0xd28295daL;0.500000;1503193526;1503193529
1;1024;8048;0x0082a504b8c0aeeda7622ef9e80ea87188764cbb6bf542b5405d81c36ce8e06d;0xcf9fde1e30e568603016e272648ecfe2b1d98aa5e92e30bb351aae964a49b222;0x60921630;0xe92e30bbL;0.500000;1503193529;1503193531
1;1024;8048;0xe6975c8c4cef08408d73fa0157671efa007aaa3bac55d701273322b7ceb918b4;0xfb75819e9ba6a208ae13c73ae794e9d1cca40458ec306ecb1310f6d2aecce3aa;0x8ab13303;0xec306ecbL;0.500000;1503193532;1503193536
1;1024;8048;0x28d13fe27a1676c35b7f227703ef05e0f767f3682892aed7df98a0492c2b5154;0xf5513085f144a588f2e5e65d6c641a9beaec482bb0fb6ee8cedfd01d95f7695e;0x5a706a8e;0xb0fb6ee8L;0.500000;1503193536;1503193539
1;1024;8048;0xc04fbb3ecd0cbc16ece4e06ba94f8d147bd33ec8f871aba09a4c0627e313b7a3;0xbb2c4dcd92e844c40117246ead054def5f96911a92ea57c88be9df3f342a404f;0x8b1cf4cd;0x92ea57c8L;0.500000;1503193539;1503193542
