1;1024;8048;0x061b053342c67760efd4ae6e02240a28423f6e4a55184cbf68f99ee57fbd5d85;0xfb5ecc8954eb1420f66f3ac3d0c7f7adeb1f8b9d4a5e644a86cef8575d2ba6a7;0x7a6919b3;0x4a5e644aL;0.500000;1503169748;1503169751
1;1024;8048;0x617b041a4b0871f98dce8c2e3a8b74f63524fefed66e50b325f2b541551c7db6;0x65c6a8875894987b7bcda68012ff1f0eb0ed1af44c98e416375af414d7b54f9c;0x1cb336d8;0x4c98e416L;0.500000;1503169751;1503169754
1;1024;8048;0x372e153c570cb5780c66176ccf8e001cb6bf6855aee359693e45bde462e37a9a;0x62c7e31376abb57c48822f02c5988c09de66c57f837df0fb64f1635f52528e24;0x9bb38859;0x837df0fbL;0.500000;1503169754;1503169756
1;1024;8048;0xd90470ae185f995a548c855d68160dbf8a795c4da45fdad57216ba87e92ce0c2;0xf6021a126212e0c99bc69e364a18aa1f3f44aa13d90c144c95cc97e1f4c2ccd4;0x7da905ee;0xd90c144cL;0.500000;1503169757;1503169759
1;1024;8048;0xded67551626d183b0f99da7db815524b86be1c68fd6664cd054a6f8106d015e4;0x8c9abc078ef43f3ed004369ebb2b81d6f56045d977c802b23049dc5e2f6cc8e9;0x540a52fc;0x77c802b2L;0.500000;1503169759;1503169762
1;1024;8048;0x0b8483c00578c3841c81fed440edd019e5f9d6c03e111459e00cc904566b2262;0x397d920798d80aa9d7047c417af961725fca5a0cb4e4fce613b48197af13a926;0x9c6c8861;0xb4e4fce6L;0.500000;1503169762;1503169764
1;1024;8048;0x548fd1f4467ddaa0db19981e599fb7ab1c33e1ef4d23a93d6ec8512dad952701;0x0d14d5832172ba9f6f64bf8cf48fbf0137bf79ec98d122aa53a505ef3eeb674b;0x24ebb7a1;0x98d122aaL;0.500000;1503169765;1503169767
1;1024;8048;0x49d2679cf492750740001c81e09fbec552809eb923fd4136f2ac2ee25fa1b9a8;0x96854352a8104f585f73078ac1dffbd9883c394d094d5709e5cc478b907b4896;0x425f215f;0x94d5709L;0.500000;1503169767;1503169770
1;1024;8048;0x8e08aed84f396f0aa09ce4c65affd58fad07bf6100c32adb034b250dcd70805b;0xe636c51b73197cadc3ebeda30c32d0c50b0447ea6afcbd9640c820eda7af7310;0x0c544cc1;0x6afcbd96L;0.500000;1503169770;1503169772
1;1024;8048;0x7e437d7e80d4a09cc61a64450d66fc4ab740807e8a8c6a4a9eb87e0f81c943ff;0xd7562c5a9b3c876966d1369d67f420a09f98def9730d6bab6f2ef4911cde03ca;0xc7b98aba;0x730d6babL;0.500000;1503169773;1503169775
1;1024;8048;0xafacbcddd69910206924994f10f9f8cb0a04b7866168125825a8409b060e59b5;0x86cbe6868a0d2a2ef7efb610641ca6d2cbfc1f384b97d219ac4c5c4035a2e371;0xe1fa78fb;0x4b97d219L;0.500000;1503169776;1503169778
1;1024;8048;0xaf2830984f7c3316d41e2cb0c97ebc8ef7648df2fa7fe57968dd8227243378d3;0x85d2687ebca66c9765883e616c03f42b0664807117353fb42f335f393fe6917d;0xaa21865f;0x17353fb4L;0.500000;1503169779;1503169781
1;1024;8048;0xc89d85a3d73b078ff1d9e04240bb70b3bf8b58c87b06cbc7b39a7dda905ddf58;0x53d0fc72397b69eb59ded2d56fb76f88cb7a43814f375214e3843fc7a6dced43;0x1f52e1c4;0x4f375214L;0.500000;1503169781;1503169784
1;1024;8048;0x03ef24cf536f0e4c7b3df815e995517725a2b2ef53d3993eaf418e4bd906c8dd;0x4c3d2c83989bcb970b6ae2000e9d7caffd00bdd06585388e6eb385378830cf44;0xac238221;0x6585388eL;0.500000;1503169784;1503169786
0;1024;8048;0xbfa49d68425029494225ba9a61ec0c736c25d01be51035917adff09678d4fa38;0x66cfb4a7e327d39072964756c9d342611a5b4d4301fbd6caa2c33cf1c2c41c82;0x2fd648dd;0xffffffffL;0.500000;1503169787;1503169789
1;1024;8048;0x8052429f3905aa416e4879f39674333a99cd0123203d2bca8c38a42ebf98e73f;0x0c4545d6949cb813e6c2eae4dbe8eacc385a5ffcb27da67b16417e7eab405c6f;0x466d4ea9;0xb27da67bL;0.500000;1503169789;1503169792
1;1024;8048;0xdb183407e57b5c4183dcece2b538f9f3072cd763569e7bc078f1809688919964;0xfc2ebef3c537b3dd5a96667846a2d943c31089a7df141a39b498f7d5caa49ffb;0x287841da;0xdf141a39L;0.500000;1503169792;1503169794
1;1024;8048;0x96e04dc6d83134290604a24b15cb2fc601a007c1464a51aef45de930df1c1c76;0x14e4230722c0c088f457129c87b1a46d35d923063ec6653e50518e5ef189809c;0x3d54ba44;0x3ec6653eL;0.500000;1503169795;1503169797
1;1024;8048;0x58954aed8706ab57b56339a987eec1d4d328ac85ef3cf0721ca12e1d8dd693e6;0x3301423ce6f99634fa0d2c16875455eab5a7c8a15c610978092f6fbe694dbb37;0x0905950e;0x5c610978L;0.500000;1503169797;1503169800
1;1024;8048;0x3d542f014974e86fb403aae78f1c4f0010801f8ac2bef6b9d3785bc03e65f37c;0xe29ff6683feb1720421d6e44f8824f1d5d42454277e48a6af128cb0acd546500;0x05631f55;0x77e48a6aL;0.500000;1503169800;1503169803
