1;1024;8048;0xf81d4a087e11051e6abc985910cd1bca688e635d7d93b9476fd19433e5d51cdd;0xddfa79c130f15c601f52d8c1e102b79e05e30701ec60c888c316e04baae37304;0xc99733e4;0xec60c888L;0.500000;1503236276;1503236278
1;1024;8048;0xc2218f2ff397679883090965f1803595f20b27934671bb1aed0247f7065dccc8;0x25df31a2b88a446ceb8fd0d459c15d218fefa41241c5f69ac7ffc02249da7ab5;0x0df6d8a2;0x41c5f69aL;0.500000;1503236278;1503236281
1;1024;8048;0xf2985413e3371749cf87d32db923b094575282168dd9fa5800c04bb2af75fea1;0xcd88de1c54ce3183d710aaef97d06a58bffaf8d2f51d70f199a69bccc4934ad2;0x6a0e6c29;0xf51d70f1L;0.500000;1503236281;1503236284
1;1024;8048;0x211c42aba81cbcd7743b04fd6ae0ea5c703094f8f47779e8be4785080c30b42d;0x6cc39c708006d5a9d5e7d6445b22b0579392fb5ea421d4d3f0454b94ba293d71;0xb5dad4d6;0xa421d4d3L;0.500000;1503236284;1503236286
1;1024;8048;0x10c179403789280e2e90c4a8b912bee54bf2d5a8474c422522d46da08b3f5a9c;0x9f1a7ba1bbe94d64ba07e4d7e9742a46d9fbbc631739c4a5307c688617c589b2;0x8a505e59;0x1739c4a5L;0.500000;1503236287;1503236289
0;1024;8048;0x21b35eb55a2c9ddc0959a3c017b00dcc06cd8e2c4918b52a4c19a76fa8c3d9c9;0x93bcf6468e232e4a86c01e2e63e89813da621d36c1f10e043e1f051cfeed7164;0x72b10c62;0x8ca2095L;0.500000;1503236289;1503236292
1;1024;8048;0xc00c4c9d8b69a8a65604c71771b608e1e482ac71fcf4174f7f653c14968ef856;0x0df4a43d8a5f9c8b10926ea9294cc883b888b67ab1aa3aeb6cd21b5869d61032;0x032889c7;0xb1aa3aebL;0.500000;1503236292;1503236294
1;1024;8048;0x0e915fb73e0c282c1fe474a14490c282ba19fdc02253856f7d8c1597ba072dc8;0x5e1a2cc75e5c93a579fcde1cfa3852602bfc0ada4e9acb60ab808779a10c87ff;0x3c1f29b7;0x4e9acb60L;0.500000;1503236295;1503236297
0;1024;8048;0x6a0f0111c9beca0d3209345b09664144b7198ac771323e0631b0a21b9239d8fc;0x45852228cad9f2aad876bd46f176c8ab336fc58ef72e365028958179ff802a2c;0xbcb1742c;0xffffffffL;0.500000;1503236297;1503236300
1;1024;8048;0x89f0334a6bae1b17b0fa13a85530d4009a6e3bd2f64bc1d8c4c0f205fb1a9d84;0x5d8d10446ccf90e853500716df36dc2b813640c37431abc4f11aa52ba880f4b3;0xe898683e;0x7431abc4L;0.500000;1503236300;1503236302
1;1024;8048;0xdca9ad47b99cb2a609594944e0468ab0cf5d3b144fa0e586056cfd0b102b8bec;0x0501c8bdbb2a8c29183461b4eb9f59d1dbfd764144a09347fe7b61eba0057782;0x7921659f;0x44a09347L;0.500000;1503236303;1503236305
1;1024;8048;0x90e487fa19d56b7ef0709c99ce1be88beb0a576c3142e08fc89d437353c082e3;0x35588a43807f03ee675f822c38603518ee0edad40d4fcee880aa8ef9112cb9d0;0x6eae4918;0xd4fcee8L;0.500000;1503236305;1503236308
1;1024;8048;0x9d241e3ac0f880c967c46538c45d2d5031dc19823714a0285b25746f99838036;0x8383e7344cb24109919f2ea14e6cc89eed33887f30fa5c092a3ccb752ef5aefd;0xfd4b8144;0x30fa5c09L;0.500000;1503236308;1503236311
1;1024;8048;0xce66c3ca28003ed4e7e558b112e04e2bb95797b872a241b8001472b579968648;0xef0c17ee8860d3ddb3e7f7e35edd692636242adc4fc514a01bcef5d75de93837;0xe98d7787;0x4fc514a0L;0.500000;1503236311;1503236314
1;1024;8048;0xe7b9bc9e54d58e3f4e801bb1d536fddc4092babdcd09bd4f1aebf9731ecd4705;0xbf0c0977be12279aade2005d777c03e54615bc7f81e7797ca4e3dc1cf1f57d74;0x4d95d16d;0x81e7797cL;0.500000;1503236314;1503236316
1;1024;8048;0xa537a45aae01d36e49014b1b7293a1c1e49f0391dcbe56b18c17233e2e28a2d3;0xc355a21902e529719ff76b70b3e684b41d53212cf00b283894429c7a86254b07;0x9519a807;0xf00b2838L;0.500000;1503236317;1503236319
1;1024;8048;0xa4c9e4462d3676c78c849b321458d76988d882efa89324dcf35c92f896d0793a;0x878148e4695b4365c15e180a3cb908f6b236f88f32c4e5e036100124e9e3f0ab;0x96b5dcc7;0x32c4e5e0L;0.500000;1503236319;1503236322
1;1024;8048;0xcebbdfd61b9bc887e1f1875f16d017261dd7ee96b5fb0f2aa551287b3832e906;0x67b92a6d021cd48126bb9b58aa7e72acdd5212028d03c7f56e1e980ab0da4193;0x849ade97;0x8d03c7f5L;0.500000;1503236322;1503236324
1;1024;8048;0x9d7cdcf89742bad92449674b2145b1c26af1d8f5cae75169825c383884b56c22;0x51719d89cdb265b45523c82564ce14cb8127443ef8fc996f9299249041eddc73;0x05aad371;0xf8fc996fL;0.500000;1503236324;1503236327
1;1024;8048;0x03a36b4a49d087615eec34fefb7bf2c0b44dee85997695208d6c2c4a55e8c958;0x5fad5948769208bc8429f26e76fd983c3aad5538be93edb26975e875d13eb5d1;0xa0e24fc1;0xbe93edb2L;0.500000;1503236327;1503236329
