1;1024;8048;0x66e1a0b7d9af59c9da60d9a21f95bab930f82e3c427c9579fef0e127715399d7;0xcc6195d4c610aa2528fa05ce5b099822ef2f83fcef3fc81763ddbd5ecfcbe35b;0x1e367491;0xef3fc817L;0.500000;1503105457;1503105460
1;1024;8048;0x490762bb02308cb568657da0b8fe7095f2dbae7f6ec75191f95aaace685cdcb1;0x3f9ba1dcea5db14a63807aa52cebb5cb78fe27046bb4897eea3a05c89b7a1e7b;0x5737b543;0x6bb4897eL;0.500000;1503105460;1503105462
1;1024;8048;0x368c52420d379df248b6acb124c4ec551ca116fe7b35b09164357612c65d9ffd;0x10a147bfb8a84157fcc4140511c9120a60a5e23b510495a7c96a4f678c2278dc;0x901ad45f;0x510495a7L;0.500000;1503105463;1503105465
1;1024;8048;0xbcab66e97e20e39c4b89d335a66df8fbb52a0c17fbe8408f9664a67203040ebf;0x39047b12b2d3367180b8d752b48288aaa4eafe9567cfabe031754a003ff7b1dd;0xa9ba086c;0x67cfabe0L;0.500000;1503105465;1503105468
1;1024;8048;0x9348eb995df5dea2d760709deb92efb7dc8eb4ab81ee01869e684eeaa5209038;0x3d905cb3b4f1ffc75de88afcc515e6043dce717b7066eefc783197b60b30318b;0xe2da85b4;0x7066eefcL;0.500000;1503105468;1503105470
1;1024;8048;0xadc1f5ed20ca77ec3e903311a5627db9b012a3efca9811728c7fa244bda6626a;0x32f38839726cac30004c9383e591bccbe2d223d320ee05ea94170af4ff3f6d50;0xd377a208;0x20ee05eaL;0.500000;1503105471;1503105473
1;1024;8048;0xccc0f9230a32e8cbff62156ec070556770d5c9d1dca0aaff05d3eb27c5d5a591;0x4a76e418eb7d5076f09186b4ee98e1cdc290dae78be348d761b6f2373927a86b;0xaaf7a36b;0x8be348d7L;0.500000;1503105474;1503105476
1;1024;8048;0x6c0e46eded67858c7e2c250f70455a74722757cbe87d0bb048f99ee5aa4f8617;0xe31b05a8f8516544451a3ed7f28b660a568620cf7d1fb7ab1055ac3e73112eaa;0x7193bae9;0x7d1fb7abL;0.500000;1503105476;1503105479
0;1024;8048;0xf42e67a049ccd6218138b48e741185672a63c5f36387d8daee003bdc9f287893;0xfa496ab5d1be092b14ef52aea116d26d2b9f5b80d5d2fa04f145064f2d6486cc;0x00c7e343;0x42900851L;0.500000;1503105479;1503105482
1;1024;8048;0x75fb0edc03d847c0128ae859072a7cc2aedea45fbb028f51bad192ef0c978182;0xea21e6d3f5f6657f076e9c42d2bb606414a351297894be5ebf0be7af812f6875;0x501adc3f;0x7894be5eL;0.500000;1503105482;1503105484
1;1024;8048;0xaf81c592f7b442635e5902397fdc7cbfef5f944099c7430f20a79bb64606adf5;0x9ba0e21eccb11314d1dae44b211ce676a024c8f8e2410be1fc5aa40b06c474e2;0x3599bd47;0xe2410be1L;0.500000;1503105485;1503105487
1;1024;8048;0x05261db5d56538da6d3cc2f84f1b774c201f03aa70fd74b9ecf57cbc6eeb0a73;0x85d243d3a46c27018705562f3eec63b632b60d77a3ac7911056ad103c23c0c70;0x55dd4a86;0xa3ac7911L;0.500000;1503105487;1503105490
1;1024;8048;0x4ea46b5ac5a17ae8e32b03f4503dcae8ba380bf28651f531f116426d59f82da7;0xbd89413735f5a94da9cfee9b79ce350cc048d8f06a2d704af6f70707cc6f2dde;0x7f2e06d5;0x6a2d704aL;0.500000;1503105490;1503105492
1;1024;8048;0x28d0bfd8604ef57781e46823a66aa0cba46f792099119124446db1c666d2ce8f;0xf3c64380b7f35829c2480aa8cb2aeb4299dcf8ca8e7071f9359f6298a0fa3acf;0x6d200a6f;0x8e7071f9L;0.500000;1503105493;1503105495
0;1024;8048;0x148af96ded11f74c54adac047766f2a62cb31b3e7957c43e91bd0b16df7dbef3;0x9bb84845392a2ff6e90d8db6170953dfe7b7b5c60d278b36167b7796e2875b4f;0xb31a194f;0xffffffffL;0.500000;1503105495;1503105498
1;1024;8048;0x1fd783dad6eea793e1af31c2131a04c87d0a2f780c148cdd31442a1940a7b860;0xa16a8cbf47d01664a84dbbf17a72ca03f59f930133df0fb5118bd844cc4c440c;0xe8970c2d;0x33df0fb5L;0.500000;1503105498;1503105501
1;1024;8048;0xfd59c89bebc938df7acb247460759d77d2f668c5ba7fab6638188bea5906f656;0x1950f8f26bd11819084183090fd276d5118401533633a07287a61e840d6708bc;0x8a37e037;0x3633a072L;0.500000;1503105501;1503105504
1;1024;8048;0xe2207a29c99768df1fc69de993e17ab6f4828fb695dfc745a22ed16a26204909;0x060d3ddf7d825bb79e170975ac022282496810ab791af38ecc632c17dad59b55;0xf6afe06f;0x791af38eL;0.500000;1503105504;1503105506
1;1024;8048;0x0fa09f32f935bf916f19c86755ebff4885e9dd4beba28b00ea414b7cc91f8bd8;0xfff849ac912efb6698405aa1bca8fb2ce5f3f05cf395f26f142f6061cad4f43a;0x80f0740c;0xf395f26fL;0.500000;1503105507;1503105509
0;1024;8048;0x1e1027acdcbac1f9c1c0e4b2c5e1414bcc2881bd8cdad1ad24912c0a73c23b92;0x5ebfc17b4a4b3e1d467b3a95f5f9b4368545ef1e5cb38004c976ba04d7c3aeb4;0xa1b39e93;0x84121341L;0.500000;1503105509;1503105512
