1;1024;8048;0x2d958527bc41c713ac6ee4f9057291072b31f0a0d14e85f1005cebef0b335938;0xedf3a8943becc7c5af04bbfb58e5cd1d1422f2ef4e8b86f4714307ddfd9e3d65;0x96376d10;0x4e8b86f4L;0.500000;1503249300;1503249303
1;1024;8048;0xd0a4e7cc738d727bd64197519f7aed81aa9896f328bbbb7b24da5d82f220e8c2;0x46ec8038c2add173d51a29089f8939a5478e817031e7edcfa18df5d6a2420636;0xaeaa9f8a;0x31e7edcfL;0.500000;1503249303;1503249306
1;1024;8048;0x73612b6a828b0d834d774bc096dc53f5dac8a4a853988da61077f31f8c2079ff;0x3795e5956ee0187e4040f2c7cbe7e007d59df66fa0f19cafc92e20b2cdfc2ce1;0x5591e4c5;0xa0f19cafL;0.500000;1503249306;1503249308
0;1024;8048;0x61dc3173998a195f5edb74c9dcbf81166814541005b001f88d4d79abff4b4f61;0xfad3c4b67ebe5087d62368ba0cd96a4bffcda9e4d3f87e44f58ad95a0ba47ab4;0x6bad6017;0x4aa41145L;0.500000;1503249309;1503249311
1;1024;8048;0x7ac52399b7d26a2e651b4baf8d51c4c0f4d9705f261a975b13d13cf6350862af;0x8770f47da0cb13cd1869d92fd7f17caca978ceba78fc9e735f61be3fde5959e2;0x20f4d928;0x78fc9e73L;0.500000;1503249311;1503249314
1;1024;8048;0x8cb88918e451904596af5fed6ecff4a03efd7a479d9ea7976d2224d4bca24c48;0x083adb468b99e2d83c2c457fa03755fbaf61a64eae2f68165c830d039d359dee;0x221e4487;0xae2f6816L;0.500000;1503249314;1503249316
1;1024;8048;0xdd419c393e283159b1ec9163f20c4f3261b943f42efee52dcf59588f0f3aa1ed;0x62d0f25af70326e3358e752a147998c6e49ff7525a165be5d400022d4086906a;0xc15c58c0;0x5a165be5L;0.500000;1503249317;1503249319
1;1024;8048;0xf14bd558f054433a04814c6a6899f04c0ab1e24446218e50d4074e3b26efb017;0xd4a35ab6c20c03ad0513a42e7486c41488d78feb55593fc505f7418d9ad2c245;0x1b63f2ac;0x55593fc5L;0.500000;1503249319;1503249322
1;1024;8048;0xf2c42ddec29e17f9cae0f77c7d1fed0b02d560f95e85ce80e0738f047d407e6f;0x11e91a3880ab76f3dc57f5849410fe4f81dbd7e7900a92c25bee707c5fe97f87;0x0bbf09de;0x900a92c2L;0.500000;1503249322;1503249324
1;1024;8048;0xd401adffab71a42cc0359156f56ca558bec4c4fcc7bf6238f10c28fd8c9fac60;0x975312bdb809450bdfbbc8186a1dca0346de77ed423681444fad34b3efda706e;0xa523f60e;0x42368144L;0.500000;1503249325;1503249327
1;1024;8048;0x95045a9bc257415ba58526f5ae5a6ff97cbf7e32b7af5154a5362d0c4195bed6;0x94494eb79cd5028e35dab655505b7f5694249bba25eab516f24224902f0c1d85;0x6748cde6;0x25eab516L;0.500000;1503249327;1503249330
1;1024;8048;0xf809331e50dc909b1e1e239cc2aaf5d13d3017cf0ddec5c16f5a50f9faf1c1f2;0x496e12d2c11aba102821f89b3d94dbfe3b69e7301d7ae356b6d5bef80abd8e11;0x7d5e0c3e;0x1d7ae356L;0.500000;1503249330;1503249333
1;1024;8048;0xba168b5d8a62a454bb263723f1bf863cda8be551406afefd0685bfd8ef5627aa;0x96b406a6f26769b068d410867003b780312895c87275b69cd2eb62b7294f53c7;0x6c45dd7b;0x7275b69cL;0.500000;1503249333;1503249335
1;1024;8048;0x8c234ee44ab97f83de22c7f3b980a60b53ce63319fd47759f6354d2503386190;0x7814c5f7e2e7a8192b6c1ce7942eaf4d9bd5b692b85962d6da5d00ec3ec6f2c2;0xcc91aa79;0xb85962d6L;0.500000;1503249336;1503249338
1;1024;8048;0x574357f3a70959f988b11f656348625bed6cc28b5bc87fa97464dfc44828b59f;0x74a0efd5f24ae8f12394684d55594ac76ae43722f78c76d20bf809bcaee5514b;0x75091cf0;0xf78c76d2L;0.500000;1503249338;1503249341
0;1024;8048;0x0ee389d62fd36402516fa4761ebe82314e89549e1cc91bf168f5bd167972b587;0x956ead3b1049f627264f9a75b0ac8c897223e5f81939100a5493ecd8491c16c3;0xef8b8635;0xffffffffL;0.500000;1503249341;1503249343
1;1024;8048;0xff9b891b27205f33c7f1cee1cf7aa9143cb6499218217eaeeff2dd00ba5d82ba;0x9a8f1a672759f2e15a0a2155e61db1d613ec40287cd4dccfebaec5aca68810ca;0x3546de6f;0x7cd4dccfL;0.500000;1503249344;1503249346
1;1024;8048;0x762c185bfd1cca3b2e44e7ce312f44ed446de3910cff4b2a116c13af7727e2ed;0x5d48f93d8bd1936e3ff667d1ef3b2fb613089834e3aee1265a5b8658bda8bebb;0x9e10ce39;0xe3aee126L;0.500000;1503249346;1503249349
1;1024;8048;0xf61c29cebff5687bf4a6217d4673c2698079642445f6a303e67b8fcb092847ff;0xcbf729eb6f7bad0e074f8e5cafa7ba2be223562541221b395d3ad0deb38d197a;0x95f1b7d0;0x41221b39L;0.500000;1503249349;1503249351
1;1024;8048;0x41ea7f71bb0b2187d8df751fdf60ba145a15e4962d24f9efefbf17ca0f596650;0xc46ae44a4c8e11405de61500fd682dded09b412231eeab1f7a63632757d62cdf;0xb8036e82;0x31eeab1fL;0.500000;1503249351;1503249354
