1;1024;8048;0x9cead4c53ae69cf56b65342256310772e65042dfe56e032d2714f862fbbd0498;0x25b694914457b3ee7deccc02a78c75849b01acf1824fe4b1c6b6f57ade637358;0xc02eb6f6;0x824fe4b1L;0.500000;1503226810;1503226813
1;1024;8048;0x5d8648601d82398148ef5f22122152b5e1a241438516b2be313943d939620f96;0xbc456581ac1dc8b931b5fa0f0b9360a6d4ed89612130983c5b5f4c1a38adf50f;0x64188c5f;0x2130983cL;0.500000;1503226813;1503226816
1;1024;8048;0x900b0e7322fcf1b0a45f69d18209406ad0c1a7f0ef4d2035ff45b9dd380784c8;0x2b35532765db9aa24e0d06b1e61628f0bad32f4bd10f1a50f9e6eae330f1a67a;0xf2af53f7;0xd10f1a50L;0.500000;1503226816;1503226818
1;1024;8048;0x38680bbdd0711b9e53e1765041debbee6ddba98836877899d06715f20983a342;0xf6313b184aa3bf0764a0bea15e62591ad083bbfe42d9d61d95343201676f59db;0xb4f4fd80;0x42d9d61dL;0.500000;1503226819;1503226821
1;1024;8048;0x3fa99d1fb98d68bc0030c6cb92de77543f801e36c9b59281d65dbdcd0235e242;0x2567aba5b9369de5eb0e3fb2f930a76c2d7c9d02ee42a688c79acac2ca2890b1;0x123463fa;0xee42a688L;0.500000;1503226822;1503226824
1;1024;8048;0xd397315c6dd174850f23b66453f6626503a2cf23fbbeb2efa7d30dfd9ad8356d;0x6f9ed5f0491f7f0d8c7b8d4f3f8a64cb4dcc8d22a2a0a9c5e12ca67717743e05;0xc5d73375;0xa2a0a9c5L;0.500000;1503226825;1503226827
1;1024;8048;0xe45363e26e15bde7399b057357794c225512550dd9e0b7ca2d2e00524315be27;0x094e01c34682cf48d65f2eed86ce5f44e903f356939a17af27a6b348f6cb073a;0x717bcea7;0x939a17afL;0.500000;1503226827;1503226830
0;1024;8048;0xc93ef7f5ae803ba50330e3246cb5ef646edde632cfafc9815a5ee115e47e8aae;0x93708701549bad57f49927c1b358610938adb6c62991c2023682794b8b8eed5c;0x939ba870;0x40120241L;0.500000;1503226830;1503226832
1;1024;8048;0x75c204c523ece4bfa372afce403acc33c2b3ba4d4e79bb4dc7513287a2178817;0xb0d0fbfe935afd0f421d0ed0aa833b6aa4c4e106fde89056d36c0a9e3eb312d0;0xd15cd550;0xfde89056L;0.500000;1503226833;1503226835
1;1024;8048;0xd8f1e117624b65813fb9a3f5455587b7961aca96b4c0b7affb2b6894507a1d28;0xafd32fe44b5d40df6035defd13ac580ec0f92a95a81d8862bc8020ccb096a301;0x28688c50;0xa81d8862L;0.500000;1503226835;1503226838
0;1024;8048;0x4ee5fb8e7e1f4597b4a78f01028b5ad25d50cad52f3f893a485978aa64515fb2;0xa404de352d14ed556dcad8160d66fdc3edde22232b5c7b2234c4128ff1aff5ce;0x92722ace;0xf4108015L;0.500000;1503226838;1503226840
1;1024;8048;0x2ed0e4e007e253c89567a40c84524428fe400c79d867f238ae848ec5cada93f8;0xcf5979ec1b0e22828a482c302e9557c992c003ee843437f41ac38f5a46ed4014;0xb913aee6;0x843437f4L;0.500000;1503226841;1503226843
1;1024;8048;0xf0bb7280d28c064fc15e2bad592f10b9cc9ced4df706c332e3562d1b04d8e2f5;0x42695a5c5aaa7560e4b97ab20c75c9f339e9c8c5f18421a010ab013866d14850;0xd3827226;0xf18421a0L;0.500000;1503226843;1503226846
1;1024;8048;0x599c59a7694a0faf9004dcf462544a19bf30cab8f9e886250becf57fec6e7045;0x04eb9b5588258d3c0ab72cb8039f0df624d3d1cee742ec1d4a40ee7362cf2325;0x7c5b7329;0xe742ec1dL;0.500000;1503226846;1503226849
1;1024;8048;0x593f9c9e8a6fd7a8a4f579dbf11a7ac347a477f6814aff9164d336b8596e97b3;0x4916b6edf156e24d09be7163c9421dd45f7ae8f813f2f27cfdcf88600bb762e3;0x453bebc4;0x13f2f27cL;0.500000;1503226849;1503226851
1;1024;8048;0x471c6b0a1b34e6eda1c4ab627a3ecb5b4efeeb068e78d9f1fc0f53d7b9306f01;0xfb0a453e3f47f08790cd08e6716578597985bc5d6f100762abd7b21a4ab3db05;0xb52719d9;0x6f100762L;0.500000;1503226852;1503226854
1;1024;8048;0x4376fbd10b1d0d1784b424e47458d1e28ff6156d9d3fa7be8dec668243dff386;0x29973dd95af3c3f6dddc04991252b0d65ac40020b992bd8f15975ea8d41060f3;0x1b8e47c0;0xb992bd8fL;0.500000;1503226854;1503226857
1;1024;8048;0x9cf1bfcdfa35f0ffbcd463faa4116cd89b530f6b22df933e6e16064b2c709cc8;0x57ba8a877f506d6195f6b58bbf745213407cf80f90b5142868279e84aa72def8;0x17ca20f7;0x90b51428L;0.500000;1503226857;1503226860
1;1024;8048;0x7b491dd7614a280f711edebb9414cbb87cea61081b8597e80a0b58ad3a04edb6;0x19679eb8a2b1af6377c1c28f1c5396ca62a9dbd7813ec0b01d2926da9b80237d;0x6ebe5192;0x813ec0b0L;0.500000;1503226860;1503226862
1;1024;8048;0xf791069c70ba8ef0c665dd92e297111cc793f1e258ba4c6161061e72b5f040ac;0xc83c2a31db90d181fe86dd9468f8b7cfb6f4f7025d28c5b126103c83a9237033;0x90c4f965;0x5d28c5b1L;0.500000;1503226863;1503226865
