0;1024;8048;0xfd76f7727559259189f38138f894b6c60919c2d7d44a3f8808d9edc6bfaff0bc;0x870b0ee6f93bfc63552f0962de678af13bb873a2d151f704e606c0655e315fc9;0x9662ca83;0x12910492L;0.500000;1503159059;1503159061
0;1024;8048;0x738e1edff317445ea2d27a52b0dd709db4a3cc567cb6e28dda96753edd36ec51;0x39247c4dd5337fa8fd426cddf34308ad3d9a720f864fad64ea28f2410c5e17dd;0xc53bc4d1;0xffffffffL;0.500000;1503159062;1503159064
1;1024;8048;0xe5c91a81d9ce794eb9b202f47cf197d4662de1f99b1ae8486491b40eca498eaf;0xb9d5e2cfd82590a507614ae66eab02bd3dd1b40b97c765e8889d87fb6e49ee4f;0x8bec3f57;0x97c765e8L;0.500000;1503159064;1503159067
1;1024;8048;0xdc3cf677e294a0ff8b3ebecf02def2d35aea510e35fe112ff6be3cc8820baa5e;0x8344a2d4f3a533f52ff1f147723a55c0fc71eceaedc90b54240397566c3c92ff;0xa9621adb;0xedc90b54L;0.500000;1503159067;1503159069
1;1024;8048;0x745339f9f3bbd9325cdff7c3041a360407873b7f2c9044f659ce12b52f92b7a4;0x1e07026bf9b35f2e06276334c44466ed49b8968b5c67d0c895316cb90b689a26;0x4a195362;0x5c67d0c8L;0.500000;1503159070;1503159072
1;1024;8048;0xf67c73477b3c0fd26152da0997c73dee1a3a0a75d8bccac90c1661452fd0f925;0x90ececddb4bfe7dd68921539bea86613f57ea0f35b9827278a8b565e432ac7f2;0x50499a66;0x5b982727L;0.500000;1503159072;1503159075
1;1024;8048;0x1f6c4437d52a0dc0cf43575f10c952d2fa7814ef7e5e328a9ba00b08cdf1e6ed;0x037f3111e0f708bfa895998b3c67ae32fbad0a212742a08b94b7707b9ae8e86d;0x19da59d4;0x2742a08bL;0.500000;1503159075;1503159077
1;1024;8048;0x3558b4c52c0a3c654e3777951703768878feec2e1fafe9000dfc83ab934c0fc8;0x379b78115accfb700767e47524964c8c93e12d22236f4b7dd4c39899058f929e;0x6e08c5c7;0x236f4b7dL;0.500000;1503159078;1503159080
1;1024;8048;0x406397d686c1a5d92b038236a158685a7c9b3f3ab36bcf0b173bfc68de0e891e;0xa076d9447254d8292f38167badce0c76444d40f377a1492b0cd9aaa46b10be5c;0xf0069d24;0x77a1492bL;0.500000;1503159080;1503159083
1;1024;8048;0xb70c9173c51381b91b76ca36c585786a8270c280f8d3cff8cbd35a23bd5dc674;0xeefd2c64376dc0037056a1e5789c7a1844aa8a05beddbad38f5b775f8af1f505;0x5e5561d3;0xbeddbad3L;0.500000;1503159083;1503159085
1;1024;8048;0x5f7494509d00b77e06507ef1d73229683dff9d8a9cf310ee5cd2bfacab3ba50b;0x158e79fe5acb75e11a999ce5f3e49de8cdd6438e5d8c280a89853fb167270f0b;0x99059f7e;0x5d8c280aL;0.500000;1503159086;1503159088
1;1024;8048;0x539ee19bb2ff0423b82588d129020bcd9b980b2bf1ba38c3479dbe2e22896d76;0x47fb6c4bffe4893531fa10dd3dfb1c9617917e84dfb9a55350726dd3c03acac2;0x631c158b;0xdfb9a553L;0.500000;1503159088;1503159091
1;1024;8048;0x021a4ea10efe3904ec7e9668a91074edf3b2f3ac8de0b556be97e1b61c9ec11e;0x99cdf4363b3fdd94e1f9b06e28300a575044eee6bcbabad98a7924c22755f818;0x6c163a7e;0xbcbabad9L;0.500000;1503159091;1503159094
0;1024;8048;0x1a606953e2ca0ea9914c21af8e739b051ccf1fdbac5419032ad9c8825fa64a79;0x359641e04f6ded2e2cad3873d356c4b0ada5c3d00e2d3a023fe5a8a35b3f4541;0xa6716add;0x5a42e102L;0.500000;1503159094;1503159097
0;1024;8048;0x4629083196c135d87eb180c90384e04659655e9dce5b044cc11d963a4047f387;0xb93a0a227ca132377f13a74512758d318780bc3280493910d92c062ef0f6a876;0x97bdfdce;0x82530b52L;0.500000;1503159097;1503159100
1;1024;8048;0x17a8738715d2926829d500c06b4c214223f4332bbf9ec2a79e90fbb6fb5b6812;0xb7355b94591b99f1ef39058a0ea262a3ecd6e8874ef09f673817d4511a9c6b0f;0x1e32b987;0x4ef09f67L;0.500000;1503159100;1503159102
1;1024;8048;0x9aaed9dde20faaf4942a2290f0d7582f64f2001b531f02f3746f00d698a6e532;0xa88e66f5c3f539bc7cfb298485246b7be677d6391dccc522647eec67796be94e;0xdb91129d;0x1dccc522L;0.500000;1503159103;1503159105
1;1024;8048;0xd388422ec6aa97bbdc45cdcee25af6d03d39b97549f2c9d3b61256e0e023f7b3;0xbe241ec6a264cd8046bdd543338fde37813a6b8e02e32cdd69874cc5e47aa37f;0x668d0987;0x2e32cddL;0.500000;1503159105;1503159108
1;1024;8048;0xe8d1ca1bf59bf832b5416e4b73b682eeb42ce15c6b26fa4c7ab25b303f325b27;0xa388deff2336bdf5680c27ba7bc3317d87d219529f0b813c90396436a0da9677;0x03d346a8;0x9f0b813cL;0.500000;1503159108;1503159110
1;1024;8048;0xc1094d484386ffd5b035774e26a2b316b50380c256bd9b1da2b2473ccf55d890;0x3879ceef1522ba54c4742900dea8fda1919169f3204eb37de373ee9ab0a019e7;0x8e0d7f3a;0x204eb37dL;0.500000;1503159111;1503159113
