1;1024;8048;0xd6a4679e3aedc3debe0d95862a048d5505aba89100c0403655c56a9d721f6648;0x51bb4951133fdeb6a819313b2535c302cd74acd0b080e32ef3be1f1d751c3cd3;0xcdab33b8;0xb080e32eL;0.500000;1503203007;1503203009
1;1024;8048;0x2928b20fb7e0f756c1abbbf4c782148acafdcb25248b4734885fb02c1698943f;0x42420fdcda8f911596d2a911ba3350ec956a75d504f08846a0f6b47da511e7cd;0x666e8624;0x4f08846L;0.500000;1503203010;1503203012
0;1024;8048;0xa12b7a730c953063f399a66817a1f3ded1e920162afda273ae8a1337f2370c93;0x110783635a99c00276e378a9ffc2eeb72f75d66e56603a8b37c48be552e03c8f;0x7bdd96a6;0xffffffffL;0.500000;1503203012;1503203015
1;1024;8048;0x4ee577c2e1a99c6ba7c1b360f5ff72ef01135888767c5896843f22e2932d57e1;0x1f159c6527a64c4ff43017338643cb00759ec4edb76c9895ee39f720689a15c6;0x516cb754;0xb76c9895L;0.500000;1503203015;1503203018
1;1024;8048;0xebb82bc682286e075ab2c6ded1cc59e3580b57223e4eeecb4464b434c8f68eb3;0xf8f4d1358d005ccaf3e65430263817c9a79b6aec3b3e04d18736e1dd1df49b12;0xa67d3510;0x3b3e04d1L;0.500000;1503203018;1503203021
1;1024;8048;0xf8dcac238ebf698557fc7cbdef75ce6a269038de92bf4f3fd78542344ac04742;0x4b7a0dbefcee0d5db5ee94e7220478c9babdac0c83b423391b71742c1cd9b217;0xd103f92f;0x83b42339L;0.500000;1503203021;1503203024
0;1024;8048;0x4861ffdeb0b602b8e17a07299475553ce15e5fef8d0a1284a6f6a903f8049d40;0xed76b7f17a8a65f6f654f06c639477f6e52971b66ef5000f4d8d6f9b588050b3;0x81a069f4;0x4950800fL;0.500000;1503203024;1503203026
1;1024;8048;0x27d74cf2cf2180e90946aa805d762130ecbc8a710a672999b8917a5a30e48657;0xe5dd52f0a5173558eb414559242b2ce7e5a3f1cfdab2872ec1b9661a145dc80f;0xef355b10;0xdab2872eL;0.500000;1503203027;1503203029
1;1024;8048;0xeb9c6271bf9291013fbc78223d153c342f813879d404e69ef705d22be09b94cb;0x8772ab3282fd83ca060afbc51f6cbd5f379af4ae9dfa9c3523d9f1d2c7da1894;0x00a2ad37;0x9dfa9c35L;0.500000;1503203029;1503203032
1;1024;8048;0xcd959ddc67f5a041419950a675fa57fc1b7f532ea86cdfab24595d5c83137451;0xd3ac6ad65297a1530a873f1a94fb0957c1c991e5dd2ede52016bc01664c8a5de;0xb7f5935d;0xdd2ede52L;0.500000;1503203032;1503203035
1;1024;8048;0xe58b911c775a26ee0876d25a33cf432a3b55e6dd0eb3f4db765b94f73619d11b;0xf3ca39a032ed4e88987c729913015a1c6389e279566d118f66bdd7a59233227c;0x894dd1a5;0x566d118fL;0.500000;1503203035;1503203037
1;1024;8048;0x2fa3a8888bdea2f64c008c0540cf3b230404474d3e89ecc96b925469af1a5cde;0x5d0a1752eca3ed019930a89f890c7d5d05932385ca84111beb6987d6c345fd31;0x9ddfee84;0xca84111bL;0.500000;1503203038;1503203040
1;1024;8048;0x2c96c883b02c5d656a7e60aa98b8d18d33e30e70b6c87bca4a23044f06ceed33;0xca15ad930b381ce194cbac1d9ebc1e44fb1d0a81b0aa37ef4b0b3fb53b59f5cb;0x0744b48e;0xb0aa37efL;0.500000;1503203040;1503203043
1;1024;8048;0xd74869532a350ac7bd0ddd892c214fd01c0996a72175b059aea44b22a23d1a79;0x74a66dcb22e77451054083540def241050a45199846dbf8488d15cffc3ac1282;0x92eba964;0x846dbf84L;0.500000;1503203043;1503203045
1;1024;8048;0xc9006898218304f8328f07f4dddd76b30a368a9b1ecd131735a16b0ce329e7ac;0x275f6e72358935cbbaf16b99f58ff125d182f8ff95a2d9fc1afdcd0489fc0b07;0x8a465cef;0x95a2d9fcL;0.500000;1503203046;1503203048
1;1024;8048;0x8c1927eadc0ba475002d305dd79520b5348b5f13abfee19bd0f98e965a44a8e6;0x4204982ec7b9f41080ceba4d3ff8eb223f885af3303275b829a14b5a5bb02f3e;0x25105a8d;0x303275b8L;0.500000;1503203049;1503203051
1;1024;8048;0x9848d11cd5186d2c9544999857d29b5fc9fa4e4c4652a1ee98e2dea560f5e4f8;0x16ccbc3c600e0de5aec9122d71e3a189a0eec825832b191d565e859fe0a1c63c;0xdeb9b79c;0x832b191dL;0.500000;1503203052;1503203054
1;1024;8048;0x053d2f1e8002d099a185c5c8defe78430273407b6f854ddf74a0b4ec2f998a35;0x11b84073f0b4062007b3215d5c297ea8ce59bf8799589bb8d0aef1a0c2e9bef2;0x61923858;0x99589bb8L;0.500000;1503203054;1503203057
1;1024;8048;0x3e162fd7ad5a19b013e023aa52a33948bb6306d28dcb00935ba81358e18b861f;0x870e6c338f107d9701662a3e69c8e7b1905169af6e8af172315dcb70db5881db;0xe1f72d28;0x6e8af172L;0.500000;1503203057;1503203059
1;1024;8048;0xbc0cd147e0ee7807333e635c5c5d0c20cbd57c25e3cdeb1c34b74b0db905bb75;0x9f107f901247dba28ab03aeb9615f10efc31a426539386d6913f84d845769e41;0xe11da691;0x539386d6L;0.500000;1503203060;1503203062
