1;1024;8048;0x6278c704948a530cbdb8a3a1a64a3ad163aaf1ea432ca97ade62d15d3f16c3a2;0xc8e2aaa5e8120a4a8aa7036db4dac35f7e57d9565ab0ae97e6229d79cfd3807d;0x45687af5;0x5ab0ae97L;0.500000;1503214910;1503214912
1;1024;8048;0xab8b5c96464c4a42b309e18b858862ce0ab0a60aefa448da37fb536237d308e2;0xed12e17de934af57c175bd563d629b95a5733ed02a0463b78d473574dc20fa2a;0x67cd5844;0x2a0463b7L;0.500000;1503214913;1503214915
0;1024;8048;0x522a18a736ef39ca9ee05e715c687a46d4650c4ecec004369ed07e022732fd7a;0x6b39ee02557755fe374bd5afc3d1fbc9dad26741ba0e2e9aba5a413898347449;0x1b2c7d55;0xffffff48L;0.500000;1503214915;1503214918
1;1024;8048;0xaf9e1c2f30186b778dbd080446a512997f80c9a962bca0a4a09b21af3733a0e7;0x452f889ad283cb4219bdf4441f505f2529ea6cd238cc4ded582e9cc855fa36c9;0x39264113;0x38cc4dedL;0.500000;1503214918;1503214920
1;1024;8048;0x747400b0b57f79c30c4930157014c5e9b30a8f2c5badaf45a1eab0afd59d614a;0x49d2a4fe5ec08ce3455729e82da59d556461144141ca6c2a8eab21969da85e7f;0x6833dc6e;0x41ca6c2aL;0.500000;1503214921;1503214923
1;1024;8048;0x5b4e06133658c8494acd61c3a8c61fe9ffa72723946197b7322b20ac5b01b1b6;0x6f3f89296e5a1227c9c1f132d637ac8728205ef8d867b5bbc8cf36fde30f978d;0x1e13f546;0xd867b5bbL;0.500000;1503214923;1503214926
1;1024;8048;0x9f5e537e2b28c657b38ec43d656cfd49535898153c6fe88ed936bc56263e05c5;0xc4f36ddc8ddd5f76b5f66caac3efc4242111969f7dca49de8f38b0a0f7074e5f;0x1064caad;0x7dca49deL;0.500000;1503214926;1503214928
1;1024;8048;0x24061369b5ebc1dd4248b1247da030f7f3d65640066b7d10eb1ef607aad156cf;0x854dcd8daab68ac5fdeaa3aa1291deb4f29194de97b2a1484dda45636d9b26a0;0xf8de92b9;0x97b2a148L;0.500000;1503214929;1503214932
1;1024;8048;0x1ab3c29720a27e5a83b4669b9fe4167a99ab39e0ef329ec4b10a8ca3d63989f1;0x501707701ebeb04269047b0caf4affa839d1a5d437c6f8d80fe622262f798c39;0xac9cf582;0x37c6f8d8L;0.500000;1503214932;1503214934
1;1024;8048;0xb1429878aa4b4276e40aeb52f739448c23a850e79fbd6d8216871673ed54939f;0x3a3183e4608bdb83732279f6b120b328686e4e04a5820b9aa01e47f9e5f9c215;0xaea1b46b;0xa5820b9aL;0.500000;1503214935;1503214937
0;1024;8048;0xcdf20fea6e6cc09032f1bbd972f52fa6149f9f8ce576714a022176ed5236d31f;0xd3367f0479f8153dc9ecebd35d22023700514671f2aeb9ad9f6b518069906e6b;0x6dc72755;0xffffffffL;0.500000;1503214937;1503214940
1;1024;8048;0x4ca4987e6b69dd18eec8ca48e2463bebacd037779393e65335a545f316617062;0xc435dab1e05243bb1533d59884e9dc268b01dcb6402bbd3efbaaa43fb9b1aa85;0x38fad268;0x402bbd3eL;0.500000;1503214940;1503214942
1;1024;8048;0xdb768093e9763a023e230f046d6afdc4184ec148df0e5b5e9243ea215f97243a;0x6b0fd4dd013f45ee6b3818bab68ab5ccf8870a811a51fea1b9789313955c92b2;0x05b8aa14;0x1a51fea1L;0.500000;1503214943;1503214945
1;1024;8048;0x8828c017cae5e4694b23bebf0d26ad87ef6e576594ecfd9f39b21f8caf4d8d37;0x7510673a9086c00e7e02aa4009b08f0ad3b0fa38587539a2fef7ef26db902fef;0x16bb464b;0x587539a2L;0.500000;1503214945;1503214948
1;1024;8048;0xdd28b7bda6718d4b4bb1538fa5c79f435704da64d6da36940cf9d73a7b085858;0xb3a1d975a3d5a167a2c919a3820825360fbfec5b4ad29d0b48d008ca177cf5ec;0xdd82d7da;0x4ad29d0bL;0.500000;1503214948;1503214950
1;1024;8048;0x3cdb7ed9ddd87e530191c4bb2384589a43aaf8f23c168c891635aa68048b2c41;0x74e5b4aff59977c66b6f7497c25a7153874afa9cabe94b7945a352171bcc31b0;0xa7303859;0xabe94b79L;0.500000;1503214951;1503214953
1;1024;8048;0x4bbf5dd1e5755d589989c2939d1961d088c151cd74d1a840a7c2e986baf09405;0xb260953e8a000863ac715b9cc955603517719b96527fc5a46d49da522b8d074c;0x7ae3dbfe;0x527fc5a4L;0.500000;1503214953;1503214956
0;1024;8048;0x53c2d9b81a82cf34453f7db05c21f74698b043ec59e0e97ba5fc2eb05bfd4cae;0xa7bb423b2507b91908ddf8c8d04974c34ea676936706c08215190393fe996dfe;0x64aae3cb;0xffffffffL;0.500000;1503214956;1503214959
0;1024;8048;0x522aba1454367484499711798462183652e6bda8f51bfe03d703cd2201085e54;0xec107381a3f7b802a881445eaa28e26f57676c52b3f957a1edf3c64cbd19aa6d;0x2c36f888;0xa1521baaL;0.500000;1503214959;1503214961
1;1024;8048;0x265c0f4d3719590e39d460f562e0fa30b24eb9f720f04c7c539341f466b91b8c;0x4776dfb2561a6ec304d0bf5afbe78e770a3880930b7ca5d5deb8bbb3dc7859f7;0x3fc531d7;0xb7ca5d5L;0.500000;1503214962;1503214964
