1;1024;8048;0x0a031d92645f6badc0f5decbf38d7e22c27f7a4c3eb33b0064adb15d808e648a;0x80dfc02c5c9dbcba9a77405d9a1215a6eb54e8a360cf6cef7a1440e86d52c6b3;0x51c5c800;0x60cf6cefL;0.500000;1503125801;1503125803
1;1024;8048;0xcd796824e4342ce1be38a8969d3d4bb7127c020b3f68b6647420b4e7452e7912;0x77d4fe60896e0f590ed359316a03b4ac53ff260a39da51d9775bde0695aac2b9;0x25a650b2;0x39da51d9L;0.500000;1503125803;1503125806
1;1024;8048;0x34586265848741de36522c07f496525f0456f5656c458032223cc901ae12aee3;0x9cab7a69f9d458c115c35c1912502c756999c03458a7bd8be0807d7456d0dce8;0x7da817cc;0x58a7bd8bL;0.500000;1503125806;1503125809
1;1024;8048;0xdf3fb534bb4aaf8d3c66a6789080aa17885598f6ac020b2fbf9ac7e5b8bba497;0xb6a765e29fac842adbdd378bb283ee44d7a0a11c19c2a26eb9be44b788fd57ff;0x85bb6541;0x19c2a26eL;0.500000;1503125809;1503125812
1;1024;8048;0xe99ffd5c1b4e34b46fdf09041101995ce7c118851b8465a2f03ee461df4a19c8;0xef12ad3a202b13d1ce3c0ad04536dc8c05034477934f844db772e7ac689dbe91;0x31f22cf1;0x934f844dL;0.500000;1503125812;1503125815
1;1024;8048;0x740f5fe68a3dfb851d7bcc441e1ad1872db0bc0274d60fd2460d6744a3aac717;0x7595e86a5ecc2c904fdb3b4457ce2e8a67c90aa95b6b95e6e55a27d94301d5bb;0x5d1db4fb;0x5b6b95e6L;0.500000;1503125815;1503125817
1;1024;8048;0x24d200567bad68842b8db75f134a15c3e80dab957d804f257cb76fdf268f4d4a;0x57a4b72d2bd1d78b130b1bdbdd00c23c078c04c25f2353c6f6e12d61d790e542;0x67d8df4d;0x5f2353c6L;0.500000;1503125818;1503125820
1;1024;8048;0xb2fe622b493dd356c8b845d567b08b8da124cf57fefc16ba0d13248e64b5e116;0xa0734a522bb5515cb687f39dcc3a254132e09972e61a452c05b8032bb2131341;0xb276ad71;0xe61a452cL;0.500000;1503125820;1503125823
1;1024;8048;0x6f3bb486630b3e529dda018852bd9d0199537cbf6bb5e8b15411e7370e1d4f7d;0x091ebd4b7327710dce2f3f24dad088d70dc49eb4194d06fbcf1ceb06fa4919f1;0xed29a22a;0x194d06fbL;0.500000;1503125823;1503125826
1;1024;8048;0x59ac1ebcb0b63d498e1891028cae0f6048ac03f7f548c02fe58fb0d714c7c56e;0x8ab605eb2b93a12885679aa334d59d3bbbba817d4701484dfd05266930c4dd81;0xbe6d56ee;0x4701484dL;0.500000;1503125826;1503125828
1;1024;8048;0x23e2e42c013136175c71b26e0be4a805a9463a48926214a2f9d57fde733d9796;0xea2c0be396c98a6c904f85b9b1eda636d2c78a216731e229f29b00d9aacf1ddb;0xf027269c;0x6731e229L;0.500000;1503125829;1503125831
1;1024;8048;0x988147d1ddbfcca7903bbef48714306cd871aae1f93030427b02c2a3ae831146;0xb31fd650993d72c009952e1ea0d92e18232843280f288bfc623dc102e031b7ea;0xb7a2bac1;0xf288bfcL;0.500000;1503125831;1503125834
1;1024;8048;0x5237b649c1e39cab79ebed1ad33b682c5537efdc4944b2757a9c0b31fbb3674d;0x63fbf629c59a9e0f425031e09cacfb72aa88967af3aea74b200faabdce3b163b;0x150942c0;0xf3aea74bL;0.500000;1503125834;1503125837
1;1024;8048;0x9780f4968ae711aa11f4c73f682a9df8a8dc01ffb8495f2221c87e156fca2707;0x31641f27b7f65b97a51a5f61b58a8bb07133337779569bf299401e3e49c3f0cd;0xb05390f2;0x79569bf2L;0.500000;1503125837;1503125839
1;1024;8048;0xd363671b4bce85a36209a4ac127b35ef4cd0d2bef95b284e422ed21609f85edc;0x66668152bec32910a2995016cfed15a8136c34bca5440b1ac8844018ec30e180;0xca54d48d;0xa5440b1aL;0.500000;1503125840;1503125842
1;1024;8048;0x22061d8229ee59ff775fd16ce01159ec14c7e9c3b748d0436ac861dcf52a2917;0x182fdba1066bd822283f004527cf1c4c81f8c1ae8ef2da1725e376ddda9e2b4b;0x35d35c98;0x8ef2da17L;0.500000;1503125842;1503125845
0;1024;8048;0x1b3a6a22d117ab1a14a89f8463040587d8d8684db98694c5f24bd5817f82599b;0x7b010a337f2499cc43e306ffdbd6fb3b321b5292eca2c0357aff98082b15276e;0xedad8657;0xffffffffL;0.500000;1503125845;1503125848
1;1024;8048;0x3059ba141aeb5d59428dae4cae40ec31501828e00a2da8fa60fed5e6f3497d23;0xd5eba20e8bbdfabd67fece0d58672b4dbc123ffca6a22392052af2b5c6a41cd4;0xb2d164e3;0xa6a22392L;0.500000;1503125848;1503125850
1;1024;8048;0x98b5008ae83b824e8e7278f9c82dc9e42d9c60e4791b132e191ac560c1068a59;0x1f46dcc91ee802c0c8b8e8f61a4247b5ae0cc1aec5e92e1eab8b8799b5a84790;0x06caa310;0xc5e92e1eL;0.500000;1503125851;1503125853
1;1024;8048;0x2fb80f3f371302e0f74a5e44c2bd95e5f3395f986b377f9ddf58bffa2e44bf5e;0xfd8d0914afee2d1f72d6ed6a178f94d44e799efeb208a4c106f8a01dcbc22f4f;0x2b145a17;0xb208a4c1L;0.500000;1503125853;1503125856
