1;1024;8048;0x6f108c3b02fbffb6a89dd3350ca1bb606e7a5abac8c77e0960366b66dcffea4b;0xeaaad743cc161d2af1c18ed9e6142b65fb49d940c8728f78d4ee8e2d8690063f;0x251fb367;0xc8728f78L;0.500000;1503166183;1503166185
1;1024;8048;0x06faf71e736dad441ccd4118389c35603e80aa83e877a07dd185db1e4f491f55;0x74e232c5f4385393f37924354357deafd186c0bf346540f2289a8cb97017431d;0x169a3399;0x346540f2L;0.500000;1503166186;1503166188
1;1024;8048;0x60b46a326941c94e580779f47ef764d2f6c012be0852eb8a8fb63b4eb380b513;0xc2b6d1143b0309c1b4a8e0fbd9522ceb0684ce055ef3a62fc2aada207f5dc9a7;0x1f705086;0x5ef3a62fL;0.500000;1503166188;1503166191
1;1024;8048;0xa84c8aa0e16c4ad72b5f25104a5d2bc446256cc39b97b5f4c5a8ff98256434ce;0x96f4ced6f38e095042ed94c5c0cf9b1ec383d01e25f0c14cc7cc597aa0901b3b;0xa225849a;0x25f0c14cL;0.500000;1503166191;1503166193
1;1024;8048;0x15c0b34b03a2a33b16537e9b55621bd652f4bfc0ecd723c65b0548143f1a8554;0x30358496b81c362ddbd2aca44800f67b174db7c4f472463a33e62a689cc0bd3d;0x6231385f;0xf472463aL;0.500000;1503166194;1503166196
1;1024;8048;0xc83874679b9aa1f2519f2a57b8e9d6215a73338d1c7947007c7f945dc9f76b91;0xfbe3c9f462894b865ed720773407be809420da95de49165fced7848fcbd3097e;0x01c39cf0;0xde49165fL;0.500000;1503166197;1503166199
1;1024;8048;0x756a107f09997b67f9f48bcb276e0c2f54b5f22faadf1341e7e1c5f2dbd7cc50;0x70621dee2f97c7c2593e50b95c6abaed4d211829aac5f6ce187adadd95c24b3d;0x21398296;0xaac5f6ceL;0.500000;1503166199;1503166202
1;1024;8048;0x5f1f86cf7324c74fd9fbf0dcb3ff29737c05e5c5fb1101c3bf5847ac6d2f7acc;0xc965cb0e004734048f6fde60ece2182aecf896c3a4fc92a6bffc2d054bdc0ac4;0xf1e812a1;0xa4fc92a6L;0.500000;1503166202;1503166205
1;1024;8048;0xb1bbf3d713243a4376d08ba1d2e491561bc87ae7cffcb7d890d7c3ce34fa89e5;0x227fc01b7189f8183a3e2c5446080efbac2980ecd2927a7426311046237f858e;0xa3ff1af1;0xd2927a74L;0.500000;1503166205;1503166208
1;1024;8048;0xbbfd47fd29b3c78fa72baeaa7013a4041e4f9ca358fa990fcd08866437ee76f3;0xf17b14f577bd09d933dc82b840bbef21d7ac501d46535285381d0cb6cd43ae8f;0x20ab84ef;0x46535285L;0.500000;1503166208;1503166210
1;1024;8048;0x2fd9a423b196cdf9423e8cfd577851f87ffec079f7559b04f5930b8107f41236;0x6784f72361b4c993f33ce9b3035a2701282976ca19976afbab69a1d520f23e64;0xd41d17bc;0x19976afbL;0.500000;1503166211;1503166213
1;1024;8048;0x9333e4be46cd7202d80555459fe79c9f6ad4f82e18e4f4d4b8a1619d965f5d29;0x1854532cb225cf5b8f00ee0b51a6979429443a682a7f167b49fc446d7761c918;0x72a55b97;0x2a7f167bL;0.500000;1503166213;1503166216
1;1024;8048;0x7ce5ae30bfc03e0d3d7acc53655640f6b998e5dcd8c232d22e95e36841926ebd;0x0c361ac846ec0aeaf7cd6ad353011915feff466910e22a5a3e000452f6ef8fb9;0x5fc2d7b9;0x10e22a5aL;0.500000;1503166216;1503166218
1;1024;8048;0x86a05d8f94936345e7b836fad53d0d52a916b37f6bc0ec7d7f253accc8e1f74f;0x84b815f81f23733a078358cbc8190b45f602d63436b6682648818a64ea538584;0x7f8ecef9;0x36b66826L;0.500000;1503166219;1503166221
1;1024;8048;0xf5327f7b65c7d396562e74377f9d3bf6adf9dd024b58cc340bc07187523f4547;0x5fc5de1ed5e86dd9e42124a8ccee8666a386abb36a5f516cc503ac72c77bb490;0xebbc9d32;0x6a5f516cL;0.500000;1503166221;1503166224
1;1024;8048;0x03d6c370e4eb4369375f08ef78948e602f7912e2debbd569dcf99d4bd3c971d7;0xfe569e2965317049ff1d9fbe2618045dc525e3689e2b584644342a1748a053b3;0x6c5952f5;0x9e2b5846L;0.500000;1503166224;1503166226
1;1024;8048;0xa4106cbf46ee681ed4971c342c12ab0906f8bee5136a7d19633697d97fe29323;0xccb7899fb02a5b70e469d7f427cfb978774fdeef27e9756e6cb71f8e819915e2;0xbbf93c23;0x27e9756eL;0.500000;1503166227;1503166229
0;1024;8048;0x6edae47caf0a85257dd1834d41ff7ae3baa7f31deef81ce222b2db9d23930b91;0x17ff678121caf8e52e56688b130a7a94d0e16376f87f5a04fbedb908b7b18b80;0xbad1b7ed;0xa9401051L;0.500000;1503166230;1503166232
1;1024;8048;0x556a4a5e03f7a09ab2f0f869e91e36e729369ca2e8effa07079f52ceaf957904;0x60280983936dfbfb08e88b4f50740b1e5e9b2348e0a97dbe393687ea76f6adfd;0x210e9f05;0xe0a97dbeL;0.500000;1503166232;1503166235
1;1024;8048;0x3b46cdcf40921fd1a99ad8c79993867bbd2bc3234c6fa555491f3410a4f92edf;0xa3e388ff15e02a5d42d5deccdbb329c8d3252ed48a5495f77b7b5e4cc8bc2278;0xd0e64163;0x8a5495f7L;0.500000;1503166235;1503166237
