0;1024;8048;0x240d0abb2d1f7e4cda924f266a2c0302fa7e85791b916c0058cfa70108415d2c;0x01019609e6c371c462da5bae9dea017ab10941475cec7f0430c3f01631dcf8e3;0x37c4c184;0xffffffffL;0.500000;1503246957;1503246960
1;1024;8048;0xa00c2c22c6b7ef2f2037d769792b9979c83560a07559811d9b0f17f0179e39b7;0x0233d86497f58da0fecee676d3ba39c6109b7a0ca3ebd5f479238dcaab331ac3;0x93e698b0;0xa3ebd5f4L;0.500000;1503246960;1503246963
1;1024;8048;0x68746241b1359a9e5d666e11f4fc77851fb6cc022fe6c2714fd63838d0ef5e38;0xa5f01940fa8fd79004fbb8e2fd0f23c6bf8b638922836dc57bdf769d0ca69cdb;0x44805a45;0x22836dc5L;0.500000;1503246963;1503246966
0;1024;8048;0x61e6b77dd9aea35cca0f9ea0a1c0fcfd5298f0999fefb295f597c5fec23fcc24;0x0be0010f58be5427c051b02fd54ab24b7b1ce2ae7b75dab4b407601762b19b4f;0x06a5d4c7;0xffffffffL;0.500000;1503246966;1503246968
1;1024;8048;0xcfd88c9a81ee8fe2c0f2c16a38358707f53670bb3243c404d697944fc05f358f;0x8e093066510aee910baa398d181eaeedaaae659b2abb9e8302f5b1e4f669a1bf;0xeedc87cd;0x2abb9e83L;0.500000;1503246969;1503246971
1;1024;8048;0x135f05127bde607cb5001dd838ef711c74eb2563f96910b8e02da7caa5186eb8;0x0a0881dfb82700f919830233412724fea62707bff1a03798822e5fe41c927169;0x1a348806;0xf1a03798L;0.500000;1503246971;1503246974
1;1024;8048;0x7d94ca27c6263e7501f8f7dbdfddc938bc571c6b94a827de6007013d45ecf9c3;0x7705f031558dd43cb1a63009204daf1fe418a981dc54dfe5943dcb6aeb9e5653;0x3e567317;0xdc54dfe5L;0.500000;1503246974;1503246976
1;1024;8048;0x2ef288e5c86bee46a21ebbce87fb3b606fdcb6717dbf555e2feda22c0ad6f238;0x4d1cc3ba010f827b256ba7a99782c8045554bddee3746fd070e03fe9c0f39ac0;0xce331193;0xe3746fd0L;0.500000;1503246977;1503246979
1;1024;8048;0xbbfd2b14e8381a415f36dde2262ad621d6949b3ddca799731547de99c073427b;0xa94fb0a2d4a123afa719d703aeca4b5c7fdee85c837871110549ab658127cff5;0x5c101101;0x83787111L;0.500000;1503246979;1503246982
1;1024;8048;0x4021d3e64f677ce15cd149fa33b662e904f0e91f6938b77fe24fcda020c5cc60;0x170756fe6fbdc8d8fe486adf55a50350546bde46915510c73f552bcb2a6564d5;0x8cb8c764;0x915510c7L;0.500000;1503246982;1503246984
1;1024;8048;0x77f150c91cf4f7a4a6d2142994bbea7b74fc9a0ebab93a2ab20837aa6d1978e4;0x78878bd7d28550c0e592749b03ffc7a342f30a81124d76b0bc279926a25875bf;0xcfcf0be7;0x124d76b0L;0.500000;1503246985;1503246987
0;1024;8048;0xda878e5f4ebc0c9ef1e205da1c00e7739ba1a72add8f43b3012e8aaebab08c94;0xdf2f8adc8cdc67ab7e6c72417d43136c97d528cdcf68914b69b030e1e876ac3f;0xdfdab50d;0xffffffffL;0.500000;1503246987;1503246990
1;1024;8048;0x13b7d8894b4b4eb2c090e1577834f30a1d25ea885ac54b11a91525478d554fa0;0x99f99b919316454699c57f99e20d5f96e9242fc0a811d1f30a56d7292d0bcbe1;0x839721b0;0xa811d1f3L;0.500000;1503246990;1503246993
1;1024;8048;0x4a021939414b9d506f8fd9f8a577e9e81d34a44183602a9b58813075e5027730;0xa490a4d14b07aaf7d7c6be6ac90f99484160fda9ad59576f05c1bf48e63da690;0xcedca8da;0xad59576fL;0.500000;1503246993;1503246996
1;1024;8048;0xb465919d8b6650d9e308c41872344adf44e7fd195dfacc688850d1c9792e872d;0x611817c51f284918a593585d93445c501400b3d3b196b41159b8c0f543ea1949;0x1698a469;0xb196b411L;0.500000;1503246996;1503246998
1;1024;8048;0xb3a5088036f732cb035be1ccfaacfb3c009066eb2b5874ec92cd4b14160e2fc9;0xb077058dd40e756aca49d044a65c8f401e2164a222ff3de5c4264523d2dfb09c;0xe41a1686;0x22ff3de5L;0.500000;1503246999;1503247001
1;1024;8048;0x3addf37f897c3cd6e0f70b4c3ce63714ee99adba94ceefc0e5b37bc36435879e;0xb70c61d161660212cec006287195f015bc6493c72ee10c74f44e785251b2bc76;0x54f75165;0x2ee10c74L;0.500000;1503247001;1503247004
1;1024;8048;0x49a01f3a1b542d762279fca0394da39e52db9ef7b015e24de9e72ace8ea52fd8;0xc87f392b275de31ff768d519b662d5c7981e9945f901df1897d4e7b24ecb0e04;0x62b618c8;0xf901df18L;0.500000;1503247004;1503247006
1;1024;8048;0x756023010dc86aef9460fef59514aac759cd251752c32dc8672e9f38a46d1319;0xbb23a1d387b2aaba771e479d23bf34cf412be3bf148ab583c7717627a4d49e55;0x8cd6d8c2;0x148ab583L;0.500000;1503247007;1503247009
1;1024;8048;0x300f94b6af2011a48644ea8e9975c2fb24f739673276ebdf5459fc2b00158930;0xcee3a649cd0ff5c18a860170bb8e08248ae8987c155cde8858174c7aa29d9602;0xbf7e62db;0x155cde88L;0.500000;1503247009;1503247012
