1;1024;8048;0xed9fd2068131c28cca3a7734971f819b96b3fdfec5078fe7bc395881f2224edf;0x066fd3c3f9f9c3a6033099eb9f45829acf92a5c3bed9ea55b32808879258063a;0x11b0373b;0xbed9ea55L;0.500000;1503235069;1503235072
1;1024;8048;0x2ce52846b3db3f0826eacfc84cc6f9ed8ea48ef6ad0210c86ecd12a30c2a4c39;0x8692497874edd605f2d4d8f5bf43611b5d1d92c22a1773c58c9d2530af011fda;0x5a173c39;0x2a1773c5L;0.500000;1503235072;1503235074
0;1024;8048;0x1359617b5f966cc469290c065c7d84ac80a1171e10387a8022685beb37b24a4a;0x00c94c2b2be1d90a32f0a1e85e999897bf159f9e87c74f8066baf608ce836a72;0xdca1851c;0x48a55a02L;0.500000;1503235075;1503235077
1;1024;8048;0x5b90a643b4243b5abb62413814e1cf709880575aade3a2fc59c51de707b67463;0x6e3c52bf16ec844412b5d9541819653efc7dc0f5f1c63a73c41f088d3cb5b873;0x6733f2c9;0xf1c63a73L;0.500000;1503235078;1503235080
1;1024;8048;0x2a0fe61416d749d2f69800513cea485007d40e03b35012aa3357f9d8146f923e;0x959cf1b917231b7a34583d2904b3b0d94321f80692b348b5bdc0051e38514dd4;0xc2f5ab86;0x92b348b5L;0.500000;1503235081;1503235083
1;1024;8048;0x54e8741242a2f543e536721fd3ea9483786541ad0e86bab242c39cf0c5c55519;0x54fcb2bc90a8e37a18588a6b59c74c1057e0acf94a1d726375198f8a67c7e90a;0x968e3e12;0x4a1d7263L;0.500000;1503235083;1503235086
1;1024;8048;0xb441f5c817f6d93b4081d3e0e107b0af550bd236d0c806afa9bb1956b842576c;0xc9c288c3f107a0778dbaac76c422fa46b32962333a141ec9f5598764cc5b45f1;0xa141d64b;0x3a141ec9L;0.500000;1503235086;1503235088
0;1024;8048;0x7f18ba995c5f864159c020d4598f9fc63924311a10edd7631eba607f2ed253ae;0x733fcbf1e8d978aa9a523b3f4eaec5b81efb8e66655fd210aeef84b80a459e7b;0x1aae52f2;0xa8282501L;0.500000;1503235089;1503235091
1;1024;8048;0x730dd74753a6c9577c3379071bf6725ae56a8f76344c02e12e35cc8d42454db6;0x328b6afe2fbf8c670ae8cd6c1d1f59bd552b364b0cee07882b4603ac85404d09;0x67ddb062;0xcee0788L;0.500000;1503235091;1503235094
1;1024;8048;0x8385b9ae315936a5fad75f4a84cd5f3131486dd37f5f535951c96c81ab9c482e;0x1e1914e213c3aedfc107f436cff821083e426ab58c4f26c5998b275cb6684e8c;0x2a294169;0x8c4f26c5L;0.500000;1503235094;1503235097
1;1024;8048;0x424ef6eff262292befbb85a0403b411805c28e78593c989894e71807b7dde0f9;0x51b5f331900d3c45b787c4ad16cb609962129e95b0d59be14ce1b16bf9568e68;0xf73dbc83;0xb0d59be1L;0.500000;1503235097;1503235100
1;1024;8048;0xeabb0fd4232c175773dd0a274a2118558d4409534b544761425d7ed19010247a;0x056055ac9bdc2b38050091d822842a5c5708f9a073c7dc8b38ff8945b24ca70f;0xa1f8c23e;0x73c7dc8bL;0.500000;1503235100;1503235103
1;1024;8048;0x2681dc85dec623db1e9d6f0381157b7f8c85a6c183adfadf799f8442851ebfab;0x4502f74d59b650e27f95332880e04068d88dc59be32ed7869b9522883cb5c32f;0xdd58c58b;0xe32ed786L;0.500000;1503235103;1503235106
1;1024;8048;0x2916c89df453e52e5139be1d14b5cb1729feffdfe18b1982e51d1df206e6ca2f;0x01b7986e42b7fc17426a011fdeccf60ec38cc2bbe832b4600d3dcb5717edb941;0xa4c091b0;0xe832b460L;0.500000;1503235106;1503235108
1;1024;8048;0xc87bbe8c1845df30ef013905e58c266ab31731b29f331a9cc917e2cf3eb1bf07;0x27f4941962015b54aecf0a570fa530664676dbb3bba475aa6888ae87fcec112b;0xea3f827f;0xbba475aaL;0.500000;1503235109;1503235111
1;1024;8048;0xecc89d4ffb5ddc7811199efb1b7ec5cde7e6088142499cdfccceee98524cc23f;0x860d1418f7847a7ddd62bebdcf4d80284533eaa118292cd7e2267074b675cd73;0xe3ee6f55;0x18292cd7L;0.500000;1503235111;1503235114
1;1024;8048;0xad6c7c34ed2413797d7e992bb92b12f1571e5897b13ad05b96815b5b9717c344;0x7f45642a17d7ed10a3203a8f94388a362ec2ef8282182468451daf6bec54f289;0x0b85597e;0x82182468L;0.500000;1503235114;1503235117
1;1024;8048;0x222f920724156da1100111c5871b58b42512672869df4319b0a006b00861fd2b;0x094867936d0f15f8c8e2d943631c9aa517e3c79ba1d1f254dff2bc64db6dd62b;0x56a8bf24;0xa1d1f254L;0.500000;1503235117;1503235119
1;1024;8048;0xb9658fd165b5f0c27af4ba02d69654f8612acb86ba9447283f32038e5fc43e18;0x6fa4b1ff398a7914980e403437c414c941306f5fb694d2c754c5bab62c0adbc3;0x92462652;0xb694d2c7L;0.500000;1503235120;1503235122
0;1024;8048;0x21e937d11051d30c6218d779fe37ba3fea67012541047bc6a66b79d50dc8c12e;0x4e938421b6f26307e97b8bd6cbc0d333fc722047377c13443a65bfd4b1dfccbc;0x58fe0163;0xa0114082L;0.500000;1503235123;1503235125
