1;1024;8048;0x3a1f14fc421e622e08076d6c72ac8b3cb0025638a46d5bd52c58adf79c0e57d6;0x012859a853a4171464d0192bedaff804353a98be0a50a2db58d6da16bbfefc37;0xb9bc0094;0xa50a2dbL;0.500000;1503207774;1503207776
1;1024;8048;0xb5208f5bf8b5dde0e64ea8e402db4cbf563a9d3a738543b50237c9846fe94a24;0x725688c3a18b7ab9c3244a4c8d9a917a14fff02c805bd77d3803d682693c52ec;0x9e4bcf66;0x805bd77dL;0.500000;1503207777;1503207779
1;1024;8048;0x02f2a12b40053a35e392de1ac7dcb90bedba0998d8ee0851c32b76dedf93eae1;0x6413273395b8caeeeceff53aeedcbfc94a3a9b7ab79c4f1a48b03bcc51c6059f;0x321470f0;0xb79c4f1aL;0.500000;1503207779;1503207782
1;1024;8048;0xa4a981a01b48c2bf7c97bd706b8f487c23da45a838943499a2b3bedced89f291;0xb1521d141a2eb9c9314119f19f25b0670154af5483ba11e34243ea809f6ba18f;0x35dbe50f;0x83ba11e3L;0.500000;1503207782;1503207785
1;1024;8048;0x421d72efa889726465a292be7e9a223514210d9d20d8d340002ed25a0c3db74e;0x9c059f62b764e14c3230c13f34ea598174f749553e259dc2fe5ef99af3a322bf;0xf934f597;0x3e259dc2L;0.500000;1503207785;1503207787
1;1024;8048;0xffb955864c24fe218166d50f56998ba06b1bd3e82cb38004e15f9b37906e6f90;0x258ed94894f04a9b8496c4886e635de18a60291337545a03f8a353fcf9a2f241;0x0b3cc22c;0x37545a03L;0.500000;1503207788;1503207790
1;1024;8048;0x6467987531aad57ac94329621f6877348927cd706f27ffda117bceac8634d7eb;0x32c0ed10c3123cc3de6a2b33d2f2bcb2b52a84b89095af2b37f5b9ad832310d8;0x390350b5;0x9095af2bL;0.500000;1503207790;1503207793
1;1024;8048;0x618183a070ac4f6b4337707cc1e72be2625713a27f3dfc79b5ad5d80b52b5116;0xbe6084618ada51525b574b392b0e8075425fa6dff6cd6277204a436423e81681;0x51f2045e;0xf6cd6277L;0.500000;1503207793;1503207795
1;1024;8048;0xb5160bd3947b6b1be0f34b1ea7495b8a84abef9875945956a7842dcd7f182d34;0xe99c7ad5e6629fc9fad8f119057f0f9fb7896664457ffe73b45f459ff45b0d4e;0xd7408bcf;0x457ffe73L;0.500000;1503207796;1503207798
1;1024;8048;0x1bba5bddde1352ac296bc73c4bccbbe4c9d659a287fb4d82885761ef32143e4e;0xc6bc97b8a029bdcae6a08123e19865d7eae75647b24fa8a35213e31e2433e772;0xbe139a6b;0xb24fa8a3L;0.500000;1503207798;1503207801
0;1024;8048;0x54506aafe7966dfe9a0b32e1fbccd4b1383f69ea30689dd3d262fa8184b54ed8;0x7d036c087844e2d3eb0855e7dcfdae414ddeda7540260046d08248386735e5be;0xeeba0fb6;0x10404246L;0.500000;1503207801;1503207803
0;1024;8048;0x3a7d4123e2f1ea19ef25c4dc0a9cd845e993ad014c4a9d2e8f89180c9a5f5ad5;0xd3dab003aac1d390747857c39e9176456f1949c75f47a9c02a4e0ab8c260f76c;0xfe2798b5;0xffffffffL;0.500000;1503207804;1503207806
1;1024;8048;0xeb3a32b36ea6d9bacfdd2732e4bb0ceb8b0a69d0e95afa26bf5308d66cdc6857;0x7af32be5690f98af19c55a81b86485f79502a9e610ee7c5ce8d05af0cd87f0a9;0xb0b6f44d;0x10ee7c5cL;0.500000;1503207806;1503207809
1;1024;8048;0xac57726d3e3c6eef64d533e57a8ad9c835178cc3eb5d492bd0bb8da92580acd2;0x2a5fb1697bd047230a1b78881f99c487076a7d22cc8fb4303ac08537f3dd6fac;0x0c562931;0xcc8fb430L;0.500000;1503207809;1503207812
1;1024;8048;0x3116b4b94aa2a8fe3c728eac7cf49692feefb1b66ddfad058b0648239a93b9cc;0x88d386472fcd284c8bec18dce21b627a162c82a2ee090ecad49d9d8a9eb51abe;0x72339071;0xee090ecaL;0.500000;1503207812;1503207814
1;1024;8048;0x9a26f1e5b216cf029c5a116b516922fc2d8707aca655bf96368ca89089b4da23;0xb51982fbdd47d9707b33cb4b16bd7630902f8375e88439f932252605e1a54be2;0x7566a220;0xe88439f9L;0.500000;1503207815;1503207817
1;1024;8048;0xc0794254f6e1bbb4af9af26c55f619937ab7869b4155f4536eb51b2f3b2f77fb;0x48e774ba311d1c215f9be5240b9aa38b73d9b37cd887f0dadaf99bd6f905a481;0x86ca30b5;0xd887f0daL;0.500000;1503207817;1503207820
0;1024;8048;0x14ee84358b28c1cdb6818a78fa71e140a1ae84d1399d152fde8cb40e35b94249;0xc0a147cfe7c50e841abc9cb8305917435765027efbdae7e0169be262a0a1a439;0x3b1cfdb3;0xffffffffL;0.500000;1503207820;1503207822
1;1024;8048;0x1fa4bcb8dcb53d04f1e49c5678b2d8baec0b94fdac1c972a5563752453120772;0x95ff39faa13d528902942044ccd168b80ee8865fc14b6a65360a146b2ae5b219;0x615344a4;0xc14b6a65L;0.500000;1503207823;1503207825
0;1024;8048;0x3945311248966060292c2184a428f7f8d91b5ea0ac355643def18633dffb5619;0x9ffce4478232f13f1e4eb546efdf9d21a2fcf49d55523c04ff1bc1e2c6ce61d7;0x01f1a972;0x25121001L;0.500000;1503207825;1503207828
