1;1024;8048;0x8f6b0c467a983e4e30567c1d245bfdc7e8fe6407bf3d3d5d35dc93d12a2c25b9;0xbce46cd941def29d30172cd9bf1de1496abb1137fde6102d884d85fe5adfeb20;0x2d1fd038;0xfde6102dL;0.500000;1503123201;1503123203
1;1024;8048;0x12f6f13ff6dc1cc1454c6fc249a886ca498ef2ca37c7f4216cd7fbf0cd0d68df;0x083049d32dea9fc8da25cdc78f0e9112337fcc108d8f2555b6809f9b99a63fb8;0xdeed1fbb;0x8d8f2555L;0.500000;1503123204;1503123206
1;1024;8048;0x32c0a0fd4bcdcfe8ddd4d9b5bc9617c3c2c32e729d6973ec8b11f71c793083ab;0x5bf080e31e3a1d4e1b03c403a25f77e2704bcc030f304a6e5d5d10598b865e86;0x836e0e69;0xf304a6eL;0.500000;1503123206;1503123209
1;1024;8048;0x5c1bf9114ffc46794c20c7c2beefcb90b52e85625321a57b6a50138f63280bbf;0x592d8c175bccb2ba329a7196d0f9234b4fed68cb2988d519282d282fca929121;0xf9872e8f;0x2988d519L;0.500000;1503123209;1503123212
0;1024;8048;0x1c131b794a190eddcb426354838b89367546d65d5cd2320c2583577d600d247c;0xd8cd39837cc6bc34727f1cfcd9ee907e93461e6b6bb1c069ab403efaacfd6c4a;0xdab8024e;0xffffffffL;0.500000;1503123212;1503123215
1;1024;8048;0xb4b8bc8095ea2114f63f72582a8b1f75a09febc1d6f4a5c1bf75bff883d43237;0xcdbe659c929546c3d864ea6c51615a83c95dd6a14f5bf539ad0f12bc3f80c0d8;0xed5dd0b1;0x4f5bf539L;0.500000;1503123215;1503123217
1;1024;8048;0x8d9c08fea1908176353ffa57edc54a9295d4e176979ba801813b95c2960a5623;0xa8f13cadeccfe7f43f55902044323fdac4ceffa337f0781344cc525725b28c9c;0x8911a84e;0x37f07813L;0.500000;1503123218;1503123220
1;1024;8048;0xb86ba38e643a924e38a0856af2d11c8a17959993a9b45f873cc519c5d98b6592;0x80009bafe280a524d9cfd17095ba2757c76cea1a7d955cdabc299f2185b4cb5e;0xe374ab87;0x7d955cdaL;0.500000;1503123220;1503123223
1;1024;8048;0x71395b10562cc963125427edda2955fc6c73234547d9cf60c938f375847056f5;0xe6db703e092a177dba3d1815a09663389077a2c5055bfe3a4b8224724d2d66df;0x50adef60;0x55bfe3aL;0.500000;1503123223;1503123226
1;1024;8048;0xa0f3b3dbfa9c8b62dc21023559e00e869b74a6d2b982e902a33242172e3c19ce;0x8bd7659a0870eca676ab84583867caf18883c29b9ce076a87be1a3ed4d3a1d2d;0x08570367;0x9ce076a8L;0.500000;1503123226;1503123228
1;1024;8048;0x412a8b06cb16b6fc3f84369b06563a072e50e1ea178b17a30aa1c6d8902573d1;0x4df830866c10fb3d17e71c327031f17ae081eaa1a290b199aa991b82c0550bd5;0x40c33457;0xa290b199L;0.500000;1503123228;1503123231
1;1024;8048;0xd15d6088439b23abe7b3487e4c59766ca0496df2f58818c13074e7488f404a60;0xdce6fbe3e03851c72c1f0034f10d3ff0550ac833ff55827f64817c105567ab2c;0x5bce22ca;0xff55827fL;0.500000;1503123231;1503123234
1;1024;8048;0xe4cdcf923d06c4f52c95387b909a88494d173fe27d0739d88bcbf0b4a160c985;0xf7e536664cc14c26a0b809f9cfaa20b6d50a46aa210d36d9ed975c0d325ab333;0x99afde90;0x210d36d9L;0.500000;1503123234;1503123237
1;1024;8048;0x87675b43cdb65653ab4c5d9f7559004ff544a9cf28589be04f053d9f384016bf;0x1f038ee0d47c78cc42bec90f75ffbb266e97c60142673efb44aaef0d2df9ec41;0x4127d83d;0x42673efbL;0.500000;1503123237;1503123239
1;1024;8048;0x87ade1d15d7eba94e91d2c2ad5b113d55ca8c9010e78104558839054cb249552;0x7e4f380620855e0f0a6640d6fd5977a6818ef5a49e43ac4d42c20160a4668139;0x8b202d5d;0x9e43ac4dL;0.500000;1503123240;1503123242
1;1024;8048;0x9f6e10278b17af21950e909f1621dd5fbb204f0868ddfe506395233a04866ca3;0x7c61b2d63e24484459da6d0e5083b1d0a9899cbcfd26bca67099ef4042cc9ddf;0x20651670;0xfd26bca6L;0.500000;1503123242;1503123245
0;1024;8048;0x1a4bcf1c3c15d66b5f8aefa31718f20ae794cb27ebd43bc308e2ca7781f0ce9c;0xcbc07345c11f73c9ebbb2f207fb716fc4b5f0e021863df30bbadac13df49f918;0x419aedbd;0x4d081242L;0.500000;1503123245;1503123247
1;1024;8048;0xf5bafafc8c774ed66c3a5c2ff245661440c7bef87ca1ec70d43a2b4aea156fdf;0x918bc4ee712a1791e84e56c8faba2b5398346a032b36574387afe900e44025f7;0x8ab0ef7b;0x2b365743L;0.500000;1503123248;1503123250
1;1024;8048;0x2a8152d568c45e666a463e32befb404c3aa4c88b84f7424fac915a630f70623a;0x4be6b75c304adfe6927c3b5730893e344db406953f4fd4d47ee6bdfdab26afa4;0x8a93c974;0x3f4fd4d4L;0.500000;1503123250;1503123253
1;1024;8048;0x85ed1a612ecf68c3cce6615d828737fee160ab69a7d23cd3a489290db6ed833b;0x52a16b7401e0da74f5ab3ec91481f8a0ccec19c517f0b25ef871b8daa5b1cb34;0x76b47a2c;0x17f0b25eL;0.500000;1503123253;1503123256
