1;1024;8048;0xb7ce0172a4601da170ac701598d3cc38513c8fafbc5031b2a40e3734915bf748;0x6116e3db850185cfcdc1647ae32fd3694ea66a72d3253d5836ded233d37bc0c7;0x5cc91cf3;0xd3253d58L;0.500000;1503201850;1503201853
1;1024;8048;0xa35cdaab7d3aa265844b7a159a2876b845a8ad706a7cbfd0da765370156e25b9;0x083e442d89ce799c42d3a8cd11977369656741fb7bbc3ba70c40551bf59b5105;0x02a3629d;0x7bbc3ba7L;0.500000;1503201853;1503201856
1;1024;8048;0x533f99e2253e768f6a6f7c7cbaae74f940cb76500922c8bad7520eb9903ec5e3;0xe12def874352ac255d924dc514a60eba06eb9e8c0651252e300e999f1f599e63;0x2c7d0824;0x651252eL;0.500000;1503201856;1503201858
1;1024;8048;0x96faf13b90c4666cea51dc391a67f22f13dcc358eb1a59b7455d1aaf2f0154c5;0xe52d67b71f478f6d898696bea303fc2fbf445598654fe575e1fe988a99116947;0xb55a9b74;0x654fe575L;0.500000;1503201859;1503201861
1;1024;8048;0x31c06942c49c80a756a1ff1bf390b96dbf3754c27ae51d23d92bea3d62ff1193;0x3f0a7ecf7d544586e45a1c37123156c652ece3eebb7d4dda4a8b473520f9cfdd;0x30e35e8a;0xbb7d4ddaL;0.500000;1503201861;1503201864
1;1024;8048;0x0d87e9a4633c53b07107a73de1e90c8fdb2b4f77ea462a1e926ebffa48baea55;0x43ddba916e3a72c6da9916780b43a8e71368e9b222c0598f7a46abcbf45017aa;0xeb9baabf;0x22c0598fL;0.500000;1503201864;1503201866
1;1024;8048;0x1cce9ef5993bc1fcf9a6dc155435b9fafbb4ce3c01ef15405d22e8ee8e5961aa;0x77638388faddbb5850e6955126d81523466a38420fe67c7cfac18ed26486719e;0x9a41a48b;0xfe67c7cL;0.500000;1503201867;1503201869
1;1024;8048;0xdf36781a2202709e8a474626ef93066cea29fea6b82d2efcc84c0f42b6a3c895;0xb944158770a8d5b0bb005471eff8fc7d831e42e2637dd1b3b71399dedc921db7;0xafb7928f;0x637dd1b3L;0.500000;1503201869;1503201872
1;1024;8048;0x3c4fe0b81c944ef4fd5120c32ef7e4e2d991d2741efb37f130f70909b8b73af4;0x0f1d4b6dd5ed6f5455078ff126a41998328a333f7611134f8a44c64f08a0d6bf;0xe3a5c3b9;0x7611134fL;0.500000;1503201872;1503201874
0;1024;8048;0xef2af6a7069de16b5a0c164e0b34f03ae285360e0b1639b6a3da522fbcd65cab;0x7552db5e695609d97f2b9b01c068e18db9e43c2124d13cd8fc13ce280a2a0dda;0xa256f825;0xffffffffL;0.500000;1503201875;1503201877
1;1024;8048;0xe6ef9e0dea4ea6219b66d85edf46756710c7fadd7a938d69eaa0855db4fd039a;0x69965cf8de4afaff517b8f3d5c49797e71b358e838faaa07a1f5673a05d0e85c;0x5eb5d636;0x38faaa07L;0.500000;1503201877;1503201880
1;1024;8048;0x88973f0472ab76f748c06b7670ce3332574e07c55ba6088564c6a2a8d98ac261;0xd98fc1761403680492a4ea1d6f91e5a4551fc341843d9f5b7334b2c137199b8b;0x8280fb43;0x843d9f5bL;0.500000;1503201880;1503201883
1;1024;8048;0x27bfb0023f9f24d8b31c64513c2a7691f3e39abd5925f71e5429f463e745730e;0xa1e2f4ba2dfdabbd44b6d40a44b05c8575df57f5fa1b5a774d3338434d3806a7;0xcccfecc5;0xfa1b5a77L;0.500000;1503201883;1503201885
1;1024;8048;0x043ee1cd46d5563ecd49c3d5fc8e002ebcdea32e67cce53b51828572a3664da7;0x7e592fbbd04f5d3c287267d3cea884c06b574a0b7ff84989f6dfc28d960eec6f;0x9fd71708;0x7ff84989L;0.500000;1503201885;1503201888
1;1024;8048;0xe74923e533c2299bbdd85f866743653a3da8e896436a78a08f574742e895cccf;0x72646e2633b384fae41e14a3cd293acd8a9ab876d549ae9b8e5661755f10521f;0xbf8e6dbd;0xd549ae9bL;0.500000;1503201888;1503201891
1;1024;8048;0x099add07f218436c6d5b6aaae5c6e951418c667b446e2409e0fc7d37d055f5d9;0xae22d5cace0b2e6b0eb21acf6795d76522dac9ff07386203415cfd5657d97a7f;0x8b8bee09;0x7386203L;0.500000;1503201891;1503201893
1;1024;8048;0x2c6a9c29b4d294d547769a6b3ea688a3f97236637c4d36eb9598f4b9269b3c52;0x49f86eccc1eeacd527751b15898b7e9e757f9fee0aac095636e854dbb1253e01;0xf2305da6;0xaac0956L;0.500000;1503201893;1503201896
1;1024;8048;0x1b3a841a19756fd26336d6cae874ba545592663eb6115a22ed5195e11d089d38;0xc05ed6837a8554565338b2b53353e55721428bfc828640e8abe6d4c9aa9d5c41;0xa612bd30;0x828640e8L;0.500000;1503201896;1503201899
1;1024;8048;0x15dc77834ece16b017dc57198094ede693aacfc5aa1bb6c3db3f126439ee324e;0x3048a251214b81e37b53d9e22f0b8d55b16c1542bd4b270304318b4402db8dde;0x0f58890b;0xbd4b2703L;0.500000;1503201899;1503201902
1;1024;8048;0x42ae62307f12b9bab9b503b79b3a839238f2a53119168ecfeecf8a9d9029d5d2;0xc81d0d74f3c0519ff63ac9ac5a49c21edd2fbb3fec60a9fd54b5cccf8dcb95d5;0xac59385f;0xec60a9fdL;0.500000;1503201902;1503201904
