1;2048;8048;0x9f5f9f7ebda6f6f3fd80a832873c87692f9b3339a644e0454bbd6774738dd612;0x809d0f91553b6fc71e6cd2638abed5b890b29091944b1b0850ae4186602ebc08;0x7fffd17e;0x7fffd17eL;0.500000;1503120649;1503120651
1;2048;8048;0xb9e603e4cb3df629f6dff64e69beb3314ea89336087005b5880fd83cfaf762b4;0xeefdb2461d19004582d11d35cfccd3a2d8182c35b2c097f3875a14c52cc898a3;0x64625685;0x64625685L;0.500000;1503120652;1503120654
1;2048;8048;0x0e09adb8022b62a25626f633531f63495607b42d9b3695c7f448f97afdb5ed0b;0xdc1733d602cfe328241b73a355390afa8bbe2a804b94dc22e2e0893d79a557f6;0xb52edff5;0xb52edff5L;0.500000;1503120655;1503120657
1;2048;8048;0x6bf8f7ccd2f55acbd85f156d32f0cfcebbb7533f19a8bfb1630486ffba566325;0xfc677b9c3df115061604d1dea0fc6f145b5beff9e6664e1cafe81f8b0336700d;0xe454f62e;0xe454f62eL;0.500000;1503120658;1503120660
1;2048;8048;0x15dbd69cf8677bfe4416e3f887edd1d2cf6a311887f30f3dbee448b69341b8a8;0xf7ead5d7b42b834252a05c750747d613a87657dddf0ad76ff2dd53f09f5274b6;0x72a734fc;0x72a734fcL;0.500000;1503120661;1503120663
1;2048;8048;0x68c35108fc1e133414a2de07972b628da5a7eb937425b3aa0794fb83bbcd8f23;0xb24bc4f17619825b3938b1fb3247e5c8a341c26fe61a3bf43c7251c0604f3df6;0xb4a3da52;0xb4a3da52L;0.500000;1503120664;1503120666
1;2048;8048;0x8b5599e09cf5356db93ee9ac671306755514b649b2cdcebea5c1dd7a2366c0af;0xcc33f1c4029f09c494e12b09b41d08c04a312ee7d60a915288a1f0c03ce2182d;0x9b440942;0x9b440942L;0.500000;1503120667;1503120669
1;2048;8048;0x10e322c6af7e89ecd2cb4f3b2becf52ee322afb834d90f2056d127afa9b21cba;0x46591d7a02cc0c1c5be1b89803c4b392d3b798e37b292a957eac7e54c5c5890e;0xd07200b4;0xd07200b4L;0.500000;1503120670;1503120672
1;2048;8048;0x6af5758632f9c3853c396cfed4968e7b8e73a11a442e768e18b40267e06f4e4a;0x69bdef992d330801f8765dc9cf9ae3d3b602266b4c4d8755a8a21e4a0949e67e;0xbb32315d;0xbb32315dL;0.500000;1503120673;1503120675
1;2048;8048;0xf961b24b9e7306992846e5f8923e2673df8bc0ab9ef77fc5b5d54b78c4a32dbd;0xb5f7f07893cb3f3fe5435c881b7d3759247bac9419037cb7fdb95c4ca099550b;0xbc6a2d54;0xbc6a2d54L;0.500000;1503120676;1503120679
1;2048;8048;0x495e098e5f26af4f3f44dcc0462977e2b7d3a90a9c2bf0b211c5236b37f07280;0xd6b2a402074ead57a029cd21a6cbc52f8913921592d282d608d3efde05902204;0x6649a878;0x6649a878L;0.500000;1503120679;1503120682
1;2048;8048;0x044f3218000b4b5892dd4baa3ff425b14fea88ca2630110d83ebf9c3789a9b7c;0xdea54c0a9ba1fe81f5eb4ec073b14e315bae172f256f07019d1874feb0d9a675;0x08309811;0x8309811L;0.500000;1503120682;1503120685
1;2048;8048;0x954f9223fac1a05dc59ee944d55bfb32954dc2da066f213a937d24f8956e762a;0x5908299919f412425816d65951668cbbd06f596e2f2bdae6efa5e767260c5309;0x397988ee;0x397988eeL;0.500000;1503120685;1503120688
1;2048;8048;0x7225ace578cec8bda87504c8167a7347e4b6dc3cea09530a7582883d99ebca0b;0xdea845fe7509c92a0ee6125237ff018c7f9de0c9cb84560f11721bd8df6f5e7f;0x6001c9b0;0x6001c9b0L;0.500000;1503120688;1503120691
1;2048;8048;0x886a7a1ea8eb839ceb5d7aead20e1bc0ded1633156370df12760df545b9dabe4;0xff5c29233f73b86498e946a95de4fdc6bc1cc9f4f7414ab9b025df497d4851a0;0x55f6ead1;0x55f6ead1L;0.500000;1503120692;1503120694
1;2048;8048;0x8aff056718d593f1b427172526ab0412a335c7890d53a76f107d318d92ab4b1c;0x3b7019d05b9674ac2523c6bb6066571d9f63b923ed59ae0ea9b9899a6938f8e3;0x756fc471;0x756fc471L;0.500000;1503120695;1503120698
1;2048;8048;0xff92794ea60ae9157d40518788260ebe8ad51cb5b93ac9fca4a45bc011e03411;0x6d0317703a3fb5dd5a247340b795577d21ecd3d92f8dfcf8eb525e9a1ae022ab;0x32d39162;0x32d39162L;0.500000;1503120698;1503120701
1;2048;8048;0x2b3efb0f31ecf498bc046e6483f6dad0dcd4eae649e2521ec61e734f4e3d8079;0x382c3c9ad05df552b9e106555303ce76a847bf12dcb2a299d2bffddaa5ebdc10;0x4e5c8ddf;0x4e5c8ddfL;0.500000;1503120701;1503120704
1;2048;8048;0x3080bee79a85ac6eb74b7be29781eb3ea9edf3e5468ff8245ae09e51a815afd9;0xb508ed8114169c27a457d8853255e5670533356629e547ec9d14af0d3be11109;0xc4dfa9bf;0xc4dfa9bfL;0.500000;1503120704;1503120707
1;2048;8048;0x67ad3e25696dcdbca42e94cc266a421fdd7e9f9c906ca0fedbaefe69f5a8db5c;0xa75820fe8265b7df8d268639514d045900d3eee1840031f3135cdb4492bd1bec;0x1a27a2af;0x1a27a2afL;0.500000;1503120708;1503120710
