1;2048;8048;0x839e774b1d8c7873b1a0c56c8c7b5d5087d19ce566b5c94af1229bb19cd6021f;0x7d5adae73e9833df16b2d4e1818d1d72bbf42e2f77f06dfc9cce9d38db939e82;0xd7284536;0xd7284536L;0.500000;1503134466;1503134469
1;2048;8048;0x58952144f30b3bd4406dcb93b856e230efeab9d19fa5992efffea311e27a753a;0x730556be5325cd5841b58efa22e4280a07f52015035389dd17aa0fa7c8c526bd;0xcad986b3;0xcad986b3L;0.500000;1503134470;1503134473
1;2048;8048;0xcc1f733b1f580584240aaf4c4ef91fad575cce2866a77585cdc13b6494ae0760;0xcf4ddacd098e0e6c0ed6a71e1766cedced09db61000390ae73857557d5bf4c90;0x9a3366fe;0x9a3366feL;0.500000;1503134473;1503134477
1;2048;8048;0x4db1a2c1b1a3259196a7d124d585043b9199170d95f68274faf210cddc3db029;0x2d3eac3ef273d5450544c581e43e74b33704c87aa9b81a1b39442a6dc6ce5053;0x989778ad;0x989778adL;0.500000;1503134477;1503134480
1;2048;8048;0xf6d55c373d813d096aaff8cbd8efec4e8c8c853d68e2c529332f4bb3e770bddd;0x4a48b4b4bae7f7a595f4ed9500b149bfecd6566607e79700ff86fe9a5c804191;0xf31720a6;0xf31720a6L;0.500000;1503134481;1503134484
1;2048;8048;0xd01097af115bedb736339dfd2d0ab47ea5dfa7515eeac4508bd627ff91e35762;0xa81db71b324da430edcfd2ba3549110f8d9e05d44612d682b64e77860447157a;0xa4c8dd25;0xa4c8dd25L;0.500000;1503134485;1503134488
1;2048;8048;0xc68019076439e3faf1f077e4f0649a13e9372b51e2a250ce8f9c3a4ac71c868e;0x202ca5d7220429a9af70991dc429698d6af9fe992ff8ded65a5262fbb9747941;0x01737c3b;0x1737c3bL;0.500000;1503134488;1503134491
1;2048;8048;0xdbdfdcb6f987aceccc6a681659b4428bb2558933cdeb0979830bf2ff3343fd0e;0x74fe47b6d6feae5d65d5234f7bbdebe1905cf1c403f1ae4fd04fd16196648e87;0x1dedf895;0x1dedf895L;0.500000;1503134492;1503134495
1;2048;8048;0x497b63a06f54046082dd5b0bd9adec8361fd1020f83eb71b39d600dea636c7ef;0x93c55abb86fddc2e38ab12c1a8fbd4842267703fe1dbd0806c6860f7cf804aff;0x472b9a16;0x472b9a16L;0.500000;1503134496;1503134499
1;2048;8048;0xb0f0ca0ae74b9dabd8c78371652903a2709f66667de33b89d92df588f97915a9;0xb0775b161cc8885d99651923ada74473f5ba745c3ce192e8fae0e54f45b960f0;0xec9692b8;0xec9692b8L;0.500000;1503134499;1503134503
1;2048;8048;0x5f8f1d737da5c05db3b191d37335a18c27562004639c0bf7c819b6358e94d7ee;0x9f71762c481db748d835b52a0bda547a969d9e5186d20a55ff5a880b91ba3a96;0x86be018a;0x86be018aL;0.500000;1503134504;1503134506
1;2048;8048;0xdab477c10916d6cabb6c6763d78fa019c62650aef97a7b8ec124486dee3bcdc8;0x74ed44661e969148b376f5f17a0798d7e21ddc88d448bfc85799d87aa94bb77c;0x7dd8f4c6;0x7dd8f4c6L;0.500000;1503134507;1503134510
1;2048;8048;0xbf5758bf4679786db1d039e8d9263c73deb68abd7f8a829028f3d7935e18221e;0x594fc81356605d3445da03dd9288a670d15dfee7a087743722192e8cedc51470;0xbf94e7e3;0xbf94e7e3L;0.500000;1503134511;1503134515
1;2048;8048;0x735ab3aa83d008738e55387b98e3d86ccb63666684e0d360b4f02afd2e6e09a1;0x1f80f4f583be98de7462f677b889a0435cc8e423a434cdd1937f70e845d2ff15;0x7cffae98;0x7cffae98L;0.500000;1503134515;1503134518
1;2048;8048;0x54642958198a3586d6822b9b3c69d7bd87d59f08b08e6092f5d02bc8c2db7516;0x260ff21a01408a029fd1df4709af02dcc5e504336d9219e51a103239242827f6;0x822fbb09;0x822fbb09L;0.500000;1503134519;1503134522
1;2048;8048;0x0344d5838835eb0a401f49703ca6c6f9e65ad3e2b15cc950786d12b812b44215;0x46152c48ea9e7fae0d3dcecc32e68188dfadee69e8a9ca646090a7f646686c3b;0x2e5edeb4;0x2e5edeb4L;0.500000;1503134522;1503134526
1;2048;8048;0xc1d87e973f010dc36e4e390e63e4aeb13e47c0477168207d3e83151dd3eef995;0xf553439905cd196eae4030cf1256d68ce5cbd32600f8ad527a12ac1668f0e535;0xe0f5c723;0xe0f5c723L;0.500000;1503134527;1503134530
1;2048;8048;0x9e23471b646309d012c100742b506dcacdb29ffe2787601282a6a40e62e4dc00;0xdefaa4c00477bdd7f8e92f3a0916c351fe838a2ae98cd99c75570b162ddc5b44;0x099bdf1e;0x99bdf1eL;0.500000;1503134531;1503134534
1;2048;8048;0xc7c8ba6454666f200abb6a6acfd4a33cda42cd1554b9db3db9999f81e4ea02ab;0xa652244b6a75ed7a87bbdb7cb06596a4b7526c182804e4304c5c3a206c988c0c;0x602ce17a;0x602ce17aL;0.500000;1503134534;1503134537
1;2048;8048;0xbb82474bf5bd54e9d0594a3805d813d2c39ceb15976add44408bc6d82318d6df;0x96947bc3044b7304386b0cbcd974a96efbddc9efc76a0d614cc6d0e505fd5d56;0x7cc6a1b2;0x7cc6a1b2L;0.500000;1503134538;1503134541
