1;2048;8048;0x5d8dc4e3b15d5d3950f6212c157cf22b084a3a440966ea1bcb28ec2886928ce4;0xaaf0f535c32580a234ba5b3bdd7caded82de8e0772139131b2c51f6ecacaffbc;0xf124e2e5;0xf124e2e5L;0.500000;1503102833;1503102836
1;2048;8048;0xbaea7ee67316270b5445d915865332bdbf55eb6f1cfd2bf1a5f58e575d3bb817;0x701ccb8475bb91375d9477d35b4be01f3b2b656b2e562bf79041fc5e04ad7955;0x85b3dfc8;0x85b3dfc8L;0.500000;1503102837;1503102839
1;2048;8048;0x9e1539444dcb9ad2160694d2d675c45d33536a5ef16213532d89a010fc77859a;0x0de6e30c780514c22a6abe0fe53e2d87367eb63ef1ee8c3981de674a4b524ac4;0x400f69e9;0x400f69e9L;0.500000;1503102840;1503102842
1;2048;8048;0x92f434c6ea242966fed24b8d8cf857aa670e263b277e0fa935a507d8719c0304;0x7c0c40f999fafe6593fc0e7536a019e02e77bd5173e9754cfcf06ae9335634ba;0x3e0494cf;0x3e0494cfL;0.500000;1503102843;1503102845
1;2048;8048;0xd93970500ecc7d25eb13d5478871ea8b74e7273687989f2ad3ac3a45c2ed7d9b;0x8c581f6ef87ffedb56c59cbe9dcba07a2833b71c11a954d1d553a608736938cf;0x1652c335;0x1652c335L;0.500000;1503102846;1503102848
1;2048;8048;0xad64f3421a2e85814db96f2f27fba929811dac5c11e7026b7925d39931fbd8de;0xd4d1551341098be4e054b758a3ed212b3160d7a0d900cd00404d4a1f94122884;0xec52a497;0xec52a497L;0.500000;1503102849;1503102851
1;2048;8048;0xb6437df9d3196a3dcb52b95a1f19c22c6dcb579476ce2d067a2406dd3de595f3;0xdf8ae6f63fd6fd40c2ed3c44f7556fb14498be12b4b14a800fd87f0697f6e71e;0xb1575a87;0xb1575a87L;0.500000;1503102852;1503102854
1;2048;8048;0x8ac216934a2128104da28f4a9578dae407e2b1a190bed1b8477ecdc3d7d9bb61;0x2b69b64e2c9d67ac3be7dfa772735a9bc7cf8f1fa4fd4c1423e3d3d42657118c;0x88eee626;0x88eee626L;0.500000;1503102855;1503102857
1;2048;8048;0x170ae1947596929525cb0b15b5677e4450efcd0d2da3238b0e80634bbd3ee4d4;0x76dddd1fa9841e778cb5d6c03c1e9dbfd63f03b65d092f8a62877efde8bdf7d5;0x51d587bd;0x51d587bdL;0.500000;1503102858;1503102860
1;2048;8048;0xb4a53d3b4dd2b7c2f44c650e51a46d04320aab96f0005fd6771bedffa8bc005c;0xfe5df14c3896965a6d0134052c84dea97d8dded6aa52c9be9b2a34d1c4e89624;0xf76c9c51;0xf76c9c51L;0.500000;1503102861;1503102863
1;2048;8048;0x71b2a083890b46a6c6cf4233e672ac82384e8870affbe237e202b709ea65685c;0x92b01de69437870199d3877dc0cc8290c171ba517c6eac19fd90c8d60e275c91;0x837334fe;0x837334feL;0.500000;1503102864;1503102867
1;2048;8048;0x6cbade0471c09c221c021c6d0e1cd0617ad945f21986b0ef6364fb5b29054796;0x3b025ecfbe6d9393f4a5bfb8153457a68f5d3c4adc0f6bbdbd52e6d5a2350976;0xaec1ddbc;0xaec1ddbcL;0.500000;1503102867;1503102870
1;2048;8048;0x30144080a398c21ad25c0ab814a19a3c9599c5729e9b6d3a55c8e4cc47975077;0xd12b8cf505a6145fe292addf7f52e982ad844493185f5f22ec4d7b4605fd80c6;0xafb717f0;0xafb717f0L;0.500000;1503102871;1503102873
1;2048;8048;0x8e04de631ac0ac54e67dedf83c0ab3e57487f86ea8a8ace61109a0c4d28cb860;0x63dd4bf3041070fae4cc1cf01fdf2a2ce7f7aab85b70420cb7c97f4c10ec2a88;0xf6452d98;0xf6452d98L;0.500000;1503102874;1503102876
1;2048;8048;0x3e5dcb2b3872a3e1a65e6d115163e779a41b60023c8a6bfeb11ff5caeef7222c;0x6f87a513ae2a237218d32d49597dd34f61ead1f5b9bf5724c653d897cef7325f;0xd78027ca;0xd78027caL;0.500000;1503102877;1503102880
1;2048;8048;0xfa226a7d01c612e2aa09ac41b5603eb82bc693bcd21d8f7a1cd5e81ba085ae9a;0x46ff9591c67e1433d0dfccb335e8e7877dd559f6ac6e2d6812f5eac0bd9169b0;0x3c14599a;0x3c14599aL;0.500000;1503102880;1503102883
1;2048;8048;0xde42ebdbfa1e4ece1e9b2180e5cc06318170f957b00bb456a49411db63f31741;0xc47f4d53293d1b7462a014b3c40f17f690abad3810bb1ec00a723eb24f7f8359;0xbd8af8fc;0xbd8af8fcL;0.500000;1503102883;1503102886
1;2048;8048;0x49d986e76a20e6d2e117ae5bca6a77a780a864b0ab9ac0d9d618a08a175de860;0xce034cba5acf6d8ffa92d9b9e694237e17f5ab31e0e160067d46c3f0cce6264e;0xd0fc6738;0xd0fc6738L;0.500000;1503102887;1503102889
1;2048;8048;0x4e32317e618f3c65a762bdf8972a81a4d1e945b5fee59f9a0a5d05f85989cda7;0x284c5d0291a41579f904464ee967e614295325a8ee6eb3bbb7049afceff4ab71;0xacf849eb;0xacf849ebL;0.500000;1503102890;1503102893
1;2048;8048;0x7f98bba0af84fb1e9197cb8baeb2abfcf58688e53d67a1e04cfe81119aaafe19;0xa06076a259a9a8aa7fd7fab923216e12de3bbedd47c7adddeac6a76ed6d982d9;0x3147a7d3;0x3147a7d3L;0.500000;1503102893;1503102896
