1;2048;8048;0x48f3df71b97020fa4e804b0bc325d35b8fa4d5af1d9a627237155901d58e551d;0xed082c8efbd41fdee126440ffc9a05b7ee04dfbeb34639b7d760d5335fd2358a;0x63ca8b6b;0x63ca8b6bL;0.500000;1503100239;1503100242
1;2048;8048;0x3ed96c6bc7e445456f68a384ffc5a8e15c29775cb4ccb460e4ccb8cd2536a864;0xb43f3db616959832767d62c1004bba154aa4bc6cede86626caa9d3309cd4d53e;0x17065c4d;0x17065c4dL;0.500000;1503100243;1503100245
1;2048;8048;0xeccb1683e39a68ec1fb603160bb4cf339140a5d422d043b7a9e9c6e46a51ed56;0xa970b7d5e39681cf18ca961a02775ee194e80fb65d8d0fd1e61049d4405fbaa2;0x5209207f;0x5209207fL;0.500000;1503100246;1503100249
1;2048;8048;0x7646b487c5ebfae83a4fbd8ae145c9981ff98b8f69cd6e92341a6c74138a588a;0x16fb459354ab7de44c6a6ea5edd61a85056276862b9c76b0aec4cf9c354df408;0x9d4b89ce;0x9d4b89ceL;0.500000;1503100249;1503100252
1;2048;8048;0x3d920286e7e1a90ea250ec83bc1c9535e4bb71b74ea954d437310428fbb47e38;0xb0661fe4fa1a2839719b6dd19b0fb675219e0ae40a6525c903cb28fe88d00d54;0xd0a697c0;0xd0a697c0L;0.500000;1503100253;1503100255
1;2048;8048;0xfb983c49dd2aa1116c608624551a4eeea574dc9759537864aa6fe06a88889184;0x7c715e283ef671e554bbdceea4c1e438409e801ba058e59ff4b62171dcbd5754;0xf4aa8cd7;0xf4aa8cd7L;0.500000;1503100256;1503100259
1;2048;8048;0x908467e715c0dc1c26667225dd56ff87eb5322f205cdeace2a6a3dd38efb9c1f;0xb0db7deb6d598ccb45d06dc6948b8743dfe13aa650b5e00d7193e2213a453a9d;0x2cbc75dc;0x2cbc75dcL;0.500000;1503100259;1503100262
1;2048;8048;0x89c65aac50b5eb507f5d3de3d4a36361a919dc7398bc981888aa5830f98e9b82;0x57dbfa4e9fcc4e4e80f19502b581d68ef4f57120bad7bfeb12cf42954f2fddcb;0x220f1c28;0x220f1c28L;0.500000;1503100263;1503100265
1;2048;8048;0x0a27b88e8cc5378bd632cf26e6732be0fddc8230dc9c48e896ba33de3b3cb845;0x3b173a2a63dacdf119f31f0f0845453f499c751ca28975e4504f573414f258de;0x84ddcc18;0x84ddcc18L;0.500000;1503100266;1503100269
1;2048;8048;0x77e9f099c146675482555f307c604dfc51bc6f574c883d7880b945f8611349d8;0xf0aaf8c3fe24949cd3696c84e444c2400dbc627749b319cbf33cbd3faf471e31;0x3a686897;0x3a686897L;0.500000;1503100269;1503100272
1;2048;8048;0x09d1b8342f56cdb0ee863fb46fe6bbd2aa32d37eacb7db8ef4ac81ed8162408a;0x1c86e63342ba5065c910d6658fade8bead1a1ea1dcca98e3b09389d6c17c4d51;0x8020b2cf;0x8020b2cfL;0.500000;1503100272;1503100275
1;2048;8048;0xbad864c2538f9c921ea4c72f0eb5cb9502cd452a0e190769aebbcb00b2c2b26d;0x72507cfd465b903f08a39d9d2c774df3718444fe533096b7061bb6965461ff41;0x92324432;0x92324432L;0.500000;1503100275;1503100278
1;2048;8048;0xf1505b716f2b0ac7b6eb577d16750775cb045eb9c06de758c86d132515390006;0x26aca029a18ac0966149ba259e3046d9ed53e7e0fbe7bd3ca0f275f53082429f;0x334b3d01;0x334b3d01L;0.500000;1503100278;1503100281
1;2048;8048;0xe6709f7fef97302537ab3a4021841cbc3fb0b7d8ce69e6163f7276dfe6c78bcc;0x13c57509884e9c0db2fce1244f047088692c03a7e796e81973f40d3a496c594d;0x7f12db38;0x7f12db38L;0.500000;1503100282;1503100284
1;2048;8048;0x2db65b42af36ed6a0d90a45829d1c2e10dd34a687f48c3a0e5e28a795ac6da87;0x7ea3f3b59f0fbba531844093fde8f6fc433de431b89039ac6c786ea04bbddd0e;0x986ebfd3;0x986ebfd3L;0.500000;1503100285;1503100287
1;2048;8048;0x001c3b7fc0719c4851bc3ded1c4fee90cc83ae2fb42b70af1327623619712d19;0xb37c004985eadecd73013037a27921d6c33a925016127f346e415b85e83a32ea;0xed756391;0xed756391L;0.500000;1503100288;1503100290
1;2048;8048;0x253859f5f3def6200e790c2ef09f5ccbb642995efe3520a5e7b71e479cae29c1;0x51a9c6d4d3b3b53b0f509350637ca20abeeacf2306aa01a79269af1d20441189;0x89654a1a;0x89654a1aL;0.500000;1503100291;1503100293
1;2048;8048;0x07ab8eea88f82764d27b598b595a5fcffedf8a382ba67b0ae6d502a3d0fb10d7;0x79f03fbd456403ab5591d77c92d30b8ee3eea228514547f9580e65969fa6a9ab;0x4d37f42e;0x4d37f42eL;0.500000;1503100294;1503100296
1;2048;8048;0xd240a1fdb7f504400de9a80408c1bee450eddc97077dd7f15f1c851c968a9368;0x38cb1e287c109882b1991bc5ba69d01099cd706a764a0beaa7e1bb8f1265e521;0xcce4d9cb;0xcce4d9cbL;0.500000;1503100296;1503100299
1;2048;8048;0x7e174c957e76a944de958615b55063aade52da2d101a5ef7bb0663a3ff4d787e;0x3664b98bbff770a2811e91de1c6950ad80a7b9613417bbebe99390cd74114a6c;0x19a16ec3;0x19a16ec3L;0.500000;1503100299;1503100302
