1;2048;8048;0xee346dd8bff0766ad0cf97cbab4d4110d0816bd995b17f76b4c8ff3ef56805e3;0x7e0fadca14e70e78c7328a02693b439cd64468f3e145e18ef907119749cab02a;0x68b3f20d;0x68b3f20dL;0.500000;1503123263;1503123266
1;2048;8048;0x836e7d9f06fe29faa79eda9ce0309b62a7af2be396127d59813ea85cddc10a61;0x6b0444d0c58422517fd9f9ee526018923dca57007f7b43e241a5202d97052e25;0x5cd9d0f2;0x5cd9d0f2L;0.500000;1503123267;1503123269
1;2048;8048;0xd5a757baaf60a8d2831874207a0e551e722cdfff7ab7c999a138ec71473cfd1c;0x02d63a5e324937f519105f057d83391992384390a1803c3617f4adcb5a29878f;0x4ef3d1d1;0x4ef3d1d1L;0.500000;1503123270;1503123273
1;2048;8048;0xd02c07a19fadca95afc97a308cc733f5f7739d4c00c714c7c4ea8fbd4dc3751d;0xb37c16dc2cf1e309b4f4715fbf50a4cb992846fed1c29d15e2ee2711c4d8cf40;0xacbe1f4c;0xacbe1f4cL;0.500000;1503123274;1503123276
1;2048;8048;0xaf425d3bbcce03793c6197d83d7d1fb4973006c24226a0d115a361061c9998cb;0x58526bea59ada1b612a458a8b5cd92a75537c6cb8cb1fdbdb7d6bf0b3bca3c77;0x952385e1;0x952385e1L;0.500000;1503123277;1503123280
1;2048;8048;0x3f45df84b138e7d276961af966829ccd43b1406925bf44a366ad7655f3898032;0xf63088c6455085cb9cee73548a913dfe2ecdac8c548bba46e54e75333a025f0e;0x0a0130ed;0xa0130edL;0.500000;1503123281;1503123284
1;2048;8048;0xe2521aff625380882ecdb7d340c5fe9b12923fffa5d4ec9d2f20b0b617ba72f9;0x386686b55efa4bb1b476ed878dcb911a786e305e2126cc4b6bbd5e91e9b397a4;0x952bb042;0x952bb042L;0.500000;1503123285;1503123287
1;2048;8048;0x64a60c05bda0b1cea6ef2018104325f2c7735186d2cc66725636d3099522c8f9;0xac6a1be2fa500ca08b205108c84937452ac27fd80f4800bdd03ee3dba8ba18e5;0xc05286bd;0xc05286bdL;0.500000;1503123288;1503123291
1;2048;8048;0x232707edbc627620da4c7bb77e8487484ba586718950e76a9a6ba7b380d0b9a4;0x152e610735d09bb9b6327828c2e4e401f62b2f99ef738978f505cacec49a2119;0x6fbdbf2f;0x6fbdbf2fL;0.500000;1503123291;1503123294
1;2048;8048;0x1cb8c98b428888acc378242000987fe675b282ed5f492c5df0c242ba9b0861b7;0x3d0abeeccfb80229d4f69a7fe2d077efcec29acfc5b23f5827736e1cb9dfcbef;0xe9ad2fbe;0xe9ad2fbeL;0.500000;1503123295;1503123298
1;2048;8048;0xb3fe8eb65929d0d7f42bb1f91315eaea5ed3255dc618f9dc81da4756f7e939aa;0xbb37881c7c720f4f456c82a1702d6c5b2f2b723e2e333af78368aec52c5f60c9;0x480da709;0x480da709L;0.500000;1503123299;1503123302
1;2048;8048;0x3ed576c47d25b8f8e1a67fe06f4ffc39f4dab211a2e7d2b34e30fdfaa581a9e4;0x00b5fe6c0ebd489950097e92ea4a04b5f265b86e3f82cc1de2350a80aa990765;0xa3ffaeb8;0xa3ffaeb8L;0.500000;1503123302;1503123305
1;2048;8048;0xcd1ee331048f97741842ad215b923e6fe62f10ab53542f1e7919dc9d05d773d2;0xc7211dffb9ebabc1f316ded3cd14f4479c29dde035f07883b4c0211360afdfa4;0x02a859d1;0x2a859d1L;0.500000;1503123306;1503123309
1;2048;8048;0xd14d32865184c1dabd178983e4aa92b0876d628e1beb0d30b59ec95b95b71167;0x346e2e2d6b70b6bfd7f59770585be9eaa63ce6e0bce62b2dd037a623265c7b2f;0x9e0d113e;0x9e0d113eL;0.500000;1503123309;1503123312
1;2048;8048;0xbf2beebad93788175b7ff0fe86323a22069fa26cc127343e642d53fc024210c1;0xba67545a9e66e41f1b952c32d98446fcf06d77e211833e32214cedd36eeea6cc;0x039edda0;0x39edda0L;0.500000;1503123313;1503123316
1;2048;8048;0x266c541f910f9876443a908a82b37d559f992b1af5818ef268e7f03e5b5e0181;0x94fb68ec871d5bd2574abf4b8230818b3b4846c7bf2a7c87bb4459c16ea83daf;0xcc67f65c;0xcc67f65cL;0.500000;1503123316;1503123319
1;2048;8048;0xdfe10c96574b21cd044bffb7781ccc20beb7ee673b4894f1a617d1dc956a5e74;0xda037122a996f00582553daea5427917a8b190727f59bae6359a55caf58cd613;0x1172c4bc;0x1172c4bcL;0.500000;1503123320;1503123323
1;2048;8048;0x1a7d1504d88c03c38dcecafa9d9f7487cfba432245a68dec0795c13de6438f00;0xc6d3ea6e89c5411f5c308bed690ca5296a537465b5195d094326a67659f23e86;0xee70793b;0xee70793bL;0.500000;1503123324;1503123327
1;2048;8048;0x0c3f6b8c2151a0a76a1b5458d828a61bf4fee0083239fef770bf452710c10c1c;0xb8a56441402478438014ec04b970ec5e4c83f196a943f6aac028f74175fbee73;0x6ab5696c;0x6ab5696cL;0.500000;1503123327;1503123332
1;2048;8048;0x4f9cf93297262de0d7df6a6a8e853be287d9babf591d9130725a2d6aa59a44f4;0x784f75936984e184081fd0415e1264b5da09499c4d10aeeb3eff7ee49e8a4c5d;0x9262653f;0x9262653fL;0.500000;1503123332;1503123335
