1;2048;8048;0xea129d7eefda4785fb490c37d916944580bca9ce636393297a7f752727d90811;0xb241d03ce5ed4a949084a472430f792dd6b452dd21cf17f275b8abc2d1209ec3;0xac00f357;0xac00f357L;0.500000;1503110114;1503110117
1;2048;8048;0x6f2c0fdcb158a4cbb644174cbf1bf3d5f09a2ca2700d15315ea32dfa4897cab7;0x38e5a63bc737cecaa0a9c295d689cafba50e979c3606243a88e3796838ac50e5;0xae6942d3;0xae6942d3L;0.500000;1503110118;1503110121
1;2048;8048;0x3678cdb90c27d2f9428e4ddb45ad79ec1dd849f3b2f3d3a8c519bed22cd7d562;0x2c94181e23d6f9b7d19b738efbdbb28ca685928a371df54086a4109add817247;0x7f38b59a;0x7f38b59aL;0.500000;1503110121;1503110124
1;2048;8048;0xc6714514821b51ba98ae9fb6291ab92a84946bf7c0ac5aa92a193acc04d771cb;0x31ccd0823f50ca047cbff679d617617445df1a93772a3892c054f909c076e3f0;0xb8fe9b4d;0xb8fe9b4dL;0.500000;1503110124;1503110127
1;2048;8048;0x132391794b5f172eb29cfbc5e884894660d68124b087a74f3bc88e0e2bfc143e;0x23849a4df1ac720a91951410b9f2986582cb060ed8c5f0dbc8e42fefd18be421;0x7b53afdd;0x7b53afddL;0.500000;1503110127;1503110130
1;2048;8048;0x417eee2e6bf4062e0ad9cc8de937bd67b53e7338bb25f540fb128eeb78fd3ab9;0xb3235cc98b6899406ec71ba889c19c56de1cacef4f4fef0e0f8b68125558f326;0x1448d5a5;0x1448d5a5L;0.500000;1503110131;1503110134
1;2048;8048;0x227f717df0ea30c3c393f41a22312f5f4df224710aac10a26198bd166448f986;0x7069b35f7518f9d22e70931f0b52f38dfdd2099a7d8020c195967a821f099d65;0x90c47e96;0x90c47e96L;0.500000;1503110134;1503110137
1;2048;8048;0x41a178ed1d80dfe97666978d0a35645d89a5c8e73946d6df1a9711267d4d9abe;0x526dc932efc42c06225cd7fc1d1ea48ba967f02c8baa2649c111411378dc6b4d;0x8961616a;0x8961616aL;0.500000;1503110137;1503110141
1;2048;8048;0x2bb184901f82eec50de705c5cfaf12de4b3a12226b289ced21c89e3222cdec4d;0x083608ff7a6f7a45917c5c3c34b37942b65ec7f4c55b503fe7120a853ddb2f5c;0x48ebf1c5;0x48ebf1c5L;0.500000;1503110141;1503110143
1;2048;8048;0x1ef3e37a42c26e092b89981df89d8904cc41a01190553ccad18c8aa465eaa284;0xd3437f42604bceb0be0777fb9abed7883c197f1de3c4cc6fc933392ebd2882ea;0x7cbd66fe;0x7cbd66feL;0.500000;1503110144;1503110147
1;2048;8048;0xe8bc5c4189e355e646852b160c72b0f8b1afb4c7115c80b62dadfd759a247d82;0xd63d40568f05854aef5802aa147aa97ce235c28e3754657ab1f6e8b633a1b97f;0x1ab82814;0x1ab82814L;0.500000;1503110147;1503110150
1;2048;8048;0xa77cda99038e251384b68198570337788af1370a0ab7016fa0f91dfeeeb77c95;0xbdab503aab1c2dd66cd1e08789840e243e55d5a60037e777acffa76019a4412c;0xe3c2a71d;0xe3c2a71dL;0.500000;1503110151;1503110154
1;2048;8048;0xa05747b76a924bfe556ef2afe0dac371acc5d6d508d12602367fc05a04c4faa4;0xb05e05ff0c7b279de6183b9ada01d24258b091051c042087b1129fd980a34e48;0xe9b0e3b7;0xe9b0e3b7L;0.500000;1503110154;1503110157
1;2048;8048;0xe5a33cb62be0b15a9a578dde6996766ca7effbcf2315a3f0b91c16cbde9c21c3;0x2ea4a38446b8a52bb61c1b5c36fb9e11b3cfe161d025cf093e189fa85d4cff04;0x88f704c5;0x88f704c5L;0.500000;1503110158;1503110161
1;2048;8048;0xf847e6ee83de764cede66ac9f9f37b50f9d3be6229fbc3d0aac53ee523f3521c;0x36f0c9e9f1f71a7a7b7c4e91e3d760e20a81ecf4d9e97c4b9cbc152f4db44343;0x3b591db1;0x3b591db1L;0.500000;1503110161;1503110165
1;2048;8048;0x1b2b3a3e3a0ce5ce5d12fd1f08508a93afb9786e8e4abe3a50c92d3ec5324ae0;0x4f73c4b7c34e6a9145b6c0784e80f30d7cc7043f4933ec5480719bf77ba8bb5f;0xa0052619;0xa0052619L;0.500000;1503110165;1503110168
1;2048;8048;0x8ccfe5523f5baa554ae85c9b7e9f994103593846cfa53828a64d2be6f024f77c;0x2d4865748715cbe7167ea7ecb5ac4ece3aa8aad2e39b4a92d6536729cf9f08a8;0x3ffd269e;0x3ffd269eL;0.500000;1503110169;1503110172
1;2048;8048;0x834be9f9ee8aeb49a54809253104a0414cebdf09461d2e787efa1dc9772241fb;0x72dab0ccf7d2914ec333040562fcd76600ce57c992ab393941340f5866c2cad2;0xa50fd798;0xa50fd798L;0.500000;1503110172;1503110175
1;2048;8048;0x3a747a20e906242b44b043687fbb10caec81c59292039664a888cf0a38b12c72;0x5d11b7e8880bcc2206655b2e569aeca142ebcd1921f690c6ab554d9e708f2df9;0x10d55d03;0x10d55d03L;0.500000;1503110175;1503110178
1;2048;8048;0x3542906733d4a0b31ba9dc137b3fe8eea836491175423b17cce1b0d9e3126418;0x9eb8581a1e766e080f6e7489f37ea4ae1e0a0ed10fb38ea3d7c6303cf4ddb1fc;0xa28aa236;0xa28aa236L;0.500000;1503110178;1503110182
