1;2048;8048;0x43674b41d5deec507c3dfa44783210b6d6f8a02b1c958a7723eeaaaa0d37ee50;0x20a73a3576ae78d00186f189668316fa988a39f281de6ee35093d97e35775eb7;0xe9cb3829;0xe9cb3829L;0.500000;1503127929;1503127931
1;2048;8048;0xbd3adc4b707b48fa5f4f1d2c1e17080d8330bf067e7d2d2f5fd2ec246f88ef2c;0x0f0e4d97fa25e2b28d7040535e57671b3d6a214357238dde69839fd492775b2f;0xbc27cefc;0xbc27cefcL;0.500000;1503127932;1503127935
1;2048;8048;0xfadd2c9676198b7fd8c559a4c8a8ca8e31f677030702effac5e4ac876277955c;0xa56b03391f2c368c9482ecb51037a9d4f0611fc312e2210ebd71c14ff5b3c642;0x1cdf208c;0x1cdf208cL;0.500000;1503127936;1503127938
1;2048;8048;0xdf7cd603c8a9e8b8fd4849a74b4d7fc6a779b853873bf4c27f7661b25544bf34;0x263c8ac8b96e5f2175eeb40b2d507f22f645dc9004313ce6015a1a259860b476;0xd32f9a65;0xd32f9a65L;0.500000;1503127939;1503127941
1;2048;8048;0x85d769fd967b2d75cbcd96f37f428f2ab9a214417ba692ffaf53ca12e08d5365;0xa37db9fc379be98067d469b1e58d87183b62480f08bea505763d7d75df8d3ac2;0xfa8582c3;0xfa8582c3L;0.500000;1503127942;1503127945
1;2048;8048;0x3ca28ffb2bb0693eda4e1a582c50ce7cec40f4a945717eedf80f0b41267c9c62;0x7600e6a19a04deaf6d784f5992e22ef96ac394152f9d7e31097aa53da47df597;0xc98db6ff;0xc98db6ffL;0.500000;1503127945;1503127948
1;2048;8048;0x92740f8152f497b9836bce3d1ab823bc15fce5c10e36947b4aab374bd5562b67;0xa0ddbb52b92fafc6aa4f7090b49632e937c9256c3fd6cb2cefaa0f55967b6eb0;0xd2b3152f;0xd2b3152fL;0.500000;1503127948;1503127951
1;2048;8048;0xd6a668d27509ffb319fdce5c4e64de33e9e5b37045dd4c91861fe05e6d4cd243;0x73b7831e2ed5df6040c71477c5d5b3bb6d30b74b78e45579de7c2ef49471c638;0x2dead54a;0x2dead54aL;0.500000;1503127952;1503127955
1;2048;8048;0x1daa1caa0fa9d92f467a75a20e3751aaca2e8b77c0d8de42ee950a209d9421ba;0x74e90e32c6e347afc8349832c119f14b6eeeddbe6c4ca2a42604f3b81db47a00;0x05a405d6;0x5a405d6L;0.500000;1503127956;1503127959
1;2048;8048;0x1f963298999573a8f13d357d2eb92aaa8bda2e61936b98c65536064684bf42a4;0x1dd7cd657c586998cf2b6339a1df1a80ce4fd04ae2d15b6adb0ee02a36890bb3;0x51dd7f91;0x51dd7f91L;0.500000;1503127959;1503127962
1;2048;8048;0x462c4e4712ed237f46a1da56533bcd2f59c4c6cf3e664a373416a78a0d15ca53;0xc95cb7a32b7a0e49b3ec62063cb1e6165b666cffad4328ae570dc0fe49fcbd89;0x6b8320a2;0x6b8320a2L;0.500000;1503127962;1503127965
1;2048;8048;0xc6e4d6ffb219132e9fc66f5da81a79ea1dd3330ef0640dc352c2f5b1db77d5a1;0xacfb4af58ae97adb856351d040da902c70d59b475f66f56c1667e2d4948e0980;0x4d601a52;0x4d601a52L;0.500000;1503127966;1503127969
1;2048;8048;0x634e73f52ddcb20fc0180a4965fc3ed29cf8b35bbdfd7454ef9ae38af2e4a356;0xdbf9cb7491d9708841e78be7162c5ea1235d57812ee22e80e0c30823b260954a;0x31afb1e9;0x31afb1e9L;0.500000;1503127969;1503127972
1;2048;8048;0x60e0da10e9d833b8f923ab493f6d8dee454b0a7b5bd551330de7f99b23d8dd83;0xbe50348e467ac5060838a72f1b928bab2a1978828dad162da9b23cbba5d5b873;0x865c641c;0x865c641cL;0.500000;1503127973;1503127975
1;2048;8048;0x65eea74bd81c9c497f27b57eb013c440d98da7d65ac36be25d3fbfceb7d9001d;0xa3d51c7dc56c703eac18e1094a5358eecd50e84e4277718b390b579417ac1eec;0x652a94f8;0x652a94f8L;0.500000;1503127976;1503127979
1;2048;8048;0xd98767e335e875971d7573b64b23c7f870c09daaf2dcf3ee90d910dfa7b2b680;0x095d7bd4b957aca051d59ed4a636f0313a3bb67dc7befdd2c7d45d6ff4a3b64b;0x25c17a67;0x25c17a67L;0.500000;1503127980;1503127983
1;2048;8048;0xab9780fa8ccbf2bfae460a0ed5c0edb7338c747fa94d2ca5980e22793ec815e9;0xa42e12baf14703e3f4efc083a7dfbfa00232410f5d80ff7ddd267a52915eed25;0xb5b5a0e7;0xb5b5a0e7L;0.500000;1503127983;1503127986
1;2048;8048;0x02c9b85008585551460c8bfa27b6cf9f6a3c2c4f3b97a26c718019f0c3fc38c6;0xeff0c851f72d142524924eda27fec745c96af8137550fb822725855f48547fab;0xea453bec;0xea453becL;0.500000;1503127987;1503127990
1;2048;8048;0x67db115b2c40c192324b2e67b9bd88126841e34767b549f4a448c71052d6a7b9;0x488c6fd28e80313ff7b258b468f1feb17c5481ebfea84c4d00db76decf039e16;0x48f77134;0x48f77134L;0.500000;1503127990;1503127993
1;2048;8048;0x8c7eeca3af56a1bee77d6620bb23a0b0650c88b07726dd2328ca4a307c6e6d08;0x167fbad7f8f6877fd0a8204151103d578f28c92b324da93b3e7cf52145c2b327;0xd9d373e4;0xd9d373e4L;0.500000;1503127994;1503127996
