1;2048;8048;0x7d4dd48e4df537a9d9afe9f9f17e3a300c6b5ae7f33d924f99d07a348f0e020d;0xd709136372654f36e16d9a1354fe594b828e54733b24c16920274ee19bcc1675;0x07cbe248;0x7cbe248L;0.500000;1503123964;1503123967
1;2048;8048;0xb8f21119f6e3f1265e2e9266bf8d7e5e341b9377dd1f067404aee00024709adc;0xf8915562519cf66d16cfb8c583ed31a67f1289958315b39abf9186c58ab8055e;0x3eeb1f8e;0x3eeb1f8eL;0.500000;1503123968;1503123971
1;2048;8048;0x9d71f9d31fbced0afa42681e8fd58d343905363be01e1ec3ebaa09bd88b63625;0x2cd07c099e11a09112e5800a4eeded67ae50ddd7bf7c3451067288179582e4a7;0x52a18b4b;0x52a18b4bL;0.500000;1503123972;1503123974
1;2048;8048;0x5155b13fc260487ae8657f50870dd94a8b4bb59242fa8c14b4365db054b60ca5;0xf942e8858cfe6fd47489b37e7679257c039550b39d20d7392f86ff65402517ff;0xc078c575;0xc078c575L;0.500000;1503123975;1503123978
1;2048;8048;0xbe87554a88181c1c7d260f05283f2fb6076fabdad903a410b1d18d2d204bfade;0x8f0392e3e6f86096537b50cdedb53c71a10fd8ac5cdff492762a6675d6260e34;0x8fdc7d66;0x8fdc7d66L;0.500000;1503123978;1503123981
1;2048;8048;0x5f5c45deb12b69e1cd30e49c9084b62c8ab594b66b784834871f0cfd328cdc91;0x07fa5100a937c8ae875550e7fecad4563779fc2adacb2155261c85e933435088;0x197fbfb5;0x197fbfb5L;0.500000;1503123981;1503123985
1;2048;8048;0x972a1e8b4155479ee80337169a86d98ecf3cc28f67661bcbba1f7bee91518628;0x9f641b543d399ef20e54dfb8e7c9635def7f01407ac8d483e21ce3badf20ce98;0x2014947c;0x2014947cL;0.500000;1503123985;1503123988
1;2048;8048;0x5192820b436183b5ca979f3bf641181174e00a49b158fab0cfa60a55b3f95904;0xd2bb6aab36ab61193c10211920bbf87a58d75d21b8c2903829c964309b5c682b;0x62979f26;0x62979f26L;0.500000;1503123988;1503123991
1;2048;8048;0xdbee57a93e9e67f55a6e23c5a621978698ea5fcd8587b83171f4a33b8228b85d;0x15beb32a3eb1738796596a867b6cea7488ddf63e324e30286f5d3d9b68458a03;0x65256666;0x65256666L;0.500000;1503123992;1503123994
1;2048;8048;0x8b66fd27d255b389f98d05db3adfc21295337d41b2ccb3cc9f9a9108cc816558;0x5bed12edb23538f784f5cdc8d633f59a4a64a3585bc04e02622fab3e13c7ea8d;0xf90e9687;0xf90e9687L;0.500000;1503123995;1503123998
1;2048;8048;0x9f8ce3e6d886516d1969c3b2f990abaa45c0154a92a1c8805b790d02862e1525;0xe47e7d3804a0863b7ddace7fb916ebebc1ea7402b3e4374787e5d0a6f1a905ac;0x3a7e7fe8;0x3a7e7fe8L;0.500000;1503123998;1503124001
1;2048;8048;0x7356e2142cde549bdf92a74b98314a923c5c51ecad590e4ec25f60fb174bc38a;0x1d90333e05165372c455ba7b227748b598d09a4bafa08a81c7c4ef64ecaeef38;0x0e1b8bab;0xe1b8babL;0.500000;1503124002;1503124004
1;2048;8048;0x2d0553c9ce36fb50d17793e39b9262c60786653c8d0ccc65af8abcee73f239a1;0x57e8e1a9ddde61fcbf5c5d58d04fe67207b1e7b389504f020edd212d5726d524;0x859b33eb;0x859b33ebL;0.500000;1503124005;1503124007
1;2048;8048;0xc9bf061b5e40c004d15c7cd7331d413491201007a322ab1659932e2b8ed01c57;0x705563a37d11e232fb589dfd24dcee0d34ae39f8355061f59ac165a8ea912a93;0x74259155;0x74259155L;0.500000;1503124008;1503124011
1;2048;8048;0xacc4bf55add7aa1bf28a1c51eb3a0e0a1e606188092b2577a283c5bcc068766c;0xd3024de5a497f23570ff453044b22716ca0fc0980e1044e86c070ccf40897664;0x28e5256a;0x28e5256aL;0.500000;1503124011;1503124015
1;2048;8048;0x0782b07739c0c0282fc42314cc6f7b0b4e1d584d2e31131276bf42cb430f524b;0x45d04e42a659024964d44aacbadb4920a7a067f9d4c41fc5134809faf8da5f3b;0x99c627d6;0x99c627d6L;0.500000;1503124015;1503124018
1;2048;8048;0xa24fcf24678a686f3c2aeddebe6165d926381b850a0f18484cad4769bb9c075d;0x6237c4a04d65fece269caff33085d1641dfe85672080a7d653a7143cd68ae936;0x2b6da477;0x2b6da477L;0.500000;1503124019;1503124022
1;2048;8048;0x53dddf34d094fe26f2f7cc6d7ac49298fcfba7c60f1a979f1b8a5f2a3f527992;0x02679119dd0da5f25293a3f1f9a4d27cd4dc9b1aeaa45b423511c4b2ea4a7162;0x749e6531;0x749e6531L;0.500000;1503124022;1503124025
1;2048;8048;0xfb81c1c15ea8ae42deda6c0dd15969c27b4f66a84fe48e727b0f1cb3edc4a9e9;0x334f91b77388173b0745b4cfaceb41122a61c98ad2a5bdffe7b694841e3c526d;0x51862d9d;0x51862d9dL;0.500000;1503124026;1503124029
1;2048;8048;0xca8c3c1afe75399d6795f4dea05ba0ce54181cdb497eb09f0402b85eb6084a80;0x089d89d60e1308197ab59b0d53d8881922e5d79be806569953fa4dc38115bf20;0x21c25406;0x21c25406L;0.500000;1503124030;1503124033
