1;2048;8048;0xab0700938b0233f033b3a30ad0e2a88a97f9e0c52647900b94388c9157536c02;0x6e949c8d1ec409b77fabecd8035393cfb47aa89c400cffbd5c47913ca98bc6a1;0x9036dba2;0x9036dba2L;0.500000;1503081218;1503081222
1;2048;8048;0xdd3840c9525e464e93091ea97290a477fef03425cb32062f77b3697f094328e6;0x94c1a937b73f4c43cc0f806da1bc29245846668058fa776dafe791b1e7467b0d;0x1c0df350;0x1c0df350L;0.500000;1503081223;1503081226
1;2048;8048;0xb0278b875b5d042e10552cab4223d9444a479f117058495a05d994868ef14b3f;0x40cc4c6c9d31b139aef0d19139fc82f765e080ae9060efd621b90675d2442743;0x716346d2;0x716346d2L;0.500000;1503081227;1503081230
1;2048;8048;0x63a3deca9303bbf7632c75b714713c3c42fc56e772ca4bd18709eb423dc8dda1;0xd0b1ebe92c17802cd4bf711ad7b1ac00668cc53ab15792b3ddb26f1a7bbafe58;0x803057e1;0x803057e1L;0.500000;1503081231;1503081234
1;2048;8048;0x26ca7446893697756b784f7536d7a690f2fe1685ffb70d87da63ece4eb4a2512;0xf4a3af42e149244728a5a43897e9bd7cf9022e15bdc1e9e365e079934351fbaa;0x5808c6c6;0x5808c6c6L;0.500000;1503081235;1503081239
1;2048;8048;0x6bf249d81b24789dcd103633c472c4f9b5ad3623bb19dcb0058546cd2ea3a999;0x394bb962f79c6bffb7b3455b00d7e708b4262f2ca5bef45f7fb1c4b31a01339e;0x9094d1f8;0x9094d1f8L;0.500000;1503081240;1503081243
1;2048;8048;0xed495b9fe5db7e6db774d9074c060800c3a22d4260f6f64c18d2471a44058a31;0x4caae8589f34e384895a7710d3154d23418432af6eab75c2eb65162976de7048;0xcf414c4e;0xcf414c4eL;0.500000;1503081244;1503081248
1;2048;8048;0x8585eaba72dbe2f9bda91aaff31250c9782f6f2960b6d5d6c11745585a82cadf;0x739095a3ece4f2d34c2ef7f2cd29be303805e3d5bc08218f5413fd3cd58c219a;0xc0df8c8e;0xc0df8c8eL;0.500000;1503081248;1503081252
1;2048;8048;0x7cbf7b955fbac67619f563514718839790671647d0bf1cd46398abf13db714ba;0xf9bb6be2279beda7ab5afe43b79966c75f988c36009638e6f9580130771a0f63;0xee67d22f;0xee67d22fL;0.500000;1503081253;1503081257
1;2048;8048;0x7de3424fda93f24697640550f1c95e38ee15b7770846ea728e45b42fe3ddd560;0x5d339126bf6b8155ce3159ee41e34c29dbf7527f8ed41c0ccb2008226c1b0694;0x84b6ea86;0x84b6ea86L;0.500000;1503081258;1503081262
1;2048;8048;0x2eb4cc15a6ce242d08e28fab5b28e83c5e6d8f2979afc8a44b2e6ed06e4d519c;0xe936a40dfed8d9763cf4b4e3852e01daf4ce30a2efc8f02aa96b6610a01af743;0xc9248d8b;0xc9248d8bL;0.500000;1503081263;1503081266
1;2048;8048;0x59dd74ee87600beef8a2a2e95a03079efa4875dcef942fb53d7e5ec238d5ed91;0x547cd10d78eb750970178079c3c35dd8d24faf615973f9da37681f8bcb2bc59f;0xcfbe76a2;0xcfbe76a2L;0.500000;1503081267;1503081271
1;2048;8048;0x66692e5e30fae358445b9efc778bb5b32bdeaebf4e2b8e5f7d528b1becccc652;0x231e733f7755b2e7729aca0b64463f5fd5ed2064864d2f080d1ff6092a3f23b5;0x628684a5;0x628684a5L;0.500000;1503081271;1503081275
1;2048;8048;0xb798bc46e4063c3320695e3f51ae4d79fb18d84e2ce7f9adf9a30e32bf96e576;0xc4626602355c140e6b8c8ace8af18ecdcd6db0b4380d2f60d01154f6aae9ebce;0x7905c0da;0x7905c0daL;0.500000;1503081276;1503081280
1;2048;8048;0x85588d900aec2cd0e5934d66a9a39ca89704f9ea484134a9249be5b31c8aada1;0x74a3e0230c5990068c24d57bde73d8770e1b4a5adb8cde8063ab3930fbd17e3c;0xd8e0ac3b;0xd8e0ac3bL;0.500000;1503081280;1503081284
1;2048;8048;0x8b5b9f1bbec5ed0d4f41533752f5ce816dc47b11131beb082b4bf46089c9f914;0x1b81e6cc1501a71dfe4e7e33ce642f1c8b977cc83b98b4ad025ae5f57325c5fb;0x3209f6a9;0x3209f6a9L;0.500000;1503081285;1503081289
1;2048;8048;0xdf8883b7eac2624d5ebdfa82d05da42f31707a7802aef225d64183e1b9156599;0x82a4e7738cab310d7b32f8117d79a0c602a07ff331db4ce2f706d9c92f9a364c;0xca005f3f;0xca005f3fL;0.500000;1503081290;1503081294
1;2048;8048;0x239317847ab3e99f6da741424484eef5f2ac6e65e8c7caddb4083217ebe7280e;0x05a50b875088d1b026507b89c7bdc3bc3ad85ce58048ebe73cd1730c7fa506c5;0x2adaeb2f;0x2adaeb2fL;0.500000;1503081295;1503081299
1;2048;8048;0x9997680bbb38127b231c0fc86f4a68cbaae97edd9debda5e9da0f3a8a3b0363c;0x6bb3a034961bf452511d5ac101e892962e34c589c1742c03c86334bcadbb4a93;0x40bc7f79;0x40bc7f79L;0.500000;1503081300;1503081303
1;2048;8048;0x7c212ce5c0aba32c12146096ab9cf7c770f23f523ff8d60fc7ddd57741028bbd;0xa1710ba082ab45448d8a32eb5d4db2c4fc2a2650a8a5575808012ba333af1671;0xbb565b9f;0xbb565b9fL;0.500000;1503081304;1503081307
