1;2048;8048;0xbc18f08bbea441ab615a7b3a9d6378283f595f2a4ea857b53070eb7b0e96beca;0x19ffd76d40f962d2ffe15116ada2a7427b4dd9c5371cc1f370d19eebc90ce95f;0xcae29d43;0xcae29d43L;0.500000;1503108140;1503108143
1;2048;8048;0x7a2ddc7cfb7cf9b737d06ac2a935757e4804efff292b1464eb006683843ca2fe;0x9cf46fa6003728e9c28466df83a33595fd30a74e191d4c3a31b219dee5ca1ad7;0x8c5f2b00;0x8c5f2b00L;0.500000;1503108144;1503108147
1;2048;8048;0x4f89b59b0b98b96bdb1895884a9e801b09f6ecd93c60b1a6e4148bdecaf5d11a;0xc3dd4872516d4df27c381f8f220a8799349c1882d01366a7537220f521edd49e;0x0e82c828;0xe82c828L;0.500000;1503108148;1503108151
1;2048;8048;0xe3c3694fcb2b6a7f973705f72986adc4c86b162bcec5ebdb0c13f02da924088c;0x56bb8d297ee7b74964439f090253bee879c7146797f79adbd9ca6336b1a4ab11;0x7880650b;0x7880650bL;0.500000;1503108151;1503108154
1;2048;8048;0x89b91680588b83f0e4ae2a9a6bdc00edbabf7ccf8c83f0294dcc8396e5c3e66e;0x32489bbea67fe1b79c5ba4c24be4ce3ae9c064700dad28741240afe286ff3590;0x92921303;0x92921303L;0.500000;1503108155;1503108158
1;2048;8048;0x6780bb623d0848993ccea9fd83daa7e6a025276a5fcb8246bd2ef2265b7050c3;0x573bc14398fd1df131c9ddc4fefacd5f906d974e581b5fdac8cae2702c03b02e;0xac7173e7;0xac7173e7L;0.500000;1503108159;1503108161
1;2048;8048;0xd6c7605c9ce1656082a3f1eca4b5aa1d72e97ee763ba0f8cba89dbc5051a3adc;0xa52c08c2edcb4f852cff522ee3f083ab82feb27031103162070dca328ff7ee9b;0xcad633f3;0xcad633f3L;0.500000;1503108162;1503108165
1;2048;8048;0x213f7df8911a9691ff2dbe74d1483799dad0d4901ed906f3c18147e6a84231ca;0x2470dd8954261f9df9bfc7db7cffa1c2523cf1269aa6e94b04aa8d530e2efd81;0x0b5a41df;0xb5a41dfL;0.500000;1503108166;1503108169
1;2048;8048;0x22449cb74092275049bb01acbd24af18f5400f007aeffafd5e87ab449f9a1bc1;0xc9f9273e8244c33092f4723856bb82f653790e7c3a02686818c33e626991a953;0x48dec686;0x48dec686L;0.500000;1503108169;1503108172
1;2048;8048;0x86bd5c38ee66caf54b7c8f14bb24e40ab38966fc813be422307be7736a266ef1;0x8fc8d710c12b1d5de7011737bbe48c18235422e332818a4b84764e303e31f015;0xa1d6b99e;0xa1d6b99eL;0.500000;1503108173;1503108175
1;2048;8048;0xad4970c0fe66725a142cc8b30ab5452dfabb160deb9e0464dbbbe35f264c1fd4;0xa149d5e27a9068bb3d154dcecd3191330cff0c77ab9298a3ceb280014c7857d9;0x86e967ea;0x86e967eaL;0.500000;1503108176;1503108179
1;2048;8048;0xcbaa4b116fcdd1dbb112438be7c9413859586d39dc464efcd23e066f99b35f64;0xfa8cbf1d83e6eb8b8edc55e8971da2f1f06e62ce1744da4cec5108f01c18e9aa;0xd02736fd;0xd02736fdL;0.500000;1503108180;1503108182
1;2048;8048;0x08005018bcd51cdafb3bbf0f73ac62d65a937f0ba61433dc1d794032300f8438;0x1e6487e5aef4759798a36caff2213135ba20edfa21faf9342c33567f7aa3fbc0;0x272b6184;0x272b6184L;0.500000;1503108183;1503108186
1;2048;8048;0x976d83b98777da05cccbeeea5bc19a2ce1fc7f131da136ad1f61816da2660639;0xb9a0a771ef57387bb64893d53793551ae87f9c4a539c2afc595c07f4b6f4585c;0xe7cd68e6;0xe7cd68e6L;0.500000;1503108187;1503108189
1;2048;8048;0x38a24c8f028a3d972e7e009c1451ad319b9b25109e8d4d88b5586f775a25c392;0x793675613ec9106b2844af04bfd63b10b2a9100175d097640ea6da4d0f528bda;0xe0d88779;0xe0d88779L;0.500000;1503108190;1503108193
1;2048;8048;0x4fe320767f57577552e32faa12b3a4ea023d411b1cf7fda86d74f71b189dd367;0x23a02d4e2881a62e893ffcc6abb053065cfdbc42310a34308167a5351ba87f57;0xef232c8c;0xef232c8cL;0.500000;1503108194;1503108196
1;2048;8048;0x9cefd3d2d282fddf20c1f29e16cf3828259b65dcdcaa9822f0b6caf01f1c79bb;0x7c35990600804a70d6279e35b611799ecd04bcda0680e86e656d5915db803c26;0xb4a8340f;0xb4a8340fL;0.500000;1503108197;1503108200
1;2048;8048;0xb55248ce873f2ee5713266966d6e383dfe0bfc1671196a97f382413c7984ae2f;0xe137544e9737ebabadd68212b3dcec505232fd58e0e12a3eeedc5d3b604cdfe5;0x62ff593b;0x62ff593bL;0.500000;1503108200;1503108203
1;2048;8048;0xa528ba73c83dcb15154e31e71851fc11ca414d5d3cb81d124b201d03947d6c39;0x53c63f41a2d5f491b2f35850935a4a8acfa4b68534394e081957d269c06a3969;0x2d43d414;0x2d43d414L;0.500000;1503108204;1503108206
1;2048;8048;0x03aef4adbf3e2c0eb133b2c4ce7d21e75736a75e22329a8db095e1261724de1a;0xa26401482cb7bb9674183e0d756211eb550efb7603e92f17f8faa4cdd5ed6b8e;0xf352ebdd;0xf352ebddL;0.500000;1503108207;1503108209
