1;2048;8048;0x916c40afe573d8bd3942f6c6bd87c0cf1af76868ad4114217373ffb462554cf3;0xe8cbe713e5fa162fbdbaa976dd9b230ff1eb005d54543016f2e56db4856dd927;0xa436360c;0xa436360cL;0.500000;1503126597;1503126600
1;2048;8048;0x8069300317ef3ddcb2a9402ef344794a82742ee892c0d7e5f0b1e29ac2394142;0x93d830299a412e6310a5179db86ed57ff85e3c5c458a6c765cf945800ce8cdc8;0x6b7ec87e;0x6b7ec87eL;0.500000;1503126601;1503126604
1;2048;8048;0x141e31af19a381bd8e5a5913bad912a93cd0062a07e53abef332be60e0ff39f4;0x06cf8d4199aaf33408a468d3de29b49d00945133dda10d16e31f27f8e184558f;0xa7e4874f;0xa7e4874fL;0.500000;1503126604;1503126607
1;2048;8048;0xea35ca4dfef73dfde382346e828f1ec6bfbac46d82709162082d650d88625c72;0x758e33b4e45cc64c5ed3663d1350f1bfff83efd9c5e80f22f78c4266ba4ee725;0x1f9b3920;0x1f9b3920L;0.500000;1503126608;1503126610
1;2048;8048;0xac57c71990aa429307e1d44ff55316c90bbd83ca5b43b7b523d9b7d5511cfefe;0x4e0f9973ffa1359c7595d7e8652265fcbbf41144cfd986d1483847ae51998ff4;0x206c1310;0x206c1310L;0.500000;1503126611;1503126614
1;2048;8048;0xee649560a9cc4fe2c869d646f1257e10afc8b114f9991201c4529b45c13a49af;0x9edf2db6dcb95e7dd28934bb673350ff28476b481be65856c331da376f66951b;0xe7794e7e;0xe7794e7eL;0.500000;1503126614;1503126617
1;2048;8048;0xe7eb7bad6999ac0c07144b637790531c29551af9d9cc3e0e1d43962fe5a1e6cc;0x28241d8f801a9e481e11749f375865eeabb4746a114024d877aa3b403797d428;0xccedc512;0xccedc512L;0.500000;1503126618;1503126620
1;2048;8048;0xfd9d43aadc68a7f84891ad04cdd889772f462aa90b11ff934b158b7f8dfb0c8b;0x7161caadf3546deaa959e2b328af770f8ff2a08964b9f8c9583d1ac5dd5bd363;0x43022dd9;0x43022dd9L;0.500000;1503126621;1503126623
1;2048;8048;0xf4c84c22284046953e692ab4b94147ef197edd8a9b63ee0406c59f3f85768c79;0x28ef46c96d49bd900a62319ec79e7284f3470f5d02785f28b33ffacfa9bf1d5e;0x2eb726a5;0x2eb726a5L;0.500000;1503126624;1503126627
1;2048;8048;0xa709af735cda51a20143350f0dce751e6f9d39645969a75de1d19801b717a55e;0xff2f993deca48aedb6b73bf6e731da5622d3605a4145771eac2bd21d4e455f41;0x27b8bbf4;0x27b8bbf4L;0.500000;1503126627;1503126630
1;2048;8048;0xe0f061317a5bac3d22921542fc91f3eff57d944e1b63b2e9668cac4670ff3e50;0x1c033748e8ecde1549501f445dcf8aebf8e0e8934d7db42ad791fff45a1fcfa8;0x1a048ce9;0x1a048ce9L;0.500000;1503126631;1503126634
1;2048;8048;0x81950944fc0a7d20f0d39cbce45188f922c42d83e48c9fdb26dac41e447fdcc5;0x166d1f1ed39fefd58517c49809150ffc5dee7b3b2a1f786cff0c32bf55231419;0xbedd55ea;0xbedd55eaL;0.500000;1503126634;1503126637
1;2048;8048;0x172995dbac44951e881846e8e7b43667c399b35a21fc1d68a5db81334ed12265;0xf3898f8e1bbca8950966a5966e659e1322c864c2af11c8bb5a8f23265e9a3a3d;0x1028c709;0x1028c709L;0.500000;1503126638;1503126641
1;2048;8048;0xcc1131075517d6bebb4e11b0389e7adf71610f5199c36077fcb4fe29e6151bb2;0x981ec6a632fb5f3c48eeea031bd18aeca3d8c82b7c90636d893d850645af7cbc;0xf88dff69;0xf88dff69L;0.500000;1503126641;1503126644
1;2048;8048;0x1a092d1e03b32c52a843e766bd06bd5d874b7b4455762df34f0e74f7f3f1390d;0xf284a8487dc9febcb7c9f1a59fd28d98fc82ff2766780dfae5e2b851e798c43d;0xc9f509a4;0xc9f509a4L;0.500000;1503126645;1503126648
1;2048;8048;0x0dbe1cdf7243d5ec575d39c389edc2757860f00f6931aa78379432fc4b7ebb58;0xeccd347179a19e6e9a90dae6f5973d75dd11188b9c4905b6c068874a14f89e70;0xaa6ff979;0xaa6ff979L;0.500000;1503126648;1503126651
1;2048;8048;0x3c7820bb0ec1f6bb1c7f28f216a0869c2326d0845f468b936bee01b07d0eb5ba;0xd90c69653f6e4d2fb7825db00ddce6a784d73538656ca613d789740efb8dd57b;0xc3fdc399;0xc3fdc399L;0.500000;1503126652;1503126654
1;2048;8048;0xf28eaf85b774d8eec79b7bc221296b3482518f3f0eb7af18c07076bf1b7e140d;0x5a91b9516986e3a34b92be94850a94e8d06093a45141e18689413497782edadf;0xeb8d0c42;0xeb8d0c42L;0.500000;1503126655;1503126658
1;2048;8048;0x05a3de7ec515dee4f36999ab26c914ee7e7421f94e5495bd053aa34146632f4b;0xb9fb72caeed4963d61257c063519e2500df170e7e11feb5be2dc43a682c9805b;0x20df1ba1;0x20df1ba1L;0.500000;1503126659;1503126662
1;2048;8048;0xe190cb6bdea1dfdfea06e14ed11b4fe7dfb4a9d28ab1653b8f4a0477482d412a;0x4522b2b8a5d068f11c233632ebee3bad1c4856fef384920540827ed5958285d4;0x2c28c6d0;0x2c28c6d0L;0.500000;1503126662;1503126665
