1;2048;8048;0xdc603fcfc5a7b19c512488293049de275f4810b34990af1a4a11676dca3983a6;0x8e43df49426f45c68e59fbe33c23ab5c4b3a74690f9d0086f64d43f65213a5a7;0x093a930f;0x93a930fL;0.500000;1503135779;1503135782
1;2048;8048;0xdd3eddc79a5286474e53086c258d2d17593caf23ec7a0fb8a07ff48fa3960780;0xa0dc0c1a8c9edc94899f8d37a5955f945e7691a8ea6dfb070d24e2adc5502509;0x027a0861;0x27a0861L;0.500000;1503135782;1503135785
1;2048;8048;0xd8f4489b455bcb4f6cae6ea292cea1c1383bb3e4d8031418895d1953655f403d;0x428038a89672766d2b092a3ce5421999ca6307521824b16882ea7cf0f7d350d1;0xd3f96361;0xd3f96361L;0.500000;1503135785;1503135788
1;2048;8048;0x4c5eb5c7033924b48ff6468e6397bbc498e5b099b4da02356ec8cce72b83be78;0xb88e47099fcf949c6f7f627d40040687f77cdea5ef9e4c704b3f09c538ab7ee5;0x676149f7;0x676149f7L;0.500000;1503135789;1503135792
1;2048;8048;0x8ce0371559a4bcaadf7b6d2c13337c48014cf1a9833bbe1dc177cafb4586b2d1;0x37efdcbb1ebd08b547c5ad1750e19d060da78b01b5e6ba0805d3b82acaa70685;0xcafa9aa2;0xcafa9aa2L;0.500000;1503135792;1503135795
1;2048;8048;0xda06627e6beb805b857c51ac5bee9818877b319e8250978f86428873d9f087b3;0x81a79e3fddbe485d12761baabab7d2868fb7f8613e6f57e7251e79782495b6be;0xe74251a8;0xe74251a8L;0.500000;1503135795;1503135798
1;2048;8048;0x1e48dbc5fe3e25eb0a99e2eddcd2434ad0654020f633a1e6756f2280e302df01;0x4ced97697bcec1e2d8e441b3f77f5feb0ce339ace48d45f25a02d27e975ef9b7;0x2499b3c8;0x2499b3c8L;0.500000;1503135798;1503135801
1;2048;8048;0x29d3ca7904b744a85ed8985cee3b0fac45139add44e1ec97f3780a78e0b7340a;0x71ba66c0f9d4eb2e9becf8826549a4a4a5d3faac93eb0f88c3bb39ef82ab3c44;0x981f1b6e;0x981f1b6eL;0.500000;1503135801;1503135804
1;2048;8048;0xd113b5f3773418f9eba6292d6c7880d91efd06b6dca83eef56385506ec1763bd;0x2145b8b3ca22e38f5c5f26cdb5125e258eaaf987400927d30b53565bb44d54a2;0x73e86993;0x73e86993L;0.500000;1503135804;1503135807
1;2048;8048;0xb98523b5f538fa26bd8aca80aa00b5d0802baffcffacd6c5eb203a90e76004a0;0xbf2969ec4eb107cc1a9a39005cd11eeaa6191c2b058c886e48bb0b01b4d3816a;0x6b6a6eac;0x6b6a6eacL;0.500000;1503135807;1503135810
1;2048;8048;0x6cddae6c3abd39ca19cfc3a02032acbc478e4e632a0d111eadb1cdb2dcf1f248;0xb5208f8c08177eb129b87a087e1c19fb5d4a0742dac5e27e86e72c1bd8d37dba;0x3a7ff820;0x3a7ff820L;0.500000;1503135810;1503135813
1;2048;8048;0x886c548d488081239f17a9fdb3c5d882adadbc58e8d33eee3b1422a8bbb5de43;0xed4bb6bfe7f07598573e699afd7727cfe5e52f8d82de22f6d19e7c78e42a125e;0xec4fa3d3;0xec4fa3d3L;0.500000;1503135813;1503135816
1;2048;8048;0x68b5bff85266795ca2013e1b20cb6f1d75099f90986b09f0559122735be0bfc3;0x2fad3bc1b4c3b624d09f57d111dcbeaf54f17d4472b1252581c5a4cee8620046;0xbe09cf5c;0xbe09cf5cL;0.500000;1503135817;1503135819
1;2048;8048;0x0e2ca82799e80b21968e772d20e91330e490683f98de85f9f0cd1c68165ed024;0x97e9cad9b3cb0744e9e7d0b5fd6fdd51c8c3d4e86a3b276b612b941a2fc3975b;0x3b492eba;0x3b492ebaL;0.500000;1503135820;1503135822
1;2048;8048;0x6f003117692520039d8e4ee6945ea2e48662b68c69deb5a0ee46e2e312b73b82;0x2cefb1f7948128d89beb24d1c79e939578777d4c7f13aad8cf111f948d238940;0x729158d6;0x729158d6L;0.500000;1503135822;1503135825
1;2048;8048;0xa6965f082e41404ad7f5bd85dd86d199d3aa7b68f2a7ac652198a8c559e31b00;0x021a5f073dffdacb1ea51b3b0581833e17c1fcd965bd0d90c9b5955682117ede;0xb1d44f53;0xb1d44f53L;0.500000;1503135825;1503135828
1;2048;8048;0x12091530c33cb0db2486535a36d30a0cc6673873cab3fa4a344c14d9cd3281df;0x2c599e86e5f7fdffb800cbec03daa29d16db93781c0d95eda5eba9d6a1ce3ea7;0x7c123161;0x7c123161L;0.500000;1503135828;1503135830
1;2048;8048;0x177caebeddcd44a8491d2ec2008d419b722a52550900d2e29fa4bc162394473a;0x92e2d2f30d159fa3128dc0e83e8e7694556c2072902501cd0f576d702be63b44;0xf9b6dc4b;0xf9b6dc4bL;0.500000;1503135831;1503135833
1;2048;8048;0x99bd238809b45f3ee5ff9a1ebfdd296c611a51227a6bceb9f90270a2d515c76e;0x6541bba922dc32108a2f33ade4896a5d9f4c81455ba158bf065f713e679bfdd2;0x5dc81703;0x5dc81703L;0.500000;1503135834;1503135836
1;2048;8048;0x3938edd9172044ba77ec6eba5be9ec3f4a35f2165744b24cf797a82c067bf53f;0x82172fe3bc4a06579844625f50c75fb3c867b94fe95f89196160833d667191dc;0xb74782a3;0xb74782a3L;0.500000;1503135837;1503135839
