1;2048;8048;0xda9c579caf95857476e24a7a2ec57b4dd2ad700aac00752ea7a01db532e79a0c;0x654f899c18fec584872ecf78c45e6c530f51617d99a259f6f4c1c340aea45767;0x5ddb5ba1;0x5ddb5ba1L;0.500000;1503080456;1503080460
1;2048;8048;0x349babba7664ac8fdfbefe4fadaf9c7f652d38041899a4f93444c91239f9846d;0xa0a4dcbf8e436d5cd42bd07c676945e42f8f721a560c6fdf7dd430d86cafa366;0xf1d8f709;0xf1d8f709L;0.500000;1503080461;1503080465
1;2048;8048;0x1e5d5b8c77dd7eb80fac2354729dcef18bd4cd8321c14d03a483d4048c8df0aa;0x8e553309a47132665b1d591b043f8f06d3777bf6bddf2a5bd7f470dbffb01d5b;0xf63bbfb7;0xf63bbfb7L;0.500000;1503080465;1503080469
1;2048;8048;0x218146a8d17f1e6c76413aefead2164f6cc48c5e60e569f793e8fc6ddeb321ff;0x3a40f33f9ab93af6561501725c53b62f6357137bd57e9a857c360be7f7b66389;0xc11f38c4;0xc11f38c4L;0.500000;1503080469;1503080473
1;2048;8048;0x7576651b15aa36929ce280e584884cb75da96b517302ab42a22750160a3ed97f;0x2ed605bd2495082e9649d3e2d5941c673b31575c49570191db912fe4cba36462;0xdb7ecb14;0xdb7ecb14L;0.500000;1503080474;1503080477
1;2048;8048;0xb38009002a0d99d77ce49a6522a9e7f6a8bbf05c2682908719c318539a9bf54e;0x4f26340809cd0503704b0bc8c264e56058ee753077e581dc527e214d82c53a53;0x2895a77e;0x2895a77eL;0.500000;1503080478;1503080481
1;2048;8048;0xaad129c6284003bb53abebc600ac8b115b80c70cd2b22853a88bd418c8a2c472;0x9f6b213f8c9a02f55d43cf1e80305e8c24dad99f65794a0c08d52c5e6219fbed;0xf31cd780;0xf31cd780L;0.500000;1503080482;1503080486
1;2048;8048;0xd89d077abad73b6d3ca7454c2302c23e7f5a597cf16f691ec3a311b66641b83f;0xe099cd5a4ba761aa7a83d678eca0b0f48526ae1a8ce561b2ec90b6744b253a02;0xb476cd3f;0xb476cd3fL;0.500000;1503080486;1503080490
1;2048;8048;0xf25a639653559ea2174ddb15d2bebae204f1a29d63641750d7dfeaa306bcfaf8;0xf088af044d7a7eaa8ce2b1006f0a617d97af43157688040a27215ddf21f69162;0x7e569ff3;0x7e569ff3L;0.500000;1503080491;1503080494
1;2048;8048;0x44523ef1085ae0c839d9aeb7008dee141ef0c824e713921d13f6fc486e64e0b2;0x127307b5c7b96a3963f7d59370fb1bdf452e6515e788c29edd0042b0169323af;0x96b42cf5;0x96b42cf5L;0.500000;1503080495;1503080498
1;2048;8048;0xc79f9be58bc1689a52fc939569056cde7e6f2d2e2bf0c9a2af579cf507743cce;0x46a692f99b22881e3ac0ef516a99a990f7a796ebb7ab9e12001f3fc479cfef69;0x1580fd59;0x1580fd59L;0.500000;1503080499;1503080503
1;2048;8048;0x127c178881001a237e38cce4c94af14f4aa6e8d3aa2899ce61fda28ef2231704;0xf5f2914910a480cf2b31e7d1f3ea634e474fd7ac6500f0615d4a3ddae1aa199d;0x64b3422e;0x64b3422eL;0.500000;1503080503;1503080506
1;2048;8048;0x7e1a609d48f7143fbd89de7b04f3b23613b543fdf2fde50589df331470d8e9ee;0x796c987e0ee0f315a47a4ab235b26fd63dd7be3e120c67ea4644881d44f86c21;0xae76bcf5;0xae76bcf5L;0.500000;1503080507;1503080510
1;2048;8048;0xdbcf0df92143532159cd2b3fd1d593b536286a0022d8f18e9631371e78140b53;0x597ff5d9d97ab111c3f141801dbd87734f78244b1edf7633072052bc7a31fd05;0xe35acd86;0xe35acd86L;0.500000;1503080511;1503080515
1;2048;8048;0x462a9ae3739d5e8d7c35a4665f5d7f7ae8ded2185ca84448b303e7030320b749;0x6ccaaad13ccae1a9d6c4289c50d23bf27f7ff37d22c97c513b35164c2acffe63;0xb54f50d8;0xb54f50d8L;0.500000;1503080515;1503080518
1;2048;8048;0xfc120fbce8ba35a54a2b0d2dc8b9e154f021c30c89887ac83499bda45e3f7f5a;0x0089ded529ccce01e7b23565df524c3295cf890838818c11b3a4fae9e5774af1;0x3f247909;0x3f247909L;0.500000;1503080519;1503080522
1;2048;8048;0x97b39c066af321d297c72ebacf5fbcdc877dbef2a05eb37c9933b039cd8e5064;0xe2bb31bb7876e5ac5a8054b406224a6ba565aeb862856a1c46fe611e3efb70f1;0x6b7b7204;0x6b7b7204L;0.500000;1503080523;1503080526
1;2048;8048;0x6605bd40ee9c554119c5c56c2860d90c43af4ae89a7ef1c628135c9aa1c45a07;0x4105d119a5136f44d964ed925d9a3f88ad76797012c53fa2d526f92a33812b56;0x1dece394;0x1dece394L;0.500000;1503080526;1503080529
1;2048;8048;0x7702b62fd7a6d2d6b9f6329689d1362220c3c2b58e2328eda3ad5d2db02ff928;0x3c9e815ba46b4491dc2c77d966ba45ef693d76b028d4b2a67324a234698c39e7;0x6f3da663;0x6f3da663L;0.500000;1503080530;1503080533
1;2048;8048;0x3a897a14880fdf7061400066d5b5b8c595a1dff230e4ca5a15009bab7423a1ae;0x477668c7b5834fdaac03993ee8fb289ded36b110b5ac3bed58d0d0ba86bcb8e5;0x7a1d4e8b;0x7a1d4e8bL;0.500000;1503080534;1503080536
