1;2048;8048;0x866a48f81d9076a8330ff9b5df88f3360515234888e0f5b4d794a3d1c4cdeb4a;0x9dfdd38084fdcbd21b377546e274d1e5b53afb41191f7f4ee25668017b5fc111;0x04e85851;0x4e85851L;0.500000;1503110773;1503110777
1;2048;8048;0xd93ecf38b9c517e19311ac7486725f03c90bdae0022704fed8bee1fa47a19020;0x87aa64fd3c3df4d03564df9ecb3fb8ddd529f757686e795d21e0d83739ac8b64;0xfe74dd7a;0xfe74dd7aL;0.500000;1503110777;1503110780
1;2048;8048;0x5c198f80d75bfa329207ebfb0ce6a20628b47ab2cd8440fd886d6199653b37c1;0x89db89471137c83867fc7f4e05da74f81aa99e6deb1d18be6414acf49fcf9fcd;0x7d7dcde8;0x7d7dcde8L;0.500000;1503110781;1503110784
1;2048;8048;0xa14fbc1e3a3774055603d687f461ce2479058aaad281f357329504fce3b72284;0x9cb7acd670102ed87df50616f8d990f9c21695f461bc3ef5e43bdad32bd0cb06;0x39733c79;0x39733c79L;0.500000;1503110785;1503110788
1;2048;8048;0x583e78cfa2b5ca585ff4134c627d236dbb6b29eb00b0a9768234136c23c5c17b;0xf2500e2700a503d63a617a2c0b8b573506c9ecc1be5cb8934a8b83645d3b3f1c;0xe6ddb866;0xe6ddb866L;0.500000;1503110788;1503110791
1;2048;8048;0xbc16d8e9f3cfde0b364fbf888c67b5cd673e492912c3118f90d1e5332f473feb;0x8c038e80a774b0276187334f4977122c4c0e74ce6d6a429415637729fe60ce2e;0x461a20a6;0x461a20a6L;0.500000;1503110791;1503110794
1;2048;8048;0xdd5f016d39829fd42d2ea3fc06576ba04bff8ae95864b62b87dfbc5f3ff1c31c;0x1633ed2255a36cf025d5fbdd5d1a273dd7f44999164fffcd011e0afebe5f88c9;0xc579e794;0xc579e794L;0.500000;1503110795;1503110798
1;2048;8048;0x73a497b633daecb0a12a945975bf0dc7c04183b5dc1056c0708a0c2824d50d98;0xf7f3431cb818270d1979f92986eebc00e7374a00dfc85ac7a0ad9ea74fbf43fd;0x31f78dee;0x31f78deeL;0.500000;1503110798;1503110801
1;2048;8048;0x6b008b8a05c448cb7e163d65df6cdadfe4882403d2519eadceb93f22fea3e569;0x1d45283c24a1ea777d3f11203ce7e94bd80e3a968b1e2dd207433cfc78357511;0x58b543e4;0x58b543e4L;0.500000;1503110801;1503110804
1;2048;8048;0xa3490a605249aea1291e23b800daa2ddf21b1baf4ea325694dfeb566fb20e49e;0x534a0c36d30d8eb6634d5b582448143f0ffc5c42494eb749ae242a0f3808d97e;0xa22f6f60;0xa22f6f60L;0.500000;1503110804;1503110808
1;2048;8048;0x820fb95aa20d6130580343ed261ed3c74a161e1a8aa668cc68a577590a3f8f8c;0xb59e12eacf37b2523cc4c4a26f4c8b507ea7bcffd908555e287a23a6266cb13c;0xf31a2ded;0xf31a2dedL;0.500000;1503110808;1503110811
1;2048;8048;0x36b38cbc31144fa498fea028469111ea9d4276bf4ab60975c4db84b0d80b670e;0xb12e152043b4094828c6523a2b02001d375fece463b0838b3275eb42307f0f46;0x39e7a8b5;0x39e7a8b5L;0.500000;1503110812;1503110815
1;2048;8048;0x843230b6a59a4ffeb3fed4d9e7ada4373dd5c61a3771cf1e7f51c5733aec20be;0x3aa55fdb34b6b6e660a2d726d32a7e795a0f91cabc09ca139db8d5beafe568c8;0xa814f72e;0xa814f72eL;0.500000;1503110815;1503110819
1;2048;8048;0xe53887d00ca90d97deac5ca09ffca93505a881347b7b5fc627db1bb6db12d6c0;0x2922c2445ba9c4b14c21fbbf9a035d3d47346b439ceb29132597a36e570d8d49;0xbd7cfc93;0xbd7cfc93L;0.500000;1503110819;1503110822
1;2048;8048;0x259b99d571f9954a3c1321e8c4cf441879c9dcb9908f0066625b0551aef16bd3;0xd5547f9ab3992df734723f69ee2df2976f259c586400d02c5b0009501de2ae13;0x4ceccda8;0x4ceccda8L;0.500000;1503110823;1503110825
1;2048;8048;0x3fbfe36954ee5421cc0ede05c014fc28ab704558c9d31cffd8695907f1425f30;0x8f93bd141e33647574ab03b3e9dce2770ac9e8586009667d72f0fce33592670d;0xf8345e39;0xf8345e39L;0.500000;1503110826;1503110829
1;2048;8048;0xc6207950b5e543ead7980523022ce022d4045bbe74eb0fdec723d30d7486713b;0x4516bfc58c041ede23425ff1854d296901cb42a43dbe4a277c07f32d178f1f6a;0xf8ce8891;0xf8ce8891L;0.500000;1503110829;1503110832
1;2048;8048;0x464d1ae9a12ae288d05e3106290c547e4dd2b966982b977461b6937c518b0798;0x34776931869f78d7a07946a7b0d7d73b925adcf64190ca56bf487e794a52cc7c;0x23e341d4;0x23e341d4L;0.500000;1503110833;1503110836
1;2048;8048;0x369c1fc2daba543eb470b3a2d995ce5976056c8108e4ecf9b66dd74eef7a8825;0x8bd8c955bd93dddcc634a57486b90ed43889a5a4421f0113db6bafa5fec4d676;0x6571f6cd;0x6571f6cdL;0.500000;1503110836;1503110839
1;2048;8048;0x696eb69cd672bafb1b381e457ee61d73c586568ff7746c682a73236243b033ac;0x48624d90380bb2caeddfbfd8f422be10e1f02354de9d56ca1883217ab8762c54;0x949db34f;0x949db34fL;0.500000;1503110839;1503110843
