1;2048;8048;0x3f437893a58ca2cc5c3945e64acefe9305cda80f9dee793b572fbf56fbd64f3a;0x5107335e45ef1e18a0abfbe6c28a254ed985244987d5d5496a84ef912dde050d;0x80bd0557;0x80bd0557L;0.500000;1503115392;1503115395
1;2048;8048;0xd0a367a44b6f57dd3aaf795d2588e425beb8727f92bd9b8de590fca65c3f442c;0x1f98bd263e1e88a707e3cc841522b3761e7280792dfde827cfecf4362a45c800;0x0ce7249d;0xce7249dL;0.500000;1503115396;1503115399
1;2048;8048;0x0754883500ab6744f973420a2afb4ae739fdbe515f01f54e46ce4163d81353df;0x9962543f5d0349766c00f89b3e2fe0717a34b040d3e028b93fb49fe5409a8fc1;0xee84a368;0xee84a368L;0.500000;1503115399;1503115402
1;2048;8048;0x5485a117a58b69cbfd0fc1b31c41c04dfb1e62528a23b1ffe5d5ed712711547b;0xfdf0b668b080945e98e99ba484dc38a99ddd692f74d2964b70c7c0a60ea35ff4;0x3b3069de;0x3b3069deL;0.500000;1503115402;1503115405
1;2048;8048;0x90b0754b731df333749e135edf1d13968f6ba0a9bb5675e5557094d6bc2d954c;0x598055814c3f5b072e59856db44fca02bc5e0ecad66a5f8c5e5da639abf55607;0xa16ccafc;0xa16ccafcL;0.500000;1503115405;1503115408
1;2048;8048;0xa5dbfaa34371a03e10f23768c740aae79e39172ca68574ce91b9e450b2cc4757;0x9ddfda274d36d3e1d3e91bae6212a20e617c76c333fb7260df0c28617c8f2c0f;0xea6495ec;0xea6495ecL;0.500000;1503115409;1503115411
1;2048;8048;0xb812d1b0c03d701652d3b0c89efe7b50eb82e917156bc07188a17d66e16e6199;0x88ae79fa3275022ef9158d2a9bbadb02bf7cd3b77621b3ab645665069fafe5ab;0x6ec093f1;0x6ec093f1L;0.500000;1503115412;1503115415
1;2048;8048;0xfae01f83da8ed34a57d03f400e9506b313ab147f84921880c4655850add5a0a8;0x417223f0e6459fe7f34fcc8fecbfdb620d1efa2c7d2be481756e0202318d3e6e;0x6c4b1c39;0x6c4b1c39L;0.500000;1503115416;1503115418
1;2048;8048;0x91c315a6d937b1359b9c88d4bff9a9e735ed46f9682d90c670cc66a1c1f97b52;0x244877391887b9d4a8472de9650c6e28f3d6c7a3d8038ae82ef0d20c706f9bb1;0x1fef4e34;0x1fef4e34L;0.500000;1503115419;1503115422
1;2048;8048;0x35a6a787023aa9e35fc7b11b48466be117f4aa5911ac08725cae498e7ec65ab3;0x4de2965127cbdbd6bc6b3f98573035fa40bdfdd11d680daea05d9d882031be9f;0xa4f804a7;0xa4f804a7L;0.500000;1503115422;1503115426
1;2048;8048;0x534a4dbe240cbfb5ed8c73e51bf50b08139d13e2fdae37232ff1583e650fdeb8;0x8d872bbbed971253be53f80fcdc5f50b38fba781d92980a52cff6f9443c6358f;0x2b955f32;0x2b955f32L;0.500000;1503115426;1503115429
1;2048;8048;0x296f6f68aa69d9c6134af1c1263ed496b2f2a046af848e7b21f3892dfb1d6024;0x150c4464ec94c3bce1fa26ff87beea86a19e0572603aab867170d71aa11c7e1a;0xfff27341;0xfff27341L;0.500000;1503115430;1503115432
1;2048;8048;0xd3431e7688c432e2ca9a0803089c4ae8bbe46ddd8acc8c7e586ec06d61d32434;0xf02b7a39b704c7d860c458e44d29afae7379335abe6917777f882cbf878cd506;0xc71a4b67;0xc71a4b67L;0.500000;1503115433;1503115436
1;2048;8048;0x61264beb79c9b7064d17c38f67c38fde53ffb31e2214d6dda26df9ac4c041bae;0x6fea83c8dc0e6e132d832c662cfc3d6e58e600f94188310ef070657fb428cb20;0x608c5835;0x608c5835L;0.500000;1503115436;1503115439
1;2048;8048;0xc4cb69da20902ddc0060fb073b4de0f91e5cc6a6130682fca1e45924ff2ce5c3;0x4bbb874db044913a002f88e1089bb462365562897db9529f5f93f4f12ce2762e;0x4c4f587c;0x4c4f587cL;0.500000;1503115440;1503115443
1;2048;8048;0x31f741142c1badd2fb16c75c597f89a8ae7bd64010e23b944d3269dcff9ace31;0x783281a8198e914d9b7fde595fb78d2bc2717379a6bd4cdc9ddc38e25cb36551;0xef8314c5;0xef8314c5L;0.500000;1503115444;1503115447
1;2048;8048;0xc13be6e22976b6ea0dd7e305916cea73b297d223d9cb7a60091a51a2c5cf5c87;0x416a88d52ca2a320086ed2a737eab8ebb950d738453302e26ceaee40c9cf3117;0xffad8029;0xffad8029L;0.500000;1503115448;1503115450
1;2048;8048;0x4b1c866b6583ac6b60c7c7d13810fadde17b05fa3fd354ad0e5bd8300f05f55a;0xa45ad7aa9efad9c731b340b51592901e9653ca5b0222b08c7ea0bae20f618b75;0xc95d1450;0xc95d1450L;0.500000;1503115451;1503115454
1;2048;8048;0x15bf65d493becc401f9c4c1e628963df31d472c9093d7a57ea5be1242590043a;0x88e1d9f8b7e1726e042eb677fa27b75d1edaae55b95d20a798171b69595c6529;0x27d36151;0x27d36151L;0.500000;1503115455;1503115457
1;2048;8048;0xe54fca051ef1de5454c3b1ab02ceb71c37382eb1e10eaaa56675139571f52a57;0xa6dd606f9529e6a7ad6167959c15650fb735c49a3549a9add8debb9819f263a2;0x3db0cbb3;0x3db0cbb3L;0.500000;1503115458;1503115461
