1;2048;8048;0xe86cba2930daa47b7be6c8a5d32d00d0e3542b332011477d46a391645ffc0147;0x73e0aaa6a820792d20ea3432d5c12882f63ba0b2c864c05ccffd8de89900af0a;0x65c5dc87;0x65c5dc87L;0.500000;1503122617;1503122620
1;2048;8048;0xc20aed578df656c762c0dd9ad710d61a01d045558c6c8965a7894235b18d1973;0x50b0785fbb3e836a8a6fda90faf3cfd9ed1190ccdb9b49a392adb2d4c469135f;0x8591e78e;0x8591e78eL;0.500000;1503122620;1503122623
1;2048;8048;0xa1f37512029986de875d44272aec2a678fd6a6e5574640a0b73e6286861b1d27;0x139df02fca0a7b0ecac161c5a60930276056892259af5bb2c1f319a88c274a78;0x16e2557f;0x16e2557fL;0.500000;1503122624;1503122627
1;2048;8048;0x8294e137399ae60629415b68b74a68cc11fb282a0c7a268a41d4f4d3180c8b9a;0xc78d5721bafd30c33ff5e9ff82bd48496c9dbe7645c4c0ef64c72ca55df846f0;0x3ee9d5e7;0x3ee9d5e7L;0.500000;1503122627;1503122631
1;2048;8048;0x8b09141bc553b714a1d90b2da244366697d28f54c32f2d698fc9d9ec314705bc;0xdca303552dea9412f054cf3dd99bc3f9ffa3ebedbd1bc986b3371afb4708a2cd;0x625f3928;0x625f3928L;0.500000;1503122631;1503122634
1;2048;8048;0x268f3ab00490b4b2e30ccdf95ff7dfeb81cb2c749c5219942298967c813ac7a7;0x2363d9fd9d7f7fc0c5edcd8812ef25d3b3c7f86dcd1ac4266819488f4e23a277;0xb24de47c;0xb24de47cL;0.500000;1503122634;1503122637
1;2048;8048;0xc821f6fb8ce1a2d2467e366f048a10db502ae96f3ab876aa16f19b522b08faf4;0x31c3c9a5df716534a3d2d4dd7dafae86ed649c04502a9fe741df95b193108713;0x37bc90f5;0x37bc90f5L;0.500000;1503122638;1503122641
1;2048;8048;0x3019323036daa89281b2bd8aa8736dc776e73a3f8bd1c3bff2aa0f9f60b2ec90;0x0bc2ecde7cc2125b46464b405792631b64c4d2b9627899e366c367dc76b72925;0xec5be604;0xec5be604L;0.500000;1503122642;1503122645
1;2048;8048;0x0774f04f76f839255a008347ecc8ac87092238f9b728e4a2ac89e4bdffab4c07;0xa271a81fdd8b1fbf4f3dcea89ed738f662da20c5567c3c06781bab99c806c81b;0xc521f445;0xc521f445L;0.500000;1503122645;1503122648
1;2048;8048;0xfcccb2524c7a9df12bdf03a34a9b9c7645a0f4313a0a3694ee92fa110463b800;0xecaf137e0f86a3879e2739985066c70ed721433d6eaeeeffcff94aec75ca83cb;0x0794fe2f;0x794fe2fL;0.500000;1503122649;1503122651
1;2048;8048;0xc781fe3bd7d1a8f2de8c52fcb2e00cdba22aa3dd356276c04ce08bfb0df72bd4;0x0874b7d1b570d52f9018364b1f2b9a9caf8bf43eab8171cbee86278f020dbb96;0xe8af20b2;0xe8af20b2L;0.500000;1503122652;1503122655
1;2048;8048;0x5f0a77619da97a25f2de6ca71872d5e6193c8ee51701106b89294eacf8082358;0x693601847027b7eca743bde4a4073574b0182ebc847bbb75870895d042a1e216;0x35860b09;0x35860b09L;0.500000;1503122656;1503122658
1;2048;8048;0x66659edef34b40ff0e92f2edd11fea60b3497345587d53d97d9786b617303b7e;0x546b007cde106dcc6b9e08ac05872bbd6f38bea6a7cf9921a3d05ffd6455d84f;0x1fd7383a;0x1fd7383aL;0.500000;1503122659;1503122662
1;2048;8048;0xffa8a5bad740ff73904002db072d1b87a11af7dbad0ca4cbdc385cc83891cf37;0x160813cee37f0dfe72950682059a66f0dc2ad59eb9ef850898806b5def7996ec;0xa870572f;0xa870572fL;0.500000;1503122662;1503122666
1;2048;8048;0x0ad01a4c7cf9af9d39559c0f54c61a3ecd89c9888c7c1fc90f7680572dca0637;0x91fe2b59c58525ed8af92491dedb93b90b4ca0cb8bf2704dd575262750bf5434;0x05d6e8cb;0x5d6e8cbL;0.500000;1503122666;1503122669
1;2048;8048;0xcae10e9facc4fec9abd4c8fd56ad2aa781dbcfb3afdf446a7a49110260ffce2a;0x1fabb04d428134c8b4b3118ee3c3449f155ca5d3927acf08492a01480f6bd3c5;0x02d5b8ee;0x2d5b8eeL;0.500000;1503122670;1503122672
1;2048;8048;0xcc6b41e6d35709c5ec35763f3f71036816b6bfeb45e60f73c17685882d4748f9;0x173a32be443486b5532cd85a1d384558ce272b1d1cb4d1ff6ff4deb4803c7fe6;0xf7d05be9;0xf7d05be9L;0.500000;1503122673;1503122676
1;2048;8048;0x6c14070409f03a7fa515d39c3fe777bd777ccdd1f9e72669b3890478529a1fbe;0x63a5c61f3dae6aa003b41a1d1de68e4f721953c9d0793e7deb9323bb31686d9b;0x9ddd928a;0x9ddd928aL;0.500000;1503122676;1503122679
1;2048;8048;0x0d733fd783709af40779bd43913115761836d049875ced4c276f647b2dcf1b3a;0x8f6529bfb9a735d0d7f4f5fabf6435796e2703861d6f7341bff5e23dd8e24606;0x3458f4b0;0x3458f4b0L;0.500000;1503122680;1503122683
1;2048;8048;0xb3848aad6ee2c56878a96b96a3b3d604fa6af0f0c8c719171b4e076e7ed1fc31;0xc440ab645cc8f53d17649632131ca2cdd23bcc150017efff23b199c7eb615aea;0x17940af9;0x17940af9L;0.500000;1503122683;1503122686
