1;2048;8048;0xc628d73dafcb25b01a5d06754c83b79cfd2c9f038253aaf97a07d516e62f50ac;0xfc811deee03addcec53bd7858c07d050ee9577b3c343501e7b8328cdf7510091;0x805ae70e;0x805ae70eL;0.500000;1503088224;1503088227
1;2048;8048;0x0840beb248287faea5d4689d937c0164e83bcac2f3ed8e77bf85da948681d08f;0xe83b514d09b2cc8b643338cf0f3224d3cc990078d53b4e59196357b22e3d0b86;0xe6ee5e3f;0xe6ee5e3fL;0.500000;1503088228;1503088232
1;2048;8048;0xe1bd39c0884786e9b0b6f5a9fd1f56468dec2da734f2243328aa119836ab3218;0x3f418baee99512be78b9467bd88b56e259e0245ba49e4dde2306d6ca6ae52c92;0xe614c43d;0xe614c43dL;0.500000;1503088233;1503088236
1;2048;8048;0xdd6408b384fac2accad0a48366acd480444e389d212f40a8a3c3e644da6befb7;0x79b83795f0e1b7aa4fc557fa2cdc15363f693a99fc0316b1c371ad455cbb7a70;0x1e9e472f;0x1e9e472fL;0.500000;1503088237;1503088241
1;2048;8048;0x127662584ea9f575761b8f6ef7002d1db7e07302fe9c6fdb8b42c1c0a86ee5bb;0xc9a3e7a74a66ac047edca99b27f606ec33f777d828887c636ad3c63ee53cc81c;0xf0ba3b42;0xf0ba3b42L;0.500000;1503088242;1503088246
1;2048;8048;0x58858cbd648741eaf98107ea7a410430147dea708de739bca63070974eee33a6;0x3f4e7005687a52d2aa5ef1e6181afe15dc11344028f261c30d3df6e1f4ec99f7;0xc4a59309;0xc4a59309L;0.500000;1503088247;1503088250
1;2048;8048;0xdbf586555a0757fc4d58b398b66d4f8986bf28ff63b8dc3c3c01531ec351f79e;0x92798e890c0f87585842905c853155cfa5106581f6a84eff13995f055aa457b5;0x924a091a;0x924a091aL;0.500000;1503088251;1503088254
1;2048;8048;0x2dfe163318f61ea09248f7b21d8e8b83b95cc89e5afbb328eab0c8470d61283a;0x950009854cb83eff6fa7e6a00150508e8a4e50b96462c47b9a92711f89fb302b;0xb387ed4f;0xb387ed4fL;0.500000;1503088255;1503088258
1;2048;8048;0xb7031100b8d0b055e9f35bda7ce33cc14fa8cd4107875c98864b2987c357047b;0x31e231dba3b51adf5cfb9d9250924dcbaa91e4565d1efd5ee014f36d67e0bb27;0x8b0d2136;0x8b0d2136L;0.500000;1503088259;1503088263
1;2048;8048;0xb026589032a5800e287aa6431b31a5b6d32e9af17e4f6e885416cce30d26d6be;0x212526534138c1936f10b846ec774c5d5aa24ff100c71732451f720e80061f5e;0x3295ac0f;0x3295ac0fL;0.500000;1503088264;1503088268
1;2048;8048;0x15807155270aaccbf57eeaea9111bc631ac68b1a35f89f8c43130927c2cac3d7;0xc5c93c0e13160580978493850eae978c7fcfcb11a8c5419b8c2ea846040d6836;0xafb2478f;0xafb2478fL;0.500000;1503088269;1503088272
1;2048;8048;0xf909da032cd551276677f86c0c76c771ba42d34edf664bb673407d3f898b2682;0xca4b10d3cfa43d7943bd9132cb3a1f895e2ac5922c1b67fc3b199fcffd57f856;0x5b4f2f2c;0x5b4f2f2cL;0.500000;1503088273;1503088277
1;2048;8048;0xe97de6bc9e48083e6d03242714936b7202169a45c698bf0602d103acce9b7bb7;0xb74e96424f534dc86ec3d25355df8144329f56648c30b8d31773c1f0c3fbb81e;0x1fdd9630;0x1fdd9630L;0.500000;1503088278;1503088281
1;2048;8048;0x2687c86e6f695f963aea03b900977e8febfb4f3372d31ea0381f62aac3e3f0e9;0xfae620b14bebf4bad977b077e74b06ffe98c96f0ead3a5f25595e0585fa10c9c;0x7aad9ce9;0x7aad9ce9L;0.500000;1503088282;1503088286
1;2048;8048;0x4bcf752ce451137d2acde81dc7f13e236f94d2beb36af453c83b1776baddd405;0xca83d148767bd0f2632abebecf83a728d9f59b93782274edd3f75c9db7b586d7;0x1c332c2d;0x1c332c2dL;0.500000;1503088286;1503088289
1;2048;8048;0x8d590d09321dd6f2f26b445dcd8330a53e6353584d9f146069a12786752d5b02;0x9314dc6e02b82064ef410b91457dd2e6dc9d0971b6e0c1a22d91c25261da816b;0x01b2d38f;0x1b2d38fL;0.500000;1503088290;1503088294
1;2048;8048;0x9d4e3f105a07d00890df7004cd0d9ea2152bcaccf63f09eabdacf7e5497bf0e6;0x8817481019cd9be42945b3765038371f4d18bc75d2154429da8401885a227a3a;0x4704aabb;0x4704aabbL;0.500000;1503088294;1503088298
1;2048;8048;0x9cc733959118b907c8b06e1491bdf97ef2686b08e971bbfbad1c5adb41ca71dd;0xee7b5337449d0ad9bc66c9161f0576d6cdda6dc669beca9294e5bc4e0f451daf;0xfa67576d;0xfa67576dL;0.500000;1503088298;1503088301
1;2048;8048;0xe33643f7d403c60d950182f4b9df54d771ef1b1e349711c1b43a79e422604305;0x7990fbb281f8cd88ae61aa5bd2803216dc85d923d2424847f3442a8b3b812b12;0x5b30db66;0x5b30db66L;0.500000;1503088302;1503088306
1;2048;8048;0xae89307a7092f9add70707885eb43f15b390d30b8aa79961e1f7be148063602e;0x550e2a63c595000bce19d9f57f94e618e2b2e3edcf80f8bab56a13c52808ef24;0xd5a37a86;0xd5a37a86L;0.500000;1503088307;1503088310
