1;2048;8048;0x2a47454f05c078909bd2037edbf81091ebca22fbb9b6dd0230a709144293eb6c;0x8375e8587ac880cb3c9dc3a8e35c73aff1e45378eb45003d28b1b314a44a9e65;0x4f1a7ff8;0x4f1a7ff8L;0.500000;1503118009;1503118012
1;2048;8048;0x4a5f9c5253f5dc5cb821b7d00463272f0557756cf2ecaa20b982ccac78c574c3;0xd0f21d85e780e572769b88c9a7391f5fb3472da4e7c9d46b6891928c44c9cfd5;0xf8f33b9f;0xf8f33b9fL;0.500000;1503118013;1503118016
1;2048;8048;0x9395ca30fc31b07e41e480527ac253d0325fcd548fd59e24556c8485158323a9;0x864579ea54645d99361c3091c5c2375644018fa0537bfe3346be96999ec71a6c;0x99f03e6a;0x99f03e6aL;0.500000;1503118016;1503118019
1;2048;8048;0xcf7c2fe5913d9ba0f236d2fe1b49cfc2ab4ed54aab84d76537788ad5991bb568;0x91d9856295a1948d21f67b0dd28726e809dfd95b3f6d104fab82a37e34e47865;0xcb66c386;0xcb66c386L;0.500000;1503118020;1503118023
1;2048;8048;0x2536c1417a8a6d7f9247264cc560f102df7311230245723273d1caacb505a3da;0x51005ad55035f29e9e89bd2ffba5d271ba07b0fcb4e37dd0d541c9bff07c0b7e;0x16f0d551;0x16f0d551L;0.500000;1503118024;1503118027
1;2048;8048;0x2669105d43b7cb88f083db717fd69df26a938aad53b8c468239f4b3f2a239350;0x3ab96f215b0958afb8abd7fe22b11be4a76d16f9934947a367923af1618ad781;0xf7125ae4;0xf7125ae4L;0.500000;1503118028;1503118030
1;2048;8048;0x70a0be2bf714d9029a5bb1c7bbadd8854dcfef3af08ba220f1ddb0298c45d7fd;0x7a04b389c9b20eab49989367d86ba0ec6b547a31048154132b53321d10b0aa7d;0x7cfb4e04;0x7cfb4e04L;0.500000;1503118031;1503118035
1;2048;8048;0x2437a7df71b17bef38e1560908b27bac4c4aa0c139d3e49e7216029e38517a5c;0x19f8e05cfca242450b6a2e14d5055fcc079517a1fd9181caceeec377d1f95c85;0x9d34c472;0x9d34c472L;0.500000;1503118035;1503118038
1;2048;8048;0xccb6b1af2431ede22464c93e47904df9d77970c8e1c4ea7337f28910e1e360ad;0x3bf8a5c14cb6fd79d0eb90c06675cfb793f67701fd3f8c6f06342c2efd482d4e;0xf24e90f0;0xf24e90f0L;0.500000;1503118039;1503118041
1;2048;8048;0x0ae9e8e341fc48f95d8672ecd97e89e0f154e596a16cd551ae5185a6eab58cf4;0xdee6233f590d81715ca4387a19c88b2044f84d048c88eacb995a9126560b7645;0x03de7a1e;0x3de7a1eL;0.500000;1503118042;1503118045
1;2048;8048;0x1bfcc59143b8d2065803d2f20a299d68a40e2332cbd3e49c55e7fb50d01be7ec;0x89840e75356a773593ab11e1b3e5dd00311ab6177ba564249137837a49fc0849;0x51249f63;0x51249f63L;0.500000;1503118046;1503118049
1;2048;8048;0x0dcf4393d5d5d78685c8866024961c0d91b78452181618d23acd0d745312f960;0x29e424431d6c83ae4e4f28ed22f9b2dba0decd7cdc3f6bb183014fda04d9cce7;0xfcf526ed;0xfcf526edL;0.500000;1503118049;1503118052
1;2048;8048;0xbd4108a2289d1fa3158fbdf6761161b962522b8752615c50790bceddf1c76faf;0x32558635dd000ab7e69079026228eaecd450e48d8caa804e1d7a4b5a6f09406e;0xcd578ac8;0xcd578ac8L;0.500000;1503118053;1503118056
1;2048;8048;0x39945b97446f782f101f9b39b214c244e639d8197e2d9fb6148aa5429cb9ebd5;0x8bbce5807bfee4c19b041a70eb2c64ce26e86495d0f98a7986916b20dfbd76d0;0x554de7a6;0x554de7a6L;0.500000;1503118056;1503118059
1;2048;8048;0x98b3bc93100d2fa092eadcc0136da202a457e5b3065eb0b3a67f2417a1221639;0xdeb6f1a3c35d9dbd27780e278b61cd9b9d977062809ebf30ba6e3fe861323d6f;0x94588b10;0x94588b10L;0.500000;1503118059;1503118062
1;2048;8048;0xe2f9db6ce58205ee06fdf3b5bf873d3cbc7ac15bbae3143e12f56c62e9e8a2cb;0xe04c6332f82ebff886f3511bb55af4c6109e166f64800dc8d4501650391c7f59;0x7f120f5c;0x7f120f5cL;0.500000;1503118063;1503118066
1;2048;8048;0x7ff16d7366277ccd0b0926d0aa8263825e6b3649e284afe16308e87c57bed4d6;0x21f73db2a44f89e3c686c68822e1379ee568c8f1d69d165dc6c399f95851cd60;0xcf348519;0xcf348519L;0.500000;1503118066;1503118069
1;2048;8048;0x51da299af05e80f2a9c0468a34d36e5fbc769b7888a8ddcf96ffc8b7a6adfbf7;0xc8c2d2961d107f8a6df92a48fdae7789add3c7065081839b71887abe2cd0b301;0xd3661485;0xd3661485L;0.500000;1503118070;1503118072
1;2048;8048;0xf140c09117473f53da3809ebb9122f259e2215cd73365828ea51cc0aab91d79c;0xd368b69ae3d9f421107c7c4c3ec69a89d4885336dab3d7dd67114cab5d4cfda8;0x8d09b809;0x8d09b809L;0.500000;1503118073;1503118075
1;2048;8048;0x69247b2f4e02b8ba786db01647c181d3f4875246795e9af6cf1b13e7f3f9d65d;0x462e46eb92bc0bf566416d4c4bcf08b8d32a4d1afb680dcd970b82db172826f7;0x8e0c276c;0x8e0c276cL;0.500000;1503118076;1503118079
