1;2048;8048;0x091aea2491b4b548190427c3c08dcd9902420d304fc4d8b122c5925c9d4397a6;0x33a72488a84c8207e7d860d8f2afd3aa8d8b1edcccfe1961964bfb5dc3335791;0x10b173c8;0x10b173c8L;0.500000;1503112770;1503112773
1;2048;8048;0x2fa7255f0be6802f096b6893e31432b527696b5df3fb45dead872e18f7fdfb27;0x078ff7e686c2fddcd05702e7c12a24e447352b16700c2b84f1ea8bf71e66fdf1;0xf3019298;0xf3019298L;0.500000;1503112774;1503112776
1;2048;8048;0x87c8705d9f0d9e0bc35a1e4d4cbf7e7591df2cf41733697bd9bde8a92545a9ad;0x7b5a285eb26e8c0deb765d9ade3f5eece64580f6b3ec50292515be87b30dea42;0x8071fdbb;0x8071fdbbL;0.500000;1503112777;1503112781
1;2048;8048;0x23248a1faf9a2a4276e955b521c970694ec725945b10593c9cbea29306b6d62a;0xd6622a1d5cd213830748fbb6e1481bb6a1bf1293c29bd480dba5bef96b4d7015;0x4beedf0d;0x4beedf0dL;0.500000;1503112781;1503112784
1;2048;8048;0x0dc80591fed7c6aa68c0f23e63dab9d084f4872e6eb55baf5fd98b8d525b745f;0x3580dc604cf3b084c5413201cce2984ea36130fe773e1f720503e6c6c97979fd;0x88e817bb;0x88e817bbL;0.500000;1503112784;1503112787
1;2048;8048;0xa218e9ebed275e4e4208aa3b68f044fcf05eec0a62f05435488dc1a9ba1d6c5c;0x8adf111fe9fff3527d67c57be03e6c94e2afa87dce31b8847e0776132e0927cc;0xfe982b0f;0xfe982b0fL;0.500000;1503112788;1503112791
1;2048;8048;0x8740679ed0657ba1217fca59642075445949489f8a1bbf1d1fa60b088c79e514;0x3b15c9a919f3df7ea9311956e2d84931a2edaa87a4c584b79c295e8a9886def8;0xd0818bed;0xd0818bedL;0.500000;1503112791;1503112794
1;2048;8048;0x73aadc17cbac8cb246a1b319505ea2b8b314d0845086d86f97c27813444ab4b8;0xb6b25e7f331e7235cf8f7db77cf294b99becad5cff220e26ee05773449d27df2;0xbb286d1b;0xbb286d1bL;0.500000;1503112794;1503112798
1;2048;8048;0x2142b1d9a3aa8f71ec5baeed99ec87719b3d54fef8a1a4013d40d1861ab3dc3b;0x0ead28b34e32b4c1c0f0e7f980a7c1b0650c65ea1b144006c7acfa876659b489;0xbf732351;0xbf732351L;0.500000;1503112798;1503112801
1;2048;8048;0x657ee179c45e81df7c772bcee49066787726fe746b0bf70eacca2a8a2a4a6a90;0x4318e57de8980b485139d2e43fe88b7d54ac1a00701817f04d21d2ea3fd05f66;0xf2b987a9;0xf2b987a9L;0.500000;1503112802;1503112805
1;2048;8048;0x3c0a0b98deb1c7ed240042cd2d51ee92267d4587600dd6d140ee03937302eab0;0xc53c6d8c5df5564fee32f9b97e7eeb8b8c5b0045364d1234c1272d4fb916a222;0x740ec46f;0x740ec46fL;0.500000;1503112805;1503112808
1;2048;8048;0x99a8f4f36ad90c4ab7273cde60dfad59c57f5b335038e3d4b98ac882a12f213a;0xf4e034034e9d15d1ab09549e2ec33c63219b22fe473e6f6149ea65374c9c38cc;0x4373f0c4;0x4373f0c4L;0.500000;1503112809;1503112812
1;2048;8048;0x3928d731c8e0ad4d8c66c7becf9b2068c76d2091d58d1c57293481cd83c707bc;0xd78d227624261ca68f1ed3c6e5c6f99c1ec36a5794bfb101b19056356bd6e83d;0xdb224a41;0xdb224a41L;0.500000;1503112812;1503112815
1;2048;8048;0x7f799a240c28d83ecb178791d434668cb69c76945cb9b206761dbf09b9fee739;0x87e61b5de0b64df04ce0c3ab8653b1360916be004bd96de764a2ecaaddb26dcd;0xd967823a;0xd967823aL;0.500000;1503112816;1503112818
1;2048;8048;0xbde92963c94ce8aaad4efb396c0b77bddd5f195af2e03583980b7eb149eada06;0x82cb3d1d206e61e8bca14dca821e8a53b64ebf589f0a0d364792ea8527cc332f;0xf0810fcd;0xf0810fcdL;0.500000;1503112819;1503112821
1;2048;8048;0xbcbd3e6d5f7ebb050fa46d0d028d74297bfa77c176edfe9beb0a3a96eeaedcab;0x366c87a8e36c1707e473b5ea1e1e55899e7d0c44071aaf4715919a130f1b9b2c;0xfdaa82fa;0xfdaa82faL;0.500000;1503112822;1503112825
1;2048;8048;0x1491a7bfa30ce03a7759c23bfbba9f8bfac6e785f8cf53def82c914f32918d46;0x02201491ef1f4eed702055d5f662b7acd507dc858b42260727b781345b81cea0;0x45bf00d0;0x45bf00d0L;0.500000;1503112825;1503112828
1;2048;8048;0x6890166b6e69c95943145f908ce340ecf71983409ce0ed420bc62c385b3084c3;0x161ddea7508695fded906758354e0bab2d6075b6d2dcd7926c07c1ea07d8ac14;0x68f5a854;0x68f5a854L;0.500000;1503112828;1503112832
1;2048;8048;0x1ee583e1e3a66d037511043a1e88eb53dc43266f179c0e66290c64c2b98e09d7;0x6df9b6e0e00e09ddd0d9cf1684eea4a36c49e6aadfe908246730419dd97c8090;0xc38faced;0xc38facedL;0.500000;1503112832;1503112836
1;2048;8048;0xd10521b991dddcdd6c92a4e2aedc20fb9eb6d57b6459dc256d7e138aad29aa7f;0xccdcb23e2788671339de120dde591e123e4ea079330bd2a2d14acdadce44026a;0xd067cf70;0xd067cf70L;0.500000;1503112836;1503112839
