1;2048;8048;0x952aeed9239bcd3a9cac91a19f42125a418d18ca96ef84351c37a42106c1f29b;0x33f9fc89d77e3837af1f6a53f83c1e4326e06cbd6f9611275045903dd33bb153;0x9f54743c;0x9f54743cL;0.500000;1503101546;1503101549
1;2048;8048;0x49f816ba4277eb65ef05ad5c5d754812ed38ff18c1ce44152408d021142b835e;0x9333bdd0ab7f259f7b1cb23063e8e778c8f2cf437ec18476236fbac139da2b93;0x866f846d;0x866f846dL;0.500000;1503101550;1503101552
1;2048;8048;0x0a4603bc32d9a044cb30d1498aa452bab8e5e88b8e0ecd0882b3a59e084b6c12;0x9d87b27a3c72defeeea809477c2408127513a570a70c38ea8b66ef201d2d4975;0xf5243848;0xf5243848L;0.500000;1503101553;1503101555
1;2048;8048;0xb0dc8d746877fae1eb765469c388005cbbf0b1eb004d5b40557139bd6de3d91d;0xf79c35c7db130711028a55f1f56ded4f72ba3183e64ee5fc83529562fc58a8ef;0x82e9fca0;0x82e9fca0L;0.500000;1503101556;1503101559
1;2048;8048;0x28a9a5bdd5d8c3a9ab93a316115f8fd39208a0aefd8184d50c164610a633efce;0x7e0e024893d8858f505f615eb6f2ccaae71b7cfa201a3d11df1aa937c06a1f41;0x348dffdd;0x348dffddL;0.500000;1503101559;1503101562
1;2048;8048;0x672b22ff92f483a26579e7414f3fb2c19bcfc777abd619c6f5777fb0a1cfb608;0x5c05e585e48f37de609f4075a53833fd930ed03e5542fc2cce83cf906c8842e8;0x878c97ff;0x878c97ffL;0.500000;1503101562;1503101565
1;2048;8048;0xad60fa4ecce7a7578a29b2dcd34693b7fd460747eaae7577df3fc361df7cb88d;0x1224b1a643e312cb8536e55ef76b5cc5e9c0c26bc5789d9ece62ea82d00e08c2;0xdcb5efc9;0xdcb5efc9L;0.500000;1503101565;1503101568
1;2048;8048;0xd8cd54e56e331ffa28caefac42375711f1475315d61454b8320faf6c67625940;0xba4c0d7a74b719b6ed775a34dcadd8c2a32449908be2f876de976e891b902ea9;0x208a0a58;0x208a0a58L;0.500000;1503101568;1503101571
1;2048;8048;0x3100fefe15cbba22af7a68e3671dc0f9e4a96e66e6a410fff754cb904dbcfa7e;0x8eb5492a2a4dd00fa602bef553d24eec64f0e71dd7163723e4f6e8a7a0f9b5ea;0x95e6e857;0x95e6e857L;0.500000;1503101571;1503101574
1;2048;8048;0xbf9f29586fd56527c1119282f36a8b599974409549875590e5a5ed1390a6cc4f;0x91efb5e1f2ae8d7d5b6771d9787c9b049c1d53e9c23e5cabf1a40e5fd7990996;0xd1c99818;0xd1c99818L;0.500000;1503101575;1503101577
1;2048;8048;0x273c1e42623b5b5bc072794595bb39c8eb1fd6180003c3c0fc10bc059a1a34c1;0xc0a870888ac763bbe5a71a5f3126c7d2ec2ef19327e4622cb894c64a21a81ca4;0x039caa72;0x39caa72L;0.500000;1503101578;1503101581
1;2048;8048;0x3ab370d52abc4ec5c509445f8f9d040f41d7354d334eb3cc4d03fae015c79650;0x14906bdfdc4e0a6a4b2285ba51a7561b383aaab47b6004a5b36522f3a0e2e26f;0x3a04cad1;0x3a04cad1L;0.500000;1503101581;1503101584
1;2048;8048;0x1f6900358667d169b2eb1cce58c61f19d9c58b8fa9e4926a5b138dc2b21d6ad1;0x76b970511b2caaa73ca995c396eb0fb8140ac2b65f3087e60b03136bf3cbc532;0xe14b7a11;0xe14b7a11L;0.500000;1503101584;1503101587
1;2048;8048;0xa5b88665c96f6ef0039c2a4b0bb6b93d685704a25504b0291e99377747d377ec;0x093bf84f5d3a8ea02111de5cf37a483560f51bd9529c747a54ee531c061f1f37;0x0169c5a7;0x169c5a7L;0.500000;1503101587;1503101590
1;2048;8048;0x9bd1326b3a938a3c1f2ec9ed4bfdd48c3332c54cd240dbad4a177cac61d402fd;0x1b39d3bbefe74aab962989d020dbdc72c596204755c571547ed88d6228b42787;0xc809ce2a;0xc809ce2aL;0.500000;1503101590;1503101593
1;2048;8048;0x78dfbb322d28ed1131b496985755f33bccf2dca76208a9db100be46243bfb1bb;0x5cf7bd6abd13d1f66a83647a79366003fd293cc4c3314384b17fb27816d3ff28;0x3acb1526;0x3acb1526L;0.500000;1503101593;1503101596
1;2048;8048;0xb652bcd96f90c785f5b80fb90c09ebd6b4195099123311b1cc799ba91023f3c7;0x7e69fbf95d7afcf0d3fb788e6e227d3d8faade5a1bc4b3a0f5dbe57397149582;0xc970eba0;0xc970eba0L;0.500000;1503101596;1503101599
1;2048;8048;0x3c1e32a9c1d5eea6233f86ae61d891b3277eb1d3acff1774a80f76248f54efcb;0xbab3932e58edd5040116087c21456fc81c51919cef4998aec8ee7093059299cf;0x8046bc70;0x8046bc70L;0.500000;1503101599;1503101602
1;2048;8048;0x054a4a07c1eecabd9a90241850e3553952b0179b755304f790be58618f665a95;0x796f716ef60a1253633dfabfc40616caab998a81a0db7a09bd8ec070b8fe0972;0x4a85d949;0x4a85d949L;0.500000;1503101603;1503101605
1;2048;8048;0xc4d559f95004f22c673f8357f38821ccc39d45cee87daf97bd6880cbaefab472;0xf328f497243cb160f777ecb781c62dc7f667eb6df195d73ee53274ccd2d625a8;0xf0091297;0xf0091297L;0.500000;1503101605;1503101608
