1;2048;8048;0xd665fd00ab8b046d6341a2382845b10bcbdc561a90a9a163d805645dd6ba3aac;0x4a4c8578397ffe18feb7cb7664c9c5cd467fca752127ed5bcfea7742cd56538a;0x3ddc8ae8;0x3ddc8ae8L;0.500000;1503129244;1503129246
1;2048;8048;0x75863a9c6579e7c9a370e0ef1bb1feeccf3d31d9980a2b313b006172a0d18f15;0xbe6d1d2861497c749406c0e95937ca302adc7fdf933d247e1fe060d67ce5d957;0xc01df332;0xc01df332L;0.500000;1503129247;1503129250
1;2048;8048;0xd63b052ba9d8cb59b4eb2ee78fb04bbb2a7b23aed4646344f7bd123cca4221a0;0x32609972f632b7e322ef6f126f83df0ec6dfbe3c426675a74dd7174c877020ee;0x709d4156;0x709d4156L;0.500000;1503129250;1503129253
1;2048;8048;0x6823cdc617e831b6201c0e6c8236ba9183f186d53493015a6baf4e30ea901952;0x836ec8d007ceaaa7248ad7321742a13d6589c601603a9ba272155bd68789d2d2;0x3d8a34d2;0x3d8a34d2L;0.500000;1503129253;1503129256
1;2048;8048;0x6ded95f52c620fbedef94907be1f95c12365864a6b2b072d3dd93d51ab40f318;0x02fe05c21eedb28d431eee808b9ba126c4a35334d37e90468454ea47d0eb17a4;0xb80f82c7;0xb80f82c7L;0.500000;1503129257;1503129260
1;2048;8048;0x70b48059517a5b0c68b40c6bf27fd73250c64e8ad1146b4ea7c779e024103b95;0x2cd4e04337ce5b7b9352c0d265c4753162d2ebc41a5df20af3a21eba9cd22e03;0x73404798;0x73404798L;0.500000;1503129260;1503129263
1;2048;8048;0x1a4faf18ad99a9873077a6d0eeae168d626c50cc324e0331657eae873ca7ba56;0x35f8622ad8adc77918bca3ae737eb6167c008255d931743e5ecf687e66eaf7a1;0x2363381e;0x2363381eL;0.500000;1503129263;1503129266
1;2048;8048;0xc8d97c74c603cd7d3205a47e0136fd81cddd524eb69abddaa0675cf0081804d0;0xc77aa7563c88ac69cb7d8f196b511e5ac29f80010bfd0b6038212d94435123fa;0x098aae37;0x98aae37L;0.500000;1503129266;1503129269
1;2048;8048;0x1c1d1a6a1f153f0f3e4b01318f3960acf4f3fbb81745d3b999d6781f21977f3d;0xaf5e7079bf71e515e1f23b4771868e12fbd8a8133b3f072a39dd7f83007ca414;0x1fe83b76;0x1fe83b76L;0.500000;1503129270;1503129273
1;2048;8048;0xbb687554262d877ddf97a04f40b5cf0dc934801e720f2602e8f4c9626fb7a92b;0xa21d206d141af5ada14af70cb7a4ec8cba4ab374009fd4fc9977f385bee3cfd3;0x9bd5aa26;0x9bd5aa26L;0.500000;1503129273;1503129277
1;2048;8048;0x79df52e4ba83b63dc08a8408475a6f10b102382163b482ca5bd6c61943649fbd;0x4edc9cb4a7588909a586448a828c58676b2b5421c6aeecec98944bf05e2114de;0x07956cf5;0x7956cf5L;0.500000;1503129277;1503129280
1;2048;8048;0x246f813b8e2d3566e0ff07a4746735c01fa9108f1b3ac7c765ac3296c40005e9;0x007da72976d7a123d019fa2c53497d558221d31b07252914709be85745b6d276;0x188d7a19;0x188d7a19L;0.500000;1503129281;1503129284
1;2048;8048;0x819795458bda4e6599a01a784c5275f4338aff413ab47727ae00c0d1942ca515;0x04c1c71e6f765a34b6e1e85c0c7fb025278671161a888489bd7e7592cb427a85;0x622710b6;0x622710b6L;0.500000;1503129284;1503129287
1;2048;8048;0x3dee520e6d3eba7cdf8ed18a498d1871eb24bc874b852720204137983256b270;0x695e9d7d98bf2859d6ff2e249d42dc7d0bcd25832d2c7f00bfb8c53969c8414a;0xc46be2d1;0xc46be2d1L;0.500000;1503129288;1503129290
1;2048;8048;0x26b0b2d75e0cd7b2066d60cd0ef4b9ccbd09260a7c51b23a6828c38c914fddb7;0x60c977996622dfd623af59009b2e5e73d4a003073f758222e27453d1eb5ce740;0x94050190;0x94050190L;0.500000;1503129291;1503129294
1;2048;8048;0x79ed43ffb05f6426669ab8eca58160eda41442dd8bac08cd8a015fc0830071fc;0xdaa6db7dc860b2266dab0ae0dbe17087e9ae8d8110c279832e026560ee144b96;0x97fe3422;0x97fe3422L;0.500000;1503129294;1503129297
1;2048;8048;0xd723bbab66418348f490169e2ce5188f772b78b134ea5ceeffbc7cf34b4ba622;0xdad8fd1806d4b5916dc4dae36a23114b7ff085789bb0445a29b75eb5400be25e;0x54fff10d;0x54fff10dL;0.500000;1503129298;1503129301
1;2048;8048;0x4a526e63899962ab75cff0a57095b2321fd2c49907c3be4b652af663f7aafd42;0x95b9684f3760570a627d967523334501e7dbf4143518b726b5e7aca821d52d99;0xd695b8ba;0xd695b8baL;0.500000;1503129301;1503129304
1;2048;8048;0xbb3766320bc23a85608dcac9875c2379c06576c8055b8da365ce18743c57f6f7;0x5749c2a31408f6b841af164241ad1b904e44788fab4d56bf67179cb9e806b4d2;0x64d557f3;0x64d557f3L;0.500000;1503129305;1503129308
1;2048;8048;0x833915e4bf02e8e54b6b50c9cae1cb079152182056571e3fc75a644a8d77a510;0x0a254948e6533e4886e9a3987711e1c3de7eb7338c9a49eb46f8e6a82b25d0eb;0x10a3ef13;0x10a3ef13L;0.500000;1503129309;1503129311
