1;2048;8048;0x5ee2bf120c22844eccdb9150ef5c5699aacb649e758d3c268182b57d4e99f3ac;0xd68a4cd77f99be78d6eaaabc173d5b0140427ad3411b110883c28c220a067f18;0x4667aad4;0x4667aad4L;0.500000;1503125948;1503125951
1;2048;8048;0xed000f01ebe0bdb377a6ff79a3e1a480246ddef7721f0a8a66eee2f5cc0c41b9;0xc8312356c0fa28474e8abce5e48a37f9e555dc3bc2d31ab3798597ba480e0a80;0x25713604;0x25713604L;0.500000;1503125951;1503125954
1;2048;8048;0x275512d338680d3c779553108cba4c7c419e63d5d0d25eee458e7aab2eac8556;0x3031d0bd8487c7f02dac481f3ba8fc0fb6b6c13941d65103d068409f75c6b6bd;0x93bbb8e3;0x93bbb8e3L;0.500000;1503125955;1503125958
1;2048;8048;0xe1ce0eb32f4199795e6dec14fec51982d8c03dd12362abe52aaeb3985790a538;0x2531b745c9e62cc1dda493e0e928f4019c0762d86f5d6521fa72304a6cb2a82d;0x588538f0;0x588538f0L;0.500000;1503125958;1503125962
1;2048;8048;0xfc0f26ebc5c35205acfa6f4197901b7e5ba54ef4536a073a5f77949884a6d281;0x912bb4c1607d5c351ad512794411994eb81e4669a68e4cba111308fbcd470ec0;0x15d4d91f;0x15d4d91fL;0.500000;1503125962;1503125965
1;2048;8048;0x1ca337c70fc205aad3a60a6610c711714ba3b64443b35debab3583e89d9ad4b9;0xa0ccecf42972977c2bcff578ea68ee360a867afa3c9fd7b63621868675bdc23d;0xe945fcac;0xe945fcacL;0.500000;1503125965;1503125969
1;2048;8048;0x1c5ee8b1f2b0fa24c7ab1e61ae081e3dcde626fa91b7f59b8b85608ae2fb17fe;0xbb2d95929e759d820952039e41031743d3fc1eef2924420de20a1a1d2d022051;0x2d6d4a17;0x2d6d4a17L;0.500000;1503125969;1503125972
1;2048;8048;0x55ced3b68f60eecc82ce55a029154ac58e8f44154b13493d8fcc989ff1290846;0x06b6af8427d867bc9768be81704f42b5591690b316bfb930a5b34f360614c505;0x4d9df50d;0x4d9df50dL;0.500000;1503125972;1503125975
1;2048;8048;0x0d83df0fcc1de1875cde02507f34b7e11174e819ef3279696fddacdff6d21a04;0x8cd2c9dfa15eacd73e3e41f1f3a8d20de4141f4b7ef90c39ee3b80ce654ec03b;0xe2f7f36c;0xe2f7f36cL;0.500000;1503125975;1503125978
1;2048;8048;0x2848719314203760f6be0391b219b54f7ded23afc5a2feee25369b6eb9b24de1;0x10e75f2c06c9cf501873fe64b8b708b03bc8a948360d48ca41d56c51e25dc22a;0x84c23dc8;0x84c23dc8L;0.500000;1503125978;1503125981
1;2048;8048;0x2594a9d9b57b7036d0fb7b782aaf70a8cc874d97bb037db10e895cda9dd87cc2;0x53ead5a20462d57b8395d69173db16090736b5485abf23d84110ebed5e45e28f;0xf54d1614;0xf54d1614L;0.500000;1503125982;1503125984
1;2048;8048;0xc823470a70aa591225254f602bc319cd6c3807bb41c80b6a8f08e1e1dea971a6;0x8b7ade13dc864b5a8bc30846dc3f3f0aef4c5acca282e61b7454afa625c5cc28;0xe66ea181;0xe66ea181L;0.500000;1503125985;1503125988
1;2048;8048;0x4850316bbf2604e956e9c0311622478c701f495eb89302b1110a28767145c9b9;0xb6b5f9088bf2e155d234d60337618aaf77561737d6e043a4e1c15aec8a02e77f;0x33868c28;0x33868c28L;0.500000;1503125988;1503125991
1;2048;8048;0xb23a685fb6386c9ae394724783a2f1baf37c119eaf554d4a1b47f73ff79960aa;0x3daaafc2ad680fd5f18087ba31e527d045bf9861d57213696fe678d61b518957;0x2440a316;0x2440a316L;0.500000;1503125992;1503125995
1;2048;8048;0x85180cf622878db011eb6901f31f41fe2396524dd92e0b8d8bf09ba27660c0fb;0x3b557c5a552b44ae6b30760e0b9436dfbd2fa2b83ce6e23940b9010e9231ae94;0x73a4c88a;0x73a4c88aL;0.500000;1503125995;1503125998
1;2048;8048;0xee054d43097f1cbd71644f542266bc1845686531f9c8838466a6ebc927662d15;0x5054f22a4a0c39ed15abc045f42254dca7c90b3aaced4d7753770d121fcfae38;0xc0a72b60;0xc0a72b60L;0.500000;1503125998;1503126001
1;2048;8048;0xcbc25268b5f2f6ea629556549da8380f3b66b1875ee7eeaf2d78b1e139b4b304;0x9e38102dab43ffed9e80f806244fb2a21143d99ba9546f664f07a24de5dc2be7;0x7676b15a;0x7676b15aL;0.500000;1503126001;1503126004
1;2048;8048;0x4484e1584a1fa12d847c5244c6a9ec744fe15cd1c204434f979d90b872eb18b6;0x8e28d815381c5ea611dcf50161894e1056ce30b87faeef9f9e828255bb3ddff8;0x6da06f9c;0x6da06f9cL;0.500000;1503126004;1503126007
1;2048;8048;0x25dd1512a6d96d462419cf9f4d5222a90c295b595b8572230c6a306419c20d3f;0x3612a051d4d5811538c76359ee419251fdb779c112470ea069877345f9077ffb;0x300e460d;0x300e460dL;0.500000;1503126008;1503126010
1;2048;8048;0x8d8d264d8034ed2cbb1fee39ed4b18c41b6b1dd41cdff70240fdb21eb495bd42;0x4abdfbb6cdc1375398982f8caa1fb3ef09396fd1e2c3710c16f5af578c4a732b;0x084caddf;0x84caddfL;0.500000;1503126011;1503126013
