1;2048;8048;0x204bac50640d77f34f09edd71f4ede91e885ba561db7cadd8338691f306cdb50;0xfc6ced3a9ef324d7d26d037d61463b32feb1ca4ac3eb2ad3d0a443f5d8558db5;0x17c4fdb3;0x17c4fdb3L;0.500000;1503129881;1503129884
1;2048;8048;0x7c5a19a5a81f89b699b7229215e62afa6afd49956d0606944feee05623ebab9f;0x7be9127af5dcc0b2ab782e949b4fd0a73aade7824c713abe5de220e3d8a492a3;0x16f0085d;0x16f0085dL;0.500000;1503129884;1503129887
1;2048;8048;0x7fbf75cfaddae66b8c727be3136a6df088ee2359d7e31c57269eb5142e2eb2ad;0x85e4496183288edab607b512311b6e4a354dd9bca47eabfd8d86fe0cf236a718;0x434ec733;0x434ec733L;0.500000;1503129887;1503129890
1;2048;8048;0xe41dfe9b792fe90237e7c35659653547cf3b9d8b58a7e6d99abf13a2d812bdbc;0x3155f141f6b2a8057b17c296c5ac1eaba9fcf591797e2e3e715d79466042e5da;0x27324664;0x27324664L;0.500000;1503129890;1503129893
1;2048;8048;0x18a119984c096011f5c8b6844a29450d83ff7e553e9b906b6b06b2630629c61e;0x7f2c2a0d0e6c2a3573ff09f0f268db7ac053e4b316ad99b23988d8f3bdf8a2f5;0xaa97878d;0xaa97878dL;0.500000;1503129894;1503129896
1;2048;8048;0xe5ce362086586962688dfcf7be9cdd5dbe54831d0a3fddf1ee65dd3f3e2f4c23;0xe91baa83d29d39b0007053b0b5d614ab8aac029ccff43771428fd4f27348d306;0xf83584df;0xf83584dfL;0.500000;1503129897;1503129900
1;2048;8048;0xb3f79a8bda0d2ff87f43f1801827bd587800490996ca64d7cd7a02c2076483ba;0x4cb12d6b177a2d38fda7139721434f6789f5c791e1478ce66e99ed5e44f05d97;0xbdbd5b5f;0xbdbd5b5fL;0.500000;1503129900;1503129903
1;2048;8048;0x417d41b159ccaa6ee4a5356848015589f2a272a40ef557fc489c55010c2fa54d;0x7529133eba1101cc96e3a8f980304a6c66c6451fc165fbe61dd63ea7b8e5ddd0;0x1219d77d;0x1219d77dL;0.500000;1503129903;1503129906
1;2048;8048;0xc8d2f4e58fd4a08cb1a03960e7af9bcff138c064da5dc6f975de85a4281667f0;0xee9df6c2783e794297f93948271f1991eb83fc3898ce32154363cfac8005d50b;0xf0bf9c31;0xf0bf9c31L;0.500000;1503129907;1503129910
1;2048;8048;0xeb9210570d32d2dc27723246ba3b382a96667ed55991712594ff278dbddbcfa8;0x31038aa5af17d7b042cadf4f154cb235fa532f71498fec72bf534f1c12e64ee7;0xa2b5a920;0xa2b5a920L;0.500000;1503129911;1503129914
1;2048;8048;0x7a5550e4bff229dc325175f6c6f92da71aae997e3a00fe224a25ea12f298816d;0x5b04bf44fe8d2f3bd7d323953ab31cbd1341b9d7b6c201f152df4dc1aff533d8;0x0bd12e9a;0xbd12e9aL;0.500000;1503129914;1503129917
1;2048;8048;0x4f31763fc544896d76a98a2d9fd1e4c48ab7fd4b4734546b65745ab46c4362bb;0xe5d4859c525671b848a10a87647fe8c4c18a6cc2ebfba70f6f58a25f3f41b012;0xc80eff67;0xc80eff67L;0.500000;1503129918;1503129921
1;2048;8048;0x7a0fda89ae008f5c65a35f4624b7bd4ab061049a2372629d8c0a79624b9491c6;0x3727f70e7fbba1642db0d3b8915df00ec9325606c68142ca673f144df1d6a328;0x5d450181;0x5d450181L;0.500000;1503129921;1503129924
1;2048;8048;0xf09edbddae72acd19c61ab77da7506fd7dd600f3e1b6126c64d4b56df212cee2;0xbf8da13114c4209b56f6b48795fb0fa3987758350cd17b74c3a76407894cdcc2;0x032751d7;0x32751d7L;0.500000;1503129924;1503129927
1;2048;8048;0x56f5e46b6215f346c7463ec77a7c386d37f0a24ddcc43889ea7f355be27f9c38;0xe2474d689de6454ce85fb57808fe0c6d6c2c1408cb2b881eaca16aeeff0a5b2f;0xc0f52799;0xc0f52799L;0.500000;1503129927;1503129930
1;2048;8048;0xc44614ab661c903f98a1899d3587a3d8e2402dea6686332ef7947707ea3529af;0xf03bbc22036c28bf2e0d9807f6e05cebfacce49d7c6617b4a16f3228c0db3322;0xfef29e61;0xfef29e61L;0.500000;1503129931;1503129934
1;2048;8048;0xb751d2e7d1c6b32ec67a03308d4b9d9d8cf9411ff8aee89a724f4c65e5d59f9c;0x33cc312b8493e5bbf7515455eed4895b38ba09b5461e88d3ac41be75a40c891b;0x2a339d7f;0x2a339d7fL;0.500000;1503129934;1503129937
1;2048;8048;0xc6c2aca6d0808c6fffc225e823c691c0d255076edd7f4cb5884016998f5bb856;0x5eadc02e937f4068ba9603656ebf3698a8e219e0bee7e3e251b27fe951a1776f;0x5dd87360;0x5dd87360L;0.500000;1503129938;1503129940
1;2048;8048;0x50e8c10a46af1befd77b4ded07b52f223a6037a26520b84547715f640ace925a;0x1bef4a1959eb0af26e47c3e3b63a65fb21a8bbddfd1c4bb75b437d1138cf5df5;0xd224568a;0xd224568aL;0.500000;1503129941;1503129943
1;2048;8048;0x4b35d662c0c594a0ebf1cbd9ae65680e3dc40e3d0884568eeeaacfd3b2a818fd;0x4cd65ae679b70fe1fd59156be13cdfde062157d343e27bafa9948bcb0296df70;0x97a99389;0x97a99389L;0.500000;1503129944;1503129947
