1;2048;8048;0x526a48b9b89d8f386643647fbf957e4f97524ea8e44a1718b3c58faa110da064;0x565eb102c2de6552f5de559cf8cf89e9e102b48ab6b10bc53b2bc2df06851ece;0x3ebb012f;0x3ebb012fL;0.500000;1503117346;1503117349
1;2048;8048;0x30268fa320be8f1a68dffbda95040e4f447b8c2fd3ec41c0225fdd8d04707035;0x828973e3c90d448613406943912f86dabb8bdb040c72b4c3ea93bd3bc2ad0d20;0x04decd3d;0x4decd3dL;0.500000;1503117349;1503117352
1;2048;8048;0xdfe1593c5c26f5c8658a9121ec2e5ba19515a0e51eae707ff7b6f9d1bf6d1d9f;0x68d4a23bf85bea5a4eb95627147ea3ab7d4481611735bed93eecbd178576cce2;0xeb47c2fc;0xeb47c2fcL;0.500000;1503117353;1503117355
1;2048;8048;0x93ccf2dd2dac19c922ab5b3e527033bc165ff3660fd9fab5a6f04c5d90d18524;0xe10f37461f383fa0771b42d4813c23101149b24e34689b1a53e4f36fd205a3c2;0x3cdacf7c;0x3cdacf7cL;0.500000;1503117356;1503117358
1;2048;8048;0x993928b6f7a965993a49c53d82dbd4c7dfe705ff104036de69c1a8a60108349a;0xc78775cb57a85bb433fce35d37f1722fde02b073c60ff7f2c5ad318a499d48c8;0x14331dd2;0x14331dd2L;0.500000;1503117359;1503117362
1;2048;8048;0xad11e1a7b0a5f793d0019fbf9492eeb143b5597d90b440452be8c77a03a670b0;0xda1fae0e3e2b2c9f3928aad9b566e25fdfd36232735886b68510c2cd0367d1e8;0xfdd8330a;0xfdd8330aL;0.500000;1503117363;1503117365
1;2048;8048;0xa6cb71f27bd7d86b15e414533af189ffb5d0802929d2abaf50e556aebdf28863;0x40e3f41d75050fc69b550e2b956d7b570b9d653f8f2153324a59de14f78bda19;0x1ad57ea0;0x1ad57ea0L;0.500000;1503117366;1503117369
1;2048;8048;0x5a6a4df58fecab081c7679e0ad430aada4371dd067568d103ac581e76600edc0;0xc6a25d51f231f305f69e3b6cf181ec3afd6eb8eb2018601964f7871d731ebbd2;0xdc187551;0xdc187551L;0.500000;1503117369;1503117373
1;2048;8048;0x9ad4a9d7b31a9f4152a5b61666cfe5be4e1ab020d887c9c91c6078156e46e308;0x69fdf099d8eaf289442d6e23088ca264e9f4f32bff9349e61040c0f29bc2e3ef;0x0880ce1f;0x880ce1fL;0.500000;1503117373;1503117376
1;2048;8048;0x9900720120692a115c733cc12de58e7ca4da4c0af1797784965530dc9f6a3d38;0x19d21e18c0051ad6c464b97993fcaae882ac353d2100ae026e6ccbe71d3ccb74;0xd3a86561;0xd3a86561L;0.500000;1503117377;1503117379
1;2048;8048;0xf3bf11011fae307ad775984aeaa1a540bfd018eda77bc04d8c31a84b96778c89;0x988f4bea8436bea25f8b1e97e41dedf8460e781abf3d2fb197daa3407fb29338;0xc786632c;0xc786632cL;0.500000;1503117380;1503117383
1;2048;8048;0x8a36916442cddab7249bb967a9728fa8f85d26ff2e945bb86f4617cba4654a2e;0xba906fec4243d9b9df096698b17f6d1b6e290fa7394b48822ac40ead0166af7d;0xea909a47;0xea909a47L;0.500000;1503117383;1503117386
1;2048;8048;0x224684870e374232fc3a72d59c484a6e5d3fc99c3ea24796591801ad1c52013e;0xd78b3d16df00bda5ff2b66d43fc96e025700e7b1190d9ef128c718c32fecb0da;0x5f43ba8e;0x5f43ba8eL;0.500000;1503117387;1503117390
1;2048;8048;0xa1a894fa189e6c7a1791c4b8ac713a0e8c9f3198c537f0ffdc81b4229f5a3e40;0xb25cb4de938c91ee6fcf99c7d1844f17cc152d8aac1da3ac1955999be515ea4d;0x55f4def3;0x55f4def3L;0.500000;1503117391;1503117393
1;2048;8048;0xdc122d808fd2b3a8726b4b8b5f09364d70bd6ca8dc7c307cb8806750bfdacf9b;0xe36c95723f3fd1698ee30f09a69048c7e66cd9d3d985c37d9b3a006ac12ecde7;0x20595607;0x20595607L;0.500000;1503117394;1503117396
1;2048;8048;0xea639ac28fe44295938fd3a59d3bb0de824757435eacced6f869a05b8533926f;0x131438b216698c615988f8504ed5501e5430666e3bd2177cc3efd534c3215387;0x06348b5a;0x6348b5aL;0.500000;1503117397;1503117400
1;2048;8048;0xe61e630d3ac7ed7876b9e10d5b0e9e474a96752eb692c9e3a4ef925d58bf803e;0x762d99d99687761dae5f88b39a28a3ede39e061038f027a1c4867dedf93e6600;0xaeea192e;0xaeea192eL;0.500000;1503117400;1503117403
1;2048;8048;0x823485dd54415f7026b25da90b19fb0ad21bf060fe1aa7498eacdc35a5573d28;0x6803b070a94584b38213b207aebe2414f1b17d06874b01243088617971de8113;0x991822cb;0x991822cbL;0.500000;1503117403;1503117406
1;2048;8048;0x45f545c766e2ef505412dcfc47829d4a24a31ad7eafe26cae1b574b01e51b163;0xbbfe33e2a259423f4edbaf6cc5d4d6abc23206972416b93058201b1ec3abea7c;0xb33bf8e7;0xb33bf8e7L;0.500000;1503117407;1503117410
1;2048;8048;0x2759d440fd642840e74edd0481aa43a3881edfda39ee8d6a7a371bf0f855451f;0x135cfaf3cae23aa3a4fe37ec0c568f25025de70cf5416094baf0dbcfa83bed85;0xa3225005;0xa3225005L;0.500000;1503117410;1503117413
