1;2048;8048;0x9eb8b312e1ed28d7431f46d1c3ca747fcec871d563281017bd111e4053ccfef2;0x099c2226f8b382dc95b8a2f5c5dd1783d74b29b178bf712594cda910c638a3c2;0xae4591a3;0xae4591a3L;0.500000;1503137097;1503137099
1;2048;8048;0x10750a2ace8f2dec9a322799ede131cf2d454f6b4d55f26672e3496c26fcf036;0x4d93254d75555ec9b89d915e35b235fdb6dd2d72ebe9a0ecbdd932c76aa35cc9;0x6311d591;0x6311d591L;0.500000;1503137100;1503137102
1;2048;8048;0xb4f36b795d6d42055475e6af6d8ab8cb8dd788927372cb69be23e364d4e9e388;0xb3f7789c50ec5961ed6206e9e254c79b841babb5ca105d2a2424bf6d7dd62ae4;0x0e09aefd;0xe09aefdL;0.500000;1503137103;1503137105
1;2048;8048;0xce38b8f6b5869c1124d2d2495773d67092e1521a3862ca3e18231333c93f6098;0xc31ef604fd72962157f74fdf103251a8ccd119199dcee239dcc697bc0c2dd05f;0x1804d955;0x1804d955L;0.500000;1503137106;1503137108
1;2048;8048;0x170094e61562d54a60d00b5be4b930c0849da6af1bc7cc35fc16007275d7f68c;0xf4a52a1496b3a1ccee02f86e86fdc34d06f704d457c717da60f0e8cdbfe7479b;0x1a52ccfc;0x1a52ccfcL;0.500000;1503137109;1503137111
1;2048;8048;0x39bfb93412fabf7ce478c7916d38274965b032b9d961b28b04851b848f29edc8;0xcf3b702be1433cf2216ac517a2d9a242bb106c61a3c95f2ec40283a14080b5e7;0xecfac880;0xecfac880L;0.500000;1503137112;1503137114
1;2048;8048;0x6583ccad8d000fc0b7696006ee4f8f4a8b28c7467f302081675de8e82d60ec92;0x48ac8f59837d45e0713914efcd259b0fe721f4f7af379c0cbfa96ce31dbfffa5;0xf18de35f;0xf18de35fL;0.500000;1503137115;1503137117
1;2048;8048;0x608d5a9e588e1e2c80ebb5923db75677a2e85387c9d3940428796c3eb6ed5716;0x476ded47915dba7cf4b9d2012d81a28ede5e2fa85aa7ab9bee1aa1b3172af65b;0x4d3138a2;0x4d3138a2L;0.500000;1503137118;1503137120
1;2048;8048;0xd1d86bc0455d52aae00f5d2ecc72a48cb5704969bc20777c79d3e1f205362fd7;0x2645ef4c8d47c63273cd5f9ac210e65efec8da31bdedd03d0fc0393d27026df0;0x0cff7151;0xcff7151L;0.500000;1503137121;1503137123
1;2048;8048;0xed9a0b5fed911986c332aa836d81e0506a00a537671c519571b66ca35960fe46;0x3a28aa601b45211c19a0515bdb5e17787d82b7d312cf40019494390147a39cc0;0x91862790;0x91862790L;0.500000;1503137124;1503137126
1;2048;8048;0x0c25fde4ebfe25aa6806b0f08d8fa0bf5af3eeaf83ec1fc2304cf2ff703d5d7c;0xe4ca62a8620c69afc7121a59589d3a432540a02bfced0cd5528507bf44073245;0x06f82878;0x6f82878L;0.500000;1503137127;1503137129
1;2048;8048;0xae1ccf25d32043718cb3cee0d46ab58c19739dc1387cdb8b8fda5b432e02d6dc;0x6f3c5c773d21020671ca02816c36525b708dc43a1a68f5c699500f9d476535fa;0x4bb670a9;0x4bb670a9L;0.500000;1503137129;1503137132
1;2048;8048;0xa0ba613369460a476b2b15f94fd2a3741d1bdc6be54375fb19b8bb4cce05c06f;0x552c5d9a2cd86c863fcaab9ce9820b74cb15794003b718dec19a9f84a51d8bbb;0x8cd0f146;0x8cd0f146L;0.500000;1503137132;1503137135
1;2048;8048;0xc3199d4064c610ba0ca94d41a5fe40d13b21ed2251402007ddc44e06ce2ebe91;0x60f2ec1171dfd7eac43c6cd0bc0f3af7cb24b91bf4ea56e589725fee606b4c83;0x41714e96;0x41714e96L;0.500000;1503137135;1503137138
1;2048;8048;0xb9a2775531d1a569f24842144e9a7c00f94f0666c295a6538980068e7ea89937;0x3cfb8048c1987499bacc922b324ec7ce4ca58a97de76853defe7e270afc4aded;0x3ed40737;0x3ed40737L;0.500000;1503137138;1503137141
1;2048;8048;0x3e475797ab603ea272734f1cc3a94c758cf7deca4e5f36059dc00dd43205b370;0xe4d4921d9ef31ea1eadcdb1dbb3a49c29c7222dd095db87ae1dc38d4d5692a5e;0x96a2ba4f;0x96a2ba4fL;0.500000;1503137141;1503137144
1;2048;8048;0x13f092409c80ab9c3af0945e0b5082e9a267b8a7f2a2e1def7b5bfc3c97725dc;0x399e0c1923b646ede48ab7d3d82e5c1a58ae985e2dc922d1e36bda7c325a0621;0x4692f8c7;0x4692f8c7L;0.500000;1503137144;1503137147
1;2048;8048;0x8515e35477db750e851d7ae9acb07732840e826a1e121b7ca29ba4a2548b0ad9;0xb97acad2efc5727f7e72c742b28ba4f475c1a3e4ae0bb00b973ac561be529993;0xb4a0f9ad;0xb4a0f9adL;0.500000;1503137147;1503137150
1;2048;8048;0x3d809a9a315b95d2ec8b9c20bd942f8336e337fc43168f879d0dbcc86bab09a8;0x3caf957cb49ae962e31f0b3930aeea116ca1025e5efb1047fb80b7c3efde5112;0x75087590;0x75087590L;0.500000;1503137150;1503137153
1;2048;8048;0xd74d9a3b47c4a2d64e3716b0c132b90a1a794fc97055816b9bdf9c90cbc0a6a2;0xf3577672b0e025a7b24c85479e2352ef403c141c5ca617e2a5e3a7ac13d901ef;0x28cde319;0x28cde319L;0.500000;1503137153;1503137156
