1;2048;8048;0x103995f319388395437ab7ae7af601a8956af579faee689e9ebe87c7edd06dfd;0x47316bb5b73e39b9e56bc328343f8d7a74ade2f28e6c8558ef4b9cee4200f8bf;0xd5671fc0;0xd5671fc0L;0.500000;1503131857;1503131860
1;2048;8048;0x87f7ecc622cdce4238e8beb155764d531fe2434551303105fabccbb5872a610e;0xb70e55997ce3310bce3922fca517f2f0ffe0f87b8daed25750387b05d048405f;0xb187854f;0xb187854fL;0.500000;1503131860;1503131863
1;2048;8048;0xd017e0761f391297b4d9311040a37813b499cd79ab8cec4a5770bfbc0e2d07df;0xe0c14c994e38e2a81f65691197c15dcf15628e858c8c78796b09c9d50b992e88;0x31dd0c52;0x31dd0c52L;0.500000;1503131864;1503131867
1;2048;8048;0x1f35b669c6d048086b3487a55631fa85f66516e9ea0b43ea65926090aeadbfce;0x0aea0b18a9d153ad4effa32d7b6acad118d5943b6c5d17e76196e5fe16457add;0xc3f171ca;0xc3f171caL;0.500000;1503131867;1503131870
1;2048;8048;0x3709cdab9a5707ad0b388d991248f83eb09c25bbc7147cb5c7cd6162670e709e;0x49f4c6baaf42776e9ab3a9f93e87b09c2340acffa35acb23de20114ceb70824d;0xf09a603f;0xf09a603fL;0.500000;1503131871;1503131874
1;2048;8048;0x8748fd7e14d47403cb92c82e849ba0f766b9b3a205386f63b7c4cc148e7fda15;0x3019ac47c153608d86b6efe5c90c5d368dfd33648e498e84c6cd59a638f28fe8;0x4a060333;0x4a060333L;0.500000;1503131874;1503131878
1;2048;8048;0x2d15af21e0635fc33d24fa075fe444b0edb1f1d636e9a7afa6a1b183e35df210;0xb054f69db2910d0ed0b676d61397e665df9c2c816603794762526e143e1c7203;0x403ccf88;0x403ccf88L;0.500000;1503131878;1503131881
1;2048;8048;0xecdecc97b1146bed90b634dd2a315745bff609419308b64c43a3eeb5a25d4c8e;0x833026b1e3867b6eb61cf935acfa32dad72ee1b2a16dd7a22a2a3f5d2463535e;0x7a90ea16;0x7a90ea16L;0.500000;1503131882;1503131885
1;2048;8048;0xa58b288817798ce87805845b7168f8f26c9f47ddf80c06b699ed141ff9a0189e;0x89b8d3e4e8448c3e77cf10a4e609190565006b514308fc9ca93f7783f20bf532;0xad62aa6e;0xad62aa6eL;0.500000;1503131885;1503131888
1;2048;8048;0xc924c7f0cc2842b30e498bfe7ae71a2adb85ec55e6d93dfb573da02ba06ed069;0x9836ed94ad490dc28d9230e9cc5a5599b9a5b0da24885eecbb7230294628a586;0x4eeeb530;0x4eeeb530L;0.500000;1503131889;1503131892
1;2048;8048;0x3bfc105b5fcefaaf5cc83b1e3b129416a7b5c5196f7bbeb029f09351b2f0a5ee;0x051dde6f25f18bf405feb7c192be08bf54bab225dc996c3f3348a944c14e71d0;0x08523a01;0x8523a01L;0.500000;1503131892;1503131895
1;2048;8048;0xfde6bf7b3ef53924410f825464b37092ca852e9ee2c3bbc312cb097b00b5befd;0x71fdafbe1948549dbcfc5e1e12122ec4e8c87b401a6cf7c7b926b783bc40794c;0x27bd393d;0x27bd393dL;0.500000;1503131896;1503131898
1;2048;8048;0x90725c169c33153b3e1e9765687ee393dd842a75ccac7ca5dc3cdbd554fc74e5;0x319097d66f902dd7eec2992a26056ccefae64dd72fc67a29b5c1b88a8541d616;0x8dc62bba;0x8dc62bbaL;0.500000;1503131899;1503131902
1;2048;8048;0xed7107d575e1ae0183931637df2f0e29f2f9423717e69b9128b3e135bf510dad;0x96c564b724d3dfd96627f7eb74f46103af294608dc46d0a35184938d8dc4867c;0x23ddcc00;0x23ddcc00L;0.500000;1503131902;1503131905
1;2048;8048;0x2a4820a95d232aac659b1ceb9938d831263f51aed3fe2723238f05ea95e743bf;0x49616717de30e06e033f3587bcd0e42404cf8fe535afcdba6c5cdaafc77e955a;0x861cf7e8;0x861cf7e8L;0.500000;1503131905;1503131908
1;2048;8048;0x252f17ad40c4313636523ef7d6e7e9bcffbc8b9a57e56e8e5ee61df24fb95874;0x0cf4df4db3a9abbd587c3d59ce4ad043085a64dd332c906842691800cc5a8519;0x13bfd954;0x13bfd954L;0.500000;1503131909;1503131912
1;2048;8048;0xa790198077e98ad2adcd11deec928a84b4b1aca585d88530ad56e12bf58baa9c;0x9fdf13224c73b5379391561250704b240c4d3314af86871127437b4a5a258011;0xdfdf326f;0xdfdf326fL;0.500000;1503131913;1503131916
1;2048;8048;0x3187692a9e9e87d5ad6df8f2aed0377264004829b9768cf58ec21a1ff1220623;0x72e8df1fa94d8e5ed263db1cdc43812cfdd38d37d07ba543c94a8e529c058460;0x3fb9aaf6;0x3fb9aaf6L;0.500000;1503131916;1503131919
1;2048;8048;0xd237b5baf1d0f551239d2d78613de1fae1f808f0680ef50dc65d91d0c690df98;0x8a04d7019b56ce237c331786d167dba489994d7dbb0a5bdadf5b3730737a6dd1;0x2a810199;0x2a810199L;0.500000;1503131919;1503131922
1;2048;8048;0x502db8a922449d1073fc28e1f7fba334891588200e53442aa2362bf59e9382ee;0x5d9bd20291b0267ee677e3cb868bab390c26442114994f54a7b652402198ed63;0x1ee68099;0x1ee68099L;0.500000;1503131922;1503131925
