1;2048;8048;0x91427d5800dbddc79eb0bf4be8be878d1f6f5e7e78325711fc25b870b3bfa844;0x50b2cef4a63e18808dca7f9ec76e7ab774b3dc5a6d6990f8d36575a348ea7a39;0x2e4ccffa;0x2e4ccffaL;0.500000;1503143662;1503143665
1;2048;8048;0x1cd33b570013028a1f7af38704d520c4570f007ef09d27e24ca451de3049664c;0xcfb6761ac66fff2ffa0a9625e0b59eee04d0309e0fdfcd6a995c5a364e64bcfa;0x3296cc82;0x3296cc82L;0.500000;1503143666;1503143669
1;2048;8048;0x34d77fe210e50ae8fc12c288ecabf98d1bc2acaab9a1a2ad350dacbac26e02f6;0xfd15fee5d085549633480daa2d4af7b23d377ce35a3755d50edf9a857ef2bedb;0x67a9cfba;0x67a9cfbaL;0.500000;1503143669;1503143673
1;2048;8048;0x86ee862f15e33c130250502435e5e57096dd9a231777605f9eb999dbe644746d;0xeefd96ed6fe8eab4e04b396f85ee1736954ba74617b14aca88de31477dbb7b90;0x352ee20e;0x352ee20eL;0.500000;1503143673;1503143677
1;2048;8048;0x8197d10dc9934f95770c47bdc974ffc92d5bd45c5a486fc8d60694b79e5a9e20;0x5ee139449e34bf992ebe983d53aa47795eb346987e1fec489ce1431377ebc083;0x849b8c83;0x849b8c83L;0.500000;1503143677;1503143681
1;2048;8048;0xb36dbbc970f75afa96c311e511696d9ef76b05264f5b65128af2d5b357aade0a;0xdf3c43f309ee5e2ecf1de14d0c04cceb128bb7a6a4091f9673242d676df098d9;0x3afb94d9;0x3afb94d9L;0.500000;1503143681;1503143685
1;2048;8048;0x85105f6c607c5a67c82b35b8fee8698ab761b4bfed9f8d7b631dc7798eee2a13;0xec53aeb84f8e75d9bc2229360ed63634938c9ea5c7ccf38e127e819c2d655d07;0x78a1315b;0x78a1315bL;0.500000;1503143685;1503143689
1;2048;8048;0x4fb37b0b348da218dd428fb3edde9dd4478e89f4c3db2a8f010c66ae34ba8e83;0xd8e3e309b741ce314dd74e287be81e3febd80bb17492140568addeee0305d229;0x03dd99ea;0x3dd99eaL;0.500000;1503143690;1503143693
1;2048;8048;0x25e70b564bea231e6c86d8ec430e938bee6580862947686b36f4b546e71bdd0c;0x2199325f49c467c144dca4575abef5fb221b519a91029af7775b764dd9735c98;0xc7a4a644;0xc7a4a644L;0.500000;1503143693;1503143696
1;2048;8048;0x0b39e7c83ebda8887253d4aa241da7000b719cbf15b42f2cfa974a1b7cfd8c87;0x5d7fd29574d48196f623e737ab066f736a6bc12d125a7c9c22f7c0fa1271e025;0xfdbec564;0xfdbec564L;0.500000;1503143697;1503143700
1;2048;8048;0x3ed310cc860c86e72d157e8c160391c81d1d72d4a5023e9186e892826f5611ad;0x894f4ae1cddcf906cbbd57ed4c3c73e83fa431e235bd97e98c9511f1ef0100d3;0x4de1d7ba;0x4de1d7baL;0.500000;1503143701;1503143704
1;2048;8048;0xd13e2e9a3ae2a6f389a9ab55b98b7491e3a12f08273c1bec29853c1367dc8d38;0x041ae3741f20fd3d90dc5992fc8e43b1167226e3e69d3f66170032888eed56ee;0x41b03444;0x41b03444L;0.500000;1503143705;1503143708
1;2048;8048;0xd9368e00c40ed0534e1849ac79c59012bb3968e2fcafc02332fa993869a8bf42;0x83c74146dba05e25a5e740940b9a5784d4264cf82b6de552e5a53a00196ba8cd;0xed07b045;0xed07b045L;0.500000;1503143709;1503143712
1;2048;8048;0xcf4f4ae5106724d1ec2e7f6c0e55435454d7e34783a9cd841a50d9deb44bea83;0xfd0146df6030e7062ce9f622c124323bf1ae7abc41732028cd1aaac5519d1f4d;0x54bfc1ab;0x54bfc1abL;0.500000;1503143712;1503143716
1;2048;8048;0xd6fc22971391d4d6a8f70b1503de9b907ebd8121ffde2913a9ef8ae9e4da70ba;0xa3f7805f3bdc41979c083e772e229f694d959cd79737a80bea247dcab6584d01;0xad29f50a;0xad29f50aL;0.500000;1503143716;1503143720
1;2048;8048;0x1d792e93febd9a7fe5ff32c91e4f9680426ca116efd9bb47ce446f096080607d;0x08218a3c7579de24abaab7e428145d616bba7c8db0db5f285fe5325d580961dd;0x48b0c7d5;0x48b0c7d5L;0.500000;1503143720;1503143724
1;2048;8048;0x11f54163f88683b09f34fffd2299d2c6d67205e40b014e1762c7de48a8fc23b9;0xd2f0c2b0e6fbdf054f017015eb796d2e9da4a26dff94ab95a1564e589dae351a;0xc7a3639a;0xc7a3639aL;0.500000;1503143724;1503143727
1;2048;8048;0x4d32dfbe5f85b71875975c9435f2ccc59173bb417e53d81fb571359a92642ee0;0x1d8131460fa293ce650a3fe45efe17042d6da3b46e6eddd760be5106873499dd;0x479f5c37;0x479f5c37L;0.500000;1503143728;1503143732
1;2048;8048;0xac6eaf0fcd9c800351bf82d406a307f4f466b0e0ed3e2e499fa016eaf7f9fda4;0x81e7e07c0615752c3afdccc5fbc16c609c0d8d20f6fb6e43530bd12060705950;0x9aab0cb3;0x9aab0cb3L;0.500000;1503143732;1503143735
1;2048;8048;0xc042aac75fc616df425dd707f96a77e15ef10d9b1f3d3cb54fef900ddf66879f;0xa4bcbd21f807a52f5a9794e09993b8c0cf863156f877b06a2783f6b865968644;0x4327f02a;0x4327f02aL;0.500000;1503143736;1503143739
