1;2048;8048;0x369c63cf9e8832973176661d4800bd214f0cbe54b781e0ba8795ccfaa7f55add;0xdec3989837ee5bebdd390fb0767cd748dac4c8a29175a327cf4a5f282fe6552c;0x051336c4;0x51336c4L;0.500000;1503107501;1503107504
1;2048;8048;0x730bf30beb3716fcbc9a571c052a3d54ac81a2b5cb9faf4f3adfde493739e0aa;0x63164bc16623dd127940b6f9fb26c299834833453c791743245ee0c8e6b090d2;0x283e7f3d;0x283e7f3dL;0.500000;1503107505;1503107508
1;2048;8048;0xc31bb0954eb9d554a3eec626407ba3baeece780220ea9eabc455380f871e4e4a;0xa55138c319cf423ace2e4f02b270eca29c573af4c3ce2b6f88ea97bff3082039;0x5e00ab82;0x5e00ab82L;0.500000;1503107508;1503107511
1;2048;8048;0xb6f8c2148d73a4e3b005fa4edee4161c1b7df73f47c30c26f9fb9f0d090607bf;0xd7e563c597854dfeba16e770c89e815430f36988e56bd19c40a27ecd869e1ed4;0x91fcbe0c;0x91fcbe0cL;0.500000;1503107512;1503107514
1;2048;8048;0x6dc1bd2c15947a002adde3f964264f423f0a4526d6fc1d66181786b396661603;0x50fe861b9e807cf8a71b45e33d1115012283fd88279b29c9e32c15a1ed5740e9;0xe40135c2;0xe40135c2L;0.500000;1503107515;1503107517
1;2048;8048;0xb022c3e958211ab4099eb5ca9a0ac51491de0511759025b8f71e7e8069011719;0x0a24696ba33b8a6a216aac6409b61d443b48ff6b6ef3b7904cea7d0e09a0c329;0xa103a944;0xa103a944L;0.500000;1503107517;1503107520
1;2048;8048;0xd995cf2a940f6b636d043041da11ccca677afa3b86ff0411945c34115eb7fe37;0xbb99e0fd2ec8ab4c030d0aeb6ab10ee158c2ac6c747b504e44e1308f20178d47;0x14c2f276;0x14c2f276L;0.500000;1503107521;1503107523
1;2048;8048;0xdd9d79e45f8da06d97f32545fd6c63a1069acea86bcff374499e8833b502a692;0x931e3c7236c70dde45eb6f793da9b0ab734d6c4946ed27e921c7d009e9ad2b5e;0x795c87e4;0x795c87e4L;0.500000;1503107524;1503107526
1;2048;8048;0xb39ef2f9a4f25fe4cb34703b405ed094165711792fcb011e6d105a02c84ed27b;0xa6ce813865a5e6bf7d4d5c05058abdc3b19cbfc5d4abe1216433d9cbf06c2597;0x27d1d9ea;0x27d1d9eaL;0.500000;1503107527;1503107529
1;2048;8048;0xafff2959027c0f57023f4b2c699a905e03e803eb828166b067ec7d557782f026;0x32c818a713cd5d771bd7130133aa39de3f56cdc07efb0bd276f8c5501fdd3236;0xf4fdbd8f;0xf4fdbd8fL;0.500000;1503107530;1503107533
1;2048;8048;0x1526cb4b73df0d5d0a59d4f420f98a6f0c6408801dbd8096587079e6caa9fddf;0x64d94806296187869f8baf357315bea9f659e4a071ac5434c9bc6eec485ff91d;0x3fcc73f6;0x3fcc73f6L;0.500000;1503107533;1503107536
1;2048;8048;0xbfbc92bf79669f2d84f471dfb5d44a64dc989f8a0d6be8e2ad68973ff8fc81b7;0xf770121200b63d4c988f3f4d9ffc97be07cdb3cbd43882cb5b636b23f1c6e606;0x44220b83;0x44220b83L;0.500000;1503107536;1503107539
1;2048;8048;0x8f8b2caba8a75375b007da60447385d961c43e94bf7d7a88d60a1a0d130549a3;0x084f6124348de6003540af95dd2716d26186b41b1c516f4373910a91e3855a5e;0x65d0e02f;0x65d0e02fL;0.500000;1503107540;1503107543
1;2048;8048;0x6f3f46114db5405c5851905488de5743576f6270da7c2f6c0aa69f0f2b59b59a;0x3e344634cbf9561fa2cfe208fc1b139365e524155df996f199a5a5083b0d464b;0x81221d82;0x81221d82L;0.500000;1503107543;1503107546
1;2048;8048;0xe774eb41e6ba60b7eea9f74492fc8856e2c8492ae86b9900efc0e2f63ddc2225;0xb6de60836072216c1ef53201e703fa3e035a1ae26665d0f2830f5cad2b5bd808;0x696bceb8;0x696bceb8L;0.500000;1503107547;1503107549
1;2048;8048;0x361ad00b8b95080f58c8361ca48ab814ccea48e64dd52ce602b4694f6722ae9d;0x6cd5c1c3cdd31ee785bf05e32ed06bcc84cd505a952a98bf06f37e0571997bbe;0x42496b1e;0x42496b1eL;0.500000;1503107550;1503107552
1;2048;8048;0x3019b4ca455e071f2bead8ec934d2b0f27f4c2c34ac1f6fc7fdfb77452baf583;0xc9dd0e71cb05534af5afa069eb9e8b344031e3833f4b6c927e0b7d7126db18a3;0x0d09c53f;0xd09c53fL;0.500000;1503107553;1503107556
1;2048;8048;0x79da85a412efbcbfdf7cce2266385bff782557a710e33805d8ed9d43698786e2;0x32d3c13fc75e7626e59667d66660e1edb6e1dda2c3582ba51209915a60e2cb28;0x74188ece;0x74188eceL;0.500000;1503107556;1503107559
1;2048;8048;0x8d2674c5f7ab65b3091087fa4c6a2556363f03fe90ac8715e05baf75f006bd7d;0xbe0aa2702804477546d17d08ac322c6b5db20c7167161b7ec4af1f49f4a4c3cc;0x8ea955ba;0x8ea955baL;0.500000;1503107560;1503107562
1;2048;8048;0x9baa07815cf39532056bfd7168d0533856faa005e354d4c7a1903d5e63b63dfe;0x931a1d980265e55e3c489ce9c986324cf65f1563bca8fb1fdb566c622025d15e;0x2be58045;0x2be58045L;0.500000;1503107563;1503107566
