1;2048;8048;0xbb640283da93f270304bc90790f2e51426668183ebeb11cefaeb6bba1ae70fd5;0x8a1deba23f512cd678d428050bb7098444f789da4453ce3e4699724802727216;0xb4f849bc;0xb4f849bcL;0.500000;1503114728;1503114731
1;2048;8048;0xefff7320bbbd3ca5f1303d64917c446b20cbe0478246d6ce0216e7b1e79367d6;0xd452eb320cf82ebf831a30192f29c27c587da92af308cc19ba4e1cef957b990c;0x7d0ed1ae;0x7d0ed1aeL;0.500000;1503114732;1503114735
1;2048;8048;0x1dbd270bb16bc8cfc0048514b6a4588fad206321840c71f43902e5f5f45d5911;0x4b42d36a0253c6182861b73f2ea22c15df250264fcac34159fb64733aaa2a749;0x17495ebe;0x17495ebeL;0.500000;1503114735;1503114738
1;2048;8048;0x55f54836b664dad716747c502ad56bca77e19f861674d42a2fcec376b4ba060a;0x22839e2b3f93e9adc64f14f855b357c2b4191195dc7c8a375ec711808e02faa9;0x18595814;0x18595814L;0.500000;1503114739;1503114741
1;2048;8048;0x5ffce01a43dcba537a77cb61d20001c2d657a2057887f107a6cf47693568ea94;0xe2773f69e93ae0f24fe7ce06ea5e79f7a19d2dae3bc6bc1365564f3f521a332d;0xbc2f611b;0xbc2f611bL;0.500000;1503114742;1503114745
1;2048;8048;0x14ca25c0766db80bd708babd25140016ee7d524e8e5faff5543ef02a19ec7d2e;0x54aa2be63df05c8bee0b84a264086c533d01d6fed2f0b10d1725e2d03b04c387;0x378c7baa;0x378c7baaL;0.500000;1503114745;1503114748
1;2048;8048;0x0feb7158bd57ca6ba2f9e34ac17ee176107b58f908ff104bf527c161bf4502ce;0xb1910949c14f8b57d83d77b2b64c214c4314a3c9bae3794d935109abbd383baf;0x6879696c;0x6879696cL;0.500000;1503114748;1503114751
1;2048;8048;0x8f09b8431645e0d2556b899ec73898c8c8cd906c18750306a93e0d3d73b4db02;0x70df58e10dad007c23ed4efff2e5ad7331621cc7d6496ed70085a9c1e92913f3;0x71a6b8fa;0x71a6b8faL;0.500000;1503114751;1503114754
1;2048;8048;0x25ddea527792881eb61982a417cacad287664bdb7abb8618c31f58369678acbb;0x144f9c01694a28923bc25880c3b76d2e6a7d7e7bc813f7172e2ce58e07b64088;0xb2cdef9a;0xb2cdef9aL;0.500000;1503114754;1503114757
1;2048;8048;0x34698b8accf153e3e121b250fb66821ea8aab0a47bc0e580fcb2dbc5d1395d05;0x9901ed8e60e79f4b5762a44b14fb1ed6a202cf74d238337dda35945bc494dd9b;0x1ed011e7;0x1ed011e7L;0.500000;1503114757;1503114760
1;2048;8048;0x4a7240df8fe75da35c4f7ae25a869928c3286f8beec9db3fa6c45da087ff18d2;0x1779d1350803266ea29e0a171931ec6f9510e2017d5c1e993725c2dadb094380;0x22e05751;0x22e05751L;0.500000;1503114761;1503114763
1;2048;8048;0xdeff88173c633024f83ce7ff39fdd974638c47720d3d9a09fd9d432109a07ee7;0x592c2fdbad7ed2b575507aebc9861167cc3095318cffa86ab62ec1cbf096827b;0x6aa34f9d;0x6aa34f9dL;0.500000;1503114764;1503114767
1;2048;8048;0xc24e0e7d46b601f43f77f271f6488a32063dad0594ccd72868e3b40fcdb45e8f;0xc1782e8c674f94432041594f826112caa7932aebc58db150cd9cc06033447ba3;0x7ddc5698;0x7ddc5698L;0.500000;1503114767;1503114770
1;2048;8048;0x7786f33380cf65a0e0ef89b58605242cdba11036fd4dbaeaa710f3199f539716;0x9ce6a196218ee0c2b3eedb3637f2253a1e27ac41627d7f7b036acb3765e63b44;0x4b6b551e;0x4b6b551eL;0.500000;1503114771;1503114773
1;2048;8048;0xc1d4ddc0f5f49491522c35e80912d6dcc94335a73e12b4775647c08f2f97a4f0;0xe7a65d14e46fe6c019a86b66db9de49d8f16ca44d1969010e7b4527c5327c334;0x49311ebb;0x49311ebbL;0.500000;1503114774;1503114776
1;2048;8048;0xc7869b5f38bb0e8198437b6e925aea6b5d8957ccfd8889ba3c384ca07836dc3f;0x8f0540579dd6ead55879b34777585d4e6355682a14ba6e95ee0216915924f65e;0x2e36cec3;0x2e36cec3L;0.500000;1503114777;1503114779
1;2048;8048;0xf923bb8332f420359b4fbafe436c47afa844a5be7d165c98a8c3fea0a30ff19c;0x326fec06aa6d44adc761df489a216bdf44e21f0281355b7de4bd5d517a23ec54;0xf5400c5a;0xf5400c5aL;0.500000;1503114780;1503114783
1;2048;8048;0x8bd90a886e42688094445d324a4a435eee73056f93c79749a80394fbcbda3357;0x83e28ec67fed57115a751a0b395b043c2d211f96a81704beb1b23edd9cd993a7;0xd2f5d369;0xd2f5d369L;0.500000;1503114784;1503114787
1;2048;8048;0xa797ae8e9bd6ec3d4c07c550f8ff68cdc2eede99b46cb920f6b0a47e14750abb;0x6887ac15196e3bd41f3c3aaf8bb12556d83bd86653acb6844a156e7b574c5b39;0x765b1c64;0x765b1c64L;0.500000;1503114787;1503114790
1;2048;8048;0xcfa62583fff6e7547f7a38e8615ad348290fbd046950f8b5ca2b6057ff9b40ce;0x16f8cb5892c5a4b6ef9988d9bd03b6d5785af69d17f16b4321a375112d5eea86;0x0d0fab57;0xd0fab57L;0.500000;1503114791;1503114793
