1;2048;8048;0xb2df7ce5389e1b4080dbb1d240d0e368999b796a2911d9127a964bcbbd32a06f;0x6f6cbfe29a789d71b30a85e9d390ca6bacc60a649205439210fdbf423746fb62;0xc73294ba;0xc73294baL;0.500000;1503084320;1503084324
1;2048;8048;0x8f401c9229ab7dab7069cedbbcab7ad9aac78b6ac8da96c4ece51c016c6c00fb;0x94f9ba6fdce55b5baae14ce8ac0e9c18a7f2be488c9faeb988a7aa48d7e625ee;0xb9dc148b;0xb9dc148bL;0.500000;1503084324;1503084327
1;2048;8048;0x84874a5def1499527a90b82d42e3ca429ff1aeefce0803b4607bd8ad035d7a87;0x9e891958b11936ff9d97c92fbe4c941697b4ac5ef63bc9c6e6901eb61a4f6b62;0x7ee4414f;0x7ee4414fL;0.500000;1503084328;1503084331
1;2048;8048;0xda49e80e0ea1e73caa995a2b6b70d2cc86b0cc039defcc187ae498d6073e53e2;0x5b7743647f7d764065dc259cd12199a013b30093b3de49c1644965f8030dc6dd;0x451f5049;0x451f5049L;0.500000;1503084331;1503084335
1;2048;8048;0xc6eee60eedb86af6e3fd29c4b5e6cf6d6e908734da11fa58fe4a84d1b9b9eb7f;0xa5796db39bd07caa6980e8063ed18c13004971cdc8a2ae480401cb041d581675;0x8cfcbabe;0x8cfcbabeL;0.500000;1503084335;1503084339
1;2048;8048;0xeaa01a25cec8fb714e20725cc3c65a5346c7bfdd96d99457e6d9d7398b283975;0x21daed68254365db0cf6f5fc7df10be1034eed09a45977b817a00432143c60d5;0x8e0acc8f;0x8e0acc8fL;0.500000;1503084340;1503084344
1;2048;8048;0x8eac00c3eec50c6fd93a69c6d997dfcf0d241dd0c1dcef67682e9472770a0006;0xa09ac34f434fc69662a1cbc52289e98bc4a274ae897956048ea0c1e7c352fb1d;0x0fee4af8;0xfee4af8L;0.500000;1503084344;1503084348
1;2048;8048;0xca23be14bc99def02b2ae0b2f3c8ee274833a8ca15304e5fb3b5818828b4bdf2;0xe76a29e04a1bea7ff09e1a3bcacbc4ef659f034b82efba8cd42a2a442098b891;0x7f4d7c94;0x7f4d7c94L;0.500000;1503084348;1503084352
1;2048;8048;0xeb3a6f93164564676bb753d969fa54495c9f0fc2f6e956586cb885264199132c;0x4aa8a6be17a21318ffda88ccbcd3d72b2b265483390e8b6ed149f95133bb10bd;0x7f78a5b4;0x7f78a5b4L;0.500000;1503084353;1503084357
1;2048;8048;0xa54eca96f13bcbec521675f709a4a96593a55cf560383d8a79c6fb380396baa8;0x7fc0237191cb022f560cb6e6a8cde07cf2cbcb4ee14541c6ecb27322dc3d33e2;0x4329a60d;0x4329a60dL;0.500000;1503084357;1503084361
1;2048;8048;0x49a7663729dbba304f84af87a162db2fa4280d697cea2fc5bcb3ca511b7ba464;0x786add63215a716af9fab2bc2aa2cb212d7e8c94d4ad1b8f041e4d6e3fcbd8f8;0x03f87273;0x3f87273L;0.500000;1503084362;1503084365
1;2048;8048;0x0237465745e91ea27310e2d9c6e45d98e7e5b2085a56cdf192e1e57542631b45;0xf06260cf14dce4d8ae40643c60d9187788a235e34ed86c11659e168614e367eb;0x28532add;0x28532addL;0.500000;1503084366;1503084369
1;2048;8048;0xafa29f0689040719d7ecd5dc2a8b0733d10fae8ae195d3b21760ef9cf25c71a1;0x571a4843d48038267b6ea472360de609c6022dcb6053250300b1d01558c598c6;0x7379ea86;0x7379ea86L;0.500000;1503084370;1503084373
1;2048;8048;0x5309107ba8245263f1026d7975e1b813876b15d9204d1f4d1099c0f8ada6a200;0xabb66b06619b95e7b689a7df7ccc25c176ca8a8ec2585f9f9d3757514e6941b0;0x69c18567;0x69c18567L;0.500000;1503084374;1503084377
1;2048;8048;0x79eb3c7927f450d2e710610555011cbfb998c4c29a824bb3bed5cf5d62dfaddc;0x9531693673ed40c878febce0f92c796f19c877757925b0e2feffa72aeca54f20;0x0d66d181;0xd66d181L;0.500000;1503084378;1503084381
1;2048;8048;0xc970b60f0dac79e5fa7058dfae726876c708690bf4b372a7dcd5bf690a144ad4;0xf509bfd76e87523837e11c2385e6303a6b11bcc93f0a777033b1188e4a06cc9a;0xfc9070e9;0xfc9070e9L;0.500000;1503084381;1503084385
1;2048;8048;0x01b0fa8919d330e7e2f9db68da970632d1fc54e020fe8a1230e8d9ccdbd6e6dd;0x85a1940be3695124bd900e8f2fb158202feb8055cdb1bd48817826af214ca7f0;0x9d62f858;0x9d62f858L;0.500000;1503084385;1503084389
1;2048;8048;0x8f14bc02153e989ca4b71589fe7514c881147e1623e43eb5621263e84e199dde;0xfb9e4dd33d8179b48ec5362977f4b89423ecb136e0026cf28587e75bbe288588;0xacc96fde;0xacc96fdeL;0.500000;1503084390;1503084393
1;2048;8048;0x02528eb600704e0136a84a9926823416487a639d7a0386af75be53e67bceee7d;0xd23be218495fd7e4f0bffbc58e200cdfc571a0f21eecbfb8b21ce75d72fab0aa;0x598ed9d4;0x598ed9d4L;0.500000;1503084394;1503084398
1;2048;8048;0x6105e734afc4f72b666abf2d24334f67c0f9934cbd8d5ed3cae2d1a53e95d49f;0x201a4b2e842715b00110a01c281f08aa9b674eb60026b39a6006411bd3e4b53c;0x35ae930d;0x35ae930dL;0.500000;1503084398;1503084401
