1;2048;8048;0x1b873104d16768355d13e365faaf1e9cac027ce974bccdcfdb92a98959bfe674;0x23497481c4d76f38b8fa591758543cbc5c45b39db8be783b5b1552644e334c0d;0xcfd53cf4;0xcfd53cf4L;0.500000;1503138411;1503138413
1;2048;8048;0x35b91d8e3259f90561bbcbcaf85a97d2ab0b5456d79fecba0821efb222e6d557;0x2dcd224d5c75baaf289de154c115d7dcdf90e4d62d38eb9884a7d75ba3438320;0xfcdd8131;0xfcdd8131L;0.500000;1503138414;1503138417
1;2048;8048;0xf452b6ffe0191355a0756a93284d9a8097c290af0a4050832cf3080f85580479;0x7ddbd12a98925e0aacae15fa989f94ce44fac05f93a8f8b0db514eac6a43c847;0x5413228a;0x5413228aL;0.500000;1503138417;1503138420
1;2048;8048;0xd801b3ef02a1dc9d08564da8508564524a347668d50bc991ce9efa31145e5cec;0x4ba5cb627def029a7a8d540398585fcedcc98d40743d97501cfda9166e5e358c;0xd4d429e4;0xd4d429e4L;0.500000;1503138420;1503138423
1;2048;8048;0xe586f90ae822164ae54b4b578f711b1b271aeaaa6605f0322ea50df9e6fe2dcc;0x7e799f7db5a1c71e83fad32d685cb0fedc5ab30100d55411ab942429d48c9079;0x84fe35ae;0x84fe35aeL;0.500000;1503138423;1503138426
1;2048;8048;0x858c331273f63e3093ce522c42ddf731096276c87cab286d37879c6b694467ee;0x637d46e439ca0dc53a864563a5aa3c0e1c1c8efbb7b37c9cda29c3d6d40a995f;0x2a1aa2b7;0x2a1aa2b7L;0.500000;1503138427;1503138429
1;2048;8048;0x7d9bc75d3515c83fd7ac2bc28539fa38270c1b165285a4b08ae319a82ab117a7;0x02af932c017778c98880a8f627e298665a9786d9303883f398cf3040dc872378;0xa4ec6627;0xa4ec6627L;0.500000;1503138430;1503138432
1;2048;8048;0x600fe7132b74e0c2c7339a68526e5ef83201065b744c13dcacb37ed6ff3ed55f;0x07d5b8056c082f922a76f1e08e859816a84fe91f5223ee4d5d5070731486f32c;0x26c5d4be;0x26c5d4beL;0.500000;1503138433;1503138435
1;2048;8048;0x522b185209cd60ff939dae0220179c341c5e7ee7ec528a97dca241a7104a2262;0xa28b3d696ca4c6efa5e377af028f07bc6d1cff4d8cd73173e227d4bc9df5a028;0xc11d7885;0xc11d7885L;0.500000;1503138436;1503138438
1;2048;8048;0xb4249453fbe9d1d079086085bcf3e2c1fc80a62512ef37e515942d15b81f446c;0x5f948dcc86a4e1a56976c900a0b077b286972f5951c38b50346d882753ae023d;0x8de0dfe6;0x8de0dfe6L;0.500000;1503138439;1503138441
1;2048;8048;0x635473000b6580e688c33674e6a142210518d6dd7bf1ed8f311624a36f2bc6d2;0xef8530bcc6c68a5ee82037ea6ee342404754e2f933c09b8af29cf21bd904df81;0xdf9c6757;0xdf9c6757L;0.500000;1503138442;1503138444
1;2048;8048;0x9aec65b2b6359ee1fcc33db6057dbbcb182bac49a9dbe6d3a4b944a8e2ad9f7c;0xc7ac78b8a5b68fcee55cecf481f2b52f254c734ea9175c18c41668b88e8624ac;0xa98eec4d;0xa98eec4dL;0.500000;1503138445;1503138447
1;2048;8048;0x9fcbcb8cd282267a01a2661c4ab53b7eb2074f67b89054abf04722e4ad77c04c;0xfb3da46539cb0e0251e64fbb2ce1bedf7bd2b1e285e988fff74c08afd8bb242e;0xfe0a9e61;0xfe0a9e61L;0.500000;1503138448;1503138451
1;2048;8048;0x3f59c0cda959d2611e02254093b37e5748c9ba8d5504d54bf6dae6d658098797;0x7224a903c418399240661954e3b6823379f3759762d2b78f603cfa43f5dafe38;0xaff6259b;0xaff6259bL;0.500000;1503138451;1503138454
1;2048;8048;0xdcf91a3aa0ab904103d537527d5776ec0de2d1b9906bb998d5d85a5a7538bf52;0x517a44bbcd146a22c5273b87f90a94763860d4716c2b1a1316dab70bf8d09f9d;0xe4c1ba27;0xe4c1ba27L;0.500000;1503138454;1503138457
1;2048;8048;0x6f95a6fed46e81c810783f78815d94d3cbf30d7ff787636c0a476eb9ce90a03e;0x0dc0723c554f4c09c5fa32ace9ee76b9146ac95d00e03f40c6cee6d0ef5296bd;0x5f587f0b;0x5f587f0bL;0.500000;1503138457;1503138460
1;2048;8048;0x56599ce575f78da8e03809c365f2ba5ff7bb2b509da72716840165431b34ac71;0x6bf420f6333ce6a44533c27ba8e0cb019fdae0c62dc0a2d7cfa30e290dc9e470;0x8e12b687;0x8e12b687L;0.500000;1503138461;1503138463
1;2048;8048;0xc798bd4524a001eb61f5a28987d976374dc7eb020581730717fad6c8c7858d8f;0xb79dead52099232a94033ee60e3d74b0c2c2edfb0afd5b364d2ec25c6061d3cd;0xe3ddfca6;0xe3ddfca6L;0.500000;1503138464;1503138466
1;2048;8048;0x9482b531fa3475957c3a6e82a20d0baa2705514996dd1f2de9e9d0553f6882d3;0xc0afcc4025b320ad5c5a0d23595eefa0d4d868a31be79e099222c12d82a4df9b;0xcf2f4385;0xcf2f4385L;0.500000;1503138467;1503138470
1;2048;8048;0x7c10b2c5a08767a219a47ffb5e13099ef8469c1c903658f916dc1fd42434b7a0;0xeabcfedde15c3a0bf29e996211f4a6f6a57b3faca068a3473eabd2d29fb7e99b;0x97c99254;0x97c99254L;0.500000;1503138470;1503138473
