1;2048;8048;0x9256a0b8f47153e98e27cfa5c17fb565a9d41cfaa1a821643526562a0c16669e;0x3b38e0c1e3f3d9315877fc388061989d86339872ed730fbcdf691e4d0f513104;0x0cdaa02a;0xcdaa02aL;0.500000;1503104801;1503104804
1;2048;8048;0x6bf77694ce7c199ee676234c65f40626fdb045b92d2c08e56866ffe740e4b7ac;0x8f5becf0f87818f1f2ff1f46acdee568d7c2ce8af1cf13d79d6c67a63f0a5ac2;0x76e56408;0x76e56408L;0.500000;1503104805;1503104807
1;2048;8048;0x43915aa993783faad8a31cfa16b88e743f811e2eaac621233aece133b8834cfb;0x2942849c45f7d8f0bc8313030aea66088e4f0ff0e85893397a6bdfc753fe3291;0xaaa042f9;0xaaa042f9L;0.500000;1503104808;1503104811
1;2048;8048;0x4e226c67e3845e1309d2e3cceb0781d4bb3ab0d73a8a09b90169b0602ec0ba7c;0xf9d3da7451e3110fd174cba383aae78cd2bee823a903e700b26471cfacc03e91;0x63d21d89;0x63d21d89L;0.500000;1503104811;1503104816
1;2048;8048;0xf45a428dfff3e8ea69c0a378463ad4177db256b2e7f6adf51252c4fe94c4a988;0x0e0a12d19b045f9ff37abcd4ac1e2a7942a81c98a3963c027be3e3d99d09473b;0xc1642f64;0xc1642f64L;0.500000;1503104817;1503104820
1;2048;8048;0xbce683d7e74efe5fa6f52a1c04ae85d6579f810b13dda994f167ecc9eec5a6ab;0x4af7f6ef8cb96436d5b29ea0c3a151ec8848bff5eb606602e75ed7dd4fadddb5;0x8e5e4481;0x8e5e4481L;0.500000;1503104820;1503104823
1;2048;8048;0x04b0c242596ce89c63667c7e99cb8508f1e7e088761f73f39eea004553dc1057;0x0e3fe99bcc4eb7374b505e47168b43db0ec84dfa1022da718cc44e58becd4d21;0xb4b7cc62;0xb4b7cc62L;0.500000;1503104824;1503104826
1;2048;8048;0x252c931eeb35dd1903b917ca5c0fce1ba6c769af7215e1add90e59e018e9d53e;0x5383bf02c509f70bf140981cfaa7de8f343cc26e6fa3d998bd9b8ec4f7a5be7e;0xd34afe29;0xd34afe29L;0.500000;1503104827;1503104830
1;2048;8048;0x29dd4ac9d5b35713310e65853b1138adb902662e8a05fdc64d703530cf5b7cf8;0x61eabdf35120399873773de0d4e0865e22fcc1dcf552b73770c56f3758bf54ce;0x410a762b;0x410a762bL;0.500000;1503104830;1503104833
1;2048;8048;0x5914acb812afede1ffaed3675f512e17580557e0e885d75d95423b30875901e0;0x076d365c4430b5748eeed1a08b2e3719f82d0a34a0a276ae8f05a740d367dba6;0x410d5e97;0x410d5e97L;0.500000;1503104834;1503104837
1;2048;8048;0xb17ddecb8dde977b91ba5dd535cfda8604e12d79f28e2c465473ce7e6e1a4e1f;0xfe5328c7f55d51e08d2e8145de2bb5dd672bc8195aae52e35bc147f44e0d894f;0xded647b6;0xded647b6L;0.500000;1503104838;1503104840
1;2048;8048;0x5fb640b6ad8dc4ce369f3fd6da925c1ca5acc0fd932f182f496901da19d3b178;0x1fa7f02c79853b15c0e0c6f0a30f00575ee88045b044d5557d81228e2d1889f6;0x0a74ba1b;0xa74ba1bL;0.500000;1503104841;1503104844
1;2048;8048;0xe312b1c8d354c35979ec83a8a5043e09f0911573661c511efa7f28ac8db96770;0xedd54af92e3238d7042afbd1b58383ca68c24c5eb3c15f3ef8325db3da538b25;0x611656c8;0x611656c8L;0.500000;1503104844;1503104848
1;2048;8048;0xa9cb6621f3a477453eb25afb24e1e2a3d93b8cbaf602c584dfd31bd2e6a0728f;0x9c2212272cc5960146a253a550c324173b3e19f7f1b5a601c37a985a4866d744;0xf96ceb1e;0xf96ceb1eL;0.500000;1503104848;1503104851
1;2048;8048;0x9caed6dbadadc74a239e65eeb4a8682a06927257f85f35a6f668ef748227d51e;0x7d1090bf76e48581c054d993beb13f788bba546ade33c9491c8f99f5448b18c8;0x1fa2bd9b;0x1fa2bd9bL;0.500000;1503104851;1503104854
1;2048;8048;0xcad071f06b3bee94456bc56eab78696f6b376a956a46acbc4203794c2261f5ec;0xe3e8c5e3ad4ebe3388cf53cacdb60cc6ee6963c75f5482eaa73b9d6c334f75cb;0x1921cfa1;0x1921cfa1L;0.500000;1503104855;1503104858
1;2048;8048;0x54ff4adceb88fa39e55531fd5f623ba19434fe701da12e8983fd4e1ce2793136;0x5229042038c338149fb23048d0b3d6c5c585d556bc0c853277a276caa5485539;0xd11d38f8;0xd11d38f8L;0.500000;1503104858;1503104861
1;2048;8048;0xfa599c699a8aa982924a6d0441ac3d8eef33ae9900737be685b9b06819ecb013;0x9d326db70b413595148652f328c2c7f966fb2522fac76ac21d74a49fed78cc8a;0xfc103f84;0xfc103f84L;0.500000;1503104861;1503104865
1;2048;8048;0x43bf8401c9e5062213a1e2fe9485c242c24b99d75b0fad1d67099e7fb94820fc;0xa8506e12ae5017084db7e4b19c4e76df5756d78e890183b916be655db8cbb902;0x60fb0322;0x60fb0322L;0.500000;1503104865;1503104868
1;2048;8048;0x80715c54831986b387326e23e02c32695c79e9b9da10b6b2215b875f2d390cad;0x8b86d92e443fe29af4968af3eb71739c07d7e130b6d0abd1f9be689ab59b67f0;0x050d7e9d;0x50d7e9dL;0.500000;1503104869;1503104872
