1;2048;8048;0xd0c0c6e4535ad9c0136984e51ab459202afa87fd307042fa41b8519d0970c2d9;0x7052d7c7a4bde5fa16a89e1144ce54dc32f6d129769a899df2c643b41eb45806;0x4e561c42;0x4e561c42L;0.500000;1503097588;1503097591
1;2048;8048;0x8846cbdb0e9ddf829620fda97abfdb145832776e30559077414f454a8eb3cc17;0x40da4d66948a0845d076b7f5cf9b95bf1d1af9351d792a36bcc3099cf67364dd;0x76820f66;0x76820f66L;0.500000;1503097592;1503097596
1;2048;8048;0xbe23a9e074ad2c0a1a19059114f2ca8a28e7c9d1d825dde8d1766f8746c84e05;0x6fb12c7b35d2a64440b8b03a4cfa71a06f2502bae32fc574d270d217d5fdb935;0x386de69f;0x386de69fL;0.500000;1503097596;1503097599
1;2048;8048;0xab3f69db625fe38f9b84cd7a61961f48b4cdc4afd5726ca0440dc04b31e28add;0x58d6964bedfc5fb25ff5ada39463eca1f5d0eafa451b342edf0cdaf37fd8b44c;0x6e7b98db;0x6e7b98dbL;0.500000;1503097600;1503097602
1;2048;8048;0xce90e5bb5697ac1d86e024c4bc7aca6159c0454cb8306c1e1c4071d16c4c753a;0x4e0a4f172989a883271cf8a39a72b7aa8351215b158666ffc038ebdd08d3f6b0;0x7a749487;0x7a749487L;0.500000;1503097603;1503097606
1;2048;8048;0x8f92a0e4951f10cb194b994c0ba9c381b0f6da007311d49a681cf2937623e005;0x0e4efa5e9c3137435cd2329cf742753500b9f72759932f3984a37ad5ed05e8d9;0xd83cabc4;0xd83cabc4L;0.500000;1503097607;1503097610
1;2048;8048;0x7e57b5b78312dca730c3f8a4a0e1798047e5bcd87eb2a30e2682c38f02e9ac81;0xf5e50023947ad34054c178381cdfd8c4c11dce85746c6fcc011c229471e64c49;0x3dd800d8;0x3dd800d8L;0.500000;1503097611;1503097614
1;2048;8048;0xfaba6c73182f397c90ee881a7eeaf3357aebad75de11e41d4f0d0262f015deeb;0x24a83e8ceef265f97f5ca3ed472aff079d192fec3c12514282c2a3587405fdd6;0x98d2e092;0x98d2e092L;0.500000;1503097614;1503097617
1;2048;8048;0xd315dfdb323f9f12a65ac1614a3efc386582f7ce904bc2a19e1df6598e6a5b61;0x404c850c6a5a66489606e90301862901e4dc50630bcc9324dd1dd92e3040ae1a;0x7a605217;0x7a605217L;0.500000;1503097618;1503097621
1;2048;8048;0x2424ef01b07bf3b18024bff1cd96ccdd28777b5533cfb01a64f20cedd4fb9ff8;0x00659dc15e78bfe34b4bcbf1979f4611a62a9ffb9291d17e31930e93b1e67605;0x8ca5ca16;0x8ca5ca16L;0.500000;1503097621;1503097624
1;2048;8048;0xd0b6faf7a607060a996b42a3ba4c4e38d0f0961f1fc35d17231cf68a040d57d4;0xe7b76b4fba0de6be16af25cd69e47e230a0c045e5eeb9badde0b35d076e99332;0x8d6a52ea;0x8d6a52eaL;0.500000;1503097625;1503097628
1;2048;8048;0x2a172b4717f702a4cfc079f54313a8cdf10c8ae331ca6b5e0c84b9c22450874e;0xcbcd7510b22a2cd1ad4b5354e95712dbcc6427336f3c7a2738295b0a38083e5d;0x121b6e1e;0x121b6e1eL;0.500000;1503097629;1503097632
1;2048;8048;0x6c6b0fe7133fc2402a9d4290ca17f531d3100079f7353b949702b47e408164ac;0x86ebc28691bbb48620814a8cc6c39fa47a5bc082d2b36fa3047ecb31988f81d6;0x65976268;0x65976268L;0.500000;1503097632;1503097635
1;2048;8048;0x4c7bef4da299213aaf4fdffaad185020baa0e2dd0bf10e640624e85a777d5bc3;0xeafc3a6be33ad245e007edb96cb7946e2c2c84a16f9a58e02238c3d35bb6e63a;0xd330c0d8;0xd330c0d8L;0.500000;1503097636;1503097639
1;2048;8048;0x60d9d81e2093542c211623faccac8a67b2c6f49d7fc809066f3724fb436f46a3;0x43f7eb203b2024c24a7d6caec558ac401a6ada2522ccde855d0e0b06a7603064;0x16df2fc1;0x16df2fc1L;0.500000;1503097639;1503097643
1;2048;8048;0x38a94691151d7129039613c2d27aaf5d5ad7255b537284a44deee82802befb3a;0x11022a97a16aed4b6768956169355c09786bdaf8275a576df8a79091efb5447b;0x5e11a4a8;0x5e11a4a8L;0.500000;1503097643;1503097646
1;2048;8048;0x6f6d07425cb5dac48f441aab0a83c81649905d6e4fcf94c46f294faff36f8e62;0x72bc890232beaa327529e801e9c9625b2529440d221e37289accfd8a7b435e32;0x9a2c51fe;0x9a2c51feL;0.500000;1503097647;1503097650
1;2048;8048;0xce28f463a0d12a820b1145f739466a61bb24ce91f204b5792a662f1ff5f777c3;0x6dfab9797518ff27c401676425194966390aa410fb5b523eb012227bcdd275ca;0x1127abb5;0x1127abb5L;0.500000;1503097650;1503097653
1;2048;8048;0x67be88df4550f24b1513433280b3c496173a64b67bc510da2e986a718ead70f5;0xd641d0db77f2507dc4bed4c2abd93fe0118478fe463569d410ae3da8881e2abb;0xf08f268b;0xf08f268bL;0.500000;1503097653;1503097656
1;2048;8048;0x418f90f80905caad57ca92265dfa7b26caa6d0ecc152c55d9fbfa17d6d906eae;0x470e5cc889a1b93c5272513d543d31ca17f9192a676b1d956de299f4305af53b;0x53e24cf3;0x53e24cf3L;0.500000;1503097657;1503097660
