1;2048;8048;0x35655745b55685922b820c00f2d578d40151bebce989bf9198f3b5d4d3a4d808;0x4d6269d588aa0b8a0fc228482ab5d0c75b4e1129329c8792c8c75bca627a4bd7;0x5ee08c5c;0x5ee08c5cL;0.500000;1503076046;1503076050
1;2048;8048;0x919b0321ffe6019ec8180bc25f4e1a8a32ae93fc1b5f92ebdb2fa456147715a6;0x7be45df035b06081b000ba45250f11e7f07cbb42a0f2ff38e8505c3e440d9888;0x8ccb235e;0x8ccb235eL;0.500000;1503076050;1503076054
1;2048;8048;0x13b5f59c32d422280d5c058058a4dff001d1bf52b995669da1fa47e427f6823b;0x6ddc4e3e6a9252b6b67244b8a4d5d272c456621a1096971cf1a16d58007d8f78;0x7837ac8e;0x7837ac8eL;0.500000;1503076054;1503076058
1;2048;8048;0xebd0a5ddb3277a0dee2c21b88d11bdb9240296e2729a8deabbc98850edf16fd8;0x504d0259b213353f7848b917aa30ae061dc779607c9e16bd7a0f97a11a4f6a5e;0x2b30459b;0x2b30459bL;0.500000;1503076059;1503076062
1;2048;8048;0xeb0a4fbbb27e09a8661cfac84b7b891ae41e5111833162b15238867c7442a85f;0x7787a88da4bb28454e89cfcaf99c28176d6d828aa8590c3e32dfc732a5d0742e;0xf16f478c;0xf16f478cL;0.500000;1503076062;1503076065
1;2048;8048;0xa1137e84470f9e403ade68c86a571abfae2bb1c1b14b890783f0565e2d689cce;0xc2dea9aac24f4e34486283e8258ac8b85688a1b55dd340538df373fc4613ed64;0x0e31988e;0xe31988eL;0.500000;1503076066;1503076069
1;2048;8048;0x1e2963af3a5c0651ed5497a166a1926210ed7ed179ec91fcfbe3fc0877fe0e95;0x27bcf4a068adae3e58c586c4d185eab37772be8f08e98a77a0cfa2b11eebd073;0x37cfed58;0x37cfed58L;0.500000;1503076069;1503076073
1;2048;8048;0x3b9490d31190411d9ed18fa1712ce979e095bebe1e89d57cd872aca5830eb3bf;0x17c04b491dd7533d4dbb563c51157f215e8726606ce9d036f4fbb76f11761ada;0x4fdcd7f3;0x4fdcd7f3L;0.500000;1503076073;1503076077
1;2048;8048;0xfbe89f93a785b90dbc39993896b1b3dbef1310019bf8ba9f6b1473db41ba313c;0xa8a26207126ae2bb4e3f4d4482282b92f329e001f1ea3a8fbc4ff6692c8df95c;0xff8921a2;0xff8921a2L;0.500000;1503076078;1503076081
1;2048;8048;0x07fa1c6d6f9d59dcecf5f411a130c6ea11680c53b76b80b41cdaa872e2be0eea;0x16584859a10e297bede8240b997495555c1bdb345953f35277efe46c9a447aa6;0x12dd17cf;0x12dd17cfL;0.500000;1503076081;1503076085
1;2048;8048;0xaab489e7eb5d627f719a064f27b54d20d015c59c6b9f88360c22541c43e5f6ed;0x9ac95524fe60adb8b7e782f57dc3cd5cfa73578427c5d13ddc6cc4c449084e42;0x8cbd9067;0x8cbd9067L;0.500000;1503076085;1503076088
1;2048;8048;0x355e3494adf03691afe0b67ed8261b2197140f25d92cf98be1218cf93ec5f973;0xb1fd1275132f9ca7f3e233e823ddf48477cd307914fd7d1b28fcd5d9c8ac056c;0x349e1c79;0x349e1c79L;0.500000;1503076089;1503076092
1;2048;8048;0x905933de0a3b9543b21cf1fb7a40434faf8b4c4216753107b0a6b499ad082a3d;0xa50c88d7ce371214b7e090459db1924a098c7e2e4442139f8edd550d10710ae1;0x952464fb;0x952464fbL;0.500000;1503076093;1503076097
1;2048;8048;0xb678da7127941ac4f628263690814a2fe1790a368b5298401824d3f852adcc08;0x561aae5f524711fad9d4e450f320e43bdbfeee854a98e3a7b522aff0f2fad937;0xdcc1b34e;0xdcc1b34eL;0.500000;1503076097;1503076100
1;2048;8048;0xee9edab091fbc592ba2807af41ba04a48a5403b8e393d5c8a2af4cff9cf3158a;0xefce1335074905b298b15a8e0832f58c48b3237a4c77c662455644879d1758e2;0x0d13372e;0xd13372eL;0.500000;1503076101;1503076104
1;2048;8048;0xfd3a9ca0595012a753000094688a33f109e4405f3107aaea074c47066c95cc69;0xc26ff6b6cb40815c33ff9019eafbcb705c22da2ab6ffdb41966ee460081abad9;0xde6a02ce;0xde6a02ceL;0.500000;1503076104;1503076108
1;2048;8048;0x4144d4990eb30f8d9c1bd1d7adb5b6d5643e0e2815c68b8144823ad0cbfca10d;0x2417dc2a2a96675397affa1de90ef99ba8e5f3408fd302818dfe9b80467d2ccb;0x2f31920a;0x2f31920aL;0.500000;1503076108;1503076111
1;2048;8048;0x4257589efb3ea61aaed8c66e1b6cf588c608308925bad14220501e53d87f3b1a;0x186418022e15f720bb32278ca7f45cee817a65f2a7bcb5b55093f9518ffe8e32;0x6da9bb16;0x6da9bb16L;0.500000;1503076112;1503076116
1;2048;8048;0x4dd73c77941c9eb1915730b258552fac0aec7ba372cffcdc49299325e89c5736;0x83da057be71a3903ae132a881c9f4d9c59a595fc0ad24e2814d75a0220020e46;0x0b85e8d1;0xb85e8d1L;0.500000;1503076116;1503076120
1;2048;8048;0x54814220d50fc3ca333a5485b6cba1bb9bd44fa73d406dde06dff5f24280ad96;0xc1d5b6c954dae496c55c1e207b341cd0d78e2a20cad2a556ebf3f66e3aec4efe;0x68bc4bea;0x68bc4beaL;0.500000;1503076120;1503076124
