1;2048;8048;0xeb658a789d43486203fa98cd4b05dcbc7a711042437f136807a9b90dd793fbc2;0xc52636fada5f809d47f0b51de196dcc88aa0eecc1784eae63ab218c70773a617;0x385d8259;0x385d8259L;0.500000;1503108803;1503108806
1;2048;8048;0x9b3edd8ee78371ad64c5a7b0a61abd837f83659c9325231d74eab83a85231f20;0x48593ee6a924a2e85d92854d1fcee4387b7f259933445d4cad8a8db20cc2c908;0x7061e599;0x7061e599L;0.500000;1503108806;1503108810
1;2048;8048;0x44a8535a2a7178640499c92da94004fd56f80aa199505d1b419790653a79f67e;0x240c6bd1a2e8080f68ad95ecc66826107923b4b8cf437e96cd1ac4d2ef5812c1;0xe62fadc3;0xe62fadc3L;0.500000;1503108811;1503108814
1;2048;8048;0x48515111ad6475ec2d0126f449499c293bb675ad841b86ca5230b378524dff9b;0x6c87154abcbb6580beed0bbd13db6d1f248150642b837287c8d52fd341da2bab;0x49f88253;0x49f88253L;0.500000;1503108815;1503108818
1;2048;8048;0x70a0155fb0174adbf3b793c6977f194be41c8f9229f3f6ad3e3502339f01ae0f;0x617596bd9c91cba8e7616d9ccd307c072a2043b034a30333d735ef873c64f775;0x1ab0f357;0x1ab0f357L;0.500000;1503108818;1503108821
1;2048;8048;0xd95ee6966293e41c2513edf6e0aedeb161eae97fb1d0e6ae8c3808a1962e7470;0x53c7c8e00076ed399b3f774f5a4d87ff2f2a2ff173aa7afb179a0da5dbacdbaa;0x017feba4;0x17feba4L;0.500000;1503108822;1503108825
1;2048;8048;0xa0c4e50c577bf28d7b6062498fdcfb8212be3a8df6b050affd59af1295774535;0xda2913e5ba8b4fbe6b65128ce2c2105cb0e7f2dd05421a00c1a6b93f89597c98;0x6bb2b53f;0x6bb2b53fL;0.500000;1503108825;1503108828
1;2048;8048;0xf12cc262df6841463255943909d41bee22360f408cf432eedf807385a1c4ea92;0xc701efd1abeae59d9f6dea6eefab0bad3e5d5660f98543850116e4e04c594206;0x2a40e30a;0x2a40e30aL;0.500000;1503108829;1503108832
1;2048;8048;0xe9bc8adb6f15250d12b40258419d85ff57d06829c987bb2cf0f818008c4f5676;0x90ab09dee311b2c0a76e7c20e75eb83d20cf34e4df89bbe0a03a2f8958e39cae;0x87c45f54;0x87c45f54L;0.500000;1503108832;1503108836
1;2048;8048;0xc5818267afffc625489f39db95ee45c0a0694f7e182138e7f855152901b9e8c7;0x6351c78f3aaa44dda41c59ddfd28ec564eb576af0fbb72172b32a8f05eda4b80;0x0380ca42;0x380ca42L;0.500000;1503108836;1503108839
1;2048;8048;0x9b251a722e90512cdbe9f8145ea8b79dd5211948868af6dfab46b903412d61dc;0xe753c1d42a36ea048c10556cd8aa3da9b88626e70f48237e825b20e3f98d984c;0x477765cd;0x477765cdL;0.500000;1503108840;1503108843
1;2048;8048;0x5b7f52542c4d0b76fd08b24dd5cc33b2c399aa1141402ace45e9796598058ef3;0xeb96c24315a1cef09d96fa50ed3de0c6ba8e660952e381a9f8c3282c61bfa865;0x97fb4cb3;0x97fb4cb3L;0.500000;1503108844;1503108847
1;2048;8048;0x4bcb1d350107a99942cff55526f8453c2dd1a2b93da61507869ce5c2063f6051;0x5ea87d13d1e7f515f03fbc0451afc22c080969cc13a0f148f11b162d6b9e05e4;0xac506f73;0xac506f73L;0.500000;1503108848;1503108851
1;2048;8048;0xc7775fb4f87058bb2af5b38159039c47914f13f2df5c5fe631db468a358ce5fc;0x5340a00ef4206d98453bf4c5390a5ca1c7e8ba3b7ce776e619a8be2c794f9438;0x74f43c12;0x74f43c12L;0.500000;1503108851;1503108854
1;2048;8048;0xd05a6caee02f7214d7d82682a75fce53ecb7adc7f7c5c21c2256c5ce9cf95c6c;0x5031c207e0fbaedf6bb875f6b04a3d35d4d08814581e7fc8e178c83ecb76720b;0xb8c6bc28;0xb8c6bc28L;0.500000;1503108855;1503108858
1;2048;8048;0x8a653d638c2d32752a751beccdd3f569a3bb10d11c4e40e21e193d9598788d22;0x63aa2497cf0dd39f0a642f0f4efbe93967c27ae9d02a8f9ebcd15c7ecc6e5265;0x009a15b2;0x9a15b2L;0.500000;1503108858;1503108862
1;2048;8048;0xd3bb3ea1d51aa55bdc126ef9bbfc8875cd8527aaf34b3c22639c7702ef1d08c3;0x647c7837d3eb9eb66ad1eec0e89aea0438cd680ecf05cf411afaa80ad2dd9464;0x7f2fb70d;0x7f2fb70dL;0.500000;1503108862;1503108865
1;2048;8048;0xf0229145e287c6d34bb1b31f3fad5113403cd1ce6ed2fd77846773efdf8aeacf;0xd4dcd1fd6d711ee283ce3cfe6a23e088c76c6e17a9b7fffbcd640bc988115603;0x7f924d4c;0x7f924d4cL;0.500000;1503108866;1503108869
1;2048;8048;0x6163a9f95039e1ec286d5c99595f639f6ae52a60ab62d6f11e51851c230de684;0x1e570516f95638a5a8833172e000327fc3caf66c85b6a796a189839eb6d8ab24;0x36d2e738;0x36d2e738L;0.500000;1503108870;1503108872
1;2048;8048;0xc13dcc0dadd96e32a75a61d567b701ad0ba86dde06871e9e60713364ffadd0c0;0xfa4b84aebf4a25dba6d30c75ea787a2292f88e6fb71081143016c05116742afb;0x1b13a588;0x1b13a588L;0.500000;1503108873;1503108876
