1;2048;8048;0xadcb800b4d7fc474c0825351195fc54d1d0243e3bc7b5db50c95620ef305e1a1;0x59f267691fcd8cc5e7d12925c165fa0a460d3b0616b0547434dfaa27fef5ad15;0xf79fe33a;0xf79fe33aL;0.500000;1503125266;1503125269
1;2048;8048;0x6f7470206e7c6a3e682cacb42492037ff09b17ae299c94c0b19e56dbc2b0b731;0xbdf89f5be3af5ee620a01739034924b66249a9c49f8ec723ec9c2622048e6b32;0xe386af8f;0xe386af8fL;0.500000;1503125269;1503125273
1;2048;8048;0xe9da01cbc4c00c74ec7075ac286ab9892d57f17f3360a87e19b7f56b129d1cfb;0x7cca7cc1776210f3faa77872912ce96d86c160934d4f7653a561f5901a10e904;0xbed8a21c;0xbed8a21cL;0.500000;1503125273;1503125277
1;2048;8048;0xd97ff24ba8b99c09a8a32ec8a8ced2b0534d79c3eb5a0d2c674d84b41845cff1;0x8fc14fc2871ac59d594ceccd944144a80bad7e2d35518364db09fbead3c4204f;0x8e80aa9f;0x8e80aa9fL;0.500000;1503125277;1503125280
1;2048;8048;0x88a6255c028971709328cf1ed56a9fb9525ad9616e5ab2399acc238e80b2c008;0xded6f11c30b65cc97b678f2ad01d329e9ed47e8cdd2617a220a13d65e8181a51;0x709f2f04;0x709f2f04L;0.500000;1503125280;1503125283
1;2048;8048;0xdc8009f75b12ad29f903d626ff83037e225459bb8cf62f3946ba0178d24c18ae;0xe83e9936558bb48d942b11d1e68ebafac2f773c38341120b23d120e621e53367;0x147ad7e6;0x147ad7e6L;0.500000;1503125284;1503125287
1;2048;8048;0x916e3844885c43093f465227b17486ae04df87cfd2e9b6bda51058ad84560015;0xb83925c4a3082bda3e345aeb363165d483585e20dead9f34b9725cc8e1918a85;0xc877f337;0xc877f337L;0.500000;1503125287;1503125290
1;2048;8048;0x6ff7aa26f5e3467e35581cb1213e865633aca32b8d53c60167677ff095d34305;0x56910a844feab0ec0b791668412f7887750382c51b527590cf3347b82d1c8e8a;0xd794d09b;0xd794d09bL;0.500000;1503125291;1503125294
1;2048;8048;0xf005a8f142cf76cceba2f2eea7bb9b856f900f596b1eb8e084ead90b65295f55;0x30a908032325dfec11cb845f9b7614be874e3facddd7253a35290300cb766d03;0xa3f9c93d;0xa3f9c93dL;0.500000;1503125295;1503125298
1;2048;8048;0xf30b1d3aeb5665082a077d83daa85c3fa4037bce03ed755e21951b2cdd1664d0;0x3378e2224f7cd535f315b876fe8f06f583bd7c870dbc69d0e8dcffcee485092a;0xe14ce626;0xe14ce626L;0.500000;1503125299;1503125303
1;2048;8048;0x6dbe18b9b991ae329b92b946ac52eb9e0cfef2b33e434bd588dc414bdba1db48;0xfea53efc8063ebb58ce4b4f7a6edc4867b726480e5b02234ef9a6d0e48488a62;0x995bcaeb;0x995bcaebL;0.500000;1503125304;1503125307
1;2048;8048;0xe40640063f6906c3434642fd135a08374faa43e89d4ee9af050a320822c49507;0x99e08c8cbd53118918ac23fbfe74fc0d5c77556aef1973cc4f424e3d4e7a8eda;0x1fa70060;0x1fa70060L;0.500000;1503125307;1503125311
1;2048;8048;0x2cfe23aac811d7e0c20df71aeafc564db8f4f66f2ffa71be5d6014252af10e57;0x583e11b57ad2138e6d6c3d41512dc3ec4e83b71d8b90eae35169bfd9e30f67cb;0x18ca9231;0x18ca9231L;0.500000;1503125311;1503125315
1;2048;8048;0xaa2eb0dd3bb85eaac324b925bedf44b4ea247d88db89b71115fe4612ade72d58;0x988911d0976fa15cc707c347661b2a8419e37141907875ddbb5c63b1f406f296;0xc709a746;0xc709a746L;0.500000;1503125315;1503125318
1;2048;8048;0x842e2c939c85968fe157e6d7002b31fb5dde5a7df36be11e1a7bfc4c233cf6a8;0x6203b745300089845d9ee028cb19ba18d3207add023bafad9528215c2f1b2092;0x349906c4;0x349906c4L;0.500000;1503125319;1503125323
1;2048;8048;0xd8431393a4f58abcc599a49d70d0d822e1115b009fc943b3932435edc166499a;0xeee39c1d71b822ee64ab5cebe2a18e350abf225a7545d7e020c0380c0cfc95f7;0xecc6663b;0xecc6663bL;0.500000;1503125323;1503125326
1;2048;8048;0xcedf504b1a61ce6f7e09c69e8e0f592ffdcfbf366aef3954fe600f1ef48399c2;0xb65c934ba4152938902a3a1a26ca52a451c7041113e95f211f462fe0138f6a78;0x9ac9f649;0x9ac9f649L;0.500000;1503125327;1503125330
1;2048;8048;0x24e206ffb18c13341da419bd155c3b535d8f07b0c29062d77907cf356d78c091;0xb439a75c6513da8e79fad3e97a167f8ee27872e61d32de79745cd50a72c4c436;0xc4f0a8ea;0xc4f0a8eaL;0.500000;1503125331;1503125334
1;2048;8048;0xf757bcbcccd132884e35d054b747294edf77ef6c0179fea89c4cdd9257199a4e;0xb0d7c1f713917b4d4918c414411873766fc326523807a284379afbfb49a4f223;0x26acfb2e;0x26acfb2eL;0.500000;1503125334;1503125338
1;2048;8048;0xe7988343745eaebb4d7223c53b58b9f70610fdc64260b9243236ec22f2a022d9;0xff4ad212ad1961e82e9712fff38c52bfe3f1a31f07554dc8d4748aa6c9bef661;0x084066ea;0x84066eaL;0.500000;1503125338;1503125341
